20210111015213	594
20210111015214	594
20210111015216	594
20210111015217	594
20210111015219	594
20210111015220	594
20210111015222	594
20210111015223	594
20210111015225	594
20210111015227	594
20210111015228	594
20210111015229	594
20210111015231	594
20210111015233	594
20210111015234	594
20210111015235	594
20210111015236	594
20210111015236	594
20210111015237	594
20210111015239	594
20210111015240	594
20210111015242	594
20210111015243	594
20210111015244	594
20210111015244	594
20210111015246	594
20210111015247	594
20210111015248	594
20210111015248	594
20210111015250	594
20210111015251	594
20210111015252	594
20210111015254	594
20210111015255	594
20210111015256	594
20210111015257	594
20210111015258	594
20210111015300	594
20210111015301	594
20210111015302	594
20210111015304	594
20210111015306	594
20210111015307	594
20210111015308	594
20210111015309	594
20210111015311	594
20210111015312	594
20210111015313	594
20210111015314	594
20210111015315	594
20210111015317	594
20210111015318	594
20210111015319	594
20210111015320	594
20210111015322	594
20210111015322	594
20210111015324	594
20210111015325	594
20210111015326	594
20210111015327	594
20210111015329	594
20210111015330	594
20210111015331	594
20210111015332	594
20210111015333	594
20210111015334	594
20210111015336	594
20210111015337	594
20210111015338	594
20210111015339	594
20210111015340	594
20210111015342	594
20210111015342	594
20210111015343	594
20210111015344	594
