20210104221125	594
20210104221126	594
20210104221127	594
20210104221128	594
20210104221128	594
20210104221129	594
20210104221130	594
20210104221131	594
20210104221131	594
20210104221132	594
20210104221133	594
20210104221134	594
20210104221134	594
20210104221135	594
20210104221136	594
20210104221137	594
20210104221137	594
20210104221138	594
20210104221139	594
20210104221140	594
20210104221140	594
20210104221141	594
20210104221142	594
20210104221143	594
20210104221143	594
20210104221144	594
20210104221145	594
20210104221146	594
20210104221147	594
20210104221147	594
20210104221148	594
20210104221149	594
20210104221149	594
20210104221150	594
20210104221151	594
20210104221152	594
20210104221152	594
20210104221153	594
20210104221154	594
20210104221155	594
20210104221156	594
20210104221156	594
20210104221157	594
20210104221158	594
20210104221159	594
20210104221200	594
20210104221201	594
20210104221202	594
20210104221202	594
20210104221203	594
20210104221204	594
20210104221205	594
20210104221205	594
20210104221206	594
20210104221207	594
20210104221208	594
20210104221208	594
20210104221209	594
20210104221210	594
20210104221211	594
20210104221212	594
20210104221212	594
20210104221213	594
20210104221214	594
20210104221215	594
20210104221215	594
20210104221216	594
20210104221217	594
20210104221217	594
20210104221218	594
20210104221219	594
20210104221220	594
20210104221221	594
20210104221222	594
20210104221222	594
20210104221223	594
20210104221224	594
20210104221225	594
20210104221225	594
20210104221226	594
20210104221227	594
20210104221228	594
20210104221228	594
20210104221229	594
20210104221230	594
20210104221231	594
20210104221232	594
20210104221232	594
20210104221233	594
20210104221234	594
20210104221235	594
20210104221235	594
20210104221236	594
20210104221237	594
20210104221237	594
20210104221238	594
20210104221239	594
20210104221240	594
20210104221241	594
20210104221241	594
20210104221242	594
20210104221243	594
20210104221244	594
20210104221244	594
20210104221245	594
20210104221246	594
20210104221246	594
20210104221247	594
20210104221248	594
20210104221249	594
20210104221249	594
20210104221250	594
20210104221251	594
20210104221252	594
20210104221253	594
20210104221253	594
20210104221254	594
20210104221255	594
20210104221256	594
20210104221256	594
20210104221257	594
20210104221258	594
20210104221259	594
20210104221300	594
20210104221300	594
20210104221301	594
20210104221302	594
20210104221302	594
20210104221303	594
20210104221304	594
20210104221305	594
20210104221306	594
20210104221306	594
20210104221307	594
20210104221308	594
20210104221309	594
20210104221310	594
20210104221310	594
20210104221311	594
20210104221312	594
20210104221313	594
20210104221314	594
20210104221315	594
20210104221315	594
20210104221316	594
20210104221317	594
20210104221318	594
20210104221319	594
20210104221319	594
20210104221320	594
20210104221321	594
20210104221321	594
20210104221322	594
20210104221323	594
20210104221324	594
20210104221325	594
20210104221325	594
20210104221326	594
20210104221327	594
20210104221328	594
20210104221329	594
20210104221329	594
20210104221330	594
20210104221331	594
20210104221332	594
20210104221333	594
20210104221333	594
20210104221334	594
20210104221335	594
20210104221336	594
20210104221337	594
20210104221337	594
20210104221338	594
20210104221339	594
20210104221340	594
20210104221341	594
20210104221341	594
20210104221342	594
20210104221343	594
20210104221344	594
20210104221345	594
20210104221345	594
20210104221346	594
20210104221348	594
20210104221348	594
20210104221349	594
20210104221350	594
20210104221351	594
20210104221352	594
20210104221352	594
20210104221353	594
20210104221354	594
20210104221355	594
20210104221355	594
20210104221356	594
20210104221357	594
20210104221358	594
20210104221359	594
20210104221400	594
20210104221400	594
20210104221401	594
20210104221402	594
20210104221403	594
20210104221403	594
20210104221404	594
20210104221405	594
20210104221406	594
20210104221407	594
20210104221408	594
20210104221408	594
20210104221409	594
20210104221410	594
20210104221411	594
20210104221411	594
20210104221412	594
20210104221413	594
20210104221414	594
20210104221415	594
20210104221415	594
20210104221416	594
20210104221417	594
20210104221418	594
20210104221419	594
20210104221420	594
20210104221420	594
20210104221421	594
20210104221422	594
20210104221423	594
20210104221424	594
20210104221424	594
20210104221425	594
20210104221426	594
20210104221427	594
20210104221428	594
20210104221428	594
20210104221429	594
20210104221430	594
20210104221431	594
20210104221432	594
20210104221433	594
20210104221433	594
20210104221434	594
20210104221435	594
20210104221436	594
20210104221436	594
20210104221437	594
20210104221438	594
20210104221439	594
20210104221440	594
20210104221440	594
20210104221441	594
20210104221442	594
20210104221443	594
20210104221444	594
20210104221445	594
20210104221445	594
20210104221446	594
20210104221447	594
20210104221448	594
20210104221449	594
20210104221450	594
20210104221451	594
20210104221451	594
20210104221452	594
20210104221453	594
20210104221454	594
20210104221455	594
20210104221456	594
20210104221456	594
20210104221457	594
20210104221458	594
20210104221459	594
20210104221459	594
20210104221500	594
20210104221501	594
20210104221502	594
20210104221503	594
20210104221504	594
20210104221505	594
20210104221505	594
20210104221506	594
20210104221507	594
20210104221508	594
20210104221508	594
20210104221509	594
20210104221510	594
20210104221511	594
20210104221512	594
20210104221513	594
20210104221514	594
20210104221514	594
20210104221515	594
20210104221516	594
20210104221516	594
20210104221517	594
20210104221518	594
20210104221519	594
20210104221520	594
20210104221521	594
20210104221521	594
20210104221522	594
20210104221523	594
20210104221524	594
20210104221525	594
20210104221526	594
20210104221527	594
20210104221528	594
20210104221528	594
20210104221529	594
20210104221530	594
20210104221531	594
20210104221532	594
20210104221533	594
20210104221534	594
20210104221534	594
20210104221535	594
20210104221536	594
20210104221537	594
20210104221538	594
20210104221538	594
20210104221539	594
20210104221540	594
20210104221541	594
20210104221541	594
20210104221542	594
20210104221543	594
20210104221544	594
20210104221544	594
20210104221545	594
20210104221546	594
20210104221547	594
20210104221548	594
20210104221549	594
20210104221550	594
20210104221551	594
20210104221551	594
20210104221552	594
20210104221553	594
20210104221554	594
20210104221555	594
20210104221556	594
20210104221556	594
20210104221557	594
20210104221558	594
20210104221558	594
20210104221559	594
20210104221600	594
20210104221601	594
20210104221601	594
20210104221602	594
20210104221603	594
20210104221604	594
20210104221605	594
20210104221606	594
20210104221607	594
20210104221607	594
20210104221608	594
20210104221609	594
20210104221609	594
20210104221610	594
20210104221611	594
20210104221611	594
20210104221612	594
20210104221613	594
20210104221614	594
20210104221614	594
20210104221615	594
20210104221616	594
20210104221617	594
20210104221618	594
20210104221619	594
20210104221619	594
20210104221620	594
20210104221621	594
20210104221622	594
20210104221623	594
20210104221624	594
20210104221625	594
20210104221626	594
20210104221627	594
20210104221627	594
20210104221628	594
20210104221629	594
20210104221630	594
20210104221631	594
20210104221632	594
20210104221633	594
20210104221633	594
20210104221634	594
20210104221635	594
20210104221635	594
20210104221636	594
20210104221637	594
20210104221638	594
20210104221639	594
20210104221640	594
20210104221641	594
20210104221642	594
20210104221643	594
20210104221644	594
20210104221645	594
20210104221646	594
20210104221646	594
20210104221647	594
20210104221648	594
20210104221649	594
20210104221649	594
20210104221650	594
20210104221651	594
20210104221652	594
20210104221653	594
20210104221654	594
20210104221654	594
20210104221655	594
20210104221656	594
20210104221657	594
20210104221658	594
20210104221659	594
20210104221659	594
20210104221700	594
20210104221701	594
20210104221701	594
20210104221702	594
20210104221703	594
20210104221704	594
20210104221705	594
20210104221706	594
20210104221707	594
20210104221708	594
20210104221709	594
20210104221709	594
20210104221710	594
20210104221711	594
20210104221712	594
20210104221713	594
20210104221714	594
20210104221715	594
20210104221716	594
20210104221717	594
20210104221718	594
20210104221719	594
20210104221719	594
20210104221720	594
20210104221721	594
20210104221722	594
20210104221723	594
20210104221724	594
20210104221725	594
20210104221726	594
20210104221726	594
20210104221727	594
20210104221728	594
20210104221729	594
20210104221730	594
20210104221731	594
20210104221732	594
20210104221732	594
20210104221733	594
20210104221734	594
20210104221735	594
20210104221736	594
20210104221736	594
20210104221737	594
20210104221738	594
20210104221739	594
20210104221740	594
20210104221741	594
20210104221742	594
20210104221742	594
20210104221743	594
20210104221744	594
20210104221745	594
20210104221746	594
20210104221747	594
20210104221747	594
20210104221748	594
20210104221749	594
20210104221751	594
20210104221752	594
20210104221753	594
20210104221754	594
20210104221754	594
20210104221755	594
20210104221756	594
20210104221757	594
20210104221758	594
20210104221759	594
20210104221759	594
20210104221800	594
20210104221801	594
20210104221802	594
20210104221802	594
20210104221803	594
20210104221804	594
20210104221805	594
20210104221806	594
20210104221806	594
20210104221807	594
20210104221808	594
