20210106155536	594
20210106155537	594
20210106155538	594
20210106155539	594
20210106155540	594
20210106155541	594
20210106155542	594
20210106155544	594
20210106155545	594
20210106155546	594
20210106155547	594
20210106155548	594
20210106155549	594
20210106155550	594
20210106155551	594
20210106155554	594
20210106155555	594
20210106155556	594
20210106155557	594
20210106155559	594
20210106155600	594
20210106155601	594
20210106155602	594
20210106155602	594
20210106155604	594
20210106155605	594
20210106155607	594
20210106155608	594
20210106155609	594
20210106155610	594
20210106155611	594
20210106155612	594
20210106155613	594
20210106155615	594
20210106155616	594
20210106155617	594
