20210104211711	594
20210104211713	594
20210104211714	594
20210104211715	594
20210104211716	594
20210104211717	594
20210104211719	594
20210104211720	594
20210104211721	594
20210104211722	594
20210104211723	594
20210104211724	594
20210104211725	594
20210104211726	594
20210104211727	594
20210104211728	594
20210104211729	594
20210104211731	594
20210104211732	594
20210104211733	594
20210104211734	594
20210104211735	594
20210104211736	594
20210104211737	594
20210104211738	594
20210104211739	594
20210104211740	594
20210104211741	594
20210104211742	594
