20210115191008	1
20210115191008	1
20210115191008	1
20210115191008	1
20210115191008	1
20210115191008	1
20210115191008	1
20210115191008	1
20210115191008	1
20210115191008	1
20210115191008	1
20210115191008	1
20210115191008	1
20210115191008	1
20210115191008	1
20210115191008	1
20210115191008	1
20210115191008	1
20210115191008	1
20210115191008	1
20210115191008	1
20210115191008	1
20210115191008	1
20210115191008	1
20210115191008	1
20210115191008	1
20210115191008	1
20210115191008	1
20210115191008	1
20210115191008	1
20210115191008	1
20210115191008	1
20210115191008	1
20210115191008	1
20210115191008	1
20210115191008	1
20210115191008	1
20210115191008	1
20210115191008	1
20210115191008	1
20210115191008	1
20210115191008	1
20210115191008	1
20210115191009	1
20210115191009	1
20210115191009	1
20210115191009	1
20210115191009	1
20210115191009	1
20210115191009	1
20210115191009	1
20210115191009	1
20210115191009	1
20210115191009	1
20210115191009	1
20210115191009	1
20210115191009	1
20210115191009	1
20210115191009	1
20210115191009	1
20210115191009	1
20210115191009	1
20210115191009	1
20210115191009	1
20210115191009	1
20210115191009	1
20210115191009	1
20210115191009	1
20210115191009	1
20210115191009	1
20210115191009	1
20210115191009	1
20210115191009	1
20210115191009	1
20210115191009	1
20210115191009	1
20210115191009	1
20210115191009	1
20210115191009	1
20210115191009	1
20210115191009	1
20210115191009	1
20210115191009	1
20210115191009	1
20210115191009	1
20210115191010	1
20210115191010	1
20210115191010	1
20210115191010	1
20210115191010	1
20210115191010	1
20210115191010	1
20210115191010	1
20210115191010	1
20210115191010	1
20210115191010	1
20210115191010	1
20210115191010	1
20210115191010	1
20210115191010	1
20210115191010	1
20210115191010	1
20210115191010	1
20210115191010	1
20210115191010	1
20210115191010	1
20210115191010	1
20210115191010	1
20210115191010	1
20210115191010	1
20210115191010	1
20210115191010	1
20210115191011	1
20210115191011	1
20210115191011	1
20210115191011	1
20210115191011	1
20210115191011	1
20210115191011	1
20210115191011	1
20210115191011	1
20210115191011	1
20210115191011	1
20210115191011	1
20210115191011	1
20210115191011	1
20210115191011	1
20210115191011	1
20210115191011	1
20210115191011	1
20210115191011	1
20210115191011	1
20210115191011	1
20210115191011	1
20210115191011	1
20210115191011	1
20210115191011	1
20210115191011	1
20210115191011	1
20210115191011	1
20210115191011	1
20210115191011	1
20210115191012	1
20210115191012	1
20210115191012	1
20210115191012	1
20210115191012	1
20210115191012	1
20210115191012	1
20210115191012	1
20210115191012	1
20210115191012	1
20210115191012	1
20210115191012	1
20210115191012	1
20210115191012	1
20210115191012	1
20210115191012	1
20210115191012	1
20210115191012	1
20210115191012	1
20210115191012	1
20210115191012	1
20210115191012	1
20210115191012	1
20210115191012	1
20210115191012	1
20210115191012	1
20210115191012	1
20210115191012	1
20210115191013	1
20210115191013	1
20210115191013	1
20210115191013	1
20210115191013	1
20210115191013	1
20210115191013	1
20210115191013	1
20210115191013	1
20210115191013	1
20210115191013	1
20210115191013	1
20210115191013	1
20210115191013	1
20210115191013	1
20210115191013	1
20210115191013	1
20210115191013	1
20210115191013	1
20210115191013	1
20210115191013	1
20210115191013	1
20210115191013	1
20210115191013	1
20210115191013	1
20210115191013	1
20210115191013	1
20210115191013	1
20210115191013	1
20210115191013	1
20210115191013	1
20210115191013	1
20210115191013	1
20210115191013	1
20210115191013	1
20210115191013	1
20210115191013	1
20210115191013	1
20210115191013	1
20210115191013	1
20210115191013	1
20210115191013	1
20210115191014	1
20210115191014	1
20210115191014	1
20210115191014	1
20210115191014	1
20210115191014	1
20210115191014	1
20210115191014	1
20210115191014	1
20210115191014	1
20210115191014	1
20210115191014	1
20210115191014	1
20210115191014	1
20210115191014	1
20210115191014	1
20210115191014	1
20210115191014	1
20210115191014	1
20210115191014	1
20210115191014	1
20210115191014	1
20210115191014	1
20210115191014	1
20210115191014	1
20210115191014	1
20210115191014	1
20210115191014	1
20210115191014	1
20210115191014	1
20210115191014	1
20210115191015	1
20210115191015	1
20210115191015	1
20210115191015	1
20210115191015	1
20210115191015	1
20210115191015	1
20210115191015	1
20210115191015	1
20210115191015	1
20210115191015	1
20210115191015	1
20210115191015	1
20210115191015	1
20210115191015	1
20210115191015	1
20210115191015	1
20210115191015	1
20210115191015	1
20210115191015	1
20210115191015	1
20210115191015	1
20210115191015	1
20210115191015	1
20210115191015	1
20210115191015	1
20210115191015	1
20210115191015	1
20210115191015	1
20210115191015	1
20210115191015	1
20210115191015	1
20210115191015	1
20210115191015	1
20210115191015	1
20210115191015	1
20210115191015	1
20210115191015	1
20210115191015	1
20210115191015	1
20210115191015	1
20210115191015	1
20210115191015	1
20210115191016	1
20210115191016	1
20210115191016	1
20210115191016	1
20210115191016	1
20210115191016	1
20210115191016	1
20210115191016	1
20210115191016	1
20210115191016	1
20210115191016	1
20210115191016	1
20210115191016	1
20210115191016	1
20210115191016	1
20210115191016	1
20210115191016	1
20210115191016	1
20210115191016	1
20210115191016	1
20210115191016	1
20210115191016	1
20210115191016	1
20210115191016	1
20210115191016	1
20210115191016	1
20210115191016	1
20210115191016	1
20210115191016	1
20210115191016	1
20210115191016	1
20210115191016	1
20210115191016	1
20210115191016	1
20210115191016	1
20210115191016	1
20210115191016	1
20210115191016	1
20210115191016	1
20210115191016	1
20210115191016	1
20210115191016	1
20210115191016	1
20210115191017	1
20210115191017	1
20210115191017	1
20210115191017	1
20210115191017	1
20210115191017	1
20210115191017	1
20210115191017	1
20210115191017	1
20210115191017	1
20210115191017	1
20210115191017	1
20210115191017	1
20210115191017	1
20210115191017	1
20210115191017	1
20210115191017	1
20210115191017	1
20210115191017	1
20210115191017	1
20210115191017	1
20210115191017	1
20210115191017	1
20210115191017	1
20210115191017	1
20210115191017	1
20210115191017	1
20210115191017	1
20210115191017	1
20210115191017	1
20210115191017	1
20210115191017	1
20210115191017	1
20210115191017	1
20210115191017	1
20210115191017	1
20210115191017	1
20210115191017	1
20210115191017	1
20210115191017	1
20210115191017	1
20210115191017	1
20210115191017	1
20210115191017	1
20210115191017	1
20210115191017	1
20210115191017	1
20210115191017	1
20210115191017	1
20210115191017	1
20210115191017	1
20210115191017	1
20210115191017	1
20210115191017	1
20210115191017	1
20210115191017	1
20210115191017	1
20210115191017	1
20210115191018	1
20210115191018	1
20210115191018	1
20210115191018	1
20210115191018	1
20210115191018	1
20210115191018	1
20210115191018	1
20210115191018	1
20210115191018	1
20210115191018	1
20210115191018	1
20210115191018	1
20210115191018	1
20210115191018	1
20210115191018	1
20210115191018	1
20210115191018	1
20210115191018	1
20210115191018	1
20210115191018	1
20210115191018	1
20210115191018	1
20210115191018	1
20210115191018	1
20210115191018	1
20210115191018	1
20210115191018	1
20210115191018	1
20210115191018	1
20210115191018	1
20210115191018	1
20210115191018	1
20210115191018	1
20210115191018	1
20210115191018	1
20210115191018	1
20210115191018	1
20210115191019	1
20210115191019	1
20210115191019	1
20210115191019	1
20210115191019	1
20210115191019	1
20210115191019	1
20210115191019	1
20210115191019	1
20210115191019	1
20210115191019	1
20210115191019	1
20210115191019	1
20210115191019	1
20210115191019	1
20210115191019	1
20210115191019	1
20210115191019	1
20210115191019	1
20210115191019	1
20210115191019	1
20210115191019	1
20210115191019	1
20210115191019	1
20210115191019	1
20210115191019	1
20210115191019	1
20210115191020	1
20210115191020	1
20210115191020	1
20210115191020	1
20210115191020	1
20210115191020	1
20210115191020	1
20210115191020	1
20210115191020	1
20210115191020	1
20210115191020	1
20210115191020	1
20210115191020	1
20210115191020	1
20210115191020	1
20210115191020	1
20210115191020	1
20210115191020	1
20210115191020	1
20210115191020	1
20210115191020	1
20210115191020	1
20210115191020	1
20210115191020	1
20210115191020	1
20210115191020	1
20210115191020	1
20210115191020	1
20210115191020	1
20210115191020	1
20210115191020	1
20210115191020	1
20210115191020	1
20210115191020	1
20210115191021	1
20210115191021	1
20210115191021	1
20210115191021	1
20210115191021	1
20210115191021	1
20210115191021	1
20210115191021	1
20210115191021	1
20210115191021	1
20210115191021	1
20210115191021	1
20210115191021	1
20210115191021	1
20210115191021	1
20210115191021	1
20210115191021	1
20210115191021	1
20210115191021	1
20210115191021	1
20210115191021	1
20210115191021	1
20210115191021	1
20210115191021	1
20210115191021	1
20210115191021	1
20210115191021	1
20210115191021	1
20210115191021	1
20210115191021	1
20210115191021	1
20210115191021	1
20210115191021	1
20210115191021	1
20210115191021	1
20210115191021	1
20210115191021	1
20210115191021	1
20210115191021	1
20210115191021	1
20210115191021	1
20210115191021	1
20210115191021	1
20210115191021	1
20210115191021	1
20210115191021	1
20210115191021	1
20210115191021	1
20210115191022	1
20210115191022	1
20210115191022	1
20210115191022	1
20210115191022	1
20210115191022	1
20210115191022	1
20210115191022	1
20210115191022	1
20210115191022	1
20210115191022	1
20210115191022	1
20210115191022	1
20210115191022	1
20210115191022	1
20210115191022	1
20210115191022	1
20210115191022	1
20210115191022	1
20210115191022	1
20210115191022	1
20210115191022	1
20210115191022	1
20210115191022	1
20210115191022	1
20210115191022	1
20210115191022	1
20210115191022	1
20210115191022	1
20210115191022	1
20210115191022	1
20210115191022	1
20210115191022	1
20210115191022	1
20210115191022	1
20210115191022	1
20210115191022	1
20210115191022	1
20210115191022	1
20210115191022	1
20210115191022	1
20210115191022	1
20210115191022	1
20210115191022	1
20210115191022	1
20210115191022	1
20210115191022	1
20210115191022	1
20210115191023	1
20210115191023	1
20210115191023	1
20210115191023	1
20210115191023	1
20210115191023	1
20210115191023	1
20210115191023	1
20210115191023	1
20210115191023	1
20210115191023	1
20210115191023	1
20210115191023	1
20210115191023	1
20210115191023	1
20210115191023	1
20210115191023	1
20210115191023	1
20210115191023	1
20210115191023	1
20210115191023	1
20210115191023	1
20210115191024	1
20210115191024	1
20210115191024	1
20210115191024	1
20210115191024	1
20210115191024	1
20210115191024	1
20210115191024	1
20210115191024	1
20210115191024	1
20210115191024	1
20210115191024	1
20210115191024	1
20210115191024	1
20210115191024	1
20210115191024	1
20210115191024	1
20210115191024	1
20210115191024	1
20210115191024	1
20210115191024	1
20210115191024	1
20210115191024	1
20210115191024	1
20210115191024	1
20210115191024	1
20210115191024	1
20210115191024	1
20210115191024	1
20210115191024	1
20210115191024	1
20210115191025	1
20210115191025	1
20210115191025	1
20210115191025	1
20210115191025	1
20210115191025	1
20210115191025	1
20210115191025	1
20210115191025	1
20210115191025	1
20210115191025	1
20210115191025	1
20210115191025	1
20210115191025	1
20210115191025	1
20210115191025	1
20210115191025	1
20210115191025	1
20210115191025	1
20210115191025	1
20210115191025	1
20210115191025	1
20210115191025	1
20210115191025	1
20210115191025	1
20210115191025	1
20210115191025	1
20210115191025	1
20210115191025	1
20210115191025	1
20210115191025	1
20210115191025	1
20210115191025	1
20210115191025	1
20210115191025	1
20210115191025	1
20210115191025	1
20210115191025	1
20210115191025	1
20210115191025	1
20210115191025	1
20210115191025	1
20210115191025	1
20210115191025	1
20210115191025	1
20210115191025	1
20210115191026	1
20210115191026	1
20210115191026	1
20210115191026	1
20210115191026	1
20210115191026	1
20210115191026	1
20210115191026	1
20210115191026	1
20210115191026	1
20210115191026	1
20210115191026	1
20210115191026	1
20210115191026	1
20210115191026	1
20210115191026	1
20210115191026	1
20210115191026	1
20210115191026	1
20210115191026	1
20210115191026	1
20210115191026	1
20210115191026	1
20210115191027	1
20210115191027	1
20210115191027	1
20210115191027	1
20210115191027	1
20210115191027	1
20210115191027	1
20210115191027	1
20210115191027	1
20210115191027	1
20210115191027	1
20210115191027	1
20210115191027	1
20210115191027	1
20210115191027	1
20210115191027	1
20210115191027	1
20210115191027	1
20210115191027	1
20210115191027	1
20210115191027	1
20210115191027	1
20210115191027	1
20210115191027	1
20210115191027	1
20210115191027	1
20210115191027	1
20210115191027	1
20210115191027	1
20210115191027	1
20210115191027	1
20210115191027	1
20210115191027	1
20210115191028	1
20210115191028	1
20210115191028	1
20210115191028	1
20210115191028	1
20210115191028	1
20210115191028	1
20210115191028	1
20210115191028	1
20210115191028	1
20210115191028	1
20210115191028	1
20210115191028	1
20210115191028	1
20210115191028	1
20210115191028	1
20210115191028	1
20210115191028	1
20210115191028	1
20210115191028	1
20210115191028	1
20210115191028	1
20210115191028	1
20210115191028	1
20210115191028	1
20210115191028	1
20210115191028	1
20210115191028	1
20210115191028	1
20210115191028	1
20210115191028	1
20210115191028	1
20210115191028	1
20210115191028	1
20210115191028	1
20210115191028	1
20210115191028	1
20210115191028	1
20210115191028	1
20210115191028	1
20210115191028	1
20210115191028	1
20210115191028	1
20210115191028	1
20210115191028	1
20210115191028	1
20210115191028	1
20210115191028	1
20210115191028	1
20210115191028	1
20210115191028	1
20210115191028	1
20210115191028	1
20210115191028	1
20210115191029	1
20210115191029	1
20210115191029	1
20210115191029	1
20210115191029	1
20210115191029	1
20210115191029	1
20210115191029	1
20210115191029	1
20210115191029	1
20210115191029	1
20210115191029	1
20210115191029	1
20210115191029	1
20210115191029	1
20210115191029	1
20210115191029	1
20210115191029	1
20210115191029	1
20210115191029	1
20210115191029	1
20210115191029	1
20210115191029	1
20210115191029	1
20210115191029	1
20210115191029	1
20210115191029	1
20210115191029	1
20210115191029	1
20210115191029	1
20210115191029	1
20210115191029	1
20210115191029	1
20210115191029	1
20210115191029	1
20210115191030	1
20210115191030	1
20210115191030	1
20210115191030	1
20210115191030	1
20210115191030	1
20210115191030	1
20210115191030	1
20210115191030	1
20210115191030	1
20210115191030	1
20210115191030	1
20210115191030	1
20210115191030	1
20210115191030	1
20210115191030	1
20210115191030	1
20210115191030	1
20210115191030	1
20210115191030	1
20210115191030	1
20210115191030	1
20210115191030	1
20210115191030	1
20210115191030	1
20210115191030	1
20210115191030	1
20210115191030	1
20210115191030	1
20210115191030	1
20210115191030	1
20210115191030	1
20210115191030	1
20210115191030	1
20210115191030	1
20210115191030	1
20210115191030	1
20210115191030	1
20210115191030	1
20210115191030	1
20210115191030	1
20210115191030	1
20210115191030	1
20210115191030	1
20210115191030	1
20210115191030	1
20210115191030	1
20210115191030	1
20210115191030	1
20210115191030	1
20210115191030	1
20210115191030	1
20210115191030	1
20210115191030	1
20210115191030	1
20210115191030	1
20210115191030	1
20210115191030	1
20210115191030	1
20210115191030	1
20210115191031	1
20210115191031	1
20210115191031	1
20210115191031	1
20210115191031	1
20210115191031	1
20210115191031	1
20210115191031	1
20210115191031	1
20210115191031	1
20210115191031	1
20210115191031	1
20210115191031	1
20210115191031	1
20210115191031	1
20210115191031	1
20210115191031	1
20210115191031	1
20210115191031	1
20210115191031	1
20210115191031	1
20210115191031	1
20210115191031	1
20210115191031	1
20210115191031	1
20210115191031	1
20210115191031	1
20210115191031	1
20210115191031	1
20210115191031	1
20210115191031	1
20210115191031	1
20210115191031	1
20210115191031	1
20210115191031	1
20210115191031	1
20210115191031	1
20210115191031	1
20210115191031	1
20210115191031	1
20210115191031	1
20210115191031	1
20210115191031	1
20210115191031	1
20210115191031	1
20210115191031	1
20210115191031	1
20210115191031	1
20210115191031	1
20210115191031	1
20210115191031	1
20210115191031	1
20210115191031	1
20210115191031	1
20210115191031	1
20210115191031	1
20210115191031	1
20210115191031	1
20210115191031	1
20210115191031	1
20210115191031	1
20210115191031	1
20210115191031	1
20210115191031	1
20210115191031	1
20210115191032	1
20210115191032	1
20210115191032	1
20210115191032	1
20210115191032	1
20210115191032	1
20210115191032	1
20210115191032	1
20210115191032	1
20210115191032	1
20210115191032	1
20210115191032	1
20210115191032	1
20210115191032	1
20210115191032	1
20210115191032	1
20210115191032	1
20210115191032	1
20210115191032	1
20210115191032	1
20210115191032	1
20210115191032	1
20210115191032	1
20210115191032	1
20210115191032	1
20210115191032	1
20210115191032	1
20210115191032	1
20210115191032	1
20210115191032	1
20210115191032	1
20210115191032	1
20210115191032	1
20210115191032	1
20210115191032	1
20210115191032	1
20210115191032	1
20210115191033	1
20210115191033	1
20210115191033	1
20210115191033	1
20210115191033	1
20210115191033	1
20210115191033	1
20210115191033	1
20210115191033	1
20210115191033	1
20210115191033	1
20210115191033	1
20210115191033	1
20210115191033	1
20210115191033	1
20210115191033	1
20210115191033	1
20210115191033	1
20210115191033	1
20210115191033	1
20210115191033	1
20210115191033	1
20210115191033	1
20210115191033	1
20210115191033	1
20210115191033	1
20210115191033	1
20210115191033	1
20210115191033	1
20210115191033	1
20210115191033	1
20210115191033	1
20210115191033	1
20210115191033	1
20210115191033	1
20210115191033	1
20210115191033	1
20210115191033	1
20210115191033	1
20210115191033	1
20210115191033	1
20210115191033	1
20210115191033	1
20210115191033	1
20210115191033	1
20210115191033	1
20210115191033	1
20210115191033	1
20210115191033	1
20210115191033	1
20210115191033	1
20210115191033	1
20210115191033	1
20210115191033	1
20210115191033	1
20210115191033	1
20210115191033	1
20210115191033	1
20210115191033	1
20210115191033	1
20210115191033	1
20210115191033	1
20210115191033	1
20210115191033	1
20210115191033	1
20210115191034	1
20210115191034	1
20210115191034	1
20210115191034	1
20210115191034	1
20210115191034	1
20210115191034	1
20210115191034	1
20210115191034	1
20210115191034	1
20210115191034	1
20210115191034	1
20210115191034	1
20210115191034	1
20210115191034	1
20210115191034	1
20210115191034	1
20210115191034	1
20210115191034	1
20210115191034	1
20210115191034	1
20210115191034	1
20210115191034	1
20210115191034	1
20210115191034	1
20210115191034	1
20210115191034	1
20210115191034	1
20210115191034	1
20210115191034	1
20210115191035	1
20210115191035	1
20210115191035	1
20210115191035	1
20210115191035	1
20210115191035	1
20210115191035	1
20210115191035	1
20210115191035	1
20210115191035	1
20210115191035	1
20210115191035	1
20210115191035	1
20210115191035	1
20210115191035	1
20210115191035	1
20210115191035	1
20210115191035	1
20210115191035	1
20210115191035	1
20210115191035	1
20210115191035	1
20210115191035	1
20210115191035	1
20210115191035	1
20210115191036	1
20210115191036	1
20210115191036	1
20210115191036	1
20210115191036	1
20210115191036	1
20210115191036	1
20210115191036	1
20210115191036	1
20210115191036	1
20210115191036	1
20210115191036	1
20210115191036	1
20210115191036	1
20210115191036	1
20210115191036	1
20210115191036	1
20210115191036	1
20210115191036	1
20210115191036	1
20210115191036	1
20210115191036	1
20210115191036	1
20210115191036	1
20210115191036	1
20210115191036	1
20210115191036	1
20210115191036	1
20210115191036	1
20210115191036	1
20210115191036	1
20210115191036	1
20210115191036	1
20210115191036	1
20210115191036	1
20210115191036	1
20210115191036	1
20210115191036	1
20210115191036	1
20210115191036	1
20210115191036	1
20210115191036	1
20210115191036	1
20210115191036	1
20210115191036	1
20210115191036	1
20210115191036	1
20210115191036	1
20210115191036	1
20210115191036	1
20210115191036	1
20210115191037	1
20210115191037	1
20210115191037	1
20210115191037	1
20210115191037	1
20210115191037	1
20210115191037	1
20210115191037	1
20210115191037	1
20210115191037	1
20210115191037	1
20210115191037	1
20210115191037	1
20210115191037	1
20210115191037	1
20210115191037	1
20210115191037	1
20210115191037	1
20210115191037	1
20210115191037	1
20210115191037	1
20210115191037	1
20210115191037	1
20210115191037	1
20210115191037	1
20210115191037	1
20210115191037	1
20210115191037	1
20210115191037	1
20210115191037	1
20210115191037	1
20210115191037	1
20210115191038	1
20210115191038	1
20210115191038	1
20210115191038	1
20210115191038	1
20210115191038	1
20210115191038	1
20210115191038	1
20210115191038	1
20210115191038	1
20210115191038	1
20210115191038	1
20210115191038	1
20210115191038	1
20210115191038	1
20210115191038	1
20210115191038	1
20210115191038	1
20210115191038	1
20210115191038	1
20210115191038	1
20210115191038	1
20210115191038	1
20210115191038	1
20210115191038	1
20210115191038	1
20210115191038	1
20210115191038	1
20210115191038	1
20210115191038	1
20210115191038	1
20210115191038	1
20210115191038	1
20210115191038	1
20210115191038	1
20210115191038	1
20210115191038	1
20210115191038	1
20210115191038	1
20210115191038	1
20210115191038	1
20210115191038	1
20210115191038	1
20210115191038	1
20210115191038	1
20210115191038	1
20210115191038	1
20210115191039	1
20210115191039	1
20210115191039	1
20210115191039	1
20210115191039	1
20210115191039	1
20210115191039	1
20210115191039	1
20210115191039	1
20210115191039	1
20210115191039	1
20210115191039	1
20210115191039	1
20210115191039	1
20210115191039	1
20210115191039	1
20210115191039	1
20210115191039	1
20210115191039	1
20210115191039	1
20210115191039	1
20210115191039	1
20210115191039	1
20210115191039	1
20210115191040	1
20210115191040	1
20210115191040	1
20210115191040	1
20210115191040	1
20210115191040	1
20210115191040	1
20210115191040	1
20210115191040	1
20210115191040	1
20210115191040	1
20210115191040	1
20210115191040	1
20210115191040	1
20210115191040	1
20210115191040	1
20210115191040	1
20210115191040	1
20210115191040	1
20210115191040	1
20210115191040	1
20210115191040	1
20210115191040	1
20210115191040	1
20210115191040	1
20210115191040	1
20210115191040	1
20210115191040	1
20210115191040	1
20210115191040	1
20210115191040	1
20210115191040	1
20210115191040	1
20210115191040	1
20210115191040	1
20210115191040	1
20210115191040	1
20210115191040	1
20210115191040	1
20210115191040	1
20210115191040	1
20210115191040	1
20210115191040	1
20210115191040	1
20210115191040	1
20210115191041	1
20210115191041	1
20210115191041	1
20210115191041	1
20210115191041	1
20210115191041	1
20210115191041	1
20210115191041	1
20210115191041	1
20210115191041	1
20210115191041	1
20210115191041	1
20210115191041	1
20210115191041	1
20210115191041	1
20210115191041	1
20210115191041	1
20210115191041	1
20210115191041	1
20210115191041	1
20210115191041	1
20210115191041	1
20210115191041	1
20210115191041	1
20210115191041	1
20210115191041	1
20210115191041	1
20210115191041	1
20210115191041	1
20210115191041	1
20210115191041	1
20210115191041	1
20210115191041	1
20210115191041	1
20210115191041	1
20210115191041	1
20210115191042	1
20210115191042	1
20210115191042	1
20210115191042	1
20210115191042	1
20210115191042	1
20210115191042	1
20210115191042	1
20210115191042	1
20210115191042	1
20210115191042	1
20210115191042	1
20210115191042	1
20210115191042	1
20210115191042	1
20210115191042	1
20210115191042	1
20210115191042	1
20210115191042	1
20210115191042	1
20210115191042	1
20210115191042	1
20210115191042	1
20210115191042	1
20210115191042	1
20210115191042	1
20210115191042	1
20210115191042	1
20210115191042	1
20210115191042	1
20210115191042	1
20210115191042	1
20210115191042	1
20210115191042	1
20210115191042	1
20210115191043	1
20210115191043	1
20210115191043	1
20210115191043	1
20210115191043	1
20210115191043	1
20210115191043	1
20210115191043	1
20210115191043	1
20210115191043	1
20210115191043	1
20210115191043	1
20210115191043	1
20210115191043	1
20210115191043	1
20210115191043	1
20210115191043	1
20210115191043	1
20210115191043	1
20210115191043	1
20210115191043	1
20210115191043	1
20210115191043	1
20210115191043	1
20210115191043	1
20210115191043	1
20210115191043	1
20210115191043	1
20210115191043	1
20210115191043	1
20210115191043	1
20210115191043	1
20210115191043	1
20210115191043	1
20210115191043	1
20210115191043	1
20210115191044	1
20210115191044	1
20210115191044	1
20210115191044	1
20210115191044	1
20210115191044	1
20210115191044	1
20210115191044	1
20210115191044	1
20210115191044	1
20210115191044	1
20210115191044	1
20210115191044	1
20210115191044	1
20210115191044	1
20210115191044	1
20210115191044	1
20210115191044	1
20210115191044	1
20210115191044	1
20210115191044	1
20210115191044	1
20210115191044	1
20210115191044	1
20210115191044	1
20210115191044	1
20210115191044	1
20210115191044	1
20210115191044	1
20210115191044	1
20210115191044	1
20210115191044	1
20210115191045	1
20210115191045	1
20210115191045	1
20210115191045	1
20210115191045	1
20210115191045	1
20210115191045	1
20210115191045	1
20210115191045	1
20210115191045	1
20210115191045	1
20210115191045	1
20210115191045	1
20210115191045	1
20210115191045	1
20210115191045	1
20210115191045	1
20210115191045	1
20210115191045	1
20210115191045	1
20210115191045	1
20210115191045	1
20210115191045	1
20210115191045	1
20210115191045	1
20210115191045	1
20210115191045	1
20210115191045	1
20210115191045	1
20210115191045	1
20210115191045	1
20210115191045	1
20210115191045	1
20210115191045	1
20210115191045	1
20210115191045	1
20210115191045	1
20210115191045	1
20210115191045	1
20210115191045	1
20210115191045	1
20210115191045	1
20210115191045	1
20210115191045	1
20210115191045	1
20210115191045	1
20210115191045	1
20210115191045	1
20210115191045	1
20210115191045	1
20210115191045	1
20210115191045	1
20210115191045	1
20210115191046	1
20210115191046	1
20210115191046	1
20210115191046	1
20210115191046	1
20210115191046	1
20210115191046	1
20210115191046	1
20210115191046	1
20210115191046	1
20210115191046	1
20210115191046	1
20210115191046	1
20210115191046	1
20210115191046	1
20210115191046	1
20210115191046	1
20210115191046	1
20210115191046	1
20210115191046	1
20210115191046	1
20210115191046	1
20210115191046	1
20210115191046	1
20210115191046	1
20210115191046	1
20210115191046	1
20210115191046	1
20210115191046	1
20210115191046	1
20210115191046	1
20210115191046	1
20210115191046	1
20210115191046	1
20210115191046	1
20210115191046	1
20210115191046	1
20210115191046	1
20210115191046	1
20210115191046	1
20210115191046	1
20210115191046	1
20210115191046	1
20210115191046	1
20210115191046	1
