20210106155506	1
20210106155506	1
20210106155506	1
20210106155506	1
20210106155506	1
20210106155506	1
20210106155506	1
20210106155506	1
20210106155507	1
20210106155507	1
20210106155507	1
20210106155507	1
20210106155507	1
20210106155507	1
20210106155507	1
20210106155507	1
20210106155507	1
20210106155507	1
20210106155507	1
20210106155507	1
20210106155507	1
20210106155507	1
20210106155507	1
20210106155507	1
20210106155507	1
20210106155507	1
20210106155507	1
20210106155507	1
20210106155507	1
20210106155507	1
20210106155507	1
20210106155507	1
20210106155507	1
20210106155507	1
20210106155507	1
20210106155507	1
20210106155507	1
20210106155507	1
20210106155507	1
20210106155507	1
20210106155507	1
20210106155507	1
20210106155507	1
20210106155507	1
20210106155507	1
20210106155507	1
20210106155507	1
20210106155507	1
20210106155507	1
20210106155507	1
20210106155507	1
20210106155507	1
20210106155507	1
20210106155507	1
20210106155507	1
20210106155507	1
20210106155507	1
20210106155507	1
20210106155507	1
20210106155507	1
20210106155507	1
20210106155507	1
20210106155507	1
20210106155507	1
20210106155507	1
20210106155507	1
20210106155507	1
20210106155507	1
20210106155507	1
20210106155507	1
20210106155507	1
20210106155507	1
20210106155507	1
20210106155507	1
20210106155508	1
20210106155508	1
20210106155508	1
20210106155508	1
20210106155508	1
20210106155508	1
20210106155508	1
20210106155508	1
20210106155508	1
20210106155508	1
20210106155508	1
20210106155508	1
20210106155508	1
20210106155508	1
20210106155508	1
20210106155508	1
20210106155508	1
20210106155508	1
20210106155508	1
20210106155508	1
20210106155508	1
20210106155508	1
20210106155508	1
20210106155508	1
20210106155508	1
20210106155508	1
20210106155508	1
20210106155508	1
20210106155508	1
20210106155508	1
20210106155508	1
20210106155508	1
20210106155508	1
20210106155508	1
20210106155508	1
20210106155508	1
20210106155508	1
20210106155508	1
20210106155508	1
20210106155508	1
20210106155508	1
20210106155508	1
20210106155508	1
20210106155508	1
20210106155508	1
20210106155508	1
20210106155508	1
20210106155508	1
20210106155508	1
20210106155508	1
20210106155508	1
20210106155508	1
20210106155508	1
20210106155508	1
20210106155508	1
20210106155508	1
20210106155508	1
20210106155508	1
20210106155508	1
20210106155508	1
20210106155509	1
20210106155509	1
20210106155509	1
20210106155509	1
20210106155509	1
20210106155509	1
20210106155509	1
20210106155509	1
20210106155509	1
20210106155509	1
20210106155509	1
20210106155509	1
20210106155509	1
20210106155509	1
20210106155509	1
20210106155509	1
20210106155509	1
20210106155509	1
20210106155509	1
20210106155509	1
20210106155509	1
20210106155509	1
20210106155509	1
20210106155509	1
20210106155509	1
20210106155509	1
20210106155509	1
20210106155509	1
20210106155509	1
20210106155509	1
20210106155509	1
20210106155509	1
20210106155509	1
20210106155509	1
20210106155509	1
20210106155509	1
20210106155509	1
20210106155509	1
20210106155509	1
20210106155509	1
20210106155509	1
20210106155509	1
20210106155509	1
20210106155509	1
20210106155509	1
20210106155509	1
20210106155509	1
20210106155509	1
20210106155509	1
20210106155509	1
20210106155509	1
20210106155509	1
20210106155509	1
20210106155509	1
20210106155509	1
20210106155509	1
20210106155509	1
20210106155509	1
20210106155509	1
20210106155509	1
20210106155510	1
20210106155510	1
20210106155510	1
20210106155510	1
20210106155510	1
20210106155510	1
20210106155510	1
20210106155510	1
20210106155510	1
20210106155510	1
20210106155510	1
20210106155510	1
20210106155510	1
20210106155510	1
20210106155510	1
20210106155510	1
20210106155510	1
20210106155510	1
20210106155510	1
20210106155510	1
20210106155510	1
20210106155510	1
20210106155510	1
20210106155510	1
20210106155510	1
20210106155510	1
20210106155510	1
20210106155510	1
20210106155510	1
20210106155510	1
20210106155510	1
20210106155510	1
20210106155510	1
20210106155510	1
20210106155510	1
20210106155510	1
20210106155510	1
20210106155510	1
20210106155510	1
20210106155510	1
20210106155510	1
20210106155510	1
20210106155510	1
20210106155510	1
20210106155510	1
20210106155510	1
20210106155510	1
20210106155510	1
20210106155510	1
20210106155510	1
20210106155510	1
20210106155510	1
20210106155510	1
20210106155510	1
20210106155510	1
20210106155510	1
20210106155510	1
20210106155510	1
20210106155510	1
20210106155510	1
20210106155510	1
20210106155510	1
20210106155510	1
20210106155510	1
20210106155510	1
20210106155510	1
20210106155510	1
20210106155510	1
20210106155511	1
20210106155511	1
20210106155511	1
20210106155511	1
20210106155511	1
20210106155511	1
20210106155511	1
20210106155511	1
20210106155511	1
20210106155511	1
20210106155511	1
20210106155511	1
20210106155511	1
20210106155511	1
20210106155511	1
20210106155511	1
20210106155511	1
20210106155511	1
20210106155511	1
20210106155511	1
20210106155511	1
20210106155511	1
20210106155511	1
20210106155511	1
20210106155511	1
20210106155511	1
20210106155511	1
20210106155511	1
20210106155511	1
20210106155511	1
20210106155511	1
20210106155511	1
20210106155511	1
20210106155511	1
20210106155511	1
20210106155511	1
20210106155511	1
20210106155511	1
20210106155511	1
20210106155511	1
20210106155511	1
20210106155511	1
20210106155511	1
20210106155511	1
20210106155511	1
20210106155511	1
20210106155511	1
20210106155511	1
20210106155511	1
20210106155511	1
20210106155511	1
20210106155511	1
20210106155511	1
20210106155511	1
20210106155511	1
20210106155511	1
20210106155511	1
20210106155511	1
20210106155511	1
20210106155511	1
20210106155511	1
20210106155511	1
20210106155511	1
20210106155511	1
20210106155511	1
20210106155511	1
20210106155511	1
20210106155511	1
20210106155511	1
20210106155511	1
20210106155512	1
20210106155512	1
20210106155512	1
20210106155512	1
20210106155512	1
20210106155512	1
20210106155512	1
20210106155512	1
20210106155512	1
20210106155512	1
20210106155512	1
20210106155512	1
20210106155512	1
20210106155512	1
20210106155512	1
20210106155512	1
20210106155512	1
20210106155512	1
20210106155512	1
20210106155512	1
20210106155512	1
20210106155512	1
20210106155512	1
20210106155512	1
20210106155512	1
20210106155512	1
20210106155512	1
20210106155512	1
20210106155512	1
20210106155512	1
20210106155512	1
20210106155512	1
20210106155512	1
20210106155512	1
20210106155512	1
20210106155512	1
20210106155512	1
20210106155512	1
20210106155512	1
20210106155512	1
20210106155512	1
20210106155512	1
20210106155512	1
20210106155512	1
20210106155512	1
20210106155512	1
20210106155512	1
20210106155512	1
20210106155512	1
20210106155512	1
20210106155512	1
20210106155512	1
20210106155512	1
20210106155512	1
20210106155512	1
20210106155512	1
20210106155512	1
20210106155512	1
20210106155512	1
20210106155512	1
20210106155512	1
20210106155512	1
20210106155512	1
20210106155512	1
20210106155512	1
20210106155512	1
20210106155513	1
20210106155513	1
20210106155513	1
20210106155513	1
20210106155513	1
20210106155513	1
20210106155513	1
20210106155513	1
20210106155513	1
20210106155513	1
20210106155513	1
20210106155513	1
20210106155513	1
20210106155513	1
20210106155513	1
20210106155513	1
20210106155513	1
20210106155513	1
20210106155513	1
20210106155513	1
20210106155513	1
20210106155513	1
20210106155513	1
20210106155513	1
20210106155513	1
20210106155513	1
20210106155513	1
20210106155513	1
20210106155513	1
20210106155513	1
20210106155514	1
20210106155514	1
20210106155514	1
20210106155514	1
20210106155514	1
20210106155514	1
20210106155514	1
20210106155514	1
20210106155514	1
20210106155514	1
20210106155514	1
20210106155514	1
20210106155514	1
20210106155514	1
20210106155514	1
20210106155514	1
20210106155514	1
20210106155514	1
20210106155514	1
20210106155514	1
20210106155514	1
20210106155514	1
20210106155514	1
20210106155514	1
20210106155514	1
20210106155514	1
20210106155515	1
20210106155515	1
20210106155515	1
20210106155515	1
20210106155515	1
20210106155515	1
20210106155515	1
20210106155515	1
20210106155515	1
20210106155515	1
20210106155515	1
20210106155515	1
20210106155515	1
20210106155515	1
20210106155515	1
20210106155515	1
20210106155515	1
20210106155515	1
20210106155515	1
20210106155515	1
20210106155515	1
20210106155515	1
20210106155515	1
20210106155515	1
20210106155515	1
20210106155515	1
20210106155515	1
20210106155515	1
20210106155515	1
20210106155515	1
20210106155515	1
20210106155515	1
20210106155515	1
20210106155515	1
20210106155515	1
20210106155515	1
20210106155515	1
20210106155515	1
20210106155515	1
20210106155515	1
20210106155515	1
20210106155515	1
20210106155515	1
20210106155515	1
20210106155515	1
20210106155515	1
20210106155515	1
20210106155515	1
20210106155515	1
20210106155515	1
20210106155515	1
20210106155515	1
20210106155515	1
20210106155515	1
20210106155515	1
20210106155515	1
20210106155515	1
20210106155515	1
20210106155515	1
20210106155515	1
20210106155515	1
20210106155515	1
20210106155515	1
20210106155516	1
20210106155516	1
20210106155516	1
20210106155516	1
20210106155516	1
20210106155516	1
20210106155516	1
20210106155516	1
20210106155516	1
20210106155516	1
20210106155516	1
20210106155516	1
20210106155516	1
20210106155516	1
20210106155516	1
20210106155516	1
20210106155516	1
20210106155516	1
20210106155516	1
20210106155516	1
20210106155516	1
20210106155516	1
20210106155516	1
20210106155516	1
20210106155516	1
20210106155516	1
20210106155516	1
20210106155516	1
20210106155516	1
20210106155516	1
20210106155516	1
20210106155516	1
20210106155516	1
20210106155516	1
20210106155516	1
20210106155516	1
20210106155516	1
20210106155516	1
20210106155516	1
20210106155516	1
20210106155516	1
20210106155516	1
20210106155516	1
20210106155516	1
20210106155516	1
20210106155516	1
20210106155516	1
20210106155516	1
20210106155517	1
20210106155517	1
20210106155517	1
20210106155517	1
20210106155517	1
20210106155517	1
20210106155517	1
20210106155517	1
20210106155517	1
20210106155517	1
20210106155517	1
20210106155517	1
20210106155517	1
20210106155517	1
20210106155517	1
20210106155517	1
20210106155517	1
20210106155517	1
20210106155517	1
20210106155517	1
20210106155517	1
20210106155517	1
20210106155517	1
20210106155517	1
20210106155517	1
20210106155517	1
20210106155517	1
20210106155517	1
20210106155517	1
20210106155517	1
20210106155517	1
20210106155517	1
20210106155517	1
20210106155517	1
20210106155517	1
20210106155517	1
20210106155517	1
20210106155517	1
20210106155517	1
20210106155517	1
20210106155517	1
20210106155517	1
20210106155517	1
20210106155517	1
20210106155517	1
20210106155517	1
20210106155517	1
20210106155517	1
20210106155517	1
20210106155517	1
20210106155517	1
20210106155517	1
20210106155517	1
20210106155517	1
20210106155518	1
20210106155518	1
20210106155518	1
20210106155518	1
20210106155518	1
20210106155518	1
20210106155518	1
20210106155518	1
20210106155518	1
20210106155518	1
20210106155518	1
20210106155518	1
20210106155518	1
20210106155518	1
20210106155518	1
20210106155518	1
20210106155518	1
20210106155518	1
20210106155518	1
20210106155518	1
20210106155518	1
20210106155518	1
20210106155518	1
20210106155518	1
20210106155518	1
20210106155518	1
20210106155518	1
20210106155518	1
20210106155518	1
20210106155518	1
20210106155518	1
20210106155519	1
20210106155519	1
20210106155519	1
20210106155519	1
20210106155519	1
20210106155519	1
20210106155519	1
20210106155519	1
20210106155519	1
20210106155519	1
20210106155519	1
20210106155519	1
20210106155519	1
20210106155519	1
20210106155519	1
20210106155519	1
20210106155519	1
20210106155519	1
20210106155519	1
20210106155519	1
20210106155519	1
20210106155519	1
20210106155519	1
20210106155519	1
20210106155519	1
20210106155519	1
20210106155519	1
20210106155519	1
20210106155519	1
20210106155519	1
20210106155519	1
20210106155519	1
20210106155519	1
20210106155519	1
20210106155519	1
20210106155519	1
20210106155519	1
20210106155519	1
20210106155519	1
20210106155519	1
20210106155520	1
20210106155520	1
20210106155520	1
20210106155520	1
20210106155520	1
20210106155520	1
20210106155520	1
20210106155520	1
20210106155520	1
20210106155520	1
20210106155520	1
20210106155520	1
20210106155520	1
20210106155520	1
20210106155520	1
20210106155520	1
20210106155520	1
20210106155520	1
20210106155520	1
20210106155520	1
20210106155520	1
20210106155520	1
20210106155520	1
20210106155520	1
20210106155520	1
20210106155520	1
20210106155520	1
20210106155520	1
20210106155520	1
20210106155520	1
20210106155520	1
20210106155520	1
20210106155520	1
20210106155520	1
20210106155520	1
20210106155520	1
20210106155520	1
20210106155520	1
20210106155520	1
20210106155520	1
20210106155520	1
20210106155520	1
20210106155520	1
20210106155520	1
20210106155520	1
20210106155520	1
20210106155520	1
20210106155520	1
20210106155520	1
20210106155520	1
20210106155520	1
20210106155520	1
20210106155520	1
20210106155520	1
20210106155521	1
20210106155521	1
20210106155521	1
20210106155521	1
20210106155521	1
20210106155521	1
20210106155521	1
20210106155521	1
20210106155521	1
20210106155521	1
20210106155521	1
20210106155521	1
20210106155521	1
20210106155521	1
20210106155521	1
20210106155521	1
20210106155521	1
20210106155521	1
20210106155521	1
20210106155521	1
20210106155521	1
20210106155521	1
20210106155521	1
20210106155521	1
20210106155521	1
20210106155521	1
20210106155521	1
20210106155521	1
20210106155521	1
20210106155521	1
20210106155522	1
20210106155522	1
20210106155522	1
20210106155522	1
20210106155522	1
20210106155522	1
20210106155522	1
20210106155522	1
20210106155522	1
20210106155522	1
20210106155522	1
20210106155522	1
20210106155522	1
20210106155522	1
20210106155522	1
20210106155522	1
20210106155522	1
20210106155522	1
20210106155522	1
20210106155522	1
20210106155522	1
20210106155522	1
20210106155522	1
20210106155522	1
20210106155522	1
20210106155522	1
20210106155522	1
20210106155522	1
20210106155522	1
20210106155522	1
20210106155522	1
20210106155522	1
20210106155522	1
20210106155523	1
20210106155523	1
20210106155523	1
20210106155523	1
20210106155523	1
20210106155523	1
20210106155523	1
20210106155523	1
20210106155523	1
20210106155523	1
20210106155523	1
20210106155523	1
20210106155523	1
20210106155523	1
20210106155523	1
20210106155523	1
20210106155523	1
20210106155523	1
20210106155523	1
20210106155523	1
20210106155523	1
20210106155523	1
20210106155523	1
20210106155523	1
20210106155523	1
20210106155523	1
20210106155523	1
20210106155523	1
20210106155523	1
20210106155523	1
20210106155523	1
20210106155523	1
20210106155523	1
20210106155523	1
20210106155523	1
20210106155523	1
20210106155523	1
20210106155523	1
20210106155523	1
20210106155523	1
20210106155523	1
20210106155523	1
20210106155523	1
20210106155523	1
20210106155523	1
20210106155523	1
20210106155523	1
20210106155523	1
20210106155523	1
20210106155524	1
20210106155524	1
20210106155524	1
20210106155524	1
20210106155524	1
20210106155524	1
20210106155524	1
20210106155524	1
20210106155524	1
20210106155524	1
20210106155524	1
20210106155524	1
20210106155524	1
20210106155524	1
20210106155524	1
20210106155524	1
20210106155524	1
20210106155524	1
20210106155524	1
20210106155524	1
20210106155524	1
20210106155524	1
20210106155524	1
20210106155524	1
20210106155524	1
20210106155524	1
20210106155524	1
20210106155524	1
20210106155524	1
20210106155524	1
20210106155524	1
20210106155524	1
20210106155525	1
20210106155525	1
20210106155525	1
20210106155525	1
20210106155525	1
20210106155525	1
20210106155525	1
20210106155525	1
20210106155525	1
20210106155525	1
20210106155525	1
20210106155525	1
20210106155525	1
20210106155525	1
20210106155525	1
20210106155525	1
20210106155525	1
20210106155525	1
20210106155525	1
20210106155525	1
20210106155525	1
20210106155525	1
20210106155525	1
20210106155525	1
20210106155525	1
20210106155525	1
20210106155525	1
20210106155526	1
20210106155526	1
20210106155526	1
20210106155526	1
20210106155526	1
20210106155526	1
20210106155526	1
20210106155526	1
20210106155526	1
20210106155526	1
20210106155526	1
20210106155526	1
20210106155526	1
20210106155526	1
20210106155526	1
20210106155526	1
20210106155526	1
20210106155526	1
20210106155526	1
20210106155526	1
20210106155526	1
20210106155526	1
20210106155526	1
20210106155526	1
20210106155526	1
20210106155526	1
20210106155526	1
20210106155526	1
20210106155526	1
20210106155526	1
20210106155526	1
20210106155526	1
20210106155526	1
20210106155526	1
20210106155526	1
20210106155526	1
20210106155526	1
20210106155526	1
20210106155526	1
20210106155526	1
20210106155526	1
20210106155526	1
20210106155526	1
20210106155527	1
20210106155527	1
20210106155527	1
20210106155527	1
20210106155527	1
20210106155527	1
20210106155527	1
20210106155527	1
20210106155527	1
20210106155527	1
20210106155527	1
20210106155527	1
20210106155527	1
20210106155527	1
20210106155527	1
20210106155527	1
20210106155527	1
20210106155527	1
20210106155527	1
20210106155527	1
20210106155527	1
20210106155527	1
20210106155527	1
20210106155527	1
20210106155527	1
20210106155527	1
20210106155527	1
20210106155527	1
20210106155527	1
20210106155527	1
20210106155527	1
20210106155527	1
20210106155527	1
20210106155527	1
20210106155527	1
20210106155527	1
20210106155527	1
20210106155527	1
20210106155527	1
20210106155527	1
20210106155527	1
20210106155527	1
20210106155527	1
20210106155527	1
20210106155527	1
20210106155527	1
20210106155527	1
20210106155527	1
20210106155527	1
20210106155527	1
20210106155528	1
20210106155528	1
20210106155528	1
20210106155528	1
20210106155528	1
20210106155528	1
20210106155528	1
20210106155528	1
20210106155528	1
20210106155528	1
20210106155528	1
20210106155528	1
20210106155528	1
20210106155528	1
20210106155528	1
20210106155528	1
20210106155528	1
20210106155528	1
20210106155528	1
20210106155528	1
20210106155528	1
20210106155528	1
20210106155528	1
20210106155529	1
20210106155529	1
20210106155529	1
20210106155529	1
20210106155529	1
20210106155529	1
20210106155529	1
20210106155529	1
20210106155529	1
20210106155529	1
20210106155529	1
20210106155529	1
20210106155529	1
20210106155529	1
20210106155529	1
20210106155529	1
20210106155529	1
20210106155529	1
20210106155529	1
20210106155529	1
20210106155529	1
20210106155529	1
20210106155529	1
20210106155529	1
20210106155529	1
20210106155529	1
20210106155529	1
20210106155529	1
20210106155529	1
20210106155529	1
20210106155529	1
20210106155529	1
20210106155529	1
20210106155529	1
20210106155529	1
20210106155529	1
20210106155529	1
20210106155529	1
20210106155529	1
20210106155529	1
20210106155529	1
20210106155529	1
20210106155529	1
20210106155529	1
20210106155529	1
20210106155529	1
20210106155530	1
20210106155530	1
20210106155530	1
20210106155530	1
20210106155530	1
20210106155530	1
20210106155530	1
20210106155530	1
20210106155530	1
20210106155530	1
20210106155530	1
20210106155530	1
20210106155530	1
20210106155530	1
20210106155530	1
20210106155530	1
20210106155530	1
20210106155530	1
20210106155530	1
20210106155530	1
20210106155530	1
20210106155530	1
20210106155530	1
20210106155530	1
20210106155530	1
20210106155530	1
20210106155530	1
20210106155530	1
20210106155530	1
20210106155530	1
20210106155530	1
20210106155530	1
20210106155530	1
20210106155530	1
20210106155531	1
20210106155531	1
20210106155531	1
20210106155531	1
20210106155531	1
20210106155531	1
20210106155531	1
20210106155531	1
20210106155531	1
20210106155531	1
20210106155531	1
20210106155531	1
20210106155531	1
20210106155531	1
20210106155531	1
20210106155531	1
20210106155531	1
20210106155531	1
20210106155531	1
20210106155532	1
20210106155532	1
20210106155532	1
20210106155532	1
20210106155532	1
20210106155532	1
20210106155532	1
20210106155532	1
20210106155532	1
20210106155532	1
20210106155532	1
20210106155532	1
20210106155532	1
20210106155532	1
20210106155532	1
20210106155532	1
20210106155532	1
20210106155532	1
20210106155532	1
20210106155532	1
20210106155532	1
20210106155532	1
20210106155532	1
20210106155532	1
20210106155532	1
20210106155532	1
20210106155532	1
20210106155532	1
20210106155532	1
20210106155532	1
20210106155532	1
20210106155532	1
20210106155532	1
20210106155532	1
20210106155532	1
20210106155532	1
20210106155532	1
20210106155532	1
20210106155533	1
20210106155533	1
20210106155533	1
20210106155533	1
20210106155533	1
20210106155533	1
20210106155533	1
20210106155533	1
20210106155533	1
20210106155533	1
20210106155533	1
20210106155533	1
20210106155533	1
20210106155533	1
20210106155533	1
20210106155533	1
20210106155533	1
20210106155533	1
20210106155533	1
20210106155533	1
20210106155533	1
20210106155533	1
20210106155533	1
20210106155533	1
20210106155533	1
20210106155533	1
20210106155533	1
20210106155533	1
20210106155533	1
20210106155533	1
20210106155533	1
20210106155533	1
20210106155533	1
20210106155533	1
20210106155533	1
20210106155533	1
20210106155533	1
20210106155533	1
20210106155533	1
20210106155533	1
20210106155533	1
20210106155533	1
20210106155533	1
20210106155533	1
20210106155533	1
20210106155533	1
20210106155534	1
20210106155534	1
20210106155534	1
20210106155534	1
20210106155534	1
20210106155534	1
20210106155534	1
20210106155534	1
20210106155534	1
20210106155534	1
20210106155534	1
20210106155534	1
20210106155534	1
20210106155534	1
20210106155534	1
20210106155534	1
20210106155534	1
20210106155534	1
20210106155534	1
20210106155534	1
20210106155534	1
20210106155534	1
20210106155534	1
20210106155534	1
20210106155534	1
20210106155534	1
20210106155534	1
20210106155534	1
20210106155534	1
20210106155534	1
20210106155534	1
20210106155534	1
20210106155534	1
20210106155534	1
20210106155534	1
20210106155534	1
20210106155534	1
20210106155534	1
20210106155534	1
20210106155534	1
20210106155534	1
20210106155534	1
20210106155534	1
20210106155534	1
20210106155534	1
20210106155534	1
20210106155534	1
20210106155534	1
20210106155534	1
20210106155534	1
20210106155534	1
20210106155534	1
20210106155534	1
20210106155534	1
20210106155534	1
20210106155534	1
20210106155534	1
20210106155534	1
20210106155534	1
20210106155534	1
20210106155535	1
20210106155535	1
20210106155535	1
20210106155535	1
20210106155535	1
20210106155535	1
20210106155535	1
20210106155535	1
20210106155535	1
20210106155535	1
20210106155535	1
20210106155535	1
20210106155535	1
20210106155535	1
20210106155535	1
20210106155535	1
20210106155535	1
20210106155535	1
20210106155535	1
20210106155535	1
20210106155535	1
20210106155535	1
20210106155535	1
20210106155535	1
20210106155535	1
20210106155535	1
20210106155535	1
20210106155535	1
20210106155535	1
20210106155535	1
20210106155535	1
20210106155535	1
20210106155535	1
20210106155535	1
20210106155535	1
20210106155535	1
20210106155535	1
20210106155536	1
20210106155536	1
20210106155536	1
20210106155536	1
20210106155536	1
20210106155536	1
20210106155536	1
20210106155536	1
20210106155536	1
20210106155536	1
20210106155536	1
20210106155536	1
20210106155536	1
20210106155536	1
20210106155536	1
20210106155536	1
20210106155536	1
20210106155536	1
20210106155536	1
20210106155536	1
20210106155536	1
20210106155536	1
20210106155536	1
20210106155536	1
20210106155536	1
20210106155536	1
20210106155536	1
20210106155536	1
20210106155536	1
20210106155536	1
20210106155536	1
20210106155536	1
20210106155536	1
20210106155537	1
20210106155537	1
20210106155537	1
20210106155537	1
20210106155537	1
20210106155537	1
20210106155537	1
20210106155537	1
20210106155537	1
20210106155537	1
20210106155537	1
20210106155537	1
20210106155537	1
20210106155537	1
20210106155537	1
20210106155537	1
20210106155537	1
20210106155537	1
20210106155537	1
20210106155537	1
20210106155537	1
20210106155537	1
20210106155537	1
20210106155537	1
20210106155537	1
20210106155537	1
20210106155537	1
20210106155537	1
20210106155537	1
20210106155537	1
20210106155538	1
20210106155538	1
20210106155538	1
20210106155538	1
20210106155538	1
20210106155538	1
20210106155538	1
20210106155538	1
20210106155538	1
20210106155538	1
20210106155538	1
20210106155538	1
20210106155538	1
20210106155538	1
20210106155538	1
20210106155538	1
20210106155538	1
20210106155538	1
20210106155538	1
20210106155538	1
20210106155538	1
20210106155538	1
20210106155538	1
20210106155538	1
20210106155538	1
20210106155538	1
20210106155538	1
20210106155538	1
20210106155538	1
20210106155538	1
20210106155538	1
20210106155538	1
20210106155538	1
20210106155538	1
20210106155538	1
20210106155538	1
20210106155538	1
20210106155538	1
20210106155538	1
20210106155538	1
20210106155538	1
20210106155538	1
20210106155538	1
20210106155538	1
20210106155538	1
20210106155538	1
20210106155538	1
20210106155538	1
20210106155538	1
20210106155538	1
20210106155538	1
20210106155538	1
20210106155539	1
20210106155539	1
20210106155539	1
20210106155539	1
20210106155539	1
20210106155539	1
20210106155539	1
20210106155539	1
20210106155539	1
20210106155539	1
20210106155539	1
20210106155539	1
20210106155539	1
20210106155539	1
20210106155539	1
20210106155539	1
20210106155539	1
20210106155539	1
20210106155539	1
20210106155539	1
20210106155539	1
20210106155539	1
20210106155539	1
20210106155539	1
20210106155539	1
20210106155539	1
20210106155539	1
20210106155539	1
20210106155539	1
20210106155539	1
20210106155539	1
20210106155539	1
20210106155539	1
20210106155539	1
20210106155539	1
20210106155539	1
20210106155539	1
20210106155539	1
20210106155539	1
20210106155539	1
20210106155539	1
20210106155539	1
20210106155539	1
20210106155539	1
20210106155539	1
20210106155539	1
20210106155539	1
20210106155539	1
20210106155539	1
20210106155539	1
20210106155539	1
20210106155539	1
20210106155539	1
20210106155539	1
20210106155539	1
20210106155539	1
20210106155540	1
20210106155540	1
20210106155540	1
20210106155540	1
20210106155540	1
20210106155540	1
20210106155540	1
20210106155540	1
20210106155540	1
20210106155540	1
20210106155540	1
20210106155540	1
20210106155540	1
20210106155540	1
20210106155540	1
20210106155540	1
20210106155540	1
20210106155540	1
20210106155540	1
20210106155540	1
20210106155540	1
20210106155540	1
20210106155540	1
20210106155540	1
20210106155540	1
20210106155540	1
20210106155540	1
20210106155540	1
20210106155540	1
20210106155540	1
20210106155540	1
20210106155540	1
20210106155540	1
20210106155540	1
20210106155540	1
20210106155540	1
20210106155540	1
20210106155540	1
20210106155540	1
20210106155540	1
20210106155540	1
20210106155540	1
20210106155540	1
20210106155540	1
20210106155540	1
20210106155540	1
20210106155540	1
20210106155540	1
20210106155540	1
20210106155540	1
20210106155541	1
20210106155541	1
20210106155541	1
20210106155541	1
20210106155541	1
20210106155541	1
20210106155541	1
20210106155541	1
20210106155541	1
20210106155541	1
20210106155541	1
20210106155541	1
20210106155541	1
20210106155541	1
20210106155541	1
20210106155541	1
20210106155541	1
20210106155541	1
20210106155541	1
20210106155541	1
20210106155541	1
20210106155541	1
20210106155541	1
20210106155541	1
20210106155541	1
20210106155541	1
20210106155541	1
20210106155541	1
20210106155541	1
20210106155541	1
20210106155541	1
20210106155541	1
20210106155541	1
20210106155541	1
20210106155541	1
20210106155541	1
20210106155541	1
20210106155541	1
20210106155541	1
20210106155541	1
20210106155541	1
20210106155541	1
20210106155541	1
20210106155541	1
20210106155541	1
20210106155542	1
20210106155542	1
20210106155542	1
20210106155542	1
20210106155542	1
20210106155542	1
20210106155542	1
20210106155542	1
20210106155542	1
20210106155542	1
20210106155542	1
20210106155542	1
20210106155542	1
20210106155542	1
20210106155542	1
20210106155542	1
20210106155542	1
20210106155542	1
20210106155542	1
20210106155542	1
20210106155542	1
20210106155542	1
20210106155542	1
20210106155542	1
20210106155542	1
20210106155542	1
20210106155542	1
20210106155542	1
20210106155542	1
20210106155542	1
20210106155542	1
20210106155542	1
20210106155542	1
20210106155542	1
20210106155542	1
20210106155542	1
20210106155542	1
20210106155542	1
20210106155542	1
20210106155542	1
20210106155542	1
20210106155542	1
20210106155542	1
20210106155542	1
20210106155542	1
20210106155542	1
20210106155542	1
20210106155543	1
20210106155543	1
20210106155543	1
20210106155543	1
20210106155543	1
20210106155543	1
20210106155543	1
20210106155543	1
20210106155543	1
20210106155543	1
20210106155543	1
20210106155543	1
20210106155543	1
20210106155543	1
20210106155543	1
20210106155543	1
20210106155543	1
20210106155543	1
20210106155543	1
20210106155543	1
20210106155543	1
20210106155543	1
20210106155543	1
20210106155543	1
20210106155543	1
20210106155543	1
20210106155543	1
20210106155543	1
20210106155543	1
20210106155543	1
20210106155543	1
20210106155543	1
20210106155543	1
20210106155544	1
20210106155544	1
20210106155544	1
20210106155544	1
20210106155544	1
20210106155544	1
20210106155544	1
20210106155544	1
20210106155544	1
20210106155544	1
20210106155544	1
20210106155544	1
20210106155544	1
20210106155544	1
20210106155544	1
20210106155544	1
20210106155544	1
20210106155544	1
20210106155544	1
20210106155544	1
20210106155544	1
20210106155544	1
20210106155544	1
20210106155544	1
20210106155544	1
20210106155544	1
20210106155544	1
20210106155544	1
20210106155544	1
20210106155544	1
20210106155544	1
20210106155544	1
20210106155544	1
20210106155544	1
20210106155544	1
20210106155544	1
20210106155544	1
20210106155545	1
20210106155545	1
20210106155545	1
20210106155545	1
20210106155545	1
20210106155545	1
20210106155545	1
20210106155545	1
20210106155545	1
20210106155545	1
20210106155545	1
20210106155545	1
20210106155545	1
20210106155545	1
20210106155545	1
20210106155545	1
20210106155545	1
20210106155545	1
20210106155545	1
20210106155545	1
20210106155545	1
20210106155545	1
20210106155545	1
20210106155545	1
20210106155545	1
20210106155545	1
20210106155545	1
20210106155545	1
20210106155545	1
20210106155545	1
20210106155545	1
20210106155545	1
20210106155545	1
20210106155545	1
20210106155545	1
20210106155545	1
20210106155545	1
20210106155545	1
20210106155545	1
20210106155545	1
20210106155545	1
20210106155545	1
20210106155545	1
20210106155545	1
20210106155545	1
20210106155545	1
20210106155545	1
20210106155545	1
20210106155545	1
20210106155545	1
20210106155545	1
20210106155545	1
20210106155545	1
20210106155545	1
20210106155545	1
20210106155545	1
20210106155545	1
20210106155545	1
20210106155545	1
20210106155545	1
20210106155545	1
20210106155545	1
20210106155545	1
20210106155545	1
20210106155545	1
20210106155545	1
20210106155545	1
20210106155546	1
20210106155546	1
20210106155546	1
20210106155546	1
20210106155546	1
20210106155546	1
20210106155546	1
20210106155546	1
20210106155546	1
20210106155546	1
20210106155546	1
20210106155546	1
20210106155546	1
20210106155546	1
20210106155546	1
20210106155546	1
20210106155546	1
20210106155546	1
20210106155546	1
20210106155546	1
20210106155546	1
20210106155546	1
20210106155546	1
20210106155546	1
20210106155546	1
20210106155546	1
20210106155546	1
20210106155546	1
20210106155546	1
20210106155546	1
20210106155546	1
20210106155546	1
20210106155546	1
20210106155546	1
20210106155546	1
20210106155546	1
20210106155546	1
20210106155546	1
20210106155546	1
20210106155546	1
20210106155546	1
20210106155546	1
20210106155546	1
20210106155546	1
20210106155546	1
20210106155546	1
20210106155546	1
20210106155546	1
20210106155546	1
20210106155547	1
20210106155547	1
20210106155547	1
20210106155547	1
20210106155547	1
20210106155547	1
20210106155547	1
20210106155547	1
20210106155547	1
20210106155547	1
20210106155547	1
20210106155547	1
20210106155547	1
20210106155547	1
20210106155547	1
20210106155547	1
20210106155547	1
20210106155547	1
20210106155547	1
20210106155547	1
20210106155547	1
20210106155547	1
20210106155547	1
20210106155547	1
20210106155547	1
20210106155547	1
20210106155547	1
20210106155547	1
20210106155547	1
20210106155547	1
20210106155547	1
20210106155547	1
20210106155547	1
20210106155547	1
20210106155547	1
20210106155547	1
20210106155547	1
20210106155547	1
20210106155547	1
20210106155547	1
20210106155548	1
20210106155548	1
20210106155548	1
20210106155548	1
20210106155548	1
20210106155548	1
20210106155548	1
20210106155548	1
20210106155548	1
20210106155548	1
20210106155548	1
20210106155548	1
20210106155548	1
20210106155548	1
20210106155548	1
20210106155548	1
20210106155548	1
20210106155548	1
20210106155548	1
20210106155548	1
20210106155548	1
20210106155548	1
20210106155548	1
20210106155548	1
20210106155548	1
20210106155548	1
20210106155548	1
20210106155548	1
20210106155548	1
20210106155548	1
20210106155548	1
20210106155548	1
20210106155548	1
20210106155548	1
20210106155548	1
20210106155548	1
20210106155548	1
20210106155548	1
20210106155548	1
20210106155548	1
20210106155548	1
20210106155548	1
20210106155548	1
20210106155548	1
20210106155548	1
20210106155548	1
20210106155548	1
20210106155548	1
20210106155548	1
20210106155548	1
20210106155549	1
20210106155549	1
20210106155549	1
20210106155549	1
20210106155549	1
20210106155549	1
20210106155549	1
20210106155549	1
20210106155549	1
20210106155549	1
20210106155549	1
20210106155549	1
20210106155549	1
20210106155549	1
20210106155549	1
20210106155549	1
20210106155549	1
20210106155549	1
20210106155549	1
20210106155549	1
20210106155549	1
20210106155549	1
20210106155549	1
20210106155549	1
20210106155549	1
20210106155549	1
20210106155549	1
20210106155549	1
20210106155549	1
20210106155549	1
20210106155549	1
20210106155549	1
20210106155549	1
20210106155549	1
20210106155549	1
20210106155549	1
20210106155549	1
20210106155549	1
20210106155549	1
20210106155549	1
20210106155549	1
20210106155550	1
20210106155550	1
20210106155550	1
20210106155550	1
20210106155550	1
20210106155550	1
20210106155550	1
20210106155550	1
20210106155550	1
20210106155550	1
20210106155550	1
20210106155550	1
20210106155550	1
20210106155550	1
20210106155550	1
20210106155550	1
20210106155550	1
20210106155550	1
20210106155550	1
20210106155550	1
20210106155550	1
20210106155550	1
20210106155550	1
20210106155550	1
20210106155550	1
20210106155550	1
20210106155550	1
20210106155550	1
20210106155550	1
20210106155550	1
20210106155550	1
20210106155550	1
20210106155550	1
20210106155550	1
20210106155550	1
20210106155550	1
20210106155550	1
20210106155550	1
20210106155550	1
20210106155550	1
20210106155551	1
20210106155551	1
20210106155551	1
20210106155551	1
20210106155551	1
20210106155551	1
20210106155551	1
20210106155551	1
20210106155551	1
20210106155551	1
20210106155551	1
20210106155551	1
20210106155551	1
20210106155551	1
20210106155551	1
20210106155551	1
20210106155551	1
20210106155551	1
20210106155551	1
20210106155551	1
20210106155551	1
20210106155551	1
20210106155551	1
20210106155551	1
20210106155551	1
20210106155551	1
20210106155551	1
20210106155551	1
20210106155551	1
20210106155551	1
20210106155551	1
20210106155551	1
20210106155551	1
20210106155551	1
20210106155551	1
20210106155551	1
20210106155551	1
20210106155551	1
20210106155552	1
20210106155552	1
20210106155552	1
20210106155552	1
20210106155552	1
20210106155552	1
20210106155552	1
20210106155552	1
20210106155552	1
20210106155552	1
20210106155552	1
20210106155552	1
20210106155552	1
20210106155552	1
20210106155552	1
20210106155552	1
20210106155552	1
20210106155552	1
20210106155552	1
20210106155553	1
20210106155553	1
20210106155553	1
20210106155553	1
20210106155553	1
20210106155553	1
20210106155553	1
20210106155553	1
20210106155553	1
20210106155553	1
20210106155553	1
20210106155553	1
20210106155553	1
20210106155553	1
20210106155553	1
20210106155553	1
20210106155553	1
20210106155553	1
20210106155553	1
20210106155553	1
20210106155553	1
20210106155553	1
20210106155553	1
20210106155553	1
20210106155553	1
20210106155553	1
20210106155554	1
20210106155554	1
20210106155554	1
20210106155554	1
20210106155554	1
20210106155554	1
20210106155554	1
20210106155554	1
20210106155554	1
20210106155554	1
20210106155554	1
20210106155554	1
20210106155554	1
20210106155554	1
20210106155554	1
20210106155554	1
20210106155554	1
20210106155554	1
20210106155554	1
20210106155554	1
20210106155554	1
20210106155554	1
20210106155554	1
20210106155554	1
20210106155554	1
20210106155554	1
20210106155554	1
20210106155554	1
20210106155554	1
20210106155554	1
20210106155554	1
20210106155554	1
20210106155554	1
20210106155554	1
20210106155554	1
20210106155554	1
20210106155554	1
20210106155554	1
20210106155554	1
20210106155554	1
20210106155554	1
20210106155554	1
20210106155554	1
20210106155555	1
20210106155555	1
20210106155555	1
20210106155555	1
20210106155555	1
20210106155555	1
20210106155555	1
20210106155555	1
20210106155555	1
20210106155555	1
20210106155555	1
20210106155555	1
20210106155555	1
20210106155555	1
20210106155555	1
20210106155555	1
20210106155555	1
20210106155555	1
20210106155555	1
20210106155555	1
20210106155555	1
20210106155555	1
20210106155555	1
20210106155555	1
20210106155555	1
20210106155555	1
20210106155555	1
20210106155555	1
20210106155555	1
20210106155555	1
20210106155555	1
20210106155555	1
20210106155555	1
20210106155555	1
20210106155555	1
20210106155555	1
20210106155555	1
20210106155555	1
20210106155555	1
20210106155555	1
20210106155556	1
20210106155556	1
20210106155556	1
20210106155556	1
20210106155556	1
20210106155556	1
20210106155556	1
20210106155556	1
20210106155556	1
20210106155556	1
20210106155556	1
20210106155556	1
20210106155556	1
20210106155556	1
20210106155556	1
20210106155556	1
20210106155556	1
20210106155556	1
20210106155556	1
20210106155556	1
20210106155556	1
20210106155556	1
20210106155556	1
20210106155556	1
20210106155556	1
20210106155556	1
20210106155556	1
20210106155556	1
20210106155556	1
20210106155556	1
20210106155556	1
20210106155556	1
20210106155556	1
20210106155556	1
20210106155557	1
20210106155557	1
20210106155557	1
20210106155557	1
20210106155557	1
20210106155557	1
20210106155557	1
20210106155557	1
20210106155557	1
20210106155557	1
20210106155557	1
20210106155557	1
20210106155557	1
20210106155557	1
20210106155557	1
20210106155557	1
20210106155557	1
20210106155557	1
20210106155557	1
20210106155557	1
20210106155557	1
20210106155557	1
20210106155557	1
20210106155557	1
20210106155557	1
20210106155557	1
20210106155557	1
20210106155557	1
20210106155557	1
20210106155557	1
20210106155557	1
20210106155557	1
20210106155557	1
20210106155557	1
20210106155557	1
20210106155557	1
20210106155557	1
20210106155557	1
20210106155557	1
20210106155558	1
20210106155558	1
20210106155558	1
20210106155558	1
20210106155558	1
20210106155558	1
20210106155558	1
20210106155558	1
20210106155558	1
20210106155558	1
20210106155558	1
20210106155558	1
20210106155558	1
20210106155558	1
20210106155558	1
20210106155558	1
20210106155558	1
20210106155558	1
20210106155558	1
20210106155558	1
20210106155558	1
20210106155558	1
20210106155558	1
20210106155558	1
20210106155558	1
20210106155558	1
20210106155558	1
20210106155558	1
20210106155558	1
20210106155558	1
20210106155558	1
20210106155558	1
20210106155558	1
20210106155558	1
20210106155558	1
20210106155558	1
20210106155558	1
20210106155558	1
20210106155558	1
20210106155558	1
20210106155558	1
20210106155558	1
20210106155558	1
20210106155558	1
20210106155559	1
20210106155559	1
20210106155559	1
20210106155559	1
20210106155559	1
20210106155559	1
20210106155559	1
20210106155559	1
20210106155559	1
20210106155559	1
20210106155559	1
20210106155559	1
20210106155559	1
20210106155559	1
20210106155559	1
20210106155559	1
20210106155559	1
20210106155559	1
20210106155559	1
20210106155559	1
20210106155559	1
20210106155559	1
20210106155559	1
20210106155559	1
20210106155559	1
20210106155559	1
20210106155559	1
20210106155559	1
20210106155559	1
20210106155559	1
20210106155559	1
20210106155559	1
20210106155559	1
20210106155559	1
20210106155559	1
20210106155559	1
20210106155559	1
20210106155559	1
20210106155559	1
20210106155600	1
20210106155600	1
20210106155600	1
20210106155600	1
20210106155600	1
20210106155600	1
20210106155600	1
20210106155600	1
20210106155600	1
20210106155600	1
20210106155600	1
20210106155600	1
20210106155600	1
20210106155600	1
20210106155600	1
20210106155600	1
20210106155600	1
20210106155600	1
20210106155600	1
20210106155600	1
20210106155600	1
20210106155600	1
20210106155600	1
20210106155600	1
20210106155600	1
20210106155600	1
20210106155600	1
20210106155600	1
20210106155600	1
20210106155600	1
20210106155600	1
20210106155600	1
20210106155600	1
20210106155600	1
20210106155600	1
20210106155600	1
20210106155600	1
20210106155600	1
20210106155600	1
20210106155600	1
20210106155601	1
20210106155601	1
20210106155601	1
20210106155601	1
20210106155601	1
20210106155601	1
20210106155601	1
20210106155601	1
20210106155601	1
20210106155601	1
20210106155601	1
20210106155601	1
20210106155601	1
20210106155601	1
20210106155601	1
20210106155601	1
20210106155601	1
20210106155601	1
20210106155601	1
20210106155601	1
20210106155601	1
20210106155601	1
20210106155601	1
20210106155601	1
20210106155601	1
20210106155601	1
20210106155601	1
20210106155601	1
20210106155601	1
20210106155601	1
20210106155601	1
20210106155601	1
20210106155601	1
20210106155601	1
20210106155601	1
20210106155601	1
20210106155601	1
20210106155601	1
20210106155601	1
20210106155601	1
20210106155601	1
20210106155601	1
20210106155601	1
20210106155601	1
20210106155601	1
20210106155601	1
20210106155601	1
20210106155601	1
20210106155601	1
20210106155601	1
20210106155601	1
20210106155601	1
20210106155601	1
20210106155602	1
20210106155602	1
20210106155602	1
20210106155602	1
20210106155602	1
20210106155602	1
20210106155602	1
20210106155602	1
20210106155602	1
20210106155602	1
20210106155602	1
20210106155602	1
20210106155602	1
20210106155602	1
20210106155602	1
20210106155602	1
20210106155602	1
20210106155602	1
20210106155602	1
20210106155602	1
20210106155602	1
20210106155602	1
20210106155602	1
20210106155602	1
20210106155602	1
20210106155602	1
20210106155602	1
20210106155602	1
20210106155602	1
20210106155602	1
20210106155602	1
20210106155602	1
20210106155602	1
20210106155602	1
20210106155602	1
20210106155602	1
20210106155602	1
20210106155602	1
20210106155602	1
20210106155602	1
20210106155602	1
20210106155602	1
20210106155602	1
20210106155602	1
20210106155602	1
20210106155602	1
20210106155602	1
20210106155602	1
20210106155602	1
20210106155602	1
20210106155602	1
20210106155602	1
20210106155602	1
20210106155602	1
20210106155602	1
20210106155602	1
20210106155602	1
20210106155602	1
20210106155602	1
20210106155602	1
20210106155602	1
20210106155602	1
20210106155602	1
20210106155602	1
20210106155602	1
20210106155602	1
20210106155602	1
20210106155602	1
20210106155602	1
20210106155602	1
20210106155602	1
20210106155602	1
20210106155602	1
20210106155602	1
20210106155602	1
20210106155602	1
20210106155602	1
20210106155602	1
20210106155602	1
20210106155602	1
20210106155602	1
20210106155602	1
20210106155602	1
20210106155602	1
20210106155603	1
20210106155603	1
20210106155603	1
20210106155603	1
20210106155603	1
20210106155603	1
20210106155603	1
20210106155603	1
20210106155603	1
20210106155603	1
20210106155603	1
20210106155603	1
20210106155603	1
20210106155603	1
20210106155603	1
20210106155603	1
20210106155603	1
20210106155603	1
20210106155603	1
20210106155603	1
20210106155603	1
20210106155603	1
20210106155603	1
20210106155603	1
20210106155604	1
20210106155604	1
20210106155604	1
20210106155604	1
20210106155604	1
20210106155604	1
20210106155604	1
20210106155604	1
20210106155604	1
20210106155604	1
20210106155604	1
20210106155604	1
20210106155604	1
20210106155604	1
20210106155604	1
20210106155604	1
20210106155604	1
20210106155604	1
20210106155604	1
20210106155604	1
20210106155604	1
20210106155604	1
20210106155604	1
20210106155604	1
20210106155604	1
20210106155604	1
20210106155604	1
20210106155604	1
20210106155604	1
20210106155604	1
20210106155604	1
20210106155604	1
20210106155604	1
20210106155604	1
20210106155604	1
20210106155604	1
20210106155604	1
20210106155604	1
20210106155604	1
20210106155604	1
20210106155604	1
20210106155604	1
20210106155604	1
20210106155605	1
20210106155605	1
20210106155605	1
20210106155605	1
20210106155605	1
20210106155605	1
20210106155605	1
20210106155605	1
20210106155605	1
20210106155605	1
20210106155605	1
20210106155605	1
20210106155605	1
20210106155605	1
20210106155605	1
20210106155605	1
20210106155605	1
20210106155605	1
20210106155605	1
20210106155605	1
20210106155605	1
20210106155605	1
20210106155605	1
20210106155605	1
20210106155605	1
20210106155605	1
20210106155605	1
20210106155605	1
20210106155605	1
20210106155605	1
20210106155605	1
20210106155605	1
20210106155605	1
20210106155605	1
20210106155605	1
20210106155605	1
20210106155605	1
20210106155605	1
20210106155606	1
20210106155606	1
20210106155606	1
20210106155606	1
20210106155606	1
20210106155606	1
20210106155606	1
20210106155606	1
20210106155606	1
20210106155606	1
20210106155606	1
20210106155606	1
20210106155606	1
20210106155606	1
20210106155606	1
20210106155606	1
20210106155606	1
20210106155606	1
20210106155606	1
20210106155606	1
20210106155606	1
20210106155606	1
20210106155606	1
20210106155606	1
20210106155606	1
20210106155606	1
20210106155606	1
20210106155606	1
20210106155607	1
20210106155607	1
20210106155607	1
20210106155607	1
20210106155607	1
20210106155607	1
20210106155607	1
20210106155607	1
20210106155607	1
20210106155607	1
20210106155607	1
20210106155607	1
20210106155607	1
20210106155607	1
20210106155607	1
20210106155607	1
20210106155607	1
20210106155607	1
20210106155607	1
20210106155607	1
20210106155607	1
20210106155607	1
20210106155607	1
20210106155607	1
20210106155607	1
20210106155607	1
20210106155607	1
20210106155607	1
20210106155607	1
20210106155607	1
20210106155607	1
20210106155607	1
20210106155608	1
20210106155608	1
20210106155608	1
20210106155608	1
20210106155608	1
20210106155608	1
20210106155608	1
20210106155608	1
20210106155608	1
20210106155608	1
20210106155608	1
20210106155608	1
20210106155608	1
20210106155608	1
20210106155608	1
20210106155608	1
20210106155608	1
20210106155608	1
20210106155608	1
20210106155608	1
20210106155608	1
20210106155608	1
20210106155608	1
20210106155608	1
20210106155608	1
20210106155608	1
20210106155608	1
20210106155608	1
20210106155608	1
20210106155608	1
20210106155608	1
20210106155608	1
20210106155608	1
20210106155608	1
20210106155608	1
20210106155608	1
20210106155608	1
20210106155608	1
20210106155608	1
20210106155608	1
20210106155608	1
20210106155608	1
20210106155608	1
20210106155608	1
20210106155608	1
20210106155608	1
20210106155608	1
20210106155608	1
20210106155608	1
20210106155608	1
20210106155608	1
20210106155608	1
20210106155608	1
20210106155608	1
20210106155609	1
20210106155609	1
20210106155609	1
20210106155609	1
20210106155609	1
20210106155609	1
20210106155609	1
20210106155609	1
20210106155609	1
20210106155609	1
20210106155609	1
20210106155609	1
20210106155609	1
20210106155609	1
20210106155609	1
20210106155609	1
20210106155609	1
20210106155609	1
20210106155609	1
20210106155609	1
20210106155609	1
20210106155609	1
20210106155609	1
20210106155609	1
20210106155609	1
20210106155609	1
20210106155609	1
20210106155609	1
20210106155609	1
20210106155609	1
20210106155609	1
20210106155609	1
20210106155609	1
20210106155609	1
20210106155609	1
20210106155609	1
20210106155609	1
20210106155609	1
20210106155609	1
20210106155609	1
20210106155609	1
20210106155609	1
20210106155609	1
20210106155609	1
20210106155609	1
20210106155609	1
20210106155609	1
20210106155609	1
20210106155609	1
20210106155609	1
20210106155609	1
20210106155609	1
20210106155609	1
20210106155610	1
20210106155610	1
20210106155610	1
20210106155610	1
20210106155610	1
20210106155610	1
20210106155610	1
20210106155610	1
20210106155610	1
20210106155610	1
20210106155610	1
20210106155610	1
20210106155610	1
20210106155610	1
20210106155610	1
20210106155610	1
20210106155610	1
20210106155610	1
20210106155610	1
20210106155610	1
20210106155610	1
20210106155610	1
20210106155610	1
20210106155610	1
20210106155610	1
20210106155610	1
20210106155610	1
20210106155610	1
20210106155610	1
20210106155610	1
20210106155610	1
20210106155610	1
20210106155610	1
20210106155610	1
20210106155610	1
20210106155610	1
20210106155610	1
20210106155610	1
20210106155611	1
20210106155611	1
20210106155611	1
20210106155611	1
20210106155611	1
20210106155611	1
20210106155611	1
20210106155611	1
20210106155611	1
20210106155611	1
20210106155611	1
20210106155611	1
20210106155611	1
20210106155611	1
20210106155611	1
20210106155611	1
20210106155611	1
20210106155611	1
20210106155611	1
20210106155611	1
20210106155611	1
20210106155611	1
20210106155611	1
20210106155611	1
20210106155611	1
20210106155611	1
20210106155611	1
20210106155611	1
20210106155611	1
20210106155611	1
20210106155611	1
20210106155611	1
20210106155611	1
20210106155611	1
20210106155611	1
20210106155611	1
20210106155611	1
20210106155611	1
20210106155611	1
20210106155611	1
20210106155611	1
20210106155611	1
20210106155611	1
20210106155611	1
20210106155611	1
20210106155611	1
20210106155611	1
20210106155611	1
20210106155611	1
20210106155611	1
20210106155611	1
20210106155611	1
20210106155611	1
20210106155611	1
20210106155611	1
20210106155611	1
20210106155612	1
20210106155612	1
20210106155612	1
20210106155612	1
20210106155612	1
20210106155612	1
20210106155612	1
20210106155612	1
20210106155612	1
20210106155612	1
20210106155612	1
20210106155612	1
20210106155612	1
20210106155612	1
20210106155612	1
20210106155612	1
20210106155612	1
20210106155612	1
20210106155612	1
20210106155612	1
20210106155612	1
20210106155612	1
20210106155612	1
20210106155612	1
20210106155612	1
20210106155612	1
20210106155612	1
20210106155612	1
20210106155612	1
20210106155612	1
20210106155612	1
20210106155612	1
20210106155612	1
20210106155612	1
20210106155613	1
20210106155613	1
20210106155613	1
20210106155613	1
20210106155613	1
20210106155613	1
20210106155613	1
20210106155613	1
20210106155613	1
20210106155613	1
20210106155613	1
20210106155613	1
20210106155613	1
20210106155613	1
20210106155613	1
20210106155613	1
20210106155613	1
20210106155613	1
20210106155613	1
20210106155613	1
20210106155613	1
20210106155613	1
20210106155613	1
20210106155613	1
20210106155613	1
20210106155613	1
20210106155613	1
20210106155613	1
20210106155613	1
20210106155613	1
20210106155613	1
20210106155613	1
20210106155613	1
20210106155613	1
20210106155613	1
20210106155613	1
20210106155613	1
20210106155613	1
20210106155614	1
20210106155614	1
20210106155614	1
20210106155614	1
20210106155614	1
20210106155614	1
20210106155614	1
20210106155614	1
20210106155614	1
20210106155614	1
20210106155614	1
20210106155614	1
20210106155614	1
20210106155614	1
20210106155614	1
20210106155614	1
20210106155614	1
20210106155614	1
20210106155614	1
20210106155614	1
20210106155614	1
20210106155614	1
20210106155614	1
20210106155614	1
20210106155614	1
20210106155614	1
20210106155614	1
20210106155614	1
20210106155614	1
20210106155614	1
20210106155614	1
20210106155614	1
20210106155614	1
20210106155614	1
20210106155614	1
20210106155614	1
20210106155614	1
20210106155614	1
20210106155614	1
20210106155614	1
20210106155614	1
20210106155614	1
20210106155614	1
20210106155614	1
20210106155614	1
20210106155614	1
20210106155615	1
20210106155615	1
20210106155615	1
20210106155615	1
20210106155615	1
20210106155615	1
20210106155615	1
20210106155615	1
20210106155615	1
20210106155615	1
20210106155615	1
20210106155615	1
20210106155615	1
20210106155615	1
20210106155615	1
20210106155615	1
20210106155615	1
20210106155615	1
20210106155615	1
20210106155615	1
20210106155615	1
20210106155615	1
20210106155615	1
20210106155615	1
20210106155615	1
20210106155615	1
20210106155615	1
20210106155615	1
20210106155615	1
20210106155615	1
20210106155615	1
20210106155615	1
20210106155615	1
20210106155615	1
20210106155615	1
20210106155615	1
20210106155615	1
20210106155615	1
20210106155615	1
20210106155615	1
20210106155615	1
20210106155615	1
20210106155615	1
20210106155615	1
20210106155615	1
20210106155615	1
20210106155615	1
20210106155615	1
20210106155615	1
20210106155615	1
20210106155615	1
20210106155615	1
20210106155616	1
20210106155616	1
20210106155616	1
20210106155616	1
20210106155616	1
20210106155616	1
20210106155616	1
20210106155616	1
20210106155616	1
20210106155616	1
20210106155616	1
20210106155616	1
20210106155616	1
20210106155616	1
20210106155616	1
20210106155616	1
20210106155616	1
20210106155616	1
20210106155616	1
20210106155616	1
20210106155616	1
20210106155616	1
20210106155616	1
20210106155616	1
20210106155616	1
20210106155616	1
20210106155617	1
20210106155617	1
20210106155617	1
20210106155617	1
20210106155617	1
20210106155617	1
20210106155617	1
20210106155617	1
20210106155617	1
20210106155617	1
20210106155617	1
20210106155617	1
20210106155617	1
20210106155617	1
20210106155617	1
20210106155617	1
20210106155617	1
20210106155617	1
20210106155617	1
20210106155617	1
20210106155617	1
20210106155617	1
20210106155617	1
20210106155617	1
20210106155617	1
20210106155617	1
20210106155617	1
20210106155617	1
20210106155617	1
20210106155618	1
20210106155618	1
20210106155618	1
20210106155618	1
20210106155618	1
20210106155618	1
20210106155618	1
20210106155618	1
20210106155618	1
20210106155618	1
20210106155618	1
20210106155618	1
20210106155618	1
20210106155618	1
20210106155618	1
20210106155618	1
20210106155618	1
20210106155618	1
20210106155618	1
20210106155618	1
20210106155618	1
20210106155618	1
20210106155618	1
20210106155618	1
20210106155618	1
20210106155618	1
20210106155618	1
20210106155618	1
20210106155618	1
20210106155618	1
20210106155618	1
20210106155618	1
20210106155618	1
20210106155618	1
20210106155618	1
20210106155618	1
20210106155618	1
20210106155618	1
20210106155618	1
20210106155618	1
20210106155618	1
20210106155618	1
20210106155618	1
20210106155618	1
20210106155618	1
20210106155618	1
20210106155618	1
20210106155618	1
20210106155618	1
20210106155618	1
20210106155618	1
20210106155619	1
20210106155619	1
20210106155619	1
20210106155619	1
20210106155619	1
20210106155619	1
20210106155619	1
20210106155619	1
20210106155619	1
20210106155619	1
20210106155619	1
20210106155619	1
20210106155619	1
20210106155619	1
20210106155619	1
20210106155619	1
20210106155619	1
20210106155619	1
20210106155619	1
20210106155619	1
20210106155619	1
20210106155619	1
20210106155619	1
20210106155619	1
20210106155619	1
20210106155619	1
20210106155619	1
20210106155619	1
20210106155619	1
20210106155619	1
20210106155619	1
20210106155619	1
20210106155619	1
20210106155619	1
20210106155619	1
20210106155619	1
20210106155619	1
20210106155619	1
20210106155619	1
20210106155619	1
20210106155620	1
20210106155620	1
20210106155620	1
20210106155620	1
20210106155620	1
20210106155620	1
20210106155620	1
20210106155620	1
20210106155620	1
20210106155620	1
20210106155620	1
20210106155620	1
20210106155620	1
20210106155620	1
20210106155620	1
20210106155620	1
20210106155620	1
20210106155620	1
20210106155620	1
20210106155620	1
20210106155620	1
20210106155620	1
20210106155620	1
20210106155620	1
20210106155620	1
20210106155620	1
20210106155620	1
20210106155620	1
20210106155620	1
20210106155620	1
20210106155620	1
20210106155620	1
20210106155620	1
20210106155620	1
20210106155620	1
20210106155620	1
20210106155620	1
20210106155620	1
20210106155620	1
20210106155620	1
20210106155620	1
20210106155620	1
20210106155620	1
20210106155620	1
20210106155620	1
20210106155620	1
20210106155620	1
20210106155620	1
20210106155620	1
20210106155620	1
20210106155620	1
20210106155620	1
20210106155620	1
20210106155620	1
20210106155620	1
20210106155620	1
20210106155620	1
20210106155620	1
20210106155620	1
20210106155620	1
20210106155620	1
20210106155620	1
20210106155620	1
20210106155620	1
20210106155621	1
20210106155621	1
20210106155621	1
20210106155621	1
20210106155621	1
20210106155621	1
20210106155621	1
20210106155621	1
20210106155621	1
20210106155621	1
20210106155621	1
20210106155621	1
20210106155621	1
20210106155621	1
20210106155621	1
20210106155621	1
20210106155621	1
20210106155621	1
20210106155621	1
20210106155621	1
20210106155621	1
20210106155621	1
20210106155621	1
20210106155621	1
20210106155621	1
20210106155621	1
20210106155621	1
20210106155621	1
20210106155622	1
20210106155622	1
20210106155622	1
20210106155622	1
20210106155622	1
20210106155622	1
20210106155622	1
20210106155622	1
20210106155622	1
20210106155622	1
20210106155622	1
20210106155622	1
20210106155622	1
20210106155622	1
20210106155622	1
20210106155622	1
20210106155622	1
20210106155622	1
20210106155622	1
20210106155622	1
20210106155622	1
20210106155622	1
20210106155622	1
20210106155622	1
20210106155622	1
20210106155622	1
20210106155622	1
20210106155622	1
20210106155623	1
20210106155623	1
20210106155623	1
20210106155623	1
20210106155623	1
20210106155623	1
20210106155623	1
20210106155623	1
20210106155623	1
20210106155623	1
20210106155623	1
20210106155623	1
20210106155623	1
20210106155623	1
20210106155623	1
20210106155623	1
20210106155623	1
20210106155623	1
20210106155623	1
20210106155623	1
20210106155623	1
20210106155623	1
20210106155623	1
20210106155623	1
20210106155623	1
20210106155623	1
20210106155623	1
20210106155623	1
20210106155623	1
20210106155623	1
20210106155623	1
20210106155623	1
20210106155623	1
20210106155623	1
20210106155623	1
20210106155623	1
20210106155623	1
20210106155623	1
20210106155623	1
20210106155623	1
20210106155623	1
20210106155623	1
20210106155623	1
20210106155623	1
20210106155623	1
20210106155623	1
20210106155623	1
20210106155623	1
20210106155624	1
20210106155624	1
20210106155624	1
20210106155624	1
20210106155624	1
20210106155624	1
20210106155624	1
20210106155624	1
20210106155624	1
20210106155624	1
20210106155624	1
20210106155624	1
20210106155624	1
20210106155624	1
20210106155624	1
20210106155624	1
20210106155624	1
20210106155624	1
20210106155624	1
20210106155624	1
20210106155624	1
20210106155624	1
20210106155624	1
20210106155624	1
20210106155624	1
20210106155624	1
20210106155624	1
20210106155624	1
20210106155624	1
20210106155624	1
20210106155624	1
20210106155624	1
20210106155624	1
20210106155624	1
20210106155624	1
20210106155624	1
20210106155624	1
20210106155624	1
20210106155624	1
20210106155624	1
20210106155624	1
20210106155624	1
20210106155624	1
20210106155624	1
20210106155625	1
20210106155625	1
20210106155625	1
20210106155625	1
20210106155625	1
20210106155625	1
20210106155625	1
20210106155625	1
20210106155625	1
20210106155625	1
20210106155625	1
20210106155625	1
20210106155625	1
20210106155625	1
20210106155625	1
20210106155625	1
20210106155625	1
20210106155625	1
20210106155625	1
20210106155625	1
20210106155625	1
20210106155625	1
20210106155625	1
20210106155625	1
20210106155625	1
20210106155625	1
20210106155625	1
20210106155625	1
20210106155625	1
20210106155626	1
20210106155626	1
20210106155626	1
20210106155626	1
20210106155626	1
20210106155626	1
20210106155626	1
20210106155626	1
20210106155626	1
20210106155626	1
20210106155626	1
20210106155626	1
20210106155626	1
20210106155626	1
20210106155626	1
20210106155626	1
20210106155626	1
20210106155626	1
20210106155626	1
20210106155626	1
20210106155626	1
20210106155626	1
20210106155626	1
20210106155626	1
20210106155626	1
20210106155626	1
20210106155626	1
20210106155626	1
20210106155626	1
20210106155626	1
20210106155626	1
20210106155626	1
20210106155626	1
20210106155626	1
20210106155626	1
20210106155626	1
20210106155626	1
20210106155626	1
20210106155626	1
20210106155626	1
20210106155627	1
20210106155627	1
20210106155627	1
20210106155627	1
20210106155627	1
20210106155627	1
20210106155627	1
20210106155627	1
20210106155627	1
20210106155627	1
20210106155627	1
20210106155627	1
20210106155627	1
20210106155627	1
20210106155627	1
20210106155627	1
20210106155627	1
20210106155627	1
20210106155627	1
20210106155627	1
20210106155627	1
20210106155627	1
20210106155627	1
20210106155627	1
20210106155627	1
20210106155627	1
20210106155627	1
20210106155627	1
20210106155627	1
20210106155627	1
20210106155627	1
20210106155627	1
20210106155627	1
20210106155627	1
20210106155627	1
20210106155627	1
20210106155627	1
20210106155627	1
20210106155627	1
20210106155627	1
20210106155627	1
20210106155627	1
20210106155627	1
20210106155627	1
20210106155627	1
20210106155627	1
20210106155627	1
20210106155627	1
20210106155627	1
20210106155627	1
20210106155627	1
20210106155627	1
20210106155628	1
20210106155628	1
20210106155628	1
20210106155628	1
20210106155628	1
20210106155628	1
20210106155628	1
20210106155628	1
20210106155628	1
20210106155628	1
20210106155628	1
20210106155628	1
20210106155628	1
20210106155628	1
20210106155628	1
20210106155628	1
20210106155628	1
20210106155628	1
20210106155628	1
20210106155628	1
20210106155628	1
20210106155628	1
20210106155628	1
20210106155628	1
20210106155628	1
20210106155628	1
20210106155628	1
20210106155628	1
20210106155628	1
20210106155628	1
20210106155628	1
20210106155628	1
20210106155628	1
20210106155628	1
20210106155628	1
20210106155628	1
20210106155628	1
20210106155628	1
20210106155628	1
20210106155628	1
20210106155628	1
20210106155628	1
20210106155628	1
20210106155629	1
20210106155629	1
20210106155629	1
20210106155629	1
20210106155629	1
20210106155629	1
20210106155629	1
20210106155629	1
20210106155629	1
20210106155629	1
20210106155629	1
20210106155629	1
20210106155629	1
20210106155629	1
20210106155629	1
20210106155629	1
20210106155629	1
20210106155629	1
20210106155629	1
20210106155629	1
20210106155629	1
20210106155629	1
20210106155629	1
20210106155629	1
20210106155629	1
20210106155629	1
20210106155629	1
20210106155629	1
20210106155629	1
20210106155629	1
20210106155629	1
20210106155629	1
20210106155629	1
20210106155629	1
20210106155629	1
20210106155629	1
20210106155629	1
20210106155629	1
20210106155629	1
20210106155629	1
20210106155629	1
20210106155629	1
20210106155629	1
20210106155630	1
20210106155630	1
20210106155630	1
20210106155630	1
20210106155630	1
20210106155630	1
20210106155630	1
20210106155630	1
20210106155630	1
20210106155630	1
20210106155630	1
20210106155630	1
20210106155630	1
20210106155630	1
20210106155630	1
20210106155630	1
20210106155630	1
20210106155630	1
20210106155630	1
20210106155630	1
20210106155630	1
20210106155630	1
20210106155630	1
20210106155630	1
20210106155630	1
20210106155630	1
20210106155630	1
20210106155630	1
20210106155630	1
20210106155630	1
20210106155630	1
20210106155631	1
20210106155631	1
20210106155631	1
20210106155631	1
20210106155631	1
20210106155631	1
20210106155631	1
20210106155631	1
20210106155631	1
20210106155631	1
20210106155631	1
20210106155631	1
20210106155631	1
20210106155631	1
20210106155631	1
20210106155631	1
20210106155631	1
20210106155631	1
20210106155631	1
20210106155631	1
20210106155631	1
20210106155631	1
20210106155631	1
20210106155631	1
20210106155631	1
20210106155631	1
20210106155631	1
20210106155631	1
20210106155631	1
20210106155631	1
20210106155631	1
20210106155631	1
20210106155631	1
20210106155631	1
20210106155631	1
20210106155631	1
20210106155631	1
20210106155631	1
20210106155631	1
20210106155631	1
20210106155631	1
20210106155631	1
20210106155631	1
20210106155631	1
20210106155631	1
20210106155631	1
20210106155631	1
20210106155631	1
20210106155631	1
20210106155631	1
20210106155631	1
20210106155631	1
20210106155632	1
20210106155632	1
20210106155632	1
20210106155632	1
20210106155632	1
20210106155632	1
20210106155632	1
20210106155632	1
20210106155632	1
20210106155632	1
20210106155632	1
20210106155632	1
20210106155632	1
20210106155632	1
20210106155632	1
20210106155632	1
20210106155632	1
20210106155632	1
20210106155632	1
20210106155632	1
20210106155632	1
20210106155632	1
20210106155632	1
20210106155632	1
20210106155632	1
20210106155632	1
20210106155632	1
20210106155632	1
20210106155633	1
20210106155633	1
20210106155633	1
20210106155633	1
20210106155633	1
20210106155633	1
20210106155633	1
20210106155633	1
20210106155633	1
20210106155633	1
20210106155633	1
20210106155633	1
20210106155633	1
20210106155633	1
20210106155633	1
20210106155633	1
20210106155633	1
20210106155633	1
20210106155633	1
20210106155633	1
20210106155633	1
20210106155633	1
20210106155634	1
20210106155634	1
20210106155634	1
20210106155634	1
20210106155634	1
20210106155634	1
20210106155634	1
20210106155634	1
20210106155634	1
20210106155634	1
20210106155634	1
20210106155634	1
20210106155634	1
20210106155634	1
20210106155634	1
20210106155634	1
20210106155634	1
20210106155634	1
20210106155634	1
20210106155634	1
20210106155634	1
20210106155634	1
20210106155634	1
20210106155634	1
20210106155634	1
20210106155634	1
20210106155634	1
20210106155634	1
20210106155634	1
20210106155634	1
20210106155634	1
20210106155634	1
20210106155634	1
20210106155634	1
20210106155634	1
20210106155634	1
20210106155634	1
20210106155634	1
20210106155634	1
20210106155634	1
20210106155634	1
20210106155634	1
20210106155634	1
20210106155634	1
20210106155635	1
20210106155635	1
20210106155635	1
20210106155635	1
20210106155635	1
20210106155635	1
20210106155635	1
20210106155635	1
20210106155635	1
20210106155635	1
20210106155635	1
20210106155635	1
20210106155635	1
20210106155635	1
20210106155635	1
20210106155635	1
20210106155635	1
20210106155635	1
20210106155635	1
20210106155635	1
20210106155635	1
20210106155635	1
20210106155635	1
20210106155635	1
20210106155635	1
20210106155635	1
20210106155635	1
20210106155635	1
20210106155635	1
20210106155635	1
20210106155635	1
20210106155635	1
20210106155635	1
20210106155635	1
20210106155635	1
20210106155635	1
20210106155635	1
20210106155635	1
20210106155635	1
20210106155635	1
20210106155635	1
20210106155635	1
20210106155635	1
20210106155635	1
20210106155635	1
20210106155635	1
20210106155635	1
20210106155635	1
20210106155635	1
20210106155635	1
20210106155635	1
20210106155635	1
20210106155635	1
20210106155635	1
20210106155635	1
20210106155635	1
20210106155635	1
20210106155635	1
20210106155636	1
20210106155636	1
20210106155636	1
20210106155636	1
20210106155636	1
20210106155636	1
20210106155636	1
20210106155636	1
20210106155636	1
20210106155636	1
20210106155636	1
20210106155636	1
20210106155636	1
20210106155636	1
20210106155636	1
20210106155636	1
20210106155636	1
20210106155636	1
20210106155636	1
20210106155636	1
20210106155636	1
20210106155636	1
20210106155636	1
20210106155636	1
20210106155636	1
20210106155636	1
20210106155636	1
20210106155636	1
20210106155636	1
20210106155636	1
20210106155636	1
20210106155636	1
20210106155636	1
20210106155636	1
20210106155636	1
20210106155636	1
20210106155636	1
20210106155636	1
20210106155636	1
20210106155636	1
20210106155636	1
20210106155636	1
20210106155636	1
20210106155636	1
20210106155636	1
20210106155636	1
20210106155636	1
20210106155636	1
20210106155636	1
20210106155636	1
20210106155636	1
20210106155636	1
20210106155637	1
20210106155637	1
20210106155637	1
20210106155637	1
20210106155637	1
20210106155637	1
20210106155637	1
20210106155637	1
20210106155637	1
20210106155637	1
20210106155637	1
20210106155637	1
20210106155637	1
20210106155637	1
20210106155637	1
20210106155637	1
20210106155637	1
20210106155637	1
20210106155637	1
20210106155637	1
20210106155637	1
20210106155637	1
20210106155637	1
20210106155637	1
20210106155637	1
20210106155637	1
20210106155637	1
20210106155637	1
20210106155637	1
20210106155637	1
20210106155637	1
20210106155637	1
20210106155637	1
20210106155637	1
20210106155637	1
20210106155637	1
20210106155637	1
20210106155637	1
20210106155637	1
20210106155637	1
20210106155637	1
20210106155637	1
20210106155637	1
20210106155637	1
20210106155638	1
20210106155638	1
20210106155638	1
20210106155638	1
20210106155638	1
20210106155638	1
20210106155638	1
20210106155638	1
20210106155638	1
20210106155638	1
20210106155638	1
20210106155638	1
20210106155638	1
20210106155638	1
20210106155638	1
20210106155638	1
20210106155638	1
20210106155638	1
20210106155638	1
20210106155638	1
20210106155638	1
20210106155638	1
20210106155638	1
20210106155638	1
20210106155638	1
20210106155638	1
20210106155638	1
20210106155638	1
20210106155638	1
20210106155638	1
20210106155638	1
20210106155638	1
20210106155638	1
20210106155638	1
20210106155638	1
20210106155638	1
20210106155638	1
20210106155638	1
20210106155638	1
20210106155638	1
20210106155638	1
20210106155638	1
20210106155638	1
20210106155638	1
20210106155638	1
20210106155638	1
20210106155638	1
20210106155638	1
20210106155639	1
20210106155639	1
20210106155639	1
20210106155639	1
20210106155639	1
20210106155639	1
20210106155639	1
20210106155639	1
20210106155639	1
20210106155639	1
20210106155639	1
20210106155639	1
20210106155639	1
20210106155639	1
20210106155639	1
20210106155639	1
20210106155639	1
20210106155639	1
20210106155639	1
20210106155639	1
