20210106160227	1
20210106160227	1
20210106160227	1
20210106160227	1
20210106160227	1
20210106160227	1
20210106160227	1
20210106160227	1
20210106160227	1
20210106160227	1
20210106160227	1
20210106160227	1
20210106160227	1
20210106160227	1
20210106160227	1
20210106160227	1
20210106160227	1
20210106160227	1
20210106160227	1
20210106160227	1
20210106160227	1
20210106160227	1
20210106160227	1
20210106160227	1
20210106160227	1
20210106160227	1
20210106160227	1
20210106160227	1
20210106160227	1
20210106160227	1
20210106160227	1
20210106160227	1
20210106160227	1
20210106160227	1
20210106160227	1
20210106160227	1
20210106160227	1
20210106160227	1
20210106160227	1
20210106160227	1
20210106160227	1
20210106160227	1
20210106160227	1
20210106160227	1
20210106160227	1
20210106160227	1
20210106160227	1
20210106160227	1
20210106160227	1
20210106160227	1
20210106160227	1
20210106160227	1
20210106160227	1
20210106160228	1
20210106160228	1
20210106160228	1
20210106160228	1
20210106160228	1
20210106160228	1
20210106160228	1
20210106160228	1
20210106160228	1
20210106160228	1
20210106160228	1
20210106160228	1
20210106160228	1
20210106160228	1
20210106160228	1
20210106160228	1
20210106160228	1
20210106160228	1
20210106160228	1
20210106160228	1
20210106160228	1
20210106160228	1
20210106160228	1
20210106160228	1
20210106160228	1
20210106160228	1
20210106160228	1
20210106160228	1
20210106160228	1
20210106160228	1
20210106160228	1
20210106160228	1
20210106160228	1
20210106160228	1
20210106160228	1
20210106160228	1
20210106160228	1
20210106160228	1
20210106160228	1
20210106160228	1
20210106160228	1
20210106160228	1
20210106160228	1
20210106160228	1
20210106160228	1
20210106160228	1
20210106160228	1
20210106160228	1
20210106160228	1
20210106160228	1
20210106160228	1
20210106160228	1
20210106160228	1
20210106160228	1
20210106160228	1
20210106160228	1
20210106160228	1
20210106160229	1
20210106160229	1
20210106160229	1
20210106160229	1
20210106160229	1
20210106160229	1
20210106160229	1
20210106160229	1
20210106160229	1
20210106160229	1
20210106160229	1
20210106160229	1
20210106160229	1
20210106160229	1
20210106160229	1
20210106160229	1
20210106160229	1
20210106160229	1
20210106160229	1
20210106160229	1
20210106160229	1
20210106160229	1
20210106160229	1
20210106160229	1
20210106160229	1
20210106160229	1
20210106160229	1
20210106160229	1
20210106160229	1
20210106160229	1
20210106160229	1
20210106160229	1
20210106160229	1
20210106160229	1
20210106160229	1
20210106160229	1
20210106160229	1
20210106160229	1
20210106160229	1
20210106160229	1
20210106160229	1
20210106160229	1
20210106160229	1
20210106160229	1
20210106160229	1
20210106160229	1
20210106160229	1
20210106160229	1
20210106160229	1
20210106160229	1
20210106160229	1
20210106160229	1
20210106160229	1
20210106160229	1
20210106160229	1
20210106160229	1
20210106160229	1
20210106160229	1
20210106160229	1
20210106160229	1
20210106160229	1
20210106160230	1
20210106160230	1
20210106160230	1
20210106160230	1
20210106160230	1
20210106160230	1
20210106160230	1
20210106160230	1
20210106160230	1
20210106160230	1
20210106160230	1
20210106160230	1
20210106160230	1
20210106160230	1
20210106160230	1
20210106160230	1
20210106160230	1
20210106160230	1
20210106160230	1
20210106160230	1
20210106160230	1
20210106160230	1
20210106160230	1
20210106160230	1
20210106160230	1
20210106160230	1
20210106160230	1
20210106160230	1
20210106160230	1
20210106160230	1
20210106160230	1
20210106160230	1
20210106160230	1
20210106160230	1
20210106160230	1
20210106160230	1
20210106160230	1
20210106160230	1
20210106160230	1
20210106160230	1
20210106160230	1
20210106160230	1
20210106160230	1
20210106160230	1
20210106160230	1
20210106160230	1
20210106160230	1
20210106160230	1
20210106160230	1
20210106160230	1
20210106160230	1
20210106160231	1
20210106160231	1
20210106160231	1
20210106160231	1
20210106160231	1
20210106160231	1
20210106160231	1
20210106160231	1
20210106160231	1
20210106160231	1
20210106160231	1
20210106160231	1
20210106160231	1
20210106160231	1
20210106160231	1
20210106160231	1
20210106160231	1
20210106160231	1
20210106160231	1
20210106160231	1
20210106160231	1
20210106160231	1
20210106160231	1
20210106160231	1
20210106160231	1
20210106160231	1
20210106160231	1
20210106160231	1
20210106160231	1
20210106160231	1
20210106160231	1
20210106160231	1
20210106160231	1
20210106160231	1
20210106160231	1
20210106160231	1
20210106160231	1
20210106160231	1
20210106160231	1
20210106160231	1
20210106160231	1
20210106160231	1
20210106160231	1
20210106160231	1
20210106160231	1
20210106160231	1
20210106160231	1
20210106160231	1
20210106160232	1
20210106160232	1
20210106160232	1
20210106160232	1
20210106160232	1
20210106160232	1
20210106160232	1
20210106160232	1
20210106160232	1
20210106160232	1
20210106160232	1
20210106160232	1
20210106160232	1
20210106160232	1
20210106160232	1
20210106160232	1
20210106160232	1
20210106160232	1
20210106160232	1
20210106160232	1
20210106160232	1
20210106160232	1
20210106160232	1
20210106160232	1
20210106160232	1
20210106160232	1
20210106160232	1
20210106160232	1
20210106160232	1
20210106160232	1
20210106160232	1
20210106160232	1
20210106160232	1
20210106160232	1
20210106160232	1
20210106160232	1
20210106160232	1
20210106160232	1
20210106160232	1
20210106160232	1
20210106160232	1
20210106160232	1
20210106160232	1
20210106160232	1
20210106160232	1
20210106160232	1
20210106160232	1
20210106160232	1
20210106160232	1
20210106160232	1
20210106160232	1
20210106160232	1
20210106160232	1
20210106160232	1
20210106160232	1
20210106160232	1
20210106160232	1
20210106160232	1
20210106160232	1
20210106160232	1
20210106160232	1
20210106160232	1
20210106160232	1
20210106160232	1
20210106160233	1
20210106160233	1
20210106160233	1
20210106160233	1
20210106160233	1
20210106160233	1
20210106160233	1
20210106160233	1
20210106160233	1
20210106160233	1
20210106160233	1
20210106160233	1
20210106160233	1
20210106160233	1
20210106160233	1
20210106160233	1
20210106160233	1
20210106160233	1
20210106160233	1
20210106160233	1
20210106160233	1
20210106160233	1
20210106160233	1
20210106160233	1
20210106160233	1
20210106160233	1
20210106160233	1
20210106160233	1
20210106160233	1
20210106160233	1
20210106160233	1
20210106160233	1
20210106160233	1
20210106160233	1
20210106160233	1
20210106160233	1
20210106160233	1
20210106160233	1
20210106160233	1
20210106160233	1
20210106160233	1
20210106160233	1
20210106160233	1
20210106160233	1
20210106160233	1
20210106160233	1
20210106160233	1
20210106160233	1
20210106160233	1
20210106160233	1
20210106160233	1
20210106160233	1
20210106160233	1
20210106160233	1
20210106160233	1
20210106160233	1
20210106160233	1
20210106160233	1
20210106160233	1
20210106160233	1
20210106160233	1
20210106160233	1
20210106160233	1
20210106160233	1
20210106160233	1
20210106160233	1
20210106160233	1
20210106160233	1
20210106160233	1
20210106160233	1
20210106160233	1
20210106160233	1
20210106160233	1
20210106160233	1
20210106160233	1
20210106160233	1
20210106160234	1
20210106160234	1
20210106160234	1
20210106160234	1
20210106160234	1
20210106160234	1
20210106160234	1
20210106160234	1
20210106160234	1
20210106160234	1
20210106160234	1
20210106160234	1
20210106160234	1
20210106160234	1
20210106160234	1
20210106160234	1
20210106160234	1
20210106160234	1
20210106160234	1
20210106160234	1
20210106160234	1
20210106160234	1
20210106160234	1
20210106160234	1
20210106160234	1
20210106160234	1
20210106160234	1
20210106160234	1
20210106160234	1
20210106160234	1
20210106160234	1
20210106160234	1
20210106160234	1
20210106160234	1
20210106160234	1
20210106160234	1
20210106160234	1
20210106160234	1
20210106160234	1
20210106160234	1
20210106160234	1
20210106160234	1
20210106160234	1
20210106160234	1
20210106160234	1
20210106160234	1
20210106160234	1
20210106160234	1
20210106160234	1
20210106160234	1
20210106160235	1
20210106160235	1
20210106160235	1
20210106160235	1
20210106160235	1
20210106160235	1
20210106160235	1
20210106160235	1
20210106160235	1
20210106160235	1
20210106160235	1
20210106160235	1
20210106160235	1
20210106160235	1
20210106160235	1
20210106160235	1
20210106160235	1
20210106160235	1
20210106160235	1
20210106160235	1
20210106160235	1
20210106160235	1
20210106160235	1
20210106160235	1
20210106160235	1
20210106160235	1
20210106160235	1
20210106160235	1
20210106160235	1
20210106160235	1
20210106160235	1
20210106160236	1
20210106160236	1
20210106160236	1
20210106160236	1
20210106160236	1
20210106160236	1
20210106160236	1
20210106160236	1
20210106160236	1
20210106160236	1
20210106160236	1
20210106160236	1
20210106160236	1
20210106160236	1
20210106160236	1
20210106160236	1
20210106160236	1
20210106160236	1
20210106160236	1
20210106160236	1
20210106160236	1
20210106160236	1
20210106160236	1
20210106160236	1
20210106160236	1
20210106160236	1
20210106160236	1
20210106160236	1
20210106160236	1
20210106160236	1
20210106160236	1
20210106160236	1
20210106160236	1
20210106160236	1
20210106160236	1
20210106160236	1
20210106160236	1
20210106160236	1
20210106160236	1
20210106160236	1
20210106160236	1
20210106160236	1
20210106160237	1
20210106160237	1
20210106160237	1
20210106160237	1
20210106160237	1
20210106160237	1
20210106160237	1
20210106160237	1
20210106160237	1
20210106160237	1
20210106160237	1
20210106160237	1
20210106160237	1
20210106160237	1
20210106160237	1
20210106160237	1
20210106160237	1
20210106160237	1
20210106160237	1
20210106160237	1
20210106160237	1
20210106160237	1
20210106160237	1
20210106160237	1
20210106160237	1
20210106160237	1
20210106160237	1
20210106160237	1
20210106160237	1
20210106160237	1
20210106160237	1
20210106160237	1
20210106160237	1
20210106160238	1
20210106160238	1
20210106160238	1
20210106160238	1
20210106160238	1
20210106160238	1
20210106160238	1
20210106160238	1
20210106160238	1
20210106160238	1
20210106160238	1
20210106160238	1
20210106160238	1
20210106160238	1
20210106160238	1
20210106160238	1
20210106160238	1
20210106160238	1
20210106160238	1
20210106160238	1
20210106160238	1
20210106160238	1
20210106160238	1
20210106160238	1
20210106160238	1
20210106160238	1
20210106160238	1
20210106160238	1
20210106160238	1
20210106160238	1
20210106160238	1
20210106160238	1
20210106160238	1
20210106160238	1
20210106160238	1
20210106160238	1
20210106160238	1
20210106160238	1
20210106160238	1
20210106160238	1
20210106160238	1
20210106160238	1
20210106160238	1
20210106160238	1
20210106160238	1
20210106160238	1
20210106160238	1
20210106160238	1
20210106160238	1
20210106160238	1
20210106160238	1
20210106160239	1
20210106160239	1
20210106160239	1
20210106160239	1
20210106160239	1
20210106160239	1
20210106160239	1
20210106160239	1
20210106160239	1
20210106160239	1
20210106160239	1
20210106160239	1
20210106160239	1
20210106160239	1
20210106160239	1
20210106160239	1
20210106160239	1
20210106160239	1
20210106160239	1
20210106160239	1
20210106160239	1
20210106160239	1
20210106160239	1
20210106160239	1
20210106160239	1
20210106160239	1
20210106160239	1
20210106160239	1
20210106160239	1
20210106160239	1
20210106160239	1
20210106160239	1
20210106160239	1
20210106160239	1
20210106160239	1
20210106160239	1
20210106160239	1
20210106160239	1
20210106160239	1
20210106160239	1
20210106160239	1
20210106160239	1
20210106160239	1
20210106160240	1
20210106160240	1
20210106160240	1
20210106160240	1
20210106160240	1
20210106160240	1
20210106160240	1
20210106160240	1
20210106160240	1
20210106160240	1
20210106160240	1
20210106160240	1
20210106160240	1
20210106160240	1
20210106160240	1
20210106160240	1
20210106160240	1
20210106160240	1
20210106160240	1
20210106160240	1
20210106160240	1
20210106160240	1
20210106160240	1
20210106160240	1
20210106160240	1
20210106160240	1
20210106160240	1
20210106160240	1
20210106160240	1
20210106160240	1
20210106160240	1
20210106160240	1
20210106160240	1
20210106160240	1
20210106160240	1
20210106160240	1
20210106160240	1
20210106160240	1
20210106160240	1
20210106160240	1
20210106160240	1
20210106160240	1
20210106160241	1
20210106160241	1
20210106160241	1
20210106160241	1
20210106160241	1
20210106160241	1
20210106160241	1
20210106160241	1
20210106160241	1
20210106160241	1
20210106160241	1
20210106160241	1
20210106160241	1
20210106160241	1
20210106160241	1
20210106160241	1
20210106160241	1
20210106160241	1
20210106160241	1
20210106160242	1
20210106160242	1
20210106160242	1
20210106160242	1
20210106160242	1
20210106160242	1
20210106160242	1
20210106160242	1
20210106160242	1
20210106160242	1
20210106160242	1
20210106160242	1
20210106160242	1
20210106160242	1
20210106160242	1
20210106160242	1
20210106160242	1
20210106160242	1
20210106160242	1
20210106160242	1
20210106160242	1
20210106160242	1
20210106160242	1
20210106160242	1
20210106160242	1
20210106160242	1
20210106160242	1
20210106160242	1
20210106160242	1
20210106160242	1
20210106160242	1
20210106160242	1
20210106160242	1
20210106160242	1
20210106160242	1
20210106160242	1
20210106160242	1
20210106160242	1
20210106160242	1
20210106160242	1
20210106160242	1
20210106160242	1
20210106160242	1
20210106160242	1
20210106160242	1
20210106160242	1
20210106160242	1
20210106160242	1
20210106160242	1
20210106160242	1
20210106160242	1
20210106160242	1
20210106160242	1
20210106160242	1
20210106160242	1
20210106160242	1
20210106160242	1
20210106160242	1
20210106160242	1
20210106160242	1
20210106160242	1
20210106160243	1
20210106160243	1
20210106160243	1
20210106160243	1
20210106160243	1
20210106160243	1
20210106160243	1
20210106160243	1
20210106160243	1
20210106160243	1
20210106160243	1
20210106160243	1
20210106160243	1
20210106160243	1
20210106160243	1
20210106160243	1
20210106160243	1
20210106160243	1
20210106160243	1
20210106160243	1
20210106160243	1
20210106160243	1
20210106160243	1
20210106160243	1
20210106160243	1
20210106160243	1
20210106160243	1
20210106160243	1
20210106160243	1
20210106160244	1
20210106160244	1
20210106160244	1
20210106160244	1
20210106160244	1
20210106160244	1
20210106160244	1
20210106160244	1
20210106160244	1
20210106160244	1
20210106160244	1
20210106160244	1
20210106160244	1
20210106160244	1
20210106160244	1
20210106160244	1
20210106160244	1
20210106160244	1
20210106160244	1
20210106160244	1
20210106160244	1
20210106160244	1
20210106160244	1
20210106160244	1
20210106160244	1
20210106160244	1
20210106160244	1
20210106160244	1
20210106160244	1
20210106160244	1
20210106160244	1
20210106160244	1
20210106160244	1
20210106160244	1
20210106160244	1
20210106160244	1
20210106160244	1
20210106160244	1
20210106160244	1
20210106160244	1
20210106160244	1
20210106160244	1
20210106160244	1
20210106160244	1
20210106160244	1
20210106160244	1
20210106160244	1
20210106160245	1
20210106160245	1
20210106160245	1
20210106160245	1
20210106160245	1
20210106160245	1
20210106160245	1
20210106160245	1
20210106160245	1
20210106160245	1
20210106160245	1
20210106160245	1
20210106160245	1
20210106160245	1
20210106160245	1
20210106160245	1
20210106160245	1
20210106160245	1
20210106160245	1
20210106160245	1
20210106160245	1
20210106160245	1
20210106160245	1
20210106160245	1
20210106160245	1
20210106160245	1
20210106160245	1
20210106160245	1
20210106160245	1
20210106160245	1
20210106160245	1
20210106160245	1
20210106160245	1
20210106160245	1
20210106160245	1
20210106160245	1
20210106160245	1
20210106160245	1
20210106160245	1
20210106160245	1
20210106160245	1
20210106160245	1
20210106160245	1
20210106160245	1
20210106160245	1
20210106160245	1
20210106160245	1
20210106160245	1
20210106160245	1
20210106160245	1
20210106160245	1
20210106160245	1
20210106160245	1
20210106160245	1
20210106160245	1
20210106160245	1
20210106160245	1
20210106160245	1
20210106160245	1
20210106160245	1
20210106160245	1
20210106160245	1
20210106160245	1
20210106160245	1
20210106160246	1
20210106160246	1
20210106160246	1
20210106160246	1
20210106160246	1
20210106160246	1
20210106160246	1
20210106160246	1
20210106160246	1
20210106160246	1
20210106160246	1
20210106160246	1
20210106160246	1
20210106160246	1
20210106160246	1
20210106160246	1
20210106160246	1
20210106160246	1
20210106160246	1
20210106160246	1
20210106160246	1
20210106160246	1
20210106160246	1
20210106160246	1
20210106160246	1
20210106160246	1
20210106160246	1
20210106160246	1
20210106160246	1
20210106160246	1
20210106160246	1
20210106160246	1
20210106160246	1
20210106160246	1
20210106160246	1
20210106160246	1
20210106160246	1
20210106160247	1
20210106160247	1
20210106160247	1
20210106160247	1
20210106160247	1
20210106160247	1
20210106160247	1
20210106160247	1
20210106160247	1
20210106160247	1
20210106160247	1
20210106160247	1
20210106160247	1
20210106160247	1
20210106160247	1
20210106160247	1
20210106160247	1
20210106160247	1
20210106160247	1
20210106160247	1
20210106160247	1
20210106160247	1
20210106160247	1
20210106160247	1
20210106160247	1
20210106160247	1
20210106160247	1
20210106160247	1
20210106160247	1
20210106160247	1
20210106160247	1
20210106160247	1
20210106160247	1
20210106160247	1
20210106160247	1
20210106160248	1
20210106160248	1
20210106160248	1
20210106160248	1
20210106160248	1
20210106160248	1
20210106160248	1
20210106160248	1
20210106160248	1
20210106160248	1
20210106160248	1
20210106160248	1
20210106160248	1
20210106160248	1
20210106160248	1
20210106160248	1
20210106160248	1
20210106160248	1
20210106160248	1
20210106160248	1
20210106160248	1
20210106160248	1
20210106160248	1
20210106160248	1
20210106160248	1
20210106160248	1
20210106160248	1
20210106160248	1
20210106160248	1
20210106160248	1
20210106160248	1
20210106160248	1
20210106160248	1
20210106160248	1
20210106160248	1
20210106160248	1
20210106160248	1
20210106160248	1
20210106160248	1
20210106160248	1
20210106160248	1
20210106160248	1
20210106160249	1
20210106160249	1
20210106160249	1
20210106160249	1
20210106160249	1
20210106160249	1
20210106160249	1
20210106160249	1
20210106160249	1
20210106160249	1
20210106160249	1
20210106160249	1
20210106160249	1
20210106160249	1
20210106160249	1
20210106160249	1
20210106160249	1
20210106160249	1
20210106160249	1
20210106160249	1
20210106160249	1
20210106160249	1
20210106160249	1
20210106160249	1
20210106160249	1
20210106160249	1
20210106160249	1
20210106160249	1
20210106160250	1
20210106160250	1
20210106160250	1
20210106160250	1
20210106160250	1
20210106160250	1
20210106160250	1
20210106160250	1
20210106160250	1
20210106160250	1
20210106160250	1
20210106160250	1
20210106160250	1
20210106160250	1
20210106160250	1
20210106160250	1
20210106160250	1
20210106160250	1
20210106160250	1
20210106160250	1
20210106160250	1
20210106160250	1
20210106160250	1
20210106160250	1
20210106160250	1
20210106160250	1
20210106160250	1
20210106160250	1
20210106160250	1
20210106160250	1
20210106160250	1
20210106160250	1
20210106160250	1
20210106160250	1
20210106160250	1
20210106160250	1
20210106160250	1
20210106160250	1
20210106160250	1
20210106160250	1
20210106160251	1
20210106160251	1
20210106160251	1
20210106160251	1
20210106160251	1
20210106160251	1
20210106160251	1
20210106160251	1
20210106160251	1
20210106160251	1
20210106160251	1
20210106160251	1
20210106160251	1
20210106160251	1
20210106160251	1
20210106160251	1
20210106160251	1
20210106160251	1
20210106160251	1
20210106160251	1
20210106160251	1
20210106160251	1
20210106160251	1
20210106160251	1
20210106160251	1
20210106160251	1
20210106160251	1
20210106160251	1
20210106160251	1
20210106160251	1
20210106160251	1
20210106160251	1
20210106160252	1
20210106160252	1
20210106160252	1
20210106160252	1
20210106160252	1
20210106160252	1
20210106160252	1
20210106160252	1
20210106160252	1
20210106160252	1
20210106160252	1
20210106160252	1
20210106160252	1
20210106160252	1
20210106160252	1
20210106160252	1
20210106160252	1
20210106160252	1
20210106160252	1
20210106160252	1
20210106160252	1
20210106160252	1
20210106160252	1
20210106160252	1
20210106160252	1
20210106160252	1
20210106160252	1
20210106160252	1
20210106160252	1
20210106160252	1
20210106160252	1
20210106160252	1
20210106160252	1
20210106160252	1
20210106160252	1
20210106160252	1
20210106160252	1
20210106160252	1
20210106160252	1
20210106160252	1
20210106160252	1
20210106160252	1
20210106160253	1
20210106160253	1
20210106160253	1
20210106160253	1
20210106160253	1
20210106160253	1
20210106160253	1
20210106160253	1
20210106160253	1
20210106160253	1
20210106160253	1
20210106160253	1
20210106160253	1
20210106160253	1
20210106160253	1
20210106160253	1
20210106160253	1
20210106160253	1
20210106160253	1
20210106160253	1
20210106160253	1
20210106160253	1
20210106160253	1
20210106160253	1
20210106160253	1
20210106160253	1
20210106160253	1
20210106160253	1
20210106160253	1
20210106160253	1
20210106160253	1
20210106160253	1
20210106160253	1
20210106160253	1
20210106160253	1
20210106160253	1
20210106160253	1
20210106160253	1
20210106160253	1
20210106160253	1
20210106160253	1
20210106160253	1
20210106160253	1
20210106160253	1
20210106160253	1
20210106160254	1
20210106160254	1
20210106160254	1
20210106160254	1
20210106160254	1
20210106160254	1
20210106160254	1
20210106160254	1
20210106160254	1
20210106160254	1
20210106160254	1
20210106160254	1
20210106160254	1
20210106160254	1
20210106160254	1
20210106160254	1
20210106160254	1
20210106160254	1
20210106160254	1
20210106160254	1
20210106160254	1
20210106160254	1
20210106160254	1
20210106160254	1
20210106160254	1
20210106160254	1
20210106160254	1
20210106160254	1
20210106160254	1
20210106160254	1
20210106160254	1
20210106160254	1
20210106160254	1
20210106160254	1
20210106160254	1
20210106160254	1
20210106160254	1
20210106160254	1
20210106160254	1
20210106160254	1
20210106160254	1
20210106160254	1
20210106160254	1
20210106160254	1
20210106160254	1
20210106160254	1
20210106160254	1
20210106160254	1
20210106160254	1
20210106160254	1
20210106160254	1
20210106160255	1
20210106160255	1
20210106160255	1
20210106160255	1
20210106160255	1
20210106160255	1
20210106160255	1
20210106160255	1
20210106160255	1
20210106160255	1
20210106160255	1
20210106160255	1
20210106160255	1
20210106160255	1
20210106160255	1
20210106160255	1
20210106160255	1
20210106160255	1
20210106160255	1
20210106160255	1
20210106160255	1
20210106160255	1
20210106160255	1
20210106160255	1
20210106160255	1
20210106160255	1
20210106160255	1
20210106160255	1
20210106160255	1
20210106160256	1
20210106160256	1
20210106160256	1
20210106160256	1
20210106160256	1
20210106160256	1
20210106160256	1
20210106160256	1
20210106160256	1
20210106160256	1
20210106160256	1
20210106160256	1
20210106160256	1
20210106160256	1
20210106160256	1
20210106160256	1
20210106160256	1
20210106160256	1
20210106160256	1
20210106160256	1
20210106160256	1
20210106160256	1
20210106160256	1
20210106160256	1
20210106160256	1
20210106160256	1
20210106160256	1
20210106160256	1
20210106160256	1
20210106160256	1
20210106160256	1
20210106160256	1
20210106160256	1
20210106160256	1
20210106160256	1
20210106160256	1
20210106160256	1
20210106160256	1
20210106160256	1
20210106160256	1
20210106160256	1
20210106160256	1
20210106160256	1
20210106160256	1
20210106160256	1
20210106160256	1
20210106160256	1
20210106160257	1
20210106160257	1
20210106160257	1
20210106160257	1
20210106160257	1
20210106160257	1
20210106160257	1
20210106160257	1
20210106160257	1
20210106160257	1
20210106160257	1
20210106160257	1
20210106160257	1
20210106160257	1
20210106160257	1
20210106160257	1
20210106160257	1
20210106160257	1
20210106160257	1
20210106160257	1
20210106160257	1
20210106160257	1
20210106160257	1
20210106160257	1
20210106160257	1
20210106160257	1
20210106160257	1
20210106160257	1
20210106160257	1
20210106160257	1
20210106160257	1
20210106160257	1
20210106160257	1
20210106160257	1
20210106160257	1
20210106160257	1
20210106160257	1
20210106160258	1
20210106160258	1
20210106160258	1
20210106160258	1
20210106160258	1
20210106160258	1
20210106160258	1
20210106160258	1
20210106160258	1
20210106160258	1
20210106160258	1
20210106160258	1
20210106160258	1
20210106160258	1
20210106160258	1
20210106160258	1
20210106160258	1
20210106160258	1
20210106160258	1
20210106160258	1
20210106160258	1
20210106160258	1
20210106160258	1
20210106160258	1
20210106160258	1
20210106160258	1
20210106160258	1
20210106160258	1
20210106160258	1
20210106160258	1
20210106160258	1
20210106160258	1
20210106160258	1
20210106160258	1
20210106160258	1
20210106160258	1
20210106160258	1
20210106160258	1
20210106160258	1
20210106160258	1
20210106160258	1
20210106160258	1
20210106160258	1
20210106160259	1
20210106160259	1
20210106160259	1
20210106160259	1
20210106160259	1
20210106160259	1
20210106160259	1
20210106160259	1
20210106160259	1
20210106160259	1
20210106160259	1
20210106160259	1
20210106160259	1
20210106160259	1
20210106160259	1
20210106160259	1
20210106160259	1
20210106160259	1
20210106160259	1
20210106160259	1
20210106160259	1
20210106160259	1
20210106160259	1
20210106160259	1
20210106160259	1
20210106160259	1
20210106160259	1
20210106160259	1
20210106160259	1
20210106160259	1
20210106160259	1
20210106160259	1
20210106160259	1
20210106160259	1
20210106160259	1
20210106160259	1
20210106160259	1
20210106160259	1
20210106160259	1
20210106160259	1
20210106160259	1
20210106160259	1
20210106160259	1
20210106160300	1
20210106160300	1
20210106160300	1
20210106160300	1
20210106160300	1
20210106160300	1
20210106160300	1
20210106160300	1
20210106160300	1
20210106160300	1
20210106160300	1
20210106160300	1
20210106160300	1
20210106160300	1
20210106160300	1
20210106160300	1
20210106160300	1
20210106160300	1
20210106160300	1
20210106160300	1
20210106160300	1
20210106160300	1
20210106160300	1
20210106160300	1
20210106160300	1
20210106160300	1
20210106160300	1
20210106160301	1
20210106160301	1
20210106160301	1
20210106160301	1
20210106160301	1
20210106160301	1
20210106160301	1
20210106160301	1
20210106160301	1
20210106160301	1
20210106160301	1
20210106160301	1
20210106160301	1
20210106160301	1
20210106160301	1
20210106160301	1
20210106160301	1
20210106160301	1
20210106160301	1
20210106160301	1
20210106160301	1
20210106160301	1
20210106160301	1
20210106160301	1
20210106160301	1
20210106160301	1
20210106160301	1
20210106160301	1
20210106160301	1
20210106160301	1
20210106160301	1
20210106160301	1
20210106160301	1
20210106160301	1
20210106160301	1
20210106160301	1
20210106160301	1
20210106160301	1
20210106160301	1
20210106160301	1
20210106160301	1
20210106160301	1
20210106160301	1
20210106160301	1
20210106160301	1
20210106160301	1
20210106160301	1
20210106160302	1
20210106160302	1
20210106160302	1
20210106160302	1
20210106160302	1
20210106160302	1
20210106160302	1
20210106160302	1
20210106160302	1
20210106160302	1
20210106160302	1
20210106160302	1
20210106160302	1
20210106160302	1
20210106160302	1
20210106160302	1
20210106160302	1
20210106160302	1
20210106160302	1
20210106160302	1
20210106160302	1
20210106160302	1
20210106160302	1
20210106160302	1
20210106160302	1
20210106160302	1
20210106160302	1
20210106160302	1
20210106160302	1
20210106160302	1
20210106160302	1
20210106160302	1
20210106160302	1
20210106160302	1
20210106160302	1
20210106160302	1
20210106160302	1
20210106160302	1
20210106160302	1
20210106160302	1
20210106160302	1
20210106160303	1
20210106160303	1
20210106160303	1
20210106160303	1
20210106160303	1
20210106160303	1
20210106160303	1
20210106160303	1
20210106160303	1
20210106160303	1
20210106160303	1
20210106160303	1
20210106160303	1
20210106160303	1
20210106160303	1
20210106160303	1
20210106160303	1
20210106160303	1
20210106160303	1
20210106160303	1
20210106160303	1
20210106160303	1
20210106160303	1
20210106160303	1
20210106160303	1
20210106160303	1
20210106160303	1
20210106160303	1
20210106160303	1
20210106160303	1
20210106160303	1
20210106160303	1
20210106160303	1
20210106160303	1
20210106160303	1
20210106160303	1
20210106160304	1
20210106160304	1
20210106160304	1
20210106160304	1
20210106160304	1
20210106160304	1
20210106160304	1
20210106160304	1
20210106160304	1
20210106160304	1
20210106160304	1
20210106160304	1
20210106160304	1
20210106160304	1
20210106160304	1
20210106160304	1
20210106160304	1
20210106160304	1
20210106160304	1
20210106160304	1
20210106160304	1
20210106160304	1
20210106160304	1
20210106160304	1
20210106160304	1
20210106160304	1
20210106160304	1
20210106160304	1
20210106160304	1
20210106160304	1
20210106160304	1
20210106160304	1
20210106160304	1
20210106160304	1
20210106160304	1
20210106160304	1
