20210115193426	231
20210115193427	238
20210115193428	229
20210115193428	231
20210115193430	226
20210115193431	225
20210115193433	221
20210115193433	218
20210115193435	214
20210115193436	210
20210115193437	206
20210115193439	201
20210115193440	197
20210115193442	192
20210115193444	188
20210115193446	184
20210115193447	180
20210115193449	176
20210115193450	172
20210115193451	168
20210115193453	165
20210115193454	162
20210115193455	158
20210115193456	155
20210115193458	152
20210115193500	149
20210115193501	146
20210115193502	143
20210115193503	140
