20210122172552	93
20210122172553	93
20210122172554	93
20210122172555	93
20210122172555	92
20210122172556	95
20210122172557	97
20210122172558	98
20210122172559	96
20210122172600	91
20210122172600	84
20210122172601	76
20210122172602	68
20210122172603	59
20210122172603	50
20210122172604	41
20210122172810	40
20210122172811	45
20210122172812	41
20210122172812	32
20210122172813	22
20210122172814	16
20210122172814	15
20210122172815	15
20210122172816	13
20210122172817	12
20210122172818	10
20210122172818	9
20210122172819	9
20210122172820	9
20210122172821	8
20210122172822	7
20210122172822	7
20210122172823	7
20210122172824	7
20210122172825	7
20210122172825	6
20210122172826	6
20210122172827	6
20210122172827	6
20210122172828	6
20210122172829	5
20210122172830	6
20210122172831	6
20210122172831	5
20210122172832	5
20210122172833	5
20210122172834	6
20210122172834	11
20210122172835	21
20210122172836	28
20210122172836	33
20210122172837	38
20210122172838	44
20210122172839	49
20210122172840	53
20210122172841	57
20210122172841	61
20210122172842	65
20210122172843	68
20210122172844	70
20210122172844	72
20210122172845	75
20210122172846	77
20210122172846	78
20210122172847	79
20210122172848	81
20210122172849	82
20210122172850	81
20210122172850	75
20210122172851	75
20210122172852	82
20210122172853	89
20210122172853	94
20210122172854	97
20210122172855	100
20210122172855	103
20210122172856	106
20210122172857	108
20210122172858	110
20210122172859	112
20210122172859	112
20210122172900	111
20210122172901	114
20210122172902	116
20210122172903	118
20210122172903	119
20210122172904	120
20210122172905	121
20210122172906	122
20210122172906	123
20210122172907	123
20210122172908	124
20210122172909	125
20210122172909	125
20210122172910	124
20210122172911	125
20210122172912	121
20210122172913	112
20210122172913	114
20210122172914	121
20210122172915	130
20210122172915	138
20210122172916	145
20210122172917	150
20210122172918	153
20210122172918	155
20210122172919	157
20210122172920	160
20210122172921	161
20210122172921	159
20210122172922	153
20210122172923	157
20210122172924	165
20210122172925	173
20210122172926	180
20210122172927	186
20210122172927	191
20210122172928	196
20210122172929	199
20210122172930	202
20210122172930	205
20210122172931	207
20210122172932	209
20210122172932	207
20210122172933	199
20210122172934	199
20210122172935	209
20210122172935	219
20210122172936	228
20210122172937	234
20210122172937	237
20210122172938	240
20210122172939	244
20210122172940	247
20210122172941	249
20210122172941	251
20210122172942	254
20210122172943	256
20210122172944	257
20210122172944	258
20210122172945	260
20210122172946	262
20210122172947	262
20210122172947	263
20210122172948	264
20210122172949	265
20210122172949	266
20210122172950	266
20210122172951	267
20210122172951	268
20210122172953	268
20210122172953	269
20210122172954	269
20210122172955	269
20210122172955	269
20210122172956	271
20210122172957	271
20210122172958	270
20210122172959	270
20210122172959	272
20210122173000	272
20210122173001	271
20210122173002	271
20210122173003	272
20210122173003	273
20210122173004	272
20210122173005	272
20210122173006	272
20210122173006	269
20210122173007	256
20210122173008	241
20210122173009	233
20210122173009	235
20210122173010	247
20210122173011	258
20210122173012	265
20210122173013	263
20210122173013	251
20210122173014	238
20210122173015	231
20210122173015	235
20210122173016	251
20210122173017	266
20210122173017	280
20210122173018	292
20210122173019	303
20210122173020	313
20210122173020	324
20210122173021	335
20210122173022	346
20210122173023	355
20210122173023	5
20210122173024	15
20210122173025	26
20210122173026	37
20210122173027	47
20210122173028	58
20210122173028	68
20210122173029	78
20210122173030	88
20210122173031	98
20210122173031	107
20210122173032	118
20210122173033	128
20210122173033	140
20210122173034	153
20210122173035	165
20210122173036	176
20210122173037	187
20210122173037	197
20210122173038	208
20210122173039	220
20210122173040	235
20210122173041	252
20210122173041	268
20210122173042	284
20210122173043	298
20210122173044	311
20210122173044	320
20210122173045	321
20210122173046	318
20210122173046	327
20210122173047	343
20210122173048	357
20210122173049	6
20210122173049	14
20210122173050	23
20210122173051	35
20210122173052	47
20210122173052	59
20210122173053	70
20210122173054	80
20210122173055	90
20210122173055	100
20210122173056	109
20210122173057	121
20210122173058	132
20210122173059	143
20210122173100	155
20210122173100	166
20210122173102	177
20210122173102	187
20210122173103	197
20210122173104	209
20210122173105	222
20210122173106	238
20210122173107	255
20210122173108	272
20210122173109	288
20210122173109	303
20210122173110	316
20210122173111	321
20210122173111	317
20210122173112	316
20210122173113	326
20210122173114	343
20210122173115	357
20210122173115	5
20210122173116	12
20210122173117	21
20210122173117	33
20210122173118	46
20210122173119	57
20210122173120	68
20210122173121	78
20210122173121	88
20210122173122	97
20210122173122	107
20210122173123	117
20210122173124	128
20210122173125	139
20210122173126	150
20210122173126	162
20210122173127	174
20210122173128	184
20210122173129	195
20210122173129	205
20210122173130	218
20210122173131	233
20210122173132	251
20210122173133	268
20210122173134	284
20210122173135	298
20210122173136	311
20210122173137	316
20210122173138	313
20210122173138	313
20210122173139	324
20210122173140	340
20210122173141	352
20210122173142	358
20210122173142	5
20210122173143	16
20210122173144	28
20210122173144	39
20210122173145	49
20210122173146	60
20210122173146	70
20210122173147	79
20210122173148	88
20210122173149	98
20210122173149	108
20210122173150	118
20210122173151	129
20210122173152	140
20210122173153	152
20210122173154	164
20210122173155	175
20210122173156	185
20210122173156	196
20210122173157	206
20210122173158	219
20210122173159	235
20210122173159	252
20210122173200	269
20210122173201	285
20210122173201	298
20210122173202	307
20210122173203	310
20210122173204	308
20210122173204	314
20210122173205	329
20210122173206	343
20210122173206	351
20210122173207	355
20210122173208	4
20210122173209	17
20210122173210	30
20210122173210	40
20210122173211	48
20210122173212	58
20210122173213	68
20210122173213	78
20210122173214	88
20210122173215	98
20210122173215	107
20210122173216	118
20210122173217	129
20210122173218	140
20210122173218	151
20210122173219	163
20210122173220	174
20210122173221	184
20210122173221	195
20210122173222	206
20210122173223	218
20210122173224	233
20210122173225	251
20210122173225	268
20210122173226	283
20210122173227	297
20210122173227	307
20210122173228	309
20210122173229	307
20210122173230	313
20210122173230	330
20210122173231	343
20210122173232	349
20210122173233	354
20210122173233	5
20210122173234	16
20210122173235	28
20210122173236	37
20210122173236	46
20210122173237	57
20210122173238	68
20210122173239	77
20210122173239	87
20210122173240	96
20210122173241	106
20210122173242	116
20210122173243	127
20210122173243	138
20210122173244	149
20210122173245	161
20210122173246	172
20210122173247	182
20210122173247	193
20210122173248	204
20210122173249	216
20210122173250	230
20210122173251	248
20210122173252	265
20210122173253	281
20210122173253	294
20210122173255	304
20210122173255	308
20210122173256	307
20210122173257	313
20210122173258	327
20210122173258	340
20210122173259	347
20210122173300	352
20210122173301	3
20210122173301	14
20210122173302	26
20210122173303	35
20210122173304	45
20210122173305	55
20210122173305	66
20210122173306	76
20210122173307	85
20210122173308	94
20210122173308	104
20210122173309	113
20210122173310	125
20210122173310	136
20210122173311	147
20210122173312	159
20210122173313	170
20210122173313	181
20210122173314	191
20210122173315	202
20210122173316	214
20210122173317	228
20210122173318	245
20210122173318	262
20210122173319	278
20210122173320	292
20210122173321	302
20210122173322	308
20210122173322	308
20210122173323	311
20210122173324	324
20210122173325	337
20210122173325	346
20210122173326	352
20210122173327	1
20210122173328	13
20210122173329	25
20210122173330	34
20210122173331	43
20210122173331	54
20210122173332	64
20210122173333	74
20210122173333	84
20210122173334	94
20210122173335	103
20210122173336	113
20210122173337	124
20210122173338	135
20210122173338	146
20210122173339	158
20210122173340	169
20210122173341	180
20210122173341	190
20210122173342	200
20210122173343	212
20210122173344	226
20210122173345	243
20210122173345	260
20210122173346	277
20210122173347	291
20210122173348	303
20210122173349	309
20210122173350	308
20210122173350	308
20210122173351	320
20210122173352	337
20210122173353	348
20210122173354	352
20210122173354	358
20210122173355	10
20210122173356	24
20210122173357	35
20210122173358	44
20210122173359	53
20210122173400	64
20210122173400	75
20210122173401	84
20210122173402	93
20210122173403	103
20210122173403	112
20210122173404	124
20210122173405	134
20210122173406	146
20210122173407	157
20210122173408	168
20210122173409	179
20210122173410	189
20210122173410	200
20210122173411	211
20210122173412	225
20210122173413	242
20210122173414	259
20210122173415	276
20210122173416	290
20210122173416	302
20210122173417	309
20210122173418	308
20210122173418	309
20210122173419	321
20210122173420	336
20210122173421	346
20210122173422	351
20210122173422	357
20210122173423	9
20210122173424	22
20210122173425	33
20210122173426	42
20210122173426	51
20210122173427	62
20210122173428	73
20210122173428	83
20210122173429	92
20210122173430	101
20210122173431	111
20210122173431	122
20210122173432	132
20210122173433	143
20210122173434	154
20210122173434	166
20210122173435	177
20210122173436	187
20210122173437	198
20210122173438	209
20210122173439	222
20210122173440	238
20210122173440	255
20210122173441	272
20210122173442	287
20210122173443	299
20210122173443	307
20210122173444	309
20210122173445	308
20210122173446	318
20210122173447	333
20210122173448	344
20210122173449	350
20210122173449	356
20210122173450	7
20210122173451	20
20210122173452	30
20210122173453	40
20210122173454	49
20210122173454	60
20210122173455	70
20210122173456	80
20210122173457	89
20210122173458	98
20210122173458	108
20210122173459	119
20210122173500	129
20210122173501	140
20210122173502	152
20210122173502	164
20210122173503	175
20210122173504	185
20210122173505	195
20210122173506	206
20210122173506	219
20210122173507	234
20210122173508	251
20210122173509	269
20210122173509	284
20210122173510	297
20210122173511	306
20210122173512	308
20210122173512	307
20210122173513	315
20210122173514	330
20210122173515	342
20210122173515	348
20210122173516	353
20210122173517	5
20210122173518	18
20210122173519	28
20210122173520	37
20210122173521	46
20210122173522	57
20210122173523	68
20210122173523	77
20210122173524	87
20210122173525	96
20210122173526	106
20210122173527	116
20210122173528	127
20210122173529	138
20210122173530	149
20210122173530	161
20210122173531	172
20210122173532	183
20210122173533	193
20210122173533	204
20210122173534	216
20210122173535	231
20210122173536	248
20210122173536	265
20210122173537	281
20210122173538	294
20210122173539	305
20210122173539	309
20210122173540	307
20210122173541	312
20210122173542	327
20210122173543	341
20210122173544	349
20210122173544	354
20210122173545	2
20210122173546	14
20210122173547	27
20210122173547	37
20210122173548	46
20210122173549	56
20210122173550	67
20210122173551	77
20210122173551	87
20210122173552	96
20210122173553	105
20210122173553	116
20210122173554	127
20210122173555	137
20210122173556	149
20210122173557	160
20210122173558	171
20210122173558	182
20210122173559	193
20210122173600	203
20210122173601	215
20210122173602	230
20210122173602	247
20210122173603	265
20210122173604	280
20210122173605	294
20210122173605	305
20210122173606	309
20210122173607	308
20210122173608	312
20210122173608	326
20210122173609	340
20210122173610	348
20210122173611	353
20210122173612	2
20210122173613	13
20210122173613	25
20210122173614	35
20210122173615	45
20210122173616	56
20210122173616	65
20210122173617	75
20210122173618	84
20210122173619	94
20210122173620	103
20210122173621	113
20210122173622	125
20210122173623	135
20210122173623	146
20210122173624	158
20210122173625	170
20210122173626	180
20210122173626	191
20210122173627	201
20210122173628	213
20210122173629	227
20210122173630	244
20210122173631	261
20210122173631	278
20210122173632	291
20210122173633	302
20210122173633	308
20210122173634	308
20210122173635	311
20210122173636	323
20210122173637	337
20210122173637	346
20210122173638	352
20210122173639	0
20210122173640	12
20210122173640	24
20210122173641	34
20210122173642	43
20210122173643	53
20210122173644	63
20210122173645	74
20210122173646	83
20210122173646	93
20210122173647	102
20210122173648	112
20210122173649	123
20210122173649	134
20210122173650	145
20210122173651	157
20210122173652	168
20210122173652	179
20210122173653	189
20210122173654	200
20210122173655	211
20210122173655	225
20210122173656	241
20210122173657	259
20210122173658	275
20210122173659	289
20210122173700	301
20210122173701	307
20210122173702	307
20210122173703	309
20210122173703	321
20210122173704	336
20210122173705	345
20210122173705	351
20210122173706	358
20210122173707	10
20210122173708	22
20210122173709	32
20210122173710	41
20210122173710	51
20210122173711	62
20210122173712	73
20210122173713	82
20210122173713	92
20210122173714	101
20210122173715	110
20210122173716	121
20210122173717	132
20210122173717	143
20210122173718	154
20210122173719	166
20210122173720	177
20210122173721	187
20210122173721	198
20210122173722	209
20210122173723	223
20210122173723	242
20210122173724	263
20210122173725	283
20210122173726	303
20210122173727	326
20210122173727	351
20210122173728	8
20210122173729	17
20210122173730	15
20210122173731	9
20210122173731	6
20210122173732	5
20210122173733	7
20210122173734	7
20210122173735	6
20210122173735	6
20210122173736	6
20210122173737	7
20210122173738	6
20210122173738	7
20210122173739	10
20210122173740	9
20210122173741	7
20210122173742	5
20210122173742	5
20210122173743	5
20210122173744	4
20210122173745	3
20210122173745	3
20210122173746	3
20210122173747	2
20210122173748	2
20210122173748	2
20210122173749	1
20210122173750	2
20210122173751	1
20210122173751	1
20210122173752	1
20210122173753	1
20210122173754	1
20210122173755	1
20210122173755	1
20210122173756	0
20210122173757	1
20210122173758	0
20210122173759	0
20210122173759	1
20210122173800	359
20210122173801	356
20210122173802	356
20210122173803	359
20210122173803	2
20210122173804	2
20210122173805	2
20210122173806	3
20210122173807	4
20210122173807	5
20210122173808	5
20210122173809	5
20210122173810	6
20210122173811	7
20210122173812	6
20210122173812	7
20210122173813	12
20210122173814	22
20210122173815	29
20210122173815	33
20210122173816	38
20210122173817	45
20210122173818	51
20210122173819	54
20210122173820	58
20210122173820	62
20210122173821	66
20210122173822	69
20210122173823	71
20210122173824	74
20210122173824	76
20210122173825	78
20210122173826	79
20210122173827	81
20210122173827	82
20210122173828	83
20210122173829	83
20210122173830	77
20210122173831	75
20210122173832	82
20210122173832	90
20210122173833	96
20210122173834	100
20210122173835	103
20210122173835	107
20210122173836	110
20210122173837	113
20210122173838	115
20210122173839	117
20210122173840	119
20210122173840	117
20210122173841	110
20210122173842	113
20210122173843	121
20210122173843	129
20210122173844	137
20210122173845	143
20210122173846	148
20210122173847	152
20210122173847	155
20210122173848	157
20210122173849	159
20210122173850	161
20210122173851	163
20210122173852	164
20210122173852	165
20210122173853	167
20210122173854	167
20210122173855	168
20210122173856	169
20210122173856	169
20210122173857	170
20210122173858	170
20210122173859	169
20210122173900	162
20210122173900	156
20210122173901	161
20210122173902	170
20210122173903	179
20210122173903	188
20210122173904	196
20210122173905	201
20210122173906	204
20210122173907	207
20210122173907	210
20210122173908	213
20210122173909	215
20210122173910	217
20210122173911	219
20210122173912	221
20210122173913	222
20210122173914	223
20210122173914	224
20210122173915	225
20210122173916	226
20210122173917	227
20210122173918	227
20210122173919	228
20210122173920	228
20210122173920	229
20210122173921	229
20210122173922	229
20210122173923	230
20210122173924	231
20210122173924	230
20210122173925	231
20210122173926	231
20210122173927	231
20210122173927	231
20210122173928	231
20210122173929	232
20210122173930	231
20210122173931	231
20210122173931	232
20210122173932	233
20210122173933	232
20210122173934	231
20210122173934	233
20210122173935	233
20210122173936	232
20210122173937	232
20210122173937	233
20210122173938	233
20210122173939	232
20210122173940	232
20210122173941	232
20210122173941	233
20210122173942	233
20210122173943	232
20210122173944	232
20210122173944	233
20210122173945	233
20210122173946	232
20210122173947	232
20210122173948	233
20210122173949	233
20210122173950	232
20210122173950	232
20210122173951	233
20210122173952	233
20210122173953	233
20210122173954	232
20210122173955	233
20210122173955	233
20210122173956	233
20210122173957	232
20210122173958	232
20210122173958	234
20210122173959	233
20210122174000	232
20210122174001	233
20210122174002	233
20210122174003	233
20210122174003	233
20210122174004	232
20210122174005	233
20210122174006	233
20210122174007	233
20210122174007	233
20210122174008	232
20210122174009	233
20210122174010	234
20210122174010	233
20210122174011	233
20210122174012	233
20210122174013	233
20210122174014	233
20210122174015	233
20210122174016	233
20210122174016	233
20210122174017	234
20210122174018	233
20210122174019	233
20210122174019	233
20210122174020	233
20210122174021	233
20210122174022	233
20210122174022	233
20210122174023	234
20210122174024	233
20210122174025	232
20210122174025	232
20210122174026	233
20210122174027	234
20210122174028	233
20210122174028	233
20210122174029	233
20210122174030	233
20210122174031	233
20210122174032	233
20210122174033	233
20210122174033	233
20210122174034	233
20210122174035	233
20210122174036	233
20210122174036	233
20210122174037	233
20210122174038	233
20210122174039	233
20210122174040	233
20210122174041	233
20210122174041	232
20210122174042	233
20210122174043	233
20210122174044	233
20210122174044	233
20210122174045	232
20210122174046	232
20210122174047	233
20210122174047	233
20210122174048	232
20210122174049	232
20210122174050	233
20210122174051	233
20210122174052	232
20210122174053	232
20210122174053	233
20210122174054	233
20210122174055	232
20210122174056	232
20210122174057	233
20210122174057	233
20210122174058	232
20210122174059	232
20210122174100	233
20210122174100	233
20210122174101	232
20210122174102	232
20210122174103	233
20210122174104	232
20210122174104	232
20210122174105	232
20210122174106	233
20210122174107	232
20210122174108	232
20210122174109	232
20210122174110	233
20210122174111	232
20210122174112	232
20210122174112	232
20210122174113	233
20210122174114	233
20210122174115	232
20210122174115	232
20210122174116	232
20210122174117	233
20210122174118	233
20210122174119	232
20210122174120	232
20210122174121	232
20210122174121	233
20210122174122	232
20210122174123	232
20210122174124	232
20210122174124	233
20210122174126	232
20210122174126	232
20210122174127	232
20210122174128	233
20210122174128	233
20210122174130	232
20210122174130	232
20210122174131	232
20210122174132	233
20210122174133	232
20210122174133	232
20210122174134	232
20210122174135	233
20210122174136	232
20210122174137	232
