20210106160226	2000
20210106160226	2000
20210106160226	2000
20210106160226	2000
20210106160226	2000
20210106160226	2000
20210106160226	2000
20210106160226	2000
20210106160226	2000
20210106160226	2000
20210106160226	2000
20210106160226	2000
20210106160226	2000
20210106160226	2000
20210106160226	2000
20210106160226	2000
20210106160226	2000
20210106160226	2000
20210106160226	2000
20210106160226	2000
20210106160226	2000
20210106160226	2000
20210106160226	2000
20210106160226	2000
20210106160226	2000
20210106160226	2000
20210106160226	2000
20210106160226	2000
20210106160226	2000
20210106160226	2000
20210106160226	2000
20210106160226	2000
20210106160226	2000
20210106160226	2000
20210106160226	2000
20210106160226	2000
20210106160226	2000
20210106160226	2000
20210106160226	2000
20210106160226	2000
20210106160226	2000
20210106160226	2000
20210106160226	2000
20210106160226	2000
20210106160226	2000
20210106160226	2000
20210106160226	2000
20210106160226	2000
20210106160226	2000
20210106160226	2000
20210106160226	2000
20210106160226	2000
20210106160226	2000
20210106160226	2000
20210106160226	2000
20210106160226	2000
20210106160226	2000
20210106160226	2000
20210106160226	2000
20210106160226	2000
20210106160226	2000
20210106160226	2000
20210106160226	2000
20210106160226	2000
20210106160226	2000
20210106160226	2000
20210106160226	2000
20210106160226	2000
20210106160226	2000
20210106160226	2000
20210106160226	2000
20210106160226	2000
20210106160226	2000
20210106160226	2000
20210106160226	2000
20210106160226	2000
20210106160226	2000
20210106160226	2000
20210106160226	2000
20210106160226	2000
20210106160226	2000
20210106160226	2000
20210106160226	2000
20210106160226	2000
20210106160226	2000
20210106160226	2000
20210106160226	2000
20210106160226	2000
20210106160226	2000
20210106160226	2000
20210106160227	2000
20210106160227	2000
20210106160227	2000
20210106160227	2000
20210106160227	2000
20210106160227	2000
20210106160227	2000
20210106160227	2000
20210106160227	2000
20210106160227	2000
20210106160227	2000
20210106160227	2000
20210106160227	2000
20210106160227	2000
20210106160227	2000
20210106160227	2000
20210106160227	2000
20210106160227	2000
20210106160227	2000
20210106160227	2000
20210106160227	2000
20210106160227	2000
20210106160227	2000
20210106160227	2000
20210106160227	2000
20210106160227	2000
20210106160227	2000
20210106160227	2000
20210106160227	2000
20210106160227	2000
20210106160227	2000
20210106160227	2000
20210106160227	2000
20210106160227	2000
20210106160227	2000
20210106160227	2000
20210106160227	2000
20210106160227	2000
20210106160227	2000
20210106160227	2000
20210106160227	2000
20210106160227	2000
20210106160227	2000
20210106160227	2000
20210106160227	2000
20210106160227	2000
20210106160227	2000
20210106160227	2000
20210106160227	2000
20210106160227	2000
20210106160227	2000
20210106160227	2000
20210106160227	2000
20210106160228	2000
20210106160228	2000
20210106160228	2000
20210106160228	2000
20210106160228	2000
20210106160228	2000
20210106160228	2000
20210106160228	2000
20210106160228	2000
20210106160228	2000
20210106160228	2000
20210106160228	2000
20210106160228	2000
20210106160228	2000
20210106160228	2000
20210106160228	2000
20210106160228	2000
20210106160228	2000
20210106160228	2000
20210106160228	2000
20210106160228	2000
20210106160228	2000
20210106160228	2000
20210106160228	2000
20210106160228	2000
20210106160228	2000
20210106160228	2000
20210106160228	2000
20210106160228	2000
20210106160228	2000
20210106160228	2000
20210106160228	2000
20210106160228	2000
20210106160228	2000
20210106160228	2000
20210106160228	2000
20210106160228	2000
20210106160228	2000
20210106160228	2000
20210106160228	2000
20210106160228	2000
20210106160228	2000
20210106160228	2000
20210106160228	1982.71
20210106160228	1982.71
20210106160228	1983.34
20210106160228	1983.34
20210106160228	1983.83
20210106160228	1984.43
20210106160228	1984.43
20210106160228	1985.02
20210106160228	1985.02
20210106160228	1985.02
20210106160228	1925.15
20210106160228	1925.15
20210106160228	1925.84
20210106160228	1926.27
20210106160229	1926.27
20210106160229	1926.77
20210106160229	1926.77
20210106160229	1927.33
20210106160229	1927.33
20210106160229	1927.33
20210106160229	1891.3
20210106160229	1891.3
20210106160229	1891.77
20210106160229	1891.77
20210106160229	1892.19
20210106160229	1892.19
20210106160229	1892.69
20210106160229	1893.21
20210106160229	1893.21
20210106160229	1802.81
20210106160229	1802.81
20210106160229	1802.81
20210106160229	1803.3
20210106160229	1803.76
20210106160229	1803.76
20210106160229	1804.09
20210106160229	1804.09
20210106160229	1804.43
20210106160229	1804.43
20210106160229	1804.43
20210106160229	1749.43
20210106160229	1749.43
20210106160229	1749.79
20210106160229	1749.79
20210106160229	1750.17
20210106160229	1750.42
20210106160229	1750.42
20210106160229	1750.75
20210106160229	1750.75
20210106160229	1616.38
20210106160229	1616.38
20210106160229	1616.38
20210106160229	1616.66
20210106160229	1616.66
20210106160229	1616.97
20210106160229	1616.97
20210106160229	1617.17
20210106160229	1617.17
20210106160229	1617.35
20210106160229	1617.35
20210106160229	1539.09
20210106160229	1539.09
20210106160229	1539.29
20210106160229	1539.29
20210106160229	1539.48
20210106160229	1539.48
20210106160229	1539.73
20210106160229	1539.73
20210106160229	1539.84
20210106160229	1539.84
20210106160229	1539.84
20210106160229	1539.84
20210106160229	1539.84
20210106160229	1539.84
20210106160230	1539.84
20210106160230	1539.84
20210106160230	1539.84
20210106160230	1539.84
20210106160230	1539.84
20210106160230	1279.08
20210106160230	1279.08
20210106160230	1279.08
20210106160230	1279.05
20210106160230	1279
20210106160230	1279
20210106160230	1279
20210106160230	1279
20210106160230	1279
20210106160230	1279.01
20210106160230	1279.01
20210106160230	1193.4
20210106160230	1193.4
20210106160230	1193.32
20210106160230	1193.23
20210106160230	1193.23
20210106160230	1193.11
20210106160230	1193.11
20210106160230	1192.95
20210106160230	1192.95
20210106160230	1040.66
20210106160230	1040.66
20210106160230	1040.66
20210106160230	1040.47
20210106160230	1040.47
20210106160230	1040.32
20210106160230	1040.01
20210106160230	1040.01
20210106160230	1039.74
20210106160230	1039.74
20210106160230	1039.74
20210106160230	1000
20210106160230	1000
20210106160230	1000
20210106160230	1000
20210106160230	1000
20210106160230	1000
20210106160230	1000
20210106160230	1000
20210106160230	1000
20210106160230	1000
20210106160230	1000
20210106160230	1000
20210106160230	1000
20210106160230	1000
20210106160230	1000
20210106160231	1000
20210106160231	1000
20210106160231	1000
20210106160231	1000
20210106160231	1000
20210106160231	1000
20210106160231	1000
20210106160231	1000
20210106160231	1000
20210106160231	1000
20210106160231	1000
20210106160231	1000
20210106160231	1000
20210106160231	1000
20210106160231	1000
20210106160231	1000
20210106160231	1000
20210106160231	1000
20210106160231	1000
20210106160231	1000
20210106160231	1000
20210106160231	1000
20210106160231	1000
20210106160231	1000
20210106160231	1000
20210106160231	1000
20210106160231	1000
20210106160231	1000
20210106160231	1000
20210106160231	1000
20210106160231	1000
20210106160231	1000
20210106160231	1000
20210106160231	1000
20210106160231	1000
20210106160231	1000
20210106160231	1000
20210106160231	1000
20210106160231	1000
20210106160231	1000
20210106160231	1000
20210106160231	1000
20210106160231	1000
20210106160231	1000
20210106160231	1000
20210106160231	1000
20210106160231	1000
20210106160231	1000
20210106160231	1000
20210106160232	1000
20210106160232	1000
20210106160232	1000
20210106160232	1000
20210106160232	1000
20210106160232	1000
20210106160232	1000
20210106160232	1000
20210106160232	1000
20210106160232	1000
20210106160232	1000
20210106160232	1000
20210106160232	1000
20210106160232	1000
20210106160232	1000
20210106160232	1000
20210106160232	1000
20210106160232	1000
20210106160232	1000
20210106160232	1000
20210106160232	1000
20210106160232	1000
20210106160232	1000
20210106160232	1000
20210106160232	1000
20210106160232	1000
20210106160232	1000
20210106160232	1000
20210106160232	1000
20210106160232	1000
20210106160232	1000
20210106160232	1000
20210106160232	1000
20210106160232	1000
20210106160232	1000
20210106160232	1000
20210106160232	1000
20210106160232	1000
20210106160232	1000
20210106160232	1000
20210106160232	1000
20210106160232	1000
20210106160232	1000
20210106160232	1000
20210106160232	1000
20210106160232	1000
20210106160232	1000
20210106160232	1000
20210106160232	1000
20210106160232	1000
20210106160232	1000
20210106160232	1000
20210106160232	1000
20210106160232	1000
20210106160232	1000
20210106160232	1000
20210106160232	1000
20210106160232	1000
20210106160232	1000
20210106160232	1000
20210106160232	1000
20210106160232	1000
20210106160232	1000
20210106160232	1000
20210106160233	1000
20210106160233	1000
20210106160233	1000
20210106160233	1000
20210106160233	1000
20210106160233	1000
20210106160233	1000
20210106160233	1000
20210106160233	1000
20210106160233	1000
20210106160233	1000
20210106160233	1000
20210106160233	1000
20210106160233	1000
20210106160233	1000
20210106160233	1000
20210106160233	1000
20210106160233	1000
20210106160233	1000
20210106160233	1000
20210106160233	1000
20210106160233	1000
20210106160233	1000
20210106160233	1000
20210106160233	1000
20210106160233	1000
20210106160233	1000
20210106160233	1000
20210106160233	1000
20210106160233	1000
20210106160233	1000
20210106160233	1000
20210106160233	1000
20210106160233	1000
20210106160233	1000
20210106160233	1000
20210106160233	1000
20210106160233	1000
20210106160233	1000
20210106160233	1000
20210106160233	1000
20210106160233	1000
20210106160233	1000
20210106160233	1000
20210106160233	1000
20210106160233	1000
20210106160233	1000
20210106160233	1000
20210106160233	1000
20210106160233	1000
20210106160233	1000
20210106160233	1000
20210106160233	1000
20210106160233	1000
20210106160233	1000
20210106160233	1000
20210106160233	1000
20210106160233	1000
20210106160233	1000
20210106160233	1000
20210106160233	1000
20210106160233	1000
20210106160233	1000
20210106160233	1000
20210106160233	1000
20210106160233	1000
20210106160233	1000
20210106160233	2000
20210106160233	2000
20210106160233	2000
20210106160233	2000
20210106160233	2000
20210106160233	2000
20210106160233	2000
20210106160233	2000
20210106160233	2000
20210106160234	2000
20210106160234	2000
20210106160234	2000
20210106160234	2000
20210106160234	2000
20210106160234	2000
20210106160234	2000
20210106160234	2000
20210106160234	2000
20210106160234	2000
20210106160234	2000
20210106160234	2000
20210106160234	2000
20210106160234	2000
20210106160234	2000
20210106160234	2000
20210106160234	2000
20210106160234	2000
20210106160234	2000
20210106160234	2000
20210106160234	2000
20210106160234	2000
20210106160234	2000
20210106160234	2000
20210106160234	2000
20210106160234	2000
20210106160234	2000
20210106160234	2000
20210106160234	2000
20210106160234	2000
20210106160234	2000
20210106160234	2000
20210106160234	2000
20210106160234	2000
20210106160234	2000
20210106160234	2000
20210106160234	2000
20210106160234	2000
20210106160234	2000
20210106160234	2000
20210106160234	2000
20210106160234	2000
20210106160234	2000
20210106160234	2000
20210106160234	2000
20210106160234	2000
20210106160234	2000
20210106160234	2000
20210106160234	2000
20210106160235	2000
20210106160235	2000
20210106160235	2000
20210106160235	2000
20210106160235	2000
20210106160235	2000
20210106160235	2000
20210106160235	2000
20210106160235	2000
20210106160235	2000
20210106160235	2000
20210106160235	2000
20210106160235	2000
20210106160235	2000
20210106160235	2000
20210106160235	2000
20210106160235	2000
20210106160235	2000
20210106160235	2000
20210106160235	2000
20210106160235	2000
20210106160235	2000
20210106160235	2000
20210106160235	2000
20210106160235	2000
20210106160235	2000
20210106160235	2000
20210106160235	1990.8
20210106160235	1991.58
20210106160235	1990.78
20210106160235	1990.78
20210106160236	1990.26
20210106160236	1990.22
20210106160236	1990.22
20210106160236	1990.22
20210106160236	1990.03
20210106160236	1990.03
20210106160236	1957.07
20210106160236	1939.67
20210106160236	1939.16
20210106160236	1864.11
20210106160236	1863.55
20210106160236	1868.34
20210106160236	1867.75
20210106160236	1867.14
20210106160236	1867.14
20210106160236	1805.06
20210106160236	1804.49
20210106160236	1811.04
20210106160236	1810.31
20210106160236	1810.31
20210106160236	1809.84
20210106160236	1711.92
20210106160236	1711.92
20210106160236	1812.26
20210106160236	1812.26
20210106160236	1732.08
20210106160236	1732.08
20210106160236	1738.74
20210106160236	1738.06
20210106160236	1738.06
20210106160236	1737.62
20210106160236	1622.44
20210106160236	1622.44
20210106160236	1741.18
20210106160236	1741.18
20210106160236	1484.82
20210106160236	1484.82
20210106160236	1637.2
20210106160236	1636.6
20210106160236	1641.48
20210106160236	1641.48
20210106160236	1646.28
20210106160237	1645.62
20210106160237	1645.62
20210106160237	1649.44
20210106160237	1510.27
20210106160237	1510.27
20210106160237	1510.27
20210106160237	1509.74
20210106160237	1515.41
20210106160237	1515.41
20210106160237	1519.8
20210106160237	1519.32
20210106160237	1519.32
20210106160237	1518.78
20210106160237	1522.66
20210106160237	1351.47
20210106160237	1124.76
20210106160237	1124.24
20210106160237	1000
20210106160237	1000
20210106160237	1000
20210106160237	1000
20210106160237	1000
20210106160237	1000
20210106160237	1000
20210106160237	1000
20210106160237	1000
20210106160237	1000
20210106160237	1000
20210106160237	1000
20210106160237	1000
20210106160237	1000
20210106160237	1000
20210106160237	1000
20210106160238	1000
20210106160238	1000
20210106160238	1000
20210106160238	1000
20210106160238	1000
20210106160238	1000
20210106160238	1000
20210106160238	1000
20210106160238	1000
20210106160238	1000
20210106160238	1000
20210106160238	1000
20210106160238	1000
20210106160238	1000
20210106160238	1000
20210106160238	1000
20210106160238	1000
20210106160238	1000
20210106160238	1000
20210106160238	1000
20210106160238	1000
20210106160238	1000
20210106160238	1000
20210106160238	1000
20210106160238	1000
20210106160238	1000
20210106160238	1000
20210106160238	1000
20210106160238	1000
20210106160238	1000
20210106160238	1000
20210106160238	1000
20210106160238	1000
20210106160238	1000
20210106160238	1000
20210106160238	1000
20210106160238	1000
20210106160238	1000
20210106160238	1000
20210106160238	1000
20210106160238	1000
20210106160238	1000
20210106160238	1000
20210106160238	1000
20210106160238	1000
20210106160238	1000
20210106160238	1000
20210106160238	1000
20210106160238	1000
20210106160238	1000
20210106160238	1000
20210106160238	1000
20210106160239	1000
20210106160239	1000
20210106160239	1000
20210106160239	1000
20210106160239	1000
20210106160239	1000
20210106160239	1000
20210106160239	1000
20210106160239	1000
20210106160239	1000
20210106160239	1000
20210106160239	1000
20210106160239	1000
20210106160239	1000
20210106160239	1000
20210106160239	1000
20210106160239	1000
20210106160239	1000
20210106160239	1000
20210106160239	1000
20210106160239	1000
20210106160239	1000
20210106160239	1000
20210106160239	1000
20210106160239	1000
20210106160239	1000
20210106160239	1000
20210106160239	1000
20210106160239	1000
20210106160239	1000
20210106160239	1000
20210106160239	1000
20210106160239	1000
20210106160239	1000
20210106160239	1000
20210106160239	1000
20210106160239	1000
20210106160239	1000
20210106160239	1000
20210106160239	1000
20210106160239	1000
20210106160239	1000
20210106160240	1000
20210106160240	1000
20210106160240	1000
20210106160240	1000
20210106160240	1000
20210106160240	1000
20210106160240	1000
20210106160240	1000
20210106160240	1000
20210106160240	1000
20210106160240	1000
20210106160240	1000
20210106160240	1000
20210106160240	1000
20210106160240	1000
20210106160240	1000
20210106160240	1000
20210106160240	1000
20210106160240	1000
20210106160240	1000
20210106160240	1000
20210106160240	1000
20210106160240	1000
20210106160240	1000
20210106160240	1000
20210106160240	1000
20210106160240	1000
20210106160240	1000
20210106160240	1000
20210106160240	1000
20210106160240	1000
20210106160240	1000
20210106160240	1000
20210106160240	1000
20210106160240	1000
20210106160240	1000
20210106160240	1000
20210106160240	1000
20210106160240	1000
20210106160240	1000
20210106160240	1000
20210106160240	1000
20210106160241	1000
20210106160241	1000
20210106160241	1000
20210106160241	1000
20210106160241	1000
20210106160241	1000
20210106160241	1000
20210106160241	1000
20210106160241	1000
20210106160241	1000
20210106160241	1000
20210106160241	1000
20210106160241	1000
20210106160241	1000
20210106160241	1000
20210106160241	1000
20210106160241	1000
20210106160241	1000
20210106160241	1000
20210106160242	1000
20210106160242	1000
20210106160242	1000
20210106160242	1000
20210106160242	1000
20210106160242	1000
20210106160242	1000
20210106160242	1000
20210106160242	1000
20210106160242	1000
20210106160242	1000
20210106160242	1000
20210106160242	1000
20210106160242	1000
20210106160242	1000
20210106160242	1000
20210106160242	1000
20210106160242	1000
20210106160242	1000
20210106160242	1000
20210106160242	1000
20210106160242	1000
20210106160242	1000
20210106160242	1000
20210106160242	1000
20210106160242	1000
20210106160242	1000
20210106160242	1000
20210106160242	1000
20210106160242	1000
20210106160242	1000
20210106160242	1000
20210106160242	1000
20210106160242	1000
20210106160242	1000
20210106160242	1000
20210106160242	1000
20210106160242	1000
20210106160242	1000
20210106160242	1000
20210106160242	1000
20210106160242	1000
20210106160242	1000
20210106160242	1000
20210106160242	1000
20210106160242	2000
20210106160242	2000
20210106160242	1000
20210106160242	1000
20210106160242	1000
20210106160242	1000
20210106160242	1000
20210106160242	1000
20210106160242	2000
20210106160242	2000
20210106160242	1000
20210106160242	1000
20210106160242	1000
20210106160242	1000
20210106160242	1000
20210106160242	1000
20210106160243	2000
20210106160243	2000
20210106160243	1000
20210106160243	1000
20210106160243	2000
20210106160243	2000
20210106160243	2000
20210106160243	2000
20210106160243	2000
20210106160243	2000
20210106160243	2000
20210106160243	2000
20210106160243	2000
20210106160243	2000
20210106160243	2000
20210106160243	2000
20210106160243	2000
20210106160243	2000
20210106160243	2000
20210106160243	2000
20210106160243	2000
20210106160243	2000
20210106160243	2000
20210106160243	2000
20210106160243	2000
20210106160243	2000
20210106160243	2000
20210106160243	2000
20210106160243	2000
20210106160244	2000
20210106160244	2000
20210106160244	2000
20210106160244	2000
20210106160244	2000
20210106160244	2000
20210106160244	2000
20210106160244	2000
20210106160244	2000
20210106160244	2000
20210106160244	2000
20210106160244	2000
20210106160244	2000
20210106160244	2000
20210106160244	2000
20210106160244	2000
20210106160244	2000
20210106160244	2000
20210106160244	2000
20210106160244	2000
20210106160244	2000
20210106160244	2000
20210106160244	2000
20210106160244	2000
20210106160244	2000
20210106160244	2000
20210106160244	2000
20210106160244	2000
20210106160244	2000
20210106160244	2000
20210106160244	2000
20210106160244	2000
20210106160244	2000
20210106160244	2000
20210106160244	2000
20210106160244	2000
20210106160244	2000
20210106160244	2000
20210106160244	2000
20210106160244	2000
20210106160244	2000
20210106160244	2000
20210106160244	2000
20210106160244	2000
20210106160244	2000
20210106160244	2000
20210106160244	2000
20210106160245	2000
20210106160245	2000
20210106160245	2000
20210106160245	2000
20210106160245	2000
20210106160245	2000
20210106160245	2000
20210106160245	2000
20210106160245	2000
20210106160245	2000
20210106160245	2000
20210106160245	2000
20210106160245	2000
20210106160245	2000
20210106160245	2000
20210106160245	2000
20210106160245	2000
20210106160245	2000
20210106160245	2000
20210106160245	2000
20210106160245	2000
20210106160245	2000
20210106160245	2000
20210106160245	2000
20210106160245	2000
20210106160245	2000
20210106160245	2000
20210106160245	2000
20210106160245	2000
20210106160245	2000
20210106160245	2000
20210106160245	2000
20210106160245	2000
20210106160245	2000
20210106160245	2000
20210106160245	2000
20210106160245	2000
20210106160245	2000
20210106160245	2000
20210106160245	2000
20210106160245	2000
20210106160245	2000
20210106160245	2000
20210106160245	2000
20210106160245	2000
20210106160245	2000
20210106160245	2000
20210106160245	2000
20210106160245	2000
20210106160245	2000
20210106160245	2000
20210106160245	2000
20210106160245	2000
20210106160245	2000
20210106160245	2000
20210106160245	2000
20210106160245	2000
20210106160245	2000
20210106160245	2000
20210106160245	2000
20210106160245	2000
20210106160245	2000
20210106160245	2000
20210106160245	2000
20210106160245	2000
20210106160246	2000
20210106160246	2000
20210106160246	2000
20210106160246	2000
20210106160246	2000
20210106160246	2000
20210106160246	2000
20210106160246	2000
20210106160246	2000
20210106160246	2000
20210106160246	2000
20210106160246	2000
20210106160246	2000
20210106160246	2000
20210106160246	2000
20210106160246	2000
20210106160246	2000
20210106160246	2000
20210106160246	2000
20210106160246	2000
20210106160246	2000
20210106160246	2000
20210106160246	2000
20210106160246	2000
20210106160246	2000
20210106160246	2000
20210106160246	2000
20210106160246	2000
20210106160246	2000
20210106160246	2000
20210106160246	2000
20210106160246	2000
20210106160246	2000
20210106160246	2000
20210106160246	2000
20210106160246	2000
20210106160246	2000
20210106160247	2000
20210106160247	2000
20210106160247	2000
20210106160247	2000
20210106160247	2000
20210106160247	2000
20210106160247	2000
20210106160247	2000
20210106160247	2000
20210106160247	2000
20210106160247	2000
20210106160247	2000
20210106160247	2000
20210106160247	2000
20210106160247	2000
20210106160247	2000
20210106160247	2000
20210106160247	2000
20210106160247	2000
20210106160247	2000
20210106160247	2000
20210106160247	2000
20210106160247	2000
20210106160247	2000
20210106160247	2000
20210106160247	2000
20210106160247	2000
20210106160247	2000
20210106160247	2000
20210106160247	2000
20210106160247	2000
20210106160247	2000
20210106160247	2000
20210106160247	2000
20210106160247	2000
20210106160248	2000
20210106160248	2000
20210106160248	2000
20210106160248	2000
20210106160248	2000
20210106160248	2000
20210106160248	2000
20210106160248	2000
20210106160248	2000
20210106160248	2000
20210106160248	2000
20210106160248	2000
20210106160248	2000
20210106160248	2000
20210106160248	2000
20210106160248	2000
20210106160248	2000
20210106160248	2000
20210106160248	2000
20210106160248	2000
20210106160248	2000
20210106160248	2000
20210106160248	2000
20210106160248	2000
20210106160248	2000
20210106160248	2000
20210106160248	2000
20210106160248	2000
20210106160248	2000
20210106160248	2000
20210106160248	2000
20210106160248	2000
20210106160248	2000
20210106160248	2000
20210106160248	2000
20210106160248	2000
20210106160248	2000
20210106160248	2000
20210106160248	2000
20210106160248	2000
20210106160248	2000
20210106160248	2000
20210106160249	2000
20210106160249	2000
20210106160249	2000
20210106160249	2000
20210106160249	2000
20210106160249	2000
20210106160249	2000
20210106160249	2000
20210106160249	2000
20210106160249	2000
20210106160249	2000
20210106160249	2000
20210106160249	2000
20210106160249	2000
20210106160249	2000
20210106160249	2000
20210106160249	2000
20210106160249	2000
20210106160249	2000
20210106160249	2000
20210106160249	2000
20210106160249	2000
20210106160249	2000
20210106160249	2000
20210106160249	2000
20210106160249	2000
20210106160249	2000
20210106160249	2000
20210106160250	2000
20210106160250	2000
20210106160250	2000
20210106160250	2000
20210106160250	2000
20210106160250	2000
20210106160250	2000
20210106160250	2000
20210106160250	2000
20210106160250	2000
20210106160250	2000
20210106160250	2000
20210106160250	2000
20210106160250	2000
20210106160250	2000
20210106160250	2000
20210106160250	2000
20210106160250	2000
20210106160250	2000
20210106160250	2000
20210106160250	2000
20210106160250	2000
20210106160250	2000
20210106160250	2000
20210106160250	2000
20210106160250	2000
20210106160250	2000
20210106160250	2000
20210106160250	2000
20210106160250	2000
20210106160250	2000
20210106160250	2000
20210106160250	2000
20210106160250	2000
20210106160250	2000
20210106160250	1000
20210106160250	1000
20210106160250	1000
20210106160250	1000
20210106160251	1000
20210106160251	1000
20210106160251	1000
20210106160251	1000
20210106160251	1000
20210106160251	1000
20210106160251	1000
20210106160251	1000
20210106160251	1000
20210106160251	1000
20210106160251	1000
20210106160251	1000
20210106160251	1000
20210106160251	1000
20210106160251	1000
20210106160251	1000
20210106160251	1000
20210106160251	1000
20210106160251	1000
20210106160251	1000
20210106160251	1000
20210106160251	1000
20210106160251	1000
20210106160251	1000
20210106160251	1000
20210106160251	1000
20210106160251	1000
20210106160251	1000
20210106160251	1000
20210106160251	1000
20210106160251	1000
20210106160251	1000
20210106160251	1000
20210106160252	1000
20210106160252	1000
20210106160252	1000
20210106160252	1000
20210106160252	1000
20210106160252	1000
20210106160252	1000
20210106160252	1000
20210106160252	1000
20210106160252	1000
20210106160252	1000
20210106160252	1000
20210106160252	1000
20210106160252	1000
20210106160252	1000
20210106160252	1000
20210106160252	1000
20210106160252	1000
20210106160252	1000
20210106160252	1000
20210106160252	1000
20210106160252	1000
20210106160252	1000
20210106160252	1000
20210106160252	1000
20210106160252	1000
20210106160252	1000
20210106160252	1000
20210106160252	1000
20210106160252	1000
20210106160252	1000
20210106160252	1000
20210106160252	1000
20210106160252	1000
20210106160252	1000
20210106160252	1000
20210106160252	1000
20210106160252	1000
20210106160252	1000
20210106160252	1000
20210106160252	2000
20210106160253	1000
20210106160253	1000
20210106160253	1000
20210106160253	1000
20210106160253	1000
20210106160253	1000
20210106160253	2000
20210106160253	2000
20210106160253	2000
20210106160253	2000
20210106160253	2000
20210106160253	2000
20210106160253	2000
20210106160253	2000
20210106160253	2000
20210106160253	2000
20210106160253	2000
20210106160253	2000
20210106160253	2000
20210106160253	2000
20210106160253	1000
20210106160253	1000
20210106160253	1000
20210106160253	1000
20210106160253	1000
20210106160253	1000
20210106160253	1000
20210106160253	1000
20210106160253	1000
20210106160253	1000
20210106160253	2000
20210106160253	2000
20210106160253	1000
20210106160253	1000
20210106160253	2000
20210106160253	2000
20210106160253	1000
20210106160253	2000
20210106160253	2000
20210106160253	2000
20210106160253	2000
20210106160253	2000
20210106160253	2000
20210106160253	2000
20210106160253	2000
20210106160253	2000
20210106160254	2000
20210106160254	2000
20210106160254	2000
20210106160254	2000
20210106160254	2000
20210106160254	2000
20210106160254	2000
20210106160254	2000
20210106160254	2000
20210106160254	2000
20210106160254	2000
20210106160254	2000
20210106160254	2000
20210106160254	2000
20210106160254	2000
20210106160254	2000
20210106160254	2000
20210106160254	2000
20210106160254	2000
20210106160254	2000
20210106160254	2000
20210106160254	2000
20210106160254	2000
20210106160254	2000
20210106160254	1000
20210106160254	1000
20210106160254	2000
20210106160254	2000
20210106160254	1000
20210106160254	1000
20210106160254	1000
20210106160254	1000
20210106160254	2000
20210106160254	2000
20210106160254	2000
20210106160254	2000
20210106160254	2000
20210106160254	2000
20210106160254	2000
20210106160254	2000
20210106160254	2000
20210106160254	2000
20210106160254	2000
20210106160254	2000
20210106160254	2000
20210106160254	2000
20210106160254	2000
20210106160254	2000
20210106160254	2000
20210106160254	2000
20210106160254	2000
20210106160255	2000
20210106160255	2000
20210106160255	2000
20210106160255	2000
20210106160255	2000
20210106160255	2000
20210106160255	2000
20210106160255	2000
20210106160255	2000
20210106160255	2000
20210106160255	2000
20210106160255	2000
20210106160255	2000
20210106160255	2000
20210106160255	2000
20210106160255	2000
20210106160255	2000
20210106160255	2000
20210106160255	2000
20210106160255	2000
20210106160255	2000
20210106160255	2000
20210106160255	2000
20210106160255	2000
20210106160255	2000
20210106160255	2000
20210106160255	2000
20210106160255	2000
20210106160256	2000
20210106160256	2000
20210106160256	2000
20210106160256	2000
20210106160256	2000
20210106160256	2000
20210106160256	2000
20210106160256	2000
20210106160256	2000
20210106160256	2000
20210106160256	2000
20210106160256	2000
20210106160256	2000
20210106160256	2000
20210106160256	2000
20210106160256	2000
20210106160256	2000
20210106160256	2000
20210106160256	2000
20210106160256	2000
20210106160256	2000
20210106160256	2000
20210106160256	2000
20210106160256	2000
20210106160256	2000
20210106160256	2000
20210106160256	2000
20210106160256	2000
20210106160256	2000
20210106160256	2000
20210106160256	2000
20210106160256	2000
20210106160256	2000
20210106160256	2000
20210106160256	2000
20210106160256	2000
20210106160256	2000
20210106160256	2000
20210106160256	2000
20210106160256	2000
20210106160256	2000
20210106160256	2000
20210106160256	2000
20210106160256	2000
20210106160256	2000
20210106160256	2000
20210106160256	2000
20210106160256	2000
20210106160257	2000
20210106160257	2000
20210106160257	2000
20210106160257	2000
20210106160257	2000
20210106160257	2000
20210106160257	2000
20210106160257	2000
20210106160257	2000
20210106160257	2000
20210106160257	2000
20210106160257	2000
20210106160257	2000
20210106160257	2000
20210106160257	2000
20210106160257	2000
20210106160257	2000
20210106160257	2000
20210106160257	2000
20210106160257	2000
20210106160257	2000
20210106160257	2000
20210106160257	2000
20210106160257	2000
20210106160257	2000
20210106160257	2000
20210106160257	2000
20210106160257	2000
20210106160257	2000
20210106160257	2000
20210106160257	2000
20210106160257	2000
20210106160257	2000
20210106160257	2000
20210106160257	2000
20210106160257	2000
20210106160258	2000
20210106160258	2000
20210106160258	2000
20210106160258	2000
20210106160258	2000
20210106160258	2000
20210106160258	2000
20210106160258	2000
20210106160258	2000
20210106160258	2000
20210106160258	2000
20210106160258	2000
20210106160258	2000
20210106160258	2000
20210106160258	2000
20210106160258	2000
20210106160258	2000
20210106160258	2000
20210106160258	2000
20210106160258	2000
20210106160258	2000
20210106160258	2000
20210106160258	2000
20210106160258	2000
20210106160258	2000
20210106160258	2000
20210106160258	2000
20210106160258	2000
20210106160258	2000
20210106160258	2000
20210106160258	2000
20210106160258	2000
20210106160258	2000
20210106160258	2000
20210106160258	2000
20210106160258	2000
20210106160258	2000
20210106160258	2000
20210106160258	2000
20210106160258	2000
20210106160258	2000
20210106160258	2000
20210106160258	2000
20210106160258	2000
20210106160259	2000
20210106160259	2000
20210106160259	2000
20210106160259	2000
20210106160259	2000
20210106160259	2000
20210106160259	2000
20210106160259	2000
20210106160259	2000
20210106160259	2000
20210106160259	2000
20210106160259	2000
20210106160259	2000
20210106160259	2000
20210106160259	2000
20210106160259	2000
20210106160259	2000
20210106160259	2000
20210106160259	2000
20210106160259	2000
20210106160259	2000
20210106160259	2000
20210106160259	2000
20210106160259	2000
20210106160259	2000
20210106160259	2000
20210106160259	2000
20210106160259	2000
20210106160259	2000
20210106160259	2000
20210106160259	2000
20210106160259	2000
20210106160259	2000
20210106160259	2000
20210106160259	2000
20210106160259	2000
20210106160259	2000
20210106160259	2000
20210106160259	2000
20210106160259	2000
20210106160259	2000
20210106160259	2000
20210106160300	2000
20210106160300	2000
20210106160300	2000
20210106160300	2000
20210106160300	2000
20210106160300	2000
20210106160300	2000
20210106160300	2000
20210106160300	2000
20210106160300	2000
20210106160300	2000
20210106160300	2000
20210106160300	2000
20210106160300	2000
20210106160300	2000
20210106160300	2000
20210106160300	2000
20210106160300	2000
20210106160300	2000
20210106160300	2000
20210106160300	2000
20210106160300	2000
20210106160300	2000
20210106160300	2000
20210106160300	2000
20210106160300	2000
20210106160300	2000
20210106160301	2000
20210106160301	2000
20210106160301	2000
20210106160301	2000
20210106160301	2000
20210106160301	2000
20210106160301	2000
20210106160301	2000
20210106160301	2000
20210106160301	2000
20210106160301	2000
20210106160301	2000
20210106160301	2000
20210106160301	2000
20210106160301	2000
20210106160301	2000
20210106160301	2000
20210106160301	2000
20210106160301	2000
20210106160301	2000
20210106160301	2000
20210106160301	2000
20210106160301	2000
20210106160301	2000
20210106160301	2000
20210106160301	2000
20210106160301	2000
20210106160301	2000
20210106160301	2000
20210106160301	2000
20210106160301	2000
20210106160301	2000
20210106160301	2000
20210106160301	2000
20210106160301	2000
20210106160301	2000
20210106160301	2000
20210106160301	2000
20210106160301	2000
20210106160301	2000
20210106160301	2000
20210106160301	2000
20210106160301	2000
20210106160301	2000
20210106160301	2000
20210106160301	2000
20210106160301	2000
20210106160301	2000
20210106160302	2000
20210106160302	2000
20210106160302	2000
20210106160302	2000
20210106160302	2000
20210106160302	2000
20210106160302	2000
20210106160302	2000
20210106160302	2000
20210106160302	2000
20210106160302	2000
20210106160302	2000
20210106160302	2000
20210106160302	2000
20210106160302	2000
20210106160302	2000
20210106160302	2000
20210106160302	2000
20210106160302	2000
20210106160302	2000
20210106160302	2000
20210106160302	2000
20210106160302	2000
20210106160302	2000
20210106160302	2000
20210106160302	2000
20210106160302	2000
20210106160302	2000
20210106160302	2000
20210106160302	2000
20210106160302	2000
20210106160302	2000
20210106160302	2000
20210106160302	2000
20210106160302	2000
20210106160302	2000
20210106160302	2000
20210106160302	2000
20210106160302	2000
20210106160302	2000
20210106160302	2000
20210106160303	2000
20210106160303	2000
20210106160303	2000
20210106160303	2000
20210106160303	2000
20210106160303	2000
20210106160303	2000
20210106160303	2000
20210106160303	2000
20210106160303	2000
20210106160303	2000
20210106160303	2000
20210106160303	2000
20210106160303	2000
20210106160303	2000
20210106160303	2000
20210106160303	2000
20210106160303	2000
20210106160303	2000
20210106160303	2000
20210106160303	2000
20210106160303	2000
20210106160303	2000
20210106160303	2000
20210106160303	2000
20210106160303	2000
20210106160303	2000
20210106160303	2000
20210106160303	2000
20210106160303	2000
20210106160303	2000
20210106160303	2000
20210106160303	2000
20210106160303	2000
20210106160303	2000
20210106160304	2000
20210106160304	2000
20210106160304	2000
20210106160304	2000
20210106160304	2000
20210106160304	2000
20210106160304	2000
20210106160304	2000
20210106160304	2000
20210106160304	2000
20210106160304	2000
20210106160304	2000
20210106160304	2000
20210106160304	2000
20210106160304	2000
20210106160304	2000
20210106160304	2000
20210106160304	2000
20210106160304	2000
20210106160304	2000
20210106160304	2000
20210106160304	2000
20210106160304	2000
20210106160304	2000
20210106160304	2000
20210106160304	2000
20210106160304	2000
20210106160304	2000
20210106160304	2000
20210106160304	2000
20210106160304	2000
20210106160304	2000
20210106160304	2000
20210106160304	2000
20210106160304	2000
20210106160304	2000
20210106160304	2000
20210106160304	2000
20210106160304	2000
20210106160304	2000
20210106160304	2000
20210106160304	2000
20210106160304	2000
20210106160304	2000
20210106160304	2000
20210106160305	2000
20210106160305	2000
20210106160305	2000
20210106160305	2000
20210106160305	2000
20210106160305	2000
20210106160305	2000
20210106160305	2000
20210106160305	2000
20210106160305	2000
20210106160305	2000
20210106160305	2000
20210106160305	2000
20210106160305	2000
20210106160305	2000
20210106160305	2000
20210106160305	2000
20210106160305	2000
20210106160305	2000
20210106160305	2000
20210106160305	2000
20210106160305	2000
20210106160305	2000
20210106160305	2000
20210106160305	2000
20210106160305	2000
20210106160305	2000
20210106160305	2000
20210106160305	2000
20210106160305	2000
20210106160305	2000
20210106160305	2000
20210106160305	2000
20210106160305	2000
20210106160305	2000
20210106160305	2000
20210106160305	2000
20210106160305	2000
20210106160305	2000
20210106160305	2000
20210106160305	2000
20210106160305	2000
20210106160305	2000
20210106160305	2000
20210106160305	2000
20210106160305	2000
20210106160305	2000
20210106160305	2000
20210106160305	2000
20210106160305	2000
20210106160305	2000
20210106160305	2000
20210106160305	2000
20210106160305	2000
20210106160305	2000
20210106160305	2000
20210106160305	2000
20210106160305	2000
20210106160305	2000
20210106160305	2000
20210106160305	2000
20210106160305	2000
20210106160305	2000
20210106160305	2000
20210106160305	2000
20210106160305	2000
20210106160305	2000
20210106160305	2000
20210106160305	2000
20210106160305	2000
20210106160305	2000
20210106160305	2000
20210106160305	2000
20210106160305	2000
20210106160305	2000
20210106160305	2000
20210106160305	2000
20210106160305	2000
20210106160305	2000
20210106160305	2000
20210106160305	2000
20210106160305	2000
20210106160305	2000
20210106160305	2000
20210106160305	2000
20210106160305	2000
20210106160305	2000
20210106160305	2000
20210106160306	2000
20210106160306	2000
20210106160306	2000
20210106160306	2000
20210106160306	2000
20210106160306	2000
20210106160306	2000
20210106160306	2000
20210106160306	2000
20210106160306	2000
20210106160306	2000
20210106160306	2000
20210106160306	2000
20210106160306	2000
20210106160306	2000
20210106160306	2000
20210106160306	2000
20210106160306	2000
20210106160306	2000
20210106160306	2000
20210106160306	2000
20210106160306	2000
20210106160306	2000
20210106160306	2000
20210106160306	2000
20210106160306	2000
20210106160306	2000
20210106160306	2000
20210106160306	2000
20210106160306	2000
20210106160306	2000
20210106160306	2000
20210106160306	2000
20210106160306	2000
20210106160306	2000
20210106160306	2000
20210106160306	2000
20210106160306	2000
20210106160306	2000
20210106160306	2000
20210106160306	2000
20210106160306	2000
20210106160306	2000
20210106160306	2000
20210106160306	2000
20210106160306	2000
20210106160306	2000
20210106160306	2000
20210106160306	2000
20210106160306	2000
20210106160306	2000
20210106160306	2000
20210106160306	2000
20210106160306	2000
20210106160306	2000
20210106160306	2000
20210106160306	2000
20210106160306	2000
20210106160306	2000
20210106160306	2000
20210106160306	2000
20210106160306	2000
20210106160306	2000
20210106160306	2000
20210106160306	2000
20210106160306	2000
20210106160306	2000
20210106160306	2000
20210106160306	2000
20210106160306	2000
20210106160306	2000
20210106160306	2000
20210106160306	2000
20210106160306	2000
20210106160306	2000
20210106160306	2000
20210106160306	2000
20210106160306	2000
20210106160306	2000
20210106160306	2000
20210106160306	2000
20210106160306	2000
20210106160306	2000
20210106160306	2000
20210106160306	2000
20210106160306	2000
