20210111014325	535.431
20210111014327	535.431
20210111014328	535.431
20210111014329	535.431
20210111014331	535.431
20210111014332	535.431
20210111014333	535.431
20210111014334	535.431
20210111014335	535.431
20210111014336	535.431
20210111014338	535.431
20210111014339	535.431
20210111014340	535.431
20210111014341	535.431
20210111014342	535.431
20210111014342	535.431
20210111014344	535.431
20210111014345	535.431
20210111014347	535.431
20210111014348	535.431
20210111014349	535.431
20210111014350	535.431
20210111014351	535.431
20210111014353	535.431
20210111014355	535.431
20210111014357	535.431
20210111014358	535.431
20210111014359	535.431
20210111014401	535.431
20210111014402	535.431
20210111014403	535.431
20210111014404	535.431
20210111014405	535.431
20210111014407	535.431
20210111014408	535.431
20210111014410	535.431
20210111014410	535.431
20210111014411	535.431
20210111014413	535.431
20210111014414	535.431
20210111014416	535.431
20210111014417	535.431
20210111014419	535.431
20210111014420	535.431
20210111014422	535.431
20210111014423	535.431
20210111014424	535.431
20210111014426	535.431
20210111014427	535.431
20210111014429	535.431
20210111014430	535.431
20210111014431	535.431
20210111014433	535.431
20210111014434	535.431
20210111014435	535.431
20210111014436	535.431
20210111014437	535.431
20210111014438	535.431
20210111014438	535.431
20210111014439	535.431
20210111014440	535.431
20210111014442	535.431
20210111014443	535.431
20210111014444	535.431
20210111014445	535.431
20210111014446	535.431
20210111014448	535.431
20210111014449	535.431
20210111014450	535.431
20210111014451	535.431
20210111014453	535.431
20210111014454	535.431
20210111014455	535.431
20210111014456	535.431
20210111014457	535.431
20210111014459	535.431
20210111014459	535.431
20210111014501	535.431
20210111014502	535.431
20210111014503	535.431
20210111014504	535.431
20210111014505	535.431
20210111014507	535.431
20210111014508	535.431
20210111014509	535.431
20210111014510	535.431
20210111014511	535.431
20210111014513	535.431
20210111014515	535.431
20210111014516	535.431
20210111014518	535.431
20210111014519	535.431
20210111014520	535.431
20210111014521	535.431
20210111014523	535.431
20210111014524	535.431
20210111014525	535.431
20210111014527	535.431
20210111014528	535.431
20210111014530	535.431
20210111014531	535.431
20210111014532	535.431
20210111014534	535.431
20210111014535	535.431
20210111014536	535.431
20210111014538	535.431
20210111014539	535.431
20210111014540	535.431
20210111014541	535.431
20210111014542	535.431
20210111014544	535.431
20210111014545	535.431
20210111014547	535.431
20210111014549	535.431
20210111014550	535.431
20210111014551	535.431
20210111014553	535.431
20210111014554	535.431
20210111014555	535.431
20210111014557	535.431
20210111014558	535.431
20210111014600	535.431
20210111014601	535.431
20210111014602	535.431
20210111014604	535.431
20210111014605	535.431
