20210123194641	1611402400
20210123194641	1611402401
20210123194642	1611402401
20210123194642	1611402401
20210123194643	1611402402
20210123194643	1611402402
20210123194644	1611402403
20210123194644	1611402403
20210123194645	1611402405
20210123194645	1611402405
20210123194646	1611402406
20210123194646	1611402406
20210123194647	1611402407
20210123194647	1611402407
20210123194648	1611402408
20210123194648	1611402408
20210123194649	1611402408
20210123194649	1611402409
20210123194650	1611402409
20210123194650	1611402410
20210123194651	1611402410
20210123194651	1611402411
20210123194652	1611402411
20210123194652	1611402412
20210123194653	1611402412
20210123194653	1611402413
20210123194654	1611402413
20210123194654	1611402414
20210123194655	1611402414
20210123194655	1611402415
20210123194656	1611402415
20210123194656	1611402415
20210123194657	1611402417
20210123194657	1611402417
20210123194658	1611402418
20210123194658	1611402418
20210123194659	1611402419
20210123194659	1611402419
20210123194700	1611402420
20210123194700	1611402420
20210123194701	1611402420
20210123194701	1611402421
20210123194702	1611402421
20210123194702	1611402422
20210123194703	1611402422
20210123194703	1611402423
20210123194704	1611402423
20210123194704	1611402424
20210123194705	1611402424
20210123194705	1611402424
20210123194706	1611402426
20210123194706	1611402426
20210123194707	1611402427
20210123194707	1611402427
20210123194708	1611402428
20210123194708	1611402428
20210123194709	1611402429
20210123194709	1611402429
20210123194710	1611402429
20210123194710	1611402430
20210123194711	1611402430
20210123194711	1611402431
20210123194712	1611402431
20210123194712	1611402432
20210123194713	1611402432
20210123194713	1611402432
20210123194714	1611402433
20210123194714	1611402433
20210123194715	1611402434
20210123194715	1611402434
20210123194716	1611402436
20210123194716	1611402436
20210123194717	1611402437
20210123194717	1611402437
20210123194718	1611402437
20210123194718	1611402438
20210123194719	1611402438
20210123194719	1611402439
20210123194720	1611402439
20210123194720	1611402440
20210123194721	1611402440
20210123194721	1611402441
20210123194722	1611402441
20210123194722	1611402442
20210123194723	1611402442
20210123194723	1611402442
20210123194724	1611402444
20210123194724	1611402444
20210123194725	1611402445
20210123194725	1611402445
20210123194726	1611402446
20210123194726	1611402446
20210123194727	1611402447
20210123194727	1611402447
20210123194728	1611402448
20210123194728	1611402448
20210123194729	1611402449
20210123194729	1611402449
20210123194730	1611402449
20210123194730	1611402450
20210123194731	1611402450
20210123194731	1611402451
20210123194732	1611402451
20210123194732	1611402452
20210123194733	1611402452
20210123194733	1611402453
20210123194734	1611402453
20210123194734	1611402454
20210123194735	1611402454
20210123194735	1611402455
20210123194736	1611402455
20210123194736	1611402456
20210123194737	1611402456
20210123194737	1611402457
20210123194738	1611402457
20210123194738	1611402457
20210123194739	1611402459
20210123194739	1611402459
20210123194740	1611402460
20210123194740	1611402460
20210123194741	1611402461
20210123194741	1611402461
20210123194742	1611402462
20210123194742	1611402462
20210123194743	1611402462
20210123194743	1611402463
20210123194744	1611402463
20210123194744	1611402464
20210123194745	1611402464
20210123194745	1611402465
20210123194746	1611402465
20210123194746	1611402466
20210123194747	1611402466
20210123194747	1611402467
20210123194748	1611402467
20210123194748	1611402468
20210123194749	1611402468
20210123194749	1611402469
20210123194750	1611402469
20210123194750	1611402470
20210123194751	1611402470
20210123194751	1611402471
20210123194752	1611402471
20210123194752	1611402472
20210123194753	1611402472
20210123194753	1611402473
20210123194754	1611402473
20210123194754	1611402474
20210123194755	1611402474
20210123194755	1611402474
20210123194756	1611402476
20210123194756	1611402476
20210123194757	1611402477
20210123194757	1611402477
20210123194758	1611402478
20210123194758	1611402478
20210123194759	1611402479
20210123194759	1611402479
20210123194800	1611402480
20210123194800	1611402480
20210123194801	1611402481
20210123194801	1611402481
20210123194802	1611402482
20210123194802	1611402482
20210123194803	1611402483
20210123194803	1611402483
20210123194804	1611402483
20210123194804	1611402484
20210123194805	1611402484
20210123194805	1611402485
20210123194806	1611402485
20210123194806	1611402486
20210123194807	1611402486
20210123194807	1611402486
20210123194808	1611402487
20210123194808	1611402487
20210123194809	1611402489
20210123194809	1611402489
20210123194810	1611402490
20210123194810	1611402490
20210123194811	1611402491
20210123194811	1611402491
20210123194812	1611402492
20210123194812	1611402492
20210123194813	1611402492
20210123194813	1611402493
20210123194814	1611402493
20210123194814	1611402494
20210123194815	1611402494
20210123194815	1611402495
20210123194816	1611402495
20210123194816	1611402496
20210123194817	1611402496
20210123194817	1611402497
20210123194818	1611402497
20210123194818	1611402498
20210123194819	1611402498
20210123194819	1611402499
20210123194820	1611402499
20210123194820	1611402500
20210123194821	1611402500
20210123194821	1611402501
20210123194822	1611402501
20210123194822	1611402502
20210123194823	1611402502
20210123194823	1611402503
20210123194824	1611402503
20210123194824	1611402503
20210123194825	1611402504
20210123194825	1611402504
20210123194826	1611402506
20210123194826	1611402506
20210123194827	1611402507
20210123194827	1611402507
20210123194828	1611402508
20210123194828	1611402508
20210123194829	1611402509
20210123194829	1611402509
20210123194830	1611402510
20210123194830	1611402510
20210123194831	1611402510
20210123194831	1611402511
20210123194832	1611402511
20210123194832	1611402512
20210123194833	1611402512
20210123194833	1611402513
20210123194834	1611402513
20210123194834	1611402514
20210123194835	1611402514
20210123194835	1611402515
20210123194836	1611402515
20210123194836	1611402516
20210123194837	1611402516
20210123194837	1611402517
20210123194838	1611402517
20210123194838	1611402518
20210123194839	1611402518
20210123194839	1611402519
20210123194840	1611402519
20210123194840	1611402519
20210123194841	1611402521
20210123194841	1611402521
20210123194842	1611402522
20210123194842	1611402522
20210123194843	1611402523
20210123194843	1611402523
20210123194844	1611402524
20210123194844	1611402524
20210123194845	1611402524
20210123194845	1611402525
20210123194846	1611402525
20210123194846	1611402526
20210123194847	1611402526
20210123194847	1611402527
20210123194848	1611402527
20210123194848	1611402528
20210123194849	1611402528
20210123194849	1611402529
20210123194850	1611402529
20210123194850	1611402530
20210123194851	1611402530
20210123194851	1611402530
20210123194852	1611402532
20210123194852	1611402532
20210123194853	1611402533
20210123194853	1611402533
20210123194854	1611402534
20210123194854	1611402534
20210123194855	1611402535
20210123194855	1611402535
20210123194856	1611402536
20210123194856	1611402536
20210123194857	1611402536
20210123194857	1611402537
20210123194858	1611402537
20210123194858	1611402538
20210123194859	1611402538
20210123194859	1611402539
20210123194900	1611402539
20210123194900	1611402540
20210123194901	1611402540
20210123194901	1611402541
20210123194902	1611402541
20210123194902	1611402542
20210123194903	1611402542
20210123194903	1611402543
20210123194904	1611402543
20210123194904	1611402544
20210123194905	1611402544
20210123194905	1611402545
20210123194906	1611402545
20210123194906	1611402545
20210123194907	1611402546
20210123194907	1611402546
20210123194908	1611402547
20210123194908	1611402547
20210123194909	1611402548
20210123194909	1611402548
20210123194910	1611402550
20210123194910	1611402550
20210123194911	1611402551
20210123194911	1611402551
20210123194912	1611402552
20210123194912	1611402552
20210123194913	1611402552
20210123194913	1611402553
20210123194914	1611402553
20210123194914	1611402554
20210123194915	1611402554
20210123194915	1611402555
20210123194916	1611402555
20210123194916	1611402556
20210123194917	1611402556
20210123194917	1611402557
20210123194918	1611402557
20210123194918	1611402558
20210123194919	1611402558
20210123194919	1611402558
20210123194920	1611402560
20210123194920	1611402560
20210123194921	1611402561
20210123194921	1611402561
20210123194922	1611402562
20210123194922	1611402562
20210123194923	1611402563
20210123194923	1611402563
20210123194924	1611402564
20210123194924	1611402564
20210123194925	1611402564
20210123194925	1611402565
20210123194926	1611402565
20210123194926	1611402566
20210123194927	1611402566
20210123194927	1611402567
20210123194928	1611402567
20210123194928	1611402568
20210123194929	1611402568
20210123194929	1611402569
20210123194930	1611402569
20210123194930	1611402570
20210123194931	1611402570
20210123194931	1611402570
20210123194932	1611402571
20210123194932	1611402571
20210123194933	1611402573
20210123194933	1611402573
20210123194934	1611402574
20210123194934	1611402574
20210123194935	1611402575
20210123194935	1611402575
20210123194936	1611402576
20210123194936	1611402576
20210123194937	1611402577
20210123194937	1611402577
20210123194938	1611402577
20210123194938	1611402578
20210123194939	1611402578
20210123194939	1611402579
20210123194940	1611402579
20210123194940	1611402580
20210123194941	1611402580
20210123194941	1611402581
20210123194942	1611402581
20210123194942	1611402582
20210123194943	1611402582
20210123194943	1611402582
20210123194944	1611402583
20210123194944	1611402583
20210123194945	1611402585
20210123194945	1611402585
20210123194946	1611402586
20210123194946	1611402586
20210123194947	1611402587
20210123194947	1611402587
20210123194948	1611402588
20210123194948	1611402588
