20210104223229	1609770748
20210104223230	1609770749
20210104223230	1609770749
20210104223231	1609770751
20210104223231	1609770751
20210104223232	1609770751
20210104223232	1609770752
20210104223233	1609770752
20210104223233	1609770753
20210104223234	1609770753
20210104223234	1609770754
20210104223235	1609770754
20210104223235	1609770755
20210104223236	1609770755
20210104223236	1609770755
20210104223237	1609770756
20210104223237	1609770756
20210104223238	1609770757
20210104223238	1609770757
20210104223239	1609770758
20210104223239	1609770758
20210104223240	1609770758
20210104223240	1609770760
20210104223241	1609770760
20210104223241	1609770761
20210104223242	1609770761
20210104223242	1609770761
20210104223243	1609770762
20210104223243	1609770762
20210104223244	1609770763
20210104223244	1609770763
20210104223245	1609770764
20210104223245	1609770764
20210104223246	1609770765
20210104223246	1609770765
20210104223247	1609770766
20210104223247	1609770766
20210104223248	1609770766
20210104223248	1609770768
20210104223249	1609770768
20210104223249	1609770769
20210104223250	1609770769
20210104223250	1609770770
20210104223251	1609770770
20210104223251	1609770771
20210104223252	1609770771
20210104223252	1609770771
20210104223253	1609770772
20210104223253	1609770772
20210104223254	1609770773
20210104223254	1609770773
20210104223255	1609770774
20210104223255	1609770774
20210104223256	1609770776
20210104223256	1609770776
20210104223257	1609770776
20210104223257	1609770777
20210104223258	1609770777
20210104223258	1609770778
20210104223259	1609770778
20210104223259	1609770778
20210104223300	1609770779
20210104223300	1609770779
20210104223301	1609770780
20210104223301	1609770780
20210104223302	1609770781
20210104223302	1609770781
20210104223303	1609770782
20210104223303	1609770782
20210104223304	1609770783
20210104223304	1609770783
20210104223305	1609770783
20210104223305	1609770785
20210104223306	1609770785
20210104223306	1609770786
20210104223307	1609770786
20210104223307	1609770787
20210104223308	1609770787
20210104223308	1609770788
20210104223309	1609770788
20210104223309	1609770788
20210104223310	1609770789
20210104223310	1609770789
20210104223311	1609770790
20210104223311	1609770790
20210104223312	1609770791
20210104223312	1609770791
20210104223313	1609770791
20210104223313	1609770793
20210104223314	1609770793
20210104223314	1609770794
20210104223315	1609770794
20210104223315	1609770794
20210104223316	1609770795
20210104223316	1609770795
20210104223317	1609770796
20210104223317	1609770796
20210104223318	1609770797
20210104223318	1609770797
