20210104222326	1609770205
20210104222326	1609770205
20210104222327	1609770206
20210104222327	1609770206
20210104222328	1609770207
20210104222328	1609770207
20210104222329	1609770208
20210104222329	1609770208
20210104222330	1609770209
20210104222330	1609770209
20210104222331	1609770209
20210104222331	1609770211
20210104222332	1609770211
20210104222332	1609770212
20210104222333	1609770212
20210104222333	1609770213
20210104222334	1609770213
20210104222334	1609770214
20210104222335	1609770214
20210104222335	1609770215
20210104222336	1609770215
20210104222336	1609770216
20210104222337	1609770216
20210104222337	1609770216
20210104222338	1609770217
20210104222338	1609770217
20210104222339	1609770218
20210104222339	1609770218
20210104222340	1609770219
20210104222340	1609770219
20210104222341	1609770220
20210104222341	1609770220
20210104222342	1609770220
20210104222342	1609770222
20210104222343	1609770222
20210104222343	1609770223
20210104222344	1609770223
20210104222344	1609770224
20210104222345	1609770224
20210104222345	1609770225
20210104222346	1609770225
20210104222346	1609770226
20210104222347	1609770226
20210104222347	1609770226
20210104222348	1609770227
20210104222348	1609770227
20210104222349	1609770228
20210104222349	1609770228
20210104222350	1609770229
20210104222350	1609770229
20210104222351	1609770230
20210104222351	1609770230
20210104222352	1609770230
20210104222352	1609770232
20210104222353	1609770232
20210104222353	1609770233
20210104222354	1609770233
20210104222354	1609770234
20210104222355	1609770234
20210104222355	1609770235
20210104222356	1609770235
20210104222356	1609770236
20210104222357	1609770236
20210104222357	1609770237
20210104222358	1609770237
20210104222358	1609770237
20210104222359	1609770238
20210104222359	1609770238
20210104222400	1609770239
20210104222400	1609770239
20210104222401	1609770241
20210104222401	1609770241
20210104222402	1609770241
20210104222402	1609770242
20210104222403	1609770242
20210104222403	1609770243
20210104222404	1609770243
20210104222404	1609770244
20210104222405	1609770244
20210104222405	1609770245
20210104222406	1609770245
20210104222406	1609770246
20210104222407	1609770246
20210104222407	1609770246
20210104222408	1609770247
20210104222408	1609770247
20210104222409	1609770248
20210104222409	1609770248
20210104222410	1609770249
20210104222410	1609770249
20210104222411	1609770250
20210104222411	1609770250
20210104222412	1609770250
20210104222412	1609770252
20210104222413	1609770252
20210104222413	1609770253
20210104222414	1609770253
20210104222414	1609770254
20210104222415	1609770254
20210104222415	1609770255
20210104222416	1609770255
20210104222416	1609770255
20210104222417	1609770256
20210104222417	1609770256
20210104222418	1609770257
20210104222418	1609770257
20210104222419	1609770258
20210104222419	1609770258
20210104222420	1609770259
20210104222420	1609770259
20210104222421	1609770260
20210104222421	1609770260
20210104222422	1609770262
20210104222422	1609770262
20210104222423	1609770262
20210104222423	1609770263
20210104222424	1609770263
20210104222424	1609770264
20210104222425	1609770264
20210104222425	1609770265
20210104222426	1609770265
20210104222426	1609770266
20210104222427	1609770266
20210104222427	1609770267
20210104222428	1609770267
20210104222428	1609770267
20210104222429	1609770268
20210104222429	1609770268
20210104222430	1609770269
20210104222430	1609770269
20210104222431	1609770270
20210104222431	1609770270
20210104222432	1609770271
20210104222432	1609770271
20210104222433	1609770271
20210104222433	1609770273
20210104222434	1609770273
20210104222434	1609770274
20210104222435	1609770274
20210104222435	1609770275
20210104222436	1609770275
20210104222436	1609770275
20210104222437	1609770276
20210104222437	1609770276
20210104222438	1609770277
20210104222438	1609770277
20210104222439	1609770278
20210104222439	1609770278
20210104222440	1609770279
20210104222440	1609770279
20210104222441	1609770279
20210104222441	1609770281
20210104222442	1609770281
20210104222442	1609770282
20210104222443	1609770282
20210104222443	1609770283
20210104222444	1609770283
20210104222444	1609770284
20210104222445	1609770284
20210104222445	1609770285
20210104222446	1609770285
20210104222446	1609770285
20210104222447	1609770286
20210104222447	1609770286
20210104222448	1609770287
20210104222448	1609770287
20210104222449	1609770288
20210104222449	1609770288
20210104222450	1609770289
20210104222450	1609770289
20210104222451	1609770291
20210104222451	1609770291
20210104222452	1609770291
20210104222452	1609770292
20210104222453	1609770292
20210104222453	1609770293
20210104222454	1609770293
20210104222454	1609770293
20210104222455	1609770294
20210104222455	1609770294
20210104222456	1609770295
20210104222456	1609770295
20210104222457	1609770296
20210104222457	1609770296
20210104222458	1609770297
20210104222458	1609770297
20210104222459	1609770298
20210104222459	1609770298
20210104222500	1609770299
20210104222500	1609770299
20210104222501	1609770300
20210104222501	1609770300
20210104222502	1609770301
20210104222502	1609770301
20210104222503	1609770302
20210104222503	1609770302
20210104222504	1609770304
20210104222504	1609770304
20210104222505	1609770304
20210104222505	1609770305
20210104222506	1609770305
20210104222506	1609770306
20210104222507	1609770306
20210104222507	1609770307
20210104222508	1609770307
20210104222508	1609770308
20210104222509	1609770308
20210104222509	1609770308
20210104222510	1609770309
20210104222510	1609770309
20210104222511	1609770310
20210104222511	1609770310
20210104222512	1609770311
20210104222512	1609770311
20210104222513	1609770312
20210104222513	1609770312
20210104222514	1609770314
20210104222514	1609770314
20210104222515	1609770315
20210104222515	1609770315
20210104222516	1609770315
20210104222516	1609770316
20210104222517	1609770316
20210104222517	1609770317
20210104222518	1609770317
20210104222518	1609770318
20210104222519	1609770318
20210104222519	1609770319
20210104222520	1609770319
20210104222520	1609770320
20210104222521	1609770320
20210104222521	1609770321
20210104222522	1609770321
20210104222522	1609770322
20210104222523	1609770322
20210104222523	1609770323
20210104222524	1609770323
20210104222524	1609770323
20210104222525	1609770324
20210104222525	1609770324
20210104222526	1609770326
20210104222526	1609770326
20210104222527	1609770326
20210104222527	1609770327
20210104222528	1609770327
20210104222528	1609770328
20210104222529	1609770328
20210104222529	1609770329
20210104222530	1609770329
20210104222530	1609770330
20210104222531	1609770330
