20210106160227	32.4189
20210106160227	33.2153
20210106160227	33.2153
20210106160227	33.2427
20210106160227	33.2427
20210106160227	33.2427
20210106160227	33.2637
20210106160227	33.2637
20210106160227	33.2637
20210106160227	33.2841
20210106160227	33.2841
20210106160227	33.2841
20210106160227	33.2841
20210106160227	33.3038
20210106160227	33.3038
20210106160227	33.3038
20210106160227	33.3038
20210106160227	33.323
20210106160227	33.323
20210106160227	33.3416
20210106160227	33.3416
20210106160227	33.3416
20210106160227	33.3416
20210106160227	33.3641
20210106160227	33.3641
20210106160227	33.3641
20210106160227	33.3811
20210106160227	33.3811
20210106160227	33.3811
20210106160227	33.3976
20210106160227	33.3976
20210106160227	33.3976
20210106160227	33.3976
20210106160227	33.4173
20210106160227	33.4173
20210106160227	33.4173
20210106160227	33.4173
20210106160227	33.4286
20210106160227	33.4286
20210106160227	33.4431
20210106160227	33.4431
20210106160227	33.4431
20210106160227	33.4431
20210106160227	33.4606
20210106160227	33.4606
20210106160227	33.4606
20210106160227	33.4739
20210106160227	33.4739
20210106160227	33.4739
20210106160227	33.4866
20210106160227	33.4866
20210106160227	33.4866
20210106160227	33.4866
20210106160228	33.4987
20210106160228	33.4987
20210106160228	33.4987
20210106160228	33.5103
20210106160228	33.5103
20210106160228	33.5103
20210106160228	33.5215
20210106160228	33.5215
20210106160228	33.5215
20210106160228	33.5215
20210106160228	33.5347
20210106160228	33.5347
20210106160228	33.5347
20210106160228	33.5445
20210106160228	33.5445
20210106160228	33.5445
20210106160228	33.5538
20210106160228	33.5538
20210106160228	33.5538
20210106160228	33.5538
20210106160228	33.5626
20210106160228	33.5626
20210106160228	33.5626
20210106160228	33.5626
20210106160228	33.5729
20210106160228	33.5729
20210106160228	33.5806
20210106160228	33.5806
20210106160228	33.5806
20210106160228	33.5806
20210106160228	33.5876
20210106160228	33.5876
20210106160228	33.5876
20210106160228	33.5937
20210106160228	33.5937
20210106160228	33.5937
20210106160228	33.5993
20210106160228	33.5993
20210106160228	33.5993
20210106160228	33.5993
20210106160228	33.6043
20210106160228	33.6043
20210106160228	33.6043
20210106160228	33.6043
20210106160228	33.6099
20210106160228	33.6099
20210106160228	33.6137
20210106160228	33.6137
20210106160228	33.6137
20210106160228	33.6137
20210106160228	33.6171
20210106160228	33.6171
20210106160228	33.6171
20210106160228	33.6171
20210106160228	33.6199
20210106160228	33.6199
20210106160228	33.6221
20210106160229	33.6221
20210106160229	33.6221
20210106160229	33.6221
20210106160229	33.6239
20210106160229	33.6239
20210106160229	33.6239
20210106160229	33.6252
20210106160229	33.6252
20210106160229	33.6252
20210106160229	33.626
20210106160229	33.626
20210106160229	33.626
20210106160229	33.626
20210106160229	33.626
20210106160229	33.626
20210106160229	33.626
20210106160229	33.626
20210106160229	33.625
20210106160229	33.625
20210106160229	33.6235
20210106160229	33.6235
20210106160229	33.6235
20210106160229	33.6235
20210106160229	33.6215
20210106160229	33.6215
20210106160229	33.6215
20210106160229	33.6183
20210106160229	33.6183
20210106160229	33.6183
20210106160229	33.6159
20210106160229	33.6159
20210106160229	33.6159
20210106160229	33.6159
20210106160229	33.6114
20210106160229	33.6114
20210106160229	33.6114
20210106160229	33.607
20210106160229	33.607
20210106160229	33.607
20210106160229	33.6023
20210106160229	33.6023
20210106160229	33.6023
20210106160229	33.6023
20210106160229	33.5973
20210106160229	33.5973
20210106160229	33.5973
20210106160229	33.5918
20210106160229	33.5918
20210106160229	33.5918
20210106160229	33.5859
20210106160229	33.5859
20210106160229	33.5859
20210106160229	33.5859
20210106160229	33.5781
20210106160229	33.5781
20210106160229	33.5781
20210106160229	33.571
20210106160229	33.571
20210106160229	33.571
20210106160229	33.5635
20210106160229	33.5635
20210106160230	33.5635
20210106160230	33.5635
20210106160230	33.5558
20210106160230	33.5558
20210106160230	33.5558
20210106160230	33.5558
20210106160230	33.5455
20210106160230	33.5455
20210106160230	33.5391
20210106160230	33.5391
20210106160230	33.5391
20210106160230	33.5391
20210106160230	33.5279
20210106160230	33.5279
20210106160230	33.5279
20210106160230	33.5182
20210106160230	33.5182
20210106160230	33.5182
20210106160230	33.5082
20210106160230	33.5082
20210106160230	33.5082
20210106160230	33.5082
20210106160230	33.4956
20210106160230	33.4956
20210106160230	33.4956
20210106160230	33.4879
20210106160230	33.4879
20210106160230	33.4879
20210106160230	33.4775
20210106160230	33.4775
20210106160230	33.4775
20210106160230	33.4775
20210106160230	33.4642
20210106160230	33.4642
20210106160230	33.4642
20210106160230	33.4527
20210106160230	33.4527
20210106160230	33.4527
20210106160230	33.4412
20210106160230	33.4412
20210106160230	33.4412
20210106160230	33.4412
20210106160230	33.4266
20210106160230	33.4266
20210106160230	33.4266
20210106160230	33.4266
20210106160230	33.4179
20210106160230	33.4179
20210106160230	33.4061
20210106160230	33.4061
20210106160230	33.4061
20210106160231	33.4061
20210106160231	33.3912
20210106160231	33.3912
20210106160231	33.3912
20210106160231	33.3788
20210106160231	33.3788
20210106160231	33.3788
20210106160231	33.3664
20210106160231	33.3664
20210106160231	33.3664
20210106160231	33.3664
20210106160231	33.3542
20210106160231	33.3542
20210106160231	33.3542
20210106160231	33.342
20210106160231	33.342
20210106160231	33.342
20210106160231	33.3298
20210106160231	33.3298
20210106160231	33.3298
20210106160231	33.3298
20210106160231	33.3143
20210106160231	33.3143
20210106160231	33.3143
20210106160231	33.3143
20210106160231	33.3017
20210106160231	33.3017
20210106160231	33.2891
20210106160231	33.2891
20210106160231	33.2891
20210106160231	33.2891
20210106160231	33.2764
20210106160231	33.2764
20210106160231	33.2764
20210106160231	33.2764
20210106160231	33.2638
20210106160231	33.2638
20210106160231	33.2481
20210106160231	33.2481
20210106160231	33.2481
20210106160231	33.2481
20210106160231	33.2358
20210106160231	33.2358
20210106160231	33.2358
20210106160231	33.2232
20210106160231	33.2232
20210106160231	33.2232
20210106160231	33.2108
20210106160232	33.2108
20210106160232	33.2108
20210106160232	33.2108
20210106160232	33.1953
20210106160232	33.1953
20210106160232	33.1953
20210106160232	33.1953
20210106160232	33.1832
20210106160232	33.1832
20210106160232	33.1741
20210106160232	33.1741
20210106160232	33.1741
20210106160232	33.1741
20210106160232	33.1593
20210106160232	33.1593
20210106160232	33.1593
20210106160232	33.1475
20210106160232	33.1475
20210106160232	33.1475
20210106160232	33.1358
20210106160232	33.1358
20210106160232	33.1358
20210106160232	33.1358
20210106160232	33.1245
20210106160232	33.1245
20210106160232	33.1245
20210106160232	33.1105
20210106160232	33.1105
20210106160232	33.1105
20210106160232	33.0995
20210106160232	33.0995
20210106160232	33.0995
20210106160232	33.0995
20210106160232	33.0887
20210106160232	33.0887
20210106160232	33.0887
20210106160232	33.0779
20210106160232	33.0779
20210106160232	33.0779
20210106160232	33.0672
20210106160232	33.0672
20210106160232	33.0672
20210106160232	33.0672
20210106160232	33.0538
20210106160232	33.0538
20210106160232	33.0538
20210106160232	33.0538
20210106160232	33.0459
20210106160232	33.0459
20210106160232	33.0334
20210106160232	33.0334
20210106160232	33.0334
20210106160232	33.0334
20210106160232	33.0241
20210106160232	33.0241
20210106160232	33.0241
20210106160232	33.0241
20210106160232	33.0155
20210106160232	33.0155
20210106160232	33.0082
20210106160232	33.0082
20210106160232	33.0082
20210106160232	33.0082
20210106160232	33.0015
20210106160233	33.0015
20210106160233	33.0015
20210106160233	33.0015
20210106160233	32.9985
20210106160233	32.9985
20210106160233	32.9982
20210106160233	32.9982
20210106160233	32.9982
20210106160233	32.9982
20210106160233	33.0008
20210106160233	33.0008
20210106160233	33.0008
20210106160233	33.0064
20210106160233	33.0064
20210106160233	33.0064
20210106160233	33.0156
20210106160233	33.0156
20210106160233	33.0156
20210106160233	33.0156
20210106160233	33.0285
20210106160233	33.0285
20210106160233	33.0285
20210106160233	33.0285
20210106160233	33.0454
20210106160233	33.0454
20210106160233	33.0665
20210106160233	33.0665
20210106160233	33.0665
20210106160233	33.0665
20210106160233	33.0987
20210106160233	33.0987
20210106160233	33.0987
20210106160233	33.1293
20210106160233	33.1293
20210106160233	33.1293
20210106160233	33.1643
20210106160233	33.1643
20210106160233	33.1643
20210106160233	33.1643
20210106160233	33.2037
20210106160233	33.2037
20210106160233	33.2037
20210106160233	33.2465
20210106160233	33.2465
20210106160233	33.2465
20210106160233	33.3056
20210106160233	33.3056
20210106160233	33.3056
20210106160233	33.3056
20210106160233	33.3572
20210106160233	33.3572
20210106160233	33.3572
20210106160233	33.3572
20210106160233	33.4123
20210106160233	33.4123
20210106160233	33.4703
20210106160233	33.4703
20210106160233	33.4703
20210106160233	33.4703
20210106160233	33.5308
20210106160233	33.5308
20210106160233	33.5308
20210106160233	33.5308
20210106160233	33.6073
20210106160233	33.6073
20210106160233	33.6696
20210106160233	33.6696
20210106160233	33.6696
20210106160233	33.6696
20210106160233	33.7326
20210106160233	33.7326
20210106160233	33.7326
20210106160233	33.7326
20210106160233	33.796
20210106160233	33.796
20210106160233	33.8593
20210106160234	33.8593
20210106160234	33.8593
20210106160234	33.8593
20210106160234	33.9224
20210106160234	33.9224
20210106160234	33.9224
20210106160234	33.9224
20210106160234	33.9998
20210106160234	33.9998
20210106160234	34.0609
20210106160234	34.0609
20210106160234	34.0609
20210106160234	34.0609
20210106160234	34.1213
20210106160234	34.1213
20210106160234	34.1213
20210106160234	34.1809
20210106160234	34.1809
20210106160234	34.1809
20210106160234	34.2398
20210106160234	34.2398
20210106160234	34.2398
20210106160234	34.2398
20210106160234	34.3122
20210106160234	34.3122
20210106160234	34.3122
20210106160234	34.3689
20210106160234	34.3689
20210106160234	34.3689
20210106160234	34.4106
20210106160234	34.4106
20210106160234	34.4106
20210106160234	34.4106
20210106160234	34.4787
20210106160234	34.4787
20210106160234	34.4787
20210106160234	34.4787
20210106160234	34.5317
20210106160234	34.5317
20210106160234	34.5832
20210106160234	34.5832
20210106160234	34.5832
20210106160234	34.5832
20210106160234	34.6331
20210106160234	34.6331
20210106160234	34.6331
20210106160234	34.6331
20210106160234	34.6818
20210106160234	34.6818
20210106160234	34.7289
20210106160235	34.7289
20210106160235	34.7289
20210106160235	34.7289
20210106160235	34.7855
20210106160235	34.7855
20210106160235	34.7855
20210106160235	34.7855
20210106160235	34.8288
20210106160235	34.8288
20210106160235	34.8704
20210106160235	34.8704
20210106160235	34.8704
20210106160235	34.8704
20210106160235	34.9198
20210106160235	34.9198
20210106160235	34.9198
20210106160235	34.9198
20210106160235	34.9486
20210106160235	34.9486
20210106160235	34.9852
20210106160235	34.9852
20210106160235	34.9852
20210106160235	34.9852
20210106160235	35.0283
20210106160235	35.0283
20210106160235	35.0283
20210106160235	35.0608
20210106160235	35.0608
20210106160235	35.0608
20210106160235	35.0913
20210106160235	35.0913
20210106160236	35.0913
20210106160236	35.0913
20210106160236	35.1197
20210106160236	35.1197
20210106160236	35.1197
20210106160236	35.1197
20210106160236	35.1468
20210106160236	35.1468
20210106160236	35.178
20210106160236	35.178
20210106160236	35.178
20210106160236	35.178
20210106160236	35.2009
20210106160236	35.2009
20210106160236	35.2009
20210106160236	35.222
20210106160236	35.222
20210106160236	35.222
20210106160236	35.2413
20210106160236	35.2413
20210106160236	35.2413
20210106160236	35.2413
20210106160236	35.2588
20210106160236	35.2588
20210106160236	35.2588
20210106160236	35.2588
20210106160236	35.2749
20210106160236	35.2749
20210106160236	35.293
20210106160236	35.293
20210106160236	35.293
20210106160236	35.293
20210106160236	35.3055
20210106160236	35.3055
20210106160236	35.3055
20210106160236	35.3166
20210106160236	35.3166
20210106160236	35.3166
20210106160236	35.3262
20210106160236	35.3262
20210106160236	35.3262
20210106160236	35.3262
20210106160237	35.3361
20210106160237	35.3361
20210106160237	35.3361
20210106160237	35.3411
20210106160237	35.3411
20210106160237	35.3411
20210106160237	35.3467
20210106160237	35.3467
20210106160237	35.3467
20210106160237	35.3467
20210106160237	35.3518
20210106160237	35.3518
20210106160237	35.3518
20210106160237	35.3518
20210106160237	35.3545
20210106160237	35.3545
20210106160237	35.3556
20210106160237	35.3556
20210106160237	35.3556
20210106160237	35.3556
20210106160237	35.355
20210106160237	35.355
20210106160237	35.355
20210106160237	35.355
20210106160237	35.3533
20210106160237	35.3533
20210106160237	35.3502
20210106160237	35.3502
20210106160237	35.3502
20210106160237	35.3502
20210106160237	35.3459
20210106160237	35.3459
20210106160237	35.3459
20210106160238	35.3459
20210106160238	35.3404
20210106160238	35.3404
20210106160238	35.3339
20210106160238	35.3339
20210106160238	35.3339
20210106160238	35.3339
20210106160238	35.3262
20210106160238	35.3262
20210106160238	35.3262
20210106160238	35.3178
20210106160238	35.3178
20210106160238	35.3178
20210106160238	35.3057
20210106160238	35.3057
20210106160238	35.3057
20210106160238	35.3057
20210106160238	35.2948
20210106160238	35.2948
20210106160238	35.2948
20210106160238	35.2829
20210106160238	35.2829
20210106160238	35.2829
20210106160238	35.2698
20210106160238	35.2698
20210106160238	35.2698
20210106160238	35.2698
20210106160238	35.2559
20210106160238	35.2559
20210106160238	35.2559
20210106160238	35.2377
20210106160238	35.2377
20210106160238	35.2377
20210106160238	35.2262
20210106160238	35.2262
20210106160238	35.2262
20210106160238	35.2262
20210106160238	35.2061
20210106160238	35.2061
20210106160238	35.2061
20210106160238	35.1891
20210106160238	35.1891
20210106160238	35.1891
20210106160238	35.1713
20210106160238	35.1713
20210106160238	35.1713
20210106160238	35.1713
20210106160238	35.153
20210106160238	35.153
20210106160238	35.153
20210106160238	35.153
20210106160239	35.1341
20210106160239	35.1341
20210106160239	35.1151
20210106160239	35.1151
20210106160239	35.1151
20210106160239	35.1151
20210106160239	35.0908
20210106160239	35.0908
20210106160239	35.0908
20210106160239	35.0908
20210106160239	35.071
20210106160239	35.071
20210106160239	35.0511
20210106160239	35.0511
20210106160239	35.0511
20210106160239	35.0511
20210106160239	35.0311
20210106160239	35.0311
20210106160239	35.0311
20210106160239	35.0114
20210106160239	35.0114
20210106160239	35.0114
20210106160239	34.9877
20210106160239	34.9877
20210106160239	34.9877
20210106160239	34.9877
20210106160239	34.9699
20210106160239	34.9699
20210106160239	34.9699
20210106160239	34.9699
20210106160239	34.9534
20210106160239	34.9534
20210106160239	34.9395
20210106160239	34.9395
20210106160239	34.9395
20210106160239	34.9395
20210106160239	34.9289
20210106160239	34.9289
20210106160239	34.9289
20210106160239	34.9221
20210106160239	34.9221
20210106160239	34.9221
20210106160239	34.9202
20210106160240	34.9202
20210106160240	34.9202
20210106160240	34.9202
20210106160240	34.9247
20210106160240	34.9247
20210106160240	34.9247
20210106160240	34.935
20210106160240	34.935
20210106160240	34.935
20210106160240	34.9515
20210106160240	34.9515
20210106160240	34.9515
20210106160240	34.9515
20210106160240	34.9748
20210106160240	34.9748
20210106160240	34.9748
20210106160240	35.0128
20210106160240	35.0128
20210106160240	35.0128
20210106160240	35.0408
20210106160240	35.0408
20210106160240	35.0408
20210106160240	35.0408
20210106160240	35.0961
20210106160240	35.0961
20210106160240	35.0961
20210106160240	35.0961
20210106160240	35.1483
20210106160240	35.1483
20210106160240	35.2075
20210106160240	35.2075
20210106160240	35.2075
20210106160240	35.2075
20210106160240	35.2732
20210106160240	35.2732
20210106160240	35.2732
20210106160240	35.2732
20210106160240	35.3631
20210106160240	35.3631
20210106160240	35.4214
20210106160240	35.4214
20210106160240	35.4214
20210106160241	35.4214
20210106160241	35.5262
20210106160241	35.5262
20210106160241	35.5262
20210106160241	35.6164
20210106160241	35.6164
20210106160241	35.6164
20210106160241	35.712
20210106160241	35.712
20210106160241	35.712
20210106160241	35.712
20210106160241	35.8128
20210106160241	35.8128
20210106160241	35.8128
20210106160241	35.8128
20210106160241	35.9452
20210106160241	35.9452
20210106160241	36.0566
20210106160241	36.0566
20210106160242	36.0566
20210106160242	36.0566
20210106160242	36.173
20210106160242	36.173
20210106160242	36.173
20210106160242	36.2941
20210106160242	36.2941
20210106160242	36.2941
20210106160242	36.4199
20210106160242	36.4199
20210106160242	36.4199
20210106160242	36.4199
20210106160242	36.5832
20210106160242	36.5832
20210106160242	36.5832
20210106160242	36.6838
20210106160242	36.6838
20210106160242	36.6838
20210106160242	36.8564
20210106160242	36.8564
20210106160242	36.8564
20210106160242	36.8564
20210106160242	36.9989
20210106160242	36.9989
20210106160242	36.9989
20210106160242	37.1452
20210106160242	37.1452
20210106160242	37.1452
20210106160242	37.2952
20210106160242	37.2952
20210106160242	37.2952
20210106160242	37.2952
20210106160242	37.4487
20210106160242	37.4487
20210106160242	37.4487
20210106160242	37.4487
20210106160242	37.6446
20210106160242	37.6446
20210106160242	37.7643
20210106160242	37.7643
20210106160242	37.7643
20210106160242	37.7643
20210106160242	37.9675
20210106160242	37.9675
20210106160242	37.9675
20210106160242	37.9675
20210106160242	38.1329
20210106160242	38.1329
20210106160242	38.3006
20210106160242	38.3006
20210106160242	38.3006
20210106160242	38.3006
20210106160242	38.5136
20210106160242	38.5136
20210106160242	38.5136
20210106160242	38.6861
20210106160242	38.6861
20210106160242	38.6861
20210106160242	38.8168
20210106160242	38.8168
20210106160242	38.8168
20210106160243	38.8168
20210106160243	39.0372
20210106160243	39.0372
20210106160243	39.0372
20210106160243	39.2156
20210106160243	39.2156
20210106160243	39.2156
20210106160243	39.3959
20210106160243	39.3959
20210106160243	39.3959
20210106160243	39.3959
20210106160243	39.5779
20210106160243	39.5779
20210106160243	39.5779
20210106160243	39.7613
20210106160243	39.7613
20210106160243	39.7613
20210106160243	39.9461
20210106160243	39.9461
20210106160243	39.9461
20210106160243	39.9461
20210106160243	40.1789
20210106160243	40.1789
20210106160243	40.1789
20210106160243	40.3665
20210106160243	40.3665
20210106160243	40.3665
20210106160243	40.555
20210106160243	40.555
20210106160244	40.555
20210106160244	40.555
20210106160244	40.7922
20210106160244	40.7922
20210106160244	40.7922
20210106160244	40.9355
20210106160244	40.9355
20210106160244	40.9355
20210106160244	41.1751
20210106160244	41.1751
20210106160244	41.1751
20210106160244	41.1751
20210106160244	41.3672
20210106160244	41.3672
20210106160244	41.3672
20210106160244	41.5596
20210106160244	41.5596
20210106160244	41.5596
20210106160244	41.7524
20210106160244	41.7524
20210106160244	41.7524
20210106160244	41.7524
20210106160244	41.9455
20210106160244	41.9455
20210106160244	41.9455
20210106160244	42.1871
20210106160244	42.1871
20210106160244	42.1871
20210106160244	42.3805
20210106160244	42.3805
20210106160244	42.3805
20210106160244	42.3805
20210106160244	42.574
20210106160244	42.574
20210106160244	42.574
20210106160244	42.7672
20210106160244	42.7672
20210106160244	42.7672
20210106160244	42.9602
20210106160244	42.9602
20210106160244	42.9602
20210106160244	42.9602
20210106160244	43.1527
20210106160244	43.1527
20210106160244	43.1527
20210106160244	43.1527
20210106160244	43.3931
20210106160245	43.3931
20210106160245	43.537
20210106160245	43.537
20210106160245	43.537
20210106160245	43.537
20210106160245	43.7761
20210106160245	43.7761
20210106160245	43.7761
20210106160245	43.9668
20210106160245	43.9668
20210106160245	43.9668
20210106160245	44.1569
20210106160245	44.1569
20210106160245	44.1569
20210106160245	44.1569
20210106160245	44.3936
20210106160245	44.3936
20210106160245	44.3936
20210106160245	44.5351
20210106160245	44.5351
20210106160245	44.5351
20210106160245	44.7231
20210106160245	44.7231
20210106160245	44.7231
20210106160245	44.7231
20210106160245	44.957
20210106160245	44.957
20210106160245	44.957
20210106160245	45.1443
20210106160245	45.1443
20210106160245	45.1443
20210106160245	45.3305
20210106160245	45.3305
20210106160245	45.3305
20210106160245	45.3305
20210106160245	45.5157
20210106160245	45.5157
20210106160245	45.5157
20210106160245	45.5157
20210106160245	45.6998
20210106160245	45.6998
20210106160245	45.9284
20210106160245	45.9284
20210106160245	45.9284
20210106160245	45.9284
20210106160245	46.1101
20210106160245	46.1101
20210106160245	46.1101
20210106160245	46.2918
20210106160245	46.2918
20210106160245	46.2918
20210106160245	46.4724
20210106160245	46.4724
20210106160245	46.4724
20210106160245	46.4724
20210106160245	46.6966
20210106160245	46.6966
20210106160245	46.6966
20210106160245	46.8745
20210106160245	46.8745
20210106160245	46.8745
20210106160245	47.0073
20210106160245	47.0073
20210106160245	47.0073
20210106160246	47.0073
20210106160246	47.2272
20210106160246	47.2272
20210106160246	47.2272
20210106160246	47.2272
20210106160246	47.4029
20210106160246	47.4029
20210106160246	47.5772
20210106160246	47.5772
20210106160246	47.5772
20210106160246	47.5772
20210106160246	47.793
20210106160246	47.793
20210106160246	47.793
20210106160246	47.9642
20210106160246	47.9642
20210106160246	47.9642
20210106160246	48.0917
20210106160246	48.0917
20210106160246	48.0917
20210106160246	48.0917
20210106160246	48.3026
20210106160246	48.3026
20210106160246	48.3026
20210106160246	48.4706
20210106160246	48.4706
20210106160246	48.4706
20210106160246	48.6373
20210106160246	48.6373
20210106160246	48.6373
20210106160246	48.6373
20210106160246	48.8028
20210106160246	48.8028
20210106160246	48.8028
20210106160246	48.8028
20210106160246	48.967
20210106160246	48.967
20210106160247	49.1702
20210106160247	49.1702
20210106160247	49.1702
20210106160247	49.1702
20210106160247	49.3313
20210106160247	49.3313
20210106160247	49.3313
20210106160247	49.3313
20210106160247	49.4917
20210106160247	49.4917
20210106160247	49.6506
20210106160247	49.6506
20210106160247	49.6506
20210106160247	49.6506
20210106160247	49.8082
20210106160247	49.8082
20210106160247	49.8082
20210106160247	49.8082
20210106160247	50.0032
20210106160247	50.0032
20210106160247	50.1575
20210106160247	50.1575
20210106160247	50.1575
20210106160247	50.1575
20210106160247	50.3106
20210106160247	50.3106
20210106160247	50.3106
20210106160247	50.4632
20210106160247	50.4632
20210106160247	50.4632
20210106160247	50.6146
20210106160247	50.6146
20210106160247	50.6146
20210106160247	50.6146
20210106160247	50.8023
20210106160248	50.8023
20210106160248	50.8023
20210106160248	50.9512
20210106160248	50.9512
20210106160248	50.9512
20210106160248	51.099
20210106160248	51.099
20210106160248	51.099
20210106160248	51.099
20210106160248	51.2458
20210106160248	51.2458
20210106160248	51.2458
20210106160248	51.3918
20210106160248	51.3918
20210106160248	51.3918
20210106160248	51.5357
20210106160248	51.5357
20210106160248	51.5357
20210106160248	51.5357
20210106160248	51.6777
20210106160248	51.6777
20210106160248	51.6777
20210106160248	51.8172
20210106160248	51.8172
20210106160248	51.8172
20210106160248	51.9877
20210106160248	51.9877
20210106160248	51.9877
20210106160248	51.9877
20210106160248	52.1209
20210106160248	52.1209
20210106160248	52.1209
20210106160248	52.1209
20210106160248	52.2516
20210106160248	52.2516
20210106160248	52.3794
20210106160248	52.3794
20210106160248	52.3794
20210106160248	52.3794
20210106160248	52.5044
20210106160248	52.5044
20210106160248	52.5044
20210106160249	52.6266
20210106160249	52.6266
20210106160249	52.6266
20210106160249	52.7465
20210106160249	52.7465
20210106160249	52.7465
20210106160249	52.7465
20210106160249	52.8929
20210106160249	52.8929
20210106160249	52.8929
20210106160249	52.8929
20210106160249	53.0076
20210106160249	53.0076
20210106160249	53.1199
20210106160249	53.1199
20210106160249	53.1199
20210106160249	53.1199
20210106160249	53.2298
20210106160249	53.2298
20210106160249	53.2298
20210106160249	53.337
20210106160249	53.337
20210106160249	53.337
20210106160249	53.4672
20210106160249	53.4672
20210106160249	53.4672
20210106160249	53.4672
20210106160249	53.5679
20210106160250	53.5679
20210106160250	53.5679
20210106160250	53.666
20210106160250	53.666
20210106160250	53.666
20210106160250	53.7608
20210106160250	53.7608
20210106160250	53.7608
20210106160250	53.7608
20210106160250	53.8742
20210106160250	53.8742
20210106160250	53.8742
20210106160250	53.9609
20210106160250	53.9609
20210106160250	53.9609
20210106160250	54.0235
20210106160250	54.0235
20210106160250	54.0235
20210106160250	54.0235
20210106160250	54.1228
20210106160250	54.1228
20210106160250	54.1228
20210106160250	54.1984
20210106160250	54.1984
20210106160250	54.1984
20210106160250	54.2698
20210106160250	54.2698
20210106160250	54.2698
20210106160250	54.2698
20210106160250	54.3371
20210106160250	54.3371
20210106160250	54.3371
20210106160250	54.4155
20210106160250	54.4155
20210106160250	54.4155
20210106160250	54.4595
20210106160250	54.4595
20210106160250	54.4595
20210106160250	54.4595
20210106160250	54.5279
20210106160251	54.5279
20210106160251	54.5279
20210106160251	54.5795
20210106160251	54.5795
20210106160251	54.5795
20210106160251	54.6276
20210106160251	54.6276
20210106160251	54.6276
20210106160251	54.6276
20210106160251	54.6833
20210106160251	54.6833
20210106160251	54.6833
20210106160251	54.7143
20210106160251	54.7143
20210106160251	54.7143
20210106160251	54.7623
20210106160251	54.7623
20210106160251	54.7623
20210106160251	54.7623
20210106160251	54.7977
20210106160251	54.7977
20210106160251	54.7977
20210106160251	54.8309
20210106160251	54.8309
20210106160251	54.8309
20210106160251	54.8616
20210106160251	54.8616
20210106160251	54.8616
20210106160251	54.8616
20210106160251	54.8969
20210106160251	54.8969
20210106160251	54.8969
20210106160252	54.9228
20210106160252	54.9228
20210106160252	54.9228
20210106160252	54.9465
20210106160252	54.9465
20210106160252	54.9465
20210106160252	54.9465
20210106160252	54.9682
20210106160252	54.9682
20210106160252	54.9682
20210106160252	54.9682
20210106160252	54.9883
20210106160252	54.9883
20210106160252	55.0066
20210106160252	55.0066
20210106160252	55.0066
20210106160252	55.0066
20210106160252	55.0271
20210106160252	55.0271
20210106160252	55.0271
20210106160252	55.0417
20210106160252	55.0417
20210106160252	55.0417
20210106160252	55.0515
20210106160252	55.0515
20210106160252	55.0515
20210106160252	55.0515
20210106160252	55.0661
20210106160252	55.0661
20210106160252	55.0661
20210106160252	55.0764
20210106160252	55.0764
20210106160252	55.0764
20210106160252	55.0854
20210106160252	55.0854
20210106160252	55.0854
20210106160252	55.0854
20210106160252	55.0931
20210106160252	55.0931
20210106160252	55.0931
20210106160252	55.0931
20210106160252	55.0996
20210106160253	55.0996
20210106160253	55.105
20210106160253	55.105
20210106160253	55.105
20210106160253	55.105
20210106160253	55.1106
20210106160253	55.1106
20210106160253	55.1106
20210106160253	55.1106
20210106160253	55.1139
20210106160253	55.1139
20210106160253	55.1161
20210106160253	55.1161
20210106160253	55.1161
20210106160253	55.1161
20210106160253	55.1175
20210106160253	55.1175
20210106160253	55.1175
20210106160253	55.1175
20210106160253	55.1181
20210106160253	55.1181
20210106160253	55.1179
20210106160253	55.1179
20210106160253	55.1179
20210106160253	55.1179
20210106160253	55.1164
20210106160253	55.1164
20210106160253	55.1164
20210106160253	55.1144
20210106160253	55.1144
20210106160253	55.1144
20210106160253	55.1117
20210106160253	55.1117
20210106160253	55.1117
20210106160253	55.1117
20210106160253	55.1079
20210106160253	55.1079
20210106160253	55.1079
20210106160253	55.1079
20210106160253	55.1044
20210106160253	55.1044
20210106160253	55.1014
20210106160253	55.1014
20210106160253	55.1014
20210106160253	55.1014
20210106160254	55.0957
20210106160254	55.0957
20210106160254	55.0957
20210106160254	55.0903
20210106160254	55.0903
20210106160254	55.0903
20210106160254	55.0845
20210106160254	55.0845
20210106160254	55.0845
20210106160254	55.0845
20210106160254	55.0783
20210106160254	55.0783
20210106160254	55.0783
20210106160254	55.0716
20210106160254	55.0716
20210106160254	55.0716
20210106160254	55.0627
20210106160254	55.0627
20210106160254	55.0627
20210106160254	55.0627
20210106160254	55.0552
20210106160254	55.0552
20210106160254	55.0552
20210106160254	55.0471
20210106160254	55.0471
20210106160254	55.0471
20210106160254	55.0387
20210106160254	55.0387
20210106160254	55.0387
20210106160254	55.0387
20210106160254	55.0301
20210106160254	55.0301
20210106160254	55.0301
20210106160254	55.0187
20210106160254	55.0187
20210106160254	55.0187
20210106160254	55.0116
20210106160254	55.0116
20210106160254	55.0116
20210106160254	55.0116
20210106160254	54.9996
20210106160254	54.9996
20210106160254	54.9996
20210106160254	54.9996
20210106160254	54.9898
20210106160254	54.9898
20210106160254	54.9801
20210106160254	54.9801
20210106160254	54.9801
20210106160254	54.9801
20210106160254	54.9703
20210106160255	54.9703
20210106160255	54.9703
20210106160255	54.9604
20210106160255	54.9604
20210106160255	54.9604
20210106160255	54.9506
20210106160255	54.9506
20210106160255	54.9506
20210106160255	54.9506
20210106160255	54.9382
20210106160255	54.9382
20210106160255	54.9382
20210106160255	54.928
20210106160255	54.928
20210106160255	54.928
20210106160255	54.9174
20210106160255	54.9174
20210106160255	54.9174
20210106160255	54.9174
20210106160255	54.9069
20210106160255	54.9069
20210106160255	54.9069
20210106160255	54.9069
20210106160255	54.8965
20210106160255	54.8965
20210106160255	54.8834
20210106160255	54.8834
20210106160255	54.8834
20210106160255	54.8834
20210106160256	54.8729
20210106160256	54.8729
20210106160256	54.8729
20210106160256	54.8625
20210106160256	54.8625
20210106160256	54.8625
20210106160256	54.8521
20210106160256	54.8521
20210106160256	54.8521
20210106160256	54.8521
20210106160256	54.8415
20210106160256	54.8415
20210106160256	54.8415
20210106160256	54.8306
20210106160256	54.8306
20210106160256	54.8306
20210106160256	54.8169
20210106160256	54.8169
20210106160256	54.8169
20210106160256	54.8169
20210106160256	54.8061
20210106160256	54.8061
20210106160256	54.8061
20210106160256	54.8061
20210106160256	54.7951
20210106160256	54.7951
20210106160256	54.784
20210106160256	54.784
20210106160256	54.784
20210106160256	54.784
20210106160256	54.7701
20210106160256	54.7701
20210106160256	54.7701
20210106160256	54.7618
20210106160256	54.7618
20210106160256	54.7618
20210106160256	54.7618
20210106160256	54.7479
20210106160256	54.7479
20210106160256	54.7479
20210106160256	54.7367
20210106160256	54.7367
20210106160256	54.7367
20210106160256	54.7255
20210106160256	54.7255
20210106160256	54.7255
20210106160256	54.7144
20210106160257	54.7144
20210106160257	54.7144
20210106160257	54.7144
20210106160257	54.7033
20210106160257	54.7033
20210106160257	54.7033
20210106160257	54.6923
20210106160257	54.6923
20210106160257	54.6923
20210106160257	54.6783
20210106160257	54.6783
20210106160257	54.6783
20210106160257	54.6783
20210106160257	54.6675
20210106160257	54.6675
20210106160257	54.6675
20210106160257	54.6569
20210106160257	54.6569
20210106160257	54.6569
20210106160257	54.6464
20210106160257	54.6464
20210106160257	54.6464
20210106160257	54.6464
20210106160257	54.636
20210106160257	54.636
20210106160257	54.636
20210106160257	54.6257
20210106160257	54.6257
20210106160257	54.6257
20210106160257	54.6131
20210106160257	54.6131
20210106160257	54.6131
20210106160257	54.6131
20210106160257	54.603
20210106160257	54.603
20210106160257	54.603
20210106160257	54.5928
20210106160258	54.5928
20210106160258	54.5928
20210106160258	54.5827
20210106160258	54.5827
20210106160258	54.5827
20210106160258	54.5827
20210106160258	54.5703
20210106160258	54.5703
20210106160258	54.5703
20210106160258	54.5629
20210106160258	54.5629
20210106160258	54.5629
20210106160258	54.5506
20210106160258	54.5506
20210106160258	54.5506
20210106160258	54.5506
20210106160258	54.5406
20210106160258	54.5406
20210106160258	54.5406
20210106160258	54.5406
20210106160258	54.5306
20210106160258	54.5306
20210106160258	54.5207
20210106160258	54.5207
20210106160258	54.5207
20210106160258	54.5207
20210106160258	54.511
20210106160258	54.511
20210106160258	54.511
20210106160258	54.511
20210106160258	54.5012
20210106160258	54.5012
20210106160258	54.4916
20210106160258	54.4916
20210106160258	54.4916
20210106160258	54.4916
20210106160258	54.4797
20210106160258	54.4797
20210106160258	54.4797
20210106160258	54.4702
20210106160258	54.4702
20210106160258	54.4702
20210106160258	54.461
20210106160259	54.461
20210106160259	54.461
20210106160259	54.461
20210106160259	54.4496
20210106160259	54.4496
20210106160259	54.4496
20210106160259	54.4406
20210106160259	54.4406
20210106160259	54.4406
20210106160259	54.4339
20210106160259	54.4339
20210106160259	54.4339
20210106160259	54.4339
20210106160259	54.4228
20210106160259	54.4228
20210106160259	54.4228
20210106160259	54.414
20210106160259	54.414
20210106160259	54.414
20210106160259	54.4052
20210106160259	54.4052
20210106160259	54.4052
20210106160259	54.4052
20210106160259	54.3946
20210106160259	54.3946
20210106160259	54.3946
20210106160259	54.3882
20210106160259	54.3882
20210106160259	54.3882
20210106160259	54.3798
20210106160259	54.3798
20210106160259	54.3798
20210106160259	54.3798
20210106160259	54.3694
20210106160259	54.3694
20210106160259	54.3694
20210106160259	54.3612
20210106160259	54.3612
20210106160259	54.3612
20210106160259	54.3531
20210106160259	54.3531
20210106160259	54.3531
20210106160259	54.3531
20210106160300	54.3448
20210106160300	54.3448
20210106160300	54.3448
20210106160300	54.3346
20210106160300	54.3346
20210106160300	54.3346
20210106160300	54.3286
20210106160300	54.3286
20210106160300	54.3286
20210106160300	54.3286
20210106160300	54.3188
20210106160300	54.3188
20210106160300	54.3188
20210106160300	54.3114
20210106160300	54.3114
20210106160300	54.3114
20210106160300	54.304
20210106160300	54.304
20210106160300	54.304
20210106160300	54.304
20210106160300	54.2966
20210106160300	54.2966
20210106160300	54.2966
20210106160300	54.2894
20210106160300	54.2894
20210106160300	54.2894
20210106160300	54.2807
20210106160301	54.2807
20210106160301	54.2807
20210106160301	54.2807
20210106160301	54.2739
20210106160301	54.2739
20210106160301	54.2739
20210106160301	54.2739
20210106160301	54.2672
20210106160301	54.2672
20210106160301	54.2608
20210106160301	54.2608
20210106160301	54.2608
20210106160301	54.2608
20210106160301	54.2544
20210106160301	54.2544
20210106160301	54.2544
20210106160301	54.2544
20210106160301	54.2467
20210106160301	54.2467
20210106160301	54.2405
20210106160301	54.2405
20210106160301	54.2405
20210106160301	54.2405
20210106160301	54.2342
20210106160301	54.2342
20210106160301	54.2342
20210106160301	54.2342
20210106160301	54.2279
20210106160301	54.2279
20210106160301	54.2219
20210106160301	54.2219
20210106160301	54.2219
20210106160301	54.2219
20210106160301	54.2147
20210106160301	54.2147
20210106160301	54.2147
20210106160301	54.209
20210106160301	54.209
20210106160301	54.209
20210106160301	54.2046
20210106160301	54.2046
20210106160301	54.2046
20210106160301	54.2046
20210106160301	54.1974
20210106160301	54.1974
20210106160301	54.1974
20210106160301	54.1918
20210106160302	54.1918
20210106160302	54.1918
20210106160302	54.1861
20210106160302	54.1861
20210106160302	54.1861
20210106160302	54.1861
20210106160302	54.1792
20210106160302	54.1792
20210106160302	54.1792
20210106160302	54.1736
20210106160302	54.1736
20210106160302	54.1736
20210106160302	54.1681
20210106160302	54.1681
20210106160302	54.1681
20210106160302	54.1681
20210106160302	54.1627
20210106160302	54.1627
20210106160302	54.1627
20210106160302	54.1575
20210106160302	54.1575
20210106160302	54.1575
20210106160302	54.1522
20210106160302	54.1522
20210106160302	54.1522
20210106160302	54.1522
20210106160302	54.147
20210106160302	54.147
20210106160302	54.147
20210106160302	54.1406
20210106160302	54.1406
20210106160302	54.1406
20210106160302	54.1355
20210106160302	54.1355
20210106160302	54.1355
20210106160302	54.1355
20210106160302	54.1308
20210106160302	54.1308
20210106160302	54.1308
20210106160302	54.1308
20210106160302	54.1263
20210106160303	54.1263
20210106160303	54.1218
20210106160303	54.1218
20210106160303	54.1218
20210106160303	54.1218
20210106160303	54.1173
20210106160303	54.1173
20210106160303	54.1173
20210106160303	54.1173
20210106160303	54.1125
20210106160303	54.1125
20210106160303	54.1066
20210106160303	54.1066
20210106160303	54.1066
20210106160303	54.1066
20210106160303	54.1019
20210106160303	54.1019
20210106160303	54.1019
20210106160303	54.0975
20210106160303	54.0975
20210106160303	54.0975
20210106160303	54.0932
20210106160303	54.0932
20210106160303	54.0932
20210106160303	54.0932
20210106160303	54.089
20210106160303	54.089
20210106160303	54.089
20210106160303	54.0848
20210106160303	54.0848
20210106160303	54.0848
20210106160303	54.0808
20210106160303	54.0808
20210106160303	54.0808
20210106160303	54.0808
20210106160303	54.076
20210106160304	54.076
20210106160304	54.076
20210106160304	54.0723
20210106160304	54.0723
20210106160304	54.0723
20210106160304	54.0687
20210106160304	54.0687
20210106160304	54.0687
20210106160304	54.0687
20210106160304	54.0651
20210106160304	54.0651
20210106160304	54.0651
20210106160304	54.0651
20210106160304	54.0617
20210106160304	54.0617
20210106160304	54.0574
20210106160304	54.0574
20210106160304	54.0574
20210106160304	54.0574
20210106160304	54.0543
20210106160304	54.0543
20210106160304	54.0543
20210106160304	54.0543
20210106160304	54.0513
20210106160304	54.0513
20210106160304	54.0485
20210106160304	54.0485
20210106160304	54.0485
20210106160304	54.0485
20210106160304	54.0458
20210106160304	54.0458
20210106160304	54.0458
20210106160304	54.0458
20210106160304	54.0432
20210106160304	54.0432
20210106160304	54.0405
