20210115191008	29.2213
20210115191008	29.247
20210115191008	29.247
20210115191008	29.247
20210115191008	29.2532
20210115191008	29.2532
20210115191008	29.2532
20210115191008	29.2597
20210115191008	29.2597
20210115191008	29.2597
20210115191008	29.2597
20210115191008	29.2666
20210115191008	29.2666
20210115191008	29.2666
20210115191008	29.2666
20210115191008	29.2756
20210115191008	29.2756
20210115191008	29.2813
20210115191008	29.2813
20210115191008	29.2813
20210115191008	29.2813
20210115191008	29.2913
20210115191008	29.2913
20210115191008	29.2913
20210115191008	29.2913
20210115191008	29.3
20210115191008	29.3
20210115191008	29.309
20210115191008	29.309
20210115191008	29.309
20210115191008	29.309
20210115191008	29.3207
20210115191008	29.3207
20210115191008	29.3207
20210115191008	29.3207
20210115191008	29.3278
20210115191008	29.3278
20210115191008	29.3398
20210115191008	29.3398
20210115191008	29.3398
20210115191008	29.3398
20210115191008	29.3494
20210115191008	29.3494
20210115191009	29.3494
20210115191009	29.36
20210115191009	29.36
20210115191009	29.36
20210115191009	29.3709
20210115191009	29.3709
20210115191009	29.3709
20210115191009	29.3709
20210115191009	29.382
20210115191009	29.382
20210115191009	29.382
20210115191009	29.382
20210115191009	29.3933
20210115191009	29.3933
20210115191009	29.4076
20210115191009	29.4076
20210115191009	29.4076
20210115191009	29.4076
20210115191009	29.4191
20210115191009	29.4191
20210115191009	29.4191
20210115191009	29.4313
20210115191009	29.4313
20210115191009	29.4313
20210115191009	29.4436
20210115191009	29.4436
20210115191009	29.4436
20210115191009	29.4436
20210115191009	29.4559
20210115191009	29.4559
20210115191009	29.4559
20210115191009	29.4683
20210115191009	29.4683
20210115191009	29.4683
20210115191009	29.4805
20210115191009	29.4805
20210115191009	29.4805
20210115191009	29.4805
20210115191009	29.4957
20210115191009	29.4957
20210115191009	29.4957
20210115191009	29.4957
20210115191010	29.5083
20210115191010	29.5083
20210115191010	29.5207
20210115191010	29.5207
20210115191010	29.5207
20210115191010	29.5207
20210115191010	29.5329
20210115191010	29.5329
20210115191010	29.5329
20210115191010	29.5329
20210115191010	29.5449
20210115191010	29.5449
20210115191010	29.5569
20210115191010	29.5569
20210115191010	29.5569
20210115191010	29.5569
20210115191010	29.5715
20210115191010	29.5715
20210115191010	29.5715
20210115191010	29.5834
20210115191010	29.5834
20210115191010	29.5834
20210115191010	29.595
20210115191010	29.595
20210115191010	29.595
20210115191010	29.595
20210115191010	29.6063
20210115191011	29.6063
20210115191011	29.6063
20210115191011	29.6199
20210115191011	29.6199
20210115191011	29.6199
20210115191011	29.6279
20210115191011	29.6279
20210115191011	29.6279
20210115191011	29.6279
20210115191011	29.6409
20210115191011	29.6409
20210115191011	29.6409
20210115191011	29.6409
20210115191011	29.6514
20210115191011	29.6514
20210115191011	29.6615
20210115191011	29.6615
20210115191011	29.6615
20210115191011	29.6615
20210115191011	29.6733
20210115191011	29.6733
20210115191011	29.6733
20210115191011	29.6733
20210115191011	29.6825
20210115191011	29.6825
20210115191011	29.6892
20210115191011	29.6892
20210115191011	29.6892
20210115191011	29.6892
20210115191011	29.6995
20210115191012	29.6995
20210115191012	29.6995
20210115191012	29.6995
20210115191012	29.708
20210115191012	29.708
20210115191012	29.7162
20210115191012	29.7162
20210115191012	29.7162
20210115191012	29.7162
20210115191012	29.7241
20210115191012	29.7241
20210115191012	29.7241
20210115191012	29.7241
20210115191012	29.7317
20210115191012	29.7317
20210115191012	29.7404
20210115191012	29.7404
20210115191012	29.7404
20210115191012	29.7404
20210115191012	29.7468
20210115191012	29.7468
20210115191012	29.7468
20210115191012	29.7468
20210115191012	29.753
20210115191012	29.753
20210115191012	29.759
20210115191012	29.759
20210115191012	29.759
20210115191013	29.759
20210115191013	29.7645
20210115191013	29.7645
20210115191013	29.7645
20210115191013	29.7708
20210115191013	29.7708
20210115191013	29.7708
20210115191013	29.7743
20210115191013	29.7743
20210115191013	29.7743
20210115191013	29.7743
20210115191013	29.7796
20210115191013	29.7796
20210115191013	29.7796
20210115191013	29.7838
20210115191013	29.7838
20210115191013	29.7838
20210115191013	29.7875
20210115191013	29.7875
20210115191013	29.7875
20210115191013	29.7907
20210115191013	29.7907
20210115191013	29.7907
20210115191013	29.7907
20210115191013	29.7907
20210115191013	29.7942
20210115191013	29.7942
20210115191013	29.7959
20210115191013	29.7959
20210115191013	29.7959
20210115191013	29.7959
20210115191013	29.798
20210115191013	29.798
20210115191013	29.798
20210115191013	29.7995
20210115191013	29.7995
20210115191013	29.7995
20210115191013	29.8006
20210115191013	29.8006
20210115191013	29.8006
20210115191013	29.8006
20210115191013	29.8017
20210115191014	29.8017
20210115191014	29.8017
20210115191014	29.8025
20210115191014	29.8025
20210115191014	29.8025
20210115191014	29.803
20210115191014	29.803
20210115191014	29.803
20210115191014	29.803
20210115191014	29.8033
20210115191014	29.8033
20210115191014	29.8033
20210115191014	29.8032
20210115191014	29.8032
20210115191014	29.8032
20210115191014	29.8028
20210115191014	29.8028
20210115191014	29.8028
20210115191014	29.8028
20210115191014	29.8018
20210115191014	29.8018
20210115191014	29.8018
20210115191014	29.8018
20210115191014	29.7998
20210115191014	29.7998
20210115191014	29.7977
20210115191014	29.7977
20210115191014	29.7977
20210115191014	29.7977
20210115191014	29.7953
20210115191014	29.7953
20210115191015	29.7953
20210115191015	29.7953
20210115191015	29.7927
20210115191015	29.7927
20210115191015	29.7896
20210115191015	29.7896
20210115191015	29.7896
20210115191015	29.7896
20210115191015	29.786
20210115191015	29.786
20210115191015	29.786
20210115191015	29.781
20210115191015	29.781
20210115191015	29.781
20210115191015	29.7778
20210115191015	29.7778
20210115191015	29.7778
20210115191015	29.7778
20210115191015	29.7722
20210115191015	29.7722
20210115191015	29.7722
20210115191015	29.7674
20210115191015	29.7674
20210115191015	29.7674
20210115191015	29.7623
20210115191015	29.7623
20210115191015	29.7623
20210115191015	29.7623
20210115191015	29.7556
20210115191015	29.7556
20210115191015	29.7556
20210115191015	29.7556
20210115191015	29.7496
20210115191015	29.7496
20210115191015	29.7433
20210115191015	29.7433
20210115191015	29.7433
20210115191015	29.7433
20210115191015	29.7365
20210115191015	29.7365
20210115191015	29.7365
20210115191015	29.7296
20210115191015	29.7296
20210115191016	29.7296
20210115191016	29.7226
20210115191016	29.7226
20210115191016	29.7226
20210115191016	29.7226
20210115191016	29.7153
20210115191016	29.7153
20210115191016	29.7153
20210115191016	29.7075
20210115191016	29.7075
20210115191016	29.7075
20210115191016	29.6973
20210115191016	29.6973
20210115191016	29.6973
20210115191016	29.6973
20210115191016	29.6889
20210115191016	29.6889
20210115191016	29.6889
20210115191016	29.6805
20210115191016	29.6805
20210115191016	29.6805
20210115191016	29.6719
20210115191016	29.6719
20210115191016	29.6719
20210115191016	29.6719
20210115191016	29.6609
20210115191016	29.6609
20210115191016	29.6609
20210115191016	29.6542
20210115191016	29.6542
20210115191016	29.6542
20210115191016	29.6452
20210115191016	29.6452
20210115191016	29.6452
20210115191016	29.6452
20210115191016	29.6338
20210115191016	29.6338
20210115191016	29.6338
20210115191016	29.6246
20210115191016	29.6246
20210115191016	29.6246
20210115191016	29.6154
20210115191016	29.6154
20210115191017	29.6154
20210115191017	29.6154
20210115191017	29.6059
20210115191017	29.6059
20210115191017	29.6059
20210115191017	29.6059
20210115191017	29.5965
20210115191017	29.5965
20210115191017	29.587
20210115191017	29.587
20210115191017	29.587
20210115191017	29.587
20210115191017	29.5752
20210115191017	29.5752
20210115191017	29.5752
20210115191017	29.566
20210115191017	29.566
20210115191017	29.566
20210115191017	29.5568
20210115191017	29.5568
20210115191017	29.5568
20210115191017	29.5568
20210115191017	29.5455
20210115191017	29.5455
20210115191017	29.5455
20210115191017	29.5455
20210115191017	29.5387
20210115191017	29.5387
20210115191017	29.5299
20210115191017	29.5299
20210115191017	29.5299
20210115191017	29.5299
20210115191017	29.5191
20210115191017	29.5191
20210115191017	29.5191
20210115191017	29.5191
20210115191017	29.5112
20210115191017	29.5112
20210115191017	29.5033
20210115191017	29.5033
20210115191017	29.5033
20210115191017	29.4954
20210115191017	29.4954
20210115191017	29.4954
20210115191017	29.4954
20210115191017	29.4954
20210115191017	29.4873
20210115191017	29.4873
20210115191017	29.4795
20210115191017	29.4795
20210115191017	29.4795
20210115191017	29.4795
20210115191017	29.4701
20210115191017	29.4701
20210115191017	29.4701
20210115191017	29.4701
20210115191017	29.4631
20210115191017	29.4631
20210115191018	29.4563
20210115191018	29.4563
20210115191018	29.4563
20210115191018	29.4563
20210115191018	29.4484
20210115191018	29.4484
20210115191018	29.4484
20210115191018	29.4439
20210115191018	29.4439
20210115191018	29.4439
20210115191018	29.4367
20210115191018	29.4367
20210115191018	29.4367
20210115191018	29.4367
20210115191018	29.4316
20210115191018	29.4316
20210115191018	29.4316
20210115191018	29.427
20210115191018	29.427
20210115191018	29.427
20210115191018	29.4229
20210115191018	29.4229
20210115191018	29.4229
20210115191018	29.4229
20210115191018	29.4194
20210115191018	29.4194
20210115191018	29.4194
20210115191018	29.4155
20210115191018	29.4155
20210115191018	29.4155
20210115191018	29.4135
20210115191018	29.4135
20210115191018	29.4135
20210115191018	29.4135
20210115191018	29.4108
20210115191018	29.4108
20210115191018	29.4108
20210115191018	29.4094
20210115191019	29.4094
20210115191019	29.4094
20210115191019	29.4081
20210115191019	29.4081
20210115191019	29.4081
20210115191019	29.4081
20210115191019	29.4073
20210115191019	29.4073
20210115191019	29.4073
20210115191019	29.4073
20210115191019	29.4072
20210115191019	29.4072
20210115191019	29.4074
20210115191019	29.4074
20210115191019	29.4074
20210115191019	29.4074
20210115191019	29.408
20210115191019	29.408
20210115191019	29.408
20210115191019	29.408
20210115191019	29.4092
20210115191019	29.4092
20210115191019	29.4109
20210115191019	29.4109
20210115191019	29.4109
20210115191019	29.4109
20210115191019	29.413
20210115191020	29.413
20210115191020	29.413
20210115191020	29.413
20210115191020	29.4156
20210115191020	29.4156
20210115191020	29.4187
20210115191020	29.4187
20210115191020	29.4187
20210115191020	29.4187
20210115191020	29.4232
20210115191020	29.4232
20210115191020	29.4232
20210115191020	29.4273
20210115191020	29.4273
20210115191020	29.4273
20210115191020	29.4318
20210115191020	29.4318
20210115191020	29.4318
20210115191020	29.4318
20210115191020	29.4364
20210115191020	29.4364
20210115191020	29.4364
20210115191020	29.4364
20210115191020	29.4429
20210115191020	29.4429
20210115191020	29.4498
20210115191020	29.4498
20210115191020	29.4498
20210115191020	29.4498
20210115191020	29.4587
20210115191020	29.4587
20210115191020	29.4587
20210115191020	29.4587
20210115191020	29.4663
20210115191021	29.4663
20210115191021	29.4743
20210115191021	29.4743
20210115191021	29.4743
20210115191021	29.4743
20210115191021	29.4825
20210115191021	29.4825
20210115191021	29.4825
20210115191021	29.4918
20210115191021	29.4918
20210115191021	29.4918
20210115191021	29.5013
20210115191021	29.5013
20210115191021	29.5013
20210115191021	29.5013
20210115191021	29.5133
20210115191021	29.5133
20210115191021	29.5133
20210115191021	29.5133
20210115191021	29.5226
20210115191021	29.5226
20210115191021	29.5314
20210115191021	29.5314
20210115191021	29.5314
20210115191021	29.5314
20210115191021	29.5412
20210115191021	29.5412
20210115191021	29.5412
20210115191021	29.5412
20210115191021	29.5481
20210115191021	29.5481
20210115191021	29.5524
20210115191021	29.5524
20210115191021	29.5524
20210115191021	29.5524
20210115191021	29.5578
20210115191021	29.5578
20210115191021	29.5578
20210115191021	29.5578
20210115191021	29.5607
20210115191021	29.5607
20210115191021	29.5625
20210115191021	29.5625
20210115191021	29.5625
20210115191021	29.5625
20210115191021	29.5633
20210115191021	29.5633
20210115191021	29.5633
20210115191022	29.5633
20210115191022	29.5644
20210115191022	29.5644
20210115191022	29.5651
20210115191022	29.5651
20210115191022	29.5651
20210115191022	29.5651
20210115191022	29.5655
20210115191022	29.5655
20210115191022	29.5655
20210115191022	29.5659
20210115191022	29.5659
20210115191022	29.5659
20210115191022	29.5666
20210115191022	29.5666
20210115191022	29.5666
20210115191022	29.5666
20210115191022	29.5679
20210115191022	29.5679
20210115191022	29.5679
20210115191022	29.5711
20210115191022	29.5711
20210115191022	29.5711
20210115191022	29.5736
20210115191022	29.5736
20210115191022	29.5736
20210115191022	29.5736
20210115191022	29.5787
20210115191022	29.5787
20210115191022	29.5787
20210115191022	29.5787
20210115191022	29.5839
20210115191022	29.5839
20210115191022	29.5898
20210115191022	29.5898
20210115191022	29.5898
20210115191022	29.5965
20210115191022	29.5965
20210115191022	29.5965
20210115191022	29.5965
20210115191022	29.5965
20210115191022	29.6069
20210115191022	29.6069
20210115191022	29.6136
20210115191022	29.6136
20210115191022	29.6136
20210115191022	29.6136
20210115191022	29.6257
20210115191023	29.6257
20210115191023	29.6257
20210115191023	29.6257
20210115191023	29.6362
20210115191023	29.6362
20210115191023	29.6474
20210115191023	29.6474
20210115191023	29.6474
20210115191023	29.6474
20210115191023	29.6593
20210115191023	29.6593
20210115191023	29.6593
20210115191023	29.6716
20210115191023	29.6716
20210115191023	29.6716
20210115191023	29.6879
20210115191023	29.6879
20210115191023	29.6879
20210115191023	29.6879
20210115191023	29.7017
20210115191023	29.7017
20210115191023	29.7017
20210115191024	29.7017
20210115191024	29.7159
20210115191024	29.7159
20210115191024	29.7306
20210115191024	29.7306
20210115191024	29.7306
20210115191024	29.7306
20210115191024	29.7458
20210115191024	29.7458
20210115191024	29.7458
20210115191024	29.7615
20210115191024	29.7615
20210115191024	29.7615
20210115191024	29.7777
20210115191024	29.7777
20210115191024	29.7777
20210115191024	29.7777
20210115191024	29.7983
20210115191024	29.7983
20210115191024	29.7983
20210115191024	29.8153
20210115191024	29.8153
20210115191024	29.8153
20210115191024	29.8327
20210115191024	29.8327
20210115191024	29.8327
20210115191024	29.8327
20210115191024	29.8548
20210115191024	29.8548
20210115191024	29.8548
20210115191024	29.8685
20210115191025	29.8685
20210115191025	29.8685
20210115191025	29.8871
20210115191025	29.8871
20210115191025	29.8871
20210115191025	29.8871
20210115191025	29.9108
20210115191025	29.9108
20210115191025	29.9108
20210115191025	29.9301
20210115191025	29.9301
20210115191025	29.9301
20210115191025	29.9498
20210115191025	29.9498
20210115191025	29.9498
20210115191025	29.9498
20210115191025	29.9699
20210115191025	29.9699
20210115191025	29.9699
20210115191025	29.9952
20210115191025	29.9952
20210115191025	29.9952
20210115191025	30.0158
20210115191025	30.0158
20210115191025	30.0158
20210115191025	30.0158
20210115191025	30.0368
20210115191025	30.0368
20210115191025	30.0368
20210115191025	30.0581
20210115191025	30.0581
20210115191025	30.0581
20210115191025	30.0793
20210115191025	30.0793
20210115191025	30.0793
20210115191025	30.0793
20210115191025	30.1065
20210115191025	30.1065
20210115191025	30.1065
20210115191025	30.1285
20210115191025	30.1285
20210115191025	30.1285
20210115191025	30.1452
20210115191025	30.1452
20210115191025	30.1452
20210115191025	30.1452
20210115191026	30.1733
20210115191026	30.1733
20210115191026	30.1733
20210115191026	30.1959
20210115191026	30.1959
20210115191026	30.1959
20210115191026	30.2187
20210115191026	30.2187
20210115191026	30.2187
20210115191026	30.2187
20210115191026	30.2415
20210115191026	30.2415
20210115191026	30.2415
20210115191026	30.2642
20210115191026	30.2642
20210115191026	30.2642
20210115191026	30.2926
20210115191026	30.2926
20210115191026	30.2926
20210115191026	30.2926
20210115191026	30.3153
20210115191026	30.3153
20210115191026	30.3153
20210115191027	30.3381
20210115191027	30.3381
20210115191027	30.3381
20210115191027	30.3609
20210115191027	30.3609
20210115191027	30.3609
20210115191027	30.3609
20210115191027	30.3837
20210115191027	30.3837
20210115191027	30.3837
20210115191027	30.3837
20210115191027	30.4062
20210115191027	30.4062
20210115191027	30.4286
20210115191027	30.4286
20210115191027	30.4286
20210115191027	30.4286
20210115191027	30.4564
20210115191027	30.4564
20210115191027	30.4564
20210115191027	30.4787
20210115191027	30.4787
20210115191027	30.4787
20210115191027	30.5008
20210115191027	30.5008
20210115191027	30.5008
20210115191027	30.5008
20210115191027	30.5284
20210115191027	30.5284
20210115191027	30.5284
20210115191027	30.5448
20210115191027	30.5448
20210115191027	30.5448
20210115191028	30.5666
20210115191028	30.5666
20210115191028	30.5666
20210115191028	30.5666
20210115191028	30.5938
20210115191028	30.5938
20210115191028	30.5938
20210115191028	30.5938
20210115191028	30.6154
20210115191028	30.6154
20210115191028	30.637
20210115191028	30.637
20210115191028	30.637
20210115191028	30.637
20210115191028	30.6637
20210115191028	30.6637
20210115191028	30.6637
20210115191028	30.6637
20210115191028	30.6795
20210115191028	30.6795
20210115191028	30.7007
20210115191028	30.7007
20210115191028	30.7007
20210115191028	30.7007
20210115191028	30.7268
20210115191028	30.7268
20210115191028	30.7268
20210115191028	30.7475
20210115191028	30.7475
20210115191028	30.7475
20210115191028	30.768
20210115191028	30.768
20210115191028	30.768
20210115191028	30.768
20210115191028	30.7882
20210115191028	30.7882
20210115191028	30.7882
20210115191028	30.808
20210115191028	30.808
20210115191028	30.808
20210115191028	30.8277
20210115191028	30.8277
20210115191028	30.8277
20210115191028	30.8277
20210115191028	30.8519
20210115191028	30.8519
20210115191028	30.8519
20210115191028	30.8711
20210115191028	30.8711
20210115191028	30.8711
20210115191028	30.8901
20210115191028	30.8901
20210115191028	30.8901
20210115191028	30.8901
20210115191029	30.9088
20210115191029	30.9088
20210115191029	30.9088
20210115191029	30.9318
20210115191029	30.9318
20210115191029	30.9318
20210115191029	30.9499
20210115191029	30.9499
20210115191029	30.9499
20210115191029	30.9499
20210115191029	30.9678
20210115191029	30.9678
20210115191029	30.9678
20210115191029	30.9678
20210115191029	30.9853
20210115191029	30.9853
20210115191029	31.0028
20210115191029	31.0028
20210115191029	31.0028
20210115191029	31.0028
20210115191029	31.0199
20210115191029	31.0199
20210115191029	31.0199
20210115191029	31.0199
20210115191029	31.0369
20210115191029	31.0369
20210115191029	31.0576
20210115191029	31.0576
20210115191029	31.0576
20210115191029	31.0576
20210115191029	31.0736
20210115191029	31.0736
20210115191029	31.0736
20210115191029	31.0895
20210115191029	31.0895
20210115191030	31.0895
20210115191030	31.1052
20210115191030	31.1052
20210115191030	31.1052
20210115191030	31.1052
20210115191030	31.1206
20210115191030	31.1206
20210115191030	31.1206
20210115191030	31.1357
20210115191030	31.1357
20210115191030	31.1357
20210115191030	31.1542
20210115191030	31.1542
20210115191030	31.1542
20210115191030	31.1542
20210115191030	31.1687
20210115191030	31.1687
20210115191030	31.1687
20210115191030	31.1829
20210115191030	31.1829
20210115191030	31.1829
20210115191030	31.1968
20210115191030	31.1968
20210115191030	31.1968
20210115191030	31.1968
20210115191030	31.2104
20210115191030	31.2104
20210115191030	31.2104
20210115191030	31.2271
20210115191030	31.2271
20210115191030	31.2271
20210115191030	31.2368
20210115191030	31.2368
20210115191030	31.2368
20210115191030	31.2527
20210115191030	31.2527
20210115191030	31.2527
20210115191030	31.2527
20210115191030	31.2651
20210115191030	31.2651
20210115191030	31.2651
20210115191030	31.2773
20210115191030	31.2773
20210115191030	31.2773
20210115191030	31.2773
20210115191030	31.2892
20210115191030	31.2892
20210115191030	31.2892
20210115191030	31.2892
20210115191030	31.304
20210115191030	31.304
20210115191030	31.3153
20210115191030	31.3153
20210115191030	31.3153
20210115191030	31.3265
20210115191030	31.3265
20210115191030	31.3265
20210115191030	31.3265
20210115191030	31.3374
20210115191030	31.3374
20210115191031	31.3374
20210115191031	31.348
20210115191031	31.348
20210115191031	31.348
20210115191031	31.348
20210115191031	31.3582
20210115191031	31.3582
20210115191031	31.3582
20210115191031	31.3707
20210115191031	31.3707
20210115191031	31.3707
20210115191031	31.3781
20210115191031	31.3781
20210115191031	31.3781
20210115191031	31.3781
20210115191031	31.3901
20210115191031	31.3901
20210115191031	31.3901
20210115191031	31.3993
20210115191031	31.3993
20210115191031	31.3993
20210115191031	31.4083
20210115191031	31.4083
20210115191031	31.4083
20210115191031	31.4083
20210115191031	31.4169
20210115191031	31.4169
20210115191031	31.4169
20210115191031	31.4169
20210115191031	31.4254
20210115191031	31.4254
20210115191031	31.4355
20210115191031	31.4355
20210115191031	31.4355
20210115191031	31.4355
20210115191031	31.4434
20210115191031	31.4434
20210115191031	31.4434
20210115191031	31.4511
20210115191031	31.4511
20210115191031	31.4511
20210115191031	31.4587
20210115191031	31.4587
20210115191031	31.4587
20210115191031	31.4587
20210115191031	31.4659
20210115191031	31.4659
20210115191031	31.4659
20210115191031	31.4659
20210115191031	31.4729
20210115191031	31.4729
20210115191031	31.4814
20210115191031	31.4814
20210115191031	31.4814
20210115191031	31.4814
20210115191031	31.488
20210115191031	31.488
20210115191031	31.488
20210115191031	31.488
20210115191031	31.4944
20210115191031	31.4944
20210115191031	31.5007
20210115191031	31.5007
20210115191031	31.5007
20210115191031	31.5007
20210115191032	31.5067
20210115191032	31.5067
20210115191032	31.5067
20210115191032	31.5121
20210115191032	31.5121
20210115191032	31.5121
20210115191032	31.5175
20210115191032	31.5175
20210115191032	31.5175
20210115191032	31.5175
20210115191032	31.5237
20210115191032	31.5237
20210115191032	31.5237
20210115191032	31.5286
20210115191032	31.5286
20210115191032	31.5286
20210115191032	31.5334
20210115191032	31.5334
20210115191032	31.5334
20210115191032	31.5334
20210115191032	31.5389
20210115191032	31.5389
20210115191032	31.5389
20210115191032	31.5431
20210115191032	31.5431
20210115191032	31.5431
20210115191032	31.5462
20210115191032	31.5462
20210115191032	31.5462
20210115191032	31.5462
20210115191032	31.5512
20210115191032	31.5512
20210115191032	31.5512
20210115191032	31.5547
20210115191032	31.5547
20210115191032	31.5547
20210115191032	31.5581
20210115191033	31.5581
20210115191033	31.5581
20210115191033	31.5581
20210115191033	31.5613
20210115191033	31.5613
20210115191033	31.5613
20210115191033	31.5649
20210115191033	31.5649
20210115191033	31.5649
20210115191033	31.5669
20210115191033	31.5669
20210115191033	31.5669
20210115191033	31.5669
20210115191033	31.5702
20210115191033	31.5702
20210115191033	31.5702
20210115191033	31.5702
20210115191033	31.5726
20210115191033	31.5726
20210115191033	31.5748
20210115191033	31.5748
20210115191033	31.5748
20210115191033	31.5769
20210115191033	31.5769
20210115191033	31.5769
20210115191033	31.5769
20210115191033	31.5769
20210115191033	31.5789
20210115191033	31.5789
20210115191033	31.5811
20210115191033	31.5811
20210115191033	31.5811
20210115191033	31.5811
20210115191033	31.5828
20210115191033	31.5828
20210115191033	31.5828
20210115191033	31.5828
20210115191033	31.5846
20210115191033	31.5846
20210115191033	31.5861
20210115191033	31.5861
20210115191033	31.5861
20210115191033	31.5861
20210115191033	31.5876
20210115191033	31.5876
20210115191033	31.5876
20210115191033	31.5876
20210115191033	31.589
20210115191033	31.589
20210115191033	31.5904
20210115191033	31.5904
20210115191033	31.5904
20210115191033	31.5904
20210115191033	31.5913
20210115191033	31.5913
20210115191033	31.5913
20210115191033	31.592
20210115191033	31.592
20210115191033	31.592
20210115191033	31.5927
20210115191033	31.5927
20210115191033	31.5927
20210115191033	31.5927
20210115191033	31.5932
20210115191033	31.5932
20210115191034	31.5932
20210115191034	31.5932
20210115191034	31.5935
20210115191034	31.5935
20210115191034	31.5936
20210115191034	31.5936
20210115191034	31.5936
20210115191034	31.5936
20210115191034	31.5935
20210115191034	31.5935
20210115191034	31.5935
20210115191034	31.5935
20210115191034	31.5932
20210115191034	31.5932
20210115191034	31.5926
20210115191034	31.5926
20210115191034	31.5926
20210115191034	31.5926
20210115191034	31.592
20210115191034	31.592
20210115191034	31.592
20210115191034	31.5912
20210115191034	31.5912
20210115191034	31.5912
20210115191034	31.59
20210115191034	31.59
20210115191034	31.59
20210115191034	31.59
20210115191034	31.5884
20210115191034	31.5884
20210115191035	31.5884
20210115191035	31.5884
20210115191035	31.5867
20210115191035	31.5867
20210115191035	31.5849
20210115191035	31.5849
20210115191035	31.5849
20210115191035	31.5849
20210115191035	31.5831
20210115191035	31.5831
20210115191035	31.5831
20210115191035	31.5812
20210115191035	31.5812
20210115191035	31.5812
20210115191035	31.5792
20210115191035	31.5792
20210115191035	31.5792
20210115191035	31.5792
20210115191035	31.5767
20210115191035	31.5767
20210115191035	31.5767
20210115191035	31.5767
20210115191035	31.5748
20210115191035	31.5748
20210115191035	31.5729
20210115191036	31.5729
20210115191036	31.5729
20210115191036	31.5729
20210115191036	31.5708
20210115191036	31.5708
20210115191036	31.5708
20210115191036	31.5688
20210115191036	31.5688
20210115191036	31.5688
20210115191036	31.5667
20210115191036	31.5667
20210115191036	31.5667
20210115191036	31.5667
20210115191036	31.564
20210115191036	31.564
20210115191036	31.564
20210115191036	31.5614
20210115191036	31.5614
20210115191036	31.5614
20210115191036	31.5588
20210115191036	31.5588
20210115191036	31.5588
20210115191036	31.5588
20210115191036	31.5561
20210115191036	31.5561
20210115191036	31.5561
20210115191036	31.5561
20210115191036	31.5533
20210115191036	31.5533
20210115191036	31.5503
20210115191036	31.5503
20210115191036	31.5503
20210115191036	31.5503
20210115191036	31.5465
20210115191036	31.5465
20210115191036	31.5465
20210115191036	31.5465
20210115191036	31.5434
20210115191036	31.5434
20210115191036	31.5403
20210115191036	31.5403
20210115191036	31.5403
20210115191036	31.5403
20210115191036	31.5364
20210115191036	31.5364
20210115191036	31.5364
20210115191036	31.5364
20210115191036	31.5341
20210115191036	31.5341
20210115191036	31.5302
20210115191036	31.5302
20210115191037	31.5302
20210115191037	31.5302
20210115191037	31.5272
20210115191037	31.5272
20210115191037	31.5272
20210115191037	31.5239
20210115191037	31.5239
20210115191037	31.5239
20210115191037	31.5205
20210115191037	31.5205
20210115191037	31.5205
20210115191037	31.5205
20210115191037	31.5161
20210115191037	31.5161
20210115191037	31.5161
20210115191037	31.5134
20210115191037	31.5134
20210115191037	31.5134
20210115191037	31.5088
20210115191037	31.5088
20210115191037	31.5088
20210115191037	31.5088
20210115191037	31.505
20210115191037	31.505
20210115191037	31.505
20210115191037	31.5008
20210115191037	31.5008
20210115191037	31.5008
20210115191037	31.4966
20210115191037	31.4966
20210115191037	31.4966
20210115191037	31.4966
20210115191038	31.4923
20210115191038	31.4923
20210115191038	31.4923
20210115191038	31.488
20210115191038	31.488
20210115191038	31.488
20210115191038	31.4838
20210115191038	31.4838
20210115191038	31.4838
20210115191038	31.4838
20210115191038	31.4785
20210115191038	31.4785
20210115191038	31.4785
20210115191038	31.4785
20210115191038	31.4742
20210115191038	31.4742
20210115191038	31.47
20210115191038	31.47
20210115191038	31.47
20210115191038	31.47
20210115191038	31.4647
20210115191038	31.4647
20210115191038	31.4647
20210115191038	31.4647
20210115191038	31.4606
20210115191038	31.4606
20210115191038	31.4563
20210115191038	31.4563
20210115191038	31.4563
20210115191038	31.4563
20210115191038	31.4519
20210115191038	31.4519
20210115191038	31.4519
20210115191038	31.4472
20210115191038	31.4472
20210115191038	31.4472
20210115191038	31.4427
20210115191038	31.4427
20210115191038	31.4427
20210115191038	31.4427
20210115191038	31.4383
20210115191038	31.4383
20210115191038	31.4383
20210115191038	31.4339
20210115191038	31.4339
20210115191038	31.4339
20210115191038	31.4284
20210115191039	31.4284
20210115191039	31.4284
20210115191039	31.4284
20210115191039	31.4242
20210115191039	31.4242
20210115191039	31.4242
20210115191039	31.4242
20210115191039	31.4199
20210115191039	31.4199
20210115191039	31.4156
20210115191039	31.4156
20210115191039	31.4156
20210115191039	31.4156
20210115191039	31.4101
20210115191039	31.4101
20210115191039	31.4101
20210115191039	31.4101
20210115191039	31.4068
20210115191039	31.4068
20210115191039	31.4025
20210115191039	31.4025
20210115191039	31.4025
20210115191039	31.4025
20210115191039	31.3969
20210115191040	31.3969
20210115191040	31.3969
20210115191040	31.3969
20210115191040	31.392
20210115191040	31.392
20210115191040	31.3874
20210115191040	31.3874
20210115191040	31.3874
20210115191040	31.3874
20210115191040	31.3829
20210115191040	31.3829
20210115191040	31.3829
20210115191040	31.3785
20210115191040	31.3785
20210115191040	31.3785
20210115191040	31.3729
20210115191040	31.3729
20210115191040	31.3729
20210115191040	31.3729
20210115191040	31.3685
20210115191040	31.3685
20210115191040	31.3685
20210115191040	31.3638
20210115191040	31.3638
20210115191040	31.3638
20210115191040	31.3593
20210115191040	31.3593
20210115191040	31.3593
20210115191040	31.3593
20210115191040	31.3548
20210115191040	31.3548
20210115191040	31.3548
20210115191040	31.3548
20210115191040	31.3504
20210115191040	31.3504
20210115191040	31.3459
20210115191040	31.3459
20210115191040	31.3459
20210115191040	31.3459
20210115191040	31.3404
20210115191040	31.3404
20210115191040	31.3404
20210115191040	31.3357
20210115191040	31.3357
20210115191040	31.3357
20210115191041	31.3308
20210115191041	31.3308
20210115191041	31.3308
20210115191041	31.3308
20210115191041	31.3259
20210115191041	31.3259
20210115191041	31.3259
20210115191041	31.3201
20210115191041	31.3201
20210115191041	31.3201
20210115191041	31.3165
20210115191041	31.3165
20210115191041	31.3165
20210115191041	31.3165
20210115191041	31.3105
20210115191041	31.3105
20210115191041	31.3105
20210115191041	31.3105
20210115191041	31.3056
20210115191041	31.3056
20210115191041	31.3007
20210115191041	31.3007
20210115191041	31.3007
20210115191041	31.3007
20210115191041	31.2956
20210115191041	31.2956
20210115191041	31.2956
20210115191041	31.2892
20210115191041	31.2892
20210115191041	31.2892
20210115191041	31.2853
20210115191041	31.2853
20210115191041	31.2853
20210115191041	31.2853
20210115191041	31.2789
20210115191041	31.2789
20210115191042	31.2789
20210115191042	31.2736
20210115191042	31.2736
20210115191042	31.2736
20210115191042	31.2684
20210115191042	31.2684
20210115191042	31.2684
20210115191042	31.2684
20210115191042	31.2633
20210115191042	31.2633
20210115191042	31.2633
20210115191042	31.2633
20210115191042	31.2581
20210115191042	31.2581
20210115191042	31.2516
20210115191042	31.2516
20210115191042	31.2516
20210115191042	31.2516
20210115191042	31.2466
20210115191042	31.2466
20210115191042	31.2466
20210115191042	31.2418
20210115191042	31.2418
20210115191042	31.2418
20210115191042	31.237
20210115191042	31.237
20210115191042	31.237
20210115191042	31.237
20210115191042	31.2322
20210115191042	31.2322
20210115191042	31.2322
20210115191042	31.2274
20210115191042	31.2274
20210115191042	31.2274
20210115191042	31.2226
20210115191043	31.2226
20210115191043	31.2226
20210115191043	31.2226
20210115191043	31.2164
20210115191043	31.2164
20210115191043	31.2164
20210115191043	31.2115
20210115191043	31.2115
20210115191043	31.2115
20210115191043	31.2068
20210115191043	31.2068
20210115191043	31.2068
20210115191043	31.2068
20210115191043	31.2021
20210115191043	31.2021
20210115191043	31.2021
20210115191043	31.2021
20210115191043	31.1965
20210115191043	31.1965
20210115191043	31.1922
20210115191043	31.1922
20210115191043	31.1922
20210115191043	31.1922
20210115191043	31.1879
20210115191043	31.1879
20210115191043	31.1879
20210115191043	31.1879
20210115191043	31.1834
20210115191043	31.1834
20210115191043	31.1789
20210115191043	31.1789
20210115191043	31.1789
20210115191043	31.1789
20210115191043	31.1745
20210115191043	31.1745
20210115191043	31.1745
20210115191044	31.1745
20210115191044	31.1702
20210115191044	31.1702
20210115191044	31.166
20210115191044	31.166
20210115191044	31.166
20210115191044	31.166
20210115191044	31.1608
20210115191044	31.1608
20210115191044	31.1608
20210115191044	31.1566
20210115191044	31.1566
20210115191044	31.1566
20210115191044	31.1527
20210115191044	31.1527
20210115191044	31.1527
20210115191044	31.1527
20210115191044	31.149
20210115191044	31.149
20210115191044	31.149
20210115191044	31.1453
20210115191044	31.1453
20210115191044	31.1453
20210115191044	31.1419
20210115191044	31.1419
20210115191044	31.1419
20210115191044	31.1419
20210115191044	31.1376
20210115191044	31.1376
20210115191044	31.1376
20210115191044	31.1344
20210115191044	31.1344
20210115191045	31.1344
20210115191045	31.1311
20210115191045	31.1311
20210115191045	31.1311
20210115191045	31.1311
20210115191045	31.1268
20210115191045	31.1268
20210115191045	31.1268
20210115191045	31.1233
20210115191045	31.1233
20210115191045	31.1233
20210115191045	31.1207
20210115191045	31.1207
20210115191045	31.1207
20210115191045	31.1207
20210115191045	31.1166
20210115191045	31.1166
20210115191045	31.1166
20210115191045	31.113
20210115191045	31.113
20210115191045	31.113
20210115191045	31.1095
20210115191045	31.1095
20210115191045	31.1095
20210115191045	31.1095
20210115191045	31.1049
20210115191045	31.1049
20210115191045	31.1049
20210115191045	31.1049
20210115191045	31.1016
20210115191045	31.1016
20210115191045	31.0991
20210115191045	31.0991
20210115191045	31.0991
20210115191045	31.0991
20210115191045	31.0952
20210115191045	31.0952
20210115191045	31.0952
20210115191045	31.0952
20210115191045	31.0922
20210115191045	31.0922
20210115191045	31.0893
20210115191045	31.0893
20210115191045	31.0893
20210115191045	31.0893
20210115191045	31.0857
20210115191045	31.0857
20210115191045	31.0857
20210115191045	31.0857
20210115191045	31.0835
20210115191045	31.0835
20210115191045	31.0801
20210115191045	31.0801
20210115191046	31.0801
20210115191046	31.0801
20210115191046	31.0774
20210115191046	31.0774
20210115191046	31.0774
20210115191046	31.0774
20210115191046	31.0748
20210115191046	31.0748
20210115191046	31.0723
20210115191046	31.0723
20210115191046	31.0723
20210115191046	31.0723
20210115191046	31.0699
20210115191046	31.0699
20210115191046	31.0699
20210115191046	31.0699
20210115191046	31.0668
20210115191046	31.0668
20210115191046	31.0648
20210115191046	31.0648
20210115191046	31.0648
20210115191046	31.0648
20210115191046	31.0617
20210115191046	31.0617
20210115191046	31.0617
20210115191046	31.0593
20210115191046	31.0593
20210115191046	31.0593
20210115191046	31.0568
20210115191046	31.0568
20210115191046	31.0568
20210115191046	31.0568
20210115191046	31.0544
20210115191046	31.0544
20210115191046	31.0544
20210115191046	31.0512
20210115191046	31.0512
20210115191046	31.0512
20210115191046	31.0493
20210115191046	31.0493
20210115191046	31.0493
20210115191046	31.0493
20210115191046	31.0461
20210115191046	31.0461
20210115191046	31.0461
