20210115193417	1478.95
20210115193417	1479.03
20210115193417	1479.03
20210115193417	1479.04
20210115193417	1479.01
20210115193417	1479.01
20210115193417	1479.01
20210115193417	1479.14
20210115193417	1479.14
20210115193417	1479.34
20210115193417	1479.34
20210115193417	1479.52
20210115193417	1479.52
20210115193417	1479.7
20210115193417	1479.7
20210115193417	1479.88
20210115193417	1479.88
20210115193417	1480.32
20210115193417	1480.32
20210115193417	1480.67
20210115193417	1480.67
20210115193417	1481.16
20210115193417	1481.34
20210115193417	1481.34
20210115193417	1481.55
20210115193417	1481.55
20210115193417	1481.55
20210115193417	1481.86
20210115193417	1481.86
20210115193417	1482.29
20210115193417	1482.29
20210115193417	1482.62
20210115193417	1482.87
20210115193417	1482.87
20210115193417	1482.87
20210115193417	1483.3
20210115193417	1483.3
20210115193417	1483.78
20210115193417	1483.78
20210115193417	1484.22
20210115193417	1484.22
20210115193417	1484.69
20210115193417	1485.03
20210115193417	1485.03
20210115193417	1485.42
20210115193417	1485.42
20210115193417	1485.42
20210115193417	1485.92
20210115193417	1485.92
20210115193417	1486.45
20210115193417	1486.45
20210115193417	1487.2
20210115193417	1487.2
20210115193417	1487.75
20210115193417	1487.75
20210115193417	1488.21
20210115193417	1488.21
20210115193417	1488.78
20210115193417	1488.78
20210115193417	1489.44
20210115193417	1489.44
20210115193417	1490.24
20210115193417	1490.83
20210115193417	1490.83
20210115193417	1490.83
20210115193417	1491.27
20210115193417	1491.27
20210115193417	1492.05
20210115193417	1492.05
20210115193417	1492.98
20210115193417	1492.98
20210115193417	1493.88
20210115193417	1493.88
20210115193417	1494.51
20210115193417	1494.51
20210115193417	1495.52
20210115193418	1495.52
20210115193418	1496.33
20210115193418	1496.33
20210115193418	1497.38
20210115193418	1497.38
20210115193418	1498.29
20210115193418	1498.29
20210115193418	1499.13
20210115193418	1499.13
20210115193418	1499.96
20210115193418	1499.96
20210115193418	1500.62
20210115193418	1501.47
20210115193418	1501.47
20210115193418	1501.47
20210115193418	1502.46
20210115193418	1502.46
20210115193418	1503.03
20210115193418	1503.03
20210115193418	1503.91
20210115193418	1503.91
20210115193418	1505.12
20210115193418	1505.12
20210115193418	1505.82
20210115193418	1505.82
20210115193418	1506.73
20210115193418	1506.73
20210115193418	1507.39
20210115193418	2000
20210115193418	2000
20210115193418	2000
20210115193418	2000
20210115193418	2000
20210115193418	2000
20210115193418	2000
20210115193418	2000
20210115193418	2000
20210115193418	2000
20210115193418	2000
20210115193418	2000
20210115193418	2000
20210115193418	2000
20210115193418	2000
20210115193418	2000
20210115193418	2000
20210115193418	2000
20210115193418	2000
20210115193418	2000
20210115193418	2000
20210115193418	2000
20210115193418	2000
20210115193418	2000
20210115193418	2000
20210115193418	2000
20210115193418	2000
20210115193418	2000
20210115193418	2000
20210115193418	2000
20210115193418	2000
20210115193418	2000
20210115193418	2000
20210115193418	2000
20210115193418	2000
20210115193418	2000
20210115193418	2000
20210115193418	2000
20210115193418	2000
20210115193418	2000
20210115193418	2000
20210115193418	2000
20210115193418	2000
20210115193418	2000
20210115193418	2000
20210115193418	2000
20210115193418	2000
20210115193418	2000
20210115193418	2000
20210115193418	2000
20210115193418	2000
20210115193419	2000
20210115193419	2000
20210115193419	2000
20210115193419	2000
20210115193419	2000
20210115193419	2000
20210115193419	2000
20210115193419	2000
20210115193419	2000
20210115193419	2000
20210115193419	2000
20210115193419	2000
20210115193419	2000
20210115193419	2000
20210115193419	2000
20210115193419	2000
20210115193419	2000
20210115193419	2000
20210115193419	2000
20210115193419	2000
20210115193419	2000
20210115193419	2000
20210115193419	2000
20210115193419	2000
20210115193419	2000
20210115193419	2000
20210115193419	2000
20210115193419	2000
20210115193419	2000
20210115193419	2000
20210115193419	2000
20210115193419	2000
20210115193419	2000
20210115193419	2000
20210115193419	2000
20210115193419	2000
20210115193419	2000
20210115193419	2000
20210115193419	2000
20210115193419	2000
20210115193419	2000
20210115193419	2000
20210115193419	2000
20210115193419	2000
20210115193419	2000
20210115193419	2000
20210115193419	2000
20210115193419	2000
20210115193419	2000
20210115193419	2000
20210115193419	2000
20210115193419	2000
20210115193419	2000
20210115193419	2000
20210115193419	2000
20210115193419	2000
20210115193419	2000
20210115193419	2000
20210115193419	2000
20210115193419	2000
20210115193419	2000
20210115193419	2000
20210115193419	2000
20210115193419	2000
20210115193419	2000
20210115193419	2000
20210115193419	2000
20210115193419	2000
20210115193419	2000
20210115193419	2000
20210115193419	2000
20210115193419	2000
20210115193419	2000
20210115193419	2000
20210115193419	2000
20210115193419	2000
20210115193419	2000
20210115193419	2000
20210115193419	2000
20210115193419	2000
20210115193420	2000
20210115193420	2000
20210115193420	2000
20210115193420	2000
20210115193420	2000
20210115193420	2000
20210115193420	2000
20210115193420	2000
20210115193420	2000
20210115193420	2000
20210115193420	2000
20210115193420	2000
20210115193420	2000
20210115193420	2000
20210115193420	2000
20210115193420	2000
20210115193420	2000
20210115193420	2000
20210115193420	2000
20210115193420	2000
20210115193420	2000
20210115193420	2000
20210115193420	2000
20210115193420	2000
20210115193420	2000
20210115193420	2000
20210115193420	2000
20210115193420	2000
20210115193420	2000
20210115193420	2000
20210115193420	2000
20210115193420	2000
20210115193420	2000
20210115193420	2000
20210115193420	2000
20210115193420	2000
20210115193420	2000
20210115193420	2000
20210115193420	2000
20210115193420	2000
20210115193420	2000
20210115193420	2000
20210115193420	2000
20210115193420	2000
20210115193420	2000
20210115193420	2000
20210115193420	2000
20210115193420	2000
20210115193420	2000
20210115193420	2000
20210115193420	2000
20210115193420	2000
20210115193420	2000
20210115193420	2000
20210115193421	2000
20210115193421	2000
20210115193421	2000
20210115193421	2000
20210115193421	2000
20210115193421	2000
20210115193421	2000
20210115193421	2000
20210115193421	2000
20210115193421	2000
20210115193421	2000
20210115193421	2000
20210115193421	2000
20210115193421	2000
20210115193421	2000
20210115193421	2000
20210115193421	2000
20210115193421	2000
20210115193421	2000
20210115193421	2000
20210115193421	2000
20210115193421	2000
20210115193421	2000
20210115193421	2000
20210115193421	2000
20210115193421	2000
20210115193421	2000
20210115193421	2000
20210115193421	2000
20210115193421	2000
20210115193421	2000
20210115193421	2000
20210115193421	2000
20210115193421	2000
20210115193421	2000
20210115193421	2000
20210115193421	2000
20210115193421	2000
20210115193421	2000
20210115193421	2000
20210115193421	2000
20210115193421	2000
20210115193421	2000
20210115193421	2000
20210115193421	2000
20210115193421	2000
20210115193421	2000
20210115193421	2000
20210115193421	2000
20210115193421	2000
20210115193421	2000
20210115193421	2000
20210115193421	2000
20210115193421	2000
20210115193422	2000
20210115193422	2000
20210115193422	2000
20210115193422	2000
20210115193422	2000
20210115193422	2000
20210115193422	2000
20210115193422	2000
20210115193422	2000
20210115193422	2000
20210115193422	2000
20210115193422	2000
20210115193422	2000
20210115193422	2000
20210115193422	2000
20210115193422	2000
20210115193422	2000
20210115193422	2000
20210115193422	2000
20210115193422	2000
20210115193422	2000
20210115193422	2000
20210115193422	2000
20210115193422	2000
20210115193422	2000
20210115193422	2000
20210115193422	2000
20210115193422	2000
20210115193422	2000
20210115193422	2000
20210115193422	2000
20210115193422	2000
20210115193422	2000
20210115193422	2000
20210115193422	2000
20210115193422	2000
20210115193422	2000
20210115193422	2000
20210115193422	2000
20210115193422	2000
20210115193422	2000
20210115193422	2000
20210115193422	2000
20210115193422	2000
20210115193422	2000
20210115193422	2000
20210115193422	2000
20210115193422	2000
20210115193422	2000
20210115193422	2000
20210115193422	2000
20210115193422	2000
20210115193422	2000
20210115193422	2000
20210115193422	2000
20210115193422	2000
20210115193422	2000
20210115193423	2000
20210115193423	2000
20210115193423	2000
20210115193423	2000
20210115193423	2000
20210115193423	2000
20210115193423	2000
20210115193423	2000
20210115193423	2000
20210115193423	2000
20210115193423	2000
20210115193423	2000
20210115193423	2000
20210115193423	2000
20210115193423	2000
20210115193423	2000
20210115193423	2000
20210115193423	2000
20210115193423	2000
20210115193423	2000
20210115193423	2000
20210115193423	2000
20210115193423	2000
20210115193423	2000
20210115193423	2000
20210115193423	2000
20210115193423	2000
20210115193423	2000
20210115193423	2000
20210115193423	2000
20210115193423	2000
20210115193423	2000
20210115193423	2000
20210115193423	2000
20210115193423	2000
20210115193423	2000
20210115193423	2000
20210115193423	2000
20210115193423	2000
20210115193423	2000
20210115193424	2000
20210115193424	2000
20210115193424	2000
20210115193424	2000
20210115193424	2000
20210115193424	2000
20210115193424	2000
20210115193424	2000
20210115193424	2000
20210115193424	2000
20210115193424	2000
20210115193424	2000
20210115193424	2000
20210115193424	2000
20210115193424	2000
20210115193424	2000
20210115193424	2000
20210115193424	2000
20210115193424	2000
20210115193424	2000
20210115193424	2000
20210115193424	2000
20210115193424	2000
20210115193424	2000
20210115193424	2000
20210115193424	2000
20210115193424	2000
20210115193424	2000
20210115193424	2000
20210115193424	2000
20210115193424	2000
20210115193424	2000
20210115193424	2000
20210115193424	2000
20210115193424	2000
20210115193424	2000
20210115193424	2000
20210115193424	2000
20210115193424	2000
20210115193424	2000
20210115193424	2000
20210115193424	2000
20210115193424	2000
20210115193424	2000
20210115193424	2000
20210115193424	2000
20210115193424	2000
20210115193424	2000
20210115193425	2000
20210115193425	2000
20210115193425	2000
20210115193425	2000
20210115193425	2000
20210115193425	2000
20210115193425	2000
20210115193425	2000
20210115193425	2000
20210115193425	2000
20210115193425	2000
20210115193425	2000
20210115193425	2000
20210115193425	2000
20210115193425	2000
20210115193425	2000
20210115193425	2000
20210115193425	2000
20210115193425	2000
20210115193425	2000
20210115193425	2000
20210115193425	2000
20210115193425	2000
20210115193425	2000
20210115193425	2000
20210115193425	2000
20210115193425	2000
20210115193425	2000
20210115193425	2000
20210115193425	2000
20210115193425	2000
20210115193425	2000
20210115193426	2000
20210115193426	2000
20210115193426	2000
20210115193426	2000
20210115193426	2000
20210115193426	2000
20210115193426	2000
20210115193426	2000
20210115193426	2000
20210115193426	2000
20210115193426	2000
20210115193426	2000
20210115193426	2000
20210115193426	2000
20210115193426	2000
20210115193426	2000
20210115193426	2000
20210115193426	2000
20210115193426	2000
20210115193426	2000
20210115193426	2000
20210115193426	2000
20210115193426	2000
20210115193426	2000
20210115193426	2000
20210115193426	2000
20210115193426	2000
20210115193426	2000
20210115193426	2000
20210115193426	2000
20210115193426	2000
20210115193426	2000
20210115193426	2000
20210115193426	2000
20210115193426	2000
20210115193426	2000
20210115193426	2000
20210115193426	2000
20210115193426	2000
20210115193426	2000
20210115193426	2000
20210115193426	2000
20210115193426	2000
20210115193426	2000
20210115193426	2000
20210115193426	2000
20210115193426	2000
20210115193426	2000
20210115193426	2000
20210115193426	2000
20210115193426	2000
20210115193426	2000
20210115193426	2000
20210115193426	2000
20210115193426	2000
20210115193426	2000
20210115193427	2000
20210115193427	2000
20210115193427	2000
20210115193427	2000
20210115193427	2000
20210115193427	2000
20210115193427	2000
20210115193427	2000
20210115193427	2000
20210115193427	2000
20210115193427	2000
20210115193427	2000
20210115193427	2000
20210115193427	2000
20210115193427	2000
20210115193427	2000
20210115193427	2000
20210115193427	2000
20210115193427	2000
20210115193427	2000
20210115193427	2000
20210115193427	2000
20210115193427	2000
20210115193427	2000
20210115193427	2000
20210115193427	2000
20210115193427	2000
20210115193427	2000
20210115193427	2000
20210115193427	2000
20210115193427	2000
20210115193427	2000
20210115193427	2000
20210115193427	2000
20210115193427	2000
20210115193427	2000
20210115193427	2000
20210115193427	2000
20210115193427	2000
20210115193427	2000
20210115193427	2000
20210115193427	2000
20210115193427	2000
20210115193427	2000
20210115193427	2000
20210115193427	2000
20210115193427	2000
20210115193427	2000
20210115193427	2000
20210115193427	2000
20210115193427	2000
20210115193427	2000
20210115193427	2000
20210115193427	2000
20210115193427	2000
20210115193427	2000
20210115193427	2000
20210115193427	2000
20210115193427	2000
20210115193427	2000
20210115193427	2000
20210115193427	2000
20210115193428	2000
20210115193428	2000
20210115193428	2000
20210115193428	2000
20210115193428	2000
20210115193428	2000
20210115193428	2000
20210115193428	2000
20210115193428	2000
20210115193428	2000
20210115193428	2000
20210115193428	2000
20210115193428	2000
20210115193428	2000
20210115193428	2000
20210115193428	2000
20210115193428	2000
20210115193428	2000
20210115193428	2000
20210115193428	2000
20210115193428	2000
20210115193428	2000
20210115193428	2000
20210115193428	2000
20210115193428	2000
20210115193428	2000
20210115193428	2000
20210115193428	2000
20210115193428	2000
20210115193428	2000
20210115193428	2000
20210115193428	2000
20210115193428	2000
20210115193428	2000
20210115193428	2000
20210115193428	2000
20210115193428	2000
20210115193428	2000
20210115193428	2000
20210115193428	2000
20210115193428	2000
20210115193428	2000
20210115193428	2000
20210115193428	2000
20210115193428	2000
20210115193428	2000
20210115193428	2000
20210115193428	2000
20210115193428	2000
20210115193428	2000
20210115193428	2000
20210115193428	2000
20210115193428	2000
20210115193428	2000
20210115193428	2000
20210115193428	2000
20210115193429	2000
20210115193429	2000
20210115193429	2000
20210115193429	2000
20210115193429	2000
20210115193429	2000
20210115193429	2000
20210115193429	2000
20210115193429	2000
20210115193429	2000
20210115193429	2000
20210115193429	2000
20210115193429	2000
20210115193429	2000
20210115193429	2000
20210115193429	2000
20210115193429	2000
20210115193429	2000
20210115193429	2000
20210115193429	2000
20210115193429	2000
20210115193429	2000
20210115193429	2000
20210115193429	2000
20210115193429	2000
20210115193429	2000
20210115193429	2000
20210115193429	2000
20210115193429	2000
20210115193429	2000
20210115193429	2000
20210115193429	2000
20210115193429	2000
20210115193429	2000
20210115193429	2000
20210115193429	2000
20210115193429	2000
20210115193429	2000
20210115193429	2000
20210115193430	2000
20210115193430	2000
20210115193430	2000
20210115193430	2000
20210115193430	2000
20210115193430	2000
20210115193430	2000
20210115193430	2000
20210115193430	2000
20210115193430	2000
20210115193430	2000
20210115193430	2000
20210115193430	2000
20210115193430	2000
20210115193430	2000
20210115193430	2000
20210115193430	2000
20210115193430	2000
20210115193430	2000
20210115193430	2000
20210115193430	2000
20210115193430	2000
20210115193430	2000
20210115193430	2000
20210115193430	2000
20210115193430	2000
20210115193430	2000
20210115193430	2000
20210115193430	2000
20210115193430	2000
20210115193430	2000
20210115193430	2000
20210115193430	2000
20210115193430	2000
20210115193430	2000
20210115193430	2000
20210115193430	2000
20210115193430	2000
20210115193430	2000
20210115193430	2000
20210115193430	2000
20210115193430	2000
20210115193430	2000
20210115193430	2000
20210115193430	2000
20210115193430	2000
20210115193430	2000
20210115193430	2000
20210115193431	2000
20210115193431	2000
20210115193431	2000
20210115193431	2000
20210115193431	2000
20210115193431	2000
20210115193431	2000
20210115193431	2000
20210115193431	2000
20210115193431	2000
20210115193431	2000
20210115193431	2000
20210115193431	2000
20210115193431	2000
20210115193431	2000
20210115193431	2000
20210115193431	2000
20210115193431	2000
20210115193431	2000
20210115193431	2000
20210115193431	2000
20210115193431	2000
20210115193431	2000
20210115193431	2000
20210115193431	2000
20210115193432	2000
20210115193432	2000
20210115193432	2000
20210115193432	2000
20210115193432	2000
20210115193432	2000
20210115193432	2000
20210115193432	2000
20210115193432	2000
20210115193432	2000
20210115193432	2000
20210115193432	2000
20210115193432	2000
20210115193432	2000
20210115193432	2000
20210115193432	2000
20210115193432	2000
20210115193432	2000
20210115193432	2000
20210115193432	2000
20210115193432	2000
20210115193432	2000
20210115193432	2000
20210115193432	2000
20210115193432	2000
20210115193432	2000
20210115193432	2000
20210115193432	2000
20210115193432	2000
20210115193432	2000
20210115193433	2000
20210115193433	2000
20210115193433	2000
20210115193433	2000
20210115193433	2000
20210115193433	2000
20210115193433	2000
20210115193433	2000
20210115193433	2000
20210115193433	2000
20210115193433	2000
20210115193433	2000
20210115193433	2000
20210115193433	2000
20210115193433	2000
20210115193433	2000
20210115193433	2000
20210115193433	2000
20210115193433	2000
20210115193433	2000
20210115193433	2000
20210115193433	2000
20210115193433	2000
20210115193433	2000
20210115193433	2000
20210115193433	2000
20210115193433	2000
20210115193433	2000
20210115193433	2000
20210115193433	2000
20210115193433	2000
20210115193433	2000
20210115193433	2000
20210115193433	2000
20210115193433	2000
20210115193433	2000
20210115193433	2000
20210115193433	2000
20210115193433	2000
20210115193433	2000
20210115193433	2000
20210115193433	2000
20210115193433	2000
20210115193433	2000
20210115193433	2000
20210115193433	2000
20210115193433	2000
20210115193433	2000
20210115193433	2000
20210115193433	2000
20210115193433	2000
20210115193433	2000
20210115193433	2000
20210115193433	2000
20210115193433	2000
20210115193433	2000
20210115193433	2000
20210115193433	2000
20210115193434	2000
20210115193434	2000
20210115193434	2000
20210115193434	2000
20210115193434	2000
20210115193434	2000
20210115193434	2000
20210115193434	2000
20210115193434	2000
20210115193434	2000
20210115193434	2000
20210115193434	2000
20210115193434	2000
20210115193434	2000
20210115193434	2000
20210115193434	2000
20210115193434	2000
20210115193434	2000
20210115193434	2000
20210115193434	2000
20210115193434	2000
20210115193434	2000
20210115193434	2000
20210115193434	2000
20210115193434	2000
20210115193434	2000
20210115193434	2000
20210115193434	2000
20210115193434	2000
20210115193434	2000
20210115193434	2000
20210115193434	2000
20210115193434	2000
20210115193434	2000
20210115193434	2000
20210115193434	2000
20210115193434	2000
20210115193434	2000
20210115193434	2000
20210115193434	2000
20210115193434	2000
20210115193434	2000
20210115193435	2000
20210115193435	2000
20210115193435	2000
20210115193435	2000
20210115193435	2000
20210115193435	2000
20210115193435	2000
20210115193435	2000
20210115193435	2000
20210115193435	2000
20210115193435	2000
20210115193435	2000
20210115193435	2000
20210115193435	2000
20210115193435	2000
20210115193435	2000
20210115193435	2000
20210115193435	2000
20210115193435	2000
20210115193435	2000
20210115193435	2000
20210115193435	2000
20210115193435	2000
20210115193435	2000
20210115193435	2000
20210115193435	2000
20210115193435	2000
20210115193435	2000
20210115193435	2000
20210115193435	2000
20210115193435	2000
20210115193435	2000
20210115193435	2000
20210115193435	2000
20210115193435	2000
20210115193435	2000
20210115193435	2000
20210115193435	2000
20210115193435	2000
20210115193435	2000
20210115193435	2000
20210115193435	2000
20210115193436	2000
20210115193436	2000
20210115193436	2000
20210115193436	2000
20210115193436	2000
20210115193436	2000
20210115193436	2000
20210115193436	2000
20210115193436	2000
20210115193436	2000
20210115193436	2000
20210115193436	2000
20210115193436	2000
20210115193436	2000
20210115193436	2000
20210115193436	2000
20210115193436	2000
20210115193436	2000
20210115193436	2000
20210115193436	2000
20210115193436	2000
20210115193436	2000
20210115193436	2000
20210115193436	2000
20210115193436	2000
20210115193436	2000
20210115193436	2000
20210115193436	2000
20210115193436	2000
20210115193436	2000
20210115193436	2000
20210115193436	2000
20210115193436	2000
20210115193436	2000
20210115193436	2000
20210115193436	2000
20210115193437	2000
20210115193437	2000
20210115193437	2000
20210115193437	2000
20210115193437	2000
20210115193437	2000
20210115193437	2000
20210115193437	2000
20210115193437	2000
20210115193437	2000
20210115193437	2000
20210115193437	2000
20210115193437	2000
20210115193437	2000
20210115193437	2000
20210115193437	2000
20210115193437	2000
20210115193437	2000
20210115193437	2000
20210115193437	2000
20210115193437	2000
20210115193437	2000
20210115193437	2000
20210115193437	2000
20210115193437	2000
20210115193437	2000
20210115193437	2000
20210115193437	2000
20210115193437	2000
20210115193437	2000
20210115193438	2000
20210115193438	2000
20210115193438	2000
20210115193438	2000
20210115193438	2000
20210115193438	2000
20210115193438	2000
20210115193438	2000
20210115193438	2000
20210115193438	2000
20210115193438	2000
20210115193438	2000
20210115193438	2000
20210115193438	2000
20210115193438	2000
20210115193438	2000
20210115193438	2000
20210115193438	2000
20210115193438	2000
20210115193438	2000
20210115193438	2000
20210115193438	2000
20210115193438	2000
20210115193438	2000
20210115193438	2000
20210115193438	2000
20210115193438	2000
20210115193438	2000
20210115193438	2000
20210115193438	2000
20210115193438	2000
20210115193438	2000
20210115193438	2000
20210115193438	2000
20210115193438	2000
20210115193438	2000
20210115193438	2000
20210115193438	2000
20210115193438	2000
20210115193438	2000
20210115193438	2000
20210115193438	2000
20210115193438	2000
20210115193438	2000
20210115193439	2000
20210115193439	2000
20210115193439	2000
20210115193439	2000
20210115193439	2000
20210115193439	2000
20210115193439	2000
20210115193439	2000
20210115193439	2000
20210115193439	2000
20210115193439	2000
20210115193439	2000
20210115193439	2000
20210115193439	2000
20210115193439	2000
20210115193439	2000
20210115193439	2000
20210115193439	2000
20210115193439	2000
20210115193439	2000
20210115193439	2000
20210115193439	2000
20210115193439	2000
20210115193439	2000
20210115193439	2000
20210115193440	2000
20210115193440	2000
20210115193440	2000
20210115193440	2000
20210115193440	2000
20210115193440	2000
20210115193440	2000
20210115193440	2000
20210115193440	2000
20210115193440	2000
20210115193440	2000
20210115193440	2000
20210115193440	2000
20210115193440	2000
20210115193440	2000
20210115193440	2000
20210115193440	2000
20210115193440	2000
20210115193440	2000
20210115193440	2000
20210115193440	2000
20210115193440	2000
20210115193440	2000
20210115193440	2000
20210115193440	2000
20210115193440	2000
20210115193440	2000
20210115193440	2000
20210115193440	2000
20210115193440	2000
20210115193440	2000
20210115193441	2000
20210115193441	2000
20210115193441	2000
20210115193441	2000
20210115193441	2000
20210115193441	2000
20210115193441	2000
20210115193441	2000
20210115193441	2000
20210115193441	2000
20210115193441	2000
20210115193441	2000
20210115193441	2000
20210115193441	2000
20210115193441	2000
20210115193441	2000
20210115193441	2000
20210115193441	2000
20210115193441	2000
20210115193441	2000
20210115193441	2000
20210115193441	2000
20210115193441	2000
20210115193441	2000
20210115193441	2000
20210115193441	2000
20210115193441	2000
20210115193441	2000
20210115193441	2000
20210115193441	2000
20210115193442	2000
20210115193442	2000
20210115193442	2000
20210115193442	2000
20210115193442	2000
20210115193442	2000
20210115193442	2000
20210115193442	2000
20210115193442	2000
20210115193442	2000
20210115193442	2000
20210115193442	2000
20210115193442	2000
20210115193442	2000
20210115193442	2000
20210115193442	2000
20210115193442	2000
20210115193442	2000
20210115193442	2000
20210115193442	2000
20210115193442	2000
20210115193442	2000
20210115193442	2000
20210115193442	2000
20210115193442	2000
20210115193442	2000
20210115193443	2000
20210115193443	2000
20210115193443	2000
20210115193443	2000
20210115193443	2000
20210115193443	2000
20210115193443	2000
20210115193443	2000
20210115193443	2000
20210115193443	2000
20210115193443	2000
20210115193443	2000
20210115193443	2000
20210115193443	2000
20210115193443	2000
20210115193443	2000
20210115193443	2000
20210115193443	2000
20210115193443	2000
20210115193443	2000
20210115193443	2000
20210115193443	2000
20210115193444	2000
20210115193444	2000
20210115193444	2000
20210115193444	2000
20210115193444	2000
20210115193444	2000
20210115193444	2000
20210115193444	2000
20210115193444	2000
20210115193444	2000
20210115193444	2000
20210115193444	2000
20210115193444	2000
20210115193444	2000
20210115193444	2000
20210115193444	2000
20210115193444	2000
20210115193444	2000
20210115193444	2000
20210115193444	2000
20210115193444	2000
20210115193444	2000
20210115193444	2000
20210115193444	2000
20210115193444	2000
20210115193444	2000
20210115193444	2000
20210115193444	2000
20210115193445	2000
20210115193445	2000
20210115193445	2000
20210115193445	2000
20210115193445	2000
20210115193445	2000
20210115193445	2000
20210115193445	2000
20210115193445	2000
20210115193445	2000
20210115193445	2000
20210115193445	2000
20210115193445	2000
20210115193445	2000
20210115193445	2000
20210115193445	2000
20210115193445	2000
20210115193445	2000
20210115193445	2000
20210115193445	2000
20210115193445	2000
20210115193445	2000
20210115193445	2000
20210115193446	2000
20210115193446	2000
20210115193446	2000
20210115193446	2000
20210115193446	2000
20210115193446	2000
20210115193446	2000
20210115193446	2000
20210115193446	2000
20210115193446	2000
20210115193446	2000
20210115193446	2000
20210115193446	2000
20210115193446	2000
20210115193446	2000
20210115193446	2000
20210115193446	2000
20210115193446	2000
20210115193446	2000
20210115193446	2000
20210115193446	2000
20210115193446	2000
20210115193446	2000
20210115193446	2000
20210115193446	2000
20210115193446	2000
20210115193446	2000
20210115193446	2000
20210115193446	2000
20210115193446	2000
20210115193446	2000
20210115193446	2000
20210115193446	2000
20210115193446	2000
20210115193446	2000
20210115193446	2000
20210115193446	2000
20210115193446	2000
20210115193447	2000
20210115193447	2000
20210115193447	2000
20210115193447	2000
20210115193447	2000
20210115193447	2000
20210115193447	2000
20210115193447	2000
20210115193447	2000
20210115193447	2000
20210115193447	2000
20210115193447	2000
20210115193447	2000
20210115193447	2000
20210115193447	2000
20210115193447	2000
20210115193447	2000
20210115193447	2000
20210115193447	2000
20210115193447	2000
20210115193447	2000
20210115193447	2000
20210115193447	2000
20210115193447	2000
20210115193447	2000
20210115193447	2000
20210115193447	2000
20210115193447	2000
20210115193447	2000
20210115193447	2000
20210115193447	2000
20210115193447	2000
20210115193447	2000
20210115193448	2000
20210115193448	2000
20210115193448	2000
20210115193448	2000
20210115193448	2000
20210115193448	2000
20210115193448	2000
20210115193448	2000
20210115193448	2000
20210115193448	2000
20210115193448	2000
20210115193448	2000
20210115193448	2000
20210115193448	2000
20210115193448	2000
20210115193448	2000
20210115193448	2000
20210115193448	2000
20210115193448	2000
20210115193448	2000
20210115193448	2000
20210115193448	2000
20210115193448	2000
20210115193448	2000
20210115193448	2000
20210115193448	2000
20210115193448	2000
20210115193448	2000
20210115193448	2000
20210115193448	2000
20210115193448	2000
20210115193448	2000
20210115193448	2000
20210115193448	2000
20210115193448	2000
20210115193448	2000
20210115193448	2000
20210115193448	2000
20210115193448	2000
20210115193448	2000
20210115193448	2000
20210115193448	2000
20210115193448	2000
20210115193449	2000
20210115193449	2000
20210115193449	2000
20210115193449	2000
20210115193449	2000
20210115193449	2000
20210115193449	2000
20210115193449	2000
20210115193449	2000
20210115193449	2000
20210115193449	2000
20210115193449	2000
20210115193449	2000
20210115193449	2000
20210115193449	2000
20210115193449	2000
20210115193449	2000
20210115193449	2000
20210115193449	2000
20210115193449	2000
20210115193449	2000
20210115193449	2000
20210115193449	2000
20210115193449	2000
20210115193449	2000
20210115193449	2000
20210115193449	2000
20210115193449	2000
20210115193449	2000
20210115193449	2000
20210115193449	2000
20210115193449	2000
20210115193449	2000
20210115193449	2000
20210115193449	2000
20210115193449	2000
20210115193449	2000
20210115193449	2000
20210115193450	2000
20210115193450	2000
20210115193450	2000
20210115193450	2000
20210115193450	2000
20210115193450	2000
20210115193450	2000
20210115193450	2000
20210115193450	2000
20210115193450	2000
20210115193450	2000
20210115193450	2000
20210115193450	2000
20210115193450	2000
20210115193450	2000
20210115193450	2000
20210115193450	2000
20210115193450	2000
20210115193450	2000
20210115193450	2000
20210115193450	2000
20210115193450	2000
20210115193450	2000
20210115193450	2000
20210115193450	2000
20210115193450	2000
20210115193450	2000
20210115193450	2000
20210115193450	2000
20210115193450	2000
20210115193450	2000
20210115193450	2000
20210115193450	2000
20210115193450	2000
20210115193450	2000
20210115193450	2000
20210115193450	2000
20210115193450	2000
20210115193450	2000
20210115193450	2000
20210115193450	2000
20210115193450	2000
20210115193451	2000
20210115193451	2000
20210115193451	2000
20210115193451	2000
20210115193451	2000
20210115193451	2000
20210115193451	2000
20210115193451	2000
20210115193451	2000
20210115193451	2000
20210115193451	2000
20210115193451	2000
20210115193451	2000
20210115193451	2000
20210115193451	2000
20210115193451	2000
20210115193451	2000
20210115193451	2000
20210115193451	2000
20210115193451	2000
20210115193451	2000
20210115193451	2000
20210115193451	2000
20210115193451	2000
20210115193451	2000
20210115193451	2000
20210115193451	2000
20210115193451	2000
20210115193451	2000
20210115193451	2000
20210115193451	2000
20210115193451	2000
20210115193451	2000
20210115193451	2000
20210115193451	2000
20210115193451	2000
20210115193451	2000
20210115193451	2000
20210115193451	2000
20210115193451	2000
20210115193451	2000
20210115193451	2000
20210115193451	2000
20210115193451	2000
20210115193452	2000
20210115193452	2000
20210115193452	2000
20210115193452	2000
20210115193452	2000
20210115193452	2000
20210115193452	2000
20210115193452	2000
20210115193452	2000
20210115193452	2000
20210115193452	2000
20210115193452	2000
20210115193452	2000
20210115193452	2000
20210115193452	2000
20210115193452	2000
20210115193452	2000
20210115193452	2000
20210115193452	2000
20210115193452	2000
20210115193452	2000
20210115193452	2000
20210115193452	2000
20210115193452	2000
20210115193452	2000
20210115193452	2000
20210115193452	2000
20210115193452	2000
20210115193453	2000
20210115193453	2000
20210115193453	2000
20210115193453	2000
20210115193453	2000
20210115193453	2000
20210115193453	2000
20210115193453	2000
20210115193453	2000
20210115193453	2000
20210115193453	2000
20210115193453	2000
20210115193453	2000
20210115193453	2000
20210115193453	2000
20210115193453	2000
20210115193453	2000
20210115193453	2000
20210115193453	2000
20210115193453	2000
20210115193453	2000
20210115193453	2000
20210115193453	2000
20210115193453	2000
20210115193453	2000
20210115193453	2000
20210115193453	2000
20210115193453	2000
20210115193453	2000
20210115193453	2000
20210115193453	2000
20210115193453	2000
20210115193453	2000
20210115193453	2000
20210115193453	2000
20210115193453	2000
20210115193453	2000
20210115193453	2000
20210115193453	2000
20210115193453	2000
20210115193453	2000
20210115193453	2000
20210115193453	2000
20210115193453	2000
20210115193453	2000
20210115193453	2000
20210115193453	2000
20210115193453	2000
20210115193453	2000
20210115193453	2000
20210115193454	2000
20210115193454	2000
20210115193454	2000
20210115193454	2000
20210115193454	2000
20210115193454	2000
20210115193454	2000
20210115193454	2000
20210115193454	2000
20210115193454	2000
20210115193454	2000
20210115193454	2000
20210115193454	2000
20210115193454	2000
20210115193454	2000
20210115193454	2000
20210115193454	2000
20210115193454	2000
20210115193454	2000
20210115193454	2000
20210115193454	2000
20210115193454	2000
20210115193454	2000
20210115193454	2000
20210115193454	2000
20210115193454	2000
20210115193454	2000
20210115193454	2000
20210115193454	2000
20210115193454	2000
20210115193454	2000
20210115193454	2000
20210115193454	2000
20210115193454	2000
20210115193454	2000
20210115193454	2000
20210115193454	2000
20210115193454	2000
20210115193454	2000
20210115193454	2000
20210115193454	2000
20210115193454	2000
20210115193454	2000
20210115193455	2000
20210115193455	2000
20210115193455	2000
20210115193455	2000
20210115193455	2000
20210115193455	2000
20210115193455	2000
20210115193455	2000
20210115193455	2000
20210115193455	2000
20210115193455	2000
20210115193455	2000
20210115193455	2000
20210115193455	2000
20210115193455	2000
20210115193455	2000
20210115193455	2000
20210115193455	2000
20210115193455	2000
20210115193455	2000
20210115193455	2000
20210115193455	2000
20210115193455	2000
20210115193455	2000
20210115193455	2000
20210115193455	2000
20210115193455	2000
20210115193455	2000
20210115193456	2000
20210115193456	2000
20210115193456	2000
20210115193456	2000
20210115193456	2000
20210115193456	2000
20210115193456	2000
20210115193456	2000
20210115193456	2000
20210115193456	2000
20210115193456	2000
20210115193456	2000
20210115193456	2000
20210115193456	2000
20210115193456	2000
20210115193456	2000
20210115193456	2000
20210115193456	2000
20210115193456	2000
20210115193456	2000
20210115193456	2000
20210115193456	2000
20210115193456	2000
20210115193456	2000
20210115193456	2000
20210115193456	2000
20210115193456	2000
20210115193456	2000
20210115193456	2000
20210115193456	2000
20210115193456	2000
20210115193456	2000
20210115193456	2000
20210115193456	2000
20210115193456	2000
20210115193456	2000
20210115193456	2000
20210115193456	2000
20210115193456	2000
20210115193456	2000
20210115193456	2000
20210115193456	2000
20210115193456	2000
20210115193456	2000
20210115193456	2000
20210115193456	2000
20210115193457	2000
20210115193457	2000
20210115193457	2000
20210115193457	2000
20210115193457	2000
20210115193457	2000
20210115193457	2000
20210115193457	2000
20210115193457	2000
20210115193457	2000
20210115193457	2000
20210115193457	2000
20210115193457	2000
20210115193457	2000
20210115193457	2000
20210115193457	2000
20210115193457	2000
20210115193457	2000
20210115193457	2000
20210115193457	2000
20210115193457	2000
20210115193457	2000
20210115193457	2000
20210115193457	2000
20210115193457	2000
20210115193457	2000
20210115193457	2000
20210115193457	2000
20210115193458	2000
20210115193458	2000
20210115193458	2000
20210115193458	2000
20210115193458	2000
20210115193458	2000
20210115193458	2000
20210115193458	2000
20210115193458	2000
20210115193458	2000
20210115193458	2000
20210115193458	2000
20210115193458	2000
20210115193458	2000
20210115193458	2000
20210115193458	2000
20210115193458	2000
20210115193458	2000
20210115193458	2000
20210115193458	2000
20210115193458	2000
20210115193458	2000
20210115193459	2000
20210115193459	2000
20210115193459	2000
20210115193459	2000
20210115193459	2000
20210115193459	2000
20210115193459	2000
20210115193459	2000
20210115193459	2000
20210115193459	2000
20210115193459	2000
20210115193459	2000
20210115193459	2000
20210115193459	2000
20210115193459	2000
20210115193459	2000
20210115193459	2000
20210115193459	2000
20210115193459	2000
20210115193459	2000
20210115193459	2000
20210115193459	2000
20210115193459	2000
20210115193459	2000
20210115193459	2000
20210115193459	2000
20210115193459	2000
20210115193459	2000
20210115193459	2000
20210115193459	2000
20210115193500	2000
20210115193500	2000
20210115193500	2000
20210115193500	2000
20210115193500	2000
20210115193500	2000
20210115193500	2000
20210115193500	2000
20210115193500	2000
20210115193500	2000
20210115193500	2000
20210115193500	2000
20210115193500	2000
20210115193500	2000
20210115193500	2000
20210115193500	2000
20210115193500	2000
20210115193500	2000
20210115193500	2000
20210115193500	2000
20210115193500	2000
20210115193500	2000
20210115193500	2000
20210115193500	2000
20210115193500	2000
20210115193500	2000
20210115193500	2000
20210115193500	2000
20210115193500	2000
20210115193500	2000
20210115193500	2000
20210115193500	2000
20210115193500	2000
20210115193500	2000
20210115193500	2000
20210115193500	2000
20210115193500	2000
20210115193500	2000
20210115193500	2000
20210115193500	2000
20210115193500	2000
20210115193500	2000
20210115193500	2000
20210115193501	2000
20210115193501	2000
20210115193501	2000
20210115193501	2000
20210115193501	2000
20210115193501	2000
20210115193501	2000
20210115193501	2000
20210115193501	2000
20210115193501	2000
20210115193501	2000
20210115193501	2000
20210115193501	2000
20210115193501	2000
20210115193501	2000
20210115193501	2000
20210115193501	2000
20210115193501	2000
20210115193501	2000
20210115193501	2000
20210115193501	2000
20210115193501	2000
20210115193501	2000
20210115193501	2000
20210115193501	2000
20210115193501	2000
20210115193501	2000
20210115193501	2000
20210115193501	2000
20210115193501	2000
20210115193501	2000
20210115193501	2000
20210115193501	2000
20210115193501	2000
20210115193501	2000
20210115193501	2000
20210115193501	2000
20210115193501	2000
20210115193501	2000
20210115193501	2000
20210115193501	2000
20210115193501	2000
20210115193501	2000
20210115193501	2000
20210115193501	2000
20210115193501	2000
20210115193501	2000
20210115193501	2000
20210115193501	2000
20210115193501	2000
20210115193501	2000
20210115193501	2000
20210115193501	2000
20210115193501	2000
20210115193501	2000
20210115193501	2000
20210115193502	2000
20210115193502	2000
20210115193502	2000
20210115193502	2000
20210115193502	2000
20210115193502	2000
20210115193502	2000
20210115193502	2000
20210115193502	2000
20210115193502	2000
20210115193502	2000
20210115193502	2000
20210115193502	2000
20210115193502	2000
20210115193502	2000
20210115193502	2000
20210115193502	2000
20210115193502	2000
20210115193502	2000
20210115193502	2000
20210115193502	2000
20210115193502	2000
20210115193502	2000
20210115193502	2000
20210115193502	2000
20210115193502	2000
20210115193502	2000
20210115193502	2000
20210115193502	2000
20210115193502	2000
20210115193502	2000
20210115193502	2000
20210115193502	2000
20210115193502	2000
20210115193502	2000
20210115193502	2000
20210115193502	2000
20210115193502	2000
20210115193502	2000
20210115193502	2000
20210115193502	2000
20210115193503	2000
20210115193503	2000
20210115193503	2000
20210115193503	2000
20210115193503	2000
20210115193503	2000
20210115193503	2000
20210115193503	2000
20210115193503	2000
20210115193503	2000
20210115193503	2000
20210115193503	2000
20210115193503	2000
20210115193503	2000
20210115193503	2000
20210115193503	2000
20210115193503	2000
20210115193503	2000
20210115193503	2000
20210115193503	2000
20210115193503	2000
20210115193503	2000
20210115193503	2000
20210115193503	2000
20210115193503	2000
20210115193503	2000
20210115193503	2000
20210115193503	2000
20210115193503	2000
20210115193503	2000
20210115193503	2000
20210115193503	2000
20210115193503	2000
20210115193503	2000
20210115193503	2000
20210115193503	2000
20210115193503	2000
20210115193503	2000
20210115193503	2000
20210115193503	2000
20210115193503	2000
20210115193503	2000
20210115193503	2000
