20210104211656	1825.46
20210104211656	1823.85
20210104211656	1823.85
20210104211656	1823.85
20210104211656	1823.04
20210104211656	1823.04
20210104211656	1822.15
20210104211656	1822.15
20210104211656	1820.97
20210104211656	1820.97
20210104211656	1819.97
20210104211656	1819.97
20210104211657	1819.01
20210104211657	1819.01
20210104211657	1818.22
20210104211657	1818.22
20210104211657	1817.07
20210104211657	1817.07
20210104211657	1816.22
20210104211657	1816.22
20210104211657	1815.15
20210104211657	1815.15
20210104211657	1814
20210104211657	1814
20210104211657	1812.62
20210104211657	1812.62
20210104211657	1811.71
20210104211657	1811.71
20210104211657	1810.48
20210104211657	1810.48
20210104211657	1809.47
20210104211657	1808.25
20210104211657	1808.25
20210104211657	1808.25
20210104211657	1806.75
20210104211657	1806.75
20210104211657	1805.76
20210104211657	1805.76
20210104211657	1804.3
20210104211657	1804.3
20210104211657	1803.37
20210104211657	1803.37
20210104211657	1803.37
20210104211657	1801.98
20210104211657	1801.01
20210104211657	1799.71
20210104211657	1799.71
20210104211657	1799.71
20210104211657	1798.5
20210104211657	1798.5
20210104211657	1797.44
20210104211657	1797.44
20210104211657	1740.96
20210104211657	1738.2
20210104211657	1738.2
20210104211657	1736.95
20210104211657	1737.37
20210104211657	1735.73
20210104211657	1734.53
20210104211657	1733.13
20210104211657	1733.28
20210104211658	1731.77
20210104211658	1730.43
20210104211658	1728.11
20210104211658	1726.61
20210104211658	1726.61
20210104211658	1725.13
20210104211658	1723.78
20210104211658	1722.88
20210104211658	1722.88
20210104211658	1722.06
20210104211658	1719.2
20210104211658	1719.2
20210104211658	1717.27
20210104211658	1716.12
20210104211658	1714.77
20210104211658	1714.83
20210104211658	1714.83
20210104211658	1711.97
20210104211658	1711.97
20210104211658	1710.44
20210104211658	1708.79
20210104211658	1707.79
20210104211658	1706.26
20210104211658	1704.63
20210104211658	1704.63
20210104211658	1701.17
20210104211658	1700.73
20210104211658	1699.73
20210104211658	1699.73
20210104211658	1698.05
20210104211658	1695.87
20210104211658	1694.82
20210104211658	1693.29
20210104211658	1691.89
20210104211658	1690.28
20210104211658	1690.21
20210104211658	1690.21
20210104211658	1686.95
20210104211658	1685.56
20210104211658	1685.03
20210104211658	1685.03
20210104211658	1681.37
20210104211658	1679.27
20210104211658	1678.03
20210104211658	1676.61
20210104211658	1674.83
20210104211658	1674.11
20210104211658	1672.96
20210104211658	1672.96
20210104211658	1671.25
20210104211658	1669.3
20210104211658	1667.66
20210104211658	1664.32
20210104211658	1664.32
20210104211658	1662.72
20210104211659	1661.07
20210104211659	1660.81
20210104211659	1659.18
20210104211659	1659.18
20210104211659	1656.73
20210104211659	1654.6
20210104211659	1654.36
20210104211659	1651.47
20210104211659	1649.76
20210104211659	1647.98
20210104211659	1645.42
20210104211659	1643.47
20210104211659	1641.27
20210104211659	1641.27
20210104211659	1641.15
20210104211659	1637.99
20210104211659	1636.91
20210104211659	1636.32
20210104211659	1634.73
20210104211659	1632.94
20210104211659	1632.74
20210104211659	1632.74
20210104211659	1629.19
20210104211659	1628.57
20210104211659	1626.85
20210104211659	1626.85
20210104211659	1622.85
20210104211659	1622.95
20210104211659	1618.83
20210104211659	1618.83
20210104211659	1615.42
20210104211659	1616.59
20210104211659	1613.27
20210104211659	1611.29
20210104211659	1610.62
20210104211659	1610.62
20210104211659	1606.86
20210104211659	1605.24
20210104211659	1603.61
20210104211659	1603.61
20210104211659	1601.4
20210104211659	1599.39
20210104211659	1597.16
20210104211659	1594.65
20210104211659	1594.36
20210104211659	1592.76
20210104211659	1590.87
20210104211659	1591.18
20210104211659	1587.2
20210104211659	1585.11
20210104211659	1583.26
20210104211659	1582.28
20210104211700	1580.27
20210104211700	1579.1
20210104211700	1576.7
20210104211700	1574.01
20210104211700	1572.49
20210104211700	1572.9
20210104211700	1569.23
20210104211700	1569.23
20210104211700	1566.49
20210104211700	1564.41
20210104211700	1562.36
20210104211700	1560.07
20210104211700	1558.25
20210104211700	1559.28
20210104211700	1555.72
20210104211700	1552.35
20210104211700	1550.49
20210104211700	1548.41
20210104211700	1548.11
20210104211700	1546.39
20210104211700	1544.15
20210104211700	1541.65
20210104211700	1541
20210104211700	1541
20210104211700	1537.16
20210104211700	1535.45
20210104211700	1533.29
20210104211700	1530.87
20210104211700	1529.74
20210104211700	1527.43
20210104211700	1525.84
20210104211700	1521.6
20210104211700	1522.52
20210104211700	1519.78
20210104211700	1518.38
20210104211700	1517.38
20210104211700	1515.36
20210104211700	1513.11
20210104211700	1511.52
20210104211700	1511.52
20210104211700	1507
20210104211700	1505.05
20210104211700	1503.81
20210104211700	1503.81
20210104211700	1499.74
20210104211700	1499.46
20210104211700	1495.05
20210104211700	1493.33
20210104211700	1491.84
20210104211700	1491.84
20210104211701	1487.25
20210104211701	1487.25
20210104211701	1484.02
20210104211701	1481.7
20210104211701	1479.03
20210104211701	1479.59
20210104211701	1474.76
20210104211701	1472.69
20210104211701	1470.59
20210104211701	1469.03
20210104211701	1466.95
20210104211701	1465.41
20210104211701	1463.44
20210104211701	1461.24
20210104211701	1458.79
20210104211701	1456.85
20210104211701	1455.21
20210104211701	1453.4
20210104211701	1451.23
20210104211701	1449.55
20210104211701	1447.03
20210104211701	1447.03
20210104211701	1443.37
20210104211701	1441.63
20210104211701	1439.54
20210104211701	1437.77
20210104211701	1435.04
20210104211701	1433.07
20210104211701	1430.04
20210104211701	1426.96
20210104211701	1426.96
20210104211701	1425.2
20210104211701	1423.82
20210104211701	1421.55
20210104211701	1420.37
20210104211701	1418.1
20210104211701	1415.9
20210104211701	1413.46
20210104211701	1411.76
20210104211701	1407.57
20210104211701	1407.57
20210104211701	1405.76
20210104211701	1404.38
20210104211701	1400.23
20210104211702	1400.23
20210104211702	1400.78
20210104211702	1396.53
20210104211702	1394.22
20210104211702	1391.96
20210104211702	1390
20210104211702	1388.6
20210104211702	1387.05
20210104211702	1385.67
20210104211702	1385.67
20210104211702	1381.58
20210104211702	1377.85
20210104211702	1377.85
20210104211702	1375.4
20210104211702	1373.92
20210104211702	1374.41
20210104211702	1370.94
20210104211702	1368.91
20210104211702	1367.49
20210104211702	1365.37
20210104211702	1363.6
20210104211702	1360.26
20210104211702	1360.26
20210104211702	1356.31
20210104211702	1356.76
20210104211702	1354.64
20210104211702	1352.85
20210104211702	1351.39
20210104211702	1349.39
20210104211702	1349.39
20210104211702	1345.72
20210104211702	1346.05
20210104211702	1342.17
20210104211702	1339.64
20210104211702	1338.38
20210104211702	1337.47
20210104211702	1335.71
20210104211702	1335.71
20210104211702	1332.55
20210104211702	1332.55
20210104211702	1329.14
20210104211702	1325.65
20210104211702	1325.65
20210104211702	1324.32
20210104211702	1323.01
20210104211702	1323.01
20210104211702	1319.26
20210104211702	1317.14
20210104211702	1315.9
20210104211702	1315.9
20210104211702	1312.5
20210104211702	1311.09
20210104211703	1309.48
20210104211703	1307.69
20210104211703	1306.39
20210104211703	1305.23
20210104211703	1303.81
20210104211703	1302.5
20210104211703	1301.06
20210104211703	1299.45
20210104211703	1297.68
20210104211703	1296.01
20210104211703	1294.86
20210104211703	1293.57
20210104211703	1292.44
20210104211703	1292.44
20210104211703	1289.58
20210104211703	1289.58
20210104211703	1286.96
20210104211703	1285.4
20210104211703	1284
20210104211703	1282.94
20210104211703	1281.38
20210104211703	1278.68
20210104211703	1278.68
20210104211703	1277.6
20210104211703	1276.28
20210104211703	1275.01
20210104211703	1273.81
20210104211703	1272.46
20210104211703	1271.07
20210104211703	1270.39
20210104211703	1268.85
20210104211703	1266.59
20210104211703	1266.76
20210104211703	1265.38
20210104211703	1263.74
20210104211703	1262.07
20210104211703	1261.23
20210104211703	1261.23
20210104211703	1259.21
20210104211703	1257.13
20210104211703	1257.13
20210104211703	1255.95
20210104211703	1255.11
20210104211703	1255.11
20210104211703	1252.81
20210104211703	1251.51
20210104211703	1250.56
20210104211703	1249.36
20210104211703	1248.54
20210104211703	1246.43
20210104211703	1246.43
20210104211703	1245.19
20210104211704	1244.34
20210104211704	1242.34
20210104211704	1242.34
20210104211704	1241.3
20210104211704	1240.34
20210104211704	1240.34
20210104211704	1238.39
20210104211704	1237.6
20210104211704	1236.7
20210104211704	1235.69
20210104211704	1234.67
20210104211704	1234.67
20210104211704	1232.43
20210104211704	1230.68
20210104211704	1230.68
20210104211704	1228.87
20210104211704	1228.87
20210104211704	1227.78
20210104211704	1227.1
20210104211704	1226.33
20210104211704	1225.35
20210104211704	1224.57
20210104211704	1223.48
20210104211704	1222.56
20210104211704	1221.73
20210104211704	1221.73
20210104211704	1219.96
20210104211704	1219.13
20210104211704	1218.45
20210104211704	1217.69
20210104211704	1217.18
20210104211704	1216.64
20210104211704	1216.12
20210104211704	1215.53
20210104211704	1214.69
20210104211704	1214.69
20210104211704	1213.29
20210104211704	1213.32
20210104211704	1212.3
20210104211704	1211.74
20210104211704	1211.39
20210104211704	1210.99
20210104211704	1210.34
20210104211704	1209.6
20210104211704	1209.32
20210104211704	1209.32
20210104211705	1208.51
20210104211705	1207.49
20210104211705	1207.49
20210104211705	1206.4
20210104211705	1206.4
20210104211705	1205.75
20210104211705	1205.14
20210104211705	1204.45
20210104211705	1203.84
20210104211705	1203.84
20210104211705	1202.71
20210104211705	1202.16
20210104211705	1201.67
20210104211705	1201.12
20210104211705	1200.69
20210104211705	1200.16
20210104211705	1199.72
20210104211705	1199.22
20210104211705	1198.69
20210104211705	1197.63
20210104211705	1197.63
20210104211705	1196.99
20210104211705	1196.53
20210104211705	1196
20210104211705	1195.37
20210104211705	1195.29
20210104211705	1194.17
20210104211705	1193.7
20210104211705	1193.16
20210104211705	1193.16
20210104211705	1191.99
20210104211705	1191.91
20210104211705	1190.89
20210104211705	1190.55
20210104211705	1190.25
20210104211705	1189.84
20210104211705	1189.51
20210104211705	1189.14
20210104211705	1188.74
20210104211705	1188.74
20210104211705	1188.11
20210104211705	1187.7
20210104211705	1187.34
20210104211705	1186.93
20210104211705	1186.74
20210104211705	1186.4
20210104211705	1186.32
20210104211705	1186.23
20210104211705	1185.79
20210104211705	1185.53
20210104211705	1185.16
20210104211706	1184.76
20210104211706	1184.67
20210104211706	1184.56
20210104211706	1184.4
20210104211706	1183.97
20210104211706	1183.97
20210104211706	1183.81
20210104211706	1183.34
20210104211706	1182.97
20210104211706	1182.88
20210104211706	1182.7
20210104211706	1182.5
20210104211706	1182.28
20210104211706	1182.13
20210104211706	1181.79
20210104211706	1181.68
20210104211706	1181.42
20210104211706	1181.53
20210104211706	1181.66
20210104211706	1181.44
20210104211706	1181.05
20210104211706	1181.04
20210104211706	1181.03
20210104211706	1180.9
20210104211706	1180.9
20210104211706	1180.78
20210104211706	1180.34
20210104211706	1180.34
20210104211706	1180.18
20210104211706	1180.11
20210104211706	1179.9
20210104211706	1179.83
20210104211706	1179.83
20210104211706	1179.82
20210104211706	1179.73
20210104211706	1179.74
20210104211706	1179.74
20210104211706	1179.59
20210104211706	1179.71
20210104211706	1179.69
20210104211706	1179.69
20210104211706	1179.76
20210104211706	1179.83
20210104211706	1179.65
20210104211706	1179.65
20210104211706	1179.69
20210104211706	1179.78
20210104211706	1179.78
20210104211706	1179.94
20210104211706	1180.22
20210104211706	1180.73
20210104211706	1181.33
20210104211706	1182.01
20210104211706	1185.99
20210104211706	1190.75
20210104211706	1194.8
20210104211706	1199.43
20210104211706	1200.98
20210104211706	1202.91
20210104211707	1203.98
20210104211707	1205.11
20210104211707	1206.13
20210104211707	1206.13
20210104211707	1207.85
20210104211707	1208.41
20210104211707	1208.93
20210104211707	1209.53
20210104211707	1209.55
20210104211707	1209.68
20210104211707	1209.66
20210104211707	1209.46
20210104211707	1209.46
20210104211707	1209.31
20210104211707	1209.03
20210104211707	1208.2
20210104211707	1208.2
20210104211707	1207.71
20210104211707	1207.34
20210104211707	1206.98
20210104211707	1206.56
20210104211707	1206.05
20210104211707	1205.76
20210104211707	1205.43
20210104211707	1205.26
20210104211707	1205.2
20210104211707	1204.9
20210104211707	1204.77
20210104211707	1204.62
20210104211707	1204.66
20210104211707	1204.61
20210104211707	1204.82
20210104211707	1205.1
20210104211707	1205.41
20210104211707	1205.62
20210104211707	1205.79
20210104211707	1206.18
20210104211707	1206.62
20210104211707	1207.02
20210104211707	1207.02
20210104211707	1208.09
20210104211707	1208.09
20210104211707	1209.22
20210104211707	1209.22
20210104211707	1210.27
20210104211707	1210.21
20210104211707	1211.15
20210104211707	1211.58
20210104211707	1212.07
20210104211707	1212.63
20210104211707	1212.96
20210104211707	1213.3
20210104211707	1213.6
20210104211707	1213.6
20210104211707	1214.09
20210104211707	1214.16
20210104211707	1214.27
20210104211707	1214.25
20210104211707	1214.3
20210104211707	1214.28
20210104211707	1214
20210104211707	1213.62
20210104211708	1213.62
20210104211708	1213.34
20210104211708	1212.93
20210104211708	1212.57
20210104211708	1211.98
20210104211708	1211.3
20210104211708	1210.48
20210104211708	1209.67
20210104211708	1208.99
20210104211708	1208.16
20210104211708	1207.37
20210104211708	1206.49
20210104211708	1205.45
20210104211708	1204.09
20210104211708	1203.2
20210104211708	1202.17
20210104211708	1201.38
20210104211708	1199.65
20210104211708	1199.65
20210104211708	1198.44
20210104211708	1197.67
20210104211708	1195.85
20210104211708	1195.85
20210104211708	1194.64
20210104211708	1193.93
20210104211708	1192.93
20210104211708	1192.04
20210104211708	1192.04
20210104211708	1190.52
20210104211708	1189.87
20210104211708	1189.27
20210104211708	1188.58
20210104211708	1188
20210104211708	1187.55
20210104211708	1187.25
20210104211708	1186.81
20210104211708	1186.3
20210104211708	1185.79
20210104211708	1185.4
20210104211708	1185.17
20210104211708	1185.06
20210104211708	1184.93
20210104211708	1184.77
20210104211708	1184.29
20210104211708	1184.29
20210104211708	1184.15
20210104211708	1183.97
20210104211709	1183.98
20210104211709	1184.03
20210104211709	1183.92
20210104211709	1184.12
20210104211709	1184.34
20210104211709	1184.12
20210104211709	1184.13
20210104211709	1184.37
20210104211709	1184.65
20210104211709	1184.64
20210104211709	1187.87
20210104211709	1188.09
20210104211709	1191.75
20210104211709	1196.2
20210104211709	1201.44
20210104211709	1205.77
20210104211709	1205.58
20210104211709	1214.57
20210104211709	1219.15
20210104211709	1222.39
20210104211709	1222.39
20210104211709	1229.7
20210104211709	1235.26
20210104211709	1235.26
20210104211709	1237.27
20210104211709	1238.64
20210104211709	1239.37
20210104211709	1241.16
20210104211709	1242.02
20210104211709	1241.96
20210104211709	1241.98
20210104211709	1241.62
20210104211709	1241.17
20210104211709	1240.7
20210104211709	1240.7
20210104211709	1239.6
20210104211709	1238.93
20210104211709	1238.22
20210104211709	1238.22
20210104211709	1236.55
20210104211709	1235.58
20210104211709	1235.19
20210104211709	1234.75
20210104211709	1234.3
20210104211709	1234.12
20210104211709	1233.59
20210104211709	1233.34
20210104211709	1233.48
20210104211709	1233.61
20210104211710	1233.69
20210104211710	1233.69
20210104211710	1234.03
20210104211710	1234.03
20210104211710	1234.61
20210104211710	1234.61
20210104211710	1235.44
20210104211710	1236.02
20210104211710	1236.02
20210104211710	1236.21
20210104211710	1236.45
20210104211710	1236.85
20210104211710	1237.04
20210104211710	1237.2
20210104211710	1237.65
20210104211710	1238.18
20210104211710	1238.43
20210104211710	1238.57
20210104211710	1238.79
20210104211710	1239.05
20210104211710	1239.16
20210104211710	1239.49
20210104211710	1239.95
20210104211710	1240.42
20210104211710	1241
20210104211710	1241.69
20210104211710	1242.23
20210104211710	1242.65
20210104211710	1243.71
20210104211710	1244.51
20210104211710	1245.53
20210104211710	1246.48
20210104211710	1247.65
20210104211710	1249.26
20210104211710	1250.83
20210104211710	1252.7
20210104211710	1254.5
20210104211710	1256.33
20210104211710	1258.14
20210104211710	1260.31
20210104211710	1262.28
20210104211710	1264.96
20210104211710	1267.45
20210104211710	1268.16
20210104211710	1274.14
20210104211710	1277.74
20210104211710	1280.65
20210104211710	1284.51
20210104211710	1288.07
20210104211710	1292.16
20210104211710	1296.79
20210104211710	1302.43
20210104211710	1306.81
20210104211710	1313.49
20210104211710	1317.19
20210104211710	1321.79
20210104211710	1326.52
20210104211710	1332.68
20210104211710	1338.05
20210104211710	1344.72
20210104211711	1351.23
20210104211711	1351.23
20210104211711	1364.34
20210104211711	1372.62
20210104211711	1379
20210104211711	1387.09
20210104211711	1393.67
20210104211711	1401.94
20210104211711	1408.66
20210104211711	1424.08
20210104211711	1424.05
20210104211711	1432.81
20210104211711	1439.75
20210104211711	1451.35
20210104211711	1458.23
20210104211711	1474.16
20210104211711	1474.16
20210104211711	1483.31
20210104211711	1490.25
20210104211711	1499.29
20210104211711	1507.51
20210104211711	1518.1
20210104211711	1523.5
20210104211711	1534.08
20210104211711	1540.37
20210104211711	1548.6
20210104211711	1554.47
20210104211711	1562.34
20210104211711	1568.52
20210104211711	1576.59
20210104211711	1580.14
20210104211711	1580.14
20210104211711	1587.94
20210104211711	1594.39
20210104211711	1597.01
20210104211711	1600.45
20210104211711	1601.96
20210104211711	1604.35
20210104211711	1604.89
20210104211711	1605.59
20210104211711	1605.58
20210104211712	1605.13
20210104211712	1604.27
20210104211712	1600.67
20210104211712	1597.9
20210104211712	1594.29
20210104211712	1591.93
20210104211712	1589.24
20210104211712	1585.22
20210104211712	1579.98
20210104211712	1576.65
20210104211712	1576.65
20210104211712	1567.93
20210104211712	1562.59
20210104211712	1557.57
20210104211712	1547.98
20210104211712	1548.44
20210104211712	1541.78
20210104211712	1538.18
20210104211712	1533.7
20210104211712	1529.41
20210104211712	1523.61
20210104211712	1519.25
20210104211712	1511.88
20210104211712	1507.47
20210104211712	1501.82
20210104211712	1497.55
20210104211712	1492.4
20210104211712	1488.24
20210104211712	1482.91
20210104211712	1478.64
20210104211712	1472.69
20210104211712	1469.06
20210104211712	1467.75
20210104211712	1460.7
20210104211712	1460.7
20210104211713	1454.29
20210104211713	1450.68
20210104211713	1447.4
20210104211713	1443.45
20210104211713	1441.57
20210104211713	1439.18
20210104211713	1436.83
20210104211713	1436.15
20210104211713	1431.02
20210104211713	1429.06
20210104211713	1426.34
20210104211713	1422.18
20210104211713	1422.18
20210104211713	1419.86
20210104211713	1417.68
20210104211713	1414.76
20210104211713	1412.98
20210104211713	1410.11
20210104211713	1408.62
20210104211713	1406.74
20210104211713	1404.99
20210104211713	1402.73
20210104211713	1400.58
20210104211713	1397.87
20210104211713	1395.7
20210104211713	1392.94
20210104211713	1389.93
20210104211713	1385.6
20210104211713	1383.59
20210104211713	1383.59
20210104211713	1378.27
20210104211713	1378.27
20210104211713	1371.2
20210104211713	1371.2
20210104211714	1364.12
20210104211714	1361.09
20210104211714	1357.69
20210104211714	1357.23
20210104211714	1349.64
20210104211714	1345.45
20210104211714	1341.74
20210104211714	1337.33
20210104211714	1333.64
20210104211714	1329.02
20210104211714	1325.25
20210104211714	1325.25
20210104211714	1316.65
20210104211714	1316.65
20210104211714	1308.44
20210104211714	1308.44
20210104211714	1300.3
20210104211714	1295.56
20210104211714	1291.43
20210104211714	1291.43
20210104211714	1283.38
20210104211714	1280.1
20210104211714	1276.8
20210104211714	1272.3
20210104211714	1268.78
20210104211714	1266.7
20210104211714	1262.3
20210104211714	1259.3
20210104211714	1256.58
20210104211714	1253.2
20210104211714	1251.13
20210104211714	1251.13
20210104211714	1247.12
20210104211714	1246.76
20210104211714	1242.88
20210104211714	1240.92
20210104211714	1239.28
20210104211714	1237.72
20210104211714	1236.68
20210104211714	1235.39
20210104211714	1234.29
20210104211714	1234.56
20210104211714	1233.24
20210104211714	1233.58
20210104211715	1234.18
20210104211715	1234.92
20210104211715	1236.28
20210104211715	1237.54
20210104211715	1240.01
20210104211715	1240.01
20210104211715	1245.59
20210104211715	1245.59
20210104211715	1252.21
20210104211715	1251.91
20210104211715	1259.83
20210104211715	1269.69
20210104211715	1269.69
20210104211715	1275.02
20210104211715	1279.93
20210104211715	1291.27
20210104211715	1290.87
20210104211715	1297.37
20210104211715	1302.59
20210104211715	1309.04
20210104211715	1314.2
20210104211715	1325.53
20210104211715	1325.12
20210104211715	1331.22
20210104211715	1336
20210104211715	1342
20210104211715	1346.25
20210104211715	1351.94
20210104211715	1355.79
20210104211715	1356.08
20210104211715	1364.69
20210104211715	1369.07
20210104211715	1372.23
20210104211715	1376.04
20210104211715	1379.01
20210104211715	1379.01
20210104211715	1385.11
20210104211715	1388.25
20210104211715	1390.4
20210104211715	1395.23
20210104211715	1395.23
20210104211715	1399.54
20210104211715	1399.52
20210104211715	1401.63
20210104211715	1403.18
20210104211715	1405.17
20210104211715	1406.65
20210104211715	1408.51
20210104211715	1409.81
20210104211715	1411.59
20210104211715	1412.85
20210104211715	1414.44
20210104211715	1415.89
20210104211715	1417.58
20210104211716	1418.85
20210104211716	1418.85
20210104211716	1421.85
20210104211716	1423.45
20210104211716	1424.91
20210104211716	1426.46
20210104211716	1428.4
20210104211716	1430.84
20210104211716	1432.2
20210104211716	1432.46
20210104211716	1435.87
20210104211716	1435.87
20210104211716	1440.14
20210104211716	1442.51
20210104211716	1444.97
20210104211716	1447.52
20210104211716	1449.22
20210104211716	1451.34
20210104211716	1454.26
20210104211716	1454.26
20210104211716	1459.42
20210104211716	1461.76
20210104211716	1464.62
20210104211716	1470.79
20210104211716	1470.79
20210104211716	1475.83
20210104211716	1475.83
20210104211716	1478.29
20210104211716	1480.74
20210104211716	1484.21
20210104211716	1486.35
20210104211716	1489
20210104211716	1490.82
20210104211716	1491.18
20210104211716	1495.53
20210104211716	1494.06
20210104211716	1496.87
20210104211716	1496.87
20210104211716	1498.25
20210104211716	1498.25
20210104211716	1498.25
20210104211716	1497.37
20210104211716	1496.36
20210104211716	1493.92
20210104211716	1493.92
20210104211716	1490.89
20210104211716	1488.91
20210104211716	1486.51
20210104211717	1483.91
20210104211717	1484.45
20210104211717	1478.09
20210104211717	1474.62
20210104211717	1471.25
20210104211717	1467.16
20210104211717	1463.15
20210104211717	1461.76
20210104211717	1454.14
20210104211717	1450.78
20210104211717	1446.71
20210104211717	1446.71
20210104211717	1438.17
20210104211717	1434.36
20210104211717	1430.59
20210104211717	1421.26
20210104211717	1421.26
20210104211717	1421.26
20210104211717	1410.39
20210104211717	1404.68
20210104211717	1398.59
20210104211717	1391.73
20210104211717	1387.35
20210104211717	1382.13
20210104211717	1376.63
20210104211717	1376.63
20210104211717	1362.26
20210104211717	1352.73
20210104211717	1347.4
20210104211717	1341.08
20210104211717	1334.56
20210104211717	1327.05
20210104211718	1320.74
20210104211718	1313.28
20210104211718	1307.48
20210104211718	1300.42
20210104211718	1293.78
20210104211718	1285.59
20210104211718	1285.59
20210104211718	1276.57
20210104211718	1276.57
20210104211718	1266
20210104211718	1263.23
20210104211718	1259.96
20210104211718	1256.66
20210104211718	1251.17
20210104211718	1251.17
20210104211718	1249.02
20210104211718	1249.02
20210104211718	1247.34
20210104211718	1244.73
20210104211718	1244.1
20210104211718	1244.33
20210104211718	1244.46
20210104211718	1245.14
20210104211718	1245.14
20210104211718	1246.68
20210104211718	1249.52
20210104211718	1251.8
20210104211718	1254.49
20210104211718	1257.08
20210104211718	1256.86
20210104211718	1263.12
20210104211718	1266.66
20210104211718	1270.2
20210104211718	1274.39
20210104211718	1279
20210104211718	1286.1
20210104211718	1290.56
20210104211718	1295.97
20210104211718	1299.52
20210104211719	1304.12
20210104211719	1309
20210104211719	1309
20210104211719	1320.7
20210104211719	1320.7
20210104211719	1328.08
20210104211719	1335.4
20210104211719	1346.16
20210104211719	1351.3
20210104211719	1357.63
20210104211719	1365.28
20210104211719	1370.46
20210104211719	1376.88
20210104211719	1381.63
20210104211719	1381.63
20210104211719	1391.38
20210104211719	1398.43
20210104211719	1402.57
20210104211719	1407.8
20210104211719	1411.44
20210104211719	1416.18
20210104211719	1420.17
20210104211719	1420.17
20210104211719	1427.49
20210104211719	1427.49
20210104211719	1433.66
20210104211719	1436.05
20210104211719	1442.09
20210104211719	1442.09
20210104211719	1447.2
20210104211719	1450.53
20210104211719	1452.04
20210104211719	1452.04
20210104211719	1455.76
20210104211719	1457.95
20210104211719	1459.42
20210104211719	1463.39
20210104211719	1464.81
20210104211719	1464.81
20210104211719	1468.31
20210104211719	1470.61
20210104211719	1471.65
20210104211719	1471.65
20210104211720	1474.48
20210104211720	1477.23
20210104211720	1477.23
20210104211720	1479.88
20210104211720	1480.66
20210104211720	1481.67
20210104211720	1482.47
20210104211720	1484.26
20210104211720	1484.26
20210104211720	1484.77
20210104211720	1485.26
20210104211720	1485.47
20210104211720	1485.47
20210104211720	1483.96
20210104211720	1483.96
20210104211720	1483.42
20210104211720	1483.4
20210104211720	1483.4
20210104211720	1482.12
20210104211720	1481.13
20210104211720	1480.52
20210104211720	1479.22
20210104211720	1478.36
20210104211720	1476.58
20210104211720	1473.66
20210104211720	1470.44
20210104211720	1470.44
20210104211720	1466.85
20210104211720	1466.85
20210104211720	1464.12
20210104211720	1463.16
20210104211720	1461.37
20210104211720	1459.49
20210104211720	1455.8
20210104211720	1454.19
20210104211720	1452.13
20210104211720	1450.61
20210104211720	1449.09
20210104211720	1448.54
20210104211720	1448.34
20210104211720	1447.9
20210104211720	1447.34
20210104211720	1447.38
20210104211720	1446.27
20210104211720	1446.76
20210104211720	1447.37
20210104211720	1448.45
20210104211720	1449.32
20210104211721	1450.67
20210104211721	1450.67
20210104211721	1454.91
20210104211721	1457.64
20210104211721	1459.71
20210104211721	1461.25
20210104211721	1463.33
20210104211721	1465.93
20210104211721	1468.24
20210104211721	1471.49
20210104211721	1473.45
20210104211721	1475.89
20210104211721	1478.56
20210104211721	1481.43
20210104211721	1483.64
20210104211721	1483.64
20210104211721	1487.61
20210104211721	1489.95
20210104211721	1492.23
20210104211721	1494.45
20210104211721	1496.61
20210104211721	1499.29
20210104211721	1501.39
20210104211721	1503.5
20210104211721	1507.1
20210104211721	1509.63
20210104211721	1511.6
20210104211721	1516.67
20210104211721	1517.1
20210104211721	1520.37
20210104211721	1523.43
20210104211721	1527.22
20210104211721	1531.03
20210104211721	1535.2
20210104211721	1538.77
20210104211721	1548.51
20210104211721	1548.51
20210104211721	1553.1
20210104211721	1557.02
20210104211721	1557.64
20210104211722	1566.11
20210104211722	1571.11
20210104211722	1574.57
20210104211722	1578.9
20210104211722	1582.35
20210104211722	1588.04
20210104211722	1590.89
20210104211722	1590.89
20210104211722	1597.14
20210104211722	1601.24
20210104211722	1603.28
20210104211722	1605.83
20210104211722	1607.9
20210104211722	1609.91
20210104211722	1611.09
20210104211722	1613.48
20210104211722	1614.1
20210104211722	1614.1
20210104211722	1615.96
20210104211722	1616.28
20210104211722	1616.12
20210104211722	1615.3
20210104211722	1615.98
20210104211722	1615.21
20210104211722	1614.1
20210104211722	1613.96
20210104211722	1610.97
20210104211722	1608.96
20210104211722	1607.59
20210104211722	1606.55
20210104211722	1604.14
20210104211722	1604.14
20210104211722	1600.23
20210104211722	1600.23
20210104211722	1595.66
20210104211722	1591.82
20210104211722	1589.54
20210104211722	1586.71
20210104211722	1584.14
20210104211722	1579.72
20210104211722	1579.72
20210104211722	1575
20210104211722	1575.65
20210104211722	1572.98
20210104211722	1570.74
20210104211722	1566.95
20210104211722	1565.13
20210104211722	1562.87
20210104211722	1560.94
20210104211722	1559.17
20210104211723	1557.71
20210104211723	1554.62
20210104211723	1555.22
20210104211723	1552.54
20210104211723	1550.29
20210104211723	1550.29
20210104211723	1549.19
20210104211723	1547.85
20210104211723	1547
20210104211723	1545.51
20210104211723	1545.51
20210104211723	1544.11
20210104211723	1543.69
20210104211723	1542.52
20210104211723	1541.84
20210104211723	1539.4
20210104211723	1539.4
20210104211723	1538.51
20210104211723	1538.03
20210104211723	1538.03
20210104211723	1536.15
20210104211723	1535.29
20210104211723	1534.89
20210104211723	1533.81
20210104211723	1533.2
20210104211723	1532.06
20210104211723	1531.29
20210104211723	1530.74
20210104211723	1529.81
20210104211723	1529.51
20210104211723	1529.51
20210104211723	1529.29
20210104211723	1529.81
20210104211723	1529.81
20210104211723	1530.34
20210104211723	1533.3
20210104211723	1533.92
20210104211723	1534.69
20210104211723	1535.88
20210104211723	1536.29
20210104211723	1540.06
20210104211723	1540.06
20210104211724	1543.3
20210104211724	1545.73
20210104211724	1551.12
20210104211724	1558.65
20210104211724	1562.16
20210104211724	1566.54
20210104211724	1571.01
20210104211724	1575.94
20210104211724	1580.49
20210104211724	1586.18
20210104211724	1592.72
20210104211724	1605.66
20210104211724	1605.66
20210104211724	1618.01
20210104211724	1622.25
20210104211724	1627.66
20210104211724	1633.4
20210104211724	1633.4
20210104211724	1645.25
20210104211724	1656.64
20210104211724	1657.18
20210104211724	1663.29
20210104211724	1667.86
20210104211724	1675.49
20210104211724	1678.71
20210104211724	1682.86
20210104211724	1685.45
20210104211724	1689.58
20210104211724	1691.61
20210104211724	1691.61
20210104211724	1695.65
20210104211724	1696.6
20210104211724	1696.62
20210104211724	1697.65
20210104211724	1696.82
20210104211724	1695.74
20210104211724	1695.06
20210104211724	1693.19
20210104211724	1691.34
20210104211724	1689.96
20210104211724	1687.55
20210104211724	1687.55
20210104211724	1681.88
20210104211724	1677.61
20210104211724	1674.71
20210104211724	1671.01
20210104211724	1668.82
20210104211724	1664.95
20210104211724	1661.99
20210104211724	1654.64
20210104211724	1655.48
20210104211725	1648.66
20210104211725	1648.66
20210104211725	1643.96
20210104211725	1641.35
20210104211725	1638.04
20210104211725	1635.43
20210104211725	1633.16
20210104211725	1631.09
20210104211725	1631.09
20210104211725	1627.75
20210104211725	1626.05
20210104211725	1624.33
20210104211725	1620.54
20210104211725	1619.35
20210104211725	1617.87
20210104211725	1616.98
20210104211725	1616.85
20210104211725	1616.11
20210104211725	1616.11
20210104211725	1615.49
20210104211725	1614.91
20210104211725	1614.44
20210104211725	1612.1
20210104211725	1611.94
20210104211725	1611.74
20210104211725	1612.24
20210104211725	1611.96
20210104211725	1612.03
20210104211725	1612.13
20210104211725	1612.75
20210104211725	1612.63
20210104211725	1613.03
20210104211725	1610.41
20210104211725	1610.15
20210104211725	1609.82
20210104211725	1609.63
20210104211725	1610.24
20210104211725	1609.54
20210104211725	1608.67
20210104211725	1608.7
20210104211725	1607.01
20210104211725	1607.67
20210104211725	1604.16
20210104211725	1603.17
20210104211725	1601.96
20210104211725	1600.66
20210104211725	1599.74
20210104211725	1598.11
20210104211725	1598.11
20210104211725	1596.85
20210104211725	1593.97
20210104211726	1592.61
20210104211726	1589.54
20210104211726	1588.25
20210104211726	1586.7
20210104211726	1586.14
20210104211726	1583.69
20210104211726	1583.69
20210104211726	1582.65
20210104211726	1582.29
20210104211726	1582.29
20210104211726	1580.27
20210104211726	1576.61
20210104211726	1576.61
20210104211726	1575.34
20210104211726	1575.08
20210104211726	1574.1
20210104211726	1573.21
20210104211726	1572.16
20210104211726	1571.34
20210104211726	1569.7
20210104211726	1568.65
20210104211726	1566.16
20210104211726	1564.97
20210104211726	1564.97
20210104211726	1562.15
20210104211726	1560.8
20210104211726	1559.11
20210104211726	1555.34
20210104211726	1555.84
20210104211726	1554.16
20210104211726	1552.26
20210104211726	1548.82
20210104211726	1546.7
20210104211726	1544.22
20210104211726	1542.1
20210104211726	1540.07
20210104211726	1537.9
20210104211726	1533.55
20210104211726	1533.55
20210104211726	1530.93
20210104211726	1528
20210104211726	1523.74
20210104211726	1521.82
20210104211726	1521.82
20210104211726	1517.66
20210104211726	1514.88
20210104211727	1512.73
20210104211727	1510.24
20210104211727	1508.6
20210104211727	1508.6
20210104211727	1504.59
20210104211727	1502.83
20210104211727	1501.5
20210104211727	1499.95
20210104211727	1499.05
20210104211727	1498.3
20210104211727	1498.1
20210104211727	1498.15
20210104211727	1498.5
20210104211727	1500.05
20210104211727	1500.05
20210104211727	1504.13
20210104211727	1505.84
20210104211727	1508.64
20210104211727	1514.26
20210104211727	1514.26
20210104211727	1516.65
20210104211727	1519.46
20210104211727	1523.53
20210104211727	1523.53
20210104211727	1532.46
20210104211727	1542.19
20210104211727	1547.55
20210104211727	1553.43
20210104211727	1559.02
20210104211727	1572.39
20210104211727	1572.39
20210104211727	1579.98
20210104211727	1586.65
20210104211727	1594.48
20210104211727	1601.3
20210104211727	1616.04
20210104211727	1623.06
20210104211727	1631.82
20210104211727	1638.92
20210104211727	1639.37
20210104211727	1655.45
20210104211727	1664.45
20210104211728	1672.15
20210104211728	1688.63
20210104211728	1688.63
20210104211728	1713.94
20210104211728	1713.94
20210104211728	1724.08
20210104211728	1732.35
20210104211728	1743.5
20210104211728	1752.18
20210104211728	1763.28
20210104211728	1772.6
20210104211728	1783.72
20210104211728	1792.93
20210104211728	1810.52
20210104211728	1818.85
20210104211728	1829.71
20210104211728	1840.05
20210104211728	1852.24
20210104211728	1857.9
20210104211728	1872.46
20210104211728	1872.46
20210104211728	1880.66
20210104211728	1888.05
20210104211728	1889.35
20210104211728	1902.09
20210104211728	1907.8
20210104211728	1910.67
20210104211728	1915.48
20210104211728	1918.24
20210104211728	1921.84
20210104211728	1924.91
20210104211728	1927.45
20210104211728	1928.44
20210104211728	1925.65
20210104211728	1927.55
20210104211728	1928.33
20210104211728	1930.04
20210104211728	1930.21
20210104211728	1929.92
20210104211728	1929.56
20210104211728	1930.36
20210104211728	1929.71
20210104211728	1928.87
20210104211728	1922.47
20210104211728	1921.63
20210104211728	1920.57
20210104211728	1920.7
20210104211728	1917.69
20210104211728	1917.69
20210104211728	1915.84
20210104211728	1915.77
20210104211728	1912.43
20210104211729	1912.43
20210104211729	1906.36
20210104211729	1904.83
20210104211729	1902.91
20210104211729	1902.92
20210104211729	1900.79
20210104211729	1898.93
20210104211729	1896.61
20210104211729	1895.83
20210104211729	1895.83
20210104211729	1890.92
20210104211729	1886.99
20210104211729	1881.75
20210104211729	1878.7
20210104211729	1876.97
20210104211729	1873.22
20210104211729	1870.27
20210104211729	1867.93
20210104211729	1865.36
20210104211729	1862.19
20210104211729	1855.56
20210104211729	1855.56
20210104211729	1847.21
20210104211729	1842.33
20210104211729	1839.45
20210104211729	1839.45
20210104211729	1829.22
20210104211729	1823.32
20210104211729	1819.41
20210104211729	1813.18
20210104211729	1807.77
20210104211729	1799.11
20210104211729	1792.59
20210104211729	1785.52
20210104211729	1780.59
20210104211729	1773.27
20210104211729	1766.91
20210104211729	1766.91
20210104211729	1753.47
20210104211729	1745.22
20210104211729	1738.22
20210104211729	1728.03
20210104211730	1721.14
20210104211730	1712.91
20210104211730	1705.92
20210104211730	1698.78
20210104211730	1691.44
20210104211730	1692.36
20210104211730	1676.03
20210104211730	1659.42
20210104211730	1659.42
20210104211730	1641.19
20210104211730	1641.19
20210104211730	1631.83
20210104211730	1624.25
20210104211730	1616.06
20210104211730	1608.65
20210104211730	1601.31
20210104211730	1593.25
20210104211730	1577.45
20210104211730	1576.77
20210104211730	1568.42
20210104211730	1561.64
20210104211730	1547.43
20210104211730	1547.43
20210104211730	1540.88
20210104211730	1533.65
20210104211730	1525.12
20210104211730	1521.26
20210104211730	1516.06
20210104211730	1511
20210104211730	1511
20210104211730	1500.01
20210104211730	1494.67
20210104211730	1491.15
20210104211730	1486.53
20210104211730	1483.13
20210104211730	1479.15
20210104211730	1476.84
20210104211730	1473.62
20210104211730	1470.97
20210104211730	1467.42
20210104211730	1466.04
20210104211730	1466.04
20210104211730	1463.57
20210104211730	1463.57
20210104211731	1461.61
20210104211731	1461.14
20210104211731	1461.39
20210104211731	1461.39
20210104211731	1462.36
20210104211731	1463.37
20210104211731	1465.11
20210104211731	1466.22
20210104211731	1467.81
20210104211731	1469.5
20210104211731	1471.64
20210104211731	1474.28
20210104211731	1476.99
20210104211731	1480.07
20210104211731	1483.26
20210104211731	1489.75
20210104211731	1493.29
20210104211731	1497.54
20210104211731	1501.61
20210104211731	1506.38
20210104211731	1510.74
20210104211731	1515.98
20210104211731	1520.93
20210104211731	1526.73
20210104211731	1531.94
20210104211731	1542.44
20210104211731	1547.92
20210104211731	1547.92
20210104211731	1560.54
20210104211731	1560.54
20210104211731	1573.54
20210104211731	1580.88
20210104211731	1588.35
20210104211731	1588.35
20210104211731	1603.41
20210104211731	1608.84
20210104211731	1621.57
20210104211731	1627.96
20210104211731	1634.33
20210104211731	1642.73
20210104211731	1649.31
20210104211731	1649.31
20210104211731	1664.78
20210104211731	1673.42
20210104211731	1682.53
20210104211731	1700.21
20210104211731	1706.56
20210104211731	1714.82
20210104211731	1723.48
20210104211731	1733.98
20210104211731	1742.52
20210104211731	1753.62
20210104211732	1764.68
20210104211732	1764.68
20210104211732	1786.58
20210104211732	1802.28
20210104211732	1811.85
20210104211732	1834.22
20210104211732	1835.1
20210104211732	1847.95
20210104211732	1857.99
20210104211732	1857.99
20210104211732	1882.19
20210104211732	1895.56
20210104211732	1905.73
20210104211732	1912.06
20210104211732	1935.76
20210104211732	1945.78
20210104211732	1959.28
20210104211732	1973.71
20210104211732	1983.55
20210104211732	1996.7
20210104211732	2000
20210104211732	2000
20210104211732	2000
20210104211732	2000
20210104211732	2000
20210104211732	2000
20210104211732	2000
20210104211732	2000
20210104211732	2000
20210104211732	2000
20210104211732	2000
20210104211732	2000
20210104211732	2000
20210104211732	2000
20210104211732	2000
20210104211732	2000
20210104211732	2000
20210104211732	2000
20210104211732	2000
20210104211732	2000
20210104211732	2000
20210104211732	2000
20210104211732	2000
20210104211732	2000
20210104211732	2000
20210104211732	2000
20210104211732	2000
20210104211733	2000
20210104211733	2000
20210104211733	2000
20210104211733	2000
20210104211733	2000
20210104211733	2000
20210104211733	2000
20210104211733	2000
20210104211733	2000
20210104211733	2000
20210104211733	2000
20210104211733	2000
20210104211733	2000
20210104211733	2000
20210104211733	2000
20210104211733	2000
20210104211733	2000
20210104211733	2000
20210104211733	2000
20210104211733	2000
20210104211733	2000
20210104211733	2000
20210104211733	2000
20210104211733	2000
20210104211733	2000
20210104211733	2000
20210104211733	2000
20210104211733	2000
20210104211733	2000
20210104211733	2000
20210104211733	2000
20210104211733	2000
20210104211733	2000
20210104211733	2000
20210104211733	2000
20210104211733	2000
20210104211733	2000
20210104211733	2000
20210104211733	2000
20210104211733	2000
20210104211733	2000
20210104211733	2000
20210104211733	2000
20210104211733	2000
20210104211733	2000
20210104211733	2000
20210104211733	2000
20210104211733	2000
20210104211733	2000
20210104211734	2000
20210104211734	2000
20210104211734	2000
20210104211734	2000
20210104211734	2000
20210104211734	2000
20210104211734	2000
20210104211734	2000
20210104211734	2000
20210104211734	2000
20210104211734	2000
20210104211734	2000
20210104211734	2000
20210104211734	2000
20210104211734	2000
20210104211734	2000
20210104211734	2000
20210104211734	2000
20210104211734	2000
20210104211734	2000
20210104211734	2000
20210104211734	2000
20210104211734	2000
20210104211734	2000
20210104211734	1995.76
20210104211734	1995.76
20210104211734	1972.72
20210104211734	1956.46
20210104211734	1948.32
20210104211734	1928.24
20210104211734	1930.06
20210104211734	1917.72
20210104211734	1904.43
20210104211734	1888.87
20210104211734	1881.17
20210104211734	1870.55
20210104211734	1858.86
20210104211734	1857.42
20210104211734	1831.87
20210104211734	1817.95
20210104211734	1806.93
20210104211734	1792.72
20210104211735	1780.61
20210104211735	1767.61
20210104211735	1755.23
20210104211735	1740.8
20210104211735	1729.4
20210104211735	1727.95
20210104211735	1701.16
20210104211735	1701.16
20210104211735	1675.35
20210104211735	1660.8
20210104211735	1648.14
20210104211735	1648.14
20210104211735	1621.72
20210104211735	1607.18
20210104211735	1594.71
20210104211735	1594.71
20210104211735	1568.1
20210104211735	1553.89
20210104211735	1542.63
20210104211735	1528.95
20210104211735	1517.38
20210104211735	1504.02
20210104211735	1493.59
20210104211735	1480.95
20210104211735	1470.9
20210104211735	1459.42
20210104211735	1450.3
20210104211735	1442.13
20210104211735	1431.64
20210104211735	1422.58
20210104211735	1415.37
20210104211735	1407.08
20210104211735	1401.02
20210104211735	1393.85
20210104211735	1388.86
20210104211735	1383.12
20210104211735	1379.15
20210104211735	1371.61
20210104211735	1371.59
20210104211735	1368.16
20210104211735	1366.15
20210104211735	1363.84
20210104211735	1362.62
20210104211735	1361.34
20210104211735	1361.24
20210104211735	1361.66
20210104211735	1361.66
20210104211735	1362.45
20210104211735	1363.44
20210104211736	1363.44
20210104211736	1366.24
20210104211736	1366.24
20210104211736	1370.04
20210104211736	1372.99
20210104211736	1375.09
20210104211736	1377.42
20210104211736	1380.39
20210104211736	1387.71
20210104211736	1387.71
20210104211736	1391.89
20210104211736	1394.56
20210104211736	1397.68
20210104211736	1400.7
20210104211736	1404.62
20210104211736	1408.07
20210104211736	1408.07
20210104211736	1415.01
20210104211736	1418.84
20210104211736	1421.46
20210104211736	1421.46
20210104211736	1428.29
20210104211736	1432.1
20210104211736	1435.5
20210104211736	1435.5
20210104211736	1443.57
20210104211736	1447.69
20210104211736	1452.14
20210104211736	1455.9
20210104211736	1459.99
20210104211736	1459.99
20210104211736	1469.15
20210104211736	1474.31
20210104211736	1479.41
20210104211736	1485.65
20210104211736	1485.37
20210104211736	1491.02
20210104211736	1500.12
20210104211736	1506.36
20210104211736	1520.89
20210104211736	1529.52
20210104211736	1536.87
20210104211736	1536.87
20210104211736	1545.94
20210104211736	1553.74
20210104211736	1563.5
20210104211736	1582.78
20210104211736	1593.16
20210104211736	1604.26
20210104211736	1613.19
20210104211736	1624.6
20210104211736	1633.87
20210104211736	1645.7
20210104211736	1645.78
20210104211736	1655.15
20210104211737	1681.47
20210104211737	1681.47
20210104211737	1703.68
20210104211737	1713.56
20210104211737	1725.64
20210104211737	1725.64
20210104211737	1748.64
20210104211737	1758.66
20210104211737	1759
20210104211737	1768.59
20210104211737	1791.02
20210104211737	1803.89
20210104211737	1816.45
20210104211737	1829.23
20210104211737	1839.44
20210104211737	1861.73
20210104211737	1861.73
20210104211737	1874.36
20210104211737	1875.17
20210104211737	1895.78
20210104211737	1908.81
20210104211737	1925.61
20210104211737	1932.93
20210104211737	1942.56
20210104211737	1942.56
20210104211737	1954.38
20210104211737	1975.35
20210104211737	1975.35
20210104211737	1985.3
20210104211737	1995.16
20210104211737	2000
20210104211737	2000
20210104211737	2000
20210104211737	2000
20210104211737	2000
20210104211737	2000
20210104211737	2000
20210104211737	2000
20210104211737	2000
20210104211737	2000
20210104211737	2000
20210104211737	2000
20210104211737	2000
20210104211737	2000
20210104211737	2000
20210104211737	2000
20210104211737	2000
20210104211737	2000
20210104211737	2000
20210104211737	2000
20210104211737	2000
20210104211737	2000
20210104211737	2000
20210104211737	2000
20210104211738	2000
20210104211738	2000
20210104211738	2000
20210104211738	2000
20210104211738	2000
20210104211738	2000
20210104211738	2000
20210104211738	2000
20210104211738	2000
20210104211738	2000
20210104211738	2000
20210104211738	2000
20210104211738	2000
20210104211738	2000
20210104211738	2000
20210104211738	2000
20210104211738	2000
20210104211738	2000
20210104211738	2000
20210104211738	2000
20210104211738	2000
20210104211738	2000
20210104211738	2000
20210104211738	2000
20210104211738	2000
20210104211738	2000
20210104211738	2000
20210104211738	2000
20210104211738	2000
20210104211738	2000
20210104211738	2000
20210104211738	2000
20210104211738	2000
20210104211738	2000
20210104211738	2000
20210104211738	2000
20210104211738	2000
20210104211738	2000
20210104211738	2000
20210104211738	2000
20210104211738	2000
20210104211738	2000
20210104211738	2000
20210104211738	2000
20210104211738	2000
20210104211738	2000
20210104211739	2000
20210104211739	2000
20210104211739	2000
20210104211739	2000
20210104211739	2000
20210104211739	2000
20210104211739	2000
20210104211739	2000
20210104211739	2000
20210104211739	2000
20210104211739	2000
20210104211739	2000
20210104211739	2000
20210104211739	2000
20210104211739	2000
20210104211739	2000
20210104211739	2000
20210104211739	2000
20210104211739	2000
20210104211739	2000
20210104211739	2000
20210104211739	2000
20210104211739	2000
20210104211739	2000
20210104211739	2000
20210104211739	2000
20210104211739	2000
20210104211739	2000
20210104211739	2000
20210104211739	2000
20210104211739	2000
20210104211739	2000
20210104211739	2000
20210104211739	2000
20210104211739	2000
20210104211739	2000
20210104211739	2000
20210104211739	2000
20210104211739	2000
20210104211739	2000
20210104211740	2000
20210104211740	2000
20210104211740	2000
20210104211740	2000
20210104211740	2000
20210104211740	2000
20210104211740	2000
20210104211740	2000
20210104211740	2000
20210104211740	2000
20210104211740	2000
20210104211740	2000
20210104211740	2000
20210104211740	2000
20210104211740	2000
20210104211740	2000
20210104211740	2000
20210104211740	2000
20210104211740	2000
20210104211740	2000
20210104211740	2000
20210104211740	2000
20210104211740	2000
20210104211740	2000
20210104211740	2000
20210104211740	2000
20210104211740	2000
20210104211740	2000
20210104211740	2000
20210104211740	2000
20210104211740	2000
20210104211740	1997.66
20210104211740	1985.83
20210104211740	1964.34
20210104211740	1953.39
20210104211740	1941.05
20210104211740	1930.13
20210104211740	1918.99
20210104211740	1907.66
20210104211740	1894.92
20210104211740	1884.79
20210104211740	1870.2
20210104211740	1870.2
20210104211740	1858.61
20210104211741	1846.63
20210104211741	1834.94
20210104211741	1810.01
20210104211741	1784.92
20210104211741	1785.78
20210104211741	1772.3
20210104211741	1760.29
20210104211741	1746.26
20210104211741	1734.2
20210104211741	1720.57
20210104211741	1705.93
20210104211741	1678.01
20210104211741	1678.01
20210104211741	1664.22
20210104211741	1664.76
20210104211741	1654.95
20210104211741	1643.84
20210104211741	1628.71
20210104211741	1601.69
20210104211741	1601.69
20210104211741	1577.83
20210104211741	1550.61
20210104211741	1550.61
20210104211741	1536.25
20210104211741	1536.5
20210104211741	1524.01
20210104211741	1497.92
20210104211741	1484.45
20210104211741	1473.2
20210104211741	1460.56
20210104211741	1450
20210104211741	1450
20210104211741	1426.38
20210104211741	1426.38
20210104211741	1406.07
20210104211741	1398.08
20210104211741	1397.87
20210104211741	1389.83
20210104211741	1380.75
20210104211741	1367.13
20210104211741	1358.75
20210104211741	1351.6
20210104211741	1346.4
20210104211741	1340.58
20210104211742	1335.75
20210104211742	1330.72
20210104211742	1327.14
20210104211742	1322.78
20210104211742	1322.78
20210104211742	1320.27
20210104211742	1317.46
20210104211742	1315.31
20210104211742	1312.66
20210104211742	1311.74
20210104211742	1311.01
20210104211742	1310.81
20210104211742	1311.37
20210104211742	1309.95
20210104211742	1310.58
20210104211742	1311.55
20210104211742	1311.98
20210104211742	1313.96
20210104211742	1318.02
20210104211742	1320.08
20210104211742	1321.91
20210104211742	1324.75
20210104211742	1327.6
20210104211742	1329.15
20210104211742	1329.15
20210104211742	1332.89
20210104211742	1336.48
20210104211742	1339.19
20210104211742	1345.83
20210104211742	1349.87
20210104211742	1353.19
20210104211742	1353.19
20210104211742	1362.23
20210104211742	1371.79
20210104211742	1371.79
20210104211742	1378.82
20210104211742	1383.12
20210104211742	1387.3
20210104211742	1394.24
20210104211742	1394.24
20210104211742	1406.41
20210104211742	1411.93
20210104211742	1418.11
20210104211742	1424.63
20210104211742	1431.32
20210104211742	1439.38
20210104211742	1445.91
20210104211742	1445.91
20210104211742	1461.87
20210104211742	1461.87
20210104211743	1470.04
20210104211743	1479.36
20210104211743	1497
20210104211743	1505.29
20210104211743	1513.65
20210104211743	1523.93
20210104211743	1532.01
20210104211743	1551.41
