20210106160227	-27.5666
20210106160227	-35.2077
20210106160227	-35.2077
20210106160227	-35.4801
20210106160227	-35.4801
20210106160227	-35.4801
20210106160227	-35.6923
20210106160227	-35.6923
20210106160227	-35.6923
20210106160227	-35.9008
20210106160227	-35.9008
20210106160227	-35.9008
20210106160227	-35.9008
20210106160227	-36.1057
20210106160227	-36.1057
20210106160227	-36.1057
20210106160227	-36.1057
20210106160227	-36.3069
20210106160227	-36.3069
20210106160227	-36.5044
20210106160227	-36.5044
20210106160227	-36.5044
20210106160227	-36.5044
20210106160227	-36.7459
20210106160227	-36.7459
20210106160227	-36.7459
20210106160227	-36.9333
20210106160227	-36.9333
20210106160227	-36.9333
20210106160227	-37.117
20210106160227	-37.117
20210106160227	-37.117
20210106160227	-37.117
20210106160227	-37.3414
20210106160227	-37.3414
20210106160227	-37.3414
20210106160227	-37.3414
20210106160227	-37.4733
20210106160227	-37.4733
20210106160227	-37.6459
20210106160227	-37.6459
20210106160227	-37.6459
20210106160227	-37.6459
20210106160227	-37.8564
20210106160227	-37.8564
20210106160227	-37.8564
20210106160227	-38.019
20210106160227	-38.019
20210106160227	-38.019
20210106160227	-38.178
20210106160227	-38.178
20210106160227	-38.178
20210106160227	-38.178
20210106160228	-38.3333
20210106160228	-38.3333
20210106160228	-38.3333
20210106160228	-38.485
20210106160228	-38.485
20210106160228	-38.485
20210106160228	-38.633
20210106160228	-38.633
20210106160228	-38.633
20210106160228	-38.633
20210106160228	-38.8127
20210106160228	-38.8127
20210106160228	-38.8127
20210106160228	-38.9509
20210106160228	-38.9509
20210106160228	-38.9509
20210106160228	-39.0855
20210106160228	-39.0855
20210106160228	-39.0855
20210106160228	-39.0855
20210106160228	-39.2164
20210106160228	-39.2164
20210106160228	-39.2164
20210106160228	-39.2164
20210106160228	-39.375
20210106160228	-39.375
20210106160228	-39.4978
20210106160228	-39.4978
20210106160228	-39.4978
20210106160228	-39.4978
20210106160228	-39.617
20210106160228	-39.617
20210106160228	-39.617
20210106160228	-39.7305
20210106160228	-39.7305
20210106160228	-39.7305
20210106160228	-39.8406
20210106160228	-39.8406
20210106160228	-39.8406
20210106160228	-39.8406
20210106160228	-39.9472
20210106160228	-39.9472
20210106160228	-39.9472
20210106160228	-39.9472
20210106160228	-40.0754
20210106160228	-40.0754
20210106160228	-40.1741
20210106160228	-40.1741
20210106160228	-40.1741
20210106160228	-40.1741
20210106160228	-40.2692
20210106160228	-40.2692
20210106160228	-40.2692
20210106160228	-40.2692
20210106160228	-40.3583
20210106160228	-40.3583
20210106160228	-40.4441
20210106160229	-40.4441
20210106160229	-40.4441
20210106160229	-40.4441
20210106160229	-40.5264
20210106160229	-40.5264
20210106160229	-40.5264
20210106160229	-40.6054
20210106160229	-40.6054
20210106160229	-40.6054
20210106160229	-40.6994
20210106160229	-40.6994
20210106160229	-40.6994
20210106160229	-40.6994
20210106160229	-40.7707
20210106160229	-40.7707
20210106160229	-40.7707
20210106160229	-40.7707
20210106160229	-40.8361
20210106160229	-40.8361
20210106160229	-40.8983
20210106160229	-40.8983
20210106160229	-40.8983
20210106160229	-40.8983
20210106160229	-40.9572
20210106160229	-40.9572
20210106160229	-40.9572
20210106160229	-41.0263
20210106160229	-41.0263
20210106160229	-41.0263
20210106160229	-41.0652
20210106160229	-41.0652
20210106160229	-41.0652
20210106160229	-41.0652
20210106160229	-41.126
20210106160229	-41.126
20210106160229	-41.126
20210106160229	-41.1682
20210106160229	-41.1682
20210106160229	-41.1682
20210106160229	-41.2071
20210106160229	-41.2071
20210106160229	-41.2071
20210106160229	-41.2071
20210106160229	-41.2429
20210106160229	-41.2429
20210106160229	-41.2429
20210106160229	-41.2755
20210106160229	-41.2755
20210106160229	-41.2755
20210106160229	-41.3048
20210106160229	-41.3048
20210106160229	-41.3048
20210106160229	-41.3048
20210106160229	-41.3369
20210106160229	-41.3369
20210106160229	-41.3369
20210106160229	-41.3556
20210106160229	-41.3556
20210106160229	-41.3556
20210106160229	-41.3712
20210106160229	-41.3712
20210106160230	-41.3712
20210106160230	-41.3712
20210106160230	-41.3837
20210106160230	-41.3837
20210106160230	-41.3837
20210106160230	-41.3837
20210106160230	-41.395
20210106160230	-41.395
20210106160230	-41.3993
20210106160230	-41.3993
20210106160230	-41.3993
20210106160230	-41.3993
20210106160230	-41.4026
20210106160230	-41.4026
20210106160230	-41.4026
20210106160230	-41.3981
20210106160230	-41.3981
20210106160230	-41.3981
20210106160230	-41.3906
20210106160230	-41.3906
20210106160230	-41.3906
20210106160230	-41.3906
20210106160230	-41.377
20210106160230	-41.377
20210106160230	-41.377
20210106160230	-41.3665
20210106160230	-41.3665
20210106160230	-41.3665
20210106160230	-41.3497
20210106160230	-41.3497
20210106160230	-41.3497
20210106160230	-41.3497
20210106160230	-41.3244
20210106160230	-41.3244
20210106160230	-41.3244
20210106160230	-41.2971
20210106160230	-41.2971
20210106160230	-41.2971
20210106160230	-41.2669
20210106160230	-41.2669
20210106160230	-41.2669
20210106160230	-41.2669
20210106160230	-41.2248
20210106160230	-41.2248
20210106160230	-41.2248
20210106160230	-41.2248
20210106160230	-41.1971
20210106160230	-41.1971
20210106160230	-41.1575
20210106160230	-41.1575
20210106160230	-41.1575
20210106160231	-41.1575
20210106160231	-41.1035
20210106160231	-41.1035
20210106160231	-41.1035
20210106160231	-41.0529
20210106160231	-41.0529
20210106160231	-41.0529
20210106160231	-40.9994
20210106160231	-40.9994
20210106160231	-40.9994
20210106160231	-40.9994
20210106160231	-40.9427
20210106160231	-40.9427
20210106160231	-40.9427
20210106160231	-40.883
20210106160231	-40.883
20210106160231	-40.883
20210106160231	-40.8201
20210106160231	-40.8201
20210106160231	-40.8201
20210106160231	-40.8201
20210106160231	-40.737
20210106160231	-40.737
20210106160231	-40.737
20210106160231	-40.737
20210106160231	-40.6632
20210106160231	-40.6632
20210106160231	-40.5863
20210106160231	-40.5863
20210106160231	-40.5863
20210106160231	-40.5863
20210106160231	-40.5063
20210106160231	-40.5063
20210106160231	-40.5063
20210106160231	-40.5063
20210106160231	-40.423
20210106160231	-40.423
20210106160231	-40.3144
20210106160231	-40.3144
20210106160231	-40.3144
20210106160231	-40.3144
20210106160231	-40.2238
20210106160231	-40.2238
20210106160231	-40.2238
20210106160231	-40.1258
20210106160231	-40.1258
20210106160231	-40.1258
20210106160231	-40.0247
20210106160232	-40.0247
20210106160232	-40.0247
20210106160232	-40.0247
20210106160232	-39.894
20210106160232	-39.894
20210106160232	-39.894
20210106160232	-39.894
20210106160232	-39.7859
20210106160232	-39.7859
20210106160232	-39.7025
20210106160232	-39.7025
20210106160232	-39.7025
20210106160232	-39.7025
20210106160232	-39.5595
20210106160232	-39.5595
20210106160232	-39.5595
20210106160232	-39.4372
20210106160232	-39.4372
20210106160232	-39.4372
20210106160232	-39.3118
20210106160232	-39.3118
20210106160232	-39.3118
20210106160232	-39.3118
20210106160232	-39.1832
20210106160232	-39.1832
20210106160232	-39.1832
20210106160232	-39.0179
20210106160232	-39.0179
20210106160232	-39.0179
20210106160232	-38.8818
20210106160232	-38.8818
20210106160232	-38.8818
20210106160232	-38.8818
20210106160232	-38.7424
20210106160232	-38.7424
20210106160232	-38.7424
20210106160232	-38.596
20210106160232	-38.596
20210106160232	-38.596
20210106160232	-38.4467
20210106160232	-38.4467
20210106160232	-38.4467
20210106160232	-38.4467
20210106160232	-38.2556
20210106160232	-38.2556
20210106160232	-38.2556
20210106160232	-38.2556
20210106160232	-38.1386
20210106160232	-38.1386
20210106160232	-37.9394
20210106160232	-37.9394
20210106160232	-37.9394
20210106160232	-37.9394
20210106160232	-37.7761
20210106160232	-37.7761
20210106160232	-37.7761
20210106160232	-37.7761
20210106160232	-37.6049
20210106160232	-37.6049
20210106160232	-37.4304
20210106160232	-37.4304
20210106160232	-37.4304
20210106160232	-37.4304
20210106160232	-37.2072
20210106160233	-37.2072
20210106160233	-37.2072
20210106160233	-37.2072
20210106160233	-37.0246
20210106160233	-37.0246
20210106160233	-36.8382
20210106160233	-36.8382
20210106160233	-36.8382
20210106160233	-36.8382
20210106160233	-36.648
20210106160233	-36.648
20210106160233	-36.648
20210106160233	-36.4496
20210106160233	-36.4496
20210106160233	-36.4496
20210106160233	-36.2479
20210106160233	-36.2479
20210106160233	-36.2479
20210106160233	-36.2479
20210106160233	-36.0428
20210106160233	-36.0428
20210106160233	-36.0428
20210106160233	-36.0428
20210106160233	-35.8345
20210106160233	-35.8345
20210106160233	-35.6229
20210106160233	-35.6229
20210106160233	-35.6229
20210106160233	-35.6229
20210106160233	-35.3541
20210106160233	-35.3541
20210106160233	-35.3541
20210106160233	-35.1359
20210106160233	-35.1359
20210106160233	-35.1359
20210106160233	-34.9154
20210106160233	-34.9154
20210106160233	-34.9154
20210106160233	-34.9154
20210106160233	-34.6929
20210106160233	-34.6929
20210106160233	-34.6929
20210106160233	-34.4746
20210106160233	-34.4746
20210106160233	-34.4746
20210106160233	-34.2015
20210106160233	-34.2015
20210106160233	-34.2015
20210106160233	-34.2015
20210106160233	-33.9812
20210106160233	-33.9812
20210106160233	-33.9812
20210106160233	-33.9812
20210106160233	-33.7596
20210106160233	-33.7596
20210106160233	-33.5368
20210106160233	-33.5368
20210106160233	-33.5368
20210106160233	-33.5368
20210106160233	-33.3132
20210106160233	-33.3132
20210106160233	-33.3132
20210106160233	-33.3132
20210106160233	-33.0363
20210106160233	-33.0363
20210106160233	-32.8144
20210106160233	-32.8144
20210106160233	-32.8144
20210106160233	-32.8144
20210106160233	-32.5916
20210106160233	-32.5916
20210106160233	-32.5916
20210106160233	-32.5916
20210106160233	-32.3679
20210106160233	-32.3679
20210106160233	-32.1433
20210106160234	-32.1433
20210106160234	-32.1433
20210106160234	-32.1433
20210106160234	-31.918
20210106160234	-31.918
20210106160234	-31.918
20210106160234	-31.918
20210106160234	-31.6371
20210106160234	-31.6371
20210106160234	-31.4117
20210106160234	-31.4117
20210106160234	-31.4117
20210106160234	-31.4117
20210106160234	-31.1856
20210106160234	-31.1856
20210106160234	-31.1856
20210106160234	-30.9587
20210106160234	-30.9587
20210106160234	-30.9587
20210106160234	-30.7311
20210106160234	-30.7311
20210106160234	-30.7311
20210106160234	-30.7311
20210106160234	-30.4456
20210106160234	-30.4456
20210106160234	-30.4456
20210106160234	-30.2177
20210106160234	-30.2177
20210106160234	-30.2177
20210106160234	-30.0463
20210106160234	-30.0463
20210106160234	-30.0463
20210106160234	-30.0463
20210106160234	-29.7599
20210106160234	-29.7599
20210106160234	-29.7599
20210106160234	-29.7599
20210106160234	-29.5302
20210106160234	-29.5302
20210106160234	-29.3
20210106160234	-29.3
20210106160234	-29.3
20210106160234	-29.3
20210106160234	-29.0693
20210106160234	-29.0693
20210106160234	-29.0693
20210106160234	-29.0693
20210106160234	-28.8388
20210106160234	-28.8388
20210106160234	-28.6079
20210106160235	-28.6079
20210106160235	-28.6079
20210106160235	-28.6079
20210106160235	-28.3187
20210106160235	-28.3187
20210106160235	-28.3187
20210106160235	-28.3187
20210106160235	-28.0869
20210106160235	-28.0869
20210106160235	-27.8546
20210106160235	-27.8546
20210106160235	-27.8546
20210106160235	-27.8546
20210106160235	-27.5638
20210106160235	-27.5638
20210106160235	-27.5638
20210106160235	-27.5638
20210106160235	-27.3891
20210106160235	-27.3891
20210106160235	-27.1558
20210106160235	-27.1558
20210106160235	-27.1558
20210106160235	-27.1558
20210106160235	-26.8636
20210106160235	-26.8636
20210106160235	-26.8636
20210106160235	-26.6294
20210106160235	-26.6294
20210106160235	-26.6294
20210106160235	-26.3947
20210106160235	-26.3947
20210106160236	-26.3947
20210106160236	-26.3947
20210106160236	-26.1595
20210106160236	-26.1595
20210106160236	-26.1595
20210106160236	-26.1595
20210106160236	-25.9236
20210106160236	-25.9236
20210106160236	-25.6279
20210106160236	-25.6279
20210106160236	-25.6279
20210106160236	-25.6279
20210106160236	-25.3908
20210106160236	-25.3908
20210106160236	-25.3908
20210106160236	-25.1534
20210106160236	-25.1534
20210106160236	-25.1534
20210106160236	-24.9155
20210106160236	-24.9155
20210106160236	-24.9155
20210106160236	-24.9155
20210106160236	-24.6771
20210106160236	-24.6771
20210106160236	-24.6771
20210106160236	-24.6771
20210106160236	-24.4378
20210106160236	-24.4378
20210106160236	-24.1378
20210106160236	-24.1378
20210106160236	-24.1378
20210106160236	-24.1378
20210106160236	-23.8974
20210106160236	-23.8974
20210106160236	-23.8974
20210106160236	-23.6565
20210106160236	-23.6565
20210106160236	-23.6565
20210106160236	-23.4152
20210106160236	-23.4152
20210106160236	-23.4152
20210106160236	-23.4152
20210106160237	-23.1128
20210106160237	-23.1128
20210106160237	-23.1128
20210106160237	-22.9304
20210106160237	-22.9304
20210106160237	-22.9304
20210106160237	-22.6867
20210106160237	-22.6867
20210106160237	-22.6867
20210106160237	-22.6867
20210106160237	-22.3813
20210106160237	-22.3813
20210106160237	-22.3813
20210106160237	-22.3813
20210106160237	-22.1365
20210106160237	-22.1365
20210106160237	-21.8913
20210106160237	-21.8913
20210106160237	-21.8913
20210106160237	-21.8913
20210106160237	-21.584
20210106160237	-21.584
20210106160237	-21.584
20210106160237	-21.584
20210106160237	-21.3366
20210106160237	-21.3366
20210106160237	-21.0888
20210106160237	-21.0888
20210106160237	-21.0888
20210106160237	-21.0888
20210106160237	-20.8405
20210106160237	-20.8405
20210106160237	-20.8405
20210106160238	-20.8405
20210106160238	-20.5916
20210106160238	-20.5916
20210106160238	-20.3422
20210106160238	-20.3422
20210106160238	-20.3422
20210106160238	-20.3422
20210106160238	-20.0923
20210106160238	-20.0923
20210106160238	-20.0923
20210106160238	-19.8408
20210106160238	-19.8408
20210106160238	-19.8408
20210106160238	-19.5254
20210106160238	-19.5254
20210106160238	-19.5254
20210106160238	-19.5254
20210106160238	-19.2726
20210106160238	-19.2726
20210106160238	-19.2726
20210106160238	-19.0192
20210106160238	-19.0192
20210106160238	-19.0192
20210106160238	-18.7653
20210106160238	-18.7653
20210106160238	-18.7653
20210106160238	-18.7653
20210106160238	-18.5107
20210106160238	-18.5107
20210106160238	-18.5107
20210106160238	-18.1901
20210106160238	-18.1901
20210106160238	-18.1901
20210106160238	-17.9972
20210106160238	-17.9972
20210106160238	-17.9972
20210106160238	-17.9972
20210106160238	-17.675
20210106160238	-17.675
20210106160238	-17.675
20210106160238	-17.4167
20210106160238	-17.4167
20210106160238	-17.4167
20210106160238	-17.1578
20210106160238	-17.1578
20210106160238	-17.1578
20210106160238	-17.1578
20210106160238	-16.898
20210106160238	-16.898
20210106160238	-16.898
20210106160238	-16.898
20210106160239	-16.6349
20210106160239	-16.6349
20210106160239	-16.3684
20210106160239	-16.3684
20210106160239	-16.3684
20210106160239	-16.3684
20210106160239	-16.03
20210106160239	-16.03
20210106160239	-16.03
20210106160239	-16.03
20210106160239	-15.7542
20210106160239	-15.7542
20210106160239	-15.4733
20210106160239	-15.4733
20210106160239	-15.4733
20210106160239	-15.4733
20210106160239	-15.1866
20210106160239	-15.1866
20210106160239	-15.1866
20210106160239	-14.8936
20210106160239	-14.8936
20210106160239	-14.8936
20210106160239	-14.5183
20210106160239	-14.5183
20210106160239	-14.5183
20210106160239	-14.5183
20210106160239	-14.2105
20210106160239	-14.2105
20210106160239	-14.2105
20210106160239	-14.2105
20210106160239	-13.8957
20210106160239	-13.8957
20210106160239	-13.5738
20210106160239	-13.5738
20210106160239	-13.5738
20210106160239	-13.5738
20210106160239	-13.2448
20210106160239	-13.2448
20210106160239	-13.2448
20210106160239	-12.9097
20210106160239	-12.9097
20210106160239	-12.9097
20210106160239	-12.4813
20210106160240	-12.4813
20210106160240	-12.4813
20210106160240	-12.4813
20210106160240	-12.1309
20210106160240	-12.1309
20210106160240	-12.1309
20210106160240	-11.7739
20210106160240	-11.7739
20210106160240	-11.7739
20210106160240	-11.4103
20210106160240	-11.4103
20210106160240	-11.4103
20210106160240	-11.4103
20210106160240	-11.0405
20210106160240	-11.0405
20210106160240	-11.0405
20210106160240	-10.5705
20210106160240	-10.5705
20210106160240	-10.5705
20210106160240	-10.2843
20210106160240	-10.2843
20210106160240	-10.2843
20210106160240	-10.2843
20210106160240	-9.80014
20210106160240	-9.80014
20210106160240	-9.80014
20210106160240	-9.80014
20210106160240	-9.40676
20210106160240	-9.40676
20210106160240	-9.00816
20210106160240	-9.00816
20210106160240	-9.00816
20210106160240	-9.00816
20210106160240	-8.60453
20210106160240	-8.60453
20210106160240	-8.60453
20210106160240	-8.60453
20210106160240	-8.09396
20210106160240	-8.09396
20210106160240	-7.78422
20210106160240	-7.78422
20210106160240	-7.78422
20210106160241	-7.78422
20210106160241	-7.26236
20210106160241	-7.26236
20210106160241	-7.26236
20210106160241	-6.83994
20210106160241	-6.83994
20210106160241	-6.83994
20210106160241	-6.41329
20210106160241	-6.41329
20210106160241	-6.41329
20210106160241	-6.41329
20210106160241	-5.98255
20210106160241	-5.98255
20210106160241	-5.98255
20210106160241	-5.98255
20210106160241	-5.43711
20210106160241	-5.43711
20210106160241	-4.99626
20210106160241	-4.99626
20210106160242	-4.99626
20210106160242	-4.99626
20210106160242	-4.55177
20210106160242	-4.55177
20210106160242	-4.55177
20210106160242	-4.10373
20210106160242	-4.10373
20210106160242	-4.10373
20210106160242	-3.65221
20210106160242	-3.65221
20210106160242	-3.65221
20210106160242	-3.65221
20210106160242	-3.08305
20210106160242	-3.08305
20210106160242	-3.08305
20210106160242	-2.73751
20210106160242	-2.73751
20210106160242	-2.73751
20210106160242	-2.15786
20210106160242	-2.15786
20210106160242	-2.15786
20210106160242	-2.15786
20210106160242	-1.69086
20210106160242	-1.69086
20210106160242	-1.69086
20210106160242	-1.221
20210106160242	-1.221
20210106160242	-1.221
20210106160242	-0.7483
20210106160242	-0.7483
20210106160242	-0.7483
20210106160242	-0.7483
20210106160242	-0.272849
20210106160242	-0.272849
20210106160242	-0.272849
20210106160242	-0.272849
20210106160242	0.32702
20210106160242	0.32702
20210106160242	0.689074
20210106160242	0.689074
20210106160242	0.689074
20210106160242	0.689074
20210106160242	1.29556
20210106160242	1.29556
20210106160242	1.29556
20210106160242	1.29556
20210106160242	1.78344
20210106160242	1.78344
20210106160242	2.27366
20210106160242	2.27366
20210106160242	2.27366
20210106160242	2.27366
20210106160242	2.88972
20210106160242	2.88972
20210106160242	2.88972
20210106160242	3.3867
20210106160242	3.3867
20210106160242	3.3867
20210106160242	3.76083
20210106160242	3.76083
20210106160242	3.76083
20210106160243	3.76083
20210106160243	4.38704
20210106160243	4.38704
20210106160243	4.38704
20210106160243	4.89036
20210106160243	4.89036
20210106160243	4.89036
20210106160243	5.39573
20210106160243	5.39573
20210106160243	5.39573
20210106160243	5.39573
20210106160243	5.90306
20210106160243	5.90306
20210106160243	5.90306
20210106160243	6.41426
20210106160243	6.41426
20210106160243	6.41426
20210106160243	6.92774
20210106160243	6.92774
20210106160243	6.92774
20210106160243	6.92774
20210106160243	7.57171
20210106160243	7.57171
20210106160243	7.57171
20210106160243	8.08857
20210106160243	8.08857
20210106160243	8.08857
20210106160243	8.60686
20210106160243	8.60686
20210106160244	8.60686
20210106160244	8.60686
20210106160244	9.25669
20210106160244	9.25669
20210106160244	9.25669
20210106160244	9.64873
20210106160244	9.64873
20210106160244	9.64873
20210106160244	10.3034
20210106160244	10.3034
20210106160244	10.3034
20210106160244	10.3034
20210106160244	10.8283
20210106160244	10.8283
20210106160244	10.8283
20210106160244	11.3542
20210106160244	11.3542
20210106160244	11.3542
20210106160244	11.8809
20210106160244	11.8809
20210106160244	11.8809
20210106160244	11.8809
20210106160244	12.4086
20210106160244	12.4086
20210106160244	12.4086
20210106160244	13.0711
20210106160244	13.0711
20210106160244	13.0711
20210106160244	13.6023
20210106160244	13.6023
20210106160244	13.6023
20210106160244	13.6023
20210106160244	14.134
20210106160244	14.134
20210106160244	14.134
20210106160244	14.6662
20210106160244	14.6662
20210106160244	14.6662
20210106160244	15.199
20210106160244	15.199
20210106160244	15.199
20210106160244	15.199
20210106160244	15.7322
20210106160244	15.7322
20210106160244	15.7322
20210106160244	15.7322
20210106160244	16.4014
20210106160245	16.4014
20210106160245	16.8033
20210106160245	16.8033
20210106160245	16.8033
20210106160245	16.8033
20210106160245	17.473
20210106160245	17.473
20210106160245	17.473
20210106160245	18.0088
20210106160245	18.0088
20210106160245	18.0088
20210106160245	18.5446
20210106160245	18.5446
20210106160245	18.5446
20210106160245	18.5446
20210106160245	19.2141
20210106160245	19.2141
20210106160245	19.2141
20210106160245	19.6157
20210106160245	19.6157
20210106160245	19.6157
20210106160245	20.151
20210106160245	20.151
20210106160245	20.151
20210106160245	20.151
20210106160245	20.8196
20210106160245	20.8196
20210106160245	20.8196
20210106160245	21.3368
20210106160245	21.3368
20210106160245	21.3368
20210106160245	21.8551
20210106160245	21.8551
20210106160245	21.8551
20210106160245	21.8551
20210106160245	22.3742
20210106160245	22.3742
20210106160245	22.3742
20210106160245	22.3742
20210106160245	22.894
20210106160245	22.894
20210106160245	23.5442
20210106160245	23.5442
20210106160245	23.5442
20210106160245	23.5442
20210106160245	24.0647
20210106160245	24.0647
20210106160245	24.0647
20210106160245	24.5715
20210106160245	24.5715
20210106160245	24.5715
20210106160245	25.0793
20210106160245	25.0793
20210106160245	25.0793
20210106160245	25.0793
20210106160245	25.7153
20210106160245	25.7153
20210106160245	25.7153
20210106160245	26.2246
20210106160245	26.2246
20210106160245	26.2246
20210106160245	26.6068
20210106160245	26.6068
20210106160245	26.6068
20210106160246	26.6068
20210106160246	27.2438
20210106160246	27.2438
20210106160246	27.2438
20210106160246	27.2438
20210106160246	27.7426
20210106160246	27.7426
20210106160246	28.242
20210106160246	28.242
20210106160246	28.242
20210106160246	28.242
20210106160246	28.8667
20210106160246	28.8667
20210106160246	28.8667
20210106160246	29.3665
20210106160246	29.3665
20210106160246	29.3665
20210106160246	29.7412
20210106160246	29.7412
20210106160246	29.7412
20210106160246	29.7412
20210106160246	30.3653
20210106160246	30.3653
20210106160246	30.3653
20210106160246	30.8554
20210106160246	30.8554
20210106160246	30.8554
20210106160246	31.3453
20210106160246	31.3453
20210106160246	31.3453
20210106160246	31.3453
20210106160246	31.8349
20210106160246	31.8349
20210106160246	31.8349
20210106160246	31.8349
20210106160246	32.3239
20210106160246	32.3239
20210106160247	32.9338
20210106160247	32.9338
20210106160247	32.9338
20210106160247	32.9338
20210106160247	33.4204
20210106160247	33.4204
20210106160247	33.4204
20210106160247	33.4204
20210106160247	33.8989
20210106160247	33.8989
20210106160247	34.3765
20210106160247	34.3765
20210106160247	34.3765
20210106160247	34.3765
20210106160247	34.853
20210106160247	34.853
20210106160247	34.853
20210106160247	34.853
20210106160247	35.4469
20210106160247	35.4469
20210106160247	35.9203
20210106160247	35.9203
20210106160247	35.9203
20210106160247	35.9203
20210106160247	36.3918
20210106160247	36.3918
20210106160247	36.3918
20210106160247	36.8571
20210106160247	36.8571
20210106160247	36.8571
20210106160247	37.3206
20210106160247	37.3206
20210106160247	37.3206
20210106160247	37.3206
20210106160247	37.8971
20210106160248	37.8971
20210106160248	37.8971
20210106160248	38.3557
20210106160248	38.3557
20210106160248	38.3557
20210106160248	38.8118
20210106160248	38.8118
20210106160248	38.8118
20210106160248	38.8118
20210106160248	39.2645
20210106160248	39.2645
20210106160248	39.2645
20210106160248	39.7101
20210106160248	39.7101
20210106160248	39.7101
20210106160248	40.1515
20210106160248	40.1515
20210106160248	40.1515
20210106160248	40.1515
20210106160248	40.5889
20210106160248	40.5889
20210106160248	40.5889
20210106160248	41.0219
20210106160248	41.0219
20210106160248	41.0219
20210106160248	41.5566
20210106160248	41.5566
20210106160248	41.5566
20210106160248	41.5566
20210106160248	41.9788
20210106160248	41.9788
20210106160248	41.9788
20210106160248	41.9788
20210106160248	42.3953
20210106160248	42.3953
20210106160248	42.8071
20210106160248	42.8071
20210106160248	42.8071
20210106160248	42.8071
20210106160248	43.2143
20210106160248	43.2143
20210106160248	43.2143
20210106160249	43.6171
20210106160249	43.6171
20210106160249	43.6171
20210106160249	44.0155
20210106160249	44.0155
20210106160249	44.0155
20210106160249	44.0155
20210106160249	44.5076
20210106160249	44.5076
20210106160249	44.5076
20210106160249	44.5076
20210106160249	44.8972
20210106160249	44.8972
20210106160249	45.2829
20210106160249	45.2829
20210106160249	45.2829
20210106160249	45.2829
20210106160249	45.6649
20210106160249	45.6649
20210106160249	45.6649
20210106160249	46.0434
20210106160249	46.0434
20210106160249	46.0434
20210106160249	46.512
20210106160249	46.512
20210106160249	46.512
20210106160249	46.512
20210106160249	46.8835
20210106160250	46.8835
20210106160250	46.8835
20210106160250	47.2524
20210106160250	47.2524
20210106160250	47.2524
20210106160250	47.6187
20210106160250	47.6187
20210106160250	47.6187
20210106160250	47.6187
20210106160250	48.0732
20210106160250	48.0732
20210106160250	48.0732
20210106160250	48.4343
20210106160250	48.4343
20210106160250	48.4343
20210106160250	48.7038
20210106160250	48.7038
20210106160250	48.7038
20210106160250	48.7038
20210106160250	49.1505
20210106160250	49.1505
20210106160250	49.1505
20210106160250	49.5056
20210106160250	49.5056
20210106160250	49.5056
20210106160250	49.8591
20210106160250	49.8591
20210106160250	49.8591
20210106160250	49.8591
20210106160250	50.2114
20210106160250	50.2114
20210106160250	50.2114
20210106160250	50.6501
20210106160250	50.6501
20210106160250	50.6501
20210106160250	50.9126
20210106160250	50.9126
20210106160250	50.9126
20210106160250	50.9126
20210106160250	51.349
20210106160251	51.349
20210106160251	51.349
20210106160251	51.6965
20210106160251	51.6965
20210106160251	51.6965
20210106160251	52.0435
20210106160251	52.0435
20210106160251	52.0435
20210106160251	52.0435
20210106160251	52.4764
20210106160251	52.4764
20210106160251	52.4764
20210106160251	52.7358
20210106160251	52.7358
20210106160251	52.7358
20210106160251	53.1677
20210106160251	53.1677
20210106160251	53.1677
20210106160251	53.1677
20210106160251	53.5129
20210106160251	53.5129
20210106160251	53.5129
20210106160251	53.8573
20210106160251	53.8573
20210106160251	53.8573
20210106160251	54.2015
20210106160251	54.2015
20210106160251	54.2015
20210106160251	54.2015
20210106160251	54.6317
20210106160251	54.6317
20210106160251	54.6317
20210106160252	54.9757
20210106160252	54.9757
20210106160252	54.9757
20210106160252	55.3198
20210106160252	55.3198
20210106160252	55.3198
20210106160252	55.3198
20210106160252	55.6638
20210106160252	55.6638
20210106160252	55.6638
20210106160252	55.6638
20210106160252	56.0072
20210106160252	56.0072
20210106160252	56.3507
20210106160252	56.3507
20210106160252	56.3507
20210106160252	56.3507
20210106160252	56.7804
20210106160252	56.7804
20210106160252	56.7804
20210106160252	57.1242
20210106160252	57.1242
20210106160252	57.1242
20210106160252	57.3823
20210106160252	57.3823
20210106160252	57.3823
20210106160252	57.3823
20210106160252	57.8127
20210106160252	57.8127
20210106160252	57.8127
20210106160252	58.1572
20210106160252	58.1572
20210106160252	58.1572
20210106160252	58.502
20210106160252	58.502
20210106160252	58.502
20210106160252	58.502
20210106160252	58.847
20210106160252	58.847
20210106160252	58.847
20210106160252	58.847
20210106160252	59.1923
20210106160253	59.1923
20210106160253	59.538
20210106160253	59.538
20210106160253	59.538
20210106160253	59.538
20210106160253	59.9706
20210106160253	59.9706
20210106160253	59.9706
20210106160253	59.9706
20210106160253	60.3181
20210106160253	60.3181
20210106160253	60.6658
20210106160253	60.6658
20210106160253	60.6658
20210106160253	60.6658
20210106160253	61.0136
20210106160253	61.0136
20210106160253	61.0136
20210106160253	61.0136
20210106160253	61.4489
20210106160253	61.4489
20210106160253	61.7102
20210106160253	61.7102
20210106160253	61.7102
20210106160253	61.7102
20210106160253	62.146
20210106160253	62.146
20210106160253	62.146
20210106160253	62.4966
20210106160253	62.4966
20210106160253	62.4966
20210106160253	62.8474
20210106160253	62.8474
20210106160253	62.8474
20210106160253	62.8474
20210106160253	63.2861
20210106160253	63.2861
20210106160253	63.2861
20210106160253	63.2861
20210106160253	63.6373
20210106160253	63.6373
20210106160253	63.9008
20210106160253	63.9008
20210106160253	63.9008
20210106160253	63.9008
20210106160254	64.3404
20210106160254	64.3404
20210106160254	64.3404
20210106160254	64.6943
20210106160254	64.6943
20210106160254	64.6943
20210106160254	65.0483
20210106160254	65.0483
20210106160254	65.0483
20210106160254	65.0483
20210106160254	65.4024
20210106160254	65.4024
20210106160254	65.4024
20210106160254	65.7567
20210106160254	65.7567
20210106160254	65.7567
20210106160254	66.1998
20210106160254	66.1998
20210106160254	66.1998
20210106160254	66.1998
20210106160254	66.5544
20210106160254	66.5544
20210106160254	66.5544
20210106160254	66.9123
20210106160254	66.9123
20210106160254	66.9123
20210106160254	67.27
20210106160254	67.27
20210106160254	67.27
20210106160254	67.27
20210106160254	67.6278
20210106160254	67.6278
20210106160254	67.6278
20210106160254	68.0751
20210106160254	68.0751
20210106160254	68.0751
20210106160254	68.3435
20210106160254	68.3435
20210106160254	68.3435
20210106160254	68.3435
20210106160254	68.791
20210106160254	68.791
20210106160254	68.791
20210106160254	68.791
20210106160254	69.1528
20210106160254	69.1528
20210106160254	69.5144
20210106160254	69.5144
20210106160254	69.5144
20210106160254	69.5144
20210106160254	69.8759
20210106160255	69.8759
20210106160255	69.8759
20210106160255	70.2373
20210106160255	70.2373
20210106160255	70.2373
20210106160255	70.5987
20210106160255	70.5987
20210106160255	70.5987
20210106160255	70.5987
20210106160255	71.0505
20210106160255	71.0505
20210106160255	71.0505
20210106160255	71.4157
20210106160255	71.4157
20210106160255	71.4157
20210106160255	71.7807
20210106160255	71.7807
20210106160255	71.7807
20210106160255	71.7807
20210106160255	72.1455
20210106160255	72.1455
20210106160255	72.1455
20210106160255	72.1455
20210106160255	72.5101
20210106160255	72.5101
20210106160255	72.9659
20210106160255	72.9659
20210106160255	72.9659
20210106160255	72.9659
20210106160256	73.3305
20210106160256	73.3305
20210106160256	73.3305
20210106160256	73.7
20210106160256	73.7
20210106160256	73.7
20210106160256	74.069
20210106160256	74.069
20210106160256	74.069
20210106160256	74.069
20210106160256	74.4379
20210106160256	74.4379
20210106160256	74.4379
20210106160256	74.8066
20210106160256	74.8066
20210106160256	74.8066
20210106160256	75.2673
20210106160256	75.2673
20210106160256	75.2673
20210106160256	75.2673
20210106160256	75.6358
20210106160256	75.6358
20210106160256	75.6358
20210106160256	75.6358
20210106160256	76.0103
20210106160256	76.0103
20210106160256	76.3842
20210106160256	76.3842
20210106160256	76.3842
20210106160256	76.3842
20210106160256	76.8512
20210106160256	76.8512
20210106160256	76.8512
20210106160256	77.1312
20210106160256	77.1312
20210106160256	77.1312
20210106160256	77.1312
20210106160256	77.5975
20210106160256	77.5975
20210106160256	77.5975
20210106160256	77.9703
20210106160256	77.9703
20210106160256	77.9703
20210106160256	78.3487
20210106160256	78.3487
20210106160256	78.3487
20210106160256	78.7267
20210106160257	78.7267
20210106160257	78.7267
20210106160257	78.7267
20210106160257	79.1041
20210106160257	79.1041
20210106160257	79.1041
20210106160257	79.4812
20210106160257	79.4812
20210106160257	79.4812
20210106160257	79.9521
20210106160257	79.9521
20210106160257	79.9521
20210106160257	79.9521
20210106160257	80.3286
20210106160257	80.3286
20210106160257	80.3286
20210106160257	80.7107
20210106160257	80.7107
20210106160257	80.7107
20210106160257	81.0922
20210106160257	81.0922
20210106160257	81.0922
20210106160257	81.0922
20210106160257	81.4732
20210106160257	81.4732
20210106160257	81.4732
20210106160257	81.8537
20210106160257	81.8537
20210106160257	81.8537
20210106160257	82.329
20210106160257	82.329
20210106160257	82.329
20210106160257	82.329
20210106160257	82.709
20210106160257	82.709
20210106160257	82.709
20210106160257	83.0888
20210106160258	83.0888
20210106160258	83.0888
20210106160258	83.4684
20210106160258	83.4684
20210106160258	83.4684
20210106160258	83.4684
20210106160258	83.9429
20210106160258	83.9429
20210106160258	83.9429
20210106160258	84.2234
20210106160258	84.2234
20210106160258	84.2234
20210106160258	84.6915
20210106160258	84.6915
20210106160258	84.6915
20210106160258	84.6915
20210106160258	85.0666
20210106160258	85.0666
20210106160258	85.0666
20210106160258	85.0666
20210106160258	85.4422
20210106160258	85.4422
20210106160258	85.8182
20210106160258	85.8182
20210106160258	85.8182
20210106160258	85.8182
20210106160258	86.1946
20210106160258	86.1946
20210106160258	86.1946
20210106160258	86.1946
20210106160258	86.5683
20210106160258	86.5683
20210106160258	86.9417
20210106160258	86.9417
20210106160258	86.9417
20210106160258	86.9417
20210106160258	87.4095
20210106160258	87.4095
20210106160258	87.4095
20210106160258	87.7846
20210106160258	87.7846
20210106160258	87.7846
20210106160258	88.1604
20210106160259	88.1604
20210106160259	88.1604
20210106160259	88.1604
20210106160259	88.6311
20210106160259	88.6311
20210106160259	88.6311
20210106160259	89.0061
20210106160259	89.0061
20210106160259	89.0061
20210106160259	89.2878
20210106160259	89.2878
20210106160259	89.2878
20210106160259	89.2878
20210106160259	89.7585
20210106160259	89.7585
20210106160259	89.7585
20210106160259	90.1357
20210106160259	90.1357
20210106160259	90.1357
20210106160259	90.5137
20210106160259	90.5137
20210106160259	90.5137
20210106160259	90.5137
20210106160259	90.987
20210106160259	90.987
20210106160259	90.987
20210106160259	91.2719
20210106160259	91.2719
20210106160259	91.2719
20210106160259	91.6523
20210106160259	91.6523
20210106160259	91.6523
20210106160259	91.6523
20210106160259	92.1285
20210106160259	92.1285
20210106160259	92.1285
20210106160259	92.5101
20210106160259	92.5101
20210106160259	92.5101
20210106160259	92.8922
20210106160259	92.8922
20210106160259	92.8922
20210106160259	92.8922
20210106160300	93.2747
20210106160300	93.2747
20210106160300	93.2747
20210106160300	93.7545
20210106160300	93.7545
20210106160300	93.7545
20210106160300	94.0429
20210106160300	94.0429
20210106160300	94.0429
20210106160300	94.0429
20210106160300	94.524
20210106160300	94.524
20210106160300	94.524
20210106160300	94.9094
20210106160300	94.9094
20210106160300	94.9094
20210106160300	95.2951
20210106160300	95.2951
20210106160300	95.2951
20210106160300	95.2951
20210106160300	95.6813
20210106160300	95.6813
20210106160300	95.6813
20210106160300	96.0696
20210106160300	96.0696
20210106160300	96.0696
20210106160300	96.556
20210106160301	96.556
20210106160301	96.556
20210106160301	96.556
20210106160301	96.9455
20210106160301	96.9455
20210106160301	96.9455
20210106160301	96.9455
20210106160301	97.3352
20210106160301	97.3352
20210106160301	97.7251
20210106160301	97.7251
20210106160301	97.7251
20210106160301	97.7251
20210106160301	98.1152
20210106160301	98.1152
20210106160301	98.1152
20210106160301	98.1152
20210106160301	98.6075
20210106160301	98.6075
20210106160301	99.0021
20210106160301	99.0021
20210106160301	99.0021
20210106160301	99.0021
20210106160301	99.3966
20210106160301	99.3966
20210106160301	99.3966
20210106160301	99.3966
20210106160301	99.7911
20210106160301	99.7911
20210106160301	100.186
20210106160301	100.186
20210106160301	100.186
20210106160301	100.186
20210106160301	100.679
20210106160301	100.679
20210106160301	100.679
20210106160301	101.079
20210106160301	101.079
20210106160301	101.079
20210106160301	101.378
20210106160301	101.378
20210106160301	101.378
20210106160301	101.378
20210106160301	101.878
20210106160301	101.878
20210106160301	101.878
20210106160301	102.276
20210106160302	102.276
20210106160302	102.276
20210106160302	102.675
20210106160302	102.675
20210106160302	102.675
20210106160302	102.675
20210106160302	103.173
20210106160302	103.173
20210106160302	103.173
20210106160302	103.578
20210106160302	103.578
20210106160302	103.578
20210106160302	103.981
20210106160302	103.981
20210106160302	103.981
20210106160302	103.981
20210106160302	104.384
20210106160302	104.384
20210106160302	104.384
20210106160302	104.787
20210106160302	104.787
20210106160302	104.787
20210106160302	105.19
20210106160302	105.19
20210106160302	105.19
20210106160302	105.19
20210106160302	105.592
20210106160302	105.592
20210106160302	105.592
20210106160302	106.101
20210106160302	106.101
20210106160302	106.101
20210106160302	106.509
20210106160302	106.509
20210106160302	106.509
20210106160302	106.509
20210106160302	106.916
20210106160302	106.916
20210106160302	106.916
20210106160302	106.916
20210106160302	107.323
20210106160303	107.323
20210106160303	107.729
20210106160303	107.729
20210106160303	107.729
20210106160303	107.729
20210106160303	108.135
20210106160303	108.135
20210106160303	108.135
20210106160303	108.135
20210106160303	108.545
20210106160303	108.545
20210106160303	109.06
20210106160303	109.06
20210106160303	109.06
20210106160303	109.06
20210106160303	109.47
20210106160303	109.47
20210106160303	109.47
20210106160303	109.88
20210106160303	109.88
20210106160303	109.88
20210106160303	110.289
20210106160303	110.289
20210106160303	110.289
20210106160303	110.289
20210106160303	110.697
20210106160303	110.697
20210106160303	110.697
20210106160303	111.111
20210106160303	111.111
20210106160303	111.111
20210106160303	111.525
20210106160303	111.525
20210106160303	111.525
20210106160303	111.525
20210106160303	112.041
20210106160304	112.041
20210106160304	112.041
20210106160304	112.453
20210106160304	112.453
20210106160304	112.453
20210106160304	112.864
20210106160304	112.864
20210106160304	112.864
20210106160304	112.864
20210106160304	113.275
20210106160304	113.275
20210106160304	113.275
20210106160304	113.275
20210106160304	113.691
20210106160304	113.691
20210106160304	114.213
20210106160304	114.213
20210106160304	114.213
20210106160304	114.213
20210106160304	114.629
20210106160304	114.629
20210106160304	114.629
20210106160304	114.629
20210106160304	115.044
20210106160304	115.044
20210106160304	115.458
20210106160304	115.458
20210106160304	115.458
20210106160304	115.458
20210106160304	115.871
20210106160304	115.871
20210106160304	115.871
20210106160304	115.871
20210106160304	116.29
20210106160304	116.29
20210106160304	116.71
