20210115191008	31.2302
20210115191008	25.1945
20210115191008	25.1945
20210115191008	25.1945
20210115191008	24.7353
20210115191008	24.7353
20210115191008	24.7353
20210115191008	24.2707
20210115191008	24.2707
20210115191008	24.2707
20210115191008	24.2707
20210115191008	23.8009
20210115191008	23.8009
20210115191008	23.8009
20210115191008	23.8009
20210115191008	23.2068
20210115191008	23.2068
20210115191008	22.8469
20210115191008	22.8469
20210115191008	22.8469
20210115191008	22.8469
20210115191008	22.2415
20210115191008	22.2415
20210115191008	22.2415
20210115191008	22.2415
20210115191008	21.7616
20210115191008	21.7616
20210115191008	21.2769
20210115191008	21.2769
20210115191008	21.2769
20210115191008	21.2769
20210115191008	20.6648
20210115191008	20.6648
20210115191008	20.6648
20210115191008	20.6648
20210115191008	20.2944
20210115191008	20.2944
20210115191008	19.672
20210115191008	19.672
20210115191008	19.672
20210115191008	19.672
20210115191008	19.1699
20210115191008	19.1699
20210115191009	19.1699
20210115191009	18.6714
20210115191009	18.6714
20210115191009	18.6714
20210115191009	18.169
20210115191009	18.169
20210115191009	18.169
20210115191009	18.169
20210115191009	17.6629
20210115191009	17.6629
20210115191009	17.6629
20210115191009	17.6629
20210115191009	17.1533
20210115191009	17.1533
20210115191009	16.5118
20210115191009	16.5118
20210115191009	16.5118
20210115191009	16.5118
20210115191009	15.9951
20210115191009	15.9951
20210115191009	15.9951
20210115191009	15.4801
20210115191009	15.4801
20210115191009	15.4801
20210115191009	14.9621
20210115191009	14.9621
20210115191009	14.9621
20210115191009	14.9621
20210115191009	14.4411
20210115191009	14.4411
20210115191009	14.4411
20210115191009	13.9175
20210115191009	13.9175
20210115191009	13.9175
20210115191009	13.3912
20210115191009	13.3912
20210115191009	13.3912
20210115191009	13.3912
20210115191009	12.7301
20210115191009	12.7301
20210115191009	12.7301
20210115191009	12.7301
20210115191010	12.2028
20210115191010	12.2028
20210115191010	11.6732
20210115191010	11.6732
20210115191010	11.6732
20210115191010	11.6732
20210115191010	11.1414
20210115191010	11.1414
20210115191010	11.1414
20210115191010	11.1414
20210115191010	10.6076
20210115191010	10.6076
20210115191010	10.0719
20210115191010	10.0719
20210115191010	10.0719
20210115191010	10.0719
20210115191010	9.39989
20210115191010	9.39989
20210115191010	9.39989
20210115191010	8.86308
20210115191010	8.86308
20210115191010	8.86308
20210115191010	8.32462
20210115191010	8.32462
20210115191010	8.32462
20210115191010	8.32462
20210115191010	7.78466
20210115191011	7.78466
20210115191011	7.78466
20210115191011	7.10779
20210115191011	7.10779
20210115191011	7.10779
20210115191011	6.70073
20210115191011	6.70073
20210115191011	6.70073
20210115191011	6.70073
20210115191011	6.02088
20210115191011	6.02088
20210115191011	6.02088
20210115191011	6.02088
20210115191011	5.47673
20210115191011	5.47673
20210115191011	4.93163
20210115191011	4.93163
20210115191011	4.93163
20210115191011	4.93163
20210115191011	4.24904
20210115191011	4.24904
20210115191011	4.24904
20210115191011	4.24904
20210115191011	3.70221
20210115191011	3.70221
20210115191011	3.29168
20210115191011	3.29168
20210115191011	3.29168
20210115191011	3.29168
20210115191011	2.6068
20210115191012	2.6068
20210115191012	2.6068
20210115191012	2.6068
20210115191012	2.05844
20210115191012	2.05844
20210115191012	1.50979
20210115191012	1.50979
20210115191012	1.50979
20210115191012	1.50979
20210115191012	0.960935
20210115191012	0.960935
20210115191012	0.960935
20210115191012	0.960935
20210115191012	0.411898
20210115191012	0.411898
20210115191012	-0.27452
20210115191012	-0.27452
20210115191012	-0.27452
20210115191012	-0.27452
20210115191012	-0.823662
20210115191012	-0.823662
20210115191012	-0.823662
20210115191012	-0.823662
20210115191012	-1.37295
20210115191012	-1.37295
20210115191012	-1.92201
20210115191012	-1.92201
20210115191012	-1.92201
20210115191013	-1.92201
20210115191013	-2.47082
20210115191013	-2.47082
20210115191013	-2.47082
20210115191013	-3.15634
20210115191013	-3.15634
20210115191013	-3.15634
20210115191013	-3.56735
20210115191013	-3.56735
20210115191013	-3.56735
20210115191013	-3.56735
20210115191013	-4.25174
20210115191013	-4.25174
20210115191013	-4.25174
20210115191013	-4.80022
20210115191013	-4.80022
20210115191013	-4.80022
20210115191013	-5.34793
20210115191013	-5.34793
20210115191013	-5.34793
20210115191013	-5.89478
20210115191013	-5.89478
20210115191013	-5.89478
20210115191013	-5.89478
20210115191013	-5.89478
20210115191013	-6.57707
20210115191013	-6.57707
20210115191013	-6.98577
20210115191013	-6.98577
20210115191013	-6.98577
20210115191013	-6.98577
20210115191013	-7.66577
20210115191013	-7.66577
20210115191013	-7.66577
20210115191013	-8.21048
20210115191013	-8.21048
20210115191013	-8.21048
20210115191013	-8.75398
20210115191013	-8.75398
20210115191013	-8.75398
20210115191013	-8.75398
20210115191013	-9.29621
20210115191014	-9.29621
20210115191014	-9.29621
20210115191014	-9.83716
20210115191014	-9.83716
20210115191014	-9.83716
20210115191014	-10.3768
20210115191014	-10.3768
20210115191014	-10.3768
20210115191014	-10.3768
20210115191014	-11.0494
20210115191014	-11.0494
20210115191014	-11.0494
20210115191014	-11.5876
20210115191014	-11.5876
20210115191014	-11.5876
20210115191014	-12.1242
20210115191014	-12.1242
20210115191014	-12.1242
20210115191014	-12.1242
20210115191014	-12.6592
20210115191014	-12.6592
20210115191014	-12.6592
20210115191014	-12.6592
20210115191014	-13.3258
20210115191014	-13.3258
20210115191014	-13.8572
20210115191014	-13.8572
20210115191014	-13.8572
20210115191014	-13.8572
20210115191014	-14.387
20210115191014	-14.387
20210115191015	-14.387
20210115191015	-14.387
20210115191015	-14.9179
20210115191015	-14.9179
20210115191015	-15.4467
20210115191015	-15.4467
20210115191015	-15.4467
20210115191015	-15.4467
20210115191015	-15.9735
20210115191015	-15.9735
20210115191015	-15.9735
20210115191015	-16.6292
20210115191015	-16.6292
20210115191015	-16.6292
20210115191015	-17.0211
20210115191015	-17.0211
20210115191015	-17.0211
20210115191015	-17.0211
20210115191015	-17.6716
20210115191015	-17.6716
20210115191015	-17.6716
20210115191015	-18.1919
20210115191015	-18.1919
20210115191015	-18.1919
20210115191015	-18.7099
20210115191015	-18.7099
20210115191015	-18.7099
20210115191015	-18.7099
20210115191015	-19.3541
20210115191015	-19.3541
20210115191015	-19.3541
20210115191015	-19.3541
20210115191015	-19.8667
20210115191015	-19.8667
20210115191015	-20.3768
20210115191015	-20.3768
20210115191015	-20.3768
20210115191015	-20.3768
20210115191015	-20.8845
20210115191015	-20.8845
20210115191015	-20.8845
20210115191015	-21.3924
20210115191015	-21.3924
20210115191016	-21.3924
20210115191016	-21.8975
20210115191016	-21.8975
20210115191016	-21.8975
20210115191016	-21.8975
20210115191016	-22.3998
20210115191016	-22.3998
20210115191016	-22.3998
20210115191016	-22.8993
20210115191016	-22.8993
20210115191016	-22.8993
20210115191016	-23.5197
20210115191016	-23.5197
20210115191016	-23.5197
20210115191016	-23.5197
20210115191016	-24.0129
20210115191016	-24.0129
20210115191016	-24.0129
20210115191016	-24.5055
20210115191016	-24.5055
20210115191016	-24.5055
20210115191016	-24.9951
20210115191016	-24.9951
20210115191016	-24.9951
20210115191016	-24.9951
20210115191016	-25.6024
20210115191016	-25.6024
20210115191016	-25.6024
20210115191016	-25.9645
20210115191016	-25.9645
20210115191016	-25.9645
20210115191016	-26.4444
20210115191016	-26.4444
20210115191016	-26.4444
20210115191016	-26.4444
20210115191016	-27.0397
20210115191016	-27.0397
20210115191016	-27.0397
20210115191016	-27.5149
20210115191016	-27.5149
20210115191016	-27.5149
20210115191016	-27.9865
20210115191016	-27.9865
20210115191017	-27.9865
20210115191017	-27.9865
20210115191017	-28.4546
20210115191017	-28.4546
20210115191017	-28.4546
20210115191017	-28.4546
20210115191017	-28.919
20210115191017	-28.919
20210115191017	-29.3797
20210115191017	-29.3797
20210115191017	-29.3797
20210115191017	-29.3797
20210115191017	-29.9504
20210115191017	-29.9504
20210115191017	-29.9504
20210115191017	-30.4049
20210115191017	-30.4049
20210115191017	-30.4049
20210115191017	-30.8554
20210115191017	-30.8554
20210115191017	-30.8554
20210115191017	-30.8554
20210115191017	-31.4127
20210115191017	-31.4127
20210115191017	-31.4127
20210115191017	-31.4127
20210115191017	-31.7441
20210115191017	-31.7441
20210115191017	-32.1823
20210115191017	-32.1823
20210115191017	-32.1823
20210115191017	-32.1823
20210115191017	-32.7241
20210115191017	-32.7241
20210115191017	-32.7241
20210115191017	-32.7241
20210115191017	-33.1549
20210115191017	-33.1549
20210115191017	-33.5811
20210115191017	-33.5811
20210115191017	-33.5811
20210115191017	-34.0028
20210115191017	-34.0028
20210115191017	-34.0028
20210115191017	-34.0028
20210115191017	-34.0028
20210115191017	-34.42
20210115191017	-34.42
20210115191017	-34.8324
20210115191017	-34.8324
20210115191017	-34.8324
20210115191017	-34.8324
20210115191017	-35.3414
20210115191017	-35.3414
20210115191017	-35.3414
20210115191017	-35.3414
20210115191017	-35.7458
20210115191017	-35.7458
20210115191018	-36.145
20210115191018	-36.145
20210115191018	-36.145
20210115191018	-36.145
20210115191018	-36.637
20210115191018	-36.637
20210115191018	-36.637
20210115191018	-36.9283
20210115191018	-36.9283
20210115191018	-36.9283
20210115191018	-37.4074
20210115191018	-37.4074
20210115191018	-37.4074
20210115191018	-37.4074
20210115191018	-37.7848
20210115191018	-37.7848
20210115191018	-37.7848
20210115191018	-38.1589
20210115191018	-38.1589
20210115191018	-38.1589
20210115191018	-38.5275
20210115191018	-38.5275
20210115191018	-38.5275
20210115191018	-38.5275
20210115191018	-38.8906
20210115191018	-38.8906
20210115191018	-38.8906
20210115191018	-39.3366
20210115191018	-39.3366
20210115191018	-39.3366
20210115191018	-39.6001
20210115191018	-39.6001
20210115191018	-39.6001
20210115191018	-39.6001
20210115191018	-40.0322
20210115191018	-40.0322
20210115191018	-40.0322
20210115191018	-40.3728
20210115191019	-40.3728
20210115191019	-40.3728
20210115191019	-40.7076
20210115191019	-40.7076
20210115191019	-40.7076
20210115191019	-40.7076
20210115191019	-41.1179
20210115191019	-41.1179
20210115191019	-41.1179
20210115191019	-41.1179
20210115191019	-41.3596
20210115191019	-41.3596
20210115191019	-41.7549
20210115191019	-41.7549
20210115191019	-41.7549
20210115191019	-41.7549
20210115191019	-42.0645
20210115191019	-42.0645
20210115191019	-42.0645
20210115191019	-42.0645
20210115191019	-42.3691
20210115191019	-42.3691
20210115191019	-42.6674
20210115191019	-42.6674
20210115191019	-42.6674
20210115191019	-42.6674
20210115191019	-42.9596
20210115191020	-42.9596
20210115191020	-42.9596
20210115191020	-42.9596
20210115191020	-43.2454
20210115191020	-43.2454
20210115191020	-43.525
20210115191020	-43.525
20210115191020	-43.525
20210115191020	-43.525
20210115191020	-43.8655
20210115191020	-43.8655
20210115191020	-43.8655
20210115191020	-44.1309
20210115191020	-44.1309
20210115191020	-44.1309
20210115191020	-44.3899
20210115191020	-44.3899
20210115191020	-44.3899
20210115191020	-44.3899
20210115191020	-44.6426
20210115191020	-44.6426
20210115191020	-44.6426
20210115191020	-44.6426
20210115191020	-44.8873
20210115191020	-44.8873
20210115191020	-45.1258
20210115191020	-45.1258
20210115191020	-45.1258
20210115191020	-45.1258
20210115191020	-45.4153
20210115191020	-45.4153
20210115191020	-45.4153
20210115191020	-45.4153
20210115191020	-45.64
20210115191021	-45.64
20210115191021	-45.8584
20210115191021	-45.8584
20210115191021	-45.8584
20210115191021	-45.8584
20210115191021	-46.0706
20210115191021	-46.0706
20210115191021	-46.0706
20210115191021	-46.2756
20210115191021	-46.2756
20210115191021	-46.2756
20210115191021	-46.4741
20210115191021	-46.4741
20210115191021	-46.4741
20210115191021	-46.4741
20210115191021	-46.7134
20210115191021	-46.7134
20210115191021	-46.7134
20210115191021	-46.7134
20210115191021	-46.8983
20210115191021	-46.8983
20210115191021	-47.0777
20210115191021	-47.0777
20210115191021	-47.0777
20210115191021	-47.0777
20210115191021	-47.2949
20210115191021	-47.2949
20210115191021	-47.2949
20210115191021	-47.2949
20210115191021	-47.4635
20210115191021	-47.4635
20210115191021	-47.5872
20210115191021	-47.5872
20210115191021	-47.5872
20210115191021	-47.5872
20210115191021	-47.7884
20210115191021	-47.7884
20210115191021	-47.7884
20210115191021	-47.7884
20210115191021	-47.9452
20210115191021	-47.9452
20210115191021	-48.0984
20210115191021	-48.0984
20210115191021	-48.0984
20210115191021	-48.0984
20210115191021	-48.2482
20210115191021	-48.2482
20210115191021	-48.2482
20210115191022	-48.2482
20210115191022	-48.3935
20210115191022	-48.3935
20210115191022	-48.5708
20210115191022	-48.5708
20210115191022	-48.5708
20210115191022	-48.5708
20210115191022	-48.7093
20210115191022	-48.7093
20210115191022	-48.7093
20210115191022	-48.8449
20210115191022	-48.8449
20210115191022	-48.8449
20210115191022	-48.9777
20210115191022	-48.9777
20210115191022	-48.9777
20210115191022	-48.9777
20210115191022	-49.1077
20210115191022	-49.1077
20210115191022	-49.1077
20210115191022	-49.2634
20210115191022	-49.2634
20210115191022	-49.2634
20210115191022	-49.3552
20210115191022	-49.3552
20210115191022	-49.3552
20210115191022	-49.3552
20210115191022	-49.5052
20210115191022	-49.5052
20210115191022	-49.5052
20210115191022	-49.5052
20210115191022	-49.6228
20210115191022	-49.6228
20210115191022	-49.7383
20210115191022	-49.7383
20210115191022	-49.7383
20210115191022	-49.8518
20210115191022	-49.8518
20210115191022	-49.8518
20210115191022	-49.8518
20210115191022	-49.8518
20210115191022	-49.9868
20210115191022	-49.9868
20210115191022	-50.0666
20210115191022	-50.0666
20210115191022	-50.0666
20210115191022	-50.0666
20210115191022	-50.1977
20210115191023	-50.1977
20210115191023	-50.1977
20210115191023	-50.1977
20210115191023	-50.301
20210115191023	-50.301
20210115191023	-50.4029
20210115191023	-50.4029
20210115191023	-50.4029
20210115191023	-50.4029
20210115191023	-50.5034
20210115191023	-50.5034
20210115191023	-50.5034
20210115191023	-50.599
20210115191023	-50.599
20210115191023	-50.599
20210115191023	-50.7172
20210115191023	-50.7172
20210115191023	-50.7172
20210115191023	-50.7172
20210115191023	-50.8108
20210115191023	-50.8108
20210115191023	-50.8108
20210115191024	-50.8108
20210115191024	-50.9036
20210115191024	-50.9036
20210115191024	-50.9956
20210115191024	-50.9956
20210115191024	-50.9956
20210115191024	-50.9956
20210115191024	-51.0869
20210115191024	-51.0869
20210115191024	-51.0869
20210115191024	-51.1731
20210115191024	-51.1731
20210115191024	-51.1731
20210115191024	-51.2591
20210115191024	-51.2591
20210115191024	-51.2591
20210115191024	-51.2591
20210115191024	-51.366
20210115191024	-51.366
20210115191024	-51.366
20210115191024	-51.4511
20210115191024	-51.4511
20210115191024	-51.4511
20210115191024	-51.5358
20210115191024	-51.5358
20210115191024	-51.5358
20210115191024	-51.5358
20210115191024	-51.6399
20210115191024	-51.6399
20210115191024	-51.6399
20210115191024	-51.6995
20210115191025	-51.6995
20210115191025	-51.6995
20210115191025	-51.7789
20210115191025	-51.7789
20210115191025	-51.7789
20210115191025	-51.7789
20210115191025	-51.8779
20210115191025	-51.8779
20210115191025	-51.8779
20210115191025	-51.9568
20210115191025	-51.9568
20210115191025	-51.9568
20210115191025	-52.0355
20210115191025	-52.0355
20210115191025	-52.0355
20210115191025	-52.0355
20210115191025	-52.1139
20210115191025	-52.1139
20210115191025	-52.1139
20210115191025	-52.2065
20210115191025	-52.2065
20210115191025	-52.2065
20210115191025	-52.2806
20210115191025	-52.2806
20210115191025	-52.2806
20210115191025	-52.2806
20210115191025	-52.3547
20210115191025	-52.3547
20210115191025	-52.3547
20210115191025	-52.4288
20210115191025	-52.4288
20210115191025	-52.4288
20210115191025	-52.5028
20210115191025	-52.5028
20210115191025	-52.5028
20210115191025	-52.5028
20210115191025	-52.5942
20210115191025	-52.5942
20210115191025	-52.5942
20210115191025	-52.6639
20210115191025	-52.6639
20210115191025	-52.6639
20210115191025	-52.7164
20210115191025	-52.7164
20210115191025	-52.7164
20210115191025	-52.7164
20210115191026	-52.8041
20210115191026	-52.8041
20210115191026	-52.8041
20210115191026	-52.8744
20210115191026	-52.8744
20210115191026	-52.8744
20210115191026	-52.9449
20210115191026	-52.9449
20210115191026	-52.9449
20210115191026	-52.9449
20210115191026	-53.0154
20210115191026	-53.0154
20210115191026	-53.0154
20210115191026	-53.0823
20210115191026	-53.0823
20210115191026	-53.0823
20210115191026	-53.1664
20210115191026	-53.1664
20210115191026	-53.1664
20210115191026	-53.1664
20210115191026	-53.234
20210115191026	-53.234
20210115191026	-53.234
20210115191027	-53.3018
20210115191027	-53.3018
20210115191027	-53.3018
20210115191027	-53.3698
20210115191027	-53.3698
20210115191027	-53.3698
20210115191027	-53.3698
20210115191027	-53.4379
20210115191027	-53.4379
20210115191027	-53.4379
20210115191027	-53.4379
20210115191027	-53.5027
20210115191027	-53.5027
20210115191027	-53.5678
20210115191027	-53.5678
20210115191027	-53.5678
20210115191027	-53.5678
20210115191027	-53.6496
20210115191027	-53.6496
20210115191027	-53.6496
20210115191027	-53.7153
20210115191027	-53.7153
20210115191027	-53.7153
20210115191027	-53.7812
20210115191027	-53.7812
20210115191027	-53.7812
20210115191027	-53.7812
20210115191027	-53.8632
20210115191027	-53.8632
20210115191027	-53.8632
20210115191027	-53.9107
20210115191027	-53.9107
20210115191027	-53.9107
20210115191028	-53.9744
20210115191028	-53.9744
20210115191028	-53.9744
20210115191028	-53.9744
20210115191028	-54.0544
20210115191028	-54.0544
20210115191028	-54.0544
20210115191028	-54.0544
20210115191028	-54.1187
20210115191028	-54.1187
20210115191028	-54.1832
20210115191028	-54.1832
20210115191028	-54.1832
20210115191028	-54.1832
20210115191028	-54.2633
20210115191028	-54.2633
20210115191028	-54.2633
20210115191028	-54.2633
20210115191028	-54.3097
20210115191028	-54.3097
20210115191028	-54.372
20210115191028	-54.372
20210115191028	-54.372
20210115191028	-54.372
20210115191028	-54.4501
20210115191028	-54.4501
20210115191028	-54.4501
20210115191028	-54.513
20210115191028	-54.513
20210115191028	-54.513
20210115191028	-54.576
20210115191028	-54.576
20210115191028	-54.576
20210115191028	-54.576
20210115191028	-54.6392
20210115191028	-54.6392
20210115191028	-54.6392
20210115191028	-54.7002
20210115191028	-54.7002
20210115191028	-54.7002
20210115191028	-54.7615
20210115191028	-54.7615
20210115191028	-54.7615
20210115191028	-54.7615
20210115191028	-54.8386
20210115191028	-54.8386
20210115191028	-54.8386
20210115191028	-54.9004
20210115191028	-54.9004
20210115191028	-54.9004
20210115191028	-54.9624
20210115191028	-54.9624
20210115191028	-54.9624
20210115191028	-54.9624
20210115191029	-55.0246
20210115191029	-55.0246
20210115191029	-55.0246
20210115191029	-55.1001
20210115191029	-55.1001
20210115191029	-55.1001
20210115191029	-55.1607
20210115191029	-55.1607
20210115191029	-55.1607
20210115191029	-55.1607
20210115191029	-55.2216
20210115191029	-55.2216
20210115191029	-55.2216
20210115191029	-55.2216
20210115191029	-55.2827
20210115191029	-55.2827
20210115191029	-55.344
20210115191029	-55.344
20210115191029	-55.344
20210115191029	-55.344
20210115191029	-55.4054
20210115191029	-55.4054
20210115191029	-55.4054
20210115191029	-55.4054
20210115191029	-55.4647
20210115191029	-55.4647
20210115191029	-55.5392
20210115191029	-55.5392
20210115191029	-55.5392
20210115191029	-55.5392
20210115191029	-55.599
20210115191029	-55.599
20210115191029	-55.599
20210115191029	-55.659
20210115191029	-55.659
20210115191030	-55.659
20210115191030	-55.7192
20210115191030	-55.7192
20210115191030	-55.7192
20210115191030	-55.7192
20210115191030	-55.7795
20210115191030	-55.7795
20210115191030	-55.7795
20210115191030	-55.8387
20210115191030	-55.8387
20210115191030	-55.8387
20210115191030	-55.913
20210115191030	-55.913
20210115191030	-55.913
20210115191030	-55.913
20210115191030	-55.9726
20210115191030	-55.9726
20210115191030	-55.9726
20210115191030	-56.0322
20210115191030	-56.0322
20210115191030	-56.0322
20210115191030	-56.0921
20210115191030	-56.0921
20210115191030	-56.0921
20210115191030	-56.0921
20210115191030	-56.152
20210115191030	-56.152
20210115191030	-56.152
20210115191030	-56.2258
20210115191030	-56.2258
20210115191030	-56.2258
20210115191030	-56.2701
20210115191030	-56.2701
20210115191030	-56.2701
20210115191030	-56.3442
20210115191030	-56.3442
20210115191030	-56.3442
20210115191030	-56.3442
20210115191030	-56.4035
20210115191030	-56.4035
20210115191030	-56.4035
20210115191030	-56.4629
20210115191030	-56.4629
20210115191030	-56.4629
20210115191030	-56.4629
20210115191030	-56.5223
20210115191030	-56.5223
20210115191030	-56.5223
20210115191030	-56.5223
20210115191030	-56.5962
20210115191030	-56.5962
20210115191030	-56.6554
20210115191030	-56.6554
20210115191030	-56.6554
20210115191030	-56.7146
20210115191030	-56.7146
20210115191030	-56.7146
20210115191030	-56.7146
20210115191030	-56.7738
20210115191030	-56.7738
20210115191031	-56.7738
20210115191031	-56.833
20210115191031	-56.833
20210115191031	-56.833
20210115191031	-56.833
20210115191031	-56.8922
20210115191031	-56.8922
20210115191031	-56.8922
20210115191031	-56.9659
20210115191031	-56.9659
20210115191031	-56.9659
20210115191031	-57.0101
20210115191031	-57.0101
20210115191031	-57.0101
20210115191031	-57.0101
20210115191031	-57.0837
20210115191031	-57.0837
20210115191031	-57.0837
20210115191031	-57.1426
20210115191031	-57.1426
20210115191031	-57.1426
20210115191031	-57.2015
20210115191031	-57.2015
20210115191031	-57.2015
20210115191031	-57.2015
20210115191031	-57.2603
20210115191031	-57.2603
20210115191031	-57.2603
20210115191031	-57.2603
20210115191031	-57.319
20210115191031	-57.319
20210115191031	-57.3923
20210115191031	-57.3923
20210115191031	-57.3923
20210115191031	-57.3923
20210115191031	-57.4509
20210115191031	-57.4509
20210115191031	-57.4509
20210115191031	-57.5094
20210115191031	-57.5094
20210115191031	-57.5094
20210115191031	-57.5679
20210115191031	-57.5679
20210115191031	-57.5679
20210115191031	-57.5679
20210115191031	-57.6264
20210115191031	-57.6264
20210115191031	-57.6264
20210115191031	-57.6264
20210115191031	-57.6854
20210115191031	-57.6854
20210115191031	-57.7591
20210115191031	-57.7591
20210115191031	-57.7591
20210115191031	-57.7591
20210115191031	-57.8179
20210115191031	-57.8179
20210115191031	-57.8179
20210115191031	-57.8179
20210115191031	-57.8767
20210115191031	-57.8767
20210115191031	-57.9354
20210115191031	-57.9354
20210115191031	-57.9354
20210115191031	-57.9354
20210115191032	-57.994
20210115191032	-57.994
20210115191032	-57.994
20210115191032	-58.0533
20210115191032	-58.0533
20210115191032	-58.0533
20210115191032	-58.1124
20210115191032	-58.1124
20210115191032	-58.1124
20210115191032	-58.1124
20210115191032	-58.1861
20210115191032	-58.1861
20210115191032	-58.1861
20210115191032	-58.2448
20210115191032	-58.2448
20210115191032	-58.2448
20210115191032	-58.3035
20210115191032	-58.3035
20210115191032	-58.3035
20210115191032	-58.3035
20210115191032	-58.3765
20210115191032	-58.3765
20210115191032	-58.3765
20210115191032	-58.4348
20210115191032	-58.4348
20210115191032	-58.4348
20210115191032	-58.4785
20210115191032	-58.4785
20210115191032	-58.4785
20210115191032	-58.4785
20210115191032	-58.5511
20210115191032	-58.5511
20210115191032	-58.5511
20210115191032	-58.6082
20210115191032	-58.6082
20210115191032	-58.6082
20210115191032	-58.6654
20210115191033	-58.6654
20210115191033	-58.6654
20210115191033	-58.6654
20210115191033	-58.7225
20210115191033	-58.7225
20210115191033	-58.7225
20210115191033	-58.7939
20210115191033	-58.7939
20210115191033	-58.7939
20210115191033	-58.8366
20210115191033	-58.8366
20210115191033	-58.8366
20210115191033	-58.8366
20210115191033	-58.9079
20210115191033	-58.9079
20210115191033	-58.9079
20210115191033	-58.9079
20210115191033	-58.9641
20210115191033	-58.9641
20210115191033	-59.0205
20210115191033	-59.0205
20210115191033	-59.0205
20210115191033	-59.0768
20210115191033	-59.0768
20210115191033	-59.0768
20210115191033	-59.0768
20210115191033	-59.0768
20210115191033	-59.1331
20210115191033	-59.1331
20210115191033	-59.2036
20210115191033	-59.2036
20210115191033	-59.2036
20210115191033	-59.2036
20210115191033	-59.2599
20210115191033	-59.2599
20210115191033	-59.2599
20210115191033	-59.2599
20210115191033	-59.3165
20210115191033	-59.3165
20210115191033	-59.3732
20210115191033	-59.3732
20210115191033	-59.3732
20210115191033	-59.3732
20210115191033	-59.4298
20210115191033	-59.4298
20210115191033	-59.4298
20210115191033	-59.4298
20210115191033	-59.4863
20210115191033	-59.4863
20210115191033	-59.5569
20210115191033	-59.5569
20210115191033	-59.5569
20210115191033	-59.5569
20210115191033	-59.6134
20210115191033	-59.6134
20210115191033	-59.6134
20210115191033	-59.6707
20210115191033	-59.6707
20210115191033	-59.6707
20210115191033	-59.7279
20210115191033	-59.7279
20210115191033	-59.7279
20210115191033	-59.7279
20210115191033	-59.785
20210115191033	-59.785
20210115191034	-59.785
20210115191034	-59.785
20210115191034	-59.842
20210115191034	-59.842
20210115191034	-59.899
20210115191034	-59.899
20210115191034	-59.899
20210115191034	-59.899
20210115191034	-59.9699
20210115191034	-59.9699
20210115191034	-59.9699
20210115191034	-59.9699
20210115191034	-60.0278
20210115191034	-60.0278
20210115191034	-60.0856
20210115191034	-60.0856
20210115191034	-60.0856
20210115191034	-60.0856
20210115191034	-60.1432
20210115191034	-60.1432
20210115191034	-60.1432
20210115191034	-60.2006
20210115191034	-60.2006
20210115191034	-60.2006
20210115191034	-60.2579
20210115191034	-60.2579
20210115191034	-60.2579
20210115191034	-60.2579
20210115191034	-60.3293
20210115191034	-60.3293
20210115191035	-60.3293
20210115191035	-60.3293
20210115191035	-60.3874
20210115191035	-60.3874
20210115191035	-60.4452
20210115191035	-60.4452
20210115191035	-60.4452
20210115191035	-60.4452
20210115191035	-60.5028
20210115191035	-60.5028
20210115191035	-60.5028
20210115191035	-60.5601
20210115191035	-60.5601
20210115191035	-60.5601
20210115191035	-60.6173
20210115191035	-60.6173
20210115191035	-60.6173
20210115191035	-60.6173
20210115191035	-60.6886
20210115191035	-60.6886
20210115191035	-60.6886
20210115191035	-60.6886
20210115191035	-60.7472
20210115191035	-60.7472
20210115191035	-60.8054
20210115191036	-60.8054
20210115191036	-60.8054
20210115191036	-60.8054
20210115191036	-60.8633
20210115191036	-60.8633
20210115191036	-60.8633
20210115191036	-60.921
20210115191036	-60.921
20210115191036	-60.921
20210115191036	-60.9785
20210115191036	-60.9785
20210115191036	-60.9785
20210115191036	-60.9785
20210115191036	-61.0501
20210115191036	-61.0501
20210115191036	-61.0501
20210115191036	-61.1091
20210115191036	-61.1091
20210115191036	-61.1091
20210115191036	-61.1677
20210115191036	-61.1677
20210115191036	-61.1677
20210115191036	-61.1677
20210115191036	-61.226
20210115191036	-61.226
20210115191036	-61.226
20210115191036	-61.226
20210115191036	-61.2841
20210115191036	-61.2841
20210115191036	-61.3418
20210115191036	-61.3418
20210115191036	-61.3418
20210115191036	-61.3418
20210115191036	-61.4138
20210115191036	-61.4138
20210115191036	-61.4138
20210115191036	-61.4138
20210115191036	-61.4733
20210115191036	-61.4733
20210115191036	-61.5324
20210115191036	-61.5324
20210115191036	-61.5324
20210115191036	-61.5324
20210115191036	-61.6057
20210115191036	-61.6057
20210115191036	-61.6057
20210115191036	-61.6057
20210115191036	-61.6494
20210115191036	-61.6494
20210115191036	-61.722
20210115191036	-61.722
20210115191037	-61.722
20210115191037	-61.722
20210115191037	-61.7797
20210115191037	-61.7797
20210115191037	-61.7797
20210115191037	-61.8399
20210115191037	-61.8399
20210115191037	-61.8399
20210115191037	-61.8995
20210115191037	-61.8995
20210115191037	-61.8995
20210115191037	-61.8995
20210115191037	-61.9736
20210115191037	-61.9736
20210115191037	-61.9736
20210115191037	-62.0177
20210115191037	-62.0177
20210115191037	-62.0177
20210115191037	-62.0908
20210115191037	-62.0908
20210115191037	-62.0908
20210115191037	-62.0908
20210115191037	-62.1489
20210115191037	-62.1489
20210115191037	-62.1489
20210115191037	-62.2093
20210115191037	-62.2093
20210115191037	-62.2093
20210115191037	-62.2693
20210115191037	-62.2693
20210115191037	-62.2693
20210115191037	-62.2693
20210115191038	-62.3288
20210115191038	-62.3288
20210115191038	-62.3288
20210115191038	-62.3878
20210115191038	-62.3878
20210115191038	-62.3878
20210115191038	-62.4464
20210115191038	-62.4464
20210115191038	-62.4464
20210115191038	-62.4464
20210115191038	-62.5191
20210115191038	-62.5191
20210115191038	-62.5191
20210115191038	-62.5191
20210115191038	-62.5798
20210115191038	-62.5798
20210115191038	-62.6401
20210115191038	-62.6401
20210115191038	-62.6401
20210115191038	-62.6401
20210115191038	-62.7146
20210115191038	-62.7146
20210115191038	-62.7146
20210115191038	-62.7146
20210115191038	-62.7738
20210115191038	-62.7738
20210115191038	-62.8325
20210115191038	-62.8325
20210115191038	-62.8325
20210115191038	-62.8325
20210115191038	-62.8909
20210115191038	-62.8909
20210115191038	-62.8909
20210115191038	-62.9522
20210115191038	-62.9522
20210115191038	-62.9522
20210115191038	-63.0129
20210115191038	-63.0129
20210115191038	-63.0129
20210115191038	-63.0129
20210115191038	-63.0731
20210115191038	-63.0731
20210115191038	-63.0731
20210115191038	-63.1327
20210115191038	-63.1327
20210115191038	-63.1327
20210115191038	-63.2067
20210115191039	-63.2067
20210115191039	-63.2067
20210115191039	-63.2067
20210115191039	-63.2655
20210115191039	-63.2655
20210115191039	-63.2655
20210115191039	-63.2655
20210115191039	-63.3274
20210115191039	-63.3274
20210115191039	-63.3886
20210115191039	-63.3886
20210115191039	-63.3886
20210115191039	-63.3886
20210115191039	-63.4643
20210115191039	-63.4643
20210115191039	-63.4643
20210115191039	-63.4643
20210115191039	-63.5093
20210115191039	-63.5093
20210115191039	-63.569
20210115191039	-63.569
20210115191039	-63.569
20210115191039	-63.569
20210115191039	-63.6428
20210115191040	-63.6428
20210115191040	-63.6428
20210115191040	-63.6428
20210115191040	-63.705
20210115191040	-63.705
20210115191040	-63.7664
20210115191040	-63.7664
20210115191040	-63.7664
20210115191040	-63.7664
20210115191040	-63.8273
20210115191040	-63.8273
20210115191040	-63.8273
20210115191040	-63.8877
20210115191040	-63.8877
20210115191040	-63.8877
20210115191040	-63.9624
20210115191040	-63.9624
20210115191040	-63.9624
20210115191040	-63.9624
20210115191040	-64.0216
20210115191040	-64.0216
20210115191040	-64.0216
20210115191040	-64.084
20210115191040	-64.084
20210115191040	-64.084
20210115191040	-64.1458
20210115191040	-64.1458
20210115191040	-64.1458
20210115191040	-64.1458
20210115191040	-64.2069
20210115191040	-64.2069
20210115191040	-64.2069
20210115191040	-64.2069
20210115191040	-64.2674
20210115191040	-64.2674
20210115191040	-64.3275
20210115191040	-64.3275
20210115191040	-64.3275
20210115191040	-64.3275
20210115191040	-64.4018
20210115191040	-64.4018
20210115191040	-64.4018
20210115191040	-64.4644
20210115191040	-64.4644
20210115191040	-64.4644
20210115191041	-64.5264
20210115191041	-64.5264
20210115191041	-64.5264
20210115191041	-64.5264
20210115191041	-64.5877
20210115191041	-64.5877
20210115191041	-64.5877
20210115191041	-64.6636
20210115191041	-64.6636
20210115191041	-64.6636
20210115191041	-64.7088
20210115191041	-64.7088
20210115191041	-64.7088
20210115191041	-64.7088
20210115191041	-64.7835
20210115191041	-64.7835
20210115191041	-64.7835
20210115191041	-64.7835
20210115191041	-64.8462
20210115191041	-64.8462
20210115191041	-64.9083
20210115191041	-64.9083
20210115191041	-64.9083
20210115191041	-64.9083
20210115191041	-64.9698
20210115191041	-64.9698
20210115191041	-64.9698
20210115191041	-65.0459
20210115191041	-65.0459
20210115191041	-65.0459
20210115191041	-65.0911
20210115191041	-65.0911
20210115191041	-65.0911
20210115191041	-65.0911
20210115191041	-65.166
20210115191041	-65.166
20210115191042	-65.166
20210115191042	-65.2283
20210115191042	-65.2283
20210115191042	-65.2283
20210115191042	-65.2899
20210115191042	-65.2899
20210115191042	-65.2899
20210115191042	-65.2899
20210115191042	-65.351
20210115191042	-65.351
20210115191042	-65.351
20210115191042	-65.351
20210115191042	-65.4115
20210115191042	-65.4115
20210115191042	-65.4863
20210115191042	-65.4863
20210115191042	-65.4863
20210115191042	-65.4863
20210115191042	-65.5457
20210115191042	-65.5457
20210115191042	-65.5457
20210115191042	-65.6081
20210115191042	-65.6081
20210115191042	-65.6081
20210115191042	-65.6698
20210115191042	-65.6698
20210115191042	-65.6698
20210115191042	-65.6698
20210115191042	-65.7309
20210115191042	-65.7309
20210115191042	-65.7309
20210115191042	-65.7914
20210115191042	-65.7914
20210115191042	-65.7914
20210115191042	-65.8514
20210115191043	-65.8514
20210115191043	-65.8514
20210115191043	-65.8514
20210115191043	-65.9258
20210115191043	-65.9258
20210115191043	-65.9258
20210115191043	-65.9879
20210115191043	-65.9879
20210115191043	-65.9879
20210115191043	-66.0493
20210115191043	-66.0493
20210115191043	-66.0493
20210115191043	-66.0493
20210115191043	-66.1102
20210115191043	-66.1102
20210115191043	-66.1102
20210115191043	-66.1102
20210115191043	-66.1855
20210115191043	-66.1855
20210115191043	-66.2452
20210115191043	-66.2452
20210115191043	-66.2452
20210115191043	-66.2452
20210115191043	-66.3045
20210115191043	-66.3045
20210115191043	-66.3045
20210115191043	-66.3045
20210115191043	-66.3666
20210115191043	-66.3666
20210115191043	-66.4281
20210115191043	-66.4281
20210115191043	-66.4281
20210115191043	-66.4281
20210115191043	-66.489
20210115191043	-66.489
20210115191043	-66.489
20210115191044	-66.489
20210115191044	-66.5493
20210115191044	-66.5493
20210115191044	-66.609
20210115191044	-66.609
20210115191044	-66.609
20210115191044	-66.609
20210115191044	-66.6831
20210115191044	-66.6831
20210115191044	-66.6831
20210115191044	-66.7451
20210115191044	-66.7451
20210115191044	-66.7451
20210115191044	-66.8065
20210115191044	-66.8065
20210115191044	-66.8065
20210115191044	-66.8065
20210115191044	-66.8673
20210115191044	-66.8673
20210115191044	-66.8673
20210115191044	-66.9275
20210115191044	-66.9275
20210115191044	-66.9275
20210115191044	-66.9872
20210115191044	-66.9872
20210115191044	-66.9872
20210115191044	-66.9872
20210115191044	-67.0612
20210115191044	-67.0612
20210115191044	-67.0612
20210115191044	-67.1233
20210115191044	-67.1233
20210115191045	-67.1233
20210115191045	-67.1848
20210115191045	-67.1848
20210115191045	-67.1848
20210115191045	-67.1848
20210115191045	-67.2607
20210115191045	-67.2607
20210115191045	-67.2607
20210115191045	-67.3208
20210115191045	-67.3208
20210115191045	-67.3208
20210115191045	-67.3656
20210115191045	-67.3656
20210115191045	-67.3656
20210115191045	-67.3656
20210115191045	-67.4397
20210115191045	-67.4397
20210115191045	-67.4397
20210115191045	-67.5015
20210115191045	-67.5015
20210115191045	-67.5015
20210115191045	-67.5627
20210115191045	-67.5627
20210115191045	-67.5627
20210115191045	-67.5627
20210115191045	-67.6384
20210115191045	-67.6384
20210115191045	-67.6384
20210115191045	-67.6384
20210115191045	-67.6983
20210115191045	-67.6983
20210115191045	-67.7429
20210115191045	-67.7429
20210115191045	-67.7429
20210115191045	-67.7429
20210115191045	-67.8167
20210115191045	-67.8167
20210115191045	-67.8167
20210115191045	-67.8167
20210115191045	-67.8752
20210115191045	-67.8752
20210115191045	-67.9333
20210115191045	-67.9333
20210115191045	-67.9333
20210115191045	-67.9333
20210115191045	-68.0059
20210115191045	-68.0059
20210115191045	-68.0059
20210115191045	-68.0059
20210115191045	-68.0502
20210115191045	-68.0502
20210115191045	-68.1234
20210115191045	-68.1234
20210115191046	-68.1234
20210115191046	-68.1234
20210115191046	-68.1816
20210115191046	-68.1816
20210115191046	-68.1816
20210115191046	-68.1816
20210115191046	-68.2393
20210115191046	-68.2393
20210115191046	-68.2966
20210115191046	-68.2966
20210115191046	-68.2966
20210115191046	-68.2966
20210115191046	-68.3537
20210115191046	-68.3537
20210115191046	-68.3537
20210115191046	-68.3537
20210115191046	-68.4269
20210115191046	-68.4269
20210115191046	-68.4705
20210115191046	-68.4705
20210115191046	-68.4705
20210115191046	-68.4705
20210115191046	-68.5427
20210115191046	-68.5427
20210115191046	-68.5427
20210115191046	-68.6
20210115191046	-68.6
20210115191046	-68.6
20210115191046	-68.657
20210115191046	-68.657
20210115191046	-68.657
20210115191046	-68.657
20210115191046	-68.7137
20210115191046	-68.7137
20210115191046	-68.7137
20210115191046	-68.786
20210115191046	-68.786
20210115191046	-68.786
20210115191046	-68.8292
20210115191046	-68.8292
20210115191046	-68.8292
20210115191046	-68.8292
20210115191046	-68.9006
20210115191046	-68.9006
20210115191046	-68.9006
