20210111015213	3
20210111015214	3
20210111015216	3
20210111015217	3
20210111015219	3
20210111015220	3
20210111015222	3
20210111015223	3
20210111015225	3
20210111015227	3
20210111015228	3
20210111015229	3
20210111015231	3
20210111015233	3
20210111015234	3
20210111015235	3
20210111015236	3
20210111015236	3
20210111015237	3
20210111015239	3
20210111015240	3
20210111015242	3
20210111015243	3
20210111015244	3
20210111015244	3
20210111015246	3
20210111015247	3
20210111015248	3
20210111015248	3
20210111015250	3
20210111015251	3
20210111015252	3
20210111015254	3
20210111015255	3
20210111015256	3
20210111015257	3
20210111015258	3
20210111015300	3
20210111015301	3
20210111015302	3
20210111015304	3
20210111015306	3
20210111015307	3
20210111015308	3
20210111015309	3
20210111015311	3
20210111015312	3
20210111015313	3
20210111015314	3
20210111015315	3
20210111015317	3
20210111015318	3
20210111015319	3
20210111015320	3
20210111015322	3
20210111015322	3
20210111015324	3
20210111015325	3
20210111015326	3
20210111015327	3
20210111015329	3
20210111015330	3
20210111015331	3
20210111015332	3
20210111015333	3
20210111015334	3
20210111015336	3
20210111015337	3
20210111015338	3
20210111015339	3
20210111015340	3
20210111015342	3
20210111015342	3
20210111015343	3
20210111015344	3
