20210122161501	3
20210122161502	3
20210122161504	3
20210122161505	3
20210122161506	3
20210122161507	3
20210122161508	3
20210122161509	3
20210122161511	3
20210122161512	3
20210122161513	3
20210122161515	3
20210122161516	3
20210122161517	3
20210122161519	3
20210122161519	3
20210122161520	3
20210122161522	3
20210122161523	3
20210122161525	3
20210122161526	3
20210122161528	3
20210122161528	3
20210122161529	3
20210122161530	3
20210122161532	3
20210122161533	3
20210122161534	3
20210122161535	3
20210122161536	3
20210122161537	3
20210122161539	3
20210122161540	3
20210122161541	3
20210122161542	3
20210122161544	3
20210122161545	3
20210122161546	3
20210122161547	3
20210122161548	3
20210122161549	3
20210122161551	3
20210122161552	3
20210122161553	3
20210122161554	3
20210122161555	3
20210122161556	3
20210122161557	3
20210122161559	3
20210122161600	3
20210122161601	3
20210122161603	3
20210122161604	3
20210122161719	3
20210122161720	3
20210122161722	3
20210122161723	3
20210122161724	3
20210122161725	3
20210122161726	3
20210122161727	3
20210122161728	3
20210122161729	3
20210122161730	3
20210122161732	3
20210122161733	3
20210122161734	3
20210122161735	3
20210122161737	3
20210122161738	3
20210122161739	3
20210122161739	3
20210122161741	3
20210122161742	3
20210122161743	3
20210122161816	3
20210122161817	3
20210122161818	3
20210122161820	3
20210122161821	3
20210122161822	3
20210122161823	3
20210122161824	3
20210122161825	3
20210122161826	3
20210122161827	3
20210122161828	3
20210122161830	3
20210122161831	3
20210122161832	3
20210122161833	3
20210122161834	3
20210122161836	3
20210122161837	3
20210122161838	3
20210122161839	3
20210122161841	3
20210122161842	3
20210122161844	3
20210122161844	3
20210122161846	3
20210122161847	3
20210122161848	3
20210122161849	3
20210122161851	3
20210122161852	3
20210122161853	3
20210122161855	3
20210122161856	3
20210122161857	3
20210122161858	3
20210122161859	3
20210122161900	3
20210122161902	3
20210122161903	3
20210122161904	3
20210122161905	3
20210122161907	3
20210122161908	3
20210122161909	3
20210122161911	3
20210122161912	3
20210122161913	3
20210122161914	3
20210122161915	3
20210122161916	3
20210122161918	3
20210122162341	3
20210122162343	3
20210122162344	3
20210122162345	3
20210122162346	3
20210122162347	3
20210122162348	3
20210122162349	3
20210122162350	3
20210122162351	3
20210122162353	3
20210122162354	3
20210122162355	3
20210122162356	3
