20210115144747	0.390802
20210115144748	0.439601
20210115144748	0.497722
20210115144749	0.480839
20210115144749	0.559158
20210115144750	0.713848
20210115144750	0.93431
20210115144751	1.53649
20210115144751	1.53649
20210115144752	1.53649
20210115144752	1.53649
20210115144753	1.53649
20210115144753	1.53649
20210115144754	1.53649
20210115144754	1.53649
20210115144755	1.53649
20210115144755	1.53649
20210115144756	2.14391
20210115144756	2.02797
20210115144757	1.82689
20210115144757	1.5883
20210115144758	1.42119
20210115144758	1.34959
20210115144759	1.34048
20210115144759	1.11107
20210115144800	0.851115
20210115144800	0.634247
20210115144801	0.465644
20210115144801	0.299726
20210115144802	0.0629983
20210115144802	-0.08586
20210115144803	-0.140157
20210115144803	-0.157676
20210115144804	-0.149178
20210115144804	-0.0987975
20210115144805	-0.0569173
20210115144805	-0.0420006
20210115144806	-0.0410247
20210115144806	-0.040988
20210115144807	-0.0283652
20210115144807	-0.0294271
20210115144808	-0.0446518
20210115144808	-0.0646682
20210115144809	-0.0847637
20210115144809	-0.101035
20210115144810	-0.109979
20210115144810	-0.0648339
20210115144811	-0.0507903
20210115144811	-0.0672539
20210115144812	-0.0767187
20210115144812	-0.0834857
20210115144813	-0.0645912
20210115144813	-0.0426351
20210115144814	-0.0313642
20210115144814	-0.0385322
20210115144815	-0.055349
20210115144815	-0.0692431
20210115144816	-0.0297155
20210115144816	-0.0225293
20210115144817	-0.000326665
20210115144817	-0.00199947
20210115144818	-0.0172383
20210115144818	-0.0158261
20210115144819	-0.0184957
20210115144819	-0.0316043
20210115144820	-0.0429154
20210115144820	-0.062377
20210115144821	-0.0833127
20210115144821	-0.0327769
20210115144822	-0.00793073
20210115144822	-0.000418318
20210115144823	0.00253542
20210115144823	-0.0107931
20210115144824	-0.0152861
20210115144824	-0.00927454
20210115144825	-0.00955953
20210115144825	-0.0434979
20210115144826	-0.0551643
20210115144826	-0.0286297
20210115144827	0.0165264
20210115144827	0.0358154
20210115144828	0.0198986
20210115144828	-0.00746834
20210115144829	-0.0239122
20210115144829	-0.00602829
20210115144830	0.0165799
20210115144830	0.0109743
20210115144831	-0.112536
20210115144831	-0.245669
20210115144832	-0.372611
20210115144832	-0.505486
20210115144833	-0.624655
20210115144833	-0.733899
20210115144834	-0.884875
20210115144834	-1.06116
20210115144835	-1.2329
20210115144835	-1.38258
20210115144836	-1.4948
20210115144836	-1.54631
20210115144837	-1.56756
20210115144837	-1.57849
20210115144838	-1.58652
20210115144838	-1.59261
20210115144839	-1.59662
20210115144839	-1.59736
20210115144840	-1.59536
20210115144840	-1.59459
20210115144841	-1.59591
20210115144841	-1.59959
20210115144842	-1.60323
20210115144842	-1.60546
20210115144843	-1.60698
20210115144843	-1.60977
20210115144844	-1.61255
20210115144844	-1.61176
20210115144845	-1.60933
20210115144845	-1.60799
20210115144846	-1.60844
20210115144846	-1.60827
20210115144847	-1.60895
20210115144847	-1.61068
20210115144848	-1.61214
20210115144848	-1.61188
20210115144849	-1.61148
20210115144849	-1.61021
20210115144850	-1.60537
20210115144850	-1.60129
20210115144851	-1.59978
20210115144851	-1.59965
20210115144852	-1.5986
20210115144852	-1.60012
20210115144853	-1.60076
20210115144853	-1.59977
20210115144854	-1.59741
20210115144854	-1.59862
20210115144855	-1.59766
20210115144855	-1.59343
20210115144856	-1.59195
20210115144856	-1.57829
20210115144857	-1.54761
20210115144857	-1.50941
20210115144858	-1.49144
20210115144858	-1.48442
20210115144859	-1.48369
20210115144859	-1.48559
20210115144900	-1.48673
20210115144900	-1.48662
20210115144901	-1.48769
20210115144901	-1.48705
20210115144902	-1.48444
20210115144902	-1.48322
20210115144903	-1.48349
20210115144903	-1.48566
20210115144904	-1.48879
20210115144904	-1.49256
20210115144905	-1.49639
20210115144905	-1.49908
20210115144906	-1.50101
20210115144906	-1.50393
20210115144907	-1.50674
20210115144907	-1.50904
20210115144908	-1.51088
20210115144908	-1.51122
20210115144909	-1.51112
20210115144909	-1.50899
20210115144910	-1.50692
20210115144910	-1.50481
20210115144911	-1.50425
20210115144911	-1.52408
20210115144912	-1.56922
20210115144912	-1.54896
20210115144913	-1.52186
20210115144913	-1.50889
20210115144914	-1.55049
20210115144914	-1.59825
20210115144915	-1.61334
20210115144915	-1.55626
20210115144916	-1.52251
20210115144916	-1.5084
20210115144917	-1.50555
20210115144917	-1.50587
20210115144918	-1.50782
20210115144918	-1.56155
20210115144919	-1.57307
20210115144919	-1.5273
20210115144920	-1.49374
20210115144920	-1.48265
20210115144921	-1.5265
20210115144921	-1.58672
20210115144922	-1.60648
20210115144922	-1.5806
20210115144923	-1.53011
20210115144923	-1.50235
20210115144924	-1.49449
20210115144924	-1.52299
20210115144925	-1.56439
20210115144925	-1.57979
20210115144926	-1.55278
20210115144926	-1.49925
20210115144927	-1.48024
20210115144927	-1.47548
20210115144928	-1.54721
20210115144928	-1.59627
20210115144929	-1.60135
20210115144929	-1.56247
20210115144930	-1.51145
20210115144930	-1.49241
20210115144931	-1.48617
20210115144931	-1.53809
20210115144932	-1.58
20210115144932	-1.56859
20210115144933	-1.5147
20210115144933	-1.48518
20210115144934	-1.47908
20210115144934	-1.49956
20210115144935	-1.576
20210115144935	-1.60577
20210115144936	-1.58999
20210115144936	-1.53223
20210115144937	-1.50095
20210115144937	-1.49057
20210115144938	-1.50235
20210115144938	-1.55844
20210115144939	-1.57463
20210115144939	-1.53789
20210115144940	-1.49193
20210115144940	-1.47528
20210115144941	-1.46942
20210115144941	-1.54679
20210115144942	-1.59599
20210115144942	-1.60276
20210115144943	-1.56177
20210115144943	-1.51183
20210115144944	-1.49569
20210115144944	-1.49249
20210115144945	-1.52595
20210115144945	-1.56577
20210115144946	-1.55148
20210115144946	-1.50375
20210115144947	-1.47715
20210115144947	-2.2852
20210115144948	-2.45525
20210115144948	-2.64845
20210115144949	-2.78372
20210115144949	-2.84684
20210115144950	-2.82617
20210115144950	-2.82354
20210115144951	-2.83502
20210115144951	-2.81229
20210115144952	-2.80937
20210115144952	-2.88363
20210115144953	-2.91591
20210115144953	-2.93535
20210115144954	-2.958
20210115144954	-2.91331
20210115144955	-2.92974
20210115144955	-3.00428
20210115144956	-3.02864
20210115144956	-3.01914
20210115144957	-2.99718
20210115144957	-2.98313
20210115144958	-3.02996
20210115144958	-3.04175
20210115144959	-3.04355
20210115144959	-3.05311
20210115145000	-3.01686
20210115145000	-3.03198
20210115145001	-3.05631
20210115145001	-3.04219
20210115145002	-3.05534
20210115145002	-3.07584
20210115145003	-3.05707
20210115145003	-2.99742
20210115145004	-3.05105
20210115145004	-3.1175
20210115145005	-3.12265
20210115145005	-3.10203
20210115145006	-3.05596
20210115145006	-3.0577
20210115145007	-3.09785
20210115145007	-3.09272
20210115145008	-3.0885
20210115145008	-3.09843
20210115145009	-3.10497
20210115145009	-3.02019
20210115145010	-3.04839
20210115145010	-3.13068
20210115145011	-3.15019
20210115145011	-3.13388
20210115145012	-3.09212
20210115145012	-3.06224
20210115145013	-3.11388
20210115145013	-3.11762
20210115145014	-3.114
20210115145014	-3.12719
20210115145015	-3.11184
20210115145015	-3.0389
20210115145016	-3.10377
20210115145016	-3.1664
20210115145017	-3.16916
20210115145017	-3.13735
20210115145018	-3.07647
20210115145018	-3.11467
20210115145019	-3.14821
20210115145019	-3.1412
20210115145020	-3.14766
20210115145020	-3.14635
20210115145021	-3.04933
20210115145021	-3.08814
20210115145022	-3.17095
20210115145022	-3.19403
20210115145023	-3.18966
20210115145023	-3.12034
20210115145024	-3.0898
20210115145024	-3.15513
20210115145025	-3.14517
20210115145025	-3.14334
20210115145026	-3.15686
20210115145026	-3.09621
20210115145027	-3.05392
20210115145027	-3.13859
20210115145028	-3.19155
20210115145028	-3.19951
20210115145029	-3.11316
20210115145029	-3.04669
20210115145030	-3.10515
20210115145030	-3.12517
20210115145031	-3.08131
20210115145031	-3.10018
20210115145032	-3.10916
20210115145032	-3.13158
20210115145033	-3.01648
20210115145033	-3.14811
20210115145034	-3.22859
20210115145034	-3.30905
20210115145035	-3.4002
20210115145035	-3.50756
20210115145036	-3.58302
20210115145036	-3.63093
20210115145037	-3.68049
20210115145037	-3.762
20210115145038	-3.8574
20210115145038	-3.936
20210115145039	-3.88685
20210115145039	-3.86717
20210115145040	-3.84882
20210115145040	-3.88766
20210115145041	-4.34326
20210115145041	-4.43235
20210115145042	-4.46031
20210115145042	-4.29192
20210115145043	-4.24557
20210115145043	-4.22233
20210115145044	-4.31147
20210115145044	-4.47922
20210115145045	-4.55208
20210115145045	-4.54875
20210115145046	-4.24726
20210115145046	-4.17917
20210115145047	-4.20083
20210115145047	-4.30004
20210115145048	-4.46259
20210115145048	-4.55612
20210115145049	-4.55641
20210115145049	-4.34098
20210115145050	-4.27874
20210115145050	-4.29835
20210115145051	-4.39008
20210115145051	-4.53075
20210115145052	-4.60123
20210115145052	-4.52513
20210115145053	-4.32967
20210115145053	-4.27002
20210115145054	-4.29227
20210115145054	-4.39156
20210115145055	-4.52385
20210115145055	-4.59755
20210115145056	-4.53473
20210115145056	-4.36284
20210115145057	-4.29829
20210115145057	-4.32007
20210115145058	-4.42537
20210115145058	-4.54707
20210115145059	-4.61231
20210115145059	-4.50563
20210115145100	-4.35733
20210115145100	-4.31492
20210115145101	-4.33815
20210115145101	-4.43766
20210115145102	-4.55548
20210115145102	-4.62737
20210115145103	-4.55126
20210115145103	-4.38019
20210115145104	-4.31613
20210115145104	-4.33683
20210115145105	-4.43361
20210115145105	-4.55063
20210115145106	-4.62348
20210115145106	-4.58364
20210115145107	-4.42618
20210115145107	-4.35886
20210115145108	-4.35727
20210115145108	-4.42932
20210115145109	-4.52777
20210115145109	-4.61944
20210115145110	-4.6369
20210115145110	-4.46499
20210115145111	2.46403
20210115145111	2.4389
20210115145112	2.32883
20210115145112	2.15489
20210115145113	1.94355
20210115145113	1.81349
20210115145114	1.75684
20210115145114	1.72253
20210115145115	1.67097
20210115145115	1.60279
20210115145116	1.58086
20210115145116	1.6213
20210115145117	1.67002
20210115145117	1.65252
20210115145118	1.57754
20210115145118	1.53525
20210115145119	1.58744
20210115145119	1.65271
20210115145120	1.6394
20210115145120	1.56498
20210115145121	1.49086
20210115145121	1.50831
20210115145122	1.6145
20210115145122	1.66892
20210115145123	1.65858
20210115145123	1.58308
20210115145124	1.4857
20210115145124	1.46568
20210115145125	1.55299
20210115145125	1.6336
20210115145126	1.66511
20210115145126	1.64041
20210115145127	1.5441
20210115145127	1.45767
20210115145128	1.46451
20210115145128	1.56879
20210115145129	1.64979
20210115145129	1.65842
20210115145130	1.58998
20210115145130	1.48438
20210115145131	1.42817
20210115145131	1.4744
20210115145132	1.59157
20210115145132	1.66937
20210115145133	1.67055
20210115145133	1.59196
20210115145134	1.48612
20210115145134	1.43506
20210115145135	1.45461
20210115145135	1.56414
20210115145136	1.65424
20210115145136	1.66857
20210115145137	1.60352
20210115145137	1.49334
20210115145138	1.43019
20210115145138	1.47352
20210115145139	1.58667
20210115145139	1.643
20210115145140	1.63013
20210115145140	1.53769
20210115145141	1.43946
20210115145141	1.41957
20210115145142	1.50415
20210115145142	1.61642
20210115145143	1.6661
20210115145143	1.65961
20210115145144	1.5903
20210115145144	1.48063
20210115145145	1.42311
20210115145145	1.44859
20210115145146	1.56494
20210115145146	1.6499
20210115145147	1.65599
20210115145147	1.58352
