20210104211657	2000
20210104211657	2000
20210104211657	2000
20210104211657	2000
20210104211657	2000
20210104211657	2000
20210104211657	2000
20210104211657	2000
20210104211657	2000
20210104211657	2000
20210104211657	2000
20210104211657	2000
20210104211657	2000
20210104211657	2000
20210104211657	2000
20210104211657	2000
20210104211657	2000
20210104211657	2000
20210104211657	2000
20210104211657	2000
20210104211657	2000
20210104211657	2000
20210104211657	2000
20210104211657	2000
20210104211657	2000
20210104211657	2000
20210104211657	2000
20210104211657	2000
20210104211657	2000
20210104211657	2000
20210104211657	2000
20210104211657	2000
20210104211658	2000
20210104211658	2000
20210104211658	2000
20210104211658	2000
20210104211658	2000
20210104211658	2000
20210104211658	2000
20210104211658	2000
20210104211658	2000
20210104211658	2000
20210104211658	2000
20210104211658	2000
20210104211658	2000
20210104211658	2000
20210104211658	2000
20210104211658	2000
20210104211658	2000
20210104211658	2000
20210104211658	2000
20210104211658	2000
20210104211658	2000
20210104211658	2000
20210104211658	2000
20210104211658	2000
20210104211658	2000
20210104211658	2000
20210104211658	2000
20210104211658	2000
20210104211658	2000
20210104211658	2000
20210104211658	2000
20210104211658	2000
20210104211658	2000
20210104211658	2000
20210104211658	2000
20210104211658	2000
20210104211658	2000
20210104211658	2000
20210104211658	2000
20210104211658	2000
20210104211658	2000
20210104211658	2000
20210104211658	2000
20210104211658	2000
20210104211658	2000
20210104211658	2000
20210104211658	2000
20210104211658	2000
20210104211658	2000
20210104211658	2000
20210104211658	2000
20210104211658	2000
20210104211658	2000
20210104211658	2000
20210104211658	2000
20210104211659	2000
20210104211659	2000
20210104211659	2000
20210104211659	2000
20210104211659	1977.46
20210104211659	1977.46
20210104211659	1977.46
20210104211659	1977.46
20210104211659	1977.46
20210104211659	1977.46
20210104211659	1977.46
20210104211659	1977.46
20210104211659	1977.46
20210104211659	1945.63
20210104211659	1945.63
20210104211659	1945.63
20210104211659	1945.63
20210104211659	1945.63
20210104211659	1945.63
20210104211659	1945.63
20210104211659	1945.63
20210104211659	1945.63
20210104211659	1945.63
20210104211659	1913.8
20210104211659	1913.8
20210104211659	1913.8
20210104211659	1913.8
20210104211659	1913.8
20210104211659	1913.8
20210104211659	1913.8
20210104211659	1913.8
20210104211659	1913.8
20210104211659	1913.8
20210104211659	1913.8
20210104211659	1881.97
20210104211659	1881.97
20210104211659	1881.97
20210104211659	1881.97
20210104211659	1881.97
20210104211659	1881.97
20210104211659	1881.97
20210104211659	1881.97
20210104211659	1881.97
20210104211659	1850.14
20210104211659	1850.14
20210104211659	1850.14
20210104211659	1850.14
20210104211659	1850.14
20210104211659	1850.14
20210104211659	1850.14
20210104211659	1850.14
20210104211659	1850.14
20210104211700	1850.14
20210104211700	1850.14
20210104211700	1802.39
20210104211700	1802.39
20210104211700	1802.39
20210104211700	1802.39
20210104211700	1802.39
20210104211700	1802.39
20210104211700	1802.39
20210104211700	1802.39
20210104211700	1802.39
20210104211700	1802.39
20210104211700	1770.56
20210104211700	1770.56
20210104211700	1770.56
20210104211700	1770.56
20210104211700	1770.56
20210104211700	1770.56
20210104211700	1770.56
20210104211700	1770.56
20210104211700	1770.56
20210104211700	1770.56
20210104211700	1738.73
20210104211700	1738.73
20210104211700	1738.73
20210104211700	1738.73
20210104211700	1738.73
20210104211700	1738.73
20210104211700	1738.73
20210104211700	1738.73
20210104211700	1738.73
20210104211700	1738.73
20210104211700	1706.9
20210104211700	1706.9
20210104211700	1706.9
20210104211700	1706.9
20210104211700	1706.9
20210104211700	1706.9
20210104211700	1706.9
20210104211700	1706.9
20210104211700	1706.9
20210104211700	1690.99
20210104211700	1690.99
20210104211700	1690.99
20210104211700	1690.99
20210104211700	1690.99
20210104211700	1690.99
20210104211700	1690.99
20210104211700	1690.99
20210104211700	1690.99
20210104211700	1690.99
20210104211701	1690.99
20210104211701	1659.16
20210104211701	1659.16
20210104211701	1659.16
20210104211701	1659.16
20210104211701	1659.16
20210104211701	1659.16
20210104211701	1659.16
20210104211701	1659.16
20210104211701	1659.16
20210104211701	1659.16
20210104211701	1627.32
20210104211701	1627.32
20210104211701	1627.32
20210104211701	1627.32
20210104211701	1627.32
20210104211701	1627.32
20210104211701	1627.32
20210104211701	1627.32
20210104211701	1627.32
20210104211701	1627.32
20210104211701	1595.49
20210104211701	1595.49
20210104211701	1595.49
20210104211701	1595.49
20210104211701	1595.49
20210104211701	1595.49
20210104211701	1595.49
20210104211701	1595.49
20210104211701	1595.49
20210104211701	1563.66
20210104211701	1563.66
20210104211701	1563.66
20210104211701	1563.66
20210104211701	1563.66
20210104211701	1563.66
20210104211701	1563.66
20210104211701	1563.66
20210104211701	1563.66
20210104211701	1563.66
20210104211701	1563.66
20210104211701	1547.75
20210104211701	1547.75
20210104211701	1547.75
20210104211702	1547.75
20210104211702	1547.75
20210104211702	1547.75
20210104211702	1547.75
20210104211702	1547.75
20210104211702	1547.75
20210104211702	1547.75
20210104211702	1515.92
20210104211702	1515.92
20210104211702	1515.92
20210104211702	1515.92
20210104211702	1515.92
20210104211702	1515.92
20210104211702	1515.92
20210104211702	1515.92
20210104211702	1515.92
20210104211702	1500
20210104211702	1500
20210104211702	1500
20210104211702	1500
20210104211702	1500
20210104211702	1500
20210104211702	1500
20210104211702	1500
20210104211702	1500
20210104211702	1500
20210104211702	1500
20210104211702	1468.17
20210104211702	1468.17
20210104211702	1468.17
20210104211702	1468.17
20210104211702	1468.17
20210104211702	1468.17
20210104211702	1468.17
20210104211702	1468.17
20210104211702	1468.17
20210104211702	1468.17
20210104211702	1436.34
20210104211702	1436.34
20210104211702	1436.34
20210104211702	1436.34
20210104211702	1436.34
20210104211702	1436.34
20210104211702	1436.34
20210104211702	1436.34
20210104211702	1436.34
20210104211702	1420.42
20210104211702	1420.42
20210104211702	1420.42
20210104211702	1420.42
20210104211702	1420.42
20210104211702	1420.42
20210104211703	1420.42
20210104211703	1420.42
20210104211703	1420.42
20210104211703	1420.42
20210104211703	1420.42
20210104211703	1388.59
20210104211703	1388.59
20210104211703	1388.59
20210104211703	1388.59
20210104211703	1388.59
20210104211703	1388.59
20210104211703	1388.59
20210104211703	1388.59
20210104211703	1388.59
20210104211703	1356.76
20210104211703	1356.76
20210104211703	1356.76
20210104211703	1356.76
20210104211703	1356.76
20210104211703	1356.76
20210104211703	1356.76
20210104211703	1356.76
20210104211703	1356.76
20210104211703	1356.76
20210104211703	1356.76
20210104211703	1340.85
20210104211703	1340.85
20210104211703	1340.85
20210104211703	1340.85
20210104211703	1340.85
20210104211703	1340.85
20210104211703	1340.85
20210104211703	1340.85
20210104211703	1340.85
20210104211703	1309.01
20210104211703	1309.01
20210104211703	1309.01
20210104211703	1309.01
20210104211703	1309.01
20210104211703	1309.01
20210104211703	1309.01
20210104211703	1309.01
20210104211703	1309.01
20210104211703	1309.01
20210104211703	1309.01
20210104211703	1293.1
20210104211703	1293.1
20210104211703	1293.1
20210104211703	1293.1
20210104211703	1293.1
20210104211703	1293.1
20210104211703	1293.1
20210104211704	1293.1
20210104211704	1293.1
20210104211704	1261.27
20210104211704	1261.27
20210104211704	1261.27
20210104211704	1261.27
20210104211704	1261.27
20210104211704	1261.27
20210104211704	1261.27
20210104211704	1261.27
20210104211704	1261.27
20210104211704	1261.27
20210104211704	1245.35
20210104211704	1245.35
20210104211704	1245.35
20210104211704	1245.35
20210104211704	1245.35
20210104211704	1245.35
20210104211704	1245.35
20210104211704	1245.35
20210104211704	1245.35
20210104211704	1245.35
20210104211704	1213.52
20210104211704	1213.52
20210104211704	1213.52
20210104211704	1213.52
20210104211704	1213.52
20210104211704	1213.52
20210104211704	1213.52
20210104211704	1213.52
20210104211704	1213.52
20210104211704	1213.52
20210104211704	1181.69
20210104211704	1181.69
20210104211704	1181.69
20210104211704	1181.69
20210104211704	1181.69
20210104211704	1181.69
20210104211704	1181.69
20210104211704	1181.69
20210104211704	1181.69
20210104211704	1181.69
20210104211704	1165.77
20210104211704	1165.77
20210104211704	1165.77
20210104211705	1165.77
20210104211705	1165.77
20210104211705	1165.77
20210104211705	1165.77
20210104211705	1165.77
20210104211705	1165.77
20210104211705	1165.77
20210104211705	1165.77
20210104211705	1133.94
20210104211705	1133.94
20210104211705	1133.94
20210104211705	1133.94
20210104211705	1133.94
20210104211705	1133.94
20210104211705	1133.94
20210104211705	1133.94
20210104211705	1133.94
20210104211705	1102.11
20210104211705	1102.11
20210104211705	1102.11
20210104211705	1102.11
20210104211705	1102.11
20210104211705	1102.11
20210104211705	1102.11
20210104211705	1102.11
20210104211705	1102.11
20210104211705	1102.11
20210104211705	1070.28
20210104211705	1070.28
20210104211705	1070.28
20210104211705	1070.28
20210104211705	1070.28
20210104211705	1070.28
20210104211705	1070.28
20210104211705	1070.28
20210104211705	1070.28
20210104211705	1070.28
20210104211705	1054.37
20210104211705	1054.37
20210104211705	1054.37
20210104211705	1054.37
20210104211705	1054.37
20210104211705	1054.37
20210104211705	1054.37
20210104211705	1054.37
20210104211705	1054.37
20210104211705	1054.37
20210104211705	1054.37
20210104211705	1022.54
20210104211705	1022.54
20210104211705	1022.54
20210104211705	1022.54
20210104211706	1022.54
20210104211706	1022.54
20210104211706	1022.54
20210104211706	1022.54
20210104211706	1022.54
20210104211706	1022.54
20210104211706	1006.62
20210104211706	1006.62
20210104211706	1006.62
20210104211706	1006.62
20210104211706	1006.62
20210104211706	1006.62
20210104211706	1006.62
20210104211706	1006.62
20210104211706	1006.62
20210104211706	1000
20210104211706	1000
20210104211706	1000
20210104211706	1000
20210104211706	1000
20210104211706	1000
20210104211706	1000
20210104211706	1000
20210104211706	1000
20210104211706	1000
20210104211706	1000
20210104211706	1000
20210104211706	1000
20210104211706	1000
20210104211706	1000
20210104211706	1000
20210104211706	1000
20210104211706	1000
20210104211706	1000
20210104211706	1000
20210104211706	1000
20210104211706	1000
20210104211706	1000
20210104211706	1000
20210104211706	1000
20210104211706	1000
20210104211706	1000
20210104211706	1000
20210104211706	1000
20210104211706	1000
20210104211706	1000
20210104211706	1000
20210104211706	1000
20210104211706	1000
20210104211706	1000
20210104211706	1000
20210104211706	1000
20210104211706	1000
20210104211706	1000
20210104211706	1000
20210104211706	1000
20210104211706	1000
20210104211706	1000
20210104211707	1000
20210104211707	1000
20210104211707	1000
20210104211707	1000
20210104211707	1000
20210104211707	1000
20210104211707	1000
20210104211707	1000
20210104211707	1000
20210104211707	1000
20210104211707	1000
20210104211707	1000
20210104211707	1000
20210104211707	1000
20210104211707	1000
20210104211707	1000
20210104211707	1000
20210104211707	1000
20210104211707	1000
20210104211707	1000
20210104211707	1000
20210104211707	1000
20210104211707	1000
20210104211707	1000
20210104211707	1000
20210104211707	1000
20210104211707	1000
20210104211707	1000
20210104211707	1000
20210104211707	1000
20210104211707	1000
20210104211707	1000
20210104211707	1000
20210104211707	1000
20210104211707	1000
20210104211707	1000
20210104211707	1000
20210104211707	1000
20210104211707	1000
20210104211707	1000
20210104211707	1000
20210104211707	1000
20210104211707	1000
20210104211707	1000
20210104211707	1000
20210104211707	1000
20210104211707	1000
20210104211707	1000
20210104211707	1000
20210104211707	1000
20210104211707	1000
20210104211707	1000
20210104211707	1000
20210104211707	1000
20210104211707	1000
20210104211707	1000
20210104211707	1000
20210104211707	1000
20210104211707	1000
20210104211707	1000
20210104211707	1000
20210104211707	1000
20210104211708	1000
20210104211708	1000
20210104211708	1000
20210104211708	1000
20210104211708	1000
20210104211708	1000
20210104211708	1000
20210104211708	1000
20210104211708	1000
20210104211708	1000
20210104211708	1000
20210104211708	1000
20210104211708	1000
20210104211708	1000
20210104211708	1000
20210104211708	1000
20210104211708	1000
20210104211708	1000
20210104211708	1000
20210104211708	1000
20210104211708	1000
20210104211708	1000
20210104211708	1000
20210104211708	1000
20210104211708	1000
20210104211708	1000
20210104211708	1000
20210104211708	1000
20210104211708	1000
20210104211708	1000
20210104211708	1000
20210104211708	1000
20210104211708	1000
20210104211708	1000
20210104211708	1000
20210104211708	1000
20210104211708	1000
20210104211708	1000
20210104211708	1000
20210104211708	1000
20210104211708	1000
20210104211708	1000
20210104211708	1000
20210104211708	1000
20210104211708	1000
20210104211708	1000
20210104211708	1000
20210104211708	1000
20210104211709	1000
20210104211709	1000
20210104211709	1000
20210104211709	1000
20210104211709	1000
20210104211709	1000
20210104211709	1000
20210104211709	1000
20210104211709	1000
20210104211709	1000
20210104211709	1000
20210104211709	1000
20210104211709	1000
20210104211709	1000
20210104211709	1000
20210104211709	1000
20210104211709	1000
20210104211709	1000
20210104211709	1000
20210104211709	1000
20210104211709	1000
20210104211709	1000
20210104211709	1000
20210104211709	1000
20210104211709	1000
20210104211709	1000
20210104211709	1000
20210104211709	1000
20210104211709	1000
20210104211709	1000
20210104211709	1000
20210104211709	1000
20210104211709	1000
20210104211709	1000
20210104211709	1000
20210104211709	1000
20210104211709	1000
20210104211709	1000
20210104211709	1000
20210104211709	1000
20210104211709	1000
20210104211709	1000
20210104211709	1000
20210104211709	1000
20210104211709	1000
20210104211709	1000
20210104211709	1000
20210104211709	1000
20210104211709	1000
20210104211710	1000
20210104211710	1000
20210104211710	1000
20210104211710	1000
20210104211710	1000
20210104211710	1000
20210104211710	1000
20210104211710	1000
20210104211710	1000
20210104211710	1000
20210104211710	1000
20210104211710	1000
20210104211710	1000
20210104211710	1000
20210104211710	1000
20210104211710	1000
20210104211710	1000
20210104211710	1000
20210104211710	1000
20210104211710	1000
20210104211710	1000
20210104211710	1000
20210104211710	1000
20210104211710	1000
20210104211710	1000
20210104211710	1000
20210104211710	1000
20210104211710	1000
20210104211710	1000
20210104211710	1000
20210104211710	1000
20210104211710	1000
20210104211710	1000
20210104211710	1000
20210104211710	1000
20210104211710	1000
20210104211710	1000
20210104211710	1000
20210104211710	1000
20210104211710	1000
20210104211710	1000
20210104211710	1000
20210104211710	1000
20210104211710	1000
20210104211710	1000
20210104211710	1000
20210104211710	1000
20210104211710	1000
20210104211710	1000
20210104211710	1000
20210104211710	1000
20210104211710	1000
20210104211710	1000
20210104211710	1000
20210104211710	1000
20210104211710	1000
20210104211710	1000
20210104211710	1000
20210104211710	1000
20210104211711	1000
20210104211711	1000
20210104211711	1000
20210104211711	1000
20210104211711	1000
20210104211711	1000
20210104211711	1000
20210104211711	1000
20210104211711	1000
20210104211711	1000
20210104211711	1000
20210104211711	1000
20210104211711	1000
20210104211711	1000
20210104211711	1000
20210104211711	1000
20210104211711	1000
20210104211711	1000
20210104211711	1000
20210104211711	1000
20210104211711	1000
20210104211711	1000
20210104211711	1000
20210104211711	1000
20210104211711	1000
20210104211711	1000
20210104211711	1000
20210104211711	1000
20210104211711	1000
20210104211711	1000
20210104211711	1000
20210104211711	1000
20210104211711	1000
20210104211711	1000
20210104211711	1000
20210104211711	1000
20210104211711	1000
20210104211711	1000
20210104211711	1000
20210104211711	1000
20210104211711	1956.31
20210104211711	1956.31
20210104211712	1954.56
20210104211712	1954.56
20210104211712	1956.94
20210104211712	1956.94
20210104211712	1957.83
20210104211712	1955.7
20210104211712	1955.7
20210104211712	1959.28
20210104211712	1927.45
20210104211712	1927.45
20210104211712	1927.45
20210104211712	1928.86
20210104211712	1928.86
20210104211712	1924.19
20210104211712	1930.48
20210104211712	1930.48
20210104211712	1930.48
20210104211712	1930.48
20210104211712	1916.38
20210104211712	1916.38
20210104211712	1916.38
20210104211712	1918.38
20210104211712	1918.38
20210104211712	1918.38
20210104211712	1918.38
20210104211712	1911.06
20210104211712	1920.53
20210104211712	1891.61
20210104211712	1891.61
20210104211712	1891.61
20210104211712	1880.72
20210104211712	1880.72
20210104211712	1894.08
20210104211712	1894.08
20210104211713	1883.61
20210104211713	1883.61
20210104211713	1896.68
20210104211713	1896.68
20210104211713	1864.85
20210104211713	1867.55
20210104211713	1853.44
20210104211713	1855.21
20210104211713	1855.21
20210104211713	1855.21
20210104211713	1873.19
20210104211713	1873.19
20210104211713	1845.39
20210104211713	1845.39
20210104211713	1774.17
20210104211713	1774.46
20210104211713	1774.55
20210104211713	1774.55
20210104211713	1774.55
20210104211713	1774.55
20210104211713	1774.55
20210104211713	1774.58
20210104211713	1774.58
20210104211713	1774.58
20210104211713	1742.85
20210104211713	1742.85
20210104211713	1742.85
20210104211713	1731.73
20210104211713	1731.73
20210104211713	1743.03
20210104211713	1743.28
20210104211713	1743.28
20210104211713	1743.28
20210104211713	1711.45
20210104211714	1701.12
20210104211714	1711.83
20210104211714	1711.83
20210104211714	1711.83
20210104211714	1712.18
20210104211714	1712.18
20210104211714	1712.18
20210104211714	1712.56
20210104211714	1704.24
20210104211714	1672.41
20210104211714	1681.13
20210104211714	1673.15
20210104211714	1681.13
20210104211714	1681.13
20210104211714	1681.66
20210104211714	1681.66
20210104211714	1681.66
20210104211714	1681.98
20210104211714	1681.98
20210104211714	1650.15
20210104211714	1650.15
20210104211714	1643.19
20210104211714	1650.68
20210104211714	1650.68
20210104211714	1651.11
20210104211714	1651.11
20210104211714	1643.63
20210104211714	1631.28
20210104211714	1635.95
20210104211714	1635.95
20210104211714	1620.03
20210104211714	1594.54
20210104211714	1620.07
20210104211714	1620.1
20210104211714	1595.36
20210104211714	1620.1
20210104211714	1620.1
20210104211714	1620.11
20210104211714	1596.1
20210104211714	1596.1
20210104211714	1604.19
20210104211714	1581
20210104211714	1604.19
20210104211714	1604.21
20210104211714	1604.21
20210104211715	1581.59
20210104211715	1581.59
20210104211715	1604.22
20210104211715	1604.22
20210104211715	1582.11
20210104211715	1604.22
20210104211715	1604.24
20210104211715	1604.24
20210104211715	1604.26
20210104211715	1604.26
20210104211715	1604.26
20210104211715	1604.26
20210104211715	1604.29
20210104211715	1583.38
20210104211715	1588.4
20210104211715	1588.4
20210104211715	1588.4
20210104211715	1588.4
20210104211715	1588.43
20210104211715	1588.43
20210104211715	1588.45
20210104211715	1588.45
20210104211715	1588.45
20210104211715	1568.39
20210104211715	1572.53
20210104211715	1572.55
20210104211715	1572.55
20210104211715	1572.55
20210104211715	1572.55
20210104211715	1572.57
20210104211715	1572.57
20210104211715	1572.57
20210104211715	1497.25
20210104211715	1452.64
20210104211715	1436.73
20210104211715	1482.51
20210104211715	1482.51
20210104211715	1482.51
20210104211715	1482.44
20210104211715	1482.44
20210104211715	1437.79
20210104211715	1482.36
20210104211715	1482.36
20210104211715	1482.36
20210104211715	1482.36
20210104211715	1420.16
20210104211715	1466.35
20210104211715	1466.35
20210104211715	1466.24
20210104211715	1466.24
20210104211715	1466.24
20210104211715	1419.23
20210104211715	1466.11
20210104211716	1466.11
20210104211716	1465.93
20210104211716	1450.01
20210104211716	1450.01
20210104211716	1450.01
20210104211716	1449.85
20210104211716	1449.85
20210104211716	1449.85
20210104211716	1449.85
20210104211716	1449.67
20210104211716	1398.71
20210104211716	1398.71
20210104211716	1449.47
20210104211716	1449.47
20210104211716	1449.47
20210104211716	1449.47
20210104211716	1449.25
20210104211716	1396.3
20210104211716	1449.02
20210104211716	1395.04
20210104211716	1395.04
20210104211716	1395.04
20210104211716	1448.71
20210104211716	1448.71
20210104211716	1393.45
20210104211716	1448.71
20210104211716	1448.45
20210104211716	1392.17
20210104211716	1448.18
20210104211716	1392.14
20210104211716	1400.12
20210104211716	1378.06
20210104211716	1378.06
20210104211716	1376.5
20210104211716	1376.5
20210104211716	1415.83
20210104211716	1415.83
20210104211716	1415.83
20210104211716	1415.83
20210104211716	1373.4
20210104211716	1415.69
20210104211716	1415.69
20210104211716	1415.48
20210104211716	1415.48
20210104211716	1415.48
20210104211716	1415.48
20210104211716	1415.28
20210104211716	1415.28
20210104211717	1415.28
20210104211717	1368.49
20210104211717	1415.08
20210104211717	1415.08
20210104211717	1382.97
20210104211717	1382.97
20210104211717	1430.77
20210104211717	1430.77
20210104211717	1381.6
20210104211717	1430.54
20210104211717	1430.31
20210104211717	1430.31
20210104211717	1430.31
20210104211717	1462.14
20210104211717	1462.14
20210104211717	1410.55
20210104211717	1461.84
20210104211717	1409.39
20210104211717	1409.39
20210104211717	1409.39
20210104211717	1461.61
20210104211717	1408.32
20210104211717	1461.39
20210104211717	1408.32
20210104211717	1477.1
20210104211717	1477.1
20210104211717	1477.1
20210104211717	1476.9
20210104211717	1476.9
20210104211717	1476.9
20210104211717	1470.36
20210104211717	1470.36
20210104211718	1470.36
20210104211718	1489.52
20210104211718	1489.45
20210104211718	1489.45
20210104211718	1489.45
20210104211718	1489.4
20210104211718	1489.4
20210104211718	1489.4
20210104211718	1489.35
20210104211718	1489.35
20210104211718	1489.35
20210104211718	1521.14
20210104211718	1521.14
20210104211718	1521.14
20210104211718	1485.44
20210104211718	1485.44
20210104211718	1521.11
20210104211718	1521.11
20210104211718	1521.11
20210104211718	1521.08
20210104211718	1521.08
20210104211718	1537
20210104211718	1536.98
20210104211718	1536.98
20210104211718	1536.98
20210104211718	1536.98
20210104211718	1536.97
20210104211718	1536.97
20210104211718	1536.97
20210104211718	1536.97
20210104211718	1536.97
20210104211718	1516.86
20210104211718	1516.86
20210104211718	1552.89
20210104211718	1552.89
20210104211718	1552.91
20210104211718	1552.91
20210104211718	1517.02
20210104211718	1552.93
20210104211719	1552.93
20210104211719	1552.93
20210104211719	1552.93
20210104211719	1552.93
20210104211719	1552.95
20210104211719	1517.39
20210104211719	1517.59
20210104211719	1552.98
20210104211719	1472.58
20210104211719	1472.58
20210104211719	1472.45
20210104211719	1521.55
20210104211719	1537.47
20210104211719	1537.47
20210104211719	1537.46
20210104211719	1537.46
20210104211719	1537.46
20210104211719	1537.44
20210104211719	1537.44
20210104211719	1537.44
20210104211719	1537.43
20210104211719	1500.35
20210104211719	1537.43
20210104211719	1537.43
20210104211719	1537.42
20210104211719	1500.17
20210104211719	1500.17
20210104211719	1500.17
20210104211719	1500.17
20210104211719	1537.41
20210104211719	1537.4
20210104211719	1537.4
20210104211719	1537.4
20210104211719	1537.39
20210104211719	1537.39
20210104211719	1537.39
20210104211719	1499.95
20210104211719	1499.95
20210104211719	1537.38
20210104211719	1499.95
20210104211719	1537.37
20210104211719	1537.37
20210104211719	1537.37
20210104211720	1537.35
20210104211720	1499.73
20210104211720	1537.35
20210104211720	1537.33
20210104211720	1537.33
20210104211720	1537.33
20210104211720	1499.61
20210104211720	1537.31
20210104211720	1537.31
20210104211720	1499.49
20210104211720	1521.38
20210104211720	1483.44
20210104211720	1483.44
20210104211720	1483.3
20210104211720	1483.3
20210104211720	1521.36
20210104211720	1398.29
20210104211720	1398.29
20210104211720	1398.29
20210104211720	1327.87
20210104211720	1325.21
20210104211720	1397.61
20210104211720	1397.61
20210104211720	1323.02
20210104211720	1397.03
20210104211720	1397.03
20210104211720	1397.03
20210104211720	1396.41
20210104211720	1396.41
20210104211720	1396.41
20210104211720	1395.76
20210104211720	1318.51
20210104211720	1395.07
20210104211720	1395.07
20210104211720	1395.07
20210104211720	1316.2
20210104211720	1394.36
20210104211720	1394.36
20210104211720	1394.36
20210104211720	1394.36
20210104211720	1393.42
20210104211720	1310.89
20210104211720	1393.42
20210104211720	1392.64
20210104211720	1392.64
20210104211720	1392.64
20210104211720	1391.84
20210104211720	1391.84
20210104211720	1306.09
20210104211721	1306.09
20210104211721	1406.94
20210104211721	1319.62
20210104211721	1319.62
20210104211721	1319.62
20210104211721	1406.11
20210104211721	1406.11
20210104211721	1406.11
20210104211721	1405.28
20210104211721	1405.28
20210104211721	1405.28
20210104211721	1404.25
20210104211721	1404.25
20210104211721	1404.25
20210104211721	1404.25
20210104211721	1309.91
20210104211721	1403.43
20210104211721	1403.43
20210104211721	1395.36
20210104211721	1409.14
20210104211721	1409.14
20210104211721	1424.65
20210104211721	1424.65
20210104211721	1424.65
20210104211721	1424.65
20210104211721	1424.25
20210104211721	1424.25
20210104211721	1363.51
20210104211721	1362.05
20210104211721	1362.05
20210104211721	1423.86
20210104211721	1376.25
20210104211721	1376.25
20210104211721	1439.3
20210104211721	1439.3
20210104211721	1438.94
20210104211721	1374.98
20210104211721	1374.98
20210104211721	1373.81
20210104211722	1438.6
20210104211722	1470.12
20210104211722	1470.12
20210104211722	1404.58
20210104211722	1470.12
20210104211722	1470.12
20210104211722	1469.83
20210104211722	1469.83
20210104211722	1469.58
20210104211722	1469.58
20210104211722	1469.58
20210104211722	1469.58
20210104211722	1485.24
20210104211722	1485.24
20210104211722	1417.88
20210104211722	1417.88
20210104211722	1485.06
20210104211722	1485.06
20210104211722	1416.88
20210104211722	1484.92
20210104211722	1484.92
20210104211722	1484.92
20210104211722	1500.84
20210104211722	1500.74
20210104211722	1500.74
20210104211722	1500.74
20210104211722	1432.29
20210104211722	1500.68
20210104211722	1399.35
20210104211722	1483.8
20210104211722	1483.8
20210104211722	1515.63
20210104211722	1515.54
20210104211722	1463.56
20210104211722	1515.54
20210104211722	1515.49
20210104211722	1515.49
20210104211722	1515.49
20210104211722	1515.49
20210104211722	1515.46
20210104211722	1463.29
20210104211722	1463.29
20210104211722	1531.37
20210104211722	1479.19
20210104211722	1479.19
20210104211722	1479.24
20210104211722	1531.39
20210104211722	1531.39
20210104211722	1531.39
20210104211722	1531.42
20210104211723	1531.42
20210104211723	1531.42
20210104211723	1547.41
20210104211723	1547.41
20210104211723	1547.41
20210104211723	1547.48
20210104211723	1547.48
20210104211723	1547.48
20210104211723	1547.48
20210104211723	1547.56
20210104211723	1547.56
20210104211723	1547.56
20210104211723	1547.66
20210104211723	1547.66
20210104211723	1496.4
20210104211723	1547.66
20210104211723	1496.77
20210104211723	1547.77
20210104211723	1496.77
20210104211723	1497.17
20210104211723	1497.17
20210104211723	1497.17
20210104211723	1548.03
20210104211723	1548.03
20210104211723	1548.03
20210104211723	1548.15
20210104211723	1548.15
20210104211723	1498.14
20210104211723	1548.15
20210104211723	1548.03
20210104211723	1546.69
20210104211723	1562.61
20210104211723	1562.61
20210104211723	1562.74
20210104211723	1562.88
20210104211723	1562.88
20210104211723	1506.16
20210104211723	1506.16
20210104211723	1563.01
20210104211723	1563.01
20210104211723	1506.63
20210104211723	1490.72
20210104211723	1547.26
20210104211724	1547.26
20210104211724	1547.26
20210104211724	1547.38
20210104211724	1491.73
20210104211724	1491.73
20210104211724	1547.49
20210104211724	1547.49
20210104211724	1547.49
20210104211724	1547.49
20210104211724	1492.55
20210104211724	1492.55
20210104211724	1547.6
20210104211724	1547.71
20210104211724	1547.71
20210104211724	1547.71
20210104211724	1547.71
20210104211724	1547.81
20210104211724	1493.3
20210104211724	1493.3
20210104211724	1493.73
20210104211724	1493.73
20210104211724	1547.92
20210104211724	1493.73
20210104211724	1548
20210104211724	1548
20210104211724	1548.08
20210104211724	1548.08
20210104211724	1494.32
20210104211724	1494.32
20210104211724	1548.14
20210104211724	1548.14
20210104211724	1548.14
20210104211724	1494.82
20210104211724	1494.82
20210104211724	1494.82
20210104211724	1548.2
20210104211724	1485.42
20210104211724	1485.42
20210104211724	1475.37
20210104211724	1475.37
20210104211724	1475.37
20210104211724	1475.37
20210104211724	1475.37
20210104211724	1402.47
20210104211724	1475.15
20210104211724	1474.92
20210104211724	1474.92
20210104211724	1474.92
20210104211724	1474.92
20210104211724	1474.69
20210104211724	1474.69
20210104211725	1474.69
20210104211725	1474.69
20210104211725	1474.44
20210104211725	1474.44
20210104211725	1474.44
20210104211725	1474.18
20210104211725	1474.18
20210104211725	1474.18
20210104211725	1473.85
20210104211725	1473.85
20210104211725	1473.85
20210104211725	1398.26
20210104211725	1473.58
20210104211725	1473.58
20210104211725	1473.3
20210104211725	1473.3
20210104211725	1473.3
20210104211725	1473.3
20210104211725	1395.7
20210104211725	1473.02
20210104211725	1473.02
20210104211725	1473.02
20210104211725	1472.75
20210104211725	1394.86
20210104211725	1472.47
20210104211725	1472.47
20210104211725	1472.47
20210104211725	1472.47
20210104211725	1394.03
20210104211725	1472.13
20210104211725	1472.13
20210104211725	1471.86
20210104211725	1471.86
20210104211725	1392.23
20210104211725	1392.23
20210104211725	1477.52
20210104211725	1477.52
20210104211725	1493.27
20210104211725	1493.27
20210104211725	1493.27
20210104211725	1493.27
20210104211725	1493.12
20210104211725	1493.12
20210104211725	1493.12
20210104211725	1493.12
20210104211725	1492.97
20210104211725	1492.97
20210104211725	1492.97
20210104211725	1492.97
20210104211725	1492.8
20210104211726	1427.73
20210104211726	1492.68
20210104211726	1492.68
20210104211726	1492.68
20210104211726	1492.68
20210104211726	1426.87
20210104211726	1492.57
20210104211726	1492.57
20210104211726	1492.47
20210104211726	1492.47
20210104211726	1426.51
20210104211726	1492.39
20210104211726	1492.39
20210104211726	1492.39
20210104211726	1492.39
20210104211726	1425.93
20210104211726	1492.31
20210104211726	1508.23
20210104211726	1441.58
20210104211726	1441.58
20210104211726	1508.15
20210104211726	1508.11
20210104211726	1508.11
20210104211726	1508.11
20210104211726	1441.41
20210104211726	1441.27
20210104211726	1441.27
20210104211726	1441.27
20210104211726	1508.04
20210104211726	1508.04
20210104211726	1441.17
20210104211726	1508.04
20210104211726	1000
20210104211726	1508.02
20210104211726	1508.02
20210104211726	1539.12
20210104211726	1539.12
20210104211726	1556.3
20210104211726	1556.3
20210104211726	1517.61
20210104211726	1556.36
20210104211726	1556.36
20210104211726	1556.36
20210104211726	1556.36
20210104211726	1556.36
20210104211726	1556.42
20210104211727	1556.42
20210104211727	1518.41
20210104211727	1556.48
20210104211727	1518.85
20210104211727	1556.48
20210104211727	1556.55
20210104211727	1556.55
20210104211727	1556.55
20210104211727	1556.55
20210104211727	1519.8
20210104211727	1556.61
20210104211727	1556.61
20210104211727	1572.6
20210104211727	1572.6
20210104211727	1572.6
20210104211727	1572.6
20210104211727	1572.66
20210104211727	1572.66
20210104211727	1537.37
20210104211727	1572.72
20210104211727	1572.72
20210104211727	1572.72
20210104211727	1572.72
20210104211727	1537.89
20210104211727	1572.78
20210104211727	1000
20210104211727	1000
20210104211727	1572.83
20210104211727	1000
20210104211727	1572.88
20210104211727	1000
20210104211727	1000
20210104211727	1557.01
20210104211727	1000
20210104211727	1000
20210104211727	1000
20210104211727	1557.05
20210104211727	1557.05
20210104211727	1557.08
20210104211727	1544.24
20210104211727	1544.24
20210104211727	1543.82
20210104211727	1543.82
20210104211728	1543.82
20210104211728	1543.87
20210104211728	1543.87
20210104211728	1543.87
20210104211728	1543.87
20210104211728	1543.87
20210104211728	1543.91
20210104211728	1501.34
20210104211728	1501.34
20210104211728	1543.91
20210104211728	1501.65
20210104211728	1501.88
20210104211728	1501.88
20210104211728	1543.99
20210104211728	1543.99
20210104211728	1543.99
20210104211728	1502.09
20210104211728	1544.02
20210104211728	1544.02
20210104211728	1544.02
20210104211728	1502.28
20210104211728	1544.05
20210104211728	1544.05
20210104211728	1544.07
20210104211728	1544.07
20210104211728	1544.09
20210104211728	1544.09
20210104211728	1544.09
20210104211728	1544.09
20210104211728	1000
20210104211728	1000
20210104211728	1544.12
20210104211728	1544.13
20210104211728	1000
20210104211728	1544.13
20210104211728	1544.13
20210104211728	1544.15
20210104211728	1000
20210104211728	1000
20210104211728	1528.24
20210104211728	1528.24
20210104211728	1528.25
20210104211728	1528.25
20210104211728	1528.25
20210104211728	1528.25
20210104211728	1528.25
20210104211728	1455.69
20210104211728	1455.69
20210104211728	1461.31
20210104211728	1387.89
20210104211728	1387.89
20210104211728	1387.89
20210104211729	1387.89
20210104211729	1460.69
20210104211729	1460.69
20210104211729	1386.78
20210104211729	1460.38
20210104211729	1460.38
20210104211729	1460.38
20210104211729	1460.07
20210104211729	1460.07
20210104211729	1460.07
20210104211729	1459.74
20210104211729	1459.74
20210104211729	1459.74
20210104211729	1459.74
20210104211729	1459.4
20210104211729	1459.4
20210104211729	1459.4
20210104211729	1458.96
20210104211729	1458.96
20210104211729	1458.96
20210104211729	1458.6
20210104211729	1379.3
20210104211729	1458.6
20210104211729	1458.6
20210104211729	1458.23
20210104211729	1458.23
20210104211729	1000
20210104211729	1457.87
20210104211729	1457.87
20210104211729	1457.87
20210104211729	1457.5
20210104211729	1457.5
20210104211729	1457.14
20210104211729	1457.14
20210104211729	1457.14
20210104211729	1457.14
20210104211729	1457.14
20210104211729	1000
20210104211729	1000
20210104211729	1456.7
20210104211729	1456.35
20210104211730	1456.35
20210104211730	1000
20210104211730	1000
20210104211730	1488.11
20210104211730	1488.11
20210104211730	1000
20210104211730	1507.92
20210104211730	1507.92
20210104211730	1507.92
20210104211730	1465.35
20210104211730	1465.35
20210104211730	1507.88
20210104211730	1507.88
20210104211730	1507.85
20210104211730	1507.85
20210104211730	1507.85
20210104211730	1507.82
20210104211730	1507.82
20210104211730	1507.82
20210104211730	1507.8
20210104211730	1507.8
20210104211730	1507.8
20210104211730	1507.8
20210104211730	1507.8
20210104211730	1507.8
20210104211730	1507.8
20210104211730	1523.71
20210104211730	1523.71
20210104211730	1000
20210104211730	1523.71
20210104211730	1523.72
20210104211730	1523.72
20210104211730	1523.72
20210104211730	1000
20210104211730	1523.73
20210104211730	1523.73
20210104211730	1523.73
20210104211730	1000
20210104211730	1523.75
20210104211730	1000
20210104211730	1000
20210104211730	1523.78
20210104211730	1523.81
20210104211730	1523.81
20210104211731	1523.81
20210104211731	1523.81
20210104211731	1539.72
20210104211731	1000
20210104211731	1539.76
20210104211731	1539.76
20210104211731	1539.79
20210104211731	1539.79
20210104211731	1539.79
20210104211731	1570.84
20210104211731	1570.84
20210104211731	1570.68
20210104211731	1544.51
20210104211731	1570.69
20210104211731	1544.51
20210104211731	1570.71
20210104211731	1570.71
20210104211731	1570.71
20210104211731	1545.07
20210104211731	1570.73
20210104211731	1570.73
20210104211731	1570.73
20210104211731	1000
20210104211731	1570.76
20210104211731	1000
20210104211731	1000
20210104211731	1570.8
20210104211731	1570.84
20210104211731	1570.84
20210104211731	1000
20210104211731	1570.84
20210104211731	1570.84
20210104211731	1000
20210104211731	1586.82
20210104211731	1000
20210104211731	1586.88
20210104211731	1000
20210104211731	1000
20210104211731	1000
20210104211731	1000
20210104211731	1000
20210104211731	1586.94
20210104211731	1571.1
20210104211731	1000
20210104211731	1571.1
20210104211731	1571.17
20210104211731	1571.17
20210104211731	1571.17
20210104211731	1571.25
20210104211731	1571.25
20210104211731	1571.25
20210104211731	1571.25
20210104211731	1000
20210104211732	1000
20210104211732	1000
20210104211732	1000
20210104211732	1000
20210104211732	1000
20210104211732	1000
20210104211732	1000
20210104211732	1000
20210104211732	1475.38
20210104211732	1401.9
20210104211732	1000
20210104211732	1474.97
20210104211732	1474.97
20210104211732	1474.97
20210104211732	1474.97
20210104211732	1474.97
20210104211732	1474.75
20210104211732	1474.75
20210104211732	1474.75
20210104211732	1474.48
20210104211732	1474.48
20210104211732	1000
20210104211732	1000
20210104211732	1474.25
20210104211732	1474.25
20210104211732	1474.25
20210104211732	1474.02
20210104211732	1474.02
20210104211732	1474.02
20210104211732	1473.8
20210104211732	1473.8
20210104211732	1473.8
20210104211732	1473.57
20210104211732	1473.57
20210104211732	1000
20210104211732	1473.57
20210104211732	1000
20210104211732	1473.34
20210104211732	1000
20210104211732	1473.34
20210104211732	1473.07
20210104211732	1473.07
20210104211732	1000
20210104211732	1000
20210104211732	1000
20210104211732	1000
20210104211732	1000
20210104211733	1000
20210104211733	1000
20210104211733	1000
20210104211733	1000
20210104211733	1000
20210104211733	1000
20210104211733	1000
20210104211733	1000
20210104211733	1000
20210104211733	1000
20210104211733	1462.53
20210104211733	1462.53
20210104211733	1000
20210104211733	1000
20210104211733	1462.22
20210104211733	1461.99
20210104211733	1461.99
20210104211733	1461.99
20210104211733	1461.99
20210104211733	1461.77
20210104211733	1461.77
20210104211733	1477.69
20210104211733	1477.48
20210104211733	1477.48
20210104211733	1477.48
20210104211733	1477.28
20210104211733	1000
20210104211733	1477.28
20210104211733	1477.1
20210104211733	1477.1
20210104211733	1477.1
20210104211733	1477.1
20210104211733	1000
20210104211733	1000
20210104211733	1476.91
20210104211733	1000
20210104211733	1476.78
20210104211733	1476.78
20210104211733	1476.66
20210104211733	1476.66
20210104211733	1476.66
20210104211733	1000
20210104211733	1000
20210104211733	1000
20210104211733	1000
20210104211733	1000
20210104211733	1000
20210104211733	1000
20210104211733	1000
20210104211734	1000
20210104211734	1000
20210104211734	1000
20210104211734	1000
20210104211734	1000
20210104211734	1000
20210104211734	1000
20210104211734	1000
20210104211734	1000
20210104211734	1000
20210104211734	1000
20210104211734	1000
20210104211734	1000
20210104211734	1553.77
20210104211734	1000
20210104211734	1000
20210104211734	1553.77
20210104211734	1553.81
20210104211734	1553.81
20210104211734	1000
20210104211734	1553.85
20210104211734	1553.85
20210104211734	1553.85
20210104211734	1569.82
20210104211734	1569.82
20210104211734	1569.82
20210104211734	1000
20210104211734	1569.86
20210104211734	1569.86
20210104211734	1569.86
20210104211734	1569.9
20210104211734	1000
20210104211734	1000
20210104211734	1000
20210104211734	1000
20210104211734	1000
20210104211734	1000
20210104211734	1000
20210104211734	1000
20210104211734	1000
20210104211734	1000
20210104211734	1000
20210104211735	1000
20210104211735	1000
20210104211735	1000
20210104211735	1000
20210104211735	1000
20210104211735	1000
20210104211735	1000
20210104211735	1000
20210104211735	1000
20210104211735	1000
20210104211735	1000
20210104211735	1000
20210104211735	1000
20210104211735	1000
20210104211735	1000
20210104211735	1000
20210104211735	1000
20210104211735	1000
20210104211735	1000
20210104211735	1000
20210104211735	1663.46
20210104211735	1000
20210104211735	1680.49
20210104211735	1680.49
20210104211735	1681.49
20210104211735	1681.49
20210104211735	1681.49
20210104211735	1682.58
20210104211735	1682.58
20210104211735	1682.58
20210104211735	1698.49
20210104211735	1698.49
20210104211735	1000
20210104211735	1000
20210104211735	1000
20210104211735	1000
20210104211735	1000
20210104211735	1000
20210104211735	1000
20210104211735	1000
20210104211735	1000
20210104211735	1000
20210104211735	1000
20210104211735	1000
20210104211735	1000
20210104211735	1000
20210104211735	1000
20210104211735	1000
20210104211735	1000
20210104211736	1000
20210104211736	1000
20210104211736	1000
20210104211736	1000
20210104211736	1000
20210104211736	1000
20210104211736	1000
20210104211736	1000
20210104211736	1000
20210104211736	1000
20210104211736	1000
20210104211736	1000
20210104211736	1000
20210104211736	1000
20210104211736	1000
20210104211736	1000
20210104211736	1000
20210104211736	1000
20210104211736	1000
20210104211736	1744.36
20210104211736	1744.36
20210104211736	1744.36
20210104211736	1000
20210104211736	1000
20210104211736	1000
20210104211736	1000
20210104211736	1000
20210104211736	1000
20210104211736	1000
20210104211736	1000
20210104211736	1000
20210104211736	1000
20210104211736	1000
20210104211736	1000
20210104211736	1000
20210104211736	1000
20210104211736	1000
20210104211736	1000
20210104211736	1000
20210104211736	1000
20210104211736	1000
20210104211736	1000
20210104211736	1000
20210104211736	1000
20210104211736	1000
20210104211736	1000
20210104211736	1000
20210104211736	1000
20210104211736	1000
20210104211736	1000
20210104211736	1000
20210104211736	1000
20210104211736	1000
20210104211736	1000
20210104211737	1000
20210104211737	1000
20210104211737	1000
20210104211737	1000
20210104211737	1000
20210104211737	1000
20210104211737	1000
20210104211737	1000
20210104211737	1000
20210104211737	1000
20210104211737	1000
20210104211737	1000
20210104211737	1000
20210104211737	1000
20210104211737	1000
20210104211737	1000
20210104211737	1000
20210104211737	1000
20210104211737	1000
20210104211737	1000
20210104211737	1000
20210104211737	1000
20210104211737	1000
20210104211737	1000
20210104211737	1000
20210104211737	1000
20210104211737	1000
20210104211737	1577.85
20210104211737	1579.07
20210104211737	1579.07
20210104211737	1721.32
20210104211737	1580.08
20210104211737	1580.08
20210104211737	1580.08
20210104211737	1580.08
20210104211737	1580.55
20210104211737	1719.06
20210104211737	1819.29
20210104211737	1819.79
20210104211737	1819.79
20210104211737	1819.91
20210104211737	1954.73
20210104211737	1954.73
20210104211737	1819.91
20210104211737	1819.94
20210104211737	1819.94
20210104211737	1819.94
20210104211737	2000
20210104211737	2000
20210104211737	2000
20210104211737	2000
20210104211737	2000
20210104211737	2000
20210104211737	2000
20210104211738	2000
20210104211738	2000
20210104211738	2000
20210104211738	1000
20210104211738	1000
20210104211738	1000
20210104211738	1000
20210104211738	1000
20210104211738	1000
20210104211738	1000
20210104211738	1000
20210104211738	1000
20210104211738	1000
20210104211738	1000
20210104211738	2000
20210104211738	2000
20210104211738	2000
20210104211738	2000
20210104211738	1000
20210104211738	1000
20210104211738	2000
20210104211738	2000
20210104211738	2000
20210104211738	1000
20210104211738	1949.86
20210104211738	1000
20210104211738	1000
20210104211738	1000
20210104211738	1947.5
20210104211738	1000
20210104211738	1000
20210104211738	1946.47
20210104211738	1793.18
20210104211738	2000
20210104211738	2000
20210104211738	2000
20210104211738	2000
20210104211738	2000
20210104211738	2000
20210104211738	2000
20210104211738	2000
20210104211738	2000
20210104211738	2000
20210104211738	1000
20210104211738	2000
20210104211738	2000
20210104211738	2000
20210104211739	2000
20210104211739	2000
20210104211739	1000
20210104211739	2000
20210104211739	1000
20210104211739	1000
20210104211739	2000
20210104211739	1000
20210104211739	1000
20210104211739	2000
20210104211739	2000
20210104211739	2000
20210104211739	2000
20210104211739	1000
20210104211739	2000
20210104211739	1646.1
20210104211739	1000
20210104211739	1000
20210104211739	1000
20210104211739	1000
20210104211739	1000
20210104211739	1000
20210104211739	1000
20210104211739	1000
20210104211739	1000
20210104211739	1000
20210104211739	1000
20210104211739	1000
20210104211739	1000
20210104211739	1000
20210104211739	2000
20210104211739	1000
20210104211739	2000
20210104211739	2000
20210104211739	1000
20210104211739	2000
20210104211739	1000
20210104211739	1000
20210104211739	1684.43
20210104211740	1684.43
20210104211740	1685.32
20210104211740	1685.32
20210104211740	1685.32
20210104211740	1685.32
20210104211740	1685.25
20210104211740	1685.25
20210104211740	2000
20210104211740	1000
20210104211740	2000
20210104211740	2000
20210104211740	2000
20210104211740	2000
20210104211740	2000
20210104211740	2000
20210104211740	2000
20210104211740	2000
20210104211740	2000
20210104211740	2000
20210104211740	2000
20210104211740	2000
20210104211740	2000
20210104211740	2000
20210104211740	2000
20210104211740	2000
20210104211740	2000
20210104211740	2000
20210104211740	2000
20210104211740	2000
20210104211740	2000
20210104211740	2000
20210104211740	2000
20210104211740	2000
20210104211740	2000
20210104211740	2000
20210104211740	2000
20210104211740	2000
20210104211740	1725.53
20210104211740	1656.72
20210104211740	1725.34
20210104211740	1656.64
20210104211740	1656.39
20210104211740	1724.74
20210104211740	1656.39
20210104211741	1724.74
20210104211741	1724.08
20210104211741	1724.08
20210104211741	1517.18
20210104211741	1516.52
20210104211741	1516.52
20210104211741	1448.94
20210104211741	1448.94
20210104211741	1515.87
20210104211741	1448.67
20210104211741	1515.87
20210104211741	1515.23
20210104211741	1515.23
20210104211741	1610.72
20210104211741	1610.72
20210104211741	1609.98
20210104211741	1543.6
20210104211741	1609.41
20210104211741	1609.41
20210104211741	1543.37
20210104211741	1609.41
20210104211741	1608.85
20210104211741	1608.85
20210104211741	1895.33
20210104211741	1894.77
20210104211741	1894.77
20210104211741	1894.77
20210104211741	1894.22
20210104211741	1894.22
20210104211741	1829.18
20210104211741	1870.84
20210104211741	1940.3
20210104211741	1940.3
20210104211741	2000
20210104211741	2000
20210104211741	2000
20210104211741	2000
20210104211741	2000
20210104211741	2000
20210104211741	2000
20210104211741	2000
20210104211741	2000
20210104211741	2000
20210104211741	1000
20210104211742	2000
20210104211742	2000
20210104211742	1000
20210104211742	1000
20210104211742	1000
20210104211742	1000
20210104211742	1000
20210104211742	1000
20210104211742	2000
20210104211742	1000
20210104211742	1000
20210104211742	1000
20210104211742	1000
20210104211742	1000
20210104211742	1000
20210104211742	1000
20210104211742	1000
20210104211742	1000
20210104211742	1000
20210104211742	1000
20210104211742	1000
20210104211742	1000
20210104211742	1000
20210104211742	1000
20210104211742	1000
20210104211742	1000
20210104211742	1000
20210104211742	1000
20210104211742	1000
20210104211742	2000
20210104211742	2000
20210104211742	2000
20210104211742	2000
20210104211742	2000
20210104211742	2000
20210104211742	2000
20210104211742	2000
20210104211742	2000
20210104211742	2000
20210104211742	2000
20210104211742	2000
20210104211742	2000
20210104211742	2000
20210104211742	2000
20210104211742	2000
20210104211742	2000
20210104211742	2000
20210104211742	2000
20210104211742	2000
20210104211742	2000
20210104211743	2000
20210104211743	2000
20210104211743	2000
20210104211743	2000
20210104211743	2000
20210104211743	2000
20210104211743	2000
20210104211743	2000
20210104211743	2000
20210104211743	2000
20210104211743	2000
20210104211743	2000
20210104211743	2000
20210104211743	2000
20210104211743	2000
20210104211743	2000
20210104211743	2000
20210104211743	2000
20210104211743	2000
20210104211743	2000
20210104211743	2000
20210104211743	2000
20210104211743	2000
20210104211743	2000
20210104211743	2000
20210104211743	2000
20210104211743	2000
20210104211743	2000
20210104211743	2000
20210104211743	2000
20210104211743	2000
20210104211743	2000
20210104211743	2000
20210104211743	2000
20210104211743	2000
20210104211743	2000
20210104211743	2000
20210104211743	2000
20210104211743	2000
20210104211743	2000
20210104211743	2000
20210104211743	2000
20210104211743	2000
20210104211743	2000
20210104211744	2000
20210104211744	2000
20210104211744	2000
20210104211744	2000
20210104211744	2000
20210104211744	2000
20210104211744	2000
20210104211744	2000
20210104211744	2000
20210104211744	2000
20210104211744	2000
20210104211744	2000
20210104211744	2000
20210104211744	2000
20210104211744	2000
20210104211744	2000
20210104211744	2000
20210104211744	2000
20210104211744	2000
20210104211744	2000
20210104211744	2000
20210104211744	2000
20210104211744	2000
20210104211744	2000
20210104211744	2000
20210104211744	2000
20210104211744	2000
20210104211744	2000
20210104211744	2000
20210104211744	2000
20210104211744	2000
20210104211744	2000
20210104211744	2000
20210104211744	2000
20210104211744	2000
20210104211744	2000
20210104211744	2000
20210104211744	2000
20210104211744	2000
20210104211744	2000
20210104211744	2000
20210104211744	2000
20210104211744	2000
20210104211744	2000
20210104211744	2000
20210104211744	2000
20210104211744	2000
20210104211744	2000
20210104211744	2000
20210104211744	2000
20210104211744	2000
20210104211744	2000
20210104211745	2000
20210104211745	2000
20210104211745	2000
20210104211745	2000
20210104211745	2000
20210104211745	2000
20210104211745	2000
20210104211745	2000
20210104211745	2000
20210104211745	2000
20210104211745	2000
20210104211745	2000
20210104211745	2000
20210104211745	2000
20210104211745	2000
20210104211745	2000
20210104211745	2000
20210104211745	2000
20210104211745	2000
20210104211745	2000
20210104211745	2000
20210104211745	2000
20210104211745	2000
20210104211745	2000
20210104211745	2000
20210104211745	2000
20210104211745	2000
20210104211745	2000
20210104211745	2000
20210104211745	2000
20210104211745	2000
20210104211745	2000
20210104211745	2000
20210104211745	2000
20210104211745	2000
20210104211745	2000
20210104211745	2000
20210104211745	2000
20210104211745	2000
20210104211745	2000
20210104211745	2000
20210104211745	2000
20210104211745	2000
20210104211745	2000
20210104211745	2000
20210104211745	2000
20210104211745	2000
20210104211745	2000
20210104211745	2000
20210104211745	2000
20210104211745	2000
20210104211745	2000
20210104211745	2000
20210104211745	2000
20210104211745	2000
20210104211745	2000
20210104211745	2000
20210104211745	2000
20210104211745	2000
20210104211745	2000
20210104211745	2000
20210104211745	2000
20210104211745	2000
20210104211746	2000
20210104211746	2000
20210104211746	2000
20210104211746	2000
