20210122160402	-45.6063
20210122160403	-50.1011
20210122160533	35.3356
20210122160534	31.2533
20210122160535	27.3278
20210122160536	23.5329
20210122160537	19.8347
20210122160539	16.1861
20210122160540	12.5904
20210122160541	9.02285
20210122160543	5.49218
20210122160544	2.0118
20210122160545	-1.40979
20210122160547	-4.79662
20210122160548	-8.16024
20210122160549	-11.4997
20210122160551	-14.8084
20210122160552	-18.0952
20210122160553	-21.471
20210122160554	-25.5664
20210122160555	-30.8737
20210122160557	-36.8182
20210122160558	-42.6403
20210122160559	-47.5445
20210122160600	-51.0988
20210122160601	-53.263
20210122160603	-54.1964
20210122160604	-54.122
20210122160605	-53.3205
20210122160606	-52.0953
20210122160608	-50.643
20210122160609	-49.1304
20210122160610	-47.5995
20210122160611	-46.0715
20210122160612	-44.5664
20210122160614	-43.0822
20210122160615	-41.6184
20210122160617	-40.1573
20210122160618	-38.6895
20210122160619	-37.2367
20210122160620	-35.7883
20210122160621	-34.3408
20210122160623	-32.8913
20210122160624	-31.4415
20210122160625	-29.9728
20210122160627	-28.5032
20210122160628	-27.0285
20210122160629	-25.5515
20210122160630	-24.0597
20210122160631	-22.5537
20210122160632	-21.0321
20210122160633	-19.5008
20210122160634	-17.9596
20210122160635	-16.4108
20210122160637	-14.8588
20210122160638	-13.2993
20210122160639	-11.7185
20210122160640	-10.1224
20210122160641	-8.48992
20210122160643	-6.87148
20210122160644	-5.33841
20210122160645	-3.95794
20210122160647	-2.77707
20210122160647	-1.81032
20210122160649	-1.04517
20210122160650	-0.460002
20210122160651	-0.0260046
20210122160652	0.299926
20210122160653	0.528426
20210122160655	0.694125
20210122160656	0.816148
20210122160658	0.914778
20210122160659	1.00456
20210122160700	1.08822
20210122160701	1.17761
20210122160702	1.2744
20210122160703	1.36869
20210122160704	1.47212
20210122160706	1.58228
20210122160707	1.6928
20210122160708	1.80622
20210122160709	2.14231
20210122160711	3.5437
20210122160712	6.23548
20210122160714	10.2598
20210122160715	15.4803
20210122160716	21.6403
20210122160717	28.4675
20210122160718	35.6749
20210122160720	43.0611
20210122160721	50.4844
20210122160722	57.8759
20210122160723	65.2196
20210122160725	72.5389
20210122160726	79.8251
20210122160728	87.0973
20210122160729	94.3595
20210122160730	101.602
20210122160731	108.853
20210122160733	116.444
20210122160741	160.304
20210122160742	164.41
20210122160744	168.459
20210122160745	172.697
20210122160746	177.313
20210122160747	182.475
20210122160748	188.415
20210122160749	195.048
20210122160750	201.759
20210122160752	207.719
20210122160753	212.283
20210122160755	215.169
20210122160756	216.443
20210122160757	216.585
20210122160758	216.604
20210122160800	217.474
20210122160801	220.103
20210122160802	224.509
20210122160803	230.258
20210122160805	236.95
20210122160806	244.119
20210122160807	251.343
20210122160808	258.423
20210122160810	265.381
20210122160811	272.263
20210122160813	279.156
20210122160814	286.13
20210122160815	293.191
20210122160817	300.308
20210122160818	307.45
20210122160819	314.618
20210122160820	321.8
20210122160821	328.988
20210122160823	336.193
20210122160824	343.418
20210122160826	350.643
20210122160827	357.862
20210122160829	364.985
20210122160830	371.821
20210122160831	378.165
20210122160832	383.733
20210122160833	388.295
20210122160835	391.724
20210122160836	394.039
20210122160837	395.375
20210122160838	395.956
20210122160839	396.02
20210122160840	395.765
20210122160841	395.364
20210122160842	394.914
20210122160844	394.492
20210122160845	394.124
20210122160847	393.812
20210122160848	393.56
20210122160849	393.365
20210122160851	393.222
20210122160852	393.127
20210122160853	393.084
20210122160855	393.086
20210122160856	393.123
20210122160857	393.202
20210122160858	393.316
20210122160900	393.45
20210122160901	393.616
20210122160902	393.803
20210122160903	394.004
20210122160904	394.21
20210122160905	394.409
20210122160907	394.624
20210122160908	394.844
20210122160909	395.052
20210122160910	395.256
20210122160912	395.46
20210122160913	395.659
20210122160915	395.844
20210122160916	396.029
20210122160917	396.224
20210122160918	396.415
20210122160919	396.603
20210122160921	396.794
20210122160922	396.989
20210122160923	397.193
20210122160924	397.399
20210122160925	397.609
20210122160926	397.823
20210122160927	398.037
20210122160928	398.252
20210122160930	398.521
20210122160931	399.544
20210122160933	402.256
20210122160934	407
20210122160935	413.027
20210122160936	419.32
20210122160937	425.533
20210122160939	431.286
20210122160940	436.232
20210122160941	439.959
20210122160943	442.056
20210122160944	442.242
20210122160945	440.49
20210122160947	436.995
20210122160948	432.051
20210122160950	426.014
20210122160951	419.247
20210122160952	412.079
20210122160953	404.751
20210122160955	397.412
20210122160955	390.189
20210122160957	383.202
20210122160958	376.558
20210122160959	370.355
20210122161000	364.708
20210122161002	359.757
20210122161003	355.614
20210122161004	352.373
20210122161005	350.101
20210122161006	348.858
20210122161007	348.672
20210122161009	349.538
20210122161011	351.456
20210122161012	354.379
20210122161013	358.248
20210122161014	362.954
20210122161015	368.412
20210122161016	374.518
20210122161017	381.138
20210122161019	388.13
20210122161020	395.352
20210122161021	402.641
20210122161022	409.846
20210122161023	416.808
20210122161024	423.387
20210122161026	429.452
20210122161027	434.881
20210122161028	439.555
20210122161029	443.389
20210122161031	446.291
20210122161032	448.213
20210122161033	449.105
20210122161034	448.942
20210122161035	447.729
20210122161036	445.497
20210122161037	442.286
20210122161038	438.169
20210122161040	433.229
20210122161041	427.567
20210122161042	421.301
20210122161043	414.558
20210122161045	407.48
20210122161046	400.225
20210122161047	392.945
20210122161049	385.785
20210122161049	378.893
20210122161051	372.413
20210122161052	366.48
20210122161053	361.218
20210122161054	356.74
20210122161055	353.129
20210122161056	350.465
20210122161058	348.809
20210122161059	348.189
20210122161100	348.606
20210122161102	350.063
20210122161103	352.544
20210122161104	355.985
20210122161105	360.303
20210122161106	365.427
20210122161108	371.248
20210122161109	377.651
20210122161110	384.47
20210122161111	391.581
20210122161113	398.842
20210122161114	406.101
20210122161115	413.198
20210122161116	419.999
