20210123182040	0.507453
20210123182041	0.364397
20210123182049	0.231313
20210123182050	0.324292
20210123182051	0.407052
20210123182052	0.473367
20210123182053	0.515568
20210123182054	0.532817
20210123182054	0.523084
20210123182055	0.488918
20210123182056	0.444267
20210123182057	0.382885
20210123182058	0.33339
20210123182059	0.294472
20210123182100	0.259284
20210123182101	0.223148
20210123182102	0.191192
20210123182102	0.164101
20210123182103	0.141168
20210123182104	0.120919
20210123182105	0.102328
20210123182106	0.0857808
20210123182107	0.0718003
20210123182107	0.0595702
20210123182108	0.0491427
20210123182109	0.0399749
20210123182110	0.0219287
20210123182111	0.0179743
20210123182112	0.0156899
20210123182113	0.0138697
20210123182114	0.0116551
20210123182115	0.00987074
20210123182116	0.00888716
20210123182117	0.00787362
20210123182118	0.00672734
20210123182119	0.00547818
20210123182120	0.00427558
20210123182121	0.00334543
20210123182122	0.00273559
20210123182122	0.00266363
20210123182123	0.00271937
20210123182124	0.00215171
20210123182125	0.00172652
20210123182126	0.00194559
20210123182127	0.00200255
20210123182128	0.00124422
20210123182129	0.000922979
20210123182130	0.00113193
20210123182131	0.00102088
20210123182132	-0.000399516
20210123182133	-3.2644e-05
20210123182134	0.000699079
20210123182135	0.000632743
20210123182135	0.000597085
20210123182136	0.00114095
20210123182137	0.00125456
20210123182138	0.00108997
20210123182139	0.00146014
20210123182140	0.00200124
20210123182141	0.0020097
20210123182142	0.00238701
20210123182143	0.00315631
20210123182144	0.00326457
20210123182144	0.00312412
20210123182145	0.00340621
20210123182146	0.00414988
20210123182147	0.00478203
20210123182148	0.00459366
20210123182149	0.0044065
20210123182150	0.00451289
20210123182151	0.00488283
20210123182152	0.00545329
20210123182152	0.0062428
20210123182153	0.0070755
20210123182154	-0.0733414
20210123182155	-0.188759
20210123182156	-0.301282
20210123182157	-0.411039
20210123182158	-0.514137
20210123182159	-0.614823
20210123182200	-0.709134
20210123182200	-0.797437
20210123182201	-0.877037
20210123182202	-0.952116
20210123182203	-1.02102
20210123182204	-1.08029
20210123182205	-1.13295
20210123182206	-1.18115
20210123182207	-1.22378
20210123182207	-1.26239
20210123182208	-1.2961
20210123182209	-1.32602
20210123182210	-1.35228
20210123182211	-1.37496
20210123182212	-1.39501
20210123182213	-1.41175
20210123182214	-1.42614
20210123182215	-1.439
20210123182216	-1.45035
20210123182217	-1.46069
20210123182218	-1.46971
20210123182219	-1.47759
20210123182220	-1.48439
20210123182221	-1.49039
20210123182222	-1.49581
20210123182223	-1.5001
20210123182224	-1.50418
20210123182225	-1.50824
20210123182225	-1.5117
20210123182226	-1.5141
20210123182227	-1.51641
20210123182228	-1.51907
20210123182229	-1.52181
20210123182230	-1.58201
20210123182231	-1.7048
20210123182232	-1.82793
20210123182233	-1.94465
20210123182234	-2.06042
20210123182235	-2.17068
20210123182236	-2.27743
20210123182237	-2.37552
20210123182238	-2.46653
20210123182238	-2.54668
20210123182239	-2.61834
20210123182240	-2.68034
20210123182241	-2.73298
20210123182242	-2.77778
20210123182243	-2.81732
20210123182244	-2.85159
20210123182245	-2.88176
20210123182246	-2.90731
20210123182247	-2.92991
20210123182248	-2.94922
20210123182249	-2.96609
20210123182250	-2.98035
20210123182251	-2.99276
20210123182252	-3.00322
20210123182253	-3.01244
20210123182254	-3.02044
20210123182255	-3.0274
20210123182255	-3.03336
20210123182256	-3.03855
20210123182257	-3.04324
20210123182258	-3.04756
20210123182259	-3.05154
20210123182300	-3.05491
20210123182301	-3.05599
20210123182302	-3.05877
20210123182303	-3.06249
20210123182304	-3.06549
20210123182305	-3.06728
20210123182306	-3.06902
20210123182306	-3.07088
20210123182307	-3.0719
20210123182308	-3.07257
20210123182309	-3.0734
20210123182310	-3.07415
20210123182311	-3.07472
20210123182312	-3.0749
20210123182312	-3.07493
20210123182313	-3.07544
20210123182315	-3.07561
20210123182316	-3.07548
20210123182316	-3.07618
20210123182317	-3.07667
20210123182318	-3.07645
20210123182319	-3.07686
20210123182320	-3.07755
20210123182321	-3.07755
20210123182322	-3.07738
20210123182323	-3.07782
20210123182324	-3.07784
20210123182325	-3.07759
20210123182326	-3.07788
20210123182326	-3.07211
20210123182328	-3.07288
20210123182328	-3.07495
20210123182329	-3.07712
20210123182330	-3.07871
20210123182331	-3.07949
20210123182332	-3.08047
20210123182333	-3.08203
20210123182334	-3.08263
20210123182335	-3.08265
20210123182336	-3.08326
20210123182337	-3.08419
20210123182338	-3.08408
20210123182338	-3.08399
20210123182340	-3.08448
20210123182340	-3.08511
20210123182341	-3.08466
20210123182342	-3.08416
20210123182343	-3.08442
20210123182344	-3.08505
20210123182345	-3.08467
20210123182346	-3.0839
20210123182347	-3.08381
20210123182348	-3.08428
20210123182349	-3.08395
20210123182350	-3.08333
20210123182351	-3.08343
20210123182352	-3.08381
20210123182352	-3.08347
20210123182353	-3.0834
20210123182354	-3.08395
20210123182355	-3.08372
20210123182356	-3.08345
20210123182357	-3.08392
20210123182358	-3.08364
20210123182358	-3.08276
20210123182359	-3.08265
20210123182400	-3.08301
20210123182401	-3.08246
20210123182402	-3.08209
20210123182403	-3.0822
20210123182404	-3.08145
20210123182405	-3.08067
20210123182406	-3.08089
20210123182407	-3.08102
20210123182408	-3.08053
20210123182409	-3.08065
20210123182410	-3.08085
20210123182411	-3.08021
20210123182412	-3.08006
20210123182412	1.88196
20210123182414	1.79135
20210123182414	1.69864
20210123182415	1.59694
20210123182416	1.49114
20210123182417	1.37758
20210123182418	1.26621
20210123182419	1.16567
20210123182420	1.09111
20210123182421	1.04879
20210123182422	1.02866
20210123182422	1.01189
20210123182423	0.990593
20210123182424	0.96834
20210123182425	0.954102
20210123182426	0.942872
20210123182427	0.928192
20210123182428	0.912925
20210123182429	0.903926
20210123182430	0.896143
20210123182431	0.884602
20210123182432	0.873884
20210123182433	0.868652
20210123182434	0.862995
20210123182435	0.854155
20210123182436	0.846919
20210123182436	0.84364
20210123182437	0.839133
20210123182438	0.831952
20210123182439	0.826637
20210123182440	0.824396
20210123182441	0.821682
20210123182442	0.8169
20210123182443	0.81322
20210123182444	0.811937
20210123182445	0.810351
20210123182445	0.807189
20210123182446	0.804576
20210123182447	0.803891
20210123182448	0.803325
20210123182449	0.801292
20210123182450	0.799399
20210123182451	0.799189
20210123182452	0.799134
20210123182453	0.797911
20210123182454	0.796611
20210123182455	0.795786
20210123182455	0.795681
20210123182456	0.79559
20210123182457	0.794639
20210123182458	0.793845
20210123182459	0.793842
20210123182500	0.794125
20210123182501	0.793563
20210123182502	0.79331
20210123182503	0.793954
20210123182504	-4.86932
20210123182505	-5.06097
20210123182506	-4.94044
20210123182507	-4.85326
20210123182508	-5.25938
20210123182509	-5.11437
20210123182510	-5.1854
20210123182510	-5.10084
20210123182511	-4.98014
20210123182512	-4.91283
20210123182513	-4.9447
20210123182514	-5.0703
20210123182515	-5.27833
20210123182516	-5.44604
20210123182517	-5.69146
20210123182518	-5.85048
20210123182519	-6.02097
20210123182520	-6.2422
20210123182521	-6.46732
20210123182522	-0.384394
20210123182523	-0.586844
20210123182524	-0.776337
20210123182525	-0.97674
20210123182526	-1.16737
20210123182527	-1.34889
20210123182528	-1.56679
20210123182529	-1.80235
20210123182530	-2.07144
20210123182531	-2.33478
20210123182532	-2.60804
20210123182533	-2.86434
20210123182534	-3.10726
20210123182535	-3.37528
20210123182536	-3.65505
20210123182537	-3.91737
20210123182538	-4.16191
20210123182538	-4.39959
20210123182540	-4.63639
20210123182540	-4.87221
20210123182541	-5.0313
20210123182542	-5.22257
20210123182543	-5.34814
20210123182544	-5.39033
20210123182545	-5.47134
20210123182546	-5.44609
20210123182547	-5.46187
20210123182548	-5.52322
20210123182549	-5.59352
20210123182549	-5.79302
20210123182550	-6.02939
20210123182551	-6.24519
20210123182552	-6.42607
20210123182553	-0.325509
20210123182554	-0.503644
20210123182555	-0.69537
20210123182556	-0.926896
20210123182557	-1.15082
20210123182557	-1.34366
