20210104211711	-2.13555
20210104211711	-2.13555
20210104211711	-2.13876
20210104211711	0.67164
20210104211712	-2.13876
20210104211712	-2.14166
20210104211712	-2.14166
20210104211712	-2.14166
20210104211712	0.683227
20210104211712	0.6944
20210104211712	-2.14427
20210104211712	-2.14427
20210104211712	0.6944
20210104211712	-2.14714
20210104211712	0.707789
20210104211712	-2.14714
20210104211712	-2.14915
20210104211712	-2.14915
20210104211712	-2.15091
20210104211712	-2.15091
20210104211712	0.727911
20210104211712	-2.15091
20210104211712	-2.15091
20210104211712	-2.15244
20210104211712	0.737393
20210104211712	-2.15375
20210104211712	0.746503
20210104211712	-2.15375
20210104211712	-2.15375
20210104211712	0.755239
20210104211712	-2.15485
20210104211712	-2.15485
20210104211712	0.755239
20210104211712	0.765658
20210104211712	-2.15597
20210104211712	-2.15666
20210104211712	-2.15666
20210104211712	-2.15666
20210104211712	-2.15666
20210104211713	-2.1572
20210104211713	0.781226
20210104211713	-2.1572
20210104211713	-2.15766
20210104211713	-2.15766
20210104211713	-2.15766
20210104211713	-2.15784
20210104211713	-2.15784
20210104211713	-2.15784
20210104211713	0.795501
20210104211713	0.802171
20210104211713	-2.05952
20210104211713	-2.05952
20210104211713	0.482147
20210104211713	-2.06397
20210104211713	-2.06397
20210104211713	0.510255
20210104211713	-2.06729
20210104211713	0.510255
20210104211713	-2.06729
20210104211713	-2.0704
20210104211713	-2.0704
20210104211713	-2.0704
20210104211713	-2.0704
20210104211713	-2.07331
20210104211713	-2.07331
20210104211713	-2.07603
20210104211713	0.544268
20210104211713	-2.07603
20210104211713	-2.07603
20210104211713	-2.07856
20210104211713	-2.07856
20210104211713	-2.07856
20210104211713	0.554765
20210104211714	0.567316
20210104211714	-2.08146
20210104211714	-2.08146
20210104211714	0.576908
20210104211714	0.576908
20210104211714	-2.08359
20210104211714	-2.08557
20210104211714	0.586111
20210104211714	-2.08557
20210104211714	-2.08738
20210104211714	0.594937
20210104211714	-2.08738
20210104211714	0.603393
20210104211714	-2.08905
20210104211714	-2.08905
20210104211714	0.603393
20210104211714	-2.09058
20210104211714	-2.09058
20210104211714	-2.09058
20210104211714	-2.0923
20210104211714	-2.0923
20210104211714	-2.0923
20210104211714	0.628456
20210104211714	-2.09352
20210104211714	0.628456
20210104211714	0.628456
20210104211714	0.63546
20210104211714	-2.02553
20210104211714	-2.02553
20210104211714	0.405281
20210104211714	-2.02685
20210104211714	-2.02685
20210104211714	0.431491
20210104211714	-2.02826
20210104211714	-2.02826
20210104211714	0.431491
20210104211714	-2.02897
20210104211714	-2.02897
20210104211714	0.439694
20210104211714	-2.02897
20210104211714	-2.02991
20210104211714	-2.02991
20210104211714	-2.03048
20210104211714	0.462764
20210104211715	-2.03048
20210104211715	-2.03048
20210104211715	-2.03086
20210104211715	-2.03086
20210104211715	-2.03086
20210104211715	0.472312
20210104211715	-2.03108
20210104211715	-2.03108
20210104211715	-2.03113
20210104211715	-2.03113
20210104211715	0.490171
20210104211715	-2.03113
20210104211715	-2.031
20210104211715	-2.031
20210104211715	-2.03057
20210104211715	-2.03057
20210104211715	-2.03057
20210104211715	-2.03057
20210104211715	-2.03002
20210104211715	0.515834
20210104211715	-2.03002
20210104211715	0.515834
20210104211715	-2.02929
20210104211715	-2.02929
20210104211715	0.522948
20210104211715	-2.02929
20210104211715	-2.02838
20210104211715	0.529714
20210104211715	0.5377
20210104211715	-2.02698
20210104211715	-2.02698
20210104211715	0.5377
20210104211715	-1.88373
20210104211715	-1.88901
20210104211715	-1.88901
20210104211715	-1.8844
20210104211715	-1.8844
20210104211715	0.361608
20210104211715	-1.8844
20210104211715	-1.88039
20210104211715	0.371474
20210104211715	-1.88039
20210104211715	-1.87608
20210104211715	0.380869
20210104211715	0.380869
20210104211715	-1.87147
20210104211715	-1.87147
20210104211715	0.389806
20210104211715	-1.86654
20210104211715	-1.86654
20210104211715	-1.86654
20210104211715	-1.86654
20210104211715	-1.86128
20210104211715	0.406366
20210104211716	0.406366
20210104211716	-1.85421
20210104211716	-1.85421
20210104211716	-1.85421
20210104211716	-1.84815
20210104211716	-1.84815
20210104211716	-1.84815
20210104211716	-1.84815
20210104211716	-1.84172
20210104211716	0.429739
20210104211716	-1.84172
20210104211716	-1.8349
20210104211716	-1.8349
20210104211716	0.436128
20210104211716	-1.8349
20210104211716	0.443613
20210104211716	-1.8258
20210104211716	-1.8258
20210104211716	-1.82002
20210104211716	-1.82002
20210104211716	-1.82002
20210104211716	-1.82002
20210104211716	-1.80979
20210104211716	-1.80979
20210104211716	-1.80979
20210104211716	0.459419
20210104211716	-1.80108
20210104211716	-1.6872
20210104211716	-1.78066
20210104211716	-1.78066
20210104211716	-1.78066
20210104211716	-1.77052
20210104211716	-1.77052
20210104211716	-1.77052
20210104211716	-1.77052
20210104211716	0.419281
20210104211716	-1.75984
20210104211716	0.419281
20210104211716	-1.7486
20210104211716	0.424726
20210104211716	-1.7337
20210104211716	-1.7337
20210104211716	-1.7337
20210104211716	0.430995
20210104211716	-1.72111
20210104211716	0.435596
20210104211716	-1.72111
20210104211716	-1.72111
20210104211717	-1.70792
20210104211717	0.439854
20210104211717	-1.70792
20210104211717	-1.69413
20210104211717	-1.69413
20210104211717	-1.69413
20210104211717	-1.67972
20210104211717	-1.67972
20210104211717	-1.67972
20210104211717	-1.67972
20210104211717	-1.66471
20210104211717	0.450792
20210104211717	0.450792
20210104211717	-1.66471
20210104211717	-1.64509
20210104211717	-1.64509
20210104211717	-1.64509
20210104211717	-1.62872
20210104211717	0.457476
20210104211717	-1.62872
20210104211717	-1.61179
20210104211717	-1.61179
20210104211717	-1.61179
20210104211717	-1.59431
20210104211717	0.462596
20210104211717	-1.59431
20210104211717	-1.57632
20210104211717	-1.57632
20210104211717	-1.57632
20210104211717	-1.56142
20210104211717	-1.54254
20210104211717	-1.62516
20210104211718	-1.62516
20210104211718	-1.60326
20210104211718	-1.60326
20210104211718	0.400424
20210104211718	-1.60326
20210104211718	0.403904
20210104211718	-1.58523
20210104211718	-1.58523
20210104211718	0.407259
20210104211718	-1.56677
20210104211718	0.407259
20210104211718	-1.54792
20210104211718	-1.54792
20210104211718	-1.54792
20210104211718	-1.52869
20210104211718	-1.52869
20210104211718	-1.52869
20210104211718	-1.52869
20210104211718	-1.50416
20210104211718	-1.50416
20210104211718	-1.50416
20210104211718	-1.48412
20210104211718	-1.48412
20210104211718	-1.48412
20210104211718	-1.48412
20210104211718	-1.46374
20210104211718	-1.46374
20210104211718	-1.46374
20210104211718	-1.44311
20210104211718	-1.44311
20210104211718	0.426352
20210104211718	-1.44311
20210104211718	-1.42225
20210104211718	-1.42225
20210104211718	-1.4012
20210104211718	-1.4012
20210104211718	-1.4012
20210104211718	-1.4012
20210104211718	0.497788
20210104211719	0.434976
20210104211719	0.497788
20210104211719	0.434976
20210104211719	0.438567
20210104211719	0.501762
20210104211719	0.501762
20210104211719	0.504933
20210104211719	0.504933
20210104211719	0.504933
20210104211719	-1.26748
20210104211719	0.325985
20210104211719	0.325985
20210104211719	-1.2445
20210104211719	-1.2445
20210104211719	-1.2445
20210104211719	-1.22154
20210104211719	-1.22154
20210104211719	-1.22154
20210104211719	-1.22154
20210104211719	-1.19863
20210104211719	-1.19863
20210104211719	-1.19863
20210104211719	-1.17011
20210104211719	-1.17011
20210104211719	-1.17011
20210104211719	-1.14739
20210104211719	-1.14739
20210104211719	-1.14739
20210104211719	-1.14739
20210104211719	0.357781
20210104211719	-1.12486
20210104211719	-1.12486
20210104211719	-1.10254
20210104211719	0.362871
20210104211719	-1.10254
20210104211719	0.371653
20210104211719	0.367974
20210104211719	0.371653
20210104211719	0.371653
20210104211719	0.379627
20210104211719	0.373097
20210104211719	0.379627
20210104211719	0.379537
20210104211720	0.379537
20210104211720	0.389498
20210104211720	0.397316
20210104211720	0.397316
20210104211720	0.397316
20210104211720	0.397316
20210104211720	0.405097
20210104211720	0.405097
20210104211720	0.405097
20210104211720	0.41285
20210104211720	0.41285
20210104211720	0.395181
20210104211720	0.401811
20210104211720	0.422514
20210104211720	0.422514
20210104211720	0.422514
20210104211720	-0.664898
20210104211720	-0.664898
20210104211720	0.240422
20210104211720	-0.632153
20210104211720	-0.632153
20210104211720	-0.632153
20210104211720	-0.606501
20210104211720	-0.606501
20210104211720	0.258761
20210104211720	-0.606501
20210104211720	-0.581469
20210104211720	0.26688
20210104211720	-0.581469
20210104211720	0.234124
20210104211720	0.234124
20210104211720	0.274982
20210104211720	0.250827
20210104211720	0.250827
20210104211720	0.285082
20210104211720	0.250827
20210104211720	0.260701
20210104211720	0.260701
20210104211720	0.260701
20210104211720	0.301191
20210104211720	0.301191
20210104211720	0.276932
20210104211720	0.301191
20210104211720	0.289703
20210104211720	0.289703
20210104211720	0.289703
20210104211720	0.302316
20210104211720	0.302316
20210104211721	0.302316
20210104211721	0.317224
20210104211721	0.314793
20210104211721	0.314793
20210104211721	0.325235
20210104211721	0.327144
20210104211721	0.327144
20210104211721	0.327144
20210104211721	0.339377
20210104211721	0.339377
20210104211721	0.341265
20210104211721	0.339377
20210104211721	0.354518
20210104211721	0.354518
20210104211721	0.366541
20210104211721	0.366541
20210104211721	0.366541
20210104211721	0.366541
20210104211721	-0.535654
20210104211721	0.272814
20210104211721	-0.535654
20210104211721	-0.535654
20210104211721	0.282933
20210104211721	0.282933
20210104211721	0.293016
20210104211721	0.214643
20210104211721	0.214643
20210104211721	0.214643
20210104211721	0.303064
20210104211721	0.231374
20210104211721	0.231374
20210104211721	0.231374
20210104211721	0.251982
20210104211721	0.251982
20210104211721	0.268222
20210104211721	0.268222
20210104211721	0.268222
20210104211721	0.325532
20210104211721	0.335455
20210104211721	0.284261
20210104211722	0.284261
20210104211722	0.284261
20210104211722	0.300118
20210104211722	0.300118
20210104211722	0.315798
20210104211722	0.355226
20210104211722	0.315798
20210104211722	0.315798
20210104211722	0.365074
20210104211722	0.365074
20210104211722	0.365074
20210104211722	0.350473
20210104211722	0.350473
20210104211722	0.350473
20210104211722	0.377354
20210104211722	0.365626
20210104211722	0.365626
20210104211722	0.365626
20210104211722	0.380613
20210104211722	0.380613
20210104211722	0.380613
20210104211722	0.396913
20210104211722	0.40666
20210104211722	0.395462
20210104211722	0.418819
20210104211722	0.413835
20210104211722	0.413835
20210104211722	-0.526329
20210104211722	-0.526605
20210104211722	0.332604
20210104211722	-0.526605
20210104211722	0.332604
20210104211722	-0.528318
20210104211722	-0.528318
20210104211722	0.260762
20210104211722	0.358984
20210104211722	0.260762
20210104211722	0.260762
20210104211722	0.279906
20210104211722	0.279906
20210104211722	0.279906
20210104211722	0.382306
20210104211722	0.382306
20210104211722	0.29885
20210104211722	0.322258
20210104211722	0.322258
20210104211722	0.322258
20210104211722	0.396778
20210104211722	0.408304
20210104211722	0.340778
20210104211723	0.340778
20210104211723	0.35912
20210104211723	0.35912
20210104211723	0.35912
20210104211723	0.377306
20210104211723	0.377306
20210104211723	0.395368
20210104211723	0.395368
20210104211723	0.395368
20210104211723	0.442679
20210104211723	0.395368
20210104211723	0.395368
20210104211723	0.413258
20210104211723	0.413258
20210104211723	0.430979
20210104211723	0.430979
20210104211723	0.430979
20210104211723	0.430979
20210104211723	0.452898
20210104211723	0.452898
20210104211723	0.452898
20210104211723	0.490832
20210104211723	0.490832
20210104211723	0.470252
20210104211723	0.502058
20210104211723	0.487449
20210104211723	0.487449
20210104211723	0.487449
20210104211723	-0.611421
20210104211723	-0.611421
20210104211723	-0.611421
20210104211723	-0.630748
20210104211723	-0.630748
20210104211723	-0.630748
20210104211723	-0.642907
20210104211723	-0.642907
20210104211723	-0.642907
20210104211723	-0.642907
20210104211723	-0.659752
20210104211723	-0.659752
20210104211723	-0.659752
20210104211723	0.384038
20210104211724	0.384038
20210104211724	-0.681793
20210104211724	-0.681793
20210104211724	-0.70018
20210104211724	0.397346
20210104211724	-0.70018
20210104211724	-0.719225
20210104211724	-0.719225
20210104211724	-0.719225
20210104211724	-0.719225
20210104211724	-0.738872
20210104211724	-0.738872
20210104211724	-0.759099
20210104211724	-0.759099
20210104211724	0.43721
20210104211724	-0.759099
20210104211724	0.450412
20210104211724	-0.779883
20210104211724	0.450412
20210104211724	-0.779883
20210104211724	0.449776
20210104211724	0.449776
20210104211724	0.479975
20210104211724	0.470531
20210104211724	0.470531
20210104211724	0.479975
20210104211724	0.493093
20210104211724	0.49121
20210104211724	0.493093
20210104211724	0.49121
20210104211724	0.511768
20210104211724	0.506185
20210104211724	0.532188
20210104211724	0.532188
20210104211724	0.532188
20210104211724	0.532188
20210104211724	0.532266
20210104211724	0.345321
20210104211724	0.345321
20210104211724	-0.847041
20210104211724	-0.847041
20210104211724	-0.847041
20210104211724	0.379985
20210104211724	-0.86958
20210104211724	-0.86958
20210104211724	-0.892525
20210104211724	-0.892525
20210104211724	-0.892525
20210104211724	-0.892525
20210104211724	-0.892525
20210104211724	0.410877
20210104211725	-0.915829
20210104211725	-0.93945
20210104211725	-0.93945
20210104211725	0.426309
20210104211725	-0.93945
20210104211725	-0.963338
20210104211725	-0.963338
20210104211725	-0.963338
20210104211725	-0.963338
20210104211725	-0.993494
20210104211725	0.460978
20210104211725	-0.993494
20210104211725	-1.01779
20210104211725	-1.01779
20210104211725	0.476364
20210104211725	0.491772
20210104211725	-1.0422
20210104211725	-1.0422
20210104211725	-1.06667
20210104211725	0.507198
20210104211725	-1.06667
20210104211725	-1.06667
20210104211725	0.522604
20210104211725	-1.09118
20210104211725	0.522604
20210104211725	0.537993
20210104211725	-1.11568
20210104211725	-1.11568
20210104211725	0.557205
20210104211725	-1.14625
20210104211725	-1.14625
20210104211725	-1.17062
20210104211725	0.572558
20210104211725	-1.17062
20210104211725	-1.16956
20210104211725	-1.25598
20210104211725	0.416295
20210104211725	0.416295
20210104211725	-1.27865
20210104211725	-1.27865
20210104211725	0.434688
20210104211725	-1.30667
20210104211725	-1.30667
20210104211725	-1.30667
20210104211725	-1.30667
20210104211725	-1.32329
20210104211725	-1.32329
20210104211725	-1.32329
20210104211725	-1.32329
20210104211725	-1.35059
20210104211725	-1.35059
20210104211726	-1.37206
20210104211726	-1.37206
20210104211726	-1.37206
20210104211726	-1.37206
20210104211726	-1.39313
20210104211726	0.531915
20210104211726	0.531915
20210104211726	-1.41378
20210104211726	-1.41378
20210104211726	0.55061
20210104211726	-1.43398
20210104211726	0.569332
20210104211726	0.569332
20210104211726	-1.43398
20210104211726	-1.45369
20210104211726	-1.45369
20210104211726	-1.45369
20210104211726	0.611533
20210104211726	0.611533
20210104211726	-1.47759
20210104211726	-1.47759
20210104211726	-1.49607
20210104211726	-1.49607
20210104211726	-1.49607
20210104211726	-1.51398
20210104211726	-1.51398
20210104211726	-1.51398
20210104211726	-1.51398
20210104211726	-1.53129
20210104211726	0.667971
20210104211726	0.6868
20210104211726	-1.54793
20210104211726	0.6868
20210104211726	-1.5952
20210104211726	0.705579
20210104211726	-1.63545
20210104211726	-1.63545
20210104211726	-0.989453
20210104211726	-1.65222
20210104211726	-1.65222
20210104211726	-1.66475
20210104211726	-1.06652
20210104211726	-1.66475
20210104211726	-1.66475
20210104211726	-1.6765
20210104211726	-1.6765
20210104211727	-1.6765
20210104211727	-1.09956
20210104211727	-1.69009
20210104211727	-1.13987
20210104211727	-1.70005
20210104211727	-1.70005
20210104211727	-1.70005
20210104211727	-1.17121
20210104211727	-1.70919
20210104211727	-1.70919
20210104211727	-1.70919
20210104211727	-1.71751
20210104211727	-1.23144
20210104211727	-1.71751
20210104211727	-1.71751
20210104211727	-1.725
20210104211727	-1.725
20210104211727	-1.725
20210104211727	-1.73166
20210104211727	-1.73166
20210104211727	-1.73166
20210104211727	-1.31545
20210104211727	-1.73752
20210104211727	-1.31545
20210104211727	-1.34172
20210104211727	-1.74254
20210104211727	-1.74254
20210104211727	-1.74254
20210104211727	-1.74674
20210104211727	-1.74674
20210104211727	-1.74674
20210104211727	0.892513
20210104211727	0.892513
20210104211727	-1.75084
20210104211727	-1.75321
20210104211727	-1.75321
20210104211727	0.913914
20210104211727	-1.73878
20210104211727	-1.74068
20210104211727	-1.73952
20210104211727	-1.73952
20210104211727	-1.74116
20210104211728	-1.74116
20210104211728	-1.74116
20210104211728	-1.74205
20210104211728	-1.74205
20210104211728	-1.74205
20210104211728	-1.74205
20210104211728	-1.74234
20210104211728	-1.74234
20210104211728	-1.74234
20210104211728	-1.47621
20210104211728	-1.47621
20210104211728	-1.74306
20210104211728	-1.74446
20210104211728	-1.495
20210104211728	-1.495
20210104211728	-1.74446
20210104211728	-1.74652
20210104211728	-1.51293
20210104211728	-1.74652
20210104211728	-1.74652
20210104211728	-1.74924
20210104211728	-1.53007
20210104211728	-1.74924
20210104211728	-1.75258
20210104211728	-1.75258
20210104211728	-1.75258
20210104211728	-1.75653
20210104211728	-1.75653
20210104211728	-1.75653
20210104211728	-1.75653
20210104211728	-1.76227
20210104211728	-1.58006
20210104211728	-1.76227
20210104211728	-1.76748
20210104211728	-1.76748
20210104211728	-1.76748
20210104211728	-1.7732
20210104211728	-1.7732
20210104211728	-1.7732
20210104211728	-1.6066
20210104211728	-1.77941
20210104211728	-1.77941
20210104211728	-1.63013
20210104211728	-1.7861
20210104211728	-1.7861
20210104211728	-1.70167
20210104211728	-1.51912
20210104211728	-1.71537
20210104211728	-1.71537
20210104211728	-1.71537
20210104211728	-1.53098
20210104211728	-1.72305
20210104211729	-1.72305
20210104211729	-1.7295
20210104211729	-1.7295
20210104211729	-1.55113
20210104211729	-1.73618
20210104211729	-1.73618
20210104211729	-1.55113
20210104211729	-1.73618
20210104211729	-1.74309
20210104211729	-1.74309
20210104211729	-1.7502
20210104211729	-1.7502
20210104211729	-1.56899
20210104211729	-1.75746
20210104211729	-1.75746
20210104211729	-1.57709
20210104211729	-1.57709
20210104211729	-1.7667
20210104211729	-1.7667
20210104211729	-1.7667
20210104211729	-1.77419
20210104211729	-1.77419
20210104211729	-1.77419
20210104211729	-1.77419
20210104211729	-1.78175
20210104211729	-1.78175
20210104211729	-1.78175
20210104211729	-1.78934
20210104211729	-1.78934
20210104211729	-1.78934
20210104211729	-1.6059
20210104211729	-1.79697
20210104211729	-1.6115
20210104211729	-1.79697
20210104211729	-1.80457
20210104211729	-1.80457
20210104211729	-1.80457
20210104211729	-1.80457
20210104211729	-1.81401
20210104211729	-1.6226
20210104211729	-1.82147
20210104211729	-1.82147
20210104211730	-1.82147
20210104211730	-1.8631
20210104211730	-1.67115
20210104211730	-1.92863
20210104211730	-1.92863
20210104211730	-1.94047
20210104211730	-1.94047
20210104211730	-1.94047
20210104211730	-1.94746
20210104211730	-1.7
20210104211730	-1.94746
20210104211730	-1.94746
20210104211730	-1.9566
20210104211730	-1.70083
20210104211730	-1.70083
20210104211730	-1.9566
20210104211730	-1.96772
20210104211730	-1.96772
20210104211730	-1.96772
20210104211730	-1.97634
20210104211730	-1.97634
20210104211730	-1.70204
20210104211730	-1.9847
20210104211730	-1.9847
20210104211730	-1.9847
20210104211730	-1.9847
20210104211730	-1.99278
20210104211730	-1.99278
20210104211730	-1.70247
20210104211730	-2.00253
20210104211730	-2.00253
20210104211730	-2.00253
20210104211730	-2.00998
20210104211730	-1.7026
20210104211730	-2.00998
20210104211730	-2.00998
20210104211730	-2.01709
20210104211730	-2.01709
20210104211730	-2.02387
20210104211730	-2.02387
20210104211730	-2.02387
20210104211730	-2.02387
20210104211730	-1.70327
20210104211731	-2.03029
20210104211731	-2.03029
20210104211731	-2.03029
20210104211731	-2.03636
20210104211731	-2.03636
20210104211731	-2.04211
20210104211731	-2.04211
20210104211731	-2.04211
20210104211731	-2.0982
20210104211731	-2.09653
20210104211731	-2.09653
20210104211731	-2.09653
20210104211731	-2.10425
20210104211731	-2.10425
20210104211731	-2.10425
20210104211731	-2.11
20210104211731	-2.11
20210104211731	-2.11
20210104211731	-2.11
20210104211731	-2.11536
20210104211731	-1.74487
20210104211731	-2.11536
20210104211731	-2.12032
20210104211731	-2.12032
20210104211731	-2.12032
20210104211731	-1.74566
20210104211731	-2.12492
20210104211731	-2.12492
20210104211731	-2.12492
20210104211731	-2.12911
20210104211731	-2.12911
20210104211731	-2.12911
20210104211731	-2.13376
20210104211731	-2.13376
20210104211731	-2.13376
20210104211731	-2.137
20210104211731	-1.74851
20210104211731	-2.137
20210104211731	-1.74851
20210104211731	-2.13981
20210104211731	-2.13981
20210104211731	-2.13981
20210104211731	-2.13981
20210104211731	-2.14219
20210104211731	-2.14219
20210104211731	-2.14417
20210104211731	-2.14417
20210104211731	-2.14417
20210104211731	-1.74982
20210104211731	-1.75017
20210104211731	-2.14604
20210104211731	-2.14604
20210104211731	-1.75037
20210104211732	-1.75037
20210104211732	-2.14707
20210104211732	-2.14768
20210104211732	-2.14768
20210104211732	-2.14768
20210104211732	-1.97994
20210104211732	-1.97688
20210104211732	-1.97688
20210104211732	-1.97688
20210104211732	-1.97347
20210104211732	-1.97347
20210104211732	-1.63721
20210104211732	-1.96877
20210104211732	-1.96877
20210104211732	-1.96877
20210104211732	-1.96877
20210104211732	-1.96469
20210104211732	-1.63698
20210104211732	-1.96469
20210104211732	-1.96032
20210104211732	-1.96032
20210104211732	-1.96032
20210104211732	-1.63682
20210104211732	-1.63662
20210104211732	-1.63662
20210104211732	-1.95566
20210104211732	-1.95073
20210104211732	-1.95073
20210104211732	-1.95073
20210104211732	-1.63636
20210104211732	-1.94554
20210104211732	-1.94554
20210104211732	-1.63605
20210104211732	-1.9401
20210104211732	-1.9401
20210104211732	-1.63567
20210104211732	-1.93443
20210104211732	-1.93443
20210104211732	-1.93443
20210104211732	-1.93443
20210104211732	-1.92705
20210104211732	-1.63455
20210104211732	-1.92705
20210104211732	-1.92093
20210104211732	-1.92093
20210104211732	-1.92093
20210104211732	-1.91466
20210104211733	-1.63318
20210104211733	-1.63318
20210104211733	-1.91466
20210104211733	-1.63235
20210104211733	-1.90824
20210104211733	-1.90171
20210104211733	-1.90171
20210104211733	-1.90171
20210104211733	-1.84626
20210104211733	-1.92192
20210104211733	-1.92192
20210104211733	-1.6042
20210104211733	-1.91131
20210104211733	-1.91131
20210104211733	-1.91131
20210104211733	-1.90274
20210104211733	-1.90274
20210104211733	-1.90274
20210104211733	-1.60303
20210104211733	-1.89411
20210104211733	-1.89411
20210104211733	-1.60228
20210104211733	-1.89411
20210104211733	-1.6014
20210104211733	-1.88544
20210104211733	-1.87676
20210104211733	-1.87676
20210104211733	-1.87676
20210104211733	-1.60036
20210104211733	-1.86589
20210104211733	-1.59884
20210104211733	-1.59884
20210104211733	-1.85722
20210104211733	-1.85722
20210104211733	-1.59744
20210104211733	-1.59744
20210104211733	-1.84858
20210104211733	-1.59587
20210104211733	-1.59587
20210104211733	-1.83999
20210104211733	-1.59413
20210104211733	-1.83999
20210104211733	-1.83147
20210104211733	-1.83147
20210104211733	-1.83147
20210104211733	-1.59012
20210104211733	-1.82303
20210104211733	-1.82303
20210104211733	-1.82303
20210104211734	-1.81466
20210104211734	-1.58784
20210104211734	-1.81466
20210104211734	-1.81466
20210104211734	-1.58475
20210104211734	-1.80436
20210104211734	-1.79629
20210104211734	-1.79629
20210104211734	-1.58207
20210104211734	-1.88941
20210104211734	-1.88089
20210104211734	-1.88089
20210104211734	-1.62894
20210104211734	-1.87252
20210104211734	-1.87252
20210104211734	-1.87252
20210104211734	-1.86433
20210104211734	-1.86433
20210104211734	-1.86433
20210104211734	-1.86433
20210104211734	-1.85629
20210104211734	-1.85629
20210104211734	-1.85629
20210104211734	-1.84653
20210104211734	-1.84653
20210104211734	-1.84653
20210104211734	-1.62411
20210104211734	-1.83896
20210104211734	-1.83896
20210104211734	-1.62411
20210104211734	-1.6228
20210104211734	-1.83161
20210104211734	-1.6228
20210104211734	-1.83161
20210104211734	-1.82448
20210104211734	-1.82448
20210104211734	-1.82448
20210104211734	-1.81757
20210104211734	-1.81757
20210104211734	-1.61983
20210104211734	-1.61819
20210104211734	-1.81085
20210104211735	-1.81085
20210104211735	-1.81085
20210104211735	-1.61599
20210104211735	-1.80274
20210104211735	-1.7965
20210104211735	-1.7965
20210104211735	-1.61414
20210104211735	-1.7965
20210104211735	-1.6122
20210104211735	-1.79048
20210104211735	-1.6122
20210104211735	-1.79048
20210104211735	-1.78466
20210104211735	-1.78466
20210104211735	-1.77906
20210104211735	-1.77906
20210104211735	-1.77906
20210104211735	-1.87835
20210104211735	1.39128
20210104211735	-1.85121
20210104211735	-1.85121
20210104211735	-1.84611
20210104211735	-1.84611
20210104211735	-1.84611
20210104211735	-1.84222
20210104211735	-1.84222
20210104211735	-1.84222
20210104211735	-1.67983
20210104211735	-1.83852
20210104211735	-1.6788
20210104211735	-1.83852
20210104211735	-1.83852
20210104211735	-1.67776
20210104211735	-1.835
20210104211735	-1.83165
20210104211735	-1.83165
20210104211735	-1.83165
20210104211735	-1.83165
20210104211735	-1.67567
20210104211735	-1.82844
20210104211735	-1.82844
20210104211735	-1.82461
20210104211735	-1.82461
20210104211735	-1.67436
20210104211735	-1.82461
20210104211735	-1.8217
20210104211735	-1.8217
20210104211735	-1.67331
20210104211735	-1.81892
20210104211736	-1.81892
20210104211736	-1.81892
20210104211736	-1.81559
20210104211736	-1.67096
20210104211736	-1.81559
20210104211736	-1.81368
20210104211736	-1.81368
20210104211736	-1.81368
20210104211736	-1.81368
20210104211736	-1.81059
20210104211736	1.33631
20210104211736	1.33631
20210104211736	-1.81059
20210104211736	-1.80821
20210104211736	1.3363
20210104211736	1.33636
20210104211736	-1.80591
20210104211736	-1.80591
20210104211736	-1.79072
20210104211736	-1.74972
20210104211736	-1.74972
20210104211736	-1.74972
20210104211736	-1.59836
20210104211736	-1.59836
20210104211736	-1.7479
20210104211736	-1.74571
20210104211736	-1.74571
20210104211736	-1.74571
20210104211736	-1.74571
20210104211736	-1.59439
20210104211736	-1.59439
20210104211736	-1.59439
20210104211736	0.953332
20210104211736	-1.74234
20210104211736	-1.74234
20210104211736	-1.74072
20210104211736	-1.74072
20210104211736	-1.74072
20210104211736	-1.74072
20210104211736	-1.73915
20210104211736	-1.58794
20210104211736	-1.73915
20210104211736	-1.73915
20210104211736	-1.73763
20210104211736	-1.73763
20210104211736	-1.7358
20210104211736	-1.58358
20210104211736	-1.7358
20210104211736	-1.58358
20210104211736	-1.73474
20210104211736	-1.58215
20210104211736	-1.58215
20210104211736	-1.73474
20210104211736	-1.73303
20210104211736	-1.73303
20210104211737	1.21287
20210104211737	-1.73172
20210104211737	1.21287
20210104211737	-1.73172
20210104211737	-1.73048
20210104211737	-1.73048
20210104211737	1.2164
20210104211737	1.2164
20210104211737	1.21986
20210104211737	-1.72929
20210104211737	-1.72929
20210104211737	-1.72816
20210104211737	-1.72816
20210104211737	-1.616
20210104211737	-1.61432
20210104211737	-1.38434
20210104211737	-1.61432
20210104211737	-1.38434
20210104211737	-1.61233
20210104211737	-1.61233
20210104211737	-1.61083
20210104211737	-1.37376
20210104211737	-1.61083
20210104211737	-1.61083
20210104211737	-1.36916
20210104211737	-1.60942
20210104211737	-1.60942
20210104211737	-1.60809
20210104211737	-1.60809
20210104211737	-1.60809
20210104211737	-1.36019
20210104211737	-1.60685
20210104211737	-1.60685
20210104211737	-1.35583
20210104211737	-1.35583
20210104211737	-1.60568
20210104211737	-1.60568
20210104211737	-1.60568
20210104211737	-1.60431
20210104211737	-1.35048
20210104211737	-1.35048
20210104211737	-1.60331
20210104211737	-1.60331
20210104211737	-1.60331
20210104211737	1.15116
20210104211737	-1.60237
20210104211737	-1.60237
20210104211737	1.15757
20210104211737	1.15757
20210104211737	-1.60152
20210104211737	-1.60054
20210104211737	1.16538
20210104211737	-1.60054
20210104211737	-1.60054
20210104211738	-1.59984
20210104211738	-1.59984
20210104211738	-1.59984
20210104211738	-1.59919
20210104211738	1.17746
20210104211738	-1.59919
20210104211738	1.17746
20210104211738	-1.5986
20210104211738	1.18333
20210104211738	-1.59705
20210104211738	-1.59574
20210104211738	-1.41526
20210104211738	-1.59574
20210104211738	-1.59574
20210104211738	-1.59426
20210104211738	-1.41203
20210104211738	-1.59426
20210104211738	-1.59345
20210104211738	-1.59345
20210104211738	-1.59345
20210104211738	-1.59246
20210104211738	-1.40793
20210104211738	-1.59246
20210104211738	-1.59246
20210104211738	-1.59133
20210104211738	-1.40528
20210104211738	1.25957
20210104211738	-1.59053
20210104211738	-1.59053
20210104211738	-1.59053
20210104211738	-1.58982
20210104211738	-1.58982
20210104211738	-1.58982
20210104211738	1.27106
20210104211738	1.27106
20210104211738	-1.58919
20210104211738	1.27669
20210104211738	-1.58864
20210104211738	-1.58864
20210104211738	-1.58864
20210104211738	-1.58817
20210104211738	-1.58817
20210104211738	-1.58817
20210104211738	1.28222
20210104211738	-1.58761
20210104211738	-1.58761
20210104211739	-1.58761
20210104211739	-1.58654
20210104211739	-1.58654
20210104211739	1.29091
20210104211739	-1.5855
20210104211739	-1.5855
20210104211739	-1.5855
20210104211739	-1.58455
20210104211739	1.29516
20210104211739	-1.58455
20210104211739	-1.58372
20210104211739	-1.58372
20210104211739	-1.58372
20210104211739	-1.59355
20210104211739	-1.60486
20210104211739	-1.60486
20210104211739	-1.60486
20210104211739	-1.60369
20210104211739	-1.60369
20210104211739	-1.45205
20210104211739	-1.45131
20210104211739	-1.60331
20210104211739	-1.60331
20210104211739	-1.60331
20210104211739	-1.603
20210104211739	-1.603
20210104211739	-1.603
20210104211739	-1.60276
20210104211739	-1.60276
20210104211739	-1.60276
20210104211739	-1.60276
20210104211739	1.29511
20210104211739	-1.60272
20210104211739	1.29511
20210104211739	1.29899
20210104211739	-1.60274
20210104211739	-1.60274
20210104211739	-1.60274
20210104211739	-1.60289
20210104211739	-1.60289
20210104211740	-1.60289
20210104211740	1.30907
20210104211740	1.30907
20210104211740	-1.60321
20210104211740	-1.60343
20210104211740	-1.60343
20210104211740	-1.60343
20210104211740	-1.60376
20210104211740	-1.60376
20210104211740	-1.60376
20210104211740	-1.60409
20210104211740	1.31969
20210104211740	-1.60409
20210104211740	-1.60409
20210104211740	-1.60442
20210104211740	-1.60442
20210104211740	-1.60442
20210104211740	-1.60486
20210104211740	1.32768
20210104211740	-1.60486
20210104211740	-1.60486
20210104211740	1.33118
20210104211740	-1.60521
20210104211740	-1.70002
20210104211740	-1.67739
20210104211740	-1.67739
20210104211740	-1.67739
20210104211740	-1.54067
20210104211740	-1.67808
20210104211740	-1.67808
20210104211740	-1.6787
20210104211740	-1.54166
20210104211740	-1.6787
20210104211740	-1.6787
20210104211740	-1.67939
20210104211740	-1.67939
20210104211740	-1.67939
20210104211740	-1.67939
20210104211740	-1.54373
20210104211740	-1.68004
20210104211740	-1.68004
20210104211740	-1.68089
20210104211740	-1.68089
20210104211740	-1.54502
20210104211741	-1.6817
20210104211741	-1.54622
20210104211741	-1.54622
20210104211741	-1.6817
20210104211741	-1.68248
20210104211741	-1.54737
20210104211741	-1.54737
20210104211741	-1.68342
20210104211741	-1.68342
20210104211741	-1.54873
20210104211741	-1.68398
20210104211741	-1.68398
20210104211741	-1.68398
20210104211741	-1.68489
20210104211741	-1.55079
20210104211741	-1.68489
20210104211741	-1.68489
20210104211741	-1.68573
20210104211741	-1.68573
20210104211741	-1.55195
20210104211741	-1.68616
20210104211741	-1.55254
20210104211741	-1.55254
20210104211741	-1.55296
20210104211741	-1.55296
20210104211741	-1.68647
20210104211741	-1.68677
20210104211741	-1.55336
20210104211741	-1.68677
20210104211741	-1.61384
20210104211741	-1.61384
20210104211741	-1.71039
20210104211741	-1.71039
20210104211741	-1.56426
20210104211741	-1.56426
20210104211741	-1.71078
20210104211741	-1.71078
20210104211741	-1.56501
20210104211741	-1.71121
20210104211741	-1.71121
20210104211741	-1.7116
20210104211741	-1.56569
20210104211741	-1.7116
20210104211741	-1.7116
20210104211742	-1.71196
20210104211742	-1.71196
20210104211742	-1.71196
20210104211742	-1.71236
20210104211742	-1.56701
20210104211742	-1.71236
20210104211742	-1.71258
20210104211742	-1.71258
20210104211742	-1.71258
20210104211742	-1.71291
20210104211742	-1.71291
20210104211742	-1.56795
20210104211742	-1.71326
20210104211742	-1.71326
20210104211742	-1.71326
20210104211742	-1.71326
20210104211742	-1.71357
20210104211742	-1.71357
20210104211742	-1.71357
20210104211742	-1.71357
20210104211742	-1.71386
20210104211742	-1.71386
20210104211742	-1.71386
20210104211742	-1.56998
20210104211742	-1.71413
20210104211742	-1.71413
20210104211742	-1.71438
20210104211742	-1.71438
20210104211742	-1.71438
20210104211742	-1.5704
20210104211742	-1.71468
20210104211742	-1.71468
20210104211742	-1.71499
20210104211742	-1.71499
20210104211742	-1.71499
20210104211742	-1.70972
20210104211742	-1.56474
20210104211742	-1.69807
20210104211742	-1.69807
20210104211742	-1.69807
20210104211742	-1.69831
20210104211742	-1.69831
20210104211742	-1.52312
20210104211742	-1.6986
20210104211742	-1.6986
20210104211742	-1.52312
20210104211742	-1.52349
20210104211742	-1.69876
20210104211742	-1.69876
20210104211742	-1.69902
20210104211743	-1.69902
20210104211743	-1.52409
20210104211743	-1.69928
20210104211743	-1.52468
20210104211743	-1.52468
20210104211743	-1.52468
20210104211743	-1.5253
20210104211743	-1.69955
20210104211743	-1.69955
20210104211743	-1.52589
20210104211743	-1.69982
20210104211743	-1.69982
20210104211743	-1.69982
20210104211743	-1.70007
20210104211743	-1.70007
20210104211743	-1.70007
20210104211743	-1.70016
20210104211743	-1.70016
20210104211743	-1.70016
20210104211743	-1.52552
20210104211743	-1.69965
20210104211743	-1.69965
20210104211743	-1.69856
20210104211743	-1.69856
20210104211743	-1.69856
20210104211743	-1.69856
20210104211743	-1.69711
20210104211743	-1.69711
20210104211743	-1.51963
20210104211743	-1.69562
20210104211743	-1.69562
20210104211743	-1.69562
20210104211743	-1.69419
20210104211743	-1.69419
20210104211743	-1.69419
20210104211743	-1.69419
20210104211743	-1.69285
20210104211743	-1.69285
20210104211743	-1.69285
20210104211743	-1.69129
20210104211743	-1.69129
20210104211743	-1.50442
20210104211743	-1.69018
20210104211743	-1.69018
20210104211744	-1.69018
20210104211744	-1.5012
20210104211744	-1.49816
20210104211744	-1.68917
20210104211744	-1.68917
20210104211744	-1.49816
20210104211744	-1.68824
20210104211744	-1.68824
20210104211744	-1.68739
20210104211744	-1.68739
20210104211744	-1.68739
20210104211744	-1.68662
20210104211744	-1.48993
20210104211744	-1.68662
20210104211744	-1.68662
20210104211744	-1.68605
20210104211744	-1.68605
20210104211744	-1.68605
20210104211744	-1.68605
