20210104213925	0
20210104213925	0
20210104213925	0
20210104213925	0
20210104213925	0
20210104213925	0
20210104213926	0
20210104213926	0
20210104213926	0
20210104213926	0
20210104213926	0
20210104213926	0
20210104213926	0
20210104213926	0
20210104213926	0
20210104213926	0
20210104213926	0
20210104213926	0
20210104213926	0
20210104213926	0
20210104213926	0
20210104213926	0
20210104213926	0
20210104213926	0
20210104213926	0
20210104213926	0
20210104213926	0
20210104213926	0
20210104213926	0
20210104213926	0
20210104213926	0
20210104213926	0
20210104213926	0
20210104213926	0
20210104213926	0
20210104213926	0
20210104213926	0
20210104213926	0
20210104213926	0
20210104213926	0
20210104213926	0
20210104213926	0
20210104213926	0
20210104213926	0
20210104213926	0
20210104213926	0
20210104213926	0
20210104213926	0
20210104213926	0
20210104213926	0
20210104213926	0
20210104213926	0
20210104213926	0
20210104213926	0
20210104213926	0
20210104213926	0
20210104213926	0
20210104213926	0
20210104213926	0
20210104213926	0
20210104213926	0
20210104213926	0
20210104213927	0
20210104213927	0
20210104213927	0
20210104213927	0
20210104213927	0
20210104213927	0
20210104213927	0
20210104213927	0
20210104213927	0
20210104213927	0
20210104213927	0
20210104213927	0
20210104213927	0
20210104213927	0
20210104213927	0
20210104213927	0
20210104213927	0
20210104213927	0
20210104213927	0
20210104213927	0
20210104213927	0
20210104213927	0
20210104213927	0
20210104213927	0
20210104213927	0
20210104213927	0
20210104213927	0
20210104213927	0
20210104213927	0
20210104213927	0
20210104213927	0
20210104213927	0
20210104213927	0
20210104213927	0
20210104213927	0
20210104213927	0
20210104213927	0
20210104213927	0
20210104213927	0
20210104213927	0
20210104213927	0
20210104213927	0
20210104213927	0
20210104213927	0
20210104213927	0
20210104213927	0
20210104213927	0
20210104213927	0
20210104213927	0
20210104213928	0
20210104213928	0
20210104213928	0
20210104213928	0
20210104213928	0
20210104213928	0
20210104213928	0
20210104213928	0
20210104213928	0
20210104213928	0
20210104213928	0
20210104213928	0
20210104213928	0
20210104213928	0
20210104213928	0
20210104213928	0
20210104213928	0
20210104213928	0
20210104213928	0
20210104213928	0
20210104213928	0
20210104213928	0
20210104213928	0
20210104213928	0
20210104213928	0
20210104213928	0
20210104213928	0
20210104213928	0
20210104213928	0
20210104213928	0
20210104213928	0
20210104213928	0
20210104213928	0
20210104213928	0
20210104213928	0
20210104213928	0
20210104213928	0
20210104213928	0
20210104213928	0
20210104213928	0
20210104213929	0
20210104213929	0
20210104213929	0
20210104213929	0
20210104213929	0
20210104213929	0
20210104213929	0
20210104213929	0
20210104213929	0
20210104213929	0
20210104213929	0
20210104213929	0
20210104213929	0
20210104213929	0
20210104213929	0
20210104213929	0
20210104213929	0
20210104213929	0
20210104213929	0
20210104213929	0
20210104213929	0
20210104213929	0
20210104213929	0
20210104213929	0
20210104213929	0
20210104213929	0
20210104213929	0
20210104213929	0
20210104213929	0
20210104213929	0
20210104213929	0
20210104213929	0
20210104213929	0
20210104213929	0
20210104213929	0
20210104213929	0
20210104213929	0
20210104213929	0
20210104213929	0
20210104213929	0
20210104213929	0
20210104213929	0
20210104213929	0
20210104213929	0
20210104213929	0
20210104213929	0
20210104213929	0
20210104213929	0
20210104213929	0
20210104213930	0
20210104213930	0
20210104213930	0
20210104213930	0
20210104213930	0
20210104213930	0
20210104213930	0
20210104213930	0
20210104213930	0
20210104213930	0
20210104213930	0
20210104213930	0
20210104213930	0
20210104213930	0
20210104213930	0
20210104213930	0
20210104213930	0
20210104213930	0
20210104213930	0
20210104213930	0
20210104213930	0
20210104213930	0
20210104213930	0
20210104213930	0
20210104213930	0
20210104213930	0
20210104213930	0
20210104213930	0
20210104213930	0
20210104213930	0
20210104213930	0
20210104213930	0
20210104213930	0
20210104213930	0
20210104213930	0
20210104213930	0
20210104213930	0
20210104213930	0
20210104213930	0
20210104213930	0
20210104213930	0
20210104213930	0
20210104213931	0
20210104213931	0
20210104213931	0
20210104213931	0
20210104213931	0
20210104213931	0
20210104213931	0
20210104213931	0
20210104213931	0
20210104213931	0
20210104213931	0
20210104213931	0
20210104213931	0
20210104213931	0
20210104213931	0
20210104213931	0
20210104213931	0
20210104213931	0
20210104213931	0
20210104213931	0
20210104213931	0
20210104213931	0
20210104213931	0
20210104213931	0
20210104213931	0
20210104213931	0
20210104213931	0
20210104213931	0
20210104213931	0
20210104213931	0
20210104213931	0
20210104213931	0
20210104213931	0
20210104213931	0
20210104213931	0
20210104213931	0
20210104213931	0
20210104213931	0
20210104213931	0
20210104213931	0
20210104213931	0
20210104213931	0
20210104213931	0
20210104213931	0
20210104213931	0
20210104213931	0
20210104213931	0
20210104213931	0
20210104213931	0
20210104213931	0
20210104213931	0
20210104213931	0
20210104213931	0
20210104213931	0
20210104213931	0
20210104213932	0
20210104213932	0
20210104213932	0
20210104213932	0
20210104213932	0
20210104213932	0
20210104213932	0
20210104213932	0
20210104213932	0
20210104213932	0
20210104213932	0
20210104213932	0
20210104213932	0
20210104213932	0
20210104213932	0
20210104213932	0
20210104213932	0
20210104213932	0
20210104213932	0
20210104213932	0
20210104213932	0
20210104213932	0
20210104213932	0
20210104213932	0
20210104213932	0
20210104213932	0
20210104213932	0
20210104213932	0
20210104213932	0
20210104213932	0
20210104213932	0
20210104213932	0
20210104213932	0
20210104213932	0
20210104213932	0
20210104213932	0
20210104213932	0
20210104213932	0
20210104213932	0
20210104213932	0
20210104213932	0
20210104213932	0
20210104213932	0
20210104213932	0
20210104213932	0
20210104213932	0
20210104213932	0
20210104213932	0
20210104213932	0
20210104213932	0
20210104213932	0
20210104213933	0
20210104213933	0
20210104213933	0
20210104213933	0
20210104213933	0
20210104213933	0
20210104213933	0
20210104213933	0
20210104213933	0
20210104213933	0
20210104213933	0
20210104213933	0
20210104213933	0
20210104213933	0
20210104213933	0
20210104213933	0
20210104213933	0
20210104213933	0
20210104213933	0
20210104213933	0
20210104213933	0
20210104213933	0
20210104213933	0
20210104213933	0
20210104213933	0
20210104213933	0
20210104213933	0
20210104213933	0
20210104213933	0
20210104213933	0
20210104213933	0
20210104213933	0
20210104213933	0
20210104213933	0
20210104213933	0
20210104213933	0
20210104213933	0
20210104213933	0
20210104213933	0
20210104213933	0
20210104213933	0
20210104213933	0
20210104213933	0
20210104213933	0
20210104213933	0
20210104213933	0
20210104213933	0
20210104213933	0
20210104213933	0
20210104213933	0
20210104213933	0
20210104213933	0
20210104213933	0
20210104213934	0
20210104213934	0
20210104213934	0
20210104213934	0
20210104213934	0
20210104213934	0
20210104213934	0
20210104213934	0
20210104213934	0
20210104213934	0
20210104213934	0
20210104213934	0
20210104213934	0
20210104213934	0
20210104213934	0
20210104213934	0
20210104213934	0
20210104213934	0
20210104213934	0
20210104213934	0
20210104213934	0
20210104213934	0
20210104213934	0
20210104213934	0
20210104213934	0
20210104213934	0
20210104213934	0
20210104213934	0
20210104213934	0
20210104213934	0
20210104213934	0
20210104213934	0
20210104213934	0
20210104213934	0
20210104213934	0
20210104213934	0
20210104213934	0
20210104213934	0
20210104213934	0
20210104213934	0
20210104213934	0
20210104213934	0
20210104213934	0
20210104213934	0
20210104213934	0
20210104213934	0
20210104213934	0
20210104213934	0
20210104213934	0
20210104213935	0
20210104213935	0
20210104213935	0
20210104213935	0
20210104213935	0
20210104213935	0
20210104213935	0
20210104213935	0
20210104213935	0
20210104213935	0
20210104213935	0
20210104213935	0
20210104213935	0
20210104213935	0
20210104213935	0
20210104213935	0
20210104213935	0
20210104213935	0
20210104213935	0
20210104213935	0
20210104213935	0
20210104213935	0
20210104213935	0
20210104213935	0
20210104213935	0
20210104213935	0
20210104213935	0
20210104213935	0
20210104213935	0
20210104213935	0
20210104213935	0
20210104213935	0
20210104213935	0
20210104213935	0
20210104213935	0
20210104213935	0
20210104213935	0
20210104213935	0
20210104213935	0
20210104213935	0
20210104213935	0
20210104213936	0
20210104213936	0
20210104213936	0
20210104213936	0
20210104213936	0
20210104213936	0
20210104213936	0
20210104213936	0
20210104213936	0
20210104213936	0
20210104213936	0
20210104213936	0
20210104213936	0
20210104213936	0
20210104213936	0
20210104213936	0
20210104213936	0
20210104213936	0
20210104213936	0
20210104213936	0
20210104213936	0
20210104213936	0
20210104213936	0
20210104213936	0
20210104213936	0
20210104213936	0
20210104213936	0
20210104213936	0
20210104213936	0
20210104213936	0
20210104213936	0
20210104213936	0
20210104213936	0
20210104213936	0
20210104213936	0
20210104213936	0
20210104213936	0
20210104213936	0
20210104213936	0
20210104213936	0
20210104213936	0
20210104213936	0
20210104213936	0
20210104213936	0
20210104213936	0
20210104213936	0
20210104213936	0
20210104213936	0
20210104213936	0
20210104213936	0
20210104213936	0
20210104213936	0
20210104213936	0
20210104213936	0
20210104213936	0
20210104213937	0
20210104213937	0
20210104213937	0
20210104213937	0
20210104213937	0
20210104213937	0
20210104213937	0
20210104213937	0
20210104213937	0
20210104213937	0
20210104213937	0
20210104213937	0
20210104213937	0
20210104213937	0
20210104213937	0
20210104213937	0
20210104213937	0
20210104213937	0
20210104213937	0
20210104213937	0
20210104213937	0
20210104213937	0
20210104213937	0
20210104213937	0
20210104213937	0
20210104213937	0
20210104213937	0
20210104213937	0
20210104213937	0
20210104213937	0
20210104213937	0
20210104213937	0
20210104213937	0
20210104213937	0
20210104213937	0
20210104213937	0
20210104213937	0
20210104213937	0
20210104213937	0
20210104213937	0
20210104213937	0
20210104213937	0
20210104213937	0
20210104213937	0
20210104213937	0
20210104213937	0
20210104213937	0
20210104213937	0
20210104213937	0
20210104213937	0
20210104213937	0
20210104213937	0
20210104213937	0
20210104213938	0
20210104213938	0
20210104213938	0
20210104213938	0
20210104213938	0
20210104213938	0
20210104213938	0
20210104213938	0
20210104213938	0
20210104213938	0
20210104213938	0
20210104213938	0
20210104213938	0
20210104213938	0
20210104213938	0
20210104213938	0
20210104213938	0
20210104213938	0
20210104213938	0
20210104213938	0
20210104213938	0
20210104213938	0
20210104213938	0
20210104213938	0
20210104213938	0
20210104213938	0
20210104213938	0
20210104213938	0
20210104213938	0
20210104213938	0
20210104213938	0
20210104213938	0
20210104213938	0
20210104213938	0
20210104213938	0
20210104213938	0
20210104213938	0
20210104213938	0
20210104213938	0
20210104213938	0
20210104213938	0
20210104213939	0
20210104213939	0
20210104213939	0
20210104213939	0
20210104213939	0
20210104213939	0
20210104213939	0
20210104213939	0
20210104213939	0
20210104213939	0
20210104213939	0
20210104213939	0
20210104213939	0
20210104213939	0
20210104213939	0
20210104213939	0
20210104213939	0
20210104213939	0
20210104213939	0
20210104213939	0
20210104213939	0
20210104213939	0
20210104213939	0
20210104213939	0
20210104213939	0
20210104213939	0
20210104213939	0
20210104213939	0
20210104213939	0
20210104213939	0
20210104213939	0
20210104213939	0
20210104213939	0
20210104213939	0
20210104213939	0
20210104213939	0
20210104213939	0
20210104213939	0
20210104213939	0
20210104213939	0
20210104213939	0
20210104213939	0
20210104213939	0
20210104213939	0
20210104213939	0
20210104213939	0
20210104213939	0
20210104213939	0
20210104213939	0
20210104213939	0
20210104213939	0
20210104213939	0
20210104213939	0
20210104213939	0
20210104213939	0
20210104213940	0
20210104213940	0
20210104213940	0
20210104213940	0
20210104213940	0
20210104213940	0
20210104213940	0
20210104213940	0
20210104213940	0
20210104213940	0
20210104213940	0
20210104213940	0
20210104213940	0
20210104213940	0
20210104213940	0
20210104213940	0
20210104213940	0
20210104213940	0
20210104213940	0
20210104213940	0
20210104213940	0
20210104213940	0
20210104213940	0
20210104213940	0
20210104213940	0
20210104213940	0
20210104213940	0
20210104213940	0
20210104213940	0
20210104213940	0
20210104213940	0
20210104213940	0
20210104213940	0
20210104213940	0
20210104213940	0
20210104213940	0
20210104213940	0
20210104213940	0
20210104213940	0
20210104213940	0
20210104213940	0
20210104213941	0
20210104213941	0
20210104213941	0
20210104213941	0
20210104213941	0
20210104213941	0
20210104213941	0
20210104213941	0
20210104213941	0
20210104213941	0
20210104213941	0
20210104213941	0
20210104213941	0
20210104213941	0
20210104213941	0
20210104213941	0
20210104213941	0
20210104213941	0
20210104213941	0
20210104213941	0
20210104213941	0
20210104213941	0
20210104213941	0
20210104213941	0
20210104213941	0
20210104213941	0
20210104213941	0
20210104213941	0
20210104213941	0
20210104213941	0
20210104213941	0
20210104213941	0
20210104213941	0
20210104213941	0
20210104213941	0
20210104213941	0
20210104213941	0
20210104213941	0
20210104213941	0
20210104213941	0
20210104213941	0
20210104213941	0
20210104213941	0
20210104213941	0
20210104213941	0
20210104213941	0
20210104213941	0
20210104213941	0
20210104213941	0
20210104213941	0
20210104213941	0
20210104213942	0
20210104213942	0
20210104213942	0
20210104213942	0
20210104213942	0
20210104213942	0
20210104213942	0
20210104213942	0
20210104213942	0
20210104213942	0
20210104213942	0
20210104213942	0
20210104213942	0
20210104213942	0
20210104213942	0
20210104213942	0
20210104213942	0
20210104213942	0
20210104213942	0
20210104213942	0
20210104213942	0
20210104213942	0
20210104213942	0
20210104213942	0
20210104213942	0
20210104213942	0
20210104213942	0
20210104213942	0
20210104213942	0
20210104213942	0
20210104213942	0
20210104213942	0
20210104213942	0
20210104213942	0
20210104213942	0
20210104213942	0
20210104213942	0
20210104213942	0
20210104213942	0
20210104213942	0
20210104213942	0
20210104213942	0
20210104213942	0
20210104213942	0
20210104213942	0
20210104213942	0
20210104213942	0
20210104213942	0
20210104213942	0
20210104213942	0
20210104213942	0
20210104213943	0
20210104213943	0
20210104213943	0
20210104213943	0
20210104213943	0
20210104213943	0
20210104213943	0
20210104213943	0
20210104213943	0
20210104213943	0
20210104213943	0
20210104213943	0
20210104213943	0
20210104213943	0
20210104213943	0
20210104213943	0
20210104213943	0
20210104213943	0
20210104213943	0
20210104213943	0
20210104213943	0
20210104213943	0
20210104213943	0
20210104213943	0
20210104213943	0
20210104213943	0
20210104213943	0
20210104213943	0
20210104213943	0
20210104213943	0
20210104213943	0
20210104213943	0
20210104213943	0
20210104213943	0
20210104213943	0
20210104213943	0
20210104213943	0
20210104213943	0
20210104213943	0
20210104213943	0
20210104213943	0
20210104213943	0
20210104213943	0
20210104213943	0
20210104213943	0
20210104213943	0
20210104213943	0
20210104213943	0
20210104213944	0
20210104213944	0
20210104213944	0
20210104213944	0
20210104213944	0
20210104213944	0
20210104213944	0
20210104213944	0
20210104213944	0
20210104213944	0
20210104213944	0
20210104213944	0
20210104213944	0
20210104213944	0
20210104213944	0
20210104213944	0
20210104213944	0
20210104213944	0
20210104213944	0
20210104213944	0
20210104213944	0
20210104213944	0
20210104213944	0
20210104213944	0
20210104213944	0
20210104213944	0
20210104213944	0
20210104213944	0
20210104213944	0
20210104213944	0
20210104213944	0
20210104213944	0
20210104213944	0
20210104213944	0
20210104213944	0
20210104213944	0
20210104213944	0
20210104213944	0
20210104213944	0
20210104213944	0
20210104213944	0
20210104213944	0
20210104213944	0
20210104213944	0
20210104213944	0
20210104213944	0
20210104213944	0
20210104213944	0
20210104213944	0
20210104213944	0
20210104213944	0
20210104213944	0
20210104213944	0
20210104213944	0
20210104213944	0
20210104213944	0
20210104213944	0
20210104213944	0
20210104213945	0
20210104213945	0
20210104213945	0
20210104213945	0
20210104213945	0
20210104213945	0
20210104213945	0
20210104213945	0
20210104213945	0
20210104213945	0
20210104213945	0
20210104213945	0
20210104213945	0
20210104213945	0
20210104213945	0
20210104213945	0
20210104213945	0
20210104213945	0
20210104213945	0
20210104213945	0
20210104213945	0
20210104213945	0
20210104213945	0
20210104213945	0
20210104213945	0
20210104213945	0
20210104213945	0
20210104213945	0
20210104213945	0
20210104213945	0
20210104213945	0
20210104213945	0
20210104213945	0
20210104213945	0
20210104213945	0
20210104213945	0
20210104213945	0
20210104213945	0
20210104213945	0
20210104213945	0
20210104213945	0
20210104213945	0
20210104213945	0
20210104213945	0
20210104213945	0
20210104213945	0
20210104213945	0
20210104213945	0
20210104213945	0
20210104213945	0
20210104213945	0
20210104213945	0
20210104213945	0
20210104213945	0
20210104213945	0
20210104213945	0
20210104213945	0
20210104213945	0
20210104213945	0
20210104213945	0
20210104213946	0
20210104213946	0
20210104213946	0
20210104213946	0
20210104213946	0
20210104213946	0
20210104213946	0
20210104213946	0
20210104213946	0
20210104213946	0
20210104213946	0
20210104213946	0
20210104213946	0
20210104213946	0
20210104213946	0
20210104213946	0
20210104213946	0
20210104213946	0
20210104213946	0
20210104213946	0
20210104213946	0
20210104213946	0
20210104213946	0
20210104213946	0
20210104213946	0
20210104213946	0
20210104213946	0
20210104213946	0
20210104213946	0
20210104213946	0
20210104213946	0
20210104213946	0
20210104213946	0
20210104213946	0
20210104213946	0
20210104213946	0
20210104213946	0
20210104213946	0
20210104213946	0
20210104213946	0
20210104213946	0
20210104213946	0
20210104213947	0
20210104213947	0
20210104213947	0
20210104213947	0
20210104213947	0
20210104213947	0
20210104213947	0
20210104213947	0
20210104213947	0
20210104213947	0
20210104213947	0
20210104213947	0
20210104213947	0
20210104213947	0
20210104213947	0
20210104213947	0
20210104213947	0
20210104213947	0
20210104213947	0
20210104213947	0
20210104213947	0
20210104213947	0
20210104213947	0
20210104213947	0
20210104213947	0
20210104213947	0
20210104213947	0
20210104213947	0
20210104213947	0
20210104213947	0
20210104213947	0
20210104213947	0
20210104213947	0
20210104213947	0
20210104213947	0
20210104213947	0
20210104213947	0
20210104213948	0
20210104213948	0
20210104213948	0
20210104213948	0
20210104213948	0
20210104213948	0
20210104213948	0
20210104213948	0
20210104213948	0
20210104213948	0
20210104213948	0
20210104213948	0
20210104213948	0
20210104213948	0
20210104213948	0
20210104213948	0
20210104213948	0
20210104213948	0
20210104213948	0
20210104213948	0
20210104213948	0
20210104213948	0
20210104213948	0
20210104213948	0
20210104213948	0
20210104213948	0
20210104213948	0
20210104213948	0
20210104213948	0
20210104213948	0
20210104213948	0
20210104213948	0
20210104213948	0
20210104213948	0
20210104213948	0
20210104213948	0
20210104213948	0
20210104213948	0
20210104213948	0
20210104213948	0
20210104213948	0
20210104213948	0
20210104213948	0
20210104213948	0
20210104213948	0
20210104213948	0
20210104213948	0
20210104213948	0
20210104213948	0
20210104213948	0
20210104213948	0
20210104213949	0
20210104213949	0
20210104213949	0
20210104213949	0
20210104213949	0
20210104213949	0
20210104213949	0
20210104213949	0
20210104213949	0
20210104213949	0
20210104213949	0
20210104213949	0
20210104213949	0
20210104213949	0
20210104213949	0
20210104213949	0
20210104213949	0
20210104213949	0
20210104213949	0
20210104213949	0
20210104213949	0
20210104213949	0
20210104213949	0
20210104213949	0
20210104213949	0
20210104213949	0
20210104213949	0
20210104213949	0
20210104213949	0
20210104213949	0
20210104213949	0
20210104213949	0
20210104213949	0
20210104213949	0
20210104213949	0
20210104213949	0
20210104213949	0
20210104213949	0
20210104213949	0
20210104213949	0
20210104213949	0
20210104213949	0
20210104213949	0
20210104213949	0
20210104213949	0
20210104213949	0
20210104213949	0
20210104213949	0
20210104213949	0
20210104213949	0
20210104213949	0
20210104213949	0
20210104213949	0
20210104213949	0
20210104213949	0
20210104213949	0
20210104213950	0
20210104213950	0
20210104213950	0
20210104213950	0
20210104213950	0
20210104213950	0
20210104213950	0
20210104213950	0
20210104213950	0
20210104213950	0
20210104213950	0
20210104213950	0
20210104213950	0
20210104213950	0
20210104213950	0
20210104213950	0
20210104213950	0
20210104213950	0
20210104213950	0
20210104213950	0
20210104213950	0
20210104213950	0
20210104213950	0
20210104213950	0
20210104213950	0
20210104213950	0
20210104213950	0
20210104213950	0
20210104213950	0
20210104213950	0
20210104213950	0
20210104213950	0
20210104213950	0
20210104213950	0
20210104213950	0
20210104213950	0
20210104213950	0
20210104213950	0
20210104213950	0
20210104213950	0
20210104213950	0
20210104213950	0
20210104213950	0
20210104213950	0
20210104213950	0
20210104213950	0
20210104213950	0
20210104213950	0
20210104213950	0
20210104213950	0
20210104213950	0
20210104213950	0
20210104213951	0
20210104213951	0
20210104213951	0
20210104213951	0
20210104213951	0
20210104213951	0
20210104213951	0
20210104213951	0
20210104213951	0
20210104213951	0
20210104213951	0
20210104213951	0
20210104213951	0
20210104213951	0
20210104213951	0
20210104213951	0
20210104213951	0
20210104213951	0
20210104213951	0
20210104213951	0
20210104213951	0
20210104213951	0
20210104213951	0
20210104213951	0
20210104213951	0
20210104213951	0
20210104213951	0
20210104213951	0
20210104213951	0
20210104213951	0
20210104213951	0
20210104213951	0
20210104213951	0
20210104213951	0
20210104213951	0
20210104213951	0
20210104213951	0
20210104213951	0
20210104213951	0
20210104213951	0
20210104213951	0
20210104213951	0
20210104213951	0
20210104213951	0
20210104213951	0
20210104213951	0
20210104213951	0
20210104213951	0
20210104213951	0
20210104213951	0
20210104213951	0
20210104213951	0
20210104213952	0
20210104213952	0
20210104213952	0
20210104213952	0
20210104213952	0
20210104213952	0
20210104213952	0
20210104213952	0
20210104213952	0
20210104213952	0
20210104213952	0
20210104213952	0
20210104213952	0
20210104213952	0
20210104213952	0
20210104213952	0
20210104213952	0
20210104213952	0
20210104213952	0
20210104213952	0
20210104213952	0
20210104213952	0
20210104213952	0
20210104213952	0
20210104213952	0
20210104213952	0
20210104213952	0
20210104213952	0
20210104213952	0
20210104213952	0
20210104213952	0
20210104213952	0
20210104213952	0
20210104213952	0
20210104213952	0
20210104213952	0
20210104213952	0
20210104213952	0
20210104213952	0
20210104213952	0
20210104213952	0
20210104213952	0
20210104213952	0
20210104213952	0
20210104213952	0
20210104213952	0
20210104213952	0
20210104213952	0
20210104213952	0
20210104213952	0
20210104213952	0
20210104213952	0
20210104213953	0
20210104213953	0
20210104213953	0
20210104213953	0
20210104213953	0
20210104213953	0
20210104213953	0
20210104213953	0
20210104213953	0
20210104213953	0
20210104213953	0
20210104213953	0
20210104213953	0
20210104213953	0
20210104213953	0
20210104213953	0
20210104213953	0
20210104213953	0
20210104213953	0
20210104213953	0
20210104213953	0
20210104213953	0
20210104213953	0
20210104213953	0
20210104213953	0
20210104213953	0
20210104213953	0
20210104213953	0
20210104213953	0
20210104213953	0
20210104213953	0
20210104213953	0
20210104213953	0
20210104213953	0
20210104213953	0
20210104213953	0
20210104213953	0
20210104213953	0
20210104213953	0
20210104213953	0
20210104213953	0
20210104213953	0
20210104213953	0
20210104213953	0
20210104213953	0
20210104213953	0
20210104213953	0
20210104213953	0
20210104213953	0
20210104213953	0
20210104213953	0
20210104213953	0
20210104213954	0
20210104213954	0
20210104213954	0
20210104213954	0
20210104213954	0
20210104213954	0
20210104213954	0
20210104213954	0
20210104213954	0
20210104213954	0
20210104213954	0
20210104213954	0
20210104213954	0
20210104213954	0
20210104213954	0
20210104213954	0
20210104213954	0
20210104213954	0
20210104213954	0
20210104213954	0
20210104213954	0
20210104213954	0
20210104213954	0
20210104213954	0
20210104213954	0
20210104213954	0
20210104213954	0
20210104213954	0
20210104213954	0
20210104213954	0
20210104213954	0
20210104213954	0
20210104213954	0
20210104213954	0
20210104213954	0
20210104213954	0
20210104213954	0
20210104213954	0
20210104213954	0
20210104213954	0
20210104213954	0
20210104213954	0
20210104213954	0
20210104213954	0
20210104213954	0
20210104213954	0
20210104213955	0
20210104213955	0
20210104213955	0
20210104213955	0
20210104213955	0
20210104213955	0
20210104213955	0
20210104213955	0
20210104213955	0
20210104213955	0
20210104213955	0
20210104213955	0
20210104213955	0
20210104213955	0
20210104213955	0
20210104213955	0
20210104213955	0
20210104213955	0
20210104213955	0
20210104213955	0
20210104213955	0
20210104213955	0
20210104213955	0
20210104213955	0
20210104213955	0
20210104213955	0
20210104213955	0
20210104213955	0
20210104213955	0
20210104213955	0
20210104213955	0
20210104213955	0
20210104213955	0
20210104213955	0
20210104213955	0
20210104213955	0
20210104213955	0
20210104213955	0
20210104213955	0
20210104213955	0
20210104213955	0
20210104213956	0
20210104213956	0
20210104213956	0
20210104213956	0
20210104213956	0
20210104213956	0
20210104213956	0
20210104213956	0
20210104213956	0
20210104213956	0
20210104213956	0
20210104213956	0
20210104213956	0
20210104213956	0
20210104213956	0
20210104213956	0
20210104213956	0
20210104213956	0
20210104213956	0
20210104213956	0
20210104213956	0
20210104213956	0
20210104213956	0
20210104213956	0
20210104213956	0
20210104213956	0
20210104213956	0
20210104213956	0
20210104213956	0
20210104213956	0
20210104213956	0
20210104213956	0
20210104213956	0
20210104213956	0
20210104213956	0
20210104213956	0
20210104213956	0
20210104213956	0
20210104213956	0
20210104213956	0
20210104213956	0
20210104213957	0
20210104213957	0
20210104213957	0
20210104213957	0
20210104213957	0
20210104213957	0
20210104213957	0
20210104213957	0
20210104213957	0
20210104213957	0
20210104213957	0
20210104213957	0
20210104213957	0
20210104213957	0
20210104213957	0
20210104213957	0
20210104213957	0
20210104213957	0
20210104213957	0
20210104213957	0
20210104213957	0
20210104213957	0
20210104213957	0
20210104213957	0
20210104213957	0
20210104213957	0
20210104213957	0
20210104213957	0
20210104213957	0
20210104213957	0
20210104213957	0
20210104213957	0
20210104213957	0
20210104213957	0
20210104213957	0
20210104213957	0
20210104213957	0
20210104213957	0
20210104213957	0
20210104213957	0
20210104213957	0
20210104213957	0
20210104213957	0
20210104213957	0
20210104213957	0
20210104213957	0
20210104213957	0
20210104213957	0
20210104213958	0
20210104213958	0
20210104213958	0
20210104213958	0
20210104213958	0
20210104213958	0
20210104213958	0
20210104213958	0
20210104213958	0
20210104213958	0
20210104213958	0
20210104213958	0
20210104213958	0
20210104213958	0
20210104213958	0
20210104213958	0
20210104213958	0
20210104213958	0
20210104213958	0
20210104213958	0
20210104213958	0
20210104213958	0
20210104213958	0
20210104213958	0
20210104213958	0
20210104213958	0
20210104213958	0
20210104213958	0
20210104213958	0
20210104213958	0
20210104213958	0
20210104213958	0
20210104213958	0
20210104213958	0
20210104213958	0
20210104213958	0
20210104213958	0
20210104213958	0
20210104213958	0
20210104213958	0
20210104213958	0
20210104213958	0
20210104213958	0
20210104213958	0
20210104213958	0
20210104213958	0
20210104213958	0
20210104213958	0
20210104213958	0
20210104213959	0
20210104213959	0
20210104213959	0
20210104213959	0
20210104213959	0
20210104213959	0
20210104213959	0
20210104213959	0
20210104213959	0
20210104213959	0
20210104213959	0
20210104213959	0
20210104213959	0
20210104213959	0
20210104213959	0
20210104213959	0
20210104213959	0
20210104213959	0
20210104213959	0
20210104213959	0
20210104213959	0
20210104213959	0
20210104213959	0
20210104213959	0
20210104213959	0
20210104213959	0
20210104213959	0
20210104213959	0
20210104213959	0
20210104213959	0
20210104213959	0
20210104213959	0
20210104213959	0
20210104213959	0
20210104213959	0
20210104213959	0
20210104213959	0
20210104213959	0
20210104213959	0
20210104213959	0
20210104213959	0
20210104213959	0
20210104213959	0
20210104213959	0
20210104213959	0
20210104213959	0
20210104213959	0
20210104213959	0
20210104213959	0
20210104213959	0
20210104213959	0
20210104213959	0
20210104213959	0
20210104213959	0
20210104213959	0
20210104213959	0
20210104213959	0
20210104213959	0
20210104213959	0
20210104213959	0
20210104213959	0
20210104214000	0
20210104214000	0
20210104214000	0
20210104214000	0
20210104214000	0
20210104214000	0
20210104214000	0
20210104214000	0
20210104214000	0
20210104214000	0
20210104214000	0
20210104214000	0
20210104214000	0
20210104214000	0
20210104214000	0
20210104214000	0
20210104214000	0
20210104214000	0
20210104214000	0
20210104214000	0
20210104214000	0
20210104214000	0
20210104214000	0
20210104214000	0
20210104214000	0
20210104214000	0
20210104214000	0
20210104214000	0
20210104214000	0
20210104214000	0
20210104214000	0
20210104214000	0
20210104214000	0
20210104214000	0
20210104214000	0
20210104214000	0
20210104214000	0
20210104214000	0
20210104214000	0
20210104214000	0
20210104214000	0
20210104214000	0
20210104214000	0
20210104214000	0
20210104214000	0
20210104214000	0
20210104214000	0
20210104214000	0
20210104214000	0
20210104214000	0
20210104214000	0
20210104214000	0
20210104214001	0
20210104214001	0
20210104214001	0
20210104214001	0
20210104214001	0
20210104214001	0
20210104214001	0
20210104214001	0
20210104214001	0
20210104214001	0
20210104214001	0
20210104214001	0
20210104214001	0
20210104214001	0
20210104214001	0
20210104214001	0
20210104214001	0
20210104214001	0
20210104214001	0
20210104214001	0
20210104214001	0
20210104214001	0
20210104214001	0
20210104214001	0
20210104214001	0
20210104214001	0
20210104214001	0
20210104214001	0
20210104214001	0
20210104214001	0
20210104214001	0
20210104214001	0
20210104214001	0
20210104214001	0
20210104214001	0
20210104214001	0
20210104214001	0
20210104214001	0
20210104214001	0
20210104214001	0
20210104214001	0
20210104214002	0
20210104214002	0
20210104214002	0
20210104214002	0
20210104214002	0
20210104214002	0
20210104214002	0
20210104214002	0
20210104214002	0
20210104214002	0
20210104214002	0
20210104214002	0
20210104214002	0
20210104214002	0
20210104214002	0
20210104214002	0
20210104214002	0
20210104214002	0
20210104214002	0
20210104214002	0
20210104214002	0
20210104214002	0
20210104214002	0
20210104214002	0
20210104214002	0
20210104214002	0
20210104214002	0
20210104214002	0
20210104214002	0
20210104214002	0
20210104214002	0
20210104214002	0
20210104214002	0
20210104214002	0
20210104214002	0
20210104214002	0
20210104214002	0
20210104214002	0
20210104214002	0
20210104214002	0
20210104214002	0
20210104214002	0
20210104214002	0
20210104214002	0
20210104214002	0
20210104214002	0
20210104214002	0
20210104214002	0
20210104214002	0
20210104214002	0
20210104214002	0
20210104214002	0
20210104214002	0
20210104214002	0
20210104214002	0
20210104214002	0
20210104214002	0
20210104214002	0
20210104214002	0
20210104214002	0
20210104214002	0
20210104214002	0
20210104214002	0
20210104214003	0
20210104214003	0
20210104214003	0
20210104214003	0
20210104214003	0
20210104214003	0
20210104214003	0
20210104214003	0
20210104214003	0
20210104214003	0
20210104214003	0
20210104214003	0
20210104214003	0
20210104214003	0
20210104214003	0
20210104214003	0
20210104214003	0
20210104214003	0
20210104214003	0
20210104214003	0
20210104214003	0
20210104214003	0
20210104214003	0
20210104214003	0
20210104214003	0
20210104214003	0
20210104214003	0
20210104214003	0
20210104214003	0
20210104214003	0
20210104214003	0
20210104214003	0
20210104214003	0
20210104214003	0
20210104214003	0
20210104214003	0
20210104214003	0
20210104214003	0
20210104214003	0
20210104214003	0
20210104214003	0
20210104214003	0
20210104214003	0
20210104214003	0
20210104214003	0
20210104214004	0
20210104214004	0
20210104214004	0
20210104214004	0
20210104214004	0
20210104214004	0
20210104214004	0
20210104214004	0
20210104214004	0
20210104214004	0
20210104214004	0
20210104214004	0
20210104214004	0
20210104214004	0
20210104214004	0
20210104214004	0
20210104214004	0
20210104214004	0
20210104214004	0
20210104214004	0
20210104214004	0
20210104214004	0
20210104214004	0
20210104214004	0
20210104214004	0
20210104214004	0
20210104214004	0
20210104214004	0
20210104214004	0
20210104214004	0
20210104214004	0
20210104214004	0
20210104214004	0
20210104214004	0
20210104214004	0
20210104214004	0
20210104214004	0
20210104214004	0
20210104214004	0
20210104214004	0
20210104214004	0
20210104214004	0
20210104214004	0
20210104214004	0
20210104214004	0
20210104214004	0
20210104214004	0
20210104214004	0
20210104214005	0
20210104214005	0
20210104214005	0
20210104214005	0
20210104214005	0
20210104214005	0
20210104214005	0
20210104214005	0
20210104214005	0
20210104214005	0
20210104214005	0
20210104214005	0
20210104214005	0
20210104214005	0
20210104214005	0
20210104214005	0
20210104214005	0
20210104214005	0
20210104214005	0
20210104214005	0
20210104214005	0
20210104214005	0
20210104214005	0
20210104214005	0
20210104214005	0
20210104214005	0
20210104214005	0
20210104214005	0
20210104214005	0
20210104214005	0
20210104214005	0
20210104214005	0
20210104214005	0
20210104214005	0
20210104214005	0
20210104214005	0
20210104214005	0
20210104214005	0
20210104214005	0
20210104214005	0
20210104214005	0
20210104214005	0
20210104214005	0
20210104214005	0
20210104214005	0
20210104214005	0
20210104214006	0
20210104214006	0
20210104214006	0
20210104214006	0
20210104214006	0
20210104214006	0
20210104214006	0
20210104214006	0
20210104214006	0
20210104214006	0
20210104214006	0
20210104214006	0
20210104214006	0
20210104214006	0
20210104214006	0
20210104214006	0
20210104214006	0
20210104214006	0
20210104214006	0
20210104214006	0
20210104214006	0
20210104214006	0
20210104214006	0
20210104214006	0
20210104214006	0
20210104214006	0
20210104214006	0
20210104214006	0
20210104214006	0
20210104214006	0
20210104214006	0
20210104214006	0
20210104214006	0
20210104214006	0
20210104214006	0
20210104214006	0
20210104214006	0
20210104214006	0
20210104214006	0
20210104214006	0
20210104214006	0
20210104214006	0
20210104214006	0
20210104214006	0
20210104214006	0
20210104214006	0
20210104214006	0
20210104214006	0
20210104214007	0
20210104214007	0
20210104214007	0
20210104214007	0
20210104214007	0
20210104214007	0
20210104214007	0
20210104214007	0
20210104214007	0
20210104214007	0
20210104214007	0
20210104214007	0
20210104214007	0
20210104214007	0
20210104214007	0
20210104214007	0
20210104214007	0
20210104214007	0
20210104214007	0
20210104214007	0
20210104214007	0
20210104214007	0
20210104214007	0
20210104214007	0
20210104214007	0
20210104214007	0
20210104214007	0
20210104214007	0
20210104214007	0
20210104214007	0
20210104214007	0
20210104214007	0
20210104214007	0
20210104214007	0
20210104214007	0
20210104214007	0
20210104214007	0
20210104214007	0
20210104214007	0
20210104214007	0
20210104214007	0
20210104214007	0
20210104214007	0
20210104214007	0
20210104214007	0
20210104214007	0
20210104214007	0
20210104214007	0
20210104214007	0
20210104214008	0
20210104214008	0
20210104214008	0
20210104214008	0
20210104214008	0
20210104214008	0
20210104214008	0
20210104214008	0
20210104214008	0
20210104214008	0
20210104214008	0
20210104214008	0
20210104214008	0
20210104214008	0
20210104214008	0
20210104214008	0
20210104214008	0
20210104214008	0
20210104214008	0
20210104214008	0
20210104214008	0
20210104214008	0
20210104214008	0
20210104214008	0
20210104214008	0
20210104214008	0
20210104214008	0
20210104214008	0
20210104214008	0
20210104214008	0
20210104214008	0
20210104214008	0
20210104214008	0
20210104214008	0
20210104214008	0
20210104214008	0
20210104214008	0
20210104214008	0
20210104214008	0
20210104214008	0
20210104214008	0
20210104214009	0
20210104214009	0
20210104214009	0
20210104214009	0
20210104214009	0
20210104214009	0
20210104214009	0
20210104214009	0
20210104214009	0
20210104214009	0
20210104214009	0
20210104214009	0
20210104214009	0
20210104214009	0
20210104214009	0
20210104214009	0
20210104214009	0
20210104214009	0
20210104214009	0
20210104214009	0
20210104214009	0
20210104214009	0
20210104214009	0
20210104214009	0
20210104214009	0
20210104214009	0
20210104214009	0
20210104214009	0
20210104214009	0
20210104214009	0
20210104214009	0
20210104214009	0
20210104214009	0
20210104214009	0
20210104214009	0
20210104214009	0
20210104214009	0
20210104214009	0
20210104214009	0
20210104214009	0
20210104214009	0
20210104214009	0
20210104214009	0
20210104214009	0
20210104214009	0
20210104214009	0
20210104214009	0
20210104214009	0
20210104214010	0
20210104214010	0
20210104214010	0
20210104214010	0
20210104214010	0
20210104214010	0
20210104214010	0
20210104214010	0
20210104214010	0
20210104214010	0
20210104214010	0
20210104214010	0
20210104214010	0
20210104214010	0
20210104214010	0
20210104214010	0
20210104214010	0
20210104214010	0
20210104214010	0
20210104214010	0
20210104214010	0
20210104214010	0
20210104214010	0
20210104214010	0
20210104214010	0
20210104214010	0
20210104214010	0
20210104214010	0
20210104214010	0
20210104214010	0
20210104214010	0
20210104214010	0
20210104214010	0
20210104214010	0
20210104214010	0
20210104214010	0
20210104214010	0
20210104214010	0
20210104214010	0
20210104214010	0
20210104214010	0
20210104214010	0
20210104214010	0
20210104214010	0
20210104214010	0
20210104214010	0
20210104214010	0
20210104214010	0
20210104214010	0
20210104214010	0
20210104214010	0
20210104214010	0
20210104214010	0
20210104214010	0
20210104214010	0
20210104214010	0
20210104214010	0
20210104214010	0
20210104214010	0
20210104214010	0
20210104214010	0
20210104214010	0
20210104214010	0
20210104214010	0
20210104214011	0
20210104214011	0
20210104214011	0
20210104214011	0
20210104214011	0
20210104214011	0
20210104214011	0
20210104214011	0
20210104214011	0
20210104214011	0
20210104214011	0
20210104214011	0
20210104214011	0
20210104214011	0
20210104214011	0
20210104214011	0
20210104214011	0
20210104214011	0
20210104214011	0
20210104214011	0
20210104214011	0
20210104214011	0
20210104214011	0
20210104214011	0
20210104214011	0
20210104214011	0
20210104214011	0
20210104214011	0
20210104214011	0
20210104214011	0
20210104214011	0
20210104214011	0
20210104214011	0
20210104214011	0
20210104214011	0
20210104214011	0
20210104214011	0
20210104214011	0
20210104214011	0
20210104214011	0
20210104214011	0
20210104214011	0
20210104214011	0
20210104214011	0
20210104214011	0
20210104214011	0
20210104214011	0
20210104214011	0
20210104214011	0
20210104214011	0
20210104214011	0
20210104214011	0
20210104214011	0
20210104214011	0
20210104214011	0
20210104214011	0
20210104214011	0
20210104214011	0
20210104214012	0
20210104214012	0
20210104214012	0
20210104214012	0
20210104214012	0
20210104214012	0
20210104214012	0
20210104214012	0
20210104214012	0
20210104214012	0
20210104214012	0
20210104214012	0
20210104214012	0
20210104214012	0
20210104214012	0
20210104214012	0
20210104214012	0
20210104214012	0
20210104214012	0
20210104214012	0
20210104214012	0
20210104214012	0
20210104214012	0
20210104214012	0
20210104214012	0
20210104214012	0
20210104214012	0
20210104214012	0
20210104214012	0
20210104214012	0
20210104214012	0
20210104214012	0
20210104214012	0
20210104214012	0
20210104214012	0
20210104214012	0
20210104214012	0
20210104214012	0
20210104214012	0
20210104214012	0
20210104214012	0
20210104214012	0
20210104214012	0
20210104214012	0
20210104214012	0
20210104214012	0
20210104214012	0
20210104214012	0
20210104214012	0
20210104214013	0
20210104214013	0
20210104214013	0
20210104214013	0
20210104214013	0
20210104214013	0
20210104214013	0
20210104214013	0
20210104214013	0
20210104214013	0
20210104214013	0
20210104214013	0
20210104214013	0
20210104214013	0
20210104214013	0
20210104214013	0
20210104214013	0
20210104214013	0
20210104214013	0
20210104214013	0
20210104214013	0
20210104214013	0
20210104214013	0
20210104214013	0
20210104214013	0
20210104214013	0
20210104214013	0
20210104214013	0
20210104214013	0
20210104214013	0
20210104214013	0
20210104214013	0
20210104214013	0
20210104214013	0
20210104214013	0
20210104214013	0
20210104214013	0
20210104214013	0
20210104214013	0
20210104214013	0
20210104214013	0
20210104214013	0
20210104214013	0
20210104214013	0
20210104214013	0
20210104214013	0
20210104214013	0
20210104214013	0
20210104214013	0
20210104214013	0
20210104214013	0
20210104214013	0
20210104214013	0
20210104214013	0
20210104214013	0
20210104214013	0
20210104214013	0
20210104214013	0
20210104214013	0
20210104214014	0
20210104214014	0
20210104214014	0
20210104214014	0
20210104214014	0
20210104214014	0
20210104214014	0
20210104214014	0
20210104214014	0
20210104214014	0
20210104214014	0
20210104214014	0
20210104214014	0
20210104214014	0
20210104214014	0
20210104214014	0
20210104214014	0
20210104214014	0
20210104214014	0
20210104214014	0
20210104214014	0
20210104214014	0
20210104214014	0
20210104214014	0
20210104214014	0
20210104214014	0
20210104214014	0
20210104214014	0
20210104214014	0
20210104214014	0
20210104214014	0
20210104214014	0
20210104214014	0
20210104214014	0
20210104214014	0
20210104214014	0
20210104214014	0
20210104214014	0
20210104214014	0
20210104214014	0
20210104214014	0
20210104214014	0
20210104214014	0
20210104214014	0
20210104214014	0
20210104214014	0
20210104214014	0
20210104214014	0
20210104214014	0
20210104214014	0
20210104214014	0
20210104214015	0
20210104214015	0
20210104214015	0
20210104214015	0
20210104214015	0
20210104214015	0
20210104214015	0
20210104214015	0
20210104214015	0
20210104214015	0
20210104214015	0
20210104214015	0
20210104214015	0
20210104214015	0
20210104214015	0
20210104214015	0
20210104214015	0
20210104214015	0
20210104214015	0
20210104214015	0
20210104214015	0
20210104214015	0
20210104214015	0
20210104214015	0
20210104214015	0
20210104214015	0
20210104214015	0
20210104214015	0
20210104214015	0
20210104214015	0
20210104214015	0
20210104214015	0
20210104214015	0
20210104214015	0
20210104214015	0
20210104214015	0
20210104214015	0
20210104214015	0
20210104214015	0
20210104214015	0
20210104214015	0
20210104214015	0
20210104214015	0
20210104214015	0
20210104214015	0
20210104214015	0
20210104214015	0
20210104214015	0
20210104214016	0
20210104214016	0
20210104214016	0
20210104214016	0
20210104214016	0
20210104214016	0
20210104214016	0
20210104214016	0
20210104214016	0
20210104214016	0
20210104214016	0
20210104214016	0
20210104214016	0
20210104214016	0
20210104214016	0
20210104214016	0
20210104214016	0
20210104214016	0
20210104214016	0
20210104214016	0
20210104214016	0
20210104214016	0
20210104214016	0
20210104214016	0
20210104214016	0
20210104214016	0
20210104214016	0
20210104214016	0
20210104214016	0
20210104214016	0
20210104214016	0
20210104214016	0
20210104214016	0
20210104214016	0
20210104214016	0
20210104214016	0
20210104214016	0
20210104214016	0
20210104214016	0
20210104214016	0
20210104214016	0
20210104214016	0
20210104214016	0
20210104214016	0
20210104214016	0
20210104214016	0
20210104214017	0
20210104214017	0
20210104214017	0
20210104214017	0
20210104214017	0
20210104214017	0
20210104214017	0
20210104214017	0
20210104214017	0
20210104214017	0
20210104214017	0
20210104214017	0
20210104214017	0
20210104214017	0
20210104214017	0
20210104214017	0
20210104214017	0
20210104214017	0
20210104214017	0
20210104214017	0
20210104214017	0
20210104214017	0
20210104214017	0
20210104214017	0
20210104214017	0
20210104214017	0
20210104214017	0
20210104214017	0
20210104214017	0
20210104214017	0
20210104214017	0
20210104214017	0
20210104214017	0
20210104214017	0
20210104214017	0
20210104214017	0
20210104214017	0
20210104214017	0
20210104214017	0
20210104214017	0
20210104214017	0
20210104214017	0
20210104214017	0
20210104214017	0
20210104214017	0
20210104214017	0
20210104214017	0
20210104214017	0
20210104214017	0
20210104214017	0
20210104214017	0
20210104214017	0
20210104214017	0
20210104214017	0
20210104214017	0
20210104214017	0
20210104214017	0
20210104214018	0
20210104214018	0
20210104214018	0
20210104214018	0
20210104214018	0
20210104214018	0
20210104214018	0
20210104214018	0
20210104214018	0
20210104214018	0
20210104214018	0
20210104214018	0
20210104214018	0
20210104214018	0
20210104214018	0
20210104214018	0
20210104214018	0
20210104214018	0
20210104214018	0
20210104214018	0
20210104214018	0
20210104214018	0
20210104214018	0
20210104214018	0
20210104214018	0
20210104214018	0
20210104214018	0
20210104214018	0
20210104214018	0
20210104214018	0
20210104214018	0
20210104214018	0
20210104214018	0
20210104214018	0
20210104214018	0
20210104214018	0
20210104214018	0
20210104214018	0
20210104214018	0
20210104214018	0
20210104214018	0
20210104214018	0
20210104214018	0
20210104214018	0
20210104214019	0
20210104214019	0
20210104214019	0
20210104214019	0
20210104214019	0
20210104214019	0
20210104214019	0
20210104214019	0
20210104214019	0
20210104214019	0
20210104214019	0
20210104214019	0
20210104214019	0
20210104214019	0
20210104214019	0
20210104214019	0
20210104214019	0
20210104214019	0
20210104214019	0
20210104214019	0
20210104214019	0
20210104214019	0
20210104214019	0
20210104214019	0
20210104214019	0
20210104214019	0
20210104214019	0
20210104214019	0
20210104214019	0
20210104214019	0
20210104214019	0
20210104214019	0
20210104214019	0
20210104214019	0
20210104214019	0
20210104214019	0
20210104214019	0
20210104214019	0
20210104214019	0
20210104214019	0
20210104214019	0
20210104214019	0
20210104214019	0
20210104214019	0
20210104214019	0
20210104214019	0
20210104214019	0
20210104214019	0
20210104214019	0
20210104214019	0
20210104214019	0
20210104214019	0
20210104214019	0
20210104214019	0
20210104214019	0
20210104214019	0
20210104214019	0
20210104214019	0
20210104214019	0
20210104214019	0
20210104214019	0
20210104214019	0
20210104214019	0
20210104214019	0
20210104214019	0
20210104214019	0
20210104214019	0
20210104214020	0
20210104214020	0
20210104214020	0
20210104214020	0
20210104214020	0
20210104214020	0
20210104214020	0
20210104214020	0
20210104214020	0
20210104214020	0
20210104214020	0
20210104214020	0
20210104214020	0
20210104214020	0
20210104214020	0
20210104214020	0
20210104214020	0
20210104214020	0
20210104214020	0
20210104214020	0
20210104214020	0
20210104214020	0
20210104214020	0
20210104214020	0
20210104214020	0
20210104214020	0
20210104214020	0
20210104214020	0
20210104214020	0
20210104214020	0
20210104214020	0
20210104214020	0
20210104214020	0
20210104214020	0
20210104214020	0
20210104214020	0
20210104214020	0
20210104214020	0
20210104214020	0
20210104214020	0
20210104214020	0
20210104214020	0
20210104214020	0
20210104214020	0
20210104214020	0
20210104214020	0
20210104214021	0
20210104214021	0
20210104214021	0
20210104214021	0
20210104214021	0
20210104214021	0
20210104214021	0
20210104214021	0
20210104214021	0
20210104214021	0
20210104214021	0
20210104214021	0
20210104214021	0
20210104214021	0
20210104214021	0
20210104214021	0
20210104214021	0
20210104214021	0
20210104214021	0
20210104214021	0
20210104214021	0
20210104214021	0
20210104214021	0
20210104214021	0
20210104214021	0
20210104214021	0
20210104214021	0
20210104214021	0
20210104214021	0
20210104214021	0
20210104214021	0
20210104214021	0
20210104214021	0
20210104214021	0
20210104214021	0
20210104214021	0
20210104214021	0
20210104214021	0
20210104214021	0
20210104214021	0
20210104214021	0
20210104214021	0
20210104214021	0
20210104214021	0
20210104214021	0
20210104214021	0
20210104214022	0
20210104214022	0
20210104214022	0
20210104214022	0
20210104214022	0
20210104214022	0
20210104214022	0
20210104214022	0
20210104214022	0
20210104214022	0
20210104214022	0
20210104214022	0
20210104214022	0
20210104214022	0
20210104214022	0
20210104214022	0
20210104214022	0
20210104214022	0
20210104214022	0
20210104214022	0
20210104214022	0
20210104214022	0
20210104214022	0
20210104214022	0
20210104214022	0
20210104214022	0
20210104214022	0
20210104214022	0
20210104214022	0
20210104214022	0
20210104214022	0
20210104214022	0
20210104214022	0
20210104214022	0
20210104214022	0
20210104214022	0
20210104214022	0
20210104214022	0
20210104214022	0
20210104214022	0
20210104214022	0
20210104214022	0
20210104214022	0
20210104214022	0
20210104214022	0
20210104214022	0
20210104214022	0
20210104214022	0
20210104214022	0
20210104214022	0
20210104214022	0
20210104214022	0
20210104214022	0
20210104214022	0
20210104214022	0
20210104214022	0
20210104214022	0
20210104214022	0
20210104214022	0
20210104214023	0
20210104214023	0
20210104214023	0
20210104214023	0
20210104214023	0
20210104214023	0
20210104214023	0
20210104214023	0
20210104214023	0
20210104214023	0
20210104214023	0
20210104214023	0
20210104214023	0
20210104214023	0
20210104214023	0
20210104214023	0
20210104214023	0
20210104214023	0
20210104214023	0
20210104214023	0
20210104214023	0
20210104214023	0
20210104214023	0
20210104214023	0
20210104214023	0
20210104214023	0
20210104214023	0
20210104214023	0
20210104214023	0
20210104214023	0
20210104214023	0
20210104214023	0
20210104214023	0
20210104214023	0
20210104214023	0
20210104214023	0
20210104214023	0
20210104214023	0
20210104214023	0
20210104214023	0
20210104214023	0
20210104214023	0
20210104214023	0
20210104214023	0
20210104214023	0
20210104214023	0
20210104214023	0
20210104214023	0
20210104214023	0
20210104214023	0
20210104214023	0
20210104214023	0
20210104214023	0
20210104214023	0
20210104214023	0
20210104214023	0
20210104214023	0
20210104214023	0
20210104214023	0
20210104214024	0
20210104214024	0
20210104214024	0
20210104214024	0
20210104214024	0
20210104214024	0
20210104214024	0
20210104214024	0
20210104214024	0
20210104214024	0
20210104214024	0
20210104214024	0
20210104214024	0
20210104214024	0
20210104214024	0
20210104214024	0
20210104214024	0
20210104214024	0
20210104214024	0
20210104214024	0
20210104214024	0
20210104214024	0
20210104214024	0
20210104214024	0
20210104214024	0
20210104214024	0
20210104214024	0
20210104214024	0
20210104214024	0
20210104214024	0
20210104214024	0
20210104214024	0
20210104214024	0
20210104214024	0
20210104214024	0
20210104214024	0
20210104214024	0
20210104214024	0
20210104214024	0
20210104214024	0
20210104214024	0
20210104214024	0
20210104214024	0
20210104214024	0
20210104214024	0
20210104214024	0
20210104214024	0
20210104214024	0
20210104214024	0
20210104214024	0
20210104214024	0
20210104214024	0
20210104214024	0
20210104214024	0
20210104214024	0
20210104214024	0
20210104214024	0
20210104214025	0
20210104214025	0
20210104214025	0
20210104214025	0
20210104214025	0
20210104214025	0
20210104214025	0
20210104214025	0
20210104214025	0
20210104214025	0
20210104214025	0
20210104214025	0
20210104214025	0
20210104214025	0
20210104214025	0
20210104214025	0
20210104214025	0
20210104214025	0
20210104214025	0
20210104214025	0
20210104214025	0
20210104214025	0
20210104214025	0
20210104214025	0
20210104214025	0
20210104214025	0
20210104214025	0
20210104214025	0
20210104214025	0
20210104214025	0
20210104214025	0
20210104214025	0
20210104214025	0
20210104214025	0
20210104214025	0
20210104214025	0
20210104214025	0
20210104214025	0
20210104214025	0
20210104214025	0
20210104214025	0
20210104214025	0
20210104214025	0
20210104214025	0
20210104214025	0
20210104214025	0
20210104214025	0
20210104214025	0
20210104214025	0
20210104214025	0
20210104214025	0
20210104214025	0
20210104214025	0
20210104214025	0
20210104214025	0
20210104214025	0
20210104214026	0
20210104214026	0
20210104214026	0
20210104214026	0
20210104214026	0
20210104214026	0
20210104214026	0
20210104214026	0
20210104214026	0
20210104214026	0
20210104214026	0
20210104214026	0
20210104214026	0
20210104214026	0
20210104214026	0
20210104214026	0
20210104214026	0
20210104214026	0
20210104214026	0
20210104214026	0
20210104214026	0
20210104214026	0
20210104214026	0
20210104214026	0
20210104214026	0
20210104214026	0
20210104214026	0
20210104214026	0
20210104214026	0
20210104214026	0
20210104214026	0
20210104214026	0
20210104214026	0
20210104214026	0
20210104214026	0
20210104214026	0
20210104214026	0
20210104214026	0
20210104214026	0
20210104214026	0
20210104214026	0
20210104214026	0
20210104214027	0
20210104214027	0
20210104214027	0
20210104214027	0
20210104214027	0
20210104214027	0
20210104214027	0
20210104214027	0
20210104214027	0
20210104214027	0
20210104214027	0
20210104214027	0
20210104214027	0
20210104214027	0
20210104214027	0
20210104214027	0
20210104214027	0
20210104214027	0
20210104214027	0
20210104214027	0
20210104214027	0
20210104214027	0
20210104214027	0
20210104214027	0
20210104214027	0
20210104214027	0
20210104214027	0
20210104214027	0
20210104214027	0
20210104214027	0
20210104214027	0
20210104214027	0
20210104214027	0
20210104214027	0
20210104214027	0
20210104214027	0
20210104214027	0
20210104214027	0
20210104214027	0
20210104214027	0
20210104214027	0
20210104214027	0
20210104214027	0
20210104214027	0
20210104214027	0
20210104214027	0
20210104214027	0
20210104214027	0
20210104214027	0
20210104214027	0
20210104214027	0
20210104214027	0
20210104214027	0
20210104214027	0
20210104214027	0
20210104214027	0
20210104214027	0
20210104214028	0
20210104214028	0
20210104214028	0
20210104214028	0
20210104214028	0
20210104214028	0
20210104214028	0
20210104214028	0
20210104214028	0
20210104214028	0
20210104214028	0
20210104214028	0
20210104214028	0
20210104214028	0
20210104214028	0
20210104214028	0
20210104214028	0
20210104214028	0
20210104214028	0
20210104214028	0
20210104214028	0
20210104214028	0
20210104214028	0
20210104214028	0
20210104214028	0
20210104214028	0
20210104214028	0
20210104214028	0
20210104214028	0
20210104214028	0
20210104214028	0
20210104214028	0
20210104214028	0
20210104214028	0
20210104214028	0
20210104214028	0
20210104214028	0
20210104214028	0
20210104214028	0
20210104214028	0
20210104214028	0
20210104214028	0
20210104214028	0
20210104214028	0
20210104214028	0
20210104214028	0
20210104214028	0
20210104214028	0
20210104214028	0
20210104214028	0
20210104214028	0
20210104214028	0
20210104214028	0
20210104214028	0
20210104214028	0
20210104214028	0
20210104214028	0
20210104214029	0
20210104214029	0
20210104214029	0
20210104214029	0
20210104214029	0
20210104214029	0
20210104214029	0
20210104214029	0
20210104214029	0
20210104214029	0
20210104214029	0
20210104214029	0
20210104214029	0
20210104214029	0
20210104214029	0
20210104214029	0
20210104214029	0
20210104214029	0
20210104214029	0
20210104214029	0
20210104214029	0
20210104214029	0
20210104214029	0
20210104214029	0
20210104214029	0
20210104214029	0
20210104214029	0
20210104214029	0
20210104214029	0
20210104214029	0
20210104214029	0
20210104214029	0
20210104214029	0
20210104214029	0
20210104214029	0
20210104214029	0
20210104214029	0
20210104214029	0
20210104214029	0
20210104214029	0
20210104214029	0
20210104214029	0
20210104214029	0
20210104214029	0
20210104214029	0
20210104214029	0
20210104214029	0
20210104214030	0
20210104214030	0
20210104214030	0
20210104214030	0
20210104214030	0
20210104214030	0
20210104214030	0
20210104214030	0
20210104214030	0
20210104214030	0
20210104214030	0
20210104214030	0
20210104214030	0
20210104214030	0
20210104214030	0
20210104214030	0
20210104214030	0
20210104214030	0
20210104214030	0
20210104214030	0
20210104214030	0
20210104214030	0
20210104214030	0
20210104214030	0
20210104214030	0
20210104214030	0
20210104214030	0
20210104214030	0
20210104214030	0
20210104214030	0
20210104214030	0
20210104214030	0
20210104214030	0
20210104214030	0
20210104214030	0
20210104214030	0
20210104214030	0
20210104214030	0
20210104214030	0
20210104214030	0
20210104214030	0
20210104214030	0
20210104214030	0
20210104214030	0
20210104214030	0
20210104214030	0
20210104214030	0
20210104214030	0
20210104214031	0
20210104214031	0
20210104214031	0
20210104214031	0
20210104214031	0
20210104214031	0
20210104214031	0
20210104214031	0
20210104214031	0
20210104214031	0
20210104214031	0
20210104214031	0
20210104214031	0
20210104214031	0
20210104214031	0
20210104214031	0
20210104214031	0
20210104214031	0
20210104214031	0
20210104214031	0
20210104214031	0
20210104214031	0
20210104214031	0
20210104214031	0
20210104214031	0
20210104214031	0
20210104214031	0
20210104214031	0
20210104214031	0
20210104214031	0
20210104214031	0
20210104214031	0
20210104214031	0
20210104214031	0
20210104214031	0
20210104214031	0
20210104214031	0
20210104214031	0
20210104214031	0
20210104214031	0
20210104214031	0
20210104214031	0
20210104214031	0
20210104214031	0
20210104214031	0
20210104214031	0
20210104214031	0
20210104214031	0
20210104214031	0
20210104214031	0
20210104214031	0
20210104214031	0
20210104214031	0
20210104214031	0
20210104214031	0
20210104214031	0
20210104214031	0
20210104214032	0
20210104214032	0
20210104214032	0
20210104214032	0
20210104214032	0
20210104214032	0
20210104214032	0
20210104214032	0
20210104214032	0
20210104214032	0
20210104214032	0
20210104214032	0
20210104214032	0
20210104214032	0
20210104214032	0
20210104214032	0
20210104214032	0
20210104214032	0
20210104214032	0
