20210111015204	1000
20210111015204	1000
20210111015204	1000
20210111015204	1000
20210111015204	1000
20210111015204	1000
20210111015204	1000
20210111015204	1000
20210111015204	1000
20210111015204	1000
20210111015204	1000
20210111015204	1000
20210111015204	1000
20210111015204	1000
20210111015204	1000
20210111015204	1000
20210111015204	1000
20210111015204	1000
20210111015204	1000
20210111015204	1000
20210111015204	1000
20210111015204	1000
20210111015204	1000
20210111015204	1000
20210111015204	1000
20210111015204	1000
20210111015204	1000
20210111015204	1000
20210111015204	1000
20210111015204	1000
20210111015204	1000
20210111015204	1000
20210111015204	1000
20210111015204	1000
20210111015204	1000
20210111015204	1000
20210111015204	1000
20210111015204	1000
20210111015204	1000
20210111015204	1000
20210111015204	1000
20210111015204	1000
20210111015204	1000
20210111015204	1000
20210111015204	1000
20210111015204	1000
20210111015204	1000
20210111015204	1000
20210111015204	1000
20210111015204	1000
20210111015204	1000
20210111015204	1000
20210111015204	1000
20210111015204	1000
20210111015204	1000
20210111015204	1000
20210111015204	1000
20210111015204	1000
20210111015204	1000
20210111015204	1000
20210111015204	1000
20210111015205	1000
20210111015205	1000
20210111015205	1000
20210111015205	1000
20210111015205	1000
20210111015205	1000
20210111015205	1000
20210111015205	1000
20210111015205	1000
20210111015205	1000
20210111015205	1000
20210111015205	1000
20210111015205	1000
20210111015205	1000
20210111015205	1000
20210111015205	1000
20210111015205	1000
20210111015205	1000
20210111015205	1000
20210111015205	1000
20210111015205	1000
20210111015205	1000
20210111015205	1000
20210111015205	1000
20210111015205	1000
20210111015205	1000
20210111015205	1000
20210111015205	1000
20210111015205	1000
20210111015205	1000
20210111015205	1000
20210111015205	1000
20210111015205	1000
20210111015205	1000
20210111015205	1000
20210111015205	1000
20210111015205	1000
20210111015206	1000
20210111015206	1000
20210111015206	1000
20210111015206	1000
20210111015206	1000
20210111015206	1000
20210111015206	1000
20210111015206	1000
20210111015206	1000
20210111015206	1000
20210111015206	1000
20210111015206	1000
20210111015206	1000
20210111015206	1000
20210111015206	1000
20210111015206	1000
20210111015206	1000
20210111015206	1000
20210111015206	1000
20210111015206	1000
20210111015206	1000
20210111015206	1000
20210111015206	1000
20210111015206	1000
20210111015206	1000
20210111015206	1000
20210111015206	1000
20210111015206	1000
20210111015206	1000
20210111015206	1000
20210111015206	1000
20210111015207	1000
20210111015207	1000
20210111015207	1000
20210111015207	1000
20210111015207	1000
20210111015207	1000
20210111015207	1000
20210111015207	1000
20210111015207	1000
20210111015207	1000
20210111015207	1000
20210111015207	1000
20210111015207	1000
20210111015207	1000
20210111015207	1000
20210111015207	1000
20210111015207	1000
20210111015207	1000
20210111015207	1000
20210111015207	1000
20210111015207	1000
20210111015207	1000
20210111015207	1000
20210111015207	1000
20210111015207	1000
20210111015207	1000
20210111015207	1000
20210111015207	1000
20210111015207	1000
20210111015207	1000
20210111015207	1000
20210111015207	1000
20210111015207	1000
20210111015207	1000
20210111015207	1000
20210111015207	1000
20210111015207	1000
20210111015207	1000
20210111015207	1000
20210111015207	1000
20210111015207	1000
20210111015207	1000
20210111015208	1000
20210111015208	1000
20210111015208	1000
20210111015208	1000
20210111015208	1000
20210111015208	1000
20210111015208	1000
20210111015208	1000
20210111015208	1000
20210111015208	1000
20210111015208	1000
20210111015208	1000
20210111015208	1000
20210111015208	1000
20210111015208	1000
20210111015208	1000
20210111015208	1000
20210111015208	1000
20210111015208	1000
20210111015208	1000
20210111015208	1000
20210111015208	1000
20210111015208	1000
20210111015208	1000
20210111015208	1000
20210111015208	1000
20210111015208	1000
20210111015208	1000
20210111015208	1000
20210111015208	1000
20210111015208	1000
20210111015208	1000
20210111015208	1000
20210111015208	1000
20210111015208	1000
20210111015208	1000
20210111015208	1000
20210111015208	1000
20210111015208	1000
20210111015208	1000
20210111015208	1000
20210111015208	1000
20210111015208	1000
20210111015208	1000
20210111015208	1000
20210111015208	1000
20210111015208	1000
20210111015208	1000
20210111015208	1000
20210111015208	1000
20210111015208	1000
20210111015208	1000
20210111015208	1000
20210111015209	1000
20210111015209	1000
20210111015209	1000
20210111015209	1000
20210111015209	1000
20210111015209	1000
20210111015209	1000
20210111015209	1000
20210111015209	1000
20210111015209	1000
20210111015209	1000
20210111015209	1000
20210111015209	1000
20210111015209	1000
20210111015209	1000
20210111015209	1000
20210111015209	1000
20210111015209	1000
20210111015209	1000
20210111015209	1000
20210111015209	1000
20210111015209	1000
20210111015209	1000
20210111015209	1000
20210111015209	1000
20210111015209	1000
20210111015209	1000
20210111015209	1000
20210111015209	1000
20210111015209	1000
20210111015209	1000
20210111015209	1000
20210111015209	1000
20210111015209	1000
20210111015209	1000
20210111015209	1000
20210111015209	1000
20210111015209	1000
20210111015209	1000
20210111015209	1000
20210111015209	1000
20210111015209	1000
20210111015209	1000
20210111015209	1000
20210111015209	1000
20210111015209	1000
20210111015209	1000
20210111015209	1000
20210111015209	1000
20210111015209	1000
20210111015209	1000
20210111015209	1000
20210111015209	1000
20210111015209	1000
20210111015209	1000
20210111015209	1000
20210111015209	1000
20210111015209	1000
20210111015209	1000
20210111015210	1000
20210111015210	1000
20210111015210	1000
20210111015210	1000
20210111015210	1000
20210111015210	1000
20210111015210	1000
20210111015210	1000
20210111015210	1000
20210111015210	1000
20210111015210	1000
20210111015210	1000
20210111015210	1000
20210111015210	1000
20210111015210	1000
20210111015210	1000
20210111015210	1000
20210111015210	1000
20210111015210	1000
20210111015210	1000
20210111015210	1000
20210111015210	1000
20210111015210	1000
20210111015210	1000
20210111015210	1000
20210111015210	1000
20210111015210	1000
20210111015210	1000
20210111015210	1000
20210111015210	1000
20210111015210	1000
20210111015210	1000
20210111015210	1000
20210111015210	1000
20210111015210	1000
20210111015210	1000
20210111015210	1000
20210111015210	1000
20210111015210	1000
20210111015210	1000
20210111015210	1000
20210111015210	1000
20210111015210	1000
20210111015210	1000
20210111015210	1000
20210111015210	1000
20210111015210	1000
20210111015210	1000
20210111015210	1000
20210111015210	1000
20210111015210	1000
20210111015210	1000
20210111015211	1000
20210111015211	1000
20210111015211	1000
20210111015211	1000
20210111015211	1000
20210111015211	1000
20210111015211	1000
20210111015211	1000
20210111015211	1000
20210111015211	1000
20210111015211	1000
20210111015211	1000
20210111015211	1000
20210111015211	1000
20210111015211	1000
20210111015211	1000
20210111015211	1000
20210111015211	1000
20210111015211	1000
20210111015211	1000
20210111015211	1000
20210111015211	1000
20210111015211	1000
20210111015211	1000
20210111015211	1000
20210111015211	1000
20210111015211	1000
20210111015211	1000
20210111015211	1000
20210111015211	1000
20210111015211	1000
20210111015211	1000
20210111015211	1000
20210111015211	1000
20210111015211	1000
20210111015212	1000
20210111015212	1000
20210111015212	1000
20210111015212	1000
20210111015212	1000
20210111015212	1000
20210111015212	1000
20210111015212	1000
20210111015212	1000
20210111015212	1000
20210111015212	1000
20210111015212	1000
20210111015212	1000
20210111015212	1000
20210111015212	1000
20210111015212	1000
20210111015212	1000
20210111015212	1000
20210111015212	1000
20210111015212	1000
20210111015212	1000
20210111015212	1000
20210111015212	1000
20210111015212	1000
20210111015212	1000
20210111015212	1000
20210111015212	1000
20210111015212	1000
20210111015212	1000
20210111015212	1000
20210111015212	1000
20210111015212	1000
20210111015212	1000
20210111015212	1000
20210111015212	1000
20210111015212	1000
20210111015212	1000
20210111015212	1000
20210111015212	1000
20210111015212	1000
20210111015212	1000
20210111015212	1000
20210111015212	1000
20210111015212	1000
20210111015212	1000
20210111015212	1000
20210111015212	1000
20210111015212	1000
20210111015212	1000
20210111015212	1000
20210111015212	1000
20210111015213	1000
20210111015213	1000
20210111015213	1000
20210111015213	1000
20210111015213	1000
20210111015213	1000
20210111015213	1000
20210111015213	1000
20210111015213	1000
20210111015213	1000
20210111015213	1000
20210111015213	1000
20210111015213	1000
20210111015213	1000
20210111015213	1000
20210111015213	1000
20210111015213	1000
20210111015213	1000
20210111015213	1000
20210111015213	1000
20210111015213	1000
20210111015213	1000
20210111015213	1000
20210111015213	1000
20210111015213	1000
20210111015213	1000
20210111015213	1000
20210111015213	1000
20210111015213	1000
20210111015213	1000
20210111015214	1000
20210111015214	1000
20210111015214	1000
20210111015214	1000
20210111015214	1000
20210111015214	1000
20210111015214	1000
20210111015214	1000
20210111015214	1000
20210111015214	1000
20210111015214	1000
20210111015214	1000
20210111015214	1000
20210111015214	1000
20210111015214	1000
20210111015214	1000
20210111015214	1000
20210111015214	1000
20210111015214	1000
20210111015214	1000
20210111015214	1000
20210111015214	1000
20210111015214	1000
20210111015214	1000
20210111015214	1000
20210111015214	1000
20210111015214	1000
20210111015214	1000
20210111015214	1000
20210111015214	1000
20210111015214	1000
20210111015214	1000
20210111015215	1000
20210111015215	1000
20210111015215	1000
20210111015215	1000
20210111015215	1000
20210111015215	1000
20210111015215	1000
20210111015215	1000
20210111015215	1000
20210111015215	1000
20210111015215	1000
20210111015215	1000
20210111015215	1000
20210111015215	1000
20210111015215	1000
20210111015215	1000
20210111015215	1000
20210111015215	1000
20210111015215	1000
20210111015215	1000
20210111015215	1000
20210111015215	1000
20210111015215	1000
20210111015215	1000
20210111015215	1000
20210111015215	1000
20210111015215	1000
20210111015215	1000
20210111015215	1000
20210111015215	1000
20210111015215	1000
20210111015215	1000
20210111015215	1000
20210111015215	1000
20210111015215	1000
20210111015215	1000
20210111015215	1000
20210111015216	1000
20210111015216	1000
20210111015216	1000
20210111015216	1000
20210111015216	1000
20210111015216	1000
20210111015216	1000
20210111015216	1000
20210111015216	1000
20210111015216	1000
20210111015216	1000
20210111015216	1000
20210111015216	1000
20210111015216	1000
20210111015216	1000
20210111015216	1000
20210111015216	1000
20210111015216	1000
20210111015216	1000
20210111015216	1000
20210111015216	1000
20210111015216	1000
20210111015216	1000
20210111015216	1000
20210111015216	1000
20210111015216	1000
20210111015216	1000
20210111015216	1000
20210111015216	1000
20210111015216	1000
20210111015216	1000
20210111015217	1000
20210111015217	1000
20210111015217	1000
20210111015217	1000
20210111015217	1000
20210111015217	1000
20210111015217	1000
20210111015217	1000
20210111015217	1000
20210111015217	1000
20210111015217	1000
20210111015217	1000
20210111015217	1000
20210111015217	1000
20210111015217	1000
20210111015217	1000
20210111015217	1000
20210111015217	1000
20210111015217	1000
20210111015217	1000
20210111015217	1000
20210111015217	1000
20210111015217	1000
20210111015217	1028.2
20210111015217	1000
20210111015217	1000
20210111015217	1000
20210111015217	1000
20210111015217	1000
20210111015218	1000
20210111015218	1000
20210111015218	1000
20210111015218	1000
20210111015218	1021.33
20210111015218	1021.33
20210111015218	1044.17
20210111015218	1044.17
20210111015218	1044.17
20210111015218	1044.17
20210111015218	1044.17
20210111015218	1044.17
20210111015218	1044.17
20210111015218	1044.17
20210111015218	1179.64
20210111015218	1099.36
20210111015218	1119.43
20210111015218	1119.43
20210111015218	1119.43
20210111015218	1119.43
20210111015218	1119.43
20210111015218	1119.43
20210111015218	1119.43
20210111015218	1119.43
20210111015218	1260.93
20210111015218	1177.08
20210111015218	1198.04
20210111015218	1198.04
20210111015218	1198.04
20210111015218	1198.04
20210111015218	1198.04
20210111015218	1198.04
20210111015218	1198.04
20210111015218	1198.04
20210111015218	1319.97
20210111015218	1247.72
20210111015218	1265.78
20210111015218	1265.78
20210111015218	1265.78
20210111015219	1265.78
20210111015219	1265.78
20210111015219	1265.78
20210111015219	1265.78
20210111015219	1265.78
20210111015219	1318.52
20210111015219	1318.52
20210111015219	1337.7
20210111015219	1337.7
20210111015219	1337.7
20210111015219	1337.7
20210111015219	1337.7
20210111015219	1337.7
20210111015219	1337.7
20210111015219	1449.3
20210111015219	1383.17
20210111015219	1399.7
20210111015219	1399.7
20210111015219	1399.7
20210111015219	1399.7
20210111015219	1399.7
20210111015219	1399.7
20210111015219	1399.7
20210111015219	1399.7
20210111015219	1399.7
20210111015219	1501.33
20210111015220	1441.1
20210111015220	1456.16
20210111015220	1456.16
20210111015220	1456.16
20210111015220	1456.16
20210111015220	1456.16
20210111015220	1456.16
20210111015220	1561.35
20210111015220	1561.35
20210111015220	1499.01
20210111015220	1514.6
20210111015220	1514.6
20210111015220	1514.6
20210111015220	1514.6
20210111015220	1514.6
20210111015220	1514.6
20210111015220	1514.6
20210111015220	1514.6
20210111015220	1606.17
20210111015220	1565.47
20210111015220	1565.47
20210111015220	1565.47
20210111015220	1565.47
20210111015220	1565.47
20210111015220	1565.47
20210111015220	1565.47
20210111015220	1565.47
20210111015220	1658.47
20210111015220	1658.47
20210111015220	1603.36
20210111015220	1617.14
20210111015220	1617.14
20210111015220	1617.14
20210111015220	1617.14
20210111015220	1617.14
20210111015220	1617.14
20210111015220	1617.14
20210111015220	1617.14
20210111015220	1617.14
20210111015220	1698.58
20210111015220	1650.32
20210111015220	1662.38
20210111015220	1662.38
20210111015220	1662.38
20210111015220	1662.38
20210111015220	1662.38
20210111015220	1662.38
20210111015220	1662.38
20210111015221	1662.38
20210111015221	1751.25
20210111015221	1698.59
20210111015221	1711.76
20210111015221	1711.76
20210111015221	1711.76
20210111015221	1711.76
20210111015221	1711.76
20210111015221	1711.76
20210111015221	1711.76
20210111015221	1711.76
20210111015221	1789.44
20210111015221	1743.4
20210111015221	1754.91
20210111015221	1754.91
20210111015221	1754.91
20210111015221	1754.91
20210111015221	1754.91
20210111015221	1754.91
20210111015221	1754.91
20210111015221	1836.89
20210111015221	1788.31
20210111015221	1800.46
20210111015221	1800.46
20210111015221	1800.46
20210111015221	1800.46
20210111015222	1800.46
20210111015222	1800.46
20210111015222	1800.46
20210111015222	1884.75
20210111015222	1884.75
20210111015222	1834.8
20210111015222	1847.28
20210111015222	1847.28
20210111015222	1847.28
20210111015222	1847.28
20210111015222	1847.28
20210111015222	1847.28
20210111015222	1847.28
20210111015222	1847.28
20210111015222	1880.12
20210111015222	1880.12
20210111015222	1892.06
20210111015222	1892.06
20210111015222	1892.06
20210111015222	1892.06
20210111015222	1892.06
20210111015222	1892.06
20210111015222	1892.06
20210111015222	1892.06
20210111015222	1979.24
20210111015222	1927.58
20210111015222	1940.5
20210111015222	1940.5
20210111015222	1940.5
20210111015222	1940.5
20210111015222	1940.5
20210111015222	1940.5
20210111015222	1940.5
20210111015222	1940.5
20210111015222	2000
20210111015223	1978.96
20210111015223	1992.95
20210111015223	1992.95
20210111015223	1992.95
20210111015223	1992.95
20210111015223	1992.95
20210111015223	1992.95
20210111015223	1992.95
20210111015223	1992.95
20210111015223	2000
20210111015223	2000
20210111015223	2000
20210111015223	2000
20210111015223	2000
20210111015223	2000
20210111015223	2000
20210111015223	2000
20210111015223	2000
20210111015223	2000
20210111015223	2000
20210111015223	2000
20210111015223	2000
20210111015223	2000
20210111015223	2000
20210111015223	2000
20210111015223	2000
20210111015223	2000
20210111015224	2000
20210111015224	2000
20210111015224	2000
20210111015224	2000
20210111015224	2000
20210111015224	2000
20210111015224	2000
20210111015224	2000
20210111015224	2000
20210111015224	2000
20210111015224	2000
20210111015224	2000
20210111015224	2000
20210111015224	2000
20210111015224	2000
20210111015224	2000
20210111015224	2000
20210111015224	2000
20210111015224	2000
20210111015224	2000
20210111015224	2000
20210111015224	2000
20210111015224	2000
20210111015224	2000
20210111015224	2000
20210111015224	2000
20210111015224	2000
20210111015224	2000
20210111015224	2000
20210111015224	2000
20210111015224	2000
20210111015224	2000
20210111015224	2000
20210111015224	2000
20210111015225	2000
20210111015225	2000
20210111015225	2000
20210111015225	2000
20210111015225	2000
20210111015225	2000
20210111015225	2000
20210111015225	2000
20210111015225	2000
20210111015225	2000
20210111015225	2000
20210111015225	2000
20210111015225	2000
20210111015225	2000
20210111015225	2000
20210111015225	2000
20210111015225	2000
20210111015225	2000
20210111015225	2000
20210111015225	2000
20210111015225	2000
20210111015225	2000
20210111015225	2000
20210111015225	2000
20210111015225	2000
20210111015225	2000
20210111015225	2000
20210111015225	2000
20210111015225	2000
20210111015225	2000
20210111015225	2000
20210111015225	2000
20210111015225	2000
20210111015225	2000
20210111015225	2000
20210111015225	2000
20210111015225	2000
20210111015226	2000
20210111015226	2000
20210111015226	2000
20210111015226	2000
20210111015226	2000
20210111015226	2000
20210111015226	2000
20210111015226	2000
20210111015226	2000
20210111015226	2000
20210111015226	2000
20210111015226	2000
20210111015226	2000
20210111015226	2000
20210111015226	2000
20210111015227	2000
20210111015227	2000
20210111015227	2000
20210111015227	2000
20210111015227	2000
20210111015227	2000
20210111015227	2000
20210111015227	2000
20210111015227	2000
20210111015227	2000
20210111015227	2000
20210111015227	2000
20210111015227	2000
20210111015227	2000
20210111015227	2000
20210111015227	2000
20210111015227	2000
20210111015227	2000
20210111015227	2000
20210111015227	2000
20210111015227	2000
20210111015227	2000
20210111015227	2000
20210111015227	2000
20210111015227	2000
20210111015227	2000
20210111015227	2000
20210111015227	2000
20210111015227	2000
20210111015227	2000
20210111015227	2000
20210111015227	2000
20210111015227	2000
20210111015227	2000
20210111015227	2000
20210111015227	2000
20210111015227	2000
20210111015227	2000
20210111015227	2000
20210111015227	2000
20210111015227	2000
20210111015227	2000
20210111015227	2000
20210111015227	2000
20210111015228	2000
20210111015228	2000
20210111015228	2000
20210111015228	2000
20210111015228	2000
20210111015228	2000
20210111015228	2000
20210111015228	2000
20210111015228	2000
20210111015228	2000
20210111015228	2000
20210111015228	2000
20210111015228	2000
20210111015228	2000
20210111015228	2000
20210111015228	2000
20210111015228	2000
20210111015228	2000
20210111015228	2000
20210111015228	2000
20210111015228	2000
20210111015228	2000
20210111015228	2000
20210111015228	2000
20210111015228	2000
20210111015228	2000
20210111015228	2000
20210111015228	2000
20210111015228	2000
20210111015228	2000
20210111015229	2000
20210111015229	2000
20210111015229	2000
20210111015229	2000
20210111015229	2000
20210111015229	2000
20210111015229	2000
20210111015229	2000
20210111015229	2000
20210111015229	2000
20210111015229	2000
20210111015229	2000
20210111015229	2000
20210111015229	2000
20210111015229	2000
20210111015229	2000
20210111015229	2000
20210111015229	2000
20210111015229	2000
20210111015229	2000
20210111015229	2000
20210111015229	2000
20210111015229	2000
20210111015229	2000
20210111015229	2000
20210111015229	2000
20210111015229	2000
20210111015229	2000
20210111015229	2000
20210111015229	2000
20210111015229	2000
20210111015229	2000
20210111015229	2000
20210111015229	2000
20210111015229	2000
20210111015229	2000
20210111015229	2000
20210111015229	2000
20210111015229	2000
20210111015229	2000
20210111015229	2000
20210111015229	2000
20210111015229	2000
20210111015229	2000
20210111015230	2000
20210111015230	2000
20210111015230	2000
20210111015230	2000
20210111015230	2000
20210111015230	2000
20210111015230	2000
20210111015230	2000
20210111015230	2000
20210111015230	2000
20210111015230	2000
20210111015230	2000
20210111015230	2000
20210111015230	2000
20210111015231	2000
20210111015231	2000
20210111015231	2000
20210111015231	2000
20210111015231	2000
20210111015231	2000
20210111015231	2000
20210111015231	2000
20210111015231	2000
20210111015231	2000
20210111015231	2000
20210111015231	2000
20210111015231	2000
20210111015231	2000
20210111015231	2000
20210111015231	2000
20210111015231	2000
20210111015231	2000
20210111015231	2000
20210111015231	2000
20210111015231	2000
20210111015231	2000
20210111015231	2000
20210111015231	2000
20210111015231	2000
20210111015231	2000
20210111015231	2000
20210111015231	2000
20210111015231	2000
20210111015231	2000
20210111015231	2000
20210111015231	2000
20210111015231	2000
20210111015231	2000
20210111015231	2000
20210111015231	2000
20210111015231	2000
20210111015231	2000
20210111015231	2000
20210111015231	2000
20210111015232	2000
20210111015232	2000
20210111015232	2000
20210111015232	2000
20210111015232	2000
20210111015232	2000
20210111015232	2000
20210111015232	2000
20210111015232	2000
20210111015232	2000
20210111015232	2000
20210111015232	2000
20210111015232	2000
20210111015232	2000
20210111015232	2000
20210111015232	2000
20210111015232	2000
20210111015232	2000
20210111015232	2000
20210111015232	2000
20210111015232	2000
20210111015232	2000
20210111015232	2000
20210111015232	2000
20210111015232	2000
20210111015232	2000
20210111015232	2000
20210111015232	2000
20210111015232	2000
20210111015232	2000
20210111015232	2000
20210111015232	2000
20210111015233	2000
20210111015233	2000
20210111015233	2000
20210111015233	2000
20210111015233	2000
20210111015233	2000
20210111015233	2000
20210111015233	2000
20210111015233	2000
20210111015233	2000
20210111015233	2000
20210111015233	2000
20210111015233	2000
20210111015233	2000
20210111015233	2000
20210111015233	2000
20210111015233	2000
20210111015233	2000
20210111015233	2000
20210111015233	2000
20210111015233	2000
20210111015233	2000
20210111015233	2000
20210111015233	2000
20210111015233	2000
20210111015233	2000
20210111015233	2000
20210111015233	2000
20210111015233	2000
20210111015233	2000
20210111015233	2000
20210111015233	2000
20210111015233	2000
20210111015233	2000
20210111015233	2000
20210111015233	2000
20210111015233	2000
20210111015233	2000
20210111015233	2000
20210111015233	2000
20210111015233	2000
20210111015234	2000
20210111015234	2000
20210111015234	2000
20210111015234	2000
20210111015234	2000
20210111015234	2000
20210111015234	2000
20210111015234	2000
20210111015234	2000
20210111015234	2000
20210111015234	2000
20210111015234	2000
20210111015234	2000
20210111015234	2000
20210111015234	2000
20210111015234	2000
20210111015234	2000
20210111015234	2000
20210111015234	2000
20210111015234	2000
20210111015234	2000
20210111015234	2000
20210111015234	2000
20210111015234	2000
20210111015234	2000
20210111015234	2000
20210111015234	2000
20210111015234	2000
20210111015234	2000
20210111015234	2000
20210111015234	2000
20210111015234	2000
20210111015234	2000
20210111015234	2000
20210111015234	2000
20210111015234	2000
20210111015234	2000
20210111015234	2000
20210111015234	2000
20210111015234	2000
20210111015234	2000
20210111015234	2000
20210111015234	2000
20210111015234	2000
20210111015234	2000
20210111015234	2000
20210111015234	2000
20210111015234	2000
20210111015234	2000
20210111015234	2000
20210111015234	2000
20210111015234	2000
20210111015234	2000
20210111015234	2000
20210111015235	2000
20210111015235	2000
20210111015235	2000
20210111015235	2000
20210111015235	2000
20210111015235	2000
20210111015235	2000
20210111015235	2000
20210111015235	2000
20210111015235	2000
20210111015235	2000
20210111015235	2000
20210111015235	2000
20210111015235	2000
20210111015235	2000
20210111015235	2000
20210111015235	2000
20210111015235	2000
20210111015235	2000
20210111015235	2000
20210111015235	2000
20210111015235	2000
20210111015235	2000
20210111015235	2000
20210111015235	2000
20210111015235	2000
20210111015235	2000
20210111015235	2000
20210111015235	2000
20210111015235	2000
20210111015235	2000
20210111015235	2000
20210111015235	2000
20210111015235	2000
20210111015235	2000
20210111015235	2000
20210111015236	2000
20210111015236	2000
20210111015236	2000
20210111015236	2000
20210111015236	2000
20210111015236	2000
20210111015236	2000
20210111015236	2000
20210111015236	2000
20210111015236	2000
20210111015236	2000
20210111015236	2000
20210111015236	2000
20210111015236	2000
20210111015236	2000
20210111015236	2000
20210111015236	2000
20210111015236	2000
20210111015236	2000
20210111015236	2000
20210111015236	2000
20210111015236	2000
20210111015236	2000
20210111015236	2000
20210111015236	2000
20210111015236	2000
20210111015236	2000
20210111015236	2000
20210111015236	2000
20210111015236	2000
20210111015236	2000
20210111015236	2000
20210111015236	2000
20210111015236	2000
20210111015236	2000
20210111015236	2000
20210111015236	2000
20210111015236	2000
20210111015236	2000
20210111015236	2000
20210111015236	2000
20210111015236	2000
20210111015236	2000
20210111015236	2000
20210111015236	2000
20210111015236	2000
20210111015236	2000
20210111015236	2000
20210111015236	2000
20210111015236	2000
20210111015236	2000
20210111015236	2000
20210111015236	2000
20210111015236	2000
20210111015236	2000
20210111015236	2000
20210111015236	2000
20210111015236	2000
20210111015236	2000
20210111015236	2000
20210111015236	2000
20210111015236	2000
20210111015236	2000
20210111015236	2000
20210111015236	2000
20210111015236	2000
20210111015236	2000
20210111015236	2000
20210111015236	2000
20210111015236	2000
20210111015236	2000
20210111015236	2000
20210111015236	2000
20210111015236	2000
20210111015236	2000
20210111015236	2000
20210111015236	2000
20210111015236	2000
20210111015236	2000
20210111015237	2000
20210111015237	2000
20210111015237	2000
20210111015237	2000
20210111015237	2000
20210111015237	2000
20210111015237	2000
20210111015237	2000
20210111015237	2000
20210111015237	2000
20210111015237	2000
20210111015237	2000
20210111015237	2000
20210111015237	2000
20210111015237	2000
20210111015237	2000
20210111015237	2000
20210111015237	2000
20210111015237	2000
20210111015237	2000
20210111015237	2000
20210111015237	2000
20210111015237	2000
20210111015237	2000
20210111015237	2000
20210111015237	2000
20210111015237	2000
20210111015237	2000
20210111015237	2000
20210111015237	2000
20210111015237	2000
20210111015237	2000
20210111015237	2000
20210111015237	2000
20210111015237	2000
20210111015237	2000
20210111015237	2000
20210111015237	2000
20210111015237	2000
20210111015237	2000
20210111015237	2000
20210111015237	2000
20210111015237	2000
20210111015237	2000
20210111015237	2000
20210111015237	2000
20210111015237	2000
20210111015238	2000
20210111015238	2000
20210111015238	2000
20210111015238	2000
20210111015238	2000
20210111015238	2000
20210111015238	2000
20210111015238	2000
20210111015238	2000
20210111015238	2000
20210111015238	2000
20210111015238	2000
20210111015238	2000
20210111015238	2000
20210111015238	2000
20210111015238	2000
20210111015238	2000
20210111015238	2000
20210111015239	2000
20210111015239	2000
20210111015239	2000
20210111015239	2000
20210111015239	2000
20210111015239	2000
20210111015239	2000
20210111015239	2000
20210111015239	2000
20210111015239	2000
20210111015239	2000
20210111015239	2000
20210111015239	2000
20210111015239	2000
20210111015239	2000
20210111015239	2000
20210111015239	2000
20210111015239	2000
20210111015239	2000
20210111015239	2000
20210111015239	2000
20210111015239	2000
20210111015239	2000
20210111015239	2000
20210111015239	2000
20210111015239	2000
20210111015239	2000
20210111015239	2000
20210111015239	2000
20210111015239	2000
20210111015239	2000
20210111015239	2000
20210111015239	2000
20210111015239	2000
20210111015239	2000
20210111015239	2000
20210111015239	2000
20210111015239	2000
20210111015239	2000
20210111015239	2000
20210111015239	2000
20210111015239	2000
20210111015239	2000
20210111015240	2000
20210111015240	2000
20210111015240	2000
20210111015240	2000
20210111015240	2000
20210111015240	2000
20210111015240	2000
20210111015240	2000
20210111015240	2000
20210111015240	2000
20210111015240	2000
20210111015240	2000
20210111015240	2000
20210111015240	2000
20210111015240	2000
20210111015240	2000
20210111015240	2000
20210111015240	2000
20210111015240	2000
20210111015240	2000
20210111015240	2000
20210111015240	2000
20210111015240	2000
20210111015240	2000
20210111015240	2000
20210111015240	2000
20210111015240	2000
20210111015240	2000
20210111015240	2000
20210111015240	2000
20210111015240	2000
20210111015240	2000
20210111015240	2000
20210111015240	2000
20210111015240	2000
20210111015240	2000
20210111015240	2000
20210111015240	2000
20210111015241	2000
20210111015241	2000
20210111015241	2000
20210111015241	2000
20210111015241	2000
20210111015241	2000
20210111015241	2000
20210111015241	2000
20210111015241	2000
20210111015241	2000
20210111015241	2000
20210111015241	2000
20210111015241	2000
20210111015241	2000
20210111015241	2000
20210111015241	2000
20210111015241	2000
20210111015241	2000
20210111015241	2000
20210111015241	2000
20210111015241	2000
20210111015241	2000
20210111015241	2000
20210111015241	2000
20210111015241	2000
20210111015241	2000
20210111015241	2000
20210111015241	2000
20210111015241	2000
20210111015241	2000
20210111015241	2000
20210111015241	2000
20210111015241	2000
20210111015241	2000
20210111015241	2000
20210111015241	2000
20210111015241	2000
20210111015241	2000
20210111015241	2000
20210111015241	2000
20210111015242	2000
20210111015242	2000
20210111015242	2000
20210111015242	2000
20210111015242	2000
20210111015242	2000
20210111015242	2000
20210111015242	2000
20210111015242	2000
20210111015242	2000
20210111015242	2000
20210111015242	2000
20210111015242	2000
20210111015242	2000
20210111015242	2000
20210111015242	2000
20210111015242	2000
20210111015242	2000
20210111015242	2000
20210111015242	2000
20210111015242	2000
20210111015242	2000
20210111015242	2000
20210111015242	2000
20210111015242	2000
20210111015242	2000
20210111015242	2000
20210111015242	2000
20210111015242	2000
20210111015242	2000
20210111015242	2000
20210111015242	2000
20210111015242	2000
20210111015242	2000
20210111015242	2000
20210111015242	2000
20210111015242	2000
20210111015243	2000
20210111015243	2000
20210111015243	2000
20210111015243	2000
20210111015243	2000
20210111015243	2000
20210111015243	2000
20210111015243	2000
20210111015243	2000
20210111015243	2000
20210111015243	2000
20210111015243	2000
20210111015243	2000
20210111015243	2000
20210111015243	2000
20210111015243	2000
20210111015243	2000
20210111015243	2000
20210111015243	2000
20210111015243	2000
20210111015243	2000
20210111015243	2000
20210111015243	2000
20210111015243	2000
20210111015243	2000
20210111015243	2000
20210111015243	2000
20210111015243	2000
20210111015243	2000
20210111015243	2000
20210111015243	2000
20210111015243	2000
20210111015243	2000
20210111015243	2000
20210111015243	2000
20210111015243	2000
20210111015243	2000
20210111015243	2000
20210111015243	2000
20210111015243	2000
20210111015243	2000
20210111015243	2000
20210111015243	2000
20210111015244	2000
20210111015244	2000
20210111015244	2000
20210111015244	2000
20210111015244	2000
20210111015244	2000
20210111015244	2000
20210111015244	2000
20210111015244	2000
20210111015244	2000
20210111015244	2000
20210111015244	2000
20210111015244	2000
20210111015244	2000
20210111015244	2000
20210111015244	2000
20210111015244	2000
20210111015244	2000
20210111015244	2000
20210111015244	2000
20210111015244	2000
20210111015244	2000
20210111015244	2000
20210111015244	2000
20210111015244	2000
20210111015244	2000
20210111015244	2000
20210111015244	2000
20210111015244	2000
20210111015244	2000
20210111015244	2000
20210111015244	2000
20210111015244	2000
20210111015244	2000
20210111015244	2000
20210111015244	2000
20210111015244	2000
20210111015244	2000
20210111015244	2000
20210111015244	2000
20210111015244	2000
20210111015244	2000
20210111015244	2000
20210111015244	2000
20210111015244	2000
20210111015244	2000
20210111015244	2000
20210111015244	2000
20210111015244	2000
20210111015244	2000
20210111015244	2000
20210111015244	2000
20210111015244	2000
20210111015244	2000
20210111015244	2000
20210111015244	2000
20210111015244	2000
20210111015244	2000
20210111015244	2000
20210111015244	2000
20210111015244	2000
20210111015244	2000
20210111015244	2000
20210111015244	2000
20210111015244	2000
20210111015244	2000
20210111015244	2000
20210111015244	2000
20210111015244	2000
20210111015244	2000
20210111015244	2000
20210111015244	2000
20210111015244	2000
20210111015244	2000
20210111015244	2000
20210111015244	2000
20210111015244	2000
20210111015244	2000
20210111015244	2000
20210111015244	2000
20210111015245	2000
20210111015245	2000
20210111015245	2000
20210111015245	2000
20210111015245	2000
20210111015245	2000
20210111015245	2000
20210111015245	2000
20210111015245	2000
20210111015245	2000
20210111015245	2000
20210111015245	2000
20210111015245	2000
20210111015245	2000
20210111015245	2000
20210111015245	2000
20210111015245	2000
20210111015245	2000
20210111015245	2000
20210111015245	2000
20210111015245	2000
20210111015245	2000
20210111015245	2000
20210111015245	2000
20210111015245	2000
20210111015245	2000
20210111015245	2000
20210111015245	2000
20210111015245	2000
20210111015245	2000
20210111015245	2000
20210111015245	2000
20210111015246	2000
20210111015246	2000
20210111015246	2000
20210111015246	2000
20210111015246	2000
20210111015246	2000
20210111015246	2000
20210111015246	2000
20210111015246	2000
20210111015246	2000
20210111015246	2000
20210111015246	2000
20210111015246	2000
20210111015246	2000
20210111015246	2000
20210111015246	2000
20210111015246	2000
20210111015246	2000
20210111015246	2000
20210111015246	2000
20210111015246	2000
20210111015246	2000
20210111015246	2000
20210111015246	2000
20210111015246	2000
20210111015246	2000
20210111015246	2000
20210111015246	2000
20210111015246	2000
20210111015246	2000
20210111015246	2000
20210111015246	2000
20210111015246	2000
20210111015246	2000
20210111015246	2000
20210111015246	2000
20210111015246	2000
20210111015246	2000
20210111015246	2000
20210111015246	2000
20210111015246	2000
20210111015246	2000
20210111015246	2000
20210111015246	2000
20210111015246	2000
20210111015246	2000
20210111015246	2000
20210111015246	2000
20210111015247	2000
20210111015247	2000
20210111015247	2000
20210111015247	2000
20210111015247	2000
20210111015247	2000
20210111015247	2000
20210111015247	2000
20210111015247	2000
20210111015247	2000
20210111015247	2000
20210111015247	2000
20210111015247	2000
20210111015247	2000
20210111015247	2000
20210111015247	2000
20210111015247	2000
20210111015247	2000
20210111015247	2000
20210111015247	2000
20210111015247	2000
20210111015247	2000
20210111015247	2000
20210111015247	2000
20210111015247	2000
20210111015247	2000
20210111015247	2000
20210111015247	2000
20210111015247	2000
20210111015247	2000
20210111015247	2000
20210111015247	2000
20210111015247	2000
20210111015247	2000
20210111015247	2000
20210111015247	2000
20210111015247	2000
20210111015247	2000
20210111015247	2000
20210111015247	2000
20210111015247	2000
20210111015247	2000
20210111015247	2000
20210111015247	2000
20210111015247	2000
20210111015247	2000
20210111015247	2000
20210111015247	2000
20210111015247	2000
20210111015247	2000
20210111015247	2000
20210111015247	2000
20210111015247	2000
20210111015247	2000
20210111015247	2000
20210111015247	2000
20210111015247	2000
20210111015247	2000
20210111015247	2000
20210111015247	2000
20210111015247	2000
20210111015247	2000
20210111015247	2000
20210111015247	2000
20210111015248	2000
20210111015248	2000
20210111015248	2000
20210111015248	2000
20210111015248	2000
20210111015248	2000
20210111015248	2000
20210111015248	2000
20210111015248	2000
20210111015248	2000
20210111015248	2000
20210111015248	2000
20210111015248	2000
20210111015248	2000
20210111015248	2000
20210111015248	2000
20210111015248	2000
20210111015248	2000
20210111015248	2000
20210111015248	2000
20210111015248	2000
20210111015248	2000
20210111015248	2000
20210111015248	2000
20210111015248	2000
20210111015248	2000
20210111015248	2000
20210111015248	2000
20210111015248	2000
20210111015248	2000
20210111015248	2000
20210111015248	2000
20210111015248	2000
20210111015248	2000
20210111015248	2000
20210111015248	2000
20210111015248	2000
20210111015248	2000
20210111015248	2000
20210111015248	2000
20210111015248	2000
20210111015248	2000
20210111015248	2000
20210111015248	2000
20210111015248	2000
20210111015248	2000
20210111015248	2000
20210111015248	2000
20210111015248	2000
20210111015248	2000
20210111015248	2000
20210111015248	2000
20210111015248	2000
20210111015248	2000
20210111015248	2000
20210111015248	2000
20210111015248	2000
20210111015248	2000
20210111015248	2000
20210111015248	2000
20210111015248	2000
20210111015249	2000
20210111015249	2000
20210111015249	2000
20210111015249	2000
20210111015249	2000
20210111015249	2000
20210111015249	2000
20210111015249	2000
20210111015249	2000
20210111015249	2000
20210111015249	2000
20210111015249	2000
20210111015249	2000
20210111015249	2000
20210111015249	2000
20210111015249	2000
20210111015249	2000
20210111015249	2000
20210111015249	2000
20210111015249	2000
20210111015249	2000
20210111015249	2000
20210111015249	2000
20210111015249	2000
20210111015249	2000
20210111015249	2000
20210111015249	2000
20210111015249	2000
20210111015249	2000
20210111015249	2000
20210111015249	2000
20210111015249	2000
20210111015249	2000
20210111015249	2000
20210111015249	2000
20210111015249	2000
20210111015249	2000
20210111015249	2000
20210111015249	2000
20210111015250	2000
20210111015250	2000
20210111015250	2000
20210111015250	2000
20210111015250	2000
20210111015250	2000
20210111015250	2000
20210111015250	2000
20210111015250	2000
20210111015250	2000
20210111015250	2000
20210111015250	2000
20210111015250	2000
20210111015250	2000
20210111015250	2000
20210111015250	2000
20210111015250	2000
20210111015250	2000
20210111015250	2000
20210111015250	2000
20210111015250	2000
20210111015250	2000
20210111015250	2000
20210111015250	2000
20210111015250	2000
20210111015250	2000
20210111015250	2000
20210111015250	2000
20210111015250	2000
20210111015250	2000
20210111015250	2000
20210111015250	2000
20210111015250	2000
20210111015250	2000
20210111015250	2000
20210111015250	2000
20210111015250	2000
20210111015250	2000
20210111015250	2000
20210111015250	2000
20210111015250	2000
20210111015250	2000
20210111015250	2000
20210111015250	2000
20210111015250	2000
20210111015250	2000
20210111015250	2000
20210111015250	2000
20210111015250	2000
20210111015251	2000
20210111015251	2000
20210111015251	2000
20210111015251	2000
20210111015251	2000
20210111015251	2000
20210111015251	2000
20210111015251	2000
20210111015251	2000
20210111015251	2000
20210111015251	2000
20210111015251	2000
20210111015251	2000
20210111015251	2000
20210111015251	2000
20210111015251	2000
20210111015251	2000
20210111015251	2000
20210111015251	2000
20210111015251	2000
20210111015251	2000
20210111015251	2000
20210111015251	2000
20210111015251	2000
20210111015251	2000
20210111015252	2000
20210111015252	2000
20210111015252	2000
20210111015252	2000
20210111015252	2000
20210111015252	2000
20210111015252	2000
20210111015252	2000
20210111015252	2000
20210111015252	2000
20210111015252	2000
20210111015252	2000
20210111015252	2000
20210111015252	2000
20210111015252	2000
20210111015252	2000
20210111015252	2000
20210111015252	2000
20210111015252	2000
20210111015252	2000
20210111015252	2000
20210111015252	2000
20210111015252	2000
20210111015252	2000
20210111015252	2000
20210111015252	2000
20210111015252	2000
20210111015252	2000
20210111015252	2000
20210111015252	2000
20210111015252	2000
20210111015252	2000
20210111015252	2000
20210111015252	2000
20210111015252	2000
20210111015252	2000
20210111015252	2000
20210111015252	2000
20210111015252	2000
20210111015252	2000
20210111015252	2000
20210111015252	2000
20210111015252	2000
20210111015252	2000
20210111015252	2000
20210111015252	2000
20210111015253	2000
20210111015253	2000
20210111015253	2000
20210111015253	2000
20210111015253	2000
20210111015253	2000
20210111015253	2000
20210111015253	2000
20210111015253	2000
20210111015253	2000
20210111015253	2000
20210111015253	2000
20210111015253	2000
20210111015253	2000
20210111015253	2000
20210111015253	2000
20210111015253	2000
20210111015253	2000
20210111015253	2000
20210111015253	2000
20210111015253	2000
20210111015253	2000
20210111015253	2000
20210111015253	2000
20210111015253	2000
20210111015253	2000
20210111015253	2000
20210111015253	2000
20210111015253	2000
20210111015253	2000
20210111015253	2000
20210111015254	2000
20210111015254	2000
20210111015254	2000
20210111015254	2000
20210111015254	2000
20210111015254	2000
20210111015254	2000
20210111015254	2000
20210111015254	2000
20210111015254	2000
20210111015254	2000
20210111015254	2000
20210111015254	2000
20210111015254	2000
20210111015254	2000
20210111015254	2000
20210111015254	2000
20210111015254	2000
20210111015254	2000
20210111015254	2000
20210111015254	2000
20210111015254	2000
20210111015254	2000
20210111015254	2000
20210111015254	2000
20210111015254	2000
20210111015254	2000
20210111015254	2000
20210111015254	2000
20210111015254	2000
20210111015254	2000
20210111015254	2000
20210111015254	2000
20210111015254	2000
20210111015254	2000
20210111015254	2000
20210111015254	2000
20210111015254	2000
20210111015254	2000
20210111015254	2000
20210111015254	2000
20210111015254	2000
20210111015254	2000
20210111015254	2000
20210111015254	2000
20210111015254	2000
20210111015254	2000
20210111015254	2000
20210111015254	2000
20210111015254	2000
20210111015255	2000
20210111015255	2000
20210111015255	2000
20210111015255	2000
20210111015255	2000
20210111015255	2000
20210111015255	2000
20210111015255	2000
20210111015255	2000
20210111015255	2000
20210111015255	2000
20210111015255	2000
20210111015255	2000
20210111015255	2000
20210111015255	2000
20210111015255	2000
20210111015255	2000
20210111015255	2000
20210111015255	2000
20210111015255	2000
20210111015255	2000
20210111015255	2000
20210111015255	2000
20210111015255	2000
20210111015255	2000
20210111015255	2000
20210111015255	2000
20210111015255	2000
20210111015255	2000
20210111015255	2000
20210111015255	2000
20210111015255	2000
20210111015255	2000
20210111015255	2000
20210111015255	2000
20210111015255	2000
20210111015255	2000
20210111015255	2000
20210111015255	2000
20210111015256	2000
20210111015256	2000
20210111015256	2000
20210111015256	2000
20210111015256	2000
20210111015256	2000
20210111015256	2000
20210111015256	2000
20210111015256	2000
20210111015256	2000
20210111015256	2000
20210111015256	2000
20210111015256	2000
20210111015256	2000
20210111015256	2000
20210111015256	2000
20210111015256	2000
20210111015256	2000
20210111015256	2000
20210111015256	2000
20210111015256	2000
20210111015256	2000
20210111015256	2000
20210111015256	2000
20210111015256	2000
20210111015256	2000
20210111015256	2000
20210111015256	2000
20210111015256	2000
20210111015256	2000
20210111015256	2000
20210111015256	2000
20210111015256	2000
20210111015256	2000
20210111015256	2000
20210111015256	2000
20210111015256	2000
20210111015257	2000
20210111015257	2000
20210111015257	2000
20210111015257	2000
20210111015257	2000
20210111015257	2000
20210111015257	2000
20210111015257	2000
20210111015257	2000
20210111015257	2000
20210111015257	2000
20210111015257	2000
20210111015257	2000
20210111015257	2000
20210111015257	2000
20210111015257	2000
20210111015257	2000
20210111015257	2000
20210111015257	2000
20210111015257	2000
20210111015257	2000
20210111015257	2000
20210111015257	2000
20210111015257	2000
20210111015257	2000
20210111015257	2000
20210111015257	2000
20210111015257	2000
20210111015257	2000
20210111015257	2000
20210111015257	2000
20210111015257	2000
20210111015257	2000
20210111015257	2000
20210111015257	2000
20210111015257	2000
20210111015257	2000
20210111015257	2000
20210111015257	2000
20210111015257	2000
20210111015257	2000
20210111015257	2000
20210111015257	2000
20210111015257	2000
20210111015257	2000
20210111015257	2000
20210111015257	2000
20210111015257	2000
20210111015257	2000
20210111015258	2000
20210111015258	2000
20210111015258	2000
20210111015258	2000
20210111015258	2000
20210111015258	2000
20210111015258	2000
20210111015258	2000
20210111015258	2000
20210111015258	2000
20210111015258	2000
20210111015258	2000
20210111015258	2000
20210111015258	2000
20210111015258	2000
20210111015258	2000
20210111015258	2000
20210111015258	2000
20210111015258	2000
20210111015258	2000
20210111015258	2000
20210111015258	2000
20210111015258	2000
20210111015258	2000
20210111015258	2000
20210111015258	2000
20210111015258	2000
20210111015258	2000
20210111015258	2000
20210111015258	2000
20210111015258	2000
20210111015258	2000
20210111015258	2000
20210111015258	2000
20210111015258	2000
20210111015258	2000
20210111015258	2000
20210111015258	2000
20210111015258	2000
20210111015258	2000
20210111015258	2000
20210111015258	2000
20210111015259	2000
20210111015259	2000
20210111015259	2000
20210111015259	2000
20210111015259	2000
20210111015259	2000
20210111015259	2000
20210111015259	2000
20210111015259	2000
20210111015259	2000
20210111015259	2000
20210111015259	2000
20210111015259	2000
20210111015259	2000
20210111015259	2000
20210111015259	2000
20210111015259	2000
20210111015259	2000
20210111015259	2000
20210111015259	2000
20210111015259	2000
20210111015259	2000
20210111015259	2000
20210111015259	2000
20210111015259	2000
20210111015259	2000
20210111015259	2000
20210111015259	2000
20210111015259	2000
20210111015259	2000
20210111015259	2000
20210111015300	2000
20210111015300	2000
20210111015300	2000
20210111015300	2000
20210111015300	2000
20210111015300	2000
20210111015300	2000
20210111015300	2000
20210111015300	2000
20210111015300	2000
20210111015300	2000
20210111015300	2000
20210111015300	2000
20210111015300	2000
20210111015300	2000
20210111015300	2000
20210111015300	2000
20210111015300	2000
20210111015300	2000
20210111015300	2000
20210111015300	2000
20210111015300	2000
20210111015300	2000
20210111015300	2000
20210111015300	2000
20210111015300	2000
20210111015300	2000
20210111015300	2000
20210111015300	2000
20210111015300	2000
20210111015300	2000
20210111015300	2000
20210111015300	2000
20210111015300	2000
20210111015300	2000
20210111015300	2000
20210111015300	2000
20210111015300	2000
20210111015300	2000
20210111015300	2000
20210111015300	2000
20210111015300	2000
20210111015300	2000
20210111015301	2000
20210111015301	2000
20210111015301	2000
20210111015301	2000
20210111015301	2000
20210111015301	2000
20210111015301	2000
20210111015301	2000
20210111015301	2000
20210111015301	2000
20210111015301	2000
20210111015301	2000
20210111015301	2000
20210111015301	2000
20210111015301	2000
20210111015301	2000
20210111015301	2000
20210111015301	2000
20210111015301	2000
20210111015301	2000
20210111015301	2000
20210111015301	2000
20210111015301	2000
20210111015301	2000
20210111015301	2000
20210111015301	2000
20210111015301	2000
20210111015301	2000
20210111015301	2000
20210111015301	2000
20210111015301	2000
20210111015301	2000
20210111015302	2000
20210111015302	2000
20210111015302	2000
20210111015302	2000
20210111015302	2000
20210111015302	2000
20210111015302	2000
20210111015302	2000
20210111015302	2000
20210111015302	2000
20210111015302	2000
20210111015302	2000
20210111015302	2000
20210111015302	2000
20210111015302	2000
20210111015302	2000
20210111015302	2000
20210111015302	2000
20210111015302	2000
20210111015302	2000
20210111015302	2000
20210111015302	2000
20210111015302	2000
20210111015302	2000
20210111015302	2000
20210111015302	2000
20210111015302	2000
20210111015302	2000
20210111015303	2000
20210111015303	2000
20210111015303	2000
20210111015303	2000
20210111015303	2000
20210111015303	2000
20210111015303	2000
20210111015303	2000
20210111015303	2000
20210111015303	2000
20210111015303	2000
20210111015303	2000
20210111015303	2000
20210111015303	2000
20210111015303	2000
20210111015303	2000
20210111015303	2000
20210111015303	2000
20210111015303	2000
20210111015303	2000
20210111015303	2000
20210111015303	2000
20210111015303	2000
20210111015303	2000
20210111015303	2000
20210111015304	2000
20210111015304	2000
20210111015304	2000
20210111015304	2000
20210111015304	2000
20210111015304	2000
20210111015304	2000
20210111015304	2000
20210111015304	2000
20210111015304	2000
20210111015304	2000
20210111015304	2000
20210111015304	2000
20210111015304	2000
20210111015304	2000
20210111015304	2000
20210111015304	2000
20210111015304	2000
20210111015304	2000
20210111015304	2000
20210111015304	2000
20210111015304	2000
20210111015304	2000
20210111015304	2000
20210111015304	2000
20210111015304	2000
20210111015304	2000
20210111015304	2000
20210111015304	2000
20210111015304	2000
20210111015304	2000
20210111015304	2000
20210111015304	2000
20210111015304	2000
20210111015304	2000
20210111015304	2000
20210111015304	2000
20210111015305	2000
20210111015305	2000
20210111015305	2000
20210111015305	2000
20210111015305	2000
20210111015305	2000
20210111015305	2000
20210111015305	2000
20210111015305	2000
20210111015305	2000
20210111015305	2000
20210111015305	2000
20210111015305	2000
20210111015305	2000
20210111015305	2000
20210111015305	2000
20210111015305	2000
20210111015305	2000
20210111015305	2000
20210111015305	2000
20210111015305	2000
20210111015305	2000
20210111015305	2000
20210111015305	2000
20210111015305	2000
20210111015305	2000
20210111015306	2000
20210111015306	2000
20210111015306	2000
20210111015306	2000
20210111015306	2000
20210111015306	2000
20210111015306	2000
20210111015306	2000
20210111015306	2000
20210111015306	2000
20210111015306	2000
20210111015306	2000
20210111015306	2000
20210111015306	2000
20210111015306	2000
20210111015306	2000
20210111015306	2000
20210111015306	2000
20210111015306	2000
20210111015306	2000
20210111015306	2000
20210111015306	2000
20210111015306	2000
20210111015306	2000
20210111015306	2000
20210111015306	2000
20210111015306	2000
20210111015306	2000
20210111015306	2000
20210111015306	2000
20210111015306	2000
20210111015306	2000
20210111015306	2000
20210111015306	2000
20210111015306	2000
20210111015306	2000
20210111015306	2000
20210111015306	2000
20210111015306	2000
20210111015306	2000
20210111015306	2000
20210111015306	2000
20210111015306	2000
20210111015306	2000
20210111015306	2000
20210111015307	2000
20210111015307	2000
20210111015307	2000
20210111015307	2000
20210111015307	2000
20210111015307	2000
20210111015307	2000
20210111015307	2000
20210111015307	2000
20210111015307	2000
20210111015307	2000
20210111015307	2000
20210111015307	2000
20210111015307	2000
20210111015307	2000
20210111015307	2000
20210111015307	2000
20210111015307	2000
20210111015307	2000
20210111015307	2000
20210111015307	2000
20210111015307	2000
20210111015307	2000
20210111015307	2000
20210111015307	2000
20210111015307	2000
20210111015307	2000
20210111015307	2000
20210111015307	2000
20210111015307	2000
20210111015307	2000
20210111015307	2000
20210111015307	2000
20210111015307	2000
20210111015307	2000
20210111015307	2000
20210111015307	2000
20210111015307	2000
20210111015307	2000
20210111015308	2000
20210111015308	2000
20210111015308	2000
20210111015308	2000
20210111015308	2000
20210111015308	2000
20210111015308	2000
20210111015308	2000
20210111015308	2000
20210111015308	2000
20210111015308	2000
20210111015308	2000
20210111015308	2000
20210111015308	2000
20210111015308	2000
20210111015308	2000
20210111015308	2000
20210111015308	2000
20210111015308	2000
20210111015308	2000
20210111015308	2000
20210111015308	2000
20210111015308	2000
20210111015308	2000
20210111015308	2000
20210111015308	2000
20210111015308	2000
20210111015308	2000
20210111015308	2000
20210111015308	2000
20210111015308	2000
20210111015308	2000
20210111015308	2000
20210111015308	2000
20210111015308	2000
20210111015308	2000
20210111015308	2000
20210111015309	2000
20210111015309	2000
20210111015309	2000
20210111015309	2000
20210111015309	2000
20210111015309	2000
20210111015309	2000
20210111015309	2000
20210111015309	2000
20210111015309	2000
20210111015309	2000
20210111015309	2000
20210111015309	2000
20210111015309	2000
20210111015309	2000
20210111015309	2000
20210111015309	2000
20210111015309	2000
20210111015309	2000
20210111015309	2000
20210111015309	2000
20210111015309	2000
20210111015309	2000
20210111015309	2000
20210111015309	2000
20210111015309	2000
20210111015309	2000
20210111015309	2000
20210111015309	2000
20210111015309	2000
20210111015309	2000
20210111015309	2000
20210111015309	2000
20210111015309	2000
20210111015309	2000
20210111015309	2000
20210111015309	2000
20210111015309	2000
20210111015309	2000
20210111015309	2000
20210111015309	2000
20210111015310	2000
20210111015310	2000
20210111015310	2000
20210111015310	2000
20210111015310	2000
20210111015310	2000
20210111015310	2000
20210111015310	2000
20210111015310	2000
20210111015310	2000
20210111015310	2000
20210111015310	2000
20210111015310	2000
20210111015310	2000
20210111015310	2000
20210111015310	2000
20210111015310	2000
20210111015310	2000
20210111015310	2000
20210111015310	2000
20210111015310	2000
20210111015310	2000
20210111015310	2000
20210111015310	2000
20210111015310	2000
20210111015310	2000
20210111015310	2000
20210111015310	2000
20210111015310	2000
20210111015310	2000
20210111015310	2000
20210111015310	2000
20210111015310	2000
20210111015310	2000
20210111015310	2000
20210111015310	2000
20210111015310	2000
20210111015310	2000
20210111015310	2000
20210111015310	2000
20210111015310	2000
20210111015310	2000
20210111015310	2000
20210111015310	2000
20210111015310	2000
20210111015310	2000
20210111015311	2000
20210111015311	2000
20210111015311	2000
20210111015311	2000
20210111015311	2000
20210111015311	2000
20210111015311	2000
20210111015311	2000
20210111015311	2000
20210111015311	2000
20210111015311	2000
20210111015311	2000
20210111015311	2000
20210111015311	2000
20210111015311	2000
20210111015311	2000
20210111015311	2000
20210111015311	2000
20210111015311	2000
20210111015311	2000
20210111015311	2000
20210111015311	2000
20210111015311	2000
20210111015311	2000
20210111015311	2000
20210111015311	2000
20210111015311	2000
20210111015311	2000
20210111015311	2000
20210111015311	2000
20210111015311	2000
20210111015311	2000
20210111015311	2000
20210111015311	2000
20210111015311	2000
20210111015311	2000
20210111015311	2000
20210111015311	2000
20210111015311	2000
20210111015311	2000
20210111015312	2000
20210111015312	2000
20210111015312	2000
20210111015312	2000
20210111015312	2000
20210111015312	2000
20210111015312	2000
20210111015312	2000
20210111015312	2000
20210111015312	2000
20210111015312	2000
20210111015312	2000
20210111015312	2000
20210111015312	2000
20210111015312	2000
20210111015312	2000
20210111015312	2000
20210111015312	2000
20210111015312	2000
20210111015312	2000
20210111015312	2000
20210111015312	2000
20210111015312	2000
20210111015312	2000
20210111015312	2000
20210111015312	2000
20210111015312	2000
20210111015312	2000
20210111015312	2000
20210111015312	2000
20210111015312	2000
20210111015312	2000
20210111015312	2000
20210111015312	2000
20210111015312	2000
20210111015312	2000
20210111015312	2000
20210111015312	2000
20210111015312	2000
20210111015312	2000
20210111015312	2000
20210111015313	2000
20210111015313	2000
20210111015313	2000
20210111015313	2000
20210111015313	2000
20210111015313	2000
20210111015313	2000
20210111015313	2000
20210111015313	2000
20210111015313	2000
20210111015313	2000
20210111015313	2000
20210111015313	2000
20210111015313	2000
20210111015313	2000
20210111015313	2000
20210111015313	2000
20210111015313	2000
20210111015313	2000
20210111015313	2000
20210111015313	2000
20210111015313	2000
20210111015313	2000
20210111015313	2000
20210111015313	2000
20210111015313	2000
20210111015313	2000
20210111015313	2000
20210111015313	2000
20210111015313	2000
20210111015313	2000
20210111015313	2000
20210111015313	2000
20210111015313	2000
20210111015313	2000
20210111015313	2000
20210111015313	2000
20210111015313	2000
20210111015313	2000
20210111015313	2000
20210111015313	2000
20210111015313	2000
20210111015313	2000
20210111015313	2000
20210111015313	2000
20210111015313	2000
20210111015313	2000
20210111015313	2000
20210111015313	2000
20210111015314	2000
20210111015314	2000
20210111015314	2000
20210111015314	2000
20210111015314	2000
20210111015314	2000
20210111015314	2000
20210111015314	2000
20210111015314	2000
20210111015314	2000
20210111015314	2000
20210111015314	2000
20210111015314	2000
20210111015314	2000
20210111015314	2000
20210111015314	2000
20210111015314	2000
20210111015314	2000
20210111015314	2000
20210111015314	2000
20210111015314	2000
20210111015314	2000
20210111015314	2000
20210111015314	2000
20210111015314	2000
20210111015314	2000
20210111015314	2000
20210111015314	2000
20210111015314	2000
20210111015314	2000
20210111015314	2000
20210111015314	2000
20210111015315	2000
20210111015315	2000
20210111015315	2000
20210111015315	2000
20210111015315	2000
20210111015315	2000
20210111015315	2000
20210111015315	2000
20210111015315	2000
20210111015315	2000
20210111015315	2000
20210111015315	2000
20210111015315	2000
20210111015315	2000
20210111015315	2000
20210111015315	2000
20210111015315	2000
20210111015315	2000
20210111015315	2000
20210111015315	2000
20210111015315	2000
20210111015315	2000
20210111015315	2000
20210111015315	2000
20210111015315	2000
20210111015315	2000
20210111015315	2000
20210111015315	2000
20210111015315	2000
20210111015315	2000
20210111015315	2000
20210111015315	2000
20210111015315	2000
20210111015315	2000
20210111015315	2000
20210111015315	2000
20210111015315	2000
20210111015315	2000
20210111015315	2000
20210111015315	2000
20210111015315	2000
20210111015315	2000
20210111015315	2000
20210111015315	2000
20210111015315	2000
20210111015315	2000
20210111015315	2000
20210111015315	2000
20210111015315	2000
20210111015316	2000
20210111015316	2000
20210111015316	2000
20210111015316	2000
20210111015316	2000
20210111015316	2000
20210111015316	2000
20210111015316	2000
20210111015316	2000
20210111015316	2000
20210111015316	2000
20210111015316	2000
20210111015316	2000
20210111015316	2000
20210111015316	2000
20210111015316	2000
20210111015316	2000
20210111015316	2000
20210111015316	2000
20210111015316	2000
20210111015316	2000
20210111015316	2000
20210111015316	2000
20210111015317	2000
20210111015317	2000
20210111015317	2000
20210111015317	2000
20210111015317	2000
20210111015317	2000
20210111015317	2000
20210111015317	2000
20210111015317	2000
20210111015317	2000
20210111015317	2000
20210111015317	2000
20210111015317	2000
20210111015317	2000
20210111015317	2000
20210111015317	2000
20210111015317	2000
20210111015317	2000
20210111015317	2000
20210111015317	2000
20210111015317	2000
20210111015317	2000
20210111015317	2000
20210111015317	2000
20210111015317	2000
20210111015317	2000
20210111015317	2000
20210111015317	2000
20210111015318	2000
20210111015318	2000
20210111015318	2000
20210111015318	2000
20210111015318	2000
20210111015318	2000
20210111015318	2000
20210111015318	2000
20210111015318	2000
20210111015318	2000
20210111015318	2000
20210111015318	2000
20210111015318	2000
20210111015318	2000
20210111015318	2000
20210111015318	2000
20210111015318	2000
20210111015318	2000
20210111015318	2000
20210111015318	2000
20210111015318	2000
20210111015318	2000
20210111015318	2000
20210111015318	2000
20210111015318	2000
20210111015318	2000
20210111015318	2000
20210111015318	2000
20210111015318	2000
20210111015318	2000
20210111015318	2000
20210111015318	2000
20210111015318	2000
20210111015318	2000
20210111015318	2000
20210111015318	2000
20210111015318	2000
20210111015318	2000
20210111015318	2000
20210111015318	2000
20210111015318	2000
20210111015318	2000
20210111015318	2000
20210111015318	2000
20210111015318	2000
20210111015318	2000
20210111015318	2000
20210111015318	2000
20210111015318	2000
20210111015318	2000
20210111015318	2000
20210111015319	2000
20210111015319	2000
20210111015319	2000
20210111015319	2000
20210111015319	2000
20210111015319	2000
20210111015319	2000
20210111015319	2000
20210111015319	2000
20210111015319	2000
20210111015319	2000
20210111015319	2000
20210111015319	2000
20210111015319	2000
20210111015319	2000
20210111015319	2000
20210111015319	2000
20210111015319	2000
20210111015319	2000
20210111015319	2000
20210111015319	2000
20210111015319	2000
20210111015319	2000
20210111015319	2000
20210111015319	2000
20210111015319	2000
20210111015319	2000
20210111015319	2000
20210111015319	2000
20210111015319	2000
20210111015319	2000
20210111015319	2000
20210111015319	2000
20210111015319	2000
20210111015319	2000
20210111015319	2000
20210111015319	2000
20210111015319	2000
20210111015319	2000
20210111015319	2000
20210111015319	2000
20210111015319	2000
20210111015319	2000
20210111015319	2000
20210111015319	2000
20210111015319	2000
20210111015319	2000
20210111015319	2000
20210111015319	2000
20210111015319	2000
20210111015319	2000
20210111015319	2000
20210111015320	2000
20210111015320	2000
20210111015320	2000
20210111015320	2000
20210111015320	2000
20210111015320	2000
20210111015320	2000
20210111015320	2000
20210111015320	2000
20210111015320	2000
20210111015320	2000
20210111015320	2000
20210111015320	2000
20210111015320	2000
20210111015320	2000
20210111015320	2000
20210111015320	2000
20210111015320	2000
20210111015320	2000
20210111015320	2000
20210111015320	2000
20210111015320	2000
20210111015320	2000
20210111015320	2000
20210111015320	2000
20210111015320	2000
20210111015320	2000
20210111015320	2000
20210111015320	2000
20210111015320	2000
20210111015320	2000
20210111015320	2000
20210111015320	2000
20210111015320	2000
20210111015320	2000
20210111015320	2000
20210111015320	2000
20210111015320	2000
20210111015320	2000
20210111015320	2000
20210111015320	2000
20210111015320	2000
20210111015320	2000
20210111015320	2000
20210111015320	2000
20210111015320	2000
20210111015320	2000
20210111015320	2000
20210111015320	2000
20210111015321	2000
20210111015321	2000
20210111015321	2000
20210111015321	2000
20210111015321	2000
20210111015321	2000
20210111015321	2000
20210111015321	2000
20210111015321	2000
20210111015321	2000
20210111015321	2000
20210111015321	2000
20210111015321	2000
20210111015321	2000
20210111015321	2000
20210111015321	2000
20210111015321	2000
20210111015321	2000
20210111015321	2000
20210111015321	2000
20210111015321	2000
20210111015321	2000
20210111015321	2000
20210111015321	2000
20210111015321	2000
20210111015321	2000
20210111015321	2000
20210111015321	2000
20210111015321	2000
20210111015321	2000
20210111015321	2000
20210111015322	2000
20210111015322	2000
20210111015322	2000
20210111015322	2000
20210111015322	2000
20210111015322	2000
20210111015322	2000
20210111015322	2000
20210111015322	2000
20210111015322	2000
20210111015322	2000
20210111015322	2000
20210111015322	2000
20210111015322	2000
20210111015322	2000
20210111015322	2000
20210111015322	2000
20210111015322	2000
20210111015322	2000
20210111015322	2000
20210111015322	2000
20210111015322	2000
20210111015322	2000
20210111015322	2000
20210111015322	2000
20210111015322	2000
20210111015322	2000
20210111015322	2000
20210111015322	2000
20210111015322	2000
20210111015322	2000
20210111015322	2000
20210111015322	2000
20210111015322	2000
20210111015322	2000
20210111015322	2000
20210111015322	2000
20210111015322	2000
20210111015322	2000
20210111015322	2000
20210111015322	2000
20210111015322	2000
20210111015322	2000
20210111015322	2000
20210111015322	2000
20210111015322	2000
20210111015322	2000
20210111015322	2000
20210111015322	2000
20210111015322	2000
20210111015322	2000
20210111015322	2000
20210111015322	2000
20210111015322	2000
20210111015322	2000
20210111015322	2000
20210111015322	2000
20210111015322	2000
20210111015322	2000
20210111015322	2000
20210111015322	2000
20210111015322	2000
20210111015322	2000
20210111015322	2000
20210111015322	2000
20210111015322	2000
20210111015322	2000
20210111015323	2000
20210111015323	2000
20210111015323	2000
20210111015323	2000
20210111015323	2000
20210111015323	2000
20210111015323	2000
20210111015323	2000
20210111015323	2000
20210111015323	2000
20210111015323	2000
20210111015323	2000
20210111015323	2000
20210111015323	2000
20210111015323	2000
20210111015323	2000
20210111015323	2000
20210111015323	2000
20210111015323	2000
20210111015323	2000
20210111015323	2000
20210111015323	2000
20210111015323	2000
20210111015323	2000
20210111015323	2000
20210111015323	2000
20210111015323	2000
20210111015323	2000
20210111015323	2000
20210111015323	2000
20210111015323	2000
20210111015323	2000
20210111015323	2000
20210111015323	2000
20210111015323	2000
20210111015323	2000
20210111015323	2000
20210111015323	2000
20210111015324	2000
20210111015324	2000
20210111015324	2000
20210111015324	2000
20210111015324	2000
20210111015324	2000
20210111015324	2000
20210111015324	2000
20210111015324	2000
20210111015324	2000
20210111015324	2000
20210111015324	2000
20210111015324	2000
20210111015324	2000
20210111015324	2000
20210111015324	2000
20210111015324	2000
20210111015324	2000
20210111015324	2000
20210111015324	2000
20210111015324	2000
20210111015324	2000
20210111015324	2000
20210111015324	2000
20210111015324	2000
20210111015324	2000
20210111015324	2000
20210111015324	2000
20210111015324	2000
20210111015324	2000
20210111015324	2000
20210111015324	2000
20210111015324	2000
20210111015324	2000
20210111015324	2000
20210111015324	2000
20210111015324	2000
20210111015324	2000
20210111015324	2000
20210111015324	2000
20210111015324	2000
20210111015324	2000
20210111015324	2000
20210111015324	2000
20210111015324	2000
20210111015324	2000
20210111015324	2000
20210111015324	2000
20210111015324	2000
20210111015324	2000
20210111015324	2000
20210111015325	2000
20210111015325	2000
20210111015325	2000
20210111015325	2000
20210111015325	2000
20210111015325	2000
20210111015325	2000
20210111015325	2000
20210111015325	2000
20210111015325	2000
20210111015325	2000
20210111015325	2000
20210111015325	2000
20210111015325	2000
20210111015325	2000
20210111015325	2000
20210111015325	2000
20210111015325	2000
20210111015325	2000
20210111015325	2000
20210111015325	2000
20210111015325	2000
20210111015325	2000
20210111015325	2000
20210111015325	2000
20210111015325	2000
20210111015325	2000
20210111015325	2000
20210111015325	2000
20210111015326	2000
20210111015326	2000
20210111015326	2000
20210111015326	2000
20210111015326	2000
20210111015326	2000
20210111015326	2000
20210111015326	2000
20210111015326	2000
20210111015326	2000
20210111015326	2000
20210111015326	2000
20210111015326	2000
20210111015326	2000
20210111015326	2000
20210111015326	2000
20210111015326	2000
20210111015326	2000
20210111015326	2000
20210111015326	2000
20210111015326	2000
20210111015326	2000
20210111015326	2000
20210111015326	2000
20210111015326	2000
20210111015326	2000
20210111015326	2000
20210111015326	2000
20210111015326	2000
20210111015326	2000
20210111015326	2000
20210111015326	2000
20210111015326	2000
20210111015326	2000
20210111015326	2000
20210111015326	2000
20210111015326	2000
20210111015326	2000
20210111015326	2000
20210111015326	2000
20210111015326	2000
20210111015326	2000
20210111015326	2000
20210111015326	2000
20210111015326	2000
20210111015326	2000
20210111015326	2000
20210111015326	2000
20210111015326	2000
20210111015326	2000
20210111015327	2000
20210111015327	2000
20210111015327	2000
20210111015327	2000
20210111015327	2000
20210111015327	2000
20210111015327	2000
20210111015327	2000
20210111015327	2000
20210111015327	2000
20210111015327	2000
20210111015327	2000
20210111015327	2000
20210111015327	2000
20210111015327	2000
20210111015327	2000
20210111015327	2000
20210111015327	2000
20210111015327	2000
20210111015327	2000
20210111015327	2000
20210111015327	2000
20210111015327	2000
20210111015327	2000
20210111015327	2000
20210111015327	2000
20210111015327	2000
20210111015327	2000
20210111015327	2000
20210111015327	2000
20210111015328	2000
20210111015328	2000
20210111015328	2000
20210111015328	2000
20210111015328	2000
20210111015328	2000
20210111015328	2000
20210111015328	2000
20210111015328	2000
20210111015328	2000
20210111015328	2000
20210111015328	2000
20210111015328	2000
20210111015328	2000
20210111015328	2000
20210111015328	2000
20210111015328	2000
20210111015328	2000
20210111015328	2000
20210111015328	2000
20210111015328	2000
20210111015328	2000
20210111015328	2000
20210111015328	2000
20210111015328	2000
20210111015328	2000
20210111015328	2000
20210111015328	2000
20210111015328	2000
20210111015328	2000
20210111015328	2000
20210111015328	2000
20210111015328	2000
20210111015328	2000
20210111015328	2000
20210111015328	2000
20210111015328	2000
20210111015328	2000
20210111015328	2000
20210111015328	2000
20210111015329	2000
20210111015329	2000
20210111015329	2000
20210111015329	2000
20210111015329	2000
20210111015329	2000
20210111015329	2000
20210111015329	2000
20210111015329	2000
20210111015329	2000
20210111015329	2000
20210111015329	2000
20210111015329	2000
20210111015329	2000
20210111015329	2000
20210111015329	2000
20210111015329	2000
20210111015329	2000
20210111015329	2000
20210111015329	2000
20210111015329	2000
20210111015329	2000
20210111015329	2000
20210111015329	2000
20210111015329	2000
20210111015329	2000
20210111015329	2000
20210111015329	2000
20210111015329	2000
20210111015329	2000
20210111015329	2000
20210111015329	2000
20210111015330	2000
20210111015330	2000
20210111015330	2000
20210111015330	2000
20210111015330	2000
20210111015330	2000
20210111015330	2000
20210111015330	2000
20210111015330	2000
20210111015330	2000
20210111015330	2000
20210111015330	2000
20210111015330	2000
20210111015330	2000
20210111015330	2000
20210111015330	2000
20210111015330	2000
20210111015330	2000
20210111015330	2000
20210111015330	2000
20210111015330	2000
20210111015330	2000
20210111015330	2000
20210111015330	2000
20210111015330	2000
20210111015330	2000
20210111015330	2000
20210111015330	2000
20210111015330	2000
20210111015330	2000
20210111015330	2000
20210111015330	2000
20210111015330	2000
20210111015331	2000
20210111015331	2000
20210111015331	2000
20210111015331	2000
20210111015331	2000
20210111015331	2000
20210111015331	2000
20210111015331	2000
20210111015331	2000
20210111015331	2000
20210111015331	2000
20210111015331	2000
20210111015331	2000
20210111015331	2000
20210111015331	2000
20210111015331	2000
20210111015331	2000
20210111015331	2000
20210111015331	2000
20210111015331	2000
20210111015331	2000
20210111015331	2000
20210111015331	2000
20210111015331	2000
20210111015331	2000
20210111015331	2000
20210111015331	2000
20210111015331	2000
20210111015331	2000
20210111015331	2000
20210111015331	2000
20210111015331	2000
20210111015331	2000
20210111015331	2000
20210111015331	2000
20210111015331	2000
20210111015331	2000
20210111015331	2000
20210111015331	2000
20210111015331	2000
20210111015331	2000
20210111015331	2000
20210111015331	2000
20210111015331	2000
20210111015331	2000
20210111015331	2000
20210111015331	2000
20210111015331	2000
20210111015331	2000
20210111015331	2000
20210111015331	2000
20210111015331	2000
20210111015331	2000
20210111015331	2000
20210111015331	2000
20210111015331	2000
20210111015331	2000
20210111015331	2000
20210111015331	2000
20210111015331	2000
20210111015331	2000
20210111015331	2000
20210111015331	2000
20210111015331	2000
20210111015332	2000
20210111015332	2000
20210111015332	2000
20210111015332	2000
20210111015332	2000
20210111015332	2000
20210111015332	2000
20210111015332	2000
20210111015332	2000
20210111015332	2000
20210111015332	2000
20210111015332	2000
20210111015332	2000
20210111015332	2000
20210111015332	2000
20210111015332	2000
20210111015332	2000
20210111015332	2000
20210111015332	2000
20210111015332	2000
20210111015332	2000
20210111015332	2000
20210111015332	2000
20210111015332	2000
20210111015332	2000
20210111015332	2000
20210111015332	2000
20210111015332	2000
20210111015332	2000
20210111015332	2000
20210111015332	2000
20210111015332	2000
20210111015332	2000
20210111015332	2000
20210111015332	2000
20210111015332	2000
20210111015332	2000
20210111015332	2000
20210111015332	2000
20210111015332	2000
20210111015332	2000
20210111015333	2000
20210111015333	2000
20210111015333	2000
20210111015333	2000
20210111015333	2000
20210111015333	2000
20210111015333	2000
20210111015333	2000
20210111015333	2000
20210111015333	2000
20210111015333	2000
20210111015333	2000
20210111015333	2000
20210111015333	2000
20210111015333	2000
20210111015333	2000
20210111015333	2000
20210111015333	2000
20210111015333	2000
20210111015333	2000
20210111015333	2000
20210111015333	2000
20210111015333	2000
20210111015333	2000
20210111015333	2000
20210111015333	2000
20210111015333	2000
20210111015333	2000
20210111015333	2000
20210111015333	2000
20210111015333	2000
20210111015333	2000
20210111015333	2000
20210111015333	2000
20210111015333	2000
20210111015333	2000
20210111015333	2000
20210111015333	2000
20210111015333	2000
20210111015333	2000
20210111015333	2000
20210111015334	2000
20210111015334	2000
20210111015334	2000
20210111015334	2000
20210111015334	2000
20210111015334	2000
20210111015334	2000
20210111015334	2000
20210111015334	2000
20210111015334	2000
20210111015334	2000
20210111015334	2000
20210111015334	2000
20210111015334	2000
20210111015334	2000
20210111015334	2000
20210111015334	2000
20210111015334	2000
20210111015334	2000
20210111015334	2000
20210111015334	2000
20210111015334	2000
20210111015334	2000
20210111015334	2000
20210111015334	2000
20210111015334	2000
20210111015334	2000
20210111015334	2000
20210111015334	2000
20210111015334	2000
20210111015334	2000
20210111015334	2000
20210111015334	2000
20210111015334	2000
20210111015334	2000
20210111015334	2000
20210111015334	2000
20210111015334	2000
20210111015334	2000
20210111015334	2000
20210111015334	2000
20210111015334	2000
20210111015334	2000
20210111015334	2000
20210111015334	2000
20210111015334	2000
20210111015335	2000
20210111015335	2000
20210111015335	2000
20210111015335	2000
20210111015335	2000
20210111015335	2000
20210111015335	2000
20210111015335	2000
20210111015335	2000
20210111015335	2000
20210111015335	2000
20210111015335	2000
20210111015335	2000
20210111015335	2000
20210111015335	2000
20210111015335	2000
20210111015335	2000
20210111015335	2000
20210111015335	2000
20210111015335	2000
20210111015335	2000
20210111015335	2000
20210111015335	2000
20210111015335	2000
20210111015335	2000
20210111015335	2000
20210111015336	2000
20210111015336	2000
20210111015336	2000
20210111015336	2000
20210111015336	2000
20210111015336	2000
20210111015336	2000
20210111015336	2000
20210111015336	2000
20210111015336	2000
20210111015336	2000
20210111015336	2000
20210111015336	2000
20210111015336	2000
20210111015336	2000
20210111015336	2000
20210111015336	2000
20210111015336	2000
20210111015336	2000
20210111015336	2000
20210111015336	2000
20210111015336	2000
20210111015336	2000
20210111015336	2000
20210111015336	2000
20210111015336	2000
20210111015336	2000
20210111015336	2000
20210111015336	2000
20210111015336	2000
20210111015336	2000
20210111015336	2000
20210111015336	2000
20210111015336	2000
20210111015336	2000
20210111015336	2000
20210111015336	2000
20210111015336	2000
20210111015336	2000
20210111015336	2000
20210111015336	2000
20210111015336	2000
20210111015336	2000
20210111015336	2000
20210111015336	2000
20210111015336	2000
20210111015336	2000
20210111015337	2000
20210111015337	2000
20210111015337	2000
20210111015337	2000
20210111015337	2000
20210111015337	2000
20210111015337	2000
20210111015337	2000
20210111015337	2000
20210111015337	2000
20210111015337	2000
20210111015337	2000
20210111015337	2000
20210111015337	2000
20210111015337	2000
20210111015337	2000
20210111015337	2000
20210111015337	2000
20210111015337	2000
20210111015337	2000
20210111015337	2000
20210111015337	2000
20210111015337	2000
20210111015337	2000
20210111015337	2000
20210111015337	2000
20210111015337	2000
20210111015337	2000
20210111015337	2000
20210111015337	2000
20210111015337	2000
20210111015337	2000
20210111015337	2000
20210111015338	2000
20210111015338	2000
20210111015338	2000
20210111015338	2000
20210111015338	2000
20210111015338	2000
20210111015338	2000
20210111015338	2000
20210111015338	2000
20210111015338	2000
20210111015338	2000
20210111015338	2000
20210111015338	2000
20210111015338	2000
20210111015338	2000
20210111015338	2000
20210111015338	2000
20210111015338	2000
20210111015338	2000
20210111015338	2000
20210111015338	2000
20210111015338	2000
20210111015338	2000
20210111015338	2000
20210111015338	2000
20210111015338	2000
20210111015338	2000
20210111015338	2000
20210111015338	2000
20210111015338	2000
20210111015338	2000
20210111015338	2000
20210111015338	2000
20210111015338	2000
20210111015338	2000
20210111015338	2000
20210111015338	2000
20210111015338	2000
20210111015338	2000
20210111015338	2000
20210111015338	2000
20210111015338	2000
20210111015338	2000
20210111015338	2000
20210111015338	2000
20210111015338	2000
20210111015338	2000
20210111015338	2000
20210111015339	2000
20210111015339	2000
20210111015339	2000
20210111015339	2000
20210111015339	2000
20210111015339	2000
20210111015339	2000
20210111015339	2000
20210111015339	2000
20210111015339	2000
20210111015339	2000
20210111015339	2000
20210111015339	2000
20210111015339	2000
20210111015339	2000
20210111015339	2000
20210111015339	2000
20210111015339	2000
20210111015339	2000
20210111015339	2000
20210111015339	2000
20210111015339	2000
20210111015339	2000
20210111015339	2000
20210111015339	2000
20210111015339	2000
20210111015339	2000
20210111015339	2000
20210111015339	2000
20210111015339	2000
20210111015339	2000
20210111015339	2000
20210111015339	2000
20210111015339	2000
20210111015339	2000
20210111015339	2000
20210111015339	2000
20210111015339	2000
20210111015339	2000
20210111015339	2000
20210111015339	2000
20210111015339	2000
20210111015339	2000
20210111015339	2000
20210111015339	2000
20210111015339	2000
20210111015339	2000
20210111015339	2000
20210111015339	2000
20210111015339	2000
20210111015339	2000
20210111015339	2000
20210111015339	2000
20210111015339	2000
20210111015339	2000
20210111015339	2000
20210111015339	2000
20210111015339	2000
20210111015339	2000
20210111015339	2000
20210111015340	2000
20210111015340	2000
20210111015340	2000
20210111015340	2000
20210111015340	2000
20210111015340	2000
20210111015340	2000
20210111015340	2000
20210111015340	2000
20210111015340	2000
20210111015340	2000
20210111015340	2000
20210111015340	2000
20210111015340	2000
20210111015340	2000
20210111015340	2000
20210111015340	2000
20210111015340	2000
20210111015340	2000
20210111015340	2000
20210111015340	2000
20210111015340	2000
20210111015340	2000
20210111015340	2000
20210111015340	2000
20210111015340	2000
20210111015340	2000
20210111015340	2000
20210111015340	2000
20210111015340	2000
20210111015340	2000
20210111015340	2000
20210111015340	2000
20210111015340	2000
20210111015340	2000
20210111015340	2000
20210111015340	2000
20210111015340	2000
20210111015340	2000
20210111015340	2000
20210111015340	2000
20210111015340	2000
20210111015340	2000
20210111015340	2000
20210111015341	2000
20210111015341	2000
20210111015341	2000
20210111015341	2000
20210111015341	2000
20210111015341	2000
20210111015341	2000
20210111015341	2000
20210111015341	2000
20210111015341	2000
20210111015341	2000
20210111015341	2000
20210111015341	2000
20210111015341	2000
20210111015341	2000
20210111015341	2000
20210111015341	2000
20210111015341	2000
20210111015341	2000
20210111015341	2000
20210111015341	2000
20210111015341	2000
20210111015341	2000
20210111015341	2000
20210111015341	2000
20210111015341	2000
20210111015341	2000
20210111015341	2000
20210111015341	2000
20210111015341	2000
20210111015341	2000
20210111015342	2000
20210111015342	2000
20210111015342	2000
20210111015342	2000
20210111015342	2000
20210111015342	2000
20210111015342	2000
20210111015342	2000
20210111015342	2000
20210111015342	2000
20210111015342	2000
20210111015342	2000
20210111015342	2000
20210111015342	2000
20210111015342	2000
20210111015342	2000
20210111015342	2000
20210111015342	2000
20210111015342	2000
20210111015342	2000
20210111015342	2000
20210111015342	2000
20210111015342	2000
20210111015342	2000
20210111015342	2000
20210111015342	2000
20210111015342	2000
20210111015342	2000
20210111015342	2000
20210111015342	2000
20210111015342	2000
20210111015342	2000
20210111015342	2000
20210111015342	2000
20210111015342	2000
20210111015342	2000
20210111015342	2000
20210111015342	2000
20210111015342	2000
20210111015342	2000
20210111015342	2000
20210111015342	2000
20210111015342	2000
20210111015342	2000
20210111015342	2000
20210111015342	2000
20210111015342	2000
20210111015342	2000
20210111015342	2000
20210111015342	2000
20210111015342	2000
20210111015342	2000
20210111015342	2000
20210111015342	2000
20210111015342	2000
20210111015342	2000
20210111015342	2000
20210111015342	2000
20210111015342	2000
20210111015342	2000
20210111015342	2000
20210111015342	2000
20210111015342	2000
20210111015342	2000
20210111015342	2000
20210111015342	2000
20210111015342	2000
20210111015342	2000
20210111015343	2000
20210111015343	2000
20210111015343	2000
20210111015343	2000
20210111015343	2000
20210111015343	2000
20210111015343	2000
20210111015343	2000
20210111015343	2000
20210111015343	2000
20210111015343	2000
20210111015343	2000
20210111015343	2000
20210111015343	2000
20210111015343	2000
20210111015343	2000
20210111015343	2000
20210111015343	2000
20210111015343	2000
20210111015343	2000
20210111015343	2000
20210111015343	2000
20210111015343	2000
20210111015343	2000
20210111015343	2000
20210111015343	2000
20210111015343	2000
20210111015343	2000
20210111015343	2000
20210111015343	2000
20210111015343	2000
20210111015343	2000
20210111015343	2000
20210111015343	2000
20210111015343	2000
20210111015343	2000
20210111015343	2000
20210111015343	2000
20210111015343	2000
20210111015343	2000
20210111015343	2000
20210111015343	2000
20210111015343	2000
20210111015343	2000
20210111015343	2000
20210111015343	2000
20210111015343	2000
20210111015343	2000
20210111015344	2000
20210111015344	2000
20210111015344	2000
20210111015344	2000
20210111015344	2000
20210111015344	2000
20210111015344	2000
20210111015344	2000
20210111015344	2000
20210111015344	2000
20210111015344	2000
20210111015344	2000
20210111015344	2000
20210111015344	2000
20210111015344	2000
20210111015344	2000
20210111015344	2000
20210111015344	2000
20210111015344	2000
20210111015344	2000
20210111015344	2000
20210111015344	2000
20210111015344	2000
20210111015344	2000
20210111015344	2000
20210111015344	2000
20210111015344	2000
20210111015344	2000
20210111015344	2000
20210111015344	2000
20210111015344	2000
20210111015344	2000
20210111015344	2000
20210111015344	2000
20210111015344	2000
20210111015344	2000
20210111015344	2000
20210111015344	2000
20210111015344	2000
20210111015344	2000
20210111015344	2000
20210111015344	2000
20210111015344	2000
20210111015344	2000
20210111015344	2000
20210111015344	2000
20210111015344	2000
20210111015344	2000
20210111015344	2000
20210111015344	2000
20210111015344	2000
20210111015344	2000
20210111015344	2000
20210111015344	2000
20210111015344	2000
20210111015344	2000
20210111015344	2000
20210111015344	2000
20210111015344	2000
20210111015344	2000
20210111015344	2000
20210111015344	2000
20210111015344	2000
20210111015344	2000
20210111015344	2000
20210111015344	2000
20210111015344	2000
20210111015344	2000
20210111015344	2000
