20210104223804	-1.9203
20210104223805	-1.99773
20210104223806	-2.03309
20210104223807	-2.05077
20210104223808	-2.02435
20210104223809	-1.98745
20210104223810	-1.93407
20210104223811	-1.88767
20210104223812	-1.8599
20210104223813	-1.82723
20210104223815	-1.80377
20210104223816	-1.78033
20210104223817	-1.76347
20210104223818	-1.75097
20210104223819	-1.73963
20210104223820	-1.72941
20210104223821	-1.7283
20210104223822	-1.72001
20210104223824	-1.71974
20210104223825	-1.66552
20210104223826	-1.64915
20210104223827	-1.63827
20210104223828	-1.63254
20210104223829	-1.62871
20210104223830	-1.61578
20210104223831	-1.61024
20210104223832	-1.60018
20210104223833	-1.60507
20210104223834	-1.60672
20210104223835	-1.60369
20210104223836	-1.58643
20210104223837	-1.58424
20210104223838	-1.60351
20210104223839	-1.59383
20210104223840	-1.57365
20210104223841	-1.58614
20210104223843	-1.59061
20210104223843	-1.58458
20210104223845	-1.57424
20210104223846	-1.58773
20210104223847	-1.59758
20210104223848	-1.57872
20210104223849	-1.57122
20210104223850	-1.59688
20210104223851	-1.58855
20210104223852	-1.57406
20210104223853	-1.57606
20210104223854	-1.59828
20210104223855	-1.58582
20210104223857	-1.57145
20210104223857	-1.58266
20210104223859	-1.58647
20210104223900	-1.57763
20210104223901	-1.57525
20210104223902	-1.58437
20210104223903	-1.58591
20210104223904	-1.57985
20210104223905	-1.57534
20210104223906	-1.58006
20210104223907	-1.58586
20210104223908	-1.58316
20210104223909	-1.57901
20210104223910	-1.58078
20210104223911	-1.57814
20210104223912	-1.57749
20210104223913	-1.572
20210104223914	-1.57748
20210104223915	-1.57449
20210104223916	-1.57757
20210104223917	-1.57917
20210104223918	-1.57218
20210104223919	-1.57431
20210104223920	-1.58055
20210104223922	-1.57762
20210104223923	-1.57591
20210104223924	-1.57805
20210104223925	-1.57621
20210104223926	-1.57725
20210104223927	-1.57504
20210104223928	-1.57573
20210104223929	-1.58244
20210104223930	-1.58178
20210104223931	-1.5813
20210104223932	-1.5834
20210104223933	-1.57835
20210104223934	-1.57611
20210104223935	-1.57907
20210104223936	-1.5847
20210104223937	-1.58368
20210104223938	-1.57988
20210104223939	-1.58612
20210104223940	-1.5797
20210104223941	-1.58189
20210104223942	-1.58586
20210104223943	-1.58871
20210104223944	-1.58455
20210104223946	-1.58161
20210104223947	-1.58245
20210104223948	-1.58494
20210104223949	-1.5841
20210104223950	-1.57683
20210104223951	-1.58311
20210104223952	-1.58203
20210104223953	-1.58485
20210104223955	-1.58931
20210104223956	-1.58165
20210104223957	-1.58456
20210104223958	-1.58411
20210104223959	-1.5902
20210104224000	-1.58521
20210104224001	-1.57919
20210104224002	-1.58712
20210104224003	-1.59121
20210104224004	-1.58384
20210104224005	-1.58409
20210104224006	-1.58384
20210104224007	-1.57896
20210104224008	-1.58556
20210104224009	-1.58676
20210104224010	-1.591
20210104224011	-1.58415
20210104224012	-1.58472
20210104224013	-1.58243
20210104224014	-1.58158
20210104224015	-1.58376
20210104224016	-1.58294
20210104224018	-1.58623
20210104224019	-1.58272
20210104224020	-1.58021
20210104224021	-1.58545
20210104224022	-1.58628
20210104224023	-1.58653
20210104224024	-1.58
20210104224025	-1.58784
20210104224027	-1.58328
20210104224028	-1.58382
20210104224028	-1.58457
20210104224029	-1.58412
20210104224030	-1.58528
20210104224032	-1.58393
20210104224032	-1.58613
20210104224034	-1.58358
20210104224035	-1.58848
20210104224036	-1.58178
20210104224037	-1.58365
20210104224038	-1.57902
20210104224039	-1.58024
20210104224040	-1.58665
20210104224041	-1.58444
20210104224042	-1.583
20210104224043	-1.5848
20210104224044	-1.58789
20210104224045	-1.58552
20210104224046	-1.58174
20210104224047	-1.59088
20210104224048	-1.58812
20210104224049	-1.5934
20210104224051	-1.58686
20210104224052	-1.58691
20210104224053	-1.58969
20210104224054	-1.59272
20210104224055	-1.59112
20210104224056	-1.59042
20210104224058	-1.59579
20210104224059	-1.59047
20210104224100	-1.59336
20210104224101	-1.58878
20210104224102	-1.5936
20210104224103	-1.58909
20210104224104	-1.58673
20210104224106	-1.59251
20210104224107	-1.58452
20210104224108	-1.58541
20210104224109	-1.58256
20210104224110	-1.58619
20210104224111	-1.58448
20210104224112	-1.58641
20210104224113	-1.58878
20210104224114	-1.59274
20210104224116	-1.59904
20210104224116	-1.59652
20210104224118	-1.5974
20210104224119	-1.59092
20210104224120	-1.58628
20210104224121	-1.58507
20210104224122	-1.58593
20210104224123	-1.58115
20210104224125	-1.5873
20210104224126	-1.58264
20210104224127	-1.5836
20210104224128	-1.58182
20210104224129	-1.58067
20210104224130	-1.58865
20210104224131	-1.58047
20210104224132	-1.57982
20210104224134	-1.57799
20210104224135	-1.58135
20210104224136	-1.57225
20210104224137	-1.57517
20210104224138	-1.57616
20210104224139	-1.5766
20210104224141	-1.57435
20210104224142	-1.57787
20210104224143	-1.57959
20210104224144	-1.57583
20210104224145	-1.57921
20210104224146	-1.58123
20210104224147	-1.57657
20210104224149	-1.58094
20210104224150	-1.57854
20210104224151	-1.57762
20210104224152	-1.57689
20210104224153	-1.58052
20210104224154	-1.58082
20210104224155	-1.58148
20210104224156	-1.5847
20210104224157	-1.57697
20210104224158	-1.57559
20210104224159	-1.58048
20210104224201	-1.57983
20210104224202	-1.57442
20210104224203	-1.57797
20210104224204	-1.58006
20210104224205	-1.57811
20210104224207	-1.57749
20210104224208	-1.57593
20210104224208	-1.5788
20210104224209	-1.57821
20210104224211	-1.57872
20210104224212	-1.57607
20210104224213	-1.57778
20210104224214	-1.57379
20210104224216	-1.57526
20210104224217	-1.57951
20210104224218	-1.57491
20210104224219	-1.57676
20210104224220	-1.58216
20210104224221	-1.57589
20210104224223	-1.57518
20210104224224	-1.57374
20210104224225	-1.57537
20210104224226	-1.57315
20210104224227	-1.56989
20210104224228	-1.5712
20210104224230	-1.57328
20210104224231	-1.57037
20210104224232	-1.57408
20210104224233	-1.5739
20210104224234	-1.57228
20210104224236	-1.57054
20210104224237	-1.5765
20210104224238	-1.57167
20210104224239	-1.5708
20210104224240	-1.57138
20210104224241	-1.57299
20210104224242	-1.5689
20210104224243	-1.57011
20210104224244	-1.5747
20210104224246	-1.57132
20210104224247	-1.57286
20210104224248	-1.57383
20210104224249	-1.56696
20210104224251	-1.57396
20210104224251	-1.57047
20210104224252	-1.56676
20210104224253	-1.64117
20210104224254	-1.76702
20210104224256	-1.89641
20210104224257	-2.01851
20210104224258	-2.12385
20210104224259	-2.24198
20210104224300	-2.34179
20210104224301	-2.43174
20210104224302	-2.50545
20210104224303	-2.57714
20210104224304	-2.63772
20210104224305	-2.70068
20210104224307	-2.74442
20210104224307	-2.78257
20210104224309	-2.83092
20210104224310	-2.85664
20210104224311	-2.8825
20210104224312	-2.91302
20210104224313	-2.94058
20210104224314	-2.95543
20210104224315	-2.96315
20210104224316	-2.97931
20210104224318	-2.9922
20210104224319	-3.00096
20210104224320	-3.00968
20210104224320	-3.01399
20210104224321	-3.01935
20210104224322	-3.04865
20210104224323	-3.10446
20210104224325	-2.94908
20210104224326	-2.96087
20210104224327	-3.03962
20210104224328	-3.02279
20210104224329	-3.05996
20210104224330	-3.06986
20210104224332	-3.06798
20210104224332	-3.0656
20210104224334	-3.07447
20210104224335	-3.06241
20210104224336	-3.07145
20210104224336	-3.05897
20210104224337	-3.06663
20210104224338	-3.07784
20210104224340	-3.09029
20210104224341	-3.0619
20210104224342	-3.04374
20210104224343	-3.0541
20210104224344	-3.0609
20210104224346	-3.07095
20210104224347	-3.05697
20210104224348	-3.05447
20210104224349	-3.05021
20210104224351	-3.06358
20210104224352	-3.05777
20210104224353	-3.05522
20210104224354	-3.04315
20210104224355	-3.04714
20210104224356	-3.05674
20210104224357	-3.06107
20210104224358	-3.05081
20210104224359	-3.04633
20210104224400	-3.04853
20210104224402	-3.05075
20210104224403	-3.05012
20210104224404	-3.05177
20210104224406	-3.04652
20210104224407	-3.04502
20210104224408	-3.05044
20210104224409	-3.05071
20210104224410	-3.05659
20210104224411	-3.04649
20210104224412	-3.04275
20210104224413	-3.05154
20210104224415	-3.06717
20210104224416	-3.04677
20210104224417	-3.03407
20210104224418	-3.05402
20210104224419	-3.05443
20210104224420	3.00904
20210104224422	2.88664
20210104224423	2.7658
20210104224424	2.63843
20210104224425	2.51656
20210104224426	2.40432
20210104224427	2.29034
20210104224428	2.1948
20210104224430	2.11583
20210104224431	2.04897
20210104224432	1.99691
20210104224434	1.85118
20210104224434	1.90277
20210104224436	1.84365
20210104224437	1.82173
20210104224438	1.79646
20210104224440	1.76066
20210104224441	1.70134
20210104224442	1.6988
20210104224443	1.69998
20210104224444	1.65908
20210104224445	1.64585
20210104224446	1.65355
20210104224447	1.66276
20210104224448	1.64173
20210104224449	1.6408
20210104224450	1.60046
20210104224451	1.59239
20210104224452	1.57711
20210104224454	1.62909
20210104224455	1.6198
20210104224456	1.588
20210104224457	1.55044
20210104224458	1.58626
20210104224459	1.5885
20210104224500	1.59716
20210104224502	1.55311
20210104224503	1.5239
20210104224504	1.55487
20210104224505	1.57402
20210104224506	1.58412
20210104224507	1.55697
20210104224508	1.55369
20210104224509	1.5329
20210104224511	1.55796
20210104224512	1.58229
20210104224513	1.5654
20210104224515	1.54804
20210104224516	1.56044
20210104224517	1.55453
20210104224518	1.56535
20210104224519	1.57422
20210104224520	1.55534
20210104224522	1.53985
20210104224523	1.54459
20210104224524	1.57185
20210104224525	1.56868
20210104224526	1.55111
20210104224528	1.55536
20210104224529	1.56091
20210104224530	1.56341
20210104224531	1.56009
20210104224532	1.55973
20210104224533	1.56079
20210104224534	1.56512
20210104224535	1.5482
20210104224536	1.54914
20210104224537	1.54428
20210104224538	1.56102
20210104224539	1.5526
20210104224541	1.57095
20210104224542	1.56008
20210104224543	1.54279
20210104224544	1.55471
20210104224546	1.56368
20210104224546	1.5482
20210104224548	1.55638
20210104224549	1.54304
20210104224550	1.56095
20210104224551	1.55299
20210104224552	1.54135
20210104224553	1.55711
20210104224554	1.55422
20210104224555	1.55255
20210104224556	1.53852
20210104224558	1.54495
20210104224559	1.5711
20210104224600	1.555
20210104224601	1.56835
20210104224602	1.55405
20210104224603	1.55263
20210104224605	1.55996
20210104224606	1.561
20210104224607	1.56077
20210104224608	1.56402
20210104224610	1.52131
20210104224611	1.63895
20210104224612	1.56465
20210104224613	1.55269
20210104224614	1.60682
20210104224616	1.59036
20210104224617	1.59676
20210104224618	1.53864
20210104224619	1.5604
20210104224620	1.58951
20210104224621	1.55457
20210104224622	1.55599
20210104224624	1.54287
20210104224625	1.58815
20210104224626	1.5869
20210104224627	1.521
20210104224628	1.53336
20210104224629	1.52745
20210104224630	1.57086
20210104224632	1.5931
20210104224633	1.53359
20210104224634	1.51647
20210104224635	1.56477
20210104224636	1.56722
20210104224638	1.57672
20210104224639	1.56042
20210104224640	1.52709
20210104224641	1.54267
20210104224643	1.57569
20210104224644	1.57392
20210104224645	1.54458
20210104224646	1.53137
20210104224647	1.53452
20210104224649	1.56436
20210104224650	1.58186
20210104224651	1.56399
20210104224652	1.54529
20210104224653	1.54587
20210104224654	1.56288
20210104224655	1.56982
20210104224656	1.5713
20210104224657	1.57954
20210104224658	1.5653
20210104224659	1.54563
20210104224700	1.56687
20210104224701	1.57586
20210104224702	1.57988
20210104224703	1.57252
20210104224704	1.56048
20210104224705	1.55145
20210104224706	1.5553
20210104224707	1.5712
20210104224708	1.55913
20210104224709	1.57476
20210104224711	1.54734
20210104224712	1.5663
20210104224713	1.53393
20210104224714	1.57413
20210104224715	1.57488
20210104224716	1.54564
20210104224717	1.54439
20210104224718	1.55383
20210104224719	1.55949
20210104224720	1.57002
20210104224721	1.56366
20210104224722	1.53751
20210104224723	1.56315
20210104224724	1.56281
20210104224725	1.59294
20210104224726	1.59174
20210104224727	1.55332
20210104224728	1.55868
20210104224729	1.56069
20210104224731	1.58077
20210104224732	1.60162
20210104224733	1.58408
20210104224734	1.55866
20210104224735	1.55207
20210104224736	1.58428
20210104224737	1.58519
20210104224738	1.58543
20210104224739	1.55788
20210104224740	1.54513
20210104224741	1.57679
20210104224743	1.5878
20210104224744	1.58154
20210104224745	1.56872
20210104224746	1.56364
20210104224747	1.5644
20210104224748	1.57957
20210104224749	1.57599
20210104224750	1.57857
20210104224752	1.56264
20210104224753	1.54628
20210104224754	1.57448
20210104224754	1.59146
20210104224755	1.58211
20210104224756	1.55068
20210104224758	1.53513
20210104224759	1.55902
20210104224800	1.58394
20210104224801	1.57979
20210104224802	1.55724
20210104224803	1.54975
20210104224805	1.55057
20210104224806	1.56113
20210104224807	1.58326
20210104224808	1.57291
20210104224809	1.55533
20210104224810	1.55091
20210104224811	1.54876
20210104224813	1.56963
20210104224814	1.57373
20210104224815	1.55606
20210104224815	1.54983
20210104224816	1.54612
20210104224818	1.56639
20210104224819	1.57802
20210104224819	1.57667
20210104224821	1.57489
20210104224822	1.549
20210104224823	1.57673
20210104224824	1.59263
20210104224825	1.58165
20210104224826	1.58891
20210104224827	1.57183
20210104224828	1.55112
20210104224829	1.56366
20210104224830	1.56319
20210104224831	1.56615
20210104224832	1.55111
20210104224833	1.55999
20210104224835	1.52833
20210104224836	1.5673
20210104224837	1.57673
20210104224838	1.58875
20210104224839	1.57001
20210104224840	1.55186
20210104224841	1.56612
20210104224842	1.58604
20210104224843	1.56596
20210104224844	1.57703
20210104224846	1.53851
20210104224847	1.54199
20210104224848	1.57784
20210104224849	1.57162
20210104224850	1.56098
20210104224851	1.53769
20210104224852	1.54888
20210104224853	1.58413
20210104224854	1.58331
20210104224855	1.58562
20210104224857	1.54534
20210104224858	1.5584
