20210104211657	2000
20210104211657	2000
20210104211657	2000
20210104211657	2000
20210104211657	2000
20210104211657	2000
20210104211657	2000
20210104211657	2000
20210104211657	2000
20210104211657	2000
20210104211657	2000
20210104211657	2000
20210104211657	2000
20210104211657	2000
20210104211657	2000
20210104211657	2000
20210104211657	2000
20210104211657	2000
20210104211657	2000
20210104211657	2000
20210104211657	2000
20210104211657	2000
20210104211657	2000
20210104211657	2000
20210104211657	2000
20210104211657	2000
20210104211657	2000
20210104211657	2000
20210104211657	2000
20210104211657	2000
20210104211657	2000
20210104211657	2000
20210104211657	2000
20210104211657	2000
20210104211657	2000
20210104211657	2000
20210104211657	2000
20210104211657	2000
20210104211657	2000
20210104211657	2000
20210104211657	2000
20210104211658	2000
20210104211658	2000
20210104211658	2000
20210104211658	2000
20210104211658	2000
20210104211658	2000
20210104211658	2000
20210104211658	2000
20210104211658	2000
20210104211658	2000
20210104211658	2000
20210104211658	2000
20210104211658	2000
20210104211658	2000
20210104211658	2000
20210104211658	2000
20210104211658	2000
20210104211658	2000
20210104211658	2000
20210104211658	2000
20210104211658	2000
20210104211658	2000
20210104211658	2000
20210104211658	2000
20210104211658	2000
20210104211658	2000
20210104211658	2000
20210104211658	2000
20210104211658	2000
20210104211658	2000
20210104211658	2000
20210104211658	2000
20210104211658	2000
20210104211658	2000
20210104211658	2000
20210104211658	2000
20210104211658	2000
20210104211658	2000
20210104211658	2000
20210104211658	2000
20210104211658	2000
20210104211658	2000
20210104211658	1977.46
20210104211658	1977.46
20210104211658	1977.46
20210104211658	1977.46
20210104211658	1977.46
20210104211658	1977.46
20210104211658	1977.46
20210104211658	1977.46
20210104211658	1977.46
20210104211658	1977.46
20210104211658	1945.63
20210104211658	1945.63
20210104211658	1945.63
20210104211659	1945.63
20210104211659	1945.63
20210104211659	1945.63
20210104211659	1945.63
20210104211659	1945.63
20210104211659	1945.63
20210104211659	1945.63
20210104211659	1913.8
20210104211659	1913.8
20210104211659	1913.8
20210104211659	1913.8
20210104211659	1913.8
20210104211659	1913.8
20210104211659	1913.8
20210104211659	1913.8
20210104211659	1913.8
20210104211659	1913.8
20210104211659	1881.97
20210104211659	1881.97
20210104211659	1881.97
20210104211659	1881.97
20210104211659	1881.97
20210104211659	1881.97
20210104211659	1881.97
20210104211659	1881.97
20210104211659	1881.97
20210104211659	1881.97
20210104211659	1881.97
20210104211659	1850.14
20210104211659	1850.14
20210104211659	1850.14
20210104211659	1850.14
20210104211659	1850.14
20210104211659	1850.14
20210104211659	1850.14
20210104211659	1850.14
20210104211659	1850.14
20210104211659	1818.31
20210104211659	1818.31
20210104211659	1818.31
20210104211659	1818.31
20210104211659	1818.31
20210104211659	1818.31
20210104211659	1818.31
20210104211659	1818.31
20210104211659	1818.31
20210104211659	1818.31
20210104211659	1786.48
20210104211659	1786.48
20210104211659	1786.48
20210104211659	1786.48
20210104211659	1786.48
20210104211700	1786.48
20210104211700	1786.48
20210104211700	1786.48
20210104211700	1786.48
20210104211700	1786.48
20210104211700	1754.65
20210104211700	1754.65
20210104211700	1754.65
20210104211700	1754.65
20210104211700	1754.65
20210104211700	1754.65
20210104211700	1754.65
20210104211700	1754.65
20210104211700	1754.65
20210104211700	1754.65
20210104211700	1722.82
20210104211700	1722.82
20210104211700	1722.82
20210104211700	1722.82
20210104211700	1722.82
20210104211700	1722.82
20210104211700	1722.82
20210104211700	1722.82
20210104211700	1722.82
20210104211700	1722.82
20210104211700	1690.99
20210104211700	1690.99
20210104211700	1690.99
20210104211700	1690.99
20210104211700	1690.99
20210104211700	1690.99
20210104211700	1690.99
20210104211700	1690.99
20210104211700	1690.99
20210104211700	1690.99
20210104211700	1659.16
20210104211700	1659.16
20210104211700	1659.16
20210104211700	1659.16
20210104211700	1659.16
20210104211700	1659.16
20210104211700	1659.16
20210104211700	1659.16
20210104211700	1659.16
20210104211700	1659.16
20210104211700	1659.16
20210104211700	1627.32
20210104211700	1627.32
20210104211700	1627.32
20210104211700	1627.32
20210104211700	1627.32
20210104211701	1627.32
20210104211701	1627.32
20210104211701	1627.32
20210104211701	1627.32
20210104211701	1595.49
20210104211701	1595.49
20210104211701	1595.49
20210104211701	1595.49
20210104211701	1595.49
20210104211701	1595.49
20210104211701	1595.49
20210104211701	1595.49
20210104211701	1595.49
20210104211701	1595.49
20210104211701	1579.58
20210104211701	1579.58
20210104211701	1579.58
20210104211701	1579.58
20210104211701	1579.58
20210104211701	1579.58
20210104211701	1579.58
20210104211701	1579.58
20210104211701	1579.58
20210104211701	1579.58
20210104211701	1547.75
20210104211701	1547.75
20210104211701	1547.75
20210104211701	1547.75
20210104211701	1547.75
20210104211701	1547.75
20210104211701	1547.75
20210104211701	1547.75
20210104211701	1547.75
20210104211701	1547.75
20210104211701	1515.92
20210104211701	1515.92
20210104211701	1515.92
20210104211701	1515.92
20210104211701	1515.92
20210104211701	1515.92
20210104211701	1515.92
20210104211701	1515.92
20210104211701	1515.92
20210104211701	1515.92
20210104211702	1500
20210104211702	1500
20210104211702	1500
20210104211702	1500
20210104211702	1500
20210104211702	1500
20210104211702	1500
20210104211702	1500
20210104211702	1500
20210104211702	1500
20210104211702	1468.17
20210104211702	1468.17
20210104211702	1468.17
20210104211702	1468.17
20210104211702	1468.17
20210104211702	1468.17
20210104211702	1468.17
20210104211702	1468.17
20210104211702	1468.17
20210104211702	1468.17
20210104211702	1436.34
20210104211702	1436.34
20210104211702	1436.34
20210104211702	1436.34
20210104211702	1436.34
20210104211702	1436.34
20210104211702	1436.34
20210104211702	1436.34
20210104211702	1436.34
20210104211702	1436.34
20210104211702	1420.42
20210104211702	1420.42
20210104211702	1420.42
20210104211702	1420.42
20210104211702	1420.42
20210104211702	1420.42
20210104211702	1420.42
20210104211702	1420.42
20210104211702	1420.42
20210104211702	1420.42
20210104211702	1388.59
20210104211702	1388.59
20210104211702	1388.59
20210104211702	1388.59
20210104211702	1388.59
20210104211702	1388.59
20210104211702	1388.59
20210104211702	1388.59
20210104211702	1388.59
20210104211702	1388.59
20210104211702	1372.68
20210104211702	1372.68
20210104211703	1372.68
20210104211703	1372.68
20210104211703	1372.68
20210104211703	1372.68
20210104211703	1372.68
20210104211703	1372.68
20210104211703	1372.68
20210104211703	1372.68
20210104211703	1340.85
20210104211703	1340.85
20210104211703	1340.85
20210104211703	1340.85
20210104211703	1340.85
20210104211703	1340.85
20210104211703	1340.85
20210104211703	1340.85
20210104211703	1340.85
20210104211703	1340.85
20210104211703	1324.93
20210104211703	1324.93
20210104211703	1324.93
20210104211703	1324.93
20210104211703	1324.93
20210104211703	1324.93
20210104211703	1324.93
20210104211703	1324.93
20210104211703	1324.93
20210104211703	1324.93
20210104211703	1293.1
20210104211703	1293.1
20210104211703	1293.1
20210104211703	1293.1
20210104211703	1293.1
20210104211703	1293.1
20210104211703	1293.1
20210104211703	1293.1
20210104211703	1293.1
20210104211703	1293.1
20210104211703	1261.27
20210104211703	1261.27
20210104211703	1261.27
20210104211703	1261.27
20210104211703	1261.27
20210104211703	1261.27
20210104211703	1261.27
20210104211703	1261.27
20210104211703	1261.27
20210104211703	1261.27
20210104211703	1245.35
20210104211703	1245.35
20210104211703	1245.35
20210104211703	1245.35
20210104211704	1245.35
20210104211704	1245.35
20210104211704	1245.35
20210104211704	1245.35
20210104211704	1245.35
20210104211704	1245.35
20210104211704	1213.52
20210104211704	1213.52
20210104211704	1213.52
20210104211704	1213.52
20210104211704	1213.52
20210104211704	1213.52
20210104211704	1213.52
20210104211704	1213.52
20210104211704	1213.52
20210104211704	1213.52
20210104211704	1197.61
20210104211704	1197.61
20210104211704	1197.61
20210104211704	1197.61
20210104211704	1197.61
20210104211704	1197.61
20210104211704	1197.61
20210104211704	1197.61
20210104211704	1197.61
20210104211704	1197.61
20210104211704	1165.77
20210104211704	1165.77
20210104211704	1165.77
20210104211704	1165.77
20210104211704	1165.77
20210104211704	1165.77
20210104211704	1165.77
20210104211704	1165.77
20210104211704	1165.77
20210104211704	1165.77
20210104211704	1133.94
20210104211704	1133.94
20210104211704	1133.94
20210104211704	1133.94
20210104211704	1133.94
20210104211704	1133.94
20210104211704	1133.94
20210104211704	1133.94
20210104211704	1133.94
20210104211705	1133.94
20210104211705	1133.94
20210104211705	1118.03
20210104211705	1118.03
20210104211705	1118.03
20210104211705	1118.03
20210104211705	1118.03
20210104211705	1118.03
20210104211705	1118.03
20210104211705	1118.03
20210104211705	1118.03
20210104211705	1086.2
20210104211705	1086.2
20210104211705	1086.2
20210104211705	1086.2
20210104211705	1086.2
20210104211705	1086.2
20210104211705	1086.2
20210104211705	1086.2
20210104211705	1086.2
20210104211705	1086.2
20210104211705	1054.37
20210104211705	1054.37
20210104211705	1054.37
20210104211705	1054.37
20210104211705	1054.37
20210104211705	1054.37
20210104211705	1054.37
20210104211705	1054.37
20210104211705	1054.37
20210104211705	1054.37
20210104211705	1022.54
20210104211705	1022.54
20210104211705	1022.54
20210104211705	1022.54
20210104211705	1022.54
20210104211705	1022.54
20210104211705	1022.54
20210104211705	1022.54
20210104211705	1022.54
20210104211705	1022.54
20210104211705	1000
20210104211705	1000
20210104211705	1000
20210104211705	1000
20210104211705	1000
20210104211705	1000
20210104211705	1000
20210104211705	1000
20210104211705	1000
20210104211705	1000
20210104211705	1000
20210104211706	1000
20210104211706	1000
20210104211706	1000
20210104211706	1000
20210104211706	1000
20210104211706	1000
20210104211706	1000
20210104211706	1000
20210104211706	1000
20210104211706	1000
20210104211706	1000
20210104211706	1000
20210104211706	1000
20210104211706	1000
20210104211706	1000
20210104211706	1000
20210104211706	1000
20210104211706	1000
20210104211706	1000
20210104211706	1000
20210104211706	1000
20210104211706	1000
20210104211706	1000
20210104211706	1000
20210104211706	1000
20210104211706	1000
20210104211706	1000
20210104211706	1000
20210104211706	1000
20210104211706	1000
20210104211706	1000
20210104211706	1000
20210104211706	1000
20210104211706	1000
20210104211706	1000
20210104211706	1000
20210104211706	1000
20210104211706	1000
20210104211706	1000
20210104211706	1000
20210104211706	1000
20210104211706	1000
20210104211706	1000
20210104211706	1000
20210104211706	1000
20210104211706	1000
20210104211706	1000
20210104211706	1000
20210104211706	1000
20210104211706	1000
20210104211706	1000
20210104211706	1000
20210104211706	1000
20210104211706	1000
20210104211706	1000
20210104211706	1000
20210104211706	1000
20210104211706	1000
20210104211707	1000
20210104211707	1000
20210104211707	1000
20210104211707	1000
20210104211707	1000
20210104211707	1000
20210104211707	1000
20210104211707	1000
20210104211707	1000
20210104211707	1000
20210104211707	1000
20210104211707	1000
20210104211707	1000
20210104211707	1000
20210104211707	1000
20210104211707	1000
20210104211707	1000
20210104211707	1000
20210104211707	1000
20210104211707	1000
20210104211707	1000
20210104211707	1000
20210104211707	1000
20210104211707	1000
20210104211707	1000
20210104211707	1000
20210104211707	1000
20210104211707	1000
20210104211707	1000
20210104211707	1000
20210104211707	1000
20210104211707	1000
20210104211707	1000
20210104211707	1000
20210104211707	1000
20210104211707	1000
20210104211707	1000
20210104211707	1000
20210104211707	1000
20210104211707	1000
20210104211707	1000
20210104211707	1000
20210104211707	1000
20210104211707	1000
20210104211707	1000
20210104211707	1000
20210104211707	1000
20210104211707	1000
20210104211707	1000
20210104211707	1000
20210104211707	1000
20210104211707	1000
20210104211707	1000
20210104211707	1000
20210104211707	1000
20210104211707	1000
20210104211707	1000
20210104211707	1000
20210104211707	1000
20210104211707	1000
20210104211707	1000
20210104211707	1000
20210104211708	1000
20210104211708	1000
20210104211708	1000
20210104211708	1000
20210104211708	1000
20210104211708	1000
20210104211708	1000
20210104211708	1000
20210104211708	1000
20210104211708	1000
20210104211708	1000
20210104211708	1000
20210104211708	1000
20210104211708	1000
20210104211708	1000
20210104211708	1000
20210104211708	1000
20210104211708	1000
20210104211708	1000
20210104211708	1000
20210104211708	1000
20210104211708	1000
20210104211708	1000
20210104211708	1000
20210104211708	1000
20210104211708	1000
20210104211708	1000
20210104211708	1000
20210104211708	1000
20210104211708	1000
20210104211708	1000
20210104211708	1000
20210104211708	1000
20210104211708	1000
20210104211708	1000
20210104211708	1000
20210104211708	1000
20210104211708	1000
20210104211708	1000
20210104211708	1000
20210104211708	1000
20210104211708	1000
20210104211708	1000
20210104211708	1000
20210104211708	1000
20210104211708	1000
20210104211708	1000
20210104211708	1000
20210104211709	1000
20210104211709	1000
20210104211709	1000
20210104211709	1000
20210104211709	1000
20210104211709	1000
20210104211709	1000
20210104211709	1000
20210104211709	1000
20210104211709	1000
20210104211709	1000
20210104211709	1000
20210104211709	1000
20210104211709	1000
20210104211709	1000
20210104211709	1000
20210104211709	1000
20210104211709	1000
20210104211709	1000
20210104211709	1000
20210104211709	1000
20210104211709	1000
20210104211709	1000
20210104211709	1000
20210104211709	1000
20210104211709	1000
20210104211709	1000
20210104211709	1000
20210104211709	1000
20210104211709	1000
20210104211709	1000
20210104211709	1000
20210104211709	1000
20210104211709	1000
20210104211709	1000
20210104211709	1000
20210104211709	1000
20210104211709	1000
20210104211709	1000
20210104211709	1000
20210104211709	1000
20210104211709	1000
20210104211709	1000
20210104211709	1000
20210104211709	1000
20210104211709	1000
20210104211709	1000
20210104211709	1000
20210104211709	1000
20210104211710	1000
20210104211710	1000
20210104211710	1000
20210104211710	1000
20210104211710	1000
20210104211710	1000
20210104211710	1000
20210104211710	1000
20210104211710	1000
20210104211710	1000
20210104211710	1000
20210104211710	1000
20210104211710	1000
20210104211710	1000
20210104211710	1000
20210104211710	1000
20210104211710	1000
20210104211710	1000
20210104211710	1000
20210104211710	1000
20210104211710	1000
20210104211710	1000
20210104211710	1000
20210104211710	1000
20210104211710	1000
20210104211710	1000
20210104211710	1000
20210104211710	1000
20210104211710	1000
20210104211710	1000
20210104211710	1000
20210104211710	1000
20210104211710	1000
20210104211710	1000
20210104211710	1000
20210104211710	1000
20210104211710	1000
20210104211710	1000
20210104211710	1000
20210104211710	1000
20210104211710	1000
20210104211710	1000
20210104211710	1000
20210104211710	1000
20210104211710	1000
20210104211710	1000
20210104211710	1000
20210104211710	1000
20210104211710	1000
20210104211710	1000
20210104211710	1000
20210104211710	1000
20210104211710	1000
20210104211710	1000
20210104211710	1000
20210104211710	1000
20210104211710	1000
20210104211710	1000
20210104211710	1000
20210104211711	1000
20210104211711	1000
20210104211711	1000
20210104211711	1000
20210104211711	1000
20210104211711	1000
20210104211711	1000
20210104211711	1000
20210104211711	1000
20210104211711	1000
20210104211711	1000
20210104211711	1000
20210104211711	1000
20210104211711	1000
20210104211711	1000
20210104211711	1000
20210104211711	1000
20210104211711	1000
20210104211711	1000
20210104211711	1000
20210104211711	1000
20210104211711	1000
20210104211711	1000
20210104211711	1000
20210104211711	1000
20210104211711	1000
20210104211711	1000
20210104211711	1000
20210104211711	1000
20210104211711	1000
20210104211711	1000
20210104211711	1000
20210104211711	1000
20210104211711	1000
20210104211711	1000
20210104211711	1000
20210104211711	1000
20210104211711	1000
20210104211711	1000
20210104211711	1000
20210104211711	2000
20210104211711	2000
20210104211712	2000
20210104211712	2000
20210104211712	2000
20210104211712	2000
20210104211712	2000
20210104211712	2000
20210104211712	2000
20210104211712	2000
20210104211712	2000
20210104211712	2000
20210104211712	2000
20210104211712	2000
20210104211712	2000
20210104211712	2000
20210104211712	2000
20210104211712	2000
20210104211712	2000
20210104211712	2000
20210104211712	2000
20210104211712	2000
20210104211712	2000
20210104211712	2000
20210104211712	2000
20210104211712	2000
20210104211712	2000
20210104211712	2000
20210104211712	2000
20210104211712	2000
20210104211712	2000
20210104211712	2000
20210104211712	2000
20210104211712	2000
20210104211712	2000
20210104211712	2000
20210104211713	2000
20210104211713	2000
20210104211713	2000
20210104211713	2000
20210104211713	2000
20210104211713	2000
20210104211713	2000
20210104211713	2000
20210104211713	2000
20210104211713	2000
20210104211713	2000
20210104211713	2000
20210104211713	2000
20210104211713	2000
20210104211713	2000
20210104211713	2000
20210104211713	2000
20210104211713	2000
20210104211713	2000
20210104211713	2000
20210104211713	2000
20210104211713	2000
20210104211713	2000
20210104211713	2000
20210104211713	2000
20210104211713	2000
20210104211713	2000
20210104211713	2000
20210104211713	2000
20210104211713	2000
20210104211713	2000
20210104211713	2000
20210104211713	2000
20210104211713	2000
20210104211714	2000
20210104211714	2000
20210104211714	2000
20210104211714	2000
20210104211714	2000
20210104211714	2000
20210104211714	2000
20210104211714	2000
20210104211714	2000
20210104211714	2000
20210104211714	2000
20210104211714	2000
20210104211714	2000
20210104211714	2000
20210104211714	2000
20210104211714	2000
20210104211714	2000
20210104211714	2000
20210104211714	2000
20210104211714	2000
20210104211714	2000
20210104211714	2000
20210104211714	2000
20210104211714	2000
20210104211714	2000
20210104211714	2000
20210104211714	2000
20210104211714	2000
20210104211714	2000
20210104211714	2000
20210104211714	2000
20210104211714	2000
20210104211714	2000
20210104211714	2000
20210104211714	2000
20210104211714	2000
20210104211714	2000
20210104211714	2000
20210104211714	2000
20210104211714	2000
20210104211714	2000
20210104211714	2000
20210104211714	2000
20210104211714	2000
20210104211714	2000
20210104211715	2000
20210104211715	2000
20210104211715	2000
20210104211715	2000
20210104211715	2000
20210104211715	2000
20210104211715	2000
20210104211715	2000
20210104211715	2000
20210104211715	2000
20210104211715	2000
20210104211715	2000
20210104211715	2000
20210104211715	2000
20210104211715	2000
20210104211715	2000
20210104211715	2000
20210104211715	2000
20210104211715	2000
20210104211715	2000
20210104211715	2000
20210104211715	1992.35
20210104211715	1992.35
20210104211715	1992.35
20210104211715	2000
20210104211715	1993.24
20210104211715	1993.54
20210104211715	1993.54
20210104211715	1961.71
20210104211715	1961.71
20210104211715	1961.64
20210104211715	1961.64
20210104211715	1802.69
20210104211715	2000
20210104211715	2000
20210104211715	2000
20210104211715	1801.19
20210104211715	1801.19
20210104211715	1769.36
20210104211715	1769.36
20210104211715	2000
20210104211715	2000
20210104211715	1765.75
20210104211715	1765.75
20210104211715	1760.8
20210104211715	1760.8
20210104211715	1760.8
20210104211715	1756.5
20210104211715	1724.67
20210104211715	1724.67
20210104211715	1720.05
20210104211715	1720.05
20210104211715	1720.05
20210104211716	1720.05
20210104211716	1715.09
20210104211716	1715.09
20210104211716	1709.85
20210104211716	1709.85
20210104211716	1678.02
20210104211716	1678.02
20210104211716	1672.49
20210104211716	1672.49
20210104211716	1672.49
20210104211716	1672.49
20210104211716	1665.19
20210104211716	1665.19
20210104211716	1659.04
20210104211716	2000
20210104211716	1627.21
20210104211716	1627.21
20210104211716	1620.8
20210104211716	2000
20210104211716	1620.8
20210104211716	1620.8
20210104211716	1614.12
20210104211716	1614.12
20210104211716	1614.12
20210104211716	1607.2
20210104211716	1575.37
20210104211716	1575.37
20210104211716	1568.22
20210104211716	1568.22
20210104211716	1568.22
20210104211716	1465.65
20210104211716	1455.65
20210104211716	1565.88
20210104211716	1555.85
20210104211716	1555.85
20210104211716	1524.02
20210104211716	2000
20210104211716	1513.82
20210104211716	1513.82
20210104211716	1513.82
20210104211716	2000
20210104211716	1503.4
20210104211716	2000
20210104211716	1492.85
20210104211716	1492.85
20210104211716	1461.02
20210104211716	1461.02
20210104211716	1450.35
20210104211716	1450.35
20210104211717	1450.35
20210104211717	1436.88
20210104211717	1436.88
20210104211717	1436.88
20210104211717	1436.88
20210104211717	1426.01
20210104211717	1378.26
20210104211717	1378.26
20210104211717	1367.33
20210104211717	1367.33
20210104211717	1367.33
20210104211717	1353.61
20210104211717	1353.61
20210104211717	1353.61
20210104211717	2000
20210104211717	1345.37
20210104211717	1345.37
20210104211717	1313.54
20210104211717	1302.54
20210104211717	1302.54
20210104211717	1302.54
20210104211717	1302.54
20210104211717	1288.83
20210104211717	1288.83
20210104211717	1288.83
20210104211717	1277.91
20210104211717	1246.08
20210104211717	2000
20210104211717	1235.23
20210104211717	1235.23
20210104211717	1224.57
20210104211717	1267.28
20210104211718	1267.28
20210104211718	1267.28
20210104211718	1267.28
20210104211718	1254.94
20210104211718	1223.11
20210104211718	1223.11
20210104211718	2000
20210104211718	1210.89
20210104211718	2000
20210104211718	1195.82
20210104211718	2000
20210104211718	1195.82
20210104211718	2000
20210104211718	1183.96
20210104211718	1136.22
20210104211718	1136.22
20210104211718	1124.57
20210104211718	1124.57
20210104211718	2000
20210104211718	1113.14
20210104211718	1113.14
20210104211718	1113.14
20210104211718	1099.22
20210104211718	1099.22
20210104211718	1099.22
20210104211718	1067.39
20210104211718	1059.26
20210104211718	1059.26
20210104211718	1059.26
20210104211718	1059.26
20210104211718	1046.12
20210104211718	1046.12
20210104211718	1046.12
20210104211718	1036.01
20210104211718	1004.18
20210104211718	1004.18
20210104211718	1000
20210104211718	1000
20210104211718	2000
20210104211719	1000
20210104211719	1000
20210104211719	1000
20210104211719	1000
20210104211719	1000
20210104211719	1000
20210104211719	1000
20210104211719	1000
20210104211719	1000
20210104211719	1000
20210104211719	1000
20210104211719	1000
20210104211719	1000
20210104211719	1000
20210104211719	1000
20210104211719	1000
20210104211719	1000
20210104211719	1000
20210104211719	1000
20210104211719	1000
20210104211719	1000
20210104211719	1000
20210104211719	1000
20210104211719	1000
20210104211719	1000
20210104211719	1000
20210104211719	1000
20210104211719	1000
20210104211719	1000
20210104211719	1000
20210104211719	1000
20210104211719	1000
20210104211719	1000
20210104211719	1000
20210104211719	1000
20210104211719	1000
20210104211719	1000
20210104211719	1000
20210104211719	1000
20210104211719	1000
20210104211719	1000
20210104211719	1000
20210104211719	1000
20210104211720	1000
20210104211720	1000
20210104211720	1000
20210104211720	1000
20210104211720	1000
20210104211720	1000
20210104211720	1000
20210104211720	1000
20210104211720	1000
20210104211720	1000
20210104211720	1000
20210104211720	1000
20210104211720	1000
20210104211720	1000
20210104211720	1000
20210104211720	1000
20210104211720	1000
20210104211720	1000
20210104211720	1000
20210104211720	1000
20210104211720	1000
20210104211720	1000
20210104211720	1000
20210104211720	1000
20210104211720	1000
20210104211720	1000
20210104211720	1000
20210104211720	1000
20210104211720	1000
20210104211720	1000
20210104211720	1000
20210104211720	1000
20210104211720	1000
20210104211720	1000
20210104211720	1000
20210104211720	1000
20210104211720	1000
20210104211720	1000
20210104211720	1000
20210104211720	1000
20210104211720	1000
20210104211720	1000
20210104211720	1000
20210104211720	1000
20210104211720	1000
20210104211720	1000
20210104211720	1000
20210104211720	1000
20210104211721	1000
20210104211721	1000
20210104211721	1000
20210104211721	1000
20210104211721	1000
20210104211721	1000
20210104211721	1000
20210104211721	1000
20210104211721	1000
20210104211721	1000
20210104211721	1000
20210104211721	1000
20210104211721	1000
20210104211721	1000
20210104211721	1000
20210104211721	1000
20210104211721	1000
20210104211721	1000
20210104211721	1000
20210104211721	1000
20210104211721	1000
20210104211721	1000
20210104211721	1000
20210104211721	1000
20210104211721	1000
20210104211721	1000
20210104211721	1000
20210104211721	1000
20210104211721	1000
20210104211721	1000
20210104211721	1000
20210104211721	1000
20210104211721	1000
20210104211721	1000
20210104211721	1000
20210104211721	1000
20210104211721	1000
20210104211721	1000
20210104211721	1000
20210104211722	1000
20210104211722	1000
20210104211722	1000
20210104211722	1000
20210104211722	1000
20210104211722	1000
20210104211722	1000
20210104211722	1000
20210104211722	1000
20210104211722	1000
20210104211722	1000
20210104211722	1000
20210104211722	1000
20210104211722	1000
20210104211722	1000
20210104211722	1000
20210104211722	1000
20210104211722	1000
20210104211722	1000
20210104211722	1000
20210104211722	1000
20210104211722	1000
20210104211722	1000
20210104211722	1000
20210104211722	1000
20210104211722	1000
20210104211722	1000
20210104211722	1000
20210104211722	1000
20210104211722	1000
20210104211722	1000
20210104211722	1000
20210104211722	1000
20210104211722	1000
20210104211722	1000
20210104211722	1000
20210104211722	1000
20210104211722	1000
20210104211722	1000
20210104211722	1000
20210104211722	1000
20210104211722	1000
20210104211722	1000
20210104211722	1000
20210104211722	1000
20210104211722	1000
20210104211722	1000
20210104211722	1000
20210104211722	1000
20210104211722	1000
20210104211722	1000
20210104211723	1000
20210104211723	1000
20210104211723	1000
20210104211723	1000
20210104211723	1000
20210104211723	1000
20210104211723	1000
20210104211723	1000
20210104211723	1000
20210104211723	1000
20210104211723	1000
20210104211723	1000
20210104211723	1000
20210104211723	1000
20210104211723	1000
20210104211723	1000
20210104211723	1000
20210104211723	1000
20210104211723	1000
20210104211723	1000
20210104211723	1000
20210104211723	1000
20210104211723	1000
20210104211723	1000
20210104211723	1000
20210104211723	1000
20210104211723	1000
20210104211723	1000
20210104211723	1000
20210104211723	1000
20210104211723	1000
20210104211723	1000
20210104211723	1000
20210104211723	1000
20210104211723	1000
20210104211723	1000
20210104211723	1000
20210104211723	1000
20210104211723	1000
20210104211723	1000
20210104211723	1000
20210104211723	1000
20210104211724	1000
20210104211724	1000
20210104211724	1000
20210104211724	1000
20210104211724	1000
20210104211724	1000
20210104211724	1000
20210104211724	1000
20210104211724	1000
20210104211724	1000
20210104211724	1000
20210104211724	1000
20210104211724	1000
20210104211724	1000
20210104211724	1000
20210104211724	1000
20210104211724	1000
20210104211724	1000
20210104211724	1000
20210104211724	1000
20210104211724	1000
20210104211724	1000
20210104211724	1000
20210104211724	1000
20210104211724	1000
20210104211724	1000
20210104211724	1000
20210104211724	1000
20210104211724	1000
20210104211724	1000
20210104211724	1000
20210104211724	1000
20210104211724	1000
20210104211724	1000
20210104211724	1000
20210104211724	1000
20210104211724	1000
20210104211724	1000
20210104211724	1000
20210104211724	1000
20210104211724	1000
20210104211724	1000
20210104211724	1000
20210104211724	1000
20210104211724	1000
20210104211724	1000
20210104211724	1000
20210104211724	1000
20210104211724	1000
20210104211724	1000
20210104211724	1000
20210104211725	1000
20210104211725	1000
20210104211725	1000
20210104211725	1000
20210104211725	1000
20210104211725	1000
20210104211725	1000
20210104211725	1000
20210104211725	1000
20210104211725	1000
20210104211725	1000
20210104211725	1000
20210104211725	1000
20210104211725	1000
20210104211725	1000
20210104211725	1000
20210104211725	1000
20210104211725	1000
20210104211725	1000
20210104211725	1000
20210104211725	1000
20210104211725	1000
20210104211725	1000
20210104211725	1000
20210104211725	1000
20210104211725	1000
20210104211725	1000
20210104211725	1000
20210104211725	1000
20210104211725	1000
20210104211725	1000
20210104211725	1000
20210104211725	1000
20210104211725	1000
20210104211725	1000
20210104211725	1000
20210104211725	1000
20210104211725	1000
20210104211725	1000
20210104211725	1000
20210104211725	1000
20210104211725	1000
20210104211725	1052.3
20210104211725	1000
20210104211725	1053.03
20210104211725	1053.03
20210104211725	1054.32
20210104211725	1000
20210104211725	1000
20210104211725	1000
20210104211726	1000
20210104211726	1000
20210104211726	1000
20210104211726	1000
20210104211726	1106.3
20210104211726	1106.3
20210104211726	1000
20210104211726	1000
20210104211726	1110.03
20210104211726	1000
20210104211726	1000
20210104211726	1000
20210104211726	1000
20210104211726	1000
20210104211726	1149.53
20210104211726	1000
20210104211726	1000
20210104211726	1000
20210104211726	1000
20210104211726	1000
20210104211726	1000
20210104211726	1000
20210104211726	1206.94
20210104211726	1000
20210104211726	1212.45
20210104211726	1000
20210104211726	1000
20210104211726	1000
20210104211726	1000
20210104211726	1000
20210104211726	1000
20210104211726	1000
20210104211726	1000
20210104211726	1000
20210104211726	1000
20210104211726	1000
20210104211726	1000
20210104211726	1000
20210104211726	1000
20210104211726	1000
20210104211726	1407.74
20210104211726	1000
20210104211726	1000
20210104211726	1000
20210104211726	1000
20210104211726	1000
20210104211726	1000
20210104211727	1000
20210104211727	1473.72
20210104211727	1000
20210104211727	1000
20210104211727	1000
20210104211727	1000
20210104211727	1000
20210104211727	1523
20210104211727	1000
20210104211727	1532.11
20210104211727	1000
20210104211727	1000
20210104211727	1000
20210104211727	1000
20210104211727	1000
20210104211727	1000
20210104211727	1011.34
20210104211727	1011.34
20210104211727	1011.34
20210104211727	1011.34
20210104211727	1032.62
20210104211727	1032.62
20210104211727	1032.62
20210104211727	1050.03
20210104211727	1081.86
20210104211727	1081.86
20210104211727	1099.56
20210104211727	1099.56
20210104211727	1099.56
20210104211727	1646.46
20210104211727	1117.51
20210104211727	1117.51
20210104211727	1656.4
20210104211727	1666.38
20210104211727	1167.53
20210104211727	1167.53
20210104211727	1185.94
20210104211727	1185.94
20210104211727	1172.3
20210104211727	1702.79
20210104211727	1175.44
20210104211727	1175.44
20210104211728	1175.44
20210104211728	1194.07
20210104211728	1710.82
20210104211728	1710.82
20210104211728	1228.77
20210104211728	1228.77
20210104211728	1228.77
20210104211728	1247.68
20210104211728	1247.68
20210104211728	1247.68
20210104211728	1247.68
20210104211728	1247.68
20210104211728	1298.51
20210104211728	1317.59
20210104211728	1317.59
20210104211728	1783.3
20210104211728	1317.59
20210104211728	1317.59
20210104211728	1795.71
20210104211728	1341.53
20210104211728	1795.71
20210104211728	1360.73
20210104211728	1376.64
20210104211728	1376.64
20210104211728	1831.07
20210104211728	1831.07
20210104211728	1395.86
20210104211728	1395.86
20210104211728	1840.56
20210104211728	1840.56
20210104211728	1415.09
20210104211728	1849.88
20210104211728	1466.13
20210104211728	1881.71
20210104211728	1485.3
20210104211728	1485.3
20210104211728	1890.84
20210104211728	1485.3
20210104211728	1901.97
20210104211728	1509.25
20210104211728	1528.31
20210104211728	1528.31
20210104211728	1926.52
20210104211728	1926.52
20210104211728	1563.15
20210104211728	1500.04
20210104211728	1500.04
20210104211728	1523.91
20210104211728	1540.27
20210104211728	1540.27
20210104211728	1540.27
20210104211728	1865.29
20210104211729	1572.44
20210104211729	1572.44
20210104211729	1588.56
20210104211729	1588.56
20210104211729	1588.56
20210104211729	1608.47
20210104211729	1608.47
20210104211729	1608.47
20210104211729	1608.47
20210104211729	1624.16
20210104211729	1624.16
20210104211729	1624.16
20210104211729	1639.63
20210104211729	1912.12
20210104211729	1639.63
20210104211729	1654.84
20210104211729	1654.84
20210104211729	1654.84
20210104211729	1669.76
20210104211729	1669.76
20210104211729	1924.8
20210104211729	1669.76
20210104211729	1684.37
20210104211729	1930.64
20210104211729	1684.37
20210104211729	1684.37
20210104211729	1937.46
20210104211729	1702.18
20210104211729	1702.18
20210104211729	1716.03
20210104211729	1942.51
20210104211729	1716.03
20210104211729	1729.51
20210104211729	1729.51
20210104211729	1729.51
20210104211729	1729.51
20210104211729	1742.6
20210104211729	1742.6
20210104211729	1742.6
20210104211729	1755.28
20210104211729	1755.28
20210104211729	1755.28
20210104211730	1767.56
20210104211730	1959.04
20210104211730	1792.54
20210104211730	1846.28
20210104211730	1859.64
20210104211730	1859.64
20210104211730	1859.64
20210104211730	1869.85
20210104211730	1853.94
20210104211730	1853.94
20210104211730	1863.69
20210104211730	1987.25
20210104211730	1863.69
20210104211730	1872.99
20210104211730	1872.99
20210104211730	1872.99
20210104211730	1872.99
20210104211730	1881.83
20210104211730	1865.92
20210104211730	1865.92
20210104211730	1874.3
20210104211730	1874.3
20210104211730	1874.3
20210104211730	1884.15
20210104211730	1978.24
20210104211730	1978.24
20210104211730	1884.15
20210104211730	1891.54
20210104211730	1859.71
20210104211730	1859.71
20210104211730	1866.66
20210104211730	1866.66
20210104211730	1951.63
20210104211730	1951.63
20210104211730	1873.19
20210104211730	1954.65
20210104211730	1873.19
20210104211730	1880.77
20210104211730	1942.87
20210104211730	1942.87
20210104211730	1869.1
20210104211730	1869.1
20210104211730	1869.1
20210104211731	1945.52
20210104211731	1875.7
20210104211731	1950.22
20210104211731	1875.7
20210104211731	1880.57
20210104211731	1848.74
20210104211731	1848.74
20210104211731	1853.25
20210104211731	1853.25
20210104211731	1881.89
20210104211731	1881.89
20210104211731	1883.51
20210104211731	1883.51
20210104211731	1883.51
20210104211731	1887.85
20210104211731	1856.02
20210104211731	1856.02
20210104211731	1860.01
20210104211731	1860.01
20210104211731	1860.01
20210104211731	1943.18
20210104211731	1864.5
20210104211731	1949.76
20210104211731	1864.5
20210104211731	1867.72
20210104211731	1819.98
20210104211731	1907.39
20210104211731	1822.89
20210104211731	1822.89
20210104211731	1912.82
20210104211731	1912.82
20210104211731	1825.49
20210104211731	1825.49
20210104211731	1825.49
20210104211731	1827.82
20210104211731	1795.99
20210104211731	1795.99
20210104211731	1798.05
20210104211731	1798.05
20210104211731	1798.05
20210104211731	1800.3
20210104211731	1800.3
20210104211731	1800.3
20210104211731	1800.3
20210104211731	1801.85
20210104211731	1754.1
20210104211731	1755.46
20210104211731	1755.46
20210104211731	1755.46
20210104211731	1755.46
20210104211731	1871.9
20210104211731	1756.62
20210104211731	1756.62
20210104211732	1756.62
20210104211732	1878.14
20210104211732	1726.02
20210104211732	1846.3
20210104211732	1726.65
20210104211732	1726.65
20210104211732	1638.15
20210104211732	1638.15
20210104211732	1733.12
20210104211732	1733.12
20210104211732	1639.05
20210104211732	1639.3
20210104211732	1607.46
20210104211732	1607.46
20210104211732	1607.66
20210104211732	1607.66
20210104211732	1607.66
20210104211732	1607.81
20210104211732	1607.81
20210104211732	1607.81
20210104211732	1607.94
20210104211732	1709.09
20210104211732	1677.26
20210104211732	1576.11
20210104211732	1576.2
20210104211732	1576.2
20210104211732	1678.67
20210104211732	1678.67
20210104211732	1576.28
20210104211732	1576.28
20210104211732	1576.28
20210104211732	1681.04
20210104211732	1544.5
20210104211732	1544.5
20210104211732	1544.54
20210104211732	1544.54
20210104211732	1649.93
20210104211732	1650.46
20210104211732	1544.56
20210104211732	1544.56
20210104211732	1544.56
20210104211732	1650.46
20210104211732	1528.66
20210104211732	1528.66
20210104211732	1635.05
20210104211732	1635.05
20210104211732	1528.67
20210104211733	1528.67
20210104211733	1528.67
20210104211733	1528.67
20210104211733	1528.67
20210104211733	1528.66
20210104211733	1603.04
20210104211733	1603.04
20210104211733	1602.74
20210104211733	1496.81
20210104211733	1467.22
20210104211733	1564.17
20210104211733	1471.49
20210104211733	1471.49
20210104211733	1471.49
20210104211733	1471.27
20210104211733	1455.35
20210104211733	1455.35
20210104211733	1455.11
20210104211733	1455.11
20210104211733	1455.11
20210104211733	1455.11
20210104211733	1454.79
20210104211733	1612.45
20210104211733	1612.45
20210104211733	1454.79
20210104211733	1438.6
20210104211733	1438.6
20210104211733	1438.32
20210104211733	1592.57
20210104211733	1438.32
20210104211733	1438.04
20210104211733	1438.04
20210104211733	1438.04
20210104211733	1438.04
20210104211733	1437.76
20210104211733	1421.85
20210104211733	1421.85
20210104211733	1421.57
20210104211733	1421.57
20210104211733	1421.57
20210104211733	1421.25
20210104211733	1421.25
20210104211733	1421.25
20210104211733	1421.25
20210104211733	1421
20210104211733	1421
20210104211733	1421
20210104211733	1420.77
20210104211733	1420.77
20210104211734	1561.92
20210104211734	1420.55
20210104211734	1420.55
20210104211734	1420.55
20210104211734	1420.55
20210104211734	1420.36
20210104211734	1420.36
20210104211734	1420.36
20210104211734	1420.19
20210104211734	1420.19
20210104211734	1443.11
20210104211734	1447.56
20210104211734	1447.56
20210104211734	1659.95
20210104211734	1447.56
20210104211734	1447.2
20210104211734	1447.2
20210104211734	1447.2
20210104211734	1446.86
20210104211734	1446.86
20210104211734	1446.86
20210104211734	1446.54
20210104211734	1446.54
20210104211734	1446.54
20210104211734	1446.54
20210104211734	1650.65
20210104211734	1650.65
20210104211734	1650.65
20210104211734	1445.97
20210104211734	1648.54
20210104211734	1648.54
20210104211734	1648.54
20210104211734	1445.66
20210104211734	1445.66
20210104211734	1445.66
20210104211734	1445.43
20210104211734	1461.35
20210104211734	1461.35
20210104211734	1658.31
20210104211734	1461.14
20210104211734	1461.14
20210104211734	1460.96
20210104211735	1460.96
20210104211735	1460.96
20210104211735	1460.96
20210104211735	1460.79
20210104211735	1460.79
20210104211735	1460.79
20210104211735	1460.6
20210104211735	1460.6
20210104211735	1460.6
20210104211735	1460.46
20210104211735	1460.46
20210104211735	1460.46
20210104211735	1460.46
20210104211735	1460.34
20210104211735	1476.26
20210104211735	1476.26
20210104211735	1476.14
20210104211735	1476.14
20210104211735	1531.49
20210104211735	1530.15
20210104211735	1719.88
20210104211735	1530.15
20210104211735	1530.15
20210104211735	1530.16
20210104211735	1720.37
20210104211735	1530.16
20210104211735	1530.18
20210104211735	1530.18
20210104211735	1530.18
20210104211735	1530.18
20210104211735	1530.2
20210104211735	1530.2
20210104211735	1721.81
20210104211735	1722.6
20210104211735	1546.14
20210104211735	1546.14
20210104211735	1546.17
20210104211735	1546.17
20210104211735	1739.38
20210104211735	1546.2
20210104211735	1546.2
20210104211735	1546.2
20210104211735	1546.2
20210104211735	1546.24
20210104211735	1546.24
20210104211735	1546.24
20210104211735	1546.28
20210104211735	1546.28
20210104211735	1546.28
20210104211736	1546.34
20210104211736	1546.34
20210104211736	1546.34
20210104211736	1546.34
20210104211736	1546.39
20210104211736	1546.39
20210104211736	1546.39
20210104211736	1546.44
20210104211736	1546.44
20210104211736	1546.44
20210104211736	1546.44
20210104211736	1546.5
20210104211736	1546.5
20210104211736	1546.5
20210104211736	1546.56
20210104211736	1748.11
20210104211736	1546.56
20210104211736	1749.16
20210104211736	1749.16
20210104211736	1537.76
20210104211736	1537.76
20210104211736	1536.18
20210104211736	1536.18
20210104211736	1536.18
20210104211736	1536.22
20210104211736	1536.22
20210104211736	1536.22
20210104211736	1536.26
20210104211736	1536.26
20210104211736	1536.26
20210104211736	1536.26
20210104211736	1662.79
20210104211736	1662.79
20210104211736	1662.79
20210104211736	1663.17
20210104211736	1536.33
20210104211736	1536.35
20210104211736	1536.35
20210104211736	1536.35
20210104211736	1536.35
20210104211736	1536.38
20210104211736	1536.38
20210104211736	1536.38
20210104211736	1536.38
20210104211736	1536.39
20210104211736	1648.04
20210104211736	1520.47
20210104211736	1520.48
20210104211736	1520.48
20210104211736	1520.48
20210104211736	1520.48
20210104211736	1520.48
20210104211736	1520.48
20210104211736	1520.48
20210104211737	1520.48
20210104211737	1520.48
20210104211737	1520.48
20210104211737	1520.47
20210104211737	1520.47
20210104211737	1520.47
20210104211737	1520.47
20210104211737	1520.45
20210104211737	1520.45
20210104211737	1520.45
20210104211737	1647.41
20210104211737	1504.51
20210104211737	1504.51
20210104211737	1504.48
20210104211737	1504.48
20210104211737	1419.89
20210104211737	1419.89
20210104211737	1421.15
20210104211737	1421.15
20210104211737	1421.15
20210104211737	1420.99
20210104211737	1405.07
20210104211737	1404.89
20210104211737	1489.74
20210104211737	1489.74
20210104211737	1404.89
20210104211737	1404.89
20210104211737	1487.2
20210104211737	1487.2
20210104211737	1404.61
20210104211737	1404.36
20210104211737	1404.36
20210104211737	1404.36
20210104211737	1404.07
20210104211737	1404.07
20210104211737	1404.07
20210104211737	1403.75
20210104211737	1403.75
20210104211737	1403.75
20210104211737	1403.75
20210104211737	1403.4
20210104211737	1403.4
20210104211737	1403.4
20210104211737	1403.01
20210104211737	1403.01
20210104211737	1403.01
20210104211737	1402.49
20210104211737	1402.49
20210104211737	1402.49
20210104211737	1402.49
20210104211737	1402.05
20210104211737	1472.4
20210104211737	1401.58
20210104211737	1401.58
20210104211738	1401.58
20210104211738	1401.58
20210104211738	1401.08
20210104211738	1401.08
20210104211738	1401.08
20210104211738	1468.58
20210104211738	1466.75
20210104211738	1400.57
20210104211738	1400.57
20210104211738	1400.04
20210104211738	1400.04
20210104211738	1375.42
20210104211738	1382.98
20210104211738	1382.98
20210104211738	1543.42
20210104211738	1382.98
20210104211738	1540.16
20210104211738	1398.65
20210104211738	1398.46
20210104211738	1398.46
20210104211738	1398.46
20210104211738	1552.95
20210104211738	1398.29
20210104211738	1398.29
20210104211738	1398.29
20210104211738	1398.29
20210104211738	1398.16
20210104211738	1414.08
20210104211738	1414.08
20210104211738	1413.98
20210104211738	1413.98
20210104211738	1413.98
20210104211738	1413.9
20210104211738	1413.9
20210104211738	1413.9
20210104211738	1413.9
20210104211738	1413.86
20210104211738	1413.86
20210104211738	1413.86
20210104211738	1413.84
20210104211738	1413.84
20210104211738	1413.84
20210104211738	1413.83
20210104211738	1550.38
20210104211738	1550.38
20210104211738	1413.83
20210104211738	1413.82
20210104211739	1429.74
20210104211739	1429.74
20210104211739	1429.71
20210104211739	1429.71
20210104211739	1429.71
20210104211739	1562.53
20210104211739	1429.67
20210104211739	1429.67
20210104211739	1429.67
20210104211739	1429.63
20210104211739	1461.46
20210104211739	1461.46
20210104211739	1461.42
20210104211739	1461.42
20210104211739	1468.35
20210104211739	1468.92
20210104211739	1651.13
20210104211739	1651.13
20210104211739	1468.92
20210104211739	1468.87
20210104211739	1484.78
20210104211739	1484.78
20210104211739	1484.74
20210104211739	1484.74
20210104211739	1664.99
20210104211739	1664.02
20210104211739	1484.7
20210104211739	1484.7
20210104211739	1484.7
20210104211739	1484.67
20210104211739	1500.59
20210104211739	1679.31
20210104211739	1678.82
20210104211739	1500.57
20210104211739	1500.57
20210104211739	1500.55
20210104211739	1500.55
20210104211739	1678.42
20210104211739	1500.55
20210104211740	1500.55
20210104211740	1500.54
20210104211740	1500.54
20210104211740	1500.54
20210104211740	1500.54
20210104211740	1500.54
20210104211740	1500.53
20210104211740	1500.53
20210104211740	1500.53
20210104211740	1500.53
20210104211740	1677.76
20210104211740	1516.45
20210104211740	1516.45
20210104211740	1516.45
20210104211740	1516.45
20210104211740	1693.73
20210104211740	1516.45
20210104211740	1516.45
20210104211740	1516.45
20210104211740	1516.45
20210104211740	1693.94
20210104211740	1516.46
20210104211740	1516.46
20210104211740	1516.46
20210104211740	1516.46
20210104211740	1579.15
20210104211740	1579.15
20210104211740	1578.03
20210104211740	1578.03
20210104211740	1578.03
20210104211740	1578.09
20210104211740	1578.09
20210104211740	1578.09
20210104211740	1578.14
20210104211740	1578.14
20210104211740	1578.14
20210104211740	1578.18
20210104211740	1578.18
20210104211740	1578.18
20210104211740	1578.18
20210104211740	1578.21
20210104211740	1562.29
20210104211740	1562.31
20210104211740	1562.31
20210104211741	1562.31
20210104211741	1732.18
20210104211741	1732.18
20210104211741	1735.33
20210104211741	1562.32
20210104211741	1562.32
20210104211741	1737.55
20210104211741	1323.6
20210104211741	1498.81
20210104211741	1323.62
20210104211741	1323.62
20210104211741	1323.62
20210104211741	1501.91
20210104211741	1323.64
20210104211741	1323.64
20210104211741	1323.64
20210104211741	1503.17
20210104211741	1307.75
20210104211741	1307.75
20210104211741	1307.78
20210104211741	1307.78
20210104211741	1307.78
20210104211741	1307.81
20210104211741	1307.81
20210104211741	1489.65
20210104211741	1489.65
20210104211741	1490.56
20210104211741	1419.24
20210104211741	1419.24
20210104211741	1419.27
20210104211741	1419.27
20210104211741	1452.77
20210104211741	1451.57
20210104211741	1451.57
20210104211741	1451.57
20210104211741	1451.57
20210104211741	1597.11
20210104211741	1674.44
20210104211741	1674.44
20210104211741	1674.5
20210104211741	1674.5
20210104211741	1674.5
20210104211741	1674.5
20210104211741	1674.56
20210104211741	1821.89
