20210104211657	18.9677
20210104211657	19.1052
20210104211657	19.1052
20210104211657	19.1052
20210104211657	19.1052
20210104211657	19.1052
20210104211657	19.1052
20210104211657	19.1052
20210104211657	19.1052
20210104211657	19.1052
20210104211658	19.1052
20210104211658	19.2541
20210104211658	19.2541
20210104211658	19.2541
20210104211658	19.2541
20210104211658	19.2541
20210104211658	19.2541
20210104211658	19.2541
20210104211658	19.2541
20210104211658	19.2541
20210104211658	19.2541
20210104211658	19.3933
20210104211658	19.3933
20210104211658	19.3933
20210104211658	19.3933
20210104211658	19.3933
20210104211658	19.3933
20210104211658	19.3933
20210104211658	19.3933
20210104211658	19.3933
20210104211658	19.3933
20210104211658	19.5185
20210104211658	19.5185
20210104211658	19.5185
20210104211658	19.5185
20210104211658	19.5185
20210104211658	19.5185
20210104211658	19.5185
20210104211658	19.5185
20210104211658	19.5185
20210104211658	19.5185
20210104211658	19.6403
20210104211658	19.6403
20210104211658	19.6403
20210104211658	19.6403
20210104211658	19.6403
20210104211658	19.6403
20210104211658	19.6403
20210104211658	19.6403
20210104211658	19.6403
20210104211658	19.6403
20210104211658	19.7664
20210104211658	19.7664
20210104211658	19.7664
20210104211658	19.7664
20210104211658	19.7664
20210104211658	19.7664
20210104211658	19.7664
20210104211658	19.7664
20210104211658	19.7664
20210104211658	19.7664
20210104211658	19.87
20210104211658	19.87
20210104211658	19.87
20210104211658	19.87
20210104211659	19.87
20210104211659	19.87
20210104211659	19.87
20210104211659	19.87
20210104211659	19.87
20210104211659	19.87
20210104211659	19.9745
20210104211659	19.9745
20210104211659	19.9745
20210104211659	19.9745
20210104211659	19.9745
20210104211659	19.9745
20210104211659	19.9745
20210104211659	19.9745
20210104211659	19.9745
20210104211659	20.0629
20210104211659	20.0629
20210104211659	20.0629
20210104211659	20.0629
20210104211659	20.0629
20210104211659	20.0629
20210104211659	20.0629
20210104211659	20.0629
20210104211659	20.0629
20210104211659	20.0629
20210104211659	20.0629
20210104211659	20.1555
20210104211659	20.1555
20210104211659	20.1555
20210104211659	20.1555
20210104211659	20.1555
20210104211659	20.1555
20210104211659	20.1555
20210104211659	20.1555
20210104211659	20.1555
20210104211659	20.1555
20210104211659	20.2337
20210104211659	20.2337
20210104211659	20.2337
20210104211659	20.2337
20210104211659	20.2337
20210104211659	20.2337
20210104211659	20.2337
20210104211659	20.2337
20210104211659	20.2337
20210104211659	20.2337
20210104211659	20.3074
20210104211659	20.3074
20210104211659	20.3074
20210104211659	20.3074
20210104211659	20.3074
20210104211659	20.3074
20210104211700	20.3074
20210104211700	20.3074
20210104211700	20.3074
20210104211700	20.3074
20210104211700	20.3709
20210104211700	20.3709
20210104211700	20.3709
20210104211700	20.3709
20210104211700	20.3709
20210104211700	20.3709
20210104211700	20.3709
20210104211700	20.3709
20210104211700	20.3709
20210104211700	20.3709
20210104211700	20.4267
20210104211700	20.4267
20210104211700	20.4267
20210104211700	20.4267
20210104211700	20.4267
20210104211700	20.4267
20210104211700	20.4267
20210104211700	20.4267
20210104211700	20.4267
20210104211700	20.4267
20210104211700	20.4694
20210104211700	20.4694
20210104211700	20.4694
20210104211700	20.4694
20210104211700	20.4694
20210104211700	20.4694
20210104211700	20.4694
20210104211700	20.4694
20210104211700	20.4694
20210104211700	20.4694
20210104211700	20.5074
20210104211700	20.5074
20210104211700	20.5074
20210104211700	20.5074
20210104211700	20.5074
20210104211700	20.5074
20210104211700	20.5074
20210104211700	20.5074
20210104211700	20.5074
20210104211700	20.5074
20210104211700	20.5397
20210104211700	20.5397
20210104211700	20.5397
20210104211700	20.5397
20210104211700	20.5397
20210104211700	20.5397
20210104211701	20.5397
20210104211701	20.5397
20210104211701	20.5397
20210104211701	20.5397
20210104211701	20.5703
20210104211701	20.5703
20210104211701	20.5703
20210104211701	20.5703
20210104211701	20.5703
20210104211701	20.5703
20210104211701	20.5703
20210104211701	20.5703
20210104211701	20.5703
20210104211701	20.5703
20210104211701	20.591
20210104211701	20.591
20210104211701	20.591
20210104211701	20.591
20210104211701	20.591
20210104211701	20.591
20210104211701	20.591
20210104211701	20.591
20210104211701	20.591
20210104211701	20.591
20210104211701	20.6097
20210104211701	20.6097
20210104211701	20.6097
20210104211701	20.6097
20210104211701	20.6097
20210104211701	20.6097
20210104211701	20.6097
20210104211701	20.6097
20210104211701	20.6097
20210104211701	20.6097
20210104211701	20.6213
20210104211701	20.6213
20210104211701	20.6213
20210104211701	20.6213
20210104211701	20.6213
20210104211701	20.6213
20210104211701	20.6213
20210104211701	20.6213
20210104211701	20.6213
20210104211701	20.6213
20210104211701	20.6261
20210104211702	20.6261
20210104211702	20.6261
20210104211702	20.6261
20210104211702	20.6261
20210104211702	20.6261
20210104211702	20.6261
20210104211702	20.6261
20210104211702	20.6261
20210104211702	20.6261
20210104211702	20.6259
20210104211702	20.6259
20210104211702	20.6259
20210104211702	20.6259
20210104211702	20.6259
20210104211702	20.6259
20210104211702	20.6259
20210104211702	20.6259
20210104211702	20.6259
20210104211702	20.6259
20210104211702	20.6232
20210104211702	20.6232
20210104211702	20.6232
20210104211702	20.6232
20210104211702	20.6232
20210104211702	20.6232
20210104211702	20.6232
20210104211702	20.6232
20210104211702	20.6232
20210104211702	20.6232
20210104211702	20.6194
20210104211702	20.6194
20210104211702	20.6194
20210104211702	20.6194
20210104211702	20.6194
20210104211702	20.6194
20210104211702	20.6194
20210104211702	20.6194
20210104211702	20.6194
20210104211702	20.6092
20210104211702	20.6092
20210104211702	20.6092
20210104211702	20.6092
20210104211702	20.6092
20210104211702	20.6092
20210104211702	20.6092
20210104211702	20.6092
20210104211702	20.6092
20210104211702	20.6092
20210104211702	20.6092
20210104211702	20.6017
20210104211702	20.6017
20210104211702	20.6017
20210104211703	20.6017
20210104211703	20.6017
20210104211703	20.6017
20210104211703	20.6017
20210104211703	20.6017
20210104211703	20.6017
20210104211703	20.6017
20210104211703	20.5882
20210104211703	20.5882
20210104211703	20.5882
20210104211703	20.5882
20210104211703	20.5882
20210104211703	20.5882
20210104211703	20.5882
20210104211703	20.5882
20210104211703	20.5882
20210104211703	20.5882
20210104211703	20.5749
20210104211703	20.5749
20210104211703	20.5749
20210104211703	20.5749
20210104211703	20.5749
20210104211703	20.5749
20210104211703	20.5749
20210104211703	20.5749
20210104211703	20.5749
20210104211703	20.5749
20210104211703	20.5578
20210104211703	20.5578
20210104211703	20.5578
20210104211703	20.5578
20210104211703	20.5578
20210104211703	20.5578
20210104211703	20.5578
20210104211703	20.5578
20210104211703	20.5578
20210104211703	20.5578
20210104211703	20.5379
20210104211703	20.5379
20210104211703	20.5379
20210104211703	20.5379
20210104211703	20.5379
20210104211703	20.5379
20210104211703	20.5379
20210104211703	20.5379
20210104211703	20.5379
20210104211703	20.5379
20210104211703	20.5172
20210104211703	20.5172
20210104211703	20.5172
20210104211703	20.5172
20210104211703	20.5172
20210104211704	20.5172
20210104211704	20.5172
20210104211704	20.5172
20210104211704	20.5172
20210104211704	20.5172
20210104211704	20.4953
20210104211704	20.4953
20210104211704	20.4953
20210104211704	20.4953
20210104211704	20.4953
20210104211704	20.4953
20210104211704	20.4953
20210104211704	20.4953
20210104211704	20.4953
20210104211704	20.4953
20210104211704	20.4684
20210104211704	20.4684
20210104211704	20.4684
20210104211704	20.4684
20210104211704	20.4684
20210104211704	20.4684
20210104211704	20.4684
20210104211704	20.4684
20210104211704	20.4684
20210104211704	20.4684
20210104211704	20.4404
20210104211704	20.4404
20210104211704	20.4404
20210104211704	20.4404
20210104211704	20.4404
20210104211704	20.4404
20210104211704	20.4404
20210104211704	20.4404
20210104211704	20.4404
20210104211704	20.4404
20210104211704	20.4139
20210104211704	20.4139
20210104211704	20.4139
20210104211704	20.4139
20210104211704	20.4139
20210104211704	20.4139
20210104211704	20.4139
20210104211704	20.4139
20210104211704	20.4139
20210104211704	20.4139
20210104211705	20.3914
20210104211705	20.3914
20210104211705	20.3914
20210104211705	20.3914
20210104211705	20.3914
20210104211705	20.3914
20210104211705	20.3914
20210104211705	20.3914
20210104211705	20.3914
20210104211705	20.3914
20210104211705	20.3606
20210104211705	20.3606
20210104211705	20.3606
20210104211705	20.3606
20210104211705	20.3606
20210104211705	20.3606
20210104211705	20.3606
20210104211705	20.3606
20210104211705	20.3606
20210104211705	20.3606
20210104211705	20.3327
20210104211705	20.3327
20210104211705	20.3327
20210104211705	20.3327
20210104211705	20.3327
20210104211705	20.3327
20210104211705	20.3327
20210104211705	20.3327
20210104211705	20.3327
20210104211705	20.3327
20210104211705	20.3327
20210104211705	20.3028
20210104211705	20.3028
20210104211705	20.3028
20210104211705	20.3028
20210104211705	20.3028
20210104211705	20.3028
20210104211705	20.3028
20210104211705	20.3028
20210104211705	20.3028
20210104211705	20.2681
20210104211705	20.2681
20210104211705	20.2681
20210104211705	20.2681
20210104211705	20.2681
20210104211705	20.2681
20210104211705	20.2681
20210104211705	20.2681
20210104211705	20.2681
20210104211705	20.2681
20210104211705	20.2316
20210104211705	20.2316
20210104211706	20.2316
20210104211706	20.2316
20210104211706	20.2316
20210104211706	20.2316
20210104211706	20.2316
20210104211706	20.2316
20210104211706	20.2316
20210104211706	20.2316
20210104211706	20.1961
20210104211706	20.1961
20210104211706	20.1961
20210104211706	20.1961
20210104211706	20.1961
20210104211706	20.1961
20210104211706	20.1961
20210104211706	20.1961
20210104211706	20.1961
20210104211706	20.1961
20210104211706	20.1614
20210104211706	20.1614
20210104211706	20.1614
20210104211706	20.1614
20210104211706	20.1614
20210104211706	20.1614
20210104211706	20.1614
20210104211706	20.1614
20210104211706	20.1614
20210104211706	20.1614
20210104211706	20.1285
20210104211706	20.1285
20210104211706	20.1285
20210104211706	20.1285
20210104211706	20.1285
20210104211706	20.1285
20210104211706	20.1285
20210104211706	20.1285
20210104211706	20.1285
20210104211706	20.1285
20210104211706	20.0927
20210104211706	20.0927
20210104211706	20.0927
20210104211706	20.0927
20210104211706	20.0927
20210104211706	20.0927
20210104211706	20.0927
20210104211706	20.0927
20210104211706	20.0927
20210104211706	20.0927
20210104211706	20.0599
20210104211706	20.0599
20210104211706	20.0599
20210104211706	20.0599
20210104211706	20.0599
20210104211706	20.0599
20210104211706	20.0599
20210104211706	20.0599
20210104211706	20.0599
20210104211706	20.0599
20210104211707	20.0631
20210104211707	20.0631
20210104211707	20.0631
20210104211707	20.0631
20210104211707	20.0631
20210104211707	20.0631
20210104211707	20.0631
20210104211707	20.0631
20210104211707	20.0631
20210104211707	20.0631
20210104211707	20.0373
20210104211707	20.0373
20210104211707	20.0373
20210104211707	20.0373
20210104211707	20.0373
20210104211707	20.0373
20210104211707	20.0373
20210104211707	20.0373
20210104211707	20.0373
20210104211707	20.0373
20210104211707	20.0119
20210104211707	20.0119
20210104211707	20.0119
20210104211707	20.0119
20210104211707	20.0119
20210104211707	20.0119
20210104211707	20.0119
20210104211707	20.0119
20210104211707	20.0119
20210104211707	20.0119
20210104211707	19.985
20210104211707	19.985
20210104211707	19.985
20210104211707	19.985
20210104211707	19.985
20210104211707	19.985
20210104211707	19.985
20210104211707	19.985
20210104211707	19.985
20210104211707	19.985
20210104211707	19.9441
20210104211707	19.9441
20210104211707	19.9441
20210104211707	19.9441
20210104211707	19.9441
20210104211707	19.9441
20210104211707	19.9441
20210104211707	19.9441
20210104211707	19.9441
20210104211707	19.9441
20210104211707	19.9008
20210104211707	19.9008
20210104211707	19.9008
20210104211707	19.9008
20210104211707	19.9008
20210104211707	19.9008
20210104211707	19.9008
20210104211707	19.9008
20210104211707	19.9008
20210104211707	19.9008
20210104211707	19.8509
20210104211707	19.8509
20210104211708	19.8509
20210104211708	19.8509
20210104211708	19.8509
20210104211708	19.8509
20210104211708	19.8509
20210104211708	19.8509
20210104211708	19.8509
20210104211708	19.8509
20210104211708	19.7974
20210104211708	19.7974
20210104211708	19.7974
20210104211708	19.7974
20210104211708	19.7974
20210104211708	19.7974
20210104211708	19.7974
20210104211708	19.7974
20210104211708	19.7974
20210104211708	19.7974
20210104211708	19.7365
20210104211708	19.7365
20210104211708	19.7365
20210104211708	19.7365
20210104211708	19.7365
20210104211708	19.7365
20210104211708	19.7365
20210104211708	19.7365
20210104211708	19.7365
20210104211708	19.7365
20210104211708	19.6798
20210104211708	19.6798
20210104211708	19.6798
20210104211708	19.6798
20210104211708	19.6798
20210104211708	19.6798
20210104211708	19.6798
20210104211708	19.6798
20210104211708	19.6798
20210104211708	19.6798
20210104211708	19.6124
20210104211708	19.6124
20210104211708	19.6124
20210104211708	19.6124
20210104211708	19.6124
20210104211708	19.6124
20210104211708	19.6124
20210104211708	19.6124
20210104211708	19.6124
20210104211708	19.6124
20210104211709	19.5455
20210104211709	19.5455
20210104211709	19.5455
20210104211709	19.5455
20210104211709	19.5455
20210104211709	19.5455
20210104211709	19.5455
20210104211709	19.5455
20210104211709	19.5455
20210104211709	19.5455
20210104211709	19.4036
20210104211709	19.4036
20210104211709	19.4036
20210104211709	19.4036
20210104211709	19.4036
20210104211709	19.4036
20210104211709	19.4036
20210104211709	19.4036
20210104211709	19.4036
20210104211709	19.4036
20210104211709	19.3253
20210104211709	19.3253
20210104211709	19.3253
20210104211709	19.3253
20210104211709	19.3253
20210104211709	19.3253
20210104211709	19.3253
20210104211709	19.3253
20210104211709	19.3253
20210104211709	19.3253
20210104211709	19.3092
20210104211709	19.3092
20210104211709	19.3092
20210104211709	19.3092
20210104211709	19.3092
20210104211709	19.3092
20210104211709	19.3092
20210104211709	19.3092
20210104211709	19.3092
20210104211709	19.3092
20210104211709	19.2851
20210104211709	19.2851
20210104211709	19.2851
20210104211709	19.2851
20210104211709	19.2851
20210104211709	19.2851
20210104211709	19.2851
20210104211709	19.2851
20210104211709	19.2851
20210104211710	19.2341
20210104211710	19.2341
20210104211710	19.2341
20210104211710	19.2341
20210104211710	19.2341
20210104211710	19.2341
20210104211710	19.2341
20210104211710	19.2341
20210104211710	19.2341
20210104211710	19.2341
20210104211710	19.2341
20210104211710	19.2033
20210104211710	19.2033
20210104211710	19.2033
20210104211710	19.2033
20210104211710	19.2033
20210104211710	19.2033
20210104211710	19.2033
20210104211710	19.2033
20210104211710	19.2033
20210104211710	19.2033
20210104211710	19.1331
20210104211710	19.1331
20210104211710	19.1331
20210104211710	19.1331
20210104211710	19.1331
20210104211710	19.1331
20210104211710	19.1331
20210104211710	19.1331
20210104211710	19.1331
20210104211710	19.1331
20210104211710	18.8908
20210104211710	18.8908
20210104211710	18.8908
20210104211710	18.8908
20210104211710	18.8908
20210104211710	18.8908
20210104211710	18.8908
20210104211710	18.8908
20210104211710	18.8908
20210104211710	18.8908
20210104211710	18.4802
20210104211710	18.4802
20210104211710	18.4802
20210104211710	18.4802
20210104211710	18.4802
20210104211710	18.4802
20210104211710	18.4802
20210104211710	18.4802
20210104211710	18.4802
20210104211710	18.4802
20210104211710	18.0286
20210104211710	18.0286
20210104211710	18.0286
20210104211710	18.0286
20210104211710	18.0286
20210104211710	18.0286
20210104211710	18.0286
20210104211710	18.0286
20210104211711	18.0286
20210104211711	18.0286
20210104211711	17.5302
20210104211711	17.5302
20210104211711	17.5302
20210104211711	17.5302
20210104211711	17.5302
20210104211711	17.5302
20210104211711	17.5302
20210104211711	17.5302
20210104211711	17.5302
20210104211711	17.5302
20210104211711	17.0925
20210104211711	17.0925
20210104211711	17.0925
20210104211711	17.0925
20210104211711	17.0925
20210104211711	17.0925
20210104211711	17.0925
20210104211711	17.0925
20210104211711	17.0925
20210104211711	17.0925
20210104211711	16.6687
20210104211711	16.6687
20210104211711	16.6687
20210104211711	16.6687
20210104211711	16.6687
20210104211711	16.6687
20210104211711	16.6687
20210104211711	16.6687
20210104211711	16.6687
20210104211711	16.6687
20210104211711	16.4938
20210104211711	16.4938
20210104211711	16.4938
20210104211711	16.4938
20210104211711	16.4938
20210104211711	16.4938
20210104211711	16.4938
20210104211711	16.4938
20210104211711	16.4938
20210104211712	16.4938
20210104211712	16.7024
20210104211712	16.7024
20210104211712	16.7024
20210104211712	16.7024
20210104211712	16.7024
20210104211712	16.7024
20210104211712	16.7024
20210104211712	16.7024
20210104211712	16.7024
20210104211712	16.7024
20210104211712	16.9566
20210104211712	16.9566
20210104211712	16.9566
20210104211712	16.9566
20210104211712	16.9566
20210104211712	16.9566
20210104211712	16.9566
20210104211712	16.9566
20210104211712	16.9566
20210104211712	16.9566
20210104211712	17.2229
20210104211712	17.2229
20210104211712	17.2229
20210104211712	17.2229
20210104211712	17.2229
20210104211712	17.2229
20210104211712	17.2229
20210104211712	17.2229
20210104211712	17.2229
20210104211712	17.2229
20210104211712	17.4142
20210104211712	17.4142
20210104211712	17.4142
20210104211712	17.4142
20210104211713	17.4142
20210104211713	17.4142
20210104211713	17.4142
20210104211713	17.4142
20210104211713	17.4142
20210104211713	17.4142
20210104211713	17.5538
20210104211713	17.5538
20210104211713	17.5538
20210104211713	17.5538
20210104211713	17.5538
20210104211713	17.5538
20210104211713	17.5538
20210104211713	17.5538
20210104211713	17.5538
20210104211713	17.5538
20210104211713	17.6881
20210104211713	17.6881
20210104211713	17.6881
20210104211713	17.6881
20210104211713	17.6881
20210104211713	17.6881
20210104211713	17.6881
20210104211713	17.6881
20210104211713	17.6881
20210104211713	17.6881
20210104211713	17.7945
20210104211713	17.7945
20210104211713	17.7945
20210104211713	17.7945
20210104211713	17.7945
20210104211713	17.7945
20210104211713	17.7945
20210104211713	17.7945
20210104211714	17.7945
20210104211714	17.7945
20210104211714	17.8798
20210104211714	17.8798
20210104211714	17.8798
20210104211714	17.8798
20210104211714	17.8798
20210104211714	17.8798
20210104211714	17.8798
20210104211714	17.8798
20210104211714	17.8798
20210104211714	17.945
20210104211714	17.945
20210104211714	17.945
20210104211714	17.945
20210104211714	17.945
20210104211714	17.945
20210104211714	17.945
20210104211714	17.945
20210104211714	17.945
20210104211714	17.945
20210104211714	17.945
20210104211714	17.9724
20210104211714	17.9724
20210104211714	17.9724
20210104211714	17.9724
20210104211714	17.9724
20210104211714	17.9724
20210104211714	17.9724
20210104211714	17.9724
20210104211714	17.9724
20210104211714	17.9724
20210104211714	17.9628
20210104211714	17.9628
20210104211714	17.9628
20210104211714	17.9628
20210104211714	17.9628
20210104211714	17.9628
20210104211714	17.9628
20210104211714	17.9628
20210104211714	17.9628
20210104211714	17.9147
20210104211714	17.9147
20210104211714	17.9147
20210104211714	17.9147
20210104211715	17.9147
20210104211715	17.9147
20210104211715	17.9147
20210104211715	17.9147
20210104211715	17.9147
20210104211715	17.9147
20210104211715	17.9147
20210104211715	17.8438
20210104211715	17.8438
20210104211715	17.8438
20210104211715	17.8438
20210104211715	17.8438
20210104211715	17.8438
20210104211715	17.8438
20210104211715	17.8438
20210104211715	17.8438
20210104211715	17.8438
20210104211715	17.7583
20210104211715	17.7583
20210104211715	17.7583
20210104211715	17.7583
20210104211715	17.7583
20210104211715	17.7583
20210104211715	17.7583
20210104211715	17.7583
20210104211715	17.7583
20210104211715	17.7583
20210104211715	17.6934
20210104211715	17.6934
20210104211715	17.6934
20210104211715	17.6934
20210104211715	17.6934
20210104211715	17.6934
20210104211715	17.6934
20210104211715	17.6934
20210104211715	17.6934
20210104211715	17.6934
20210104211715	17.6759
20210104211715	17.6759
20210104211715	17.6759
20210104211715	17.6759
20210104211715	17.6759
20210104211715	17.6759
20210104211715	17.6759
20210104211715	17.6759
20210104211715	17.6759
20210104211715	17.7087
20210104211715	17.7087
20210104211715	17.7087
20210104211715	17.7087
20210104211715	17.7087
20210104211715	17.7087
20210104211715	17.7087
20210104211716	17.7087
20210104211716	17.7087
20210104211716	17.7087
20210104211716	17.7087
20210104211716	17.7867
20210104211716	17.7867
20210104211716	17.7867
20210104211716	17.7867
20210104211716	17.7867
20210104211716	17.7867
20210104211716	17.7867
20210104211716	17.7867
20210104211716	17.7867
20210104211716	17.7867
20210104211716	17.9084
20210104211716	17.9084
20210104211716	17.9084
20210104211716	17.9084
20210104211716	17.9084
20210104211716	17.9084
20210104211716	17.9084
20210104211716	17.9084
20210104211716	17.9084
20210104211716	17.9084
20210104211716	18.0489
20210104211716	18.0489
20210104211716	18.0489
20210104211716	18.0489
20210104211716	18.0489
20210104211716	18.0489
20210104211716	18.0489
20210104211716	18.0489
20210104211716	18.0489
20210104211716	18.0489
20210104211716	18.2445
20210104211716	18.2445
20210104211716	18.2445
20210104211716	18.2445
20210104211716	18.2445
20210104211716	18.2445
20210104211716	18.2445
20210104211716	18.2445
20210104211716	18.2445
20210104211716	18.2445
20210104211716	18.5101
20210104211716	18.5101
20210104211716	18.5101
20210104211716	18.5101
20210104211717	18.5101
20210104211717	18.5101
20210104211717	18.5101
20210104211717	18.5101
20210104211717	18.5101
20210104211717	18.5101
20210104211717	18.771
20210104211717	18.771
20210104211717	18.771
20210104211717	18.771
20210104211717	18.771
20210104211717	18.771
20210104211717	18.771
20210104211717	18.771
20210104211717	18.771
20210104211717	18.771
20210104211717	18.9831
20210104211717	18.9831
20210104211717	18.9831
20210104211717	18.9831
20210104211717	18.9831
20210104211717	18.9831
20210104211717	18.9831
20210104211717	18.9831
20210104211717	18.9831
20210104211717	18.9831
20210104211717	19.1783
20210104211717	19.1783
20210104211717	19.1783
20210104211717	19.1783
20210104211717	19.1783
20210104211717	19.1783
20210104211718	19.1783
20210104211718	19.1783
20210104211718	19.1783
20210104211718	19.1783
20210104211718	19.339
20210104211718	19.339
20210104211718	19.339
20210104211718	19.339
20210104211718	19.339
20210104211718	19.339
20210104211718	19.339
20210104211718	19.339
20210104211718	19.339
20210104211718	19.339
20210104211718	19.4423
20210104211718	19.4423
20210104211718	19.4423
20210104211718	19.4423
20210104211718	19.4423
20210104211718	19.4423
20210104211718	19.4423
20210104211718	19.4423
20210104211718	19.4423
20210104211718	19.4423
20210104211718	19.1963
20210104211718	19.1963
20210104211718	19.1963
20210104211718	19.1963
20210104211718	19.1963
20210104211718	19.1963
20210104211718	19.1963
20210104211718	19.1963
20210104211718	19.1963
20210104211718	19.1963
20210104211718	18.7069
20210104211718	18.7069
20210104211718	18.7069
20210104211718	18.7069
20210104211718	18.7069
20210104211718	18.7069
20210104211719	18.7069
20210104211719	18.7069
20210104211719	18.7069
20210104211719	18.7069
20210104211719	18.1144
20210104211719	18.1144
20210104211719	18.1144
20210104211719	18.1144
20210104211719	18.1144
20210104211719	18.1144
20210104211719	18.1144
20210104211719	18.1144
20210104211719	18.1144
20210104211719	18.1144
20210104211719	17.6053
20210104211719	17.6053
20210104211719	17.6053
20210104211719	17.6053
20210104211719	17.6053
20210104211719	17.6053
20210104211719	17.6053
20210104211719	17.6053
20210104211719	17.6053
20210104211719	17.6053
20210104211719	17.1993
20210104211719	17.1993
20210104211719	17.1993
20210104211719	17.1993
20210104211719	17.1993
20210104211719	17.1993
20210104211719	17.1993
20210104211719	17.1993
20210104211719	17.1993
20210104211719	17.1993
20210104211719	16.9011
20210104211719	16.9011
20210104211719	16.9011
20210104211719	16.9011
20210104211719	16.9011
20210104211719	16.9011
20210104211719	16.9011
20210104211719	16.9011
20210104211720	16.9011
20210104211720	16.9011
20210104211720	16.76
20210104211720	16.76
20210104211720	16.76
20210104211720	16.76
20210104211720	16.76
20210104211720	16.76
20210104211720	16.76
20210104211720	16.76
20210104211720	16.76
20210104211720	16.76
20210104211720	16.9645
20210104211720	16.9645
20210104211720	16.9645
20210104211720	16.9645
20210104211720	16.9645
20210104211720	16.9645
20210104211720	16.9645
20210104211720	16.9645
20210104211720	16.9645
20210104211720	16.9645
20210104211720	17.2233
20210104211720	17.2233
20210104211720	17.2233
20210104211720	17.2233
20210104211720	17.2233
20210104211720	17.2233
20210104211720	17.2233
20210104211720	17.2233
20210104211720	17.2233
20210104211720	17.2233
20210104211720	17.4882
20210104211720	17.4882
20210104211720	17.4882
20210104211720	17.4882
20210104211720	17.4882
20210104211720	17.4882
20210104211720	17.4882
20210104211720	17.4882
20210104211720	17.4882
20210104211720	17.4882
20210104211720	17.739
20210104211720	17.739
20210104211720	17.739
20210104211720	17.739
20210104211720	17.739
20210104211720	17.739
20210104211720	17.739
20210104211721	17.739
20210104211721	17.739
20210104211721	17.739
20210104211721	17.9595
20210104211721	17.9595
20210104211721	17.9595
20210104211721	17.9595
20210104211721	17.9595
20210104211721	17.9595
20210104211721	17.9595
20210104211721	17.9595
20210104211721	17.9595
20210104211721	17.9595
20210104211721	18.1085
20210104211721	18.1085
20210104211721	18.1085
20210104211721	18.1085
20210104211721	18.1085
20210104211721	18.1085
20210104211721	18.1085
20210104211721	18.1085
20210104211721	18.1085
20210104211721	17.9552
20210104211721	17.9552
20210104211721	17.9552
20210104211721	17.9552
20210104211721	17.9552
20210104211721	17.9552
20210104211721	17.9552
20210104211721	17.9552
20210104211721	17.9552
20210104211721	17.9552
20210104211721	17.9552
20210104211721	17.8154
20210104211721	17.8154
20210104211721	17.8154
20210104211721	17.8154
20210104211721	17.8154
20210104211721	17.8154
20210104211722	17.8154
20210104211722	17.8154
20210104211722	17.8154
20210104211722	17.8154
20210104211722	17.7261
20210104211722	17.7261
20210104211722	17.7261
20210104211722	17.7261
20210104211722	17.7261
20210104211722	17.7261
20210104211722	17.7261
20210104211722	17.7261
20210104211722	17.7261
20210104211722	17.7261
20210104211722	17.6966
20210104211722	17.6966
20210104211722	17.6966
20210104211722	17.6966
20210104211722	17.6966
20210104211722	17.6966
20210104211722	17.6966
20210104211722	17.6966
20210104211722	17.6966
20210104211722	17.6966
20210104211722	17.7798
20210104211722	17.7798
20210104211722	17.7798
20210104211722	17.7798
20210104211722	17.7798
20210104211722	17.7798
20210104211722	17.7798
20210104211722	17.7798
20210104211722	17.7798
20210104211722	17.7798
20210104211722	17.9278
20210104211722	17.9278
20210104211722	17.9278
20210104211722	17.9278
20210104211722	17.9278
20210104211722	17.9278
20210104211722	17.9278
20210104211722	17.9278
20210104211722	17.9278
20210104211722	17.9278
20210104211722	18.1163
20210104211722	18.1163
20210104211722	18.1163
20210104211722	18.1163
20210104211722	18.1163
20210104211722	18.1163
20210104211723	18.1163
20210104211723	18.1163
20210104211723	18.1163
20210104211723	18.2928
20210104211723	18.2928
20210104211723	18.2928
20210104211723	18.2928
20210104211723	18.2928
20210104211723	18.2928
20210104211723	18.2928
20210104211723	18.2928
20210104211723	18.2928
20210104211723	18.2928
20210104211723	18.2928
20210104211723	18.4623
20210104211723	18.4623
20210104211723	18.4623
20210104211723	18.4623
20210104211723	18.4623
20210104211723	18.4623
20210104211723	18.4623
20210104211723	18.4623
20210104211723	18.4623
20210104211723	18.4623
20210104211723	18.57
20210104211723	18.57
20210104211723	18.57
20210104211723	18.57
20210104211723	18.57
20210104211723	18.57
20210104211723	18.57
20210104211723	18.57
20210104211723	18.57
20210104211723	18.57
20210104211723	18.3086
20210104211723	18.3086
20210104211723	18.3086
20210104211723	18.3086
20210104211723	18.3086
20210104211723	18.3086
20210104211723	18.3086
20210104211723	18.3086
20210104211723	18.3086
20210104211724	18.3086
20210104211724	17.8064
20210104211724	17.8064
20210104211724	17.8064
20210104211724	17.8064
20210104211724	17.8064
20210104211724	17.8064
20210104211724	17.8064
20210104211724	17.8064
20210104211724	17.8064
20210104211724	17.8064
20210104211724	17.253
20210104211724	17.253
20210104211724	17.253
20210104211724	17.253
20210104211724	17.253
20210104211724	17.253
20210104211724	17.253
20210104211724	17.253
20210104211724	17.253
20210104211724	17.253
20210104211724	17.0138
20210104211724	17.0138
20210104211724	17.0138
20210104211724	17.0138
20210104211724	17.0138
20210104211724	17.0138
20210104211724	17.0138
20210104211724	17.0138
20210104211724	17.0138
20210104211724	17.0138
20210104211724	16.9897
20210104211724	16.9897
20210104211724	16.9897
20210104211724	16.9897
20210104211724	16.9897
20210104211724	16.9897
20210104211724	16.9897
20210104211724	16.9897
20210104211724	16.9897
20210104211724	16.9897
20210104211724	17.1582
20210104211724	17.1582
20210104211724	17.1582
20210104211724	17.1582
20210104211724	17.1582
20210104211724	17.1582
20210104211724	17.1582
20210104211724	17.1582
20210104211724	17.1582
20210104211724	17.1582
20210104211725	17.4252
20210104211725	17.4252
20210104211725	17.4252
20210104211725	17.4252
20210104211725	17.4252
20210104211725	17.4252
20210104211725	17.4252
20210104211725	17.4252
20210104211725	17.4252
20210104211725	17.4252
20210104211725	17.6828
20210104211725	17.6828
20210104211725	17.6828
20210104211725	17.6828
20210104211725	17.6828
20210104211725	17.6828
20210104211725	17.6828
20210104211725	17.6828
20210104211725	17.6828
20210104211725	17.6828
20210104211725	17.9575
20210104211725	17.9575
20210104211725	17.9575
20210104211725	17.9575
20210104211725	17.9575
20210104211725	17.9575
20210104211725	17.9575
20210104211725	17.9575
20210104211725	17.9575
20210104211725	17.9575
20210104211725	18.2033
20210104211725	18.2033
20210104211725	18.2033
20210104211725	18.2033
20210104211725	18.2033
20210104211725	18.2033
20210104211725	18.2033
20210104211725	18.2033
20210104211725	18.2033
20210104211725	18.2033
20210104211725	18.4724
20210104211725	18.4724
20210104211725	18.4724
20210104211725	18.4724
20210104211725	18.4724
20210104211725	18.4724
20210104211725	18.4724
20210104211725	18.4724
20210104211725	18.4724
20210104211725	18.4724
20210104211726	18.71
20210104211726	18.71
20210104211726	18.71
20210104211726	18.71
20210104211726	18.71
20210104211726	18.71
20210104211726	18.71
20210104211726	18.71
20210104211726	18.71
20210104211726	18.71
20210104211726	18.9631
20210104211726	18.9631
20210104211726	18.9631
20210104211726	18.9631
20210104211726	18.9631
20210104211726	18.9631
20210104211726	18.9631
20210104211726	18.9631
20210104211726	18.9631
20210104211726	18.9631
20210104211726	19.1827
20210104211726	19.1827
20210104211726	19.1827
20210104211726	19.1827
20210104211726	19.1827
20210104211726	19.1827
20210104211726	19.1827
20210104211726	19.1827
20210104211726	19.1827
20210104211726	19.1827
20210104211726	19.3997
20210104211726	19.3997
20210104211726	19.3997
20210104211726	19.3997
20210104211726	19.3997
20210104211726	19.3997
20210104211726	19.3997
20210104211726	19.3997
20210104211726	19.3997
20210104211726	19.3997
20210104211726	19.5713
20210104211726	19.5713
20210104211726	19.5713
20210104211726	19.5713
20210104211726	19.5713
20210104211726	19.5713
20210104211727	19.5713
20210104211727	19.5713
20210104211727	19.5713
20210104211727	19.5713
20210104211727	19.5846
20210104211727	19.5846
20210104211727	19.5846
20210104211727	19.5846
20210104211727	19.5846
20210104211727	19.5846
20210104211727	19.5846
20210104211727	19.5846
20210104211727	19.5846
20210104211727	19.5846
20210104211727	19.199
20210104211727	19.199
20210104211727	19.199
20210104211727	19.199
20210104211727	19.199
20210104211727	19.199
20210104211727	19.199
20210104211727	19.199
20210104211727	19.199
20210104211727	19.199
20210104211727	18.5442
20210104211727	18.5442
20210104211727	18.5442
20210104211727	18.5442
20210104211727	18.5442
20210104211727	18.5442
20210104211727	18.5442
20210104211727	18.5442
20210104211727	18.5442
20210104211727	18.5442
20210104211727	17.8477
20210104211727	17.8477
20210104211727	17.8477
20210104211727	17.8477
20210104211727	17.8477
20210104211727	17.8477
20210104211727	17.8477
20210104211727	17.8477
20210104211727	17.8477
20210104211728	17.8477
20210104211728	17.1266
20210104211728	17.1266
20210104211728	17.1266
20210104211728	17.1266
20210104211728	17.1266
20210104211728	17.1266
20210104211728	17.1266
20210104211728	17.1266
20210104211728	17.1266
20210104211728	17.1266
20210104211728	16.6003
20210104211728	16.6003
20210104211728	16.6003
20210104211728	16.6003
20210104211728	16.6003
20210104211728	16.6003
20210104211728	16.6003
20210104211728	16.6003
20210104211728	16.6003
20210104211728	16.6003
20210104211728	16.5088
20210104211728	16.5088
20210104211728	16.5088
20210104211728	16.5088
20210104211728	16.5088
20210104211728	16.5088
20210104211728	16.5088
20210104211728	16.5088
20210104211728	16.5088
20210104211728	16.5088
20210104211728	16.7711
20210104211728	16.7711
20210104211728	16.7711
20210104211728	16.7711
20210104211728	16.7711
20210104211728	16.7711
20210104211728	16.7711
20210104211728	16.7711
20210104211728	16.7711
20210104211728	16.7711
20210104211728	17.2086
20210104211728	17.2086
20210104211728	17.2086
20210104211728	17.2086
20210104211728	17.2086
20210104211728	17.2086
20210104211728	17.2086
20210104211728	17.2086
20210104211728	17.2086
20210104211728	17.2086
20210104211728	17.5791
20210104211729	17.5791
20210104211729	17.5791
20210104211729	17.5791
20210104211729	17.5791
20210104211729	17.5791
20210104211729	17.5791
20210104211729	17.5791
20210104211729	17.5791
20210104211729	17.5791
20210104211729	17.9421
20210104211729	17.9421
20210104211729	17.9421
20210104211729	17.9421
20210104211729	17.9421
20210104211729	17.9421
20210104211729	17.9421
20210104211729	17.9421
20210104211729	17.9421
20210104211729	18.2543
20210104211729	18.2543
20210104211729	18.2543
20210104211729	18.2543
20210104211729	18.2543
20210104211729	18.2543
20210104211729	18.2543
20210104211729	18.2543
20210104211729	18.2543
20210104211729	18.2543
20210104211729	18.2543
20210104211729	18.5654
20210104211729	18.5654
20210104211729	18.5654
20210104211729	18.5654
20210104211729	18.5654
20210104211729	18.5654
20210104211729	18.5654
20210104211729	18.5654
20210104211729	18.5654
20210104211729	18.5654
20210104211729	18.8214
20210104211729	18.8214
20210104211730	18.8214
20210104211730	18.8214
20210104211730	18.8214
20210104211730	18.8214
20210104211730	18.8214
20210104211730	18.8214
20210104211730	18.8214
20210104211730	18.8214
20210104211730	19.0588
20210104211730	19.0588
20210104211730	19.0588
20210104211730	19.0588
20210104211730	19.0588
20210104211730	19.0588
20210104211730	19.0588
20210104211730	19.0588
20210104211730	19.0588
20210104211730	19.2421
20210104211730	19.2421
20210104211730	19.2421
20210104211730	19.2421
20210104211730	19.2421
20210104211730	19.2421
20210104211730	19.2421
20210104211730	19.2421
20210104211730	19.2421
20210104211730	19.2421
20210104211730	19.2421
20210104211730	19.2421
20210104211730	19.4106
20210104211730	19.4106
20210104211730	19.4106
20210104211730	19.4106
20210104211730	19.4106
20210104211730	19.4106
20210104211730	19.4106
20210104211730	19.4106
20210104211730	19.4106
20210104211730	19.556
20210104211730	19.556
20210104211730	19.556
20210104211730	19.556
20210104211730	19.556
20210104211730	19.556
20210104211731	19.556
20210104211731	19.556
20210104211731	19.556
20210104211731	19.556
20210104211731	19.3734
20210104211731	19.3734
20210104211731	19.3734
20210104211731	19.3734
20210104211731	19.3734
20210104211731	19.3734
20210104211731	19.3734
20210104211731	19.3734
20210104211731	19.3734
20210104211731	19.3734
20210104211731	18.8423
20210104211731	18.8423
20210104211731	18.8423
20210104211731	18.8423
20210104211731	18.8423
20210104211731	18.8423
20210104211731	18.8423
20210104211731	18.8423
20210104211731	18.8423
20210104211731	18.8423
20210104211731	18.1824
20210104211731	18.1824
20210104211731	18.1824
20210104211731	18.1824
20210104211731	18.1824
20210104211731	18.1824
20210104211731	18.1824
20210104211731	18.1824
20210104211731	18.1824
20210104211731	18.1824
20210104211731	17.4867
20210104211731	17.4867
20210104211731	17.4867
20210104211731	17.4867
20210104211731	17.4867
20210104211731	17.4867
20210104211731	17.4867
20210104211731	17.4867
20210104211731	17.4867
20210104211731	17.4867
20210104211731	16.7895
20210104211731	16.7895
20210104211731	16.7895
20210104211731	16.7895
20210104211731	16.7895
20210104211731	16.7895
20210104211731	16.7895
20210104211731	16.7895
20210104211731	16.7895
20210104211732	16.7895
20210104211732	16.2699
20210104211732	16.2699
20210104211732	16.2699
20210104211732	16.2699
20210104211732	16.2699
20210104211732	16.2699
20210104211732	16.2699
20210104211732	16.2699
20210104211732	16.2699
20210104211732	16.2699
20210104211732	15.8707
20210104211732	15.8707
20210104211732	15.8707
20210104211732	15.8707
20210104211732	15.8707
20210104211732	15.8707
20210104211732	15.8707
20210104211732	15.8707
20210104211732	15.8707
20210104211732	15.6449
20210104211732	15.6449
20210104211732	15.6449
20210104211732	15.6449
20210104211732	15.6449
20210104211732	15.6449
20210104211732	15.6449
20210104211732	15.6449
20210104211732	15.6449
20210104211732	15.6449
20210104211732	15.6449
20210104211732	15.5649
20210104211732	15.5649
20210104211732	15.5649
20210104211732	15.5649
20210104211732	15.5649
20210104211732	15.5649
20210104211732	15.5649
20210104211732	15.5649
20210104211732	15.5649
20210104211732	15.8282
20210104211732	15.8282
20210104211732	15.8282
20210104211732	15.8282
20210104211732	15.8282
20210104211732	15.8282
20210104211732	15.8282
20210104211733	15.8282
20210104211733	15.8282
20210104211733	15.8282
20210104211733	15.8282
20210104211733	16.3874
20210104211733	16.3874
20210104211733	16.3874
20210104211733	16.3874
20210104211733	16.3874
20210104211733	16.3874
20210104211733	16.3874
20210104211733	16.3874
20210104211733	16.3874
20210104211733	16.3874
20210104211733	16.9063
20210104211733	16.9063
20210104211733	16.9063
20210104211733	16.9063
20210104211733	16.9063
20210104211733	16.9063
20210104211733	16.9063
20210104211733	16.9063
20210104211733	16.9063
20210104211733	16.9063
20210104211733	17.4385
20210104211733	17.4385
20210104211733	17.4385
20210104211733	17.4385
20210104211733	17.4385
20210104211733	17.4385
20210104211733	17.4385
20210104211733	17.4385
20210104211733	17.4385
20210104211733	17.4385
20210104211733	17.8905
20210104211733	17.8905
20210104211733	17.8905
20210104211733	17.8905
20210104211733	17.8905
20210104211733	17.8905
20210104211733	17.8905
20210104211733	17.8905
20210104211733	17.8905
20210104211733	17.8905
20210104211733	18.3172
20210104211733	18.3172
20210104211733	18.3172
20210104211733	18.3172
20210104211733	18.3172
20210104211734	18.3172
20210104211734	18.3172
20210104211734	18.3172
20210104211734	18.3172
20210104211734	18.3172
20210104211734	18.6639
20210104211734	18.6639
20210104211734	18.6639
20210104211734	18.6639
20210104211734	18.6639
20210104211734	18.6639
20210104211734	18.6639
20210104211734	18.6639
20210104211734	18.6639
20210104211734	18.6639
20210104211734	18.9913
20210104211734	18.9913
20210104211734	18.9913
20210104211734	18.9913
20210104211734	18.9913
20210104211734	18.9913
20210104211734	18.9913
20210104211734	18.9913
20210104211734	18.9913
20210104211734	18.9913
20210104211734	19.2493
20210104211734	19.2493
20210104211734	19.2493
20210104211734	19.2493
20210104211734	19.2493
20210104211734	19.2493
20210104211734	19.2493
20210104211734	19.2493
20210104211734	19.2493
20210104211734	19.2493
20210104211734	19.4698
20210104211734	19.4698
20210104211734	19.4698
20210104211734	19.4698
20210104211734	19.4698
20210104211734	19.4698
20210104211734	19.4698
20210104211735	19.4698
20210104211735	19.4698
20210104211735	19.4698
20210104211735	19.6251
20210104211735	19.6251
20210104211735	19.6251
20210104211735	19.6251
20210104211735	19.6251
20210104211735	19.6251
20210104211735	19.6251
20210104211735	19.6251
20210104211735	19.6251
20210104211735	19.7506
20210104211735	19.7506
20210104211735	19.7506
20210104211735	19.7506
20210104211735	19.7506
20210104211735	19.7506
20210104211735	19.7506
20210104211735	19.7506
20210104211735	19.7506
20210104211735	19.7506
20210104211735	19.7506
20210104211735	19.8455
20210104211735	19.8455
20210104211735	19.8455
20210104211735	19.8455
20210104211735	19.8455
20210104211735	19.8455
20210104211735	19.8455
20210104211735	19.8455
20210104211735	19.8455
20210104211735	19.8455
20210104211735	19.9356
20210104211735	19.9356
20210104211735	19.9356
20210104211735	19.9356
20210104211735	19.9356
20210104211735	19.9356
20210104211735	19.9356
20210104211735	19.9356
20210104211735	19.9356
20210104211735	19.9356
20210104211735	19.9001
20210104211735	19.9001
20210104211735	19.9001
20210104211735	19.9001
20210104211735	19.9001
20210104211735	19.9001
20210104211736	19.9001
20210104211736	19.9001
20210104211736	19.9001
20210104211736	19.9001
20210104211736	19.571
20210104211736	19.571
20210104211736	19.571
20210104211736	19.571
20210104211736	19.571
20210104211736	19.571
20210104211736	19.571
20210104211736	19.571
20210104211736	19.571
20210104211736	19.0857
20210104211736	19.0857
20210104211736	19.0857
20210104211736	19.0857
20210104211736	19.0857
20210104211736	19.0857
20210104211736	19.0857
20210104211736	19.0857
20210104211736	19.0857
20210104211736	19.0857
20210104211736	19.0857
20210104211736	18.4717
20210104211736	18.4717
20210104211736	18.4717
20210104211736	18.4717
20210104211736	18.4717
20210104211736	18.4717
20210104211736	18.4717
20210104211736	18.4717
20210104211736	18.4717
20210104211736	18.4717
20210104211736	18.4717
20210104211736	17.846
20210104211736	17.846
20210104211736	17.846
20210104211736	17.846
20210104211736	17.846
20210104211736	17.846
20210104211736	17.846
20210104211736	17.846
20210104211736	17.846
20210104211736	17.3313
20210104211736	17.3313
20210104211736	17.3313
20210104211736	17.3313
20210104211736	17.3313
20210104211736	17.3313
20210104211736	17.3313
20210104211736	17.3313
20210104211736	17.3313
20210104211736	16.9138
20210104211737	16.9138
20210104211737	16.9138
20210104211737	16.9138
20210104211737	16.9138
20210104211737	16.9138
20210104211737	16.9138
20210104211737	16.9138
20210104211737	16.9138
20210104211737	16.9138
20210104211737	16.9138
20210104211737	16.5909
20210104211737	16.5909
20210104211737	16.5909
20210104211737	16.5909
20210104211737	16.5909
20210104211737	16.5909
20210104211737	16.5909
20210104211737	16.5909
20210104211737	16.5909
20210104211737	16.5909
20210104211737	16.4059
20210104211737	16.4059
20210104211737	16.4059
20210104211737	16.4059
20210104211737	16.4059
20210104211737	16.4059
20210104211737	16.4059
20210104211737	16.4059
20210104211737	16.4059
20210104211737	16.4059
20210104211737	16.3112
20210104211737	16.3112
20210104211737	16.3112
20210104211737	16.3112
20210104211737	16.3112
20210104211737	16.3112
20210104211737	16.3112
20210104211737	16.3112
20210104211737	16.3112
20210104211737	16.3112
20210104211737	16.2827
20210104211737	16.2827
20210104211737	16.2827
20210104211737	16.2827
20210104211737	16.2827
20210104211737	16.2827
20210104211737	16.2827
20210104211737	16.2827
20210104211737	16.2827
20210104211737	16.2827
20210104211737	16.2909
20210104211737	16.2909
20210104211737	16.2909
20210104211737	16.2909
20210104211738	16.2909
20210104211738	16.2909
20210104211738	16.2909
20210104211738	16.2909
20210104211738	16.2909
20210104211738	16.3251
20210104211738	16.3251
20210104211738	16.3251
20210104211738	16.3251
20210104211738	16.3251
20210104211738	16.3251
20210104211738	16.3251
20210104211738	16.3251
20210104211738	16.3251
20210104211738	16.3251
20210104211738	16.3251
20210104211738	16.3838
20210104211738	16.3838
20210104211738	16.3838
20210104211738	16.3838
20210104211738	16.3838
20210104211738	16.3838
20210104211738	16.3838
20210104211738	16.3838
20210104211738	16.3838
20210104211738	16.4604
20210104211738	16.4604
20210104211738	16.4604
20210104211738	16.4604
20210104211738	16.4604
20210104211738	16.4604
20210104211738	16.4604
20210104211738	16.4604
20210104211738	16.4604
20210104211738	16.4604
20210104211738	16.4604
20210104211738	16.7799
20210104211738	16.7799
20210104211738	16.7799
20210104211738	16.7799
20210104211738	16.7799
20210104211738	16.7799
20210104211738	16.7799
20210104211738	16.7799
20210104211738	16.7799
20210104211738	16.7799
20210104211738	17.3137
20210104211739	17.3137
20210104211739	17.3137
20210104211739	17.3137
20210104211739	17.3137
20210104211739	17.3137
20210104211739	17.3137
20210104211739	17.3137
20210104211739	17.3137
20210104211739	17.3137
20210104211739	17.8769
20210104211739	17.8769
20210104211739	17.8769
20210104211739	17.8769
20210104211739	17.8769
20210104211739	17.8769
20210104211739	17.8769
20210104211739	17.8769
20210104211739	17.8769
20210104211739	17.8769
20210104211739	18.3725
20210104211739	18.3725
20210104211739	18.3725
20210104211739	18.3725
20210104211739	18.3725
20210104211739	18.3725
20210104211739	18.3725
20210104211739	18.3725
20210104211739	18.3725
20210104211739	18.3725
20210104211739	18.7592
20210104211739	18.7592
20210104211739	18.7592
20210104211739	18.7592
20210104211739	18.7592
20210104211739	18.7592
20210104211739	18.7592
20210104211739	18.7592
20210104211739	18.7592
20210104211739	18.7592
20210104211740	19.1166
20210104211740	19.1166
20210104211740	19.1166
20210104211740	19.1166
20210104211740	19.1166
20210104211740	19.1166
20210104211740	19.1166
20210104211740	19.1166
20210104211740	19.1166
20210104211740	19.3974
20210104211740	19.3974
20210104211740	19.3974
20210104211740	19.3974
20210104211740	19.3974
20210104211740	19.3974
20210104211740	19.3974
20210104211740	19.3974
20210104211740	19.3974
20210104211740	19.3974
20210104211740	19.3974
20210104211740	19.6396
20210104211740	19.6396
20210104211740	19.6396
20210104211740	19.6396
20210104211740	19.6396
20210104211740	19.6396
20210104211740	19.6396
20210104211740	19.6396
20210104211740	19.6396
20210104211740	19.6396
20210104211740	19.8648
20210104211740	19.8648
20210104211740	19.8648
20210104211740	19.8648
20210104211740	19.8648
20210104211740	19.8648
20210104211740	19.8648
20210104211740	19.8648
20210104211740	19.8648
20210104211740	19.8648
20210104211740	20.0372
20210104211740	20.0372
20210104211740	20.0372
20210104211740	20.0372
20210104211741	20.0372
20210104211741	20.0372
20210104211741	20.0372
20210104211741	20.0372
20210104211741	20.0372
20210104211741	20.0372
20210104211741	20.1912
20210104211741	20.1912
20210104211741	20.1912
20210104211741	20.1912
20210104211741	20.1912
20210104211741	20.1912
20210104211741	20.1912
20210104211741	20.1912
20210104211741	20.1912
20210104211741	20.1912
20210104211741	20.3027
20210104211741	20.3027
20210104211741	20.3027
20210104211741	20.3027
20210104211741	20.3027
20210104211741	20.3027
20210104211741	20.3027
20210104211741	20.3027
20210104211741	20.3027
20210104211741	20.3027
20210104211741	20.3922
20210104211741	20.3922
20210104211741	20.3922
20210104211741	20.3922
20210104211741	20.3922
20210104211741	20.3922
20210104211741	20.3922
20210104211741	20.3922
20210104211741	20.3922
20210104211741	20.3922
20210104211741	20.4593
20210104211741	20.4593
20210104211741	20.4593
20210104211741	20.4593
20210104211741	20.4593
20210104211741	20.4593
20210104211741	20.4593
20210104211741	20.4593
20210104211742	20.4593
20210104211742	20.4593
20210104211742	20.4825
20210104211742	20.4825
20210104211742	20.4825
20210104211742	20.4825
20210104211742	20.4825
20210104211742	20.4825
20210104211742	20.4825
20210104211742	20.4825
20210104211742	20.4825
20210104211742	20.4825
20210104211742	20.2695
20210104211742	20.2695
20210104211742	20.2695
20210104211742	20.2695
20210104211742	20.2695
20210104211742	20.2695
20210104211742	20.2695
20210104211742	20.2695
20210104211742	20.2695
20210104211742	20.2695
20210104211742	19.8906
20210104211742	19.8906
20210104211742	19.8906
20210104211742	19.8906
20210104211742	19.8906
20210104211742	19.8906
20210104211742	19.8906
20210104211742	19.8906
20210104211742	19.8906
20210104211742	19.8906
20210104211742	19.397
20210104211742	19.397
20210104211742	19.397
20210104211742	19.397
20210104211742	19.397
20210104211742	19.397
20210104211742	19.397
20210104211742	19.397
20210104211742	19.397
20210104211742	19.397
20210104211742	18.8192
20210104211742	18.8192
20210104211742	18.8192
20210104211742	18.8192
20210104211742	18.8192
20210104211742	18.8192
20210104211742	18.8192
20210104211742	18.8192
20210104211743	18.8192
20210104211743	18.8192
20210104211743	18.264
20210104211743	18.264
20210104211743	18.264
20210104211743	18.264
20210104211743	18.264
20210104211743	18.264
