20210122163553	17
20210122163553	17
20210122163553	17
20210122163553	17
20210122163553	17
20210122163553	17
20210122163553	17
20210122163553	17
20210122163553	17
20210122163553	17
20210122163553	17
20210122163553	17
20210122163553	17
20210122163553	17
20210122163553	17
20210122163553	17
20210122163553	17
20210122163553	17
20210122163553	17
20210122163553	17
20210122163553	17
20210122163553	17
20210122163553	17
20210122163553	17
20210122163553	17
20210122163553	17
20210122163553	17
20210122163553	17
20210122163553	17
20210122163553	17
20210122163553	17
20210122163553	17
20210122163553	17
20210122163553	17
20210122163553	17
20210122163553	17
20210122163553	17
20210122163553	17
20210122163553	17
20210122163553	17
20210122163553	17
20210122163553	17
20210122163553	17
20210122163553	17
20210122163553	17
20210122163553	17
20210122163553	17
20210122163553	17
20210122163553	17
20210122163553	17
20210122163553	17
20210122163553	17
20210122163554	17
20210122163554	17
20210122163554	17
20210122163554	17
20210122163554	17
20210122163554	17
20210122163554	17
20210122163554	17
20210122163554	17
20210122163554	17
20210122163554	17
20210122163554	17
20210122163554	17
20210122163554	17
20210122163554	17
20210122163554	17
20210122163554	17
20210122163554	17
20210122163554	17
20210122163554	17
20210122163554	17
20210122163554	17
20210122163554	17
20210122163554	17
20210122163554	17
20210122163554	17
20210122163554	17
20210122163554	17
20210122163555	17
20210122163555	17
20210122163555	17
20210122163555	17
20210122163555	17
20210122163555	17
20210122163555	17
20210122163555	17
20210122163555	17
20210122163555	17
20210122163555	17
20210122163555	17
20210122163555	17
20210122163555	17
20210122163555	17
20210122163555	17
20210122163555	17
20210122163555	17
20210122163555	17
20210122163555	17
20210122163555	17
20210122163555	17
20210122163555	17
20210122163555	17
20210122163556	17
20210122163556	17
20210122163556	17
20210122163556	17
20210122163556	17
20210122163556	17
20210122163556	17
20210122163556	17
20210122163556	17
20210122163556	17
20210122163556	17
20210122163556	17
20210122163556	17
20210122163556	17
20210122163556	17
20210122163556	17
20210122163556	17
20210122163556	17
20210122163557	17
20210122163557	17
20210122163557	17
20210122163557	17
20210122163557	17
20210122163557	17
20210122163557	17
20210122163557	17
20210122163557	17
20210122163557	17
20210122163557	17
20210122163557	17
20210122163557	17
20210122163558	17
20210122163558	17
20210122163558	17
20210122163558	17
20210122163558	17
20210122163558	17
20210122163558	17
20210122163558	17
20210122163558	17
20210122163558	17
20210122163558	17
20210122163558	17
20210122163558	17
20210122163558	17
20210122163558	17
20210122163558	17
20210122163558	17
20210122163558	17
20210122163558	17
20210122163558	17
20210122163558	17
20210122163558	17
20210122163558	17
20210122163558	17
20210122163558	17
20210122163558	17
20210122163558	17
20210122163558	17
20210122163558	17
20210122163559	17
20210122163559	17
20210122163559	17
20210122163559	17
20210122163559	17
20210122163559	17
20210122163559	17
20210122163559	17
20210122163559	17
20210122163559	17
20210122163559	17
20210122163559	17
20210122163559	17
20210122163559	17
20210122163559	17
20210122163559	17
20210122163559	17
20210122163600	17
20210122163600	17
20210122163600	17
20210122163600	17
20210122163600	17
20210122163600	17
20210122163600	17
20210122163600	17
20210122163600	17
20210122163600	17
20210122163600	17
20210122163600	17
20210122163600	17
20210122163600	17
20210122163600	17
20210122163600	17
20210122163600	17
20210122163600	17
20210122163600	17
20210122163601	17
20210122163601	17
20210122163601	17
20210122163601	17
20210122163601	17
20210122163601	17
20210122163601	17
20210122163601	17
20210122163601	17
20210122163601	17
20210122163601	17
20210122163601	17
20210122163601	17
20210122163601	17
20210122163601	17
20210122163601	17
20210122163601	17
20210122163601	17
20210122163601	17
20210122163601	17
20210122163601	17
20210122163601	17
20210122163601	17
20210122163602	17
20210122163602	17
20210122163602	17
20210122163602	17
20210122163602	17
20210122163602	17
20210122163602	17
20210122163602	17
20210122163602	17
20210122163602	17
20210122163602	17
20210122163602	17
20210122163602	17
20210122163602	17
20210122163602	17
20210122163602	17
20210122163602	17
20210122163602	17
20210122163602	17
20210122163602	17
20210122163602	17
20210122163602	17
20210122163602	17
20210122163602	17
20210122163602	17
20210122163602	17
20210122163602	17
20210122163602	17
20210122163603	17
20210122163603	17
20210122163603	17
20210122163603	17
20210122163603	17
20210122163603	17
20210122163603	17
20210122163603	17
20210122163603	17
20210122163603	17
20210122163603	17
20210122163603	17
20210122163603	17
20210122163603	17
20210122163603	17
20210122163603	17
20210122163603	17
20210122163603	17
20210122163603	17
20210122163603	17
20210122163603	17
20210122163603	17
20210122163603	17
20210122163603	17
20210122163603	17
20210122163603	17
20210122163603	17
20210122163603	17
20210122163603	17
20210122163604	17
20210122163604	17
20210122163604	17
20210122163604	17
20210122163604	17
20210122163604	17
20210122163604	17
20210122163604	17
20210122163604	17
20210122163604	17
20210122163604	17
20210122163604	17
20210122163604	17
20210122163604	17
20210122163604	17
20210122163604	17
20210122163604	17
20210122163604	17
20210122163604	17
20210122163604	17
20210122163604	17
20210122163604	17
20210122163604	17
20210122163604	17
20210122163604	17
20210122163604	17
20210122163604	17
20210122163604	17
20210122163604	17
20210122163604	17
20210122163604	17
20210122163604	17
20210122163604	17
20210122163604	17
20210122163604	17
20210122163605	17
20210122163605	17
20210122163605	17
20210122163605	17
20210122163605	17
20210122163605	17
20210122163605	17
20210122163605	17
20210122163605	17
20210122163605	17
20210122163605	17
20210122163605	17
20210122163605	17
20210122163605	17
20210122163605	17
20210122163605	17
20210122163605	17
20210122163605	17
20210122163605	17
20210122163605	17
20210122163605	17
20210122163605	17
20210122163605	17
20210122163605	17
20210122163605	17
20210122163605	17
20210122163605	17
20210122163606	17
20210122163606	17
20210122163606	17
20210122163606	17
20210122163606	17
20210122163606	17
20210122163606	17
20210122163606	17
20210122163606	17
20210122163606	17
20210122163606	17
20210122163606	17
20210122163606	17
20210122163606	17
20210122163607	17
20210122163607	17
20210122163607	17
20210122163607	17
20210122163607	17
20210122163607	17
20210122163607	17
20210122163607	17
20210122163607	17
20210122163607	17
20210122163607	17
20210122163607	17
20210122163607	17
20210122163607	17
20210122163608	17
20210122163608	17
20210122163608	17
20210122163608	17
20210122163608	17
20210122163608	17
20210122163608	17
20210122163608	17
20210122163608	17
20210122163608	17
20210122163608	17
20210122163608	17
20210122163608	17
20210122163608	17
20210122163608	17
20210122163608	17
20210122163608	17
20210122163608	17
20210122163608	17
20210122163608	17
20210122163608	17
20210122163609	17
20210122163609	17
20210122163609	17
20210122163609	17
20210122163609	17
20210122163609	17
20210122163609	17
20210122163609	17
20210122163609	17
20210122163609	17
20210122163609	17
20210122163609	17
20210122163609	17
20210122163609	17
20210122163609	17
20210122163609	17
20210122163610	17
20210122163610	17
20210122163610	17
20210122163610	17
20210122163610	17
20210122163610	17
20210122163610	17
20210122163610	17
20210122163610	17
20210122163610	17
20210122163610	17
20210122163610	17
20210122163610	17
20210122163610	17
20210122163610	17
20210122163610	17
20210122163610	17
20210122163610	17
20210122163610	17
20210122163610	17
20210122163610	17
20210122163610	17
20210122163610	17
20210122163610	17
20210122163610	17
20210122163610	17
20210122163610	17
20210122163611	17
20210122163611	17
20210122163611	17
20210122163611	17
20210122163611	17
20210122163611	17
20210122163611	17
20210122163611	17
20210122163611	17
20210122163611	17
20210122163611	17
20210122163611	17
20210122163611	17
20210122163611	17
20210122163611	17
20210122163611	17
20210122163611	17
20210122163611	17
20210122163611	17
20210122163612	17
20210122163612	17
20210122163612	17
20210122163612	17
20210122163612	17
20210122163612	17
20210122163612	17
20210122163612	17
20210122163612	17
20210122163612	17
20210122163612	17
20210122163612	17
20210122163612	17
20210122163612	17
20210122163612	17
20210122163612	17
20210122163612	17
20210122163612	17
20210122163612	17
20210122163612	17
20210122163612	17
20210122163612	17
20210122163612	17
20210122163612	17
20210122163612	17
20210122163612	17
20210122163612	17
20210122163613	17
20210122163613	17
20210122163613	17
20210122163613	17
20210122163613	17
20210122163613	17
20210122163613	17
20210122163613	17
20210122163613	17
20210122163613	17
20210122163613	17
20210122163613	17
20210122163613	17
20210122163613	17
20210122163613	17
20210122163613	17
20210122163613	17
20210122163613	17
20210122163613	17
20210122163613	17
20210122163613	17
20210122163613	17
20210122163613	17
20210122163613	17
20210122163613	17
20210122163613	17
20210122163613	17
20210122163613	17
20210122163613	17
20210122163613	17
20210122163613	17
20210122163613	17
20210122163614	17
20210122163614	17
20210122163614	17
20210122163614	17
20210122163614	17
20210122163614	17
20210122163614	17
20210122163614	17
20210122163614	17
20210122163614	17
20210122163614	17
20210122163614	17
20210122163614	17
20210122163614	17
20210122163614	17
20210122163614	17
20210122163614	17
20210122163614	17
20210122163614	17
20210122163614	17
20210122163614	17
20210122163614	17
20210122163614	17
20210122163614	17
20210122163614	17
20210122163614	17
20210122163615	17
20210122163615	17
20210122163615	17
20210122163615	17
20210122163615	17
20210122163615	17
20210122163615	17
20210122163615	17
20210122163615	17
20210122163615	17
20210122163615	17
20210122163615	17
20210122163615	17
20210122163615	17
20210122163615	17
20210122163615	17
20210122163615	17
20210122163615	17
20210122163615	17
20210122163615	17
20210122163615	17
20210122163615	17
20210122163615	17
20210122163615	17
20210122163615	17
20210122163616	17
20210122163616	17
20210122163616	17
20210122163616	17
20210122163616	17
20210122163616	17
20210122163616	17
20210122163616	17
20210122163616	17
20210122163616	17
20210122163616	17
20210122163616	17
20210122163616	17
20210122163616	17
20210122163616	17
20210122163616	17
20210122163616	17
20210122163616	17
20210122163616	17
20210122163616	17
20210122163616	17
20210122163617	17
20210122163617	17
20210122163617	17
20210122163617	17
20210122163617	17
20210122163617	17
20210122163617	17
20210122163617	17
20210122163617	17
20210122163617	17
20210122163617	17
20210122163617	17
20210122163617	17
20210122163617	17
20210122163617	17
20210122163617	17
20210122163617	17
20210122163617	17
20210122163617	17
20210122163617	17
20210122163618	17
20210122163618	17
20210122163618	17
20210122163618	17
20210122163618	17
20210122163618	17
20210122163618	17
20210122163618	17
20210122163618	17
20210122163618	17
20210122163618	17
20210122163618	17
20210122163618	17
20210122163618	17
20210122163618	17
20210122163618	17
20210122163618	17
20210122163618	17
20210122163618	17
20210122163618	17
20210122163618	17
20210122163618	17
20210122163618	17
20210122163618	17
20210122163618	17
20210122163618	17
20210122163618	17
20210122163619	17
20210122163619	17
20210122163619	17
20210122163619	17
20210122163619	17
20210122163619	17
20210122163619	17
20210122163619	17
20210122163619	17
20210122163619	17
20210122163619	17
20210122163619	17
20210122163619	17
20210122163619	17
20210122163619	17
20210122163619	17
20210122163619	17
20210122163619	17
20210122163619	17
20210122163619	17
20210122163619	17
20210122163619	17
20210122163619	17
20210122163619	17
20210122163619	17
20210122163619	17
20210122163619	17
20210122163619	17
20210122163619	17
20210122163619	17
20210122163620	17
20210122163620	17
20210122163620	17
20210122163620	17
20210122163620	17
20210122163620	17
20210122163620	17
20210122163620	17
20210122163620	17
20210122163620	17
20210122163620	17
20210122163620	17
20210122163620	17
20210122163620	17
20210122163620	17
20210122163620	17
20210122163620	17
20210122163620	17
20210122163620	17
20210122163620	17
20210122163620	17
20210122163621	17
20210122163621	17
20210122163621	17
20210122163621	17
20210122163621	17
20210122163621	17
20210122163621	17
20210122163621	17
20210122163621	17
20210122163621	17
20210122163621	17
20210122163621	17
20210122163621	17
20210122163621	17
20210122163621	17
20210122163621	17
20210122163621	17
20210122163621	17
20210122163621	17
20210122163621	17
20210122163621	17
20210122163621	17
20210122163621	17
20210122163621	17
20210122163621	17
20210122163621	17
20210122163621	17
20210122163621	17
20210122163621	17
20210122163621	17
20210122163622	17
20210122163622	17
20210122163622	17
20210122163622	17
20210122163622	17
20210122163622	17
20210122163622	17
20210122163622	17
20210122163622	17
20210122163622	17
20210122163622	17
20210122163622	17
20210122163622	17
20210122163622	17
20210122163622	17
20210122163622	17
20210122163622	17
20210122163622	17
20210122163622	17
20210122163622	17
20210122163623	17
20210122163623	17
20210122163623	17
20210122163623	17
20210122163623	17
20210122163623	17
20210122163623	17
20210122163623	17
20210122163623	17
20210122163623	17
20210122163623	17
20210122163623	17
20210122163623	17
20210122163623	17
20210122163623	17
20210122163623	17
20210122163623	17
20210122163623	17
20210122163623	17
20210122163623	17
20210122163623	17
20210122163623	17
20210122163623	17
20210122163623	17
20210122163623	17
20210122163623	17
20210122163623	17
20210122163623	17
20210122163624	17
20210122163624	17
20210122163624	17
20210122163624	17
20210122163624	17
20210122163624	17
20210122163624	17
20210122163624	17
20210122163624	17
20210122163624	17
20210122163624	17
20210122163624	17
20210122163624	17
20210122163624	17
20210122163624	17
20210122163624	17
20210122163624	17
20210122163624	17
20210122163624	17
20210122163624	17
20210122163624	17
20210122163624	17
20210122163624	17
20210122163624	17
20210122163624	17
20210122163624	17
20210122163624	17
20210122163624	17
20210122163624	17
20210122163625	17
20210122163625	17
20210122163625	17
20210122163625	17
20210122163625	17
20210122163625	17
20210122163625	17
20210122163625	17
20210122163625	17
20210122163625	17
20210122163625	17
20210122163625	17
20210122163625	17
20210122163625	17
20210122163625	17
20210122163625	17
20210122163625	17
20210122163625	17
20210122163625	17
20210122163625	17
20210122163625	17
20210122163626	17
20210122163626	17
20210122163626	17
20210122163626	17
20210122163626	17
20210122163626	17
20210122163626	17
20210122163626	17
20210122163626	17
20210122163626	17
20210122163626	17
20210122163626	17
20210122163626	17
20210122163626	17
20210122163626	17
20210122163626	17
20210122163626	17
20210122163626	17
20210122163626	17
20210122163626	17
20210122163626	17
20210122163626	17
20210122163627	17
20210122163627	17
20210122163627	17
20210122163627	17
20210122163627	17
20210122163627	17
20210122163627	17
20210122163627	17
20210122163627	17
20210122163627	17
20210122163627	17
20210122163627	17
20210122163627	17
20210122163627	17
20210122163627	17
20210122163627	17
20210122163627	17
20210122163627	17
20210122163627	17
20210122163627	17
20210122163627	17
20210122163627	17
20210122163627	17
20210122163627	17
20210122163627	17
20210122163627	17
20210122163628	17
20210122163628	17
20210122163628	17
20210122163628	17
20210122163628	17
20210122163628	17
20210122163628	17
20210122163628	17
20210122163628	17
20210122163628	17
20210122163628	17
20210122163628	17
20210122163628	17
20210122163628	17
20210122163628	17
20210122163628	17
20210122163628	17
20210122163628	17
20210122163629	17
20210122163629	17
20210122163629	17
20210122163629	17
20210122163629	17
20210122163629	17
20210122163629	17
20210122163629	17
20210122163629	17
20210122163629	17
20210122163629	17
20210122163629	17
20210122163629	17
20210122163629	17
20210122163629	17
20210122163629	17
20210122163629	17
20210122163629	17
20210122163629	17
20210122163629	17
20210122163629	17
20210122163629	17
20210122163629	17
20210122163629	17
20210122163629	17
20210122163629	17
20210122163629	17
20210122163629	17
20210122163629	17
20210122163629	17
20210122163629	17
20210122163629	17
20210122163629	17
20210122163629	17
20210122163629	17
20210122163629	17
20210122163629	17
20210122163629	17
20210122163629	17
20210122163629	17
20210122163629	17
20210122163630	17
20210122163630	17
20210122163630	17
20210122163630	17
20210122163630	17
20210122163630	17
20210122163630	17
20210122163630	17
20210122163630	17
20210122163630	17
20210122163630	17
20210122163630	17
20210122163630	17
20210122163630	17
20210122163630	17
20210122163630	17
20210122163630	17
20210122163630	17
20210122163630	17
20210122163630	17
20210122163630	17
20210122163631	17
20210122163631	17
20210122163631	17
20210122163631	17
20210122163631	17
20210122163631	17
20210122163631	17
20210122163631	17
20210122163631	17
20210122163631	17
20210122163631	17
20210122163631	17
20210122163631	17
20210122163631	17
20210122163631	17
20210122163631	17
20210122163631	17
20210122163631	17
20210122163631	17
20210122163631	17
20210122163631	17
20210122163631	17
20210122163631	17
20210122163631	17
20210122163631	17
20210122163631	17
20210122163631	17
20210122163631	17
20210122163631	17
20210122163631	17
20210122163632	17
20210122163632	17
20210122163632	17
20210122163632	17
20210122163632	17
20210122163632	17
20210122163632	17
20210122163632	17
20210122163632	17
20210122163632	17
20210122163632	17
20210122163632	17
20210122163632	17
20210122163632	17
20210122163632	17
20210122163632	17
20210122163632	17
20210122163632	17
20210122163632	17
20210122163632	17
20210122163632	17
20210122163632	17
20210122163632	17
20210122163632	17
20210122163632	17
20210122163632	17
20210122163632	17
20210122163632	17
20210122163633	17
20210122163633	17
20210122163633	17
20210122163633	17
20210122163633	17
20210122163633	17
20210122163633	17
20210122163633	17
20210122163633	17
20210122163633	17
20210122163633	17
20210122163633	17
20210122163633	17
20210122163633	17
20210122163633	17
20210122163633	17
20210122163633	17
20210122163633	17
20210122163633	17
20210122163633	17
20210122163633	17
20210122163633	17
20210122163633	17
20210122163633	17
20210122163633	17
20210122163633	17
20210122163633	17
20210122163633	17
20210122163633	17
20210122163633	17
20210122163634	17
20210122163634	17
20210122163634	17
20210122163634	17
20210122163634	17
20210122163634	17
20210122163634	17
20210122163634	17
20210122163634	17
20210122163634	17
20210122163634	17
20210122163634	17
20210122163634	17
20210122163634	17
20210122163634	17
20210122163634	17
20210122163634	17
20210122163634	17
20210122163634	17
20210122163634	17
20210122163634	17
20210122163634	17
20210122163634	17
20210122163634	17
20210122163635	17
20210122163635	17
20210122163635	17
20210122163635	17
20210122163635	17
20210122163635	17
20210122163635	17
20210122163635	17
20210122163635	17
20210122163635	17
20210122163635	17
20210122163635	17
20210122163636	17
20210122163636	17
20210122163636	17
20210122163636	17
20210122163636	17
20210122163636	17
20210122163636	17
20210122163636	17
20210122163636	17
20210122163636	17
20210122163636	17
20210122163636	17
20210122163636	17
20210122163636	17
20210122163636	17
20210122163636	17
20210122163636	17
20210122163636	17
20210122163636	17
20210122163636	17
20210122163636	17
20210122163636	17
20210122163636	17
20210122163636	17
20210122163636	17
20210122163636	17
20210122163636	17
20210122163636	17
20210122163636	17
20210122163636	17
20210122163636	17
20210122163636	17
20210122163636	17
20210122163636	17
20210122163636	17
20210122163637	17
20210122163637	17
20210122163637	17
20210122163637	17
20210122163637	17
20210122163637	17
20210122163637	17
20210122163637	17
20210122163637	17
20210122163637	17
20210122163637	17
20210122163637	17
20210122163637	17
20210122163637	17
20210122163637	17
20210122163637	17
20210122163637	17
20210122163637	17
20210122163637	17
20210122163637	17
20210122163637	17
20210122163637	17
20210122163637	17
20210122163637	17
20210122163637	17
20210122163637	17
20210122163638	17
20210122163638	17
20210122163638	17
20210122163638	17
20210122163638	17
20210122163638	17
20210122163638	17
20210122163638	17
20210122163638	17
20210122163638	17
20210122163638	17
20210122163638	17
20210122163638	17
20210122163638	17
20210122163638	17
20210122163639	17
20210122163639	17
20210122163639	17
20210122163639	17
20210122163639	17
20210122163639	17
20210122163639	17
20210122163639	17
20210122163639	17
20210122163639	17
20210122163639	17
20210122163639	17
20210122163639	17
20210122163639	17
20210122163639	17
20210122163639	17
20210122163639	17
20210122163639	17
20210122163639	17
20210122163639	17
20210122163639	17
20210122163640	17
20210122163640	17
20210122163640	17
20210122163640	17
20210122163640	17
20210122163640	17
20210122163640	17
20210122163640	17
20210122163640	17
20210122163640	17
20210122163640	17
20210122163640	17
20210122163640	17
20210122163640	17
20210122163640	17
20210122163640	17
20210122163640	17
20210122163640	17
20210122163640	17
20210122163640	17
20210122163640	17
20210122163640	17
20210122163640	17
20210122163641	17
20210122163641	17
20210122163641	17
20210122163641	17
20210122163641	17
20210122163641	17
20210122163641	17
20210122163641	17
20210122163641	17
20210122163641	17
20210122163641	17
20210122163641	17
20210122163641	17
20210122163641	17
20210122163641	17
20210122163641	17
20210122163641	17
20210122163641	17
20210122163641	17
20210122163641	17
20210122163641	17
20210122163641	17
20210122163641	17
20210122163641	17
20210122163641	17
20210122163641	17
20210122163641	17
20210122163641	17
20210122163641	17
20210122163642	17
20210122163642	17
20210122163642	17
20210122163642	17
20210122163642	17
20210122163642	17
20210122163642	17
20210122163642	17
20210122163642	17
20210122163642	17
20210122163642	17
20210122163642	17
20210122163642	17
20210122163642	17
20210122163642	17
20210122163642	17
20210122163642	17
20210122163642	17
20210122163642	17
20210122163642	17
20210122163642	17
20210122163642	17
20210122163642	17
20210122163642	17
20210122163642	17
20210122163642	17
20210122163642	17
20210122163642	17
20210122163642	17
20210122163643	17
20210122163643	17
20210122163643	17
20210122163643	17
20210122163643	17
20210122163643	17
20210122163643	17
20210122163643	17
20210122163643	17
20210122163643	17
20210122163643	17
20210122163643	17
20210122163643	17
20210122163643	17
20210122163643	17
20210122163643	17
20210122163643	17
20210122163643	17
20210122163643	17
20210122163643	17
20210122163643	17
20210122163643	17
20210122163643	17
20210122163643	17
20210122163643	17
20210122163643	17
20210122163643	17
20210122163643	17
20210122163643	17
20210122163643	17
20210122163643	17
20210122163643	17
20210122163643	17
20210122163643	17
20210122163643	17
20210122163643	17
20210122163643	17
20210122163643	17
20210122163643	17
20210122163644	17
20210122163644	17
20210122163644	17
20210122163644	17
20210122163644	17
20210122163644	17
20210122163644	17
20210122163644	17
20210122163644	17
20210122163644	17
20210122163644	17
20210122163644	17
20210122163644	17
20210122163644	17
20210122163644	17
20210122163644	17
20210122163644	17
20210122163644	17
20210122163644	17
20210122163644	17
20210122163644	17
20210122163645	17
20210122163645	17
20210122163645	17
20210122163645	17
20210122163645	17
20210122163645	17
20210122163645	17
20210122163645	17
20210122163645	17
20210122163645	17
20210122163645	17
20210122163645	17
20210122163645	17
20210122163645	17
20210122163645	17
20210122163645	17
20210122163645	17
20210122163646	17
20210122163646	17
20210122163646	17
20210122163646	17
20210122163646	17
20210122163646	17
20210122163646	17
20210122163646	17
20210122163646	17
20210122163646	17
20210122163646	17
20210122163646	17
20210122163646	17
20210122163646	17
20210122163646	17
20210122163646	17
20210122163646	17
20210122163646	17
20210122163646	17
20210122163646	17
20210122163646	17
20210122163646	17
20210122163646	17
20210122163646	17
20210122163647	17
20210122163647	17
20210122163647	17
20210122163647	17
20210122163647	17
20210122163647	17
20210122163647	17
20210122163647	17
20210122163647	17
20210122163647	17
20210122163647	17
20210122163647	17
20210122163647	17
20210122163647	17
20210122163647	17
20210122163647	17
20210122163647	17
20210122163647	17
20210122163647	17
20210122163647	17
20210122163647	17
20210122163647	17
20210122163647	17
20210122163648	17
20210122163648	17
20210122163648	17
20210122163648	17
20210122163648	17
20210122163648	17
20210122163648	17
20210122163648	17
20210122163648	17
20210122163648	17
20210122163648	17
20210122163648	17
20210122163648	17
20210122163648	17
20210122163648	17
20210122163648	17
20210122163648	17
20210122163648	17
20210122163648	17
20210122163648	17
20210122163648	17
20210122163648	17
20210122163648	17
20210122163648	17
20210122163648	17
20210122163648	17
20210122163648	17
20210122163648	17
20210122163649	17
20210122163649	17
20210122163649	17
20210122163649	17
20210122163649	17
20210122163649	17
20210122163649	17
20210122163649	17
20210122163649	17
20210122163649	17
20210122163649	17
20210122163649	17
20210122163649	17
20210122163649	17
20210122163649	17
20210122163649	17
20210122163649	17
20210122163649	17
20210122163649	17
20210122163649	17
20210122163649	17
20210122163649	17
20210122163649	17
20210122163649	17
20210122163649	17
20210122163650	17
20210122163650	17
20210122163650	17
20210122163650	17
20210122163650	17
20210122163650	17
20210122163650	17
20210122163650	17
20210122163650	17
20210122163650	17
20210122163650	17
20210122163650	17
20210122163650	17
20210122163650	17
20210122163650	17
20210122163650	17
20210122163650	17
20210122163651	17
20210122163651	17
20210122163651	17
20210122163651	17
20210122163651	17
20210122163651	17
20210122163651	17
20210122163651	17
20210122163651	17
20210122163651	17
20210122163651	17
20210122163651	17
20210122163651	17
20210122163651	17
20210122163651	17
20210122163651	17
20210122163651	17
20210122163651	17
20210122163651	17
20210122163651	17
20210122163651	17
20210122163651	17
20210122163651	17
20210122163652	17
20210122163652	17
20210122163652	17
20210122163652	17
20210122163652	17
20210122163652	17
20210122163652	17
20210122163652	17
20210122163652	17
20210122163652	17
20210122163652	17
20210122163652	17
20210122163652	17
20210122163652	17
20210122163652	17
20210122163652	17
20210122163652	17
20210122163652	17
20210122163652	17
20210122163652	17
20210122163652	17
20210122163652	17
20210122163652	17
20210122163652	17
20210122163652	17
20210122163652	17
20210122163652	17
20210122163652	17
20210122163653	17
20210122163653	17
20210122163653	17
20210122163653	17
20210122163653	17
20210122163653	17
20210122163653	17
20210122163653	17
20210122163653	17
20210122163653	17
20210122163653	17
20210122163653	17
20210122163653	17
20210122163653	17
20210122163653	17
20210122163653	17
20210122163653	17
20210122163653	17
20210122163653	17
20210122163653	17
20210122163653	17
20210122163653	17
20210122163653	17
20210122163653	17
20210122163653	17
20210122163654	17
20210122163654	17
20210122163654	17
20210122163654	17
20210122163654	17
20210122163654	17
20210122163654	17
20210122163654	17
20210122163654	17
20210122163654	17
20210122163654	17
20210122163654	17
20210122163654	17
20210122163654	17
20210122163654	17
20210122163654	17
20210122163654	17
20210122163654	17
20210122163654	17
20210122163654	17
20210122163654	17
20210122163654	17
20210122163654	17
20210122163654	17
20210122163654	17
20210122163654	17
20210122163654	17
20210122163654	17
20210122163654	17
20210122163655	17
20210122163655	17
20210122163655	17
20210122163655	17
20210122163655	17
20210122163655	17
20210122163655	17
20210122163655	17
20210122163655	17
20210122163655	17
20210122163655	17
20210122163655	17
20210122163655	17
20210122163655	17
20210122163655	17
20210122163656	17
20210122163656	17
20210122163656	17
20210122163656	17
20210122163656	17
20210122163656	17
20210122163656	17
20210122163656	17
20210122163656	17
20210122163656	17
20210122163656	17
20210122163656	17
20210122163656	17
20210122163656	17
20210122163656	17
20210122163656	17
20210122163656	17
20210122163656	17
20210122163656	17
20210122163656	17
20210122163656	17
20210122163656	17
20210122163656	17
20210122163656	17
20210122163656	17
20210122163656	17
20210122163656	17
20210122163656	17
20210122163656	17
20210122163656	17
20210122163656	17
20210122163656	17
20210122163657	17
20210122163657	17
20210122163657	17
20210122163657	17
20210122163657	17
20210122163657	17
20210122163657	17
20210122163657	17
20210122163657	17
20210122163657	17
20210122163657	17
20210122163657	17
20210122163657	17
20210122163657	17
20210122163657	17
20210122163657	17
20210122163657	17
20210122163657	17
20210122163657	17
20210122163657	17
20210122163657	17
20210122163657	17
20210122163657	17
20210122163657	17
20210122163657	17
20210122163657	17
20210122163657	17
20210122163657	17
20210122163657	17
20210122163658	17
20210122163658	17
20210122163658	17
20210122163658	17
20210122163658	17
20210122163658	17
20210122163658	17
20210122163658	17
20210122163658	17
20210122163658	17
20210122163658	17
20210122163658	17
20210122163658	17
20210122163658	17
20210122163658	17
20210122163658	17
20210122163658	17
20210122163658	17
20210122163658	17
20210122163659	17
20210122163659	17
20210122163659	17
20210122163659	17
20210122163659	17
20210122163659	17
20210122163659	17
20210122163659	17
20210122163659	17
20210122163659	17
20210122163659	17
20210122163659	17
20210122163659	17
20210122163659	17
20210122163659	17
20210122163659	17
20210122163659	17
20210122163659	17
20210122163659	17
20210122163659	17
20210122163659	17
20210122163659	17
20210122163700	17
20210122163700	17
20210122163700	17
20210122163700	17
20210122163700	17
20210122163700	17
20210122163700	17
20210122163700	17
20210122163700	17
20210122163700	17
20210122163700	17
20210122163700	17
20210122163700	17
20210122163700	17
20210122163700	17
20210122163700	17
20210122163700	17
20210122163700	17
20210122163700	17
20210122163700	17
20210122163701	17
20210122163701	17
20210122163701	17
20210122163701	17
20210122163701	17
20210122163701	17
20210122163701	17
20210122163701	17
20210122163701	17
20210122163701	17
20210122163701	17
20210122163701	17
20210122163701	17
20210122163701	17
20210122163701	17
20210122163701	17
20210122163701	17
20210122163701	17
20210122163701	17
20210122163701	17
20210122163702	17
20210122163702	17
20210122163702	17
20210122163702	17
20210122163702	17
20210122163702	17
20210122163702	17
20210122163702	17
20210122163702	17
20210122163702	17
20210122163702	17
20210122163702	17
20210122163702	17
20210122163702	17
20210122163702	17
20210122163702	17
20210122163702	17
20210122163702	17
20210122163702	17
20210122163702	17
20210122163702	17
20210122163702	17
20210122163702	17
20210122163702	17
20210122163702	17
20210122163702	17
20210122163702	17
20210122163702	17
20210122163702	17
20210122163703	17
20210122163703	17
20210122163703	17
20210122163703	17
20210122163703	17
20210122163703	17
20210122163703	17
20210122163703	17
20210122163703	17
20210122163703	17
20210122163703	17
20210122163703	17
20210122163703	17
20210122163703	17
20210122163703	17
20210122163703	17
20210122163703	17
20210122163703	17
20210122163703	17
20210122163703	17
20210122163703	17
20210122163703	17
20210122163703	17
20210122163703	17
20210122163703	17
20210122163703	17
20210122163703	17
20210122163704	17
20210122163704	17
20210122163704	17
20210122163704	17
20210122163704	17
20210122163704	17
20210122163704	17
20210122163704	17
20210122163704	17
20210122163704	17
20210122163704	17
20210122163704	17
20210122163704	17
20210122163704	17
20210122163704	17
20210122163704	17
20210122163704	17
20210122163704	17
20210122163704	17
20210122163704	17
20210122163704	17
20210122163705	17
20210122163705	17
20210122163705	17
20210122163705	17
20210122163705	17
20210122163705	17
20210122163705	17
20210122163705	17
20210122163705	17
20210122163705	17
20210122163705	17
20210122163705	17
20210122163705	17
20210122163705	17
20210122163705	17
20210122163705	17
20210122163705	17
20210122163705	17
20210122163705	17
20210122163705	17
20210122163705	17
20210122163705	17
20210122163705	17
20210122163706	17
20210122163706	17
20210122163706	17
20210122163706	17
20210122163706	17
20210122163706	17
20210122163706	17
20210122163706	17
20210122163706	17
20210122163706	17
20210122163706	17
20210122163706	17
20210122163706	17
20210122163706	17
20210122163706	17
20210122163706	17
20210122163706	17
20210122163706	17
20210122163706	17
20210122163706	17
20210122163706	17
20210122163706	17
20210122163706	17
20210122163706	17
20210122163706	17
20210122163706	17
20210122163706	17
20210122163706	17
20210122163707	17
20210122163707	17
20210122163707	17
20210122163707	17
20210122163707	17
20210122163707	17
20210122163707	17
20210122163707	17
20210122163707	17
20210122163707	17
20210122163707	17
20210122163707	17
20210122163707	17
20210122163708	17
20210122163708	17
20210122163708	17
20210122163708	17
20210122163708	17
20210122163708	17
20210122163708	17
20210122163708	17
20210122163708	17
20210122163708	17
20210122163708	17
20210122163708	17
20210122163708	17
20210122163708	17
20210122163708	17
20210122163708	17
20210122163708	17
20210122163708	17
20210122163708	17
20210122163709	17
20210122163709	17
20210122163709	17
20210122163709	17
20210122163709	17
20210122163709	17
20210122163709	17
20210122163709	17
20210122163710	17
20210122163710	17
20210122163710	17
20210122163710	17
20210122163710	17
20210122163710	17
20210122163710	17
20210122163710	17
20210122163710	17
20210122163710	17
20210122163710	17
20210122163710	17
20210122163710	17
20210122163710	17
20210122163710	17
20210122163710	17
20210122163710	17
20210122163710	17
20210122163710	17
20210122163710	17
20210122163710	17
20210122163710	17
20210122163710	17
20210122163710	17
20210122163711	17
20210122163711	17
20210122163711	17
20210122163711	17
20210122163711	17
20210122163711	17
20210122163711	17
20210122163711	17
20210122163711	17
20210122163711	17
20210122163711	17
20210122163711	17
20210122163711	17
20210122163711	17
20210122163711	17
20210122163711	17
20210122163711	17
20210122163711	17
20210122163711	17
20210122163711	17
20210122163711	17
20210122163711	17
20210122163711	17
20210122163711	17
20210122163711	17
20210122163711	17
20210122163711	17
20210122163711	17
20210122163711	17
20210122163711	17
20210122163711	17
20210122163711	17
20210122163711	17
20210122163711	17
20210122163711	17
20210122163711	17
20210122163711	17
20210122163712	17
20210122163712	17
20210122163712	17
20210122163712	17
20210122163712	17
20210122163712	17
20210122163712	17
20210122163712	17
20210122163712	17
20210122163712	17
20210122163712	17
20210122163712	17
20210122163712	17
20210122163712	17
20210122163712	17
20210122163712	17
20210122163712	17
20210122163712	17
20210122163712	17
20210122163712	17
20210122163712	17
20210122163712	17
20210122163712	17
20210122163712	17
20210122163712	17
20210122163712	17
20210122163712	17
20210122163712	17
20210122163712	17
20210122163712	17
20210122163712	17
20210122163712	17
20210122163712	17
20210122163712	17
20210122163712	17
20210122163713	17
20210122163713	17
20210122163713	17
20210122163713	17
20210122163713	17
20210122163713	17
20210122163713	17
20210122163713	17
20210122163713	17
20210122163713	17
20210122163713	17
20210122163713	17
20210122163713	17
20210122163713	17
20210122163713	17
20210122163713	17
20210122163713	17
20210122163713	17
20210122163713	17
20210122163714	17
20210122163714	17
20210122163714	17
20210122163714	17
20210122163714	17
20210122163714	17
20210122163714	17
20210122163714	17
20210122163714	17
20210122163714	17
20210122163714	17
20210122163714	17
20210122163714	17
20210122163714	17
20210122163714	17
20210122163714	17
20210122163714	17
20210122163715	17
20210122163715	17
20210122163715	17
20210122163715	17
20210122163715	17
20210122163715	17
20210122163715	17
20210122163715	17
20210122163715	17
20210122163715	17
20210122163715	17
20210122163715	17
20210122163715	17
20210122163715	17
20210122163715	17
20210122163715	17
20210122163715	17
20210122163715	17
20210122163715	17
20210122163715	17
20210122163715	17
