20210115200041	-12.4279
20210115200041	5.01086
20210115200041	0.651171
20210115200041	0.651171
20210115200041	0.651171
20210115200041	0.651171
20210115200041	0.651171
20210115200041	0.651171
20210115200041	0.734238
20210115200041	0.685013
20210115200041	0.697319
20210115200041	0.697319
20210115200041	0.697319
20210115200041	0.697319
20210115200041	0.697319
20210115200041	0.697319
20210115200041	0.697319
20210115200041	0.697319
20210115200041	0.787081
20210115200041	0.733889
20210115200041	0.747187
20210115200041	0.747187
20210115200041	0.747187
20210115200042	0.747187
20210115200042	0.747187
20210115200042	0.747187
20210115200042	0.747187
20210115200042	0.747187
20210115200042	0.747187
20210115200042	0.816246
20210115200042	0.775322
20210115200042	0.785553
20210115200042	0.785553
20210115200042	0.785553
20210115200042	0.785553
20210115200042	0.785553
20210115200042	0.785553
20210115200042	0.785553
20210115200042	0.815165
20210115200042	0.797617
20210115200042	0.802004
20210115200042	0.802004
20210115200042	0.802004
20210115200042	0.802004
20210115200042	0.802004
20210115200042	0.802004
20210115200042	0.802004
20210115200042	0.802004
20210115200042	0.939762
20210115200042	0.858128
20210115200042	0.878536
20210115200042	0.878536
20210115200042	0.878536
20210115200042	0.878536
20210115200042	0.878536
20210115200042	0.878536
20210115200043	0.878536
20210115200043	0.878536
20210115200043	0.987816
20210115200043	0.923058
20210115200043	0.939247
20210115200043	0.939247
20210115200043	0.939247
20210115200043	0.939247
20210115200043	0.939247
20210115200043	0.939247
20210115200043	0.939247
20210115200043	0.939247
20210115200043	1.11475
20210115200043	1.01075
20210115200043	1.03675
20210115200043	1.03675
20210115200043	1.03675
20210115200043	1.03675
20210115200043	1.03675
20210115200043	1.03675
20210115200043	1.03675
20210115200043	1.03675
20210115200043	1.03675
20210115200043	1.13089
20210115200043	1.0751
20210115200043	1.08905
20210115200043	1.08905
20210115200043	1.08905
20210115200043	1.08905
20210115200043	1.08905
20210115200043	1.08905
20210115200044	1.08905
20210115200044	1.25627
20210115200044	1.15718
20210115200044	1.18195
20210115200044	1.18195
20210115200044	1.18195
20210115200044	1.18195
20210115200044	1.18195
20210115200044	1.18195
20210115200044	1.18195
20210115200044	1.18195
20210115200044	1.18195
20210115200044	1.49022
20210115200044	1.30754
20210115200044	1.35321
20210115200044	1.35321
20210115200044	1.35321
20210115200044	1.35321
20210115200044	1.35321
20210115200044	1.35321
20210115200044	1.35321
20210115200044	1.93576
20210115200044	1.59054
20210115200044	1.67685
20210115200044	1.67685
20210115200044	1.67685
20210115200044	1.67685
20210115200044	1.67685
20210115200044	1.67685
20210115200044	1.67685
20210115200044	1.67685
20210115200044	2.2972
20210115200044	1.92958
20210115200044	2.02149
20210115200044	2.02149
20210115200044	2.02149
20210115200044	2.02149
20210115200044	2.02149
20210115200044	2.02149
20210115200044	2.02149
20210115200044	2.02149
20210115200044	2.02149
20210115200044	3.0119
20210115200044	2.42499
20210115200044	2.57172
20210115200044	2.57172
20210115200044	2.57172
20210115200044	2.57172
20210115200044	2.57172
20210115200044	2.57172
20210115200044	2.57172
20210115200044	3.62213
20210115200044	2.99966
20210115200045	3.15528
20210115200045	3.15528
20210115200045	3.15528
20210115200045	3.15528
20210115200045	3.15528
20210115200045	3.15528
20210115200045	3.15528
20210115200045	3.15528
20210115200045	4.18612
20210115200045	3.57525
20210115200045	3.72797
20210115200045	3.72797
20210115200045	3.72797
20210115200045	3.72797
20210115200045	3.72797
20210115200045	3.72797
20210115200045	3.72797
20210115200045	3.72797
20210115200045	4.78688
20210115200045	4.15938
20210115200045	4.31626
20210115200045	4.31626
20210115200045	4.31626
20210115200045	4.31626
20210115200045	4.31626
20210115200045	4.31626
20210115200045	4.31626
20210115200045	4.31626
20210115200045	4.31626
20210115200045	5.4915
20210115200046	4.79506
20210115200046	4.96917
20210115200046	4.96917
20210115200046	4.96917
20210115200046	4.96917
20210115200046	4.96917
20210115200046	4.96917
20210115200046	4.96917
20210115200046	4.96917
20210115200046	6.00006
20210115200046	5.38916
20210115200046	5.54189
20210115200046	5.54189
20210115200046	5.54189
20210115200046	5.54189
20210115200046	5.54189
20210115200046	5.54189
20210115200046	5.54189
20210115200046	6.59653
20210115200046	5.97156
20210115200046	6.1278
20210115200046	6.1278
20210115200046	6.1278
20210115200046	6.1278
20210115200046	6.1278
20210115200046	6.1278
20210115200046	6.1278
20210115200046	6.1278
20210115200046	7.1504
20210115200046	6.54441
20210115200046	6.69591
20210115200046	6.69591
20210115200046	6.69591
20210115200046	6.69591
20210115200046	6.69591
20210115200046	6.69591
20210115200046	6.69591
20210115200046	6.69591
20210115200047	7.49944
20210115200047	7.02328
20210115200047	7.14232
20210115200047	7.14232
20210115200047	7.14232
20210115200047	7.14232
20210115200047	7.14232
20210115200047	7.14232
20210115200047	7.14232
20210115200047	7.14232
20210115200047	7.14232
20210115200047	7.76771
20210115200047	7.39711
20210115200047	7.48976
20210115200047	7.48976
20210115200047	7.48976
20210115200047	7.48976
20210115200047	7.48976
20210115200047	7.48976
20210115200047	7.48976
20210115200047	8.03281
20210115200047	7.711
20210115200047	7.79145
20210115200047	7.79145
20210115200047	7.79145
20210115200047	7.79145
20210115200047	7.79145
20210115200047	7.79145
20210115200047	7.79145
20210115200047	7.79145
20210115200048	7.79145
20210115200048	8.24891
20210115200048	7.97783
20210115200048	8.0456
20210115200048	8.0456
20210115200048	8.0456
20210115200048	8.0456
20210115200048	8.0456
20210115200048	8.0456
20210115200048	8.0456
20210115200048	8.40449
20210115200048	8.19181
20210115200048	8.24498
20210115200048	8.24498
20210115200048	8.24498
20210115200048	8.24498
20210115200048	8.24498
20210115200048	8.24498
20210115200048	8.24498
20210115200048	8.24498
20210115200048	8.24498
20210115200048	8.48491
20210115200048	8.34273
20210115200048	8.37828
20210115200048	8.37828
20210115200048	8.37828
20210115200048	8.37828
20210115200048	8.37828
20210115200048	8.37828
20210115200048	8.37828
20210115200048	8.6762
20210115200048	8.49965
20210115200048	8.54379
20210115200048	8.54379
20210115200049	8.54379
20210115200049	8.54379
20210115200049	8.54379
20210115200049	8.54379
20210115200049	8.54379
20210115200049	8.54379
20210115200049	8.69133
20210115200049	8.6039
20210115200049	8.62576
20210115200049	8.62576
20210115200049	8.62576
20210115200049	8.62576
20210115200049	8.62576
20210115200049	8.62576
20210115200049	8.62576
20210115200049	8.62576
20210115200049	11.7963
20210115200049	9.91746
20210115200049	10.3872
20210115200049	10.3872
20210115200049	10.3872
20210115200049	10.3872
20210115200049	10.3872
20210115200049	10.3872
20210115200049	10.3872
20210115200049	10.3872
20210115200049	14.9745
20210115200049	12.2561
20210115200049	12.9357
20210115200049	12.9357
20210115200049	12.9357
20210115200049	12.9357
20210115200049	12.9357
20210115200049	12.9357
20210115200049	12.9357
20210115200050	12.9357
20210115200050	17.3709
20210115200050	14.7426
20210115200050	15.3997
20210115200050	15.3997
20210115200050	15.3997
20210115200050	15.3997
20210115200050	15.3997
20210115200050	15.3997
20210115200050	15.3997
20210115200050	15.3997
20210115200050	18.9389
20210115200050	16.8416
20210115200050	17.3659
20210115200050	17.3659
20210115200050	17.3659
20210115200050	17.3659
20210115200050	17.3659
20210115200050	17.3659
20210115200050	17.3659
20210115200050	17.3659
20210115200050	20.1868
20210115200050	18.5152
20210115200050	18.9331
20210115200050	18.9331
20210115200050	18.9331
20210115200050	18.9331
20210115200050	18.9331
20210115200050	18.9331
20210115200050	18.9331
20210115200050	18.9331
20210115200050	20.6845
20210115200050	19.6466
20210115200050	19.9061
20210115200050	19.9061
20210115200050	19.9061
20210115200050	19.9061
20210115200050	19.9061
20210115200050	19.9061
20210115200050	19.9061
20210115200051	19.9061
20210115200051	21.077
20210115200051	20.3832
20210115200051	20.5566
20210115200051	20.5566
20210115200051	20.5566
20210115200051	20.5566
20210115200051	20.5566
20210115200051	20.5566
20210115200051	20.5566
20210115200051	20.5566
20210115200051	20.5566
20210115200051	21.1373
20210115200051	20.7932
20210115200051	20.8792
20210115200051	20.8792
20210115200051	20.8792
20210115200051	20.8792
20210115200051	20.8792
20210115200051	20.8792
20210115200051	20.8792
20210115200051	21.0681
20210115200051	20.9562
20210115200051	20.9842
20210115200051	20.9842
20210115200052	20.9842
20210115200052	20.9842
20210115200052	20.9842
20210115200052	20.9842
20210115200052	20.9842
20210115200052	20.9842
20210115200052	21.0321
20210115200052	21.0037
20210115200052	21.0108
20210115200052	21.0108
20210115200052	21.0108
20210115200052	21.0108
20210115200052	21.0108
20210115200052	21.0108
20210115200052	21.0108
20210115200052	21.0108
20210115200052	21.0108
20210115200052	21.0235
20210115200052	21.016
20210115200052	21.0178
20210115200052	21.0178
20210115200052	21.0178
20210115200052	21.0178
20210115200052	21.0178
20210115200052	21.0178
20210115200052	21.0178
20210115200052	21.0178
20210115200052	21.0936
20210115200052	21.0487
20210115200052	21.0599
20210115200052	21.0599
20210115200052	21.0599
20210115200053	21.0599
20210115200053	21.0599
20210115200053	21.0599
20210115200053	21.0599
20210115200053	21.0599
20210115200053	21.2091
20210115200053	21.1207
20210115200053	21.1428
20210115200053	21.1428
20210115200053	21.1428
20210115200053	21.1428
20210115200053	21.1428
20210115200053	21.1428
20210115200053	21.1428
20210115200053	21.4751
20210115200053	21.2782
20210115200053	21.3274
20210115200053	21.3274
20210115200053	21.3274
20210115200053	21.3274
20210115200053	21.3274
20210115200053	21.3274
20210115200053	21.3274
20210115200053	21.3274
20210115200053	21.3274
20210115200053	21.7803
20210115200053	21.5119
20210115200053	21.579
20210115200053	21.579
20210115200054	21.579
20210115200054	21.579
20210115200054	21.579
20210115200054	21.579
20210115200054	21.579
20210115200054	21.579
20210115200054	22.3186
20210115200054	21.8803
20210115200054	21.9899
20210115200054	21.9899
20210115200054	21.9899
20210115200054	21.9899
20210115200054	21.9899
20210115200054	21.9899
20210115200054	21.9899
20210115200054	21.9899
20210115200054	22.8514
20210115200054	22.3409
20210115200054	22.4685
20210115200054	22.4685
20210115200054	22.4685
20210115200054	22.4685
20210115200054	22.4685
20210115200054	22.4685
20210115200054	22.4685
20210115200054	23.3988
20210115200054	22.8475
20210115200054	22.9854
20210115200054	22.9854
20210115200054	22.9854
20210115200054	22.9854
20210115200054	22.9854
20210115200054	22.9854
20210115200054	22.9854
20210115200054	22.9854
20210115200054	24.0076
20210115200054	23.4018
20210115200054	23.5533
20210115200054	23.5533
20210115200054	23.5533
20210115200054	23.5533
20210115200054	23.5533
20210115200054	23.5533
20210115200054	23.5533
20210115200054	23.5533
20210115200054	24.5608
20210115200054	23.9637
20210115200054	24.113
20210115200054	24.113
20210115200054	24.113
20210115200054	24.113
20210115200054	24.113
20210115200054	24.113
20210115200054	24.113
20210115200054	24.113
20210115200054	24.113
20210115200054	25.1499
20210115200054	24.5354
20210115200054	24.689
20210115200054	24.689
20210115200054	24.689
20210115200054	24.689
20210115200054	24.689
20210115200054	24.689
20210115200054	24.689
20210115200054	24.689
20210115200054	25.7967
20210115200055	25.1403
20210115200055	25.3044
20210115200055	25.3044
20210115200055	25.3044
20210115200055	25.3044
20210115200055	25.3044
20210115200055	25.3044
20210115200055	25.3044
20210115200055	26.2239
20210115200055	25.679
20210115200055	25.8152
20210115200055	25.8152
20210115200055	25.8152
20210115200055	25.8152
20210115200055	25.8152
20210115200055	25.8152
20210115200055	25.8152
20210115200055	25.8152
20210115200055	26.8208
20210115200055	26.2249
20210115200055	26.3739
20210115200055	26.3739
20210115200055	26.3739
20210115200055	26.3739
20210115200055	26.3739
20210115200055	26.3739
20210115200055	26.3739
20210115200055	26.3739
20210115200055	27.4251
20210115200055	26.8021
20210115200055	26.9579
20210115200055	26.9579
20210115200055	26.9579
20210115200055	26.9579
20210115200055	26.9579
20210115200055	26.9579
20210115200055	26.9579
20210115200055	26.9579
20210115200055	27.9476
20210115200055	27.3611
20210115200055	27.5077
20210115200056	27.5077
20210115200056	27.5077
20210115200056	27.5077
20210115200056	27.5077
20210115200056	27.5077
20210115200056	27.5077
20210115200056	27.5077
20210115200056	28.5503
20210115200056	27.9325
20210115200056	28.087
20210115200056	28.087
20210115200056	28.087
20210115200056	28.087
20210115200056	28.087
20210115200056	28.087
20210115200056	28.087
20210115200056	28.087
20210115200056	29.006
20210115200056	28.4614
20210115200056	28.5976
20210115200056	28.5976
20210115200056	28.5976
20210115200056	28.5976
20210115200056	28.5976
20210115200056	28.5976
20210115200056	28.5976
20210115200056	28.5976
20210115200056	28.5976
20210115200056	29.5319
20210115200056	28.9782
20210115200056	29.1167
20210115200056	29.1167
20210115200056	29.1167
20210115200056	29.1167
20210115200056	29.1167
20210115200056	29.1167
20210115200056	29.1167
20210115200056	29.1167
20210115200056	30.0005
20210115200056	29.4767
20210115200056	29.6077
20210115200056	29.6077
20210115200056	29.6077
20210115200056	29.6077
20210115200056	29.6077
20210115200056	29.6077
20210115200056	29.6077
20210115200057	30.565
20210115200057	29.9977
20210115200057	30.1395
20210115200057	30.1395
20210115200057	30.1395
20210115200057	30.1395
20210115200057	30.1395
20210115200057	30.1395
20210115200057	30.1395
20210115200057	30.1395
20210115200057	31.058
20210115200057	30.5137
20210115200057	30.6498
20210115200057	30.6498
20210115200057	30.6498
20210115200057	30.6498
20210115200057	30.6498
20210115200057	30.6498
20210115200057	30.6498
20210115200057	30.6498
20210115200057	31.6079
20210115200058	31.0401
20210115200058	31.1821
20210115200058	31.1821
20210115200058	31.1821
20210115200058	31.1821
20210115200058	31.1821
20210115200058	31.1821
20210115200058	31.1821
20210115200058	31.1821
20210115200058	31.1821
20210115200058	32.305
20210115200058	31.6396
20210115200058	31.8059
20210115200058	31.8059
20210115200058	31.8059
20210115200058	31.8059
20210115200058	31.8059
20210115200058	31.8059
20210115200058	31.8059
20210115200058	32.7783
20210115200058	32.2021
20210115200058	32.3461
20210115200058	32.3461
20210115200058	32.3461
20210115200058	32.3461
20210115200058	32.3461
20210115200058	32.3461
20210115200058	32.3461
20210115200058	32.3461
20210115200058	32.3461
20210115200058	33.5239
20210115200058	32.826
20210115200058	33.0005
20210115200058	33.0005
20210115200058	33.0005
20210115200058	33.0005
20210115200059	33.0005
20210115200059	33.0005
20210115200059	33.0005
20210115200059	34.1726
20210115200059	33.478
20210115200059	33.6516
20210115200059	33.6516
20210115200059	33.6516
20210115200059	33.6516
20210115200059	33.6516
20210115200059	33.6516
20210115200059	33.6516
20210115200059	33.6516
20210115200059	34.7727
20210115200059	34.1084
20210115200059	34.2744
20210115200059	34.2744
20210115200059	34.2744
20210115200059	34.2744
20210115200059	34.2744
20210115200059	34.2744
20210115200059	34.2744
20210115200059	34.2744
20210115200059	34.2744
20210115200059	35.4726
20210115200059	34.7626
20210115200059	34.9401
20210115200059	34.9401
20210115200059	34.9401
20210115200059	34.9401
20210115200059	34.9401
20210115200059	34.9401
20210115200059	34.9401
20210115200059	36.1186
20210115200059	35.4202
20210115200059	35.5948
20210115200059	35.5948
20210115200059	35.5948
20210115200059	35.5948
20210115200059	35.5948
20210115200059	35.5948
20210115200059	35.5948
20210115200059	35.5948
20210115200059	36.8053
20210115200059	36.088
20210115200059	36.2673
20210115200059	36.2673
20210115200059	36.2673
20210115200059	36.2673
20210115200059	36.2673
20210115200059	36.2673
20210115200059	36.2673
20210115200059	36.2673
20210115200059	36.2673
20210115200059	37.3446
20210115200059	36.7062
20210115200059	36.8658
20210115200100	36.8658
20210115200100	36.8658
20210115200100	36.8658
20210115200100	36.8658
20210115200100	36.8658
20210115200100	36.8658
20210115200100	37.8867
20210115200100	37.2817
20210115200100	37.4329
20210115200100	37.4329
20210115200100	37.4329
20210115200100	37.4329
20210115200100	37.4329
20210115200100	37.4329
20210115200100	37.4329
20210115200100	37.4329
20210115200100	37.4329
20210115200100	38.3061
20210115200100	37.7887
20210115200100	37.918
20210115200100	37.918
20210115200100	37.918
20210115200100	37.918
20210115200100	37.918
20210115200100	37.918
20210115200100	37.918
20210115200100	38.7428
20210115200100	38.254
20210115200100	38.3762
20210115200100	38.3762
20210115200100	38.3762
20210115200100	38.3762
20210115200100	38.3762
20210115200100	38.3762
20210115200100	38.3762
20210115200100	38.3762
20210115200100	38.3762
20210115200101	39.1475
20210115200101	38.6904
20210115200101	38.8047
20210115200101	38.8047
20210115200101	38.8047
20210115200101	38.8047
20210115200101	38.8047
20210115200101	38.8047
20210115200101	38.8047
20210115200101	39.6655
20210115200101	39.1554
20210115200101	39.2829
20210115200101	39.2829
20210115200101	39.2829
20210115200101	39.2829
20210115200101	39.2829
20210115200101	39.2829
20210115200101	39.2829
20210115200101	39.2829
20210115200101	40.0442
20210115200101	39.593
20210115200101	39.7058
20210115200101	39.7058
20210115200101	39.7058
20210115200101	39.7058
20210115200101	39.7058
20210115200101	39.7058
20210115200101	39.7058
20210115200101	39.7058
20210115200101	40.5881
20210115200101	40.0653
20210115200101	40.196
20210115200101	40.196
20210115200101	40.196
20210115200101	40.196
20210115200101	40.196
20210115200101	40.196
20210115200101	40.196
20210115200101	40.196
20210115200102	40.196
20210115200102	40.9182
20210115200102	40.4902
20210115200102	40.5972
20210115200102	40.5972
20210115200102	40.5972
20210115200102	40.5972
20210115200102	40.5972
20210115200102	40.5972
20210115200102	40.5972
20210115200102	40.5972
20210115200102	41.3957
20210115200102	40.9225
20210115200102	41.0408
20210115200102	41.0408
20210115200102	41.0408
20210115200102	41.0408
20210115200102	41.0408
20210115200102	41.0408
20210115200102	41.0408
20210115200102	41.0408
20210115200102	41.7059
20210115200102	41.3118
20210115200102	41.4103
20210115200102	41.4103
20210115200102	41.4103
20210115200102	41.4103
20210115200102	41.4103
20210115200102	41.4103
20210115200102	41.4103
20210115200102	42.0865
20210115200103	41.6858
20210115200103	41.7859
20210115200103	41.7859
20210115200103	41.7859
20210115200103	41.7859
20210115200103	41.7859
20210115200103	41.7859
20210115200103	41.7859
20210115200103	41.7859
20210115200103	41.7859
20210115200103	42.4714
20210115200103	42.0652
20210115200103	42.1668
20210115200103	42.1668
20210115200103	42.1668
20210115200103	42.1668
20210115200103	42.1668
20210115200103	42.1668
20210115200103	42.1668
20210115200103	42.1668
20210115200103	42.8295
20210115200103	42.4368
20210115200103	42.535
20210115200103	42.535
20210115200103	42.535
20210115200103	42.535
20210115200103	42.535
20210115200103	42.535
20210115200103	42.535
20210115200103	42.535
20210115200103	43.1521
20210115200103	42.7864
20210115200103	42.8778
20210115200103	42.8778
20210115200103	42.8778
20210115200103	42.8778
20210115200103	42.8778
20210115200103	42.8778
20210115200103	42.8778
20210115200103	42.8778
20210115200103	43.4488
20210115200103	43.1104
20210115200103	43.195
20210115200103	43.195
20210115200103	43.195
20210115200103	43.195
20210115200103	43.195
20210115200103	43.195
20210115200103	43.195
20210115200103	43.7535
20210115200103	43.4226
20210115200103	43.5053
20210115200103	43.5053
20210115200103	43.5053
20210115200103	43.5053
20210115200103	43.5053
20210115200103	43.5053
20210115200103	43.5053
20210115200104	43.5053
20210115200104	44.2041
20210115200104	43.79
20210115200104	43.8935
20210115200104	43.8935
20210115200104	43.8935
20210115200104	43.8935
20210115200104	43.8935
20210115200104	43.8935
20210115200104	43.8935
20210115200104	43.8935
20210115200104	44.4363
20210115200104	44.1146
20210115200104	44.1951
20210115200104	44.1951
20210115200104	44.1951
20210115200104	44.1951
20210115200104	44.1951
20210115200104	44.1951
20210115200104	44.1951
20210115200104	44.1951
20210115200104	44.8579
20210115200104	44.4651
20210115200104	44.5633
20210115200104	44.5633
20210115200104	44.5633
20210115200104	44.5633
20210115200104	44.5633
20210115200104	44.5633
20210115200104	44.5633
20210115200104	44.5633
20210115200104	45.1028
20210115200104	44.7831
20210115200104	44.863
20210115200104	44.863
20210115200104	44.863
20210115200104	44.863
20210115200104	44.863
20210115200104	44.863
20210115200104	44.863
20210115200104	44.863
20210115200104	45.534
20210115200104	45.1364
20210115200104	45.2358
20210115200104	45.2358
20210115200104	45.2358
20210115200104	45.2358
20210115200105	45.2358
20210115200105	45.2358
20210115200105	45.2358
20210115200105	45.2358
20210115200105	45.2358
20210115200105	45.8934
20210115200105	45.5037
20210115200105	45.6011
20210115200105	45.6011
20210115200105	45.6011
20210115200105	45.6011
20210115200105	45.6011
20210115200105	45.6011
20210115200105	45.6011
20210115200105	46.3718
20210115200105	45.9151
20210115200105	46.0293
20210115200105	46.0293
20210115200105	46.0293
20210115200105	46.0293
20210115200105	46.0293
20210115200105	46.0293
20210115200105	46.0293
20210115200105	46.0293
20210115200105	46.5465
20210115200105	46.24
20210115200105	46.3167
20210115200105	46.3167
20210115200105	46.3167
20210115200105	46.3167
20210115200105	46.3167
20210115200105	46.3167
20210115200105	46.3167
20210115200105	46.3167
20210115200105	46.3167
20210115200105	46.7732
20210115200105	46.5027
20210115200105	46.5703
20210115200105	46.5703
20210115200105	46.5703
20210115200105	46.5703
20210115200105	46.5703
20210115200105	46.5703
20210115200105	46.5703
20210115200105	46.9665
20210115200105	46.7317
20210115200105	46.7904
20210115200105	46.7904
20210115200105	46.7904
20210115200105	46.7904
20210115200106	46.7904
20210115200106	46.7904
20210115200106	46.7904
20210115200106	46.7904
20210115200106	46.7904
20210115200106	47.2361
20210115200106	46.972
20210115200106	47.038
20210115200106	47.038
20210115200106	47.038
20210115200106	47.038
20210115200106	47.038
20210115200106	47.038
20210115200106	47.038
20210115200106	47.038
20210115200106	47.4788
20210115200106	47.2176
20210115200106	47.2829
20210115200106	47.2829
20210115200106	47.2829
20210115200106	47.2829
20210115200106	47.2829
20210115200106	47.2829
20210115200106	47.2829
20210115200106	47.8017
20210115200106	47.4943
20210115200106	47.5711
20210115200106	47.5711
20210115200107	47.5711
20210115200107	47.5711
20210115200107	47.5711
20210115200107	47.5711
20210115200107	47.5711
20210115200107	47.5711
20210115200107	47.5711
20210115200107	48.1055
20210115200107	47.7888
20210115200107	47.868
20210115200107	47.868
20210115200107	47.868
20210115200107	47.868
20210115200107	47.868
20210115200107	47.868
20210115200107	47.868
20210115200107	48.3362
20210115200107	48.0588
20210115200107	48.1281
20210115200107	48.1281
20210115200107	48.1281
20210115200107	48.1281
20210115200107	48.1281
20210115200107	48.1281
20210115200107	48.1281
20210115200107	48.1281
20210115200107	48.1281
20210115200107	48.588
20210115200107	48.3155
20210115200107	48.3836
20210115200107	48.3836
20210115200107	48.3836
20210115200107	48.3836
20210115200107	48.3836
20210115200107	48.3836
20210115200107	48.3836
20210115200107	48.8915
20210115200108	48.5905
20210115200108	48.6658
20210115200108	48.6658
20210115200108	48.6658
20210115200108	48.6658
20210115200108	48.6658
20210115200108	48.6658
20210115200108	48.6658
20210115200108	48.6658
20210115200108	48.6658
20210115200108	48.964
20210115200108	48.7873
20210115200108	48.8315
20210115200108	48.8315
20210115200108	48.8315
20210115200108	48.8315
20210115200108	48.8315
20210115200108	48.8315
20210115200109	48.8315
20210115200109	49.132
20210115200109	48.9539
20210115200109	48.9984
20210115200109	48.9984
20210115200109	48.9984
20210115200109	48.9984
20210115200109	48.9984
20210115200109	48.9984
20210115200109	48.9984
20210115200109	48.9984
20210115200109	48.9984
20210115200109	49.3378
20210115200109	49.1367
20210115200109	49.187
20210115200109	49.187
20210115200109	49.187
20210115200109	49.187
20210115200109	49.187
20210115200109	49.187
20210115200109	49.187
20210115200109	49.5358
20210115200109	49.3291
20210115200109	49.3808
20210115200109	49.3808
20210115200109	49.3808
20210115200109	49.3808
20210115200109	49.3808
20210115200109	49.3808
20210115200109	49.3808
20210115200109	49.3808
20210115200109	49.7398
20210115200109	49.527
20210115200109	49.5802
20210115200109	49.5802
20210115200109	49.5802
20210115200109	49.5802
20210115200109	49.5802
20210115200109	49.5802
20210115200109	49.5802
20210115200109	49.5802
20210115200109	49.5802
20210115200109	50.0575
20210115200109	49.7747
20210115200109	49.8454
20210115200109	49.8454
20210115200109	49.8454
20210115200109	49.8454
20210115200109	49.8454
20210115200109	49.8454
20210115200109	49.8454
20210115200109	49.8454
20210115200110	50.2929
20210115200110	50.0277
20210115200110	50.094
20210115200110	50.094
20210115200110	50.094
20210115200110	50.094
20210115200110	50.094
20210115200110	50.094
20210115200110	50.094
20210115200110	50.094
20210115200110	50.7892
20210115200110	50.3772
20210115200110	50.4802
20210115200110	50.4802
20210115200110	50.4802
20210115200110	50.4802
20210115200110	50.4802
20210115200110	50.4802
20210115200110	50.4802
20210115200110	51.2566
20210115200110	50.7965
20210115200110	50.9116
20210115200110	50.9116
20210115200110	50.9116
20210115200110	50.9116
20210115200110	50.9116
20210115200110	50.9116
20210115200110	50.9116
20210115200110	50.9116
20210115200110	50.9116
20210115200110	51.7612
20210115200110	51.2577
20210115200110	51.3836
20210115200110	51.3836
20210115200110	51.3836
20210115200110	51.3836
20210115200110	51.3836
20210115200110	51.3836
20210115200110	51.3836
20210115200110	52.249
20210115200110	51.7361
20210115200110	51.8643
20210115200110	51.8643
20210115200110	51.8643
20210115200110	51.8643
20210115200110	51.8643
20210115200111	51.8643
20210115200111	51.8643
20210115200111	51.8643
20210115200111	52.6441
20210115200111	52.182
20210115200111	52.2975
20210115200111	52.2975
20210115200111	52.2975
20210115200111	52.2975
20210115200111	52.2975
20210115200111	52.2975
20210115200111	52.2975
20210115200111	52.2975
20210115200111	53.0447
20210115200111	52.6019
20210115200111	52.7126
20210115200111	52.7126
20210115200111	52.7126
20210115200111	52.7126
20210115200111	52.7126
20210115200111	52.7126
20210115200111	52.7126
20210115200111	52.7126
20210115200111	53.4883
20210115200111	53.0286
20210115200111	53.1435
20210115200111	53.1435
20210115200111	53.1435
20210115200111	53.1435
20210115200111	53.1435
20210115200112	53.1435
20210115200112	53.1435
20210115200112	53.1435
20210115200112	53.1435
20210115200112	53.8817
20210115200112	53.4443
20210115200112	53.5536
20210115200112	53.5536
20210115200112	53.5536
20210115200112	53.5536
20210115200112	53.5536
20210115200112	53.5536
20210115200112	53.5536
20210115200112	54.3514
20210115200112	53.8787
20210115200112	53.9969
20210115200112	53.9969
20210115200112	53.9969
20210115200112	53.9969
20210115200112	53.9969
20210115200112	53.9969
20210115200112	53.9969
20210115200112	53.9969
20210115200112	54.6858
20210115200112	54.2776
20210115200112	54.3796
20210115200112	54.3796
20210115200112	54.3796
20210115200112	54.3796
20210115200112	54.3796
20210115200112	54.3796
20210115200112	54.3796
20210115200112	54.3796
20210115200112	55.0382
20210115200112	54.6479
20210115200112	54.7455
20210115200113	54.7455
20210115200113	54.7455
20210115200113	54.7455
20210115200113	54.7455
20210115200113	54.7455
20210115200113	54.7455
20210115200113	54.7455
20210115200113	54.7455
20210115200113	55.4421
20210115200113	55.0293
20210115200113	55.1325
20210115200113	55.1325
20210115200113	55.1325
20210115200113	55.1325
20210115200113	55.1325
20210115200113	55.1325
20210115200113	55.1325
20210115200113	55.1325
20210115200113	55.9174
20210115200113	55.4522
20210115200113	55.5685
20210115200114	55.5685
20210115200114	55.5685
20210115200114	55.5685
20210115200114	55.5685
20210115200114	55.5685
20210115200114	55.5685
20210115200114	56.3721
20210115200114	55.8959
20210115200114	56.015
20210115200114	56.015
20210115200114	56.015
20210115200114	56.015
20210115200114	56.015
20210115200114	56.015
20210115200114	56.015
20210115200114	56.015
20210115200114	56.015
20210115200114	56.8565
20210115200114	56.3578
20210115200114	56.4825
20210115200114	56.4825
20210115200115	56.4825
20210115200115	56.4825
20210115200115	56.4825
20210115200115	56.4825
20210115200115	56.4825
20210115200115	56.4825
20210115200115	57.1886
20210115200115	56.7702
20210115200115	56.8748
20210115200115	56.8748
20210115200115	56.8748
20210115200115	56.8748
20210115200115	56.8748
20210115200115	56.8748
20210115200115	56.8748
20210115200115	56.8748
20210115200115	57.5881
20210115200115	57.1654
20210115200115	57.2711
20210115200115	57.2711
20210115200115	57.2711
20210115200115	57.2711
20210115200115	57.2711
20210115200115	57.2711
20210115200115	57.2711
20210115200115	57.9245
20210115200115	57.5373
20210115200115	57.6341
20210115200115	57.6341
20210115200115	57.6341
20210115200115	57.6341
20210115200115	57.6341
20210115200115	57.6341
20210115200115	57.6341
20210115200115	57.6341
20210115200115	58.2112
20210115200115	57.8692
20210115200115	57.9547
20210115200115	57.9547
20210115200115	57.9547
20210115200115	57.9547
20210115200115	57.9547
20210115200115	57.9547
20210115200115	57.9547
20210115200115	57.9547
20210115200115	57.9547
20210115200115	58.5964
20210115200115	58.2162
20210115200115	58.3112
20210115200115	58.3112
20210115200116	58.3112
20210115200116	58.3112
20210115200116	58.3112
20210115200116	58.3112
20210115200116	58.3112
20210115200116	58.9661
20210115200116	58.578
20210115200116	58.675
20210115200116	58.675
20210115200116	58.675
20210115200116	58.675
20210115200116	58.675
20210115200116	58.675
20210115200116	58.675
20210115200116	58.675
20210115200116	58.675
20210115200116	59.2977
20210115200116	58.9287
20210115200116	59.021
20210115200116	59.021
20210115200116	59.021
20210115200116	59.021
20210115200116	59.021
20210115200116	59.021
20210115200116	59.021
20210115200116	59.5988
20210115200116	59.2564
20210115200116	59.342
20210115200117	59.342
20210115200117	59.342
20210115200117	59.342
20210115200117	59.342
20210115200117	59.342
20210115200117	59.342
20210115200117	59.342
20210115200117	59.342
20210115200117	59.8964
20210115200117	59.5679
20210115200117	59.65
20210115200117	59.65
20210115200117	59.65
20210115200117	59.65
20210115200117	59.65
20210115200117	59.65
20210115200117	59.65
20210115200117	60.0119
20210115200117	59.7974
20210115200117	59.851
20210115200117	59.851
20210115200117	59.851
20210115200117	59.851
20210115200117	59.851
20210115200117	59.851
20210115200117	59.851
20210115200117	59.851
20210115200117	60.1701
20210115200118	59.981
20210115200118	60.0283
20210115200118	60.0283
20210115200118	60.0283
20210115200118	60.0283
20210115200118	60.0283
20210115200118	60.0283
20210115200118	60.0283
20210115200118	60.0283
20210115200118	60.0283
20210115200118	60.3505
20210115200118	60.1596
20210115200118	60.2073
20210115200118	60.2073
20210115200118	60.2073
20210115200118	60.2073
20210115200118	60.2073
20210115200118	60.2073
20210115200118	60.2073
20210115200118	60.2073
20210115200118	60.4878
20210115200118	60.3216
20210115200118	60.3631
20210115200118	60.3631
20210115200118	60.3631
20210115200118	60.3631
20210115200118	60.3631
20210115200118	60.3631
20210115200118	60.3631
20210115200118	60.6533
20210115200118	60.4813
20210115200118	60.5243
20210115200118	60.5243
20210115200118	60.5243
20210115200118	60.5243
20210115200118	60.5243
20210115200118	60.5243
20210115200118	60.5243
20210115200118	60.5243
20210115200118	60.5243
20210115200118	60.9108
20210115200118	60.6818
20210115200118	60.739
20210115200118	60.739
20210115200119	60.739
20210115200119	60.739
20210115200119	60.739
20210115200119	60.739
20210115200119	60.739
20210115200119	61.0661
20210115200119	60.8723
20210115200119	60.9207
20210115200119	60.9207
20210115200119	60.9207
20210115200119	60.9207
20210115200119	60.9207
20210115200119	60.9207
20210115200119	60.9207
20210115200119	60.9207
20210115200119	61.3175
20210115200119	61.0824
20210115200119	61.1412
20210115200119	61.1412
20210115200119	61.1412
20210115200119	61.1412
20210115200119	61.1412
20210115200119	61.1412
20210115200119	61.1412
20210115200119	61.1412
20210115200119	61.1412
20210115200119	61.5962
20210115200119	61.3265
20210115200119	61.394
20210115200119	61.394
20210115200119	61.394
20210115200119	61.394
20210115200120	61.394
20210115200120	61.394
20210115200120	61.394
20210115200120	61.8538
20210115200120	61.5813
20210115200120	61.6494
20210115200120	61.6494
20210115200120	61.6494
20210115200120	61.6494
20210115200120	61.6494
20210115200120	61.6494
20210115200120	61.6494
20210115200120	61.6494
20210115200120	61.6494
20210115200120	62.0027
20210115200120	61.7934
20210115200120	61.8457
20210115200120	61.8457
20210115200120	61.8457
20210115200120	61.8457
20210115200120	61.8457
20210115200120	61.8457
20210115200120	61.8457
20210115200120	62.1614
20210115200120	61.9743
20210115200120	62.0211
20210115200120	62.0211
20210115200120	62.0211
20210115200120	62.0211
20210115200120	62.0211
20210115200120	62.0211
20210115200120	62.0211
20210115200120	62.0211
20210115200120	62.4735
20210115200120	62.2054
20210115200120	62.2724
20210115200120	62.2724
20210115200120	62.2724
20210115200120	62.2724
20210115200120	62.2724
20210115200120	62.2724
20210115200120	62.2724
20210115200120	62.2724
20210115200120	62.2724
20210115200120	62.7671
20210115200120	62.474
20210115200120	62.5473
20210115200120	62.5473
20210115200120	62.5473
20210115200120	62.5473
20210115200120	62.5473
20210115200120	62.5473
20210115200120	62.5473
20210115200120	62.9991
20210115200120	62.7313
20210115200120	62.7983
20210115200120	62.7983
20210115200120	62.7983
20210115200121	62.7983
20210115200121	62.7983
20210115200121	62.7983
20210115200121	62.7983
20210115200121	62.7983
20210115200121	63.27
20210115200121	62.9905
20210115200121	63.0603
20210115200121	63.0603
20210115200121	63.0603
20210115200121	63.0603
20210115200121	63.0603
20210115200121	63.0603
20210115200121	63.0603
20210115200121	63.0603
20210115200121	63.0603
20210115200121	63.4458
20210115200121	63.2174
20210115200121	63.2745
20210115200121	63.2745
20210115200121	63.2745
20210115200121	63.2745
20210115200121	63.2745
20210115200121	63.2745
20210115200121	63.2745
20210115200121	63.7103
20210115200121	63.452
20210115200121	63.5166
20210115200121	63.5166
20210115200121	63.5166
20210115200122	63.5166
20210115200122	63.5166
20210115200122	63.5166
20210115200122	63.5166
20210115200122	63.5166
20210115200122	63.5166
20210115200122	63.8251
20210115200122	63.6423
20210115200122	63.688
20210115200122	63.688
20210115200122	63.688
20210115200122	63.688
20210115200122	63.688
20210115200122	63.688
20210115200122	63.688
20210115200122	63.9391
20210115200122	63.7903
20210115200122	63.8275
20210115200122	63.8275
20210115200122	63.8275
20210115200122	63.8275
20210115200122	63.8275
20210115200122	63.8275
20210115200122	63.8275
20210115200122	63.8275
20210115200122	64.0866
20210115200122	63.9331
20210115200122	63.9714
20210115200123	63.9714
20210115200123	63.9714
20210115200123	63.9714
20210115200123	63.9714
20210115200123	63.9714
20210115200123	63.9714
20210115200123	63.9714
20210115200123	63.9714
20210115200123	64.1829
20210115200123	64.0576
20210115200123	64.0889
20210115200123	64.0889
20210115200123	64.0889
20210115200123	64.0889
20210115200123	64.0889
20210115200123	64.0889
20210115200123	64.0889
20210115200123	64.3233
20210115200123	64.1844
20210115200123	64.2191
20210115200123	64.2191
20210115200123	64.2191
20210115200123	64.2191
20210115200123	64.2191
20210115200123	64.2191
20210115200123	64.2191
20210115200123	64.2191
20210115200123	64.4094
20210115200124	64.2966
20210115200124	64.3248
20210115200124	64.3248
20210115200124	64.3248
20210115200124	64.3248
20210115200124	64.3248
20210115200124	64.3248
20210115200124	64.3248
20210115200124	64.3248
20210115200124	64.5699
20210115200124	64.4247
20210115200124	64.461
20210115200124	64.461
20210115200124	64.461
20210115200124	64.461
20210115200124	64.461
20210115200124	64.461
20210115200124	64.461
20210115200124	64.461
20210115200124	64.6874
20210115200124	64.5532
20210115200124	64.5868
20210115200124	64.5868
20210115200124	64.5868
20210115200124	64.5868
20210115200124	64.5868
20210115200124	64.5868
20210115200124	64.5868
20210115200124	64.5868
20210115200124	64.5868
20210115200124	64.9123
20210115200124	64.7194
20210115200124	64.7676
20210115200124	64.7676
20210115200124	64.7676
20210115200124	64.7676
20210115200124	64.7676
20210115200124	64.7676
20210115200124	64.7676
20210115200124	65.1285
20210115200124	64.9146
20210115200124	64.9681
20210115200124	64.9681
20210115200124	64.9681
20210115200124	64.9681
20210115200124	64.9681
20210115200124	64.9681
20210115200124	64.9681
20210115200124	64.9681
20210115200125	65.3996
20210115200125	65.1439
20210115200125	65.2078
20210115200125	65.2078
20210115200125	65.2078
20210115200125	65.2078
20210115200125	65.2078
20210115200125	65.2078
20210115200125	65.2078
20210115200125	65.2078
20210115200125	65.2078
20210115200125	65.8149
20210115200125	65.4552
20210115200125	65.5451
20210115200125	65.5451
20210115200125	65.5451
20210115200125	65.5451
20210115200125	65.5451
20210115200125	65.5451
20210115200125	65.5451
20210115200125	65.5451
20210115200125	66.161
20210115200125	65.796
20210115200125	65.8873
20210115200125	65.8873
20210115200125	65.8873
20210115200125	65.8873
20210115200125	65.8873
20210115200125	65.8873
20210115200125	65.8873
20210115200125	66.5395
20210115200125	66.153
20210115200125	66.2496
20210115200125	66.2496
20210115200125	66.2496
20210115200125	66.2496
20210115200125	66.2496
20210115200125	66.2496
20210115200125	66.2496
20210115200125	66.2496
20210115200125	66.2496
20210115200125	66.8898
20210115200125	66.5104
20210115200125	66.6053
20210115200125	66.6053
20210115200125	66.6053
20210115200125	66.6053
20210115200125	66.6053
20210115200125	66.6053
20210115200125	66.6053
20210115200126	67.179
20210115200126	66.839
20210115200126	66.924
20210115200126	66.924
20210115200126	66.924
20210115200126	66.924
20210115200126	66.924
20210115200126	66.924
20210115200126	66.924
20210115200126	66.924
20210115200126	67.5607
20210115200126	67.1834
20210115200126	67.2777
20210115200126	67.2777
20210115200126	67.2777
20210115200126	67.2777
20210115200126	67.2777
20210115200126	67.2777
20210115200126	67.2777
20210115200126	67.2777
20210115200126	67.2777
20210115200126	68.0357
20210115200126	67.5865
20210115200126	67.6988
20210115200126	67.6988
20210115200126	67.6988
20210115200126	67.6988
20210115200126	67.6988
20210115200126	67.6988
20210115200126	67.6988
20210115200126	67.6988
20210115200126	68.2843
20210115200127	67.9374
20210115200127	68.0241
20210115200127	68.0241
20210115200127	68.0241
20210115200127	68.0241
20210115200127	68.0241
20210115200127	68.0241
20210115200127	68.0241
20210115200127	68.6095
20210115200127	68.2626
20210115200127	68.3493
20210115200127	68.3493
20210115200127	68.3493
20210115200127	68.3493
20210115200127	68.3493
20210115200127	68.3493
20210115200127	68.3493
20210115200127	68.3493
20210115200127	68.9382
20210115200127	68.5892
20210115200127	68.6765
20210115200127	68.6765
20210115200127	68.6765
20210115200127	68.6765
20210115200127	68.6765
20210115200127	68.6765
20210115200127	68.6765
20210115200127	68.6765
20210115200127	69.1869
20210115200127	68.8844
20210115200127	68.96
20210115200127	68.96
20210115200127	68.96
20210115200127	68.96
20210115200127	68.96
20210115200127	68.96
20210115200127	68.96
20210115200127	68.96
20210115200127	68.96
20210115200127	69.4841
20210115200127	69.1735
20210115200127	69.2512
20210115200127	69.2512
20210115200127	69.2512
20210115200127	69.2512
20210115200127	69.2512
20210115200128	69.2512
20210115200128	69.2512
20210115200128	69.8652
20210115200128	69.5014
20210115200128	69.5923
20210115200128	69.5923
20210115200128	69.5923
20210115200128	69.5923
20210115200128	69.5923
20210115200128	69.5923
20210115200128	69.5923
20210115200128	69.5923
20210115200128	70.0328
20210115200128	69.7718
20210115200128	69.837
20210115200128	69.837
20210115200128	69.837
20210115200128	69.837
20210115200128	69.837
20210115200128	69.837
20210115200128	69.837
20210115200128	69.837
20210115200128	70.3338
20210115200128	70.0394
20210115200128	70.113
20210115200128	70.113
20210115200129	70.113
20210115200129	70.113
20210115200129	70.113
20210115200129	70.113
20210115200129	70.113
20210115200129	70.113
20210115200129	70.5336
20210115200129	70.2844
20210115200129	70.3467
20210115200129	70.3467
20210115200129	70.3467
20210115200129	70.3467
20210115200129	70.3467
20210115200129	70.3467
20210115200129	70.3467
20210115200129	70.3467
20210115200129	70.3467
20210115200129	70.6979
20210115200129	70.4898
20210115200129	70.5418
20210115200129	70.5418
20210115200129	70.5418
20210115200129	70.5418
20210115200129	70.5418
20210115200129	70.5418
20210115200129	70.5418
20210115200129	70.7757
20210115200129	70.6371
20210115200129	70.6717
20210115200129	70.6717
20210115200129	70.6717
20210115200129	70.6717
20210115200129	70.6717
20210115200129	70.6717
20210115200130	70.6717
20210115200130	70.6717
20210115200130	70.9274
20210115200130	70.7759
20210115200130	70.8138
20210115200130	70.8138
20210115200130	70.8138
20210115200130	70.8138
20210115200130	70.8138
20210115200130	70.8138
20210115200130	70.8138
20210115200130	70.8138
20210115200130	71.0692
20210115200130	70.9178
20210115200130	70.9557
20210115200130	70.9557
20210115200130	70.9557
20210115200130	70.9557
20210115200130	70.9557
20210115200130	70.9557
20210115200130	70.9557
20210115200130	70.9557
20210115200130	71.25
20210115200130	71.0756
20210115200130	71.1192
20210115200130	71.1192
20210115200130	71.1192
20210115200130	71.1192
20210115200130	71.1192
20210115200130	71.1192
20210115200130	71.1192
20210115200130	71.1192
20210115200130	71.5314
20210115200130	71.2871
20210115200130	71.3482
20210115200130	71.3482
20210115200130	71.3482
20210115200130	71.3482
20210115200130	71.3482
20210115200130	71.3482
20210115200130	71.3482
20210115200130	71.3482
20210115200130	71.7685
20210115200130	71.5194
20210115200130	71.5817
20210115200131	71.5817
20210115200131	71.5817
20210115200131	71.5817
20210115200131	71.5817
20210115200131	71.5817
20210115200131	71.5817
20210115200131	71.5817
20210115200131	71.5817
20210115200131	72.0478
20210115200131	71.7716
20210115200131	71.8406
20210115200131	71.8406
20210115200131	71.8406
20210115200131	71.8406
20210115200131	71.8406
20210115200131	71.8406
20210115200131	71.8406
20210115200131	72.279
20210115200131	72.0192
20210115200131	72.0842
20210115200131	72.0842
20210115200131	72.0842
20210115200131	72.0842
20210115200131	72.0842
20210115200131	72.0842
20210115200131	72.0842
20210115200131	72.0842
20210115200131	72.6324
20210115200131	72.3075
20210115200131	72.3887
20210115200131	72.3887
20210115200131	72.3887
20210115200131	72.3887
20210115200131	72.3887
20210115200131	72.3887
20210115200131	72.3887
20210115200131	72.3887
20210115200131	72.3887
20210115200131	72.7846
20210115200131	72.55
20210115200131	72.6087
20210115200131	72.6087
20210115200131	72.6087
20210115200131	72.6087
20210115200131	72.6087
20210115200131	72.6087
20210115200131	72.6087
20210115200131	72.6087
20210115200131	72.9466
20210115200131	72.7464
20210115200131	72.7964
20210115200131	72.7964
20210115200131	72.7964
20210115200131	72.7964
20210115200131	72.7964
20210115200131	72.7964
20210115200131	72.7964
20210115200131	73.1944
20210115200131	72.9586
20210115200131	73.0175
20210115200131	73.0175
20210115200131	73.0175
20210115200131	73.0175
20210115200131	73.0175
20210115200132	73.0175
20210115200132	73.0175
20210115200132	73.0175
20210115200132	73.4853
20210115200132	73.2081
20210115200132	73.2774
20210115200132	73.2774
20210115200132	73.2774
20210115200132	73.2774
20210115200132	73.2774
20210115200132	73.2774
20210115200132	73.2774
20210115200132	73.2774
20210115200132	73.7415
20210115200132	73.4665
20210115200132	73.5352
20210115200132	73.5352
20210115200132	73.5352
20210115200132	73.5352
20210115200132	73.5352
20210115200132	73.5352
20210115200132	73.5352
20210115200132	73.5352
20210115200132	73.5352
20210115200132	73.88
20210115200133	73.6757
20210115200133	73.7267
20210115200133	73.7267
20210115200133	73.7267
20210115200133	73.7267
20210115200133	73.7267
20210115200133	73.7267
20210115200133	73.7267
20210115200133	73.7267
20210115200133	74.035
20210115200133	73.8523
20210115200133	73.898
20210115200133	73.898
20210115200133	73.898
20210115200133	73.898
20210115200133	73.898
20210115200133	73.898
20210115200133	73.898
20210115200133	73.898
20210115200133	74.2395
20210115200133	74.0371
20210115200133	74.0877
20210115200133	74.0877
20210115200133	74.0877
20210115200133	74.0877
20210115200133	74.0877
20210115200133	74.0877
20210115200133	74.0877
20210115200133	74.2881
20210115200133	74.1693
20210115200133	74.199
20210115200133	74.199
20210115200133	74.199
20210115200133	74.199
20210115200133	74.199
20210115200133	74.199
20210115200133	74.199
20210115200133	74.199
20210115200134	74.199
20210115200134	74.4693
20210115200134	74.3091
20210115200134	74.3492
20210115200134	74.3492
20210115200134	74.3492
20210115200134	74.3492
20210115200134	74.3492
20210115200134	74.3492
20210115200134	74.3492
20210115200134	74.5739
20210115200134	74.4407
20210115200134	74.474
20210115200134	74.474
20210115200134	74.474
20210115200134	74.474
20210115200134	74.474
20210115200134	74.474
20210115200134	74.474
20210115200134	74.474
20210115200134	74.474
20210115200135	74.636
20210115200135	74.54
20210115200135	74.564
20210115200135	74.564
20210115200135	74.564
20210115200135	74.564
20210115200135	74.564
20210115200135	74.564
20210115200135	74.564
20210115200135	74.962
20210115200135	74.7262
20210115200135	74.7851
20210115200135	74.7851
20210115200135	74.7851
20210115200135	74.7851
20210115200135	74.7851
20210115200135	74.7851
20210115200135	74.7851
20210115200135	74.7851
20210115200135	74.7851
20210115200135	75.1772
20210115200136	74.9449
20210115200136	75.003
20210115200136	75.003
20210115200136	75.003
20210115200136	75.003
20210115200136	75.003
20210115200136	75.003
20210115200136	75.003
20210115200136	75.3112
20210115200136	75.1285
20210115200136	75.1742
20210115200136	75.1742
20210115200136	75.1742
20210115200136	75.1742
20210115200136	75.1742
20210115200136	75.1742
20210115200136	75.1742
20210115200136	75.1742
20210115200136	75.1742
20210115200136	75.5901
20210115200136	75.3436
20210115200136	75.4053
20210115200136	75.4053
20210115200137	75.4053
20210115200137	75.4053
20210115200137	75.4053
20210115200137	75.4053
20210115200137	75.4053
20210115200137	75.4053
20210115200137	75.7454
20210115200137	75.5438
20210115200137	75.5942
20210115200137	75.5942
20210115200137	75.5942
20210115200137	75.5942
20210115200137	75.5942
20210115200137	75.5942
20210115200137	75.5942
20210115200137	75.9969
20210115200137	75.7583
20210115200137	75.818
20210115200137	75.818
20210115200137	75.818
20210115200137	75.818
20210115200137	75.818
20210115200137	75.818
20210115200137	75.818
20210115200137	75.818
20210115200137	76.1901
20210115200137	75.9696
20210115200138	76.0247
20210115200138	76.0247
20210115200138	76.0247
20210115200138	76.0247
20210115200138	76.0247
20210115200138	76.0247
20210115200138	76.0247
20210115200138	76.0247
20210115200138	76.493
20210115200138	76.2155
20210115200138	76.2849
20210115200138	76.2849
20210115200138	76.2849
20210115200138	76.2849
20210115200138	76.2849
20210115200138	76.2849
20210115200138	76.2849
20210115200138	76.2849
20210115200138	76.6958
20210115200138	76.4523
20210115200138	76.5132
20210115200138	76.5132
20210115200138	76.5132
20210115200139	76.5132
20210115200139	76.5132
20210115200139	76.5132
20210115200139	76.5132
20210115200139	76.5132
20210115200139	76.9164
20210115200139	76.6775
20210115200139	76.7372
20210115200139	76.7372
20210115200139	76.7372
20210115200139	76.7372
20210115200139	76.7372
20210115200139	76.7372
20210115200139	76.7372
20210115200139	76.7372
20210115200139	76.7372
20210115200139	77.1927
20210115200139	76.9228
20210115200139	76.9902
20210115200139	76.9902
20210115200139	76.9902
20210115200139	76.9902
20210115200139	76.9902
20210115200139	76.9902
20210115200139	76.9902
20210115200139	77.6977
20210115200139	77.2785
20210115200139	77.3833
20210115200139	77.3833
20210115200139	77.3833
20210115200139	77.3833
20210115200139	77.3833
20210115200139	77.3833
20210115200139	77.3833
20210115200139	77.3833
20210115200139	78.0061
20210115200139	77.637
20210115200139	77.7293
20210115200139	77.7293
20210115200139	77.7293
20210115200139	77.7293
20210115200139	77.7293
20210115200139	77.7293
20210115200139	77.7293
20210115200139	77.7293
20210115200139	77.7293
20210115200139	78.4313
20210115200139	78.0153
20210115200139	78.1193
20210115200139	78.1193
20210115200139	78.1193
20210115200140	78.1193
20210115200140	78.1193
20210115200140	78.1193
20210115200140	78.1193
20210115200140	78.7916
20210115200140	78.3932
20210115200140	78.4928
20210115200140	78.4928
20210115200140	78.4928
20210115200140	78.4928
20210115200140	78.4928
20210115200140	78.4928
20210115200140	78.4928
20210115200140	78.4928
20210115200140	78.4928
20210115200140	79.3136
20210115200140	78.8272
20210115200140	78.9488
20210115200140	78.9488
20210115200140	78.9488
20210115200140	78.9488
20210115200140	78.9488
20210115200140	78.9488
20210115200140	78.9488
20210115200140	78.9488
20210115200140	79.6493
20210115200140	79.2342
20210115200140	79.338
20210115200140	79.338
20210115200140	79.338
20210115200140	79.338
20210115200140	79.338
20210115200140	79.338
20210115200140	79.338
20210115200141	80.1106
20210115200141	79.6528
20210115200141	79.7672
20210115200141	79.7672
20210115200141	79.7672
20210115200141	79.7672
20210115200141	79.7672
20210115200141	79.7672
20210115200141	79.7672
20210115200141	79.7672
20210115200141	79.7672
20210115200141	80.3854
20210115200141	80.0191
20210115200141	80.1107
20210115200141	80.1107
20210115200141	80.1107
20210115200141	80.1107
20210115200141	80.1107
20210115200141	80.1107
20210115200141	80.1107
20210115200141	80.1107
20210115200141	80.734
20210115200141	80.3646
20210115200141	80.457
20210115200141	80.457
20210115200141	80.457
20210115200141	80.457
20210115200141	80.457
20210115200141	80.457
20210115200141	80.457
20210115200141	81.0942
20210115200141	80.7166
20210115200141	80.811
20210115200142	80.811
20210115200142	80.811
20210115200142	80.811
20210115200142	80.811
20210115200142	80.811
20210115200142	80.811
20210115200142	80.811
20210115200142	81.4357
20210115200142	81.0655
20210115200142	81.158
20210115200142	81.158
20210115200142	81.158
20210115200142	81.158
20210115200142	81.158
20210115200142	81.158
20210115200142	81.158
20210115200142	81.158
20210115200142	81.7611
20210115200142	81.4037
20210115200142	81.4931
20210115200142	81.4931
20210115200142	81.4931
20210115200142	81.4931
20210115200142	81.4931
20210115200142	81.4931
20210115200142	81.4931
20210115200142	81.4931
20210115200142	82.088
20210115200142	81.7355
20210115200142	81.8236
20210115200142	81.8236
20210115200142	81.8236
20210115200142	81.8236
20210115200142	81.8236
20210115200142	81.8236
20210115200142	81.8236
20210115200142	81.8236
20210115200142	81.8236
20210115200142	82.2485
20210115200142	81.9967
20210115200142	82.0596
20210115200142	82.0596
20210115200142	82.0596
20210115200142	82.0596
20210115200142	82.0596
20210115200143	82.0596
20210115200143	82.0596
20210115200143	82.0596
20210115200143	82.3972
20210115200143	82.1972
20210115200143	82.2472
20210115200143	82.2472
20210115200143	82.2472
20210115200143	82.2472
20210115200143	82.2472
20210115200143	82.2472
20210115200143	82.2472
20210115200143	82.2472
20210115200143	82.5712
20210115200143	82.3792
20210115200143	82.4272
20210115200143	82.4272
20210115200143	82.4272
20210115200143	82.4272
20210115200143	82.4272
20210115200143	82.4272
20210115200143	82.4272
20210115200143	82.4272
20210115200143	82.7058
20210115200143	82.5407
20210115200143	82.582
20210115200143	82.582
20210115200143	82.582
20210115200143	82.582
20210115200143	82.582
20210115200143	82.582
20210115200143	82.582
20210115200143	82.582
20210115200143	82.761
20210115200143	82.6549
20210115200143	82.6814
20210115200143	82.6814
20210115200143	82.6814
20210115200143	82.6814
20210115200143	82.6814
20210115200143	82.6814
20210115200143	82.6814
20210115200143	82.6814
20210115200143	82.9109
20210115200143	82.7749
20210115200143	82.8089
20210115200143	82.8089
20210115200143	82.8089
20210115200143	82.8089
20210115200143	82.8089
20210115200143	82.8089
20210115200143	82.8089
20210115200143	83.0594
20210115200143	82.9109
20210115200143	82.9481
20210115200143	82.9481
20210115200143	82.9481
20210115200143	82.9481
20210115200143	82.9481
20210115200143	82.9481
20210115200143	82.9481
20210115200144	82.9481
20210115200144	83.1532
20210115200144	83.0316
20210115200144	83.062
20210115200144	83.062
20210115200144	83.062
20210115200144	83.062
20210115200144	83.062
20210115200144	83.062
20210115200144	83.062
20210115200144	83.062
20210115200144	83.062
20210115200144	83.3872
20210115200144	83.1945
20210115200144	83.2427
20210115200144	83.2427
20210115200144	83.2427
20210115200144	83.2427
20210115200144	83.2427
20210115200144	83.2427
20210115200144	83.2427
20210115200144	83.2427
20210115200144	83.5271
20210115200144	83.3585
20210115200144	83.4007
20210115200145	83.4007
20210115200145	83.4007
20210115200145	83.4007
20210115200145	83.4007
20210115200145	83.4007
20210115200145	83.4007
20210115200145	83.7789
20210115200145	83.5548
20210115200145	83.6108
20210115200145	83.6108
20210115200145	83.6108
20210115200145	83.6108
20210115200145	83.6108
20210115200145	83.6108
20210115200145	83.6108
20210115200145	83.6108
20210115200145	83.6108
20210115200145	83.8452
20210115200145	83.7063
20210115200145	83.741
20210115200145	83.741
20210115200145	83.741
20210115200145	83.741
20210115200145	83.741
20210115200145	83.741
20210115200145	83.741
20210115200145	84.0048
20210115200145	83.8485
20210115200145	83.8876
20210115200145	83.8876
20210115200145	83.8876
20210115200145	83.8876
20210115200145	83.8876
20210115200145	83.8876
20210115200145	83.8876
20210115200145	83.8876
20210115200145	84.1578
20210115200145	83.9977
20210115200145	84.0377
20210115200145	84.0377
20210115200145	84.0377
20210115200145	84.0377
20210115200146	84.0377
20210115200146	84.0377
20210115200146	84.0377
20210115200146	84.0377
20210115200146	84.3767
20210115200146	84.1758
20210115200146	84.226
20210115200146	84.226
20210115200146	84.226
20210115200146	84.226
20210115200146	84.226
20210115200146	84.226
20210115200146	84.226
20210115200146	84.226
20210115200146	84.5046
20210115200146	84.3395
20210115200146	84.3808
20210115200146	84.3808
20210115200146	84.3808
20210115200146	84.3808
20210115200146	84.3808
20210115200146	84.3808
20210115200146	84.3808
20210115200146	84.3808
20210115200146	84.6837
20210115200146	84.5042
20210115200146	84.5491
20210115200146	84.5491
20210115200146	84.5491
20210115200146	84.5491
20210115200147	84.5491
20210115200147	84.5491
20210115200147	84.5491
20210115200147	84.5491
20210115200147	84.821
20210115200147	84.6598
20210115200147	84.7001
20210115200147	84.7001
20210115200147	84.7001
20210115200147	84.7001
20210115200147	84.7001
20210115200147	84.7001
20210115200147	84.7001
20210115200147	84.7001
20210115200147	84.9692
20210115200147	84.8097
20210115200147	84.8496
20210115200147	84.8496
20210115200147	84.8496
20210115200147	84.8496
20210115200147	84.8496
20210115200147	84.8496
20210115200147	84.8496
20210115200147	84.8496
20210115200147	85.0744
20210115200147	84.9412
20210115200147	84.9745
20210115200147	84.9745
20210115200147	84.9745
20210115200147	84.9745
20210115200147	84.9745
20210115200148	84.9745
20210115200148	84.9745
20210115200148	84.9745
20210115200148	85.1998
20210115200148	85.0663
20210115200148	85.0997
20210115200148	85.0997
20210115200148	85.0997
20210115200148	85.0997
20210115200148	85.0997
20210115200148	85.0997
20210115200148	85.0997
20210115200148	85.0997
20210115200148	85.321
20210115200148	85.1898
20210115200148	85.2226
20210115200148	85.2226
20210115200148	85.2226
20210115200148	85.2226
20210115200148	85.2226
20210115200149	85.2226
20210115200149	85.2226
20210115200149	85.2226
20210115200149	85.2226
20210115200149	85.432
20210115200149	85.3079
20210115200149	85.339
20210115200149	85.339
20210115200149	85.339
20210115200149	85.339
20210115200149	85.339
20210115200149	85.339
20210115200149	85.339
20210115200149	85.339
20210115200149	85.5362
20210115200149	85.4193
20210115200149	85.4485
20210115200149	85.4485
20210115200149	85.4485
20210115200149	85.4485
20210115200149	85.4485
20210115200149	85.4485
20210115200149	85.4485
20210115200149	85.4485
20210115200149	85.5919
20210115200149	85.507
20210115200149	85.5282
20210115200149	85.5282
20210115200150	85.5282
20210115200150	85.5282
20210115200150	85.5282
20210115200150	85.5282
20210115200150	85.5282
20210115200150	85.5817
20210115200150	85.55
20210115200150	85.558
20210115200150	85.558
20210115200150	85.558
20210115200150	85.558
20210115200150	85.558
20210115200150	85.558
20210115200150	85.558
20210115200150	85.558
20210115200150	85.7052
20210115200150	85.618
20210115200150	85.6398
20210115200150	85.6398
20210115200150	85.6398
20210115200150	85.6398
20210115200150	85.6398
20210115200150	85.6398
20210115200150	85.6398
20210115200150	85.6398
20210115200150	85.6398
20210115200150	85.728
20210115200150	85.6757
20210115200150	85.6888
20210115200150	85.6888
20210115200150	85.6888
20210115200150	85.6888
20210115200150	85.6888
20210115200150	85.6888
20210115200150	85.6888
20210115200150	85.6888
20210115200150	85.8999
20210115200150	85.7748
20210115200150	85.8061
20210115200150	85.8061
20210115200151	85.8061
20210115200151	85.8061
20210115200151	85.8061
20210115200151	85.8061
20210115200151	85.8061
20210115200151	85.8061
20210115200151	86.0735
20210115200151	85.915
20210115200151	85.9547
20210115200151	85.9547
20210115200151	85.9547
20210115200151	85.9547
20210115200151	85.9547
20210115200151	85.9547
20210115200151	85.9547
20210115200151	86.2707
20210115200151	86.0834
20210115200151	86.1303
20210115200151	86.1303
20210115200151	86.1303
20210115200151	86.1303
20210115200151	86.1303
20210115200151	86.1303
20210115200151	86.1303
20210115200151	86.1303
20210115200151	86.5163
20210115200151	86.2876
20210115200151	86.3448
20210115200151	86.3448
20210115200151	86.3448
20210115200151	86.3448
20210115200151	86.3448
20210115200151	86.3448
20210115200151	86.3448
20210115200151	86.3448
20210115200151	86.3448
20210115200151	86.7473
20210115200151	86.5087
20210115200151	86.5684
20210115200151	86.5684
20210115200151	86.5684
20210115200151	86.5684
20210115200151	86.5684
20210115200151	86.5684
20210115200151	86.5684
20210115200151	86.963
20210115200151	86.7291
20210115200151	86.7876
20210115200151	86.7876
20210115200151	86.7876
20210115200151	86.7876
20210115200151	86.7876
20210115200151	86.7876
20210115200152	86.7876
20210115200152	86.7876
20210115200152	86.7876
20210115200152	87.0599
20210115200152	86.8985
20210115200152	86.9389
20210115200152	86.9389
20210115200152	86.9389
20210115200152	86.9389
20210115200152	86.9389
20210115200152	86.9389
20210115200152	86.9389
20210115200152	87.1815
20210115200152	87.0377
20210115200152	87.0737
20210115200152	87.0737
20210115200152	87.0737
20210115200152	87.0737
20210115200152	87.0737
20210115200152	87.0737
20210115200152	87.0737
20210115200152	87.0737
20210115200152	87.3367
20210115200152	87.1808
20210115200152	87.2198
20210115200152	87.2198
20210115200152	87.2198
20210115200152	87.2198
20210115200152	87.2198
20210115200152	87.2198
20210115200152	87.2198
20210115200152	87.2198
20210115200152	87.404
20210115200152	87.2948
20210115200152	87.3221
20210115200152	87.3221
20210115200153	87.3221
20210115200153	87.3221
20210115200153	87.3221
20210115200153	87.3221
20210115200153	87.3221
20210115200153	87.3221
20210115200153	87.3221
20210115200153	87.5798
20210115200153	87.4271
20210115200153	87.4652
20210115200153	87.4652
20210115200153	87.4652
20210115200153	87.4652
20210115200153	87.4652
20210115200153	87.4652
20210115200153	87.4652
20210115200153	87.8293
20210115200153	87.6136
20210115200153	87.6675
20210115200153	87.6675
20210115200153	87.6675
20210115200153	87.6675
20210115200153	87.6675
20210115200153	87.6675
20210115200153	87.6675
20210115200154	87.6675
20210115200154	88.15
20210115200154	87.8641
20210115200154	87.9356
20210115200154	87.9356
20210115200154	87.9356
20210115200154	87.9356
20210115200154	87.9356
20210115200154	87.9356
20210115200154	87.9356
20210115200154	87.9356
20210115200154	88.4536
20210115200154	88.1466
20210115200154	88.2234
20210115200154	88.2234
20210115200154	88.2234
20210115200154	88.2234
20210115200154	88.2234
20210115200154	88.2234
20210115200154	88.2234
20210115200154	88.2234
20210115200154	88.2234
20210115200154	88.7986
20210115200154	88.4577
20210115200154	88.543
20210115200154	88.543
20210115200154	88.543
20210115200154	88.543
20210115200155	88.543
20210115200155	88.543
20210115200155	88.543
20210115200155	88.543
20210115200155	89.1105
20210115200155	88.7742
20210115200155	88.8582
20210115200155	88.8582
20210115200155	88.8582
20210115200155	88.8582
20210115200155	88.8582
20210115200155	88.8582
20210115200155	88.8582
20210115200155	89.3538
20210115200155	89.0602
20210115200155	89.1336
20210115200155	89.1336
20210115200155	89.1336
20210115200155	89.1336
20210115200155	89.1336
20210115200155	89.1336
20210115200155	89.1336
20210115200155	89.1336
20210115200155	89.1336
20210115200155	89.5919
20210115200155	89.3203
20210115200155	89.3882
20210115200155	89.3882
20210115200155	89.3882
20210115200155	89.3882
20210115200155	89.3882
20210115200155	89.3882
20210115200155	89.3882
20210115200155	89.3882
20210115200155	89.9727
20210115200156	89.6264
20210115200156	89.713
20210115200156	89.713
20210115200156	89.713
20210115200156	89.713
20210115200156	89.713
20210115200156	89.713
20210115200156	89.713
20210115200156	89.713
20210115200156	90.3037
20210115200156	89.9536
20210115200156	90.0412
20210115200156	90.0412
20210115200156	90.0412
20210115200156	90.0412
20210115200156	90.0412
20210115200156	90.0412
20210115200157	90.0412
20210115200157	90.0412
20210115200157	90.6775
20210115200157	90.3004
20210115200157	90.3947
20210115200157	90.3947
20210115200157	90.3947
20210115200157	90.3947
20210115200157	90.3947
20210115200157	90.3947
20210115200157	90.3947
20210115200157	90.3947
20210115200157	90.9706
20210115200157	90.6293
20210115200157	90.7147
20210115200157	90.7147
20210115200157	90.7147
20210115200157	90.7147
20210115200157	90.7147
20210115200157	90.7147
20210115200157	90.7147
20210115200157	91.1529
20210115200157	90.8932
20210115200157	90.9581
20210115200157	90.9581
20210115200157	90.9581
20210115200157	90.9581
20210115200157	90.9581
20210115200157	90.9581
20210115200157	90.9581
20210115200157	90.9581
20210115200157	91.397
20210115200157	91.1369
20210115200157	91.202
20210115200157	91.202
20210115200157	91.202
20210115200158	91.202
20210115200158	91.202
20210115200158	91.202
20210115200158	91.202
20210115200158	91.202
20210115200158	91.202
20210115200158	91.5354
20210115200158	91.3378
20210115200158	91.3872
20210115200158	91.3872
20210115200158	91.3872
20210115200158	91.3872
20210115200158	91.3872
20210115200158	91.3872
20210115200158	91.3872
20210115200158	91.3872
20210115200158	91.6743
20210115200158	91.5042
20210115200158	91.5467
20210115200158	91.5467
20210115200158	91.5467
20210115200158	91.5467
20210115200158	91.5467
20210115200158	91.5467
20210115200158	91.5467
20210115200158	91.5467
20210115200158	91.757
20210115200159	91.6324
20210115200159	91.6636
20210115200159	91.6636
20210115200159	91.6636
20210115200159	91.6636
20210115200159	91.6636
20210115200159	91.6636
20210115200159	91.6636
20210115200159	91.8212
20210115200159	91.7278
20210115200159	91.7512
20210115200159	91.7512
20210115200159	91.7512
20210115200159	91.7512
20210115200159	91.7512
20210115200159	91.7512
20210115200159	91.7512
20210115200159	91.7512
20210115200159	91.8831
20210115200159	91.8049
20210115200159	91.8245
20210115200159	91.8245
20210115200159	91.8245
20210115200159	91.8245
20210115200159	91.8245
20210115200159	91.8245
20210115200159	91.8245
20210115200159	91.8245
20210115200159	91.8245
20210115200159	91.9243
20210115200159	91.8651
20210115200159	91.8799
20210115200159	91.8799
20210115200159	91.8799
20210115200159	91.8799
20210115200159	91.8799
20210115200159	91.8799
20210115200159	91.8799
20210115200159	91.8981
20210115200159	91.8873
20210115200159	91.89
20210115200159	91.89
20210115200200	91.89
20210115200200	91.89
20210115200200	91.89
20210115200200	91.89
20210115200200	91.89
20210115200200	91.89
20210115200200	91.89
20210115200200	92.0858
20210115200200	91.9698
20210115200200	91.9988
20210115200200	91.9988
20210115200200	91.9988
20210115200200	91.9988
20210115200200	91.9988
20210115200200	91.9988
20210115200200	91.9988
20210115200200	91.9988
20210115200200	92.1528
20210115200200	92.0615
20210115200200	92.0843
20210115200200	92.0843
20210115200200	92.0843
20210115200200	92.0843
20210115200200	92.0843
20210115200200	92.0843
20210115200201	92.0843
20210115200201	92.0843
20210115200201	92.2566
20210115200201	92.1545
20210115200201	92.18
20210115200201	92.18
20210115200201	92.18
20210115200201	92.18
20210115200201	92.18
20210115200201	92.18
20210115200201	92.18
20210115200201	92.4684
20210115200201	92.2975
20210115200201	92.3402
20210115200201	92.3402
20210115200201	92.3402
20210115200201	92.3402
20210115200201	92.3402
20210115200201	92.3402
20210115200201	92.3402
20210115200201	92.3402
20210115200201	92.7138
20210115200201	92.4924
20210115200201	92.5478
20210115200201	92.5478
20210115200201	92.5478
20210115200201	92.5478
20210115200201	92.5478
20210115200201	92.5478
20210115200201	92.5478
20210115200201	92.5478
20210115200201	92.8474
20210115200201	92.6698
20210115200201	92.7142
20210115200201	92.7142
20210115200201	92.7142
20210115200201	92.7142
20210115200201	92.7142
20210115200201	92.7142
20210115200201	92.7142
20210115200201	92.7142
20210115200201	93.0884
20210115200201	92.8666
20210115200201	92.9221
20210115200201	92.9221
20210115200201	92.9221
20210115200201	92.9221
20210115200201	92.9221
20210115200201	92.9221
20210115200201	92.9221
20210115200201	92.9221
20210115200201	93.2808
20210115200201	93.0682
20210115200201	93.1214
20210115200201	93.1214
20210115200202	93.1214
20210115200202	93.1214
20210115200202	93.1214
20210115200202	93.1214
20210115200202	93.1214
20210115200202	93.1214
20210115200202	93.1214
20210115200202	93.4381
20210115200202	93.2504
20210115200202	93.2973
20210115200202	93.2973
20210115200202	93.2973
20210115200202	93.2973
20210115200202	93.2973
20210115200202	93.2973
20210115200202	93.2973
20210115200202	93.5384
20210115200202	93.3956
20210115200202	93.4313
20210115200202	93.4313
20210115200202	93.4313
20210115200202	93.4313
20210115200203	93.4313
20210115200203	93.4313
20210115200203	93.4313
20210115200203	93.4313
20210115200203	93.7877
20210115200203	93.5765
20210115200203	93.6293
20210115200203	93.6293
20210115200203	93.6293
20210115200203	93.6293
20210115200203	93.6293
20210115200203	93.6293
20210115200203	93.6293
20210115200203	93.6293
20210115200203	93.8635
20210115200203	93.7247
20210115200203	93.7594
20210115200203	93.7594
20210115200203	93.7594
20210115200203	93.7594
20210115200203	93.7594
20210115200203	93.7594
20210115200203	93.7594
20210115200203	93.7594
20210115200203	93.906
20210115200203	93.8192
20210115200203	93.8409
20210115200203	93.8409
20210115200203	93.8409
20210115200203	93.8409
20210115200203	93.8409
20210115200203	93.8409
20210115200203	93.8409
20210115200203	93.8409
20210115200203	93.8194
20210115200203	93.8321
20210115200203	93.8289
20210115200204	93.8289
20210115200204	93.8289
20210115200204	93.8289
20210115200204	93.8289
20210115200204	93.8289
20210115200204	93.8289
20210115200204	93.8289
20210115200204	93.8918
20210115200204	93.8546
20210115200204	93.8639
20210115200204	93.8639
20210115200204	93.8639
20210115200204	93.8639
20210115200204	93.8639
20210115200204	93.8639
20210115200204	93.8639
20210115200204	93.8639
20210115200204	93.8639
20210115200204	93.8802
20210115200204	93.8705
20210115200204	93.8729
20210115200204	93.8729
20210115200204	93.8729
20210115200204	93.8729
20210115200204	93.8729
20210115200204	93.8729
20210115200204	93.8729
20210115200204	93.8729
20210115200204	93.9386
20210115200204	93.8997
20210115200204	93.9094
20210115200204	93.9094
20210115200204	93.9094
20210115200204	93.9094
20210115200204	93.9094
20210115200204	93.9094
20210115200204	93.9094
20210115200204	93.9107
20210115200204	93.9099
20210115200204	93.9101
20210115200204	93.9101
20210115200204	93.9101
20210115200204	93.9101
20210115200204	93.9101
20210115200204	93.9101
20210115200204	93.9101
20210115200205	93.9101
20210115200205	93.845
20210115200205	93.8836
20210115200205	93.8739
20210115200205	93.8739
20210115200205	93.8739
20210115200205	93.8739
20210115200205	93.8739
20210115200205	93.8739
20210115200205	93.8739
20210115200205	93.8739
20210115200205	93.8762
20210115200205	93.8749
20210115200205	93.8752
20210115200205	93.8752
20210115200205	93.8752
20210115200205	93.8752
20210115200205	93.8752
20210115200205	93.8752
20210115200205	93.8752
20210115200205	93.8752
20210115200205	93.8752
20210115200205	93.9876
20210115200205	93.921
20210115200205	93.9376
20210115200205	93.9376
20210115200205	93.9376
20210115200205	93.9376
20210115200205	93.9376
20210115200205	93.9376
20210115200205	93.9376
20210115200205	93.9999
20210115200205	93.963
20210115200205	93.9722
20210115200205	93.9722
20210115200206	93.9722
20210115200206	93.9722
20210115200206	93.9722
20210115200206	93.9722
20210115200206	93.9722
20210115200206	93.9722
20210115200206	94.0686
20210115200206	94.0115
20210115200206	94.0258
20210115200206	94.0258
20210115200206	94.0258
20210115200206	94.0258
20210115200206	94.0258
20210115200206	94.0258
20210115200206	94.0258
20210115200206	94.0258
20210115200206	94.118
20210115200206	94.0633
20210115200206	94.077
20210115200206	94.077
20210115200206	94.077
20210115200206	94.077
20210115200206	94.077
20210115200206	94.077
20210115200206	94.077
20210115200206	94.077
20210115200206	94.267
20210115200206	94.1544
20210115200206	94.1825
20210115200206	94.1825
20210115200206	94.1825
20210115200206	94.1825
20210115200206	94.1825
20210115200207	94.1825
20210115200207	94.1825
20210115200207	94.1825
20210115200207	94.3606
20210115200207	94.2551
20210115200207	94.2814
20210115200207	94.2814
20210115200207	94.2814
20210115200207	94.2814
20210115200207	94.2814
20210115200207	94.2814
20210115200207	94.2814
20210115200207	94.2814
20210115200207	94.2814
20210115200207	94.5444
20210115200207	94.3886
20210115200207	94.4275
20210115200207	94.4275
20210115200207	94.4275
20210115200207	94.4275
20210115200207	94.4275
20210115200207	94.4275
20210115200207	94.4275
20210115200207	94.6633
20210115200207	94.5236
20210115200207	94.5585
20210115200207	94.5585
20210115200207	94.5585
20210115200207	94.5585
20210115200207	94.5585
20210115200207	94.5585
20210115200207	94.5585
20210115200207	94.5585
20210115200207	94.5585
20210115200207	94.768
20210115200207	94.6439
20210115200208	94.6749
20210115200208	94.6749
20210115200208	94.6749
20210115200208	94.6749
20210115200208	94.6749
20210115200208	94.6749
20210115200208	94.6749
20210115200208	94.6749
20210115200208	94.8931
20210115200208	94.7638
20210115200208	94.7961
20210115200208	94.7961
20210115200208	94.7961
20210115200208	94.7961
20210115200208	94.7961
20210115200208	94.7961
20210115200208	94.7961
20210115200208	95.0797
20210115200208	94.9117
20210115200208	94.9537
20210115200208	94.9537
20210115200208	94.9537
20210115200208	94.9537
20210115200208	94.9537
20210115200208	94.9537
20210115200208	94.9537
20210115200209	94.9537
20210115200209	94.9537
20210115200209	95.3073
20210115200209	95.0977
20210115200209	95.1501
20210115200209	95.1501
20210115200209	95.1501
20210115200209	95.1501
20210115200209	95.1501
20210115200209	95.1501
20210115200209	95.1501
20210115200209	95.1501
20210115200209	95.6349
20210115200209	95.3476
20210115200209	95.4194
20210115200209	95.4194
20210115200209	95.4194
20210115200209	95.4194
20210115200209	95.4194
20210115200209	95.4194
20210115200209	95.4194
20210115200209	95.4194
20210115200209	95.8457
20210115200209	95.5931
20210115200209	95.6562
20210115200209	95.6562
20210115200209	95.6562
20210115200209	95.6562
20210115200209	95.6562
20210115200209	95.6562
20210115200209	95.6562
20210115200209	96.2651
20210115200209	95.9043
20210115200209	95.9945
20210115200210	95.9945
20210115200210	95.9945
20210115200210	95.9945
20210115200210	95.9945
20210115200210	95.9945
20210115200210	95.9945
20210115200210	95.9945
20210115200210	96.5111
20210115200210	96.205
20210115200210	96.2815
20210115200210	96.2815
20210115200210	96.2815
20210115200210	96.2815
20210115200210	96.2815
20210115200210	96.2815
20210115200210	96.2815
20210115200210	96.2815
20210115200210	96.2815
20210115200210	96.6593
20210115200210	96.4354
20210115200211	96.4914
20210115200211	96.4914
20210115200211	96.4914
20210115200211	96.4914
20210115200211	96.4914
20210115200211	96.4914
20210115200211	96.4914
20210115200211	96.4914
20210115200211	96.7518
20210115200211	96.5975
20210115200211	96.6361
20210115200211	96.6361
20210115200211	96.6361
20210115200211	96.6361
20210115200211	96.6361
20210115200211	96.6361
20210115200211	96.6361
20210115200211	96.6361
20210115200211	96.9285
20210115200211	96.7552
20210115200211	96.7985
20210115200211	96.7985
20210115200211	96.7985
20210115200211	96.7985
20210115200211	96.7985
20210115200211	96.7985
20210115200211	96.7985
20210115200211	97.1255
20210115200211	96.9317
20210115200211	96.9802
20210115200211	96.9802
20210115200211	96.9802
20210115200211	96.9802
20210115200211	96.9802
20210115200211	96.9802
20210115200211	96.9802
20210115200211	96.9802
20210115200211	96.9802
20210115200211	97.3229
20210115200211	97.1198
20210115200211	97.1706
20210115200211	97.1706
20210115200211	97.1706
20210115200212	97.1706
20210115200212	97.1706
20210115200212	97.1706
20210115200212	97.1706
20210115200212	97.1706
20210115200212	97.399
20210115200212	97.2636
20210115200212	97.2975
20210115200212	97.2975
20210115200212	97.2975
20210115200212	97.2975
20210115200212	97.2975
20210115200212	97.2975
20210115200212	97.2975
20210115200212	97.2975
20210115200212	97.5131
20210115200212	97.3853
20210115200212	97.4173
20210115200212	97.4173
20210115200212	97.4173
20210115200212	97.4173
20210115200212	97.4173
20210115200212	97.4173
20210115200212	97.4173
20210115200212	97.6223
20210115200212	97.5008
20210115200212	97.5312
20210115200212	97.5312
20210115200212	97.5312
20210115200212	97.5312
20210115200212	97.5312
20210115200212	97.5312
20210115200212	97.5312
20210115200212	97.5312
20210115200212	97.8975
20210115200212	97.6804
20210115200212	97.7347
20210115200212	97.7347
20210115200212	97.7347
20210115200212	97.7347
20210115200212	97.7347
20210115200212	97.7347
20210115200212	97.7347
20210115200212	97.7347
20210115200212	98.0586
20210115200212	97.8667
20210115200212	97.9146
20210115200212	97.9146
20210115200212	97.9146
20210115200212	97.9146
20210115200212	97.9146
20210115200212	97.9146
20210115200212	97.9146
20210115200212	97.9146
20210115200212	97.9146
20210115200212	98.2625
20210115200212	98.0564
20210115200212	98.1079
20210115200213	98.1079
20210115200213	98.1079
20210115200213	98.1079
20210115200213	98.1079
20210115200213	98.1079
20210115200213	98.1079
20210115200213	98.3914
20210115200213	98.2234
20210115200213	98.2654
20210115200213	98.2654
20210115200213	98.2654
20210115200213	98.2654
20210115200213	98.2654
20210115200213	98.2654
20210115200213	98.2654
20210115200213	98.2654
20210115200213	98.6393
20210115200213	98.4177
20210115200213	98.4731
20210115200213	98.4731
20210115200213	98.4731
20210115200213	98.4731
20210115200213	98.4731
20210115200213	98.4731
20210115200213	98.4731
20210115200213	98.4731
20210115200213	98.4731
20210115200213	98.858
20210115200213	98.6299
20210115200213	98.6869
20210115200213	98.6869
20210115200213	98.6869
20210115200213	98.6869
20210115200213	98.6869
20210115200213	98.6869
20210115200213	98.6869
20210115200213	99.1222
20210115200213	98.8642
20210115200213	98.9287
20210115200213	98.9287
20210115200213	98.9287
20210115200213	98.9287
20210115200213	98.9287
20210115200213	98.9287
20210115200213	98.9287
20210115200213	98.9287
20210115200213	99.2422
20210115200213	99.0565
20210115200213	99.1029
20210115200213	99.1029
20210115200213	99.1029
20210115200213	99.1029
20210115200213	99.1029
20210115200213	99.1029
20210115200213	99.1029
20210115200213	99.1029
20210115200213	99.1029
20210115200213	99.4335
20210115200213	99.2376
20210115200213	99.2866
20210115200213	99.2866
20210115200213	99.2866
20210115200214	99.2866
20210115200214	99.2866
20210115200214	99.2866
20210115200214	99.2866
20210115200214	99.4982
20210115200214	99.3728
20210115200214	99.4041
20210115200214	99.4041
20210115200214	99.4041
20210115200214	99.4041
20210115200214	99.4041
20210115200214	99.4041
20210115200214	99.4041
20210115200214	99.4041
20210115200214	99.5531
20210115200214	99.4648
20210115200214	99.4869
20210115200214	99.4869
20210115200214	99.4869
20210115200214	99.4869
20210115200214	99.4869
20210115200214	99.4869
20210115200214	99.4869
20210115200214	99.4869
20210115200214	99.4869
20210115200214	99.5937
20210115200214	99.5304
20210115200214	99.5462
20210115200214	99.5462
20210115200214	99.5462
20210115200214	99.5462
20210115200214	99.5462
20210115200214	99.5462
20210115200214	99.5462
20210115200214	99.6232
20210115200214	99.5776
20210115200214	99.589
20210115200214	99.589
20210115200214	99.589
20210115200214	99.589
20210115200214	99.589
20210115200214	99.589
20210115200214	99.589
20210115200214	99.589
20210115200214	99.589
20210115200214	99.6525
20210115200214	99.6148
20210115200214	99.6243
20210115200214	99.6243
20210115200215	99.6243
20210115200215	99.6243
20210115200215	99.6243
20210115200215	99.6243
20210115200215	99.6243
20210115200215	99.6243
20210115200215	99.7778
20210115200215	99.6868
20210115200215	99.7096
20210115200215	99.7096
20210115200215	99.7096
20210115200215	99.7096
20210115200215	99.7096
20210115200215	99.7096
20210115200215	99.7096
20210115200215	100.013
20210115200215	99.8331
20210115200215	99.8781
20210115200215	99.8781
20210115200215	99.8781
20210115200215	99.8781
20210115200215	99.8781
20210115200215	99.8781
20210115200215	99.8781
20210115200215	99.8781
20210115200215	100.107
20210115200215	99.9711
20210115200215	100.005
20210115200215	100.005
20210115200215	100.005
20210115200215	100.005
20210115200215	100.005
20210115200215	100.005
20210115200215	100.005
20210115200215	100.005
20210115200215	100.3
20210115200215	100.125
20210115200215	100.169
20210115200215	100.169
20210115200215	100.169
20210115200215	100.169
20210115200215	100.169
20210115200215	100.169
20210115200215	100.169
20210115200215	100.169
20210115200215	100.169
20210115200215	100.318
20210115200215	100.229
20210115200215	100.252
20210115200215	100.252
20210115200215	100.252
20210115200215	100.252
20210115200215	100.252
20210115200215	100.252
20210115200215	100.252
20210115200215	100.252
20210115200215	100.444
20210115200215	100.33
20210115200215	100.359
20210115200215	100.359
20210115200215	100.359
20210115200215	100.359
20210115200215	100.359
20210115200215	100.359
20210115200215	100.359
20210115200216	100.496
20210115200216	100.415
20210115200216	100.435
20210115200216	100.435
20210115200216	100.435
20210115200216	100.435
20210115200216	100.435
20210115200216	100.435
20210115200216	100.435
20210115200216	100.435
20210115200216	100.65
20210115200216	100.523
20210115200216	100.554
20210115200216	100.554
20210115200216	100.554
20210115200216	100.554
20210115200216	100.554
20210115200216	100.554
20210115200216	100.554
20210115200216	100.554
20210115200216	100.59
20210115200216	100.569
20210115200216	100.574
20210115200216	100.574
20210115200216	100.574
20210115200216	100.574
20210115200216	100.574
20210115200216	100.574
20210115200216	100.574
20210115200216	100.574
20210115200216	100.574
20210115200216	100.627
20210115200216	100.596
20210115200216	100.603
20210115200217	100.603
20210115200217	100.603
20210115200217	100.603
20210115200217	100.603
20210115200217	100.603
20210115200217	100.603
20210115200217	100.716
20210115200217	100.649
20210115200217	100.666
20210115200217	100.666
20210115200217	100.666
20210115200217	100.666
20210115200217	100.666
20210115200217	100.666
20210115200217	100.666
20210115200217	100.666
20210115200217	100.78
20210115200217	100.712
20210115200217	100.729
20210115200217	100.729
20210115200217	100.729
20210115200217	100.729
20210115200217	100.729
20210115200217	100.729
20210115200217	100.729
20210115200217	100.729
20210115200217	100.729
20210115200217	100.656
20210115200217	100.699
20210115200217	100.689
20210115200217	100.689
20210115200217	100.689
20210115200217	100.689
20210115200217	100.689
20210115200217	100.689
20210115200217	100.689
20210115200217	100.702
20210115200217	100.694
20210115200217	100.696
20210115200217	100.696
20210115200217	100.696
20210115200217	100.696
20210115200217	100.696
20210115200217	100.696
20210115200217	100.696
20210115200217	100.696
20210115200217	100.645
20210115200217	100.675
20210115200217	100.667
20210115200217	100.667
20210115200217	100.667
20210115200217	100.667
20210115200217	100.667
20210115200217	100.667
20210115200218	100.667
20210115200218	100.667
20210115200218	100.667
20210115200218	100.648
20210115200218	100.66
20210115200218	100.657
20210115200218	100.657
20210115200218	100.657
20210115200218	100.657
20210115200218	100.657
20210115200218	100.657
20210115200218	100.657
20210115200218	100.626
20210115200218	100.644
20210115200218	100.64
20210115200218	100.64
20210115200218	100.64
20210115200218	100.64
20210115200218	100.64
20210115200218	100.64
20210115200218	100.64
20210115200218	100.64
20210115200218	100.632
20210115200218	100.636
20210115200218	100.635
20210115200218	100.635
20210115200218	100.635
20210115200218	100.635
20210115200218	100.635
20210115200218	100.635
20210115200218	100.635
20210115200218	100.635
20210115200218	100.687
20210115200218	100.656
20210115200218	100.664
20210115200218	100.664
20210115200218	100.664
20210115200218	100.664
20210115200218	100.664
20210115200218	100.664
20210115200218	100.664
20210115200218	100.664
20210115200218	100.702
20210115200218	100.68
20210115200218	100.685
20210115200218	100.685
20210115200218	100.685
20210115200218	100.685
20210115200218	100.685
20210115200218	100.685
20210115200218	100.685
20210115200218	100.685
20210115200218	100.799
20210115200218	100.732
20210115200218	100.749
20210115200218	100.749
20210115200218	100.749
20210115200218	100.749
20210115200218	100.749
20210115200218	100.749
20210115200218	100.749
20210115200218	100.749
20210115200218	100.749
20210115200218	100.806
20210115200218	100.772
20210115200218	100.781
20210115200218	100.781
20210115200218	100.781
20210115200219	100.781
20210115200219	100.781
20210115200219	100.781
20210115200219	100.781
20210115200219	100.815
20210115200219	100.795
20210115200219	100.8
20210115200219	100.8
20210115200219	100.8
20210115200219	100.8
20210115200219	100.8
20210115200219	100.8
20210115200219	100.8
20210115200219	100.8
20210115200219	100.8
20210115200219	101.048
20210115200219	100.901
20210115200219	100.938
20210115200219	100.938
20210115200219	100.938
20210115200219	100.938
20210115200219	100.938
20210115200219	100.938
20210115200219	100.938
20210115200219	101.198
20210115200219	101.044
20210115200219	101.082
20210115200219	101.082
20210115200219	101.082
20210115200219	101.082
20210115200219	101.082
20210115200219	101.082
20210115200219	101.082
20210115200219	101.082
20210115200219	101.569
20210115200219	101.281
20210115200219	101.353
20210115200219	101.353
20210115200219	101.353
20210115200219	101.353
20210115200219	101.353
20210115200219	101.353
20210115200219	101.353
20210115200219	101.353
20210115200219	101.745
20210115200219	101.513
20210115200219	101.571
20210115200219	101.571
20210115200219	101.571
20210115200219	101.571
20210115200219	101.571
20210115200219	101.571
20210115200219	101.571
20210115200219	101.571
20210115200219	101.571
20210115200219	102.104
20210115200220	101.788
20210115200220	101.867
20210115200220	101.867
20210115200220	101.867
20210115200220	101.867
20210115200220	101.867
20210115200220	101.867
20210115200220	101.867
20210115200220	102.414
20210115200220	102.09
20210115200220	102.171
20210115200220	102.171
20210115200220	102.171
20210115200220	102.171
20210115200220	102.171
20210115200220	102.171
20210115200220	102.171
20210115200220	102.171
20210115200220	102.704
20210115200220	102.388
20210115200220	102.467
20210115200220	102.467
20210115200220	102.467
20210115200220	102.467
20210115200220	102.467
20210115200220	102.467
20210115200220	102.467
20210115200220	102.467
20210115200220	103.076
20210115200220	102.715
20210115200220	102.805
20210115200220	102.805
20210115200220	102.805
20210115200220	102.805
20210115200220	102.805
20210115200220	102.805
20210115200221	102.805
20210115200221	102.805
20210115200221	102.805
20210115200221	103.338
20210115200221	103.022
20210115200221	103.101
20210115200221	103.101
20210115200221	103.101
20210115200221	103.101
20210115200221	103.101
20210115200221	103.101
20210115200221	103.101
20210115200221	103.567
20210115200221	103.291
20210115200221	103.36
20210115200221	103.36
20210115200221	103.36
20210115200221	103.36
20210115200221	103.36
20210115200221	103.36
20210115200221	103.36
20210115200221	103.36
20210115200221	103.36
20210115200221	103.789
20210115200221	103.535
20210115200221	103.598
20210115200221	103.598
20210115200221	103.598
20210115200221	103.598
20210115200221	103.598
20210115200221	103.598
20210115200221	103.598
20210115200221	103.951
20210115200221	103.742
20210115200221	103.794
20210115200221	103.794
20210115200221	103.794
20210115200221	103.794
20210115200222	103.794
20210115200222	103.794
20210115200222	103.794
20210115200222	103.794
20210115200222	104.14
20210115200222	103.935
20210115200222	103.986
20210115200222	103.986
20210115200222	103.986
20210115200222	103.986
20210115200222	103.986
20210115200222	103.986
20210115200222	103.986
20210115200222	103.986
20210115200222	103.986
20210115200222	104.251
20210115200222	104.094
20210115200222	104.133
20210115200222	104.133
20210115200222	104.133
20210115200222	104.133
20210115200222	104.133
20210115200222	104.133
20210115200222	104.133
20210115200222	104.404
20210115200222	104.244
20210115200222	104.284
20210115200222	104.284
20210115200222	104.284
20210115200222	104.284
20210115200222	104.284
20210115200222	104.284
20210115200222	104.284
20210115200222	104.284
20210115200222	104.552
20210115200222	104.393
20210115200222	104.433
20210115200222	104.433
20210115200222	104.433
20210115200222	104.433
20210115200222	104.433
20210115200222	104.433
20210115200222	104.433
20210115200222	104.433
20210115200223	104.433
20210115200223	104.639
20210115200223	104.517
20210115200223	104.547
20210115200223	104.547
20210115200223	104.547
20210115200223	104.547
20210115200223	104.547
20210115200223	104.547
20210115200223	104.547
20210115200223	104.547
20210115200223	104.748
20210115200223	104.629
20210115200223	104.659
20210115200223	104.659
20210115200223	104.659
20210115200223	104.659
20210115200223	104.659
20210115200223	104.659
20210115200223	104.659
20210115200223	104.659
20210115200223	104.84
20210115200223	104.733
20210115200223	104.759
20210115200223	104.759
20210115200223	104.759
20210115200223	104.759
20210115200223	104.759
20210115200223	104.759
20210115200223	104.759
20210115200223	104.759
20210115200223	104.9
20210115200223	104.817
20210115200223	104.838
20210115200223	104.838
20210115200223	104.838
20210115200223	104.838
20210115200223	104.838
20210115200223	104.838
20210115200223	104.838
20210115200223	104.852
20210115200223	104.844
20210115200223	104.846
20210115200223	104.846
20210115200223	104.846
20210115200223	104.846
20210115200223	104.846
20210115200223	104.846
20210115200223	104.846
20210115200223	104.846
20210115200223	104.904
20210115200223	104.87
20210115200223	104.878
20210115200224	104.878
20210115200224	104.878
20210115200224	104.878
20210115200224	104.878
20210115200224	104.878
20210115200224	104.878
20210115200224	104.878
20210115200224	104.911
20210115200224	104.891
20210115200224	104.896
20210115200224	104.896
20210115200224	104.896
20210115200224	104.896
20210115200224	104.896
20210115200224	104.896
20210115200224	104.896
20210115200224	104.896
20210115200224	105.004
20210115200224	104.94
20210115200224	104.956
20210115200224	104.956
20210115200224	104.956
20210115200224	104.956
20210115200224	104.956
20210115200224	104.956
20210115200224	104.956
20210115200224	104.956
20210115200224	105.046
20210115200224	104.993
20210115200224	105.006
20210115200224	105.006
20210115200224	105.006
20210115200224	105.006
20210115200224	105.006
20210115200224	105.006
20210115200224	105.006
20210115200224	105.006
20210115200224	105.006
20210115200224	105.089
20210115200224	105.04
20210115200224	105.052
20210115200224	105.052
20210115200224	105.052
20210115200224	105.052
20210115200224	105.052
20210115200224	105.052
20210115200224	105.052
20210115200224	105.052
20210115200224	105.214
20210115200224	105.118
20210115200224	105.142
20210115200224	105.142
20210115200225	105.142
20210115200225	105.142
20210115200225	105.142
20210115200225	105.142
20210115200225	105.142
20210115200225	105.374
20210115200225	105.237
20210115200225	105.271
20210115200225	105.271
20210115200225	105.271
20210115200225	105.271
20210115200225	105.271
20210115200225	105.271
20210115200225	105.271
20210115200225	105.271
20210115200225	105.271
20210115200225	105.398
20210115200225	105.323
20210115200225	105.342
20210115200225	105.342
20210115200225	105.342
20210115200225	105.342
20210115200225	105.342
20210115200225	105.342
20210115200225	105.342
20210115200225	105.342
20210115200225	105.471
20210115200225	105.395
20210115200225	105.414
20210115200225	105.414
20210115200225	105.414
20210115200225	105.414
20210115200225	105.414
20210115200225	105.414
20210115200225	105.414
20210115200225	105.414
20210115200225	105.494
20210115200226	105.446
20210115200226	105.458
20210115200226	105.458
20210115200226	105.458
20210115200226	105.458
20210115200226	105.458
20210115200226	105.458
20210115200226	105.458
20210115200226	105.458
20210115200226	105.523
20210115200226	105.485
20210115200226	105.494
20210115200226	105.494
20210115200226	105.494
20210115200226	105.494
20210115200226	105.494
20210115200226	105.494
20210115200226	105.494
20210115200226	105.494
20210115200226	105.467
20210115200226	105.483
20210115200226	105.479
20210115200226	105.479
20210115200226	105.479
20210115200226	105.479
20210115200226	105.479
20210115200226	105.479
20210115200226	105.479
20210115200226	105.407
20210115200226	105.45
20210115200226	105.439
20210115200226	105.439
20210115200226	105.439
20210115200226	105.439
20210115200226	105.439
20210115200226	105.439
20210115200226	105.439
20210115200227	105.439
20210115200227	105.439
20210115200227	105.388
20210115200227	105.418
20210115200227	105.41
20210115200227	105.41
20210115200227	105.41
20210115200227	105.41
20210115200227	105.41
20210115200227	105.41
20210115200227	105.41
20210115200227	105.41
20210115200227	105.387
20210115200227	105.401
20210115200227	105.398
20210115200227	105.398
20210115200227	105.398
20210115200227	105.398
20210115200227	105.398
20210115200227	105.398
20210115200227	105.398
20210115200227	105.302
20210115200227	105.359
20210115200227	105.344
20210115200227	105.344
20210115200228	105.344
20210115200228	105.344
20210115200228	105.344
20210115200228	105.344
20210115200228	105.344
20210115200228	105.344
20210115200228	105.344
20210115200228	105.272
20210115200228	105.315
20210115200228	105.304
20210115200228	105.304
20210115200228	105.304
20210115200228	105.304
20210115200228	105.304
20210115200228	105.304
20210115200228	105.304
20210115200228	105.304
20210115200228	105.383
20210115200228	105.336
20210115200228	105.348
20210115200228	105.348
20210115200228	105.348
20210115200228	105.348
20210115200228	105.348
20210115200228	105.348
20210115200228	105.348
20210115200228	105.435
20210115200228	105.383
20210115200228	105.396
20210115200228	105.396
20210115200228	105.396
20210115200228	105.396
20210115200228	105.396
20210115200228	105.396
20210115200228	105.396
20210115200228	105.396
20210115200228	105.551
20210115200228	105.459
20210115200228	105.482
20210115200228	105.482
20210115200228	105.482
20210115200228	105.482
20210115200228	105.482
20210115200228	105.482
20210115200228	105.482
20210115200228	105.482
20210115200229	105.482
20210115200229	105.646
20210115200229	105.549
20210115200229	105.573
20210115200229	105.573
20210115200229	105.573
20210115200229	105.573
20210115200229	105.573
20210115200229	105.573
20210115200229	105.573
20210115200229	105.634
20210115200229	105.598
20210115200229	105.607
20210115200229	105.607
20210115200229	105.607
20210115200229	105.607
20210115200229	105.607
20210115200229	105.607
20210115200229	105.607
20210115200229	105.607
20210115200229	105.607
20210115200229	105.775
20210115200229	105.676
20210115200229	105.701
20210115200229	105.701
20210115200229	105.701
20210115200229	105.701
20210115200229	105.701
20210115200229	105.701
20210115200229	105.701
20210115200230	105.876
20210115200230	105.772
20210115200230	105.798
20210115200230	105.798
20210115200230	105.798
20210115200230	105.798
20210115200230	105.798
20210115200230	105.798
20210115200230	105.798
20210115200230	105.798
20210115200230	105.798
20210115200230	105.969
20210115200230	105.868
20210115200230	105.893
20210115200230	105.893
20210115200230	105.893
20210115200230	105.893
20210115200230	105.893
20210115200230	105.893
20210115200230	105.893
20210115200230	106.028
20210115200230	105.948
20210115200230	105.968
20210115200230	105.968
20210115200230	105.968
20210115200230	105.968
20210115200230	105.968
20210115200230	105.968
20210115200230	105.968
20210115200230	105.968
20210115200230	106.049
20210115200230	106.001
20210115200230	106.013
20210115200230	106.013
20210115200230	106.013
20210115200230	106.013
20210115200230	106.013
20210115200230	106.013
20210115200230	106.013
20210115200230	106.013
20210115200230	106.098
20210115200230	106.048
20210115200230	106.06
20210115200230	106.06
20210115200230	106.06
20210115200230	106.06
20210115200230	106.06
20210115200230	106.06
20210115200230	106.06
20210115200230	106.06
20210115200231	106.112
20210115200231	106.082
20210115200231	106.089
20210115200231	106.089
20210115200231	106.089
20210115200231	106.089
