20210104211657	1806.29
20210104211657	1805.14
20210104211657	1805.14
20210104211657	1805.14
20210104211657	1803.89
20210104211657	1802.72
20210104211657	1802.72
20210104211657	1802.72
20210104211657	1801.51
20210104211657	1801.51
20210104211657	1800.36
20210104211657	1799.13
20210104211657	1799.13
20210104211657	1797.95
20210104211657	1797.95
20210104211657	1797.95
20210104211657	1796.75
20210104211657	1796.75
20210104211657	1795.6
20210104211657	1795.6
20210104211657	1794.43
20210104211657	1794.43
20210104211657	1793.25
20210104211657	1792.02
20210104211657	1792.02
20210104211657	1790.71
20210104211657	1790.71
20210104211657	1789.39
20210104211657	1789.39
20210104211657	1788.02
20210104211657	1788.02
20210104211657	1788.02
20210104211657	1786.83
20210104211657	1786.83
20210104211657	1785.41
20210104211657	1785.41
20210104211657	1783.99
20210104211657	1782.7
20210104211657	1782.7
20210104211657	1782.7
20210104211657	1781.35
20210104211658	1781.35
20210104211658	1780.04
20210104211658	1780.04
20210104211658	1778.63
20210104211658	1777.33
20210104211658	1777.33
20210104211658	1777.33
20210104211658	1776.12
20210104211658	1774.81
20210104211658	1774.81
20210104211658	1774.81
20210104211658	1773.44
20210104211658	1773.44
20210104211658	1772.03
20210104211658	1772.03
20210104211658	1770.34
20210104211658	1770.34
20210104211658	1769.05
20210104211658	1769.05
20210104211658	1767.47
20210104211658	1766
20210104211658	1766
20210104211658	1764.41
20210104211658	1764.41
20210104211658	1764.41
20210104211658	1762.73
20210104211658	1762.73
20210104211658	1761.24
20210104211658	1761.24
20210104211658	1759.77
20210104211658	1758.23
20210104211658	1758.23
20210104211658	1758.23
20210104211658	1756.68
20210104211658	1754.96
20210104211658	1754.96
20210104211658	1754.96
20210104211658	1753.32
20210104211658	1753.32
20210104211658	1751.75
20210104211658	1751.75
20210104211658	1750.12
20210104211658	1748.44
20210104211658	1748.44
20210104211658	1746.72
20210104211658	1746.72
20210104211658	1746.72
20210104211658	1745.04
20210104211658	1745.04
20210104211658	1743.37
20210104211658	1743.37
20210104211658	1741.77
20210104211658	1741.77
20210104211658	1739.97
20210104211658	1739.97
20210104211659	1738.18
20210104211659	1738.18
20210104211659	1736.54
20210104211659	1734.67
20210104211659	1734.67
20210104211659	1734.67
20210104211659	1732.88
20210104211659	1732.88
20210104211659	1731.1
20210104211659	1731.1
20210104211659	1731.1
20210104211659	1727.42
20210104211659	1727.42
20210104211659	1727.42
20210104211659	1725.63
20210104211659	1725.63
20210104211659	1723.89
20210104211659	1723.89
20210104211659	1722.11
20210104211659	1722.11
20210104211659	1720.36
20210104211659	1720.36
20210104211659	1718.49
20210104211659	1716.53
20210104211659	1716.53
20210104211659	1716.53
20210104211659	1714.62
20210104211659	1714.62
20210104211659	1712.72
20210104211659	1712.72
20210104211659	1710.87
20210104211659	1710.87
20210104211659	1709.12
20210104211659	1709.12
20210104211659	1707.14
20210104211659	1707.14
20210104211659	1705.18
20210104211659	1705.18
20210104211659	1703.31
20210104211659	1703.31
20210104211659	1701.52
20210104211659	1699.66
20210104211659	1699.66
20210104211659	1699.66
20210104211659	1697.61
20210104211659	1695.68
20210104211659	1695.68
20210104211659	1695.68
20210104211659	1693.7
20210104211659	1691.69
20210104211659	1691.69
20210104211659	1691.69
20210104211700	1689.61
20210104211700	1689.61
20210104211700	1687.7
20210104211700	1685.7
20210104211700	1685.7
20210104211700	1683.63
20210104211700	1683.63
20210104211700	1683.63
20210104211700	1681.48
20210104211700	1679.37
20210104211700	1679.37
20210104211700	1679.37
20210104211700	1677.37
20210104211700	1675.29
20210104211700	1675.29
20210104211700	1673.21
20210104211700	1673.21
20210104211700	1671.14
20210104211700	1671.14
20210104211700	1671.14
20210104211700	1668.86
20210104211700	1666.75
20210104211700	1666.75
20210104211700	1666.75
20210104211700	1664.7
20210104211700	1664.7
20210104211700	1662.53
20210104211700	1660.5
20210104211700	1660.5
20210104211700	1660.5
20210104211700	1657.84
20210104211700	1657.84
20210104211700	1656.1
20210104211700	1654.15
20210104211700	1654.15
20210104211700	1654.15
20210104211700	1652.32
20210104211700	1650.39
20210104211700	1650.39
20210104211700	1650.39
20210104211700	1648.2
20210104211700	1646.09
20210104211700	1646.09
20210104211700	1644.01
20210104211700	1644.01
20210104211700	1644.01
20210104211700	1641.83
20210104211700	1641.83
20210104211700	1639.7
20210104211700	1639.7
20210104211700	1637.81
20210104211701	1637.81
20210104211701	1635.83
20210104211701	1635.83
20210104211701	1633.89
20210104211701	1633.89
20210104211701	1631.69
20210104211701	1631.69
20210104211701	1629.8
20210104211701	1629.8
20210104211701	1627.68
20210104211701	1627.68
20210104211701	1625.7
20210104211701	1625.7
20210104211701	1623.79
20210104211701	1621.92
20210104211701	1621.92
20210104211701	1621.92
20210104211701	1619.73
20210104211701	1619.73
20210104211701	1617.63
20210104211701	1617.63
20210104211701	1615.8
20210104211701	1615.8
20210104211701	1613.65
20210104211701	1613.65
20210104211701	1611.74
20210104211701	1609.83
20210104211701	1609.83
20210104211701	1607.88
20210104211701	1607.88
20210104211701	1605.98
20210104211701	1605.98
20210104211701	1605.98
20210104211701	1603.91
20210104211701	1603.91
20210104211701	1602.04
20210104211701	1600.09
20210104211701	1600.09
20210104211701	1600.09
20210104211701	1598.18
20210104211701	1596.44
20210104211701	1596.44
20210104211701	1594.46
20210104211701	1594.46
20210104211702	1594.46
20210104211702	1592.59
20210104211702	1592.59
20210104211702	1590.86
20210104211702	1589.05
20210104211702	1589.05
20210104211702	1587.32
20210104211702	1587.32
20210104211702	1587.32
20210104211702	1585.26
20210104211702	1585.26
20210104211702	1583.29
20210104211702	1583.29
20210104211702	1581.96
20210104211702	1581.96
20210104211702	1580.18
20210104211702	1578.48
20210104211702	1578.48
20210104211702	1576.89
20210104211702	1576.89
20210104211702	1575.39
20210104211702	1575.39
20210104211702	1575.39
20210104211702	1573.9
20210104211702	1573.9
20210104211702	1572.29
20210104211702	1572.29
20210104211702	1570.82
20210104211702	1570.82
20210104211702	1569.35
20210104211702	1567.57
20210104211702	1567.57
20210104211702	1567.57
20210104211702	1566.33
20210104211702	1566.33
20210104211702	1564.85
20210104211702	1564.85
20210104211702	1563.42
20210104211702	1561.86
20210104211702	1561.86
20210104211702	1561.86
20210104211702	1560.46
20210104211702	1560.46
20210104211702	1559.22
20210104211702	1559.22
20210104211702	1557.85
20210104211702	1556.41
20210104211702	1556.41
20210104211702	1555.09
20210104211702	1555.09
20210104211702	1555.09
20210104211702	1553.7
20210104211703	1552.33
20210104211703	1552.33
20210104211703	1552.33
20210104211703	1551.04
20210104211703	1551.04
20210104211703	1549.64
20210104211703	1549.64
20210104211703	1548.35
20210104211703	1548.35
20210104211703	1547.02
20210104211703	1547.02
20210104211703	1545.77
20210104211703	1544.69
20210104211703	1544.69
20210104211703	1544.69
20210104211703	1543.21
20210104211703	1542.4
20210104211703	1542.4
20210104211703	1541.22
20210104211703	1541.22
20210104211703	1541.22
20210104211703	1540.24
20210104211703	1539.15
20210104211703	1539.15
20210104211703	1538.34
20210104211703	1538.34
20210104211703	1537.29
20210104211703	1537.29
20210104211703	1537.29
20210104211703	1536.3
20210104211703	1535.57
20210104211703	1535.57
20210104211703	1535.57
20210104211703	1534.66
20210104211703	1533.55
20210104211703	1533.55
20210104211703	1533.55
20210104211703	1532.81
20210104211703	1532.06
20210104211703	1532.06
20210104211703	1532.06
20210104211703	1531.3
20210104211703	1530.39
20210104211703	1530.39
20210104211703	1530.39
20210104211703	1529.44
20210104211703	1529.44
20210104211703	1528.51
20210104211703	1527.65
20210104211703	1527.65
20210104211703	1526.96
20210104211703	1526.96
20210104211704	1526.12
20210104211704	1526.12
20210104211704	1526.12
20210104211704	1525.29
20210104211704	1525.29
20210104211704	1524.52
20210104211704	1524.52
20210104211704	1523.66
20210104211704	1522.72
20210104211704	1522.72
20210104211704	1522.72
20210104211704	1522.03
20210104211704	1521.31
20210104211704	1521.31
20210104211704	1520.79
20210104211704	1520.79
20210104211704	1520.14
20210104211704	1520.14
20210104211704	1520.14
20210104211704	1519.71
20210104211704	1519.71
20210104211704	1519.08
20210104211704	1518.48
20210104211704	1518.48
20210104211704	1518.48
20210104211704	1518.07
20210104211704	1517.62
20210104211704	1517.62
20210104211704	1517.62
20210104211704	1516.92
20210104211704	1516.92
20210104211704	1516.46
20210104211704	1516.46
20210104211704	1516.17
20210104211704	1516.17
20210104211704	1515.74
20210104211704	1515.74
20210104211704	1515.44
20210104211704	1515.44
20210104211704	1514.79
20210104211704	1514.79
20210104211704	1514.57
20210104211704	1514.18
20210104211704	1514.18
20210104211704	1513.73
20210104211705	1513.73
20210104211705	1513.73
20210104211705	1513.43
20210104211705	1513.43
20210104211705	1512.95
20210104211705	1512.59
20210104211705	1512.59
20210104211705	1512.39
20210104211705	1512.39
20210104211705	1512.39
20210104211705	1512.11
20210104211705	1512.11
20210104211705	1511.72
20210104211705	1511.72
20210104211705	1511.5
20210104211705	1511.5
20210104211705	1511.23
20210104211705	1511.23
20210104211705	1511.05
20210104211705	1510.67
20210104211705	1510.67
20210104211705	1510.49
20210104211705	1510.49
20210104211705	1510.49
20210104211705	1510.26
20210104211705	1509.95
20210104211705	1509.95
20210104211705	1509.71
20210104211705	1509.71
20210104211705	1509.71
20210104211705	1509.66
20210104211705	1509.49
20210104211705	1509.49
20210104211705	1509.05
20210104211705	1509.05
20210104211705	1508.85
20210104211705	1508.85
20210104211705	1508.85
20210104211705	1508.64
20210104211705	1508.64
20210104211705	1508.53
20210104211705	1508.33
20210104211705	1508.33
20210104211705	1508.24
20210104211705	1508.24
20210104211705	1508.06
20210104211705	1508.06
20210104211705	1507.95
20210104211705	1507.95
20210104211705	1507.86
20210104211705	1507.86
20210104211705	1507.86
20210104211706	1507.75
20210104211706	1507.75
20210104211706	1507.59
20210104211706	1507.59
20210104211706	1507.45
20210104211706	1507.42
20210104211706	1507.42
20210104211706	1507.42
20210104211706	1507.43
20210104211706	1507.43
20210104211706	1507.43
20210104211706	1507.41
20210104211706	1507.41
20210104211706	1507.41
20210104211706	1507.48
20210104211706	1507.64
20210104211706	1507.64
20210104211706	1507.62
20210104211706	1507.62
20210104211706	1507.62
20210104211706	1507.65
20210104211706	1507.65
20210104211706	1507.58
20210104211706	1507.58
20210104211706	1507.72
20210104211706	1507.72
20210104211706	1507.73
20210104211706	1507.73
20210104211706	1507.78
20210104211706	1507.78
20210104211706	1507.9
20210104211706	1507.9
20210104211706	1508.05
20210104211706	1508.05
20210104211706	1508.13
20210104211706	1508.06
20210104211706	1508.06
20210104211706	1508.06
20210104211706	1508.03
20210104211706	1508.03
20210104211706	1508.29
20210104211706	1508.44
20210104211706	1508.44
20210104211706	1508.44
20210104211706	1508.59
20210104211706	1508.59
20210104211706	1508.69
20210104211706	1508.69
20210104211706	1508.79
20210104211706	1508.98
20210104211706	1508.98
20210104211706	1508.98
20210104211706	1506.92
20210104211706	1506.92
20210104211706	1502.6
20210104211706	1499.18
20210104211706	1499.18
20210104211706	1497.76
20210104211707	1497.76
20210104211707	1497.76
20210104211707	1496.6
20210104211707	1496.6
20210104211707	1495.57
20210104211707	1494.81
20210104211707	1494.81
20210104211707	1494.61
20210104211707	1494.61
20210104211707	1494.61
20210104211707	1494.56
20210104211707	1494.56
20210104211707	1494.61
20210104211707	1495.03
20210104211707	1495.03
20210104211707	1495.03
20210104211707	1495.38
20210104211707	1495.92
20210104211707	1495.92
20210104211707	1496.47
20210104211707	1496.47
20210104211707	1496.47
20210104211707	1497.13
20210104211707	1497.13
20210104211707	1497.61
20210104211707	1497.61
20210104211707	1498.2
20210104211707	1498.79
20210104211707	1498.79
20210104211707	1498.79
20210104211707	1499.04
20210104211707	1499.21
20210104211707	1499.21
20210104211707	1499.21
20210104211707	1499.27
20210104211707	1499.27
20210104211707	1499.47
20210104211707	1499.47
20210104211707	1499.39
20210104211707	1499.39
20210104211707	1499.34
20210104211707	1499.19
20210104211707	1499.19
20210104211707	1498.99
20210104211707	1498.99
20210104211707	1498.99
20210104211707	1498.74
20210104211707	1498.74
20210104211707	1498.51
20210104211707	1498.34
20210104211707	1498.34
20210104211707	1498.34
20210104211707	1498.41
20210104211707	1498.41
20210104211707	1498.58
20210104211707	1498.96
20210104211707	1498.96
20210104211707	1499.56
20210104211707	1499.56
20210104211707	1500.32
20210104211707	1500.32
20210104211707	1500.32
20210104211708	1501.17
20210104211708	1501.17
20210104211708	1502.19
20210104211708	1502.19
20210104211708	1503.3
20210104211708	1504.64
20210104211708	1504.64
20210104211708	1506.03
20210104211708	1506.03
20210104211708	1506.03
20210104211708	1507.47
20210104211708	1509.07
20210104211708	1509.07
20210104211708	1510.82
20210104211708	1510.82
20210104211708	1510.82
20210104211708	1512.5
20210104211708	1512.5
20210104211708	1514.16
20210104211708	1514.16
20210104211708	1515.79
20210104211708	1515.79
20210104211708	1517.25
20210104211708	1518.78
20210104211708	1518.78
20210104211708	1518.78
20210104211708	1520.23
20210104211708	1521.43
20210104211708	1521.43
20210104211708	1521.43
20210104211708	1522.34
20210104211708	1522.34
20210104211708	1523.26
20210104211708	1523.26
20210104211708	1524.01
20210104211708	1524.01
20210104211708	1524.61
20210104211708	1524.87
20210104211708	1524.87
20210104211708	1524.87
20210104211708	1525.05
20210104211708	1525.07
20210104211708	1525.07
20210104211708	1525.07
20210104211708	1524.9
20210104211708	1524.9
20210104211708	1524.66
20210104211708	1524.66
20210104211709	1524.57
20210104211709	1524.57
20210104211709	1524.03
20210104211709	1524.03
20210104211709	1523.57
20210104211709	1523.57
20210104211709	1523.17
20210104211709	1523.17
20210104211709	1522.5
20210104211709	1521.88
20210104211709	1521.88
20210104211709	1522.36
20210104211709	1522.36
20210104211709	1522.36
20210104211709	1522.68
20210104211709	1523.42
20210104211709	1523.42
20210104211709	1523.42
20210104211709	1525.09
20210104211709	1526.44
20210104211709	1526.44
20210104211709	1527.64
20210104211709	1527.64
20210104211709	1528.16
20210104211709	1528.16
20210104211709	1528.21
20210104211709	1528.21
20210104211709	1528.21
20210104211709	1527.98
20210104211709	1527.4
20210104211709	1527.4
20210104211709	1527.4
20210104211709	1526.77
20210104211709	1526.77
20210104211709	1525.6
20210104211709	1524.09
20210104211709	1524.09
20210104211709	1524.09
20210104211709	1522.05
20210104211709	1520.08
20210104211709	1520.08
20210104211709	1517.84
20210104211709	1517.84
20210104211709	1517.84
20210104211709	1515.01
20210104211709	1513.21
20210104211709	1513.21
20210104211709	1513.21
20210104211709	1510.92
20210104211710	1510.92
20210104211710	1508.53
20210104211710	1506.27
20210104211710	1506.27
20210104211710	1506.27
20210104211710	1504.21
20210104211710	1502.24
20210104211710	1502.24
20210104211710	1500.38
20210104211710	1500.38
20210104211710	1498.95
20210104211710	1498.95
20210104211710	1497.62
20210104211710	1497.62
20210104211710	1497.62
20210104211710	1496.61
20210104211710	1496.61
20210104211710	1495.88
20210104211710	1495.88
20210104211710	1495.42
20210104211710	1495.42
20210104211710	1495.14
20210104211710	1495.22
20210104211710	1495.22
20210104211710	1495.22
20210104211710	1495.42
20210104211710	1495.42
20210104211710	1495.74
20210104211710	1495.74
20210104211710	1496.22
20210104211710	1496.87
20210104211710	1496.87
20210104211710	1496.87
20210104211710	1497.58
20210104211710	1498.26
20210104211710	1498.26
20210104211710	1498.26
20210104211710	1499.09
20210104211710	1499.09
20210104211710	1499.84
20210104211710	1499.84
20210104211710	1500.49
20210104211710	1500.49
20210104211710	1501.27
20210104211710	1501.27
20210104211710	1501.72
20210104211710	1501.72
20210104211710	1502.06
20210104211710	1502.06
20210104211710	1502.37
20210104211710	1502.54
20210104211710	1502.54
20210104211710	1502.54
20210104211710	1502.41
20210104211710	1502.41
20210104211710	1502.13
20210104211710	1501.89
20210104211710	1501.89
20210104211710	1501.25
20210104211711	1501.25
20210104211711	1501.25
20210104211711	1500.58
20210104211711	1499.63
20210104211711	1499.63
20210104211711	1499.63
20210104211711	1498.55
20210104211711	1497.38
20210104211711	1497.38
20210104211711	1497.38
20210104211711	1496.06
20210104211711	1496.06
20210104211711	1494.78
20210104211711	1493.18
20210104211711	1493.18
20210104211711	1493.18
20210104211711	1491.76
20210104211711	1491.76
20210104211711	1490.12
20210104211711	1488.59
20210104211711	1488.59
20210104211711	1486.65
20210104211711	1486.65
20210104211711	1485.57
20210104211711	1485.57
20210104211711	1484.05
20210104211711	1484.05
20210104211711	1484.05
20210104211711	1482.63
20210104211711	1482.63
20210104211711	1481.24
20210104211711	1481.24
20210104211711	1479.78
20210104211711	1479.78
20210104211711	1478.48
20210104211711	1478.48
20210104211711	1477.41
20210104211711	1477.41
20210104211711	1476.26
20210104211711	1476.26
20210104211711	2000
20210104211711	2000
20210104211712	2000
20210104211712	2000
20210104211712	2000
20210104211712	2000
20210104211712	2000
20210104211712	2000
20210104211712	2000
20210104211712	2000
20210104211712	2000
20210104211712	2000
20210104211712	2000
20210104211712	2000
20210104211712	2000
20210104211712	2000
20210104211712	2000
20210104211712	2000
20210104211712	2000
20210104211712	2000
20210104211712	2000
20210104211712	2000
20210104211712	2000
20210104211712	2000
20210104211712	2000
20210104211712	2000
20210104211712	2000
20210104211712	2000
20210104211712	2000
20210104211712	2000
20210104211712	2000
20210104211712	2000
20210104211712	2000
20210104211712	2000
20210104211712	2000
20210104211712	2000
20210104211713	2000
20210104211713	2000
20210104211713	2000
20210104211713	2000
20210104211713	2000
20210104211713	2000
20210104211713	2000
20210104211713	2000
20210104211713	2000
20210104211713	2000
20210104211713	2000
20210104211713	2000
20210104211713	2000
20210104211713	2000
20210104211713	2000
20210104211713	2000
20210104211713	2000
20210104211713	2000
20210104211713	2000
20210104211713	2000
20210104211713	2000
20210104211713	2000
20210104211713	2000
20210104211713	2000
20210104211713	2000
20210104211713	2000
20210104211713	2000
20210104211713	2000
20210104211713	2000
20210104211713	2000
20210104211713	2000
20210104211713	2000
20210104211713	2000
20210104211713	2000
20210104211714	2000
20210104211714	2000
20210104211714	2000
20210104211714	2000
20210104211714	2000
20210104211714	2000
20210104211714	2000
20210104211714	2000
20210104211714	2000
20210104211714	2000
20210104211714	2000
20210104211714	2000
20210104211714	2000
20210104211714	2000
20210104211714	2000
20210104211714	2000
20210104211714	2000
20210104211714	2000
20210104211714	2000
20210104211714	2000
20210104211714	2000
20210104211714	2000
20210104211714	2000
20210104211714	2000
20210104211714	2000
20210104211714	2000
20210104211714	2000
20210104211714	2000
20210104211714	2000
20210104211714	2000
20210104211714	2000
20210104211714	2000
20210104211714	2000
20210104211714	2000
20210104211714	2000
20210104211714	2000
20210104211714	2000
20210104211714	2000
20210104211714	2000
20210104211714	2000
20210104211714	2000
20210104211714	2000
20210104211714	2000
20210104211714	2000
20210104211714	2000
20210104211715	2000
20210104211715	2000
20210104211715	2000
20210104211715	2000
20210104211715	2000
20210104211715	2000
20210104211715	2000
20210104211715	2000
20210104211715	2000
20210104211715	2000
20210104211715	2000
20210104211715	2000
20210104211715	2000
20210104211715	2000
20210104211715	2000
20210104211715	2000
20210104211715	2000
20210104211715	2000
20210104211715	2000
20210104211715	2000
20210104211715	2000
20210104211715	2000
20210104211715	2000
20210104211715	2000
20210104211715	2000
20210104211715	2000
20210104211715	2000
20210104211715	2000
20210104211715	2000
20210104211715	2000
20210104211715	2000
20210104211715	2000
20210104211715	2000
20210104211715	2000
20210104211715	2000
20210104211715	2000
20210104211715	2000
20210104211715	2000
20210104211715	2000
20210104211715	2000
20210104211715	2000
20210104211715	2000
20210104211715	2000
20210104211715	2000
20210104211715	2000
20210104211715	2000
20210104211715	2000
20210104211715	2000
20210104211715	2000
20210104211715	2000
20210104211715	2000
20210104211715	2000
20210104211715	2000
20210104211716	2000
20210104211716	2000
20210104211716	2000
20210104211716	2000
20210104211716	2000
20210104211716	2000
20210104211716	2000
20210104211716	2000
20210104211716	2000
20210104211716	2000
20210104211716	2000
20210104211716	2000
20210104211716	2000
20210104211716	2000
20210104211716	2000
20210104211716	2000
20210104211716	2000
20210104211716	2000
20210104211716	2000
20210104211716	2000
20210104211716	2000
20210104211716	2000
20210104211716	2000
20210104211716	2000
20210104211716	2000
20210104211716	2000
20210104211716	2000
20210104211716	2000
20210104211716	2000
20210104211716	2000
20210104211716	2000
20210104211716	2000
20210104211716	2000
20210104211716	2000
20210104211716	2000
20210104211716	2000
20210104211716	2000
20210104211716	2000
20210104211716	2000
20210104211716	2000
20210104211716	2000
20210104211716	2000
20210104211716	2000
20210104211716	2000
20210104211716	2000
20210104211716	2000
20210104211716	2000
20210104211716	2000
20210104211716	2000
20210104211717	2000
20210104211717	2000
20210104211717	2000
20210104211717	2000
20210104211717	2000
20210104211717	2000
20210104211717	2000
20210104211717	2000
20210104211717	2000
20210104211717	2000
20210104211717	2000
20210104211717	2000
20210104211717	2000
20210104211717	2000
20210104211717	2000
20210104211717	2000
20210104211717	2000
20210104211717	2000
20210104211717	2000
20210104211717	2000
20210104211717	2000
20210104211717	2000
20210104211717	2000
20210104211717	2000
20210104211717	2000
20210104211717	2000
20210104211717	2000
20210104211717	2000
20210104211717	2000
20210104211717	2000
20210104211717	2000
20210104211717	2000
20210104211718	2000
20210104211718	2000
20210104211718	2000
20210104211718	2000
20210104211718	2000
20210104211718	2000
20210104211718	2000
20210104211718	2000
20210104211718	2000
20210104211718	2000
20210104211718	2000
20210104211718	2000
20210104211718	2000
20210104211718	2000
20210104211718	2000
20210104211718	2000
20210104211718	2000
20210104211718	2000
20210104211718	2000
20210104211718	2000
20210104211718	2000
20210104211718	2000
20210104211718	2000
20210104211718	2000
20210104211718	2000
20210104211718	2000
20210104211718	2000
20210104211718	2000
20210104211718	2000
20210104211718	2000
20210104211718	2000
20210104211718	2000
20210104211718	2000
20210104211718	2000
20210104211718	2000
20210104211718	2000
20210104211718	2000
20210104211718	2000
20210104211718	2000
20210104211719	2000
20210104211719	2000
20210104211719	2000
20210104211719	2000
20210104211719	2000
20210104211719	2000
20210104211719	2000
20210104211719	2000
20210104211719	2000
20210104211719	2000
20210104211719	2000
20210104211719	2000
20210104211719	2000
20210104211719	2000
20210104211719	2000
20210104211719	2000
20210104211719	2000
20210104211719	2000
20210104211719	2000
20210104211719	2000
20210104211719	2000
20210104211719	2000
20210104211719	2000
20210104211719	2000
20210104211719	2000
20210104211719	2000
20210104211719	2000
20210104211719	2000
20210104211719	2000
20210104211719	2000
20210104211719	2000
20210104211719	2000
20210104211719	2000
20210104211719	2000
20210104211719	2000
20210104211719	2000
20210104211719	2000
20210104211719	2000
20210104211719	2000
20210104211719	2000
20210104211719	2000
20210104211719	2000
20210104211719	2000
20210104211720	2000
20210104211720	2000
20210104211720	2000
20210104211720	2000
20210104211720	2000
20210104211720	2000
20210104211720	2000
20210104211720	2000
20210104211720	2000
20210104211720	2000
20210104211720	2000
20210104211720	2000
20210104211720	2000
20210104211720	2000
20210104211720	2000
20210104211720	2000
20210104211720	2000
20210104211720	2000
20210104211720	2000
20210104211720	2000
20210104211720	2000
20210104211720	2000
20210104211720	2000
20210104211720	2000
20210104211720	2000
20210104211720	2000
20210104211720	2000
20210104211720	2000
20210104211720	2000
20210104211720	2000
20210104211720	2000
20210104211720	2000
20210104211720	2000
20210104211720	2000
20210104211720	2000
20210104211720	2000
20210104211720	2000
20210104211720	2000
20210104211720	2000
20210104211720	2000
20210104211720	2000
20210104211720	2000
20210104211720	2000
20210104211720	2000
20210104211720	2000
20210104211720	2000
20210104211720	2000
20210104211720	2000
20210104211721	2000
20210104211721	2000
20210104211721	2000
20210104211721	2000
20210104211721	2000
20210104211721	2000
20210104211721	2000
20210104211721	2000
20210104211721	2000
20210104211721	2000
20210104211721	2000
20210104211721	2000
20210104211721	2000
20210104211721	2000
20210104211721	2000
20210104211721	2000
20210104211721	2000
20210104211721	2000
20210104211721	2000
20210104211721	2000
20210104211721	2000
20210104211721	2000
20210104211721	2000
20210104211721	2000
20210104211721	2000
20210104211721	2000
20210104211721	2000
20210104211721	2000
20210104211721	2000
20210104211721	2000
20210104211721	2000
20210104211721	2000
20210104211721	2000
20210104211721	2000
20210104211721	2000
20210104211721	2000
20210104211721	2000
20210104211721	2000
20210104211721	2000
20210104211722	2000
20210104211722	2000
20210104211722	2000
20210104211722	2000
20210104211722	2000
20210104211722	2000
20210104211722	2000
20210104211722	2000
20210104211722	2000
20210104211722	2000
20210104211722	2000
20210104211722	2000
20210104211722	2000
20210104211722	2000
20210104211722	2000
20210104211722	2000
20210104211722	2000
20210104211722	2000
20210104211722	2000
20210104211722	2000
20210104211722	2000
20210104211722	2000
20210104211722	2000
20210104211722	2000
20210104211722	2000
20210104211722	2000
20210104211722	2000
20210104211722	2000
20210104211722	2000
20210104211722	2000
20210104211722	2000
20210104211722	2000
20210104211722	2000
20210104211722	2000
20210104211722	2000
20210104211722	2000
20210104211722	2000
20210104211722	2000
20210104211722	2000
20210104211722	2000
20210104211722	2000
20210104211722	2000
20210104211722	2000
20210104211722	2000
20210104211722	2000
20210104211722	2000
20210104211722	2000
20210104211722	2000
20210104211722	2000
20210104211722	2000
20210104211722	2000
20210104211723	2000
20210104211723	2000
20210104211723	2000
20210104211723	2000
20210104211723	2000
20210104211723	2000
20210104211723	2000
20210104211723	2000
20210104211723	2000
20210104211723	2000
20210104211723	2000
20210104211723	2000
20210104211723	2000
20210104211723	2000
20210104211723	2000
20210104211723	2000
20210104211723	2000
20210104211723	2000
20210104211723	2000
20210104211723	2000
20210104211723	2000
20210104211723	2000
20210104211723	2000
20210104211723	2000
20210104211723	2000
20210104211723	2000
20210104211723	2000
20210104211723	2000
20210104211723	2000
20210104211723	2000
20210104211723	2000
20210104211723	2000
20210104211723	2000
20210104211723	2000
20210104211723	2000
20210104211723	2000
20210104211723	2000
20210104211723	2000
20210104211723	2000
20210104211723	2000
20210104211723	2000
20210104211723	2000
20210104211724	2000
20210104211724	2000
20210104211724	2000
20210104211724	2000
20210104211724	2000
20210104211724	2000
20210104211724	2000
20210104211724	2000
20210104211724	2000
20210104211724	2000
20210104211724	2000
20210104211724	2000
20210104211724	2000
20210104211724	2000
20210104211724	2000
20210104211724	2000
20210104211724	2000
20210104211724	2000
20210104211724	2000
20210104211724	2000
20210104211724	2000
20210104211724	2000
20210104211724	2000
20210104211724	2000
20210104211724	2000
20210104211724	2000
20210104211724	2000
20210104211724	2000
20210104211724	2000
20210104211724	2000
20210104211724	2000
20210104211724	2000
20210104211724	2000
20210104211724	2000
20210104211724	2000
20210104211724	2000
20210104211724	2000
20210104211724	2000
20210104211724	2000
20210104211724	2000
20210104211724	2000
20210104211724	2000
20210104211724	2000
20210104211724	2000
20210104211724	2000
20210104211724	2000
20210104211724	2000
20210104211724	2000
20210104211724	2000
20210104211724	2000
20210104211724	2000
20210104211725	2000
20210104211725	2000
20210104211725	2000
20210104211725	2000
20210104211725	2000
20210104211725	2000
20210104211725	2000
20210104211725	2000
20210104211725	2000
20210104211725	2000
20210104211725	2000
20210104211725	2000
20210104211725	2000
20210104211725	2000
20210104211725	2000
20210104211725	2000
20210104211725	2000
20210104211725	2000
20210104211725	2000
20210104211725	2000
20210104211725	2000
20210104211725	2000
20210104211725	2000
20210104211725	2000
20210104211725	2000
20210104211725	2000
20210104211725	2000
20210104211725	2000
20210104211725	2000
20210104211725	2000
20210104211725	2000
20210104211725	2000
20210104211725	2000
20210104211725	2000
20210104211725	2000
20210104211725	2000
20210104211725	2000
20210104211725	2000
20210104211725	2000
20210104211725	2000
20210104211725	2000
20210104211725	2000
20210104211725	2000
20210104211725	2000
20210104211725	2000
20210104211725	2000
20210104211725	2000
20210104211725	2000
20210104211725	2000
20210104211725	2000
20210104211726	2000
20210104211726	2000
20210104211726	2000
20210104211726	2000
20210104211726	2000
20210104211726	2000
20210104211726	2000
20210104211726	2000
20210104211726	2000
20210104211726	2000
20210104211726	2000
20210104211726	2000
20210104211726	2000
20210104211726	2000
20210104211726	2000
20210104211726	2000
20210104211726	2000
20210104211726	2000
20210104211726	2000
20210104211726	2000
20210104211726	2000
20210104211726	2000
20210104211726	2000
20210104211726	2000
20210104211726	2000
20210104211726	2000
20210104211726	2000
20210104211726	2000
20210104211726	2000
20210104211726	2000
20210104211726	2000
20210104211726	2000
20210104211726	2000
20210104211726	2000
20210104211726	2000
20210104211726	2000
20210104211726	2000
20210104211726	2000
20210104211726	2000
20210104211726	2000
20210104211726	2000
20210104211726	2000
20210104211726	2000
20210104211726	2000
20210104211726	2000
20210104211726	2000
20210104211726	2000
20210104211727	2000
20210104211727	2000
20210104211727	2000
20210104211727	2000
20210104211727	2000
20210104211727	2000
20210104211727	2000
20210104211727	2000
20210104211727	2000
20210104211727	2000
20210104211727	2000
20210104211727	2000
20210104211727	2000
20210104211727	2000
20210104211727	2000
20210104211727	2000
20210104211727	2000
20210104211727	2000
20210104211727	2000
20210104211727	2000
20210104211727	2000
20210104211727	2000
20210104211727	2000
20210104211727	2000
20210104211727	2000
20210104211727	2000
20210104211727	2000
20210104211727	2000
20210104211727	2000
20210104211727	2000
20210104211727	2000
20210104211727	2000
20210104211727	2000
20210104211727	2000
20210104211727	2000
20210104211727	2000
20210104211727	2000
20210104211727	2000
20210104211727	2000
20210104211727	2000
20210104211727	2000
20210104211727	2000
20210104211728	2000
20210104211728	2000
20210104211728	2000
20210104211728	2000
20210104211728	2000
20210104211728	2000
20210104211728	2000
20210104211728	2000
20210104211728	2000
20210104211728	2000
20210104211728	2000
20210104211728	2000
20210104211728	2000
20210104211728	2000
20210104211728	2000
20210104211728	2000
20210104211728	2000
20210104211728	2000
20210104211728	2000
20210104211728	2000
20210104211728	2000
20210104211728	2000
20210104211728	2000
20210104211728	2000
20210104211728	2000
20210104211728	2000
20210104211728	2000
20210104211728	2000
20210104211728	2000
20210104211728	2000
20210104211728	2000
20210104211728	2000
20210104211728	2000
20210104211728	2000
20210104211728	2000
20210104211728	2000
20210104211728	2000
20210104211728	2000
20210104211728	2000
20210104211728	2000
20210104211728	2000
20210104211728	2000
20210104211728	2000
20210104211728	2000
20210104211728	2000
20210104211728	2000
20210104211728	2000
20210104211728	2000
20210104211728	2000
20210104211728	2000
20210104211728	2000
20210104211728	2000
20210104211729	2000
20210104211729	2000
20210104211729	2000
20210104211729	2000
20210104211729	2000
20210104211729	2000
20210104211729	2000
20210104211729	2000
20210104211729	2000
20210104211729	2000
20210104211729	2000
20210104211729	2000
20210104211729	2000
20210104211729	2000
20210104211729	2000
20210104211729	2000
20210104211729	2000
20210104211729	2000
20210104211729	2000
20210104211729	2000
20210104211729	2000
20210104211729	2000
20210104211729	2000
20210104211729	2000
20210104211729	2000
20210104211729	2000
20210104211729	2000
20210104211729	2000
20210104211729	2000
20210104211729	2000
20210104211729	2000
20210104211729	2000
20210104211729	2000
20210104211729	2000
20210104211729	2000
20210104211729	2000
20210104211729	2000
20210104211729	2000
20210104211729	2000
20210104211729	2000
20210104211729	2000
20210104211729	2000
20210104211730	2000
20210104211730	2000
20210104211730	2000
20210104211730	2000
20210104211730	2000
20210104211730	2000
20210104211730	2000
20210104211730	2000
20210104211730	2000
20210104211730	2000
20210104211730	2000
20210104211730	2000
20210104211730	2000
20210104211730	2000
20210104211730	2000
20210104211730	2000
20210104211730	2000
20210104211730	2000
20210104211730	2000
20210104211730	2000
20210104211730	2000
20210104211730	2000
20210104211730	2000
20210104211730	2000
20210104211730	2000
20210104211730	2000
20210104211730	2000
20210104211730	2000
20210104211730	2000
20210104211730	2000
20210104211730	2000
20210104211730	2000
20210104211730	2000
20210104211730	2000
20210104211730	2000
20210104211730	2000
20210104211730	2000
20210104211730	2000
20210104211730	2000
20210104211730	2000
20210104211730	2000
20210104211730	2000
20210104211730	2000
20210104211731	2000
20210104211731	2000
20210104211731	2000
20210104211731	2000
20210104211731	2000
20210104211731	2000
20210104211731	2000
20210104211731	2000
20210104211731	2000
20210104211731	2000
20210104211731	2000
20210104211731	2000
20210104211731	2000
20210104211731	2000
20210104211731	2000
20210104211731	2000
20210104211731	2000
20210104211731	2000
20210104211731	2000
20210104211731	2000
20210104211731	2000
20210104211731	2000
20210104211731	2000
20210104211731	2000
20210104211731	2000
20210104211731	2000
20210104211731	2000
20210104211731	2000
20210104211731	2000
20210104211731	2000
20210104211731	2000
20210104211731	2000
20210104211731	2000
20210104211731	2000
20210104211731	2000
20210104211731	2000
20210104211731	2000
20210104211731	2000
20210104211731	2000
20210104211731	2000
20210104211731	2000
20210104211731	2000
20210104211731	2000
20210104211731	2000
20210104211731	2000
20210104211731	2000
20210104211731	2000
20210104211731	2000
20210104211731	2000
20210104211731	2000
20210104211731	2000
20210104211731	2000
20210104211731	2000
20210104211732	2000
20210104211732	2000
20210104211732	2000
20210104211732	2000
20210104211732	2000
20210104211732	2000
20210104211732	2000
20210104211732	2000
20210104211732	2000
20210104211732	2000
20210104211732	2000
20210104211732	2000
20210104211732	2000
20210104211732	2000
20210104211732	2000
20210104211732	2000
20210104211732	2000
20210104211732	2000
20210104211732	2000
20210104211732	2000
20210104211732	2000
20210104211732	2000
20210104211732	2000
20210104211732	2000
20210104211732	2000
20210104211732	2000
20210104211732	2000
20210104211732	2000
20210104211732	2000
20210104211732	2000
20210104211732	2000
20210104211732	2000
20210104211732	2000
20210104211732	2000
20210104211732	2000
20210104211732	2000
20210104211732	2000
20210104211732	2000
20210104211732	2000
20210104211732	2000
20210104211732	2000
20210104211732	2000
20210104211732	2000
20210104211732	2000
20210104211732	2000
20210104211732	2000
20210104211732	2000
20210104211733	2000
20210104211733	2000
20210104211733	2000
20210104211733	2000
20210104211733	2000
20210104211733	2000
20210104211733	2000
20210104211733	2000
20210104211733	2000
20210104211733	2000
20210104211733	2000
20210104211733	2000
20210104211733	2000
20210104211733	2000
20210104211733	2000
20210104211733	2000
20210104211733	2000
20210104211733	2000
20210104211733	2000
20210104211733	2000
20210104211733	2000
20210104211733	2000
20210104211733	2000
20210104211733	2000
20210104211733	2000
20210104211733	2000
20210104211733	2000
20210104211733	2000
20210104211733	2000
20210104211733	2000
20210104211733	2000
20210104211733	2000
20210104211733	2000
20210104211733	2000
20210104211733	2000
20210104211733	2000
20210104211733	2000
20210104211733	2000
20210104211733	2000
20210104211733	2000
20210104211733	2000
20210104211733	2000
20210104211733	2000
20210104211733	2000
20210104211733	2000
20210104211733	2000
20210104211733	2000
20210104211733	2000
20210104211733	2000
20210104211734	2000
20210104211734	2000
20210104211734	2000
20210104211734	2000
20210104211734	2000
20210104211734	2000
20210104211734	2000
20210104211734	2000
20210104211734	2000
20210104211734	2000
20210104211734	2000
20210104211734	2000
20210104211734	2000
20210104211734	2000
20210104211734	2000
20210104211734	2000
20210104211734	2000
20210104211734	2000
20210104211734	2000
20210104211734	2000
20210104211734	2000
20210104211734	2000
20210104211734	2000
20210104211734	2000
20210104211734	2000
20210104211734	2000
20210104211734	2000
20210104211734	2000
20210104211734	2000
20210104211734	2000
20210104211734	2000
20210104211734	2000
20210104211734	2000
20210104211734	2000
20210104211734	2000
20210104211734	2000
20210104211734	2000
20210104211734	2000
20210104211734	2000
20210104211734	2000
20210104211734	2000
20210104211734	2000
20210104211735	2000
20210104211735	2000
20210104211735	2000
20210104211735	2000
20210104211735	2000
20210104211735	2000
20210104211735	2000
20210104211735	2000
20210104211735	2000
20210104211735	2000
20210104211735	2000
20210104211735	2000
20210104211735	2000
20210104211735	2000
20210104211735	2000
20210104211735	2000
20210104211735	2000
20210104211735	2000
20210104211735	2000
20210104211735	2000
20210104211735	2000
20210104211735	2000
20210104211735	2000
20210104211735	2000
20210104211735	2000
20210104211735	2000
20210104211735	2000
20210104211735	2000
20210104211735	2000
20210104211735	2000
20210104211735	2000
20210104211735	2000
20210104211735	2000
20210104211735	2000
20210104211735	2000
20210104211735	2000
20210104211735	2000
20210104211735	2000
20210104211735	2000
20210104211735	2000
20210104211735	2000
20210104211735	2000
20210104211735	2000
20210104211735	2000
20210104211735	2000
20210104211735	2000
20210104211735	2000
20210104211735	2000
20210104211735	2000
20210104211736	2000
20210104211736	2000
20210104211736	2000
20210104211736	2000
20210104211736	2000
20210104211736	2000
20210104211736	2000
20210104211736	2000
20210104211736	2000
20210104211736	2000
20210104211736	2000
20210104211736	2000
20210104211736	2000
20210104211736	2000
20210104211736	2000
20210104211736	2000
20210104211736	2000
20210104211736	2000
20210104211736	2000
20210104211736	2000
20210104211736	2000
20210104211736	2000
20210104211736	2000
20210104211736	2000
20210104211736	2000
20210104211736	2000
20210104211736	2000
20210104211736	2000
20210104211736	2000
20210104211736	2000
20210104211736	2000
20210104211736	2000
20210104211736	2000
20210104211736	2000
20210104211736	2000
20210104211736	2000
20210104211736	2000
20210104211736	2000
20210104211736	2000
20210104211736	2000
20210104211736	2000
20210104211736	2000
20210104211736	2000
20210104211736	2000
20210104211736	2000
20210104211736	2000
20210104211736	2000
20210104211736	2000
20210104211736	2000
20210104211736	2000
20210104211736	2000
20210104211736	2000
20210104211736	2000
20210104211736	2000
20210104211737	2000
20210104211737	2000
20210104211737	2000
20210104211737	2000
20210104211737	2000
20210104211737	2000
20210104211737	2000
20210104211737	2000
20210104211737	2000
20210104211737	2000
20210104211737	2000
20210104211737	2000
20210104211737	2000
20210104211737	2000
20210104211737	2000
20210104211737	2000
20210104211737	2000
20210104211737	2000
20210104211737	2000
20210104211737	2000
20210104211737	2000
20210104211737	2000
20210104211737	2000
20210104211737	2000
20210104211737	2000
20210104211737	2000
20210104211737	2000
20210104211737	2000
20210104211737	2000
20210104211737	2000
20210104211737	2000
20210104211737	2000
20210104211737	2000
20210104211737	2000
20210104211737	2000
20210104211737	2000
20210104211737	2000
20210104211737	2000
20210104211737	2000
20210104211737	2000
20210104211737	2000
20210104211737	2000
20210104211737	2000
20210104211737	2000
20210104211737	2000
20210104211737	2000
20210104211737	2000
20210104211737	2000
20210104211737	2000
20210104211737	2000
20210104211737	2000
20210104211737	2000
20210104211737	2000
20210104211737	2000
20210104211738	2000
20210104211738	2000
20210104211738	2000
20210104211738	2000
20210104211738	2000
20210104211738	2000
20210104211738	2000
20210104211738	2000
20210104211738	2000
20210104211738	2000
20210104211738	2000
20210104211738	2000
20210104211738	2000
20210104211738	2000
20210104211738	2000
20210104211738	2000
20210104211738	2000
20210104211738	2000
20210104211738	2000
20210104211738	2000
20210104211738	2000
20210104211738	2000
20210104211738	2000
20210104211738	2000
20210104211738	2000
20210104211738	2000
20210104211738	2000
20210104211738	2000
20210104211738	2000
20210104211738	2000
20210104211738	2000
20210104211738	2000
20210104211738	2000
20210104211738	2000
20210104211738	2000
20210104211738	2000
20210104211738	2000
20210104211738	2000
20210104211738	2000
20210104211738	2000
20210104211738	2000
20210104211738	2000
20210104211738	2000
20210104211738	2000
20210104211738	2000
20210104211738	2000
20210104211738	2000
20210104211739	2000
20210104211739	2000
20210104211739	2000
20210104211739	2000
20210104211739	2000
20210104211739	2000
20210104211739	2000
20210104211739	2000
20210104211739	2000
20210104211739	2000
20210104211739	2000
20210104211739	2000
20210104211739	2000
20210104211739	2000
20210104211739	2000
20210104211739	2000
20210104211739	2000
20210104211739	2000
20210104211739	2000
20210104211739	2000
20210104211739	2000
20210104211739	2000
20210104211739	2000
20210104211739	2000
20210104211739	2000
20210104211739	2000
20210104211739	2000
20210104211739	2000
20210104211739	2000
20210104211739	2000
20210104211739	2000
20210104211739	2000
20210104211739	2000
20210104211739	2000
20210104211739	2000
20210104211739	2000
20210104211739	2000
20210104211739	2000
20210104211739	2000
20210104211740	2000
20210104211740	2000
20210104211740	2000
20210104211740	2000
20210104211740	2000
20210104211740	2000
20210104211740	2000
20210104211740	2000
20210104211740	2000
20210104211740	2000
20210104211740	2000
20210104211740	2000
20210104211740	2000
20210104211740	2000
20210104211740	2000
20210104211740	2000
20210104211740	2000
20210104211740	2000
20210104211740	2000
20210104211740	2000
20210104211740	2000
20210104211740	2000
20210104211740	2000
20210104211740	2000
20210104211740	2000
20210104211740	2000
20210104211740	2000
20210104211740	2000
20210104211740	2000
20210104211740	2000
20210104211740	2000
20210104211740	2000
20210104211740	2000
20210104211740	2000
20210104211740	2000
20210104211740	2000
20210104211740	2000
20210104211740	2000
20210104211740	2000
20210104211740	2000
20210104211740	2000
20210104211740	2000
20210104211740	2000
20210104211740	2000
20210104211741	2000
20210104211741	2000
20210104211741	2000
20210104211741	2000
20210104211741	2000
20210104211741	2000
20210104211741	2000
20210104211741	2000
20210104211741	2000
20210104211741	2000
20210104211741	2000
20210104211741	2000
20210104211741	2000
20210104211741	2000
20210104211741	2000
20210104211741	2000
20210104211741	2000
20210104211741	2000
20210104211741	2000
20210104211741	2000
20210104211741	2000
20210104211741	2000
20210104211741	2000
20210104211741	2000
20210104211741	2000
20210104211741	2000
20210104211741	2000
20210104211741	2000
20210104211741	2000
20210104211741	2000
20210104211741	2000
20210104211741	2000
20210104211741	2000
20210104211741	2000
20210104211741	2000
20210104211741	2000
20210104211741	2000
20210104211741	2000
20210104211741	2000
20210104211741	2000
20210104211741	2000
20210104211741	2000
20210104211741	2000
20210104211741	2000
20210104211741	2000
