20210111015213	8.54559
20210111015213	8.54559
20210111015213	8.54559
20210111015213	8.54559
20210111015213	8.54559
20210111015213	8.54559
20210111015213	8.54559
20210111015213	8.54559
20210111015213	8.54559
20210111015213	8.54559
20210111015213	8.54559
20210111015213	8.54559
20210111015213	8.54559
20210111015213	8.54559
20210111015213	8.54559
20210111015213	8.54559
20210111015213	8.54559
20210111015213	8.54559
20210111015213	8.54559
20210111015213	8.54559
20210111015213	8.54559
20210111015213	8.54559
20210111015213	8.54559
20210111015213	8.54559
20210111015213	8.54559
20210111015213	8.54559
20210111015213	8.54559
20210111015214	8.54559
20210111015214	8.54559
20210111015214	8.54559
20210111015214	8.54559
20210111015214	8.54559
20210111015214	8.54559
20210111015214	8.54559
20210111015214	8.54559
20210111015214	8.54559
20210111015214	8.54559
20210111015214	8.54559
20210111015214	8.54559
20210111015214	8.54559
20210111015214	8.54559
20210111015214	8.54559
20210111015214	8.54559
20210111015214	8.54559
20210111015214	8.54559
20210111015214	8.54559
20210111015214	8.54559
20210111015214	8.54559
20210111015214	8.54559
20210111015214	8.54559
20210111015214	8.54559
20210111015214	8.54559
20210111015214	8.54559
20210111015214	8.54559
20210111015214	8.54559
20210111015214	8.54559
20210111015214	8.54559
20210111015214	8.54559
20210111015215	8.54559
20210111015215	8.54559
20210111015215	8.54559
20210111015215	8.54559
20210111015215	8.54559
20210111015215	8.54559
20210111015215	8.54559
20210111015215	8.54559
20210111015215	8.54559
20210111015215	8.54559
20210111015215	8.54559
20210111015215	8.54559
20210111015215	8.54559
20210111015215	8.54559
20210111015215	8.54559
20210111015215	8.54559
20210111015215	8.54559
20210111015215	8.54559
20210111015215	8.54559
20210111015215	8.54559
20210111015215	8.54559
20210111015215	8.54559
20210111015215	8.54559
20210111015215	8.54559
20210111015215	8.54559
20210111015215	8.54559
20210111015215	8.54559
20210111015215	8.54559
20210111015215	8.54559
20210111015215	8.54559
20210111015215	8.54559
20210111015215	8.54559
20210111015215	8.54559
20210111015215	8.54559
20210111015215	8.54559
20210111015215	8.54559
20210111015215	8.54559
20210111015216	8.54559
20210111015216	8.54559
20210111015216	8.54559
20210111015216	8.54559
20210111015216	8.54559
20210111015216	8.54559
20210111015216	8.54559
20210111015216	8.54559
20210111015216	8.54559
20210111015216	8.54559
20210111015216	8.54559
20210111015216	8.54559
20210111015216	8.54559
20210111015216	8.54559
20210111015216	8.54559
20210111015216	8.54559
20210111015216	8.54559
20210111015216	8.54559
20210111015216	8.54559
20210111015216	8.54559
20210111015216	8.54559
20210111015216	8.54559
20210111015216	8.54559
20210111015216	8.54559
20210111015216	8.54559
20210111015216	8.54559
20210111015216	8.54559
20210111015216	8.54559
20210111015216	8.54559
20210111015216	8.54559
20210111015217	8.54559
20210111015217	8.54559
20210111015217	8.54559
20210111015217	8.54559
20210111015217	8.54559
20210111015217	8.54559
20210111015217	8.54559
20210111015217	8.54559
20210111015217	8.54559
20210111015217	8.54559
20210111015217	8.54559
20210111015217	8.54559
20210111015217	8.54559
20210111015217	8.54559
20210111015217	8.54559
20210111015217	8.54559
20210111015217	8.54559
20210111015217	8.54559
20210111015217	8.54559
20210111015217	8.54559
20210111015217	8.54559
20210111015217	8.54559
20210111015217	8.54559
20210111015217	8.54559
20210111015217	8.54559
20210111015217	8.54559
20210111015217	8.54559
20210111015217	8.54559
20210111015218	8.54559
20210111015218	8.54559
20210111015218	8.54559
20210111015218	8.54559
20210111015218	8.54559
20210111015218	8.54559
20210111015218	8.54559
20210111015218	8.54559
20210111015218	8.54559
20210111015218	8.54559
20210111015218	8.54559
20210111015218	8.54559
20210111015218	8.54559
20210111015218	8.54559
20210111015218	8.54559
20210111015218	8.54559
20210111015218	8.54559
20210111015218	8.54559
20210111015218	8.54559
20210111015218	8.54559
20210111015218	8.54559
20210111015218	8.54559
20210111015218	8.54559
20210111015218	8.54559
20210111015218	8.54559
20210111015218	8.54559
20210111015218	8.54559
20210111015218	8.54559
20210111015218	8.54559
20210111015218	8.54559
20210111015218	8.54559
20210111015218	8.54559
20210111015218	8.54559
20210111015218	8.54559
20210111015218	8.54559
20210111015218	8.54559
20210111015218	8.54559
20210111015218	8.54559
20210111015218	8.54559
20210111015219	8.54559
20210111015219	8.54559
20210111015219	8.54559
20210111015219	8.54559
20210111015219	8.54559
20210111015219	8.54559
20210111015219	8.54559
20210111015219	8.54559
20210111015219	8.54559
20210111015219	8.54559
20210111015219	8.54559
20210111015219	8.54559
20210111015219	8.54559
20210111015219	8.54559
20210111015219	8.54559
20210111015219	8.54559
20210111015219	8.54559
20210111015219	8.54559
20210111015219	8.54559
20210111015219	8.54559
20210111015219	8.54559
20210111015219	8.54559
20210111015219	8.54559
20210111015219	8.54559
20210111015219	8.54559
20210111015219	8.54559
20210111015220	8.54559
20210111015220	8.54559
20210111015220	8.54559
20210111015220	8.54559
20210111015220	8.54559
20210111015220	8.54559
20210111015220	8.54559
20210111015220	8.54559
20210111015220	8.54559
20210111015220	8.54559
20210111015220	8.54559
20210111015220	8.54559
20210111015220	8.54559
20210111015220	8.54559
20210111015220	8.54559
20210111015220	8.54559
20210111015220	8.54559
20210111015220	8.54559
20210111015220	8.54559
20210111015220	8.54559
20210111015220	8.54559
20210111015220	8.54559
20210111015220	8.54559
20210111015220	8.54559
20210111015220	8.54559
20210111015220	8.54559
20210111015220	8.54559
20210111015220	8.54559
20210111015220	8.54559
20210111015220	8.54559
20210111015220	8.54559
20210111015220	8.54559
20210111015220	8.54559
20210111015220	8.54559
20210111015220	8.54559
20210111015220	8.54559
20210111015220	8.54559
20210111015220	8.54559
20210111015220	8.54559
20210111015220	8.54559
20210111015220	8.54559
20210111015220	8.54559
20210111015220	8.54559
20210111015220	8.54559
20210111015220	8.54559
20210111015220	8.54559
20210111015221	8.54559
20210111015221	8.54559
20210111015221	8.54559
20210111015221	8.54559
20210111015221	8.54559
20210111015221	8.54559
20210111015221	8.54559
20210111015221	8.54559
20210111015221	8.54559
20210111015221	8.54559
20210111015221	8.54559
20210111015221	8.54559
20210111015221	8.54559
20210111015221	8.54559
20210111015221	8.54559
20210111015221	8.54559
20210111015221	8.54559
20210111015221	8.54559
20210111015221	8.54559
20210111015221	8.54559
20210111015221	8.54559
20210111015221	8.54559
20210111015221	8.54559
20210111015221	8.54559
20210111015221	8.54559
20210111015221	8.54559
20210111015222	8.54559
20210111015222	8.54559
20210111015222	8.54559
20210111015222	8.54559
20210111015222	8.54559
20210111015222	8.54559
20210111015222	8.54559
20210111015222	8.54559
20210111015222	8.54559
20210111015222	8.54559
20210111015222	8.54559
20210111015222	8.54559
20210111015222	8.54559
20210111015222	8.54559
20210111015222	8.54559
20210111015222	8.54559
20210111015222	8.54559
20210111015222	8.54559
20210111015222	8.54559
20210111015222	8.54559
20210111015222	8.54559
20210111015222	8.54559
20210111015222	8.54559
20210111015222	8.54559
20210111015222	8.54559
20210111015222	8.54559
20210111015222	8.54559
20210111015222	8.54559
20210111015222	8.54559
20210111015222	8.54559
20210111015222	8.54559
20210111015222	8.54559
20210111015222	8.54559
20210111015222	8.54559
20210111015223	8.54559
20210111015223	8.54559
20210111015223	8.54559
20210111015223	8.54559
20210111015223	8.54559
20210111015223	8.54559
20210111015223	8.54559
20210111015223	8.54559
20210111015223	8.54559
20210111015223	8.54559
20210111015223	8.54559
20210111015223	8.54559
20210111015223	8.54559
20210111015223	8.54559
20210111015223	8.54559
20210111015223	8.54559
20210111015223	8.54559
20210111015223	8.54559
20210111015223	8.54559
20210111015223	8.54559
20210111015223	8.54559
20210111015223	8.54559
20210111015223	8.54559
20210111015223	8.54559
20210111015223	8.54559
20210111015223	8.54559
20210111015224	8.54559
20210111015224	8.54559
20210111015224	8.54559
20210111015224	8.54559
20210111015224	8.54559
20210111015224	8.54559
20210111015224	8.54559
20210111015224	8.54559
20210111015224	8.54559
20210111015224	8.54559
20210111015224	8.54559
20210111015224	8.54559
20210111015224	8.54559
20210111015224	8.54559
20210111015224	8.54559
20210111015224	8.54559
20210111015224	8.54559
20210111015224	8.54559
20210111015224	8.54559
20210111015224	8.54559
20210111015224	8.54559
20210111015224	8.54559
20210111015224	8.54559
20210111015224	8.54559
20210111015224	8.54559
20210111015224	8.54559
20210111015224	8.54559
20210111015224	8.54559
20210111015224	8.54559
20210111015224	8.54559
20210111015224	8.54559
20210111015224	8.54559
20210111015224	8.54559
20210111015224	8.54559
20210111015224	8.54559
20210111015225	8.54559
20210111015225	8.54559
20210111015225	8.54559
20210111015225	8.54559
20210111015225	8.54559
20210111015225	8.54559
20210111015225	8.54559
20210111015225	8.54559
20210111015225	8.54559
20210111015225	8.54559
20210111015225	8.54559
20210111015225	8.54559
20210111015225	8.54559
20210111015225	8.54559
20210111015225	8.54559
20210111015225	8.54559
20210111015225	8.54559
20210111015225	8.54559
20210111015225	8.54559
20210111015225	8.54559
20210111015225	8.54559
20210111015225	8.54559
20210111015225	8.54559
20210111015225	8.54559
20210111015225	8.54559
20210111015225	8.54559
20210111015225	8.54559
20210111015225	8.54559
20210111015225	8.54559
20210111015225	8.54559
20210111015225	8.54559
20210111015225	8.54559
20210111015225	8.54559
20210111015225	8.54559
20210111015225	8.54559
20210111015226	8.54559
20210111015226	8.54559
20210111015226	8.54559
20210111015226	8.54559
20210111015226	8.54559
20210111015226	8.54559
20210111015226	8.54559
20210111015226	8.54559
20210111015226	8.54559
20210111015226	8.54559
20210111015226	8.54559
20210111015226	8.54559
20210111015226	8.54559
20210111015226	8.54559
20210111015226	8.54559
20210111015226	8.54559
20210111015227	8.54559
20210111015227	8.54559
20210111015227	8.54559
20210111015227	8.54559
20210111015227	8.54559
20210111015227	8.54559
20210111015227	8.54559
20210111015227	8.54559
20210111015227	8.54559
20210111015227	8.54559
20210111015227	8.54559
20210111015227	8.54559
20210111015227	8.54559
20210111015227	8.54559
20210111015227	8.54559
20210111015227	8.54559
20210111015227	8.54559
20210111015227	8.54559
20210111015227	8.54559
20210111015227	8.54559
20210111015227	8.54559
20210111015227	8.54559
20210111015227	8.54559
20210111015227	8.54559
20210111015227	8.54559
20210111015227	8.54559
20210111015227	8.54559
20210111015227	8.54559
20210111015227	8.54559
20210111015227	8.54559
20210111015227	8.54559
20210111015227	8.54559
20210111015227	8.54559
20210111015227	8.54559
20210111015227	8.54559
20210111015227	8.54559
20210111015227	8.54559
20210111015227	8.54559
20210111015227	8.54559
20210111015227	8.54559
20210111015227	8.54559
20210111015227	8.54559
20210111015228	8.54559
20210111015228	8.54559
20210111015228	8.54559
20210111015228	8.54559
20210111015228	8.54559
20210111015228	8.54559
20210111015228	8.54559
20210111015228	8.54559
20210111015228	8.54559
20210111015228	8.54559
20210111015228	8.54559
20210111015228	8.54559
20210111015228	8.54559
20210111015228	8.54559
20210111015228	8.54559
20210111015228	8.54559
20210111015228	8.54559
20210111015228	8.54559
20210111015228	8.54559
20210111015228	8.54559
20210111015228	8.54559
20210111015228	8.54559
20210111015228	8.54559
20210111015228	8.54559
20210111015228	8.54559
20210111015228	8.54559
20210111015228	8.54559
20210111015228	8.54559
20210111015228	8.54559
20210111015228	8.54559
20210111015229	8.54559
20210111015229	8.54559
20210111015229	8.54559
20210111015229	8.54559
20210111015229	8.54559
20210111015229	8.54559
20210111015229	8.54559
20210111015229	8.54559
20210111015229	8.54559
20210111015229	8.54559
20210111015229	8.54559
20210111015229	8.54559
20210111015229	8.54559
20210111015229	8.54559
20210111015229	8.54559
20210111015229	8.54559
20210111015229	8.54559
20210111015229	8.54559
20210111015229	8.54559
20210111015229	8.54559
20210111015229	8.54559
20210111015229	8.54559
20210111015229	8.54559
20210111015229	8.54559
20210111015229	8.54559
20210111015229	8.54559
20210111015229	8.54559
20210111015229	8.54559
20210111015229	8.54559
20210111015229	8.54559
20210111015229	8.54559
20210111015229	8.54559
20210111015229	8.54559
20210111015229	8.54559
20210111015229	8.54559
20210111015229	8.54559
20210111015229	8.54559
20210111015229	8.54559
20210111015229	8.54559
20210111015229	8.54559
20210111015229	8.54559
20210111015229	8.54559
20210111015230	8.54559
20210111015230	8.54559
20210111015230	8.54559
20210111015230	8.54559
20210111015230	8.54559
20210111015230	8.54559
20210111015230	8.54559
20210111015230	8.54559
20210111015230	8.54559
20210111015230	8.54559
20210111015230	8.54559
20210111015230	8.54559
20210111015230	8.54559
20210111015230	8.54559
20210111015231	8.54559
20210111015231	8.54559
20210111015231	8.54559
20210111015231	8.54559
20210111015231	8.54559
20210111015231	8.54559
20210111015231	8.54559
20210111015231	8.54559
20210111015231	8.54559
20210111015231	8.54559
20210111015231	8.54559
20210111015231	8.54559
20210111015231	8.54559
20210111015231	8.54559
20210111015231	8.54559
20210111015231	8.54559
20210111015231	8.54559
20210111015231	8.54559
20210111015231	8.54559
20210111015231	8.54559
20210111015231	8.54559
20210111015231	8.54559
20210111015231	8.54559
20210111015231	8.54559
20210111015231	8.54559
20210111015231	8.54559
20210111015231	8.54559
20210111015231	8.54559
20210111015231	8.54559
20210111015231	8.54559
20210111015231	8.54559
20210111015231	8.54559
20210111015231	8.54559
20210111015231	8.54559
20210111015231	8.54559
20210111015231	8.54559
20210111015231	8.54559
20210111015231	8.54559
20210111015231	8.54559
20210111015232	8.54559
20210111015232	8.54559
20210111015232	8.54559
20210111015232	8.54559
20210111015232	8.54559
20210111015232	8.54559
20210111015232	8.54559
20210111015232	8.54559
20210111015232	8.54559
20210111015232	8.54559
20210111015232	8.54559
20210111015232	8.54559
20210111015232	8.54559
20210111015232	8.54559
20210111015232	8.54559
20210111015232	8.54559
20210111015232	8.54559
20210111015232	8.54559
20210111015232	8.54559
20210111015232	8.54559
20210111015232	8.54559
20210111015232	8.54559
20210111015232	8.54559
20210111015232	8.54559
20210111015232	8.54559
20210111015232	8.54559
20210111015232	8.54559
20210111015232	8.54559
20210111015232	8.54559
20210111015232	8.54559
20210111015232	8.54559
20210111015232	8.54559
20210111015233	8.54559
20210111015233	8.54559
20210111015233	8.54559
20210111015233	8.54559
20210111015233	8.54559
20210111015233	8.54559
20210111015233	8.54559
20210111015233	8.54559
20210111015233	8.54559
20210111015233	8.54559
20210111015233	8.54559
20210111015233	8.54559
20210111015233	8.54559
20210111015233	8.54559
20210111015233	8.54559
20210111015233	8.54559
20210111015233	8.54559
20210111015233	8.54559
20210111015233	8.54559
20210111015233	8.54559
20210111015233	8.54559
20210111015233	8.54559
20210111015233	8.54559
20210111015233	8.54559
20210111015233	8.54559
20210111015233	8.54559
20210111015233	8.54559
20210111015233	8.54559
20210111015233	8.54559
20210111015233	8.54559
20210111015233	8.54559
20210111015233	8.54559
20210111015233	8.54559
20210111015233	8.54559
20210111015233	8.54559
20210111015233	8.54559
20210111015233	8.54559
20210111015233	8.54559
20210111015233	8.54559
20210111015233	8.54559
20210111015234	8.54559
20210111015234	8.54559
20210111015234	8.54559
20210111015234	8.54559
20210111015234	8.54559
20210111015234	8.54559
20210111015234	8.54559
20210111015234	8.54559
20210111015234	8.54559
20210111015234	8.54559
20210111015234	8.54559
20210111015234	8.54559
20210111015234	8.54559
20210111015234	8.54559
20210111015234	8.54559
20210111015234	8.54559
20210111015234	8.54559
20210111015234	8.54559
20210111015234	8.54559
20210111015234	8.54559
20210111015234	8.54559
20210111015234	8.54559
20210111015234	8.54559
20210111015234	8.54559
20210111015234	8.54559
20210111015234	8.54559
20210111015234	8.54559
20210111015234	8.54559
20210111015234	8.54559
20210111015234	8.54559
20210111015234	8.54559
20210111015234	8.54559
20210111015234	8.54559
20210111015234	8.54559
20210111015234	8.54559
20210111015234	8.54559
20210111015234	8.54559
20210111015234	8.54559
20210111015234	8.54559
20210111015234	8.54559
20210111015234	8.54559
20210111015234	8.54559
20210111015234	8.54559
20210111015234	8.54559
20210111015234	8.54559
20210111015234	8.54559
20210111015234	8.54559
20210111015234	8.54559
20210111015234	8.54559
20210111015234	8.54559
20210111015234	8.54559
20210111015234	8.54559
20210111015234	8.54559
20210111015235	8.54559
20210111015235	8.54559
20210111015235	8.54559
20210111015235	8.54559
20210111015235	8.54559
20210111015235	8.54559
20210111015235	8.54559
20210111015235	8.54559
20210111015235	8.54559
20210111015235	8.54559
20210111015235	8.54559
20210111015235	8.54559
20210111015235	8.54559
20210111015235	8.54559
20210111015235	8.54559
20210111015235	8.54559
20210111015235	8.54559
20210111015235	8.54559
20210111015235	8.54559
20210111015235	8.54559
20210111015235	8.54559
20210111015235	8.54559
20210111015235	8.54559
20210111015235	8.54559
20210111015235	8.54559
20210111015235	8.54559
20210111015235	8.54559
20210111015235	8.54559
20210111015235	8.54559
20210111015235	8.54559
20210111015235	8.54559
20210111015235	8.54559
20210111015235	8.54559
20210111015235	8.54559
20210111015235	8.54559
20210111015236	8.54559
20210111015236	8.54559
20210111015236	8.54559
20210111015236	8.54559
20210111015236	8.54559
20210111015236	8.54559
20210111015236	8.54559
20210111015236	8.54559
20210111015236	8.54559
20210111015236	8.54559
20210111015236	8.54559
20210111015236	8.54559
20210111015236	8.54559
20210111015236	8.54559
20210111015236	8.54559
20210111015236	8.54559
20210111015236	8.54559
20210111015236	8.54559
20210111015236	8.54559
20210111015236	8.54559
20210111015236	8.54559
20210111015236	8.54559
20210111015236	8.54559
20210111015236	8.54559
20210111015236	8.54559
20210111015236	8.54559
20210111015236	8.54559
20210111015236	8.54559
20210111015236	8.54559
20210111015236	8.54559
20210111015236	8.54559
20210111015236	8.54559
20210111015236	8.54559
20210111015236	8.54559
20210111015236	8.54559
20210111015236	8.54559
20210111015236	8.54559
20210111015236	8.54559
20210111015236	8.54559
20210111015236	8.54559
20210111015236	8.54559
20210111015236	8.54559
20210111015236	8.54559
20210111015236	8.54559
20210111015236	8.54559
20210111015236	8.54559
20210111015236	8.54559
20210111015236	8.54559
20210111015236	8.54559
20210111015236	8.54559
20210111015236	8.54559
20210111015236	8.54559
20210111015236	8.54559
20210111015236	8.54559
20210111015236	8.54559
20210111015236	8.54559
20210111015236	8.54559
20210111015236	8.54559
20210111015236	8.54559
20210111015236	8.54559
20210111015236	8.54559
20210111015236	8.54559
20210111015236	8.54559
20210111015236	8.54559
20210111015236	8.54559
20210111015236	8.54559
20210111015236	8.54559
20210111015236	8.54559
20210111015236	8.54559
20210111015236	8.54559
20210111015236	8.54559
20210111015236	8.54559
20210111015236	8.54559
20210111015236	8.54559
20210111015236	8.54559
20210111015236	8.54559
20210111015236	8.54559
20210111015237	8.54559
20210111015237	8.54559
20210111015237	8.54559
20210111015237	8.54559
20210111015237	8.54559
20210111015237	8.54559
20210111015237	8.54559
20210111015237	8.54559
20210111015237	8.54559
20210111015237	8.54559
20210111015237	8.54559
20210111015237	8.54559
20210111015237	8.54559
20210111015237	8.54559
20210111015237	8.54559
20210111015237	8.54559
20210111015237	8.54559
20210111015237	8.54559
20210111015237	8.54559
20210111015237	8.54559
20210111015237	8.54559
20210111015237	8.54559
20210111015237	8.54559
20210111015237	8.54559
20210111015237	8.54559
20210111015237	8.54559
20210111015237	8.54559
20210111015237	8.54559
20210111015237	8.54559
20210111015237	8.54559
20210111015237	8.54559
20210111015237	8.54559
20210111015237	8.54559
20210111015237	8.54559
20210111015237	8.54559
20210111015237	8.54559
20210111015237	8.54559
20210111015237	8.54559
20210111015237	8.54559
20210111015237	8.54559
20210111015237	8.54559
20210111015237	8.54559
20210111015237	8.54559
20210111015237	8.54559
20210111015237	8.54559
20210111015237	8.54559
20210111015238	8.54559
20210111015238	8.54559
20210111015238	8.54559
20210111015238	8.54559
20210111015238	8.54559
20210111015238	8.54559
20210111015238	8.54559
20210111015238	8.54559
20210111015238	8.54559
20210111015238	8.54559
20210111015238	8.54559
20210111015238	8.54559
20210111015238	8.54559
20210111015238	8.54559
20210111015238	8.54559
20210111015238	8.54559
20210111015238	8.54559
20210111015238	8.54559
20210111015239	8.54559
20210111015239	8.54559
20210111015239	8.54559
20210111015239	8.54559
20210111015239	8.54559
20210111015239	8.54559
20210111015239	8.54559
20210111015239	8.54559
20210111015239	8.54559
20210111015239	8.54559
20210111015239	8.54559
20210111015239	8.54559
20210111015239	8.54559
20210111015239	8.54559
20210111015239	8.54559
20210111015239	8.54559
20210111015239	8.54559
20210111015239	8.54559
20210111015239	8.54559
20210111015239	8.54559
20210111015239	8.54559
20210111015239	8.54559
20210111015239	8.54559
20210111015239	8.54559
20210111015239	8.54559
20210111015239	8.54559
20210111015239	8.54559
20210111015239	8.54559
20210111015239	8.54559
20210111015239	8.54559
20210111015239	8.54559
20210111015239	8.54559
20210111015239	8.54559
20210111015239	8.54559
20210111015239	8.54559
20210111015239	8.54559
20210111015239	8.54559
20210111015239	8.54559
20210111015239	8.54559
20210111015239	8.54559
20210111015239	8.54559
20210111015239	8.54559
20210111015240	8.54559
20210111015240	8.54559
20210111015240	8.54559
20210111015240	8.54559
20210111015240	8.54559
20210111015240	8.54559
20210111015240	8.54559
20210111015240	8.54559
20210111015240	8.54559
20210111015240	8.54559
20210111015240	8.54559
20210111015240	8.54559
20210111015240	8.54559
20210111015240	8.54559
20210111015240	8.54559
20210111015240	8.54559
20210111015240	8.54559
20210111015240	8.54559
20210111015240	8.54559
20210111015240	8.54559
20210111015240	8.54559
20210111015240	8.54559
20210111015240	8.54559
20210111015240	8.54559
20210111015240	8.54559
20210111015240	8.54559
20210111015240	8.54559
20210111015240	8.54559
20210111015240	8.54559
20210111015240	8.54559
20210111015240	8.54559
20210111015240	8.54559
20210111015240	8.54559
20210111015240	8.54559
20210111015240	8.54559
20210111015240	8.54559
20210111015240	8.54559
20210111015240	8.54559
20210111015241	8.54559
20210111015241	8.54559
20210111015241	8.54559
20210111015241	8.54559
20210111015241	8.54559
20210111015241	8.54559
20210111015241	8.54559
20210111015241	8.54559
20210111015241	8.54559
20210111015241	8.54559
20210111015241	8.54559
20210111015241	8.54559
20210111015241	8.54559
20210111015241	8.54559
20210111015241	8.54559
20210111015241	8.54559
20210111015241	8.54559
20210111015241	8.54559
20210111015241	8.54559
20210111015241	8.54559
20210111015241	8.54559
20210111015241	8.54559
20210111015241	8.54559
20210111015241	8.54559
20210111015241	8.54559
20210111015241	8.54559
20210111015241	8.54559
20210111015241	8.54559
20210111015241	8.54559
20210111015241	8.54559
20210111015241	8.54559
20210111015241	8.54559
20210111015241	8.54559
20210111015241	8.54559
20210111015241	8.54559
20210111015241	8.54559
20210111015241	8.54559
20210111015241	8.54559
20210111015241	8.54559
20210111015242	8.54559
20210111015242	8.54559
20210111015242	8.54559
20210111015242	8.54559
20210111015242	8.54559
20210111015242	8.54559
20210111015242	8.54559
20210111015242	8.54559
20210111015242	8.54559
20210111015242	8.54559
20210111015242	8.54559
20210111015242	8.54559
20210111015242	8.54559
20210111015242	8.54559
20210111015242	8.54559
20210111015242	8.54559
20210111015242	8.54559
20210111015242	8.54559
20210111015242	8.54559
20210111015242	8.54559
20210111015242	8.54559
20210111015242	8.54559
20210111015242	8.54559
20210111015242	8.54559
20210111015242	8.54559
20210111015242	8.54559
20210111015242	8.54559
20210111015242	8.54559
20210111015242	8.54559
20210111015242	8.54559
20210111015242	8.54559
20210111015242	8.54559
20210111015242	8.54559
20210111015242	8.54559
20210111015242	8.54559
20210111015242	8.54559
20210111015243	8.54559
20210111015243	8.54559
20210111015243	8.54559
20210111015243	8.54559
20210111015243	8.54559
20210111015243	8.54559
20210111015243	8.54559
20210111015243	8.54559
20210111015243	8.54559
20210111015243	8.54559
20210111015243	8.54559
20210111015243	8.54559
20210111015243	8.54559
20210111015243	8.54559
20210111015243	8.54559
20210111015243	8.54559
20210111015243	8.54559
20210111015243	8.54559
20210111015243	8.54559
20210111015243	8.54559
20210111015243	8.54559
20210111015243	8.54559
20210111015243	8.54559
20210111015243	8.54559
20210111015243	8.54559
20210111015243	8.54559
20210111015243	8.54559
20210111015243	8.54559
20210111015243	8.54559
20210111015243	8.54559
20210111015243	8.54559
20210111015243	8.54559
20210111015243	8.54559
20210111015243	8.54559
20210111015243	8.54559
20210111015243	8.54559
20210111015243	8.54559
20210111015243	8.54559
20210111015243	8.54559
20210111015243	8.54559
20210111015243	8.54559
20210111015243	8.54559
20210111015244	8.54559
20210111015244	8.54559
20210111015244	8.54559
20210111015244	8.54559
20210111015244	8.54559
20210111015244	8.54559
20210111015244	8.54559
20210111015244	8.54559
20210111015244	8.54559
20210111015244	8.54559
20210111015244	8.54559
20210111015244	8.54559
20210111015244	8.54559
20210111015244	8.54559
20210111015244	8.54559
20210111015244	8.54559
20210111015244	8.54559
20210111015244	8.54559
20210111015244	8.54559
20210111015244	8.54559
20210111015244	8.54559
20210111015244	8.54559
20210111015244	8.54559
20210111015244	8.54559
20210111015244	8.54559
20210111015244	8.54559
20210111015244	8.54559
20210111015244	8.54559
20210111015244	8.54559
20210111015244	8.54559
20210111015244	8.54559
20210111015244	8.54559
20210111015244	8.54559
20210111015244	8.54559
20210111015244	8.54559
20210111015244	8.54559
20210111015244	8.54559
20210111015244	8.54559
20210111015244	8.54559
20210111015244	8.54559
20210111015244	8.54559
20210111015244	8.54559
20210111015244	8.54559
20210111015244	8.54559
20210111015244	8.54559
20210111015244	8.54559
20210111015244	8.54559
20210111015244	8.54559
20210111015244	8.54559
20210111015244	8.54559
20210111015244	8.54559
20210111015244	8.54559
20210111015244	8.54559
20210111015244	8.54559
20210111015244	8.54559
20210111015244	8.54559
20210111015244	8.54559
20210111015244	8.54559
20210111015244	8.54559
20210111015244	8.54559
20210111015244	8.54559
20210111015244	8.54559
20210111015244	8.54559
20210111015244	8.54559
20210111015244	8.54559
20210111015244	8.54559
20210111015244	8.54559
20210111015244	8.54559
20210111015244	8.54559
20210111015244	8.54559
20210111015244	8.54559
20210111015244	8.54559
20210111015244	8.54559
20210111015244	8.54559
20210111015244	8.54559
20210111015244	8.54559
20210111015244	8.54559
20210111015244	8.54559
20210111015245	8.54559
20210111015245	8.54559
20210111015245	8.54559
20210111015245	8.54559
20210111015245	8.54559
20210111015245	8.54559
20210111015245	8.54559
20210111015245	8.54559
20210111015245	8.54559
20210111015245	8.54559
20210111015245	8.54559
20210111015245	8.54559
20210111015245	8.54559
20210111015245	8.54559
20210111015245	8.54559
20210111015245	8.54559
20210111015245	8.54559
20210111015245	8.54559
20210111015245	8.54559
20210111015245	8.54559
20210111015245	8.54559
20210111015245	8.54559
20210111015245	8.54559
20210111015245	8.54559
20210111015245	8.54559
20210111015245	8.54559
20210111015245	8.54559
20210111015245	8.54559
20210111015245	8.54559
20210111015245	8.54559
20210111015245	8.54559
20210111015245	8.54559
20210111015246	8.54559
20210111015246	8.54559
20210111015246	8.54559
20210111015246	8.54559
20210111015246	8.54559
20210111015246	8.54559
20210111015246	8.54559
20210111015246	8.54559
20210111015246	8.54559
20210111015246	8.54559
20210111015246	8.54559
20210111015246	8.54559
20210111015246	8.54559
20210111015246	8.54559
20210111015246	8.54559
20210111015246	8.54559
20210111015246	8.54559
20210111015246	8.54559
20210111015246	8.54559
20210111015246	8.54559
20210111015246	8.54559
20210111015246	8.54559
20210111015246	8.54559
20210111015246	8.54559
20210111015246	8.54559
20210111015246	8.54559
20210111015246	8.54559
20210111015246	8.54559
20210111015246	8.54559
20210111015246	8.54559
20210111015246	8.54559
20210111015246	8.54559
20210111015246	8.54559
20210111015246	8.54559
20210111015246	8.54559
20210111015246	8.54559
20210111015246	8.54559
20210111015246	8.54559
20210111015246	8.54559
20210111015246	8.54559
20210111015246	8.54559
20210111015246	8.54559
20210111015246	8.54559
20210111015246	8.54559
20210111015246	8.54559
20210111015246	8.54559
20210111015246	8.54559
20210111015247	8.54559
20210111015247	8.54559
20210111015247	8.54559
20210111015247	8.54559
20210111015247	8.54559
20210111015247	8.54559
20210111015247	8.54559
20210111015247	8.54559
20210111015247	8.54559
20210111015247	8.54559
20210111015247	8.54559
20210111015247	8.54559
20210111015247	8.54559
20210111015247	8.54559
20210111015247	8.54559
20210111015247	8.54559
20210111015247	8.54559
20210111015247	8.54559
20210111015247	8.54559
20210111015247	8.54559
20210111015247	8.54559
20210111015247	8.54559
20210111015247	8.54559
20210111015247	8.54559
20210111015247	8.54559
20210111015247	8.54559
20210111015247	8.54559
20210111015247	8.54559
20210111015247	8.54559
20210111015247	8.54559
20210111015247	8.54559
20210111015247	8.54559
20210111015247	8.54559
20210111015247	8.54559
20210111015247	8.54559
20210111015247	8.54559
20210111015247	8.54559
20210111015247	8.54559
20210111015247	8.54559
20210111015247	8.54559
20210111015247	8.54559
20210111015247	8.54559
20210111015247	8.54559
20210111015247	8.54559
20210111015247	8.54559
20210111015247	8.54559
20210111015247	8.54559
20210111015247	8.54559
20210111015247	8.54559
20210111015247	8.54559
20210111015247	8.54559
20210111015247	8.54559
20210111015247	8.54559
20210111015247	8.54559
20210111015247	8.54559
20210111015247	8.54559
20210111015247	8.54559
20210111015247	8.54559
20210111015247	8.54559
20210111015247	8.54559
20210111015247	8.54559
20210111015247	8.54559
20210111015247	8.54559
20210111015247	8.54559
20210111015248	8.54559
20210111015248	8.54559
20210111015248	8.54559
20210111015248	8.54559
20210111015248	8.54559
20210111015248	8.54559
20210111015248	8.54559
20210111015248	8.54559
20210111015248	8.54559
20210111015248	8.54559
20210111015248	8.54559
20210111015248	8.54559
20210111015248	8.54559
20210111015248	8.54559
20210111015248	8.54559
20210111015248	8.54559
20210111015248	8.54559
20210111015248	8.54559
20210111015248	8.54559
20210111015248	8.54559
20210111015248	8.54559
20210111015248	8.54559
20210111015248	8.54559
20210111015248	8.54559
20210111015248	8.54559
20210111015248	8.54559
20210111015248	8.54559
20210111015248	8.54559
20210111015248	8.54559
20210111015248	8.54559
20210111015248	8.54559
20210111015248	8.54559
20210111015248	8.54559
20210111015248	8.54559
20210111015248	8.54559
20210111015248	8.54559
20210111015248	8.54559
20210111015248	8.54559
20210111015248	8.54559
20210111015248	8.54559
20210111015248	8.54559
20210111015248	8.54559
20210111015248	8.54559
20210111015248	8.54559
20210111015248	8.54559
20210111015248	8.54559
20210111015248	8.54559
20210111015248	8.54559
20210111015248	8.54559
20210111015248	8.54559
20210111015248	8.54559
20210111015248	8.54559
20210111015248	8.54559
20210111015248	8.54559
20210111015248	8.54559
20210111015248	8.54559
20210111015248	8.54559
20210111015248	8.54559
20210111015249	8.54559
20210111015249	8.54559
20210111015249	8.54559
20210111015249	8.54559
20210111015249	8.54559
20210111015249	8.54559
20210111015249	8.54559
20210111015249	8.54559
20210111015249	8.54559
20210111015249	8.54559
20210111015249	8.54559
20210111015249	8.54559
20210111015249	8.54559
20210111015249	8.54559
20210111015249	8.54559
20210111015249	8.54559
20210111015249	8.54559
20210111015249	8.54559
20210111015249	8.54559
20210111015249	8.54559
20210111015249	8.54559
20210111015249	8.54559
20210111015249	8.54559
20210111015249	8.54559
20210111015249	8.54559
20210111015249	8.54559
20210111015249	8.54559
20210111015249	8.54559
20210111015249	8.54559
20210111015249	8.54559
20210111015249	8.54559
20210111015249	8.54559
20210111015249	8.54559
20210111015249	8.54559
20210111015249	8.54559
20210111015249	8.54559
20210111015249	8.54559
20210111015249	8.54559
20210111015249	8.54559
20210111015250	8.54559
20210111015250	8.54559
20210111015250	8.54559
20210111015250	8.54559
20210111015250	8.54559
20210111015250	8.54559
20210111015250	8.54559
20210111015250	8.54559
20210111015250	8.54559
20210111015250	8.54559
20210111015250	8.54559
20210111015250	8.54559
20210111015250	8.54559
20210111015250	8.54559
20210111015250	8.54559
20210111015250	8.54559
20210111015250	8.54559
20210111015250	8.54559
20210111015250	8.54559
20210111015250	8.54559
20210111015250	8.54559
20210111015250	8.54559
20210111015250	8.54559
20210111015250	8.54559
20210111015250	8.54559
20210111015250	8.54559
20210111015250	8.54559
20210111015250	8.54559
20210111015250	8.54559
20210111015250	8.54559
20210111015250	8.54559
20210111015250	8.54559
20210111015250	8.54559
20210111015250	8.54559
20210111015250	8.54559
20210111015250	8.54559
20210111015250	8.54559
20210111015250	8.54559
20210111015250	8.54559
20210111015250	8.54559
20210111015250	8.54559
20210111015250	8.54559
20210111015250	8.54559
20210111015250	8.54559
20210111015250	8.54559
20210111015250	8.54559
20210111015250	8.54559
20210111015250	8.54559
20210111015251	8.54559
20210111015251	8.54559
20210111015251	8.54559
20210111015251	8.54559
20210111015251	8.54559
20210111015251	8.54559
20210111015251	8.54559
20210111015251	8.54559
20210111015251	8.54559
20210111015251	8.54559
20210111015251	8.54559
20210111015251	8.54559
20210111015251	8.54559
20210111015251	8.54559
20210111015251	8.54559
20210111015251	8.54559
20210111015251	8.54559
20210111015251	8.54559
20210111015251	8.54559
20210111015251	8.54559
20210111015251	8.54559
20210111015251	8.54559
20210111015251	8.54559
20210111015251	8.54559
20210111015252	8.54559
20210111015252	8.54559
20210111015252	8.54559
20210111015252	8.54559
20210111015252	8.54559
20210111015252	8.54559
20210111015252	8.54559
20210111015252	8.54559
20210111015252	8.54559
20210111015252	8.54559
20210111015252	8.54559
20210111015252	8.54559
20210111015252	8.54559
20210111015252	8.54559
20210111015252	8.54559
20210111015252	8.54559
20210111015252	8.54559
20210111015252	8.54559
20210111015252	8.54559
20210111015252	8.54559
20210111015252	8.54559
20210111015252	8.54559
20210111015252	8.54559
20210111015252	8.54559
20210111015252	8.54559
20210111015252	8.54559
20210111015252	8.54559
20210111015252	8.54559
20210111015252	8.54559
20210111015252	8.54559
20210111015252	8.54559
20210111015252	8.54559
20210111015252	8.54559
20210111015252	8.54559
20210111015252	8.54559
20210111015252	8.54559
20210111015252	8.54559
20210111015252	8.54559
20210111015252	8.54559
20210111015252	8.54559
20210111015252	8.54559
20210111015252	8.54559
20210111015252	8.54559
20210111015252	8.54559
20210111015252	8.54559
20210111015253	8.54559
20210111015253	8.54559
20210111015253	8.54559
20210111015253	8.54559
20210111015253	8.54559
20210111015253	8.54559
20210111015253	8.54559
20210111015253	8.54559
20210111015253	8.54559
20210111015253	8.54559
20210111015253	8.54559
20210111015253	8.54559
20210111015253	8.54559
20210111015253	8.54559
20210111015253	8.54559
20210111015253	8.54559
20210111015253	8.54559
20210111015253	8.54559
20210111015253	8.54559
20210111015253	8.54559
20210111015253	8.54559
20210111015253	8.54559
20210111015253	8.54559
20210111015253	8.54559
20210111015253	8.54559
20210111015253	8.54559
20210111015253	8.54559
20210111015253	8.54559
20210111015253	8.54559
20210111015253	8.54559
20210111015253	8.54559
20210111015254	8.54559
20210111015254	8.54559
20210111015254	8.54559
20210111015254	8.54559
20210111015254	8.54559
20210111015254	8.54559
20210111015254	8.54559
20210111015254	8.54559
20210111015254	8.54559
20210111015254	8.54559
20210111015254	8.54559
20210111015254	8.54559
20210111015254	8.54559
20210111015254	8.54559
20210111015254	8.54559
20210111015254	8.54559
20210111015254	8.54559
20210111015254	8.54559
20210111015254	8.54559
20210111015254	8.54559
20210111015254	8.54559
20210111015254	8.54559
20210111015254	8.54559
20210111015254	8.54559
20210111015254	8.54559
20210111015254	8.54559
20210111015254	8.54559
20210111015254	8.54559
20210111015254	8.54559
20210111015254	8.54559
20210111015254	8.54559
20210111015254	8.54559
20210111015254	8.54559
20210111015254	8.54559
20210111015254	8.54559
20210111015254	8.54559
20210111015254	8.54559
20210111015254	8.54559
20210111015254	8.54559
20210111015254	8.54559
20210111015254	8.54559
20210111015254	8.54559
20210111015254	8.54559
20210111015254	8.54559
20210111015254	8.54559
20210111015254	8.54559
20210111015254	8.54559
20210111015254	8.54559
20210111015254	8.54559
20210111015255	8.54559
20210111015255	8.54559
20210111015255	8.54559
20210111015255	8.54559
20210111015255	8.54559
20210111015255	8.54559
20210111015255	8.54559
20210111015255	8.54559
20210111015255	8.54559
20210111015255	8.54559
20210111015255	8.54559
20210111015255	8.54559
20210111015255	8.54559
20210111015255	8.54559
20210111015255	8.54559
20210111015255	8.54559
20210111015255	8.54559
20210111015255	8.54559
20210111015255	8.54559
20210111015255	8.54559
20210111015255	8.54559
20210111015255	8.54559
20210111015255	8.54559
20210111015255	8.54559
20210111015255	8.54559
20210111015255	8.54559
20210111015255	8.54559
20210111015255	8.54559
20210111015255	8.54559
20210111015255	8.54559
20210111015255	8.54559
20210111015255	8.54559
20210111015255	8.54559
20210111015255	8.54559
20210111015255	8.54559
20210111015255	8.54559
20210111015255	8.54559
20210111015255	8.54559
20210111015256	8.54559
20210111015256	8.54559
20210111015256	8.54559
20210111015256	8.54559
20210111015256	8.54559
20210111015256	8.54559
20210111015256	8.54559
20210111015256	8.54559
20210111015256	8.54559
20210111015256	8.54559
20210111015256	8.54559
20210111015256	8.54559
20210111015256	8.54559
20210111015256	8.54559
20210111015256	8.54559
20210111015256	8.54559
20210111015256	8.54559
20210111015256	8.54559
20210111015256	8.54559
20210111015256	8.54559
20210111015256	8.54559
20210111015256	8.54559
20210111015256	8.54559
20210111015256	8.54559
20210111015256	8.54559
20210111015256	8.54559
20210111015256	8.54559
20210111015256	8.54559
20210111015256	8.54559
20210111015256	8.54559
20210111015256	8.54559
20210111015256	8.54559
20210111015256	8.54559
20210111015256	8.54559
20210111015256	8.54559
20210111015256	8.54559
20210111015257	8.54559
20210111015257	8.54559
20210111015257	8.54559
20210111015257	8.54559
20210111015257	8.54559
20210111015257	8.54559
20210111015257	8.54559
20210111015257	8.54559
20210111015257	8.54559
20210111015257	8.54559
20210111015257	8.54559
20210111015257	8.54559
20210111015257	8.54559
20210111015257	8.54559
20210111015257	8.54559
20210111015257	8.54559
20210111015257	8.54559
20210111015257	8.54559
20210111015257	8.54559
20210111015257	8.54559
20210111015257	8.54559
20210111015257	8.54559
20210111015257	8.54559
20210111015257	8.54559
20210111015257	8.54559
20210111015257	8.54559
20210111015257	8.54559
20210111015257	8.54559
20210111015257	8.54559
20210111015257	8.54559
20210111015257	8.54559
20210111015257	8.54559
20210111015257	8.54559
20210111015257	8.54559
20210111015257	8.54559
20210111015257	8.54559
20210111015257	8.54559
20210111015257	8.54559
20210111015257	8.54559
20210111015257	8.54559
20210111015257	8.54559
20210111015257	8.54559
20210111015257	8.54559
20210111015257	8.54559
20210111015257	8.54559
20210111015257	8.54559
20210111015257	8.54559
20210111015257	8.54559
20210111015258	8.54559
20210111015258	8.54559
20210111015258	8.54559
20210111015258	8.54559
20210111015258	8.54559
20210111015258	8.54559
20210111015258	8.54559
20210111015258	8.54559
20210111015258	8.54559
20210111015258	8.54559
20210111015258	8.54559
20210111015258	8.54559
20210111015258	8.54559
20210111015258	8.54559
20210111015258	8.54559
20210111015258	8.54559
20210111015258	8.54559
20210111015258	8.54559
20210111015258	8.54559
20210111015258	8.54559
20210111015258	8.54559
20210111015258	8.54559
20210111015258	8.54559
20210111015258	8.54559
20210111015258	8.54559
20210111015258	8.54559
20210111015258	8.54559
20210111015258	8.54559
20210111015258	8.54559
20210111015258	8.54559
20210111015258	8.54559
20210111015258	8.54559
20210111015258	8.54559
20210111015258	8.54559
20210111015258	8.54559
20210111015258	8.54559
20210111015258	8.54559
20210111015258	8.54559
20210111015258	8.54559
20210111015258	8.54559
20210111015258	8.54559
20210111015259	8.54559
20210111015259	8.54559
20210111015259	8.54559
20210111015259	8.54559
20210111015259	8.54559
20210111015259	8.54559
20210111015259	8.54559
20210111015259	8.54559
20210111015259	8.54559
20210111015259	8.54559
20210111015259	8.54559
20210111015259	8.54559
20210111015259	8.54559
20210111015259	8.54559
20210111015259	8.54559
20210111015259	8.54559
20210111015259	8.54559
20210111015259	8.54559
20210111015259	8.54559
20210111015259	8.54559
20210111015259	8.54559
20210111015259	8.54559
20210111015259	8.54559
20210111015259	8.54559
20210111015259	8.54559
20210111015259	8.54559
20210111015259	8.54559
20210111015259	8.54559
20210111015259	8.54559
20210111015259	8.54559
20210111015259	8.54559
20210111015300	8.54559
20210111015300	8.54559
20210111015300	8.54559
20210111015300	8.54559
20210111015300	8.54559
20210111015300	8.54559
20210111015300	8.54559
20210111015300	8.54559
20210111015300	8.54559
20210111015300	8.54559
20210111015300	8.54559
20210111015300	8.54559
20210111015300	8.54559
20210111015300	8.54559
20210111015300	8.54559
20210111015300	8.54559
20210111015300	8.54559
20210111015300	8.54559
20210111015300	8.54559
20210111015300	8.54559
20210111015300	8.54559
20210111015300	8.54559
20210111015300	8.54559
20210111015300	8.54559
20210111015300	8.54559
20210111015300	8.54559
20210111015300	8.54559
20210111015300	8.54559
20210111015300	8.54559
20210111015300	8.54559
20210111015300	8.54559
20210111015300	8.54559
20210111015300	8.54559
20210111015300	8.54559
20210111015300	8.54559
20210111015300	8.54559
20210111015300	8.54559
20210111015300	8.54559
20210111015300	8.54559
20210111015300	8.54559
20210111015300	8.54559
20210111015300	8.54559
20210111015301	8.54559
20210111015301	8.54559
20210111015301	8.54559
20210111015301	8.54559
20210111015301	8.54559
20210111015301	8.54559
20210111015301	8.54559
20210111015301	8.54559
20210111015301	8.54559
20210111015301	8.54559
20210111015301	8.54559
20210111015301	8.54559
20210111015301	8.54559
20210111015301	8.54559
20210111015301	8.54559
20210111015301	8.54559
20210111015301	8.54559
20210111015301	8.54559
20210111015301	8.54559
20210111015301	8.54559
20210111015301	8.54559
20210111015301	8.54559
20210111015301	8.54559
20210111015301	8.54559
20210111015301	8.54559
20210111015301	8.54559
20210111015301	8.54559
20210111015301	8.54559
20210111015301	8.54559
20210111015301	8.54559
20210111015301	8.54559
20210111015301	8.54559
20210111015302	8.54559
20210111015302	8.54559
20210111015302	8.54559
20210111015302	8.54559
20210111015302	8.54559
20210111015302	8.54559
20210111015302	8.54559
20210111015302	8.54559
20210111015302	8.54559
20210111015302	8.54559
20210111015302	8.54559
20210111015302	8.54559
20210111015302	8.54559
20210111015302	8.54559
20210111015302	8.54559
20210111015302	8.54559
20210111015302	8.54559
20210111015302	8.54559
20210111015302	8.54559
20210111015302	8.54559
20210111015302	8.54559
20210111015302	8.54559
20210111015302	8.54559
20210111015302	8.54559
20210111015302	8.54559
20210111015302	8.54559
20210111015302	8.54559
20210111015303	8.54559
20210111015303	8.54559
20210111015303	8.54559
20210111015303	8.54559
20210111015303	8.54559
20210111015303	8.54559
20210111015303	8.54559
20210111015303	8.54559
20210111015303	8.54559
20210111015303	8.54559
20210111015303	8.54559
20210111015303	8.54559
20210111015303	8.54559
20210111015303	8.54559
20210111015303	8.54559
20210111015303	8.54559
20210111015303	8.54559
20210111015303	8.54559
20210111015303	8.54559
20210111015303	8.54559
20210111015303	8.54559
20210111015303	8.54559
20210111015303	8.54559
20210111015303	8.54559
20210111015304	8.54559
20210111015304	8.54559
20210111015304	8.54559
20210111015304	8.54559
20210111015304	8.54559
20210111015304	8.54559
20210111015304	8.54559
20210111015304	8.54559
20210111015304	8.54559
20210111015304	8.54559
20210111015304	8.54559
20210111015304	8.54559
20210111015304	8.54559
20210111015304	8.54559
20210111015304	8.54559
20210111015304	8.54559
20210111015304	8.54559
20210111015304	8.54559
20210111015304	8.54559
20210111015304	8.54559
20210111015304	8.54559
20210111015304	8.54559
20210111015304	8.54559
20210111015304	8.54559
20210111015304	8.54559
20210111015304	8.54559
20210111015304	8.54559
20210111015304	8.54559
20210111015304	8.54559
20210111015304	8.54559
20210111015304	8.54559
20210111015304	8.54559
20210111015304	8.54559
20210111015304	8.54559
20210111015304	8.54559
20210111015304	8.54559
20210111015305	8.54559
20210111015305	8.54559
20210111015305	8.54559
20210111015305	8.54559
20210111015305	8.54559
20210111015305	8.54559
20210111015305	8.54559
20210111015305	8.54559
20210111015305	8.54559
20210111015305	8.54559
20210111015305	8.54559
20210111015305	8.54559
20210111015305	8.54559
20210111015305	8.54559
20210111015305	8.54559
20210111015305	8.54559
20210111015305	8.54559
20210111015305	8.54559
20210111015305	8.54559
20210111015305	8.54559
20210111015305	8.54559
20210111015305	8.54559
20210111015305	8.54559
20210111015305	8.54559
20210111015305	8.54559
20210111015305	8.54559
20210111015305	8.54559
20210111015306	8.54559
20210111015306	8.54559
20210111015306	8.54559
20210111015306	8.54559
20210111015306	8.54559
20210111015306	8.54559
20210111015306	8.54559
20210111015306	8.54559
20210111015306	8.54559
20210111015306	8.54559
20210111015306	8.54559
20210111015306	8.54559
20210111015306	8.54559
20210111015306	8.54559
20210111015306	8.54559
20210111015306	8.54559
20210111015306	8.54559
20210111015306	8.54559
20210111015306	8.54559
20210111015306	8.54559
20210111015306	8.54559
20210111015306	8.54559
20210111015306	8.54559
20210111015306	8.54559
20210111015306	8.54559
20210111015306	8.54559
20210111015306	8.54559
20210111015306	8.54559
20210111015306	8.54559
20210111015306	8.54559
20210111015306	8.54559
20210111015306	8.54559
20210111015306	8.54559
20210111015306	8.54559
20210111015306	8.54559
20210111015306	8.54559
20210111015306	8.54559
20210111015306	8.54559
20210111015306	8.54559
20210111015306	8.54559
20210111015306	8.54559
20210111015306	8.54559
20210111015306	8.54559
20210111015307	8.54559
20210111015307	8.54559
20210111015307	8.54559
20210111015307	8.54559
20210111015307	8.54559
20210111015307	8.54559
20210111015307	8.54559
20210111015307	8.54559
20210111015307	8.54559
20210111015307	8.54559
20210111015307	8.54559
20210111015307	8.54559
20210111015307	8.54559
20210111015307	8.54559
20210111015307	8.54559
20210111015307	8.54559
20210111015307	8.54559
20210111015307	8.54559
20210111015307	8.54559
20210111015307	8.54559
20210111015307	8.54559
20210111015307	8.54559
20210111015307	8.54559
20210111015307	8.54559
20210111015307	8.54559
20210111015307	8.54559
20210111015307	8.54559
20210111015307	8.54559
20210111015307	8.54559
20210111015307	8.54559
20210111015307	8.54559
20210111015307	8.54559
20210111015307	8.54559
20210111015307	8.54559
20210111015307	8.54559
20210111015307	8.54559
20210111015307	8.54559
20210111015307	8.54559
20210111015307	8.54559
20210111015308	8.54559
20210111015308	8.54559
20210111015308	8.54559
20210111015308	8.54559
20210111015308	8.54559
20210111015308	8.54559
20210111015308	8.54559
20210111015308	8.54559
20210111015308	8.54559
20210111015308	8.54559
20210111015308	8.54559
20210111015308	8.54559
20210111015308	8.54559
20210111015308	8.54559
20210111015308	8.54559
20210111015308	8.54559
20210111015308	8.54559
20210111015308	8.54559
20210111015308	8.54559
20210111015308	8.54559
20210111015308	8.54559
20210111015308	8.54559
20210111015308	8.54559
20210111015308	8.54559
20210111015308	8.54559
20210111015308	8.54559
20210111015308	8.54559
20210111015308	8.54559
20210111015308	8.54559
20210111015308	8.54559
20210111015308	8.54559
20210111015308	8.54559
20210111015308	8.54559
20210111015308	8.54559
20210111015308	8.54559
20210111015309	8.54559
20210111015309	8.54559
20210111015309	8.54559
20210111015309	8.54559
20210111015309	8.54559
20210111015309	8.54559
20210111015309	8.54559
20210111015309	8.54559
20210111015309	8.54559
20210111015309	8.54559
20210111015309	8.54559
20210111015309	8.54559
20210111015309	8.54559
20210111015309	8.54559
20210111015309	8.54559
20210111015309	8.54559
20210111015309	8.54559
20210111015309	8.54559
20210111015309	8.54559
20210111015309	8.54559
20210111015309	8.54559
20210111015309	8.54559
20210111015309	8.54559
20210111015309	8.54559
20210111015309	8.54559
20210111015309	8.54559
20210111015309	8.54559
20210111015309	8.54559
20210111015309	8.54559
20210111015309	8.54559
20210111015309	8.54559
20210111015309	8.54559
20210111015309	8.54559
20210111015309	8.54559
20210111015309	8.54559
20210111015309	8.54559
20210111015309	8.54559
20210111015309	8.54559
20210111015309	8.54559
20210111015309	8.54559
20210111015309	8.54559
20210111015310	8.54559
20210111015310	8.54559
20210111015310	8.54559
20210111015310	8.54559
20210111015310	8.54559
20210111015310	8.54559
20210111015310	8.54559
20210111015310	8.54559
20210111015310	8.54559
20210111015310	8.54559
20210111015310	8.54559
20210111015310	8.54559
20210111015310	8.54559
20210111015310	8.54559
20210111015310	8.54559
20210111015310	8.54559
20210111015310	8.54559
20210111015310	8.54559
20210111015310	8.54559
20210111015310	8.54559
20210111015310	8.54559
20210111015310	8.54559
20210111015310	8.54559
20210111015310	8.54559
20210111015310	8.54559
20210111015310	8.54559
20210111015310	8.54559
20210111015310	8.54559
20210111015310	8.54559
20210111015310	8.54559
20210111015310	8.54559
20210111015310	8.54559
20210111015310	8.54559
20210111015310	8.54559
20210111015310	8.54559
20210111015310	8.54559
20210111015310	8.54559
20210111015310	8.54559
20210111015310	8.54559
20210111015310	8.54559
20210111015310	8.54559
20210111015310	8.54559
20210111015310	8.54559
20210111015310	8.54559
20210111015310	8.54559
20210111015311	8.54559
20210111015311	8.54559
20210111015311	8.54559
20210111015311	8.54559
20210111015311	8.54559
20210111015311	8.54559
20210111015311	8.54559
20210111015311	8.54559
20210111015311	8.54559
20210111015311	8.54559
20210111015311	8.54559
20210111015311	8.54559
20210111015311	8.54559
20210111015311	8.54559
20210111015311	8.54559
20210111015311	8.54559
20210111015311	8.54559
20210111015311	8.54559
20210111015311	8.54559
20210111015311	8.54559
20210111015311	8.54559
20210111015311	8.54559
20210111015311	8.54559
20210111015311	8.54559
20210111015311	8.54559
20210111015311	8.54559
20210111015311	8.54559
20210111015311	8.54559
20210111015311	8.54559
20210111015311	8.54559
20210111015311	8.54559
20210111015311	8.54559
20210111015311	8.54559
20210111015311	8.54559
20210111015311	8.54559
20210111015311	8.54559
20210111015311	8.54559
20210111015311	8.54559
20210111015311	8.54559
20210111015312	8.54559
20210111015312	8.54559
20210111015312	8.54559
20210111015312	8.54559
20210111015312	8.54559
20210111015312	8.54559
20210111015312	8.54559
20210111015312	8.54559
20210111015312	8.54559
20210111015312	8.54559
20210111015312	8.54559
20210111015312	8.54559
20210111015312	8.54559
20210111015312	8.54559
20210111015312	8.54559
20210111015312	8.54559
20210111015312	8.54559
20210111015312	8.54559
20210111015312	8.54559
20210111015312	8.54559
20210111015312	8.54559
20210111015312	8.54559
20210111015312	8.54559
20210111015312	8.54559
20210111015312	8.54559
20210111015312	8.54559
20210111015312	8.54559
20210111015312	8.54559
20210111015312	8.54559
20210111015312	8.54559
20210111015312	8.54559
20210111015312	8.54559
20210111015312	8.54559
20210111015312	8.54559
20210111015312	8.54559
20210111015312	8.54559
20210111015312	8.54559
20210111015312	8.54559
20210111015312	8.54559
20210111015312	8.54559
20210111015313	8.54559
20210111015313	8.54559
20210111015313	8.54559
20210111015313	8.54559
20210111015313	8.54559
20210111015313	8.54559
20210111015313	8.54559
20210111015313	8.54559
20210111015313	8.54559
20210111015313	8.54559
20210111015313	8.54559
20210111015313	8.54559
20210111015313	8.54559
20210111015313	8.54559
20210111015313	8.54559
20210111015313	8.54559
20210111015313	8.54559
20210111015313	8.54559
20210111015313	8.54559
20210111015313	8.54559
20210111015313	8.54559
20210111015313	8.54559
20210111015313	8.54559
20210111015313	8.54559
20210111015313	8.54559
20210111015313	8.54559
20210111015313	8.54559
20210111015313	8.54559
20210111015313	8.54559
20210111015313	8.54559
20210111015313	8.54559
20210111015313	8.54559
20210111015313	8.54559
20210111015313	8.54559
20210111015313	8.54559
20210111015313	8.54559
20210111015313	8.54559
20210111015313	8.54559
20210111015313	8.54559
20210111015313	8.54559
20210111015313	8.54559
20210111015313	8.54559
20210111015313	8.54559
20210111015313	8.54559
20210111015313	8.54559
20210111015313	8.54559
20210111015313	8.54559
20210111015313	8.54559
20210111015314	8.54559
20210111015314	8.54559
20210111015314	8.54559
20210111015314	8.54559
20210111015314	8.54559
20210111015314	8.54559
20210111015314	8.54559
20210111015314	8.54559
20210111015314	8.54559
20210111015314	8.54559
20210111015314	8.54559
20210111015314	8.54559
20210111015314	8.54559
20210111015314	8.54559
20210111015314	8.54559
20210111015314	8.54559
20210111015314	8.54559
20210111015314	8.54559
20210111015314	8.54559
20210111015314	8.54559
20210111015314	8.54559
20210111015314	8.54559
20210111015314	8.54559
20210111015314	8.54559
20210111015314	8.54559
20210111015314	8.54559
20210111015314	8.54559
20210111015314	8.54559
20210111015314	8.54559
20210111015314	8.54559
20210111015314	8.54559
20210111015315	8.54559
20210111015315	8.54559
20210111015315	8.54559
20210111015315	8.54559
20210111015315	8.54559
20210111015315	8.54559
20210111015315	8.54559
20210111015315	8.54559
20210111015315	8.54559
20210111015315	8.54559
20210111015315	8.54559
20210111015315	8.54559
20210111015315	8.54559
20210111015315	8.54559
20210111015315	8.54559
20210111015315	8.54559
20210111015315	8.54559
20210111015315	8.54559
20210111015315	8.54559
20210111015315	8.54559
20210111015315	8.54559
20210111015315	8.54559
20210111015315	8.54559
20210111015315	8.54559
20210111015315	8.54559
20210111015315	8.54559
20210111015315	8.54559
20210111015315	8.54559
20210111015315	8.54559
20210111015315	8.54559
20210111015315	8.54559
20210111015315	8.54559
20210111015315	8.54559
20210111015315	8.54559
20210111015315	8.54559
20210111015315	8.54559
20210111015315	8.54559
20210111015315	8.54559
20210111015315	8.54559
20210111015315	8.54559
20210111015315	8.54559
20210111015315	8.54559
20210111015315	8.54559
20210111015315	8.54559
20210111015315	8.54559
20210111015315	8.54559
20210111015315	8.54559
20210111015315	8.54559
20210111015316	8.54559
20210111015316	8.54559
20210111015316	8.54559
20210111015316	8.54559
20210111015316	8.54559
20210111015316	8.54559
20210111015316	8.54559
20210111015316	8.54559
20210111015316	8.54559
20210111015316	8.54559
20210111015316	8.54559
20210111015316	8.54559
20210111015316	8.54559
20210111015316	8.54559
20210111015316	8.54559
20210111015316	8.54559
20210111015316	8.54559
20210111015316	8.54559
20210111015316	8.54559
20210111015316	8.54559
20210111015316	8.54559
20210111015316	8.54559
20210111015316	8.54559
20210111015317	8.54559
20210111015317	8.54559
20210111015317	8.54559
20210111015317	8.54559
20210111015317	8.54559
20210111015317	8.54559
20210111015317	8.54559
20210111015317	8.54559
20210111015317	8.54559
20210111015317	8.54559
20210111015317	8.54559
20210111015317	8.54559
20210111015317	8.54559
20210111015317	8.54559
20210111015317	8.54559
20210111015317	8.54559
20210111015317	8.54559
20210111015317	8.54559
20210111015317	8.54559
20210111015317	8.54559
20210111015317	8.54559
20210111015317	8.54559
20210111015317	8.54559
20210111015317	8.54559
20210111015317	8.54559
20210111015317	8.54559
20210111015317	8.54559
20210111015318	8.54559
20210111015318	8.54559
20210111015318	8.54559
20210111015318	8.54559
20210111015318	8.54559
20210111015318	8.54559
20210111015318	8.54559
20210111015318	8.54559
20210111015318	8.54559
20210111015318	8.54559
20210111015318	8.54559
20210111015318	8.54559
20210111015318	8.54559
20210111015318	8.54559
20210111015318	8.54559
20210111015318	8.54559
20210111015318	8.54559
20210111015318	8.54559
20210111015318	8.54559
20210111015318	8.54559
20210111015318	8.54559
20210111015318	8.54559
20210111015318	8.54559
20210111015318	8.54559
20210111015318	8.54559
20210111015318	8.54559
20210111015318	8.54559
20210111015318	8.54559
20210111015318	8.54559
20210111015318	8.54559
20210111015318	8.54559
20210111015318	8.54559
20210111015318	8.54559
20210111015318	8.54559
20210111015318	8.54559
20210111015318	8.54559
20210111015318	8.54559
20210111015318	8.54559
20210111015318	8.54559
20210111015318	8.54559
20210111015318	8.54559
20210111015318	8.54559
20210111015318	8.54559
20210111015318	8.54559
20210111015318	8.54559
20210111015318	8.54559
20210111015318	8.54559
20210111015318	8.54559
20210111015318	8.54559
20210111015318	8.54559
20210111015319	8.54559
20210111015319	8.54559
20210111015319	8.54559
20210111015319	8.54559
20210111015319	8.54559
20210111015319	8.54559
20210111015319	8.54559
20210111015319	8.54559
20210111015319	8.54559
20210111015319	8.54559
20210111015319	8.54559
20210111015319	8.54559
20210111015319	8.54559
20210111015319	8.54559
20210111015319	8.54559
20210111015319	8.54559
20210111015319	8.54559
20210111015319	8.54559
20210111015319	8.54559
20210111015319	8.54559
20210111015319	8.54559
20210111015319	8.54559
20210111015319	8.54559
20210111015319	8.54559
20210111015319	8.54559
20210111015319	8.54559
20210111015319	8.54559
20210111015319	8.54559
20210111015319	8.54559
20210111015319	8.54559
20210111015319	8.54559
20210111015319	8.54559
20210111015319	8.54559
20210111015319	8.54559
20210111015319	8.54559
20210111015319	8.54559
20210111015319	8.54559
20210111015319	8.54559
20210111015319	8.54559
20210111015319	8.54559
20210111015319	8.54559
20210111015319	8.54559
20210111015319	8.54559
20210111015319	8.54559
20210111015319	8.54559
20210111015319	8.54559
20210111015319	8.54559
20210111015319	8.54559
20210111015319	8.54559
20210111015319	8.54559
20210111015319	8.54559
20210111015320	8.54559
20210111015320	8.54559
20210111015320	8.54559
20210111015320	8.54559
20210111015320	8.54559
20210111015320	8.54559
20210111015320	8.54559
20210111015320	8.54559
20210111015320	8.54559
20210111015320	8.54559
20210111015320	8.54559
20210111015320	8.54559
20210111015320	8.54559
20210111015320	8.54559
20210111015320	8.54559
20210111015320	8.54559
20210111015320	8.54559
20210111015320	8.54559
20210111015320	8.54559
20210111015320	8.54559
20210111015320	8.54559
20210111015320	8.54559
20210111015320	8.54559
20210111015320	8.54559
20210111015320	8.54559
20210111015320	8.54559
20210111015320	8.54559
20210111015320	8.54559
20210111015320	8.54559
20210111015320	8.54559
20210111015320	8.54559
20210111015320	8.54559
20210111015320	8.54559
20210111015320	8.54559
20210111015320	8.54559
20210111015320	8.54559
20210111015320	8.54559
20210111015320	8.54559
20210111015320	8.54559
20210111015320	8.54559
20210111015320	8.54559
20210111015320	8.54559
20210111015320	8.54559
20210111015320	8.54559
20210111015320	8.54559
20210111015320	8.54559
20210111015320	8.54559
20210111015320	8.54559
20210111015321	8.54559
20210111015321	8.54559
20210111015321	8.54559
20210111015321	8.54559
20210111015321	8.54559
20210111015321	8.54559
20210111015321	8.54559
20210111015321	8.54559
20210111015321	8.54559
20210111015321	8.54559
20210111015321	8.54559
20210111015321	8.54559
20210111015321	8.54559
20210111015321	8.54559
20210111015321	8.54559
20210111015321	8.54559
20210111015321	8.54559
20210111015321	8.54559
20210111015321	8.54559
20210111015321	8.54559
20210111015321	8.54559
20210111015321	8.54559
20210111015321	8.54559
20210111015321	8.54559
20210111015321	8.54559
20210111015321	8.54559
20210111015321	8.54559
20210111015321	8.54559
20210111015321	8.54559
20210111015321	8.54559
20210111015321	8.54559
20210111015322	8.54559
20210111015322	8.54559
20210111015322	8.54559
20210111015322	8.54559
20210111015322	8.54559
20210111015322	8.54559
20210111015322	8.54559
20210111015322	8.54559
20210111015322	8.54559
20210111015322	8.54559
20210111015322	8.54559
20210111015322	8.54559
20210111015322	8.54559
20210111015322	8.54559
20210111015322	8.54559
20210111015322	8.54559
20210111015322	8.54559
20210111015322	8.54559
20210111015322	8.54559
20210111015322	8.54559
20210111015322	8.54559
20210111015322	8.54559
20210111015322	8.54559
20210111015322	8.54559
20210111015322	8.54559
20210111015322	8.54559
20210111015322	8.54559
20210111015322	8.54559
20210111015322	8.54559
20210111015322	8.54559
20210111015322	8.54559
20210111015322	8.54559
20210111015322	8.54559
20210111015322	8.54559
20210111015322	8.54559
20210111015322	8.54559
20210111015322	8.54559
20210111015322	8.54559
20210111015322	8.54559
20210111015322	8.54559
20210111015322	8.54559
20210111015322	8.54559
20210111015322	8.54559
20210111015322	8.54559
20210111015322	8.54559
20210111015322	8.54559
20210111015322	8.54559
20210111015322	8.54559
20210111015322	8.54559
20210111015322	8.54559
20210111015322	8.54559
20210111015322	8.54559
20210111015322	8.54559
20210111015322	8.54559
20210111015322	8.54559
20210111015322	8.54559
20210111015322	8.54559
20210111015322	8.54559
20210111015322	8.54559
20210111015322	8.54559
20210111015322	8.54559
20210111015322	8.54559
20210111015322	8.54559
20210111015322	8.54559
20210111015322	8.54559
20210111015323	8.54559
20210111015323	8.54559
20210111015323	8.54559
20210111015323	8.54559
20210111015323	8.54559
20210111015323	8.54559
20210111015323	8.54559
20210111015323	8.54559
20210111015323	8.54559
20210111015323	8.54559
20210111015323	8.54559
20210111015323	8.54559
20210111015323	8.54559
20210111015323	8.54559
20210111015323	8.54559
20210111015323	8.54559
20210111015323	8.54559
20210111015323	8.54559
20210111015323	8.54559
20210111015323	8.54559
20210111015323	8.54559
20210111015323	8.54559
20210111015323	8.54559
20210111015323	8.54559
20210111015323	8.54559
20210111015323	8.54559
20210111015323	8.54559
20210111015323	8.54559
20210111015323	8.54559
20210111015323	8.54559
20210111015323	8.54559
20210111015323	8.54559
20210111015323	8.54559
20210111015323	8.54559
20210111015323	8.54559
20210111015323	8.54559
20210111015323	8.54559
20210111015323	8.54559
20210111015323	8.54559
20210111015324	8.54559
20210111015324	8.54559
20210111015324	8.54559
20210111015324	8.54559
20210111015324	8.54559
20210111015324	8.54559
20210111015324	8.54559
20210111015324	8.54559
20210111015324	8.54559
20210111015324	8.54559
20210111015324	8.54559
20210111015324	8.54559
20210111015324	8.54559
20210111015324	8.54559
20210111015324	8.54559
20210111015324	8.54559
20210111015324	8.54559
20210111015324	8.54559
20210111015324	8.54559
20210111015324	8.54559
20210111015324	8.54559
20210111015324	8.54559
20210111015324	8.54559
20210111015324	8.54559
20210111015324	8.54559
20210111015324	8.54559
20210111015324	8.54559
20210111015324	8.54559
20210111015324	8.54559
20210111015324	8.54559
20210111015324	8.54559
20210111015324	8.54559
20210111015324	8.54559
20210111015324	8.54559
20210111015324	8.54559
20210111015324	8.54559
20210111015324	8.54559
20210111015324	8.54559
20210111015324	8.54559
20210111015324	8.54559
20210111015324	8.54559
20210111015324	8.54559
20210111015324	8.54559
20210111015324	8.54559
20210111015324	8.54559
20210111015324	8.54559
20210111015324	8.54559
20210111015324	8.54559
20210111015324	8.54559
20210111015325	8.54559
20210111015325	8.54559
20210111015325	8.54559
20210111015325	8.54559
20210111015325	8.54559
20210111015325	8.54559
20210111015325	8.54559
20210111015325	8.54559
20210111015325	8.54559
20210111015325	8.54559
20210111015325	8.54559
20210111015325	8.54559
20210111015325	8.54559
20210111015325	8.54559
20210111015325	8.54559
20210111015325	8.54559
20210111015325	8.54559
20210111015325	8.54559
20210111015325	8.54559
20210111015325	8.54559
20210111015325	8.54559
20210111015325	8.54559
20210111015325	8.54559
20210111015325	8.54559
20210111015325	8.54559
20210111015325	8.54559
20210111015325	8.54559
20210111015325	8.54559
20210111015325	8.54559
20210111015326	8.54559
20210111015326	8.54559
20210111015326	8.54559
20210111015326	8.54559
20210111015326	8.54559
20210111015326	8.54559
20210111015326	8.54559
20210111015326	8.54559
20210111015326	8.54559
20210111015326	8.54559
20210111015326	8.54559
20210111015326	8.54559
20210111015326	8.54559
20210111015326	8.54559
20210111015326	8.54559
20210111015326	8.54559
20210111015326	8.54559
20210111015326	8.54559
20210111015326	8.54559
20210111015326	8.54559
20210111015326	8.54559
20210111015326	8.54559
20210111015326	8.54559
20210111015326	8.54559
20210111015326	8.54559
20210111015326	8.54559
20210111015326	8.54559
20210111015326	8.54559
20210111015326	8.54559
20210111015326	8.54559
20210111015326	8.54559
20210111015326	8.54559
20210111015326	8.54559
20210111015326	8.54559
20210111015326	8.54559
20210111015326	8.54559
20210111015326	8.54559
20210111015326	8.54559
20210111015326	8.54559
20210111015326	8.54559
20210111015326	8.54559
20210111015326	8.54559
20210111015326	8.54559
20210111015326	8.54559
20210111015326	8.54559
20210111015326	8.54559
20210111015326	8.54559
20210111015326	8.54559
20210111015327	8.54559
20210111015327	8.54559
20210111015327	8.54559
20210111015327	8.54559
20210111015327	8.54559
20210111015327	8.54559
20210111015327	8.54559
20210111015327	8.54559
20210111015327	8.54559
20210111015327	8.54559
20210111015327	8.54559
20210111015327	8.54559
20210111015327	8.54559
20210111015327	8.54559
20210111015327	8.54559
20210111015327	8.54559
20210111015327	8.54559
20210111015327	8.54559
20210111015327	8.54559
20210111015327	8.54559
20210111015327	8.54559
20210111015327	8.54559
20210111015327	8.54559
20210111015327	8.54559
20210111015327	8.54559
20210111015327	8.54559
20210111015327	8.54559
20210111015327	8.54559
20210111015327	8.54559
20210111015327	8.54559
20210111015328	8.54559
20210111015328	8.54559
20210111015328	8.54559
20210111015328	8.54559
20210111015328	8.54559
20210111015328	8.54559
20210111015328	8.54559
20210111015328	8.54559
20210111015328	8.54559
20210111015328	8.54559
20210111015328	8.54559
20210111015328	8.54559
20210111015328	8.54559
20210111015328	8.54559
20210111015328	8.54559
20210111015328	8.54559
20210111015328	8.54559
20210111015328	8.54559
20210111015328	8.54559
20210111015328	8.54559
20210111015328	8.54559
20210111015328	8.54559
20210111015328	8.54559
20210111015328	8.54559
20210111015328	8.54559
20210111015328	8.54559
20210111015328	8.54559
20210111015328	8.54559
20210111015328	8.54559
20210111015328	8.54559
20210111015328	8.54559
20210111015328	8.54559
20210111015328	8.54559
20210111015328	8.54559
20210111015328	8.54559
20210111015328	8.54559
20210111015328	8.54559
20210111015328	8.54559
20210111015328	8.54559
20210111015328	8.54559
20210111015329	8.54559
20210111015329	8.54559
20210111015329	8.54559
20210111015329	8.54559
20210111015329	8.54559
20210111015329	8.54559
20210111015329	8.54559
20210111015329	8.54559
20210111015329	8.54559
20210111015329	8.54559
20210111015329	8.54559
20210111015329	8.54559
20210111015329	8.54559
20210111015329	8.54559
20210111015329	8.54559
20210111015329	8.54559
20210111015329	8.54559
20210111015329	8.54559
20210111015329	8.54559
20210111015329	8.54559
20210111015329	8.54559
20210111015329	8.54559
20210111015329	8.54559
20210111015329	8.54559
20210111015329	8.54559
20210111015329	8.54559
20210111015329	8.54559
20210111015329	8.54559
20210111015329	8.54559
20210111015329	8.54559
20210111015330	8.54559
20210111015330	8.54559
20210111015330	8.54559
20210111015330	8.54559
20210111015330	8.54559
20210111015330	8.54559
20210111015330	8.54559
20210111015330	8.54559
20210111015330	8.54559
20210111015330	8.54559
20210111015330	8.54559
20210111015330	8.54559
20210111015330	8.54559
20210111015330	8.54559
20210111015330	8.54559
20210111015330	8.54559
20210111015330	8.54559
20210111015330	8.54559
20210111015330	8.54559
20210111015330	8.54559
20210111015330	8.54559
20210111015330	8.54559
20210111015330	8.54559
20210111015330	8.54559
20210111015330	8.54559
20210111015330	8.54559
20210111015330	8.54559
20210111015330	8.54559
20210111015330	8.54559
20210111015330	8.54559
20210111015330	8.54559
20210111015330	8.54559
20210111015331	8.54559
20210111015331	8.54559
20210111015331	8.54559
20210111015331	8.54559
20210111015331	8.54559
20210111015331	8.54559
20210111015331	8.54559
20210111015331	8.54559
20210111015331	8.54559
20210111015331	8.54559
20210111015331	8.54559
20210111015331	8.54559
20210111015331	8.54559
20210111015331	8.54559
20210111015331	8.54559
20210111015331	8.54559
20210111015331	8.54559
20210111015331	8.54559
20210111015331	8.54559
20210111015331	8.54559
20210111015331	8.54559
20210111015331	8.54559
20210111015331	8.54559
20210111015331	8.54559
20210111015331	8.54559
20210111015331	8.54559
20210111015331	8.54559
20210111015331	8.54559
20210111015331	8.54559
20210111015331	8.54559
20210111015331	8.54559
20210111015331	8.54559
20210111015331	8.54559
20210111015331	8.54559
20210111015331	8.54559
20210111015331	8.54559
20210111015331	8.54559
20210111015331	8.54559
20210111015331	8.54559
20210111015331	8.54559
20210111015331	8.54559
20210111015331	8.54559
20210111015331	8.54559
20210111015331	8.54559
20210111015331	8.54559
20210111015331	8.54559
20210111015331	8.54559
20210111015331	8.54559
20210111015331	8.54559
20210111015331	8.54559
20210111015331	8.54559
20210111015331	8.54559
20210111015331	8.54559
20210111015331	8.54559
20210111015331	8.54559
20210111015331	8.54559
20210111015331	8.54559
20210111015331	8.54559
20210111015331	8.54559
20210111015331	8.54559
20210111015331	8.54559
20210111015331	8.54559
20210111015331	8.54559
20210111015332	8.54559
20210111015332	8.54559
20210111015332	8.54559
20210111015332	8.54559
20210111015332	8.54559
20210111015332	8.54559
20210111015332	8.54559
20210111015332	8.54559
20210111015332	8.54559
20210111015332	8.54559
20210111015332	8.54559
20210111015332	8.54559
20210111015332	8.54559
20210111015332	8.54559
20210111015332	8.54559
20210111015332	8.54559
20210111015332	8.54559
20210111015332	8.54559
20210111015332	8.54559
20210111015332	8.54559
20210111015332	8.54559
20210111015332	8.54559
20210111015332	8.54559
20210111015332	8.54559
20210111015332	8.54559
20210111015332	8.54559
20210111015332	8.54559
20210111015332	8.54559
20210111015332	8.54559
20210111015332	8.54559
20210111015332	8.54559
20210111015332	8.54559
20210111015332	8.54559
20210111015332	8.54559
20210111015332	8.54559
20210111015332	8.54559
20210111015332	8.54559
20210111015332	8.54559
20210111015332	8.54559
20210111015332	8.54559
20210111015333	8.54559
20210111015333	8.54559
20210111015333	8.54559
20210111015333	8.54559
20210111015333	8.54559
20210111015333	8.54559
20210111015333	8.54559
20210111015333	8.54559
20210111015333	8.54559
20210111015333	8.54559
20210111015333	8.54559
20210111015333	8.54559
20210111015333	8.54559
20210111015333	8.54559
20210111015333	8.54559
20210111015333	8.54559
20210111015333	8.54559
20210111015333	8.54559
20210111015333	8.54559
20210111015333	8.54559
20210111015333	8.54559
20210111015333	8.54559
20210111015333	8.54559
20210111015333	8.54559
20210111015333	8.54559
20210111015333	8.54559
20210111015333	8.54559
20210111015333	8.54559
20210111015333	8.54559
20210111015333	8.54559
20210111015333	8.54559
20210111015333	8.54559
20210111015333	8.54559
20210111015333	8.54559
20210111015333	8.54559
20210111015333	8.54559
20210111015333	8.54559
20210111015333	8.54559
20210111015333	8.54559
20210111015333	8.54559
20210111015334	8.54559
20210111015334	8.54559
20210111015334	8.54559
20210111015334	8.54559
20210111015334	8.54559
20210111015334	8.54559
20210111015334	8.54559
20210111015334	8.54559
20210111015334	8.54559
20210111015334	8.54559
20210111015334	8.54559
20210111015334	8.54559
20210111015334	8.54559
20210111015334	8.54559
20210111015334	8.54559
20210111015334	8.54559
20210111015334	8.54559
20210111015334	8.54559
20210111015334	8.54559
20210111015334	8.54559
20210111015334	8.54559
20210111015334	8.54559
20210111015334	8.54559
20210111015334	8.54559
20210111015334	8.54559
20210111015334	8.54559
20210111015334	8.54559
20210111015334	8.54559
20210111015334	8.54559
20210111015334	8.54559
20210111015334	8.54559
20210111015334	8.54559
20210111015334	8.54559
20210111015334	8.54559
20210111015334	8.54559
20210111015334	8.54559
20210111015334	8.54559
20210111015334	8.54559
20210111015334	8.54559
20210111015334	8.54559
20210111015334	8.54559
20210111015334	8.54559
20210111015334	8.54559
20210111015334	8.54559
20210111015334	8.54559
20210111015335	8.54559
20210111015335	8.54559
20210111015335	8.54559
20210111015335	8.54559
20210111015335	8.54559
20210111015335	8.54559
20210111015335	8.54559
20210111015335	8.54559
20210111015335	8.54559
20210111015335	8.54559
20210111015335	8.54559
20210111015335	8.54559
20210111015335	8.54559
20210111015335	8.54559
20210111015335	8.54559
20210111015335	8.54559
20210111015335	8.54559
20210111015335	8.54559
20210111015335	8.54559
20210111015335	8.54559
20210111015335	8.54559
20210111015335	8.54559
20210111015335	8.54559
20210111015335	8.54559
20210111015335	8.54559
20210111015335	8.54559
20210111015336	8.54559
20210111015336	8.54559
20210111015336	8.54559
20210111015336	8.54559
20210111015336	8.54559
20210111015336	8.54559
20210111015336	8.54559
20210111015336	8.54559
20210111015336	8.54559
20210111015336	8.54559
20210111015336	8.54559
20210111015336	8.54559
20210111015336	8.54559
20210111015336	8.54559
20210111015336	8.54559
20210111015336	8.54559
20210111015336	8.54559
20210111015336	8.54559
20210111015336	8.54559
20210111015336	8.54559
20210111015336	8.54559
20210111015336	8.54559
20210111015336	8.54559
20210111015336	8.54559
20210111015336	8.54559
20210111015336	8.54559
20210111015336	8.54559
20210111015336	8.54559
20210111015336	8.54559
20210111015336	8.54559
20210111015336	8.54559
20210111015336	8.54559
20210111015336	8.54559
20210111015336	8.54559
20210111015336	8.54559
20210111015336	8.54559
20210111015336	8.54559
20210111015336	8.54559
20210111015336	8.54559
20210111015336	8.54559
20210111015336	8.54559
20210111015336	8.54559
20210111015336	8.54559
20210111015336	8.54559
20210111015336	8.54559
20210111015336	8.54559
20210111015336	8.54559
20210111015337	8.54559
20210111015337	8.54559
20210111015337	8.54559
20210111015337	8.54559
20210111015337	8.54559
20210111015337	8.54559
20210111015337	8.54559
20210111015337	8.54559
20210111015337	8.54559
20210111015337	8.54559
20210111015337	8.54559
20210111015337	8.54559
20210111015337	8.54559
20210111015337	8.54559
20210111015337	8.54559
20210111015337	8.54559
20210111015337	8.54559
20210111015337	8.54559
20210111015337	8.54559
20210111015337	8.54559
20210111015337	8.54559
20210111015337	8.54559
20210111015337	8.54559
20210111015337	8.54559
20210111015337	8.54559
20210111015337	8.54559
20210111015337	8.54559
20210111015337	8.54559
20210111015337	8.54559
20210111015337	8.54559
20210111015337	8.54559
20210111015338	8.54559
20210111015338	8.54559
20210111015338	8.54559
20210111015338	8.54559
20210111015338	8.54559
20210111015338	8.54559
20210111015338	8.54559
20210111015338	8.54559
20210111015338	8.54559
20210111015338	8.54559
20210111015338	8.54559
20210111015338	8.54559
20210111015338	8.54559
20210111015338	8.54559
20210111015338	8.54559
20210111015338	8.54559
20210111015338	8.54559
20210111015338	8.54559
20210111015338	8.54559
20210111015338	8.54559
20210111015338	8.54559
20210111015338	8.54559
20210111015338	8.54559
20210111015338	8.54559
20210111015338	8.54559
20210111015338	8.54559
20210111015338	8.54559
20210111015338	8.54559
20210111015338	8.54559
20210111015338	8.54559
20210111015338	8.54559
20210111015338	8.54559
20210111015338	8.54559
20210111015338	8.54559
20210111015338	8.54559
20210111015338	8.54559
20210111015338	8.54559
20210111015338	8.54559
20210111015338	8.54559
20210111015338	8.54559
20210111015338	8.54559
20210111015338	8.54559
20210111015338	8.54559
20210111015338	8.54559
20210111015338	8.54559
20210111015338	8.54559
20210111015338	8.54559
20210111015339	8.54559
20210111015339	8.54559
20210111015339	8.54559
20210111015339	8.54559
20210111015339	8.54559
20210111015339	8.54559
20210111015339	8.54559
20210111015339	8.54559
20210111015339	8.54559
20210111015339	8.54559
20210111015339	8.54559
20210111015339	8.54559
20210111015339	8.54559
20210111015339	8.54559
20210111015339	8.54559
20210111015339	8.54559
20210111015339	8.54559
20210111015339	8.54559
20210111015339	8.54559
20210111015339	8.54559
20210111015339	8.54559
20210111015339	8.54559
20210111015339	8.54559
20210111015339	8.54559
20210111015339	8.54559
20210111015339	8.54559
20210111015339	8.54559
20210111015339	8.54559
20210111015339	8.54559
20210111015339	8.54559
20210111015339	8.54559
20210111015339	8.54559
20210111015339	8.54559
20210111015339	8.54559
20210111015339	8.54559
20210111015339	8.54559
20210111015339	8.54559
20210111015339	8.54559
20210111015339	8.54559
20210111015339	8.54559
20210111015339	8.54559
20210111015339	8.54559
20210111015339	8.54559
20210111015339	8.54559
20210111015339	8.54559
20210111015339	8.54559
20210111015339	8.54559
20210111015339	8.54559
20210111015339	8.54559
20210111015339	8.54559
20210111015339	8.54559
20210111015339	8.54559
20210111015339	8.54559
20210111015339	8.54559
20210111015339	8.54559
20210111015339	8.54559
20210111015339	8.54559
20210111015339	8.54559
20210111015339	8.54559
20210111015340	8.54559
20210111015340	8.54559
20210111015340	8.54559
20210111015340	8.54559
20210111015340	8.54559
20210111015340	8.54559
20210111015340	8.54559
20210111015340	8.54559
20210111015340	8.54559
20210111015340	8.54559
20210111015340	8.54559
20210111015340	8.54559
20210111015340	8.54559
20210111015340	8.54559
20210111015340	8.54559
20210111015340	8.54559
20210111015340	8.54559
20210111015340	8.54559
20210111015340	8.54559
20210111015340	8.54559
20210111015340	8.54559
20210111015340	8.54559
20210111015340	8.54559
20210111015340	8.54559
20210111015340	8.54559
20210111015340	8.54559
20210111015340	8.54559
20210111015340	8.54559
20210111015340	8.54559
20210111015340	8.54559
20210111015340	8.54559
20210111015340	8.54559
20210111015340	8.54559
20210111015340	8.54559
20210111015340	8.54559
20210111015340	8.54559
20210111015340	8.54559
20210111015340	8.54559
20210111015340	8.54559
20210111015340	8.54559
20210111015340	8.54559
20210111015340	8.54559
20210111015340	8.54559
20210111015341	8.54559
20210111015341	8.54559
20210111015341	8.54559
20210111015341	8.54559
20210111015341	8.54559
20210111015341	8.54559
20210111015341	8.54559
20210111015341	8.54559
20210111015341	8.54559
20210111015341	8.54559
20210111015341	8.54559
20210111015341	8.54559
20210111015341	8.54559
20210111015341	8.54559
20210111015341	8.54559
20210111015341	8.54559
20210111015341	8.54559
20210111015341	8.54559
20210111015341	8.54559
20210111015341	8.54559
20210111015341	8.54559
20210111015341	8.54559
20210111015341	8.54559
20210111015341	8.54559
20210111015341	8.54559
20210111015341	8.54559
20210111015341	8.54559
20210111015341	8.54559
20210111015341	8.54559
20210111015341	8.54559
20210111015341	8.54559
20210111015342	8.54559
20210111015342	8.54559
20210111015342	8.54559
20210111015342	8.54559
20210111015342	8.54559
20210111015342	8.54559
20210111015342	8.54559
20210111015342	8.54559
20210111015342	8.54559
20210111015342	8.54559
20210111015342	8.54559
20210111015342	8.54559
20210111015342	8.54559
20210111015342	8.54559
20210111015342	8.54559
20210111015342	8.54559
20210111015342	8.54559
20210111015342	8.54559
20210111015342	8.54559
20210111015342	8.54559
20210111015342	8.54559
20210111015342	8.54559
20210111015342	8.54559
20210111015342	8.54559
20210111015342	8.54559
20210111015342	8.54559
20210111015342	8.54559
20210111015342	8.54559
20210111015342	8.54559
20210111015342	8.54559
20210111015342	8.54559
20210111015342	8.54559
20210111015342	8.54559
20210111015342	8.54559
20210111015342	8.54559
20210111015342	8.54559
20210111015342	8.54559
20210111015342	8.54559
20210111015342	8.54559
20210111015342	8.54559
20210111015342	8.54559
20210111015342	8.54559
20210111015342	8.54559
20210111015342	8.54559
20210111015342	8.54559
20210111015342	8.54559
20210111015342	8.54559
20210111015342	8.54559
20210111015342	8.54559
20210111015342	8.54559
20210111015342	8.54559
20210111015342	8.54559
20210111015342	8.54559
20210111015342	8.54559
20210111015342	8.54559
20210111015342	8.54559
20210111015342	8.54559
20210111015342	8.54559
20210111015342	8.54559
20210111015342	8.54559
20210111015342	8.54559
20210111015342	8.54559
20210111015342	8.54559
20210111015342	8.54559
20210111015342	8.54559
20210111015342	8.54559
20210111015342	8.54559
20210111015343	8.54559
20210111015343	8.54559
20210111015343	8.54559
20210111015343	8.54559
20210111015343	8.54559
20210111015343	8.54559
20210111015343	8.54559
20210111015343	8.54559
20210111015343	8.54559
20210111015343	8.54559
20210111015343	8.54559
20210111015343	8.54559
20210111015343	8.54559
20210111015343	8.54559
20210111015343	8.54559
20210111015343	8.54559
20210111015343	8.54559
20210111015343	8.54559
20210111015343	8.54559
20210111015343	8.54559
20210111015343	8.54559
20210111015343	8.54559
20210111015343	8.54559
20210111015343	8.54559
20210111015343	8.54559
20210111015343	8.54559
20210111015343	8.54559
20210111015343	8.54559
20210111015343	8.54559
20210111015343	8.54559
20210111015343	8.54559
20210111015343	8.54559
20210111015343	8.54559
20210111015343	8.54559
20210111015343	8.54559
20210111015343	8.54559
20210111015343	8.54559
20210111015343	8.54559
20210111015343	8.54559
20210111015343	8.54559
20210111015343	8.54559
20210111015343	8.54559
20210111015343	8.54559
20210111015343	8.54559
20210111015343	8.54559
20210111015343	8.54559
20210111015344	8.54559
20210111015344	8.54559
20210111015344	8.54559
20210111015344	8.54559
20210111015344	8.54559
20210111015344	8.54559
20210111015344	8.54559
20210111015344	8.54559
20210111015344	8.54559
20210111015344	8.54559
20210111015344	8.54559
20210111015344	8.54559
20210111015344	8.54559
20210111015344	8.54559
20210111015344	8.54559
20210111015344	8.54559
20210111015344	8.54559
20210111015344	8.54559
20210111015344	8.54559
20210111015344	8.54559
20210111015344	8.54559
20210111015344	8.54559
20210111015344	8.54559
20210111015344	8.54559
20210111015344	8.54559
20210111015344	8.54559
20210111015344	8.54559
20210111015344	8.54559
20210111015344	8.54559
20210111015344	8.54559
20210111015344	8.54559
20210111015344	8.54559
20210111015344	8.54559
20210111015344	8.54559
20210111015344	8.54559
20210111015344	8.54559
20210111015344	8.54559
20210111015344	8.54559
20210111015344	8.54559
20210111015344	8.54559
20210111015344	8.54559
20210111015344	8.54559
20210111015344	8.54559
20210111015344	8.54559
20210111015344	8.54559
20210111015344	8.54559
20210111015344	8.54559
20210111015344	8.54559
20210111015344	8.54559
20210111015344	8.54559
20210111015344	8.54559
20210111015344	8.54559
20210111015344	8.54559
20210111015344	8.54559
20210111015344	8.54559
20210111015344	8.54559
20210111015344	8.54559
20210111015344	8.54559
20210111015344	8.54559
20210111015344	8.54559
20210111015344	8.54559
20210111015344	8.54559
20210111015344	8.54559
20210111015344	8.54559
20210111015344	8.54559
20210111015344	8.54559
20210111015344	8.54559
20210111015344	8.54559
20210111015345	8.54559
20210111015345	8.54559
20210111015345	8.54559
20210111015345	8.54559
20210111015345	8.54559
20210111015345	8.54559
20210111015345	8.54559
20210111015345	8.54559
20210111015345	8.54559
20210111015345	8.54559
20210111015345	8.54559
20210111015345	8.54559
20210111015345	8.54559
20210111015345	8.54559
20210111015345	8.54559
20210111015345	8.54559
20210111015345	8.54559
20210111015345	8.54559
20210111015345	8.54559
20210111015345	8.54559
20210111015345	8.54559
20210111015345	8.54559
20210111015345	8.54559
20210111015345	8.54559
20210111015345	8.54559
20210111015345	8.54559
20210111015345	8.54559
20210111015345	8.54559
20210111015345	8.54559
20210111015345	8.54559
20210111015345	8.54559
20210111015345	8.54559
20210111015345	8.54559
20210111015345	8.54559
20210111015345	8.54559
20210111015345	8.54559
20210111015345	8.54559
20210111015345	8.54559
20210111015345	8.54559
20210111015345	8.54559
20210111015345	8.54559
20210111015345	8.54559
20210111015345	8.54559
20210111015345	8.54559
20210111015345	8.54559
20210111015345	8.54559
20210111015345	8.54559
20210111015345	8.54559
20210111015345	8.54559
20210111015345	8.54559
20210111015345	8.54559
20210111015345	8.54559
20210111015345	8.54559
20210111015345	8.54559
20210111015345	8.54559
20210111015345	8.54559
20210111015345	8.54559
20210111015345	8.54559
20210111015345	8.54559
20210111015345	8.54559
20210111015345	8.54559
20210111015345	8.54559
20210111015345	8.54559
20210111015345	8.54559
20210111015345	8.54559
20210111015345	8.54559
20210111015345	8.54559
20210111015345	8.54559
20210111015345	8.54559
20210111015345	8.54559
20210111015345	8.54559
20210111015345	8.54559
20210111015345	8.54559
20210111015345	8.54559
20210111015345	8.54559
20210111015345	8.54559
20210111015346	8.54559
20210111015346	8.54559
20210111015346	8.54559
20210111015346	8.54559
20210111015346	8.54559
20210111015346	8.54559
20210111015346	8.54559
20210111015346	8.54559
20210111015346	8.54559
20210111015346	8.54559
20210111015346	8.54559
20210111015346	8.54559
20210111015346	8.54559
20210111015346	8.54559
20210111015346	8.54559
20210111015346	8.54559
20210111015346	8.54559
20210111015346	8.54559
20210111015346	8.54559
20210111015346	8.54559
20210111015346	8.54559
