[  0%] Built target std_msgs_generate_messages_eus
[ 11%] Built target FixedwingAttitudeSubAndPub
[ 19%] Built target RC
[ 19%] Built target _fw_att_control_generate_messages_check_deps_commands
[ 19%] Built target _fw_att_control_generate_messages_check_deps_processer
[ 19%] Built target geometry_msgs_generate_messages_eus
[ 19%] Built target _fw_att_control_generate_messages_check_deps_formations
[ 19%] Built target mavros_msgs_generate_messages_eus
[ 19%] Built target std_msgs_generate_messages_nodejs
[ 19%] Built target mavros_msgs_generate_messages_nodejs
[ 19%] Built target geometry_msgs_generate_messages_nodejs
[ 19%] Built target geometry_msgs_generate_messages_lisp
[ 19%] Built target std_msgs_generate_messages_lisp
[ 19%] Built target mavros_msgs_generate_messages_lisp
[ 19%] Built target mavros_msgs_generate_messages_py
[ 19%] Built target std_msgs_generate_messages_py
[ 19%] Built target geometry_msgs_generate_messages_py
[ 19%] Built target mavros_msgs_generate_messages_cpp
[ 19%] Built target geometry_msgs_generate_messages_cpp
[ 19%] Built target geographic_msgs_generate_messages_cpp
[ 19%] Built target std_msgs_generate_messages_cpp
[ 19%] Built target sensor_msgs_generate_messages_py
[ 19%] Built target sensor_msgs_generate_messages_eus
[ 19%] Built target sensor_msgs_generate_messages_cpp
[ 19%] Built target uuid_msgs_generate_messages_nodejs
[ 19%] Built target uuid_msgs_generate_messages_cpp
[ 19%] Built target uuid_msgs_generate_messages_eus
[ 19%] Built target geographic_msgs_generate_messages_py
[ 19%] Built target geographic_msgs_generate_messages_nodejs
[ 19%] Built target rosgraph_msgs_generate_messages_cpp
[ 19%] Built target geographic_msgs_generate_messages_eus
[ 19%] Built target fw_msgs_generate_messages_lisp
[ 19%] Built target sensor_msgs_generate_messages_nodejs
[ 19%] Built target roscpp_generate_messages_cpp
[ 19%] Built target rosgraph_msgs_generate_messages_lisp
[ 19%] Built target roscpp_generate_messages_lisp
[ 19%] Built target roscpp_generate_messages_py
[ 19%] Built target fw_msgs_generate_messages_nodejs
[ 19%] Built target fw_msgs_generate_messages_eus
[ 19%] Built target roscpp_generate_messages_nodejs
[ 19%] Built target roscpp_generate_messages_eus
[ 19%] Built target uuid_msgs_generate_messages_lisp
[ 19%] Built target sensor_msgs_generate_messages_lisp
[ 19%] Built target fw_msgs_generate_messages_cpp
[ 19%] Built target rosgraph_msgs_generate_messages_eus
[ 19%] Built target fw_msgs_generate_messages_py
[ 19%] Built target geographic_msgs_generate_messages_lisp
[ 19%] Built target rosgraph_msgs_generate_messages_nodejs
[ 19%] Built target rosgraph_msgs_generate_messages_py
[ 19%] Built target uuid_msgs_generate_messages_py
[ 26%] Built target PID
[ 42%] Built target fw_att_control_generate_messages_eus
[ 53%] Built target fw_att_control_generate_messages_nodejs
[ 65%] Built target fw_att_control_generate_messages_lisp
[ 80%] Built target fw_att_control_generate_messages_py
[ 92%] Built target fw_att_control_generate_messages_cpp
[ 92%] Built target fw_att_control_generate_messages
[100%] Built target FixedwingAttitudeControl
