20210123182040	1
20210123182041	2
20210123182049	3
20210123182050	4
20210123182051	5
20210123182052	6
20210123182053	7
20210123182054	8
20210123182054	9
20210123182055	10
20210123182056	11
20210123182057	12
20210123182058	13
20210123182059	14
20210123182100	15
20210123182101	16
20210123182102	17
20210123182102	18
20210123182103	19
20210123182104	20
20210123182105	21
20210123182106	22
20210123182107	23
20210123182107	24
20210123182108	25
20210123182109	26
20210123182110	27
20210123182111	28
20210123182112	29
20210123182113	30
20210123182114	31
20210123182115	32
20210123182116	33
20210123182117	34
20210123182118	35
20210123182119	36
20210123182120	37
20210123182121	38
20210123182122	39
20210123182122	40
20210123182123	41
20210123182124	42
20210123182125	43
20210123182126	44
20210123182127	45
20210123182128	46
20210123182129	47
20210123182130	48
20210123182131	49
20210123182132	50
20210123182133	51
20210123182134	52
20210123182135	53
20210123182135	54
20210123182136	55
20210123182137	56
20210123182138	57
20210123182139	58
20210123182140	59
20210123182141	60
20210123182142	61
20210123182143	62
20210123182144	63
20210123182144	64
20210123182145	65
20210123182146	66
20210123182147	67
20210123182148	68
20210123182149	69
20210123182149	70
20210123182151	71
20210123182152	72
20210123182152	73
20210123182153	74
20210123182154	75
20210123182155	76
20210123182156	77
20210123182157	78
20210123182158	79
20210123182159	80
20210123182200	81
20210123182200	82
20210123182201	83
20210123182202	84
20210123182203	85
20210123182204	86
20210123182205	87
20210123182206	88
20210123182207	89
20210123182207	90
20210123182208	91
20210123182209	92
20210123182210	93
20210123182211	94
20210123182212	95
20210123182213	96
20210123182214	97
20210123182215	98
20210123182216	99
20210123182217	100
20210123182218	101
20210123182219	102
20210123182220	103
20210123182221	104
20210123182222	105
20210123182223	106
20210123182224	107
20210123182225	108
20210123182225	109
20210123182226	110
20210123182227	111
20210123182228	112
20210123182229	113
20210123182230	114
20210123182231	115
20210123182232	116
20210123182233	117
20210123182234	118
20210123182235	119
20210123182236	120
20210123182237	121
20210123182238	122
20210123182238	123
20210123182239	124
20210123182240	125
20210123182241	126
20210123182242	127
20210123182243	128
20210123182244	129
20210123182245	130
20210123182246	131
20210123182247	132
20210123182248	133
20210123182249	134
20210123182250	135
20210123182251	136
20210123182252	137
20210123182253	138
20210123182254	139
20210123182255	140
20210123182255	141
20210123182256	142
20210123182257	143
20210123182258	144
20210123182259	145
20210123182300	146
20210123182301	147
20210123182302	148
20210123182303	149
20210123182304	150
20210123182305	151
20210123182306	152
20210123182306	153
20210123182307	154
20210123182308	155
20210123182309	156
20210123182310	157
20210123182311	158
20210123182312	159
20210123182312	160
20210123182313	161
20210123182315	162
20210123182316	163
20210123182316	164
20210123182317	165
20210123182318	166
20210123182319	167
20210123182320	168
20210123182321	169
20210123182322	170
20210123182323	171
20210123182324	172
20210123182325	173
20210123182326	174
20210123182326	175
20210123182328	176
20210123182328	177
20210123182329	178
20210123182330	179
20210123182331	180
20210123182332	181
20210123182333	182
20210123182334	183
20210123182335	184
20210123182336	185
20210123182337	186
20210123182337	187
20210123182338	188
20210123182340	189
20210123182340	190
20210123182341	191
20210123182342	192
20210123182343	193
20210123182344	194
20210123182345	195
20210123182346	196
20210123182347	197
20210123182348	198
20210123182349	199
20210123182350	200
20210123182351	201
20210123182352	202
20210123182352	203
20210123182353	204
20210123182354	205
20210123182355	206
20210123182356	207
20210123182357	208
20210123182358	209
20210123182358	210
20210123182359	211
20210123182400	212
20210123182401	213
20210123182402	214
20210123182403	215
20210123182404	216
20210123182405	217
20210123182406	218
20210123182407	219
20210123182408	220
20210123182409	221
20210123182410	222
20210123182411	223
20210123182412	224
20210123182412	225
20210123182414	226
20210123182414	227
20210123182415	228
20210123182416	229
20210123182417	230
20210123182418	231
20210123182419	232
20210123182420	233
20210123182421	234
20210123182422	235
20210123182422	236
20210123182423	237
20210123182424	238
20210123182425	239
20210123182426	240
20210123182427	241
20210123182428	242
20210123182429	243
20210123182430	244
20210123182431	245
20210123182432	246
20210123182433	247
20210123182434	248
20210123182435	249
20210123182436	250
20210123182436	251
20210123182437	252
20210123182438	253
20210123182439	254
20210123182440	255
20210123182441	256
20210123182442	257
20210123182443	258
20210123182444	259
20210123182445	260
20210123182445	261
20210123182446	262
20210123182447	263
20210123182448	264
20210123182449	265
20210123182450	266
20210123182451	267
20210123182452	268
20210123182453	269
20210123182454	270
20210123182455	271
20210123182455	272
20210123182456	273
20210123182457	274
20210123182458	275
20210123182459	276
20210123182500	277
20210123182501	278
20210123182502	279
20210123182503	280
20210123182504	281
20210123182505	282
20210123182506	283
20210123182507	284
20210123182508	285
20210123182509	286
20210123182510	287
20210123182510	288
20210123182511	289
20210123182512	290
20210123182513	291
20210123182514	292
20210123182515	293
20210123182516	294
20210123182517	295
20210123182518	296
20210123182519	297
20210123182520	298
20210123182521	299
20210123182522	300
20210123182523	301
20210123182524	302
20210123182525	303
20210123182526	304
20210123182527	305
20210123182528	306
20210123182529	307
20210123182530	308
20210123182531	309
20210123182532	310
20210123182533	311
20210123182534	312
20210123182535	313
20210123182536	314
20210123182537	315
20210123182538	316
20210123182538	317
20210123182540	318
20210123182540	319
20210123182541	320
20210123182542	321
20210123182543	322
20210123182544	323
20210123182545	324
20210123182546	325
20210123182547	326
20210123182548	327
20210123182549	328
20210123182549	329
20210123182550	330
20210123182551	331
20210123182552	332
20210123182553	333
20210123182554	334
20210123182555	335
20210123182556	336
20210123182557	337
20210123182557	338
20210123182558	339
20210123182559	340
20210123182600	341
20210123182601	342
20210123182601	343
