20210111014325	1
20210111014327	2
20210111014328	3
20210111014329	4
20210111014331	5
20210111014332	6
20210111014333	7
20210111014334	8
20210111014335	9
20210111014336	10
20210111014338	11
20210111014339	12
20210111014340	13
20210111014341	14
20210111014342	15
20210111014342	16
20210111014344	17
20210111014345	18
20210111014347	19
20210111014348	20
20210111014349	21
20210111014350	22
20210111014351	23
20210111014353	24
20210111014355	25
20210111014357	26
20210111014358	27
20210111014359	28
20210111014401	29
20210111014402	30
20210111014403	31
20210111014404	32
20210111014405	33
20210111014407	34
20210111014408	35
20210111014410	36
20210111014410	37
20210111014411	38
20210111014413	39
20210111014414	40
20210111014416	41
20210111014417	42
20210111014419	43
20210111014420	44
20210111014422	45
20210111014423	46
20210111014424	47
20210111014426	48
20210111014427	49
20210111014429	50
20210111014430	51
20210111014431	52
20210111014433	53
20210111014434	54
20210111014435	55
20210111014436	56
20210111014437	57
20210111014438	58
20210111014438	59
20210111014439	60
20210111014440	61
20210111014442	62
20210111014443	63
20210111014444	64
20210111014445	65
20210111014446	66
20210111014448	67
20210111014449	68
20210111014450	69
20210111014451	70
20210111014453	71
20210111014454	72
20210111014455	73
20210111014456	74
20210111014457	75
20210111014459	76
20210111014459	77
20210111014501	78
20210111014502	79
20210111014503	80
20210111014504	81
20210111014505	82
20210111014507	83
20210111014508	84
20210111014509	85
20210111014510	86
20210111014511	87
20210111014513	88
20210111014515	89
20210111014516	90
20210111014518	91
20210111014519	92
20210111014520	93
20210111014521	94
20210111014523	95
20210111014524	96
20210111014525	97
20210111014527	98
20210111014528	99
20210111014530	100
20210111014531	101
20210111014532	102
20210111014534	103
20210111014535	104
20210111014536	105
20210111014538	106
20210111014539	107
20210111014540	108
20210111014541	109
20210111014542	110
20210111014544	111
20210111014545	112
20210111014547	113
20210111014549	114
20210111014550	115
20210111014551	116
20210111014553	117
20210111014554	118
20210111014555	119
20210111014557	120
20210111014558	121
20210111014600	122
20210111014601	123
20210111014602	124
20210111014604	125
20210111014605	126
