20210104211711	1
20210104211713	2
20210104211714	3
20210104211715	4
20210104211716	5
20210104211717	6
20210104211719	7
20210104211720	8
20210104211721	9
20210104211722	10
20210104211723	11
20210104211724	12
20210104211725	13
20210104211726	14
20210104211727	15
20210104211728	16
20210104211729	17
20210104211731	18
20210104211732	19
20210104211733	20
20210104211734	21
20210104211735	22
20210104211736	23
20210104211737	24
20210104211738	25
20210104211739	26
20210104211740	27
20210104211741	28
20210104211742	29
