20210122172552	1
20210122172553	2
20210122172554	3
20210122172555	4
20210122172555	5
20210122172556	6
20210122172557	7
20210122172558	8
20210122172559	9
20210122172600	10
20210122172600	11
20210122172601	12
20210122172602	13
20210122172603	14
20210122172603	15
20210122172604	16
20210122172810	17
20210122172811	18
20210122172812	19
20210122172812	20
20210122172813	21
20210122172814	22
20210122172814	23
20210122172815	24
20210122172816	25
20210122172817	26
20210122172818	27
20210122172818	28
20210122172819	29
20210122172820	30
20210122172821	31
20210122172822	32
20210122172822	33
20210122172823	34
20210122172824	35
20210122172825	36
20210122172825	37
20210122172826	38
20210122172827	39
20210122172827	40
20210122172828	41
20210122172829	42
20210122172830	43
20210122172831	44
20210122172831	45
20210122172832	46
20210122172833	47
20210122172834	48
20210122172834	49
20210122172835	50
20210122172836	51
20210122172836	52
20210122172837	53
20210122172838	54
20210122172839	55
20210122172840	56
20210122172841	57
20210122172841	58
20210122172842	59
20210122172843	60
20210122172844	61
20210122172844	62
20210122172845	63
20210122172846	64
20210122172846	65
20210122172847	66
20210122172848	67
20210122172849	68
20210122172850	69
20210122172850	70
20210122172851	71
20210122172852	72
20210122172853	73
20210122172853	74
20210122172854	75
20210122172855	76
20210122172855	77
20210122172856	78
20210122172857	79
20210122172858	80
20210122172859	81
20210122172859	82
20210122172900	83
20210122172901	84
20210122172902	85
20210122172903	86
20210122172903	87
20210122172904	88
20210122172905	89
20210122172906	90
20210122172906	91
20210122172907	92
20210122172908	93
20210122172909	94
20210122172909	95
20210122172910	96
20210122172911	97
20210122172912	98
20210122172913	99
20210122172913	100
20210122172914	101
20210122172915	102
20210122172915	103
20210122172916	104
20210122172917	105
20210122172918	106
20210122172918	107
20210122172919	108
20210122172920	109
20210122172921	110
20210122172921	111
20210122172922	112
20210122172923	113
20210122172924	114
20210122172925	115
20210122172926	116
20210122172927	117
20210122172927	118
20210122172928	119
20210122172929	120
20210122172930	121
20210122172930	122
20210122172931	123
20210122172932	124
20210122172932	125
20210122172933	126
20210122172934	127
20210122172935	128
20210122172935	129
20210122172936	130
20210122172937	131
20210122172937	132
20210122172938	133
20210122172939	134
20210122172940	135
20210122172941	136
20210122172941	137
20210122172942	138
20210122172943	139
20210122172944	140
20210122172944	141
20210122172945	142
20210122172946	143
20210122172947	144
20210122172947	145
20210122172948	146
20210122172949	147
20210122172949	148
20210122172950	149
20210122172951	150
20210122172951	151
20210122172953	152
20210122172953	153
20210122172954	154
20210122172955	155
20210122172955	156
20210122172956	157
20210122172957	158
20210122172958	159
20210122172959	160
20210122172959	161
20210122173000	162
20210122173001	163
20210122173002	164
20210122173003	165
20210122173003	166
20210122173004	167
20210122173005	168
20210122173006	169
20210122173006	170
20210122173007	171
20210122173008	172
20210122173009	173
20210122173009	174
20210122173010	175
20210122173011	176
20210122173012	177
20210122173013	178
20210122173013	179
20210122173014	180
20210122173015	181
20210122173015	182
20210122173016	183
20210122173017	184
20210122173017	185
20210122173018	186
20210122173019	187
20210122173020	188
20210122173020	189
20210122173021	190
20210122173022	191
20210122173023	192
20210122173023	193
20210122173024	194
20210122173025	195
20210122173026	196
20210122173027	197
20210122173028	198
20210122173028	199
20210122173029	200
20210122173030	201
20210122173031	202
20210122173031	203
20210122173032	204
20210122173033	205
20210122173033	206
20210122173034	207
20210122173035	208
20210122173036	209
20210122173037	210
20210122173037	211
20210122173038	212
20210122173039	213
20210122173040	214
20210122173041	215
20210122173041	216
20210122173042	217
20210122173043	218
20210122173044	219
20210122173044	220
20210122173045	221
20210122173046	222
20210122173046	223
20210122173047	224
20210122173048	225
20210122173049	226
20210122173049	227
20210122173050	228
20210122173051	229
20210122173052	230
20210122173052	231
20210122173053	232
20210122173054	233
20210122173055	234
20210122173055	235
20210122173056	236
20210122173057	237
20210122173058	238
20210122173059	239
20210122173100	240
20210122173100	241
20210122173102	242
20210122173102	243
20210122173103	244
20210122173104	245
20210122173105	246
20210122173106	247
20210122173107	248
20210122173108	249
20210122173109	250
20210122173109	251
20210122173110	252
20210122173111	253
20210122173111	254
20210122173112	255
20210122173113	256
20210122173114	257
20210122173115	258
20210122173115	259
20210122173116	260
20210122173117	261
20210122173117	262
20210122173118	263
20210122173119	264
20210122173120	265
20210122173121	266
20210122173121	267
20210122173122	268
20210122173122	269
20210122173123	270
20210122173124	271
20210122173125	272
20210122173126	273
20210122173126	274
20210122173127	275
20210122173128	276
20210122173129	277
20210122173129	278
20210122173130	279
20210122173131	280
20210122173132	281
20210122173133	282
20210122173134	283
20210122173135	284
20210122173136	285
20210122173137	286
20210122173138	287
20210122173138	288
20210122173139	289
20210122173140	290
20210122173141	291
20210122173142	292
20210122173142	293
20210122173143	294
20210122173144	295
20210122173144	296
20210122173145	297
20210122173146	298
20210122173146	299
20210122173147	300
20210122173148	301
20210122173149	302
20210122173149	303
20210122173150	304
20210122173151	305
20210122173152	306
20210122173153	307
20210122173154	308
20210122173155	309
20210122173156	310
20210122173156	311
20210122173157	312
20210122173158	313
20210122173159	314
20210122173159	315
20210122173200	316
20210122173201	317
20210122173201	318
20210122173202	319
20210122173203	320
20210122173204	321
20210122173204	322
20210122173205	323
20210122173206	324
20210122173206	325
20210122173207	326
20210122173208	327
20210122173209	328
20210122173210	329
20210122173210	330
20210122173211	331
20210122173212	332
20210122173213	333
20210122173213	334
20210122173214	335
20210122173215	336
20210122173215	337
20210122173216	338
20210122173217	339
20210122173218	340
20210122173218	341
20210122173219	342
20210122173220	343
20210122173221	344
20210122173221	345
20210122173222	346
20210122173223	347
20210122173224	348
20210122173225	349
20210122173225	350
20210122173226	351
20210122173227	352
20210122173227	353
20210122173228	354
20210122173229	355
20210122173230	356
20210122173230	357
20210122173231	358
20210122173232	359
20210122173233	360
20210122173233	361
20210122173234	362
20210122173235	363
20210122173236	364
20210122173236	365
20210122173237	366
20210122173238	367
20210122173239	368
20210122173239	369
20210122173240	370
20210122173241	371
20210122173242	372
20210122173243	373
20210122173243	374
20210122173244	375
20210122173245	376
20210122173246	377
20210122173247	378
20210122173247	379
20210122173248	380
20210122173249	381
20210122173250	382
20210122173251	383
20210122173252	384
20210122173253	385
20210122173253	386
20210122173255	387
20210122173255	388
20210122173256	389
20210122173257	390
20210122173258	391
20210122173258	392
20210122173259	393
20210122173300	394
20210122173301	395
20210122173301	396
20210122173302	397
20210122173303	398
20210122173304	399
20210122173305	400
20210122173305	401
20210122173306	402
20210122173307	403
20210122173308	404
20210122173308	405
20210122173309	406
20210122173310	407
20210122173310	408
20210122173311	409
20210122173312	410
20210122173313	411
20210122173313	412
20210122173314	413
20210122173315	414
20210122173316	415
20210122173317	416
20210122173318	417
20210122173318	418
20210122173319	419
20210122173320	420
20210122173321	421
20210122173322	422
20210122173322	423
20210122173323	424
20210122173324	425
20210122173325	426
20210122173325	427
20210122173326	428
20210122173327	429
20210122173328	430
20210122173329	431
20210122173330	432
20210122173331	433
20210122173331	434
20210122173332	435
20210122173333	436
20210122173333	437
20210122173334	438
20210122173335	439
20210122173336	440
20210122173337	441
20210122173338	442
20210122173338	443
20210122173339	444
20210122173340	445
20210122173341	446
20210122173341	447
20210122173342	448
20210122173343	449
20210122173344	450
20210122173345	451
20210122173345	452
20210122173346	453
20210122173347	454
20210122173348	455
20210122173349	456
20210122173350	457
20210122173350	458
20210122173351	459
20210122173352	460
20210122173353	461
20210122173354	462
20210122173354	463
20210122173355	464
20210122173356	465
20210122173357	466
20210122173358	467
20210122173359	468
20210122173400	469
20210122173400	470
20210122173401	471
20210122173402	472
20210122173403	473
20210122173403	474
20210122173404	475
20210122173405	476
20210122173406	477
20210122173407	478
20210122173408	479
20210122173409	480
20210122173410	481
20210122173410	482
20210122173411	483
20210122173412	484
20210122173413	485
20210122173414	486
20210122173415	487
20210122173416	488
20210122173416	489
20210122173417	490
20210122173418	491
20210122173418	492
20210122173419	493
20210122173420	494
20210122173421	495
20210122173422	496
20210122173422	497
20210122173423	498
20210122173424	499
20210122173425	500
20210122173426	501
20210122173426	502
20210122173427	503
20210122173428	504
20210122173428	505
20210122173429	506
20210122173430	507
20210122173431	508
20210122173431	509
20210122173432	510
20210122173433	511
20210122173434	512
20210122173434	513
20210122173435	514
20210122173436	515
20210122173437	516
20210122173438	517
20210122173439	518
20210122173440	519
20210122173440	520
20210122173441	521
20210122173442	522
20210122173443	523
20210122173443	524
20210122173444	525
20210122173445	526
20210122173446	527
20210122173447	528
20210122173448	529
20210122173449	530
20210122173449	531
20210122173450	532
20210122173451	533
20210122173452	534
20210122173453	535
20210122173454	536
20210122173454	537
20210122173455	538
20210122173456	539
20210122173457	540
20210122173458	541
20210122173458	542
20210122173459	543
20210122173500	544
20210122173501	545
20210122173502	546
20210122173502	547
20210122173503	548
20210122173504	549
20210122173505	550
20210122173506	551
20210122173506	552
20210122173507	553
20210122173508	554
20210122173509	555
20210122173509	556
20210122173510	557
20210122173511	558
20210122173512	559
20210122173512	560
20210122173513	561
20210122173514	562
20210122173515	563
20210122173515	564
20210122173516	565
20210122173517	566
20210122173518	567
20210122173519	568
20210122173520	569
20210122173521	570
20210122173522	571
20210122173523	572
20210122173523	573
20210122173524	574
20210122173525	575
20210122173526	576
20210122173527	577
20210122173528	578
20210122173529	579
20210122173530	580
20210122173530	581
20210122173531	582
20210122173532	583
20210122173533	584
20210122173533	585
20210122173534	586
20210122173535	587
20210122173536	588
20210122173536	589
20210122173537	590
20210122173538	591
20210122173539	592
20210122173539	593
20210122173540	594
20210122173541	595
20210122173542	596
20210122173543	597
20210122173544	598
20210122173544	599
20210122173545	600
20210122173546	601
20210122173547	602
20210122173547	603
20210122173548	604
20210122173549	605
20210122173550	606
20210122173551	607
20210122173551	608
20210122173552	609
20210122173553	610
20210122173553	611
20210122173554	612
20210122173555	613
20210122173556	614
20210122173557	615
20210122173558	616
20210122173558	617
20210122173559	618
20210122173600	619
20210122173601	620
20210122173602	621
20210122173602	622
20210122173603	623
20210122173604	624
20210122173605	625
20210122173605	626
20210122173606	627
20210122173607	628
20210122173608	629
20210122173608	630
20210122173609	631
20210122173610	632
20210122173611	633
20210122173612	634
20210122173613	635
20210122173613	636
20210122173614	637
20210122173615	638
20210122173616	639
20210122173616	640
20210122173617	641
20210122173618	642
20210122173619	643
20210122173620	644
20210122173621	645
20210122173622	646
20210122173623	647
20210122173623	648
20210122173624	649
20210122173625	650
20210122173626	651
20210122173626	652
20210122173627	653
20210122173628	654
20210122173629	655
20210122173630	656
20210122173631	657
20210122173631	658
20210122173632	659
20210122173633	660
20210122173633	661
20210122173634	662
20210122173635	663
20210122173636	664
20210122173637	665
20210122173637	666
20210122173638	667
20210122173639	668
20210122173640	669
20210122173640	670
20210122173641	671
20210122173642	672
20210122173643	673
20210122173644	674
20210122173645	675
20210122173646	676
20210122173646	677
20210122173647	678
20210122173648	679
20210122173649	680
20210122173649	681
20210122173650	682
20210122173651	683
20210122173652	684
20210122173652	685
20210122173653	686
20210122173654	687
20210122173655	688
20210122173655	689
20210122173656	690
20210122173657	691
20210122173658	692
20210122173659	693
20210122173700	694
20210122173701	695
20210122173702	696
20210122173703	697
20210122173703	698
20210122173704	699
20210122173705	700
20210122173705	701
20210122173706	702
20210122173707	703
20210122173708	704
20210122173709	705
20210122173710	706
20210122173710	707
20210122173711	708
20210122173712	709
20210122173713	710
20210122173713	711
20210122173714	712
20210122173715	713
20210122173716	714
20210122173717	715
20210122173717	716
20210122173718	717
20210122173719	718
20210122173720	719
20210122173721	720
20210122173721	721
20210122173722	722
20210122173723	723
20210122173723	724
20210122173724	725
20210122173725	726
20210122173726	727
20210122173727	728
20210122173727	729
20210122173728	730
20210122173729	731
20210122173730	732
20210122173731	733
20210122173731	734
20210122173732	735
20210122173733	736
20210122173734	737
20210122173735	738
20210122173735	739
20210122173736	740
20210122173737	741
20210122173738	742
20210122173738	743
20210122173739	744
20210122173740	745
20210122173741	746
20210122173742	747
20210122173742	748
20210122173743	749
20210122173744	750
20210122173745	751
20210122173745	752
20210122173746	753
20210122173747	754
20210122173748	755
20210122173748	756
20210122173749	757
20210122173750	758
20210122173751	759
20210122173751	760
20210122173752	761
20210122173753	762
20210122173754	763
20210122173755	764
20210122173755	765
20210122173756	766
20210122173757	767
20210122173758	768
20210122173759	769
20210122173759	770
20210122173800	771
20210122173801	772
20210122173802	773
20210122173803	774
20210122173803	775
20210122173804	776
20210122173805	777
20210122173806	778
20210122173807	779
20210122173807	780
20210122173808	781
20210122173809	782
20210122173810	783
20210122173811	784
20210122173812	785
20210122173812	786
20210122173813	787
20210122173814	788
20210122173815	789
20210122173815	790
20210122173816	791
20210122173817	792
20210122173818	793
20210122173819	794
20210122173820	795
20210122173820	796
20210122173821	797
20210122173822	798
20210122173823	799
20210122173824	800
20210122173824	801
20210122173825	802
20210122173826	803
20210122173827	804
20210122173827	805
20210122173828	806
20210122173829	807
20210122173830	808
20210122173831	809
20210122173832	810
20210122173832	811
20210122173833	812
20210122173834	813
20210122173835	814
20210122173835	815
20210122173836	816
20210122173837	817
20210122173838	818
20210122173839	819
20210122173840	820
20210122173840	821
20210122173841	822
20210122173842	823
20210122173843	824
20210122173843	825
20210122173844	826
20210122173845	827
20210122173846	828
20210122173847	829
20210122173847	830
20210122173848	831
20210122173849	832
20210122173850	833
20210122173851	834
20210122173852	835
20210122173852	836
20210122173853	837
20210122173854	838
20210122173855	839
20210122173856	840
20210122173856	841
20210122173857	842
20210122173858	843
20210122173859	844
20210122173900	845
20210122173900	846
20210122173901	847
20210122173902	848
20210122173903	849
20210122173903	850
20210122173904	851
20210122173905	852
20210122173906	853
20210122173907	854
20210122173907	855
20210122173908	856
20210122173909	857
20210122173910	858
20210122173911	859
20210122173912	860
20210122173913	861
20210122173914	862
20210122173914	863
20210122173915	864
20210122173916	865
20210122173917	866
20210122173918	867
20210122173919	868
20210122173920	869
20210122173920	870
20210122173921	871
20210122173922	872
20210122173923	873
20210122173924	874
20210122173924	875
20210122173925	876
20210122173926	877
20210122173927	878
20210122173927	879
20210122173928	880
20210122173929	881
20210122173930	882
20210122173931	883
20210122173931	884
20210122173932	885
20210122173933	886
20210122173934	887
20210122173934	888
20210122173935	889
20210122173936	890
20210122173937	891
20210122173937	892
20210122173938	893
20210122173939	894
20210122173940	895
20210122173941	896
20210122173941	897
20210122173942	898
20210122173943	899
20210122173944	900
20210122173944	901
20210122173945	902
20210122173946	903
20210122173947	904
20210122173948	905
20210122173949	906
20210122173950	907
20210122173950	908
20210122173951	909
20210122173952	910
20210122173953	911
20210122173954	912
20210122173955	913
20210122173955	914
20210122173956	915
20210122173957	916
20210122173958	917
20210122173958	918
20210122173959	919
20210122174000	920
20210122174001	921
20210122174002	922
20210122174003	923
20210122174003	924
20210122174004	925
20210122174005	926
20210122174006	927
20210122174007	928
20210122174007	929
20210122174008	930
20210122174009	931
20210122174010	932
20210122174010	933
20210122174011	934
20210122174012	935
20210122174013	936
20210122174014	937
20210122174015	938
20210122174016	939
20210122174016	940
20210122174017	941
20210122174018	942
20210122174019	943
20210122174019	944
20210122174020	945
20210122174021	946
20210122174022	947
20210122174022	948
20210122174023	949
20210122174024	950
20210122174025	951
20210122174025	952
20210122174026	953
20210122174027	954
20210122174028	955
20210122174028	956
20210122174029	957
20210122174030	958
20210122174031	959
20210122174032	960
20210122174033	961
20210122174033	962
20210122174034	963
20210122174035	964
20210122174036	965
20210122174036	966
20210122174037	967
20210122174038	968
20210122174039	969
20210122174040	970
20210122174041	971
20210122174041	972
20210122174042	973
20210122174043	974
20210122174044	975
20210122174044	976
20210122174045	977
20210122174046	978
20210122174047	979
20210122174047	980
20210122174048	981
20210122174049	982
20210122174050	983
20210122174051	984
20210122174052	985
20210122174053	986
20210122174053	987
20210122174054	988
20210122174055	989
20210122174056	990
20210122174057	991
20210122174057	992
20210122174058	993
20210122174059	994
20210122174100	995
20210122174100	996
20210122174101	997
20210122174102	998
20210122174103	999
20210122174104	1000
20210122174104	1001
20210122174105	1002
20210122174106	1003
20210122174107	1004
20210122174108	1005
20210122174109	1006
20210122174110	1007
20210122174111	1008
20210122174112	1009
20210122174112	1010
20210122174113	1011
20210122174114	1012
20210122174115	1013
20210122174115	1014
20210122174116	1015
20210122174117	1016
20210122174118	1017
20210122174119	1018
20210122174120	1019
20210122174121	1020
20210122174121	1021
20210122174122	1022
20210122174123	1023
20210122174124	1024
20210122174124	1025
20210122174126	1026
20210122174126	1027
20210122174127	1028
20210122174128	1029
20210122174128	1030
20210122174130	1031
20210122174130	1032
20210122174131	1033
20210122174132	1034
20210122174133	1035
20210122174133	1036
20210122174134	1037
20210122174135	1038
20210122174136	1039
20210122174137	1040
