20210104213925	3
20210104213925	3
20210104213925	3
20210104213925	3
20210104213925	3
20210104213925	3
20210104213926	3
20210104213926	3
20210104213926	3
20210104213926	3
20210104213926	3
20210104213926	3
20210104213926	3
20210104213926	3
20210104213926	3
20210104213926	3
20210104213926	3
20210104213926	3
20210104213926	3
20210104213926	3
20210104213926	3
20210104213926	3
20210104213926	3
20210104213926	3
20210104213926	3
20210104213926	3
20210104213926	3
20210104213926	3
20210104213926	3
20210104213926	3
20210104213926	3
20210104213926	3
20210104213926	3
20210104213926	3
20210104213926	3
20210104213926	3
20210104213926	3
20210104213926	3
20210104213926	3
20210104213926	3
20210104213926	3
20210104213926	3
20210104213926	3
20210104213926	3
20210104213926	3
20210104213926	3
20210104213926	3
20210104213926	3
20210104213926	3
20210104213926	3
20210104213926	3
20210104213926	3
20210104213926	3
20210104213926	3
20210104213926	3
20210104213926	3
20210104213926	3
20210104213926	3
20210104213926	3
20210104213926	3
20210104213926	3
20210104213926	3
20210104213927	3
20210104213927	3
20210104213927	3
20210104213927	3
20210104213927	3
20210104213927	3
20210104213927	3
20210104213927	3
20210104213927	3
20210104213927	3
20210104213927	3
20210104213927	3
20210104213927	3
20210104213927	3
20210104213927	3
20210104213927	3
20210104213927	3
20210104213927	3
20210104213927	3
20210104213927	3
20210104213927	3
20210104213927	3
20210104213927	3
20210104213927	3
20210104213927	3
20210104213927	3
20210104213927	3
20210104213927	3
20210104213927	3
20210104213927	3
20210104213927	3
20210104213927	3
20210104213927	3
20210104213927	3
20210104213927	3
20210104213927	3
20210104213927	3
20210104213927	3
20210104213927	3
20210104213927	3
20210104213927	3
20210104213927	3
20210104213927	3
20210104213927	3
20210104213927	3
20210104213927	3
20210104213927	3
20210104213927	3
20210104213927	3
20210104213928	3
20210104213928	3
20210104213928	3
20210104213928	3
20210104213928	3
20210104213928	3
20210104213928	3
20210104213928	3
20210104213928	3
20210104213928	3
20210104213928	3
20210104213928	3
20210104213928	3
20210104213928	3
20210104213928	3
20210104213928	3
20210104213928	3
20210104213928	3
20210104213928	3
20210104213928	3
20210104213928	3
20210104213928	3
20210104213928	3
20210104213928	3
20210104213928	3
20210104213928	3
20210104213928	3
20210104213928	3
20210104213928	3
20210104213928	3
20210104213928	3
20210104213928	3
20210104213928	3
20210104213928	3
20210104213928	3
20210104213928	3
20210104213928	3
20210104213928	3
20210104213928	3
20210104213928	3
20210104213929	3
20210104213929	3
20210104213929	3
20210104213929	3
20210104213929	3
20210104213929	3
20210104213929	3
20210104213929	3
20210104213929	3
20210104213929	3
20210104213929	3
20210104213929	3
20210104213929	3
20210104213929	3
20210104213929	3
20210104213929	3
20210104213929	3
20210104213929	3
20210104213929	3
20210104213929	3
20210104213929	3
20210104213929	3
20210104213929	3
20210104213929	3
20210104213929	3
20210104213929	3
20210104213929	3
20210104213929	3
20210104213929	3
20210104213929	3
20210104213929	3
20210104213929	3
20210104213929	3
20210104213929	3
20210104213929	3
20210104213929	3
20210104213929	3
20210104213929	3
20210104213929	3
20210104213929	3
20210104213929	3
20210104213929	3
20210104213929	3
20210104213929	3
20210104213929	3
20210104213929	3
20210104213929	3
20210104213929	3
20210104213929	3
20210104213930	3
20210104213930	3
20210104213930	3
20210104213930	3
20210104213930	3
20210104213930	3
20210104213930	3
20210104213930	3
20210104213930	3
20210104213930	3
20210104213930	3
20210104213930	3
20210104213930	3
20210104213930	3
20210104213930	3
20210104213930	3
20210104213930	3
20210104213930	3
20210104213930	3
20210104213930	3
20210104213930	3
20210104213930	3
20210104213930	3
20210104213930	3
20210104213930	3
20210104213930	3
20210104213930	3
20210104213930	3
20210104213930	3
20210104213930	3
20210104213930	3
20210104213930	3
20210104213930	3
20210104213930	3
20210104213930	3
20210104213930	3
20210104213930	3
20210104213930	3
20210104213930	3
20210104213930	3
20210104213930	3
20210104213930	3
20210104213931	3
20210104213931	3
20210104213931	3
20210104213931	3
20210104213931	3
20210104213931	3
20210104213931	3
20210104213931	3
20210104213931	3
20210104213931	3
20210104213931	3
20210104213931	3
20210104213931	3
20210104213931	3
20210104213931	3
20210104213931	3
20210104213931	3
20210104213931	3
20210104213931	3
20210104213931	3
20210104213931	3
20210104213931	3
20210104213931	3
20210104213931	3
20210104213931	3
20210104213931	3
20210104213931	3
20210104213931	3
20210104213931	3
20210104213931	3
20210104213931	3
20210104213931	3
20210104213931	3
20210104213931	3
20210104213931	3
20210104213931	3
20210104213931	3
20210104213931	3
20210104213931	3
20210104213931	3
20210104213931	3
20210104213931	3
20210104213931	3
20210104213931	3
20210104213931	3
20210104213931	3
20210104213931	3
20210104213931	3
20210104213931	3
20210104213931	3
20210104213931	3
20210104213931	3
20210104213931	3
20210104213931	3
20210104213931	3
20210104213932	3
20210104213932	3
20210104213932	3
20210104213932	3
20210104213932	3
20210104213932	3
20210104213932	3
20210104213932	3
20210104213932	3
20210104213932	3
20210104213932	3
20210104213932	3
20210104213932	3
20210104213932	3
20210104213932	3
20210104213932	3
20210104213932	3
20210104213932	3
20210104213932	3
20210104213932	3
20210104213932	3
20210104213932	3
20210104213932	3
20210104213932	3
20210104213932	3
20210104213932	3
20210104213932	3
20210104213932	3
20210104213932	3
20210104213932	3
20210104213932	3
20210104213932	3
20210104213932	3
20210104213932	3
20210104213932	3
20210104213932	3
20210104213932	3
20210104213932	3
20210104213932	3
20210104213932	3
20210104213932	3
20210104213932	3
20210104213932	3
20210104213932	3
20210104213932	3
20210104213932	3
20210104213932	3
20210104213932	3
20210104213932	3
20210104213932	3
20210104213932	3
20210104213933	3
20210104213933	3
20210104213933	3
20210104213933	3
20210104213933	3
20210104213933	3
20210104213933	3
20210104213933	3
20210104213933	3
20210104213933	3
20210104213933	3
20210104213933	3
20210104213933	3
20210104213933	3
20210104213933	3
20210104213933	3
20210104213933	3
20210104213933	3
20210104213933	3
20210104213933	3
20210104213933	3
20210104213933	3
20210104213933	3
20210104213933	3
20210104213933	3
20210104213933	3
20210104213933	3
20210104213933	3
20210104213933	3
20210104213933	3
20210104213933	3
20210104213933	3
20210104213933	3
20210104213933	3
20210104213933	3
20210104213933	3
20210104213933	3
20210104213933	3
20210104213933	3
20210104213933	3
20210104213933	3
20210104213933	3
20210104213933	3
20210104213933	3
20210104213933	3
20210104213933	3
20210104213933	3
20210104213933	3
20210104213933	3
20210104213933	3
20210104213933	3
20210104213933	3
20210104213933	3
20210104213933	3
20210104213934	3
20210104213934	3
20210104213934	3
20210104213934	3
20210104213934	3
20210104213934	3
20210104213934	3
20210104213934	3
20210104213934	3
20210104213934	3
20210104213934	3
20210104213934	3
20210104213934	3
20210104213934	3
20210104213934	3
20210104213934	3
20210104213934	3
20210104213934	3
20210104213934	3
20210104213934	3
20210104213934	3
20210104213934	3
20210104213934	3
20210104213934	3
20210104213934	3
20210104213934	3
20210104213934	3
20210104213934	3
20210104213934	3
20210104213934	3
20210104213934	3
20210104213934	3
20210104213934	3
20210104213934	3
20210104213934	3
20210104213934	3
20210104213934	3
20210104213934	3
20210104213934	3
20210104213934	3
20210104213934	3
20210104213934	3
20210104213934	3
20210104213934	3
20210104213934	3
20210104213934	3
20210104213934	3
20210104213934	3
20210104213935	3
20210104213935	3
20210104213935	3
20210104213935	3
20210104213935	3
20210104213935	3
20210104213935	3
20210104213935	3
20210104213935	3
20210104213935	3
20210104213935	3
20210104213935	3
20210104213935	3
20210104213935	3
20210104213935	3
20210104213935	3
20210104213935	3
20210104213935	3
20210104213935	3
20210104213935	3
20210104213935	3
20210104213935	3
20210104213935	3
20210104213935	3
20210104213935	3
20210104213935	3
20210104213935	3
20210104213935	3
20210104213935	3
20210104213935	3
20210104213935	3
20210104213935	3
20210104213935	3
20210104213935	3
20210104213935	3
20210104213935	3
20210104213935	3
20210104213935	3
20210104213935	3
20210104213935	3
20210104213935	3
20210104213935	3
20210104213936	3
20210104213936	3
20210104213936	3
20210104213936	3
20210104213936	3
20210104213936	3
20210104213936	3
20210104213936	3
20210104213936	3
20210104213936	3
20210104213936	3
20210104213936	3
20210104213936	3
20210104213936	3
20210104213936	3
20210104213936	3
20210104213936	3
20210104213936	3
20210104213936	3
20210104213936	3
20210104213936	3
20210104213936	3
20210104213936	3
20210104213936	3
20210104213936	3
20210104213936	3
20210104213936	3
20210104213936	3
20210104213936	3
20210104213936	3
20210104213936	3
20210104213936	3
20210104213936	3
20210104213936	3
20210104213936	3
20210104213936	3
20210104213936	3
20210104213936	3
20210104213936	3
20210104213936	3
20210104213936	3
20210104213936	3
20210104213936	3
20210104213936	3
20210104213936	3
20210104213936	3
20210104213936	3
20210104213936	3
20210104213936	3
20210104213936	3
20210104213936	3
20210104213936	3
20210104213936	3
20210104213936	3
20210104213937	3
20210104213937	3
20210104213937	3
20210104213937	3
20210104213937	3
20210104213937	3
20210104213937	3
20210104213937	3
20210104213937	3
20210104213937	3
20210104213937	3
20210104213937	3
20210104213937	3
20210104213937	3
20210104213937	3
20210104213937	3
20210104213937	3
20210104213937	3
20210104213937	3
20210104213937	3
20210104213937	3
20210104213937	3
20210104213937	3
20210104213937	3
20210104213937	3
20210104213937	3
20210104213937	3
20210104213937	3
20210104213937	3
20210104213937	3
20210104213937	3
20210104213937	3
20210104213937	3
20210104213937	3
20210104213937	3
20210104213937	3
20210104213937	3
20210104213937	3
20210104213937	3
20210104213937	3
20210104213937	3
20210104213937	3
20210104213937	3
20210104213937	3
20210104213937	3
20210104213937	3
20210104213937	3
20210104213937	3
20210104213937	3
20210104213937	3
20210104213937	3
20210104213937	3
20210104213937	3
20210104213937	3
20210104213938	3
20210104213938	3
20210104213938	3
20210104213938	3
20210104213938	3
20210104213938	3
20210104213938	3
20210104213938	3
20210104213938	3
20210104213938	3
20210104213938	3
20210104213938	3
20210104213938	3
20210104213938	3
20210104213938	3
20210104213938	3
20210104213938	3
20210104213938	3
20210104213938	3
20210104213938	3
20210104213938	3
20210104213938	3
20210104213938	3
20210104213938	3
20210104213938	3
20210104213938	3
20210104213938	3
20210104213938	3
20210104213938	3
20210104213938	3
20210104213938	3
20210104213938	3
20210104213938	3
20210104213938	3
20210104213938	3
20210104213938	3
20210104213938	3
20210104213938	3
20210104213938	3
20210104213938	3
20210104213939	3
20210104213939	3
20210104213939	3
20210104213939	3
20210104213939	3
20210104213939	3
20210104213939	3
20210104213939	3
20210104213939	3
20210104213939	3
20210104213939	3
20210104213939	3
20210104213939	3
20210104213939	3
20210104213939	3
20210104213939	3
20210104213939	3
20210104213939	3
20210104213939	3
20210104213939	3
20210104213939	3
20210104213939	3
20210104213939	3
20210104213939	3
20210104213939	3
20210104213939	3
20210104213939	3
20210104213939	3
20210104213939	3
20210104213939	3
20210104213939	3
20210104213939	3
20210104213939	3
20210104213939	3
20210104213939	3
20210104213939	3
20210104213939	3
20210104213939	3
20210104213939	3
20210104213939	3
20210104213939	3
20210104213939	3
20210104213939	3
20210104213939	3
20210104213939	3
20210104213939	3
20210104213939	3
20210104213939	3
20210104213939	3
20210104213939	3
20210104213939	3
20210104213939	3
20210104213939	3
20210104213939	3
20210104213939	3
20210104213940	3
20210104213940	3
20210104213940	3
20210104213940	3
20210104213940	3
20210104213940	3
20210104213940	3
20210104213940	3
20210104213940	3
20210104213940	3
20210104213940	3
20210104213940	3
20210104213940	3
20210104213940	3
20210104213940	3
20210104213940	3
20210104213940	3
20210104213940	3
20210104213940	3
20210104213940	3
20210104213940	3
20210104213940	3
20210104213940	3
20210104213940	3
20210104213940	3
20210104213940	3
20210104213940	3
20210104213940	3
20210104213940	3
20210104213940	3
20210104213940	3
20210104213940	3
20210104213940	3
20210104213940	3
20210104213940	3
20210104213940	3
20210104213940	3
20210104213940	3
20210104213940	3
20210104213940	3
20210104213940	3
20210104213940	3
20210104213941	3
20210104213941	3
20210104213941	3
20210104213941	3
20210104213941	3
20210104213941	3
20210104213941	3
20210104213941	3
20210104213941	3
20210104213941	3
20210104213941	3
20210104213941	3
20210104213941	3
20210104213941	3
20210104213941	3
20210104213941	3
20210104213941	3
20210104213941	3
20210104213941	3
20210104213941	3
20210104213941	3
20210104213941	3
20210104213941	3
20210104213941	3
20210104213941	3
20210104213941	3
20210104213941	3
20210104213941	3
20210104213941	3
20210104213941	3
20210104213941	3
20210104213941	3
20210104213941	3
20210104213941	3
20210104213941	3
20210104213941	3
20210104213941	3
20210104213941	3
20210104213941	3
20210104213941	3
20210104213941	3
20210104213941	3
20210104213941	3
20210104213941	3
20210104213941	3
20210104213941	3
20210104213941	3
20210104213941	3
20210104213941	3
20210104213941	3
20210104213942	3
20210104213942	3
20210104213942	3
20210104213942	3
20210104213942	3
20210104213942	3
20210104213942	3
20210104213942	3
20210104213942	3
20210104213942	3
20210104213942	3
20210104213942	3
20210104213942	3
20210104213942	3
20210104213942	3
20210104213942	3
20210104213942	3
20210104213942	3
20210104213942	3
20210104213942	3
20210104213942	3
20210104213942	3
20210104213942	3
20210104213942	3
20210104213942	3
20210104213942	3
20210104213942	3
20210104213942	3
20210104213942	3
20210104213942	3
20210104213942	3
20210104213942	3
20210104213942	3
20210104213942	3
20210104213942	3
20210104213942	3
20210104213942	3
20210104213942	3
20210104213942	3
20210104213942	3
20210104213942	3
20210104213942	3
20210104213942	3
20210104213942	3
20210104213942	3
20210104213942	3
20210104213942	3
20210104213942	3
20210104213942	3
20210104213942	3
20210104213942	3
20210104213942	3
20210104213943	3
20210104213943	3
20210104213943	3
20210104213943	3
20210104213943	3
20210104213943	3
20210104213943	3
20210104213943	3
20210104213943	3
20210104213943	3
20210104213943	3
20210104213943	3
20210104213943	3
20210104213943	3
20210104213943	3
20210104213943	3
20210104213943	3
20210104213943	3
20210104213943	3
20210104213943	3
20210104213943	3
20210104213943	3
20210104213943	3
20210104213943	3
20210104213943	3
20210104213943	3
20210104213943	3
20210104213943	3
20210104213943	3
20210104213943	3
20210104213943	3
20210104213943	3
20210104213943	3
20210104213943	3
20210104213943	3
20210104213943	3
20210104213943	3
20210104213943	3
20210104213943	3
20210104213943	3
20210104213943	3
20210104213943	3
20210104213943	3
20210104213943	3
20210104213943	3
20210104213943	3
20210104213943	3
20210104213944	3
20210104213944	3
20210104213944	3
20210104213944	3
20210104213944	3
20210104213944	3
20210104213944	3
20210104213944	3
20210104213944	3
20210104213944	3
20210104213944	3
20210104213944	3
20210104213944	3
20210104213944	3
20210104213944	3
20210104213944	3
20210104213944	3
20210104213944	3
20210104213944	3
20210104213944	3
20210104213944	3
20210104213944	3
20210104213944	3
20210104213944	3
20210104213944	3
20210104213944	3
20210104213944	3
20210104213944	3
20210104213944	3
20210104213944	3
20210104213944	3
20210104213944	3
20210104213944	3
20210104213944	3
20210104213944	3
20210104213944	3
20210104213944	3
20210104213944	3
20210104213944	3
20210104213944	3
20210104213944	3
20210104213944	3
20210104213944	3
20210104213944	3
20210104213944	3
20210104213944	3
20210104213944	3
20210104213944	3
20210104213944	3
20210104213944	3
20210104213944	3
20210104213944	3
20210104213944	3
20210104213944	3
20210104213944	3
20210104213944	3
20210104213944	3
20210104213944	3
20210104213945	3
20210104213945	3
20210104213945	3
20210104213945	3
20210104213945	3
20210104213945	3
20210104213945	3
20210104213945	3
20210104213945	3
20210104213945	3
20210104213945	3
20210104213945	3
20210104213945	3
20210104213945	3
20210104213945	3
20210104213945	3
20210104213945	3
20210104213945	3
20210104213945	3
20210104213945	3
20210104213945	3
20210104213945	3
20210104213945	3
20210104213945	3
20210104213945	3
20210104213945	3
20210104213945	3
20210104213945	3
20210104213945	3
20210104213945	3
20210104213945	3
20210104213945	3
20210104213945	3
20210104213945	3
20210104213945	3
20210104213945	3
20210104213945	3
20210104213945	3
20210104213945	3
20210104213945	3
20210104213945	3
20210104213945	3
20210104213945	3
20210104213945	3
20210104213945	3
20210104213945	3
20210104213945	3
20210104213945	3
20210104213945	3
20210104213945	3
20210104213945	3
20210104213945	3
20210104213945	3
20210104213945	3
20210104213945	3
20210104213945	3
20210104213945	3
20210104213945	3
20210104213945	3
20210104213945	3
20210104213946	3
20210104213946	3
20210104213946	3
20210104213946	3
20210104213946	3
20210104213946	3
20210104213946	3
20210104213946	3
20210104213946	3
20210104213946	3
20210104213946	3
20210104213946	3
20210104213946	3
20210104213946	3
20210104213946	3
20210104213946	3
20210104213946	3
20210104213946	3
20210104213946	3
20210104213946	3
20210104213946	3
20210104213946	3
20210104213946	3
20210104213946	3
20210104213946	3
20210104213946	3
20210104213946	3
20210104213946	3
20210104213946	3
20210104213946	3
20210104213946	3
20210104213946	3
20210104213946	3
20210104213946	3
20210104213946	3
20210104213946	3
20210104213946	3
20210104213946	3
20210104213946	3
20210104213946	3
20210104213946	3
20210104213946	3
20210104213947	3
20210104213947	3
20210104213947	3
20210104213947	3
20210104213947	3
20210104213947	3
20210104213947	3
20210104213947	3
20210104213947	3
20210104213947	3
20210104213947	3
20210104213947	3
20210104213947	3
20210104213947	3
20210104213947	3
20210104213947	3
20210104213947	3
20210104213947	3
20210104213947	3
20210104213947	3
20210104213947	3
20210104213947	3
20210104213947	3
20210104213947	3
20210104213947	3
20210104213947	3
20210104213947	3
20210104213947	3
20210104213947	3
20210104213947	3
20210104213947	3
20210104213947	3
20210104213947	3
20210104213947	3
20210104213947	3
20210104213947	3
20210104213947	3
20210104213947	3
20210104213948	3
20210104213948	3
20210104213948	3
20210104213948	3
20210104213948	3
20210104213948	3
20210104213948	3
20210104213948	3
20210104213948	3
20210104213948	3
20210104213948	3
20210104213948	3
20210104213948	3
20210104213948	3
20210104213948	3
20210104213948	3
20210104213948	3
20210104213948	3
20210104213948	3
20210104213948	3
20210104213948	3
20210104213948	3
20210104213948	3
20210104213948	3
20210104213948	3
20210104213948	3
20210104213948	3
20210104213948	3
20210104213948	3
20210104213948	3
20210104213948	3
20210104213948	3
20210104213948	3
20210104213948	3
20210104213948	3
20210104213948	3
20210104213948	3
20210104213948	3
20210104213948	3
20210104213948	3
20210104213948	3
20210104213948	3
20210104213948	3
20210104213948	3
20210104213948	3
20210104213948	3
20210104213948	3
20210104213948	3
20210104213948	3
20210104213949	3
20210104213949	3
20210104213949	3
20210104213949	3
20210104213949	3
20210104213949	3
20210104213949	3
20210104213949	3
20210104213949	3
20210104213949	3
20210104213949	3
20210104213949	3
20210104213949	3
20210104213949	3
20210104213949	3
20210104213949	3
20210104213949	3
20210104213949	3
20210104213949	3
20210104213949	3
20210104213949	3
20210104213949	3
20210104213949	3
20210104213949	3
20210104213949	3
20210104213949	3
20210104213949	3
20210104213949	3
20210104213949	3
20210104213949	3
20210104213949	3
20210104213949	3
20210104213949	3
20210104213949	3
20210104213949	3
20210104213949	3
20210104213949	3
20210104213949	3
20210104213949	3
20210104213949	3
20210104213949	3
20210104213949	3
20210104213949	3
20210104213949	3
20210104213949	3
20210104213949	3
20210104213949	3
20210104213949	3
20210104213949	3
20210104213949	3
20210104213949	3
20210104213949	3
20210104213949	3
20210104213949	3
20210104213949	3
20210104213949	3
20210104213949	3
20210104213950	3
20210104213950	3
20210104213950	3
20210104213950	3
20210104213950	3
20210104213950	3
20210104213950	3
20210104213950	3
20210104213950	3
20210104213950	3
20210104213950	3
20210104213950	3
20210104213950	3
20210104213950	3
20210104213950	3
20210104213950	3
20210104213950	3
20210104213950	3
20210104213950	3
20210104213950	3
20210104213950	3
20210104213950	3
20210104213950	3
20210104213950	3
20210104213950	3
20210104213950	3
20210104213950	3
20210104213950	3
20210104213950	3
20210104213950	3
20210104213950	3
20210104213950	3
20210104213950	3
20210104213950	3
20210104213950	3
20210104213950	3
20210104213950	3
20210104213950	3
20210104213950	3
20210104213950	3
20210104213950	3
20210104213950	3
20210104213950	3
20210104213950	3
20210104213950	3
20210104213950	3
20210104213950	3
20210104213950	3
20210104213950	3
20210104213950	3
20210104213950	3
20210104213950	3
20210104213951	3
20210104213951	3
20210104213951	3
20210104213951	3
20210104213951	3
20210104213951	3
20210104213951	3
20210104213951	3
20210104213951	3
20210104213951	3
20210104213951	3
20210104213951	3
20210104213951	3
20210104213951	3
20210104213951	3
20210104213951	3
20210104213951	3
20210104213951	3
20210104213951	3
20210104213951	3
20210104213951	3
20210104213951	3
20210104213951	3
20210104213951	3
20210104213951	3
20210104213951	3
20210104213951	3
20210104213951	3
20210104213951	3
20210104213951	3
20210104213951	3
20210104213951	3
20210104213951	3
20210104213951	3
20210104213951	3
20210104213951	3
20210104213951	3
20210104213951	3
20210104213951	3
20210104213951	3
20210104213951	3
20210104213951	3
20210104213951	3
20210104213951	3
20210104213951	3
20210104213951	3
20210104213951	3
20210104213951	3
20210104213951	3
20210104213951	3
20210104213951	3
20210104213951	3
20210104213952	3
20210104213952	3
20210104213952	3
20210104213952	3
20210104213952	3
20210104213952	3
20210104213952	3
20210104213952	3
20210104213952	3
20210104213952	3
20210104213952	3
20210104213952	3
20210104213952	3
20210104213952	3
20210104213952	3
20210104213952	3
20210104213952	3
20210104213952	3
20210104213952	3
20210104213952	3
20210104213952	3
20210104213952	3
20210104213952	3
20210104213952	3
20210104213952	3
20210104213952	3
20210104213952	3
20210104213952	3
20210104213952	3
20210104213952	3
20210104213952	3
20210104213952	3
20210104213952	3
20210104213952	3
20210104213952	3
20210104213952	3
20210104213952	3
20210104213952	3
20210104213952	3
20210104213952	3
20210104213952	3
20210104213952	3
20210104213952	3
20210104213952	3
20210104213952	3
20210104213952	3
20210104213952	3
20210104213952	3
20210104213952	3
20210104213952	3
20210104213952	3
20210104213952	3
20210104213953	3
20210104213953	3
20210104213953	3
20210104213953	3
20210104213953	3
20210104213953	3
20210104213953	3
20210104213953	3
20210104213953	3
20210104213953	3
20210104213953	3
20210104213953	3
20210104213953	3
20210104213953	3
20210104213953	3
20210104213953	3
20210104213953	3
20210104213953	3
20210104213953	3
20210104213953	3
20210104213953	3
20210104213953	3
20210104213953	3
20210104213953	3
20210104213953	3
20210104213953	3
20210104213953	3
20210104213953	3
20210104213953	3
20210104213953	3
20210104213953	3
20210104213953	3
20210104213953	3
20210104213953	3
20210104213953	3
20210104213953	3
20210104213953	3
20210104213953	3
20210104213953	3
20210104213953	3
20210104213953	3
20210104213953	3
20210104213953	3
20210104213953	3
20210104213953	3
20210104213953	3
20210104213953	3
20210104213953	3
20210104213953	3
20210104213953	3
20210104213953	3
20210104213953	3
20210104213954	3
20210104213954	3
20210104213954	3
20210104213954	3
20210104213954	3
20210104213954	3
20210104213954	3
20210104213954	3
20210104213954	3
20210104213954	3
20210104213954	3
20210104213954	3
20210104213954	3
20210104213954	3
20210104213954	3
20210104213954	3
20210104213954	3
20210104213954	3
20210104213954	3
20210104213954	3
20210104213954	3
20210104213954	3
20210104213954	3
20210104213954	3
20210104213954	3
20210104213954	3
20210104213954	3
20210104213954	3
20210104213954	3
20210104213954	3
20210104213954	3
20210104213954	3
20210104213954	3
20210104213954	3
20210104213954	3
20210104213954	3
20210104213954	3
20210104213954	3
20210104213954	3
20210104213954	3
20210104213954	3
20210104213954	3
20210104213954	3
20210104213954	3
20210104213954	3
20210104213954	3
20210104213955	3
20210104213955	3
20210104213955	3
20210104213955	3
20210104213955	3
20210104213955	3
20210104213955	3
20210104213955	3
20210104213955	3
20210104213955	3
20210104213955	3
20210104213955	3
20210104213955	3
20210104213955	3
20210104213955	3
20210104213955	3
20210104213955	3
20210104213955	3
20210104213955	3
20210104213955	3
20210104213955	3
20210104213955	3
20210104213955	3
20210104213955	3
20210104213955	3
20210104213955	3
20210104213955	3
20210104213955	3
20210104213955	3
20210104213955	3
20210104213955	3
20210104213955	3
20210104213955	3
20210104213955	3
20210104213955	3
20210104213955	3
20210104213955	3
20210104213955	3
20210104213955	3
20210104213955	3
20210104213955	3
20210104213956	3
20210104213956	3
20210104213956	3
20210104213956	3
20210104213956	3
20210104213956	3
20210104213956	3
20210104213956	3
20210104213956	3
20210104213956	3
20210104213956	3
20210104213956	3
20210104213956	3
20210104213956	3
20210104213956	3
20210104213956	3
20210104213956	3
20210104213956	3
20210104213956	3
20210104213956	3
20210104213956	3
20210104213956	3
20210104213956	3
20210104213956	3
20210104213956	3
20210104213956	3
20210104213956	3
20210104213956	3
20210104213956	3
20210104213956	3
20210104213956	3
20210104213956	3
20210104213956	3
20210104213956	3
20210104213956	3
20210104213956	3
20210104213956	3
20210104213956	3
20210104213956	3
20210104213956	3
20210104213956	3
20210104213956	3
20210104213957	3
20210104213957	3
20210104213957	3
20210104213957	3
20210104213957	3
20210104213957	3
20210104213957	3
20210104213957	3
20210104213957	3
20210104213957	3
20210104213957	3
20210104213957	3
20210104213957	3
20210104213957	3
20210104213957	3
20210104213957	3
20210104213957	3
20210104213957	3
20210104213957	3
20210104213957	3
20210104213957	3
20210104213957	3
20210104213957	3
20210104213957	3
20210104213957	3
20210104213957	3
20210104213957	3
20210104213957	3
20210104213957	3
20210104213957	3
20210104213957	3
20210104213957	3
20210104213957	3
20210104213957	3
20210104213957	3
20210104213957	3
20210104213957	3
20210104213957	3
20210104213957	3
20210104213957	3
20210104213957	3
20210104213957	3
20210104213957	3
20210104213957	3
20210104213957	3
20210104213957	3
20210104213957	3
20210104213958	3
20210104213958	3
20210104213958	3
20210104213958	3
20210104213958	3
20210104213958	3
20210104213958	3
20210104213958	3
20210104213958	3
20210104213958	3
20210104213958	3
20210104213958	3
20210104213958	3
20210104213958	3
20210104213958	3
20210104213958	3
20210104213958	3
20210104213958	3
20210104213958	3
20210104213958	3
20210104213958	3
20210104213958	3
20210104213958	3
20210104213958	3
20210104213958	3
20210104213958	3
20210104213958	3
20210104213958	3
20210104213958	3
20210104213958	3
20210104213958	3
20210104213958	3
20210104213958	3
20210104213958	3
20210104213958	3
20210104213958	3
20210104213958	3
20210104213958	3
20210104213958	3
20210104213958	3
20210104213958	3
20210104213958	3
20210104213958	3
20210104213958	3
20210104213958	3
20210104213958	3
20210104213958	3
20210104213958	3
20210104213958	3
20210104213959	3
20210104213959	3
20210104213959	3
20210104213959	3
20210104213959	3
20210104213959	3
20210104213959	3
20210104213959	3
20210104213959	3
20210104213959	3
20210104213959	3
20210104213959	3
20210104213959	3
20210104213959	3
20210104213959	3
20210104213959	3
20210104213959	3
20210104213959	3
20210104213959	3
20210104213959	3
20210104213959	3
20210104213959	3
20210104213959	3
20210104213959	3
20210104213959	3
20210104213959	3
20210104213959	3
20210104213959	3
20210104213959	3
20210104213959	3
20210104213959	3
20210104213959	3
20210104213959	3
20210104213959	3
20210104213959	3
20210104213959	3
20210104213959	3
20210104213959	3
20210104213959	3
20210104213959	3
20210104213959	3
20210104213959	3
20210104213959	3
20210104213959	3
20210104213959	3
20210104213959	3
20210104213959	3
20210104213959	3
20210104213959	3
20210104213959	3
20210104213959	3
20210104213959	3
20210104213959	3
20210104213959	3
20210104213959	3
20210104213959	3
20210104213959	3
20210104213959	3
20210104213959	3
20210104213959	3
20210104213959	3
20210104214000	3
20210104214000	3
20210104214000	3
20210104214000	3
20210104214000	3
20210104214000	3
20210104214000	3
20210104214000	3
20210104214000	3
20210104214000	3
20210104214000	3
20210104214000	3
20210104214000	3
20210104214000	3
20210104214000	3
20210104214000	3
20210104214000	3
20210104214000	3
20210104214000	3
20210104214000	3
20210104214000	3
20210104214000	3
20210104214000	3
20210104214000	3
20210104214000	3
20210104214000	3
20210104214000	3
20210104214000	3
20210104214000	3
20210104214000	3
20210104214000	3
20210104214000	3
20210104214000	3
20210104214000	3
20210104214000	3
20210104214000	3
20210104214000	3
20210104214000	3
20210104214000	3
20210104214000	3
20210104214000	3
20210104214000	3
20210104214000	3
20210104214000	3
20210104214000	3
20210104214000	3
20210104214000	3
20210104214000	3
20210104214000	3
20210104214000	3
20210104214000	3
20210104214000	3
20210104214000	3
20210104214001	3
20210104214001	3
20210104214001	3
20210104214001	3
20210104214001	3
20210104214001	3
20210104214001	3
20210104214001	3
20210104214001	3
20210104214001	3
20210104214001	3
20210104214001	3
20210104214001	3
20210104214001	3
20210104214001	3
20210104214001	3
20210104214001	3
20210104214001	3
20210104214001	3
20210104214001	3
20210104214001	3
20210104214001	3
20210104214001	3
20210104214001	3
20210104214001	3
20210104214001	3
20210104214001	3
20210104214001	3
20210104214001	3
20210104214001	3
20210104214001	3
20210104214001	3
20210104214001	3
20210104214001	3
20210104214001	3
20210104214001	3
20210104214001	3
20210104214001	3
20210104214001	3
20210104214001	3
20210104214001	3
20210104214002	3
20210104214002	3
20210104214002	3
20210104214002	3
20210104214002	3
20210104214002	3
20210104214002	3
20210104214002	3
20210104214002	3
20210104214002	3
20210104214002	3
20210104214002	3
20210104214002	3
20210104214002	3
20210104214002	3
20210104214002	3
20210104214002	3
20210104214002	3
20210104214002	3
20210104214002	3
20210104214002	3
20210104214002	3
20210104214002	3
20210104214002	3
20210104214002	3
20210104214002	3
20210104214002	3
20210104214002	3
20210104214002	3
20210104214002	3
20210104214002	3
20210104214002	3
20210104214002	3
20210104214002	3
20210104214002	3
20210104214002	3
20210104214002	3
20210104214002	3
20210104214002	3
20210104214002	3
20210104214002	3
20210104214002	3
20210104214002	3
20210104214002	3
20210104214002	3
20210104214002	3
20210104214002	3
20210104214002	3
20210104214002	3
20210104214002	3
20210104214002	3
20210104214002	3
20210104214002	3
20210104214002	3
20210104214002	3
20210104214002	3
20210104214002	3
20210104214002	3
20210104214002	3
20210104214002	3
20210104214002	3
20210104214002	3
20210104214002	3
20210104214003	3
20210104214003	3
20210104214003	3
20210104214003	3
20210104214003	3
20210104214003	3
20210104214003	3
20210104214003	3
20210104214003	3
20210104214003	3
20210104214003	3
20210104214003	3
20210104214003	3
20210104214003	3
20210104214003	3
20210104214003	3
20210104214003	3
20210104214003	3
20210104214003	3
20210104214003	3
20210104214003	3
20210104214003	3
20210104214003	3
20210104214003	3
20210104214003	3
20210104214003	3
20210104214003	3
20210104214003	3
20210104214003	3
20210104214003	3
20210104214003	3
20210104214003	3
20210104214003	3
20210104214003	3
20210104214003	3
20210104214003	3
20210104214003	3
20210104214003	3
20210104214003	3
20210104214003	3
20210104214003	3
20210104214003	3
20210104214003	3
20210104214003	3
20210104214003	3
20210104214004	3
20210104214004	3
20210104214004	3
20210104214004	3
20210104214004	3
20210104214004	3
20210104214004	3
20210104214004	3
20210104214004	3
20210104214004	3
20210104214004	3
20210104214004	3
20210104214004	3
20210104214004	3
20210104214004	3
20210104214004	3
20210104214004	3
20210104214004	3
20210104214004	3
20210104214004	3
20210104214004	3
20210104214004	3
20210104214004	3
20210104214004	3
20210104214004	3
20210104214004	3
20210104214004	3
20210104214004	3
20210104214004	3
20210104214004	3
20210104214004	3
20210104214004	3
20210104214004	3
20210104214004	3
20210104214004	3
20210104214004	3
20210104214004	3
20210104214004	3
20210104214004	3
20210104214004	3
20210104214004	3
20210104214004	3
20210104214004	3
20210104214004	3
20210104214004	3
20210104214004	3
20210104214004	3
20210104214005	3
20210104214005	3
20210104214005	3
20210104214005	3
20210104214005	3
20210104214005	3
20210104214005	3
20210104214005	3
20210104214005	3
20210104214005	3
20210104214005	3
20210104214005	3
20210104214005	3
20210104214005	3
20210104214005	3
20210104214005	3
20210104214005	3
20210104214005	3
20210104214005	3
20210104214005	3
20210104214005	3
20210104214005	3
20210104214005	3
20210104214005	3
20210104214005	3
20210104214005	3
20210104214005	3
20210104214005	3
20210104214005	3
20210104214005	3
20210104214005	3
20210104214005	3
20210104214005	3
20210104214005	3
20210104214005	3
20210104214005	3
20210104214005	3
20210104214005	3
20210104214005	3
20210104214005	3
20210104214005	3
20210104214005	3
20210104214005	3
20210104214005	3
20210104214005	3
20210104214005	3
20210104214006	3
20210104214006	3
20210104214006	3
20210104214006	3
20210104214006	3
20210104214006	3
20210104214006	3
20210104214006	3
20210104214006	3
20210104214006	3
20210104214006	3
20210104214006	3
20210104214006	3
20210104214006	3
20210104214006	3
20210104214006	3
20210104214006	3
20210104214006	3
20210104214006	3
20210104214006	3
20210104214006	3
20210104214006	3
20210104214006	3
20210104214006	3
20210104214006	3
20210104214006	3
20210104214006	3
20210104214006	3
20210104214006	3
20210104214006	3
20210104214006	3
20210104214006	3
20210104214006	3
20210104214006	3
20210104214006	3
20210104214006	3
20210104214006	3
20210104214006	3
20210104214006	3
20210104214006	3
20210104214006	3
20210104214006	3
20210104214006	3
20210104214006	3
20210104214006	3
20210104214006	3
20210104214006	3
20210104214006	3
20210104214007	3
20210104214007	3
20210104214007	3
20210104214007	3
20210104214007	3
20210104214007	3
20210104214007	3
20210104214007	3
20210104214007	3
20210104214007	3
20210104214007	3
20210104214007	3
20210104214007	3
20210104214007	3
20210104214007	3
20210104214007	3
20210104214007	3
20210104214007	3
20210104214007	3
20210104214007	3
20210104214007	3
20210104214007	3
20210104214007	3
20210104214007	3
20210104214007	3
20210104214007	3
20210104214007	3
20210104214007	3
20210104214007	3
20210104214007	3
20210104214007	3
20210104214007	3
20210104214007	3
20210104214007	3
20210104214007	3
20210104214007	3
20210104214007	3
20210104214007	3
20210104214007	3
20210104214007	3
20210104214007	3
20210104214007	3
20210104214007	3
20210104214007	3
20210104214007	3
20210104214007	3
20210104214007	3
20210104214007	3
20210104214007	3
20210104214008	3
20210104214008	3
20210104214008	3
20210104214008	3
20210104214008	3
20210104214008	3
20210104214008	3
20210104214008	3
20210104214008	3
20210104214008	3
20210104214008	3
20210104214008	3
20210104214008	3
20210104214008	3
20210104214008	3
20210104214008	3
20210104214008	3
20210104214008	3
20210104214008	3
20210104214008	3
20210104214008	3
20210104214008	3
20210104214008	3
20210104214008	3
20210104214008	3
20210104214008	3
20210104214008	3
20210104214008	3
20210104214008	3
20210104214008	3
20210104214008	3
20210104214008	3
20210104214008	3
20210104214008	3
20210104214008	3
20210104214008	3
20210104214008	3
20210104214008	3
20210104214008	3
20210104214008	3
20210104214008	3
20210104214009	3
20210104214009	3
20210104214009	3
20210104214009	3
20210104214009	3
20210104214009	3
20210104214009	3
20210104214009	3
20210104214009	3
20210104214009	3
20210104214009	3
20210104214009	3
20210104214009	3
20210104214009	3
20210104214009	3
20210104214009	3
20210104214009	3
20210104214009	3
20210104214009	3
20210104214009	3
20210104214009	3
20210104214009	3
20210104214009	3
20210104214009	3
20210104214009	3
20210104214009	3
20210104214009	3
20210104214009	3
20210104214009	3
20210104214009	3
20210104214009	3
20210104214009	3
20210104214009	3
20210104214009	3
20210104214009	3
20210104214009	3
20210104214009	3
20210104214009	3
20210104214009	3
20210104214009	3
20210104214009	3
20210104214009	3
20210104214009	3
20210104214009	3
20210104214009	3
20210104214009	3
20210104214009	3
20210104214009	3
20210104214009	3
20210104214010	3
20210104214010	3
20210104214010	3
20210104214010	3
20210104214010	3
20210104214010	3
20210104214010	3
20210104214010	3
20210104214010	3
20210104214010	3
20210104214010	3
