20210115193426	100
20210115193426	100
20210115193426	100
20210115193426	100
20210115193426	100
20210115193426	100
20210115193426	100
20210115193426	100
20210115193426	100
20210115193426	100
20210115193426	100
20210115193426	100
20210115193426	100
20210115193426	100
20210115193426	100
20210115193426	100
20210115193426	100
20210115193426	100
20210115193426	100
20210115193426	100
20210115193426	100
20210115193426	100
20210115193426	100
20210115193426	100
20210115193426	100
20210115193426	100
20210115193426	100
20210115193426	100
20210115193426	100
20210115193426	100
20210115193427	100
20210115193427	100
20210115193427	100
20210115193427	100
20210115193427	100
20210115193427	100
20210115193427	100
20210115193427	100
20210115193427	100
20210115193427	100
20210115193427	100
20210115193427	100
20210115193427	100
20210115193427	100
20210115193427	100
20210115193427	100
20210115193427	100
20210115193427	100
20210115193427	100
20210115193427	100
20210115193427	100
20210115193427	100
20210115193427	100
20210115193427	100
20210115193427	100
20210115193427	100
20210115193427	100
20210115193427	100
20210115193427	100
20210115193427	100
20210115193427	100
20210115193427	100
20210115193427	100
20210115193427	100
20210115193427	100
20210115193427	100
20210115193427	100
20210115193427	100
20210115193427	100
20210115193427	100
20210115193427	100
20210115193427	100
20210115193427	100
20210115193427	100
20210115193427	100
20210115193427	100
20210115193427	100
20210115193427	100
20210115193427	100
20210115193427	100
20210115193427	100
20210115193427	100
20210115193427	100
20210115193427	100
20210115193427	100
20210115193427	100
20210115193427	100
20210115193427	100
20210115193427	100
20210115193427	100
20210115193427	100
20210115193428	100
20210115193428	100
20210115193428	100
20210115193428	100
20210115193428	100
20210115193428	100
20210115193428	100
20210115193428	100
20210115193428	100
20210115193428	100
20210115193428	100
20210115193428	100
20210115193428	100
20210115193428	100
20210115193428	100
20210115193428	100
20210115193428	100
20210115193428	100
20210115193428	100
20210115193428	100
20210115193428	100
20210115193428	100
20210115193428	100
20210115193428	100
20210115193428	100
20210115193428	100
20210115193428	100
20210115193428	100
20210115193428	100
20210115193428	100
20210115193428	100
20210115193428	100
20210115193428	100
20210115193428	100
20210115193428	100
20210115193428	100
20210115193428	100
20210115193428	100
20210115193428	100
20210115193428	100
20210115193428	100
20210115193428	100
20210115193428	100
20210115193428	100
20210115193428	100
20210115193428	100
20210115193428	100
20210115193428	100
20210115193428	100
20210115193428	100
20210115193428	100
20210115193428	100
20210115193428	100
20210115193428	100
20210115193428	100
20210115193428	100
20210115193428	100
20210115193429	100
20210115193429	100
20210115193429	100
20210115193429	100
20210115193429	100
20210115193429	100
20210115193429	100
20210115193429	100
20210115193429	100
20210115193429	100
20210115193429	100
20210115193429	100
20210115193429	100
20210115193429	100
20210115193429	100
20210115193429	100
20210115193429	100
20210115193429	100
20210115193429	100
20210115193429	100
20210115193429	100
20210115193429	100
20210115193429	100
20210115193429	100
20210115193429	100
20210115193429	100
20210115193429	100
20210115193429	100
20210115193429	100
20210115193429	100
20210115193429	100
20210115193429	100
20210115193429	100
20210115193429	100
20210115193429	100
20210115193429	100
20210115193429	100
20210115193429	100
20210115193429	100
20210115193430	100
20210115193430	100
20210115193430	100
20210115193430	100
20210115193430	100
20210115193430	100
20210115193430	100
20210115193430	100
20210115193430	100
20210115193430	100
20210115193430	100
20210115193430	100
20210115193430	100
20210115193430	100
20210115193430	100
20210115193430	100
20210115193430	100
20210115193430	100
20210115193430	100
20210115193430	100
20210115193430	100
20210115193430	100
20210115193430	100
20210115193430	100
20210115193430	100
20210115193430	100
20210115193430	100
20210115193430	100
20210115193430	100
20210115193430	100
20210115193430	100
20210115193430	100
20210115193430	100
20210115193430	100
20210115193430	100
20210115193430	100
20210115193430	100
20210115193430	100
20210115193430	100
20210115193430	100
20210115193430	100
20210115193430	100
20210115193430	100
20210115193430	100
20210115193430	100
20210115193430	100
20210115193430	100
20210115193430	100
20210115193431	100
20210115193431	100
20210115193431	100
20210115193431	100
20210115193431	100
20210115193431	100
20210115193431	100
20210115193431	100
20210115193431	100
20210115193431	100
20210115193431	100
20210115193431	100
20210115193431	100
20210115193431	100
20210115193431	100
20210115193431	100
20210115193431	100
20210115193431	100
20210115193431	100
20210115193431	100
20210115193431	100
20210115193431	100
20210115193431	100
20210115193431	100
20210115193431	100
20210115193432	100
20210115193432	100
20210115193432	100
20210115193432	100
20210115193432	100
20210115193432	100
20210115193432	100
20210115193432	100
20210115193432	100
20210115193432	100
20210115193432	100
20210115193432	100
20210115193432	100
20210115193432	100
20210115193432	100
20210115193432	100
20210115193432	100
20210115193432	100
20210115193432	100
20210115193432	100
20210115193432	100
20210115193432	100
20210115193432	100
20210115193432	100
20210115193432	100
20210115193432	100
20210115193432	100
20210115193432	100
20210115193432	100
20210115193432	100
20210115193433	100
20210115193433	100
20210115193433	100
20210115193433	100
20210115193433	100
20210115193433	100
20210115193433	100
20210115193433	100
20210115193433	100
20210115193433	100
20210115193433	100
20210115193433	100
20210115193433	100
20210115193433	100
20210115193433	100
20210115193433	100
20210115193433	100
20210115193433	100
20210115193433	100
20210115193433	100
20210115193433	100
20210115193433	100
20210115193433	100
20210115193433	100
20210115193433	100
20210115193433	100
20210115193433	100
20210115193433	100
20210115193433	100
20210115193433	100
20210115193433	100
20210115193433	100
20210115193433	100
20210115193433	100
20210115193433	100
20210115193433	100
20210115193433	100
20210115193433	100
20210115193433	100
20210115193433	100
20210115193433	100
20210115193433	100
20210115193433	100
20210115193433	100
20210115193433	100
20210115193433	100
20210115193433	100
20210115193433	100
20210115193433	100
20210115193433	100
20210115193433	100
20210115193433	100
20210115193433	100
20210115193433	100
20210115193433	100
20210115193433	100
20210115193433	100
20210115193434	100
20210115193434	100
20210115193434	100
20210115193434	100
20210115193434	100
20210115193434	100
20210115193434	100
20210115193434	100
20210115193434	100
20210115193434	100
20210115193434	100
20210115193434	100
20210115193434	100
20210115193434	100
20210115193434	100
20210115193434	100
20210115193434	100
20210115193434	100
20210115193434	100
20210115193434	100
20210115193434	100
20210115193434	100
20210115193434	100
20210115193434	100
20210115193434	100
20210115193434	100
20210115193434	100
20210115193434	100
20210115193434	100
20210115193434	100
20210115193434	100
20210115193434	100
20210115193434	100
20210115193434	100
20210115193434	100
20210115193434	100
20210115193434	100
20210115193434	100
20210115193434	100
20210115193434	100
20210115193434	100
20210115193434	100
20210115193434	100
20210115193435	100
20210115193435	100
20210115193435	100
20210115193435	100
20210115193435	100
20210115193435	100
20210115193435	100
20210115193435	100
20210115193435	100
20210115193435	100
20210115193435	100
20210115193435	100
20210115193435	100
20210115193435	100
20210115193435	100
20210115193435	100
20210115193435	100
20210115193435	100
20210115193435	100
20210115193435	100
20210115193435	100
20210115193435	100
20210115193435	100
20210115193435	100
20210115193435	100
20210115193435	100
20210115193435	100
20210115193435	100
20210115193435	100
20210115193435	100
20210115193435	100
20210115193435	100
20210115193435	100
20210115193435	100
20210115193435	100
20210115193435	100
20210115193435	100
20210115193435	100
20210115193435	100
20210115193435	100
20210115193435	100
20210115193436	100
20210115193436	100
20210115193436	100
20210115193436	100
20210115193436	100
20210115193436	100
20210115193436	100
20210115193436	100
20210115193436	100
20210115193436	100
20210115193436	100
20210115193436	100
20210115193436	100
20210115193436	100
20210115193436	100
20210115193436	100
20210115193436	100
20210115193436	100
20210115193436	100
20210115193436	100
20210115193436	100
20210115193436	100
20210115193436	100
20210115193436	100
20210115193436	100
20210115193436	100
20210115193436	100
20210115193436	100
20210115193436	100
20210115193436	100
20210115193436	100
20210115193436	100
20210115193436	100
20210115193436	100
20210115193436	100
20210115193436	100
20210115193436	100
20210115193437	100
20210115193437	100
20210115193437	100
20210115193437	100
20210115193437	100
20210115193437	100
20210115193437	100
20210115193437	100
20210115193437	100
20210115193437	100
20210115193437	100
20210115193437	100
20210115193437	100
20210115193437	100
20210115193437	100
20210115193437	100
20210115193437	100
20210115193437	100
20210115193437	100
20210115193437	100
20210115193437	100
20210115193437	100
20210115193437	100
20210115193437	100
20210115193437	100
20210115193437	100
20210115193437	100
20210115193437	100
20210115193437	100
20210115193437	100
20210115193438	100
20210115193438	100
20210115193438	100
20210115193438	100
20210115193438	100
20210115193438	100
20210115193438	100
20210115193438	100
20210115193438	100
20210115193438	100
20210115193438	100
20210115193438	100
20210115193438	100
20210115193438	100
20210115193438	100
20210115193438	100
20210115193438	100
20210115193438	100
20210115193438	100
20210115193438	100
20210115193438	100
20210115193438	100
20210115193438	100
20210115193438	100
20210115193438	100
20210115193438	100
20210115193438	100
20210115193438	100
20210115193438	100
20210115193438	100
20210115193438	100
20210115193438	100
20210115193438	100
20210115193438	100
20210115193438	100
20210115193438	100
20210115193438	100
20210115193438	100
20210115193438	100
20210115193438	100
20210115193438	100
20210115193438	100
20210115193438	100
20210115193438	100
20210115193439	100
20210115193439	100
20210115193439	100
20210115193439	100
20210115193439	100
20210115193439	100
20210115193439	100
20210115193439	100
20210115193439	100
20210115193439	100
20210115193439	100
20210115193439	100
20210115193439	100
20210115193439	100
20210115193439	100
20210115193439	100
20210115193439	100
20210115193439	100
20210115193439	100
20210115193439	100
20210115193439	100
20210115193439	100
20210115193439	100
20210115193439	100
20210115193439	100
20210115193440	100
20210115193440	100
20210115193440	100
20210115193440	100
20210115193440	100
20210115193440	100
20210115193440	100
20210115193440	100
20210115193440	100
20210115193440	100
20210115193440	100
20210115193440	100
20210115193440	100
20210115193440	100
20210115193440	100
20210115193440	100
20210115193440	100
20210115193440	100
20210115193440	100
20210115193440	100
20210115193440	100
20210115193440	100
20210115193440	100
20210115193440	100
20210115193440	100
20210115193440	100
20210115193440	100
20210115193440	100
20210115193440	100
20210115193440	100
20210115193441	100
20210115193441	100
20210115193441	100
20210115193441	100
20210115193441	100
20210115193441	100
20210115193441	100
20210115193441	100
20210115193441	100
20210115193441	100
20210115193441	100
20210115193441	100
20210115193441	100
20210115193441	100
20210115193441	100
20210115193441	100
20210115193441	100
20210115193441	100
20210115193441	100
20210115193441	100
20210115193441	100
20210115193441	100
20210115193441	100
20210115193441	100
20210115193441	100
20210115193441	100
20210115193441	100
20210115193441	100
20210115193441	100
20210115193441	100
20210115193442	100
20210115193442	100
20210115193442	100
20210115193442	100
20210115193442	100
20210115193442	100
20210115193442	100
20210115193442	100
20210115193442	100
20210115193442	100
20210115193442	100
20210115193442	100
20210115193442	100
20210115193442	100
20210115193442	100
20210115193442	100
20210115193442	100
20210115193442	100
20210115193442	100
20210115193442	100
20210115193442	100
20210115193442	100
20210115193442	100
20210115193442	100
20210115193442	100
20210115193442	100
20210115193443	100
20210115193443	100
20210115193443	100
20210115193443	100
20210115193443	100
20210115193443	100
20210115193443	100
20210115193443	100
20210115193443	100
20210115193443	100
20210115193443	100
20210115193443	100
20210115193443	100
20210115193443	100
20210115193443	100
20210115193443	100
20210115193443	100
20210115193443	100
20210115193443	100
20210115193443	100
20210115193443	100
20210115193443	100
20210115193443	100
20210115193444	100
20210115193444	100
20210115193444	100
20210115193444	100
20210115193444	100
20210115193444	100
20210115193444	100
20210115193444	100
20210115193444	100
20210115193444	100
20210115193444	100
20210115193444	100
20210115193444	100
20210115193444	100
20210115193444	100
20210115193444	100
20210115193444	100
20210115193444	100
20210115193444	100
20210115193444	100
20210115193444	100
20210115193444	100
20210115193444	100
20210115193444	100
20210115193444	100
20210115193444	100
20210115193444	100
20210115193444	100
20210115193445	100
20210115193445	100
20210115193445	100
20210115193445	100
20210115193445	100
20210115193445	100
20210115193445	100
20210115193445	100
20210115193445	100
20210115193445	100
20210115193445	100
20210115193445	100
20210115193445	100
20210115193445	100
20210115193445	100
20210115193445	100
20210115193445	100
20210115193445	100
20210115193445	100
20210115193445	100
20210115193445	100
20210115193445	100
20210115193445	100
20210115193446	100
20210115193446	100
20210115193446	100
20210115193446	100
20210115193446	100
20210115193446	100
20210115193446	100
20210115193446	100
20210115193446	100
20210115193446	100
20210115193446	100
20210115193446	100
20210115193446	100
20210115193446	100
20210115193446	100
20210115193446	100
20210115193446	100
20210115193446	100
20210115193446	100
20210115193446	100
20210115193446	100
20210115193446	100
20210115193446	100
20210115193446	100
20210115193446	100
20210115193446	100
20210115193446	100
20210115193446	100
20210115193446	100
20210115193446	100
20210115193446	100
20210115193446	100
20210115193446	100
20210115193446	100
20210115193446	100
20210115193446	100
20210115193446	100
20210115193446	100
20210115193447	100
20210115193447	100
20210115193447	100
20210115193447	100
20210115193447	100
20210115193447	100
20210115193447	100
20210115193447	100
20210115193447	100
20210115193447	100
20210115193447	100
20210115193447	100
20210115193447	100
20210115193447	100
20210115193447	100
20210115193447	100
20210115193447	100
20210115193447	100
20210115193447	100
20210115193447	100
20210115193447	100
20210115193447	100
20210115193447	100
20210115193447	100
20210115193447	100
20210115193447	100
20210115193447	100
20210115193447	100
20210115193447	100
20210115193447	100
20210115193447	100
20210115193447	100
20210115193448	100
20210115193448	100
20210115193448	100
20210115193448	100
20210115193448	100
20210115193448	100
20210115193448	100
20210115193448	100
20210115193448	100
20210115193448	100
20210115193448	100
20210115193448	100
20210115193448	100
20210115193448	100
20210115193448	100
20210115193448	100
20210115193448	100
20210115193448	100
20210115193448	100
20210115193448	100
20210115193448	100
20210115193448	100
20210115193448	100
20210115193448	100
20210115193448	100
20210115193448	100
20210115193448	100
20210115193448	100
20210115193448	100
20210115193448	100
20210115193448	100
20210115193448	100
20210115193448	100
20210115193448	100
20210115193448	100
20210115193448	100
20210115193448	100
20210115193448	100
20210115193448	100
20210115193448	100
20210115193448	100
20210115193448	100
20210115193448	100
20210115193449	100
20210115193449	100
20210115193449	100
20210115193449	100
20210115193449	100
20210115193449	100
20210115193449	100
20210115193449	100
20210115193449	100
20210115193449	100
20210115193449	100
20210115193449	100
20210115193449	100
20210115193449	100
20210115193449	100
20210115193449	100
20210115193449	100
20210115193449	100
20210115193449	100
20210115193449	100
20210115193449	100
20210115193449	100
20210115193449	100
20210115193449	100
20210115193449	100
20210115193449	100
20210115193449	100
20210115193449	100
20210115193449	100
20210115193449	100
20210115193449	100
20210115193449	100
20210115193449	100
20210115193449	100
20210115193449	100
20210115193449	100
20210115193449	100
20210115193449	100
20210115193449	100
20210115193450	100
20210115193450	100
20210115193450	100
20210115193450	100
20210115193450	100
20210115193450	100
20210115193450	100
20210115193450	100
20210115193450	100
20210115193450	100
20210115193450	100
20210115193450	100
20210115193450	100
20210115193450	100
20210115193450	100
20210115193450	100
20210115193450	100
20210115193450	100
20210115193450	100
20210115193450	100
20210115193450	100
20210115193450	100
20210115193450	100
20210115193450	100
20210115193450	100
20210115193450	100
20210115193450	100
20210115193450	100
20210115193450	100
20210115193450	100
20210115193450	100
20210115193450	100
20210115193450	100
20210115193450	100
20210115193450	100
20210115193450	100
20210115193450	100
20210115193450	100
20210115193450	100
20210115193450	100
20210115193450	100
20210115193450	100
20210115193451	100
20210115193451	100
20210115193451	100
20210115193451	100
20210115193451	100
20210115193451	100
20210115193451	100
20210115193451	100
20210115193451	100
20210115193451	100
20210115193451	100
20210115193451	100
20210115193451	100
20210115193451	100
20210115193451	100
20210115193451	100
20210115193451	100
20210115193451	100
20210115193451	100
20210115193451	100
20210115193451	100
20210115193451	100
20210115193451	100
20210115193451	100
20210115193451	100
20210115193451	100
20210115193451	100
20210115193451	100
20210115193451	100
20210115193451	100
20210115193451	100
20210115193451	100
20210115193451	100
20210115193451	100
20210115193451	100
20210115193451	100
20210115193451	100
20210115193451	100
20210115193451	100
20210115193451	100
20210115193451	100
20210115193451	100
20210115193451	100
20210115193451	100
20210115193452	100
20210115193452	100
20210115193452	100
20210115193452	100
20210115193452	100
20210115193452	100
20210115193452	100
20210115193452	100
20210115193452	100
20210115193452	100
20210115193452	100
20210115193452	100
20210115193452	100
20210115193452	100
20210115193452	100
20210115193452	100
20210115193452	100
20210115193452	100
20210115193452	100
20210115193452	100
20210115193452	100
20210115193452	100
20210115193452	100
20210115193452	100
20210115193452	100
20210115193452	100
20210115193452	100
20210115193452	100
20210115193453	100
20210115193453	100
20210115193453	100
20210115193453	100
20210115193453	100
20210115193453	100
20210115193453	100
20210115193453	100
20210115193453	100
20210115193453	100
20210115193453	100
20210115193453	100
20210115193453	100
20210115193453	100
20210115193453	100
20210115193453	100
20210115193453	100
20210115193453	100
20210115193453	100
20210115193453	100
20210115193453	100
20210115193453	100
20210115193453	100
20210115193453	100
20210115193453	100
20210115193453	100
20210115193453	100
20210115193453	100
20210115193453	100
20210115193453	100
20210115193453	100
20210115193453	100
20210115193453	100
20210115193453	100
20210115193453	100
20210115193453	100
20210115193453	100
20210115193453	100
20210115193453	100
20210115193453	100
20210115193453	100
20210115193453	100
20210115193453	100
20210115193453	100
20210115193453	100
20210115193453	100
20210115193453	100
20210115193453	100
20210115193453	100
20210115193453	100
20210115193454	100
20210115193454	100
20210115193454	100
20210115193454	100
20210115193454	100
20210115193454	100
20210115193454	100
20210115193454	100
20210115193454	100
20210115193454	100
20210115193454	100
20210115193454	100
20210115193454	100
20210115193454	100
20210115193454	100
20210115193454	100
20210115193454	100
20210115193454	100
20210115193454	100
20210115193454	100
20210115193454	100
20210115193454	100
20210115193454	100
20210115193454	100
20210115193454	100
20210115193454	100
20210115193454	100
20210115193454	100
20210115193454	100
20210115193454	100
20210115193454	100
20210115193454	100
20210115193454	100
20210115193454	100
20210115193454	100
20210115193454	100
20210115193454	100
20210115193454	100
20210115193454	100
20210115193454	100
20210115193454	100
20210115193454	100
20210115193455	100
20210115193455	100
20210115193455	100
20210115193455	100
20210115193455	100
20210115193455	100
20210115193455	100
20210115193455	100
20210115193455	100
20210115193455	100
20210115193455	100
20210115193455	100
20210115193455	100
20210115193455	100
20210115193455	100
20210115193455	100
20210115193455	100
20210115193455	100
20210115193455	100
20210115193455	100
20210115193455	100
20210115193455	100
20210115193455	100
20210115193455	100
20210115193455	100
20210115193455	100
20210115193455	100
20210115193455	100
20210115193455	100
20210115193456	100
20210115193456	100
20210115193456	100
20210115193456	100
20210115193456	100
20210115193456	100
20210115193456	100
20210115193456	100
20210115193456	100
20210115193456	100
20210115193456	100
20210115193456	100
20210115193456	100
20210115193456	100
20210115193456	100
20210115193456	100
20210115193456	100
20210115193456	100
20210115193456	100
20210115193456	100
20210115193456	100
20210115193456	100
20210115193456	100
20210115193456	100
20210115193456	100
20210115193456	100
20210115193456	100
20210115193456	100
20210115193456	100
20210115193456	100
20210115193456	100
20210115193456	100
20210115193456	100
20210115193456	100
20210115193456	100
20210115193456	100
20210115193456	100
20210115193456	100
20210115193456	100
20210115193456	100
20210115193456	100
20210115193456	100
20210115193456	100
20210115193456	100
20210115193456	100
20210115193457	100
20210115193457	100
20210115193457	100
20210115193457	100
20210115193457	100
20210115193457	100
20210115193457	100
20210115193457	100
20210115193457	100
20210115193457	100
20210115193457	100
20210115193457	100
20210115193457	100
20210115193457	100
20210115193457	100
20210115193457	100
20210115193457	100
20210115193457	100
20210115193457	100
20210115193457	100
20210115193457	100
20210115193457	100
20210115193457	100
20210115193457	100
20210115193457	100
20210115193457	100
20210115193457	100
20210115193457	100
20210115193458	100
20210115193458	100
20210115193458	100
20210115193458	100
20210115193458	100
20210115193458	100
20210115193458	100
20210115193458	100
20210115193458	100
20210115193458	100
20210115193458	100
20210115193458	100
20210115193458	100
20210115193458	100
20210115193458	100
20210115193458	100
20210115193458	100
20210115193458	100
20210115193458	100
20210115193458	100
20210115193458	100
20210115193458	100
20210115193459	100
20210115193459	100
20210115193459	100
20210115193459	100
20210115193459	100
20210115193459	100
20210115193459	100
20210115193459	100
20210115193459	100
20210115193459	100
20210115193459	100
20210115193459	100
20210115193459	100
20210115193459	100
20210115193459	100
20210115193459	100
20210115193459	100
20210115193459	100
20210115193459	100
20210115193459	100
20210115193459	100
20210115193459	100
20210115193459	100
20210115193459	100
20210115193459	100
20210115193459	100
20210115193459	100
20210115193459	100
20210115193459	100
20210115193459	100
20210115193500	100
20210115193500	100
20210115193500	100
20210115193500	100
20210115193500	100
20210115193500	100
20210115193500	100
20210115193500	100
20210115193500	100
20210115193500	100
20210115193500	100
20210115193500	100
20210115193500	100
20210115193500	100
20210115193500	100
20210115193500	100
20210115193500	100
20210115193500	100
20210115193500	100
20210115193500	100
20210115193500	100
20210115193500	100
20210115193500	100
20210115193500	100
20210115193500	100
20210115193500	100
20210115193500	100
20210115193500	100
20210115193500	100
20210115193500	100
20210115193500	100
20210115193500	100
20210115193500	100
20210115193500	100
20210115193500	100
20210115193500	100
20210115193500	100
20210115193500	100
20210115193500	100
20210115193500	100
20210115193500	100
20210115193500	100
20210115193500	100
20210115193500	100
20210115193501	100
20210115193501	100
20210115193501	100
20210115193501	100
20210115193501	100
20210115193501	100
20210115193501	100
20210115193501	100
20210115193501	100
20210115193501	100
20210115193501	100
20210115193501	100
20210115193501	100
20210115193501	100
20210115193501	100
20210115193501	100
20210115193501	100
20210115193501	100
20210115193501	100
20210115193501	100
20210115193501	100
20210115193501	100
20210115193501	100
20210115193501	100
20210115193501	100
20210115193501	100
20210115193501	100
20210115193501	100
20210115193501	100
20210115193501	100
20210115193501	100
20210115193501	100
20210115193501	100
20210115193501	100
20210115193501	100
20210115193501	100
20210115193501	100
20210115193501	100
20210115193501	100
20210115193501	100
20210115193501	100
20210115193501	100
20210115193501	100
20210115193501	100
20210115193501	100
20210115193501	100
20210115193501	100
20210115193501	100
20210115193501	100
20210115193501	100
20210115193501	100
20210115193501	100
20210115193501	100
20210115193501	100
20210115193501	100
20210115193501	100
20210115193502	100
20210115193502	100
20210115193502	100
20210115193502	100
20210115193502	100
20210115193502	100
20210115193502	100
20210115193502	100
20210115193502	100
20210115193502	100
20210115193502	100
20210115193502	100
20210115193502	100
20210115193502	100
20210115193502	100
20210115193502	100
20210115193502	100
20210115193502	100
20210115193502	100
20210115193502	100
20210115193502	100
20210115193502	100
