20210106155536	29.0719
20210106155536	29.0719
20210106155536	29.0719
20210106155536	29.0719
20210106155536	29.0719
20210106155536	29.0719
20210106155536	29.0719
20210106155536	29.0719
20210106155536	29.0719
20210106155536	29.0719
20210106155536	29.0719
20210106155536	29.0719
20210106155536	29.0719
20210106155536	29.0719
20210106155536	29.0719
20210106155536	29.0719
20210106155536	29.0719
20210106155536	29.0719
20210106155536	29.0719
20210106155536	29.0719
20210106155536	29.0719
20210106155536	29.0719
20210106155537	29.0719
20210106155537	29.0719
20210106155537	29.0719
20210106155537	29.0719
20210106155537	29.0719
20210106155537	29.0719
20210106155537	29.0719
20210106155537	29.0719
20210106155537	29.0719
20210106155537	29.0719
20210106155537	29.0719
20210106155537	29.0719
20210106155537	29.0719
20210106155537	29.0719
20210106155537	29.0719
20210106155537	29.0719
20210106155537	29.0719
20210106155537	29.0719
20210106155537	29.0719
20210106155537	29.0719
20210106155537	29.0719
20210106155537	29.0719
20210106155537	29.0719
20210106155537	29.0719
20210106155537	29.0719
20210106155537	29.2669
20210106155537	29.2669
20210106155537	29.2669
20210106155537	29.2669
20210106155537	29.2669
20210106155538	29.2669
20210106155538	29.2669
20210106155538	29.2669
20210106155538	29.2669
20210106155538	29.2669
20210106155538	29.2669
20210106155538	29.2669
20210106155538	29.2669
20210106155538	29.2669
20210106155538	29.2669
20210106155538	29.2669
20210106155538	29.2669
20210106155538	29.2669
20210106155538	29.2669
20210106155538	29.2669
20210106155538	29.2669
20210106155538	29.2669
20210106155538	29.2669
20210106155538	29.2669
20210106155538	29.2669
20210106155538	29.2669
20210106155538	29.2669
20210106155538	29.2669
20210106155538	29.2669
20210106155538	29.2669
20210106155538	29.2669
20210106155538	29.2669
20210106155538	29.2669
20210106155538	29.2669
20210106155538	29.2669
20210106155538	29.2669
20210106155538	29.2669
20210106155538	29.2669
20210106155538	29.2669
20210106155538	29.2669
20210106155538	29.2669
20210106155538	29.2669
20210106155538	29.2669
20210106155538	29.2669
20210106155538	29.2669
20210106155538	29.2669
20210106155538	29.2669
20210106155538	29.2669
20210106155538	29.2669
20210106155538	29.2669
20210106155538	29.2669
20210106155538	29.5451
20210106155538	29.5451
20210106155538	29.5451
20210106155538	29.5451
20210106155538	29.5451
20210106155538	29.5451
20210106155539	29.5451
20210106155539	29.5451
20210106155539	29.5451
20210106155539	29.5451
20210106155539	29.5451
20210106155539	29.5451
20210106155539	29.5451
20210106155539	29.5451
20210106155539	29.5451
20210106155539	29.5451
20210106155539	29.5451
20210106155539	29.5451
20210106155539	29.5451
20210106155539	29.5451
20210106155539	29.5451
20210106155539	29.5451
20210106155539	29.5451
20210106155539	29.5451
20210106155539	29.5451
20210106155539	29.5451
20210106155539	29.5451
20210106155539	29.5451
20210106155539	29.5451
20210106155539	29.5451
20210106155539	29.5451
20210106155539	29.5451
20210106155539	29.5451
20210106155539	29.5451
20210106155539	29.5451
20210106155539	29.5451
20210106155539	29.5451
20210106155539	29.5451
20210106155539	29.5451
20210106155539	29.5451
20210106155539	29.5451
20210106155539	29.5451
20210106155539	29.5451
20210106155539	29.5451
20210106155539	29.5451
20210106155539	29.5451
20210106155539	29.5451
20210106155539	29.5451
20210106155539	29.5451
20210106155539	29.5451
20210106155539	29.9864
20210106155539	29.9864
20210106155539	29.9864
20210106155539	29.9864
20210106155539	29.9864
20210106155539	29.9864
20210106155539	29.9864
20210106155539	29.9864
20210106155539	29.9864
20210106155539	29.9864
20210106155539	29.9864
20210106155539	29.9864
20210106155540	29.9864
20210106155540	29.9864
20210106155540	29.9864
20210106155540	29.9864
20210106155540	29.9864
20210106155540	29.9864
20210106155540	29.9864
20210106155540	29.9864
20210106155540	29.9864
20210106155540	29.9864
20210106155540	29.9864
20210106155540	29.9864
20210106155540	29.9864
20210106155540	29.9864
20210106155540	29.9864
20210106155540	29.9864
20210106155540	29.9864
20210106155540	29.9864
20210106155540	29.9864
20210106155540	29.9864
20210106155540	29.9864
20210106155540	29.9864
20210106155540	29.9864
20210106155540	29.9864
20210106155540	29.9864
20210106155540	29.9864
20210106155540	29.9864
20210106155540	29.9864
20210106155540	29.9864
20210106155540	29.9864
20210106155540	29.9864
20210106155540	29.9864
20210106155540	29.9864
20210106155540	29.9864
20210106155540	29.9864
20210106155540	29.9864
20210106155540	29.9864
20210106155540	29.9864
20210106155540	30.4798
20210106155540	30.4798
20210106155540	30.4798
20210106155540	30.4798
20210106155540	30.4798
20210106155540	30.4798
20210106155540	30.4798
20210106155540	30.4798
20210106155540	30.4798
20210106155540	30.4798
20210106155540	30.4798
20210106155540	30.4798
20210106155541	30.4798
20210106155541	30.4798
20210106155541	30.4798
20210106155541	30.4798
20210106155541	30.4798
20210106155541	30.4798
20210106155541	30.4798
20210106155541	30.4798
20210106155541	30.4798
20210106155541	30.4798
20210106155541	30.4798
20210106155541	30.4798
20210106155541	30.4798
20210106155541	30.4798
20210106155541	30.4798
20210106155541	30.4798
20210106155541	30.4798
20210106155541	30.4798
20210106155541	30.4798
20210106155541	30.4798
20210106155541	30.4798
20210106155541	30.4798
20210106155541	30.4798
20210106155541	30.4798
20210106155541	30.4798
20210106155541	30.4798
20210106155541	30.4798
20210106155541	30.4798
20210106155541	30.4798
20210106155541	30.4798
20210106155541	30.4798
20210106155541	30.4798
20210106155541	30.4798
20210106155541	30.4798
20210106155541	30.4798
20210106155541	30.4798
20210106155541	30.4798
20210106155541	30.4798
20210106155541	30.8975
20210106155541	30.8975
20210106155541	30.8975
20210106155541	30.8975
20210106155541	30.8975
20210106155541	30.8975
20210106155541	30.8975
20210106155542	30.8975
20210106155542	30.8975
20210106155542	30.8975
20210106155542	30.8975
20210106155542	30.8975
20210106155542	30.8975
20210106155542	30.8975
20210106155542	30.8975
20210106155542	30.8975
20210106155542	30.8975
20210106155542	30.8975
20210106155542	30.8975
20210106155542	30.8975
20210106155542	30.8975
20210106155542	30.8975
20210106155542	30.8975
20210106155542	30.8975
20210106155542	30.8975
20210106155542	30.8975
20210106155542	30.8975
20210106155542	30.8975
20210106155542	30.8975
20210106155542	30.8975
20210106155542	30.8975
20210106155542	30.8975
20210106155542	30.8975
20210106155542	30.8975
20210106155542	30.8975
20210106155542	30.8975
20210106155542	30.8975
20210106155542	30.8975
20210106155542	30.8975
20210106155542	30.8975
20210106155542	30.8975
20210106155542	30.8975
20210106155542	30.8975
20210106155542	30.8975
20210106155542	30.8975
20210106155542	30.8975
20210106155542	30.8975
20210106155542	30.8975
20210106155542	30.8975
20210106155542	30.8975
20210106155542	31.2038
20210106155542	31.2038
20210106155542	31.2038
20210106155542	31.2038
20210106155543	31.2038
20210106155543	31.2038
20210106155543	31.2038
20210106155543	31.2038
20210106155543	31.2038
20210106155543	31.2038
20210106155543	31.2038
20210106155543	31.2038
20210106155543	31.2038
20210106155543	31.2038
20210106155543	31.2038
20210106155543	31.2038
20210106155543	31.2038
20210106155543	31.2038
20210106155543	31.2038
20210106155543	31.2038
20210106155543	31.2038
20210106155543	31.2038
20210106155543	31.2038
20210106155543	31.2038
20210106155543	31.2038
20210106155543	31.2038
20210106155543	31.2038
20210106155543	31.2038
20210106155543	31.2038
20210106155543	31.2038
20210106155543	31.2038
20210106155543	31.2038
20210106155543	31.2038
20210106155543	31.2038
20210106155543	31.2038
20210106155543	31.2038
20210106155543	31.2038
20210106155544	31.2038
20210106155544	31.2038
20210106155544	31.2038
20210106155544	31.2038
20210106155544	31.2038
20210106155544	31.2038
20210106155544	31.2038
20210106155544	31.2038
20210106155544	31.2038
20210106155544	31.2038
20210106155544	31.2038
20210106155544	31.2038
20210106155544	31.2038
20210106155544	31.3793
20210106155544	31.3793
20210106155544	31.3793
20210106155544	31.3793
20210106155544	31.3793
20210106155544	31.3793
20210106155544	31.3793
20210106155544	31.3793
20210106155544	31.3793
20210106155544	31.3793
20210106155544	31.3793
20210106155544	31.3793
20210106155544	31.3793
20210106155544	31.3793
20210106155544	31.3793
20210106155544	31.3793
20210106155544	31.3793
20210106155544	31.3793
20210106155544	31.3793
20210106155544	31.3793
20210106155544	31.3793
20210106155544	31.3793
20210106155544	31.3793
20210106155544	31.3793
20210106155545	31.3793
20210106155545	31.3793
20210106155545	31.3793
20210106155545	31.3793
20210106155545	31.3793
20210106155545	31.3793
20210106155545	31.3793
20210106155545	31.3793
20210106155545	31.3793
20210106155545	31.3793
20210106155545	31.3793
20210106155545	31.3793
20210106155545	31.3793
20210106155545	31.3793
20210106155545	31.3793
20210106155545	31.3793
20210106155545	31.3793
20210106155545	31.3793
20210106155545	31.3793
20210106155545	31.3793
20210106155545	31.3793
20210106155545	31.3793
20210106155545	31.3793
20210106155545	31.3793
20210106155545	31.3793
20210106155545	31.3793
20210106155545	31.4294
20210106155545	31.4294
20210106155545	31.4294
20210106155545	31.4294
20210106155545	31.4294
20210106155545	31.4294
20210106155545	31.4294
20210106155545	31.4294
20210106155545	31.4294
20210106155545	31.4294
20210106155545	31.4294
20210106155545	31.4294
20210106155545	31.4294
20210106155545	31.4294
20210106155545	31.4294
20210106155545	31.4294
20210106155545	31.4294
20210106155545	31.4294
20210106155545	31.4294
20210106155545	31.4294
20210106155545	31.4294
20210106155545	31.4294
20210106155545	31.4294
20210106155545	31.4294
20210106155545	31.4294
20210106155545	31.4294
20210106155545	31.4294
20210106155545	31.4294
20210106155545	31.4294
20210106155545	31.4294
20210106155545	31.4294
20210106155545	31.4294
20210106155545	31.4294
20210106155545	31.4294
20210106155545	31.4294
20210106155545	31.4294
20210106155545	31.4294
20210106155545	31.4294
20210106155545	31.4294
20210106155545	31.4294
20210106155545	31.4294
20210106155546	31.4294
20210106155546	31.4294
20210106155546	31.4294
20210106155546	31.4294
20210106155546	31.4294
20210106155546	31.4294
20210106155546	31.4294
20210106155546	31.4294
20210106155546	31.4294
20210106155546	31.3833
20210106155546	31.3833
20210106155546	31.3833
20210106155546	31.3833
20210106155546	31.3833
20210106155546	31.3833
20210106155546	31.3833
20210106155546	31.3833
20210106155546	31.3833
20210106155546	31.3833
20210106155546	31.3833
20210106155546	31.3833
20210106155546	31.3833
20210106155546	31.3833
20210106155546	31.3833
20210106155546	31.3833
20210106155546	31.3833
20210106155546	31.3833
20210106155546	31.3833
20210106155546	31.3833
20210106155546	31.3833
20210106155546	31.3833
20210106155546	31.3833
20210106155546	31.3833
20210106155546	31.3833
20210106155546	31.3833
20210106155546	31.3833
20210106155546	31.3833
20210106155546	31.3833
20210106155546	31.3833
20210106155546	31.3833
20210106155546	31.3833
20210106155546	31.3833
20210106155546	31.3833
20210106155546	31.3833
20210106155546	31.3833
20210106155546	31.3833
20210106155546	31.3833
20210106155546	31.3833
20210106155546	31.3833
20210106155547	31.3833
20210106155547	31.3833
20210106155547	31.3833
20210106155547	31.3833
20210106155547	31.3833
20210106155547	31.3833
20210106155547	31.3833
20210106155547	31.3833
20210106155547	31.3833
20210106155547	31.3833
20210106155547	31.2711
20210106155547	31.2711
20210106155547	31.2711
20210106155547	31.2711
20210106155547	31.2711
20210106155547	31.2711
20210106155547	31.2711
20210106155547	31.2711
20210106155547	31.2711
20210106155547	31.2711
20210106155547	31.2711
20210106155547	31.2711
20210106155547	31.2711
20210106155547	31.2711
20210106155547	31.2711
20210106155547	31.2711
20210106155547	31.2711
20210106155547	31.2711
20210106155547	31.2711
20210106155547	31.2711
20210106155547	31.2711
20210106155547	31.2711
20210106155547	31.2711
20210106155547	31.2711
20210106155547	31.2711
20210106155547	31.2711
20210106155547	31.2711
20210106155547	31.2711
20210106155547	31.2711
20210106155547	31.2711
20210106155548	31.2711
20210106155548	31.2711
20210106155548	31.2711
20210106155548	31.2711
20210106155548	31.2711
20210106155548	31.2711
20210106155548	31.2711
20210106155548	31.2711
20210106155548	31.2711
20210106155548	31.2711
20210106155548	31.2711
20210106155548	31.2711
20210106155548	31.2711
20210106155548	31.2711
20210106155548	31.2711
20210106155548	31.2711
20210106155548	31.2711
20210106155548	31.2711
20210106155548	31.2711
20210106155548	31.2711
20210106155548	31.2711
20210106155548	31.1212
20210106155548	31.1212
20210106155548	31.1212
20210106155548	31.1212
20210106155548	31.1212
20210106155548	31.1212
20210106155548	31.1212
20210106155548	31.1212
20210106155548	31.1212
20210106155548	31.1212
20210106155548	31.1212
20210106155548	31.1212
20210106155548	31.1212
20210106155548	31.1212
20210106155548	31.1212
20210106155548	31.1212
20210106155548	31.1212
20210106155548	31.1212
20210106155548	31.1212
20210106155548	31.1212
20210106155548	31.1212
20210106155548	31.1212
20210106155548	31.1212
20210106155548	31.1212
20210106155548	31.1212
20210106155548	31.1212
20210106155548	31.1212
20210106155548	31.1212
20210106155548	31.1212
20210106155548	31.1212
20210106155549	31.1212
20210106155549	31.1212
20210106155549	31.1212
20210106155549	31.1212
20210106155549	31.1212
20210106155549	31.1212
20210106155549	31.1212
20210106155549	31.1212
20210106155549	31.1212
20210106155549	31.1212
20210106155549	31.1212
20210106155549	31.1212
20210106155549	31.1212
20210106155549	31.1212
20210106155549	31.1212
20210106155549	31.1212
20210106155549	31.1212
20210106155549	31.1212
20210106155549	31.1212
20210106155549	30.9695
20210106155549	30.9695
20210106155549	30.9695
20210106155549	30.9695
20210106155549	30.9695
20210106155549	30.9695
20210106155549	30.9695
20210106155549	30.9695
20210106155549	30.9695
20210106155549	30.9695
20210106155549	30.9695
20210106155549	30.9695
20210106155549	30.9695
20210106155549	30.9695
20210106155549	30.9695
20210106155549	30.9695
20210106155549	30.9695
20210106155549	30.9695
20210106155549	30.9695
20210106155549	30.9695
20210106155549	30.9695
20210106155550	30.9695
20210106155550	30.9695
20210106155550	30.9695
20210106155550	30.9695
20210106155550	30.9695
20210106155550	30.9695
20210106155550	30.9695
20210106155550	30.9695
20210106155550	30.9695
20210106155550	30.9695
20210106155550	30.9695
20210106155550	30.9695
20210106155550	30.9695
20210106155550	30.9695
20210106155550	30.9695
20210106155550	30.9695
20210106155550	30.9695
20210106155550	30.9695
20210106155550	30.9695
20210106155550	30.9695
20210106155550	30.9695
20210106155550	30.9695
20210106155550	30.9695
20210106155550	30.9695
20210106155550	30.9695
20210106155550	30.9695
20210106155550	30.9695
20210106155550	30.9695
20210106155550	30.8418
20210106155550	30.8418
20210106155550	30.8418
20210106155550	30.8418
20210106155550	30.8418
20210106155550	30.8418
20210106155550	30.8418
20210106155550	30.8418
20210106155550	30.8418
20210106155550	30.8418
20210106155550	30.8418
20210106155550	30.8418
20210106155551	30.8418
20210106155551	30.8418
20210106155551	30.8418
20210106155551	30.8418
20210106155551	30.8418
20210106155551	30.8418
20210106155551	30.8418
20210106155551	30.8418
20210106155551	30.8418
20210106155551	30.8418
20210106155551	30.8418
20210106155551	30.8418
20210106155551	30.8418
20210106155551	30.8418
20210106155551	30.8418
20210106155551	30.8418
20210106155551	30.8418
20210106155551	30.8418
20210106155551	30.8418
20210106155551	30.8418
20210106155551	30.8418
20210106155551	30.8418
20210106155551	30.8418
20210106155551	30.8418
20210106155551	30.8418
20210106155551	30.8418
20210106155551	30.8418
20210106155551	30.8418
20210106155551	30.8418
20210106155551	30.8418
20210106155551	30.8418
20210106155551	30.8418
20210106155551	30.8418
20210106155551	30.8418
20210106155551	30.8418
20210106155551	30.8418
20210106155551	30.8418
20210106155551	30.8418
20210106155552	30.8418
20210106155552	30.7272
20210106155552	30.7272
20210106155552	30.7272
20210106155552	30.7272
20210106155552	30.7272
20210106155552	30.7272
20210106155552	30.7272
20210106155552	30.7272
20210106155552	30.7272
20210106155552	30.7272
20210106155552	30.7272
20210106155552	30.7272
20210106155552	30.7272
20210106155552	30.7272
20210106155552	30.7272
20210106155552	30.7272
20210106155552	30.7272
20210106155553	30.7272
20210106155553	30.7272
20210106155553	30.7272
20210106155553	30.7272
20210106155553	30.7272
20210106155553	30.7272
20210106155553	30.7272
20210106155553	30.7272
20210106155553	30.7272
20210106155553	30.7272
20210106155553	30.7272
20210106155553	30.7272
20210106155553	30.7272
20210106155553	30.7272
20210106155553	30.7272
20210106155553	30.7272
20210106155553	30.7272
20210106155553	30.7272
20210106155553	30.7272
20210106155553	30.7272
20210106155553	30.7272
20210106155553	30.7272
20210106155553	30.7272
20210106155553	30.7272
20210106155553	30.7272
20210106155553	30.7272
20210106155553	30.7272
20210106155554	30.7272
20210106155554	30.7272
20210106155554	30.7272
20210106155554	30.7272
20210106155554	30.7272
20210106155554	30.6152
20210106155554	30.6152
20210106155554	30.6152
20210106155554	30.6152
20210106155554	30.6152
20210106155554	30.6152
20210106155554	30.6152
20210106155554	30.6152
20210106155554	30.6152
20210106155554	30.6152
20210106155554	30.6152
20210106155554	30.6152
20210106155554	30.6152
20210106155554	30.6152
20210106155554	30.6152
20210106155554	30.6152
20210106155554	30.6152
20210106155554	30.6152
20210106155554	30.6152
20210106155554	30.6152
20210106155554	30.6152
20210106155554	30.6152
20210106155554	30.6152
20210106155554	30.6152
20210106155554	30.6152
20210106155554	30.6152
20210106155554	30.6152
20210106155554	30.6152
20210106155554	30.6152
20210106155554	30.6152
20210106155554	30.6152
20210106155554	30.6152
20210106155554	30.6152
20210106155554	30.6152
20210106155554	30.6152
20210106155554	30.6152
20210106155554	30.6152
20210106155554	30.6152
20210106155555	30.6152
20210106155555	30.6152
20210106155555	30.6152
20210106155555	30.6152
20210106155555	30.6152
20210106155555	30.6152
20210106155555	30.6152
20210106155555	30.6152
20210106155555	30.6152
20210106155555	30.6152
20210106155555	30.6152
20210106155555	30.6152
20210106155555	30.6152
20210106155555	30.5087
20210106155555	30.5087
20210106155555	30.5087
20210106155555	30.5087
20210106155555	30.5087
20210106155555	30.5087
20210106155555	30.5087
20210106155555	30.5087
20210106155555	30.5087
20210106155555	30.5087
20210106155555	30.5087
20210106155555	30.5087
20210106155555	30.5087
20210106155555	30.5087
20210106155555	30.5087
20210106155555	30.5087
20210106155555	30.5087
20210106155555	30.5087
20210106155555	30.5087
20210106155555	30.5087
20210106155555	30.5087
20210106155555	30.5087
20210106155555	30.5087
20210106155555	30.5087
20210106155555	30.5087
20210106155555	30.5087
20210106155555	30.5087
20210106155556	30.5087
20210106155556	30.5087
20210106155556	30.5087
20210106155556	30.5087
20210106155556	30.5087
20210106155556	30.5087
20210106155556	30.5087
20210106155556	30.5087
20210106155556	30.5087
20210106155556	30.5087
20210106155556	30.5087
20210106155556	30.5087
20210106155556	30.5087
20210106155556	30.5087
20210106155556	30.5087
20210106155556	30.5087
20210106155556	30.5087
20210106155556	30.5087
20210106155556	30.5087
20210106155556	30.5087
20210106155556	30.5087
20210106155556	30.4116
20210106155556	30.4116
20210106155556	30.4116
20210106155556	30.4116
20210106155556	30.4116
20210106155556	30.4116
20210106155556	30.4116
20210106155556	30.4116
20210106155556	30.4116
20210106155556	30.4116
20210106155556	30.4116
20210106155556	30.4116
20210106155556	30.4116
20210106155557	30.4116
20210106155557	30.4116
20210106155557	30.4116
20210106155557	30.4116
20210106155557	30.4116
20210106155557	30.4116
20210106155557	30.4116
20210106155557	30.4116
20210106155557	30.4116
20210106155557	30.4116
20210106155557	30.4116
20210106155557	30.4116
20210106155557	30.4116
20210106155557	30.4116
20210106155557	30.4116
20210106155557	30.4116
20210106155557	30.4116
20210106155557	30.4116
20210106155557	30.4116
20210106155557	30.4116
20210106155557	30.4116
20210106155557	30.4116
20210106155557	30.4116
20210106155557	30.4116
20210106155557	30.4116
20210106155557	30.4116
20210106155557	30.4116
20210106155557	30.4116
20210106155557	30.4116
20210106155557	30.4116
20210106155557	30.4116
20210106155557	30.4116
20210106155557	30.4116
20210106155557	30.4116
20210106155557	30.4116
20210106155557	30.4116
20210106155557	30.4116
20210106155557	30.4116
20210106155557	30.4116
20210106155558	30.3217
20210106155558	30.3217
20210106155558	30.3217
20210106155558	30.3217
20210106155558	30.3217
20210106155558	30.3217
20210106155558	30.3217
20210106155558	30.3217
20210106155558	30.3217
20210106155558	30.3217
20210106155558	30.3217
20210106155558	30.3217
20210106155558	30.3217
20210106155558	30.3217
20210106155558	30.3217
20210106155558	30.3217
20210106155558	30.3217
20210106155558	30.3217
20210106155558	30.3217
20210106155558	30.3217
20210106155558	30.3217
20210106155558	30.3217
20210106155558	30.3217
20210106155558	30.3217
20210106155558	30.3217
20210106155558	30.3217
20210106155558	30.3217
20210106155558	30.3217
20210106155558	30.3217
20210106155558	30.3217
20210106155558	30.3217
20210106155558	30.3217
20210106155558	30.3217
20210106155558	30.3217
20210106155558	30.3217
20210106155558	30.3217
20210106155558	30.3217
20210106155558	30.3217
20210106155558	30.3217
20210106155558	30.3217
20210106155558	30.3217
20210106155558	30.3217
20210106155558	30.3217
20210106155558	30.3217
20210106155559	30.3217
20210106155559	30.3217
20210106155559	30.3217
20210106155559	30.3217
20210106155559	30.3217
20210106155559	30.3217
20210106155559	30.3217
20210106155559	30.2471
20210106155559	30.2471
20210106155559	30.2471
20210106155559	30.2471
20210106155559	30.2471
20210106155559	30.2471
20210106155559	30.2471
20210106155559	30.2471
20210106155559	30.2471
20210106155559	30.2471
20210106155559	30.2471
20210106155559	30.2471
20210106155559	30.2471
20210106155559	30.2471
20210106155559	30.2471
20210106155559	30.2471
20210106155559	30.2471
20210106155559	30.2471
20210106155559	30.2471
20210106155559	30.2471
20210106155559	30.2471
20210106155559	30.2471
20210106155559	30.2471
20210106155559	30.2471
20210106155559	30.2471
20210106155559	30.2471
20210106155559	30.2471
20210106155559	30.2471
20210106155559	30.2471
20210106155559	30.2471
20210106155559	30.2471
20210106155559	30.2471
20210106155600	30.2471
20210106155600	30.2471
20210106155600	30.2471
20210106155600	30.2471
20210106155600	30.2471
20210106155600	30.2471
20210106155600	30.2471
20210106155600	30.2471
20210106155600	30.2471
20210106155600	30.2471
20210106155600	30.2471
20210106155600	30.2471
20210106155600	30.2471
20210106155600	30.2471
20210106155600	30.2471
20210106155600	30.2471
20210106155600	30.2471
20210106155600	30.1749
20210106155600	30.1749
20210106155600	30.1749
20210106155600	30.1749
20210106155600	30.1749
20210106155600	30.1749
20210106155600	30.1749
20210106155600	30.1749
20210106155600	30.1749
20210106155600	30.1749
20210106155600	30.1749
20210106155600	30.1749
20210106155600	30.1749
20210106155600	30.1749
20210106155600	30.1749
20210106155600	30.1749
20210106155600	30.1749
20210106155600	30.1749
20210106155600	30.1749
20210106155600	30.1749
20210106155600	30.1749
20210106155600	30.1749
20210106155600	30.1749
20210106155601	30.1749
20210106155601	30.1749
20210106155601	30.1749
20210106155601	30.1749
20210106155601	30.1749
20210106155601	30.1749
20210106155601	30.1749
20210106155601	30.1749
20210106155601	30.1749
20210106155601	30.1749
20210106155601	30.1749
20210106155601	30.1749
20210106155601	30.1749
20210106155601	30.1749
20210106155601	30.1749
20210106155601	30.1749
20210106155601	30.1749
20210106155601	30.1749
20210106155601	30.1749
20210106155601	30.1749
20210106155601	30.1749
20210106155601	30.1749
20210106155601	30.1749
20210106155601	30.1749
20210106155601	30.1749
20210106155601	30.1749
20210106155601	30.1749
20210106155601	30.1078
20210106155601	30.1078
20210106155601	30.1078
20210106155601	30.1078
20210106155601	30.1078
20210106155601	30.1078
20210106155601	30.1078
20210106155601	30.1078
20210106155601	30.1078
20210106155601	30.1078
20210106155601	30.1078
20210106155601	30.1078
20210106155601	30.1078
20210106155601	30.1078
20210106155601	30.1078
20210106155601	30.1078
20210106155601	30.1078
20210106155601	30.1078
20210106155601	30.1078
20210106155601	30.1078
20210106155601	30.1078
20210106155601	30.1078
20210106155601	30.1078
20210106155601	30.1078
20210106155601	30.1078
20210106155601	30.1078
20210106155602	30.1078
20210106155602	30.1078
20210106155602	30.1078
20210106155602	30.1078
20210106155602	30.1078
20210106155602	30.1078
20210106155602	30.1078
20210106155602	30.1078
20210106155602	30.1078
20210106155602	30.1078
20210106155602	30.1078
20210106155602	30.1078
20210106155602	30.1078
20210106155602	30.1078
20210106155602	30.1078
20210106155602	30.1078
20210106155602	30.1078
20210106155602	30.1078
20210106155602	30.1078
20210106155602	30.1078
20210106155602	30.1078
20210106155602	30.1078
20210106155602	30.1078
20210106155602	30.1078
20210106155602	30.037
20210106155602	30.037
20210106155602	30.037
20210106155602	30.037
20210106155602	30.037
20210106155602	30.037
20210106155602	30.037
20210106155602	30.037
20210106155602	30.037
20210106155602	30.037
20210106155602	30.037
20210106155602	30.037
20210106155602	30.037
20210106155602	30.037
20210106155602	30.037
20210106155602	30.037
20210106155602	30.037
20210106155602	30.037
20210106155602	30.037
20210106155602	30.037
20210106155602	30.037
20210106155602	30.037
20210106155602	30.037
20210106155602	30.037
20210106155602	30.037
20210106155602	30.037
20210106155602	30.037
20210106155602	30.037
20210106155602	30.037
20210106155602	30.037
20210106155602	30.037
20210106155602	30.037
20210106155602	30.037
20210106155602	30.037
20210106155602	30.037
20210106155602	30.037
20210106155602	30.037
20210106155602	30.037
20210106155602	30.037
20210106155602	30.037
20210106155602	30.037
20210106155602	30.037
20210106155602	30.037
20210106155602	30.037
20210106155602	30.037
20210106155602	30.037
20210106155602	30.037
20210106155602	30.037
20210106155602	30.037
20210106155602	29.9653
20210106155602	29.9653
20210106155602	29.9653
20210106155602	29.9653
20210106155602	29.9653
20210106155602	29.9653
20210106155602	29.9653
20210106155602	29.9653
20210106155602	29.9653
20210106155602	29.9653
20210106155602	29.9653
20210106155603	29.9653
20210106155603	29.9653
20210106155603	29.9653
20210106155603	29.9653
20210106155603	29.9653
20210106155603	29.9653
20210106155603	29.9653
20210106155603	29.9653
20210106155603	29.9653
20210106155603	29.9653
20210106155603	29.9653
20210106155603	29.9653
20210106155603	29.9653
20210106155603	29.9653
20210106155603	29.9653
20210106155603	29.9653
20210106155603	29.9653
20210106155603	29.9653
20210106155603	29.9653
20210106155603	29.9653
20210106155603	29.9653
20210106155603	29.9653
20210106155603	29.9653
20210106155603	29.9653
20210106155604	29.9653
20210106155604	29.9653
20210106155604	29.9653
20210106155604	29.9653
20210106155604	29.9653
20210106155604	29.9653
20210106155604	29.9653
20210106155604	29.9653
20210106155604	29.9653
20210106155604	29.9653
20210106155604	29.9653
20210106155604	29.9653
20210106155604	29.9653
20210106155604	29.9653
20210106155604	29.9653
20210106155604	29.8875
20210106155604	29.8875
20210106155604	29.8875
20210106155604	29.8875
20210106155604	29.8875
20210106155604	29.8875
20210106155604	29.8875
20210106155604	29.8875
20210106155604	29.8875
20210106155604	29.8875
20210106155604	29.8875
20210106155604	29.8875
20210106155604	29.8875
20210106155604	29.8875
20210106155604	29.8875
20210106155604	29.8875
20210106155604	29.8875
20210106155604	29.8875
20210106155604	29.8875
20210106155604	29.8875
20210106155604	29.8875
20210106155604	29.8875
20210106155604	29.8875
20210106155604	29.8875
20210106155604	29.8875
20210106155604	29.8875
20210106155604	29.8875
20210106155604	29.8875
20210106155605	29.8875
20210106155605	29.8875
20210106155605	29.8875
20210106155605	29.8875
20210106155605	29.8875
20210106155605	29.8875
20210106155605	29.8875
20210106155605	29.8875
20210106155605	29.8875
20210106155605	29.8875
20210106155605	29.8875
20210106155605	29.8875
20210106155605	29.8875
20210106155605	29.8875
20210106155605	29.8875
20210106155605	29.8875
20210106155605	29.8875
20210106155605	29.8875
20210106155605	29.8875
20210106155605	29.8875
20210106155605	29.8875
20210106155605	29.8875
20210106155605	29.8098
20210106155605	29.8098
20210106155605	29.8098
20210106155605	29.8098
20210106155605	29.8098
20210106155605	29.8098
20210106155605	29.8098
20210106155605	29.8098
20210106155605	29.8098
20210106155605	29.8098
20210106155605	29.8098
20210106155605	29.8098
20210106155605	29.8098
20210106155605	29.8098
20210106155605	29.8098
20210106155605	29.8098
20210106155606	29.8098
20210106155606	29.8098
20210106155606	29.8098
20210106155606	29.8098
20210106155606	29.8098
20210106155606	29.8098
20210106155606	29.8098
20210106155606	29.8098
20210106155606	29.8098
20210106155606	29.8098
20210106155606	29.8098
20210106155606	29.8098
20210106155606	29.8098
20210106155606	29.8098
20210106155606	29.8098
20210106155606	29.8098
20210106155606	29.8098
20210106155606	29.8098
20210106155606	29.8098
20210106155606	29.8098
20210106155606	29.8098
20210106155606	29.8098
20210106155606	29.8098
20210106155606	29.8098
20210106155606	29.8098
20210106155606	29.8098
20210106155606	29.8098
20210106155606	29.8098
20210106155607	29.8098
20210106155607	29.8098
20210106155607	29.8098
20210106155607	29.8098
20210106155607	29.8098
20210106155607	29.8098
20210106155607	29.8098
20210106155607	29.7313
20210106155607	29.7313
20210106155607	29.7313
20210106155607	29.7313
20210106155607	29.7313
20210106155607	29.7313
20210106155607	29.7313
20210106155607	29.7313
20210106155607	29.7313
20210106155607	29.7313
20210106155607	29.7313
20210106155607	29.7313
20210106155607	29.7313
20210106155607	29.7313
20210106155607	29.7313
20210106155607	29.7313
20210106155607	29.7313
20210106155607	29.7313
20210106155607	29.7313
20210106155607	29.7313
20210106155607	29.7313
20210106155607	29.7313
20210106155607	29.7313
20210106155607	29.7313
20210106155607	29.7313
20210106155608	29.7313
20210106155608	29.7313
20210106155608	29.7313
20210106155608	29.7313
20210106155608	29.7313
20210106155608	29.7313
20210106155608	29.7313
20210106155608	29.7313
20210106155608	29.7313
20210106155608	29.7313
20210106155608	29.7313
20210106155608	29.7313
20210106155608	29.7313
20210106155608	29.7313
20210106155608	29.7313
20210106155608	29.7313
20210106155608	29.7313
20210106155608	29.7313
20210106155608	29.7313
20210106155608	29.7313
20210106155608	29.7313
20210106155608	29.7313
20210106155608	29.7313
20210106155608	29.7313
20210106155608	29.7313
20210106155608	29.6531
20210106155608	29.6531
20210106155608	29.6531
20210106155608	29.6531
20210106155608	29.6531
20210106155608	29.6531
20210106155608	29.6531
20210106155608	29.6531
20210106155608	29.6531
20210106155608	29.6531
20210106155608	29.6531
20210106155608	29.6531
20210106155608	29.6531
20210106155608	29.6531
20210106155608	29.6531
20210106155608	29.6531
20210106155608	29.6531
20210106155608	29.6531
20210106155608	29.6531
20210106155608	29.6531
20210106155608	29.6531
20210106155608	29.6531
20210106155608	29.6531
20210106155608	29.6531
20210106155608	29.6531
20210106155608	29.6531
20210106155608	29.6531
20210106155608	29.6531
20210106155608	29.6531
20210106155609	29.6531
20210106155609	29.6531
20210106155609	29.6531
20210106155609	29.6531
20210106155609	29.6531
20210106155609	29.6531
20210106155609	29.6531
20210106155609	29.6531
20210106155609	29.6531
20210106155609	29.6531
20210106155609	29.6531
20210106155609	29.6531
20210106155609	29.6531
20210106155609	29.6531
20210106155609	29.6531
20210106155609	29.6531
20210106155609	29.6531
20210106155609	29.6531
20210106155609	29.6531
20210106155609	29.6531
20210106155609	29.6531
20210106155609	29.5819
20210106155609	29.5819
20210106155609	29.5819
20210106155609	29.5819
20210106155609	29.5819
20210106155609	29.5819
20210106155609	29.5819
20210106155609	29.5819
20210106155609	29.5819
20210106155609	29.5819
20210106155609	29.5819
20210106155609	29.5819
20210106155609	29.5819
20210106155609	29.5819
20210106155609	29.5819
20210106155609	29.5819
20210106155609	29.5819
20210106155609	29.5819
20210106155609	29.5819
20210106155609	29.5819
20210106155609	29.5819
20210106155609	29.5819
20210106155609	29.5819
20210106155609	29.5819
20210106155609	29.5819
20210106155609	29.5819
20210106155609	29.5819
20210106155609	29.5819
20210106155609	29.5819
20210106155609	29.5819
20210106155609	29.5819
20210106155609	29.5819
20210106155610	29.5819
20210106155610	29.5819
20210106155610	29.5819
20210106155610	29.5819
20210106155610	29.5819
20210106155610	29.5819
20210106155610	29.5819
20210106155610	29.5819
20210106155610	29.5819
20210106155610	29.5819
20210106155610	29.5819
20210106155610	29.5819
20210106155610	29.5819
20210106155610	29.5819
20210106155610	29.5819
20210106155610	29.5819
20210106155610	29.522
20210106155610	29.522
20210106155610	29.522
20210106155610	29.522
20210106155610	29.522
20210106155610	29.522
20210106155610	29.522
20210106155610	29.522
20210106155610	29.522
20210106155610	29.522
20210106155610	29.522
20210106155610	29.522
20210106155610	29.522
20210106155610	29.522
20210106155610	29.522
20210106155610	29.522
20210106155610	29.522
20210106155610	29.522
20210106155610	29.522
20210106155610	29.522
20210106155610	29.522
20210106155610	29.522
20210106155611	29.522
20210106155611	29.522
20210106155611	29.522
20210106155611	29.522
20210106155611	29.522
20210106155611	29.522
20210106155611	29.522
20210106155611	29.522
20210106155611	29.522
20210106155611	29.522
20210106155611	29.522
20210106155611	29.522
20210106155611	29.522
20210106155611	29.522
20210106155611	29.522
20210106155611	29.522
20210106155611	29.522
20210106155611	29.522
20210106155611	29.522
20210106155611	29.522
20210106155611	29.522
20210106155611	29.522
20210106155611	29.522
20210106155611	29.522
20210106155611	29.522
20210106155611	29.522
20210106155611	29.522
20210106155611	29.522
20210106155611	29.522
20210106155611	29.522
20210106155611	29.464
20210106155611	29.464
20210106155611	29.464
20210106155611	29.464
20210106155611	29.464
20210106155611	29.464
20210106155611	29.464
20210106155611	29.464
20210106155611	29.464
20210106155611	29.464
20210106155611	29.464
20210106155611	29.464
20210106155611	29.464
20210106155611	29.464
20210106155611	29.464
20210106155611	29.464
20210106155611	29.464
20210106155611	29.464
20210106155611	29.464
20210106155611	29.464
20210106155611	29.464
20210106155611	29.464
20210106155611	29.464
20210106155611	29.464
20210106155611	29.464
20210106155611	29.464
20210106155612	29.464
20210106155612	29.464
20210106155612	29.464
20210106155612	29.464
20210106155612	29.464
20210106155612	29.464
20210106155612	29.464
20210106155612	29.464
20210106155612	29.464
20210106155612	29.464
20210106155612	29.464
20210106155612	29.464
20210106155612	29.464
20210106155612	29.464
20210106155612	29.464
20210106155612	29.464
20210106155612	29.464
20210106155612	29.464
20210106155612	29.464
20210106155612	29.464
20210106155612	29.464
20210106155612	29.464
20210106155612	29.464
20210106155612	29.464
20210106155612	29.4138
20210106155612	29.4138
20210106155612	29.4138
20210106155612	29.4138
20210106155612	29.4138
20210106155612	29.4138
20210106155612	29.4138
20210106155612	29.4138
20210106155612	29.4138
20210106155612	29.4138
20210106155613	29.4138
20210106155613	29.4138
20210106155613	29.4138
20210106155613	29.4138
20210106155613	29.4138
20210106155613	29.4138
20210106155613	29.4138
20210106155613	29.4138
20210106155613	29.4138
20210106155613	29.4138
20210106155613	29.4138
20210106155613	29.4138
20210106155613	29.4138
20210106155613	29.4138
20210106155613	29.4138
20210106155613	29.4138
20210106155613	29.4138
20210106155613	29.4138
20210106155613	29.4138
20210106155613	29.4138
20210106155613	29.4138
20210106155613	29.4138
20210106155613	29.4138
20210106155613	29.4138
20210106155613	29.4138
20210106155613	29.4138
20210106155613	29.4138
20210106155613	29.4138
20210106155613	29.4138
20210106155613	29.4138
20210106155613	29.4138
20210106155613	29.4138
20210106155613	29.4138
20210106155613	29.4138
20210106155613	29.4138
20210106155613	29.4138
20210106155613	29.4138
20210106155613	29.4138
20210106155614	29.4138
20210106155614	29.4138
20210106155614	29.3641
20210106155614	29.3641
20210106155614	29.3641
20210106155614	29.3641
20210106155614	29.3641
20210106155614	29.3641
20210106155614	29.3641
20210106155614	29.3641
20210106155614	29.3641
20210106155614	29.3641
20210106155614	29.3641
20210106155614	29.3641
20210106155614	29.3641
20210106155614	29.3641
20210106155614	29.3641
20210106155614	29.3641
20210106155614	29.3641
20210106155614	29.3641
20210106155614	29.3641
20210106155614	29.3641
20210106155614	29.3641
20210106155614	29.3641
20210106155614	29.3641
20210106155614	29.3641
20210106155614	29.3641
20210106155614	29.3641
20210106155614	29.3641
20210106155614	29.3641
20210106155614	29.3641
20210106155614	29.3641
20210106155614	29.3641
20210106155614	29.3641
20210106155614	29.3641
20210106155614	29.3641
20210106155614	29.3641
20210106155614	29.3641
20210106155614	29.3641
20210106155614	29.3641
20210106155614	29.3641
20210106155614	29.3641
20210106155614	29.3641
20210106155614	29.3641
20210106155614	29.3641
20210106155614	29.3641
20210106155615	29.3641
20210106155615	29.3641
20210106155615	29.3641
20210106155615	29.3641
20210106155615	29.3641
20210106155615	29.3138
20210106155615	29.3138
20210106155615	29.3138
20210106155615	29.3138
20210106155615	29.3138
20210106155615	29.3138
20210106155615	29.3138
20210106155615	29.3138
20210106155615	29.3138
20210106155615	29.3138
20210106155615	29.3138
20210106155615	29.3138
20210106155615	29.3138
20210106155615	29.3138
20210106155615	29.3138
20210106155615	29.3138
20210106155615	29.3138
20210106155615	29.3138
20210106155615	29.3138
20210106155615	29.3138
20210106155615	29.3138
20210106155615	29.3138
20210106155615	29.3138
20210106155615	29.3138
20210106155615	29.3138
20210106155615	29.3138
20210106155615	29.3138
20210106155615	29.3138
20210106155615	29.3138
20210106155615	29.3138
20210106155615	29.3138
20210106155615	29.3138
20210106155615	29.3138
20210106155615	29.3138
20210106155615	29.3138
20210106155615	29.3138
20210106155615	29.3138
20210106155615	29.3138
20210106155615	29.3138
20210106155615	29.3138
20210106155615	29.3138
20210106155615	29.3138
20210106155615	29.3138
20210106155615	29.3138
20210106155615	29.3138
20210106155615	29.3138
20210106155615	29.3138
20210106155616	29.3138
20210106155616	29.3138
20210106155616	29.3138
20210106155616	29.3138
20210106155616	29.3138
20210106155616	29.3896
20210106155616	29.3896
20210106155616	29.3896
20210106155616	29.3896
20210106155616	29.3896
20210106155616	29.3896
20210106155616	29.3896
20210106155616	29.3896
20210106155616	29.3896
20210106155616	29.3896
20210106155616	29.3896
20210106155616	29.3896
20210106155616	29.3896
20210106155616	29.3896
20210106155616	29.3896
20210106155616	29.3896
20210106155616	29.3896
20210106155616	29.3896
20210106155616	29.3896
20210106155616	29.3896
20210106155616	29.3896
20210106155617	29.3896
20210106155617	29.3896
20210106155617	29.3896
20210106155617	29.3896
20210106155617	29.3896
20210106155617	29.3896
20210106155617	29.3896
20210106155617	29.3896
20210106155617	29.3896
20210106155617	29.3896
20210106155617	29.3896
20210106155617	29.3896
20210106155617	29.3896
20210106155617	29.3896
20210106155617	29.3896
20210106155617	29.3896
20210106155617	29.3896
20210106155617	29.3896
20210106155617	29.3896
20210106155617	29.3896
20210106155617	29.3896
20210106155617	29.3896
20210106155617	29.3896
20210106155617	29.3896
20210106155617	29.3896
20210106155617	29.3896
20210106155617	29.3896
20210106155617	29.3896
20210106155617	29.3896
20210106155618	30.6923
20210106155618	30.6923
20210106155618	30.6923
20210106155618	30.6923
20210106155618	30.6923
20210106155618	30.6923
20210106155618	30.6923
20210106155618	30.6923
20210106155618	30.6923
20210106155618	30.6923
20210106155618	30.6923
20210106155618	30.6923
20210106155618	30.6923
20210106155618	30.6923
20210106155618	30.6923
20210106155618	30.6923
20210106155618	30.6923
20210106155618	30.6923
20210106155618	30.6923
20210106155618	30.6923
20210106155618	30.6923
20210106155618	30.6923
20210106155618	30.6923
20210106155618	30.6923
20210106155618	30.6923
20210106155618	30.6923
20210106155618	30.6923
20210106155618	30.6923
20210106155618	30.6923
20210106155618	30.6923
20210106155618	30.6923
20210106155618	30.6923
20210106155618	30.6923
20210106155618	30.6923
20210106155618	30.6923
20210106155618	30.6923
20210106155618	30.6923
20210106155618	30.6923
20210106155618	30.6923
20210106155618	30.6923
20210106155618	30.6923
20210106155618	30.6923
20210106155618	30.6923
20210106155618	30.6923
20210106155618	30.6923
20210106155618	30.6923
20210106155618	30.6923
20210106155618	30.6923
20210106155618	30.6923
20210106155618	30.6923
20210106155618	30.6923
20210106155619	30.6923
20210106155619	30.6923
20210106155619	30.6923
20210106155619	30.6923
20210106155619	30.6923
20210106155619	30.6923
20210106155619	30.6923
20210106155619	30.6923
20210106155619	30.6923
20210106155619	30.6923
20210106155619	30.6923
20210106155619	30.6923
20210106155619	30.6923
20210106155619	30.6923
20210106155619	30.6923
20210106155619	30.6923
20210106155619	30.6923
20210106155619	30.6923
20210106155619	30.6923
20210106155619	30.6923
20210106155619	30.6923
20210106155619	30.6923
20210106155619	30.6923
20210106155619	30.6923
20210106155619	30.6923
20210106155619	30.6923
20210106155619	30.6923
20210106155619	30.6923
20210106155619	30.6923
20210106155619	30.6923
20210106155619	30.6923
20210106155619	30.6923
20210106155619	30.6923
20210106155619	30.6923
20210106155619	30.6923
20210106155619	30.6923
20210106155619	30.6923
20210106155619	30.6923
20210106155619	30.6923
20210106155619	30.6923
20210106155620	30.6923
20210106155620	30.6923
20210106155620	30.6923
20210106155620	30.6923
20210106155620	30.6923
20210106155620	30.6923
20210106155620	30.6923
20210106155620	30.6923
20210106155620	30.6923
20210106155620	30.6923
20210106155620	30.6923
20210106155620	30.6923
20210106155620	30.6923
20210106155620	30.6923
20210106155620	30.6923
20210106155620	30.6923
20210106155620	30.6923
20210106155620	30.6923
20210106155620	30.6923
20210106155620	30.6923
20210106155620	30.6923
20210106155620	30.6923
20210106155620	30.6923
20210106155620	30.6923
20210106155620	30.6923
20210106155620	30.6923
20210106155620	30.6923
20210106155620	30.6923
20210106155620	30.6923
20210106155620	30.6923
20210106155620	30.6923
20210106155620	30.6923
20210106155620	30.6923
20210106155620	30.6923
20210106155620	30.6923
20210106155620	30.6923
20210106155620	30.6923
20210106155620	30.6923
20210106155620	30.6923
20210106155620	30.6923
20210106155620	30.6923
20210106155620	30.6923
20210106155620	30.6923
20210106155620	30.6923
20210106155620	30.6923
20210106155620	30.6923
20210106155620	30.6923
20210106155620	30.6923
20210106155620	30.6923
20210106155620	30.6923
20210106155620	30.6923
20210106155620	30.6923
20210106155620	30.6923
20210106155620	30.6923
20210106155620	30.6923
20210106155620	30.6923
20210106155620	30.6923
20210106155620	30.6923
20210106155620	30.6923
20210106155620	30.6923
20210106155620	30.6923
20210106155620	30.6923
20210106155620	30.6923
20210106155620	30.6923
20210106155621	30.6923
20210106155621	30.6923
20210106155621	30.6923
20210106155621	30.6923
20210106155621	30.6923
20210106155621	30.6923
20210106155621	30.6923
20210106155621	30.6923
20210106155621	30.6923
20210106155621	30.6923
20210106155621	30.6923
20210106155621	30.6923
20210106155621	30.6923
20210106155621	30.6923
20210106155621	30.6923
20210106155621	30.6923
20210106155621	30.6923
20210106155621	30.6923
20210106155621	30.6923
20210106155621	30.6923
20210106155621	30.6923
20210106155621	30.6923
20210106155621	30.6923
20210106155621	30.6923
20210106155621	30.6923
20210106155621	30.6923
20210106155621	30.6923
20210106155621	30.6923
20210106155622	30.6923
20210106155622	30.6923
20210106155622	30.6923
20210106155622	30.6923
20210106155622	30.6923
20210106155622	30.6923
20210106155622	30.6923
20210106155622	30.6923
20210106155622	30.6923
20210106155622	30.6923
20210106155622	30.6923
20210106155622	30.6923
20210106155622	30.6923
20210106155622	30.6923
20210106155622	30.6923
20210106155622	30.6923
20210106155622	30.6923
20210106155622	30.6923
20210106155622	30.6923
20210106155622	30.6923
20210106155622	30.6923
20210106155622	30.6923
20210106155622	30.6923
20210106155622	30.6923
20210106155622	30.6923
20210106155622	30.6923
20210106155622	30.6923
20210106155622	30.6923
20210106155623	30.6923
20210106155623	30.6923
20210106155623	30.6923
20210106155623	30.6923
20210106155623	30.6923
20210106155623	30.6923
20210106155623	30.6923
20210106155623	30.6923
20210106155623	30.6923
20210106155623	30.6923
20210106155623	30.6923
20210106155623	30.6923
20210106155623	30.6923
20210106155623	30.6923
20210106155623	30.6923
20210106155623	30.6923
20210106155623	30.6923
20210106155623	30.6923
20210106155623	30.6923
20210106155623	30.6923
20210106155623	30.6923
20210106155623	30.6923
20210106155623	30.6923
20210106155623	30.6923
20210106155623	30.6923
20210106155623	30.6923
20210106155623	30.6923
20210106155623	30.6923
20210106155623	30.6923
20210106155623	30.6923
20210106155623	30.6923
20210106155623	30.6923
20210106155623	30.6923
20210106155623	30.6923
20210106155623	30.6923
20210106155623	30.6923
20210106155623	30.6923
20210106155623	30.6923
20210106155623	30.6923
20210106155623	30.6923
20210106155623	30.6923
20210106155623	30.6923
20210106155623	30.6923
20210106155623	30.6923
20210106155623	30.6923
20210106155623	30.6923
20210106155623	30.6923
20210106155623	30.6923
20210106155624	30.6923
20210106155624	30.6923
20210106155624	30.6923
20210106155624	30.6923
20210106155624	30.6923
20210106155624	30.6923
20210106155624	30.6923
20210106155624	30.6923
20210106155624	30.6923
20210106155624	30.6923
20210106155624	30.6923
20210106155624	30.6923
20210106155624	30.6923
20210106155624	30.6923
20210106155624	30.6923
20210106155624	30.6923
20210106155624	30.6923
20210106155624	30.6923
20210106155624	30.6923
20210106155624	30.6923
20210106155624	30.6923
20210106155624	30.6923
20210106155624	30.6923
20210106155624	30.6923
20210106155624	30.6923
20210106155624	30.6923
20210106155624	30.6923
20210106155624	30.6923
20210106155624	30.6923
20210106155624	30.6923
20210106155624	30.6923
20210106155624	30.6923
20210106155624	30.6923
20210106155624	30.6923
20210106155624	30.6923
20210106155624	30.6923
20210106155624	30.6923
20210106155624	30.6923
20210106155624	30.6923
20210106155624	30.6923
20210106155624	30.6923
20210106155624	30.6923
20210106155624	30.6923
20210106155624	30.6923
20210106155625	30.6923
20210106155625	30.6923
20210106155625	30.6923
20210106155625	30.6923
20210106155625	30.6923
20210106155625	30.6923
20210106155625	30.6923
20210106155625	30.6923
20210106155625	30.6923
20210106155625	30.6923
20210106155625	30.6923
20210106155625	30.6923
20210106155625	30.6923
20210106155625	30.6923
20210106155625	30.6923
20210106155625	30.6923
20210106155625	30.6923
20210106155625	30.6923
20210106155625	30.6923
20210106155625	30.6923
20210106155625	30.6923
20210106155625	30.6923
20210106155625	30.6923
20210106155625	30.6923
20210106155625	30.6923
20210106155625	30.6923
20210106155625	30.6923
20210106155625	30.6923
20210106155625	30.6923
20210106155626	30.6923
20210106155626	30.6923
20210106155626	30.6923
20210106155626	30.6923
20210106155626	30.6923
20210106155626	30.6923
20210106155626	30.6923
20210106155626	30.6923
20210106155626	30.6923
20210106155626	30.6923
20210106155626	30.6923
20210106155626	30.6923
20210106155626	30.6923
20210106155626	30.6923
20210106155626	30.6923
20210106155626	30.6923
20210106155626	30.6923
20210106155626	30.6923
20210106155626	30.6923
20210106155626	30.6923
20210106155626	30.6923
20210106155626	30.6923
20210106155626	30.6923
20210106155626	30.6923
20210106155626	30.6923
20210106155626	30.6923
20210106155626	30.6923
20210106155626	30.6923
20210106155626	30.6923
20210106155626	30.6923
20210106155626	30.6923
20210106155626	30.6923
20210106155626	30.6923
20210106155626	30.6923
20210106155626	30.6923
20210106155626	30.6923
20210106155626	30.6923
20210106155626	30.6923
20210106155626	30.6923
20210106155626	30.6923
20210106155626	30.6923
20210106155627	30.6923
20210106155627	30.6923
20210106155627	30.6923
20210106155627	30.6923
20210106155627	30.6923
20210106155627	30.6923
20210106155627	30.6923
20210106155627	30.6923
20210106155627	30.6923
20210106155627	30.6923
20210106155627	30.6923
20210106155627	30.6923
20210106155627	30.6923
20210106155627	30.6923
20210106155627	30.6923
20210106155627	30.6923
20210106155627	30.6923
20210106155627	30.6923
20210106155627	30.6923
20210106155627	30.6923
20210106155627	30.6923
20210106155627	30.6923
20210106155627	30.6923
20210106155627	30.6923
20210106155627	30.6923
20210106155627	30.6923
20210106155627	30.6923
20210106155627	30.6923
20210106155627	30.6923
20210106155627	30.6923
20210106155627	30.6923
20210106155627	30.6923
20210106155627	30.6923
20210106155627	30.6923
20210106155627	30.6923
20210106155627	30.6923
20210106155627	30.6923
20210106155627	30.6923
20210106155627	30.6923
20210106155627	30.6923
20210106155627	30.6923
20210106155627	30.6923
20210106155627	30.6923
20210106155627	30.6923
20210106155627	30.6923
20210106155627	30.6923
20210106155627	30.6923
20210106155627	30.6923
20210106155627	30.6923
20210106155627	30.6923
20210106155627	30.6923
20210106155628	30.6923
20210106155628	30.6923
20210106155628	30.6923
20210106155628	30.6923
20210106155628	30.6923
20210106155628	30.6923
20210106155628	30.6923
20210106155628	30.6923
20210106155628	30.6923
20210106155628	30.6923
20210106155628	30.6923
20210106155628	30.6923
20210106155628	30.6923
20210106155628	30.6923
20210106155628	30.6923
20210106155628	30.6923
20210106155628	30.6923
20210106155628	30.6923
20210106155628	30.6923
20210106155628	30.6923
20210106155628	30.6923
20210106155628	30.6923
20210106155628	30.6923
20210106155628	30.6923
20210106155628	30.6923
20210106155628	30.6923
20210106155628	30.6923
20210106155628	30.6923
20210106155628	30.6923
20210106155628	30.6923
20210106155628	30.6923
20210106155628	30.6923
20210106155628	30.6923
20210106155628	30.6923
20210106155628	30.6923
20210106155628	30.6923
20210106155628	30.6923
20210106155628	30.6923
20210106155628	30.6923
20210106155628	30.6923
20210106155628	30.6923
20210106155628	30.6923
20210106155628	30.6923
20210106155629	30.6923
20210106155629	30.6923
20210106155629	30.6923
20210106155629	30.6923
20210106155629	30.6923
20210106155629	30.6923
20210106155629	30.6923
20210106155629	30.6923
20210106155629	30.6923
20210106155629	30.6923
20210106155629	30.6923
20210106155629	30.6923
20210106155629	30.6923
20210106155629	30.6923
20210106155629	30.6923
20210106155629	30.6923
20210106155629	30.6923
20210106155629	30.6923
20210106155629	30.6923
20210106155629	30.6923
20210106155629	30.6923
20210106155629	30.6923
20210106155629	30.6923
20210106155629	30.6923
20210106155629	30.6923
20210106155629	30.6923
20210106155629	30.6923
20210106155629	30.6923
20210106155629	30.6923
20210106155629	30.6923
20210106155629	30.6923
20210106155629	30.6923
20210106155629	30.6923
20210106155629	30.6923
20210106155629	30.6923
20210106155629	30.6923
20210106155629	30.6923
20210106155629	30.6923
20210106155629	30.6923
20210106155629	30.6923
20210106155629	30.6923
20210106155629	30.6923
20210106155629	30.6923
20210106155630	30.6923
20210106155630	30.6923
20210106155630	30.6923
20210106155630	30.6923
20210106155630	30.6923
20210106155630	30.6923
20210106155630	30.6923
20210106155630	30.6923
20210106155630	30.6923
20210106155630	30.6923
20210106155630	30.6923
20210106155630	30.6923
20210106155630	30.6923
20210106155630	30.6923
20210106155630	30.6923
20210106155630	30.6923
20210106155630	30.6923
20210106155630	30.6923
20210106155630	30.6923
20210106155630	30.6923
20210106155630	30.6923
20210106155630	30.6923
20210106155630	30.6923
20210106155630	30.6923
20210106155630	30.6923
20210106155630	30.6923
20210106155630	30.6923
20210106155630	30.6923
20210106155630	30.6923
20210106155630	30.6923
20210106155630	30.6923
20210106155631	30.6923
20210106155631	30.6923
20210106155631	30.6923
20210106155631	30.6923
20210106155631	30.6923
20210106155631	30.6923
20210106155631	30.6923
20210106155631	30.6923
20210106155631	30.6923
20210106155631	30.6923
20210106155631	30.6923
20210106155631	30.6923
20210106155631	30.6923
20210106155631	30.6923
20210106155631	30.6923
20210106155631	30.6923
20210106155631	30.6923
20210106155631	30.6923
20210106155631	30.6923
20210106155631	30.6923
20210106155631	30.6923
20210106155631	30.6923
20210106155631	30.6923
20210106155631	30.6923
20210106155631	30.6923
20210106155631	30.6923
20210106155631	30.6923
20210106155631	30.6923
20210106155631	30.6923
20210106155631	30.6923
20210106155631	30.6923
20210106155631	30.6923
20210106155631	30.6923
20210106155631	30.6923
20210106155631	30.6923
20210106155631	30.6923
20210106155631	30.6923
20210106155631	30.6923
20210106155631	30.6923
20210106155631	30.6923
20210106155631	30.6923
20210106155631	30.6923
20210106155631	30.6923
20210106155631	30.6923
20210106155631	30.6923
20210106155631	30.6923
20210106155631	30.6923
20210106155631	30.6923
20210106155631	30.6923
20210106155631	30.6923
20210106155631	30.6923
20210106155631	30.6923
20210106155632	30.6923
20210106155632	30.6923
20210106155632	30.6923
20210106155632	30.6923
20210106155632	30.6923
20210106155632	30.6923
20210106155632	30.6923
20210106155632	30.6923
20210106155632	30.6923
20210106155632	30.6923
20210106155632	30.6923
20210106155632	30.6923
20210106155632	30.6923
20210106155632	30.6923
20210106155632	30.6923
20210106155632	30.6923
20210106155632	30.6923
20210106155632	30.6923
20210106155632	30.6923
20210106155632	30.6923
20210106155632	30.6923
20210106155632	30.6923
20210106155632	30.6923
20210106155632	30.6923
20210106155632	30.6923
20210106155632	30.6923
20210106155632	30.6923
20210106155632	30.6923
20210106155633	30.6923
20210106155633	30.6923
20210106155633	30.6923
20210106155633	30.6923
20210106155633	30.6923
20210106155633	30.6923
20210106155633	30.6923
20210106155633	30.6923
20210106155633	30.6923
20210106155633	30.6923
20210106155633	30.6923
20210106155633	30.6923
20210106155633	30.6923
20210106155633	30.6923
20210106155633	30.6923
20210106155633	30.6923
20210106155633	30.6923
20210106155633	30.6923
20210106155633	30.6923
20210106155633	30.6923
20210106155633	30.6923
20210106155633	30.6923
20210106155634	30.6923
20210106155634	30.6923
20210106155634	30.6923
20210106155634	30.6923
20210106155634	30.6923
20210106155634	30.6923
20210106155634	30.6923
20210106155634	30.6923
20210106155634	30.6923
20210106155634	30.6923
20210106155634	30.6923
20210106155634	30.6923
20210106155634	30.6923
20210106155634	30.6923
20210106155634	30.6923
20210106155634	30.6923
20210106155634	30.6923
20210106155634	30.6923
20210106155634	30.6923
20210106155634	30.6923
20210106155634	30.6923
20210106155634	30.6923
20210106155634	30.6923
20210106155634	30.6923
20210106155634	30.6923
20210106155634	30.6923
20210106155634	30.6923
20210106155634	30.6923
20210106155634	30.6923
20210106155634	30.6923
20210106155634	30.6923
20210106155634	30.6923
20210106155634	30.6923
20210106155634	30.6923
20210106155634	30.6923
20210106155634	30.6923
20210106155634	30.6923
20210106155634	30.6923
20210106155634	30.6923
20210106155634	30.6923
20210106155634	30.6923
20210106155634	30.6923
20210106155634	30.6923
20210106155634	30.6923
20210106155635	30.6923
20210106155635	30.6923
20210106155635	30.6923
20210106155635	30.6923
20210106155635	30.6923
20210106155635	30.6923
20210106155635	30.6923
20210106155635	30.6923
20210106155635	30.6923
20210106155635	30.6923
20210106155635	30.6923
20210106155635	30.6923
20210106155635	30.6923
20210106155635	30.6923
20210106155635	30.6923
20210106155635	30.6923
20210106155635	30.6923
20210106155635	30.6923
20210106155635	30.6923
20210106155635	30.6923
20210106155635	30.6923
20210106155635	30.6923
20210106155635	30.6923
20210106155635	30.6923
20210106155635	30.6923
20210106155635	30.6923
20210106155635	30.6923
20210106155635	30.6923
20210106155635	30.6923
20210106155635	30.6923
20210106155635	30.6923
20210106155635	30.6923
20210106155635	30.6923
20210106155635	30.6923
20210106155635	30.6923
20210106155635	30.6923
20210106155635	30.6923
20210106155635	30.6923
20210106155635	30.6923
20210106155635	30.6923
20210106155635	30.6923
20210106155635	30.6923
20210106155635	30.6923
20210106155635	30.6923
20210106155635	30.6923
20210106155635	30.6923
20210106155635	30.6923
20210106155635	30.6923
20210106155635	30.6923
20210106155635	30.6923
20210106155635	30.6923
20210106155635	30.6923
20210106155635	30.6923
20210106155635	30.6923
20210106155635	30.6923
20210106155635	30.6923
20210106155635	30.6923
20210106155635	30.6923
20210106155636	30.6923
20210106155636	30.6923
20210106155636	30.6923
20210106155636	30.6923
20210106155636	30.6923
20210106155636	30.6923
20210106155636	30.6923
20210106155636	30.6923
20210106155636	30.6923
20210106155636	30.6923
20210106155636	30.6923
20210106155636	30.6923
20210106155636	30.6923
20210106155636	30.6923
20210106155636	30.6923
20210106155636	30.6923
20210106155636	30.6923
20210106155636	30.6923
20210106155636	30.6923
20210106155636	30.6923
20210106155636	30.6923
20210106155636	30.6923
20210106155636	30.6923
20210106155636	30.6923
20210106155636	30.6923
20210106155636	30.6923
20210106155636	30.6923
20210106155636	30.6923
20210106155636	30.6923
20210106155636	30.6923
20210106155636	30.6923
20210106155636	30.6923
20210106155636	30.6923
20210106155636	30.6923
20210106155636	30.6923
20210106155636	30.6923
20210106155636	30.6923
20210106155636	30.6923
20210106155636	30.6923
20210106155636	30.6923
20210106155636	30.6923
20210106155636	30.6923
20210106155636	30.6923
20210106155636	30.6923
20210106155636	30.6923
20210106155636	30.6923
20210106155636	30.6923
20210106155636	30.6923
20210106155636	30.6923
20210106155636	30.6923
20210106155636	30.6923
20210106155636	30.6923
20210106155637	30.6923
20210106155637	30.6923
20210106155637	30.6923
20210106155637	30.6923
20210106155637	30.6923
20210106155637	30.6923
20210106155637	30.6923
20210106155637	30.6923
20210106155637	30.6923
20210106155637	30.6923
20210106155637	30.6923
20210106155637	30.6923
20210106155637	30.6923
20210106155637	30.6923
20210106155637	30.6923
20210106155637	30.6923
20210106155637	30.6923
20210106155637	30.6923
20210106155637	30.6923
20210106155637	30.6923
20210106155637	30.6923
20210106155637	30.6923
20210106155637	30.6923
20210106155637	30.6923
20210106155637	30.6923
20210106155637	30.6923
20210106155637	30.6923
20210106155637	30.6923
20210106155637	30.6923
20210106155637	30.6923
20210106155637	30.6923
20210106155637	30.6923
20210106155637	30.6923
20210106155637	30.6923
20210106155637	30.6923
20210106155637	30.6923
20210106155637	30.6923
20210106155637	30.6923
20210106155637	30.6923
20210106155637	30.6923
20210106155637	30.6923
20210106155637	30.6923
20210106155637	30.6923
20210106155637	30.6923
20210106155638	30.6923
20210106155638	30.6923
20210106155638	30.6923
20210106155638	30.6923
20210106155638	30.6923
20210106155638	30.6923
20210106155638	30.6923
20210106155638	30.6923
20210106155638	30.6923
20210106155638	30.6923
20210106155638	30.6923
20210106155638	30.6923
20210106155638	30.6923
20210106155638	30.6923
20210106155638	30.6923
20210106155638	30.6923
20210106155638	30.6923
20210106155638	30.6923
20210106155638	30.6923
20210106155638	30.6923
20210106155638	30.6923
20210106155638	30.6923
20210106155638	30.6923
20210106155638	30.6923
20210106155638	30.6923
20210106155638	30.6923
20210106155638	30.6923
20210106155638	30.6923
20210106155638	30.6923
20210106155638	30.6923
20210106155638	30.6923
20210106155638	30.6923
20210106155638	30.6923
20210106155638	30.6923
20210106155638	30.6923
20210106155638	30.6923
20210106155638	30.6923
20210106155638	30.6923
20210106155638	30.6923
20210106155638	30.6923
20210106155638	30.6923
20210106155638	30.6923
20210106155638	30.6923
20210106155638	30.6923
20210106155638	30.6923
20210106155638	30.6923
20210106155638	30.6923
20210106155638	30.6923
20210106155639	30.6923
20210106155639	30.6923
20210106155639	30.6923
20210106155639	30.6923
20210106155639	30.6923
20210106155639	30.6923
20210106155639	30.6923
20210106155639	30.6923
20210106155639	30.6923
20210106155639	30.6923
20210106155639	30.6923
20210106155639	30.6923
20210106155639	30.6923
20210106155639	30.6923
20210106155639	30.6923
20210106155639	30.6923
20210106155639	30.6923
20210106155639	30.6923
20210106155639	30.6923
20210106155639	30.6923
20210106155639	30.6923
20210106155639	30.6923
20210106155640	30.6923
20210106155640	30.6923
20210106155640	30.6923
20210106155640	30.6923
20210106155640	30.6923
20210106155640	30.6923
20210106155640	30.6923
20210106155640	30.6923
20210106155640	30.6923
20210106155640	30.6923
20210106155640	30.6923
20210106155640	30.6923
20210106155640	30.6923
20210106155640	30.6923
20210106155640	30.6923
20210106155640	30.6923
20210106155640	30.6923
20210106155640	30.6923
20210106155640	30.6923
20210106155640	30.6923
20210106155640	30.6923
20210106155640	30.6923
20210106155640	30.6923
20210106155640	30.6923
20210106155640	30.6923
20210106155640	30.6923
20210106155640	30.6923
20210106155640	30.6923
20210106155640	30.6923
20210106155640	30.6923
20210106155640	30.6923
20210106155640	30.6923
20210106155640	30.6923
20210106155640	30.6923
20210106155640	30.6923
20210106155640	30.6923
20210106155640	30.6923
20210106155640	30.6923
20210106155640	30.6923
20210106155640	30.6923
20210106155640	30.6923
20210106155640	30.6923
20210106155640	30.6923
20210106155640	30.6923
20210106155640	30.6923
20210106155640	30.6923
20210106155641	30.6923
20210106155641	30.6923
20210106155641	30.6923
20210106155641	30.6923
20210106155641	30.6923
20210106155641	30.6923
20210106155641	30.6923
20210106155641	30.6923
20210106155641	30.6923
20210106155641	30.6923
20210106155641	30.6923
20210106155641	30.6923
20210106155641	30.6923
20210106155641	30.6923
20210106155641	30.6923
20210106155641	30.6923
20210106155641	30.6923
20210106155641	30.6923
20210106155641	30.6923
20210106155641	30.6923
20210106155641	30.6923
20210106155641	30.6923
20210106155641	30.6923
20210106155641	30.6923
20210106155641	30.6923
20210106155641	30.6923
20210106155641	30.6923
20210106155641	30.6923
20210106155641	30.6923
20210106155641	30.6923
20210106155641	30.6923
20210106155641	30.6923
20210106155641	30.6923
20210106155641	30.6923
20210106155641	30.6923
20210106155641	30.6923
20210106155641	30.6923
20210106155641	30.6923
20210106155641	30.6923
20210106155641	30.6923
20210106155641	30.6923
20210106155641	30.6923
20210106155641	30.6923
20210106155641	30.6923
20210106155641	30.6923
20210106155641	30.6923
20210106155641	30.6923
20210106155641	30.6923
20210106155641	30.6923
20210106155641	30.6923
20210106155641	30.6923
20210106155641	30.6923
20210106155641	30.6923
20210106155641	30.6923
20210106155641	30.6923
20210106155641	30.6923
20210106155641	30.6923
20210106155641	30.6923
20210106155641	30.6923
20210106155641	30.6923
20210106155641	30.6923
20210106155641	30.6923
20210106155641	30.6923
20210106155641	30.6923
20210106155641	30.6923
20210106155641	30.6923
20210106155641	30.6923
20210106155641	30.6923
20210106155641	30.6923
20210106155641	30.6923
20210106155641	30.6923
20210106155641	30.6923
20210106155641	30.6923
20210106155641	30.6923
20210106155642	30.6923
20210106155642	30.6923
20210106155642	30.6923
20210106155642	30.6923
20210106155642	30.6923
20210106155642	30.6923
20210106155642	30.6923
20210106155642	30.6923
20210106155642	30.6923
20210106155642	30.6923
20210106155642	30.6923
20210106155642	30.6923
20210106155642	30.6923
20210106155642	30.6923
20210106155642	30.6923
20210106155642	30.6923
20210106155642	30.6923
20210106155642	30.6923
20210106155642	30.6923
20210106155642	30.6923
20210106155642	30.6923
20210106155642	30.6923
20210106155642	30.6923
20210106155642	30.6923
20210106155642	30.6923
20210106155642	30.6923
20210106155642	30.6923
20210106155642	30.6923
20210106155642	30.6923
20210106155642	30.6923
20210106155642	30.6923
20210106155642	30.6923
20210106155642	30.6923
20210106155642	30.6923
20210106155642	30.6923
20210106155642	30.6923
20210106155642	30.6923
20210106155642	30.6923
20210106155642	30.6923
20210106155642	30.6923
20210106155642	30.6923
20210106155642	30.6923
20210106155642	30.6923
20210106155642	30.6923
20210106155642	30.6923
20210106155642	30.6923
20210106155642	30.6923
20210106155642	30.6923
20210106155642	30.6923
20210106155642	30.6923
20210106155643	30.6923
20210106155643	30.6923
20210106155643	30.6923
20210106155643	30.6923
20210106155643	30.6923
20210106155643	30.6923
20210106155643	30.6923
20210106155643	30.6923
20210106155643	30.6923
20210106155643	30.6923
20210106155643	30.6923
20210106155643	30.6923
20210106155643	30.6923
20210106155643	30.6923
20210106155643	30.6923
20210106155643	30.6923
20210106155643	30.6923
20210106155643	30.6923
20210106155643	30.6923
20210106155643	30.6923
20210106155643	30.6923
20210106155643	30.6923
20210106155643	30.6923
20210106155643	30.6923
20210106155643	30.6923
20210106155643	30.6923
20210106155643	30.6923
20210106155643	30.6923
20210106155643	30.6923
20210106155643	30.6923
20210106155643	30.6923
20210106155643	30.6923
20210106155643	30.6923
20210106155643	30.6923
20210106155643	30.6923
20210106155643	30.6923
20210106155643	30.6923
20210106155643	30.6923
20210106155643	30.6923
20210106155643	30.6923
20210106155643	30.6923
20210106155643	30.6923
20210106155643	30.6923
20210106155643	30.6923
20210106155643	30.6923
20210106155643	30.6923
20210106155643	30.6923
20210106155643	30.6923
20210106155643	30.6923
20210106155643	30.6923
20210106155643	30.6923
20210106155643	30.6923
20210106155643	30.6923
20210106155643	30.6923
20210106155643	30.6923
20210106155643	30.6923
20210106155643	30.6923
20210106155643	30.6923
20210106155643	30.6923
20210106155643	30.6923
20210106155643	30.6923
20210106155643	30.6923
20210106155643	30.6923
20210106155644	30.6923
20210106155644	30.6923
20210106155644	30.6923
20210106155644	30.6923
20210106155644	30.6923
20210106155644	30.6923
20210106155644	30.6923
20210106155644	30.6923
20210106155644	30.6923
20210106155644	30.6923
20210106155644	30.6923
20210106155644	30.6923
20210106155644	30.6923
20210106155644	30.6923
20210106155644	30.6923
20210106155644	30.6923
20210106155644	30.6923
20210106155644	30.6923
20210106155644	30.6923
20210106155644	30.6923
20210106155644	30.6923
20210106155644	30.6923
20210106155644	30.6923
20210106155644	30.6923
20210106155644	30.6923
20210106155644	30.6923
20210106155644	30.6923
20210106155644	30.6923
20210106155644	30.6923
20210106155644	30.6923
20210106155644	30.6923
20210106155644	30.6923
20210106155644	30.6923
20210106155644	30.6923
20210106155644	30.6923
20210106155644	30.6923
20210106155644	30.6923
20210106155644	30.6923
20210106155644	30.6923
20210106155644	30.6923
20210106155644	30.6923
20210106155645	30.6923
20210106155645	30.6923
20210106155645	30.6923
20210106155645	30.6923
20210106155645	30.6923
20210106155645	30.6923
20210106155645	30.6923
20210106155645	30.6923
20210106155645	30.6923
20210106155645	30.6923
20210106155645	30.6923
20210106155645	30.6923
20210106155645	30.6923
20210106155645	30.6923
20210106155645	30.6923
20210106155645	30.6923
20210106155645	30.6923
20210106155645	30.6923
20210106155645	30.6923
20210106155645	30.6923
20210106155645	30.6923
20210106155645	30.6923
20210106155645	30.6923
20210106155645	30.6923
20210106155645	30.6923
20210106155645	30.6923
20210106155645	30.6923
20210106155645	30.6923
20210106155645	30.6923
20210106155645	30.6923
20210106155645	30.6923
20210106155645	30.6923
20210106155645	30.6923
20210106155645	30.6923
20210106155645	30.6923
20210106155645	30.6923
20210106155645	30.6923
20210106155645	30.6923
20210106155645	30.6923
20210106155645	30.6923
20210106155645	30.6923
20210106155645	30.6923
20210106155645	30.6923
20210106155645	30.6923
20210106155645	30.6923
20210106155645	30.6923
20210106155645	30.6923
20210106155645	30.6923
20210106155645	30.6923
20210106155645	30.6923
20210106155645	30.6923
20210106155645	30.6923
20210106155645	30.6923
20210106155646	30.6923
20210106155646	30.6923
20210106155646	30.6923
20210106155646	30.6923
20210106155646	30.6923
20210106155646	30.6923
20210106155646	30.6923
20210106155646	30.6923
20210106155646	30.6923
20210106155646	30.6923
20210106155646	30.6923
20210106155646	30.6923
20210106155646	30.6923
20210106155646	30.6923
20210106155646	30.6923
20210106155646	30.6923
20210106155646	30.6923
20210106155646	30.6923
20210106155646	30.6923
20210106155646	30.6923
20210106155646	30.6923
20210106155646	30.6923
20210106155646	30.6923
20210106155646	30.6923
20210106155646	30.6923
20210106155646	30.6923
20210106155646	30.6923
20210106155646	30.6923
20210106155646	30.6923
20210106155646	30.6923
20210106155646	30.6923
20210106155646	30.6923
20210106155646	30.6923
20210106155646	30.6923
20210106155646	30.6923
20210106155646	30.6923
20210106155646	30.6923
20210106155646	30.6923
20210106155646	30.6923
20210106155646	30.6923
20210106155646	30.6923
20210106155646	30.6923
20210106155647	30.6923
20210106155647	30.6923
20210106155647	30.6923
20210106155647	30.6923
20210106155647	30.6923
20210106155647	30.6923
20210106155647	30.6923
20210106155647	30.6923
20210106155647	30.6923
20210106155647	30.6923
20210106155647	30.6923
20210106155647	30.6923
20210106155647	30.6923
20210106155647	30.6923
20210106155647	30.6923
20210106155647	30.6923
20210106155647	30.6923
20210106155647	30.6923
20210106155647	30.6923
20210106155647	30.6923
20210106155647	30.6923
20210106155647	30.6923
20210106155647	30.6923
20210106155647	30.6923
20210106155647	30.6923
20210106155647	30.6923
20210106155647	30.6923
20210106155647	30.6923
20210106155647	30.6923
20210106155647	30.6923
20210106155647	30.6923
