20210111114515	1000
20210111114515	1000
20210111114515	1000
20210111114515	1000
20210111114515	1000
20210111114515	1000
20210111114515	1000
20210111114515	1000
20210111114515	1000
20210111114515	1000
20210111114515	1000
20210111114515	1000
20210111114515	1000
20210111114515	1000
20210111114515	1000
20210111114515	1000
20210111114515	1000
20210111114515	1000
20210111114515	1000
20210111114515	1000
20210111114515	1000
20210111114515	1000
20210111114515	1000
20210111114515	1000
20210111114515	1000
20210111114515	1000
20210111114515	1000
20210111114515	1000
20210111114515	1000
20210111114515	1000
20210111114515	1000
20210111114515	1000
20210111114515	1000
20210111114515	1000
20210111114515	1000
20210111114515	1000
20210111114515	1000
20210111114515	1000
20210111114515	1000
20210111114515	1000
20210111114515	1000
20210111114515	1000
20210111114515	1000
20210111114515	1000
20210111114515	1000
20210111114515	1000
20210111114515	1000
20210111114515	1000
20210111114515	1000
20210111114515	1000
20210111114515	1000
20210111114515	1000
20210111114515	1000
20210111114515	1000
20210111114515	1000
20210111114515	1000
20210111114515	1000
20210111114515	1000
20210111114515	1000
20210111114515	1000
20210111114515	1000
20210111114515	1000
20210111114515	1000
20210111114515	1000
20210111114515	1000
20210111114515	1000
20210111114515	1000
20210111114515	1000
20210111114515	1000
20210111114515	1000
20210111114515	1000
20210111114515	1000
20210111114515	1000
20210111114515	1000
20210111114515	1000
20210111114515	1000
20210111114515	1000
20210111114515	1000
20210111114515	1000
20210111114515	1000
20210111114515	1000
20210111114515	1000
20210111114515	1000
20210111114515	1000
20210111114515	1000
20210111114515	1000
20210111114515	1000
20210111114515	1000
20210111114515	1000
20210111114515	1000
20210111114515	1000
20210111114515	1000
20210111114516	1000
20210111114516	1000
20210111114516	1000
20210111114516	1000
20210111114516	1000
20210111114516	1000
20210111114516	1000
20210111114516	1000
20210111114516	1000
20210111114516	1000
20210111114516	1000
20210111114516	1000
20210111114516	1000
20210111114516	1000
20210111114516	1000
20210111114516	1000
20210111114516	1000
20210111114516	1000
20210111114516	1000
20210111114516	1000
20210111114516	1000
20210111114516	1000
20210111114516	1000
20210111114516	1000
20210111114516	1000
20210111114516	1000
20210111114516	1000
20210111114516	1000
20210111114516	1000
20210111114516	1000
20210111114516	1000
20210111114516	1000
20210111114516	1000
20210111114516	1000
20210111114516	1000
20210111114516	1000
20210111114516	1000
20210111114516	1000
20210111114516	1000
20210111114516	1000
20210111114516	1000
20210111114516	1000
20210111114516	1000
20210111114516	1000
20210111114516	1000
20210111114516	1000
20210111114516	1000
20210111114516	1000
20210111114516	1000
20210111114516	1000
20210111114516	1000
20210111114516	1000
20210111114516	1000
20210111114516	1000
20210111114516	1000
20210111114516	1000
20210111114516	1000
20210111114516	1000
20210111114516	1000
20210111114516	1000
20210111114516	1000
20210111114516	1000
20210111114516	1000
20210111114516	1000
20210111114516	1000
20210111114516	1000
20210111114516	1000
20210111114516	1000
20210111114516	1000
20210111114516	1000
20210111114516	1000
20210111114516	1000
20210111114516	1000
20210111114516	1000
20210111114516	1000
20210111114516	1000
20210111114516	1000
20210111114516	1000
20210111114516	1000
20210111114516	1000
20210111114516	1000
20210111114516	1000
20210111114516	1000
20210111114516	1000
20210111114516	1000
20210111114516	1000
20210111114516	1000
20210111114516	1000
20210111114516	1000
20210111114516	1000
20210111114516	1000
20210111114516	1000
20210111114516	1000
20210111114516	1000
20210111114516	1000
20210111114516	1000
20210111114516	1000
20210111114516	1000
20210111114516	1000
20210111114516	1000
20210111114517	1000
20210111114517	1000
20210111114517	1000
20210111114517	1000
20210111114517	1000
20210111114517	1000
20210111114517	1000
20210111114517	1000
20210111114517	1000
20210111114517	1000
20210111114517	1000
20210111114517	1000
20210111114517	1000
20210111114517	1000
20210111114517	1000
20210111114517	1000
20210111114517	1000
20210111114517	1000
20210111114517	1000
20210111114517	1000
20210111114517	1000
20210111114517	1000
20210111114517	1000
20210111114517	1000
20210111114517	1000
20210111114517	1000
20210111114517	1000
20210111114517	1000
20210111114517	1000
20210111114517	1000
20210111114517	1000
20210111114517	1000
20210111114517	1000
20210111114517	1000
20210111114517	1000
20210111114517	1000
20210111114517	1000
20210111114517	1000
20210111114517	1000
20210111114517	1000
20210111114517	1000
20210111114517	1000
20210111114517	1000
20210111114517	1000
20210111114517	1000
20210111114517	1000
20210111114517	1000
20210111114517	1000
20210111114517	1000
20210111114517	1000
20210111114517	1000
20210111114517	1000
20210111114517	1000
20210111114517	1000
20210111114517	1000
20210111114517	1000
20210111114517	1000
20210111114517	1000
20210111114517	1000
20210111114517	1000
20210111114517	1000
20210111114517	1000
20210111114517	1000
20210111114517	1000
20210111114517	1000
20210111114517	1000
20210111114517	1000
20210111114517	1000
20210111114517	1000
20210111114517	1000
20210111114517	1000
20210111114517	1000
20210111114517	1000
20210111114517	1000
20210111114517	1000
20210111114517	1000
20210111114517	1000
20210111114517	1000
20210111114517	1000
20210111114517	1000
20210111114517	1000
20210111114517	1000
20210111114517	1000
20210111114517	1000
20210111114517	1000
20210111114517	1000
20210111114517	1000
20210111114517	1000
20210111114517	1000
20210111114517	1000
20210111114517	1000
20210111114517	1000
20210111114517	1000
20210111114517	1000
20210111114517	1000
20210111114517	1000
20210111114517	1000
20210111114517	1000
20210111114517	1000
20210111114517	1000
20210111114518	1000
20210111114518	1000
20210111114518	1000
20210111114518	1000
20210111114518	1000
20210111114518	1000
20210111114518	1000
20210111114518	1000
20210111114518	1000
20210111114518	1000
20210111114518	1000
20210111114518	1000
20210111114518	1000
20210111114518	1000
20210111114518	1000
20210111114518	1000
20210111114518	1000
20210111114518	1000
20210111114518	1000
20210111114518	1000
20210111114518	1000
20210111114518	1000
20210111114518	1000
20210111114518	1000
20210111114518	1000
20210111114518	1000
20210111114518	1000
20210111114518	1000
20210111114518	1000
20210111114518	1000
20210111114518	1000
20210111114518	1000
20210111114518	1000
20210111114518	1000
20210111114518	1000
20210111114518	1000
20210111114518	1000
20210111114518	1000
20210111114518	1000
20210111114518	1000
20210111114518	1000
20210111114518	1000
20210111114518	1000
20210111114518	1000
20210111114518	1000
20210111114518	1000
20210111114518	1000
20210111114518	1000
20210111114518	1000
20210111114518	1000
20210111114518	1000
20210111114518	1000
20210111114518	1000
20210111114518	1000
20210111114518	1000
20210111114518	1000
20210111114518	1000
20210111114518	1000
20210111114518	1000
20210111114518	1000
20210111114518	1000
20210111114518	1000
20210111114518	1000
20210111114518	1000
20210111114518	1000
20210111114518	1000
20210111114518	1000
20210111114518	1000
20210111114518	1000
20210111114518	1000
20210111114518	1000
20210111114518	1000
20210111114518	1000
20210111114518	1000
20210111114518	1000
20210111114518	1000
20210111114518	1000
20210111114518	1000
20210111114518	1000
20210111114518	1000
20210111114518	1000
20210111114518	1000
20210111114518	1000
20210111114518	1000
20210111114518	1000
20210111114518	1000
20210111114518	1000
20210111114518	1000
20210111114518	1000
20210111114518	1000
20210111114518	1000
20210111114518	1000
20210111114518	1000
20210111114518	1000
20210111114518	1000
20210111114518	1000
20210111114518	1000
20210111114518	1000
20210111114518	1000
20210111114518	1000
20210111114519	1000
20210111114519	1000
20210111114519	1000
20210111114519	1000
20210111114519	1000
20210111114519	1000
20210111114519	1000
20210111114519	1000
20210111114519	1000
20210111114519	1000
20210111114519	1000
20210111114519	1000
20210111114519	1000
20210111114519	1000
20210111114519	1000
20210111114519	1000
20210111114519	1000
20210111114519	1000
20210111114519	1000
20210111114519	1000
20210111114519	1000
20210111114519	1000
20210111114519	1000
20210111114519	1000
20210111114519	1000
20210111114519	1000
20210111114519	1000
20210111114519	1000
20210111114519	1000
20210111114519	1000
20210111114519	1000
20210111114519	1000
20210111114519	1000
20210111114519	1000
20210111114519	1000
20210111114519	1000
20210111114519	1000
20210111114519	1000
20210111114519	1000
20210111114519	1000
20210111114519	1000
20210111114519	1000
20210111114519	1000
20210111114519	1000
20210111114519	1000
20210111114519	1000
20210111114519	1000
20210111114519	1000
20210111114519	1000
20210111114519	1000
20210111114519	1000
20210111114519	1000
20210111114519	1000
20210111114519	1000
20210111114519	1000
20210111114519	1000
20210111114519	1000
20210111114519	1000
20210111114519	1000
20210111114519	1000
20210111114519	1000
20210111114519	1000
20210111114519	1000
20210111114519	1000
20210111114519	1000
20210111114519	1000
20210111114519	1000
20210111114519	1000
20210111114519	1000
20210111114519	1000
20210111114519	1000
20210111114519	1000
20210111114519	1000
20210111114519	1000
20210111114519	1000
20210111114519	1000
20210111114519	1000
20210111114519	1000
20210111114519	1000
20210111114519	1000
20210111114519	1000
20210111114519	1000
20210111114519	1000
20210111114519	1000
20210111114519	1000
20210111114519	1000
20210111114519	1000
20210111114519	1000
20210111114519	1000
20210111114519	1000
20210111114519	1000
20210111114519	1000
20210111114519	1000
20210111114519	1000
20210111114519	1000
20210111114519	1000
20210111114519	1000
20210111114519	1000
20210111114519	1000
20210111114519	1000
20210111114520	1000
20210111114520	1000
20210111114520	1000
20210111114520	1000
20210111114520	1000
20210111114520	1000
20210111114520	1000
20210111114520	1000
20210111114520	1000
20210111114520	1000
20210111114520	1000
20210111114520	1000
20210111114520	1000
20210111114520	1000
20210111114520	1000
20210111114520	1000
20210111114520	1000
20210111114520	1000
20210111114520	1000
20210111114520	1000
20210111114520	1000
20210111114520	1000
20210111114520	1000
20210111114520	1000
20210111114520	1000
20210111114520	1000
20210111114520	1000
20210111114520	1000
20210111114520	1000
20210111114520	1000
20210111114520	1000
20210111114520	1000
20210111114520	1000
20210111114520	1000
20210111114520	1000
20210111114520	1000
20210111114520	1000
20210111114520	1000
20210111114520	1000
20210111114520	1000
20210111114520	1000
20210111114520	1000
20210111114520	1000
20210111114520	1000
20210111114520	1000
20210111114520	1000
20210111114520	1000
20210111114520	1000
20210111114520	1000
20210111114520	1000
20210111114520	1000
20210111114520	1000
20210111114520	1000
20210111114520	1000
20210111114520	1000
20210111114520	1000
20210111114520	1000
20210111114520	1000
20210111114520	1000
20210111114520	1000
20210111114520	1000
20210111114520	1000
20210111114520	1000
20210111114520	1000
20210111114520	1000
20210111114520	1000
20210111114520	1000
20210111114520	1000
20210111114520	1000
20210111114520	1000
20210111114520	1000
20210111114520	1000
20210111114520	1000
20210111114520	1000
20210111114520	1000
20210111114520	1000
20210111114520	1000
20210111114520	1000
20210111114520	1000
20210111114520	1000
20210111114520	1000
20210111114520	1000
20210111114520	1000
20210111114520	1000
20210111114520	1000
20210111114520	1000
20210111114520	1000
20210111114520	1000
20210111114520	1000
20210111114520	1000
20210111114520	1000
20210111114520	1000
20210111114520	1000
20210111114520	1000
20210111114520	1000
20210111114520	1000
20210111114520	1000
20210111114520	1000
20210111114520	1000
20210111114520	1000
20210111114521	1000
20210111114521	1000
20210111114521	1000
20210111114521	1000
20210111114521	1000
20210111114521	1000
20210111114521	1000
20210111114521	1000
20210111114521	1000
20210111114521	1000
20210111114521	1000
20210111114521	1000
20210111114521	1000
20210111114521	1000
20210111114521	1000
20210111114521	1000
20210111114521	1000
20210111114521	1000
20210111114521	1000
20210111114521	1000
20210111114521	1000
20210111114521	1000
20210111114521	1000
20210111114521	1000
20210111114521	1000
20210111114521	1000
20210111114521	1000
20210111114521	1000
20210111114521	1000
20210111114521	1000
20210111114521	1000
20210111114521	1000
20210111114521	1000
20210111114521	1000
20210111114521	1000
20210111114521	1000
20210111114521	1000
20210111114521	1000
20210111114521	1000
20210111114521	1000
20210111114521	1000
20210111114521	1000
20210111114521	1000
20210111114521	1000
20210111114521	1000
20210111114521	1000
20210111114521	1000
20210111114521	1000
20210111114521	1000
20210111114521	1000
20210111114521	1000
20210111114521	1000
20210111114521	1000
20210111114521	1000
20210111114521	1000
20210111114521	1000
20210111114521	1000
20210111114521	1000
20210111114521	1000
20210111114521	1000
20210111114521	1000
20210111114521	1000
20210111114521	1000
20210111114521	1000
20210111114521	1000
20210111114521	1000
20210111114521	1000
20210111114521	1000
20210111114521	1000
20210111114521	1000
20210111114521	1000
20210111114521	1000
20210111114521	1000
20210111114521	1000
20210111114521	1000
20210111114521	1000
20210111114521	1000
20210111114521	1000
20210111114521	1000
20210111114521	1000
20210111114521	1000
20210111114521	1000
20210111114521	1000
20210111114521	1000
20210111114521	1000
20210111114521	1000
20210111114521	1000
20210111114521	1000
20210111114521	1000
20210111114521	1000
20210111114521	1000
20210111114521	1000
20210111114521	1000
20210111114521	1000
20210111114521	1000
20210111114521	1000
20210111114521	1000
20210111114521	1000
20210111114521	1000
20210111114521	1000
20210111114522	1000
20210111114522	1000
20210111114522	1000
20210111114522	1000
20210111114522	1000
20210111114522	1000
20210111114522	1000
20210111114522	1000
20210111114522	1000
20210111114522	1000
20210111114522	1000
20210111114522	1000
20210111114522	1000
20210111114522	1000
20210111114522	1000
20210111114522	1000
20210111114522	1000
20210111114522	1000
20210111114522	1000
20210111114522	1000
20210111114522	1000
20210111114522	1000
20210111114522	1000
20210111114522	1000
20210111114522	1000
20210111114522	1000
20210111114522	1000
20210111114522	1000
20210111114522	1000
20210111114522	1000
20210111114522	1000
20210111114522	1000
20210111114522	1000
20210111114522	1000
20210111114522	1000
20210111114522	1000
20210111114522	1000
20210111114522	1000
20210111114522	1000
20210111114522	1000
20210111114522	1000
20210111114522	1000
20210111114522	1000
20210111114522	1000
20210111114522	1000
20210111114522	1000
20210111114522	1000
20210111114522	1000
20210111114522	1000
20210111114522	1000
20210111114522	1000
20210111114522	1000
20210111114522	1000
20210111114522	1000
20210111114522	1000
20210111114522	1000
20210111114522	1000
20210111114522	1000
20210111114522	1000
20210111114522	1000
20210111114522	1000
20210111114522	1000
20210111114522	1000
20210111114522	1000
20210111114522	1000
20210111114522	1000
20210111114522	1000
20210111114522	1000
20210111114522	1000
20210111114522	1000
20210111114522	1000
20210111114522	1000
20210111114522	1000
20210111114522	1000
20210111114522	1000
20210111114522	1000
20210111114522	1000
20210111114522	1000
20210111114522	1000
20210111114522	1000
20210111114522	1000
20210111114522	1000
20210111114522	1000
20210111114522	1000
20210111114522	1000
20210111114522	1000
20210111114522	1000
20210111114522	1000
20210111114522	1000
20210111114522	1000
20210111114522	1000
20210111114522	1000
20210111114522	1000
20210111114522	1000
20210111114522	1000
20210111114522	1000
20210111114522	1000
20210111114522	1000
20210111114522	1000
20210111114522	1000
20210111114523	1000
20210111114523	1000
20210111114523	1000
20210111114523	1000
20210111114523	1000
20210111114523	1000
20210111114523	1000
20210111114523	1000
20210111114523	1000
20210111114523	1000
20210111114523	1000
20210111114523	1000
20210111114523	1000
20210111114523	1000
20210111114523	1000
20210111114523	1000
20210111114523	1000
20210111114523	1000
20210111114523	1000
20210111114523	1000
20210111114523	1000
20210111114523	1000
20210111114523	1000
20210111114523	1000
20210111114523	1000
20210111114523	1000
20210111114523	1000
20210111114523	1000
20210111114523	1000
20210111114523	1000
20210111114523	1000
20210111114523	1000
20210111114523	1000
20210111114523	1000
20210111114523	1000
20210111114523	1000
20210111114523	1000
20210111114523	1000
20210111114523	1000
20210111114523	1000
20210111114523	1000
20210111114523	1000
20210111114523	1000
20210111114523	1000
20210111114523	1000
20210111114523	1000
20210111114523	1000
20210111114523	1000
20210111114523	1000
20210111114523	1000
20210111114523	1000
20210111114523	1000
20210111114523	1000
20210111114523	1000
20210111114523	1000
20210111114523	1000
20210111114523	1000
20210111114523	1000
20210111114523	1000
20210111114523	1000
20210111114523	1000
20210111114523	1000
20210111114523	1000
20210111114523	1000
20210111114523	1000
20210111114523	1000
20210111114523	1000
20210111114523	1000
20210111114523	1000
20210111114523	1000
20210111114523	1000
20210111114523	1000
20210111114523	1000
20210111114523	1000
20210111114523	1000
20210111114523	1000
20210111114523	1000
20210111114523	1000
20210111114523	1000
20210111114523	1000
20210111114523	1000
20210111114523	1000
20210111114523	1000
20210111114523	1000
20210111114523	1000
20210111114523	1000
20210111114523	1000
20210111114523	1000
20210111114523	1000
20210111114523	1000
20210111114523	1000
20210111114523	1000
20210111114523	1000
20210111114523	1000
20210111114523	1000
20210111114523	1000
20210111114523	1000
20210111114523	1000
20210111114523	1000
20210111114523	1000
20210111114524	1000
20210111114524	1000
20210111114524	1000
20210111114524	1000
20210111114524	1000
20210111114524	1000
20210111114524	1000
20210111114524	1000
20210111114524	1000
20210111114524	1000
20210111114524	1000
20210111114524	1000
20210111114524	1000
20210111114524	1000
20210111114524	1000
20210111114524	1000
20210111114524	1000
20210111114524	1000
20210111114524	1000
20210111114524	1000
20210111114524	1000
20210111114524	1000
20210111114524	1000
20210111114524	1000
20210111114524	1000
20210111114524	1000
20210111114524	1000
20210111114524	1000
20210111114524	1000
20210111114524	1000
20210111114524	1000
20210111114524	1000
20210111114524	1000
20210111114524	1000
20210111114524	1000
20210111114524	1000
20210111114524	1000
20210111114524	1000
20210111114524	1000
20210111114524	1000
20210111114524	1000
20210111114524	1000
20210111114524	1000
20210111114524	1000
20210111114524	1000
20210111114524	1000
20210111114524	1000
20210111114524	1000
20210111114524	1000
20210111114524	1000
20210111114524	1000
20210111114524	1000
20210111114524	1000
20210111114524	1000
20210111114524	1000
20210111114524	1000
20210111114524	1000
20210111114524	1000
20210111114524	1000
20210111114524	1000
20210111114524	1000
20210111114524	1000
20210111114524	1000
20210111114524	1000
20210111114524	1000
20210111114524	1000
20210111114524	1000
20210111114524	1000
20210111114524	1000
20210111114524	1000
20210111114524	1000
20210111114524	1000
20210111114524	1000
20210111114524	1000
20210111114524	1000
20210111114524	1000
20210111114524	1000
20210111114524	1000
20210111114524	1000
20210111114524	1000
20210111114524	1000
20210111114524	1000
20210111114524	1000
20210111114524	1000
20210111114524	1000
20210111114524	1000
20210111114524	1000
20210111114524	1000
20210111114524	1000
20210111114524	1000
20210111114524	1000
20210111114524	1000
20210111114524	1000
20210111114524	1000
20210111114524	1000
20210111114524	1000
20210111114524	1000
20210111114524	1000
20210111114524	1000
20210111114524	1000
20210111114525	1000
20210111114525	1000
20210111114525	1000
20210111114525	1000
20210111114525	1000
20210111114525	1000
20210111114525	1000
20210111114525	1000
20210111114525	1000
20210111114525	1000
20210111114525	1000
20210111114525	1000
20210111114525	1000
20210111114525	1000
20210111114525	1000
20210111114525	1000
20210111114525	1000
20210111114525	1000
20210111114525	1000
20210111114525	1000
20210111114525	1000
20210111114525	1000
20210111114525	1000
20210111114525	1000
20210111114525	1000
20210111114525	1000
20210111114525	1000
20210111114525	1000
20210111114525	1000
20210111114525	1000
20210111114525	1000
20210111114525	1000
20210111114525	1137.43
20210111114525	1000
20210111114525	1000
20210111114525	1000
20210111114525	1000
20210111114525	1000
20210111114525	1000
20210111114525	1000
20210111114525	1000
20210111114525	1000
20210111114525	1428.65
20210111114525	1127.83
20210111114525	1203.03
20210111114525	1203.03
20210111114525	1203.03
20210111114525	1203.03
20210111114525	1203.03
20210111114525	1203.03
20210111114525	1203.03
20210111114525	1203.03
20210111114525	1682.61
20210111114525	1398.42
20210111114525	1469.47
20210111114525	1469.47
20210111114525	1469.47
20210111114525	1469.47
20210111114525	1469.47
20210111114525	1469.47
20210111114525	1469.47
20210111114525	1469.47
20210111114525	1982.09
20210111114525	1678.31
20210111114525	1754.26
20210111114525	1754.26
20210111114525	1754.26
20210111114525	1754.26
20210111114525	1754.26
20210111114525	1754.26
20210111114525	1754.26
20210111114525	1754.26
20210111114525	2000
20210111114525	1931.14
20210111114525	1995.46
20210111114525	1995.46
20210111114525	1995.46
20210111114525	1995.46
20210111114525	1995.46
20210111114525	1995.46
20210111114525	1995.46
20210111114525	1995.46
20210111114525	2000
20210111114525	2000
20210111114525	2000
20210111114525	2000
20210111114525	2000
20210111114525	2000
20210111114525	2000
20210111114525	2000
20210111114525	2000
20210111114525	2000
20210111114525	1507.7
20210111114525	1805.95
20210111114525	1731.39
20210111114525	1731.39
20210111114525	1731.39
20210111114525	1731.39
20210111114525	1731.39
20210111114525	1731.39
20210111114526	1731.39
20210111114526	1731.39
20210111114526	1579.07
20210111114526	1669.33
20210111114526	1646.77
20210111114526	1646.77
20210111114526	1646.77
20210111114526	1646.77
20210111114526	1646.77
20210111114526	1646.77
20210111114526	1646.77
20210111114526	1646.77
20210111114526	2000
20210111114526	1841.78
20210111114526	1912.69
20210111114526	1912.69
20210111114526	1912.69
20210111114526	1912.69
20210111114526	1912.69
20210111114526	1912.69
20210111114526	1912.69
20210111114526	1912.69
20210111114526	2000
20210111114526	2000
20210111114526	2000
20210111114526	2000
20210111114526	2000
20210111114526	2000
20210111114526	2000
20210111114526	2000
20210111114526	2000
20210111114526	2000
20210111114526	2000
20210111114526	2000
20210111114526	2000
20210111114526	2000
20210111114526	2000
20210111114526	2000
20210111114526	2000
20210111114526	2000
20210111114526	2000
20210111114526	2000
20210111114526	1797.48
20210111114526	1988.1
20210111114526	1940.45
20210111114526	1940.45
20210111114526	1940.45
20210111114526	1940.45
20210111114526	1940.45
20210111114526	1940.45
20210111114526	1940.45
20210111114526	1940.45
20210111114526	1640.98
20210111114526	1818.44
20210111114526	1774.08
20210111114526	1774.08
20210111114526	1774.08
20210111114526	1774.08
20210111114526	1774.08
20210111114526	1774.08
20210111114526	1774.08
20210111114526	1774.08
20210111114526	1742.6
20210111114526	1761.25
20210111114526	1756.59
20210111114526	1756.59
20210111114526	1756.59
20210111114526	1756.59
20210111114526	1756.59
20210111114526	1756.59
20210111114526	1756.59
20210111114526	1756.59
20210111114526	2000
20210111114526	1873.15
20210111114526	1915.53
20210111114526	1915.53
20210111114526	1915.53
20210111114526	1915.53
20210111114526	1915.53
20210111114526	1915.53
20210111114526	1915.53
20210111114526	1915.53
20210111114526	2000
20210111114526	2000
20210111114526	2000
20210111114526	2000
20210111114526	2000
20210111114526	2000
20210111114526	2000
20210111114526	2000
20210111114526	2000
20210111114526	2000
20210111114526	1920.7
20210111114526	1993.46
20210111114526	1975.27
20210111114526	1975.27
20210111114526	1975.27
20210111114526	1975.27
20210111114526	1975.27
20210111114526	1975.27
20210111114527	1975.27
20210111114527	1975.27
20210111114527	1529.36
20210111114527	1793.6
20210111114527	1727.54
20210111114527	1727.54
20210111114527	1727.54
20210111114527	1727.54
20210111114527	1727.54
20210111114527	1727.54
20210111114527	1727.54
20210111114527	1727.54
20210111114527	1260.87
20210111114527	1537.42
20210111114527	1468.28
20210111114527	1468.28
20210111114527	1468.28
20210111114527	1468.28
20210111114527	1468.28
20210111114527	1468.28
20210111114527	1468.28
20210111114527	1468.28
20210111114527	1444.03
20210111114527	1458.4
20210111114527	1454.81
20210111114527	1454.81
20210111114527	1454.81
20210111114527	1454.81
20210111114527	1454.81
20210111114527	1454.81
20210111114527	1454.81
20210111114527	1454.81
20210111114527	1751.23
20210111114527	1575.57
20210111114527	1619.48
20210111114527	1619.48
20210111114527	1619.48
20210111114527	1619.48
20210111114527	1619.48
20210111114527	1619.48
20210111114527	1619.48
20210111114527	1619.48
20210111114527	1993.08
20210111114527	1771.69
20210111114527	1827.04
20210111114527	1827.04
20210111114527	1827.04
20210111114527	1827.04
20210111114527	1827.04
20210111114527	1827.04
20210111114527	1827.04
20210111114527	1827.04
20210111114527	2000
20210111114527	1915.02
20210111114527	1947.02
20210111114527	1947.02
20210111114527	1947.02
20210111114527	1947.02
20210111114527	1947.02
20210111114527	1947.02
20210111114527	1947.02
20210111114527	1947.02
20210111114527	1753.56
20210111114527	1868.2
20210111114527	1839.54
20210111114527	1839.54
20210111114527	1839.54
20210111114527	1839.54
20210111114527	1839.54
20210111114527	1839.54
20210111114527	1839.54
20210111114527	1839.54
20210111114527	1272.2
20210111114527	1608.4
20210111114527	1524.35
20210111114527	1524.35
20210111114527	1524.35
20210111114527	1524.35
20210111114527	1524.35
20210111114527	1524.35
20210111114527	1524.35
20210111114527	1524.35
20210111114527	1212.61
20210111114527	1397.34
20210111114527	1351.16
20210111114527	1351.16
20210111114527	1351.16
20210111114527	1351.16
20210111114527	1351.16
20210111114527	1351.16
20210111114527	1351.16
20210111114527	1351.16
20210111114527	1432.52
20210111114527	1384.31
20210111114527	1396.36
20210111114527	1396.36
20210111114527	1396.36
20210111114527	1396.36
20210111114527	1396.36
20210111114527	1396.36
20210111114528	1396.36
20210111114528	1396.36
20210111114528	1576.16
20210111114528	1469.61
20210111114528	1496.25
20210111114528	1496.25
20210111114528	1496.25
20210111114528	1496.25
20210111114528	1496.25
20210111114528	1496.25
20210111114528	1496.25
20210111114528	1496.25
20210111114528	1746.55
20210111114528	1598.22
20210111114528	1635.31
20210111114528	1635.31
20210111114528	1635.31
20210111114528	1635.31
20210111114528	1635.31
20210111114528	1635.31
20210111114528	1635.31
20210111114528	1635.31
20210111114528	1862.91
20210111114528	1728.04
20210111114528	1761.76
20210111114528	1761.76
20210111114528	1761.76
20210111114528	1761.76
20210111114528	1761.76
20210111114528	1761.76
20210111114528	1761.76
20210111114528	1761.76
20210111114528	1807.8
20210111114528	1780.51
20210111114528	1787.33
20210111114528	1787.33
20210111114528	1787.33
20210111114528	1787.33
20210111114528	1787.33
20210111114528	1787.33
20210111114528	1787.33
20210111114528	1787.33
20210111114528	1588.94
20210111114528	1706.51
20210111114528	1677.12
20210111114528	1677.12
20210111114528	1677.12
20210111114528	1677.12
20210111114528	1677.12
20210111114528	1677.12
20210111114528	1677.12
20210111114528	1677.12
20210111114528	1405.86
20210111114528	1566.6
20210111114528	1526.42
20210111114528	1526.42
20210111114528	1526.42
20210111114528	1526.42
20210111114528	1526.42
20210111114528	1526.42
20210111114528	1526.42
20210111114528	1526.42
20210111114528	1445.18
20210111114528	1493.32
20210111114528	1481.29
20210111114528	1481.29
20210111114528	1481.29
20210111114528	1481.29
20210111114528	1481.29
20210111114528	1481.29
20210111114528	1481.29
20210111114528	1481.29
20210111114528	1612.42
20210111114528	1534.71
20210111114528	1554.14
20210111114528	1554.14
20210111114528	1554.14
20210111114528	1554.14
20210111114528	1554.14
20210111114528	1554.14
20210111114528	1554.14
20210111114528	1554.14
20210111114528	1746.59
20210111114528	1632.54
20210111114528	1661.05
20210111114528	1661.05
20210111114528	1661.05
20210111114528	1661.05
20210111114528	1661.05
20210111114528	1661.05
20210111114528	1661.05
20210111114528	1661.05
20210111114528	1832.61
20210111114528	1730.95
20210111114528	1756.36
20210111114528	1756.36
20210111114528	1756.36
20210111114528	1756.36
20210111114528	1756.36
20210111114528	1756.36
20210111114529	1756.36
20210111114529	1756.36
20210111114529	1764.07
20210111114529	1759.5
20210111114529	1760.64
20210111114529	1760.64
20210111114529	1760.64
20210111114529	1760.64
20210111114529	1760.64
20210111114529	1760.64
20210111114529	1760.64
20210111114529	1760.64
20210111114529	1613
20210111114529	1700.49
20210111114529	1678.62
20210111114529	1678.62
20210111114529	1678.62
20210111114529	1678.62
20210111114529	1678.62
20210111114529	1678.62
20210111114529	1678.62
20210111114529	1678.62
20210111114529	1527.89
20210111114529	1617.21
20210111114529	1594.88
20210111114529	1594.88
20210111114529	1594.88
20210111114529	1594.88
20210111114529	1594.88
20210111114529	1594.88
20210111114529	1594.88
20210111114529	1594.88
20210111114529	1575.97
20210111114529	1587.17
20210111114529	1584.37
20210111114529	1584.37
20210111114529	1584.37
20210111114529	1584.37
20210111114529	1584.37
20210111114529	1584.37
20210111114529	1584.37
20210111114529	1584.37
20210111114529	1717.18
20210111114529	1638.48
20210111114529	1658.15
20210111114529	1658.15
20210111114529	1658.15
20210111114529	1658.15
20210111114529	1658.15
20210111114529	1658.15
20210111114529	1658.15
20210111114529	1658.15
20210111114529	1818.18
20210111114529	1723.35
20210111114529	1747.06
20210111114529	1747.06
20210111114529	1747.06
20210111114529	1747.06
20210111114529	1747.06
20210111114529	1747.06
20210111114529	1747.06
20210111114529	1747.06
20210111114529	1808.58
20210111114529	1772.12
20210111114529	1781.24
20210111114529	1781.24
20210111114529	1781.24
20210111114529	1781.24
20210111114529	1781.24
20210111114529	1781.24
20210111114529	1781.24
20210111114529	1781.24
20210111114529	1781.24
20210111114529	1678.39
20210111114529	1739.34
20210111114529	1724.1
20210111114529	1724.1
20210111114529	1724.1
20210111114529	1724.1
20210111114529	1724.1
20210111114529	1724.1
20210111114529	1724.1
20210111114529	1560.26
20210111114529	1657.35
20210111114529	1633.08
20210111114529	1633.08
20210111114529	1633.08
20210111114529	1633.08
20210111114529	1633.08
20210111114529	1633.08
20210111114529	1633.08
20210111114529	1633.08
20210111114529	1562.06
20210111114529	1604.15
20210111114529	1593.62
20210111114529	1593.62
20210111114529	1593.62
20210111114529	1593.62
20210111114529	1593.62
20210111114529	1593.62
20210111114530	1593.62
20210111114530	1593.62
20210111114530	1674.98
20210111114530	1626.77
20210111114530	1638.82
20210111114530	1638.82
20210111114530	1638.82
20210111114530	1638.82
20210111114530	1638.82
20210111114530	1638.82
20210111114530	1638.82
20210111114530	1638.82
20210111114530	1798.41
20210111114530	1703.84
20210111114530	1727.48
20210111114530	1727.48
20210111114530	1727.48
20210111114530	1727.48
20210111114530	1727.48
20210111114530	1727.48
20210111114530	1727.48
20210111114530	1727.48
20210111114530	1823.79
20210111114530	1823.79
20210111114530	1780.99
20210111114530	1780.99
20210111114530	1780.99
20210111114530	1780.99
20210111114530	1780.99
20210111114530	1780.99
20210111114530	1780.99
20210111114530	1780.99
20210111114530	1720.31
20210111114530	1756.27
20210111114530	1747.28
20210111114530	1747.28
20210111114530	1747.28
20210111114530	1747.28
20210111114530	1747.28
20210111114530	1747.28
20210111114530	1747.28
20210111114530	1747.28
20210111114530	1602.46
20210111114530	1602.46
20210111114530	1666.83
20210111114530	1666.83
20210111114530	1666.83
20210111114530	1666.83
20210111114530	1666.83
20210111114530	1666.83
20210111114530	1666.83
20210111114530	1666.83
20210111114530	1568.66
20210111114530	1626.83
20210111114530	1612.29
20210111114530	1612.29
20210111114530	1612.29
20210111114530	1612.29
20210111114530	1612.29
20210111114530	1612.29
20210111114530	1612.29
20210111114530	1612.29
20210111114530	1612.29
20210111114530	1612.29
20210111114530	1612.29
20210111114530	1612.29
20210111114530	1612.29
20210111114530	1612.29
20210111114530	1612.29
20210111114530	1612.29
20210111114530	1612.29
20210111114530	1612.29
20210111114530	1662.91
20210111114530	1632.91
20210111114530	1640.41
20210111114530	1640.41
20210111114530	1640.41
20210111114530	1640.41
20210111114530	1640.41
20210111114530	1640.41
20210111114530	1640.41
20210111114530	1640.41
20210111114530	1801.79
20210111114530	1706.16
20210111114530	1730.07
20210111114530	1730.07
20210111114530	1730.07
20210111114530	1730.07
20210111114530	1730.07
20210111114530	1730.07
20210111114530	1730.07
20210111114530	1730.07
20210111114530	1870.64
20210111114530	1787.34
20210111114530	1808.16
20210111114530	1808.16
20210111114530	1808.16
20210111114530	1808.16
20210111114530	1808.16
20210111114530	1808.16
20210111114531	1808.16
20210111114531	1808.16
20210111114531	1801.35
20210111114531	1805.39
20210111114531	1804.38
20210111114531	1804.38
20210111114531	1804.38
20210111114531	1804.38
20210111114531	1804.38
20210111114531	1804.38
20210111114531	1804.38
20210111114531	1804.38
20210111114531	1666.72
20210111114531	1748.29
20210111114531	1727.9
20210111114531	1727.9
20210111114531	1727.9
20210111114531	1727.9
20210111114531	1727.9
20210111114531	1727.9
20210111114531	1727.9
20210111114531	1727.9
20210111114531	1575.95
20210111114531	1666
20210111114531	1643.49
20210111114531	1643.49
20210111114531	1643.49
20210111114531	1643.49
20210111114531	1643.49
20210111114531	1643.49
20210111114531	1643.49
20210111114531	1643.49
20210111114531	1662.79
20210111114531	1651.35
20210111114531	1654.21
20210111114531	1654.21
20210111114531	1654.21
20210111114531	1654.21
20210111114531	1654.21
20210111114531	1654.21
20210111114531	1654.21
20210111114531	1654.21
20210111114531	1815.72
20210111114531	1720.01
20210111114531	1743.94
20210111114531	1743.94
20210111114531	1743.94
20210111114531	1743.94
20210111114531	1743.94
20210111114531	1743.94
20210111114531	1743.94
20210111114531	1743.94
20210111114531	1913.96
20210111114531	1813.21
20210111114531	1838.39
20210111114531	1838.39
20210111114531	1838.39
20210111114531	1838.39
20210111114531	1838.39
20210111114531	1838.39
20210111114531	1838.39
20210111114531	1838.39
20210111114531	1854.61
20210111114531	1854.61
20210111114531	1847.4
20210111114531	1847.4
20210111114531	1847.4
20210111114531	1847.4
20210111114531	1847.4
20210111114531	1847.4
20210111114531	1847.4
20210111114531	1847.4
20210111114531	1669.89
20210111114531	1669.89
20210111114531	1748.78
20210111114531	1748.78
20210111114531	1748.78
20210111114531	1748.78
20210111114531	1748.78
20210111114531	1748.78
20210111114531	1748.78
20210111114531	1748.78
20210111114531	1510.22
20210111114531	1651.59
20210111114531	1616.25
20210111114531	1616.25
20210111114531	1616.25
20210111114531	1616.25
20210111114531	1616.25
20210111114531	1616.25
20210111114531	1616.25
20210111114531	1616.25
20210111114531	1568.38
20210111114531	1568.38
20210111114531	1589.66
20210111114531	1589.66
20210111114531	1589.66
20210111114531	1589.66
20210111114531	1589.66
20210111114531	1589.66
20210111114532	1589.66
20210111114532	1589.66
20210111114532	1734.07
20210111114532	1648.49
20210111114532	1669.88
20210111114532	1669.88
20210111114532	1669.88
20210111114532	1669.88
20210111114532	1669.88
20210111114532	1669.88
20210111114532	1669.88
20210111114532	1669.88
20210111114532	1863.77
20210111114532	1748.87
20210111114532	1777.6
20210111114532	1777.6
20210111114532	1777.6
20210111114532	1777.6
20210111114532	1777.6
20210111114532	1777.6
20210111114532	1777.6
20210111114532	1777.6
20210111114532	1858.19
20210111114532	1810.43
20210111114532	1822.37
20210111114532	1822.37
20210111114532	1822.37
20210111114532	1822.37
20210111114532	1822.37
20210111114532	1822.37
20210111114532	1822.37
20210111114532	1822.37
20210111114532	1680.31
20210111114532	1764.5
20210111114532	1743.45
20210111114532	1743.45
20210111114532	1743.45
20210111114532	1743.45
20210111114532	1743.45
20210111114532	1743.45
20210111114532	1743.45
20210111114532	1743.45
20210111114532	1511.73
20210111114532	1649.04
20210111114532	1614.72
20210111114532	1614.72
20210111114532	1614.72
