20210104213925	6.25477
20210104213925	6.25477
20210104213926	6.25477
20210104213926	6.25477
20210104213926	6.87475
20210104213926	6.87475
20210104213926	6.87475
20210104213926	6.87475
20210104213926	7.37095
20210104213926	7.37095
20210104213926	7.86729
20210104213926	7.86729
20210104213926	7.86729
20210104213926	7.86729
20210104213926	8.36372
20210104213926	8.36372
20210104213926	8.36372
20210104213926	8.86028
20210104213926	8.86028
20210104213926	8.86028
20210104213926	9.35729
20210104213926	9.35729
20210104213926	9.35729
20210104213926	9.97983
20210104213926	9.97983
20210104213926	9.97983
20210104213926	9.97983
20210104213926	9.97983
20210104213926	10.4777
20210104213926	10.4777
20210104213926	10.9754
20210104213926	10.9754
20210104213926	10.9754
20210104213926	10.9754
20210104213926	11.473
20210104213926	11.473
20210104213926	11.473
20210104213926	12.0946
20210104213926	12.0946
20210104213926	12.0946
20210104213926	12.4675
20210104213926	12.4675
20210104213926	12.4675
20210104213926	13.0904
20210104213926	13.0904
20210104213926	13.0904
20210104213926	13.0904
20210104213926	13.5883
20210104213926	13.5883
20210104213926	13.5883
20210104213926	14.0857
20210104213926	14.0857
20210104213926	14.0857
20210104213926	14.0857
20210104213926	14.5826
20210104213926	14.5826
20210104213926	15.079
20210104213926	15.079
20210104213927	15.079
20210104213927	15.079
20210104213927	15.6992
20210104213927	15.6992
20210104213927	15.6992
20210104213927	15.6992
20210104213927	16.1958
20210104213927	16.1958
20210104213927	16.1958
20210104213927	16.6916
20210104213927	16.6916
20210104213927	16.6916
20210104213927	17.1867
20210104213927	17.1867
20210104213927	17.1867
20210104213927	17.1867
20210104213927	17.681
20210104213927	17.681
20210104213927	17.681
20210104213927	18.2976
20210104213927	18.2976
20210104213927	18.2976
20210104213927	18.6669
20210104213927	18.6669
20210104213927	18.6669
20210104213927	18.6669
20210104213927	19.2823
20210104213927	19.2823
20210104213927	19.2823
20210104213927	19.2823
20210104213927	19.7736
20210104213927	19.7736
20210104213927	20.2639
20210104213927	20.2639
20210104213927	20.2639
20210104213927	20.2639
20210104213927	20.8753
20210104213927	20.8753
20210104213927	20.8753
20210104213927	21.2413
20210104213927	21.2413
20210104213927	21.2413
20210104213927	21.8499
20210104213927	21.8499
20210104213927	21.8499
20210104213927	21.8499
20210104213927	22.3371
20210104213927	22.3371
20210104213927	22.3371
20210104213927	22.8229
20210104213928	22.8229
20210104213928	22.8229
20210104213928	23.3073
20210104213928	23.3073
20210104213928	23.3073
20210104213928	23.3073
20210104213928	23.7901
20210104213928	23.7901
20210104213928	23.7901
20210104213928	23.7901
20210104213928	24.2715
20210104213928	24.2715
20210104213928	24.7513
20210104213928	24.7513
20210104213928	24.7513
20210104213928	24.7513
20210104213928	25.3493
20210104213928	25.3493
20210104213928	25.3493
20210104213928	25.3493
20210104213928	25.8261
20210104213928	25.8261
20210104213928	26.3011
20210104213928	26.3011
20210104213928	26.3011
20210104213928	26.3011
20210104213928	26.7744
20210104213928	26.7744
20210104213928	26.7744
20210104213928	27.2458
20210104213928	27.2458
20210104213928	27.2458
20210104213928	27.7154
20210104213928	27.7154
20210104213928	27.7154
20210104213928	27.7154
20210104213928	28.3006
20210104213928	28.3006
20210104213928	28.3006
20210104213928	28.7669
20210104213928	28.7669
20210104213928	28.7669
20210104213929	29.2311
20210104213929	29.2311
20210104213929	29.2311
20210104213929	29.2311
20210104213929	29.8084
20210104213929	29.8084
20210104213929	29.8084
20210104213929	29.8084
20210104213929	30.1531
20210104213929	30.1531
20210104213929	30.6108
20210104213929	30.6108
20210104213929	30.6108
20210104213929	30.6108
20210104213929	31.1804
20210104213929	31.1804
20210104213929	31.1804
20210104213929	31.1804
20210104213929	31.6341
20210104213929	31.6341
20210104213929	32.0853
20210104213929	32.0853
20210104213929	32.0853
20210104213929	32.0853
20210104213929	32.5341
20210104213929	32.5341
20210104213929	32.5341
20210104213929	32.9802
20210104213929	32.9802
20210104213929	32.9802
20210104213929	33.4239
20210104213929	33.4239
20210104213929	33.4239
20210104213929	33.4239
20210104213929	33.9754
20210104213929	33.9754
20210104213929	33.9754
20210104213929	34.4141
20210104213929	34.4141
20210104213929	34.4141
20210104213929	34.8499
20210104213929	34.8499
20210104213929	34.8499
20210104213929	34.8499
20210104213929	35.3907
20210104213929	35.3907
20210104213929	35.3907
20210104213929	35.713
20210104213929	35.713
20210104213929	35.713
20210104213930	36.1401
20210104213930	36.1401
20210104213930	36.1401
20210104213930	36.1401
20210104213930	36.6697
20210104213930	36.6697
20210104213930	36.6697
20210104213930	36.6697
20210104213930	37.09
20210104213930	37.09
20210104213930	37.5071
20210104213930	37.5071
20210104213930	37.5071
20210104213930	37.5071
20210104213930	37.9211
20210104213930	37.9211
20210104213930	37.9211
20210104213930	37.9211
20210104213930	38.3317
20210104213930	38.3317
20210104213930	38.739
20210104213930	38.739
20210104213930	38.739
20210104213930	38.739
20210104213930	39.2436
20210104213930	39.2436
20210104213930	39.2436
20210104213930	39.6442
20210104213930	39.6442
20210104213930	39.6442
20210104213930	40.0411
20210104213930	40.0411
20210104213930	40.0411
20210104213930	40.0411
20210104213930	40.4342
20210104213930	40.4342
20210104213930	40.4342
20210104213930	40.8235
20210104213930	40.8235
20210104213930	40.8235
20210104213930	40.8235
20210104213931	41.2089
20210104213931	41.2089
20210104213931	41.2089
20210104213931	41.6852
20210104213931	41.6852
20210104213931	41.6852
20210104213931	42.0627
20210104213931	42.0627
20210104213931	42.0627
20210104213931	42.436
20210104213931	42.436
20210104213931	42.436
20210104213931	42.436
20210104213931	42.8968
20210104213931	42.8968
20210104213931	42.8968
20210104213931	43.1701
20210104213931	43.1701
20210104213931	43.1701
20210104213931	43.5307
20210104213931	43.5307
20210104213931	43.5307
20210104213931	43.5307
20210104213931	43.9753
20210104213931	43.9753
20210104213931	43.9753
20210104213931	43.9753
20210104213931	44.3265
20210104213931	44.3265
20210104213931	44.6731
20210104213931	44.6731
20210104213931	44.6731
20210104213931	44.6731
20210104213931	45.0151
20210104213931	45.0151
20210104213931	45.0151
20210104213931	45.3525
20210104213931	45.3525
20210104213931	45.3525
20210104213931	45.6851
20210104213931	45.6851
20210104213931	45.6851
20210104213931	45.6851
20210104213931	46.0941
20210104213931	46.0941
20210104213931	46.0941
20210104213931	46.4164
20210104213931	46.4164
20210104213931	46.4164
20210104213931	46.7339
20210104213931	46.7339
20210104213931	46.7339
20210104213931	47.0463
20210104213931	47.0463
20210104213931	47.0463
20210104213931	47.0463
20210104213931	47.0463
20210104213931	47.3536
20210104213932	47.3536
20210104213932	47.6557
20210104213932	47.6557
20210104213932	47.6557
20210104213932	47.6557
20210104213932	48.0261
20210104213932	48.0261
20210104213932	48.0261
20210104213932	48.3165
20210104213932	48.3165
20210104213932	48.3165
20210104213932	48.6017
20210104213932	48.6017
20210104213932	48.6017
20210104213932	48.6017
20210104213932	48.8814
20210104213932	48.8814
20210104213932	48.8814
20210104213932	49.1557
20210104213932	49.1557
20210104213932	49.1557
20210104213932	49.4244
20210104213932	49.4244
20210104213932	49.4244
20210104213932	49.4244
20210104213932	49.7523
20210104213932	49.7523
20210104213932	49.7523
20210104213932	49.7523
20210104213932	50.0084
20210104213932	50.0084
20210104213932	50.2589
20210104213932	50.2589
20210104213932	50.2589
20210104213932	50.5036
20210104213932	50.5036
20210104213932	50.5036
20210104213932	50.5036
20210104213932	50.7425
20210104213932	50.7425
20210104213932	50.7425
20210104213932	50.9754
20210104213932	50.9754
20210104213932	50.9754
20210104213932	50.9754
20210104213932	51.2584
20210104213932	51.2584
20210104213932	51.2584
20210104213932	51.4784
20210104213932	51.4784
20210104213932	51.4784
20210104213932	51.6927
20210104213933	51.6927
20210104213933	51.6927
20210104213933	51.6927
20210104213933	51.9009
20210104213933	51.9009
20210104213933	51.9009
20210104213933	51.9009
20210104213933	52.103
20210104213933	52.103
20210104213933	52.299
20210104213933	52.299
20210104213933	52.299
20210104213933	52.299
20210104213933	52.5355
20210104213933	52.5355
20210104213933	52.5355
20210104213933	52.5355
20210104213933	52.7179
20210104213933	52.7179
20210104213933	52.8946
20210104213933	52.8946
20210104213933	52.8946
20210104213933	52.8946
20210104213933	53.0649
20210104213933	53.0649
20210104213933	53.0649
20210104213933	53.229
20210104213933	53.229
20210104213933	53.229
20210104213933	53.3868
20210104213933	53.3868
20210104213933	53.3868
20210104213933	53.3868
20210104213933	53.5751
20210104213933	53.5751
20210104213933	53.5751
20210104213933	53.7188
20210104213933	53.7188
20210104213933	53.7188
20210104213933	53.8563
20210104213933	53.8563
20210104213933	53.8563
20210104213933	53.8563
20210104213933	53.9875
20210104213933	53.9875
20210104213933	53.9875
20210104213933	54.1123
20210104213933	54.1123
20210104213933	54.1123
20210104213933	54.1123
20210104213933	54.2594
20210104213933	54.2594
20210104213933	54.2594
20210104213933	54.3699
20210104213934	54.3699
20210104213934	54.3699
20210104213934	54.3699
20210104213934	54.474
20210104213934	54.474
20210104213934	54.5721
20210104213934	54.5721
20210104213934	54.5721
20210104213934	54.5721
20210104213934	54.6638
20210104213934	54.6638
20210104213934	54.6638
20210104213934	54.7696
20210104213934	54.7696
20210104213934	54.7696
20210104213934	54.8283
20210104213934	54.8283
20210104213934	54.8283
20210104213934	54.9182
20210104213934	54.9182
20210104213934	54.9182
20210104213934	54.9182
20210104213934	54.9182
20210104213934	54.9831
20210104213934	54.9831
20210104213934	55.0419
20210104213934	55.0419
20210104213934	55.0419
20210104213934	55.0419
20210104213934	55.0945
20210104213934	55.0945
20210104213934	55.0945
20210104213934	55.1408
20210104213934	55.1408
20210104213934	55.1408
20210104213934	55.1809
20210104213934	55.1809
20210104213934	55.1809
20210104213934	55.1809
20210104213934	55.2223
20210104213934	55.2223
20210104213934	55.2223
20210104213934	55.2223
20210104213934	55.2488
20210104213934	55.2488
20210104213934	55.2702
20210104213934	55.2702
20210104213934	55.2702
20210104213934	55.2702
20210104213934	55.2864
20210104213935	55.2864
20210104213935	55.2864
20210104213935	55.298
20210104213935	55.298
20210104213935	55.298
20210104213935	55.3054
20210104213935	55.3054
20210104213935	55.3054
20210104213935	55.3054
20210104213935	55.3098
20210104213935	55.3098
20210104213935	55.3098
20210104213935	55.3098
20210104213935	55.3101
20210104213935	55.3101
20210104213935	55.3085
20210104213935	55.3085
20210104213935	55.3085
20210104213935	55.3085
20210104213935	55.3054
20210104213935	55.3054
20210104213935	55.3054
20210104213935	55.301
20210104213935	55.301
20210104213935	55.301
20210104213935	55.296
20210104213935	55.296
20210104213935	55.296
20210104213935	55.296
20210104213935	55.2895
20210104213935	55.2895
20210104213935	55.2895
20210104213935	55.2895
20210104213935	55.2848
20210104213935	55.2848
20210104213935	55.2813
20210104213935	55.2813
20210104213935	55.2813
20210104213935	55.2813
20210104213935	55.2794
20210104213935	55.2794
20210104213935	55.2794
20210104213936	55.2794
20210104213936	55.2792
20210104213936	55.2792
20210104213936	55.2806
20210104213936	55.2806
20210104213936	55.2806
20210104213936	55.2806
20210104213936	55.2859
20210104213936	55.2859
20210104213936	55.2859
20210104213936	55.2932
20210104213936	55.2932
20210104213936	55.2932
20210104213936	55.3042
20210104213936	55.3042
20210104213936	55.3042
20210104213936	55.3042
20210104213936	55.3191
20210104213936	55.3191
20210104213936	55.3191
20210104213936	55.338
20210104213936	55.338
20210104213936	55.338
20210104213936	55.3675
20210104213936	55.3675
20210104213936	55.3675
20210104213936	55.3675
20210104213936	55.3963
20210104213936	55.3963
20210104213936	55.3963
20210104213936	55.4301
20210104213936	55.4301
20210104213936	55.4301
20210104213936	55.4691
20210104213936	55.4691
20210104213936	55.4691
20210104213936	55.4691
20210104213936	55.5139
20210104213936	55.5139
20210104213936	55.5139
20210104213936	55.5642
20210104213936	55.5642
20210104213936	55.5642
20210104213936	55.6353
20210104213936	55.6353
20210104213936	55.6353
20210104213936	55.6353
20210104213936	55.6989
20210104213936	55.6989
20210104213936	55.6989
20210104213936	55.7689
20210104213936	55.7689
20210104213936	55.7689
20210104213936	55.8458
20210104213936	55.8458
20210104213936	55.8458
20210104213937	55.8458
20210104213937	55.9304
20210104213937	55.9304
20210104213937	55.9304
20210104213937	56.0456
20210104213937	56.0456
20210104213937	56.0456
20210104213937	56.1198
20210104213937	56.1198
20210104213937	56.1198
20210104213937	56.1198
20210104213937	56.2524
20210104213937	56.2524
20210104213937	56.2524
20210104213937	56.3664
20210104213937	56.3664
20210104213937	56.3664
20210104213937	56.4878
20210104213937	56.4878
20210104213937	56.4878
20210104213937	56.4878
20210104213937	56.6177
20210104213937	56.6177
20210104213937	56.6177
20210104213937	56.7906
20210104213937	56.7906
20210104213937	56.7906
20210104213937	56.9376
20210104213937	56.9376
20210104213937	56.9376
20210104213937	56.9376
20210104213937	57.0924
20210104213937	57.0924
20210104213937	57.0924
20210104213937	57.2552
20210104213937	57.2552
20210104213937	57.2552
20210104213937	57.426
20210104213937	57.426
20210104213937	57.426
20210104213937	57.653
20210104213937	57.653
20210104213937	57.653
20210104213937	57.653
20210104213937	57.7953
20210104213937	57.7953
20210104213937	57.7953
20210104213937	58.0429
20210104213937	58.0429
20210104213937	58.0429
20210104213937	58.0429
20210104213937	58.2504
20210104213937	58.2504
20210104213937	58.2504
20210104213938	58.4662
20210104213938	58.4662
20210104213938	58.4662
20210104213938	58.6905
20210104213938	58.6905
20210104213938	58.6905
20210104213938	58.6905
20210104213938	58.984
20210104213938	58.984
20210104213938	58.984
20210104213938	59.1665
20210104213938	59.1665
20210104213938	59.1665
20210104213938	59.4171
20210104213938	59.4171
20210104213938	59.4171
20210104213938	59.4171
20210104213938	59.742
20210104213938	59.742
20210104213938	59.742
20210104213938	60.0111
20210104213938	60.0111
20210104213938	60.0111
20210104213938	60.2884
20210104213938	60.2884
20210104213938	60.2884
20210104213938	60.2884
20210104213938	60.5758
20210104213938	60.5758
20210104213938	60.5758
20210104213938	60.947
20210104213938	60.947
20210104213938	60.947
20210104213938	61.1754
20210104213938	61.1754
20210104213938	61.1754
20210104213938	61.5655
20210104213938	61.5655
20210104213938	61.5655
20210104213938	61.5655
20210104213938	61.5655
20210104213938	61.886
20210104213939	61.886
20210104213939	62.2139
20210104213939	62.2139
20210104213939	62.2139
20210104213939	62.2139
20210104213939	62.5496
20210104213939	62.5496
20210104213939	62.5496
20210104213939	62.8932
20210104213939	62.8932
20210104213939	62.8932
20210104213939	63.2436
20210104213939	63.2436
20210104213939	63.2436
20210104213939	63.2436
20210104213939	63.691
20210104213939	63.691
20210104213939	63.691
20210104213939	63.691
20210104213939	64.0564
20210104213939	64.0564
20210104213939	64.4282
20210104213939	64.4282
20210104213939	64.4282
20210104213939	64.4282
20210104213939	64.8066
20210104213939	64.8066
20210104213939	64.8066
20210104213939	64.8066
20210104213939	65.2895
20210104213939	65.2895
20210104213939	65.6825
20210104213939	65.6825
20210104213939	65.6825
20210104213939	66.0811
20210104213939	66.0811
20210104213939	66.0811
20210104213939	66.0811
20210104213939	66.4854
20210104213939	66.4854
20210104213939	66.4854
20210104213939	66.8951
20210104213939	66.8951
20210104213939	66.8951
20210104213939	66.8951
20210104213939	67.3109
20210104213939	67.3109
20210104213939	67.3109
20210104213939	67.7342
20210104213939	67.7342
20210104213939	67.7342
20210104213939	68.1623
20210104213939	68.1623
20210104213939	68.1623
20210104213939	68.1623
20210104213940	68.704
20210104213940	68.704
20210104213940	68.704
20210104213940	68.704
20210104213940	69.1425
20210104213940	69.1425
20210104213940	69.5853
20210104213940	69.5853
20210104213940	69.5853
20210104213940	69.5853
20210104213940	70.0332
20210104213940	70.0332
20210104213940	70.0332
20210104213940	70.0332
20210104213940	70.4878
20210104213940	70.4878
20210104213940	70.946
20210104213940	70.946
20210104213940	70.946
20210104213940	70.946
20210104213940	71.5239
20210104213940	71.5239
20210104213940	71.5239
20210104213940	71.9901
20210104213940	71.9901
20210104213940	71.9901
20210104213940	72.4595
20210104213940	72.4595
20210104213940	72.4595
20210104213940	72.4595
20210104213940	73.0516
20210104213940	73.0516
20210104213940	73.0516
20210104213940	73.4111
20210104213940	73.4111
20210104213940	73.4111
20210104213940	73.8929
20210104213940	73.8929
20210104213940	73.8929
20210104213940	74.4988
20210104213940	74.4988
20210104213940	74.4988
20210104213940	74.4988
20210104213941	74.9862
20210104213941	74.9862
20210104213941	74.9862
20210104213941	75.476
20210104213941	75.476
20210104213941	75.476
20210104213941	75.476
20210104213941	75.9681
20210104213941	75.9681
20210104213941	75.9681
20210104213941	76.4674
20210104213941	76.4674
20210104213941	76.4674
20210104213941	76.9683
20210104213941	76.9683
20210104213941	76.9683
20210104213941	76.9683
20210104213941	77.5967
20210104213941	77.5967
20210104213941	77.5967
20210104213941	77.5967
20210104213941	78.101
20210104213941	78.101
20210104213941	78.6068
20210104213941	78.6068
20210104213941	78.6068
20210104213941	78.6068
20210104213941	79.1138
20210104213941	79.1138
20210104213941	79.1138
20210104213941	79.754
20210104213941	79.754
20210104213941	79.754
20210104213941	80.1394
20210104213941	80.1394
20210104213941	80.1394
20210104213941	80.1394
20210104213941	80.7826
20210104213941	80.7826
20210104213941	80.7826
20210104213941	81.2978
20210104213941	81.2978
20210104213941	81.2978
20210104213941	81.8134
20210104213941	81.8134
20210104213941	81.8134
20210104213941	81.8134
20210104213941	82.3295
20210104213941	82.3295
20210104213941	82.3295
20210104213941	82.9777
20210104213941	82.9777
20210104213942	82.9777
20210104213942	83.3678
20210104213942	83.3678
20210104213942	83.3678
20210104213942	83.3678
20210104213942	84.0178
20210104213942	84.0178
20210104213942	84.0178
20210104213942	84.5378
20210104213942	84.5378
20210104213942	84.5378
20210104213942	85.0576
20210104213942	85.0576
20210104213942	85.0576
20210104213942	85.0576
20210104213942	85.5773
20210104213942	85.5773
20210104213942	85.5773
20210104213942	85.5773
20210104213942	86.0992
20210104213942	86.0992
20210104213942	86.623
20210104213942	86.623
20210104213942	86.623
20210104213942	86.623
20210104213942	87.2766
20210104213942	87.2766
20210104213942	87.2766
20210104213942	87.7986
20210104213942	87.7986
20210104213942	87.7986
20210104213942	88.3197
20210104213942	88.3197
20210104213942	88.3197
20210104213942	88.3197
20210104213942	88.8399
20210104213942	88.8399
20210104213942	88.8399
20210104213942	89.4925
20210104213942	89.4925
20210104213942	89.4925
20210104213942	89.8846
20210104213942	89.8846
20210104213942	89.8846
20210104213942	89.8846
20210104213942	90.5362
20210104213942	90.5362
20210104213942	90.5362
20210104213942	90.5362
20210104213942	91.0559
20210104213942	91.0559
20210104213942	91.5741
20210104213943	91.5741
20210104213943	91.5741
20210104213943	91.5741
20210104213943	92.0907
20210104213943	92.0907
20210104213943	92.0907
20210104213943	92.0907
20210104213943	92.6069
20210104213943	92.6069
20210104213943	93.2536
20210104213943	93.2536
20210104213943	93.2536
20210104213943	93.2536
20210104213943	93.7688
20210104213943	93.7688
20210104213943	93.7688
20210104213943	94.2821
20210104213943	94.2821
20210104213943	94.2821
20210104213943	94.7933
20210104213943	94.7933
20210104213943	94.7933
20210104213943	94.7933
20210104213943	95.3026
20210104213943	95.3026
20210104213943	95.3026
20210104213943	95.8113
20210104213943	95.8113
20210104213943	95.8113
20210104213943	96.3217
20210104213943	96.3217
20210104213943	96.3217
20210104213943	96.3217
20210104213943	96.9563
20210104213943	96.9563
20210104213943	96.9563
20210104213943	97.4613
20210104213943	97.4613
20210104213943	97.4613
20210104213943	97.9639
20210104213943	97.9639
20210104213943	97.9639
20210104213943	97.9639
20210104213943	98.4641
20210104213943	98.4641
20210104213943	98.4641
20210104213943	98.9619
20210104213943	98.9619
20210104213944	98.9619
20210104213944	99.4617
20210104213944	99.4617
20210104213944	99.4617
20210104213944	99.4617
20210104213944	100.083
20210104213944	100.083
20210104213944	100.083
20210104213944	100.083
20210104213944	100.576
20210104213944	100.576
20210104213944	100.576
20210104213944	101.067
20210104213944	101.067
20210104213944	101.067
20210104213944	101.556
20210104213944	101.556
20210104213944	101.556
20210104213944	102.041
20210104213944	102.041
20210104213944	102.041
20210104213944	102.528
20210104213944	102.528
20210104213944	102.528
20210104213944	102.528
20210104213944	103.133
20210104213944	103.133
20210104213944	103.133
20210104213944	103.614
20210104213944	103.614
20210104213944	103.614
20210104213944	104.092
20210104213944	104.092
20210104213944	104.092
20210104213944	104.092
20210104213944	104.567
20210104213944	104.567
20210104213944	104.567
20210104213944	104.567
20210104213944	105.04
20210104213944	105.04
20210104213944	105.631
20210104213944	105.631
20210104213944	105.631
20210104213944	105.631
20210104213944	106.101
20210104213944	106.101
20210104213944	106.101
20210104213944	106.569
20210104213944	106.569
20210104213944	106.569
20210104213944	107.034
20210104213944	107.034
20210104213944	107.034
20210104213944	107.034
20210104213944	107.612
20210104213944	107.612
20210104213944	107.612
20210104213944	107.957
20210104213945	107.957
20210104213945	107.957
20210104213945	108.534
20210104213945	108.534
20210104213945	108.534
20210104213945	108.534
20210104213945	108.994
20210104213945	108.994
20210104213945	108.994
20210104213945	109.451
20210104213945	109.451
20210104213945	109.451
20210104213945	109.906
20210104213945	109.906
20210104213945	109.906
20210104213945	109.906
20210104213945	110.359
20210104213945	110.359
20210104213945	110.359
20210104213945	110.81
20210104213945	110.81
20210104213945	110.81
20210104213945	111.261
20210104213945	111.261
20210104213945	111.261
20210104213945	111.261
20210104213945	111.826
20210104213945	111.826
20210104213945	111.826
20210104213945	112.277
20210104213945	112.277
20210104213945	112.277
20210104213945	112.728
20210104213945	112.728
20210104213945	112.728
20210104213945	112.728
20210104213945	113.178
20210104213945	113.178
20210104213945	113.178
20210104213945	113.178
20210104213945	113.628
20210104213945	113.628
20210104213945	114.194
20210104213945	114.194
20210104213945	114.194
20210104213945	114.194
20210104213945	114.648
20210104213945	114.648
20210104213945	114.648
20210104213945	114.648
20210104213945	115.104
20210104213945	115.104
20210104213945	115.56
20210104213945	115.56
20210104213945	115.56
20210104213945	115.56
20210104213945	116.018
20210104213945	116.018
20210104213945	116.018
20210104213945	116.018
20210104213945	116.477
20210104213945	116.477
20210104213946	116.939
20210104213946	116.939
20210104213946	116.939
20210104213946	116.939
20210104213946	117.523
20210104213946	117.523
20210104213946	117.523
20210104213946	117.523
20210104213946	117.992
20210104213946	117.992
20210104213946	118.463
20210104213946	118.463
20210104213946	118.463
20210104213946	118.463
20210104213946	118.937
20210104213946	118.937
20210104213946	118.937
20210104213946	119.413
20210104213946	119.413
20210104213946	119.413
20210104213946	119.893
20210104213946	119.893
20210104213946	119.893
20210104213946	119.893
20210104213946	120.5
20210104213946	120.5
20210104213946	120.5
20210104213946	120.989
20210104213946	120.989
20210104213946	120.989
20210104213946	121.481
20210104213946	121.481
20210104213946	121.481
20210104213946	121.481
20210104213946	122.1
20210104213946	122.1
20210104213946	122.1
20210104213946	122.473
20210104213946	122.473
20210104213946	122.473
20210104213946	122.974
20210104213946	122.974
20210104213946	122.974
20210104213947	122.974
20210104213947	123.608
20210104213947	123.608
20210104213947	123.608
20210104213947	124.118
20210104213947	124.118
20210104213947	124.118
20210104213947	124.631
20210104213947	124.631
20210104213947	124.631
20210104213947	124.631
20210104213947	125.148
20210104213947	125.148
20210104213947	125.148
20210104213947	125.148
20210104213947	125.668
20210104213947	125.668
20210104213947	126.322
20210104213947	126.322
20210104213947	126.322
20210104213947	126.322
20210104213947	126.852
20210104213947	126.852
20210104213947	126.852
20210104213947	127.384
20210104213947	127.384
20210104213947	127.384
20210104213947	127.92
20210104213947	127.92
20210104213947	127.92
20210104213947	127.92
20210104213947	128.458
20210104213947	128.458
20210104213947	128.458
20210104213947	129
20210104213947	129
20210104213947	129
20210104213947	129.544
20210104213948	129.544
20210104213948	129.544
20210104213948	129.544
20210104213948	130.231
20210104213948	130.231
20210104213948	130.231
20210104213948	130.231
20210104213948	130.784
20210104213948	130.784
20210104213948	131.339
20210104213948	131.339
20210104213948	131.339
20210104213948	131.339
20210104213948	131.897
20210104213948	131.897
20210104213948	131.897
20210104213948	132.597
20210104213948	132.597
20210104213948	132.597
20210104213948	133.019
20210104213948	133.019
20210104213948	133.019
20210104213948	133.019
20210104213948	133.727
20210104213948	133.727
20210104213948	133.727
20210104213948	133.727
20210104213948	134.295
20210104213948	134.295
20210104213948	134.866
20210104213948	134.866
20210104213948	134.866
20210104213948	134.866
20210104213948	135.438
20210104213948	135.438
20210104213948	135.438
20210104213948	136.011
20210104213948	136.011
20210104213948	136.011
20210104213948	136.586
20210104213948	136.586
20210104213948	136.586
20210104213948	136.586
20210104213948	137.308
20210104213948	137.308
20210104213948	137.308
20210104213948	137.888
20210104213948	137.888
20210104213948	137.888
20210104213948	138.468
20210104213948	138.468
20210104213949	138.468
20210104213949	138.468
20210104213949	139.05
20210104213949	139.05
20210104213949	139.05
20210104213949	139.05
20210104213949	139.633
20210104213949	139.633
20210104213949	140.217
20210104213949	140.217
20210104213949	140.217
20210104213949	140.95
20210104213949	140.95
20210104213949	140.95
20210104213949	140.95
20210104213949	141.538
20210104213949	141.538
20210104213949	141.538
20210104213949	142.127
20210104213949	142.127
20210104213949	142.127
20210104213949	142.127
20210104213949	142.864
20210104213949	142.864
20210104213949	143.307
20210104213949	143.307
20210104213949	143.307
20210104213949	143.307
20210104213949	144.046
20210104213949	144.046
20210104213949	144.046
20210104213949	144.046
20210104213949	144.639
20210104213949	144.639
20210104213949	144.639
20210104213949	144.639
20210104213949	145.233
20210104213949	145.233
20210104213949	145.828
20210104213949	145.828
20210104213949	145.828
20210104213949	145.828
20210104213949	146.423
20210104213949	146.423
20210104213949	146.423
20210104213949	147.019
20210104213949	147.019
20210104213949	147.019
20210104213949	147.765
20210104213949	147.765
20210104213949	147.765
20210104213949	147.765
20210104213949	148.363
20210104213949	148.363
20210104213949	148.363
20210104213949	148.964
20210104213949	148.964
20210104213949	148.964
20210104213950	149.565
20210104213950	149.565
20210104213950	149.565
20210104213950	149.565
20210104213950	150.166
20210104213950	150.166
20210104213950	150.166
20210104213950	150.768
20210104213950	150.768
20210104213950	150.768
20210104213950	151.37
20210104213950	151.37
20210104213950	151.37
20210104213950	151.37
20210104213950	152.124
20210104213950	152.124
20210104213950	152.124
20210104213950	152.124
20210104213950	152.729
20210104213950	152.729
20210104213950	153.334
20210104213950	153.334
20210104213950	153.334
20210104213950	153.334
20210104213950	154.091
20210104213950	154.091
20210104213950	154.091
20210104213950	154.091
20210104213950	154.546
20210104213950	154.546
20210104213950	155.304
20210104213950	155.304
20210104213950	155.304
20210104213950	155.304
20210104213950	155.911
20210104213950	155.911
20210104213950	155.911
20210104213950	156.521
20210104213950	156.521
20210104213950	156.521
20210104213950	157.131
20210104213950	157.131
20210104213950	157.131
20210104213950	157.131
20210104213950	157.893
20210104213950	157.893
20210104213950	157.893
20210104213950	158.351
20210104213950	158.351
20210104213950	158.351
20210104213950	158.962
20210104213950	158.962
20210104213950	158.962
20210104213951	158.962
20210104213951	159.726
20210104213951	159.726
20210104213951	159.726
20210104213951	160.339
20210104213951	160.339
20210104213951	160.339
20210104213951	160.952
20210104213951	160.952
20210104213951	160.952
20210104213951	160.952
20210104213951	161.566
20210104213951	161.566
20210104213951	161.566
20210104213951	162.18
20210104213951	162.18
20210104213951	162.18
20210104213951	162.948
20210104213951	162.948
20210104213951	162.948
20210104213951	162.948
20210104213951	163.563
20210104213951	163.563
20210104213951	163.563
20210104213951	163.563
20210104213951	164.181
20210104213951	164.181
20210104213951	164.8
20210104213951	164.8
20210104213951	164.8
20210104213951	164.8
20210104213951	165.419
20210104213951	165.419
20210104213951	165.419
20210104213951	166.038
20210104213951	166.038
20210104213951	166.038
20210104213951	166.038
20210104213951	166.658
20210104213951	166.658
20210104213951	166.658
20210104213951	167.433
20210104213951	167.433
20210104213951	167.433
20210104213951	168.055
20210104213951	168.055
20210104213951	168.055
20210104213951	168.678
20210104213951	168.678
20210104213951	168.678
20210104213951	168.678
20210104213951	169.301
20210104213952	169.301
20210104213952	169.301
20210104213952	169.301
20210104213952	169.925
20210104213952	169.925
20210104213952	170.705
20210104213952	170.705
20210104213952	170.705
20210104213952	170.705
20210104213952	171.33
20210104213952	171.33
20210104213952	171.33
20210104213952	171.957
20210104213952	171.957
20210104213952	171.957
20210104213952	171.957
20210104213952	172.585
20210104213952	172.585
20210104213952	172.585
20210104213952	173.214
20210104213952	173.214
20210104213952	173.214
20210104213952	173.843
20210104213952	173.843
20210104213952	173.843
20210104213952	174.472
20210104213952	174.472
20210104213952	174.472
20210104213952	174.472
20210104213952	175.26
20210104213952	175.26
20210104213952	175.26
20210104213952	175.892
20210104213952	175.892
20210104213952	175.892
20210104213952	176.424
20210104213952	176.424
20210104213952	176.424
20210104213952	176.424
20210104213952	177.055
20210104213952	177.055
20210104213952	177.055
20210104213952	177.424
20210104213952	177.424
20210104213952	177.424
20210104213952	177.894
20210104213952	177.894
20210104213952	177.894
20210104213952	177.894
20210104213952	178.467
20210104213952	178.467
20210104213952	178.467
20210104213952	178.467
20210104213952	178.913
20210104213953	178.913
20210104213953	179.342
20210104213953	179.342
20210104213953	179.342
20210104213953	179.342
20210104213953	179.755
20210104213953	179.755
20210104213953	179.755
20210104213953	179.755
20210104213953	180.155
20210104213953	180.155
20210104213953	180.545
20210104213953	180.545
20210104213953	180.545
20210104213953	180.545
20210104213953	181.013
20210104213953	181.013
20210104213953	181.013
20210104213953	181.013
20210104213953	181.37
20210104213953	181.37
20210104213953	181.711
20210104213953	181.711
20210104213953	181.711
20210104213953	181.711
20210104213953	182.113
20210104213953	182.113
20210104213953	182.113
20210104213953	182.341
20210104213953	182.341
20210104213953	182.341
20210104213953	182.701
20210104213953	182.701
20210104213953	182.701
20210104213953	182.701
20210104213953	182.973
20210104213953	182.973
20210104213953	182.973
20210104213953	183.235
20210104213953	183.235
20210104213953	183.235
20210104213953	183.482
20210104213953	183.482
20210104213953	183.482
20210104213953	183.482
20210104213953	183.702
20210104213953	183.702
20210104213953	183.702
20210104213953	183.91
20210104213953	183.91
20210104213953	183.91
20210104213953	184.106
20210104213953	184.106
20210104213954	184.106
20210104213954	184.106
20210104213954	184.339
20210104213954	184.339
20210104213954	184.339
20210104213954	184.521
20210104213954	184.521
20210104213954	184.521
20210104213954	184.695
20210104213954	184.695
20210104213954	184.695
20210104213954	184.905
20210104213954	184.905
20210104213954	184.905
20210104213954	184.905
20210104213954	185.074
20210104213954	185.074
20210104213954	185.074
20210104213954	185.201
20210104213954	185.201
20210104213954	185.201
20210104213954	185.201
20210104213954	185.411
20210104213954	185.411
20210104213954	185.411
20210104213954	185.574
20210104213954	185.574
20210104213954	185.574
20210104213954	185.739
20210104213954	185.739
20210104213954	185.739
20210104213954	185.739
20210104213954	185.875
20210104213954	185.875
20210104213954	185.875
20210104213954	185.921
20210104213954	185.921
20210104213954	185.921
20210104213954	185.965
20210104213954	185.965
20210104213954	185.965
20210104213954	185.965
20210104213954	186.015
20210104213954	186.015
20210104213954	186.015
20210104213954	186.047
20210104213955	186.047
20210104213955	186.047
20210104213955	186.047
20210104213955	186.079
20210104213955	186.079
20210104213955	186.079
20210104213955	186.112
20210104213955	186.112
20210104213955	186.112
20210104213955	186.144
20210104213955	186.144
20210104213955	186.144
20210104213955	186.144
20210104213955	186.175
20210104213955	186.175
20210104213955	186.175
20210104213955	186.214
20210104213955	186.214
20210104213955	186.214
20210104213955	186.245
20210104213955	186.245
20210104213955	186.245
20210104213955	186.274
20210104213955	186.274
20210104213955	186.274
20210104213955	186.274
20210104213955	186.303
20210104213955	186.303
20210104213955	186.303
20210104213955	186.331
20210104213955	186.331
20210104213955	186.331
20210104213955	186.331
20210104213955	186.358
20210104213955	186.358
20210104213955	186.358
20210104213955	186.391
20210104213955	186.391
20210104213955	186.391
20210104213955	186.417
20210104213955	186.417
20210104213955	186.417
20210104213955	186.442
20210104213956	186.442
20210104213956	186.442
20210104213956	186.442
20210104213956	186.469
20210104213956	186.469
20210104213956	186.5
20210104213956	186.5
20210104213956	186.5
20210104213956	186.5
20210104213956	186.5
20210104213956	186.529
20210104213956	186.529
20210104213956	186.529
20210104213956	186.564
20210104213956	186.564
20210104213956	186.564
20210104213956	186.58
20210104213956	186.58
20210104213956	186.58
20210104213956	186.584
20210104213956	186.584
20210104213956	186.584
20210104213956	186.584
20210104213956	186.588
20210104213956	186.588
20210104213956	186.588
20210104213956	186.591
20210104213956	186.591
20210104213956	186.591
20210104213956	186.592
20210104213956	186.592
20210104213956	186.592
20210104213956	186.592
20210104213956	186.589
20210104213956	186.589
20210104213956	186.589
20210104213956	186.583
20210104213956	186.583
20210104213956	186.583
20210104213956	186.577
20210104213956	186.577
20210104213956	186.577
20210104213957	186.577
20210104213957	186.571
20210104213957	186.571
20210104213957	186.571
20210104213957	186.563
20210104213957	186.563
20210104213957	186.563
20210104213957	186.552
20210104213957	186.552
20210104213957	186.552
20210104213957	186.552
20210104213957	186.535
20210104213957	186.535
20210104213957	186.535
20210104213957	186.53
20210104213957	186.53
20210104213957	186.53
20210104213957	186.528
20210104213957	186.528
20210104213957	186.528
20210104213957	186.528
20210104213957	186.53
20210104213957	186.53
20210104213957	186.53
20210104213957	186.533
20210104213957	186.533
20210104213957	186.533
20210104213957	186.532
20210104213957	186.532
20210104213957	186.532
20210104213957	186.53
20210104213957	186.53
20210104213957	186.53
20210104213957	186.53
20210104213957	186.527
20210104213957	186.527
20210104213957	186.527
20210104213957	186.527
20210104213957	186.525
20210104213957	186.525
20210104213957	186.525
20210104213957	186.525
20210104213957	186.525
20210104213957	186.525
20210104213957	186.526
20210104213957	186.526
20210104213957	186.526
20210104213957	186.525
20210104213958	186.525
20210104213958	186.525
20210104213958	186.525
20210104213958	186.524
20210104213958	186.524
20210104213958	186.524
20210104213958	186.523
20210104213958	186.523
20210104213958	186.523
20210104213958	186.521
20210104213958	186.521
20210104213958	186.521
20210104213958	186.521
20210104213958	186.523
20210104213958	186.523
20210104213958	186.523
20210104213958	186.524
20210104213958	186.524
20210104213958	186.524
20210104213958	186.524
20210104213958	186.525
20210104213958	186.525
20210104213958	186.525
20210104213958	186.525
20210104213958	186.525
20210104213958	186.525
20210104213958	186.525
20210104213958	186.525
20210104213958	186.525
20210104213958	186.525
20210104213958	186.524
20210104213958	186.524
20210104213958	186.524
20210104213958	186.526
20210104213958	186.526
20210104213958	186.526
20210104213958	186.526
20210104213958	186.528
20210104213958	186.528
20210104213958	186.528
20210104213958	186.53
20210104213958	186.53
20210104213958	186.531
20210104213958	186.531
20210104213958	186.531
20210104213958	186.532
20210104213958	186.532
20210104213958	186.532
20210104213958	186.532
20210104213958	186.532
20210104213959	186.532
20210104213959	186.532
20210104213959	186.532
20210104213959	186.534
20210104213959	186.534
20210104213959	186.534
20210104213959	186.537
20210104213959	186.537
20210104213959	186.537
20210104213959	186.537
20210104213959	186.539
20210104213959	186.539
20210104213959	186.539
20210104213959	186.54
20210104213959	186.54
20210104213959	186.54
20210104213959	186.541
20210104213959	186.541
20210104213959	186.541
20210104213959	186.542
20210104213959	186.542
20210104213959	186.542
20210104213959	186.542
20210104213959	186.543
20210104213959	186.543
20210104213959	186.543
20210104213959	186.546
20210104213959	186.546
20210104213959	186.546
20210104213959	186.546
20210104213959	186.548
20210104213959	186.548
20210104213959	186.548
20210104213959	186.55
20210104213959	186.55
20210104213959	186.55
20210104213959	186.552
20210104213959	186.552
20210104213959	186.552
20210104213959	186.553
20210104213959	186.553
20210104213959	186.553
20210104213959	186.553
20210104213959	186.554
20210104213959	186.554
20210104213959	186.554
20210104213959	186.557
20210104213959	186.557
20210104213959	186.557
20210104213959	186.557
20210104213959	186.56
20210104213959	186.56
20210104213959	186.56
20210104213959	186.562
20210104213959	186.562
20210104213959	186.562
20210104213959	186.564
20210104213959	186.564
20210104213959	186.564
20210104213959	186.565
20210104213959	186.565
20210104213959	186.565
20210104214000	186.565
20210104214000	186.566
20210104214000	186.566
20210104214000	186.566
20210104214000	186.569
20210104214000	186.569
20210104214000	186.569
20210104214000	186.572
20210104214000	186.572
20210104214000	186.572
20210104214000	186.572
20210104214000	186.575
20210104214000	186.575
20210104214000	186.575
20210104214000	186.577
20210104214000	186.577
20210104214000	186.577
20210104214000	186.578
20210104214000	186.578
20210104214000	186.578
20210104214000	186.578
20210104214000	186.581
20210104214000	186.581
20210104214000	186.581
20210104214000	186.583
20210104214000	186.583
20210104214000	186.583
20210104214000	186.583
20210104214000	186.586
20210104214000	186.586
20210104214000	186.586
20210104214000	186.589
20210104214000	186.589
20210104214000	186.589
20210104214000	186.591
20210104214000	186.591
20210104214000	186.591
20210104214000	186.591
20210104214000	186.592
20210104214000	186.592
20210104214000	186.592
20210104214000	186.594
20210104214000	186.594
20210104214000	186.594
20210104214000	186.597
20210104214000	186.597
20210104214000	186.597
20210104214000	186.597
20210104214000	186.6
20210104214000	186.6
20210104214000	186.6
20210104214000	186.603
20210104214000	186.603
20210104214000	186.603
20210104214001	186.606
20210104214001	186.606
20210104214001	186.606
20210104214001	186.606
20210104214001	186.608
20210104214001	186.608
20210104214001	186.608
20210104214001	186.61
20210104214001	186.61
20210104214001	186.61
20210104214001	186.613
20210104214001	186.613
20210104214001	186.613
20210104214001	186.616
20210104214001	186.616
20210104214001	186.616
20210104214001	186.616
20210104214001	186.62
20210104214001	186.62
20210104214001	186.62
20210104214001	186.622
20210104214001	186.622
20210104214001	186.622
20210104214001	186.625
20210104214001	186.625
20210104214001	186.625
20210104214001	186.625
20210104214001	186.627
20210104214001	186.627
20210104214001	186.627
20210104214001	186.63
20210104214001	186.63
20210104214001	186.63
20210104214001	186.632
20210104214001	186.632
20210104214001	186.632
20210104214001	186.632
20210104214001	186.636
20210104214001	186.636
20210104214001	186.636
20210104214001	186.638
20210104214001	186.638
20210104214002	186.638
20210104214002	186.64
20210104214002	186.64
20210104214002	186.64
20210104214002	186.64
20210104214002	186.643
20210104214002	186.643
20210104214002	186.643
20210104214002	186.645
20210104214002	186.645
20210104214002	186.645
20210104214002	186.648
20210104214002	186.648
20210104214002	186.648
20210104214002	186.648
20210104214002	186.652
20210104214002	186.652
20210104214002	186.652
20210104214002	186.655
20210104214002	186.655
20210104214002	186.655
20210104214002	186.657
20210104214002	186.657
20210104214002	186.657
20210104214002	186.657
20210104214002	186.66
20210104214002	186.66
20210104214002	186.66
20210104214002	186.662
20210104214002	186.662
20210104214002	186.662
20210104214002	186.665
20210104214002	186.665
20210104214002	186.665
20210104214002	186.668
20210104214002	186.668
20210104214002	186.668
20210104214002	186.668
20210104214002	186.671
20210104214002	186.671
20210104214002	186.671
20210104214002	186.671
20210104214002	186.673
20210104214002	186.673
20210104214002	186.673
20210104214002	186.675
20210104214002	186.675
20210104214002	186.675
20210104214002	186.678
20210104214002	186.678
20210104214002	186.678
20210104214002	186.68
20210104214002	186.68
20210104214002	186.68
20210104214002	186.68
20210104214002	186.683
20210104214002	186.683
20210104214002	186.683
20210104214002	186.683
20210104214002	186.685
20210104214002	186.685
20210104214002	186.687
20210104214002	186.687
20210104214002	186.687
20210104214003	186.687
20210104214003	186.689
20210104214003	186.689
20210104214003	186.689
20210104214003	186.692
20210104214003	186.692
20210104214003	186.692
20210104214003	186.694
20210104214003	186.694
20210104214003	186.694
20210104214003	186.694
20210104214003	186.696
20210104214003	186.696
20210104214003	186.696
20210104214003	186.698
20210104214003	186.698
20210104214003	186.698
20210104214003	186.698
20210104214003	186.7
20210104214003	186.7
20210104214003	186.7
20210104214003	186.703
20210104214003	186.703
20210104214003	186.703
20210104214003	186.705
20210104214003	186.705
20210104214003	186.705
20210104214003	186.706
20210104214003	186.706
20210104214003	186.706
20210104214003	186.706
20210104214003	186.709
20210104214003	186.709
20210104214003	186.709
20210104214003	186.711
20210104214003	186.711
20210104214003	186.711
20210104214003	186.713
20210104214003	186.713
20210104214003	186.713
20210104214003	186.713
20210104214003	186.715
20210104214003	186.715
20210104214003	186.715
20210104214003	186.717
20210104214003	186.717
20210104214004	186.717
20210104214004	186.717
20210104214004	186.719
20210104214004	186.719
20210104214004	186.719
20210104214004	186.72
20210104214004	186.72
20210104214004	186.72
20210104214004	186.722
20210104214004	186.722
20210104214004	186.722
20210104214004	186.724
20210104214004	186.724
20210104214004	186.724
20210104214004	186.724
20210104214004	186.726
20210104214004	186.726
20210104214004	186.726
20210104214004	186.728
20210104214004	186.728
20210104214004	186.728
20210104214004	186.728
20210104214004	186.728
20210104214004	186.728
20210104214004	186.728
20210104214004	186.73
20210104214004	186.73
20210104214004	186.73
20210104214004	186.731
20210104214004	186.731
20210104214004	186.731
20210104214004	186.731
20210104214004	186.732
20210104214004	186.732
20210104214004	186.732
20210104214004	186.734
20210104214004	186.734
20210104214004	186.734
20210104214004	186.736
20210104214004	186.736
20210104214004	186.736
20210104214004	186.737
20210104214004	186.737
20210104214004	186.737
20210104214004	186.737
20210104214004	186.738
20210104214004	186.738
20210104214004	186.738
20210104214005	186.739
20210104214005	186.739
20210104214005	186.739
20210104214005	186.739
20210104214005	186.74
20210104214005	186.74
20210104214005	186.74
20210104214005	186.741
20210104214005	186.741
20210104214005	186.741
20210104214005	186.743
20210104214005	186.743
20210104214005	186.743
20210104214005	186.744
20210104214005	186.744
20210104214005	186.744
20210104214005	186.744
20210104214005	186.744
20210104214005	186.744
20210104214005	186.744
20210104214005	186.745
20210104214005	186.745
20210104214005	186.745
20210104214005	186.746
20210104214005	186.746
20210104214005	186.746
20210104214005	186.746
20210104214005	186.748
20210104214005	186.748
20210104214005	186.748
20210104214005	186.749
20210104214005	186.749
20210104214005	186.749
20210104214005	186.749
20210104214005	186.75
20210104214005	186.75
20210104214005	186.75
20210104214005	186.751
20210104214005	186.751
20210104214005	186.751
20210104214005	186.751
20210104214005	186.751
20210104214005	186.751
20210104214005	186.751
20210104214005	186.753
20210104214005	186.753
20210104214005	186.753
20210104214005	186.754
20210104214006	186.754
20210104214006	186.754
20210104214006	186.755
20210104214006	186.755
20210104214006	186.755
20210104214006	186.756
20210104214006	186.756
20210104214006	186.756
20210104214006	186.756
20210104214006	186.756
20210104214006	186.756
20210104214006	186.756
20210104214006	186.757
20210104214006	186.757
20210104214006	186.757
20210104214006	186.757
20210104214006	186.757
20210104214006	186.757
20210104214006	186.757
20210104214006	186.759
20210104214006	186.759
20210104214006	186.759
20210104214006	186.76
20210104214006	186.76
20210104214006	186.76
20210104214006	186.76
20210104214006	186.761
20210104214006	186.761
20210104214006	186.761
20210104214006	186.761
20210104214006	186.761
20210104214006	186.761
20210104214006	186.761
20210104214006	186.761
20210104214006	186.761
20210104214006	186.762
20210104214006	186.762
20210104214006	186.762
20210104214006	186.762
20210104214006	186.763
20210104214006	186.763
20210104214006	186.763
20210104214006	186.764
20210104214006	186.764
20210104214006	186.764
20210104214006	186.765
20210104214006	186.765
20210104214006	186.765
20210104214006	186.765
20210104214007	186.765
20210104214007	186.765
20210104214007	186.765
20210104214007	186.765
20210104214007	186.765
20210104214007	186.765
20210104214007	186.766
20210104214007	186.766
20210104214007	186.766
20210104214007	186.766
20210104214007	186.767
20210104214007	186.767
20210104214007	186.767
20210104214007	186.768
20210104214007	186.768
20210104214007	186.768
20210104214007	186.769
20210104214007	186.769
20210104214007	186.769
20210104214007	186.769
20210104214007	186.769
20210104214007	186.769
20210104214007	186.769
20210104214007	186.769
20210104214007	186.769
20210104214007	186.769
20210104214007	186.769
20210104214007	186.769
20210104214007	186.769
20210104214007	186.769
20210104214007	186.77
20210104214007	186.77
20210104214007	186.77
20210104214007	186.77
20210104214007	186.77
20210104214007	186.77
20210104214007	186.771
20210104214007	186.771
20210104214007	186.771
20210104214007	186.771
20210104214007	186.771
20210104214007	186.771
20210104214007	186.771
20210104214007	186.77
20210104214007	186.77
20210104214007	186.77
20210104214007	186.77
20210104214007	186.77
20210104214007	186.77
20210104214008	186.77
20210104214008	186.771
20210104214008	186.771
20210104214008	186.771
20210104214008	186.771
20210104214008	186.771
20210104214008	186.771
20210104214008	186.771
20210104214008	186.772
20210104214008	186.772
20210104214008	186.771
20210104214008	186.771
20210104214008	186.771
20210104214008	186.771
20210104214008	186.771
20210104214008	186.771
20210104214008	186.771
20210104214008	186.771
20210104214008	186.771
20210104214008	186.771
20210104214008	186.771
20210104214008	186.771
20210104214008	186.771
20210104214008	186.771
20210104214008	186.771
20210104214008	186.771
20210104214008	186.771
20210104214008	186.772
20210104214008	186.772
20210104214008	186.772
20210104214008	186.772
20210104214008	186.771
20210104214008	186.771
20210104214008	186.771
20210104214008	186.77
20210104214008	186.77
20210104214008	186.77
20210104214008	186.77
20210104214008	186.77
20210104214008	186.77
20210104214008	186.77
20210104214008	186.77
20210104214008	186.77
20210104214009	186.77
20210104214009	186.771
20210104214009	186.771
20210104214009	186.771
20210104214009	186.772
20210104214009	186.772
20210104214009	186.772
20210104214009	186.772
20210104214009	186.772
20210104214009	186.772
20210104214009	186.772
20210104214009	186.771
20210104214009	186.771
20210104214009	186.771
20210104214009	186.771
20210104214009	186.771
20210104214009	186.771
20210104214009	186.771
20210104214009	186.771
20210104214009	186.771
20210104214009	186.771
20210104214009	186.771
20210104214009	186.771
20210104214009	186.771
20210104214009	186.772
20210104214009	186.772
20210104214009	186.772
20210104214009	186.772
20210104214009	186.771
20210104214009	186.771
20210104214009	186.771
20210104214009	186.771
20210104214009	186.771
20210104214009	186.771
20210104214009	186.77
20210104214009	186.77
20210104214009	186.77
20210104214009	186.77
20210104214009	186.77
20210104214009	186.77
20210104214009	186.77
20210104214009	186.77
20210104214009	186.77
20210104214009	186.77
20210104214009	186.77
20210104214009	186.771
20210104214009	186.771
20210104214009	186.771
20210104214009	186.771
20210104214010	186.771
20210104214010	186.771
20210104214010	186.77
20210104214010	186.77
20210104214010	186.77
20210104214010	186.77
20210104214010	186.77
20210104214010	186.77
20210104214010	186.77
20210104214010	186.77
20210104214010	186.77
20210104214010	186.77
20210104214010	186.77
20210104214010	186.77
20210104214010	186.77
20210104214010	186.77
20210104214010	186.77
20210104214010	186.77
20210104214010	186.77
20210104214010	186.77
20210104214010	186.77
20210104214010	186.77
20210104214010	186.77
20210104214010	186.77
20210104214010	186.77
20210104214010	186.769
20210104214010	186.769
20210104214010	186.769
20210104214010	186.769
20210104214010	186.769
20210104214010	186.769
20210104214010	186.769
20210104214010	186.77
20210104214010	186.77
20210104214010	186.77
20210104214010	186.77
20210104214010	186.77
20210104214010	186.77
20210104214010	186.77
20210104214010	186.771
20210104214010	186.771
20210104214010	186.771
20210104214010	186.77
20210104214010	186.77
20210104214010	186.77
20210104214010	186.77
20210104214010	186.77
20210104214010	186.77
20210104214010	186.769
20210104214010	186.769
20210104214010	186.769
20210104214010	186.769
20210104214010	186.769
20210104214010	186.769
20210104214010	186.769
20210104214010	186.77
20210104214010	186.77
20210104214010	186.77
20210104214010	186.77
20210104214010	186.77
20210104214010	186.77
20210104214010	186.77
20210104214010	186.769
20210104214010	186.769
20210104214011	186.769
20210104214011	186.769
20210104214011	186.768
20210104214011	186.768
20210104214011	186.768
20210104214011	186.768
20210104214011	186.768
20210104214011	186.768
20210104214011	186.768
20210104214011	186.768
20210104214011	186.768
20210104214011	186.768
20210104214011	186.768
20210104214011	186.768
20210104214011	186.768
20210104214011	186.769
20210104214011	186.769
20210104214011	186.769
20210104214011	186.768
20210104214011	186.768
20210104214011	186.768
20210104214011	186.768
20210104214011	186.767
20210104214011	186.767
20210104214011	186.767
20210104214011	186.766
20210104214011	186.766
20210104214011	186.766
20210104214011	186.766
20210104214011	186.766
20210104214011	186.766
20210104214011	186.766
20210104214011	186.766
20210104214011	186.766
20210104214011	186.766
20210104214011	186.766
20210104214011	186.766
20210104214011	186.766
20210104214011	186.764
20210104214011	186.764
20210104214011	186.764
20210104214011	186.764
20210104214011	186.763
20210104214011	186.763
20210104214011	186.763
20210104214011	186.763
20210104214011	186.763
20210104214011	186.763
20210104214011	186.762
20210104214011	186.762
20210104214011	186.762
20210104214011	186.762
20210104214011	186.762
20210104214011	186.762
20210104214011	186.762
20210104214011	186.763
20210104214011	186.763
20210104214011	186.763
20210104214011	186.762
20210104214011	186.762
20210104214012	186.762
20210104214012	186.761
20210104214012	186.761
20210104214012	186.761
20210104214012	186.761
20210104214012	186.76
20210104214012	186.76
20210104214012	186.76
20210104214012	186.76
20210104214012	186.76
20210104214012	186.76
20210104214012	186.76
20210104214012	186.76
20210104214012	186.76
20210104214012	186.76
20210104214012	186.761
20210104214012	186.761
20210104214012	186.761
20210104214012	186.76
20210104214012	186.76
20210104214012	186.76
20210104214012	186.76
20210104214012	186.76
20210104214012	186.76
20210104214012	186.76
20210104214012	186.759
20210104214012	186.759
20210104214012	186.759
20210104214012	186.759
20210104214012	186.759
20210104214012	186.759
20210104214012	186.759
20210104214012	186.76
20210104214012	186.76
20210104214012	186.76
20210104214012	186.76
20210104214012	186.76
20210104214012	186.761
20210104214012	186.761
20210104214012	186.761
20210104214012	186.761
20210104214012	186.76
20210104214012	186.76
20210104214012	186.76
20210104214012	186.76
20210104214012	186.76
20210104214012	186.76
20210104214012	186.76
20210104214012	186.761
20210104214013	186.761
20210104214013	186.761
20210104214013	186.761
20210104214013	186.761
20210104214013	186.761
20210104214013	186.761
20210104214013	186.762
20210104214013	186.762
20210104214013	186.762
20210104214013	186.762
20210104214013	186.762
20210104214013	186.762
20210104214013	186.761
20210104214013	186.761
20210104214013	186.761
20210104214013	186.761
20210104214013	186.761
20210104214013	186.761
20210104214013	186.761
20210104214013	186.761
20210104214013	186.761
20210104214013	186.761
20210104214013	186.761
20210104214013	186.761
20210104214013	186.761
20210104214013	186.761
20210104214013	186.762
20210104214013	186.762
20210104214013	186.762
20210104214013	186.762
20210104214013	186.762
20210104214013	186.762
20210104214013	186.761
20210104214013	186.761
20210104214013	186.761
20210104214013	186.761
20210104214013	186.76
20210104214013	186.76
20210104214013	186.76
20210104214013	186.76
20210104214013	186.76
20210104214013	186.76
20210104214013	186.76
20210104214013	186.76
20210104214013	186.76
20210104214013	186.76
20210104214013	186.761
20210104214013	186.761
20210104214013	186.761
20210104214013	186.761
20210104214013	186.761
20210104214013	186.761
20210104214013	186.761
20210104214013	186.759
20210104214013	186.759
20210104214013	186.759
20210104214013	186.758
20210104214013	186.758
20210104214013	186.758
20210104214013	186.758
20210104214013	186.758
20210104214014	186.758
20210104214014	186.758
20210104214014	186.758
20210104214014	186.758
20210104214014	186.758
20210104214014	186.758
20210104214014	186.758
20210104214014	186.758
20210104214014	186.758
20210104214014	186.758
20210104214014	186.757
20210104214014	186.757
20210104214014	186.757
20210104214014	186.757
20210104214014	186.757
20210104214014	186.756
20210104214014	186.756
20210104214014	186.756
20210104214014	186.756
20210104214014	186.756
20210104214014	186.756
20210104214014	186.756
20210104214014	186.755
20210104214014	186.755
20210104214014	186.755
20210104214014	186.756
20210104214014	186.756
20210104214014	186.756
20210104214014	186.756
20210104214014	186.756
20210104214014	186.756
20210104214014	186.756
20210104214014	186.755
20210104214014	186.755
20210104214014	186.755
20210104214014	186.754
20210104214014	186.754
20210104214014	186.754
20210104214014	186.754
20210104214014	186.754
20210104214014	186.754
20210104214014	186.754
20210104214014	186.754
20210104214014	186.754
20210104214014	186.754
20210104214014	186.754
20210104214014	186.754
20210104214014	186.754
20210104214014	186.755
20210104214014	186.755
20210104214014	186.755
20210104214015	186.754
20210104214015	186.754
20210104214015	186.754
20210104214015	186.753
20210104214015	186.753
20210104214015	186.753
20210104214015	186.753
20210104214015	186.753
20210104214015	186.753
20210104214015	186.753
20210104214015	186.753
20210104214015	186.753
20210104214015	186.753
20210104214015	186.753
20210104214015	186.753
20210104214015	186.753
20210104214015	186.753
20210104214015	186.753
20210104214015	186.753
20210104214015	186.753
20210104214015	186.753
20210104214015	186.753
20210104214015	186.753
20210104214015	186.753
20210104214015	186.752
20210104214015	186.752
20210104214015	186.752
20210104214015	186.751
20210104214015	186.751
20210104214015	186.751
20210104214015	186.751
20210104214015	186.751
20210104214015	186.751
20210104214015	186.751
20210104214015	186.751
20210104214015	186.751
20210104214015	186.751
20210104214015	186.751
20210104214015	186.751
20210104214015	186.751
20210104214015	186.751
20210104214015	186.751
20210104214015	186.751
20210104214015	186.751
20210104214015	186.75
20210104214015	186.75
20210104214015	186.75
20210104214015	186.749
20210104214015	186.749
20210104214016	186.749
20210104214016	186.749
20210104214016	186.749
20210104214016	186.749
20210104214016	186.749
20210104214016	186.749
20210104214016	186.749
20210104214016	186.749
20210104214016	186.749
20210104214016	186.749
20210104214016	186.749
20210104214016	186.749
20210104214016	186.748
20210104214016	186.748
20210104214016	186.748
20210104214016	186.748
20210104214016	186.748
20210104214016	186.748
20210104214016	186.748
20210104214016	186.748
20210104214016	186.748
20210104214016	186.747
20210104214016	186.747
20210104214016	186.747
20210104214016	186.747
20210104214016	186.748
20210104214016	186.748
20210104214016	186.748
20210104214016	186.748
20210104214016	186.748
20210104214016	186.748
20210104214016	186.748
20210104214016	186.748
20210104214016	186.748
20210104214016	186.748
20210104214016	186.747
20210104214016	186.747
20210104214016	186.747
20210104214016	186.747
20210104214016	186.747
20210104214016	186.747
20210104214016	186.746
20210104214016	186.746
20210104214016	186.746
20210104214016	186.746
20210104214016	186.746
20210104214016	186.746
20210104214016	186.746
20210104214017	186.747
20210104214017	186.747
20210104214017	186.747
20210104214017	186.747
20210104214017	186.746
20210104214017	186.746
20210104214017	186.745
20210104214017	186.745
20210104214017	186.745
20210104214017	186.745
20210104214017	186.744
20210104214017	186.744
20210104214017	186.744
20210104214017	186.744
20210104214017	186.744
20210104214017	186.744
20210104214017	186.744
20210104214017	186.744
20210104214017	186.743
20210104214017	186.743
20210104214017	186.743
20210104214017	186.743
20210104214017	186.743
20210104214017	186.744
20210104214017	186.744
20210104214017	186.744
20210104214017	186.744
20210104214017	186.742
20210104214017	186.742
20210104214017	186.742
20210104214017	186.741
20210104214017	186.741
20210104214017	186.741
20210104214017	186.741
20210104214017	186.741
20210104214017	186.741
20210104214017	186.741
20210104214017	186.74
20210104214017	186.74
20210104214017	186.74
20210104214017	186.74
20210104214017	186.74
20210104214017	186.74
20210104214017	186.74
20210104214017	186.74
20210104214017	186.74
20210104214017	186.74
20210104214017	186.739
20210104214017	186.739
20210104214017	186.739
20210104214017	186.739
20210104214017	186.739
20210104214017	186.739
20210104214017	186.738
20210104214017	186.738
20210104214017	186.738
20210104214017	186.738
20210104214017	186.738
20210104214018	186.738
20210104214018	186.738
20210104214018	186.738
20210104214018	186.738
20210104214018	186.738
20210104214018	186.738
20210104214018	186.738
20210104214018	186.738
20210104214018	186.738
20210104214018	186.737
20210104214018	186.737
20210104214018	186.737
20210104214018	186.737
20210104214018	186.737
20210104214018	186.737
20210104214018	186.736
20210104214018	186.736
20210104214018	186.736
20210104214018	186.736
20210104214018	186.736
20210104214018	186.736
20210104214018	186.736
20210104214018	186.736
20210104214018	186.736
20210104214018	186.736
20210104214018	186.736
20210104214018	186.736
20210104214018	186.736
20210104214018	186.736
20210104214018	186.736
20210104214018	186.736
20210104214018	186.736
20210104214018	186.735
20210104214018	186.735
20210104214018	186.735
20210104214018	186.735
20210104214018	186.734
20210104214018	186.734
20210104214018	186.734
20210104214018	186.734
20210104214018	186.734
20210104214018	186.734
20210104214018	186.734
20210104214018	186.734
20210104214018	186.734
20210104214019	186.734
20210104214019	186.734
20210104214019	186.734
20210104214019	186.734
20210104214019	186.733
20210104214019	186.733
20210104214019	186.733
20210104214019	186.732
20210104214019	186.732
20210104214019	186.732
20210104214019	186.732
20210104214019	186.732
20210104214019	186.732
20210104214019	186.732
20210104214019	186.731
20210104214019	186.731
20210104214019	186.731
20210104214019	186.731
20210104214019	186.731
20210104214019	186.731
20210104214019	186.731
20210104214019	186.731
20210104214019	186.731
20210104214019	186.731
20210104214019	186.73
20210104214019	186.73
20210104214019	186.73
20210104214019	186.729
20210104214019	186.729
20210104214019	186.729
20210104214019	186.729
20210104214019	186.729
20210104214019	186.729
20210104214019	186.729
20210104214019	186.728
20210104214019	186.728
20210104214019	186.728
20210104214019	186.728
20210104214019	186.728
20210104214019	186.728
20210104214019	186.728
20210104214019	186.728
20210104214019	186.728
20210104214019	186.728
20210104214019	186.728
20210104214019	186.728
20210104214019	186.728
20210104214019	186.727
20210104214019	186.727
20210104214019	186.727
20210104214019	186.727
20210104214019	186.727
20210104214019	186.727
20210104214019	186.727
20210104214019	186.727
20210104214019	186.727
20210104214019	186.727
20210104214019	186.726
20210104214019	186.726
20210104214019	186.726
20210104214019	186.726
20210104214019	186.726
20210104214019	186.726
20210104214019	186.726
20210104214019	186.726
20210104214019	186.726
20210104214019	186.726
20210104214019	186.725
20210104214020	186.725
20210104214020	186.725
20210104214020	186.725
20210104214020	186.725
20210104214020	186.725
20210104214020	186.725
20210104214020	186.724
20210104214020	186.724
20210104214020	186.724
20210104214020	186.724
20210104214020	186.724
20210104214020	186.724
20210104214020	186.724
20210104214020	186.724
20210104214020	186.724
20210104214020	186.724
20210104214020	186.724
20210104214020	186.724
20210104214020	186.724
20210104214020	186.723
20210104214020	186.723
20210104214020	186.723
20210104214020	186.723
20210104214020	186.723
20210104214020	186.723
20210104214020	186.723
20210104214020	186.722
20210104214020	186.722
20210104214020	186.722
20210104214020	186.722
20210104214020	186.722
20210104214020	186.722
20210104214020	186.721
20210104214020	186.721
20210104214020	186.721
20210104214020	186.721
20210104214020	186.721
20210104214020	186.721
20210104214020	186.721
20210104214020	186.721
20210104214020	186.721
20210104214020	186.721
20210104214020	186.72
20210104214020	186.72
20210104214020	186.72
20210104214020	186.72
20210104214020	186.72
20210104214021	186.72
20210104214021	186.72
20210104214021	186.719
20210104214021	186.719
20210104214021	186.719
20210104214021	186.719
20210104214021	186.719
20210104214021	186.719
20210104214021	186.719
20210104214021	186.719
20210104214021	186.719
20210104214021	186.719
20210104214021	186.718
20210104214021	186.718
20210104214021	186.718
20210104214021	186.718
20210104214021	186.718
20210104214021	186.718
20210104214021	186.718
20210104214021	186.717
20210104214021	186.717
20210104214021	186.717
20210104214021	186.716
20210104214021	186.716
20210104214021	186.716
20210104214021	186.716
20210104214021	186.716
20210104214021	186.716
20210104214021	186.716
20210104214021	186.716
20210104214021	186.716
20210104214021	186.716
20210104214021	186.716
20210104214021	186.716
20210104214021	186.716
20210104214021	186.715
20210104214021	186.715
20210104214021	186.715
20210104214021	186.714
20210104214021	186.714
20210104214021	186.714
20210104214021	186.714
20210104214021	186.714
20210104214021	186.714
20210104214021	186.714
20210104214021	186.714
20210104214021	186.714
20210104214022	186.714
20210104214022	186.714
20210104214022	186.714
20210104214022	186.714
20210104214022	186.714
20210104214022	186.713
20210104214022	186.713
20210104214022	186.713
20210104214022	186.712
20210104214022	186.712
20210104214022	186.712
20210104214022	186.711
20210104214022	186.711
20210104214022	186.711
20210104214022	186.711
20210104214022	186.711
20210104214022	186.711
20210104214022	186.711
20210104214022	186.71
20210104214022	186.71
20210104214022	186.71
20210104214022	186.71
20210104214022	186.71
20210104214022	186.71
20210104214022	186.71
20210104214022	186.709
20210104214022	186.709
20210104214022	186.709
20210104214022	186.709
20210104214022	186.708
20210104214022	186.708
20210104214022	186.708
20210104214022	186.707
20210104214022	186.707
20210104214022	186.707
20210104214022	186.706
20210104214022	186.706
20210104214022	186.706
20210104214022	186.706
20210104214022	186.706
20210104214022	186.706
20210104214022	186.706
20210104214022	186.705
20210104214022	186.705
20210104214022	186.705
20210104214022	186.705
20210104214022	186.705
20210104214022	186.705
20210104214022	186.704
20210104214022	186.704
20210104214022	186.704
20210104214022	186.704
20210104214022	186.703
20210104214022	186.703
20210104214022	186.703
20210104214022	186.703
20210104214022	186.703
20210104214022	186.703
20210104214022	186.702
20210104214022	186.702
20210104214022	186.702
20210104214023	186.702
20210104214023	186.702
20210104214023	186.702
20210104214023	186.702
20210104214023	186.701
20210104214023	186.701
20210104214023	186.701
20210104214023	186.701
20210104214023	186.701
20210104214023	186.701
20210104214023	186.701
20210104214023	186.7
20210104214023	186.7
20210104214023	186.7
20210104214023	186.699
20210104214023	186.699
20210104214023	186.699
20210104214023	186.699
20210104214023	186.699
20210104214023	186.699
20210104214023	186.699
20210104214023	186.699
20210104214023	186.699
20210104214023	186.699
20210104214023	186.698
20210104214023	186.698
20210104214023	186.698
20210104214023	186.697
20210104214023	186.697
20210104214023	186.697
20210104214023	186.697
20210104214023	186.697
20210104214023	186.697
20210104214023	186.697
20210104214023	186.697
20210104214023	186.696
20210104214023	186.696
20210104214023	186.696
20210104214023	186.696
20210104214023	186.696
20210104214023	186.696
20210104214023	186.695
20210104214023	186.695
20210104214023	186.695
20210104214023	186.695
20210104214023	186.695
20210104214023	186.695
20210104214023	186.694
20210104214023	186.694
20210104214023	186.694
20210104214023	186.693
20210104214023	186.693
20210104214023	186.693
20210104214023	186.693
20210104214023	186.693
20210104214023	186.693
20210104214023	186.693
20210104214023	186.692
20210104214023	186.692
20210104214024	186.692
20210104214024	186.692
20210104214024	186.692
20210104214024	186.692
20210104214024	186.692
20210104214024	186.691
20210104214024	186.691
20210104214024	186.691
20210104214024	186.691
20210104214024	186.691
20210104214024	186.691
20210104214024	186.691
20210104214024	186.69
20210104214024	186.69
20210104214024	186.69
20210104214024	186.689
20210104214024	186.689
20210104214024	186.689
20210104214024	186.689
20210104214024	186.689
20210104214024	186.689
20210104214024	186.689
20210104214024	186.688
20210104214024	186.688
20210104214024	186.688
20210104214024	186.688
20210104214024	186.688
20210104214024	186.687
20210104214024	186.687
20210104214024	186.687
20210104214024	186.687
20210104214024	186.687
20210104214024	186.687
20210104214024	186.687
20210104214024	186.687
20210104214024	186.686
20210104214024	186.686
20210104214024	186.686
20210104214024	186.686
20210104214024	186.686
20210104214024	186.686
20210104214024	186.686
20210104214024	186.685
20210104214024	186.685
20210104214024	186.685
20210104214024	186.685
20210104214024	186.685
20210104214024	186.685
20210104214024	186.684
20210104214024	186.684
20210104214024	186.684
20210104214024	186.684
20210104214024	186.683
20210104214024	186.683
20210104214024	186.683
20210104214024	186.683
20210104214024	186.683
20210104214024	186.683
20210104214025	186.683
20210104214025	186.683
20210104214025	186.683
20210104214025	186.683
20210104214025	186.682
20210104214025	186.682
20210104214025	186.682
20210104214025	186.682
20210104214025	186.682
20210104214025	186.682
20210104214025	186.681
20210104214025	186.681
20210104214025	186.681
20210104214025	186.681
20210104214025	186.681
20210104214025	186.681
20210104214025	186.681
20210104214025	186.68
20210104214025	186.68
20210104214025	186.68
20210104214025	186.68
20210104214025	186.68
20210104214025	186.68
20210104214025	186.68
20210104214025	186.679
20210104214025	186.679
20210104214025	186.679
20210104214025	186.679
20210104214025	186.679
20210104214025	186.679
20210104214025	186.679
20210104214025	186.679
20210104214025	186.679
20210104214025	186.678
20210104214025	186.678
20210104214025	186.678
20210104214025	186.678
20210104214025	186.678
20210104214025	186.678
20210104214025	186.678
20210104214025	186.677
20210104214025	186.677
20210104214025	186.677
20210104214025	186.677
20210104214025	186.677
20210104214025	186.677
20210104214025	186.677
20210104214025	186.676
20210104214025	186.676
20210104214025	186.676
20210104214025	186.676
20210104214025	186.676
20210104214025	186.676
20210104214025	186.676
20210104214025	186.676
20210104214025	186.676
20210104214025	186.676
20210104214026	186.676
20210104214026	186.676
20210104214026	186.676
20210104214026	186.676
20210104214026	186.676
20210104214026	186.676
20210104214026	186.676
20210104214026	186.676
20210104214026	186.676
20210104214026	186.676
20210104214026	186.676
20210104214026	186.676
20210104214026	186.676
20210104214026	186.676
20210104214026	186.676
20210104214026	186.676
20210104214026	186.676
20210104214026	186.675
20210104214026	186.675
20210104214026	186.675
20210104214026	186.675
20210104214026	186.675
20210104214026	186.675
20210104214026	186.675
20210104214026	186.675
20210104214026	186.675
20210104214026	186.675
20210104214026	186.675
20210104214026	186.675
20210104214026	186.675
20210104214026	186.675
20210104214026	186.675
20210104214026	186.675
20210104214026	186.675
20210104214026	186.675
20210104214026	186.675
20210104214026	186.675
20210104214026	186.675
20210104214026	186.675
20210104214026	186.675
20210104214026	186.675
20210104214026	186.675
20210104214026	186.675
20210104214026	186.675
20210104214027	186.675
20210104214027	186.675
20210104214027	186.675
20210104214027	186.675
20210104214027	186.675
20210104214027	186.675
20210104214027	186.675
20210104214027	186.675
20210104214027	186.675
20210104214027	186.674
20210104214027	186.674
20210104214027	186.674
20210104214027	186.674
20210104214027	186.674
20210104214027	186.674
20210104214027	186.674
20210104214027	186.674
20210104214027	186.674
20210104214027	186.674
20210104214027	186.674
20210104214027	186.674
20210104214027	186.674
20210104214027	186.674
20210104214027	186.674
20210104214027	186.674
20210104214027	186.674
20210104214027	186.673
20210104214027	186.673
20210104214027	186.673
20210104214027	186.673
20210104214027	186.673
20210104214027	186.673
20210104214027	186.673
20210104214027	186.673
20210104214027	186.673
20210104214027	186.673
20210104214027	186.673
20210104214027	186.673
20210104214027	186.673
20210104214027	186.673
20210104214027	186.673
20210104214027	186.673
20210104214027	186.673
20210104214027	186.673
20210104214027	186.673
20210104214027	186.673
20210104214027	186.673
20210104214027	186.673
20210104214027	186.673
20210104214027	186.673
20210104214027	186.673
20210104214027	186.673
20210104214027	186.673
20210104214027	186.673
20210104214027	186.673
20210104214027	186.673
20210104214027	186.673
20210104214027	186.673
20210104214028	186.673
20210104214028	186.673
20210104214028	186.673
20210104214028	186.673
20210104214028	186.673
20210104214028	186.673
20210104214028	186.673
20210104214028	186.673
20210104214028	186.673
20210104214028	186.673
20210104214028	186.673
20210104214028	186.673
20210104214028	186.673
20210104214028	186.673
20210104214028	186.673
20210104214028	186.673
20210104214028	186.673
20210104214028	186.673
20210104214028	186.673
20210104214028	186.673
20210104214028	186.673
20210104214028	186.673
20210104214028	186.673
20210104214028	186.673
20210104214028	186.673
20210104214028	186.673
20210104214028	186.673
20210104214028	186.673
20210104214028	186.672
20210104214028	186.672
20210104214028	186.672
20210104214028	186.672
20210104214028	186.672
20210104214028	186.672
20210104214028	186.672
20210104214028	186.672
20210104214028	186.672
20210104214028	186.672
20210104214028	186.672
20210104214028	186.672
20210104214028	186.672
20210104214028	186.672
20210104214028	186.672
20210104214028	186.672
20210104214028	186.672
20210104214028	186.671
20210104214028	186.671
20210104214028	186.671
20210104214028	186.671
20210104214028	186.671
20210104214028	186.671
20210104214028	186.671
20210104214028	186.671
20210104214028	186.671
20210104214028	186.671
20210104214028	186.671
20210104214028	186.671
20210104214028	186.671
20210104214028	186.671
20210104214029	186.671
20210104214029	186.671
20210104214029	186.671
20210104214029	186.671
20210104214029	186.671
20210104214029	186.671
20210104214029	186.671
20210104214029	186.671
20210104214029	186.671
20210104214029	186.671
20210104214029	186.671
20210104214029	186.671
20210104214029	186.671
20210104214029	186.671
20210104214029	186.671
20210104214029	186.671
20210104214029	186.67
20210104214029	186.67
20210104214029	186.67
20210104214029	186.67
20210104214029	186.67
20210104214029	186.67
20210104214029	186.67
20210104214029	186.67
20210104214029	186.67
20210104214029	186.67
20210104214029	186.67
20210104214029	186.67
20210104214029	186.67
20210104214029	186.67
20210104214029	186.67
20210104214029	186.67
20210104214029	186.67
20210104214029	186.67
20210104214029	186.67
20210104214029	186.67
20210104214029	186.67
20210104214029	186.67
20210104214029	186.67
20210104214029	186.67
20210104214029	186.67
20210104214029	186.67
20210104214029	186.67
20210104214029	186.67
20210104214029	186.67
20210104214029	186.67
20210104214029	186.67
20210104214030	186.67
20210104214030	186.67
20210104214030	186.67
20210104214030	186.67
20210104214030	186.67
20210104214030	186.669
20210104214030	186.669
20210104214030	186.669
20210104214030	186.669
20210104214030	186.669
20210104214030	186.669
20210104214030	186.669
20210104214030	186.669
20210104214030	186.669
20210104214030	186.669
20210104214030	186.669
20210104214030	186.669
20210104214030	186.669
20210104214030	186.669
20210104214030	186.669
20210104214030	186.669
20210104214030	186.669
20210104214030	186.669
20210104214030	186.669
20210104214030	186.669
20210104214030	186.669
20210104214030	186.669
20210104214030	186.669
20210104214030	186.669
20210104214030	186.669
20210104214030	186.669
20210104214030	186.669
20210104214030	186.669
20210104214030	186.669
20210104214030	186.669
20210104214030	186.669
20210104214030	186.669
20210104214030	186.669
20210104214030	186.669
20210104214030	186.669
20210104214030	186.669
20210104214030	186.669
20210104214030	186.669
20210104214030	186.669
20210104214030	186.669
20210104214030	186.669
20210104214030	186.669
20210104214030	186.669
20210104214031	186.669
20210104214031	186.669
20210104214031	186.669
20210104214031	186.669
20210104214031	186.669
20210104214031	186.669
20210104214031	186.669
20210104214031	186.669
20210104214031	186.669
20210104214031	186.669
20210104214031	186.669
20210104214031	186.669
20210104214031	186.669
20210104214031	186.669
20210104214031	186.669
20210104214031	186.669
20210104214031	186.669
20210104214031	186.669
20210104214031	186.669
20210104214031	186.669
20210104214031	186.669
20210104214031	186.669
20210104214031	186.669
20210104214031	186.669
20210104214031	186.669
20210104214031	186.669
20210104214031	186.669
20210104214031	186.669
20210104214031	186.669
20210104214031	186.669
20210104214031	186.669
20210104214031	186.669
20210104214031	186.669
20210104214031	186.669
20210104214031	186.669
20210104214031	186.669
20210104214031	186.669
20210104214031	186.669
20210104214031	186.669
20210104214031	186.669
20210104214031	186.669
20210104214031	186.669
20210104214031	186.669
20210104214031	186.669
20210104214031	186.669
20210104214031	186.669
20210104214031	186.669
20210104214031	186.669
20210104214031	186.669
20210104214031	186.669
20210104214031	186.669
20210104214031	186.669
20210104214031	186.669
20210104214031	186.669
20210104214031	186.669
20210104214031	186.669
20210104214031	186.669
20210104214031	186.67
20210104214031	186.67
20210104214031	186.67
20210104214032	186.67
20210104214032	186.67
20210104214032	186.67
20210104214032	186.67
20210104214032	186.67
20210104214032	186.67
20210104214032	186.67
20210104214032	186.67
20210104214032	186.67
20210104214032	186.67
20210104214032	186.67
20210104214032	186.671
20210104214032	186.671
20210104214032	186.671
20210104214032	186.671
20210104214032	186.671
20210104214032	186.671
20210104214032	186.671
20210104214032	186.671
20210104214032	186.671
20210104214032	186.672
20210104214032	186.672
20210104214032	186.672
20210104214032	186.672
20210104214032	186.672
20210104214032	186.672
20210104214032	186.672
20210104214032	186.672
20210104214032	186.672
20210104214032	186.672
20210104214032	186.672
20210104214032	186.672
20210104214032	186.672
20210104214032	186.672
20210104214032	186.673
20210104214032	186.673
20210104214032	186.673
20210104214032	186.673
20210104214032	186.673
20210104214032	186.673
20210104214032	186.673
20210104214032	186.673
20210104214032	186.673
20210104214032	186.673
20210104214032	186.674
20210104214032	186.674
20210104214032	186.674
20210104214032	186.674
20210104214032	186.674
20210104214032	186.674
20210104214032	186.674
20210104214032	186.674
20210104214032	186.674
20210104214032	186.674
20210104214032	186.674
20210104214032	186.674
20210104214032	186.674
20210104214033	186.674
20210104214033	186.674
20210104214033	186.674
20210104214033	186.674
20210104214033	186.675
20210104214033	186.675
20210104214033	186.675
20210104214033	186.675
20210104214033	186.675
20210104214033	186.675
20210104214033	186.676
20210104214033	186.676
20210104214033	186.676
20210104214033	186.676
20210104214033	186.676
20210104214033	186.676
20210104214033	186.676
20210104214033	186.677
20210104214033	186.677
20210104214033	186.677
20210104214033	186.677
20210104214033	186.678
20210104214033	186.678
20210104214033	186.678
20210104214033	186.678
20210104214033	186.678
20210104214033	186.678
20210104214033	186.679
20210104214033	186.679
20210104214033	186.679
20210104214033	186.679
20210104214033	186.679
20210104214033	186.679
20210104214033	186.679
20210104214033	186.679
20210104214033	186.679
20210104214033	186.679
20210104214033	186.68
20210104214033	186.68
20210104214033	186.68
20210104214033	186.68
20210104214033	186.68
20210104214033	186.68
20210104214033	186.68
20210104214033	186.68
20210104214033	186.68
20210104214033	186.68
20210104214033	186.681
20210104214033	186.681
20210104214033	186.681
20210104214033	186.681
20210104214033	186.681
20210104214033	186.681
20210104214033	186.681
20210104214033	186.681
20210104214033	186.681
20210104214033	186.681
20210104214033	186.681
20210104214033	186.681
20210104214033	186.681
20210104214033	186.681
20210104214033	186.681
20210104214034	186.681
20210104214034	186.681
20210104214034	186.681
20210104214034	186.681
20210104214034	186.681
20210104214034	186.682
20210104214034	186.682
20210104214034	186.682
20210104214034	186.682
20210104214034	186.682
20210104214034	186.682
20210104214034	186.682
20210104214034	186.682
20210104214034	186.682
20210104214034	186.682
20210104214034	186.683
20210104214034	186.683
20210104214034	186.683
20210104214034	186.683
20210104214034	186.684
20210104214034	186.684
20210104214034	186.684
20210104214034	186.684
20210104214034	186.684
20210104214034	186.684
20210104214034	186.685
20210104214034	186.685
20210104214034	186.685
20210104214034	186.685
20210104214034	186.685
20210104214034	186.685
20210104214034	186.685
20210104214034	186.685
20210104214034	186.685
20210104214034	186.685
20210104214034	186.685
20210104214034	186.685
20210104214034	186.685
20210104214034	186.686
20210104214034	186.686
20210104214034	186.686
20210104214034	186.686
20210104214034	186.686
20210104214034	186.686
20210104214034	186.686
20210104214034	186.686
20210104214034	186.686
20210104214034	186.686
20210104214034	186.687
20210104214034	186.687
20210104214034	186.687
20210104214034	186.687
20210104214034	186.687
20210104214034	186.687
20210104214034	186.687
20210104214034	186.687
20210104214034	186.687
20210104214034	186.687
20210104214034	186.687
20210104214035	186.687
20210104214035	186.687
20210104214035	186.687
20210104214035	186.687
20210104214035	186.687
20210104214035	186.687
20210104214035	186.688
20210104214035	186.688
20210104214035	186.688
20210104214035	186.688
20210104214035	186.688
20210104214035	186.688
20210104214035	186.688
20210104214035	186.688
20210104214035	186.688
20210104214035	186.688
20210104214035	186.688
20210104214035	186.688
20210104214035	186.688
20210104214035	186.688
20210104214035	186.688
20210104214035	186.688
20210104214035	186.688
20210104214035	186.689
20210104214035	186.689
20210104214035	186.689
20210104214035	186.689
20210104214035	186.689
20210104214035	186.689
20210104214035	186.689
20210104214035	186.689
20210104214035	186.689
20210104214035	186.689
20210104214035	186.689
20210104214035	186.689
