Linked: (/home/fengxuewei/GitHub/uav_project_1/AutoLanding/AutoLanding/devel/.private/navigator/share/roseus/ros/navigator/manifest.l, /home/fengxuewei/GitHub/uav_project_1/AutoLanding/AutoLanding/devel/share/roseus/ros/navigator/manifest.l)
Linked: (/home/fengxuewei/GitHub/uav_project_1/AutoLanding/AutoLanding/devel/.private/navigator/share/roseus/ros/navigator/msg/position_setpoint_triplet.l, /home/fengxuewei/GitHub/uav_project_1/AutoLanding/AutoLanding/devel/share/roseus/ros/navigator/msg/position_setpoint_triplet.l)
Linked: (/home/fengxuewei/GitHub/uav_project_1/AutoLanding/AutoLanding/devel/.private/navigator/share/common-lisp/ros/navigator/msg/_package_position_setpoint_triplet.lisp, /home/fengxuewei/GitHub/uav_project_1/AutoLanding/AutoLanding/devel/share/common-lisp/ros/navigator/msg/_package_position_setpoint_triplet.lisp)
Linked: (/home/fengxuewei/GitHub/uav_project_1/AutoLanding/AutoLanding/devel/.private/navigator/share/common-lisp/ros/navigator/msg/navigator-msg.asd, /home/fengxuewei/GitHub/uav_project_1/AutoLanding/AutoLanding/devel/share/common-lisp/ros/navigator/msg/navigator-msg.asd)
Linked: (/home/fengxuewei/GitHub/uav_project_1/AutoLanding/AutoLanding/devel/.private/navigator/share/common-lisp/ros/navigator/msg/position_setpoint_triplet.lisp, /home/fengxuewei/GitHub/uav_project_1/AutoLanding/AutoLanding/devel/share/common-lisp/ros/navigator/msg/position_setpoint_triplet.lisp)
Linked: (/home/fengxuewei/GitHub/uav_project_1/AutoLanding/AutoLanding/devel/.private/navigator/share/common-lisp/ros/navigator/msg/_package.lisp, /home/fengxuewei/GitHub/uav_project_1/AutoLanding/AutoLanding/devel/share/common-lisp/ros/navigator/msg/_package.lisp)
Linked: (/home/fengxuewei/GitHub/uav_project_1/AutoLanding/AutoLanding/devel/.private/navigator/share/gennodejs/ros/navigator/_index.js, /home/fengxuewei/GitHub/uav_project_1/AutoLanding/AutoLanding/devel/share/gennodejs/ros/navigator/_index.js)
Linked: (/home/fengxuewei/GitHub/uav_project_1/AutoLanding/AutoLanding/devel/.private/navigator/share/gennodejs/ros/navigator/msg/position_setpoint_triplet.js, /home/fengxuewei/GitHub/uav_project_1/AutoLanding/AutoLanding/devel/share/gennodejs/ros/navigator/msg/position_setpoint_triplet.js)
Linked: (/home/fengxuewei/GitHub/uav_project_1/AutoLanding/AutoLanding/devel/.private/navigator/share/gennodejs/ros/navigator/msg/_index.js, /home/fengxuewei/GitHub/uav_project_1/AutoLanding/AutoLanding/devel/share/gennodejs/ros/navigator/msg/_index.js)
Linked: (/home/fengxuewei/GitHub/uav_project_1/AutoLanding/AutoLanding/devel/.private/navigator/share/navigator/cmake/navigator-msg-paths.cmake, /home/fengxuewei/GitHub/uav_project_1/AutoLanding/AutoLanding/devel/share/navigator/cmake/navigator-msg-paths.cmake)
Linked: (/home/fengxuewei/GitHub/uav_project_1/AutoLanding/AutoLanding/devel/.private/navigator/share/navigator/cmake/navigatorConfig-version.cmake, /home/fengxuewei/GitHub/uav_project_1/AutoLanding/AutoLanding/devel/share/navigator/cmake/navigatorConfig-version.cmake)
Linked: (/home/fengxuewei/GitHub/uav_project_1/AutoLanding/AutoLanding/devel/.private/navigator/share/navigator/cmake/navigator-msg-extras.cmake, /home/fengxuewei/GitHub/uav_project_1/AutoLanding/AutoLanding/devel/share/navigator/cmake/navigator-msg-extras.cmake)
Linked: (/home/fengxuewei/GitHub/uav_project_1/AutoLanding/AutoLanding/devel/.private/navigator/share/navigator/cmake/navigatorConfig.cmake, /home/fengxuewei/GitHub/uav_project_1/AutoLanding/AutoLanding/devel/share/navigator/cmake/navigatorConfig.cmake)
Linked: (/home/fengxuewei/GitHub/uav_project_1/AutoLanding/AutoLanding/devel/.private/navigator/lib/python2.7/dist-packages/navigator/__init__.py, /home/fengxuewei/GitHub/uav_project_1/AutoLanding/AutoLanding/devel/lib/python2.7/dist-packages/navigator/__init__.py)
Linked: (/home/fengxuewei/GitHub/uav_project_1/AutoLanding/AutoLanding/devel/.private/navigator/lib/python2.7/dist-packages/navigator/msg/_position_setpoint_triplet.py, /home/fengxuewei/GitHub/uav_project_1/AutoLanding/AutoLanding/devel/lib/python2.7/dist-packages/navigator/msg/_position_setpoint_triplet.py)
Linked: (/home/fengxuewei/GitHub/uav_project_1/AutoLanding/AutoLanding/devel/.private/navigator/lib/python2.7/dist-packages/navigator/msg/__init__.py, /home/fengxuewei/GitHub/uav_project_1/AutoLanding/AutoLanding/devel/lib/python2.7/dist-packages/navigator/msg/__init__.py)
Linked: (/home/fengxuewei/GitHub/uav_project_1/AutoLanding/AutoLanding/devel/.private/navigator/lib/navigator/GPS2ENU, /home/fengxuewei/GitHub/uav_project_1/AutoLanding/AutoLanding/devel/lib/navigator/GPS2ENU)
Linked: (/home/fengxuewei/GitHub/uav_project_1/AutoLanding/AutoLanding/devel/.private/navigator/lib/navigator/navigator, /home/fengxuewei/GitHub/uav_project_1/AutoLanding/AutoLanding/devel/lib/navigator/navigator)
Linked: (/home/fengxuewei/GitHub/uav_project_1/AutoLanding/AutoLanding/devel/.private/navigator/lib/pkgconfig/navigator.pc, /home/fengxuewei/GitHub/uav_project_1/AutoLanding/AutoLanding/devel/lib/pkgconfig/navigator.pc)
Linked: (/home/fengxuewei/GitHub/uav_project_1/AutoLanding/AutoLanding/devel/.private/navigator/include/navigator/position_setpoint_triplet.h, /home/fengxuewei/GitHub/uav_project_1/AutoLanding/AutoLanding/devel/include/navigator/position_setpoint_triplet.h)
