20210115144747	141
20210115144748	132
20210115144748	118
20210115144749	106
20210115144749	92
20210115144750	77
20210115144750	62
20210115144751	49
20210115144751	40
20210115144752	35
20210115144752	21
20210115144753	6
20210115144753	351
20210115144754	336
20210115144754	325
20210115144755	318
20210115144755	311
20210115144756	294
20210115144756	279
20210115144757	264
20210115144757	253
20210115144758	249
20210115144758	252
20210115144759	268
20210115144759	283
20210115144800	297
20210115144800	309
20210115144801	320
20210115144801	335
20210115144802	352
20210115144802	4
20210115144803	11
20210115144803	14
20210115144804	12
20210115144804	7
20210115144805	5
20210115144805	5
20210115144806	5
20210115144806	5
20210115144807	3
20210115144807	2
20210115144808	3
20210115144808	6
20210115144809	8
20210115144809	11
20210115144810	10
20210115144810	5
20210115144811	4
20210115144811	4
20210115144812	6
20210115144812	7
20210115144813	6
20210115144813	4
20210115144814	3
20210115144814	5
20210115144815	7
20210115144815	9
20210115144816	3
20210115144816	4
20210115144817	2
20210115144817	1
20210115144818	3
20210115144818	2
20210115144819	2
20210115144819	3
20210115144820	5
20210115144820	8
20210115144821	10
20210115144821	3
20210115144822	3
20210115144822	2
20210115144823	1
20210115144823	2
20210115144824	3
20210115144824	3
20210115144825	4
20210115144825	8
20210115144826	9
20210115144826	7
20210115144827	3
20210115144827	0
20210115144828	1
20210115144828	4
20210115144829	6
20210115144829	4
20210115144830	2
20210115144830	2
20210115144831	3
20210115144831	8
20210115144832	11
20210115144832	17
20210115144833	22
20210115144833	28
20210115144834	37
20210115144834	49
20210115144835	59
20210115144835	70
20210115144836	79
20210115144836	86
20210115144837	89
20210115144837	90
20210115144838	90
20210115144838	90
20210115144839	91
20210115144839	91
20210115144840	91
20210115144840	91
20210115144841	91
20210115144841	90
20210115144842	91
20210115144842	92
20210115144843	92
20210115144843	91
20210115144844	92
20210115144844	92
20210115144845	92
20210115144845	92
20210115144846	91
20210115144846	92
20210115144847	92
20210115144847	91
20210115144848	92
20210115144848	92
20210115144849	92
20210115144849	92
20210115144850	92
20210115144850	92
20210115144851	91
20210115144851	91
20210115144852	92
20210115144852	91
20210115144853	91
20210115144853	92
20210115144854	92
20210115144854	91
20210115144855	91
20210115144855	91
20210115144856	92
20210115144856	91
20210115144857	90
20210115144857	88
20210115144858	86
20210115144858	85
20210115144859	85
20210115144859	84
20210115144900	85
20210115144900	85
20210115144901	85
20210115144901	85
20210115144902	85
20210115144902	85
20210115144903	85
20210115144903	85
20210115144904	85
20210115144904	85
20210115144905	85
20210115144905	86
20210115144906	86
20210115144906	86
20210115144907	86
20210115144907	86
20210115144908	86
20210115144908	87
20210115144909	86
20210115144909	86
20210115144910	87
20210115144910	87
20210115144911	86
20210115144911	86
20210115144912	88
20210115144912	91
20210115144913	90
20210115144913	88
20210115144914	87
20210115144914	87
20210115144915	93
20210115144915	95
20210115144916	91
20210115144916	88
20210115144917	85
20210115144917	85
20210115144918	87
20210115144918	88
20210115144919	90
20210115144919	91
20210115144920	89
20210115144920	87
20210115144921	86
20210115144921	86
20210115144922	92
20210115144922	94
20210115144923	92
20210115144923	88
20210115144924	87
20210115144924	85
20210115144925	86
20210115144925	90
20210115144926	92
20210115144926	90
20210115144927	87
20210115144927	85
20210115144928	85
20210115144928	88
20210115144929	93
20210115144929	93
20210115144930	90
20210115144930	87
20210115144931	86
20210115144931	85
20210115144932	88
20210115144932	93
20210115144933	91
20210115144933	87
20210115144934	86
20210115144934	85
20210115144935	86
20210115144935	91
20210115144936	94
20210115144936	91
20210115144937	88
20210115144937	87
20210115144938	85
20210115144938	86
20210115144939	91
20210115144939	92
20210115144940	89
20210115144940	86
20210115144941	85
20210115144941	85
20210115144942	88
20210115144942	93
20210115144943	93
20210115144943	90
20210115144944	87
20210115144944	86
20210115144945	85
20210115144945	88
20210115144946	92
20210115144946	90
20210115144947	87
20210115144947	85
20210115144948	87
20210115144948	97
20210115144949	110
20210115144949	125
20210115144950	139
20210115144950	147
20210115144951	151
20210115144951	159
20210115144952	164
20210115144952	159
20210115144953	158
20210115144953	159
20210115144954	160
20210115144954	170
20210115144955	170
20210115144955	164
20210115144956	163
20210115144956	166
20210115144957	170
20210115144957	173
20210115144958	170
20210115144958	169
20210115144959	169
20210115144959	169
20210115145000	174
20210115145000	173
20210115145001	171
20210115145001	172
20210115145002	171
20210115145002	169
20210115145003	174
20210115145003	179
20210115145004	174
20210115145004	168
20210115145005	168
20210115145005	171
20210115145006	176
20210115145006	176
20210115145007	172
20210115145007	172
20210115145008	173
20210115145008	172
20210115145009	172
20210115145009	179
20210115145010	176
20210115145010	169
20210115145011	168
20210115145011	171
20210115145012	176
20210115145012	179
20210115145013	174
20210115145013	174
20210115145014	174
20210115145014	172
20210115145015	176
20210115145015	181
20210115145016	175
20210115145016	169
20210115145017	170
20210115145017	174
20210115145018	180
20210115145018	176
20210115145019	173
20210115145019	174
20210115145020	173
20210115145020	175
20210115145021	183
20210115145021	178
20210115145022	170
20210115145022	169
20210115145023	170
20210115145023	178
20210115145024	180
20210115145024	174
20210115145025	175
20210115145025	175
20210115145026	173
20210115145026	180
20210115145027	182
20210115145027	174
20210115145028	169
20210115145028	170
20210115145029	180
20210115145029	183
20210115145030	177
20210115145030	176
20210115145031	179
20210115145031	177
20210115145032	173
20210115145032	171
20210115145033	173
20210115145033	173
20210115145034	179
20210115145034	185
20210115145035	188
20210115145035	184
20210115145036	188
20210115145036	195
20210115145037	205
20210115145037	212
20210115145038	219
20210115145038	214
20210115145039	208
20210115145039	211
20210115145040	218
20210115145040	225
20210115145041	225
20210115145041	225
20210115145042	219
20210115145042	217
20210115145043	225
20210115145043	240
20210115145044	253
20210115145044	255
20210115145045	252
20210115145045	243
20210115145046	249
20210115145046	253
20210115145047	252
20210115145047	244
20210115145048	239
20210115145048	242
20210115145049	243
20210115145049	250
20210115145050	254
20210115145050	254
20210115145051	247
20210115145051	245
20210115145052	247
20210115145052	248
20210115145053	255
20210115145053	258
20210115145054	254
20210115145054	245
20210115145055	245
20210115145055	249
20210115145056	253
20210115145056	258
20210115145057	260
20210115145057	254
20210115145058	246
20210115145058	246
20210115145059	250
20210115145059	254
20210115145100	259
20210115145100	260
20210115145101	254
20210115145101	247
20210115145102	247
20210115145102	252
20210115145103	255
20210115145103	261
20210115145104	262
20210115145104	255
20210115145105	247
20210115145105	247
20210115145106	253
20210115145106	256
20210115145107	261
20210115145107	263
20210115145108	258
20210115145108	250
20210115145109	248
20210115145109	252
20210115145110	255
20210115145110	260
20210115145111	263
20210115145111	259
20210115145112	248
20210115145112	234
20210115145113	222
20210115145113	220
20210115145114	221
20210115145114	224
20210115145115	233
20210115145115	246
20210115145116	256
20210115145116	262
20210115145117	267
20210115145117	269
20210115145118	265
20210115145118	266
20210115145119	268
20210115145119	270
20210115145120	268
20210115145120	265
20210115145121	267
20210115145121	270
20210115145122	273
20210115145122	272
20210115145123	267
20210115145123	263
20210115145124	265
20210115145124	271
20210115145125	274
20210115145125	276
20210115145126	271
20210115145126	265
20210115145127	263
20210115145127	267
20210115145128	273
20210115145128	276
20210115145129	276
20210115145129	268
20210115145130	263
20210115145130	265
20210115145131	271
20210115145131	275
20210115145132	279
20210115145132	275
20210115145133	267
20210115145133	262
20210115145134	264
20210115145134	270
20210115145135	274
20210115145135	277
20210115145136	276
20210115145136	269
20210115145137	262
20210115145137	263
20210115145138	270
20210115145138	274
20210115145139	277
20210115145139	274
20210115145140	266
20210115145140	263
20210115145141	267
20210115145141	273
20210115145142	277
20210115145142	279
20210115145143	275
20210115145143	266
20210115145144	262
20210115145144	264
20210115145145	270
20210115145145	275
20210115145146	279
20210115145146	276
20210115145147	268
20210115145147	262
