20210123194641	350
20210123194641	12
20210123194642	29
20210123194642	49
20210123194643	62
20210123194643	70
20210123194644	83
20210123194644	90
20210123194645	89
20210123194645	85
20210123194646	86
20210123194646	87
20210123194647	88
20210123194647	89
20210123194648	89
20210123194648	89
20210123194649	88
20210123194649	88
20210123194650	89
20210123194650	89
20210123194651	90
20210123194651	90
20210123194652	89
20210123194652	89
20210123194653	90
20210123194653	90
20210123194654	90
20210123194654	90
20210123194655	90
20210123194655	90
20210123194656	89
20210123194656	89
20210123194657	90
20210123194657	90
20210123194658	90
20210123194658	90
20210123194659	90
20210123194659	90
20210123194700	89
20210123194700	90
20210123194701	90
20210123194701	89
20210123194702	89
20210123194702	89
20210123194703	90
20210123194703	91
20210123194704	90
20210123194704	89
20210123194705	89
20210123194705	89
20210123194706	89
20210123194706	90
20210123194707	90
20210123194707	89
20210123194708	90
20210123194708	90
20210123194709	90
20210123194709	90
20210123194710	89
20210123194710	89
20210123194711	90
20210123194711	89
20210123194712	89
20210123194712	89
20210123194713	89
20210123194713	90
20210123194714	91
20210123194714	89
20210123194715	88
20210123194715	89
20210123194716	89
20210123194716	91
20210123194717	91
20210123194717	89
20210123194718	88
20210123194718	89
20210123194719	90
20210123194719	90
20210123194720	91
20210123194720	89
20210123194721	89
20210123194721	89
20210123194722	89
20210123194722	91
20210123194723	91
20210123194723	90
20210123194724	88
20210123194724	88
20210123194725	90
20210123194725	92
20210123194726	89
20210123194726	87
20210123194727	88
20210123194727	88
20210123194728	90
20210123194728	94
20210123194729	92
20210123194729	88
20210123194730	87
20210123194730	88
20210123194731	91
20210123194731	93
20210123194732	91
20210123194732	88
20210123194733	88
20210123194733	90
20210123194734	91
20210123194734	92
20210123194735	93
20210123194735	89
20210123194736	87
20210123194736	89
20210123194737	92
20210123194737	93
20210123194738	91
20210123194738	88
20210123194739	89
20210123194739	92
20210123194740	93
20210123194740	92
20210123194741	89
20210123194741	88
20210123194742	90
20210123194742	92
20210123194743	93
20210123194743	91
20210123194744	88
20210123194744	90
20210123194745	92
20210123194745	93
20210123194746	92
20210123194746	89
20210123194747	88
20210123194747	91
20210123194748	93
20210123194748	92
20210123194749	89
20210123194749	89
20210123194750	94
20210123194750	96
20210123194751	93
20210123194751	89
20210123194752	87
20210123194752	86
20210123194753	89
20210123194753	95
20210123194754	94
20210123194754	89
20210123194755	86
20210123194755	85
20210123194756	90
20210123194756	94
20210123194757	93
20210123194757	89
20210123194758	86
20210123194758	88
20210123194759	91
20210123194759	92
20210123194800	93
20210123194800	92
20210123194801	87
20210123194801	86
20210123194802	88
20210123194802	93
20210123194803	93
20210123194803	90
20210123194804	88
20210123194804	87
20210123194805	89
20210123194805	91
20210123194806	93
20210123194806	93
20210123194807	88
20210123194807	86
20210123194808	89
20210123194808	91
20210123194809	93
20210123194809	92
20210123194810	89
20210123194810	90
20210123194811	91
20210123194811	90
20210123194812	89
20210123194812	89
20210123194813	89
20210123194813	90
20210123194814	89
20210123194814	89
20210123194815	89
20210123194815	89
20210123194816	89
20210123194816	89
20210123194817	89
20210123194817	90
20210123194818	89
20210123194818	89
20210123194819	88
20210123194819	89
20210123194820	89
20210123194820	89
20210123194821	90
20210123194821	89
20210123194822	89
20210123194822	89
20210123194823	89
20210123194823	89
20210123194824	90
20210123194824	94
20210123194825	100
20210123194825	106
20210123194826	111
20210123194826	119
20210123194827	130
20210123194827	142
20210123194828	144
20210123194828	146
20210123194829	148
20210123194829	156
20210123194830	163
20210123194830	165
20210123194831	163
20210123194831	161
20210123194832	161
20210123194832	164
20210123194833	173
20210123194833	173
20210123194834	169
20210123194834	168
20210123194835	169
20210123194835	174
20210123194836	176
20210123194836	175
20210123194837	172
20210123194837	170
20210123194838	169
20210123194838	169
20210123194839	174
20210123194839	180
20210123194840	179
20210123194840	177
20210123194841	172
20210123194841	172
20210123194842	174
20210123194842	174
20210123194843	177
20210123194843	178
20210123194844	177
20210123194844	175
20210123194845	174
20210123194845	176
20210123194846	186
20210123194846	194
20210123194847	203
20210123194847	211
20210123194848	222
20210123194848	232
20210123194849	235
20210123194849	234
20210123194850	234
20210123194850	235
20210123194851	242
20210123194851	247
20210123194852	253
20210123194852	256
20210123194853	255
20210123194853	254
20210123194854	255
20210123194854	257
20210123194855	260
20210123194855	263
20210123194856	262
20210123194856	264
20210123194857	261
20210123194857	256
20210123194858	249
20210123194858	250
20210123194859	254
20210123194859	256
20210123194900	262
20210123194900	269
20210123194901	282
20210123194901	294
20210123194902	305
20210123194902	312
20210123194903	316
20210123194903	316
20210123194904	306
20210123194904	291
20210123194905	275
20210123194905	261
20210123194906	251
20210123194906	237
20210123194907	224
20210123194907	219
20210123194908	213
20210123194908	217
20210123194909	227
20210123194909	245
20210123194910	261
20210123194910	275
20210123194911	289
20210123194911	299
20210123194912	303
20210123194912	314
20210123194913	323
20210123194913	329
20210123194914	331
20210123194914	327
20210123194915	317
20210123194915	306
20210123194916	290
20210123194916	274
20210123194917	263
20210123194917	249
20210123194918	232
20210123194918	217
20210123194919	201
20210123194919	204
20210123194920	212
20210123194920	218
20210123194921	228
20210123194921	240
20210123194922	250
20210123194922	257
20210123194923	267
20210123194923	279
20210123194924	289
20210123194924	295
20210123194925	300
20210123194925	298
20210123194926	291
20210123194926	280
20210123194927	271
20210123194927	267
20210123194928	267
20210123194928	269
20210123194929	271
20210123194929	272
20210123194930	272
20210123194930	271
20210123194931	270
20210123194931	270
20210123194932	270
20210123194932	270
20210123194933	271
20210123194933	270
20210123194934	269
20210123194934	269
20210123194935	270
20210123194935	270
20210123194936	270
20210123194936	271
20210123194937	271
20210123194937	270
20210123194938	269
20210123194938	269
20210123194939	270
20210123194939	270
20210123194940	270
20210123194940	270
20210123194941	271
20210123194941	270
20210123194942	269
20210123194942	269
20210123194943	270
20210123194943	270
20210123194944	270
20210123194944	271
20210123194945	271
20210123194945	270
20210123194946	269
20210123194946	269
20210123194947	270
20210123194947	270
20210123194948	270
20210123194948	270
