20210104213925	1609767564
20210104213926	1609767566
20210104213927	1609767566
20210104213928	1609767568
20210104213929	1609767568
20210104213931	1609767570
20210104213931	1609767570
20210104213932	1609767572
20210104213933	1609767572
20210104213934	1609767574
20210104213935	1609767574
20210104213936	1609767576
20210104213937	1609767576
20210104213938	1609767578
20210104213939	1609767578
20210104213940	1609767580
20210104213941	1609767580
20210104213942	1609767582
20210104213943	1609767582
20210104213944	1609767584
20210104213945	1609767584
20210104213946	1609767586
20210104213947	1609767586
20210104213948	1609767588
20210104213949	1609767588
20210104213950	1609767590
20210104213951	1609767590
20210104213952	1609767592
20210104213953	1609767592
20210104213954	1609767594
20210104213955	1609767594
20210104213956	1609767596
20210104213957	1609767596
20210104213958	1609767598
20210104213959	1609767598
20210104214000	1609767600
20210104214001	1609767600
20210104214002	1609767602
20210104214003	1609767602
20210104214004	1609767604
20210104214005	1609767604
20210104214006	1609767606
20210104214007	1609767606
20210104214008	1609767608
20210104214009	1609767608
20210104214010	1609767610
20210104214011	1609767610
20210104214012	1609767611
20210104214013	1609767611
20210104214014	1609767613
20210104214015	1609767613
20210104214016	1609767615
20210104214017	1609767615
20210104214017	1609767617
20210104214019	1609767617
20210104214019	1609767619
20210104214020	1609767619
20210104214021	1609767621
20210104214022	1609767621
20210104214023	1609767623
20210104214024	1609767623
20210104214025	1609767624
20210104214026	1609767624
20210104214027	1609767626
20210104214028	1609767626
20210104214028	1609767628
20210104214029	1609767628
20210104214031	1609767630
20210104214031	1609767630
20210104214032	1609767632
20210104214033	1609767632
20210104214034	1609767634
20210104214035	1609767634
20210104214035	1609767635
