20210104221125	1609769484
20210104221126	1609769485
20210104221127	1609769485
20210104221128	1609769487
20210104221128	1609769487
20210104221129	1609769489
20210104221130	1609769489
20210104221131	1609769490
20210104221131	1609769490
20210104221132	1609769492
20210104221133	1609769492
20210104221134	1609769493
20210104221134	1609769493
20210104221135	1609769495
20210104221136	1609769495
20210104221137	1609769496
20210104221137	1609769496
20210104221138	1609769497
20210104221139	1609769497
20210104221140	1609769499
20210104221140	1609769499
20210104221141	1609769501
20210104221142	1609769501
20210104221143	1609769502
20210104221143	1609769502
20210104221144	1609769504
20210104221145	1609769504
20210104221146	1609769505
20210104221147	1609769505
20210104221147	1609769507
20210104221148	1609769507
20210104221149	1609769508
20210104221149	1609769508
20210104221150	1609769510
20210104221151	1609769510
20210104221152	1609769511
20210104221152	1609769511
20210104221153	1609769513
20210104221154	1609769513
20210104221155	1609769515
20210104221156	1609769515
20210104221156	1609769516
20210104221157	1609769516
20210104221158	1609769517
20210104221159	1609769517
20210104221200	1609769519
20210104221201	1609769519
20210104221202	1609769521
20210104221202	1609769521
20210104221203	1609769523
20210104221204	1609769523
20210104221205	1609769524
20210104221205	1609769524
20210104221206	1609769525
20210104221207	1609769525
20210104221208	1609769527
20210104221208	1609769527
20210104221209	1609769529
20210104221210	1609769529
20210104221211	1609769530
20210104221212	1609769530
20210104221212	1609769532
20210104221213	1609769532
20210104221214	1609769533
20210104221215	1609769533
20210104221215	1609769535
20210104221216	1609769535
20210104221217	1609769536
20210104221217	1609769536
20210104221218	1609769538
20210104221219	1609769538
20210104221220	1609769540
20210104221221	1609769540
20210104221222	1609769541
20210104221222	1609769541
20210104221223	1609769543
20210104221224	1609769543
20210104221225	1609769544
20210104221225	1609769544
20210104221226	1609769546
20210104221227	1609769546
20210104221228	1609769547
20210104221228	1609769547
20210104221229	1609769549
20210104221230	1609769549
20210104221231	1609769550
20210104221232	1609769550
20210104221232	1609769552
20210104221233	1609769552
20210104221234	1609769553
20210104221235	1609769553
20210104221235	1609769555
20210104221236	1609769555
20210104221237	1609769556
20210104221237	1609769556
20210104221238	1609769558
20210104221239	1609769558
20210104221240	1609769559
20210104221241	1609769559
20210104221241	1609769561
20210104221242	1609769561
20210104221243	1609769562
20210104221244	1609769562
20210104221244	1609769564
20210104221245	1609769564
20210104221246	1609769565
20210104221246	1609769565
20210104221247	1609769567
20210104221248	1609769567
20210104221249	1609769568
20210104221249	1609769568
20210104221250	1609769570
20210104221251	1609769570
20210104221252	1609769571
20210104221253	1609769571
20210104221253	1609769573
20210104221254	1609769573
20210104221255	1609769574
20210104221256	1609769574
20210104221256	1609769576
20210104221257	1609769576
20210104221258	1609769578
20210104221259	1609769578
20210104221300	1609769579
20210104221300	1609769579
20210104221301	1609769580
20210104221302	1609769580
20210104221302	1609769582
20210104221303	1609769582
20210104221304	1609769584
20210104221305	1609769584
20210104221306	1609769585
20210104221306	1609769585
20210104221307	1609769586
20210104221308	1609769586
20210104221309	1609769588
20210104221310	1609769588
20210104221310	1609769590
20210104221311	1609769590
20210104221312	1609769592
20210104221313	1609769592
20210104221314	1609769593
20210104221315	1609769593
20210104221315	1609769595
20210104221316	1609769595
20210104221317	1609769596
20210104221318	1609769596
20210104221319	1609769598
20210104221319	1609769598
20210104221320	1609769600
20210104221321	1609769600
20210104221321	1609769601
20210104221322	1609769601
20210104221323	1609769603
20210104221324	1609769603
20210104221325	1609769604
20210104221325	1609769604
20210104221326	1609769606
20210104221327	1609769606
20210104221328	1609769607
20210104221329	1609769607
20210104221329	1609769609
20210104221330	1609769609
20210104221331	1609769611
20210104221332	1609769611
20210104221333	1609769612
20210104221333	1609769612
20210104221334	1609769614
20210104221335	1609769614
20210104221336	1609769615
20210104221337	1609769615
20210104221337	1609769617
20210104221338	1609769617
20210104221339	1609769618
20210104221340	1609769618
20210104221341	1609769620
20210104221341	1609769620
20210104221342	1609769622
20210104221343	1609769622
20210104221344	1609769624
20210104221345	1609769624
20210104221345	1609769625
20210104221346	1609769625
20210104221348	1609769627
20210104221348	1609769627
20210104221349	1609769629
20210104221350	1609769629
20210104221351	1609769630
20210104221352	1609769630
20210104221352	1609769632
20210104221353	1609769632
20210104221354	1609769634
20210104221355	1609769634
20210104221355	1609769635
20210104221356	1609769635
20210104221357	1609769637
20210104221358	1609769637
20210104221359	1609769639
20210104221400	1609769639
20210104221400	1609769640
20210104221401	1609769640
20210104221402	1609769641
20210104221403	1609769641
20210104221403	1609769643
20210104221404	1609769643
20210104221405	1609769645
20210104221406	1609769645
20210104221407	1609769646
20210104221408	1609769646
20210104221408	1609769648
20210104221409	1609769648
20210104221410	1609769650
20210104221411	1609769650
20210104221411	1609769651
20210104221412	1609769651
20210104221413	1609769653
20210104221414	1609769653
20210104221415	1609769654
20210104221415	1609769654
20210104221416	1609769656
20210104221417	1609769656
20210104221418	1609769658
20210104221419	1609769658
20210104221420	1609769659
20210104221420	1609769659
20210104221421	1609769661
20210104221422	1609769661
20210104221423	1609769662
20210104221424	1609769662
20210104221424	1609769664
20210104221425	1609769664
20210104221426	1609769665
20210104221427	1609769665
20210104221428	1609769667
20210104221428	1609769667
20210104221429	1609769669
20210104221430	1609769669
20210104221431	1609769670
20210104221432	1609769670
20210104221433	1609769672
20210104221433	1609769672
20210104221434	1609769674
20210104221435	1609769674
20210104221436	1609769675
20210104221436	1609769675
20210104221437	1609769677
20210104221438	1609769677
20210104221439	1609769678
20210104221440	1609769678
20210104221440	1609769680
20210104221441	1609769680
20210104221442	1609769682
20210104221443	1609769682
20210104221444	1609769683
20210104221445	1609769683
20210104221445	1609769685
20210104221446	1609769685
20210104221447	1609769687
20210104221448	1609769687
20210104221449	1609769688
20210104221450	1609769688
20210104221451	1609769690
20210104221451	1609769690
20210104221452	1609769692
20210104221453	1609769692
20210104221454	1609769693
20210104221455	1609769693
20210104221456	1609769695
20210104221456	1609769695
20210104221457	1609769697
20210104221458	1609769697
20210104221459	1609769698
20210104221459	1609769698
20210104221500	1609769700
20210104221501	1609769700
20210104221502	1609769701
20210104221503	1609769701
20210104221504	1609769703
20210104221505	1609769703
20210104221505	1609769705
20210104221506	1609769705
20210104221507	1609769706
20210104221508	1609769706
20210104221508	1609769708
20210104221509	1609769708
20210104221510	1609769710
20210104221511	1609769710
20210104221512	1609769711
20210104221513	1609769711
20210104221514	1609769713
20210104221514	1609769713
20210104221515	1609769715
20210104221516	1609769715
20210104221516	1609769716
20210104221517	1609769716
20210104221518	1609769717
20210104221519	1609769717
20210104221520	1609769719
20210104221521	1609769719
20210104221521	1609769721
20210104221522	1609769721
20210104221523	1609769723
20210104221524	1609769723
20210104221525	1609769725
20210104221526	1609769725
20210104221527	1609769727
20210104221528	1609769727
20210104221528	1609769728
20210104221529	1609769728
20210104221530	1609769729
20210104221531	1609769729
20210104221532	1609769732
20210104221533	1609769732
20210104221534	1609769733
20210104221534	1609769733
20210104221535	1609769735
20210104221536	1609769735
20210104221537	1609769736
20210104221538	1609769736
20210104221538	1609769738
20210104221539	1609769738
20210104221540	1609769740
20210104221541	1609769740
20210104221541	1609769741
20210104221542	1609769741
20210104221543	1609769743
20210104221544	1609769743
20210104221544	1609769744
20210104221545	1609769744
20210104221546	1609769745
20210104221547	1609769745
20210104221548	1609769747
20210104221549	1609769747
20210104221550	1609769749
20210104221551	1609769749
20210104221551	1609769751
20210104221552	1609769751
20210104221553	1609769752
20210104221554	1609769752
20210104221555	1609769754
20210104221556	1609769754
20210104221556	1609769756
20210104221557	1609769756
20210104221558	1609769757
20210104221558	1609769757
20210104221559	1609769759
20210104221600	1609769759
20210104221601	1609769760
20210104221601	1609769760
20210104221602	1609769762
20210104221603	1609769762
20210104221604	1609769763
20210104221605	1609769763
20210104221606	1609769765
20210104221607	1609769765
20210104221607	1609769767
20210104221608	1609769767
20210104221609	1609769768
20210104221609	1609769768
20210104221610	1609769769
20210104221611	1609769769
20210104221611	1609769771
20210104221612	1609769771
20210104221613	1609769772
20210104221614	1609769772
20210104221614	1609769774
20210104221615	1609769774
20210104221616	1609769775
20210104221617	1609769775
20210104221618	1609769777
20210104221619	1609769777
20210104221619	1609769779
20210104221620	1609769779
20210104221621	1609769780
20210104221622	1609769780
20210104221623	1609769782
20210104221624	1609769782
20210104221625	1609769784
20210104221626	1609769784
20210104221627	1609769786
20210104221627	1609769786
20210104221628	1609769788
20210104221629	1609769788
20210104221630	1609769789
20210104221631	1609769789
20210104221632	1609769791
20210104221633	1609769791
20210104221633	1609769793
20210104221634	1609769793
20210104221635	1609769794
20210104221635	1609769794
20210104221636	1609769796
20210104221637	1609769796
20210104221638	1609769797
20210104221639	1609769797
20210104221640	1609769800
20210104221641	1609769800
20210104221642	1609769802
20210104221643	1609769802
20210104221644	1609769803
20210104221645	1609769803
20210104221646	1609769805
20210104221646	1609769805
20210104221647	1609769807
20210104221648	1609769807
20210104221649	1609769808
20210104221649	1609769808
20210104221650	1609769810
20210104221651	1609769810
20210104221652	1609769811
20210104221653	1609769811
20210104221654	1609769813
20210104221654	1609769813
20210104221655	1609769815
20210104221656	1609769815
20210104221657	1609769817
20210104221658	1609769817
20210104221659	1609769818
20210104221659	1609769818
20210104221700	1609769820
20210104221701	1609769820
20210104221701	1609769821
20210104221702	1609769821
20210104221703	1609769823
20210104221704	1609769823
20210104221705	1609769825
20210104221706	1609769825
20210104221707	1609769826
20210104221708	1609769826
20210104221709	1609769828
20210104221709	1609769828
20210104221710	1609769830
20210104221711	1609769830
20210104221712	1609769832
20210104221713	1609769832
20210104221714	1609769834
20210104221715	1609769834
20210104221716	1609769835
20210104221717	1609769835
20210104221718	1609769837
20210104221719	1609769837
20210104221719	1609769839
20210104221720	1609769839
20210104221721	1609769841
20210104221722	1609769841
20210104221723	1609769843
20210104221724	1609769843
20210104221725	1609769844
20210104221726	1609769844
20210104221726	1609769846
20210104221727	1609769846
20210104221728	1609769848
20210104221729	1609769848
20210104221730	1609769849
20210104221731	1609769849
20210104221732	1609769851
20210104221732	1609769851
20210104221733	1609769853
20210104221734	1609769853
20210104221735	1609769854
20210104221736	1609769854
20210104221736	1609769856
20210104221737	1609769856
20210104221738	1609769858
20210104221739	1609769858
20210104221740	1609769859
20210104221741	1609769859
20210104221742	1609769861
20210104221742	1609769861
20210104221743	1609769863
20210104221744	1609769863
20210104221745	1609769864
20210104221746	1609769864
20210104221747	1609769866
20210104221747	1609769866
20210104221748	1609769868
20210104221749	1609769868
20210104221751	1609769870
20210104221752	1609769870
20210104221753	1609769872
20210104221754	1609769872
20210104221754	1609769874
20210104221755	1609769874
20210104221756	1609769876
20210104221757	1609769876
20210104221758	1609769877
20210104221759	1609769877
20210104221759	1609769879
20210104221800	1609769879
20210104221801	1609769880
20210104221802	1609769880
20210104221802	1609769882
20210104221803	1609769882
20210104221804	1609769883
20210104221805	1609769883
20210104221806	1609769885
20210104221806	1609769885
20210104221807	1609769887
20210104221808	1609769887
