20210106155536	1609919734
20210106155537	1609919736
20210106155538	1609919736
20210106155539	1609919739
20210106155540	1609919739
20210106155541	1609919741
20210106155542	1609919741
20210106155544	1609919743
20210106155545	1609919743
20210106155546	1609919745
20210106155547	1609919745
20210106155548	1609919747
20210106155549	1609919747
20210106155550	1609919749
20210106155551	1609919749
20210106155554	1609919752
20210106155555	1609919752
20210106155556	1609919755
20210106155557	1609919755
20210106155559	1609919758
20210106155600	1609919758
20210106155601	1609919760
20210106155602	1609919760
20210106155602	1609919762
20210106155604	1609919762
20210106155605	1609919764
20210106155607	1609919764
20210106155608	1609919767
20210106155609	1609919767
20210106155610	1609919769
20210106155611	1609919769
20210106155612	1609919771
20210106155613	1609919771
20210106155615	1609919774
20210106155616	1609919774
20210106155617	1609919776
