20210106155536	594
20210106155536	594
20210106155536	594
20210106155536	594
20210106155536	594
20210106155536	594
20210106155536	594
20210106155536	594
20210106155536	594
20210106155536	594
20210106155536	594
20210106155536	594
20210106155536	594
20210106155536	594
20210106155536	594
20210106155536	594
20210106155536	594
20210106155536	594
20210106155536	594
20210106155536	594
20210106155536	594
20210106155536	594
20210106155536	594
20210106155536	594
20210106155536	594
20210106155536	594
20210106155537	594
20210106155537	594
20210106155537	594
20210106155537	594
20210106155537	594
20210106155537	594
20210106155537	594
20210106155537	594
20210106155537	594
20210106155537	594
20210106155537	594
20210106155537	594
20210106155537	594
20210106155537	594
20210106155537	594
20210106155537	594
20210106155537	594
20210106155537	594
20210106155537	594
20210106155537	594
20210106155537	594
20210106155537	594
20210106155537	594
20210106155537	594
20210106155537	594
20210106155537	594
20210106155537	594
20210106155537	594
20210106155537	594
20210106155538	594
20210106155538	594
20210106155538	594
20210106155538	594
20210106155538	594
20210106155538	594
20210106155538	594
20210106155538	594
20210106155538	594
20210106155538	594
20210106155538	594
20210106155538	594
20210106155538	594
20210106155538	594
20210106155538	594
20210106155538	594
20210106155538	594
20210106155538	594
20210106155538	594
20210106155538	594
20210106155538	594
20210106155538	594
20210106155538	594
20210106155538	594
20210106155538	594
20210106155538	594
20210106155538	594
20210106155538	594
20210106155538	594
20210106155538	594
20210106155538	594
20210106155538	594
20210106155538	594
20210106155538	594
20210106155538	594
20210106155538	594
20210106155538	594
20210106155538	594
20210106155538	594
20210106155538	594
20210106155538	594
20210106155538	594
20210106155538	594
20210106155538	594
20210106155538	594
20210106155538	594
20210106155538	594
20210106155538	594
20210106155538	594
20210106155538	594
20210106155538	594
20210106155539	594
20210106155539	594
20210106155539	594
20210106155539	594
20210106155539	594
20210106155539	594
20210106155539	594
20210106155539	594
20210106155539	594
20210106155539	594
20210106155539	594
20210106155539	594
20210106155539	594
20210106155539	594
20210106155539	594
20210106155539	594
20210106155539	594
20210106155539	594
20210106155539	594
20210106155539	594
20210106155539	594
20210106155539	594
20210106155539	594
20210106155539	594
20210106155539	594
20210106155539	594
20210106155539	594
20210106155539	594
20210106155539	594
20210106155539	594
20210106155539	594
20210106155539	594
20210106155539	594
20210106155539	594
20210106155539	594
20210106155539	594
20210106155539	594
20210106155539	594
20210106155539	594
20210106155539	594
20210106155539	594
20210106155539	594
20210106155539	594
20210106155539	594
20210106155539	594
20210106155539	594
20210106155539	594
20210106155539	594
20210106155539	594
20210106155539	594
20210106155539	594
20210106155539	594
20210106155539	594
20210106155539	594
20210106155539	594
20210106155540	594
20210106155540	594
20210106155540	594
20210106155540	594
20210106155540	594
20210106155540	594
20210106155540	594
20210106155540	594
20210106155540	594
20210106155540	594
20210106155540	594
20210106155540	594
20210106155540	594
20210106155540	594
20210106155540	594
20210106155540	594
20210106155540	594
20210106155540	594
20210106155540	594
20210106155540	594
20210106155540	594
20210106155540	594
20210106155540	594
20210106155540	594
20210106155540	594
20210106155540	594
20210106155540	594
20210106155540	594
20210106155540	594
20210106155540	594
20210106155540	594
20210106155540	594
20210106155540	594
20210106155540	594
20210106155540	594
20210106155540	594
20210106155540	594
20210106155540	594
20210106155540	594
20210106155540	594
20210106155540	594
20210106155540	594
20210106155540	594
20210106155540	594
20210106155540	594
20210106155540	594
20210106155540	594
20210106155540	594
20210106155540	594
20210106155541	594
20210106155541	594
20210106155541	594
20210106155541	594
20210106155541	594
20210106155541	594
20210106155541	594
20210106155541	594
20210106155541	594
20210106155541	594
20210106155541	594
20210106155541	594
20210106155541	594
20210106155541	594
20210106155541	594
20210106155541	594
20210106155541	594
20210106155541	594
20210106155541	594
20210106155541	594
20210106155541	594
20210106155541	594
20210106155541	594
20210106155541	594
20210106155541	594
20210106155541	594
20210106155541	594
20210106155541	594
20210106155541	594
20210106155541	594
20210106155541	594
20210106155541	594
20210106155541	594
20210106155541	594
20210106155541	594
20210106155541	594
20210106155541	594
20210106155541	594
20210106155541	594
20210106155541	594
20210106155541	594
20210106155541	594
20210106155541	594
20210106155541	594
20210106155542	594
20210106155542	594
20210106155542	594
20210106155542	594
20210106155542	594
20210106155542	594
20210106155542	594
20210106155542	594
20210106155542	594
20210106155542	594
20210106155542	594
20210106155542	594
20210106155542	594
20210106155542	594
20210106155542	594
20210106155542	594
20210106155542	594
20210106155542	594
20210106155542	594
20210106155542	594
20210106155542	594
20210106155542	594
20210106155542	594
20210106155542	594
20210106155542	594
20210106155542	594
20210106155542	594
20210106155542	594
20210106155542	594
20210106155542	594
20210106155542	594
20210106155542	594
20210106155542	594
20210106155542	594
20210106155542	594
20210106155542	594
20210106155542	594
20210106155542	594
20210106155542	594
20210106155542	594
20210106155542	594
20210106155542	594
20210106155542	594
20210106155542	594
20210106155542	594
20210106155542	594
20210106155543	594
20210106155543	594
20210106155543	594
20210106155543	594
20210106155543	594
20210106155543	594
20210106155543	594
20210106155543	594
20210106155543	594
20210106155543	594
20210106155543	594
20210106155543	594
20210106155543	594
20210106155543	594
20210106155543	594
20210106155543	594
20210106155543	594
20210106155543	594
20210106155543	594
20210106155543	594
20210106155543	594
20210106155543	594
20210106155543	594
20210106155543	594
20210106155543	594
20210106155543	594
20210106155543	594
20210106155543	594
20210106155543	594
20210106155543	594
20210106155543	594
20210106155543	594
20210106155543	594
20210106155544	594
20210106155544	594
20210106155544	594
20210106155544	594
20210106155544	594
20210106155544	594
20210106155544	594
20210106155544	594
20210106155544	594
20210106155544	594
20210106155544	594
20210106155544	594
20210106155544	594
20210106155544	594
20210106155544	594
20210106155544	594
20210106155544	594
20210106155544	594
20210106155544	594
20210106155544	594
20210106155544	594
20210106155544	594
20210106155544	594
20210106155544	594
20210106155544	594
20210106155544	594
20210106155544	594
20210106155544	594
20210106155544	594
20210106155544	594
20210106155544	594
20210106155544	594
20210106155544	594
20210106155544	594
20210106155544	594
20210106155544	594
20210106155545	594
20210106155545	594
20210106155545	594
20210106155545	594
20210106155545	594
20210106155545	594
20210106155545	594
20210106155545	594
20210106155545	594
20210106155545	594
20210106155545	594
20210106155545	594
20210106155545	594
20210106155545	594
20210106155545	594
20210106155545	594
20210106155545	594
20210106155545	594
20210106155545	594
20210106155545	594
20210106155545	594
20210106155545	594
20210106155545	594
20210106155545	594
20210106155545	594
20210106155545	594
20210106155545	594
20210106155545	594
20210106155545	594
20210106155545	594
20210106155545	594
20210106155545	594
20210106155545	594
20210106155545	594
20210106155545	594
20210106155545	594
20210106155545	594
20210106155545	594
20210106155545	594
20210106155545	594
20210106155545	594
20210106155545	594
20210106155545	594
20210106155545	594
20210106155545	594
20210106155545	594
20210106155545	594
20210106155545	594
20210106155545	594
20210106155545	594
20210106155545	594
20210106155545	594
20210106155545	594
20210106155545	594
20210106155545	594
20210106155545	594
20210106155545	594
20210106155545	594
20210106155545	594
20210106155545	594
20210106155545	594
20210106155545	594
20210106155545	594
20210106155545	594
20210106155545	594
20210106155545	594
20210106155545	594
20210106155546	594
20210106155546	594
20210106155546	594
20210106155546	594
20210106155546	594
20210106155546	594
20210106155546	594
20210106155546	594
20210106155546	594
20210106155546	594
20210106155546	594
20210106155546	594
20210106155546	594
20210106155546	594
20210106155546	594
20210106155546	594
20210106155546	594
20210106155546	594
20210106155546	594
20210106155546	594
20210106155546	594
20210106155546	594
20210106155546	594
20210106155546	594
20210106155546	594
20210106155546	594
20210106155546	594
20210106155546	594
20210106155546	594
20210106155546	594
20210106155546	594
20210106155546	594
20210106155546	594
20210106155546	594
20210106155546	594
20210106155546	594
20210106155546	594
20210106155546	594
20210106155546	594
20210106155546	594
20210106155546	594
20210106155546	594
20210106155546	594
20210106155546	594
20210106155546	594
20210106155546	594
20210106155546	594
20210106155546	594
20210106155547	594
20210106155547	594
20210106155547	594
20210106155547	594
20210106155547	594
20210106155547	594
20210106155547	594
20210106155547	594
20210106155547	594
20210106155547	594
20210106155547	594
20210106155547	594
20210106155547	594
20210106155547	594
20210106155547	594
20210106155547	594
20210106155547	594
20210106155547	594
20210106155547	594
20210106155547	594
20210106155547	594
20210106155547	594
20210106155547	594
20210106155547	594
20210106155547	594
20210106155547	594
20210106155547	594
20210106155547	594
20210106155547	594
20210106155547	594
20210106155547	594
20210106155547	594
20210106155547	594
20210106155547	594
20210106155547	594
20210106155547	594
20210106155547	594
20210106155547	594
20210106155548	594
20210106155548	594
20210106155548	594
20210106155548	594
20210106155548	594
20210106155548	594
20210106155548	594
20210106155548	594
20210106155548	594
20210106155548	594
20210106155548	594
20210106155548	594
20210106155548	594
20210106155548	594
20210106155548	594
20210106155548	594
20210106155548	594
20210106155548	594
20210106155548	594
20210106155548	594
20210106155548	594
20210106155548	594
20210106155548	594
20210106155548	594
20210106155548	594
20210106155548	594
20210106155548	594
20210106155548	594
20210106155548	594
20210106155548	594
20210106155548	594
20210106155548	594
20210106155548	594
20210106155548	594
20210106155548	594
20210106155548	594
20210106155548	594
20210106155548	594
20210106155548	594
20210106155548	594
20210106155548	594
20210106155548	594
20210106155548	594
20210106155548	594
20210106155548	594
20210106155548	594
20210106155548	594
20210106155548	594
20210106155548	594
20210106155548	594
20210106155549	594
20210106155549	594
20210106155549	594
20210106155549	594
20210106155549	594
20210106155549	594
20210106155549	594
20210106155549	594
20210106155549	594
20210106155549	594
20210106155549	594
20210106155549	594
20210106155549	594
20210106155549	594
20210106155549	594
20210106155549	594
20210106155549	594
20210106155549	594
20210106155549	594
20210106155549	594
20210106155549	594
20210106155549	594
20210106155549	594
20210106155549	594
20210106155549	594
20210106155549	594
20210106155549	594
20210106155549	594
20210106155549	594
20210106155549	594
20210106155549	594
20210106155549	594
20210106155549	594
20210106155549	594
20210106155549	594
20210106155549	594
20210106155549	594
20210106155549	594
20210106155549	594
20210106155550	594
20210106155550	594
20210106155550	594
20210106155550	594
20210106155550	594
20210106155550	594
20210106155550	594
20210106155550	594
20210106155550	594
20210106155550	594
20210106155550	594
20210106155550	594
20210106155550	594
20210106155550	594
20210106155550	594
20210106155550	594
20210106155550	594
20210106155550	594
20210106155550	594
20210106155550	594
20210106155550	594
20210106155550	594
20210106155550	594
20210106155550	594
20210106155550	594
20210106155550	594
20210106155550	594
20210106155550	594
20210106155550	594
20210106155550	594
20210106155550	594
20210106155550	594
20210106155550	594
20210106155550	594
20210106155550	594
20210106155550	594
20210106155550	594
20210106155550	594
20210106155550	594
20210106155551	594
20210106155551	594
20210106155551	594
20210106155551	594
20210106155551	594
20210106155551	594
20210106155551	594
20210106155551	594
20210106155551	594
20210106155551	594
20210106155551	594
20210106155551	594
20210106155551	594
20210106155551	594
20210106155551	594
20210106155551	594
20210106155551	594
20210106155551	594
20210106155551	594
20210106155551	594
20210106155551	594
20210106155551	594
20210106155551	594
20210106155551	594
20210106155551	594
20210106155551	594
20210106155551	594
20210106155551	594
20210106155551	594
20210106155551	594
20210106155551	594
20210106155551	594
20210106155551	594
20210106155551	594
20210106155551	594
20210106155551	594
20210106155551	594
20210106155552	594
20210106155552	594
20210106155552	594
20210106155552	594
20210106155552	594
20210106155552	594
20210106155552	594
20210106155552	594
20210106155552	594
20210106155552	594
20210106155552	594
20210106155552	594
20210106155552	594
20210106155552	594
20210106155552	594
20210106155552	594
20210106155552	594
20210106155552	594
20210106155552	594
20210106155553	594
20210106155553	594
20210106155553	594
20210106155553	594
20210106155553	594
20210106155553	594
20210106155553	594
20210106155553	594
20210106155553	594
20210106155553	594
20210106155553	594
20210106155553	594
20210106155553	594
20210106155553	594
20210106155553	594
20210106155553	594
20210106155553	594
20210106155553	594
20210106155553	594
20210106155553	594
20210106155553	594
20210106155553	594
20210106155553	594
20210106155553	594
20210106155553	594
20210106155553	594
20210106155554	594
20210106155554	594
20210106155554	594
20210106155554	594
20210106155554	594
20210106155554	594
20210106155554	594
20210106155554	594
20210106155554	594
20210106155554	594
20210106155554	594
20210106155554	594
20210106155554	594
20210106155554	594
20210106155554	594
20210106155554	594
20210106155554	594
20210106155554	594
20210106155554	594
20210106155554	594
20210106155554	594
20210106155554	594
20210106155554	594
20210106155554	594
20210106155554	594
20210106155554	594
20210106155554	594
20210106155554	594
20210106155554	594
20210106155554	594
20210106155554	594
20210106155554	594
20210106155554	594
20210106155554	594
20210106155554	594
20210106155554	594
20210106155554	594
20210106155554	594
20210106155554	594
20210106155554	594
20210106155554	594
20210106155554	594
20210106155555	594
20210106155555	594
20210106155555	594
20210106155555	594
20210106155555	594
20210106155555	594
20210106155555	594
20210106155555	594
20210106155555	594
20210106155555	594
20210106155555	594
20210106155555	594
20210106155555	594
20210106155555	594
20210106155555	594
20210106155555	594
20210106155555	594
20210106155555	594
20210106155555	594
20210106155555	594
20210106155555	594
20210106155555	594
20210106155555	594
20210106155555	594
20210106155555	594
20210106155555	594
20210106155555	594
20210106155555	594
20210106155555	594
20210106155555	594
20210106155555	594
20210106155555	594
20210106155555	594
20210106155555	594
20210106155555	594
20210106155555	594
20210106155555	594
20210106155555	594
20210106155555	594
20210106155556	594
20210106155556	594
20210106155556	594
20210106155556	594
20210106155556	594
20210106155556	594
20210106155556	594
20210106155556	594
20210106155556	594
20210106155556	594
20210106155556	594
20210106155556	594
20210106155556	594
20210106155556	594
20210106155556	594
20210106155556	594
20210106155556	594
20210106155556	594
20210106155556	594
20210106155556	594
20210106155556	594
20210106155556	594
20210106155556	594
20210106155556	594
20210106155556	594
20210106155556	594
20210106155556	594
20210106155556	594
20210106155556	594
20210106155556	594
20210106155556	594
20210106155556	594
20210106155556	594
20210106155557	594
20210106155557	594
20210106155557	594
20210106155557	594
20210106155557	594
20210106155557	594
20210106155557	594
20210106155557	594
20210106155557	594
20210106155557	594
20210106155557	594
20210106155557	594
20210106155557	594
20210106155557	594
20210106155557	594
20210106155557	594
20210106155557	594
20210106155557	594
20210106155557	594
20210106155557	594
20210106155557	594
20210106155557	594
20210106155557	594
20210106155557	594
20210106155557	594
20210106155557	594
20210106155557	594
20210106155557	594
20210106155557	594
20210106155557	594
20210106155557	594
20210106155557	594
20210106155557	594
20210106155557	594
20210106155557	594
20210106155557	594
20210106155557	594
20210106155557	594
20210106155558	594
20210106155558	594
20210106155558	594
20210106155558	594
20210106155558	594
20210106155558	594
20210106155558	594
20210106155558	594
20210106155558	594
20210106155558	594
20210106155558	594
20210106155558	594
20210106155558	594
20210106155558	594
20210106155558	594
20210106155558	594
20210106155558	594
20210106155558	594
20210106155558	594
20210106155558	594
20210106155558	594
20210106155558	594
20210106155558	594
20210106155558	594
20210106155558	594
20210106155558	594
20210106155558	594
20210106155558	594
20210106155558	594
20210106155558	594
20210106155558	594
20210106155558	594
20210106155558	594
20210106155558	594
20210106155558	594
20210106155558	594
20210106155558	594
20210106155558	594
20210106155558	594
20210106155558	594
20210106155558	594
20210106155558	594
20210106155558	594
20210106155558	594
20210106155559	594
20210106155559	594
20210106155559	594
20210106155559	594
20210106155559	594
20210106155559	594
20210106155559	594
20210106155559	594
20210106155559	594
20210106155559	594
20210106155559	594
20210106155559	594
20210106155559	594
20210106155559	594
20210106155559	594
20210106155559	594
20210106155559	594
20210106155559	594
20210106155559	594
20210106155559	594
20210106155559	594
20210106155559	594
20210106155559	594
20210106155559	594
20210106155559	594
20210106155559	594
20210106155559	594
20210106155559	594
20210106155559	594
20210106155559	594
20210106155559	594
20210106155559	594
20210106155559	594
20210106155559	594
20210106155559	594
20210106155559	594
20210106155559	594
20210106155559	594
20210106155600	594
20210106155600	594
20210106155600	594
20210106155600	594
20210106155600	594
20210106155600	594
20210106155600	594
20210106155600	594
20210106155600	594
20210106155600	594
20210106155600	594
20210106155600	594
20210106155600	594
20210106155600	594
20210106155600	594
20210106155600	594
20210106155600	594
20210106155600	594
20210106155600	594
20210106155600	594
20210106155600	594
20210106155600	594
20210106155600	594
20210106155600	594
20210106155600	594
20210106155600	594
20210106155600	594
20210106155600	594
20210106155600	594
20210106155600	594
20210106155600	594
20210106155600	594
20210106155600	594
20210106155600	594
20210106155600	594
20210106155600	594
20210106155600	594
20210106155600	594
20210106155600	594
20210106155601	594
20210106155601	594
20210106155601	594
20210106155601	594
20210106155601	594
20210106155601	594
20210106155601	594
20210106155601	594
20210106155601	594
20210106155601	594
20210106155601	594
20210106155601	594
20210106155601	594
20210106155601	594
20210106155601	594
20210106155601	594
20210106155601	594
20210106155601	594
20210106155601	594
20210106155601	594
20210106155601	594
20210106155601	594
20210106155601	594
20210106155601	594
20210106155601	594
20210106155601	594
20210106155601	594
20210106155601	594
20210106155601	594
20210106155601	594
20210106155601	594
20210106155601	594
20210106155601	594
20210106155601	594
20210106155601	594
20210106155601	594
20210106155601	594
20210106155601	594
20210106155601	594
20210106155601	594
20210106155601	594
20210106155601	594
20210106155601	594
20210106155601	594
20210106155601	594
20210106155601	594
20210106155601	594
20210106155601	594
20210106155601	594
20210106155601	594
20210106155601	594
20210106155601	594
20210106155602	594
20210106155602	594
20210106155602	594
20210106155602	594
20210106155602	594
20210106155602	594
20210106155602	594
20210106155602	594
20210106155602	594
20210106155602	594
20210106155602	594
20210106155602	594
20210106155602	594
20210106155602	594
20210106155602	594
20210106155602	594
20210106155602	594
20210106155602	594
20210106155602	594
20210106155602	594
20210106155602	594
20210106155602	594
20210106155602	594
20210106155602	594
20210106155602	594
20210106155602	594
20210106155602	594
20210106155602	594
20210106155602	594
20210106155602	594
20210106155602	594
20210106155602	594
20210106155602	594
20210106155602	594
20210106155602	594
20210106155602	594
20210106155602	594
20210106155602	594
20210106155602	594
20210106155602	594
20210106155602	594
20210106155602	594
20210106155602	594
20210106155602	594
20210106155602	594
20210106155602	594
20210106155602	594
20210106155602	594
20210106155602	594
20210106155602	594
20210106155602	594
20210106155602	594
20210106155602	594
20210106155602	594
20210106155602	594
20210106155602	594
20210106155602	594
20210106155602	594
20210106155602	594
20210106155602	594
20210106155602	594
20210106155602	594
20210106155602	594
20210106155602	594
20210106155602	594
20210106155602	594
20210106155602	594
20210106155602	594
20210106155602	594
20210106155602	594
20210106155602	594
20210106155602	594
20210106155602	594
20210106155602	594
20210106155602	594
20210106155602	594
20210106155602	594
20210106155602	594
20210106155602	594
20210106155602	594
20210106155602	594
20210106155602	594
20210106155603	594
20210106155603	594
20210106155603	594
20210106155603	594
20210106155603	594
20210106155603	594
20210106155603	594
20210106155603	594
20210106155603	594
20210106155603	594
20210106155603	594
20210106155603	594
20210106155603	594
20210106155603	594
20210106155603	594
20210106155603	594
20210106155603	594
20210106155603	594
20210106155603	594
20210106155603	594
20210106155603	594
20210106155603	594
20210106155603	594
20210106155603	594
20210106155604	594
20210106155604	594
20210106155604	594
20210106155604	594
20210106155604	594
20210106155604	594
20210106155604	594
20210106155604	594
20210106155604	594
20210106155604	594
20210106155604	594
20210106155604	594
20210106155604	594
20210106155604	594
20210106155604	594
20210106155604	594
20210106155604	594
20210106155604	594
20210106155604	594
20210106155604	594
20210106155604	594
20210106155604	594
20210106155604	594
20210106155604	594
20210106155604	594
20210106155604	594
20210106155604	594
20210106155604	594
20210106155604	594
20210106155604	594
20210106155604	594
20210106155604	594
20210106155604	594
20210106155604	594
20210106155604	594
20210106155604	594
20210106155604	594
20210106155604	594
20210106155604	594
20210106155604	594
20210106155604	594
20210106155604	594
20210106155605	594
20210106155605	594
20210106155605	594
20210106155605	594
20210106155605	594
20210106155605	594
20210106155605	594
20210106155605	594
20210106155605	594
20210106155605	594
20210106155605	594
20210106155605	594
20210106155605	594
20210106155605	594
20210106155605	594
20210106155605	594
20210106155605	594
20210106155605	594
20210106155605	594
20210106155605	594
20210106155605	594
20210106155605	594
20210106155605	594
20210106155605	594
20210106155605	594
20210106155605	594
20210106155605	594
20210106155605	594
20210106155605	594
20210106155605	594
20210106155605	594
20210106155605	594
20210106155605	594
20210106155605	594
20210106155605	594
20210106155605	594
20210106155605	594
20210106155606	594
20210106155606	594
20210106155606	594
20210106155606	594
20210106155606	594
20210106155606	594
20210106155606	594
20210106155606	594
20210106155606	594
20210106155606	594
20210106155606	594
20210106155606	594
20210106155606	594
20210106155606	594
20210106155606	594
20210106155606	594
20210106155606	594
20210106155606	594
20210106155606	594
20210106155606	594
20210106155606	594
20210106155606	594
20210106155606	594
20210106155606	594
20210106155606	594
20210106155606	594
20210106155606	594
20210106155606	594
20210106155607	594
20210106155607	594
20210106155607	594
20210106155607	594
20210106155607	594
20210106155607	594
20210106155607	594
20210106155607	594
20210106155607	594
20210106155607	594
20210106155607	594
20210106155607	594
20210106155607	594
20210106155607	594
20210106155607	594
20210106155607	594
20210106155607	594
20210106155607	594
20210106155607	594
20210106155607	594
20210106155607	594
20210106155607	594
20210106155607	594
20210106155607	594
20210106155607	594
20210106155607	594
20210106155607	594
20210106155607	594
20210106155607	594
20210106155607	594
20210106155607	594
20210106155608	594
20210106155608	594
20210106155608	594
20210106155608	594
20210106155608	594
20210106155608	594
20210106155608	594
20210106155608	594
20210106155608	594
20210106155608	594
20210106155608	594
20210106155608	594
20210106155608	594
20210106155608	594
20210106155608	594
20210106155608	594
20210106155608	594
20210106155608	594
20210106155608	594
20210106155608	594
20210106155608	594
20210106155608	594
20210106155608	594
20210106155608	594
20210106155608	594
20210106155608	594
20210106155608	594
20210106155608	594
20210106155608	594
20210106155608	594
20210106155608	594
20210106155608	594
20210106155608	594
20210106155608	594
20210106155608	594
20210106155608	594
20210106155608	594
20210106155608	594
20210106155608	594
20210106155608	594
20210106155608	594
20210106155608	594
20210106155608	594
20210106155608	594
20210106155608	594
20210106155608	594
20210106155608	594
20210106155608	594
20210106155608	594
20210106155608	594
20210106155608	594
20210106155608	594
20210106155608	594
20210106155609	594
20210106155609	594
20210106155609	594
20210106155609	594
20210106155609	594
20210106155609	594
20210106155609	594
20210106155609	594
20210106155609	594
20210106155609	594
20210106155609	594
20210106155609	594
20210106155609	594
20210106155609	594
20210106155609	594
20210106155609	594
20210106155609	594
20210106155609	594
20210106155609	594
20210106155609	594
20210106155609	594
20210106155609	594
20210106155609	594
20210106155609	594
20210106155609	594
20210106155609	594
20210106155609	594
20210106155609	594
20210106155609	594
20210106155609	594
20210106155609	594
20210106155609	594
20210106155609	594
20210106155609	594
20210106155609	594
20210106155609	594
20210106155609	594
20210106155609	594
20210106155609	594
20210106155609	594
20210106155609	594
20210106155609	594
20210106155609	594
20210106155609	594
20210106155609	594
20210106155609	594
20210106155609	594
20210106155609	594
20210106155609	594
20210106155609	594
20210106155609	594
20210106155609	594
20210106155610	594
20210106155610	594
20210106155610	594
20210106155610	594
20210106155610	594
20210106155610	594
20210106155610	594
20210106155610	594
20210106155610	594
20210106155610	594
20210106155610	594
20210106155610	594
20210106155610	594
20210106155610	594
20210106155610	594
20210106155610	594
20210106155610	594
20210106155610	594
20210106155610	594
20210106155610	594
20210106155610	594
20210106155610	594
20210106155610	594
20210106155610	594
20210106155610	594
20210106155610	594
20210106155610	594
20210106155610	594
20210106155610	594
20210106155610	594
20210106155610	594
20210106155610	594
20210106155610	594
20210106155610	594
20210106155610	594
20210106155610	594
20210106155610	594
20210106155611	594
20210106155611	594
20210106155611	594
20210106155611	594
20210106155611	594
20210106155611	594
20210106155611	594
20210106155611	594
20210106155611	594
20210106155611	594
20210106155611	594
20210106155611	594
20210106155611	594
20210106155611	594
20210106155611	594
20210106155611	594
20210106155611	594
20210106155611	594
20210106155611	594
20210106155611	594
20210106155611	594
20210106155611	594
20210106155611	594
20210106155611	594
20210106155611	594
20210106155611	594
20210106155611	594
20210106155611	594
20210106155611	594
20210106155611	594
20210106155611	594
20210106155611	594
20210106155611	594
20210106155611	594
20210106155611	594
20210106155611	594
20210106155611	594
20210106155611	594
20210106155611	594
20210106155611	594
20210106155611	594
20210106155611	594
20210106155611	594
20210106155611	594
20210106155611	594
20210106155611	594
20210106155611	594
20210106155611	594
20210106155611	594
20210106155611	594
20210106155611	594
20210106155611	594
20210106155611	594
20210106155611	594
20210106155611	594
20210106155612	594
20210106155612	594
20210106155612	594
20210106155612	594
20210106155612	594
20210106155612	594
20210106155612	594
20210106155612	594
20210106155612	594
20210106155612	594
20210106155612	594
20210106155612	594
20210106155612	594
20210106155612	594
20210106155612	594
20210106155612	594
20210106155612	594
20210106155612	594
20210106155612	594
20210106155612	594
20210106155612	594
20210106155612	594
20210106155612	594
20210106155612	594
20210106155612	594
20210106155612	594
20210106155612	594
20210106155612	594
20210106155612	594
20210106155612	594
20210106155612	594
20210106155612	594
20210106155612	594
20210106155613	594
20210106155613	594
20210106155613	594
20210106155613	594
20210106155613	594
20210106155613	594
20210106155613	594
20210106155613	594
20210106155613	594
20210106155613	594
20210106155613	594
20210106155613	594
20210106155613	594
20210106155613	594
20210106155613	594
20210106155613	594
20210106155613	594
20210106155613	594
20210106155613	594
20210106155613	594
20210106155613	594
20210106155613	594
20210106155613	594
20210106155613	594
20210106155613	594
20210106155613	594
20210106155613	594
20210106155613	594
20210106155613	594
20210106155613	594
20210106155613	594
20210106155613	594
20210106155613	594
20210106155613	594
20210106155613	594
20210106155613	594
20210106155613	594
20210106155613	594
20210106155614	594
20210106155614	594
20210106155614	594
20210106155614	594
20210106155614	594
20210106155614	594
20210106155614	594
20210106155614	594
20210106155614	594
20210106155614	594
20210106155614	594
20210106155614	594
20210106155614	594
20210106155614	594
20210106155614	594
20210106155614	594
20210106155614	594
20210106155614	594
20210106155614	594
20210106155614	594
20210106155614	594
20210106155614	594
20210106155614	594
20210106155614	594
20210106155614	594
20210106155614	594
20210106155614	594
20210106155614	594
20210106155614	594
20210106155614	594
20210106155614	594
20210106155614	594
20210106155614	594
20210106155614	594
20210106155614	594
20210106155614	594
20210106155614	594
20210106155614	594
20210106155614	594
20210106155614	594
20210106155614	594
20210106155614	594
20210106155614	594
20210106155614	594
20210106155614	594
20210106155615	594
20210106155615	594
20210106155615	594
20210106155615	594
20210106155615	594
20210106155615	594
20210106155615	594
20210106155615	594
20210106155615	594
20210106155615	594
20210106155615	594
20210106155615	594
20210106155615	594
20210106155615	594
20210106155615	594
20210106155615	594
20210106155615	594
20210106155615	594
20210106155615	594
20210106155615	594
20210106155615	594
20210106155615	594
20210106155615	594
20210106155615	594
20210106155615	594
20210106155615	594
20210106155615	594
20210106155615	594
20210106155615	594
20210106155615	594
20210106155615	594
20210106155615	594
20210106155615	594
20210106155615	594
20210106155615	594
20210106155615	594
20210106155615	594
20210106155615	594
20210106155615	594
20210106155615	594
20210106155615	594
20210106155615	594
20210106155615	594
20210106155615	594
20210106155615	594
20210106155615	594
20210106155615	594
20210106155615	594
20210106155615	594
20210106155615	594
20210106155615	594
20210106155616	594
20210106155616	594
20210106155616	594
20210106155616	594
20210106155616	594
20210106155616	594
20210106155616	594
20210106155616	594
20210106155616	594
20210106155616	594
20210106155616	594
20210106155616	594
20210106155616	594
20210106155616	594
20210106155616	594
20210106155616	594
20210106155616	594
20210106155616	594
20210106155616	594
20210106155616	594
20210106155616	594
20210106155616	594
20210106155616	594
20210106155616	594
20210106155616	594
20210106155617	594
20210106155617	594
20210106155617	594
20210106155617	594
20210106155617	594
20210106155617	594
20210106155617	594
20210106155617	594
20210106155617	594
20210106155617	594
20210106155617	594
20210106155617	594
20210106155617	594
20210106155617	594
20210106155617	594
20210106155617	594
20210106155617	594
20210106155617	594
20210106155617	594
20210106155617	594
20210106155617	594
20210106155617	594
20210106155617	594
20210106155617	594
20210106155617	594
20210106155617	594
20210106155617	594
20210106155617	594
20210106155618	594
20210106155618	594
20210106155618	594
20210106155618	594
20210106155618	594
20210106155618	594
20210106155618	594
20210106155618	594
20210106155618	594
20210106155618	594
20210106155618	594
20210106155618	594
20210106155618	594
20210106155618	594
20210106155618	594
20210106155618	594
20210106155618	594
20210106155618	594
20210106155618	594
20210106155618	594
20210106155618	594
20210106155618	594
20210106155618	594
20210106155618	594
20210106155618	594
20210106155618	594
20210106155618	594
20210106155618	594
20210106155618	594
20210106155618	594
20210106155618	594
20210106155618	594
20210106155618	594
20210106155618	594
20210106155618	594
20210106155618	594
20210106155618	594
20210106155618	594
20210106155618	594
20210106155618	594
20210106155618	594
20210106155618	594
20210106155618	594
20210106155618	594
20210106155618	594
20210106155618	594
20210106155618	594
20210106155618	594
20210106155618	594
20210106155618	594
20210106155618	594
20210106155619	594
20210106155619	594
20210106155619	594
20210106155619	594
20210106155619	594
20210106155619	594
20210106155619	594
20210106155619	594
20210106155619	594
20210106155619	594
20210106155619	594
20210106155619	594
20210106155619	594
20210106155619	594
20210106155619	594
20210106155619	594
20210106155619	594
20210106155619	594
20210106155619	594
20210106155619	594
20210106155619	594
20210106155619	594
20210106155619	594
20210106155619	594
20210106155619	594
20210106155619	594
20210106155619	594
20210106155619	594
20210106155619	594
20210106155619	594
20210106155619	594
20210106155619	594
20210106155619	594
20210106155619	594
20210106155619	594
20210106155619	594
20210106155619	594
20210106155619	594
20210106155619	594
20210106155619	594
20210106155620	594
20210106155620	594
20210106155620	594
20210106155620	594
20210106155620	594
20210106155620	594
20210106155620	594
20210106155620	594
20210106155620	594
20210106155620	594
20210106155620	594
20210106155620	594
20210106155620	594
20210106155620	594
20210106155620	594
20210106155620	594
20210106155620	594
20210106155620	594
20210106155620	594
20210106155620	594
20210106155620	594
20210106155620	594
20210106155620	594
20210106155620	594
20210106155620	594
20210106155620	594
20210106155620	594
20210106155620	594
20210106155620	594
20210106155620	594
20210106155620	594
20210106155620	594
20210106155620	594
20210106155620	594
20210106155620	594
20210106155620	594
20210106155620	594
20210106155620	594
20210106155620	594
20210106155620	594
20210106155620	594
20210106155620	594
20210106155620	594
20210106155620	594
20210106155620	594
20210106155620	594
20210106155620	594
20210106155620	594
20210106155620	594
20210106155620	594
20210106155620	594
20210106155620	594
20210106155620	594
20210106155620	594
20210106155620	594
20210106155620	594
20210106155620	594
20210106155620	594
20210106155620	594
20210106155620	594
20210106155620	594
20210106155620	594
20210106155620	594
20210106155620	594
20210106155621	594
20210106155621	594
20210106155621	594
20210106155621	594
20210106155621	594
20210106155621	594
20210106155621	594
20210106155621	594
20210106155621	594
20210106155621	594
20210106155621	594
20210106155621	594
20210106155621	594
20210106155621	594
20210106155621	594
20210106155621	594
20210106155621	594
20210106155621	594
20210106155621	594
20210106155621	594
20210106155621	594
20210106155621	594
20210106155621	594
20210106155621	594
20210106155621	594
20210106155621	594
20210106155621	594
20210106155621	594
20210106155622	594
20210106155622	594
20210106155622	594
20210106155622	594
20210106155622	594
20210106155622	594
20210106155622	594
20210106155622	594
20210106155622	594
20210106155622	594
20210106155622	594
20210106155622	594
20210106155622	594
20210106155622	594
20210106155622	594
20210106155622	594
20210106155622	594
20210106155622	594
20210106155622	594
20210106155622	594
20210106155622	594
20210106155622	594
20210106155622	594
20210106155622	594
20210106155622	594
20210106155622	594
20210106155622	594
20210106155622	594
20210106155623	594
20210106155623	594
20210106155623	594
20210106155623	594
20210106155623	594
20210106155623	594
20210106155623	594
20210106155623	594
20210106155623	594
20210106155623	594
20210106155623	594
20210106155623	594
20210106155623	594
20210106155623	594
20210106155623	594
20210106155623	594
20210106155623	594
20210106155623	594
20210106155623	594
20210106155623	594
20210106155623	594
20210106155623	594
20210106155623	594
20210106155623	594
20210106155623	594
20210106155623	594
20210106155623	594
20210106155623	594
20210106155623	594
20210106155623	594
20210106155623	594
20210106155623	594
20210106155623	594
20210106155623	594
20210106155623	594
20210106155623	594
20210106155623	594
20210106155623	594
20210106155623	594
20210106155623	594
20210106155623	594
20210106155623	594
20210106155623	594
20210106155623	594
20210106155623	594
20210106155623	594
20210106155623	594
20210106155623	594
20210106155624	594
20210106155624	594
20210106155624	594
20210106155624	594
20210106155624	594
20210106155624	594
20210106155624	594
20210106155624	594
20210106155624	594
20210106155624	594
20210106155624	594
20210106155624	594
20210106155624	594
20210106155624	594
20210106155624	594
20210106155624	594
20210106155624	594
20210106155624	594
20210106155624	594
20210106155624	594
20210106155624	594
20210106155624	594
20210106155624	594
20210106155624	594
20210106155624	594
20210106155624	594
20210106155624	594
20210106155624	594
20210106155624	594
20210106155624	594
20210106155624	594
20210106155624	594
20210106155624	594
20210106155624	594
20210106155624	594
20210106155624	594
20210106155624	594
20210106155624	594
20210106155624	594
20210106155624	594
20210106155624	594
20210106155624	594
20210106155624	594
20210106155624	594
20210106155625	594
20210106155625	594
20210106155625	594
20210106155625	594
20210106155625	594
20210106155625	594
20210106155625	594
20210106155625	594
20210106155625	594
20210106155625	594
20210106155625	594
20210106155625	594
20210106155625	594
20210106155625	594
20210106155625	594
20210106155625	594
20210106155625	594
20210106155625	594
20210106155625	594
20210106155625	594
20210106155625	594
20210106155625	594
20210106155625	594
20210106155625	594
20210106155625	594
20210106155625	594
20210106155625	594
20210106155625	594
20210106155625	594
20210106155626	594
20210106155626	594
20210106155626	594
20210106155626	594
20210106155626	594
20210106155626	594
20210106155626	594
20210106155626	594
20210106155626	594
20210106155626	594
20210106155626	594
20210106155626	594
20210106155626	594
20210106155626	594
20210106155626	594
20210106155626	594
20210106155626	594
20210106155626	594
20210106155626	594
20210106155626	594
20210106155626	594
20210106155626	594
20210106155626	594
20210106155626	594
20210106155626	594
20210106155626	594
20210106155626	594
20210106155626	594
20210106155626	594
20210106155626	594
20210106155626	594
20210106155626	594
20210106155626	594
20210106155626	594
20210106155626	594
20210106155626	594
20210106155626	594
20210106155626	594
20210106155626	594
20210106155626	594
20210106155626	594
20210106155627	594
20210106155627	594
20210106155627	594
20210106155627	594
20210106155627	594
20210106155627	594
20210106155627	594
20210106155627	594
20210106155627	594
20210106155627	594
20210106155627	594
20210106155627	594
20210106155627	594
20210106155627	594
20210106155627	594
20210106155627	594
20210106155627	594
20210106155627	594
20210106155627	594
20210106155627	594
20210106155627	594
20210106155627	594
20210106155627	594
20210106155627	594
20210106155627	594
20210106155627	594
20210106155627	594
20210106155627	594
20210106155627	594
20210106155627	594
20210106155627	594
20210106155627	594
20210106155627	594
20210106155627	594
20210106155627	594
20210106155627	594
20210106155627	594
20210106155627	594
20210106155627	594
20210106155627	594
20210106155627	594
20210106155627	594
20210106155627	594
20210106155627	594
20210106155627	594
20210106155627	594
20210106155627	594
20210106155627	594
20210106155627	594
20210106155627	594
20210106155627	594
20210106155628	594
20210106155628	594
20210106155628	594
20210106155628	594
20210106155628	594
20210106155628	594
20210106155628	594
20210106155628	594
20210106155628	594
20210106155628	594
20210106155628	594
20210106155628	594
20210106155628	594
20210106155628	594
20210106155628	594
20210106155628	594
20210106155628	594
20210106155628	594
20210106155628	594
20210106155628	594
20210106155628	594
20210106155628	594
20210106155628	594
20210106155628	594
20210106155628	594
20210106155628	594
20210106155628	594
20210106155628	594
20210106155628	594
20210106155628	594
20210106155628	594
20210106155628	594
20210106155628	594
20210106155628	594
20210106155628	594
20210106155628	594
20210106155628	594
20210106155628	594
20210106155628	594
20210106155628	594
20210106155628	594
20210106155628	594
20210106155628	594
20210106155629	594
20210106155629	594
20210106155629	594
20210106155629	594
20210106155629	594
20210106155629	594
20210106155629	594
20210106155629	594
20210106155629	594
20210106155629	594
20210106155629	594
20210106155629	594
20210106155629	594
20210106155629	594
20210106155629	594
20210106155629	594
20210106155629	594
20210106155629	594
20210106155629	594
20210106155629	594
20210106155629	594
20210106155629	594
20210106155629	594
20210106155629	594
20210106155629	594
20210106155629	594
20210106155629	594
20210106155629	594
20210106155629	594
20210106155629	594
20210106155629	594
20210106155629	594
20210106155629	594
20210106155629	594
20210106155629	594
20210106155629	594
20210106155629	594
20210106155629	594
20210106155629	594
20210106155629	594
20210106155629	594
20210106155629	594
20210106155629	594
20210106155630	594
20210106155630	594
20210106155630	594
20210106155630	594
20210106155630	594
20210106155630	594
20210106155630	594
20210106155630	594
20210106155630	594
20210106155630	594
20210106155630	594
20210106155630	594
20210106155630	594
20210106155630	594
20210106155630	594
20210106155630	594
20210106155630	594
20210106155630	594
20210106155630	594
20210106155630	594
20210106155630	594
20210106155630	594
20210106155630	594
20210106155630	594
20210106155630	594
20210106155630	594
20210106155630	594
20210106155630	594
20210106155630	594
20210106155630	594
20210106155630	594
20210106155631	594
20210106155631	594
20210106155631	594
20210106155631	594
20210106155631	594
20210106155631	594
20210106155631	594
20210106155631	594
20210106155631	594
20210106155631	594
20210106155631	594
20210106155631	594
20210106155631	594
20210106155631	594
20210106155631	594
20210106155631	594
20210106155631	594
20210106155631	594
20210106155631	594
20210106155631	594
20210106155631	594
20210106155631	594
20210106155631	594
20210106155631	594
20210106155631	594
20210106155631	594
20210106155631	594
20210106155631	594
20210106155631	594
20210106155631	594
20210106155631	594
20210106155631	594
20210106155631	594
20210106155631	594
20210106155631	594
20210106155631	594
20210106155631	594
20210106155631	594
20210106155631	594
20210106155631	594
20210106155631	594
20210106155631	594
20210106155631	594
20210106155631	594
20210106155631	594
20210106155631	594
20210106155631	594
20210106155631	594
20210106155631	594
20210106155631	594
20210106155631	594
20210106155631	594
20210106155632	594
20210106155632	594
20210106155632	594
20210106155632	594
20210106155632	594
20210106155632	594
20210106155632	594
20210106155632	594
20210106155632	594
20210106155632	594
20210106155632	594
20210106155632	594
20210106155632	594
20210106155632	594
20210106155632	594
20210106155632	594
20210106155632	594
20210106155632	594
20210106155632	594
20210106155632	594
20210106155632	594
20210106155632	594
20210106155632	594
20210106155632	594
20210106155632	594
20210106155632	594
20210106155632	594
20210106155632	594
20210106155633	594
20210106155633	594
20210106155633	594
20210106155633	594
20210106155633	594
20210106155633	594
20210106155633	594
20210106155633	594
20210106155633	594
20210106155633	594
20210106155633	594
20210106155633	594
20210106155633	594
20210106155633	594
20210106155633	594
20210106155633	594
20210106155633	594
20210106155633	594
20210106155633	594
20210106155633	594
20210106155633	594
20210106155633	594
20210106155634	594
20210106155634	594
20210106155634	594
20210106155634	594
20210106155634	594
20210106155634	594
20210106155634	594
20210106155634	594
20210106155634	594
20210106155634	594
20210106155634	594
20210106155634	594
20210106155634	594
20210106155634	594
20210106155634	594
20210106155634	594
20210106155634	594
20210106155634	594
20210106155634	594
20210106155634	594
20210106155634	594
20210106155634	594
20210106155634	594
20210106155634	594
20210106155634	594
20210106155634	594
20210106155634	594
20210106155634	594
20210106155634	594
20210106155634	594
20210106155634	594
20210106155634	594
20210106155634	594
20210106155634	594
20210106155634	594
20210106155634	594
20210106155634	594
20210106155634	594
20210106155634	594
20210106155634	594
20210106155634	594
20210106155634	594
20210106155634	594
20210106155634	594
20210106155635	594
20210106155635	594
20210106155635	594
20210106155635	594
20210106155635	594
20210106155635	594
20210106155635	594
20210106155635	594
20210106155635	594
20210106155635	594
20210106155635	594
20210106155635	594
20210106155635	594
20210106155635	594
20210106155635	594
20210106155635	594
20210106155635	594
20210106155635	594
20210106155635	594
20210106155635	594
20210106155635	594
20210106155635	594
20210106155635	594
20210106155635	594
20210106155635	594
20210106155635	594
20210106155635	594
20210106155635	594
20210106155635	594
20210106155635	594
20210106155635	594
20210106155635	594
20210106155635	594
20210106155635	594
20210106155635	594
20210106155635	594
20210106155635	594
20210106155635	594
20210106155635	594
20210106155635	594
20210106155635	594
20210106155635	594
20210106155635	594
20210106155635	594
20210106155635	594
20210106155635	594
20210106155635	594
20210106155635	594
20210106155635	594
20210106155635	594
20210106155635	594
20210106155635	594
20210106155635	594
20210106155635	594
20210106155635	594
20210106155635	594
20210106155635	594
20210106155635	594
20210106155636	594
20210106155636	594
20210106155636	594
20210106155636	594
20210106155636	594
20210106155636	594
20210106155636	594
20210106155636	594
20210106155636	594
20210106155636	594
20210106155636	594
20210106155636	594
20210106155636	594
20210106155636	594
20210106155636	594
20210106155636	594
20210106155636	594
20210106155636	594
20210106155636	594
20210106155636	594
20210106155636	594
20210106155636	594
20210106155636	594
20210106155636	594
20210106155636	594
20210106155636	594
20210106155636	594
20210106155636	594
20210106155636	594
20210106155636	594
20210106155636	594
20210106155636	594
20210106155636	594
20210106155636	594
20210106155636	594
20210106155636	594
20210106155636	594
20210106155636	594
20210106155636	594
20210106155636	594
20210106155636	594
20210106155636	594
20210106155636	594
20210106155636	594
20210106155636	594
20210106155636	594
20210106155636	594
20210106155636	594
20210106155636	594
20210106155636	594
20210106155636	594
20210106155636	594
20210106155637	594
20210106155637	594
20210106155637	594
20210106155637	594
20210106155637	594
20210106155637	594
20210106155637	594
20210106155637	594
20210106155637	594
20210106155637	594
20210106155637	594
20210106155637	594
20210106155637	594
20210106155637	594
20210106155637	594
20210106155637	594
20210106155637	594
20210106155637	594
20210106155637	594
20210106155637	594
20210106155637	594
20210106155637	594
20210106155637	594
20210106155637	594
20210106155637	594
20210106155637	594
20210106155637	594
20210106155637	594
20210106155637	594
20210106155637	594
20210106155637	594
20210106155637	594
20210106155637	594
20210106155637	594
20210106155637	594
20210106155637	594
20210106155637	594
20210106155637	594
20210106155637	594
20210106155637	594
20210106155637	594
20210106155637	594
20210106155637	594
20210106155637	594
20210106155638	594
20210106155638	594
20210106155638	594
20210106155638	594
20210106155638	594
20210106155638	594
20210106155638	594
20210106155638	594
20210106155638	594
20210106155638	594
20210106155638	594
20210106155638	594
20210106155638	594
20210106155638	594
20210106155638	594
20210106155638	594
20210106155638	594
20210106155638	594
20210106155638	594
20210106155638	594
20210106155638	594
20210106155638	594
20210106155638	594
20210106155638	594
20210106155638	594
20210106155638	594
20210106155638	594
20210106155638	594
20210106155638	594
20210106155638	594
20210106155638	594
20210106155638	594
20210106155638	594
20210106155638	594
20210106155638	594
20210106155638	594
20210106155638	594
20210106155638	594
20210106155638	594
20210106155638	594
20210106155638	594
20210106155638	594
20210106155638	594
20210106155638	594
20210106155638	594
20210106155638	594
20210106155638	594
20210106155638	594
20210106155639	594
20210106155639	594
20210106155639	594
20210106155639	594
20210106155639	594
20210106155639	594
20210106155639	594
20210106155639	594
20210106155639	594
20210106155639	594
20210106155639	594
20210106155639	594
20210106155639	594
20210106155639	594
20210106155639	594
20210106155639	594
20210106155639	594
20210106155639	594
20210106155639	594
20210106155639	594
20210106155639	594
20210106155639	594
20210106155640	594
20210106155640	594
20210106155640	594
20210106155640	594
20210106155640	594
20210106155640	594
20210106155640	594
20210106155640	594
20210106155640	594
20210106155640	594
20210106155640	594
20210106155640	594
20210106155640	594
20210106155640	594
20210106155640	594
20210106155640	594
20210106155640	594
20210106155640	594
20210106155640	594
20210106155640	594
20210106155640	594
20210106155640	594
20210106155640	594
20210106155640	594
20210106155640	594
20210106155640	594
20210106155640	594
20210106155640	594
20210106155640	594
20210106155640	594
20210106155640	594
20210106155640	594
20210106155640	594
20210106155640	594
20210106155640	594
20210106155640	594
20210106155640	594
20210106155640	594
20210106155640	594
20210106155640	594
20210106155640	594
20210106155640	594
20210106155640	594
20210106155640	594
20210106155640	594
20210106155640	594
20210106155640	594
20210106155641	594
20210106155641	594
20210106155641	594
20210106155641	594
20210106155641	594
20210106155641	594
20210106155641	594
20210106155641	594
20210106155641	594
20210106155641	594
20210106155641	594
20210106155641	594
20210106155641	594
20210106155641	594
20210106155641	594
20210106155641	594
20210106155641	594
20210106155641	594
20210106155641	594
20210106155641	594
20210106155641	594
20210106155641	594
20210106155641	594
20210106155641	594
20210106155641	594
20210106155641	594
20210106155641	594
20210106155641	594
20210106155641	594
20210106155641	594
20210106155641	594
20210106155641	594
20210106155641	594
20210106155641	594
20210106155641	594
20210106155641	594
20210106155641	594
20210106155641	594
20210106155641	594
20210106155641	594
20210106155641	594
20210106155641	594
20210106155641	594
20210106155641	594
20210106155641	594
20210106155641	594
20210106155641	594
20210106155641	594
20210106155641	594
20210106155641	594
20210106155641	594
20210106155641	594
20210106155641	594
20210106155641	594
20210106155641	594
20210106155641	594
20210106155641	594
20210106155641	594
20210106155641	594
20210106155641	594
20210106155641	594
20210106155641	594
20210106155641	594
20210106155641	594
20210106155641	594
20210106155641	594
20210106155641	594
20210106155641	594
20210106155641	594
20210106155641	594
20210106155641	594
20210106155641	594
20210106155641	594
20210106155642	594
20210106155642	594
20210106155642	594
20210106155642	594
20210106155642	594
20210106155642	594
20210106155642	594
20210106155642	594
20210106155642	594
20210106155642	594
20210106155642	594
20210106155642	594
20210106155642	594
20210106155642	594
20210106155642	594
20210106155642	594
20210106155642	594
20210106155642	594
20210106155642	594
20210106155642	594
20210106155642	594
20210106155642	594
20210106155642	594
20210106155642	594
20210106155642	594
20210106155642	594
20210106155642	594
20210106155642	594
20210106155642	594
20210106155642	594
20210106155642	594
20210106155642	594
20210106155642	594
20210106155642	594
20210106155642	594
20210106155642	594
20210106155642	594
20210106155642	594
20210106155642	594
20210106155642	594
20210106155642	594
20210106155642	594
20210106155642	594
20210106155642	594
20210106155642	594
20210106155642	594
20210106155642	594
20210106155642	594
20210106155642	594
20210106155642	594
20210106155643	594
20210106155643	594
20210106155643	594
20210106155643	594
20210106155643	594
20210106155643	594
20210106155643	594
20210106155643	594
20210106155643	594
20210106155643	594
20210106155643	594
20210106155643	594
20210106155643	594
20210106155643	594
20210106155643	594
20210106155643	594
20210106155643	594
20210106155643	594
20210106155643	594
20210106155643	594
20210106155643	594
20210106155643	594
20210106155643	594
20210106155643	594
20210106155643	594
20210106155643	594
20210106155643	594
20210106155643	594
20210106155643	594
20210106155643	594
20210106155643	594
20210106155643	594
20210106155643	594
20210106155643	594
20210106155643	594
20210106155643	594
20210106155643	594
20210106155643	594
20210106155643	594
20210106155643	594
20210106155643	594
20210106155643	594
20210106155643	594
20210106155643	594
20210106155643	594
20210106155643	594
20210106155643	594
20210106155643	594
20210106155643	594
20210106155643	594
20210106155643	594
20210106155643	594
20210106155643	594
20210106155643	594
20210106155643	594
20210106155643	594
20210106155643	594
20210106155643	594
20210106155643	594
20210106155643	594
20210106155643	594
20210106155643	594
20210106155643	594
20210106155644	594
20210106155644	594
20210106155644	594
20210106155644	594
20210106155644	594
20210106155644	594
20210106155644	594
20210106155644	594
20210106155644	594
20210106155644	594
20210106155644	594
20210106155644	594
20210106155644	594
20210106155644	594
20210106155644	594
20210106155644	594
20210106155644	594
20210106155644	594
20210106155644	594
20210106155644	594
20210106155644	594
20210106155644	594
20210106155644	594
20210106155644	594
20210106155644	594
20210106155644	594
20210106155644	594
20210106155644	594
20210106155644	594
20210106155644	594
20210106155644	594
20210106155644	594
20210106155644	594
20210106155644	594
20210106155644	594
20210106155644	594
20210106155644	594
20210106155644	594
20210106155644	594
20210106155644	594
20210106155644	594
20210106155645	594
20210106155645	594
20210106155645	594
20210106155645	594
20210106155645	594
20210106155645	594
20210106155645	594
20210106155645	594
20210106155645	594
20210106155645	594
20210106155645	594
20210106155645	594
20210106155645	594
20210106155645	594
20210106155645	594
20210106155645	594
20210106155645	594
20210106155645	594
20210106155645	594
20210106155645	594
20210106155645	594
20210106155645	594
20210106155645	594
20210106155645	594
20210106155645	594
20210106155645	594
20210106155645	594
20210106155645	594
20210106155645	594
20210106155645	594
20210106155645	594
20210106155645	594
20210106155645	594
20210106155645	594
20210106155645	594
20210106155645	594
20210106155645	594
20210106155645	594
20210106155645	594
20210106155645	594
20210106155645	594
20210106155645	594
20210106155645	594
20210106155645	594
20210106155645	594
20210106155645	594
20210106155645	594
20210106155645	594
20210106155645	594
20210106155645	594
20210106155645	594
20210106155645	594
20210106155645	594
20210106155646	594
20210106155646	594
20210106155646	594
20210106155646	594
20210106155646	594
20210106155646	594
20210106155646	594
20210106155646	594
20210106155646	594
20210106155646	594
20210106155646	594
20210106155646	594
20210106155646	594
20210106155646	594
20210106155646	594
20210106155646	594
20210106155646	594
20210106155646	594
20210106155646	594
20210106155646	594
20210106155646	594
20210106155646	594
20210106155646	594
20210106155646	594
20210106155646	594
20210106155646	594
20210106155646	594
20210106155646	594
20210106155646	594
20210106155646	594
20210106155646	594
20210106155646	594
20210106155646	594
20210106155646	594
20210106155646	594
20210106155646	594
20210106155646	594
20210106155646	594
20210106155646	594
20210106155646	594
20210106155646	594
20210106155646	594
20210106155647	594
20210106155647	594
20210106155647	594
20210106155647	594
20210106155647	594
20210106155647	594
20210106155647	594
20210106155647	594
20210106155647	594
20210106155647	594
20210106155647	594
20210106155647	594
20210106155647	594
20210106155647	594
20210106155647	594
20210106155647	594
20210106155647	594
20210106155647	594
20210106155647	594
20210106155647	594
20210106155647	594
20210106155647	594
20210106155647	594
20210106155647	594
20210106155647	594
20210106155647	594
20210106155647	594
20210106155647	594
20210106155647	594
20210106155647	594
20210106155647	594
