20210115191022	594
20210115191022	594
20210115191022	594
20210115191022	594
20210115191022	594
20210115191022	594
20210115191022	594
20210115191022	594
20210115191022	594
20210115191022	594
20210115191022	594
20210115191022	594
20210115191022	594
20210115191022	594
20210115191022	594
20210115191022	594
20210115191022	594
20210115191022	594
20210115191022	594
20210115191023	594
20210115191023	594
20210115191023	594
20210115191023	594
20210115191023	594
20210115191023	594
20210115191023	594
20210115191023	594
20210115191023	594
20210115191023	594
20210115191023	594
20210115191023	594
20210115191023	594
20210115191023	594
20210115191023	594
20210115191023	594
20210115191023	594
20210115191023	594
20210115191023	594
20210115191023	594
20210115191023	594
20210115191023	594
20210115191024	594
20210115191024	594
20210115191024	594
20210115191024	594
20210115191024	594
20210115191024	594
20210115191024	594
20210115191024	594
20210115191024	594
20210115191024	594
20210115191024	594
20210115191024	594
20210115191024	594
20210115191024	594
20210115191024	594
20210115191024	594
20210115191024	594
20210115191024	594
20210115191024	594
20210115191024	594
20210115191024	594
20210115191024	594
20210115191024	594
20210115191024	594
20210115191024	594
20210115191024	594
20210115191024	594
20210115191024	594
20210115191024	594
20210115191024	594
20210115191025	594
20210115191025	594
20210115191025	594
20210115191025	594
20210115191025	594
20210115191025	594
20210115191025	594
20210115191025	594
20210115191025	594
20210115191025	594
20210115191025	594
20210115191025	594
20210115191025	594
20210115191025	594
20210115191025	594
20210115191025	594
20210115191025	594
20210115191025	594
20210115191025	594
20210115191025	594
20210115191025	594
20210115191025	594
20210115191025	594
20210115191025	594
20210115191025	594
20210115191025	594
20210115191025	594
20210115191025	594
20210115191025	594
20210115191025	594
20210115191025	594
20210115191025	594
20210115191025	594
20210115191025	594
20210115191025	594
20210115191025	594
20210115191025	594
20210115191025	594
20210115191025	594
20210115191025	594
20210115191025	594
20210115191025	594
20210115191025	594
20210115191025	594
20210115191025	594
20210115191026	594
20210115191026	594
20210115191026	594
20210115191026	594
20210115191026	594
20210115191026	594
20210115191026	594
20210115191026	594
20210115191026	594
20210115191026	594
20210115191026	594
20210115191026	594
20210115191026	594
20210115191026	594
20210115191026	594
20210115191026	594
20210115191026	594
20210115191026	594
20210115191026	594
20210115191026	594
20210115191026	594
20210115191026	594
20210115191026	594
20210115191026	594
20210115191027	594
20210115191027	594
20210115191027	594
20210115191027	594
20210115191027	594
20210115191027	594
20210115191027	594
20210115191027	594
20210115191027	594
20210115191027	594
20210115191027	594
20210115191027	594
20210115191027	594
20210115191027	594
20210115191027	594
20210115191027	594
20210115191027	594
20210115191027	594
20210115191027	594
20210115191027	594
20210115191027	594
20210115191027	594
20210115191027	594
20210115191027	594
20210115191027	594
20210115191027	594
20210115191027	594
20210115191027	594
20210115191027	594
20210115191027	594
20210115191027	594
20210115191028	594
20210115191028	594
20210115191028	594
20210115191028	594
20210115191028	594
20210115191028	594
20210115191028	594
20210115191028	594
20210115191028	594
20210115191028	594
20210115191028	594
20210115191028	594
20210115191028	594
20210115191028	594
20210115191028	594
20210115191028	594
20210115191028	594
20210115191028	594
20210115191028	594
20210115191028	594
20210115191028	594
20210115191028	594
20210115191028	594
20210115191028	594
20210115191028	594
20210115191028	594
20210115191028	594
20210115191028	594
20210115191028	594
20210115191028	594
20210115191028	594
20210115191028	594
20210115191028	594
20210115191028	594
20210115191028	594
20210115191028	594
20210115191028	594
20210115191028	594
20210115191028	594
20210115191028	594
20210115191028	594
20210115191028	594
20210115191028	594
20210115191028	594
20210115191028	594
20210115191028	594
20210115191028	594
20210115191028	594
20210115191028	594
20210115191028	594
20210115191028	594
20210115191028	594
20210115191028	594
20210115191029	594
20210115191029	594
20210115191029	594
20210115191029	594
20210115191029	594
20210115191029	594
20210115191029	594
20210115191029	594
20210115191029	594
20210115191029	594
20210115191029	594
20210115191029	594
20210115191029	594
20210115191029	594
20210115191029	594
20210115191029	594
20210115191029	594
20210115191029	594
20210115191029	594
20210115191029	594
20210115191029	594
20210115191029	594
20210115191029	594
20210115191029	594
20210115191029	594
20210115191029	594
20210115191029	594
20210115191029	594
20210115191029	594
20210115191029	594
20210115191029	594
20210115191029	594
20210115191029	594
20210115191029	594
20210115191029	594
20210115191030	594
20210115191030	594
20210115191030	594
20210115191030	594
20210115191030	594
20210115191030	594
20210115191030	594
20210115191030	594
20210115191030	594
20210115191030	594
20210115191030	594
20210115191030	594
20210115191030	594
20210115191030	594
20210115191030	594
20210115191030	594
20210115191030	594
20210115191030	594
20210115191030	594
20210115191030	594
20210115191030	594
20210115191030	594
20210115191030	594
20210115191030	594
20210115191030	594
20210115191030	594
20210115191030	594
20210115191030	594
20210115191030	594
20210115191030	594
20210115191030	594
20210115191030	594
20210115191030	594
20210115191030	594
20210115191030	594
20210115191030	594
20210115191030	594
20210115191030	594
20210115191030	594
20210115191030	594
20210115191030	594
20210115191030	594
20210115191030	594
20210115191030	594
20210115191030	594
20210115191030	594
20210115191030	594
20210115191030	594
20210115191030	594
20210115191030	594
20210115191030	594
20210115191030	594
20210115191030	594
20210115191030	594
20210115191030	594
20210115191030	594
20210115191030	594
20210115191030	594
20210115191031	594
20210115191031	594
20210115191031	594
20210115191031	594
20210115191031	594
20210115191031	594
20210115191031	594
20210115191031	594
20210115191031	594
20210115191031	594
20210115191031	594
20210115191031	594
20210115191031	594
20210115191031	594
20210115191031	594
20210115191031	594
20210115191031	594
20210115191031	594
20210115191031	594
20210115191031	594
20210115191031	594
20210115191031	594
20210115191031	594
20210115191031	594
20210115191031	594
20210115191031	594
20210115191031	594
20210115191031	594
20210115191031	594
20210115191031	594
20210115191031	594
20210115191031	594
20210115191031	594
20210115191031	594
20210115191031	594
20210115191031	594
20210115191031	594
20210115191031	594
20210115191031	594
20210115191031	594
20210115191031	594
20210115191031	594
20210115191031	594
20210115191031	594
20210115191031	594
20210115191031	594
20210115191031	594
20210115191031	594
20210115191031	594
20210115191031	594
20210115191031	594
20210115191031	594
20210115191031	594
20210115191031	594
20210115191031	594
20210115191031	594
20210115191031	594
20210115191031	594
20210115191031	594
20210115191031	594
20210115191031	594
20210115191031	594
20210115191031	594
20210115191031	594
20210115191032	594
20210115191032	594
20210115191032	594
20210115191032	594
20210115191032	594
20210115191032	594
20210115191032	594
20210115191032	594
20210115191032	594
20210115191032	594
20210115191032	594
20210115191032	594
20210115191032	594
20210115191032	594
20210115191032	594
20210115191032	594
20210115191032	594
20210115191032	594
20210115191032	594
20210115191032	594
20210115191032	594
20210115191032	594
20210115191032	594
20210115191032	594
20210115191032	594
20210115191032	594
20210115191032	594
20210115191032	594
20210115191032	594
20210115191032	594
20210115191032	594
20210115191032	594
20210115191032	594
20210115191032	594
20210115191032	594
20210115191032	594
20210115191032	594
20210115191033	594
20210115191033	594
20210115191033	594
20210115191033	594
20210115191033	594
20210115191033	594
20210115191033	594
20210115191033	594
20210115191033	594
20210115191033	594
20210115191033	594
20210115191033	594
20210115191033	594
20210115191033	594
20210115191033	594
20210115191033	594
20210115191033	594
20210115191033	594
20210115191033	594
20210115191033	594
20210115191033	594
20210115191033	594
20210115191033	594
20210115191033	594
20210115191033	594
20210115191033	594
20210115191033	594
20210115191033	594
20210115191033	594
20210115191033	594
20210115191033	594
20210115191033	594
20210115191033	594
20210115191033	594
20210115191033	594
20210115191033	594
20210115191033	594
20210115191033	594
20210115191033	594
20210115191033	594
20210115191033	594
20210115191033	594
20210115191033	594
20210115191033	594
20210115191033	594
20210115191033	594
20210115191033	594
20210115191033	594
20210115191033	594
20210115191033	594
20210115191033	594
20210115191033	594
20210115191033	594
20210115191033	594
20210115191033	594
20210115191033	594
20210115191033	594
20210115191033	594
20210115191033	594
20210115191033	594
20210115191033	594
20210115191033	594
20210115191033	594
20210115191034	594
20210115191034	594
20210115191034	594
20210115191034	594
20210115191034	594
20210115191034	594
20210115191034	594
20210115191034	594
20210115191034	594
20210115191034	594
20210115191034	594
20210115191034	594
20210115191034	594
20210115191034	594
20210115191034	594
20210115191034	594
20210115191034	594
20210115191034	594
20210115191034	594
20210115191034	594
20210115191034	594
20210115191034	594
20210115191034	594
20210115191034	594
20210115191034	594
20210115191034	594
20210115191034	594
20210115191034	594
20210115191034	594
20210115191035	594
20210115191035	594
20210115191035	594
20210115191035	594
20210115191035	594
20210115191035	594
20210115191035	594
20210115191035	594
20210115191035	594
20210115191035	594
20210115191035	594
20210115191035	594
20210115191035	594
20210115191035	594
20210115191035	594
20210115191035	594
20210115191035	594
20210115191035	594
20210115191035	594
20210115191035	594
20210115191035	594
20210115191035	594
20210115191035	594
20210115191035	594
20210115191035	594
20210115191036	594
20210115191036	594
20210115191036	594
20210115191036	594
20210115191036	594
20210115191036	594
20210115191036	594
20210115191036	594
20210115191036	594
20210115191036	594
20210115191036	594
20210115191036	594
20210115191036	594
20210115191036	594
20210115191036	594
20210115191036	594
20210115191036	594
20210115191036	594
20210115191036	594
20210115191036	594
20210115191036	594
20210115191036	594
20210115191036	594
20210115191036	594
20210115191036	594
20210115191036	594
20210115191036	594
20210115191036	594
20210115191036	594
20210115191036	594
20210115191036	594
20210115191036	594
20210115191036	594
20210115191036	594
20210115191036	594
20210115191036	594
20210115191036	594
20210115191036	594
20210115191036	594
20210115191036	594
20210115191036	594
20210115191036	594
20210115191036	594
20210115191036	594
20210115191036	594
20210115191036	594
20210115191036	594
20210115191036	594
20210115191036	594
20210115191036	594
20210115191037	594
20210115191037	594
20210115191037	594
20210115191037	594
20210115191037	594
20210115191037	594
20210115191037	594
20210115191037	594
20210115191037	594
20210115191037	594
20210115191037	594
20210115191037	594
20210115191037	594
20210115191037	594
20210115191037	594
20210115191037	594
20210115191037	594
20210115191037	594
20210115191037	594
20210115191037	594
20210115191037	594
20210115191037	594
20210115191037	594
20210115191037	594
20210115191037	594
20210115191037	594
20210115191037	594
20210115191037	594
20210115191037	594
20210115191037	594
20210115191037	594
20210115191038	594
20210115191038	594
20210115191038	594
20210115191038	594
20210115191038	594
20210115191038	594
20210115191038	594
20210115191038	594
20210115191038	594
20210115191038	594
20210115191038	594
20210115191038	594
20210115191038	594
20210115191038	594
20210115191038	594
20210115191038	594
20210115191038	594
20210115191038	594
20210115191038	594
20210115191038	594
20210115191038	594
20210115191038	594
20210115191038	594
20210115191038	594
20210115191038	594
20210115191038	594
20210115191038	594
20210115191038	594
20210115191038	594
20210115191038	594
20210115191038	594
20210115191038	594
20210115191038	594
20210115191038	594
20210115191038	594
20210115191038	594
20210115191038	594
20210115191038	594
20210115191038	594
20210115191038	594
20210115191038	594
20210115191038	594
20210115191038	594
20210115191038	594
20210115191038	594
20210115191038	594
20210115191039	594
20210115191039	594
20210115191039	594
20210115191039	594
20210115191039	594
20210115191039	594
20210115191039	594
20210115191039	594
20210115191039	594
20210115191039	594
20210115191039	594
20210115191039	594
20210115191039	594
20210115191039	594
20210115191039	594
20210115191039	594
20210115191039	594
20210115191039	594
20210115191039	594
20210115191039	594
20210115191039	594
20210115191039	594
20210115191039	594
20210115191039	594
20210115191040	594
20210115191040	594
20210115191040	594
20210115191040	594
20210115191040	594
20210115191040	594
20210115191040	594
20210115191040	594
20210115191040	594
20210115191040	594
20210115191040	594
20210115191040	594
20210115191040	594
20210115191040	594
20210115191040	594
20210115191040	594
20210115191040	594
20210115191040	594
20210115191040	594
20210115191040	594
20210115191040	594
20210115191040	594
20210115191040	594
20210115191040	594
20210115191040	594
20210115191040	594
20210115191040	594
20210115191040	594
20210115191040	594
20210115191040	594
20210115191040	594
20210115191040	594
20210115191040	594
20210115191040	594
20210115191040	594
20210115191040	594
20210115191040	594
20210115191040	594
20210115191040	594
20210115191040	594
20210115191040	594
20210115191040	594
20210115191040	594
20210115191040	594
20210115191041	594
20210115191041	594
20210115191041	594
20210115191041	594
20210115191041	594
20210115191041	594
20210115191041	594
20210115191041	594
20210115191041	594
20210115191041	594
20210115191041	594
20210115191041	594
20210115191041	594
20210115191041	594
20210115191041	594
20210115191041	594
20210115191041	594
20210115191041	594
20210115191041	594
20210115191041	594
20210115191041	594
20210115191041	594
20210115191041	594
20210115191041	594
20210115191041	594
20210115191041	594
20210115191041	594
20210115191041	594
20210115191041	594
20210115191041	594
20210115191041	594
20210115191041	594
20210115191041	594
20210115191041	594
20210115191041	594
20210115191042	594
20210115191042	594
20210115191042	594
20210115191042	594
20210115191042	594
20210115191042	594
20210115191042	594
20210115191042	594
20210115191042	594
20210115191042	594
20210115191042	594
20210115191042	594
20210115191042	594
20210115191042	594
20210115191042	594
20210115191042	594
20210115191042	594
20210115191042	594
20210115191042	594
20210115191042	594
20210115191042	594
20210115191042	594
20210115191042	594
20210115191042	594
20210115191042	594
20210115191042	594
20210115191042	594
20210115191042	594
20210115191042	594
20210115191042	594
20210115191042	594
20210115191042	594
20210115191042	594
20210115191042	594
20210115191043	594
20210115191043	594
20210115191043	594
20210115191043	594
20210115191043	594
20210115191043	594
20210115191043	594
20210115191043	594
20210115191043	594
20210115191043	594
20210115191043	594
20210115191043	594
20210115191043	594
20210115191043	594
20210115191043	594
20210115191043	594
20210115191043	594
20210115191043	594
20210115191043	594
20210115191043	594
20210115191043	594
20210115191043	594
20210115191043	594
20210115191043	594
20210115191043	594
20210115191043	594
20210115191043	594
20210115191043	594
20210115191043	594
20210115191043	594
20210115191043	594
20210115191043	594
20210115191043	594
20210115191043	594
20210115191043	594
20210115191043	594
20210115191044	594
20210115191044	594
20210115191044	594
20210115191044	594
20210115191044	594
20210115191044	594
20210115191044	594
20210115191044	594
20210115191044	594
20210115191044	594
20210115191044	594
20210115191044	594
20210115191044	594
20210115191044	594
20210115191044	594
20210115191044	594
20210115191044	594
20210115191044	594
20210115191044	594
20210115191044	594
20210115191044	594
20210115191044	594
20210115191044	594
20210115191044	594
20210115191044	594
20210115191044	594
20210115191044	594
20210115191044	594
20210115191044	594
20210115191044	594
20210115191044	594
20210115191045	594
20210115191045	594
20210115191045	594
20210115191045	594
20210115191045	594
20210115191045	594
20210115191045	594
20210115191045	594
20210115191045	594
