20210115200052	594
20210115200052	594
20210115200052	594
20210115200052	594
20210115200052	594
20210115200052	594
20210115200052	594
20210115200052	594
20210115200052	594
20210115200052	594
20210115200052	594
20210115200052	594
20210115200052	594
20210115200052	594
20210115200052	594
20210115200052	594
20210115200052	594
20210115200052	594
20210115200052	594
20210115200052	594
20210115200052	594
20210115200052	594
20210115200052	594
20210115200052	594
20210115200052	594
20210115200052	594
20210115200053	594
20210115200053	594
20210115200053	594
20210115200053	594
20210115200053	594
20210115200053	594
20210115200053	594
20210115200053	594
20210115200053	594
20210115200053	594
20210115200053	594
20210115200053	594
20210115200053	594
20210115200053	594
20210115200053	594
20210115200053	594
20210115200053	594
20210115200053	594
20210115200053	594
20210115200053	594
20210115200053	594
20210115200053	594
20210115200053	594
20210115200053	594
20210115200053	594
20210115200053	594
20210115200053	594
20210115200053	594
20210115200054	594
20210115200054	594
20210115200054	594
20210115200054	594
20210115200054	594
20210115200054	594
20210115200054	594
20210115200054	594
20210115200054	594
20210115200054	594
20210115200054	594
20210115200054	594
20210115200054	594
20210115200054	594
20210115200054	594
20210115200054	594
20210115200054	594
20210115200054	594
20210115200054	594
20210115200054	594
20210115200054	594
20210115200054	594
20210115200054	594
20210115200054	594
20210115200054	594
20210115200054	594
20210115200054	594
20210115200054	594
20210115200054	594
20210115200054	594
20210115200054	594
20210115200054	594
20210115200054	594
20210115200054	594
20210115200054	594
20210115200054	594
20210115200054	594
20210115200054	594
20210115200054	594
20210115200054	594
20210115200054	594
20210115200054	594
20210115200054	594
20210115200054	594
20210115200054	594
20210115200054	594
20210115200054	594
20210115200054	594
20210115200054	594
20210115200054	594
20210115200054	594
20210115200054	594
20210115200054	594
20210115200054	594
20210115200054	594
20210115200054	594
20210115200054	594
20210115200054	594
20210115200054	594
20210115200054	594
20210115200054	594
20210115200054	594
20210115200054	594
20210115200054	594
20210115200054	594
20210115200054	594
20210115200055	594
20210115200055	594
20210115200055	594
20210115200055	594
20210115200055	594
20210115200055	594
20210115200055	594
20210115200055	594
20210115200055	594
20210115200055	594
20210115200055	594
20210115200055	594
20210115200055	594
20210115200055	594
20210115200055	594
20210115200055	594
20210115200055	594
20210115200055	594
20210115200055	594
20210115200055	594
20210115200055	594
20210115200055	594
20210115200055	594
20210115200055	594
20210115200055	594
20210115200055	594
20210115200055	594
20210115200055	594
20210115200055	594
20210115200055	594
20210115200055	594
20210115200055	594
20210115200055	594
20210115200055	594
20210115200055	594
20210115200055	594
20210115200055	594
20210115200055	594
20210115200055	594
20210115200055	594
20210115200056	594
20210115200056	594
20210115200056	594
20210115200056	594
20210115200056	594
20210115200056	594
20210115200056	594
20210115200056	594
20210115200056	594
20210115200056	594
20210115200056	594
20210115200056	594
20210115200056	594
20210115200056	594
20210115200056	594
20210115200056	594
20210115200056	594
20210115200056	594
20210115200056	594
20210115200056	594
20210115200056	594
20210115200056	594
20210115200056	594
20210115200056	594
20210115200056	594
20210115200056	594
20210115200056	594
20210115200056	594
20210115200056	594
20210115200056	594
20210115200056	594
20210115200056	594
20210115200056	594
20210115200056	594
20210115200056	594
20210115200056	594
20210115200056	594
20210115200056	594
20210115200056	594
20210115200056	594
20210115200056	594
20210115200056	594
20210115200056	594
20210115200056	594
20210115200056	594
20210115200056	594
20210115200057	594
20210115200057	594
20210115200057	594
20210115200057	594
20210115200057	594
20210115200057	594
20210115200057	594
20210115200057	594
20210115200057	594
20210115200057	594
20210115200057	594
20210115200057	594
20210115200057	594
20210115200057	594
20210115200057	594
20210115200057	594
20210115200057	594
20210115200057	594
20210115200057	594
20210115200057	594
20210115200057	594
20210115200058	594
20210115200058	594
20210115200058	594
20210115200058	594
20210115200058	594
20210115200058	594
20210115200058	594
20210115200058	594
20210115200058	594
20210115200058	594
20210115200058	594
20210115200058	594
20210115200058	594
20210115200058	594
20210115200058	594
20210115200058	594
20210115200058	594
20210115200058	594
20210115200058	594
20210115200058	594
20210115200058	594
20210115200058	594
20210115200058	594
20210115200058	594
20210115200058	594
20210115200058	594
20210115200058	594
20210115200058	594
20210115200058	594
20210115200058	594
20210115200058	594
20210115200058	594
20210115200058	594
20210115200058	594
20210115200058	594
20210115200059	594
20210115200059	594
20210115200059	594
20210115200059	594
20210115200059	594
20210115200059	594
20210115200059	594
20210115200059	594
20210115200059	594
20210115200059	594
20210115200059	594
20210115200059	594
20210115200059	594
20210115200059	594
20210115200059	594
20210115200059	594
20210115200059	594
20210115200059	594
20210115200059	594
20210115200059	594
20210115200059	594
20210115200059	594
20210115200059	594
20210115200059	594
20210115200059	594
20210115200059	594
20210115200059	594
20210115200059	594
20210115200059	594
20210115200059	594
20210115200059	594
20210115200059	594
20210115200059	594
20210115200059	594
20210115200059	594
20210115200059	594
20210115200059	594
20210115200059	594
20210115200059	594
20210115200059	594
20210115200059	594
20210115200059	594
20210115200059	594
20210115200059	594
20210115200059	594
20210115200059	594
20210115200059	594
20210115200059	594
20210115200059	594
20210115200059	594
20210115200059	594
20210115200059	594
20210115200059	594
20210115200059	594
20210115200059	594
20210115200059	594
20210115200100	594
20210115200100	594
20210115200100	594
20210115200100	594
20210115200100	594
20210115200100	594
20210115200100	594
20210115200100	594
20210115200100	594
20210115200100	594
20210115200100	594
20210115200100	594
20210115200100	594
20210115200100	594
20210115200100	594
20210115200100	594
20210115200100	594
20210115200100	594
20210115200100	594
20210115200100	594
20210115200100	594
20210115200100	594
20210115200100	594
20210115200100	594
20210115200100	594
20210115200100	594
20210115200100	594
20210115200100	594
20210115200100	594
20210115200100	594
20210115200100	594
20210115200100	594
20210115200100	594
20210115200100	594
20210115200100	594
20210115200100	594
20210115200101	594
20210115200101	594
20210115200101	594
20210115200101	594
20210115200101	594
20210115200101	594
20210115200101	594
20210115200101	594
20210115200101	594
20210115200101	594
20210115200101	594
20210115200101	594
20210115200101	594
20210115200101	594
20210115200101	594
20210115200101	594
20210115200101	594
20210115200101	594
20210115200101	594
20210115200101	594
20210115200101	594
20210115200101	594
20210115200101	594
20210115200101	594
20210115200101	594
20210115200101	594
20210115200101	594
20210115200101	594
20210115200101	594
20210115200101	594
20210115200101	594
20210115200101	594
20210115200101	594
20210115200101	594
20210115200101	594
20210115200101	594
20210115200101	594
20210115200101	594
20210115200102	594
20210115200102	594
20210115200102	594
20210115200102	594
20210115200102	594
20210115200102	594
20210115200102	594
20210115200102	594
20210115200102	594
20210115200102	594
20210115200102	594
20210115200102	594
20210115200102	594
20210115200102	594
20210115200102	594
20210115200102	594
20210115200102	594
20210115200102	594
20210115200102	594
20210115200102	594
20210115200102	594
20210115200102	594
20210115200102	594
20210115200102	594
20210115200102	594
20210115200102	594
20210115200102	594
20210115200102	594
20210115200102	594
20210115200102	594
20210115200102	594
20210115200103	594
20210115200103	594
20210115200103	594
20210115200103	594
20210115200103	594
20210115200103	594
20210115200103	594
20210115200103	594
20210115200103	594
20210115200103	594
20210115200103	594
20210115200103	594
20210115200103	594
20210115200103	594
20210115200103	594
20210115200103	594
20210115200103	594
20210115200103	594
20210115200103	594
20210115200103	594
20210115200103	594
20210115200103	594
20210115200103	594
20210115200103	594
20210115200103	594
20210115200103	594
20210115200103	594
20210115200103	594
20210115200103	594
20210115200103	594
20210115200103	594
20210115200103	594
20210115200103	594
20210115200103	594
20210115200103	594
20210115200103	594
20210115200103	594
20210115200103	594
20210115200103	594
20210115200103	594
20210115200103	594
20210115200103	594
20210115200103	594
20210115200103	594
20210115200103	594
20210115200103	594
20210115200103	594
20210115200103	594
20210115200103	594
20210115200103	594
20210115200103	594
20210115200103	594
20210115200103	594
20210115200103	594
20210115200103	594
20210115200103	594
20210115200103	594
20210115200104	594
20210115200104	594
20210115200104	594
20210115200104	594
20210115200104	594
20210115200104	594
20210115200104	594
20210115200104	594
20210115200104	594
20210115200104	594
20210115200104	594
20210115200104	594
20210115200104	594
20210115200104	594
20210115200104	594
20210115200104	594
20210115200104	594
20210115200104	594
20210115200104	594
20210115200104	594
20210115200104	594
20210115200104	594
20210115200104	594
20210115200104	594
20210115200104	594
20210115200104	594
20210115200104	594
20210115200104	594
20210115200104	594
20210115200104	594
20210115200104	594
20210115200104	594
20210115200104	594
20210115200104	594
20210115200104	594
20210115200104	594
20210115200104	594
20210115200104	594
20210115200104	594
20210115200104	594
20210115200104	594
20210115200104	594
20210115200104	594
20210115200104	594
20210115200104	594
20210115200104	594
20210115200105	594
20210115200105	594
20210115200105	594
20210115200105	594
20210115200105	594
20210115200105	594
20210115200105	594
20210115200105	594
20210115200105	594
20210115200105	594
20210115200105	594
20210115200105	594
20210115200105	594
20210115200105	594
20210115200105	594
20210115200105	594
20210115200105	594
20210115200105	594
20210115200105	594
20210115200105	594
20210115200105	594
20210115200105	594
20210115200105	594
20210115200105	594
20210115200105	594
20210115200105	594
20210115200105	594
20210115200105	594
20210115200105	594
20210115200105	594
20210115200105	594
20210115200105	594
20210115200105	594
20210115200105	594
20210115200105	594
20210115200105	594
20210115200105	594
20210115200105	594
20210115200105	594
20210115200105	594
20210115200105	594
20210115200105	594
20210115200105	594
20210115200105	594
20210115200105	594
20210115200105	594
20210115200105	594
20210115200105	594
20210115200105	594
20210115200106	594
20210115200106	594
20210115200106	594
20210115200106	594
20210115200106	594
20210115200106	594
20210115200106	594
20210115200106	594
20210115200106	594
20210115200106	594
20210115200106	594
20210115200106	594
20210115200106	594
20210115200106	594
20210115200106	594
20210115200106	594
20210115200106	594
20210115200106	594
20210115200106	594
20210115200106	594
20210115200106	594
20210115200106	594
20210115200106	594
20210115200106	594
20210115200106	594
20210115200106	594
20210115200106	594
20210115200107	594
20210115200107	594
20210115200107	594
20210115200107	594
20210115200107	594
20210115200107	594
20210115200107	594
20210115200107	594
20210115200107	594
20210115200107	594
20210115200107	594
20210115200107	594
20210115200107	594
20210115200107	594
20210115200107	594
20210115200107	594
20210115200107	594
20210115200107	594
20210115200107	594
20210115200107	594
20210115200107	594
20210115200107	594
20210115200107	594
20210115200107	594
20210115200107	594
20210115200107	594
20210115200107	594
20210115200107	594
20210115200107	594
20210115200107	594
20210115200107	594
20210115200107	594
20210115200107	594
20210115200107	594
20210115200107	594
20210115200107	594
20210115200108	594
20210115200108	594
20210115200108	594
20210115200108	594
20210115200108	594
20210115200108	594
20210115200108	594
20210115200108	594
20210115200108	594
20210115200108	594
20210115200108	594
20210115200108	594
20210115200108	594
20210115200108	594
20210115200108	594
20210115200108	594
20210115200108	594
20210115200108	594
20210115200109	594
20210115200109	594
20210115200109	594
20210115200109	594
20210115200109	594
20210115200109	594
20210115200109	594
20210115200109	594
20210115200109	594
20210115200109	594
20210115200109	594
20210115200109	594
20210115200109	594
20210115200109	594
20210115200109	594
20210115200109	594
20210115200109	594
20210115200109	594
20210115200109	594
20210115200109	594
20210115200109	594
20210115200109	594
20210115200109	594
20210115200109	594
20210115200109	594
20210115200109	594
20210115200109	594
20210115200109	594
20210115200109	594
20210115200109	594
20210115200109	594
20210115200109	594
20210115200109	594
20210115200109	594
20210115200109	594
20210115200109	594
20210115200109	594
20210115200109	594
20210115200109	594
20210115200109	594
20210115200109	594
20210115200109	594
20210115200109	594
20210115200109	594
20210115200109	594
20210115200109	594
20210115200109	594
20210115200109	594
20210115200109	594
20210115200109	594
20210115200109	594
20210115200110	594
20210115200110	594
20210115200110	594
20210115200110	594
20210115200110	594
20210115200110	594
20210115200110	594
20210115200110	594
20210115200110	594
20210115200110	594
20210115200110	594
20210115200110	594
20210115200110	594
20210115200110	594
20210115200110	594
20210115200110	594
20210115200110	594
20210115200110	594
20210115200110	594
20210115200110	594
20210115200110	594
20210115200110	594
20210115200110	594
20210115200110	594
20210115200110	594
20210115200110	594
20210115200110	594
20210115200110	594
20210115200110	594
20210115200110	594
20210115200110	594
20210115200110	594
20210115200110	594
20210115200110	594
20210115200110	594
20210115200110	594
20210115200110	594
20210115200110	594
20210115200110	594
20210115200110	594
20210115200110	594
20210115200110	594
20210115200110	594
20210115200110	594
20210115200110	594
20210115200111	594
20210115200111	594
20210115200111	594
20210115200111	594
20210115200111	594
20210115200111	594
20210115200111	594
20210115200111	594
20210115200111	594
20210115200111	594
20210115200111	594
20210115200111	594
20210115200111	594
20210115200111	594
20210115200111	594
20210115200111	594
20210115200111	594
20210115200111	594
20210115200111	594
20210115200111	594
20210115200111	594
20210115200111	594
20210115200111	594
20210115200111	594
20210115200111	594
20210115200111	594
20210115200111	594
20210115200111	594
20210115200111	594
20210115200111	594
20210115200112	594
20210115200112	594
20210115200112	594
20210115200112	594
20210115200112	594
20210115200112	594
20210115200112	594
20210115200112	594
20210115200112	594
20210115200112	594
20210115200112	594
20210115200112	594
20210115200112	594
20210115200112	594
20210115200112	594
20210115200112	594
20210115200112	594
20210115200112	594
20210115200112	594
20210115200112	594
20210115200112	594
20210115200112	594
20210115200112	594
20210115200112	594
20210115200112	594
20210115200112	594
20210115200112	594
20210115200112	594
20210115200112	594
20210115200112	594
20210115200112	594
20210115200112	594
20210115200112	594
20210115200112	594
20210115200112	594
20210115200113	594
20210115200113	594
20210115200113	594
20210115200113	594
20210115200113	594
20210115200113	594
20210115200113	594
20210115200113	594
20210115200113	594
20210115200113	594
20210115200113	594
20210115200113	594
20210115200113	594
20210115200113	594
20210115200113	594
20210115200113	594
20210115200113	594
20210115200113	594
20210115200113	594
20210115200113	594
20210115200114	594
20210115200114	594
20210115200114	594
20210115200114	594
20210115200114	594
20210115200114	594
20210115200114	594
20210115200114	594
20210115200114	594
20210115200114	594
20210115200114	594
20210115200114	594
20210115200114	594
20210115200114	594
20210115200114	594
20210115200114	594
20210115200114	594
20210115200114	594
20210115200114	594
20210115200114	594
20210115200114	594
20210115200115	594
20210115200115	594
20210115200115	594
20210115200115	594
20210115200115	594
20210115200115	594
20210115200115	594
20210115200115	594
20210115200115	594
20210115200115	594
20210115200115	594
20210115200115	594
20210115200115	594
20210115200115	594
20210115200115	594
20210115200115	594
20210115200115	594
20210115200115	594
20210115200115	594
20210115200115	594
20210115200115	594
20210115200115	594
20210115200115	594
20210115200115	594
20210115200115	594
20210115200115	594
20210115200115	594
20210115200115	594
20210115200115	594
20210115200115	594
20210115200115	594
20210115200115	594
20210115200115	594
20210115200115	594
20210115200115	594
20210115200115	594
20210115200115	594
20210115200115	594
20210115200115	594
20210115200115	594
20210115200115	594
20210115200115	594
20210115200115	594
20210115200115	594
20210115200115	594
20210115200115	594
20210115200115	594
20210115200115	594
20210115200115	594
20210115200116	594
20210115200116	594
20210115200116	594
20210115200116	594
20210115200116	594
20210115200116	594
20210115200116	594
20210115200116	594
20210115200116	594
20210115200116	594
20210115200116	594
20210115200116	594
20210115200116	594
20210115200116	594
20210115200116	594
20210115200116	594
20210115200116	594
20210115200116	594
20210115200116	594
20210115200116	594
20210115200116	594
20210115200116	594
20210115200116	594
20210115200116	594
20210115200116	594
20210115200116	594
20210115200116	594
20210115200117	594
20210115200117	594
20210115200117	594
20210115200117	594
20210115200117	594
20210115200117	594
20210115200117	594
20210115200117	594
20210115200117	594
20210115200117	594
20210115200117	594
20210115200117	594
20210115200117	594
20210115200117	594
20210115200117	594
20210115200117	594
20210115200117	594
20210115200117	594
20210115200117	594
20210115200117	594
20210115200117	594
20210115200117	594
20210115200117	594
20210115200117	594
20210115200117	594
20210115200117	594
20210115200117	594
20210115200117	594
20210115200118	594
20210115200118	594
20210115200118	594
20210115200118	594
20210115200118	594
20210115200118	594
20210115200118	594
20210115200118	594
20210115200118	594
20210115200118	594
20210115200118	594
20210115200118	594
20210115200118	594
20210115200118	594
20210115200118	594
20210115200118	594
20210115200118	594
20210115200118	594
20210115200118	594
20210115200118	594
20210115200118	594
20210115200118	594
20210115200118	594
20210115200118	594
20210115200118	594
20210115200118	594
20210115200118	594
20210115200118	594
20210115200118	594
20210115200118	594
20210115200118	594
20210115200118	594
20210115200118	594
20210115200118	594
20210115200118	594
20210115200118	594
20210115200118	594
20210115200118	594
20210115200118	594
20210115200118	594
20210115200118	594
20210115200118	594
20210115200118	594
20210115200119	594
20210115200119	594
20210115200119	594
20210115200119	594
20210115200119	594
20210115200119	594
20210115200119	594
20210115200119	594
20210115200119	594
20210115200119	594
20210115200119	594
20210115200119	594
20210115200119	594
20210115200119	594
20210115200119	594
20210115200119	594
20210115200119	594
20210115200119	594
20210115200119	594
20210115200119	594
20210115200119	594
20210115200119	594
20210115200119	594
20210115200119	594
20210115200119	594
20210115200119	594
20210115200119	594
20210115200119	594
20210115200119	594
20210115200119	594
20210115200119	594
20210115200120	594
20210115200120	594
20210115200120	594
20210115200120	594
20210115200120	594
20210115200120	594
20210115200120	594
20210115200120	594
20210115200120	594
20210115200120	594
20210115200120	594
20210115200120	594
20210115200120	594
20210115200120	594
20210115200120	594
20210115200120	594
20210115200120	594
20210115200120	594
20210115200120	594
20210115200120	594
20210115200120	594
20210115200120	594
20210115200120	594
20210115200120	594
20210115200120	594
20210115200120	594
20210115200120	594
20210115200120	594
20210115200120	594
20210115200120	594
20210115200120	594
20210115200120	594
20210115200120	594
20210115200120	594
20210115200120	594
20210115200120	594
20210115200120	594
20210115200120	594
20210115200120	594
20210115200120	594
20210115200120	594
20210115200120	594
20210115200120	594
20210115200120	594
20210115200120	594
20210115200120	594
20210115200120	594
20210115200120	594
20210115200120	594
20210115200120	594
20210115200120	594
20210115200120	594
20210115200120	594
20210115200120	594
20210115200120	594
20210115200120	594
20210115200120	594
20210115200121	594
20210115200121	594
20210115200121	594
20210115200121	594
20210115200121	594
20210115200121	594
20210115200121	594
20210115200121	594
20210115200121	594
20210115200121	594
20210115200121	594
20210115200121	594
20210115200121	594
20210115200121	594
20210115200121	594
20210115200121	594
20210115200121	594
20210115200121	594
20210115200121	594
20210115200121	594
20210115200121	594
20210115200121	594
20210115200121	594
20210115200121	594
20210115200121	594
20210115200121	594
20210115200121	594
20210115200121	594
20210115200121	594
20210115200121	594
20210115200122	594
20210115200122	594
20210115200122	594
20210115200122	594
20210115200122	594
20210115200122	594
20210115200122	594
20210115200122	594
20210115200122	594
20210115200122	594
20210115200122	594
20210115200122	594
20210115200122	594
20210115200122	594
20210115200122	594
20210115200122	594
20210115200122	594
20210115200122	594
20210115200122	594
20210115200122	594
20210115200122	594
20210115200122	594
20210115200122	594
20210115200122	594
20210115200122	594
20210115200122	594
20210115200122	594
20210115200123	594
20210115200123	594
20210115200123	594
20210115200123	594
20210115200123	594
20210115200123	594
20210115200123	594
20210115200123	594
20210115200123	594
20210115200123	594
20210115200123	594
20210115200123	594
20210115200123	594
20210115200123	594
20210115200123	594
20210115200123	594
20210115200123	594
20210115200123	594
20210115200123	594
20210115200123	594
20210115200123	594
20210115200123	594
20210115200123	594
20210115200123	594
20210115200123	594
20210115200123	594
20210115200123	594
20210115200124	594
20210115200124	594
20210115200124	594
20210115200124	594
20210115200124	594
20210115200124	594
20210115200124	594
20210115200124	594
20210115200124	594
20210115200124	594
20210115200124	594
20210115200124	594
20210115200124	594
20210115200124	594
20210115200124	594
20210115200124	594
20210115200124	594
20210115200124	594
20210115200124	594
20210115200124	594
20210115200124	594
20210115200124	594
20210115200124	594
20210115200124	594
20210115200124	594
20210115200124	594
20210115200124	594
20210115200124	594
20210115200124	594
20210115200124	594
20210115200124	594
20210115200124	594
20210115200124	594
20210115200124	594
20210115200124	594
20210115200124	594
20210115200124	594
20210115200124	594
20210115200124	594
20210115200124	594
20210115200124	594
20210115200124	594
20210115200124	594
20210115200124	594
20210115200124	594
20210115200124	594
20210115200124	594
20210115200124	594
20210115200125	594
20210115200125	594
20210115200125	594
20210115200125	594
20210115200125	594
20210115200125	594
20210115200125	594
20210115200125	594
20210115200125	594
20210115200125	594
20210115200125	594
20210115200125	594
20210115200125	594
20210115200125	594
20210115200125	594
20210115200125	594
20210115200125	594
20210115200125	594
20210115200125	594
20210115200125	594
20210115200125	594
20210115200125	594
20210115200125	594
20210115200125	594
20210115200125	594
20210115200125	594
20210115200125	594
20210115200125	594
20210115200125	594
20210115200125	594
20210115200125	594
20210115200125	594
20210115200125	594
20210115200125	594
20210115200125	594
20210115200125	594
20210115200125	594
20210115200125	594
20210115200125	594
20210115200125	594
20210115200125	594
20210115200125	594
20210115200125	594
20210115200125	594
20210115200125	594
20210115200125	594
20210115200125	594
20210115200125	594
20210115200125	594
20210115200126	594
20210115200126	594
20210115200126	594
20210115200126	594
20210115200126	594
20210115200126	594
20210115200126	594
20210115200126	594
20210115200126	594
20210115200126	594
20210115200126	594
20210115200126	594
20210115200126	594
20210115200126	594
20210115200126	594
20210115200126	594
20210115200126	594
20210115200126	594
20210115200126	594
20210115200126	594
20210115200126	594
20210115200126	594
20210115200126	594
20210115200126	594
20210115200126	594
20210115200126	594
20210115200126	594
20210115200126	594
20210115200126	594
20210115200126	594
20210115200126	594
20210115200126	594
20210115200127	594
20210115200127	594
20210115200127	594
20210115200127	594
20210115200127	594
20210115200127	594
20210115200127	594
20210115200127	594
20210115200127	594
20210115200127	594
20210115200127	594
20210115200127	594
20210115200127	594
20210115200127	594
20210115200127	594
20210115200127	594
20210115200127	594
20210115200127	594
20210115200127	594
20210115200127	594
20210115200127	594
20210115200127	594
20210115200127	594
20210115200127	594
20210115200127	594
20210115200127	594
20210115200127	594
20210115200127	594
20210115200127	594
20210115200127	594
20210115200127	594
20210115200127	594
20210115200127	594
20210115200127	594
20210115200127	594
20210115200127	594
20210115200127	594
20210115200127	594
20210115200127	594
20210115200127	594
20210115200127	594
20210115200127	594
20210115200127	594
20210115200127	594
20210115200127	594
20210115200128	594
20210115200128	594
20210115200128	594
20210115200128	594
20210115200128	594
20210115200128	594
20210115200128	594
20210115200128	594
20210115200128	594
20210115200128	594
20210115200128	594
20210115200128	594
20210115200128	594
20210115200128	594
20210115200128	594
20210115200128	594
20210115200128	594
20210115200128	594
20210115200128	594
20210115200128	594
20210115200128	594
20210115200128	594
20210115200128	594
20210115200128	594
20210115200128	594
20210115200129	594
20210115200129	594
20210115200129	594
20210115200129	594
20210115200129	594
20210115200129	594
20210115200129	594
20210115200129	594
20210115200129	594
20210115200129	594
20210115200129	594
20210115200129	594
20210115200129	594
20210115200129	594
20210115200129	594
20210115200129	594
20210115200129	594
20210115200129	594
20210115200129	594
20210115200129	594
20210115200129	594
20210115200129	594
20210115200129	594
20210115200129	594
20210115200129	594
20210115200129	594
20210115200129	594
20210115200129	594
20210115200129	594
20210115200129	594
20210115200129	594
20210115200129	594
20210115200129	594
20210115200129	594
20210115200129	594
20210115200130	594
20210115200130	594
20210115200130	594
20210115200130	594
20210115200130	594
20210115200130	594
20210115200130	594
20210115200130	594
20210115200130	594
20210115200130	594
20210115200130	594
20210115200130	594
20210115200130	594
20210115200130	594
20210115200130	594
20210115200130	594
20210115200130	594
20210115200130	594
20210115200130	594
20210115200130	594
20210115200130	594
20210115200130	594
20210115200130	594
20210115200130	594
20210115200130	594
20210115200130	594
20210115200130	594
20210115200130	594
20210115200130	594
20210115200130	594
20210115200130	594
20210115200130	594
20210115200130	594
20210115200130	594
20210115200130	594
20210115200130	594
20210115200130	594
20210115200130	594
20210115200130	594
20210115200130	594
20210115200130	594
20210115200130	594
20210115200130	594
20210115200131	594
20210115200131	594
20210115200131	594
20210115200131	594
20210115200131	594
20210115200131	594
20210115200131	594
20210115200131	594
20210115200131	594
20210115200131	594
20210115200131	594
20210115200131	594
20210115200131	594
20210115200131	594
20210115200131	594
20210115200131	594
20210115200131	594
20210115200131	594
20210115200131	594
20210115200131	594
20210115200131	594
20210115200131	594
20210115200131	594
20210115200131	594
20210115200131	594
20210115200131	594
20210115200131	594
20210115200131	594
20210115200131	594
20210115200131	594
20210115200131	594
20210115200131	594
20210115200131	594
20210115200131	594
20210115200131	594
20210115200131	594
20210115200131	594
20210115200131	594
20210115200131	594
20210115200131	594
20210115200131	594
20210115200131	594
20210115200131	594
20210115200131	594
20210115200131	594
20210115200131	594
20210115200131	594
20210115200131	594
20210115200131	594
20210115200131	594
20210115200131	594
20210115200131	594
20210115200131	594
20210115200131	594
20210115200131	594
20210115200131	594
20210115200131	594
20210115200131	594
20210115200131	594
20210115200131	594
20210115200131	594
20210115200131	594
20210115200131	594
20210115200132	594
20210115200132	594
20210115200132	594
20210115200132	594
20210115200132	594
20210115200132	594
20210115200132	594
20210115200132	594
20210115200132	594
20210115200132	594
20210115200132	594
20210115200132	594
20210115200132	594
20210115200132	594
20210115200132	594
20210115200132	594
20210115200132	594
20210115200132	594
20210115200132	594
20210115200132	594
20210115200132	594
20210115200132	594
20210115200132	594
20210115200132	594
20210115200133	594
20210115200133	594
20210115200133	594
20210115200133	594
20210115200133	594
20210115200133	594
20210115200133	594
20210115200133	594
20210115200133	594
20210115200133	594
20210115200133	594
20210115200133	594
20210115200133	594
20210115200133	594
20210115200133	594
20210115200133	594
20210115200133	594
20210115200133	594
20210115200133	594
20210115200133	594
20210115200133	594
20210115200133	594
20210115200133	594
20210115200133	594
20210115200133	594
20210115200133	594
20210115200133	594
20210115200133	594
20210115200133	594
20210115200133	594
20210115200133	594
20210115200133	594
20210115200133	594
20210115200133	594
20210115200133	594
20210115200133	594
20210115200133	594
20210115200134	594
20210115200134	594
20210115200134	594
20210115200134	594
20210115200134	594
20210115200134	594
20210115200134	594
20210115200134	594
20210115200134	594
20210115200134	594
20210115200134	594
20210115200134	594
20210115200134	594
20210115200134	594
20210115200134	594
20210115200134	594
20210115200134	594
20210115200134	594
20210115200134	594
20210115200134	594
20210115200134	594
20210115200135	594
20210115200135	594
20210115200135	594
20210115200135	594
20210115200135	594
20210115200135	594
20210115200135	594
20210115200135	594
20210115200135	594
20210115200135	594
20210115200135	594
20210115200135	594
20210115200135	594
20210115200135	594
20210115200135	594
20210115200135	594
20210115200135	594
20210115200135	594
20210115200135	594
20210115200135	594
20210115200136	594
20210115200136	594
20210115200136	594
20210115200136	594
20210115200136	594
20210115200136	594
20210115200136	594
20210115200136	594
20210115200136	594
20210115200136	594
20210115200136	594
20210115200136	594
20210115200136	594
20210115200136	594
20210115200136	594
20210115200136	594
20210115200136	594
20210115200136	594
20210115200136	594
20210115200136	594
20210115200136	594
20210115200136	594
20210115200136	594
20210115200137	594
20210115200137	594
20210115200137	594
20210115200137	594
20210115200137	594
20210115200137	594
20210115200137	594
20210115200137	594
20210115200137	594
20210115200137	594
20210115200137	594
20210115200137	594
20210115200137	594
20210115200137	594
20210115200137	594
20210115200137	594
20210115200137	594
20210115200137	594
20210115200137	594
20210115200137	594
20210115200137	594
20210115200137	594
20210115200137	594
20210115200137	594
20210115200137	594
20210115200137	594
20210115200138	594
20210115200138	594
20210115200138	594
20210115200138	594
20210115200138	594
20210115200138	594
20210115200138	594
20210115200138	594
20210115200138	594
20210115200138	594
20210115200138	594
20210115200138	594
20210115200138	594
20210115200138	594
20210115200138	594
20210115200138	594
20210115200138	594
20210115200138	594
20210115200138	594
20210115200138	594
20210115200138	594
20210115200138	594
20210115200138	594
20210115200139	594
20210115200139	594
20210115200139	594
20210115200139	594
20210115200139	594
20210115200139	594
20210115200139	594
20210115200139	594
20210115200139	594
20210115200139	594
20210115200139	594
20210115200139	594
20210115200139	594
20210115200139	594
20210115200139	594
20210115200139	594
20210115200139	594
20210115200139	594
20210115200139	594
20210115200139	594
20210115200139	594
20210115200139	594
20210115200139	594
20210115200139	594
20210115200139	594
20210115200139	594
20210115200139	594
20210115200139	594
20210115200139	594
20210115200139	594
20210115200139	594
20210115200139	594
20210115200139	594
20210115200139	594
20210115200139	594
20210115200139	594
20210115200139	594
20210115200139	594
20210115200139	594
20210115200139	594
20210115200139	594
20210115200139	594
20210115200139	594
20210115200139	594
20210115200139	594
20210115200139	594
20210115200139	594
20210115200139	594
20210115200139	594
20210115200139	594
20210115200140	594
20210115200140	594
20210115200140	594
20210115200140	594
20210115200140	594
20210115200140	594
20210115200140	594
20210115200140	594
20210115200140	594
20210115200140	594
20210115200140	594
20210115200140	594
20210115200140	594
20210115200140	594
20210115200140	594
20210115200140	594
20210115200140	594
20210115200140	594
20210115200140	594
20210115200140	594
20210115200140	594
20210115200140	594
20210115200140	594
20210115200140	594
20210115200140	594
20210115200140	594
20210115200140	594
20210115200140	594
20210115200140	594
20210115200140	594
20210115200140	594
20210115200140	594
20210115200140	594
20210115200141	594
20210115200141	594
20210115200141	594
20210115200141	594
20210115200141	594
20210115200141	594
20210115200141	594
20210115200141	594
20210115200141	594
20210115200141	594
20210115200141	594
20210115200141	594
20210115200141	594
20210115200141	594
20210115200141	594
20210115200141	594
20210115200141	594
20210115200141	594
20210115200141	594
20210115200141	594
20210115200141	594
20210115200141	594
20210115200141	594
20210115200141	594
20210115200141	594
20210115200141	594
20210115200141	594
20210115200141	594
20210115200141	594
20210115200141	594
20210115200141	594
20210115200141	594
20210115200141	594
20210115200142	594
20210115200142	594
20210115200142	594
20210115200142	594
20210115200142	594
20210115200142	594
20210115200142	594
20210115200142	594
20210115200142	594
20210115200142	594
20210115200142	594
20210115200142	594
20210115200142	594
20210115200142	594
20210115200142	594
20210115200142	594
20210115200142	594
20210115200142	594
20210115200142	594
20210115200142	594
20210115200142	594
20210115200142	594
20210115200142	594
20210115200142	594
20210115200142	594
20210115200142	594
20210115200142	594
20210115200142	594
20210115200142	594
20210115200142	594
20210115200142	594
20210115200142	594
20210115200142	594
20210115200142	594
20210115200142	594
20210115200142	594
20210115200142	594
20210115200142	594
20210115200142	594
20210115200142	594
20210115200142	594
20210115200142	594
20210115200142	594
20210115200142	594
20210115200143	594
20210115200143	594
20210115200143	594
20210115200143	594
20210115200143	594
20210115200143	594
20210115200143	594
20210115200143	594
20210115200143	594
20210115200143	594
20210115200143	594
20210115200143	594
20210115200143	594
20210115200143	594
20210115200143	594
20210115200143	594
20210115200143	594
20210115200143	594
20210115200143	594
20210115200143	594
20210115200143	594
20210115200143	594
20210115200143	594
20210115200143	594
20210115200143	594
20210115200143	594
20210115200143	594
20210115200143	594
20210115200143	594
20210115200143	594
20210115200143	594
20210115200143	594
20210115200143	594
20210115200143	594
20210115200143	594
20210115200143	594
20210115200143	594
20210115200143	594
20210115200143	594
20210115200143	594
20210115200143	594
20210115200143	594
20210115200143	594
20210115200143	594
20210115200143	594
20210115200143	594
20210115200143	594
20210115200143	594
20210115200143	594
20210115200143	594
20210115200143	594
20210115200143	594
20210115200143	594
20210115200143	594
20210115200143	594
20210115200143	594
20210115200143	594
20210115200143	594
20210115200143	594
20210115200143	594
20210115200144	594
20210115200144	594
20210115200144	594
20210115200144	594
20210115200144	594
20210115200144	594
20210115200144	594
20210115200144	594
20210115200144	594
20210115200144	594
20210115200144	594
20210115200144	594
20210115200144	594
20210115200144	594
20210115200144	594
20210115200144	594
20210115200144	594
20210115200144	594
20210115200144	594
20210115200144	594
20210115200144	594
20210115200144	594
20210115200144	594
20210115200144	594
20210115200145	594
20210115200145	594
20210115200145	594
20210115200145	594
20210115200145	594
20210115200145	594
20210115200145	594
20210115200145	594
20210115200145	594
20210115200145	594
20210115200145	594
20210115200145	594
20210115200145	594
20210115200145	594
20210115200145	594
20210115200145	594
20210115200145	594
20210115200145	594
20210115200145	594
20210115200145	594
20210115200145	594
20210115200145	594
20210115200145	594
20210115200145	594
20210115200145	594
20210115200145	594
20210115200145	594
20210115200145	594
20210115200145	594
20210115200145	594
20210115200145	594
20210115200145	594
20210115200145	594
20210115200145	594
20210115200145	594
20210115200145	594
20210115200145	594
20210115200145	594
20210115200145	594
20210115200145	594
20210115200145	594
20210115200146	594
20210115200146	594
20210115200146	594
20210115200146	594
20210115200146	594
20210115200146	594
20210115200146	594
20210115200146	594
20210115200146	594
20210115200146	594
20210115200146	594
20210115200146	594
20210115200146	594
20210115200146	594
20210115200146	594
20210115200146	594
20210115200146	594
20210115200146	594
20210115200146	594
20210115200146	594
20210115200146	594
20210115200146	594
20210115200146	594
20210115200146	594
20210115200146	594
20210115200146	594
20210115200146	594
20210115200146	594
20210115200146	594
20210115200146	594
20210115200147	594
20210115200147	594
20210115200147	594
20210115200147	594
20210115200147	594
20210115200147	594
20210115200147	594
20210115200147	594
20210115200147	594
20210115200147	594
20210115200147	594
20210115200147	594
20210115200147	594
20210115200147	594
20210115200147	594
20210115200147	594
20210115200147	594
20210115200147	594
20210115200147	594
20210115200147	594
20210115200147	594
20210115200147	594
20210115200147	594
20210115200147	594
20210115200147	594
20210115200147	594
20210115200147	594
20210115200147	594
20210115200147	594
20210115200147	594
20210115200148	594
20210115200148	594
20210115200148	594
20210115200148	594
20210115200148	594
20210115200148	594
20210115200148	594
20210115200148	594
20210115200148	594
20210115200148	594
20210115200148	594
20210115200148	594
20210115200148	594
20210115200148	594
20210115200148	594
20210115200148	594
20210115200148	594
20210115200148	594
20210115200148	594
20210115200148	594
20210115200149	594
20210115200149	594
20210115200149	594
20210115200149	594
20210115200149	594
20210115200149	594
20210115200149	594
20210115200149	594
20210115200149	594
20210115200149	594
20210115200149	594
20210115200149	594
20210115200149	594
20210115200149	594
20210115200149	594
20210115200149	594
20210115200149	594
20210115200149	594
20210115200149	594
20210115200149	594
20210115200149	594
20210115200149	594
20210115200149	594
20210115200149	594
20210115200149	594
20210115200149	594
20210115200149	594
20210115200150	594
20210115200150	594
20210115200150	594
20210115200150	594
20210115200150	594
20210115200150	594
20210115200150	594
20210115200150	594
20210115200150	594
20210115200150	594
20210115200150	594
20210115200150	594
20210115200150	594
20210115200150	594
20210115200150	594
20210115200150	594
20210115200150	594
20210115200150	594
20210115200150	594
20210115200150	594
20210115200150	594
20210115200150	594
20210115200150	594
20210115200150	594
20210115200150	594
20210115200150	594
20210115200150	594
20210115200150	594
20210115200150	594
20210115200150	594
20210115200150	594
20210115200150	594
20210115200150	594
20210115200150	594
20210115200150	594
20210115200150	594
20210115200150	594
20210115200150	594
20210115200150	594
20210115200151	594
20210115200151	594
20210115200151	594
20210115200151	594
20210115200151	594
20210115200151	594
20210115200151	594
20210115200151	594
20210115200151	594
20210115200151	594
20210115200151	594
20210115200151	594
20210115200151	594
20210115200151	594
20210115200151	594
20210115200151	594
20210115200151	594
20210115200151	594
20210115200151	594
20210115200151	594
20210115200151	594
20210115200151	594
20210115200151	594
20210115200151	594
20210115200151	594
20210115200151	594
20210115200151	594
20210115200151	594
20210115200151	594
20210115200151	594
20210115200151	594
20210115200151	594
20210115200151	594
20210115200151	594
20210115200151	594
20210115200151	594
20210115200151	594
20210115200151	594
20210115200151	594
20210115200151	594
20210115200151	594
20210115200151	594
20210115200151	594
20210115200151	594
20210115200151	594
20210115200151	594
20210115200151	594
20210115200151	594
20210115200151	594
20210115200151	594
20210115200151	594
20210115200151	594
20210115200152	594
20210115200152	594
20210115200152	594
20210115200152	594
20210115200152	594
20210115200152	594
20210115200152	594
20210115200152	594
20210115200152	594
20210115200152	594
20210115200152	594
20210115200152	594
20210115200152	594
20210115200152	594
20210115200152	594
20210115200152	594
20210115200152	594
20210115200152	594
20210115200152	594
20210115200152	594
20210115200152	594
20210115200152	594
20210115200152	594
20210115200152	594
20210115200152	594
20210115200152	594
20210115200152	594
20210115200152	594
20210115200152	594
20210115200152	594
20210115200152	594
20210115200152	594
20210115200152	594
20210115200152	594
20210115200152	594
20210115200153	594
20210115200153	594
20210115200153	594
20210115200153	594
20210115200153	594
20210115200153	594
20210115200153	594
20210115200153	594
20210115200153	594
20210115200153	594
20210115200153	594
20210115200153	594
20210115200153	594
20210115200153	594
20210115200153	594
20210115200153	594
20210115200153	594
20210115200153	594
20210115200153	594
20210115200153	594
20210115200153	594
20210115200153	594
20210115200153	594
20210115200153	594
20210115200153	594
20210115200154	594
20210115200154	594
20210115200154	594
20210115200154	594
20210115200154	594
20210115200154	594
20210115200154	594
20210115200154	594
20210115200154	594
20210115200154	594
20210115200154	594
20210115200154	594
20210115200154	594
20210115200154	594
20210115200154	594
20210115200154	594
20210115200154	594
20210115200154	594
20210115200154	594
20210115200154	594
20210115200154	594
20210115200154	594
20210115200154	594
20210115200154	594
20210115200154	594
20210115200154	594
20210115200154	594
20210115200155	594
20210115200155	594
20210115200155	594
20210115200155	594
20210115200155	594
20210115200155	594
20210115200155	594
20210115200155	594
20210115200155	594
20210115200155	594
20210115200155	594
20210115200155	594
20210115200155	594
20210115200155	594
20210115200155	594
20210115200155	594
20210115200155	594
20210115200155	594
20210115200155	594
20210115200155	594
20210115200155	594
20210115200155	594
20210115200155	594
20210115200155	594
20210115200155	594
20210115200155	594
20210115200155	594
20210115200155	594
20210115200155	594
20210115200155	594
20210115200155	594
20210115200155	594
20210115200155	594
20210115200155	594
20210115200155	594
20210115200156	594
20210115200156	594
20210115200156	594
20210115200156	594
20210115200156	594
20210115200156	594
20210115200156	594
20210115200156	594
20210115200156	594
20210115200156	594
20210115200156	594
20210115200156	594
20210115200156	594
20210115200156	594
20210115200156	594
20210115200156	594
20210115200157	594
20210115200157	594
20210115200157	594
20210115200157	594
20210115200157	594
20210115200157	594
20210115200157	594
20210115200157	594
20210115200157	594
20210115200157	594
20210115200157	594
20210115200157	594
20210115200157	594
20210115200157	594
20210115200157	594
20210115200157	594
20210115200157	594
20210115200157	594
20210115200157	594
20210115200157	594
20210115200157	594
20210115200157	594
20210115200157	594
20210115200157	594
20210115200157	594
20210115200157	594
20210115200157	594
20210115200157	594
20210115200157	594
20210115200157	594
20210115200157	594
20210115200157	594
20210115200157	594
20210115200157	594
20210115200157	594
20210115200157	594
20210115200158	594
20210115200158	594
20210115200158	594
20210115200158	594
20210115200158	594
20210115200158	594
20210115200158	594
20210115200158	594
20210115200158	594
20210115200158	594
20210115200158	594
20210115200158	594
20210115200158	594
20210115200158	594
20210115200158	594
20210115200158	594
20210115200158	594
20210115200158	594
20210115200158	594
20210115200158	594
20210115200158	594
20210115200158	594
20210115200158	594
20210115200158	594
20210115200158	594
20210115200158	594
20210115200159	594
20210115200159	594
20210115200159	594
20210115200159	594
20210115200159	594
20210115200159	594
20210115200159	594
20210115200159	594
20210115200159	594
20210115200159	594
20210115200159	594
20210115200159	594
20210115200159	594
20210115200159	594
20210115200159	594
20210115200159	594
20210115200159	594
20210115200159	594
20210115200159	594
20210115200159	594
20210115200159	594
20210115200159	594
20210115200159	594
20210115200159	594
20210115200159	594
20210115200159	594
20210115200159	594
20210115200159	594
20210115200159	594
20210115200159	594
20210115200159	594
20210115200159	594
20210115200159	594
20210115200159	594
20210115200159	594
20210115200159	594
20210115200159	594
20210115200159	594
20210115200159	594
20210115200159	594
20210115200159	594
20210115200200	594
20210115200200	594
20210115200200	594
20210115200200	594
20210115200200	594
20210115200200	594
20210115200200	594
20210115200200	594
20210115200200	594
20210115200200	594
20210115200200	594
20210115200200	594
20210115200200	594
20210115200200	594
20210115200200	594
20210115200200	594
20210115200200	594
20210115200200	594
20210115200200	594
20210115200200	594
20210115200200	594
20210115200200	594
20210115200200	594
20210115200200	594
20210115200200	594
20210115200201	594
20210115200201	594
20210115200201	594
20210115200201	594
20210115200201	594
20210115200201	594
20210115200201	594
20210115200201	594
20210115200201	594
20210115200201	594
20210115200201	594
20210115200201	594
20210115200201	594
20210115200201	594
20210115200201	594
20210115200201	594
20210115200201	594
20210115200201	594
20210115200201	594
20210115200201	594
20210115200201	594
20210115200201	594
20210115200201	594
20210115200201	594
20210115200201	594
20210115200201	594
20210115200201	594
20210115200201	594
20210115200201	594
20210115200201	594
20210115200201	594
20210115200201	594
20210115200201	594
20210115200201	594
20210115200201	594
20210115200201	594
20210115200201	594
20210115200201	594
20210115200201	594
20210115200201	594
20210115200201	594
20210115200201	594
20210115200201	594
20210115200201	594
20210115200201	594
20210115200201	594
20210115200201	594
20210115200201	594
20210115200201	594
20210115200201	594
20210115200201	594
20210115200201	594
20210115200201	594
20210115200201	594
20210115200202	594
20210115200202	594
20210115200202	594
20210115200202	594
20210115200202	594
20210115200202	594
20210115200202	594
20210115200202	594
20210115200202	594
20210115200202	594
20210115200202	594
20210115200202	594
20210115200202	594
20210115200202	594
20210115200202	594
20210115200202	594
20210115200202	594
20210115200202	594
20210115200202	594
20210115200202	594
20210115200202	594
20210115200203	594
20210115200203	594
20210115200203	594
20210115200203	594
20210115200203	594
20210115200203	594
20210115200203	594
20210115200203	594
20210115200203	594
20210115200203	594
20210115200203	594
20210115200203	594
20210115200203	594
20210115200203	594
20210115200203	594
20210115200203	594
20210115200203	594
20210115200203	594
20210115200203	594
20210115200203	594
20210115200203	594
20210115200203	594
20210115200203	594
20210115200203	594
20210115200203	594
20210115200203	594
20210115200203	594
20210115200203	594
20210115200203	594
20210115200203	594
20210115200203	594
20210115200203	594
20210115200203	594
20210115200203	594
20210115200203	594
20210115200203	594
20210115200204	594
20210115200204	594
20210115200204	594
20210115200204	594
20210115200204	594
20210115200204	594
20210115200204	594
20210115200204	594
20210115200204	594
20210115200204	594
20210115200204	594
20210115200204	594
20210115200204	594
20210115200204	594
20210115200204	594
20210115200204	594
20210115200204	594
20210115200204	594
20210115200204	594
20210115200204	594
20210115200204	594
20210115200204	594
20210115200204	594
20210115200204	594
20210115200204	594
20210115200204	594
20210115200204	594
20210115200204	594
20210115200204	594
20210115200204	594
20210115200204	594
20210115200204	594
20210115200204	594
20210115200204	594
20210115200204	594
20210115200204	594
20210115200204	594
20210115200204	594
20210115200204	594
20210115200204	594
20210115200204	594
20210115200204	594
20210115200204	594
20210115200204	594
20210115200204	594
20210115200204	594
20210115200205	594
20210115200205	594
20210115200205	594
20210115200205	594
20210115200205	594
20210115200205	594
20210115200205	594
20210115200205	594
20210115200205	594
20210115200205	594
20210115200205	594
20210115200205	594
20210115200205	594
20210115200205	594
20210115200205	594
20210115200205	594
20210115200205	594
20210115200205	594
20210115200205	594
20210115200205	594
20210115200205	594
20210115200205	594
20210115200205	594
20210115200205	594
20210115200205	594
20210115200205	594
20210115200205	594
20210115200205	594
20210115200205	594
20210115200205	594
20210115200205	594
20210115200205	594
20210115200205	594
20210115200205	594
20210115200206	594
20210115200206	594
20210115200206	594
20210115200206	594
20210115200206	594
20210115200206	594
20210115200206	594
20210115200206	594
20210115200206	594
20210115200206	594
20210115200206	594
20210115200206	594
20210115200206	594
20210115200206	594
20210115200206	594
20210115200206	594
20210115200206	594
20210115200206	594
20210115200206	594
20210115200206	594
20210115200206	594
20210115200206	594
20210115200206	594
20210115200206	594
20210115200206	594
20210115200206	594
20210115200206	594
20210115200206	594
20210115200206	594
20210115200206	594
20210115200206	594
20210115200206	594
20210115200207	594
20210115200207	594
20210115200207	594
20210115200207	594
20210115200207	594
20210115200207	594
20210115200207	594
20210115200207	594
20210115200207	594
20210115200207	594
20210115200207	594
20210115200207	594
20210115200207	594
20210115200207	594
20210115200207	594
20210115200207	594
20210115200207	594
20210115200207	594
20210115200207	594
20210115200207	594
20210115200207	594
20210115200207	594
20210115200207	594
20210115200207	594
20210115200207	594
20210115200207	594
20210115200207	594
20210115200207	594
20210115200207	594
20210115200207	594
20210115200207	594
20210115200207	594
20210115200207	594
20210115200207	594
20210115200207	594
20210115200208	594
20210115200208	594
20210115200208	594
20210115200208	594
20210115200208	594
20210115200208	594
20210115200208	594
20210115200208	594
20210115200208	594
20210115200208	594
20210115200208	594
20210115200208	594
20210115200208	594
20210115200208	594
20210115200208	594
20210115200208	594
20210115200208	594
20210115200208	594
20210115200208	594
20210115200208	594
20210115200208	594
20210115200208	594
20210115200208	594
20210115200208	594
20210115200208	594
20210115200208	594
20210115200209	594
20210115200209	594
20210115200209	594
20210115200209	594
20210115200209	594
20210115200209	594
20210115200209	594
20210115200209	594
20210115200209	594
20210115200209	594
20210115200209	594
20210115200209	594
20210115200209	594
20210115200209	594
20210115200209	594
20210115200209	594
20210115200209	594
20210115200209	594
20210115200209	594
20210115200209	594
20210115200209	594
20210115200209	594
20210115200209	594
20210115200209	594
20210115200209	594
20210115200209	594
20210115200209	594
20210115200209	594
20210115200209	594
20210115200209	594
20210115200209	594
20210115200209	594
20210115200209	594
20210115200209	594
20210115200210	594
20210115200210	594
20210115200210	594
20210115200210	594
20210115200210	594
20210115200210	594
20210115200210	594
20210115200210	594
20210115200210	594
20210115200210	594
20210115200210	594
20210115200210	594
20210115200210	594
20210115200210	594
20210115200210	594
20210115200210	594
20210115200210	594
20210115200210	594
20210115200210	594
20210115200211	594
20210115200211	594
20210115200211	594
20210115200211	594
20210115200211	594
20210115200211	594
20210115200211	594
20210115200211	594
20210115200211	594
20210115200211	594
20210115200211	594
20210115200211	594
20210115200211	594
20210115200211	594
20210115200211	594
20210115200211	594
20210115200211	594
20210115200211	594
20210115200211	594
20210115200211	594
20210115200211	594
20210115200211	594
20210115200211	594
20210115200211	594
20210115200211	594
20210115200211	594
20210115200211	594
20210115200211	594
20210115200211	594
20210115200211	594
20210115200211	594
20210115200211	594
20210115200211	594
20210115200211	594
20210115200211	594
20210115200211	594
20210115200211	594
20210115200211	594
20210115200211	594
20210115200211	594
20210115200211	594
20210115200211	594
20210115200212	594
20210115200212	594
20210115200212	594
20210115200212	594
20210115200212	594
20210115200212	594
20210115200212	594
20210115200212	594
20210115200212	594
20210115200212	594
20210115200212	594
20210115200212	594
20210115200212	594
20210115200212	594
20210115200212	594
20210115200212	594
20210115200212	594
20210115200212	594
20210115200212	594
20210115200212	594
20210115200212	594
20210115200212	594
20210115200212	594
20210115200212	594
20210115200212	594
20210115200212	594
20210115200212	594
20210115200212	594
20210115200212	594
20210115200212	594
20210115200212	594
20210115200212	594
20210115200212	594
20210115200212	594
20210115200212	594
20210115200212	594
20210115200212	594
20210115200212	594
20210115200212	594
20210115200212	594
20210115200212	594
20210115200212	594
20210115200212	594
20210115200212	594
20210115200212	594
20210115200212	594
20210115200212	594
20210115200212	594
20210115200212	594
20210115200212	594
20210115200212	594
20210115200212	594
20210115200212	594
20210115200212	594
20210115200212	594
20210115200212	594
20210115200212	594
20210115200213	594
20210115200213	594
20210115200213	594
20210115200213	594
20210115200213	594
20210115200213	594
20210115200213	594
20210115200213	594
20210115200213	594
20210115200213	594
20210115200213	594
20210115200213	594
20210115200213	594
20210115200213	594
20210115200213	594
20210115200213	594
20210115200213	594
20210115200213	594
20210115200213	594
20210115200213	594
20210115200213	594
20210115200213	594
20210115200213	594
20210115200213	594
20210115200213	594
20210115200213	594
20210115200213	594
20210115200213	594
20210115200213	594
20210115200213	594
20210115200213	594
20210115200213	594
20210115200213	594
20210115200213	594
20210115200213	594
20210115200213	594
20210115200213	594
20210115200213	594
20210115200213	594
20210115200213	594
20210115200213	594
20210115200213	594
20210115200213	594
20210115200213	594
20210115200213	594
20210115200213	594
20210115200213	594
20210115200213	594
20210115200213	594
20210115200213	594
20210115200213	594
20210115200213	594
20210115200213	594
20210115200213	594
20210115200213	594
20210115200213	594
20210115200213	594
20210115200213	594
20210115200213	594
20210115200213	594
20210115200213	594
20210115200214	594
20210115200214	594
20210115200214	594
20210115200214	594
20210115200214	594
20210115200214	594
20210115200214	594
20210115200214	594
20210115200214	594
20210115200214	594
20210115200214	594
20210115200214	594
20210115200214	594
20210115200214	594
20210115200214	594
20210115200214	594
20210115200214	594
20210115200214	594
20210115200214	594
20210115200214	594
20210115200214	594
20210115200214	594
20210115200214	594
20210115200214	594
20210115200214	594
20210115200214	594
20210115200214	594
20210115200214	594
20210115200214	594
20210115200214	594
20210115200214	594
20210115200214	594
20210115200214	594
20210115200214	594
20210115200214	594
20210115200214	594
20210115200214	594
20210115200214	594
20210115200214	594
20210115200214	594
20210115200214	594
20210115200214	594
20210115200214	594
20210115200214	594
20210115200214	594
20210115200214	594
20210115200214	594
20210115200214	594
20210115200215	594
20210115200215	594
20210115200215	594
20210115200215	594
20210115200215	594
20210115200215	594
20210115200215	594
20210115200215	594
20210115200215	594
20210115200215	594
20210115200215	594
20210115200215	594
20210115200215	594
20210115200215	594
20210115200215	594
20210115200215	594
20210115200215	594
20210115200215	594
20210115200215	594
20210115200215	594
20210115200215	594
20210115200215	594
20210115200215	594
20210115200215	594
20210115200215	594
20210115200215	594
20210115200215	594
20210115200215	594
20210115200215	594
20210115200215	594
20210115200215	594
20210115200215	594
20210115200215	594
20210115200215	594
20210115200215	594
20210115200215	594
20210115200215	594
20210115200215	594
20210115200215	594
20210115200215	594
20210115200215	594
20210115200215	594
20210115200215	594
20210115200215	594
20210115200215	594
20210115200215	594
20210115200215	594
20210115200215	594
20210115200215	594
20210115200215	594
20210115200215	594
20210115200215	594
20210115200215	594
20210115200215	594
20210115200215	594
20210115200215	594
20210115200215	594
20210115200215	594
20210115200215	594
20210115200215	594
20210115200215	594
20210115200215	594
20210115200215	594
20210115200216	594
20210115200216	594
20210115200216	594
20210115200216	594
20210115200216	594
20210115200216	594
20210115200216	594
20210115200216	594
20210115200216	594
20210115200216	594
20210115200216	594
20210115200216	594
20210115200216	594
20210115200216	594
20210115200216	594
20210115200216	594
20210115200216	594
20210115200216	594
20210115200216	594
20210115200216	594
20210115200216	594
20210115200216	594
20210115200216	594
20210115200216	594
20210115200216	594
20210115200216	594
20210115200216	594
20210115200216	594
20210115200216	594
20210115200216	594
20210115200216	594
20210115200216	594
20210115200216	594
20210115200216	594
20210115200217	594
20210115200217	594
20210115200217	594
20210115200217	594
20210115200217	594
20210115200217	594
20210115200217	594
20210115200217	594
20210115200217	594
20210115200217	594
20210115200217	594
20210115200217	594
20210115200217	594
20210115200217	594
20210115200217	594
20210115200217	594
20210115200217	594
20210115200217	594
20210115200217	594
20210115200217	594
20210115200217	594
20210115200217	594
20210115200217	594
20210115200217	594
20210115200217	594
20210115200217	594
20210115200217	594
20210115200217	594
20210115200217	594
20210115200217	594
20210115200217	594
20210115200217	594
20210115200217	594
20210115200217	594
20210115200217	594
20210115200217	594
20210115200217	594
20210115200217	594
20210115200217	594
20210115200217	594
20210115200217	594
20210115200217	594
20210115200217	594
20210115200217	594
20210115200217	594
20210115200217	594
20210115200217	594
20210115200217	594
20210115200217	594
20210115200217	594
20210115200217	594
20210115200217	594
20210115200217	594
20210115200218	594
20210115200218	594
20210115200218	594
20210115200218	594
20210115200218	594
20210115200218	594
20210115200218	594
20210115200218	594
20210115200218	594
20210115200218	594
20210115200218	594
20210115200218	594
20210115200218	594
20210115200218	594
20210115200218	594
20210115200218	594
20210115200218	594
20210115200218	594
20210115200218	594
20210115200218	594
20210115200218	594
20210115200218	594
20210115200218	594
20210115200218	594
20210115200218	594
20210115200218	594
20210115200218	594
20210115200218	594
20210115200218	594
20210115200218	594
20210115200218	594
20210115200218	594
20210115200218	594
20210115200218	594
20210115200218	594
20210115200218	594
20210115200218	594
20210115200218	594
20210115200218	594
20210115200218	594
20210115200218	594
20210115200218	594
20210115200218	594
20210115200218	594
20210115200218	594
20210115200218	594
20210115200218	594
20210115200218	594
20210115200218	594
20210115200218	594
20210115200218	594
20210115200218	594
20210115200218	594
20210115200218	594
20210115200218	594
20210115200218	594
20210115200218	594
20210115200218	594
20210115200218	594
20210115200218	594
20210115200218	594
20210115200218	594
20210115200218	594
20210115200218	594
20210115200218	594
20210115200218	594
20210115200219	594
20210115200219	594
20210115200219	594
20210115200219	594
20210115200219	594
20210115200219	594
20210115200219	594
20210115200219	594
20210115200219	594
20210115200219	594
20210115200219	594
20210115200219	594
20210115200219	594
20210115200219	594
20210115200219	594
20210115200219	594
20210115200219	594
20210115200219	594
20210115200219	594
20210115200219	594
20210115200219	594
20210115200219	594
20210115200219	594
20210115200219	594
20210115200219	594
20210115200219	594
20210115200219	594
20210115200219	594
20210115200219	594
20210115200219	594
20210115200219	594
20210115200219	594
20210115200219	594
20210115200219	594
20210115200219	594
20210115200219	594
20210115200219	594
20210115200219	594
20210115200219	594
20210115200219	594
20210115200219	594
20210115200219	594
20210115200219	594
20210115200219	594
20210115200219	594
20210115200219	594
20210115200219	594
20210115200219	594
20210115200219	594
20210115200219	594
20210115200219	594
20210115200219	594
20210115200219	594
20210115200219	594
20210115200219	594
20210115200220	594
20210115200220	594
20210115200220	594
20210115200220	594
20210115200220	594
20210115200220	594
20210115200220	594
20210115200220	594
20210115200220	594
20210115200220	594
20210115200220	594
20210115200220	594
20210115200220	594
20210115200220	594
20210115200220	594
20210115200220	594
20210115200220	594
20210115200220	594
20210115200220	594
20210115200220	594
20210115200220	594
20210115200220	594
20210115200220	594
20210115200220	594
20210115200220	594
20210115200220	594
20210115200220	594
20210115200220	594
20210115200220	594
20210115200220	594
20210115200220	594
20210115200220	594
20210115200220	594
20210115200220	594
20210115200220	594
20210115200221	594
20210115200221	594
20210115200221	594
20210115200221	594
20210115200221	594
20210115200221	594
20210115200221	594
20210115200221	594
20210115200221	594
20210115200221	594
20210115200221	594
20210115200221	594
20210115200221	594
20210115200221	594
20210115200221	594
20210115200221	594
20210115200221	594
20210115200221	594
20210115200221	594
20210115200221	594
20210115200221	594
20210115200221	594
20210115200221	594
20210115200221	594
20210115200221	594
20210115200221	594
20210115200221	594
20210115200221	594
20210115200221	594
20210115200221	594
20210115200221	594
20210115200221	594
20210115200221	594
20210115200221	594
20210115200221	594
20210115200221	594
20210115200221	594
20210115200222	594
20210115200222	594
20210115200222	594
20210115200222	594
20210115200222	594
20210115200222	594
20210115200222	594
20210115200222	594
20210115200222	594
20210115200222	594
20210115200222	594
20210115200222	594
20210115200222	594
20210115200222	594
20210115200222	594
20210115200222	594
20210115200222	594
20210115200222	594
20210115200222	594
20210115200222	594
20210115200222	594
20210115200222	594
20210115200222	594
20210115200222	594
20210115200222	594
20210115200222	594
20210115200222	594
20210115200222	594
20210115200222	594
20210115200222	594
20210115200222	594
20210115200222	594
20210115200222	594
20210115200222	594
20210115200222	594
20210115200222	594
20210115200222	594
20210115200222	594
20210115200222	594
20210115200222	594
20210115200222	594
20210115200222	594
20210115200222	594
20210115200222	594
20210115200223	594
20210115200223	594
20210115200223	594
20210115200223	594
20210115200223	594
20210115200223	594
20210115200223	594
20210115200223	594
20210115200223	594
20210115200223	594
20210115200223	594
20210115200223	594
20210115200223	594
20210115200223	594
20210115200223	594
20210115200223	594
20210115200223	594
20210115200223	594
20210115200223	594
20210115200223	594
20210115200223	594
20210115200223	594
20210115200223	594
20210115200223	594
20210115200223	594
20210115200223	594
20210115200223	594
20210115200223	594
20210115200223	594
20210115200223	594
20210115200223	594
20210115200223	594
20210115200223	594
20210115200223	594
20210115200223	594
20210115200223	594
20210115200223	594
20210115200223	594
20210115200223	594
20210115200223	594
20210115200223	594
20210115200223	594
20210115200223	594
20210115200223	594
20210115200223	594
20210115200223	594
20210115200223	594
20210115200223	594
20210115200223	594
20210115200223	594
20210115200223	594
20210115200223	594
20210115200224	594
20210115200224	594
20210115200224	594
20210115200224	594
20210115200224	594
20210115200224	594
20210115200224	594
20210115200224	594
20210115200224	594
20210115200224	594
20210115200224	594
20210115200224	594
20210115200224	594
20210115200224	594
20210115200224	594
20210115200224	594
20210115200224	594
20210115200224	594
20210115200224	594
20210115200224	594
20210115200224	594
20210115200224	594
20210115200224	594
20210115200224	594
20210115200224	594
20210115200224	594
20210115200224	594
20210115200224	594
20210115200224	594
20210115200224	594
20210115200224	594
20210115200224	594
20210115200224	594
20210115200224	594
20210115200224	594
20210115200224	594
20210115200224	594
20210115200224	594
20210115200224	594
20210115200224	594
20210115200224	594
20210115200224	594
20210115200224	594
20210115200224	594
20210115200224	594
20210115200224	594
20210115200224	594
20210115200224	594
20210115200224	594
20210115200224	594
20210115200224	594
20210115200225	594
20210115200225	594
20210115200225	594
20210115200225	594
20210115200225	594
20210115200225	594
20210115200225	594
20210115200225	594
20210115200225	594
20210115200225	594
20210115200225	594
20210115200225	594
20210115200225	594
20210115200225	594
20210115200225	594
20210115200225	594
20210115200225	594
20210115200225	594
20210115200225	594
20210115200225	594
20210115200225	594
20210115200225	594
20210115200225	594
20210115200225	594
20210115200225	594
20210115200225	594
20210115200225	594
20210115200225	594
20210115200225	594
20210115200225	594
20210115200225	594
20210115200225	594
20210115200225	594
20210115200225	594
20210115200225	594
20210115200225	594
20210115200226	594
20210115200226	594
20210115200226	594
20210115200226	594
20210115200226	594
20210115200226	594
20210115200226	594
20210115200226	594
20210115200226	594
20210115200226	594
20210115200226	594
20210115200226	594
20210115200226	594
20210115200226	594
20210115200226	594
20210115200226	594
20210115200226	594
20210115200226	594
20210115200226	594
20210115200226	594
20210115200226	594
20210115200226	594
20210115200226	594
20210115200226	594
20210115200226	594
20210115200226	594
20210115200226	594
20210115200226	594
20210115200226	594
20210115200226	594
20210115200226	594
20210115200226	594
20210115200226	594
20210115200226	594
20210115200226	594
20210115200226	594
20210115200227	594
20210115200227	594
20210115200227	594
20210115200227	594
20210115200227	594
20210115200227	594
20210115200227	594
20210115200227	594
20210115200227	594
20210115200227	594
20210115200227	594
20210115200227	594
20210115200227	594
20210115200227	594
20210115200227	594
20210115200227	594
20210115200227	594
20210115200227	594
20210115200227	594
20210115200227	594
20210115200227	594
20210115200227	594
20210115200227	594
20210115200227	594
20210115200227	594
20210115200228	594
20210115200228	594
20210115200228	594
20210115200228	594
20210115200228	594
20210115200228	594
20210115200228	594
20210115200228	594
20210115200228	594
20210115200228	594
20210115200228	594
20210115200228	594
20210115200228	594
20210115200228	594
20210115200228	594
20210115200228	594
20210115200228	594
20210115200228	594
20210115200228	594
20210115200228	594
20210115200228	594
20210115200228	594
20210115200228	594
20210115200228	594
20210115200228	594
20210115200228	594
20210115200228	594
20210115200228	594
20210115200228	594
20210115200228	594
20210115200228	594
20210115200228	594
20210115200228	594
20210115200228	594
20210115200228	594
20210115200228	594
20210115200228	594
20210115200228	594
20210115200228	594
20210115200228	594
20210115200228	594
20210115200228	594
20210115200228	594
20210115200228	594
20210115200228	594
20210115200229	594
20210115200229	594
20210115200229	594
20210115200229	594
20210115200229	594
20210115200229	594
20210115200229	594
20210115200229	594
20210115200229	594
20210115200229	594
20210115200229	594
20210115200229	594
20210115200229	594
20210115200229	594
20210115200229	594
20210115200229	594
20210115200229	594
20210115200229	594
20210115200229	594
20210115200229	594
20210115200229	594
20210115200229	594
20210115200229	594
20210115200229	594
20210115200229	594
20210115200229	594
20210115200229	594
20210115200229	594
20210115200229	594
20210115200230	594
20210115200230	594
20210115200230	594
20210115200230	594
20210115200230	594
20210115200230	594
20210115200230	594
20210115200230	594
20210115200230	594
20210115200230	594
20210115200230	594
20210115200230	594
20210115200230	594
20210115200230	594
20210115200230	594
20210115200230	594
20210115200230	594
20210115200230	594
20210115200230	594
20210115200230	594
20210115200230	594
20210115200230	594
20210115200230	594
20210115200230	594
20210115200230	594
20210115200230	594
20210115200230	594
20210115200230	594
20210115200230	594
20210115200230	594
20210115200230	594
20210115200230	594
20210115200230	594
20210115200230	594
20210115200230	594
20210115200230	594
20210115200230	594
20210115200230	594
20210115200230	594
20210115200230	594
20210115200230	594
20210115200230	594
20210115200230	594
20210115200230	594
20210115200230	594
20210115200230	594
20210115200230	594
20210115200230	594
20210115200230	594
20210115200231	594
20210115200231	594
20210115200231	594
20210115200231	594
20210115200231	594
20210115200231	594
20210115200231	594
20210115200231	594
20210115200231	594
20210115200231	594
20210115200231	594
20210115200231	594
20210115200231	594
20210115200231	594
20210115200231	594
20210115200231	594
20210115200231	594
20210115200231	594
20210115200231	594
20210115200231	594
20210115200231	594
20210115200231	594
20210115200231	594
20210115200231	594
20210115200231	594
20210115200231	594
20210115200231	594
20210115200231	594
20210115200231	594
20210115200231	594
20210115200231	594
20210115200231	594
20210115200231	594
20210115200231	594
20210115200231	594
20210115200231	594
20210115200231	594
20210115200231	594
20210115200231	594
20210115200231	594
20210115200231	594
20210115200231	594
20210115200231	594
20210115200231	594
20210115200231	594
20210115200231	594
20210115200231	594
20210115200231	594
20210115200232	594
20210115200232	594
20210115200232	594
20210115200232	594
20210115200232	594
20210115200232	594
20210115200232	594
20210115200232	594
20210115200232	594
20210115200232	594
20210115200232	594
20210115200232	594
20210115200232	594
20210115200232	594
20210115200232	594
20210115200232	594
20210115200232	594
20210115200232	594
20210115200232	594
20210115200232	594
20210115200232	594
20210115200232	594
20210115200232	594
20210115200232	594
20210115200232	594
20210115200232	594
20210115200232	594
20210115200232	594
20210115200232	594
