20210115191022	5
20210115191022	5
20210115191022	5
20210115191022	5
20210115191022	5
20210115191022	5
20210115191022	5
20210115191022	5
20210115191022	5
20210115191022	5
20210115191022	5
20210115191022	5
20210115191022	5
20210115191022	5
20210115191022	5
20210115191022	5
20210115191023	5
20210115191023	5
20210115191023	5
20210115191023	5
20210115191023	5
20210115191023	5
20210115191023	5
20210115191023	5
20210115191023	5
20210115191023	5
20210115191023	5
20210115191023	5
20210115191023	5
20210115191023	5
20210115191023	5
20210115191023	5
20210115191023	5
20210115191023	5
20210115191023	5
20210115191023	5
20210115191023	5
20210115191023	5
20210115191024	5
20210115191024	5
20210115191024	5
20210115191024	5
20210115191024	5
20210115191024	5
20210115191024	5
20210115191024	5
20210115191024	5
20210115191024	5
20210115191024	5
20210115191024	5
20210115191024	5
20210115191024	5
20210115191024	5
20210115191024	5
20210115191024	5
20210115191024	5
20210115191024	5
20210115191024	5
20210115191024	5
20210115191024	5
20210115191024	5
20210115191024	5
20210115191024	5
20210115191024	5
20210115191024	5
20210115191024	5
20210115191024	5
20210115191024	5
20210115191024	5
20210115191025	5
20210115191025	5
20210115191025	5
20210115191025	5
20210115191025	5
20210115191025	5
20210115191025	5
20210115191025	5
20210115191025	5
20210115191025	5
20210115191025	5
20210115191025	5
20210115191025	5
20210115191025	5
20210115191025	5
20210115191025	5
20210115191025	5
20210115191025	5
20210115191025	5
20210115191025	5
20210115191025	5
20210115191025	5
20210115191025	5
20210115191025	5
20210115191025	5
20210115191025	5
20210115191025	5
20210115191025	5
20210115191025	5
20210115191025	5
20210115191025	5
20210115191025	5
20210115191025	5
20210115191025	5
20210115191025	5
20210115191025	5
20210115191025	5
20210115191025	5
20210115191025	5
20210115191025	5
20210115191025	5
20210115191025	5
20210115191025	5
20210115191025	5
20210115191025	5
20210115191025	5
20210115191026	5
20210115191026	5
20210115191026	5
20210115191026	5
20210115191026	5
20210115191026	5
20210115191026	5
20210115191026	5
20210115191026	5
20210115191026	5
20210115191026	5
20210115191026	5
20210115191026	5
20210115191026	5
20210115191026	5
20210115191026	5
20210115191026	5
20210115191026	5
20210115191026	5
20210115191026	5
20210115191026	5
20210115191026	5
20210115191026	5
20210115191026	5
20210115191027	5
20210115191027	5
20210115191027	5
20210115191027	5
20210115191027	5
20210115191027	5
20210115191027	5
20210115191027	5
20210115191027	5
20210115191027	5
20210115191027	5
20210115191027	5
20210115191027	5
20210115191027	5
20210115191027	5
20210115191027	5
20210115191027	5
20210115191027	5
20210115191027	5
20210115191027	5
20210115191027	5
20210115191027	5
20210115191027	5
20210115191027	5
20210115191027	5
20210115191027	5
20210115191027	5
20210115191027	5
20210115191027	5
20210115191027	5
20210115191027	5
20210115191027	5
20210115191028	5
20210115191028	5
20210115191028	5
20210115191028	5
20210115191028	5
20210115191028	5
20210115191028	5
20210115191028	5
20210115191028	5
20210115191028	5
20210115191028	5
20210115191028	5
20210115191028	5
20210115191028	5
20210115191028	5
20210115191028	5
20210115191028	5
20210115191028	5
20210115191028	5
20210115191028	5
20210115191028	5
20210115191028	5
20210115191028	5
20210115191028	5
20210115191028	5
20210115191028	5
20210115191028	5
20210115191028	5
20210115191028	5
20210115191028	5
20210115191028	5
20210115191028	5
20210115191028	5
20210115191028	5
20210115191028	5
20210115191028	5
20210115191028	5
20210115191028	5
20210115191028	5
20210115191028	5
20210115191028	5
20210115191028	5
20210115191028	5
20210115191028	5
20210115191028	5
20210115191028	5
20210115191028	5
20210115191028	5
20210115191028	5
20210115191028	5
20210115191028	5
20210115191028	5
20210115191028	5
20210115191028	5
20210115191029	5
20210115191029	5
20210115191029	5
20210115191029	5
20210115191029	5
20210115191029	5
20210115191029	5
20210115191029	5
20210115191029	5
20210115191029	5
20210115191029	5
20210115191029	5
20210115191029	5
20210115191029	5
20210115191029	5
20210115191029	5
20210115191029	5
20210115191029	5
20210115191029	5
20210115191029	5
20210115191029	5
20210115191029	5
20210115191029	5
20210115191029	5
20210115191029	5
20210115191029	5
20210115191029	5
20210115191029	5
20210115191029	5
20210115191029	5
20210115191029	5
20210115191029	5
20210115191029	5
20210115191029	5
20210115191029	5
20210115191029	5
20210115191030	5
20210115191030	5
20210115191030	5
20210115191030	5
20210115191030	5
20210115191030	5
20210115191030	5
20210115191030	5
20210115191030	5
20210115191030	5
20210115191030	5
20210115191030	5
20210115191030	5
20210115191030	5
20210115191030	5
20210115191030	5
20210115191030	5
20210115191030	5
20210115191030	5
20210115191030	5
20210115191030	5
20210115191030	5
20210115191030	5
20210115191030	5
20210115191030	5
20210115191030	5
20210115191030	5
20210115191030	5
20210115191030	5
20210115191030	5
20210115191030	5
20210115191030	5
20210115191030	5
20210115191030	5
20210115191030	5
20210115191030	5
20210115191030	5
20210115191030	5
20210115191030	5
20210115191030	5
20210115191030	5
20210115191030	5
20210115191030	5
20210115191030	5
20210115191030	5
20210115191030	5
20210115191030	5
20210115191030	5
20210115191030	5
20210115191030	5
20210115191030	5
20210115191030	5
20210115191030	5
20210115191030	5
20210115191030	5
20210115191030	5
20210115191030	5
20210115191030	5
20210115191030	5
20210115191031	5
20210115191031	5
20210115191031	5
20210115191031	5
20210115191031	5
20210115191031	5
20210115191031	5
20210115191031	5
20210115191031	5
20210115191031	5
20210115191031	5
20210115191031	5
20210115191031	5
20210115191031	5
20210115191031	5
20210115191031	5
20210115191031	5
20210115191031	5
20210115191031	5
20210115191031	5
20210115191031	5
20210115191031	5
20210115191031	5
20210115191031	5
20210115191031	5
20210115191031	5
20210115191031	5
20210115191031	5
20210115191031	5
20210115191031	5
20210115191031	5
20210115191031	5
20210115191031	5
20210115191031	5
20210115191031	5
20210115191031	5
20210115191031	5
20210115191031	5
20210115191031	5
20210115191031	5
20210115191031	5
20210115191031	5
20210115191031	5
20210115191031	5
20210115191031	5
20210115191031	5
20210115191031	5
20210115191031	5
20210115191031	5
20210115191031	5
20210115191031	5
20210115191031	5
20210115191031	5
20210115191031	5
20210115191031	5
20210115191031	5
20210115191031	5
20210115191031	5
20210115191031	5
20210115191031	5
20210115191031	5
20210115191031	5
20210115191031	5
20210115191031	5
20210115191031	5
20210115191032	5
20210115191032	5
20210115191032	5
20210115191032	5
20210115191032	5
20210115191032	5
20210115191032	5
20210115191032	5
20210115191032	5
20210115191032	5
20210115191032	5
20210115191032	5
20210115191032	5
20210115191032	5
20210115191032	5
20210115191032	5
20210115191032	5
20210115191032	5
20210115191032	5
20210115191032	5
20210115191032	5
20210115191032	5
20210115191032	5
20210115191032	5
20210115191032	5
20210115191032	5
20210115191032	5
20210115191032	5
20210115191032	5
20210115191032	5
20210115191032	5
20210115191032	5
20210115191032	5
20210115191032	5
20210115191032	5
20210115191032	5
20210115191032	5
20210115191032	5
20210115191033	5
20210115191033	5
20210115191033	5
20210115191033	5
20210115191033	5
20210115191033	5
20210115191033	5
20210115191033	5
20210115191033	5
20210115191033	5
20210115191033	5
20210115191033	5
20210115191033	5
20210115191033	5
20210115191033	5
20210115191033	5
20210115191033	5
20210115191033	5
20210115191033	5
20210115191033	5
20210115191033	5
20210115191033	5
20210115191033	5
20210115191033	5
20210115191033	5
20210115191033	5
20210115191033	5
20210115191033	5
20210115191033	5
20210115191033	5
20210115191033	5
20210115191033	5
20210115191033	5
20210115191033	5
20210115191033	5
20210115191033	5
20210115191033	5
20210115191033	5
20210115191033	5
20210115191033	5
20210115191033	5
20210115191033	5
20210115191033	5
20210115191033	5
20210115191033	5
20210115191033	5
20210115191033	5
20210115191033	5
20210115191033	5
20210115191033	5
20210115191033	5
20210115191033	5
20210115191033	5
20210115191033	5
20210115191033	5
20210115191033	5
20210115191033	5
20210115191033	5
20210115191033	5
20210115191033	5
20210115191033	5
20210115191033	5
20210115191033	5
20210115191033	5
20210115191034	5
20210115191034	5
20210115191034	5
20210115191034	5
20210115191034	5
20210115191034	5
20210115191034	5
20210115191034	5
20210115191034	5
20210115191034	5
20210115191034	5
20210115191034	5
20210115191034	5
20210115191034	5
20210115191034	5
20210115191034	5
20210115191034	5
20210115191034	5
20210115191034	5
20210115191034	5
20210115191034	5
20210115191034	5
20210115191034	5
20210115191034	5
20210115191034	5
20210115191034	5
20210115191034	5
20210115191034	5
20210115191034	5
20210115191034	5
20210115191035	5
20210115191035	5
20210115191035	5
20210115191035	5
20210115191035	5
20210115191035	5
20210115191035	5
20210115191035	5
20210115191035	5
20210115191035	5
20210115191035	5
20210115191035	5
20210115191035	5
20210115191035	5
20210115191035	5
20210115191035	5
20210115191035	5
20210115191035	5
20210115191035	5
20210115191035	5
20210115191035	5
20210115191035	5
20210115191035	5
20210115191035	5
20210115191035	5
20210115191036	5
20210115191036	5
20210115191036	5
20210115191036	5
20210115191036	5
20210115191036	5
20210115191036	5
20210115191036	5
20210115191036	5
20210115191036	5
20210115191036	5
20210115191036	5
20210115191036	5
20210115191036	5
20210115191036	5
20210115191036	5
20210115191036	5
20210115191036	5
20210115191036	5
20210115191036	5
20210115191036	5
20210115191036	5
20210115191036	5
20210115191036	5
20210115191036	5
20210115191036	5
20210115191036	5
20210115191036	5
20210115191036	5
20210115191036	5
20210115191036	5
20210115191036	5
20210115191036	5
20210115191036	5
20210115191036	5
20210115191036	5
20210115191036	5
20210115191036	5
20210115191036	5
20210115191036	5
20210115191036	5
20210115191036	5
20210115191036	5
20210115191036	5
20210115191036	5
20210115191036	5
20210115191036	5
20210115191036	5
20210115191036	5
20210115191036	5
20210115191036	5
20210115191037	5
20210115191037	5
20210115191037	5
20210115191037	5
20210115191037	5
20210115191037	5
20210115191037	5
20210115191037	5
20210115191037	5
20210115191037	5
20210115191037	5
20210115191037	5
20210115191037	5
20210115191037	5
20210115191037	5
20210115191037	5
20210115191037	5
20210115191037	5
20210115191037	5
20210115191037	5
20210115191037	5
20210115191037	5
20210115191037	5
20210115191037	5
20210115191037	5
20210115191037	5
20210115191037	5
20210115191037	5
20210115191037	5
20210115191037	5
20210115191037	5
20210115191037	5
20210115191038	5
20210115191038	5
20210115191038	5
20210115191038	5
20210115191038	5
20210115191038	5
20210115191038	5
20210115191038	5
20210115191038	5
20210115191038	5
20210115191038	5
20210115191038	5
20210115191038	5
20210115191038	5
20210115191038	5
20210115191038	5
20210115191038	5
20210115191038	5
20210115191038	5
20210115191038	5
20210115191038	5
20210115191038	5
20210115191038	5
20210115191038	5
20210115191038	5
20210115191038	5
20210115191038	5
20210115191038	5
20210115191038	5
20210115191038	5
20210115191038	5
20210115191038	5
20210115191038	5
20210115191038	5
20210115191038	5
20210115191038	5
20210115191038	5
20210115191038	5
20210115191038	5
20210115191038	5
20210115191038	5
20210115191038	5
20210115191038	5
20210115191038	5
20210115191038	5
20210115191038	5
20210115191038	5
20210115191039	5
20210115191039	5
20210115191039	5
20210115191039	5
20210115191039	5
20210115191039	5
20210115191039	5
20210115191039	5
20210115191039	5
20210115191039	5
20210115191039	5
20210115191039	5
20210115191039	5
20210115191039	5
20210115191039	5
20210115191039	5
20210115191039	5
20210115191039	5
20210115191039	5
20210115191039	5
20210115191039	5
20210115191039	5
20210115191039	5
20210115191039	5
20210115191040	5
20210115191040	5
20210115191040	5
20210115191040	5
20210115191040	5
20210115191040	5
20210115191040	5
20210115191040	5
20210115191040	5
20210115191040	5
20210115191040	5
20210115191040	5
20210115191040	5
20210115191040	5
20210115191040	5
20210115191040	5
20210115191040	5
20210115191040	5
20210115191040	5
20210115191040	5
20210115191040	5
20210115191040	5
20210115191040	5
20210115191040	5
20210115191040	5
20210115191040	5
20210115191040	5
20210115191040	5
20210115191040	5
20210115191040	5
20210115191040	5
20210115191040	5
20210115191040	5
20210115191040	5
20210115191040	5
20210115191040	5
20210115191040	5
20210115191040	5
20210115191040	5
20210115191040	5
20210115191040	5
20210115191040	5
20210115191040	5
20210115191040	5
20210115191040	5
20210115191041	5
20210115191041	5
20210115191041	5
20210115191041	5
20210115191041	5
20210115191041	5
20210115191041	5
20210115191041	5
20210115191041	5
20210115191041	5
20210115191041	5
20210115191041	5
20210115191041	5
20210115191041	5
20210115191041	5
20210115191041	5
20210115191041	5
20210115191041	5
20210115191041	5
20210115191041	5
20210115191041	5
20210115191041	5
20210115191041	5
20210115191041	5
20210115191041	5
20210115191041	5
20210115191041	5
20210115191041	5
20210115191041	5
20210115191041	5
20210115191041	5
20210115191041	5
20210115191041	5
20210115191041	5
20210115191041	5
20210115191041	5
20210115191042	5
20210115191042	5
20210115191042	5
20210115191042	5
20210115191042	5
20210115191042	5
20210115191042	5
20210115191042	5
20210115191042	5
20210115191042	5
20210115191042	5
20210115191042	5
20210115191042	5
20210115191042	5
20210115191042	5
20210115191042	5
20210115191042	5
20210115191042	5
20210115191042	5
20210115191042	5
20210115191042	5
20210115191042	5
20210115191042	5
20210115191042	5
20210115191042	5
20210115191042	5
20210115191042	5
20210115191042	5
20210115191042	5
20210115191042	5
20210115191042	5
20210115191042	5
20210115191042	5
20210115191042	5
20210115191042	5
20210115191043	5
20210115191043	5
20210115191043	5
20210115191043	5
20210115191043	5
20210115191043	5
20210115191043	5
20210115191043	5
20210115191043	5
20210115191043	5
20210115191043	5
20210115191043	5
20210115191043	5
20210115191043	5
20210115191043	5
20210115191043	5
20210115191043	5
20210115191043	5
20210115191043	5
20210115191043	5
20210115191043	5
20210115191043	5
20210115191043	5
20210115191043	5
20210115191043	5
20210115191043	5
20210115191043	5
20210115191043	5
20210115191043	5
20210115191043	5
20210115191043	5
20210115191043	5
20210115191043	5
20210115191043	5
20210115191043	5
20210115191043	5
20210115191043	5
20210115191044	5
20210115191044	5
20210115191044	5
20210115191044	5
20210115191044	5
20210115191044	5
20210115191044	5
20210115191044	5
20210115191044	5
20210115191044	5
20210115191044	5
20210115191044	5
20210115191044	5
20210115191044	5
20210115191044	5
20210115191044	5
20210115191044	5
20210115191044	5
20210115191044	5
20210115191044	5
20210115191044	5
20210115191044	5
20210115191044	5
20210115191044	5
20210115191044	5
20210115191044	5
20210115191044	5
20210115191044	5
20210115191044	5
20210115191044	5
20210115191044	5
20210115191045	5
20210115191045	5
20210115191045	5
20210115191045	5
20210115191045	5
20210115191045	5
20210115191045	5
20210115191045	5
20210115191045	5
