20210106155536	5
20210106155536	5
20210106155536	5
20210106155536	5
20210106155536	5
20210106155536	5
20210106155536	5
20210106155536	5
20210106155536	5
20210106155536	5
20210106155536	5
20210106155536	5
20210106155536	5
20210106155536	5
20210106155536	5
20210106155536	5
20210106155536	5
20210106155536	5
20210106155536	5
20210106155536	5
20210106155536	5
20210106155536	5
20210106155537	5
20210106155537	5
20210106155537	5
20210106155537	5
20210106155537	5
20210106155537	5
20210106155537	5
20210106155537	5
20210106155537	5
20210106155537	5
20210106155537	5
20210106155537	5
20210106155537	5
20210106155537	5
20210106155537	5
20210106155537	5
20210106155537	5
20210106155537	5
20210106155537	5
20210106155537	5
20210106155537	5
20210106155537	5
20210106155537	5
20210106155537	5
20210106155537	5
20210106155537	5
20210106155537	5
20210106155537	5
20210106155537	5
20210106155537	5
20210106155538	5
20210106155538	5
20210106155538	5
20210106155538	5
20210106155538	5
20210106155538	5
20210106155538	5
20210106155538	5
20210106155538	5
20210106155538	5
20210106155538	5
20210106155538	5
20210106155538	5
20210106155538	5
20210106155538	5
20210106155538	5
20210106155538	5
20210106155538	5
20210106155538	5
20210106155538	5
20210106155538	5
20210106155538	5
20210106155538	5
20210106155538	5
20210106155538	5
20210106155538	5
20210106155538	5
20210106155538	5
20210106155538	5
20210106155538	5
20210106155538	5
20210106155538	5
20210106155538	5
20210106155538	5
20210106155538	5
20210106155538	5
20210106155538	5
20210106155538	5
20210106155538	5
20210106155538	5
20210106155538	5
20210106155538	5
20210106155538	5
20210106155538	5
20210106155538	5
20210106155538	5
20210106155538	5
20210106155538	5
20210106155538	5
20210106155538	5
20210106155538	5
20210106155538	5
20210106155539	5
20210106155539	5
20210106155539	5
20210106155539	5
20210106155539	5
20210106155539	5
20210106155539	5
20210106155539	5
20210106155539	5
20210106155539	5
20210106155539	5
20210106155539	5
20210106155539	5
20210106155539	5
20210106155539	5
20210106155539	5
20210106155539	5
20210106155539	5
20210106155539	5
20210106155539	5
20210106155539	5
20210106155539	5
20210106155539	5
20210106155539	5
20210106155539	5
20210106155539	5
20210106155539	5
20210106155539	5
20210106155539	5
20210106155539	5
20210106155539	5
20210106155539	5
20210106155539	5
20210106155539	5
20210106155539	5
20210106155539	5
20210106155539	5
20210106155539	5
20210106155539	5
20210106155539	5
20210106155539	5
20210106155539	5
20210106155539	5
20210106155539	5
20210106155539	5
20210106155539	5
20210106155539	5
20210106155539	5
20210106155539	5
20210106155539	5
20210106155539	5
20210106155539	5
20210106155539	5
20210106155539	5
20210106155539	5
20210106155539	5
20210106155540	5
20210106155540	5
20210106155540	5
20210106155540	5
20210106155540	5
20210106155540	5
20210106155540	5
20210106155540	5
20210106155540	5
20210106155540	5
20210106155540	5
20210106155540	5
20210106155540	5
20210106155540	5
20210106155540	5
20210106155540	5
20210106155540	5
20210106155540	5
20210106155540	5
20210106155540	5
20210106155540	5
20210106155540	5
20210106155540	5
20210106155540	5
20210106155540	5
20210106155540	5
20210106155540	5
20210106155540	5
20210106155540	5
20210106155540	5
20210106155540	5
20210106155540	5
20210106155540	5
20210106155540	5
20210106155540	5
20210106155540	5
20210106155540	5
20210106155540	5
20210106155540	5
20210106155540	5
20210106155540	5
20210106155540	5
20210106155540	5
20210106155540	5
20210106155540	5
20210106155540	5
20210106155540	5
20210106155540	5
20210106155540	5
20210106155540	5
20210106155541	5
20210106155541	5
20210106155541	5
20210106155541	5
20210106155541	5
20210106155541	5
20210106155541	5
20210106155541	5
20210106155541	5
20210106155541	5
20210106155541	5
20210106155541	5
20210106155541	5
20210106155541	5
20210106155541	5
20210106155541	5
20210106155541	5
20210106155541	5
20210106155541	5
20210106155541	5
20210106155541	5
20210106155541	5
20210106155541	5
20210106155541	5
20210106155541	5
20210106155541	5
20210106155541	5
20210106155541	5
20210106155541	5
20210106155541	5
20210106155541	5
20210106155541	5
20210106155541	5
20210106155541	5
20210106155541	5
20210106155541	5
20210106155541	5
20210106155541	5
20210106155541	5
20210106155541	5
20210106155541	5
20210106155541	5
20210106155541	5
20210106155541	5
20210106155541	5
20210106155542	5
20210106155542	5
20210106155542	5
20210106155542	5
20210106155542	5
20210106155542	5
20210106155542	5
20210106155542	5
20210106155542	5
20210106155542	5
20210106155542	5
20210106155542	5
20210106155542	5
20210106155542	5
20210106155542	5
20210106155542	5
20210106155542	5
20210106155542	5
20210106155542	5
20210106155542	5
20210106155542	5
20210106155542	5
20210106155542	5
20210106155542	5
20210106155542	5
20210106155542	5
20210106155542	5
20210106155542	5
20210106155542	5
20210106155542	5
20210106155542	5
20210106155542	5
20210106155542	5
20210106155542	5
20210106155542	5
20210106155542	5
20210106155542	5
20210106155542	5
20210106155542	5
20210106155542	5
20210106155542	5
20210106155542	5
20210106155542	5
20210106155542	5
20210106155542	5
20210106155542	5
20210106155542	5
20210106155543	5
20210106155543	5
20210106155543	5
20210106155543	5
20210106155543	5
20210106155543	5
20210106155543	5
20210106155543	5
20210106155543	5
20210106155543	5
20210106155543	5
20210106155543	5
20210106155543	5
20210106155543	5
20210106155543	5
20210106155543	5
20210106155543	5
20210106155543	5
20210106155543	5
20210106155543	5
20210106155543	5
20210106155543	5
20210106155543	5
20210106155543	5
20210106155543	5
20210106155543	5
20210106155543	5
20210106155543	5
20210106155543	5
20210106155543	5
20210106155543	5
20210106155543	5
20210106155543	5
20210106155544	5
20210106155544	5
20210106155544	5
20210106155544	5
20210106155544	5
20210106155544	5
20210106155544	5
20210106155544	5
20210106155544	5
20210106155544	5
20210106155544	5
20210106155544	5
20210106155544	5
20210106155544	5
20210106155544	5
20210106155544	5
20210106155544	5
20210106155544	5
20210106155544	5
20210106155544	5
20210106155544	5
20210106155544	5
20210106155544	5
20210106155544	5
20210106155544	5
20210106155544	5
20210106155544	5
20210106155544	5
20210106155544	5
20210106155544	5
20210106155544	5
20210106155544	5
20210106155544	5
20210106155544	5
20210106155544	5
20210106155544	5
20210106155544	5
20210106155545	5
20210106155545	5
20210106155545	5
20210106155545	5
20210106155545	5
20210106155545	5
20210106155545	5
20210106155545	5
20210106155545	5
20210106155545	5
20210106155545	5
20210106155545	5
20210106155545	5
20210106155545	5
20210106155545	5
20210106155545	5
20210106155545	5
20210106155545	5
20210106155545	5
20210106155545	5
20210106155545	5
20210106155545	5
20210106155545	5
20210106155545	5
20210106155545	5
20210106155545	5
20210106155545	5
20210106155545	5
20210106155545	5
20210106155545	5
20210106155545	5
20210106155545	5
20210106155545	5
20210106155545	5
20210106155545	5
20210106155545	5
20210106155545	5
20210106155545	5
20210106155545	5
20210106155545	5
20210106155545	5
20210106155545	5
20210106155545	5
20210106155545	5
20210106155545	5
20210106155545	5
20210106155545	5
20210106155545	5
20210106155545	5
20210106155545	5
20210106155545	5
20210106155545	5
20210106155545	5
20210106155545	5
20210106155545	5
20210106155545	5
20210106155545	5
20210106155545	5
20210106155545	5
20210106155545	5
20210106155545	5
20210106155545	5
20210106155545	5
20210106155545	5
20210106155545	5
20210106155545	5
20210106155545	5
20210106155546	5
20210106155546	5
20210106155546	5
20210106155546	5
20210106155546	5
20210106155546	5
20210106155546	5
20210106155546	5
20210106155546	5
20210106155546	5
20210106155546	5
20210106155546	5
20210106155546	5
20210106155546	5
20210106155546	5
20210106155546	5
20210106155546	5
20210106155546	5
20210106155546	5
20210106155546	5
20210106155546	5
20210106155546	5
20210106155546	5
20210106155546	5
20210106155546	5
20210106155546	5
20210106155546	5
20210106155546	5
20210106155546	5
20210106155546	5
20210106155546	5
20210106155546	5
20210106155546	5
20210106155546	5
20210106155546	5
20210106155546	5
20210106155546	5
20210106155546	5
20210106155546	5
20210106155546	5
20210106155546	5
20210106155546	5
20210106155546	5
20210106155546	5
20210106155546	5
20210106155546	5
20210106155546	5
20210106155546	5
20210106155546	5
20210106155547	5
20210106155547	5
20210106155547	5
20210106155547	5
20210106155547	5
20210106155547	5
20210106155547	5
20210106155547	5
20210106155547	5
20210106155547	5
20210106155547	5
20210106155547	5
20210106155547	5
20210106155547	5
20210106155547	5
20210106155547	5
20210106155547	5
20210106155547	5
20210106155547	5
20210106155547	5
20210106155547	5
20210106155547	5
20210106155547	5
20210106155547	5
20210106155547	5
20210106155547	5
20210106155547	5
20210106155547	5
20210106155547	5
20210106155547	5
20210106155547	5
20210106155547	5
20210106155547	5
20210106155547	5
20210106155547	5
20210106155547	5
20210106155547	5
20210106155547	5
20210106155547	5
20210106155547	5
20210106155548	5
20210106155548	5
20210106155548	5
20210106155548	5
20210106155548	5
20210106155548	5
20210106155548	5
20210106155548	5
20210106155548	5
20210106155548	5
20210106155548	5
20210106155548	5
20210106155548	5
20210106155548	5
20210106155548	5
20210106155548	5
20210106155548	5
20210106155548	5
20210106155548	5
20210106155548	5
20210106155548	5
20210106155548	5
20210106155548	5
20210106155548	5
20210106155548	5
20210106155548	5
20210106155548	5
20210106155548	5
20210106155548	5
20210106155548	5
20210106155548	5
20210106155548	5
20210106155548	5
20210106155548	5
20210106155548	5
20210106155548	5
20210106155548	5
20210106155548	5
20210106155548	5
20210106155548	5
20210106155548	5
20210106155548	5
20210106155548	5
20210106155548	5
20210106155548	5
20210106155548	5
20210106155548	5
20210106155548	5
20210106155548	5
20210106155548	5
20210106155548	5
20210106155549	5
20210106155549	5
20210106155549	5
20210106155549	5
20210106155549	5
20210106155549	5
20210106155549	5
20210106155549	5
20210106155549	5
20210106155549	5
20210106155549	5
20210106155549	5
20210106155549	5
20210106155549	5
20210106155549	5
20210106155549	5
20210106155549	5
20210106155549	5
20210106155549	5
20210106155549	5
20210106155549	5
20210106155549	5
20210106155549	5
20210106155549	5
20210106155549	5
20210106155549	5
20210106155549	5
20210106155549	5
20210106155549	5
20210106155549	5
20210106155549	5
20210106155549	5
20210106155549	5
20210106155549	5
20210106155549	5
20210106155549	5
20210106155549	5
20210106155549	5
20210106155549	5
20210106155549	5
20210106155550	5
20210106155550	5
20210106155550	5
20210106155550	5
20210106155550	5
20210106155550	5
20210106155550	5
20210106155550	5
20210106155550	5
20210106155550	5
20210106155550	5
20210106155550	5
20210106155550	5
20210106155550	5
20210106155550	5
20210106155550	5
20210106155550	5
20210106155550	5
20210106155550	5
20210106155550	5
20210106155550	5
20210106155550	5
20210106155550	5
20210106155550	5
20210106155550	5
20210106155550	5
20210106155550	5
20210106155550	5
20210106155550	5
20210106155550	5
20210106155550	5
20210106155550	5
20210106155550	5
20210106155550	5
20210106155550	5
20210106155550	5
20210106155550	5
20210106155550	5
20210106155550	5
20210106155550	5
20210106155551	5
20210106155551	5
20210106155551	5
20210106155551	5
20210106155551	5
20210106155551	5
20210106155551	5
20210106155551	5
20210106155551	5
20210106155551	5
20210106155551	5
20210106155551	5
20210106155551	5
20210106155551	5
20210106155551	5
20210106155551	5
20210106155551	5
20210106155551	5
20210106155551	5
20210106155551	5
20210106155551	5
20210106155551	5
20210106155551	5
20210106155551	5
20210106155551	5
20210106155551	5
20210106155551	5
20210106155551	5
20210106155551	5
20210106155551	5
20210106155551	5
20210106155551	5
20210106155551	5
20210106155551	5
20210106155551	5
20210106155551	5
20210106155551	5
20210106155551	5
20210106155552	5
20210106155552	5
20210106155552	5
20210106155552	5
20210106155552	5
20210106155552	5
20210106155552	5
20210106155552	5
20210106155552	5
20210106155552	5
20210106155552	5
20210106155552	5
20210106155552	5
20210106155552	5
20210106155552	5
20210106155552	5
20210106155552	5
20210106155552	5
20210106155553	5
20210106155553	5
20210106155553	5
20210106155553	5
20210106155553	5
20210106155553	5
20210106155553	5
20210106155553	5
20210106155553	5
20210106155553	5
20210106155553	5
20210106155553	5
20210106155553	5
20210106155553	5
20210106155553	5
20210106155553	5
20210106155553	5
20210106155553	5
20210106155553	5
20210106155553	5
20210106155553	5
20210106155553	5
20210106155553	5
20210106155553	5
20210106155553	5
20210106155553	5
20210106155553	5
20210106155554	5
20210106155554	5
20210106155554	5
20210106155554	5
20210106155554	5
20210106155554	5
20210106155554	5
20210106155554	5
20210106155554	5
20210106155554	5
20210106155554	5
20210106155554	5
20210106155554	5
20210106155554	5
20210106155554	5
20210106155554	5
20210106155554	5
20210106155554	5
20210106155554	5
20210106155554	5
20210106155554	5
20210106155554	5
20210106155554	5
20210106155554	5
20210106155554	5
20210106155554	5
20210106155554	5
20210106155554	5
20210106155554	5
20210106155554	5
20210106155554	5
20210106155554	5
20210106155554	5
20210106155554	5
20210106155554	5
20210106155554	5
20210106155554	5
20210106155554	5
20210106155554	5
20210106155554	5
20210106155554	5
20210106155554	5
20210106155554	5
20210106155555	5
20210106155555	5
20210106155555	5
20210106155555	5
20210106155555	5
20210106155555	5
20210106155555	5
20210106155555	5
20210106155555	5
20210106155555	5
20210106155555	5
20210106155555	5
20210106155555	5
20210106155555	5
20210106155555	5
20210106155555	5
20210106155555	5
20210106155555	5
20210106155555	5
20210106155555	5
20210106155555	5
20210106155555	5
20210106155555	5
20210106155555	5
20210106155555	5
20210106155555	5
20210106155555	5
20210106155555	5
20210106155555	5
20210106155555	5
20210106155555	5
20210106155555	5
20210106155555	5
20210106155555	5
20210106155555	5
20210106155555	5
20210106155555	5
20210106155555	5
20210106155555	5
20210106155555	5
20210106155556	5
20210106155556	5
20210106155556	5
20210106155556	5
20210106155556	5
20210106155556	5
20210106155556	5
20210106155556	5
20210106155556	5
20210106155556	5
20210106155556	5
20210106155556	5
20210106155556	5
20210106155556	5
20210106155556	5
20210106155556	5
20210106155556	5
20210106155556	5
20210106155556	5
20210106155556	5
20210106155556	5
20210106155556	5
20210106155556	5
20210106155556	5
20210106155556	5
20210106155556	5
20210106155556	5
20210106155556	5
20210106155556	5
20210106155556	5
20210106155556	5
20210106155556	5
20210106155556	5
20210106155556	5
20210106155557	5
20210106155557	5
20210106155557	5
20210106155557	5
20210106155557	5
20210106155557	5
20210106155557	5
20210106155557	5
20210106155557	5
20210106155557	5
20210106155557	5
20210106155557	5
20210106155557	5
20210106155557	5
20210106155557	5
20210106155557	5
20210106155557	5
20210106155557	5
20210106155557	5
20210106155557	5
20210106155557	5
20210106155557	5
20210106155557	5
20210106155557	5
20210106155557	5
20210106155557	5
20210106155557	5
20210106155557	5
20210106155557	5
20210106155557	5
20210106155557	5
20210106155557	5
20210106155557	5
20210106155557	5
20210106155557	5
20210106155557	5
20210106155557	5
20210106155557	5
20210106155557	5
20210106155558	5
20210106155558	5
20210106155558	5
20210106155558	5
20210106155558	5
20210106155558	5
20210106155558	5
20210106155558	5
20210106155558	5
20210106155558	5
20210106155558	5
20210106155558	5
20210106155558	5
20210106155558	5
20210106155558	5
20210106155558	5
20210106155558	5
20210106155558	5
20210106155558	5
20210106155558	5
20210106155558	5
20210106155558	5
20210106155558	5
20210106155558	5
20210106155558	5
20210106155558	5
20210106155558	5
20210106155558	5
20210106155558	5
20210106155558	5
20210106155558	5
20210106155558	5
20210106155558	5
20210106155558	5
20210106155558	5
20210106155558	5
20210106155558	5
20210106155558	5
20210106155558	5
20210106155558	5
20210106155558	5
20210106155558	5
20210106155558	5
20210106155558	5
20210106155559	5
20210106155559	5
20210106155559	5
20210106155559	5
20210106155559	5
20210106155559	5
20210106155559	5
20210106155559	5
20210106155559	5
20210106155559	5
20210106155559	5
20210106155559	5
20210106155559	5
20210106155559	5
20210106155559	5
20210106155559	5
20210106155559	5
20210106155559	5
20210106155559	5
20210106155559	5
20210106155559	5
20210106155559	5
20210106155559	5
20210106155559	5
20210106155559	5
20210106155559	5
20210106155559	5
20210106155559	5
20210106155559	5
20210106155559	5
20210106155559	5
20210106155559	5
20210106155559	5
20210106155559	5
20210106155559	5
20210106155559	5
20210106155559	5
20210106155559	5
20210106155559	5
20210106155600	5
20210106155600	5
20210106155600	5
20210106155600	5
20210106155600	5
20210106155600	5
20210106155600	5
20210106155600	5
20210106155600	5
20210106155600	5
20210106155600	5
20210106155600	5
20210106155600	5
20210106155600	5
20210106155600	5
20210106155600	5
20210106155600	5
20210106155600	5
20210106155600	5
20210106155600	5
20210106155600	5
20210106155600	5
20210106155600	5
20210106155600	5
20210106155600	5
20210106155600	5
20210106155600	5
20210106155600	5
20210106155600	5
20210106155600	5
20210106155600	5
20210106155600	5
20210106155600	5
20210106155600	5
20210106155600	5
20210106155600	5
20210106155600	5
20210106155600	5
20210106155600	5
20210106155600	5
20210106155601	5
20210106155601	5
20210106155601	5
20210106155601	5
20210106155601	5
20210106155601	5
20210106155601	5
20210106155601	5
20210106155601	5
20210106155601	5
20210106155601	5
20210106155601	5
20210106155601	5
20210106155601	5
20210106155601	5
20210106155601	5
20210106155601	5
20210106155601	5
20210106155601	5
20210106155601	5
20210106155601	5
20210106155601	5
20210106155601	5
20210106155601	5
20210106155601	5
20210106155601	5
20210106155601	5
20210106155601	5
20210106155601	5
20210106155601	5
20210106155601	5
20210106155601	5
20210106155601	5
20210106155601	5
20210106155601	5
20210106155601	5
20210106155601	5
20210106155601	5
20210106155601	5
20210106155601	5
20210106155601	5
20210106155601	5
20210106155601	5
20210106155601	5
20210106155601	5
20210106155601	5
20210106155601	5
20210106155601	5
20210106155601	5
20210106155601	5
20210106155601	5
20210106155601	5
20210106155601	5
20210106155602	5
20210106155602	5
20210106155602	5
20210106155602	5
20210106155602	5
20210106155602	5
20210106155602	5
20210106155602	5
20210106155602	5
20210106155602	5
20210106155602	5
20210106155602	5
20210106155602	5
20210106155602	5
20210106155602	5
20210106155602	5
20210106155602	5
20210106155602	5
20210106155602	5
20210106155602	5
20210106155602	5
20210106155602	5
20210106155602	5
20210106155602	5
20210106155602	5
20210106155602	5
20210106155602	5
20210106155602	5
20210106155602	5
20210106155602	5
20210106155602	5
20210106155602	5
20210106155602	5
20210106155602	5
20210106155602	5
20210106155602	5
20210106155602	5
20210106155602	5
20210106155602	5
20210106155602	5
20210106155602	5
20210106155602	5
20210106155602	5
20210106155602	5
20210106155602	5
20210106155602	5
20210106155602	5
20210106155602	5
20210106155602	5
20210106155602	5
20210106155602	5
20210106155602	5
20210106155602	5
20210106155602	5
20210106155602	5
20210106155602	5
20210106155602	5
20210106155602	5
20210106155602	5
20210106155602	5
20210106155602	5
20210106155602	5
20210106155602	5
20210106155602	5
20210106155602	5
20210106155602	5
20210106155602	5
20210106155602	5
20210106155602	5
20210106155602	5
20210106155602	5
20210106155602	5
20210106155602	5
20210106155602	5
20210106155602	5
20210106155602	5
20210106155602	5
20210106155602	5
20210106155602	5
20210106155602	5
20210106155602	5
20210106155602	5
20210106155602	5
20210106155602	5
20210106155603	5
20210106155603	5
20210106155603	5
20210106155603	5
20210106155603	5
20210106155603	5
20210106155603	5
20210106155603	5
20210106155603	5
20210106155603	5
20210106155603	5
20210106155603	5
20210106155603	5
20210106155603	5
20210106155603	5
20210106155603	5
20210106155603	5
20210106155603	5
20210106155603	5
20210106155603	5
20210106155603	5
20210106155603	5
20210106155603	5
20210106155603	5
20210106155604	5
20210106155604	5
20210106155604	5
20210106155604	5
20210106155604	5
20210106155604	5
20210106155604	5
20210106155604	5
20210106155604	5
20210106155604	5
20210106155604	5
20210106155604	5
20210106155604	5
20210106155604	5
20210106155604	5
20210106155604	5
20210106155604	5
20210106155604	5
20210106155604	5
20210106155604	5
20210106155604	5
20210106155604	5
20210106155604	5
20210106155604	5
20210106155604	5
20210106155604	5
20210106155604	5
20210106155604	5
20210106155604	5
20210106155604	5
20210106155604	5
20210106155604	5
20210106155604	5
20210106155604	5
20210106155604	5
20210106155604	5
20210106155604	5
20210106155604	5
20210106155604	5
20210106155604	5
20210106155604	5
20210106155604	5
20210106155604	5
20210106155605	5
20210106155605	5
20210106155605	5
20210106155605	5
20210106155605	5
20210106155605	5
20210106155605	5
20210106155605	5
20210106155605	5
20210106155605	5
20210106155605	5
20210106155605	5
20210106155605	5
20210106155605	5
20210106155605	5
20210106155605	5
20210106155605	5
20210106155605	5
20210106155605	5
20210106155605	5
20210106155605	5
20210106155605	5
20210106155605	5
20210106155605	5
20210106155605	5
20210106155605	5
20210106155605	5
20210106155605	5
20210106155605	5
20210106155605	5
20210106155605	5
20210106155605	5
20210106155605	5
20210106155605	5
20210106155605	5
20210106155605	5
20210106155605	5
20210106155605	5
20210106155606	5
20210106155606	5
20210106155606	5
20210106155606	5
20210106155606	5
20210106155606	5
20210106155606	5
20210106155606	5
20210106155606	5
20210106155606	5
20210106155606	5
20210106155606	5
20210106155606	5
20210106155606	5
20210106155606	5
20210106155606	5
20210106155606	5
20210106155606	5
20210106155606	5
20210106155606	5
20210106155606	5
20210106155606	5
20210106155606	5
20210106155606	5
20210106155606	5
20210106155606	5
20210106155606	5
20210106155606	5
20210106155607	5
20210106155607	5
20210106155607	5
20210106155607	5
20210106155607	5
20210106155607	5
20210106155607	5
20210106155607	5
20210106155607	5
20210106155607	5
20210106155607	5
20210106155607	5
20210106155607	5
20210106155607	5
20210106155607	5
20210106155607	5
20210106155607	5
20210106155607	5
20210106155607	5
20210106155607	5
20210106155607	5
20210106155607	5
20210106155607	5
20210106155607	5
20210106155607	5
20210106155607	5
20210106155607	5
20210106155607	5
20210106155607	5
20210106155607	5
20210106155607	5
20210106155607	5
20210106155608	5
20210106155608	5
20210106155608	5
20210106155608	5
20210106155608	5
20210106155608	5
20210106155608	5
20210106155608	5
20210106155608	5
20210106155608	5
20210106155608	5
20210106155608	5
20210106155608	5
20210106155608	5
20210106155608	5
20210106155608	5
20210106155608	5
20210106155608	5
20210106155608	5
20210106155608	5
20210106155608	5
20210106155608	5
20210106155608	5
20210106155608	5
20210106155608	5
20210106155608	5
20210106155608	5
20210106155608	5
20210106155608	5
20210106155608	5
20210106155608	5
20210106155608	5
20210106155608	5
20210106155608	5
20210106155608	5
20210106155608	5
20210106155608	5
20210106155608	5
20210106155608	5
20210106155608	5
20210106155608	5
20210106155608	5
20210106155608	5
20210106155608	5
20210106155608	5
20210106155608	5
20210106155608	5
20210106155608	5
20210106155608	5
20210106155608	5
20210106155608	5
20210106155608	5
20210106155608	5
20210106155608	5
20210106155609	5
20210106155609	5
20210106155609	5
20210106155609	5
20210106155609	5
20210106155609	5
20210106155609	5
20210106155609	5
20210106155609	5
20210106155609	5
20210106155609	5
20210106155609	5
20210106155609	5
20210106155609	5
20210106155609	5
20210106155609	5
20210106155609	5
20210106155609	5
20210106155609	5
20210106155609	5
20210106155609	5
20210106155609	5
20210106155609	5
20210106155609	5
20210106155609	5
20210106155609	5
20210106155609	5
20210106155609	5
20210106155609	5
20210106155609	5
20210106155609	5
20210106155609	5
20210106155609	5
20210106155609	5
20210106155609	5
20210106155609	5
20210106155609	5
20210106155609	5
20210106155609	5
20210106155609	5
20210106155609	5
20210106155609	5
20210106155609	5
20210106155609	5
20210106155609	5
20210106155609	5
20210106155609	5
20210106155609	5
20210106155609	5
20210106155609	5
20210106155609	5
20210106155609	5
20210106155609	5
20210106155610	5
20210106155610	5
20210106155610	5
20210106155610	5
20210106155610	5
20210106155610	5
20210106155610	5
20210106155610	5
20210106155610	5
20210106155610	5
20210106155610	5
20210106155610	5
20210106155610	5
20210106155610	5
20210106155610	5
20210106155610	5
20210106155610	5
20210106155610	5
20210106155610	5
20210106155610	5
20210106155610	5
20210106155610	5
20210106155610	5
20210106155610	5
20210106155610	5
20210106155610	5
20210106155610	5
20210106155610	5
20210106155610	5
20210106155610	5
20210106155610	5
20210106155610	5
20210106155610	5
20210106155610	5
20210106155610	5
20210106155610	5
20210106155610	5
20210106155610	5
20210106155611	5
20210106155611	5
20210106155611	5
20210106155611	5
20210106155611	5
20210106155611	5
20210106155611	5
20210106155611	5
20210106155611	5
20210106155611	5
20210106155611	5
20210106155611	5
20210106155611	5
20210106155611	5
20210106155611	5
20210106155611	5
20210106155611	5
20210106155611	5
20210106155611	5
20210106155611	5
20210106155611	5
20210106155611	5
20210106155611	5
20210106155611	5
20210106155611	5
20210106155611	5
20210106155611	5
20210106155611	5
20210106155611	5
20210106155611	5
20210106155611	5
20210106155611	5
20210106155611	5
20210106155611	5
20210106155611	5
20210106155611	5
20210106155611	5
20210106155611	5
20210106155611	5
20210106155611	5
20210106155611	5
20210106155611	5
20210106155611	5
20210106155611	5
20210106155611	5
20210106155611	5
20210106155611	5
20210106155611	5
20210106155611	5
20210106155611	5
20210106155611	5
20210106155611	5
20210106155611	5
20210106155611	5
20210106155611	5
20210106155611	5
20210106155612	5
20210106155612	5
20210106155612	5
20210106155612	5
20210106155612	5
20210106155612	5
20210106155612	5
20210106155612	5
20210106155612	5
20210106155612	5
20210106155612	5
20210106155612	5
20210106155612	5
20210106155612	5
20210106155612	5
20210106155612	5
20210106155612	5
20210106155612	5
20210106155612	5
20210106155612	5
20210106155612	5
20210106155612	5
20210106155612	5
20210106155612	5
20210106155612	5
20210106155612	5
20210106155612	5
20210106155612	5
20210106155612	5
20210106155612	5
20210106155612	5
20210106155612	5
20210106155612	5
20210106155612	5
20210106155613	5
20210106155613	5
20210106155613	5
20210106155613	5
20210106155613	5
20210106155613	5
20210106155613	5
20210106155613	5
20210106155613	5
20210106155613	5
20210106155613	5
20210106155613	5
20210106155613	5
20210106155613	5
20210106155613	5
20210106155613	5
20210106155613	5
20210106155613	5
20210106155613	5
20210106155613	5
20210106155613	5
20210106155613	5
20210106155613	5
20210106155613	5
20210106155613	5
20210106155613	5
20210106155613	5
20210106155613	5
20210106155613	5
20210106155613	5
20210106155613	5
20210106155613	5
20210106155613	5
20210106155613	5
20210106155613	5
20210106155613	5
20210106155613	5
20210106155613	5
20210106155614	5
20210106155614	5
20210106155614	5
20210106155614	5
20210106155614	5
20210106155614	5
20210106155614	5
20210106155614	5
20210106155614	5
20210106155614	5
20210106155614	5
20210106155614	5
20210106155614	5
20210106155614	5
20210106155614	5
20210106155614	5
20210106155614	5
20210106155614	5
20210106155614	5
20210106155614	5
20210106155614	5
20210106155614	5
20210106155614	5
20210106155614	5
20210106155614	5
20210106155614	5
20210106155614	5
20210106155614	5
20210106155614	5
20210106155614	5
20210106155614	5
20210106155614	5
20210106155614	5
20210106155614	5
20210106155614	5
20210106155614	5
20210106155614	5
20210106155614	5
20210106155614	5
20210106155614	5
20210106155614	5
20210106155614	5
20210106155614	5
20210106155614	5
20210106155614	5
20210106155614	5
20210106155615	5
20210106155615	5
20210106155615	5
20210106155615	5
20210106155615	5
20210106155615	5
20210106155615	5
20210106155615	5
20210106155615	5
20210106155615	5
20210106155615	5
20210106155615	5
20210106155615	5
20210106155615	5
20210106155615	5
20210106155615	5
20210106155615	5
20210106155615	5
20210106155615	5
20210106155615	5
20210106155615	5
20210106155615	5
20210106155615	5
20210106155615	5
20210106155615	5
20210106155615	5
20210106155615	5
20210106155615	5
20210106155615	5
20210106155615	5
20210106155615	5
20210106155615	5
20210106155615	5
20210106155615	5
20210106155615	5
20210106155615	5
20210106155615	5
20210106155615	5
20210106155615	5
20210106155615	5
20210106155615	5
20210106155615	5
20210106155615	5
20210106155615	5
20210106155615	5
20210106155615	5
20210106155615	5
20210106155615	5
20210106155615	5
20210106155615	5
20210106155615	5
20210106155615	5
20210106155616	5
20210106155616	5
20210106155616	5
20210106155616	5
20210106155616	5
20210106155616	5
20210106155616	5
20210106155616	5
20210106155616	5
20210106155616	5
20210106155616	5
20210106155616	5
20210106155616	5
20210106155616	5
20210106155616	5
20210106155616	5
20210106155616	5
20210106155616	5
20210106155616	5
20210106155616	5
20210106155616	5
20210106155616	5
20210106155616	5
20210106155616	5
20210106155616	5
20210106155616	5
20210106155617	5
20210106155617	5
20210106155617	5
20210106155617	5
20210106155617	5
20210106155617	5
20210106155617	5
20210106155617	5
20210106155617	5
20210106155617	5
20210106155617	5
20210106155617	5
20210106155617	5
20210106155617	5
20210106155617	5
20210106155617	5
20210106155617	5
20210106155617	5
20210106155617	5
20210106155617	5
20210106155617	5
20210106155617	5
20210106155617	5
20210106155617	5
20210106155617	5
20210106155617	5
20210106155617	5
20210106155617	5
20210106155617	5
20210106155618	5
20210106155618	5
20210106155618	5
20210106155618	5
20210106155618	5
20210106155618	5
20210106155618	5
20210106155618	5
20210106155618	5
20210106155618	5
20210106155618	5
20210106155618	5
20210106155618	5
20210106155618	5
20210106155618	5
20210106155618	5
20210106155618	5
20210106155618	5
20210106155618	5
20210106155618	5
20210106155618	5
20210106155618	5
20210106155618	5
20210106155618	5
20210106155618	5
20210106155618	5
20210106155618	5
20210106155618	5
20210106155618	5
20210106155618	5
20210106155618	5
20210106155618	5
20210106155618	5
20210106155618	5
20210106155618	5
20210106155618	5
20210106155618	5
20210106155618	5
20210106155618	5
20210106155618	5
20210106155618	5
20210106155618	5
20210106155618	5
20210106155618	5
20210106155618	5
20210106155618	5
20210106155618	5
20210106155618	5
20210106155618	5
20210106155618	5
20210106155618	5
20210106155619	5
20210106155619	5
20210106155619	5
20210106155619	5
20210106155619	5
20210106155619	5
20210106155619	5
20210106155619	5
20210106155619	5
20210106155619	5
20210106155619	5
20210106155619	5
20210106155619	5
20210106155619	5
20210106155619	5
20210106155619	5
20210106155619	5
20210106155619	5
20210106155619	5
20210106155619	5
20210106155619	5
20210106155619	5
20210106155619	5
20210106155619	5
20210106155619	5
20210106155619	5
20210106155619	5
20210106155619	5
20210106155619	5
20210106155619	5
20210106155619	5
20210106155619	5
20210106155619	5
20210106155619	5
20210106155619	5
20210106155619	5
20210106155619	5
20210106155619	5
20210106155619	5
20210106155619	5
20210106155620	5
20210106155620	5
20210106155620	5
20210106155620	5
20210106155620	5
20210106155620	5
20210106155620	5
20210106155620	5
20210106155620	5
20210106155620	5
20210106155620	5
20210106155620	5
20210106155620	5
20210106155620	5
20210106155620	5
20210106155620	5
20210106155620	5
20210106155620	5
20210106155620	5
20210106155620	5
20210106155620	5
20210106155620	5
20210106155620	5
20210106155620	5
20210106155620	5
20210106155620	5
20210106155620	5
20210106155620	5
20210106155620	5
20210106155620	5
20210106155620	5
20210106155620	5
20210106155620	5
20210106155620	5
20210106155620	5
20210106155620	5
20210106155620	5
20210106155620	5
20210106155620	5
20210106155620	5
20210106155620	5
20210106155620	5
20210106155620	5
20210106155620	5
20210106155620	5
20210106155620	5
20210106155620	5
20210106155620	5
20210106155620	5
20210106155620	5
20210106155620	5
20210106155620	5
20210106155620	5
20210106155620	5
20210106155620	5
20210106155620	5
20210106155620	5
20210106155620	5
20210106155620	5
20210106155620	5
20210106155620	5
20210106155620	5
20210106155620	5
20210106155620	5
20210106155621	5
20210106155621	5
20210106155621	5
20210106155621	5
20210106155621	5
20210106155621	5
20210106155621	5
20210106155621	5
20210106155621	5
20210106155621	5
20210106155621	5
20210106155621	5
20210106155621	5
20210106155621	5
20210106155621	5
20210106155621	5
20210106155621	5
20210106155621	5
20210106155621	5
20210106155621	5
20210106155621	5
20210106155621	5
20210106155621	5
20210106155621	5
20210106155621	5
20210106155621	5
20210106155621	5
20210106155621	5
20210106155622	5
20210106155622	5
20210106155622	5
20210106155622	5
20210106155622	5
20210106155622	5
20210106155622	5
20210106155622	5
20210106155622	5
20210106155622	5
20210106155622	5
20210106155622	5
20210106155622	5
20210106155622	5
20210106155622	5
20210106155622	5
20210106155622	5
20210106155622	5
20210106155622	5
20210106155622	5
20210106155622	5
20210106155622	5
20210106155622	5
20210106155622	5
20210106155622	5
20210106155622	5
20210106155622	5
20210106155622	5
20210106155623	5
20210106155623	5
20210106155623	5
20210106155623	5
20210106155623	5
20210106155623	5
20210106155623	5
20210106155623	5
20210106155623	5
20210106155623	5
20210106155623	5
20210106155623	5
20210106155623	5
20210106155623	5
20210106155623	5
20210106155623	5
20210106155623	5
20210106155623	5
20210106155623	5
20210106155623	5
20210106155623	5
20210106155623	5
20210106155623	5
20210106155623	5
20210106155623	5
20210106155623	5
20210106155623	5
20210106155623	5
20210106155623	5
20210106155623	5
20210106155623	5
20210106155623	5
20210106155623	5
20210106155623	5
20210106155623	5
20210106155623	5
20210106155623	5
20210106155623	5
20210106155623	5
20210106155623	5
20210106155623	5
20210106155623	5
20210106155623	5
20210106155623	5
20210106155623	5
20210106155623	5
20210106155623	5
20210106155623	5
20210106155624	5
20210106155624	5
20210106155624	5
20210106155624	5
20210106155624	5
20210106155624	5
20210106155624	5
20210106155624	5
20210106155624	5
20210106155624	5
20210106155624	5
20210106155624	5
20210106155624	5
20210106155624	5
20210106155624	5
20210106155624	5
20210106155624	5
20210106155624	5
20210106155624	5
20210106155624	5
20210106155624	5
20210106155624	5
20210106155624	5
20210106155624	5
20210106155624	5
20210106155624	5
20210106155624	5
20210106155624	5
20210106155624	5
20210106155624	5
20210106155624	5
20210106155624	5
20210106155624	5
20210106155624	5
20210106155624	5
20210106155624	5
20210106155624	5
20210106155624	5
20210106155624	5
20210106155624	5
20210106155624	5
20210106155624	5
20210106155624	5
20210106155624	5
20210106155625	5
20210106155625	5
20210106155625	5
20210106155625	5
20210106155625	5
20210106155625	5
20210106155625	5
20210106155625	5
20210106155625	5
20210106155625	5
20210106155625	5
20210106155625	5
20210106155625	5
20210106155625	5
20210106155625	5
20210106155625	5
20210106155625	5
20210106155625	5
20210106155625	5
20210106155625	5
20210106155625	5
20210106155625	5
20210106155625	5
20210106155625	5
20210106155625	5
20210106155625	5
20210106155625	5
20210106155625	5
20210106155625	5
20210106155626	5
20210106155626	5
20210106155626	5
20210106155626	5
20210106155626	5
20210106155626	5
20210106155626	5
20210106155626	5
20210106155626	5
20210106155626	5
20210106155626	5
20210106155626	5
20210106155626	5
20210106155626	5
20210106155626	5
20210106155626	5
20210106155626	5
20210106155626	5
20210106155626	5
20210106155626	5
20210106155626	5
20210106155626	5
20210106155626	5
20210106155626	5
20210106155626	5
20210106155626	5
20210106155626	5
20210106155626	5
20210106155626	5
20210106155626	5
20210106155626	5
20210106155626	5
20210106155626	5
20210106155626	5
20210106155626	5
20210106155626	5
20210106155626	5
20210106155626	5
20210106155626	5
20210106155626	5
20210106155626	5
20210106155627	5
20210106155627	5
20210106155627	5
20210106155627	5
20210106155627	5
20210106155627	5
20210106155627	5
20210106155627	5
20210106155627	5
20210106155627	5
20210106155627	5
20210106155627	5
20210106155627	5
20210106155627	5
20210106155627	5
20210106155627	5
20210106155627	5
20210106155627	5
20210106155627	5
20210106155627	5
20210106155627	5
20210106155627	5
20210106155627	5
20210106155627	5
20210106155627	5
20210106155627	5
20210106155627	5
20210106155627	5
20210106155627	5
20210106155627	5
20210106155627	5
20210106155627	5
20210106155627	5
20210106155627	5
20210106155627	5
20210106155627	5
20210106155627	5
20210106155627	5
20210106155627	5
20210106155627	5
20210106155627	5
20210106155627	5
20210106155627	5
20210106155627	5
20210106155627	5
20210106155627	5
20210106155627	5
20210106155627	5
20210106155627	5
20210106155627	5
20210106155627	5
20210106155628	5
20210106155628	5
20210106155628	5
20210106155628	5
20210106155628	5
20210106155628	5
20210106155628	5
20210106155628	5
20210106155628	5
20210106155628	5
20210106155628	5
20210106155628	5
20210106155628	5
20210106155628	5
20210106155628	5
20210106155628	5
20210106155628	5
20210106155628	5
20210106155628	5
20210106155628	5
20210106155628	5
20210106155628	5
20210106155628	5
20210106155628	5
20210106155628	5
20210106155628	5
20210106155628	5
20210106155628	5
20210106155628	5
20210106155628	5
20210106155628	5
20210106155628	5
20210106155628	5
20210106155628	5
20210106155628	5
20210106155628	5
20210106155628	5
20210106155628	5
20210106155628	5
20210106155628	5
20210106155628	5
20210106155628	5
20210106155628	5
20210106155629	5
20210106155629	5
20210106155629	5
20210106155629	5
20210106155629	5
20210106155629	5
20210106155629	5
20210106155629	5
20210106155629	5
20210106155629	5
20210106155629	5
20210106155629	5
20210106155629	5
20210106155629	5
20210106155629	5
20210106155629	5
20210106155629	5
20210106155629	5
20210106155629	5
20210106155629	5
20210106155629	5
20210106155629	5
20210106155629	5
20210106155629	5
20210106155629	5
20210106155629	5
20210106155629	5
20210106155629	5
20210106155629	5
20210106155629	5
20210106155629	5
20210106155629	5
20210106155629	5
20210106155629	5
20210106155629	5
20210106155629	5
20210106155629	5
20210106155629	5
20210106155629	5
20210106155629	5
20210106155629	5
20210106155629	5
20210106155629	5
20210106155630	5
20210106155630	5
20210106155630	5
20210106155630	5
20210106155630	5
20210106155630	5
20210106155630	5
20210106155630	5
20210106155630	5
20210106155630	5
20210106155630	5
20210106155630	5
20210106155630	5
20210106155630	5
20210106155630	5
20210106155630	5
20210106155630	5
20210106155630	5
20210106155630	5
20210106155630	5
20210106155630	5
20210106155630	5
20210106155630	5
20210106155630	5
20210106155630	5
20210106155630	5
20210106155630	5
20210106155630	5
20210106155630	5
20210106155630	5
20210106155630	5
20210106155631	5
20210106155631	5
20210106155631	5
20210106155631	5
20210106155631	5
20210106155631	5
20210106155631	5
20210106155631	5
20210106155631	5
20210106155631	5
20210106155631	5
20210106155631	5
20210106155631	5
20210106155631	5
20210106155631	5
20210106155631	5
20210106155631	5
20210106155631	5
20210106155631	5
20210106155631	5
20210106155631	5
20210106155631	5
20210106155631	5
20210106155631	5
20210106155631	5
20210106155631	5
20210106155631	5
20210106155631	5
20210106155631	5
20210106155631	5
20210106155631	5
20210106155631	5
20210106155631	5
20210106155631	5
20210106155631	5
20210106155631	5
20210106155631	5
20210106155631	5
20210106155631	5
20210106155631	5
20210106155631	5
20210106155631	5
20210106155631	5
20210106155631	5
20210106155631	5
20210106155631	5
20210106155631	5
20210106155631	5
20210106155631	5
20210106155631	5
20210106155631	5
20210106155631	5
20210106155632	5
20210106155632	5
20210106155632	5
20210106155632	5
20210106155632	5
20210106155632	5
20210106155632	5
20210106155632	5
20210106155632	5
20210106155632	5
20210106155632	5
20210106155632	5
20210106155632	5
20210106155632	5
20210106155632	5
20210106155632	5
20210106155632	5
20210106155632	5
20210106155632	5
20210106155632	5
20210106155632	5
20210106155632	5
20210106155632	5
20210106155632	5
20210106155632	5
20210106155632	5
20210106155632	5
20210106155632	5
20210106155633	5
20210106155633	5
20210106155633	5
20210106155633	5
20210106155633	5
20210106155633	5
20210106155633	5
20210106155633	5
20210106155633	5
20210106155633	5
20210106155633	5
20210106155633	5
20210106155633	5
20210106155633	5
20210106155633	5
20210106155633	5
20210106155633	5
20210106155633	5
20210106155633	5
20210106155633	5
20210106155633	5
20210106155633	5
20210106155634	5
20210106155634	5
20210106155634	5
20210106155634	5
20210106155634	5
20210106155634	5
20210106155634	5
20210106155634	5
20210106155634	5
20210106155634	5
20210106155634	5
20210106155634	5
20210106155634	5
20210106155634	5
20210106155634	5
20210106155634	5
20210106155634	5
20210106155634	5
20210106155634	5
20210106155634	5
20210106155634	5
20210106155634	5
20210106155634	5
20210106155634	5
20210106155634	5
20210106155634	5
20210106155634	5
20210106155634	5
20210106155634	5
20210106155634	5
20210106155634	5
20210106155634	5
20210106155634	5
20210106155634	5
20210106155634	5
20210106155634	5
20210106155634	5
20210106155634	5
20210106155634	5
20210106155634	5
20210106155634	5
20210106155634	5
20210106155634	5
20210106155634	5
20210106155635	5
20210106155635	5
20210106155635	5
20210106155635	5
20210106155635	5
20210106155635	5
20210106155635	5
20210106155635	5
20210106155635	5
20210106155635	5
20210106155635	5
20210106155635	5
20210106155635	5
20210106155635	5
20210106155635	5
20210106155635	5
20210106155635	5
20210106155635	5
20210106155635	5
20210106155635	5
20210106155635	5
20210106155635	5
20210106155635	5
20210106155635	5
20210106155635	5
20210106155635	5
20210106155635	5
20210106155635	5
20210106155635	5
20210106155635	5
20210106155635	5
20210106155635	5
20210106155635	5
20210106155635	5
20210106155635	5
20210106155635	5
20210106155635	5
20210106155635	5
20210106155635	5
20210106155635	5
20210106155635	5
20210106155635	5
20210106155635	5
20210106155635	5
20210106155635	5
20210106155635	5
20210106155635	5
20210106155635	5
20210106155635	5
20210106155635	5
20210106155635	5
20210106155635	5
20210106155635	5
20210106155635	5
20210106155635	5
20210106155635	5
20210106155635	5
20210106155635	5
20210106155636	5
20210106155636	5
20210106155636	5
20210106155636	5
20210106155636	5
20210106155636	5
20210106155636	5
20210106155636	5
20210106155636	5
20210106155636	5
20210106155636	5
20210106155636	5
20210106155636	5
20210106155636	5
20210106155636	5
20210106155636	5
20210106155636	5
20210106155636	5
20210106155636	5
20210106155636	5
20210106155636	5
20210106155636	5
20210106155636	5
20210106155636	5
20210106155636	5
20210106155636	5
20210106155636	5
20210106155636	5
20210106155636	5
20210106155636	5
20210106155636	5
20210106155636	5
20210106155636	5
20210106155636	5
20210106155636	5
20210106155636	5
20210106155636	5
20210106155636	5
20210106155636	5
20210106155636	5
20210106155636	5
20210106155636	5
20210106155636	5
20210106155636	5
20210106155636	5
20210106155636	5
20210106155636	5
20210106155636	5
20210106155636	5
20210106155636	5
20210106155636	5
20210106155636	5
20210106155637	5
20210106155637	5
20210106155637	5
20210106155637	5
20210106155637	5
20210106155637	5
20210106155637	5
20210106155637	5
20210106155637	5
20210106155637	5
20210106155637	5
20210106155637	5
20210106155637	5
20210106155637	5
20210106155637	5
20210106155637	5
20210106155637	5
20210106155637	5
20210106155637	5
20210106155637	5
20210106155637	5
20210106155637	5
20210106155637	5
20210106155637	5
20210106155637	5
20210106155637	5
20210106155637	5
20210106155637	5
20210106155637	5
20210106155637	5
20210106155637	5
20210106155637	5
20210106155637	5
20210106155637	5
20210106155637	5
20210106155637	5
20210106155637	5
20210106155637	5
20210106155637	5
20210106155637	5
20210106155637	5
20210106155637	5
20210106155637	5
20210106155637	5
20210106155638	5
20210106155638	5
20210106155638	5
20210106155638	5
20210106155638	5
20210106155638	5
20210106155638	5
20210106155638	5
20210106155638	5
20210106155638	5
20210106155638	5
20210106155638	5
20210106155638	5
20210106155638	5
20210106155638	5
20210106155638	5
20210106155638	5
20210106155638	5
20210106155638	5
20210106155638	5
20210106155638	5
20210106155638	5
20210106155638	5
20210106155638	5
20210106155638	5
20210106155638	5
20210106155638	5
20210106155638	5
20210106155638	5
20210106155638	5
20210106155638	5
20210106155638	5
20210106155638	5
20210106155638	5
20210106155638	5
20210106155638	5
20210106155638	5
20210106155638	5
20210106155638	5
20210106155638	5
20210106155638	5
20210106155638	5
20210106155638	5
20210106155638	5
20210106155638	5
20210106155638	5
20210106155638	5
20210106155638	5
20210106155639	5
20210106155639	5
20210106155639	5
20210106155639	5
20210106155639	5
20210106155639	5
20210106155639	5
20210106155639	5
20210106155639	5
20210106155639	5
20210106155639	5
20210106155639	5
20210106155639	5
20210106155639	5
20210106155639	5
20210106155639	5
20210106155639	5
20210106155639	5
20210106155639	5
20210106155639	5
20210106155639	5
20210106155639	5
20210106155640	5
20210106155640	5
20210106155640	5
20210106155640	5
20210106155640	5
20210106155640	5
20210106155640	5
20210106155640	5
20210106155640	5
20210106155640	5
20210106155640	5
20210106155640	5
20210106155640	5
20210106155640	5
20210106155640	5
20210106155640	5
20210106155640	5
20210106155640	5
20210106155640	5
20210106155640	5
20210106155640	5
20210106155640	5
20210106155640	5
20210106155640	5
20210106155640	5
20210106155640	5
20210106155640	5
20210106155640	5
20210106155640	5
20210106155640	5
20210106155640	5
20210106155640	5
20210106155640	5
20210106155640	5
20210106155640	5
20210106155640	5
20210106155640	5
20210106155640	5
20210106155640	5
20210106155640	5
20210106155640	5
20210106155640	5
20210106155640	5
20210106155640	5
20210106155640	5
20210106155640	5
20210106155641	5
20210106155641	5
20210106155641	5
20210106155641	5
20210106155641	5
20210106155641	5
20210106155641	5
20210106155641	5
20210106155641	5
20210106155641	5
20210106155641	5
20210106155641	5
20210106155641	5
20210106155641	5
20210106155641	5
20210106155641	5
20210106155641	5
20210106155641	5
20210106155641	5
20210106155641	5
20210106155641	5
20210106155641	5
20210106155641	5
20210106155641	5
20210106155641	5
20210106155641	5
20210106155641	5
20210106155641	5
20210106155641	5
20210106155641	5
20210106155641	5
20210106155641	5
20210106155641	5
20210106155641	5
20210106155641	5
20210106155641	5
20210106155641	5
20210106155641	5
20210106155641	5
20210106155641	5
20210106155641	5
20210106155641	5
20210106155641	5
20210106155641	5
20210106155641	5
20210106155641	5
20210106155641	5
20210106155641	5
20210106155641	5
20210106155641	5
20210106155641	5
20210106155641	5
20210106155641	5
20210106155641	5
20210106155641	5
20210106155641	5
20210106155641	5
20210106155641	5
20210106155641	5
20210106155641	5
20210106155641	5
20210106155641	5
20210106155641	5
20210106155641	5
20210106155641	5
20210106155641	5
20210106155641	5
20210106155641	5
20210106155641	5
20210106155641	5
20210106155641	5
20210106155641	5
20210106155641	5
20210106155641	5
20210106155642	5
20210106155642	5
20210106155642	5
20210106155642	5
20210106155642	5
20210106155642	5
20210106155642	5
20210106155642	5
20210106155642	5
20210106155642	5
20210106155642	5
20210106155642	5
20210106155642	5
20210106155642	5
20210106155642	5
20210106155642	5
20210106155642	5
20210106155642	5
20210106155642	5
20210106155642	5
20210106155642	5
20210106155642	5
20210106155642	5
20210106155642	5
20210106155642	5
20210106155642	5
20210106155642	5
20210106155642	5
20210106155642	5
20210106155642	5
20210106155642	5
20210106155642	5
20210106155642	5
20210106155642	5
20210106155642	5
20210106155642	5
20210106155642	5
20210106155642	5
20210106155642	5
20210106155642	5
20210106155642	5
20210106155642	5
20210106155642	5
20210106155642	5
20210106155642	5
20210106155642	5
20210106155642	5
20210106155642	5
20210106155642	5
20210106155642	5
20210106155643	5
20210106155643	5
20210106155643	5
20210106155643	5
20210106155643	5
20210106155643	5
20210106155643	5
20210106155643	5
20210106155643	5
20210106155643	5
20210106155643	5
20210106155643	5
20210106155643	5
20210106155643	5
20210106155643	5
20210106155643	5
20210106155643	5
20210106155643	5
20210106155643	5
20210106155643	5
20210106155643	5
20210106155643	5
20210106155643	5
20210106155643	5
20210106155643	5
20210106155643	5
20210106155643	5
20210106155643	5
20210106155643	5
20210106155643	5
20210106155643	5
20210106155643	5
20210106155643	5
20210106155643	5
20210106155643	5
20210106155643	5
20210106155643	5
20210106155643	5
20210106155643	5
20210106155643	5
20210106155643	5
20210106155643	5
20210106155643	5
20210106155643	5
20210106155643	5
20210106155643	5
20210106155643	5
20210106155643	5
20210106155643	5
20210106155643	5
20210106155643	5
20210106155643	5
20210106155643	5
20210106155643	5
20210106155643	5
20210106155643	5
20210106155643	5
20210106155643	5
20210106155643	5
20210106155643	5
20210106155643	5
20210106155643	5
20210106155643	5
20210106155644	5
20210106155644	5
20210106155644	5
20210106155644	5
20210106155644	5
20210106155644	5
20210106155644	5
20210106155644	5
20210106155644	5
20210106155644	5
20210106155644	5
20210106155644	5
20210106155644	5
20210106155644	5
20210106155644	5
20210106155644	5
20210106155644	5
20210106155644	5
20210106155644	5
20210106155644	5
20210106155644	5
20210106155644	5
20210106155644	5
20210106155644	5
20210106155644	5
20210106155644	5
20210106155644	5
20210106155644	5
20210106155644	5
20210106155644	5
20210106155644	5
20210106155644	5
20210106155644	5
20210106155644	5
20210106155644	5
20210106155644	5
20210106155644	5
20210106155644	5
20210106155644	5
20210106155644	5
20210106155644	5
20210106155645	5
20210106155645	5
20210106155645	5
20210106155645	5
20210106155645	5
20210106155645	5
20210106155645	5
20210106155645	5
20210106155645	5
20210106155645	5
20210106155645	5
20210106155645	5
20210106155645	5
20210106155645	5
20210106155645	5
20210106155645	5
20210106155645	5
20210106155645	5
20210106155645	5
20210106155645	5
20210106155645	5
20210106155645	5
20210106155645	5
20210106155645	5
20210106155645	5
20210106155645	5
20210106155645	5
20210106155645	5
20210106155645	5
20210106155645	5
20210106155645	5
20210106155645	5
20210106155645	5
20210106155645	5
20210106155645	5
20210106155645	5
20210106155645	5
20210106155645	5
20210106155645	5
20210106155645	5
20210106155645	5
20210106155645	5
20210106155645	5
20210106155645	5
20210106155645	5
20210106155645	5
20210106155645	5
20210106155645	5
20210106155645	5
20210106155645	5
20210106155645	5
20210106155645	5
20210106155645	5
20210106155646	5
20210106155646	5
20210106155646	5
20210106155646	5
20210106155646	5
20210106155646	5
20210106155646	5
20210106155646	5
20210106155646	5
20210106155646	5
20210106155646	5
20210106155646	5
20210106155646	5
20210106155646	5
20210106155646	5
20210106155646	5
20210106155646	5
20210106155646	5
20210106155646	5
20210106155646	5
20210106155646	5
20210106155646	5
20210106155646	5
20210106155646	5
20210106155646	5
20210106155646	5
20210106155646	5
20210106155646	5
20210106155646	5
20210106155646	5
20210106155646	5
20210106155646	5
20210106155646	5
20210106155646	5
20210106155646	5
20210106155646	5
20210106155646	5
20210106155646	5
20210106155646	5
20210106155646	5
20210106155646	5
20210106155646	5
20210106155647	5
20210106155647	5
20210106155647	5
20210106155647	5
20210106155647	5
20210106155647	5
20210106155647	5
20210106155647	5
20210106155647	5
20210106155647	5
20210106155647	5
20210106155647	5
20210106155647	5
20210106155647	5
20210106155647	5
20210106155647	5
20210106155647	5
20210106155647	5
20210106155647	5
20210106155647	5
20210106155647	5
20210106155647	5
20210106155647	5
20210106155647	5
20210106155647	5
20210106155647	5
20210106155647	5
20210106155647	5
20210106155647	5
20210106155647	5
20210106155647	5
