20210104225230	100
20210104225230	100
20210104225231	100
20210104225231	100
20210104225232	100
20210104225232	100
20210104225233	100
20210104225233	100
20210104225234	100
20210104225234	100
20210104225235	100
20210104225235	100
20210104225236	100
20210104225236	100
20210104225237	100
20210104225237	100
20210104225238	100
20210104225238	100
20210104225239	100
20210104225239	100
20210104225240	100
20210104225240	100
20210104225241	100
20210104225241	100
20210104225242	100
20210104225242	100
20210104225243	100
20210104225243	100
20210104225244	100
20210104225244	100
20210104225245	100
20210104225245	100
20210104225246	100
20210104225246	100
20210104225247	100
20210104225247	100
20210104225248	100
20210104225248	100
20210104225249	100
20210104225249	100
20210104225250	100
20210104225250	100
20210104225251	100
20210104225251	100
20210104225252	100
20210104225252	100
20210104225253	100
20210104225253	100
20210104225254	100
20210104225254	100
20210104225255	100
20210104225255	100
20210104225256	100
20210104225256	100
20210104225257	100
20210104225257	100
20210104225258	100
20210104225258	100
20210104225259	100
20210104225259	100
20210104225300	100
20210104225300	100
20210104225301	100
20210104225301	100
20210104225302	100
20210104225302	100
20210104225303	100
20210104225303	100
20210104225304	100
20210104225304	100
20210104225305	100
20210104225305	100
20210104225306	100
20210104225306	100
20210104225307	100
20210104225307	100
20210104225308	100
20210104225308	100
20210104225309	100
20210104225309	100
20210104225310	100
20210104225310	100
20210104225311	100
20210104225311	100
20210104225312	100
20210104225312	100
20210104225313	100
20210104225313	100
20210104225314	100
20210104225314	100
20210104225315	100
20210104225315	100
20210104225316	100
20210104225316	100
20210104225317	100
20210104225317	100
20210104225318	100
20210104225318	100
20210104225319	100
20210104225319	100
20210104225320	100
20210104225320	100
20210104225321	100
20210104225321	100
20210104225322	100
20210104225322	100
20210104225323	100
20210104225323	100
20210104225324	100
20210104225324	100
20210104225325	100
20210104225325	100
20210104225326	100
20210104225326	100
20210104225327	100
20210104225327	100
20210104225328	100
20210104225328	100
20210104225329	100
20210104225329	100
20210104225330	100
20210104225330	100
20210104225331	100
20210104225331	100
20210104225332	100
20210104225332	100
20210104225333	100
20210104225333	100
20210104225334	100
20210104225334	100
20210104225335	100
20210104225335	100
20210104225336	100
20210104225336	100
20210104225337	100
20210104225337	100
20210104225338	100
20210104225338	100
20210104225339	100
20210104225339	100
20210104225340	100
20210104225340	100
20210104225341	100
20210104225341	100
20210104225342	100
20210104225342	100
20210104225343	100
20210104225343	100
20210104225344	100
20210104225344	100
20210104225345	100
20210104225345	100
20210104225346	100
20210104225346	100
20210104225347	100
20210104225347	100
20210104225348	100
20210104225348	100
20210104225349	100
20210104225349	100
20210104225350	100
20210104225350	100
20210104225351	100
20210104225351	100
20210104225352	100
20210104225352	100
20210104225353	100
20210104225353	100
20210104225354	100
20210104225354	100
20210104225355	100
20210104225355	100
20210104225356	100
20210104225356	100
20210104225357	100
20210104225357	100
20210104225358	100
20210104225358	100
20210104225359	100
20210104225359	100
20210104225400	100
20210104225400	100
20210104225401	100
20210104225401	100
20210104225402	100
20210104225402	100
20210104225403	100
20210104225403	100
20210104225404	100
20210104225404	100
20210104225405	100
20210104225405	100
20210104225406	100
20210104225406	100
20210104225407	100
20210104225407	100
20210104225408	100
20210104225408	100
20210104225409	100
20210104225409	100
20210104225410	100
20210104225410	100
20210104225411	100
20210104225411	100
20210104225412	100
20210104225412	100
20210104225413	100
20210104225413	100
20210104225414	100
20210104225414	100
20210104225415	100
20210104225415	100
20210104225416	100
20210104225416	100
20210104225417	100
20210104225417	100
20210104225418	100
20210104225418	100
20210104225419	100
20210104225419	100
20210104225420	100
20210104225420	100
20210104225421	100
20210104225421	100
20210104225422	100
