20210115151700	100
20210115151701	100
20210115151701	100
20210115151702	100
20210115151702	100
20210115151703	100
20210115151703	100
20210115151704	100
20210115151704	100
20210115151705	100
20210115151705	100
20210115151706	100
20210115151706	100
20210115151707	100
20210115151707	100
20210115151708	100
20210115151708	100
20210115151709	100
20210115151709	100
20210115151710	100
20210115151710	100
20210115151711	100
20210115151711	100
20210115151712	100
20210115151712	100
20210115151713	100
20210115151713	100
20210115151714	100
20210115151714	100
20210115151715	100
20210115151715	100
20210115151716	100
20210115151716	100
20210115151717	100
20210115151717	100
20210115151718	100
20210115151718	100
20210115151719	100
20210115151719	100
20210115151720	100
20210115151720	100
20210115151721	100
20210115151721	100
20210115151722	100
20210115151722	100
20210115151723	100
20210115151723	100
20210115151724	100
20210115151724	100
20210115151725	100
20210115151725	100
20210115151726	100
20210115151726	100
20210115151727	100
20210115151727	100
20210115151728	100
20210115151728	100
20210115151729	100
20210115151729	100
20210115151730	100
20210115151730	100
20210115151731	100
20210115151731	100
20210115151732	100
20210115151732	100
20210115151733	100
20210115151733	100
20210115151734	100
20210115151734	100
20210115151735	100
20210115151735	100
20210115151736	100
20210115151736	100
20210115151737	100
20210115151737	100
20210115151738	100
20210115151738	100
20210115151739	100
20210115151739	100
20210115151740	100
20210115151740	100
20210115151741	100
20210115151741	100
20210115151742	100
20210115151742	100
20210115151743	100
20210115151743	100
20210115151744	100
20210115151744	100
20210115151745	100
20210115151745	100
20210115151746	100
20210115151746	100
20210115151747	100
20210115151747	100
20210115151748	100
20210115151748	100
20210115151749	100
20210115151749	100
20210115151750	100
20210115151750	100
20210115151751	100
20210115151751	100
20210115151752	100
20210115151752	100
20210115151753	100
20210115151753	100
20210115151754	100
20210115151754	100
20210115151755	100
20210115151755	100
20210115151756	100
20210115151756	100
20210115151757	100
20210115151757	100
20210115151758	100
20210115151758	100
20210115151759	100
20210115151759	100
20210115151800	100
20210115151800	100
20210115151801	100
20210115151801	100
20210115151802	100
20210115151802	100
20210115151803	100
20210115151803	100
20210115151804	100
20210115151804	100
20210115151805	100
20210115151805	100
20210115151806	100
20210115151806	100
20210115151807	100
20210115151807	100
20210115151808	100
20210115151808	100
20210115151809	100
20210115151809	100
20210115151810	100
20210115151810	100
20210115151811	100
20210115151811	100
20210115151812	100
20210115151812	100
20210115151813	100
20210115151813	100
20210115151814	100
20210115151814	100
20210115151815	100
20210115151815	100
20210115151816	100
20210115151816	100
20210115151817	100
20210115151817	100
20210115151818	100
20210115151818	100
20210115151819	100
20210115151819	100
20210115151820	100
20210115151820	100
20210115151821	100
20210115151821	100
20210115151822	100
20210115151822	100
20210115151823	100
20210115151823	100
20210115151824	100
20210115151824	100
20210115151825	100
20210115151825	100
20210115151826	100
20210115151826	100
20210115151827	100
20210115151827	100
20210115151828	100
20210115151828	100
20210115151829	100
20210115151829	100
20210115151830	100
20210115151830	100
20210115151831	100
20210115151831	100
20210115151832	100
20210115151832	100
20210115151833	100
20210115151833	100
20210115151834	100
20210115151834	100
20210115151835	100
20210115151835	100
20210115151836	100
20210115151836	100
20210115151837	100
20210115151837	100
20210115151838	100
20210115151838	100
20210115151839	100
20210115151839	100
20210115151840	100
20210115151840	100
20210115151841	100
20210115151841	100
20210115151842	100
20210115151842	100
20210115151843	100
20210115151843	100
20210115151844	100
20210115151844	100
20210115151845	100
20210115151845	100
20210115151846	100
20210115151846	100
20210115151847	100
20210115151847	100
20210115151848	100
20210115151848	100
20210115151849	100
20210115151849	100
20210115151850	100
20210115151850	100
20210115151851	100
20210115151851	100
20210115151852	100
20210115151852	100
20210115151853	100
20210115151853	100
20210115151854	100
20210115151854	100
20210115151855	100
20210115151855	100
20210115151856	100
20210115151856	100
20210115151857	100
20210115151857	100
20210115151858	100
20210115151858	100
20210115151859	100
20210115151859	100
20210115151900	100
20210115151900	100
20210115151901	100
20210115151901	100
20210115151902	100
20210115151902	100
20210115151903	100
20210115151903	100
20210115151904	100
20210115151904	100
20210115151905	100
20210115151905	100
20210115151906	100
20210115151906	100
20210115151907	100
20210115151907	100
20210115151908	100
20210115151908	100
20210115151909	100
20210115151909	100
20210115151910	100
20210115151910	100
20210115151911	100
20210115151911	100
20210115151912	100
20210115151912	100
20210115151913	100
20210115151913	100
20210115151914	100
20210115151914	100
20210115151915	100
20210115151915	100
20210115151916	100
20210115151916	100
20210115151917	100
20210115151917	100
20210115151918	100
20210115151918	100
20210115151919	100
20210115151919	100
20210115151920	100
20210115151920	100
20210115151921	100
20210115151921	100
20210115151922	100
20210115151922	100
20210115151923	100
20210115151923	100
20210115151924	100
20210115151924	100
20210115151925	100
20210115151925	100
20210115151926	100
20210115151926	100
20210115151927	100
20210115151927	100
20210115151928	100
20210115151928	100
20210115151929	100
20210115151929	100
20210115151930	100
20210115151930	100
20210115151931	100
20210115151931	100
20210115151932	100
20210115151932	100
20210115151933	100
20210115151933	100
20210115151934	100
20210115151934	100
20210115151935	100
20210115151935	100
20210115151936	100
20210115151936	100
20210115151937	100
20210115151937	100
20210115151938	100
20210115151938	100
20210115151939	100
20210115151939	100
20210115151940	100
20210115151940	100
20210115151941	100
20210115151941	100
20210115151942	100
20210115151942	100
20210115151943	100
20210115151943	100
20210115151944	100
20210115151944	100
20210115151945	100
20210115151945	100
20210115151946	100
20210115151946	100
20210115151947	100
20210115151947	100
20210115151948	100
20210115151948	100
20210115151949	100
20210115151949	100
20210115151950	100
20210115151950	100
20210115151951	100
20210115151951	100
20210115151952	100
20210115151952	100
20210115151953	100
20210115151953	100
20210115151954	100
20210115151954	100
20210115151955	100
20210115151955	100
20210115151956	100
20210115151956	100
20210115151957	100
20210115151957	100
20210115151958	100
20210115151958	100
20210115151959	100
20210115151959	100
20210115152000	100
20210115152000	100
20210115152001	100
20210115152001	100
20210115152002	100
20210115152002	100
20210115152003	100
20210115152003	100
20210115152004	100
20210115152004	100
20210115152005	100
20210115152005	100
20210115152006	100
20210115152006	100
20210115152007	100
20210115152007	100
20210115152008	100
20210115152008	100
20210115152009	100
20210115152009	100
20210115152010	100
20210115152010	100
20210115152011	100
20210115152011	100
20210115152012	100
20210115152012	100
20210115152013	100
20210115152013	100
20210115152014	100
20210115152014	100
20210115152015	100
20210115152015	100
20210115152016	100
20210115152016	100
20210115152017	100
20210115152017	100
20210115152018	100
20210115152018	100
20210115152019	100
20210115152019	100
20210115152020	100
20210115152020	100
20210115152021	100
20210115152021	100
20210115152022	100
20210115152022	100
20210115152023	100
20210115152023	100
20210115152024	100
20210115152024	100
20210115152025	100
20210115152025	100
20210115152026	100
20210115152026	100
20210115152027	100
20210115152027	100
20210115152028	100
20210115152028	100
20210115152029	100
20210115152029	100
20210115152030	100
20210115152030	100
20210115152031	100
20210115152031	100
20210115152032	100
20210115152032	100
20210115152033	100
20210115152033	100
20210115152034	100
20210115152034	100
20210115152035	100
20210115152035	100
20210115152036	100
20210115152036	100
20210115152037	100
20210115152037	100
20210115152038	100
20210115152038	100
20210115152039	100
20210115152039	100
20210115152040	100
20210115152040	100
20210115152041	100
20210115152041	100
20210115152042	100
20210115152042	100
20210115152043	100
20210115152043	100
20210115152044	100
20210115152044	100
20210115152045	100
20210115152045	100
20210115152046	100
20210115152046	100
20210115152047	100
20210115152047	100
20210115152048	100
20210115152048	100
20210115152049	100
20210115152049	100
20210115152050	100
20210115152050	100
20210115152051	100
20210115152051	100
20210115152052	100
20210115152052	100
20210115152053	100
20210115152053	100
20210115152054	100
20210115152054	100
20210115152055	100
20210115152055	100
20210115152056	100
20210115152056	100
20210115152057	100
20210115152057	100
