20210115145904	100
20210115145904	100
20210115145905	100
20210115145905	100
20210115145906	100
20210115145906	100
20210115145907	100
20210115145907	100
20210115145908	100
20210115145908	100
20210115145909	100
20210115145909	100
20210115145910	100
20210115145910	100
20210115145911	100
20210115145911	100
20210115145912	100
20210115145912	100
20210115145913	100
20210115145913	100
20210115145914	100
20210115145914	100
20210115145915	100
20210115145915	100
20210115145916	100
20210115145916	100
20210115145917	100
20210115145917	100
20210115145918	100
20210115145918	100
20210115145919	100
20210115145919	100
20210115145920	100
20210115145920	100
20210115145921	100
20210115145921	100
20210115145922	100
20210115145922	100
20210115145923	100
20210115145923	100
20210115145924	100
20210115145924	100
20210115145925	100
20210115145925	100
20210115145926	100
20210115145926	100
20210115145927	100
20210115145927	100
20210115145928	100
20210115145928	100
20210115145929	100
20210115145929	100
20210115145930	100
20210115145930	100
20210115145931	100
20210115145931	100
20210115145932	100
20210115145932	100
20210115145933	100
20210115145933	100
20210115145934	100
20210115145934	100
20210115145935	100
20210115145935	100
20210115145936	100
20210115145936	100
20210115145937	100
20210115145937	100
20210115145938	100
20210115145938	100
20210115145939	100
20210115145939	100
20210115145940	100
20210115145940	100
20210115145941	100
20210115145941	100
20210115145942	100
20210115145942	100
20210115145943	100
20210115145943	100
20210115145944	100
20210115145944	100
20210115145945	100
20210115145945	100
20210115145946	100
20210115145946	100
20210115145947	100
20210115145947	100
20210115145948	100
20210115145948	100
20210115145949	100
20210115145949	100
20210115145950	100
20210115145950	100
20210115145951	100
20210115145951	100
20210115145952	100
20210115145952	100
20210115145953	100
20210115145953	100
20210115145954	100
20210115145954	100
20210115145955	100
20210115145955	100
20210115145956	100
20210115145956	100
20210115145957	100
20210115145957	100
20210115145958	100
20210115145958	100
20210115145959	100
20210115145959	100
20210115150000	100
20210115150000	100
20210115150001	100
20210115150001	100
20210115150002	100
20210115150002	100
20210115150003	100
20210115150003	100
20210115150004	100
20210115150004	100
20210115150005	100
20210115150005	100
20210115150006	100
20210115150006	100
20210115150007	100
20210115150007	100
20210115150008	100
20210115150008	100
20210115150009	100
20210115150009	100
20210115150010	100
20210115150010	100
20210115150011	100
20210115150011	100
20210115150012	100
20210115150012	100
20210115150013	100
20210115150013	100
20210115150014	100
20210115150014	100
20210115150015	100
20210115150015	100
20210115150016	100
20210115150016	100
20210115150017	100
20210115150017	100
20210115150018	100
20210115150018	100
20210115150019	100
20210115150019	100
20210115150020	100
20210115150020	100
20210115150021	100
20210115150021	100
20210115150022	100
20210115150022	100
20210115150023	100
20210115150023	100
20210115150024	100
20210115150024	100
20210115150025	100
20210115150025	100
20210115150026	100
20210115150026	100
20210115150027	100
20210115150027	100
20210115150028	100
20210115150028	100
20210115150029	100
20210115150029	100
20210115150030	100
20210115150030	100
20210115150031	100
20210115150031	100
20210115150032	100
20210115150032	100
20210115150033	100
20210115150033	100
20210115150034	100
20210115150034	100
20210115150035	100
20210115150035	100
20210115150036	100
20210115150036	100
20210115150037	100
20210115150037	100
20210115150038	100
20210115150038	100
20210115150039	100
20210115150039	100
20210115150040	100
20210115150040	100
20210115150041	100
20210115150041	100
20210115150042	100
20210115150042	100
20210115150043	100
20210115150043	100
20210115150044	100
20210115150044	100
20210115150045	100
20210115150045	100
20210115150046	100
20210115150046	100
20210115150047	100
20210115150047	100
20210115150048	100
20210115150048	100
20210115150049	100
20210115150049	100
20210115150050	100
20210115150050	100
20210115150051	100
20210115150051	100
20210115150052	100
20210115150052	100
20210115150053	100
20210115150053	100
20210115150054	100
20210115150054	100
20210115150055	100
20210115150055	100
20210115150056	100
20210115150056	100
20210115150057	100
20210115150057	100
20210115150058	100
20210115150058	100
20210115150059	100
20210115150059	100
20210115150100	100
20210115150100	100
20210115150101	100
20210115150101	100
20210115150102	100
20210115150102	100
20210115150103	100
20210115150103	100
20210115150104	100
20210115150104	100
20210115150105	100
20210115150105	100
20210115150106	100
20210115150106	100
20210115150107	100
20210115150107	100
20210115150108	100
20210115150108	100
20210115150109	100
20210115150109	100
20210115150110	100
20210115150110	100
20210115150111	100
20210115150111	100
20210115150112	100
20210115150112	100
20210115150113	100
20210115150113	100
20210115150114	100
20210115150114	100
20210115150115	100
20210115150115	100
20210115150116	100
20210115150116	100
20210115150117	100
20210115150117	100
20210115150118	100
20210115150118	100
20210115150119	100
20210115150119	100
20210115150120	100
20210115150120	100
20210115150121	100
20210115150121	100
20210115150122	100
20210115150122	100
20210115150123	100
20210115150123	100
20210115150124	100
20210115150124	100
20210115150125	100
20210115150125	100
20210115150126	100
20210115150126	100
20210115150127	100
20210115150127	100
20210115150128	100
20210115150128	100
20210115150129	100
20210115150129	100
20210115150130	100
20210115150130	100
20210115150131	100
20210115150131	100
20210115150132	100
20210115150132	100
20210115150133	100
20210115150133	100
20210115150134	100
20210115150134	100
20210115150135	100
20210115150135	100
20210115150136	100
20210115150136	100
20210115150137	100
20210115150137	100
20210115150138	100
20210115150138	100
20210115150139	100
20210115150139	100
20210115150140	100
20210115150140	100
20210115150141	100
20210115150141	100
20210115150142	100
20210115150142	100
20210115150143	100
20210115150143	100
20210115150144	100
20210115150144	100
20210115150145	100
20210115150145	100
20210115150146	100
20210115150146	100
20210115150147	100
20210115150147	100
20210115150148	100
20210115150148	100
20210115150149	100
20210115150149	100
20210115150150	100
20210115150150	100
20210115150151	100
20210115150151	100
20210115150152	100
20210115150152	100
20210115150153	100
20210115150153	100
20210115150154	100
20210115150154	100
20210115150155	100
20210115150155	100
20210115150156	100
20210115150156	100
20210115150157	100
20210115150157	100
20210115150158	100
20210115150158	100
20210115150159	100
20210115150159	100
20210115150200	100
20210115150200	100
20210115150201	100
20210115150201	100
20210115150202	100
20210115150202	100
20210115150203	100
20210115150203	100
20210115150204	100
20210115150204	100
20210115150205	100
20210115150205	100
20210115150206	100
20210115150206	100
20210115150207	100
20210115150207	100
20210115150208	100
20210115150208	100
20210115150209	100
20210115150209	100
20210115150210	100
20210115150210	100
20210115150211	100
20210115150211	100
20210115150212	100
20210115150212	100
20210115150213	100
20210115150213	100
20210115150214	100
20210115150214	100
20210115150215	100
20210115150215	100
20210115150216	100
20210115150216	100
20210115150217	100
20210115150217	100
20210115150218	100
20210115150218	100
20210115150219	100
20210115150219	100
20210115150220	100
20210115150220	100
20210115150221	100
20210115150221	100
20210115150222	100
20210115150222	100
20210115150223	100
20210115150223	100
20210115150224	100
20210115150224	100
20210115150225	100
20210115150225	100
20210115150226	100
20210115150226	100
20210115150227	100
20210115150227	100
20210115150228	100
20210115150228	100
20210115150229	100
20210115150229	100
20210115150230	100
20210115150230	100
20210115150231	100
20210115150231	100
20210115150232	100
20210115150232	100
20210115150233	100
20210115150233	100
20210115150234	100
20210115150234	100
20210115150235	100
20210115150235	100
20210115150236	100
20210115150236	100
20210115150237	100
20210115150237	100
20210115150238	100
20210115150238	100
20210115150239	100
20210115150239	100
20210115150240	100
20210115150240	100
20210115150241	100
20210115150241	100
20210115150242	100
20210115150242	100
20210115150243	100
20210115150243	100
20210115150244	100
20210115150244	100
20210115150245	100
20210115150245	100
20210115150246	100
20210115150246	100
20210115150247	100
20210115150247	100
20210115150248	100
20210115150248	100
20210115150249	100
20210115150249	100
20210115150250	100
20210115150250	100
20210115150251	100
20210115150251	100
20210115150252	100
20210115150252	100
20210115150253	100
20210115150253	100
20210115150254	100
20210115150254	100
20210115150255	100
20210115150255	100
20210115150256	100
20210115150256	100
20210115150257	100
20210115150257	100
20210115150258	100
20210115150258	100
20210115150259	100
20210115150259	100
20210115150300	100
20210115150300	100
20210115150301	100
20210115150301	100
20210115150302	100
20210115150302	100
20210115150303	100
20210115150303	100
20210115150304	100
20210115150304	100
20210115150305	100
20210115150305	100
20210115150306	100
20210115150306	100
20210115150307	100
20210115150307	100
20210115150308	100
20210115150308	100
20210115150309	100
20210115150309	100
20210115150310	100
20210115150310	100
20210115150311	100
20210115150311	100
20210115150312	100
20210115150312	100
20210115150313	100
20210115150313	100
20210115150314	100
