[35m[1mScanning dependencies of target processer[0m
[ 11%] [32mBuilding CXX object CMakeFiles/processer.dir/src/processer.cpp.o[0m
[ 11%] Built target _processer_generate_messages_check_deps_uavflag
[ 11%] Built target std_msgs_generate_messages_cpp
[ 11%] Built target std_msgs_generate_messages_nodejs
[ 11%] Built target std_msgs_generate_messages_lisp
[ 11%] Built target std_msgs_generate_messages_eus
[ 11%] Built target std_msgs_generate_messages_py
[ 22%] [34m[1mGenerating C++ code from processer/uavflag.msg[0m
[ 33%] [34m[1mGenerating Javascript code from processer/uavflag.msg[0m
[ 33%] Built target processer_generate_messages_cpp
[ 44%] [34m[1mGenerating Lisp code from processer/uavflag.msg[0m
[ 44%] Built target processer_generate_messages_nodejs
[ 44%] Built target processer_generate_messages_lisp
[ 55%] [34m[1mGenerating EusLisp code from processer/uavflag.msg[0m
[ 66%] Built target processer_generate_messages_eus
[ 77%] [34m[1mGenerating Python from MSG processer/uavflag[0m
[ 88%] [34m[1mGenerating Python msg __init__.py for processer[0m
[ 88%] Built target processer_generate_messages_py
[ 88%] Built target processer_generate_messages
[100%] [32m[1mLinking CXX executable /home/fengxuewei/GitHub/uav_project_1/AutoLanding/AutoLanding/devel/.private/processer/lib/processer/processer[0m
[100%] Built target processer
