20210122161501	0
20210122161502	0
20210122161504	0
20210122161505	0
20210122161506	0
20210122161507	0
20210122161508	0
20210122161509	0
20210122161511	0
20210122161512	0
20210122161513	0
20210122161515	0
20210122161516	0
20210122161517	0
20210122161519	0
20210122161519	0
20210122161520	0
20210122161522	0
20210122161523	0
20210122161525	0
20210122161526	0
20210122161528	0
20210122161528	0
20210122161529	0
20210122161530	0
20210122161532	0
20210122161533	0
20210122161534	0
20210122161535	0
20210122161536	0
20210122161537	0
20210122161539	0
20210122161540	0
20210122161541	0
20210122161542	0
20210122161544	0
20210122161545	0
20210122161546	0
20210122161547	0
20210122161548	0
20210122161549	0
20210122161551	0
20210122161552	0
20210122161553	0
20210122161554	0
20210122161555	0
20210122161556	0
20210122161557	0
20210122161559	0
20210122161600	0
20210122161601	0
20210122161603	0
20210122161604	0
20210122161719	0
20210122161720	0
20210122161722	0
20210122161723	0
20210122161724	0
20210122161725	0
20210122161726	0
20210122161727	0
20210122161728	0
20210122161729	0
20210122161730	0
20210122161732	0
20210122161733	0
20210122161734	0
20210122161735	0
20210122161737	0
20210122161738	0
20210122161739	0
20210122161739	0
20210122161741	0
20210122161742	0
20210122161743	0
20210122161816	0
20210122161817	0
20210122161818	0
20210122161820	0
20210122161821	0
20210122161822	0
20210122161823	0
20210122161824	0
20210122161825	0
20210122161826	0
20210122161827	0
20210122161828	0
20210122161830	0
20210122161831	0
20210122161832	0
20210122161833	0
20210122161834	0
20210122161836	0
20210122161837	0
20210122161838	0
20210122161839	0
20210122161841	0
20210122161842	0
20210122161844	0
20210122161844	0
20210122161846	0
20210122161847	0
20210122161848	0
20210122161849	0
20210122161851	0
20210122161852	0
20210122161853	0
20210122161855	0
20210122161856	0
20210122161857	0
20210122161858	0
20210122161859	0
20210122161900	0
20210122161902	0
20210122161903	0
20210122161904	0
20210122161905	0
20210122161907	0
20210122161908	0
20210122161909	0
20210122161911	0
20210122161912	0
20210122161913	0
20210122161914	0
20210122161915	0
20210122161916	0
20210122161918	0
20210122162341	0
20210122162343	0
20210122162344	0
20210122162345	0
20210122162346	0
20210122162347	0
20210122162348	0
20210122162349	0
20210122162350	0
20210122162351	0
20210122162353	0
20210122162354	0
20210122162355	0
20210122162356	0
