20210104213925	4.15912
20210104213925	4.65178
20210104213925	4.65178
20210104213926	4.65178
20210104213926	4.65178
20210104213926	5.26828
20210104213926	5.26828
20210104213926	5.26828
20210104213926	5.7633
20210104213926	5.7633
20210104213926	5.7633
20210104213926	6.25901
20210104213926	6.25901
20210104213926	6.25901
20210104213926	6.25901
20210104213926	6.75493
20210104213926	6.75493
20210104213926	6.75493
20210104213926	7.25102
20210104213926	7.25102
20210104213926	7.25102
20210104213926	7.74728
20210104213926	7.74728
20210104213926	7.74728
20210104213926	7.74728
20210104213926	8.36778
20210104213926	8.36778
20210104213926	8.36778
20210104213926	8.86439
20210104213926	8.86439
20210104213926	8.86439
20210104213926	9.36117
20210104213926	9.36117
20210104213926	9.36117
20210104213926	9.36117
20210104213926	9.85794
20210104213926	9.85794
20210104213926	9.85794
20210104213926	10.3547
20210104213926	10.3547
20210104213926	10.8515
20210104213926	10.8515
20210104213926	10.8515
20210104213926	10.8515
20210104213926	11.4722
20210104213926	11.4722
20210104213926	11.4722
20210104213926	11.4722
20210104213926	11.9693
20210104213926	11.9693
20210104213926	11.9693
20210104213926	12.4667
20210104213926	12.4667
20210104213926	12.4667
20210104213926	12.9638
20210104213926	12.9638
20210104213926	12.9638
20210104213926	13.4606
20210104213926	13.4606
20210104213927	13.4606
20210104213927	13.4606
20210104213927	13.957
20210104213927	13.957
20210104213927	13.957
20210104213927	13.957
20210104213927	14.577
20210104213927	14.577
20210104213927	14.577
20210104213927	15.0728
20210104213927	15.0728
20210104213927	15.0728
20210104213927	15.5689
20210104213927	15.5689
20210104213927	15.5689
20210104213927	16.0644
20210104213927	16.0644
20210104213927	16.0644
20210104213927	16.0644
20210104213927	16.6828
20210104213927	16.6828
20210104213927	16.6828
20210104213927	17.0534
20210104213927	17.0534
20210104213927	17.0534
20210104213927	17.6701
20210104213927	17.6701
20210104213927	17.6701
20210104213927	17.6701
20210104213927	18.1626
20210104213927	18.1626
20210104213927	18.1626
20210104213927	18.1626
20210104213927	18.6538
20210104213927	18.6538
20210104213927	18.6538
20210104213927	19.2667
20210104213927	19.2667
20210104213927	19.2667
20210104213927	19.6339
20210104213927	19.6339
20210104213927	19.6339
20210104213927	20.1225
20210104213927	20.1225
20210104213927	20.1225
20210104213927	20.732
20210104213927	20.732
20210104213927	20.732
20210104213927	20.732
20210104213927	21.2185
20210104213928	21.2185
20210104213928	21.2185
20210104213928	21.2185
20210104213928	21.7043
20210104213928	21.7043
20210104213928	22.1889
20210104213928	22.1889
20210104213928	22.1889
20210104213928	22.1889
20210104213928	22.793
20210104213928	22.793
20210104213928	22.793
20210104213928	23.1546
20210104213928	23.1546
20210104213928	23.1546
20210104213928	23.7557
20210104213928	23.7557
20210104213928	23.7557
20210104213928	23.7557
20210104213928	24.235
20210104213928	24.235
20210104213928	24.235
20210104213928	24.7147
20210104213928	24.7147
20210104213928	24.7147
20210104213928	25.1928
20210104213928	25.1928
20210104213928	25.1928
20210104213928	25.1928
20210104213928	25.6692
20210104213928	25.6692
20210104213928	25.6692
20210104213928	26.1441
20210104213928	26.1441
20210104213928	26.1441
20210104213928	26.1441
20210104213928	26.7352
20210104213928	26.7352
20210104213928	26.7352
20210104213928	27.2062
20210104213928	27.2062
20210104213928	27.2062
20210104213929	27.6761
20210104213929	27.6761
20210104213929	27.6761
20210104213929	28.1442
20210104213929	28.1442
20210104213929	28.1442
20210104213929	28.1442
20210104213929	28.1442
20210104213929	28.6104
20210104213929	28.6104
20210104213929	29.0746
20210104213929	29.0746
20210104213929	29.0746
20210104213929	29.0746
20210104213929	29.652
20210104213929	29.652
20210104213929	29.652
20210104213929	30.1115
20210104213929	30.1115
20210104213929	30.1115
20210104213929	30.5689
20210104213929	30.5689
20210104213929	30.5689
20210104213929	31.024
20210104213929	31.024
20210104213929	31.024
20210104213929	31.024
20210104213929	31.477
20210104213929	31.477
20210104213929	31.477
20210104213929	31.9276
20210104213929	31.9276
20210104213929	31.9276
20210104213929	32.4877
20210104213929	32.4877
20210104213929	32.4877
20210104213929	32.4877
20210104213929	32.933
20210104213929	32.933
20210104213929	32.933
20210104213929	33.3762
20210104213929	33.3762
20210104213929	33.3762
20210104213929	33.817
20210104213929	33.817
20210104213929	33.817
20210104213929	33.817
20210104213929	34.2552
20210104213929	34.2552
20210104213929	34.2552
20210104213930	34.6907
20210104213930	34.6907
20210104213930	34.6907
20210104213930	35.231
20210104213930	35.231
20210104213930	35.231
20210104213930	35.231
20210104213930	35.6601
20210104213930	35.6601
20210104213930	35.6601
20210104213930	36.0868
20210104213930	36.0868
20210104213930	36.0868
20210104213930	36.5109
20210104213930	36.5109
20210104213930	36.5109
20210104213930	36.5109
20210104213930	36.9318
20210104213930	36.9318
20210104213930	36.9318
20210104213930	37.3495
20210104213930	37.3495
20210104213930	37.3495
20210104213930	37.3495
20210104213930	37.867
20210104213930	37.867
20210104213930	37.867
20210104213930	38.2773
20210104213930	38.2773
20210104213930	38.2773
20210104213930	38.6842
20210104213930	38.6842
20210104213930	38.6842
20210104213930	38.6842
20210104213930	39.0878
20210104213930	39.0878
20210104213930	39.0878
20210104213930	39.4878
20210104213930	39.4878
20210104213930	39.4878
20210104213930	39.8842
20210104213931	39.8842
20210104213931	39.8842
20210104213931	39.8842
20210104213931	40.3745
20210104213931	40.3745
20210104213931	40.3745
20210104213931	40.7626
20210104213931	40.7626
20210104213931	40.7626
20210104213931	41.1471
20210104213931	41.1471
20210104213931	41.1471
20210104213931	41.5284
20210104213931	41.5284
20210104213931	41.5284
20210104213931	41.5284
20210104213931	41.9057
20210104213931	41.9057
20210104213931	41.9057
20210104213931	42.2788
20210104213931	42.2788
20210104213931	42.2788
20210104213931	42.7395
20210104213931	42.7395
20210104213931	42.7395
20210104213931	42.7395
20210104213931	43.1033
20210104213931	43.1033
20210104213931	43.1033
20210104213931	43.4628
20210104213931	43.4628
20210104213931	43.4628
20210104213931	43.8182
20210104213931	43.8182
20210104213931	43.8182
20210104213931	43.8182
20210104213931	44.1691
20210104213931	44.1691
20210104213931	44.1691
20210104213931	44.5156
20210104213931	44.5156
20210104213931	44.5156
20210104213931	44.9422
20210104213931	44.9422
20210104213931	44.9422
20210104213931	44.9422
20210104213931	45.2783
20210104213931	45.2783
20210104213931	45.2783
20210104213931	45.6097
20210104213931	45.6097
20210104213931	45.6097
20210104213931	45.9364
20210104213931	45.9364
20210104213931	45.9364
20210104213931	45.9364
20210104213931	46.2583
20210104213932	46.2583
20210104213932	46.2583
20210104213932	46.5752
20210104213932	46.5752
20210104213932	46.5752
20210104213932	46.9644
20210104213932	46.9644
20210104213932	46.9644
20210104213932	46.9644
20210104213932	47.27
20210104213932	47.27
20210104213932	47.27
20210104213932	47.5705
20210104213932	47.5705
20210104213932	47.5705
20210104213932	47.866
20210104213932	47.866
20210104213932	47.866
20210104213932	47.866
20210104213932	48.1563
20210104213932	48.1563
20210104213932	48.1563
20210104213932	48.4411
20210104213932	48.4411
20210104213932	48.4411
20210104213932	48.7895
20210104213932	48.7895
20210104213932	48.7895
20210104213932	48.7895
20210104213932	49.062
20210104213932	49.062
20210104213932	49.062
20210104213932	49.329
20210104213932	49.329
20210104213932	49.329
20210104213932	49.5908
20210104213932	49.5908
20210104213932	49.5908
20210104213932	49.5908
20210104213932	49.8471
20210104213932	49.8471
20210104213932	49.8471
20210104213932	50.0977
20210104213932	50.0977
20210104213932	50.0977
20210104213932	50.0977
20210104213932	50.4027
20210104213932	50.4027
20210104213932	50.4027
20210104213932	50.6402
20210104213932	50.6402
20210104213932	50.6402
20210104213932	50.8718
20210104213933	50.8718
20210104213933	50.8718
20210104213933	50.8718
20210104213933	51.0974
20210104213933	51.0974
20210104213933	51.0974
20210104213933	51.3171
20210104213933	51.3171
20210104213933	51.3171
20210104213933	51.5833
20210104213933	51.5833
20210104213933	51.5833
20210104213933	51.7894
20210104213933	51.7894
20210104213933	51.7894
20210104213933	51.7894
20210104213933	51.9896
20210104213933	51.9896
20210104213933	51.9896
20210104213933	52.1835
20210104213933	52.1835
20210104213933	52.1835
20210104213933	52.3716
20210104213933	52.3716
20210104213933	52.3716
20210104213933	52.3716
20210104213933	52.5537
20210104213933	52.5537
20210104213933	52.5537
20210104213933	52.7296
20210104213933	52.7296
20210104213933	52.7296
20210104213933	52.9407
20210104213933	52.9407
20210104213933	52.9407
20210104213933	52.9407
20210104213933	53.1026
20210104213933	53.1026
20210104213933	53.1026
20210104213933	53.2582
20210104213933	53.2582
20210104213933	53.2582
20210104213933	53.2582
20210104213933	53.4076
20210104213933	53.4076
20210104213933	53.4076
20210104213933	53.5507
20210104213933	53.5507
20210104213933	53.5507
20210104213933	53.6874
20210104213933	53.6874
20210104213933	53.6874
20210104213933	53.6874
20210104213933	53.8495
20210104213934	53.8495
20210104213934	53.8495
20210104213934	53.9721
20210104213934	53.9721
20210104213934	53.9721
20210104213934	54.0884
20210104213934	54.0884
20210104213934	54.0884
20210104213934	54.0884
20210104213934	54.1984
20210104213934	54.1984
20210104213934	54.1984
20210104213934	54.302
20210104213934	54.302
20210104213934	54.302
20210104213934	54.3994
20210104213934	54.3994
20210104213934	54.3994
20210104213934	54.3994
20210104213934	54.5123
20210104213934	54.5123
20210104213934	54.5123
20210104213934	54.5955
20210104213934	54.5955
20210104213934	54.5955
20210104213934	54.6724
20210104213934	54.6724
20210104213934	54.6724
20210104213934	54.7432
20210104213934	54.7432
20210104213934	54.7432
20210104213934	54.7432
20210104213934	54.8082
20210104213934	54.8082
20210104213934	54.8082
20210104213934	54.8669
20210104213934	54.8669
20210104213934	54.8669
20210104213934	54.8669
20210104213934	54.9316
20210104213934	54.9316
20210104213934	54.9316
20210104213934	54.9764
20210104213934	54.9764
20210104213934	54.9764
20210104213934	55.0151
20210104213934	55.0151
20210104213934	55.0151
20210104213934	55.0151
20210104213935	55.0476
20210104213935	55.0476
20210104213935	55.0476
20210104213935	55.074
20210104213935	55.074
20210104213935	55.0943
20210104213935	55.0943
20210104213935	55.0943
20210104213935	55.0943
20210104213935	55.0943
20210104213935	55.111
20210104213935	55.111
20210104213935	55.111
20210104213935	55.1175
20210104213935	55.1175
20210104213935	55.1175
20210104213935	55.1179
20210104213935	55.1179
20210104213935	55.1179
20210104213935	55.1122
20210104213935	55.1122
20210104213935	55.1122
20210104213935	55.1122
20210104213935	55.1005
20210104213935	55.1005
20210104213935	55.1005
20210104213935	55.0828
20210104213935	55.0828
20210104213935	55.0828
20210104213935	55.0522
20210104213935	55.0522
20210104213935	55.0522
20210104213935	55.0522
20210104213935	55.021
20210104213935	55.021
20210104213935	55.021
20210104213935	54.9837
20210104213935	54.9837
20210104213935	54.9837
20210104213935	54.9837
20210104213935	54.9405
20210104213935	54.9405
20210104213935	54.9405
20210104213936	54.8918
20210104213936	54.8918
20210104213936	54.8918
20210104213936	54.8376
20210104213936	54.8376
20210104213936	54.8376
20210104213936	54.8376
20210104213936	54.7617
20210104213936	54.7617
20210104213936	54.7617
20210104213936	54.6943
20210104213936	54.6943
20210104213936	54.6943
20210104213936	54.6943
20210104213936	54.621
20210104213936	54.621
20210104213936	54.621
20210104213936	54.542
20210104213936	54.542
20210104213936	54.542
20210104213936	54.4572
20210104213936	54.4572
20210104213936	54.4572
20210104213936	54.3668
20210104213936	54.3668
20210104213936	54.3668
20210104213936	54.3668
20210104213936	54.2457
20210104213936	54.2457
20210104213936	54.2457
20210104213936	54.1424
20210104213936	54.1424
20210104213936	54.1424
20210104213936	54.0335
20210104213936	54.0335
20210104213936	54.0335
20210104213936	53.9189
20210104213936	53.9189
20210104213936	53.9189
20210104213936	53.9189
20210104213936	53.7986
20210104213936	53.7986
20210104213936	53.7986
20210104213936	53.6727
20210104213936	53.6727
20210104213936	53.6727
20210104213936	53.6727
20210104213936	53.5074
20210104213936	53.5074
20210104213936	53.5074
20210104213936	53.369
20210104213936	53.369
20210104213936	53.369
20210104213936	53.2251
20210104213936	53.2251
20210104213937	53.2251
20210104213937	53.0756
20210104213937	53.0756
20210104213937	53.0756
20210104213937	53.0756
20210104213937	52.9207
20210104213937	52.9207
20210104213937	52.9207
20210104213937	52.7609
20210104213937	52.7609
20210104213937	52.7609
20210104213937	52.5534
20210104213937	52.5534
20210104213937	52.5534
20210104213937	52.5534
20210104213937	52.3812
20210104213937	52.3812
20210104213937	52.3812
20210104213937	52.2035
20210104213937	52.2035
20210104213937	52.2035
20210104213937	52.2035
20210104213937	52.0205
20210104213937	52.0205
20210104213937	52.0205
20210104213937	51.832
20210104213937	51.832
20210104213937	51.832
20210104213937	51.638
20210104213937	51.638
20210104213937	51.638
20210104213937	51.3879
20210104213937	51.3879
20210104213937	51.3879
20210104213937	51.3879
20210104213937	51.1818
20210104213937	51.1818
20210104213937	51.1818
20210104213937	50.9703
20210104213937	50.9703
20210104213937	50.9703
20210104213937	50.7535
20210104213937	50.7535
20210104213937	50.7535
20210104213937	50.7535
20210104213937	50.5313
20210104213937	50.5313
20210104213937	50.3044
20210104213937	50.3044
20210104213937	50.3044
20210104213937	50.3044
20210104213937	50.3044
20210104213937	50.0133
20210104213937	50.0133
20210104213937	50.0133
20210104213938	49.7745
20210104213938	49.7745
20210104213938	49.7745
20210104213938	49.5303
20210104213938	49.5303
20210104213938	49.5303
20210104213938	49.5303
20210104213938	49.2808
20210104213938	49.2808
20210104213938	49.2808
20210104213938	49.026
20210104213938	49.026
20210104213938	49.026
20210104213938	48.7663
20210104213938	48.7663
20210104213938	48.7663
20210104213938	48.7663
20210104213938	48.4343
20210104213938	48.4343
20210104213938	48.4343
20210104213938	48.1628
20210104213938	48.1628
20210104213938	48.1628
20210104213938	47.8857
20210104213938	47.8857
20210104213938	47.8857
20210104213938	47.6028
20210104213938	47.6028
20210104213938	47.6028
20210104213938	47.6028
20210104213938	47.3146
20210104213938	47.3146
20210104213938	47.3146
20210104213938	47.023
20210104213938	47.023
20210104213938	47.023
20210104213938	47.023
20210104213938	46.6533
20210104213938	46.6533
20210104213938	46.6533
20210104213938	46.3535
20210104213939	46.3535
20210104213939	46.3535
20210104213939	46.0507
20210104213939	46.0507
20210104213939	46.0507
20210104213939	46.0507
20210104213939	45.7452
20210104213939	45.7452
20210104213939	45.7452
20210104213939	45.4374
20210104213939	45.4374
20210104213939	45.4374
20210104213939	45.1279
20210104213939	45.1279
20210104213939	45.1279
20210104213939	45.1279
20210104213939	44.7392
20210104213939	44.7392
20210104213939	44.7392
20210104213939	44.4274
20210104213939	44.4274
20210104213939	44.4274
20210104213939	44.1154
20210104213939	44.1154
20210104213939	44.1154
20210104213939	44.1154
20210104213939	43.8035
20210104213939	43.8035
20210104213939	43.8035
20210104213939	43.492
20210104213939	43.492
20210104213939	43.492
20210104213939	43.1823
20210104213939	43.1823
20210104213939	43.1823
20210104213939	42.7978
20210104213939	42.7978
20210104213939	42.7978
20210104213939	42.7978
20210104213939	42.4919
20210104213939	42.4919
20210104213939	42.4919
20210104213939	42.188
20210104213939	42.188
20210104213939	42.188
20210104213939	41.8864
20210104213939	41.8864
20210104213939	41.8864
20210104213939	41.8864
20210104213939	41.5873
20210104213939	41.5873
20210104213939	41.5873
20210104213939	41.2917
20210104213939	41.2917
20210104213939	41.2917
20210104213939	40.9271
20210104213940	40.9271
20210104213940	40.9271
20210104213940	40.9271
20210104213940	40.6393
20210104213940	40.6393
20210104213940	40.6393
20210104213940	40.3552
20210104213940	40.3552
20210104213940	40.3552
20210104213940	40.0749
20210104213940	40.0749
20210104213940	40.0749
20210104213940	40.0749
20210104213940	39.7987
20210104213940	39.7987
20210104213940	39.7987
20210104213940	39.5271
20210104213940	39.5271
20210104213940	39.5271
20210104213940	39.1947
20210104213940	39.1947
20210104213940	39.1947
20210104213940	39.1947
20210104213940	38.9341
20210104213940	38.9341
20210104213940	38.9341
20210104213940	38.6785
20210104213940	38.6785
20210104213940	38.6785
20210104213940	38.4281
20210104213940	38.4281
20210104213940	38.4281
20210104213940	38.4281
20210104213940	38.1833
20210104213940	38.1833
20210104213940	38.1833
20210104213940	37.9444
20210104213940	37.9444
20210104213940	37.9444
20210104213940	37.9444
20210104213940	37.6551
20210104213940	37.6551
20210104213940	37.6551
20210104213941	37.4307
20210104213941	37.4307
20210104213941	37.4307
20210104213941	37.2131
20210104213941	37.2131
20210104213941	37.2131
20210104213941	37.2131
20210104213941	37.0024
20210104213941	37.0024
20210104213941	37.0024
20210104213941	36.7989
20210104213941	36.7989
20210104213941	36.7989
20210104213941	36.603
20210104213941	36.603
20210104213941	36.603
20210104213941	36.3699
20210104213941	36.3699
20210104213941	36.3699
20210104213941	36.3699
20210104213941	36.1924
20210104213941	36.1924
20210104213941	36.1924
20210104213941	36.0231
20210104213941	36.0231
20210104213941	36.0231
20210104213941	35.8622
20210104213941	35.8622
20210104213941	35.8622
20210104213941	35.8622
20210104213941	35.7099
20210104213941	35.7099
20210104213941	35.7099
20210104213941	35.5665
20210104213941	35.5665
20210104213941	35.5665
20210104213941	35.4005
20210104213941	35.4005
20210104213941	35.4005
20210104213941	35.4005
20210104213941	35.2781
20210104213941	35.2781
20210104213941	35.1652
20210104213941	35.1652
20210104213941	35.1652
20210104213941	35.1652
20210104213941	35.0617
20210104213941	35.0617
20210104213941	35.0617
20210104213941	35.0617
20210104213941	34.9462
20210104213942	34.9462
20210104213942	34.9462
20210104213942	34.8842
20210104213942	34.8842
20210104213942	34.8842
20210104213942	34.8842
20210104213942	34.7942
20210104213942	34.7942
20210104213942	34.7942
20210104213942	34.7338
20210104213942	34.7338
20210104213942	34.7338
20210104213942	34.6836
20210104213942	34.6836
20210104213942	34.6836
20210104213942	34.6836
20210104213942	34.6438
20210104213942	34.6438
20210104213942	34.6438
20210104213942	34.6145
20210104213942	34.6145
20210104213942	34.6145
20210104213942	34.6145
20210104213942	34.5957
20210104213942	34.5957
20210104213942	34.5957
20210104213942	34.5876
20210104213942	34.5876
20210104213942	34.5876
20210104213942	34.5931
20210104213942	34.5931
20210104213942	34.5931
20210104213942	34.6092
20210104213942	34.6092
20210104213942	34.6092
20210104213942	34.6359
20210104213942	34.6359
20210104213942	34.6359
20210104213942	34.6359
20210104213942	34.6731
20210104213942	34.6731
20210104213942	34.6731
20210104213942	34.7208
20210104213942	34.7208
20210104213942	34.7208
20210104213942	34.7208
20210104213942	34.7954
20210104213942	34.7954
20210104213942	34.7954
20210104213942	34.8667
20210104213942	34.8667
20210104213942	34.9482
20210104213942	34.9482
20210104213943	34.9482
20210104213943	34.9482
20210104213943	34.9482
20210104213943	35.0397
20210104213943	35.0397
20210104213943	35.0397
20210104213943	35.1413
20210104213943	35.1413
20210104213943	35.1413
20210104213943	35.2526
20210104213943	35.2526
20210104213943	35.2526
20210104213943	35.4068
20210104213943	35.4068
20210104213943	35.4068
20210104213943	35.4068
20210104213943	35.5414
20210104213943	35.5414
20210104213943	35.5414
20210104213943	35.5414
20210104213943	35.6855
20210104213943	35.6855
20210104213943	35.8389
20210104213943	35.8389
20210104213943	35.8389
20210104213943	35.8389
20210104213943	36.0015
20210104213943	36.0015
20210104213943	36.0015
20210104213943	36.1733
20210104213943	36.1733
20210104213943	36.1733
20210104213943	36.4009
20210104213943	36.4009
20210104213943	36.4009
20210104213943	36.4009
20210104213943	36.5932
20210104213943	36.5932
20210104213943	36.5932
20210104213943	36.5932
20210104213943	36.7943
20210104213943	36.7943
20210104213943	37.0042
20210104213943	37.0042
20210104213943	37.0042
20210104213943	37.0042
20210104213943	37.2226
20210104213943	37.2226
20210104213944	37.2226
20210104213944	37.2226
20210104213944	37.4496
20210104213944	37.4496
20210104213944	37.7462
20210104213944	37.7462
20210104213944	37.7462
20210104213944	37.7462
20210104213944	37.9939
20210104213944	37.9939
20210104213944	37.9939
20210104213944	37.9939
20210104213944	38.2495
20210104213944	38.2495
20210104213944	38.5131
20210104213944	38.5131
20210104213944	38.5131
20210104213944	38.5131
20210104213944	38.7844
20210104213944	38.7844
20210104213944	38.7844
20210104213944	39.0633
20210104213944	39.0633
20210104213944	39.0633
20210104213944	39.4229
20210104213944	39.4229
20210104213944	39.4229
20210104213944	39.4229
20210104213944	39.7197
20210104213944	39.7197
20210104213944	39.7197
20210104213944	40.0237
20210104213944	40.0237
20210104213944	40.0237
20210104213944	40.3348
20210104213944	40.3348
20210104213944	40.3348
20210104213944	40.3348
20210104213944	40.6527
20210104213944	40.6527
20210104213944	40.6527
20210104213944	40.9774
20210104213944	40.9774
20210104213944	40.9774
20210104213944	41.393
20210104213944	41.393
20210104213944	41.393
20210104213944	41.393
20210104213944	41.7341
20210104213944	41.7341
20210104213944	41.7341
20210104213944	41.7341
20210104213944	42.0816
20210104213944	42.0816
20210104213944	42.0816
20210104213944	42.4351
20210104213944	42.4351
20210104213944	42.4351
20210104213944	42.7947
20210104213945	42.7947
20210104213945	42.7947
20210104213945	43.1603
20210104213945	43.1603
20210104213945	43.1603
20210104213945	43.1603
20210104213945	43.6256
20210104213945	43.6256
20210104213945	43.6256
20210104213945	44.0057
20210104213945	44.0057
20210104213945	44.0057
20210104213945	44.3913
20210104213945	44.3913
20210104213945	44.3913
20210104213945	44.7823
20210104213945	44.7823
20210104213945	44.7823
20210104213945	44.7823
20210104213945	45.1785
20210104213945	45.1785
20210104213945	45.5797
20210104213945	45.5797
20210104213945	45.5797
20210104213945	45.5797
20210104213945	46.0883
20210104213945	46.0883
20210104213945	46.0883
20210104213945	46.0883
20210104213945	46.5038
20210104213945	46.5038
20210104213945	46.5038
20210104213945	46.5038
20210104213945	46.9238
20210104213945	46.9238
20210104213945	46.9238
20210104213945	47.3481
20210104213945	47.3481
20210104213945	47.3481
20210104213945	47.7767
20210104213945	47.7767
20210104213945	47.7767
20210104213945	48.2095
20210104213945	48.2095
20210104213945	48.2095
20210104213945	48.7562
20210104213945	48.7562
20210104213945	48.7562
20210104213945	48.7562
20210104213945	49.1993
20210104213945	49.1993
20210104213945	49.1993
20210104213945	49.6465
20210104213945	49.6465
20210104213945	49.6465
20210104213945	49.6465
20210104213945	50.0973
20210104213945	50.0973
20210104213945	50.0973
20210104213945	50.5515
20210104213945	50.5515
20210104213945	50.5515
20210104213946	50.5515
20210104213946	51.0092
20210104213946	51.0092
20210104213946	51.0092
20210104213946	51.5859
20210104213946	51.5859
20210104213946	51.5859
20210104213946	52.0527
20210104213946	52.0527
20210104213946	52.0527
20210104213946	52.523
20210104213946	52.523
20210104213946	52.523
20210104213946	52.523
20210104213946	52.9959
20210104213946	52.9959
20210104213946	52.9959
20210104213946	53.4714
20210104213946	53.4714
20210104213946	53.4714
20210104213946	53.9493
20210104213946	53.9493
20210104213946	53.9493
20210104213946	53.9493
20210104213946	54.5501
20210104213946	54.5501
20210104213946	54.5501
20210104213946	55.0346
20210104213946	55.0346
20210104213946	55.0346
20210104213946	55.0346
20210104213946	55.5224
20210104213946	55.5224
20210104213946	56.0121
20210104213946	56.0121
20210104213946	56.0121
20210104213946	56.0121
20210104213946	56.5034
20210104213946	56.5034
20210104213946	56.5034
20210104213946	56.9964
20210104213946	56.9964
20210104213947	56.9964
20210104213947	57.6148
20210104213947	57.6148
20210104213947	57.6148
20210104213947	57.6148
20210104213947	58.1116
20210104213947	58.1116
20210104213947	58.1116
20210104213947	58.6109
20210104213947	58.6109
20210104213947	58.6109
20210104213947	59.1114
20210104213947	59.1114
20210104213947	59.1114
20210104213947	59.1114
20210104213947	59.613
20210104213947	59.613
20210104213947	59.613
20210104213947	60.2411
20210104213947	60.2411
20210104213947	60.2411
20210104213947	60.2411
20210104213947	60.7446
20210104213947	60.7446
20210104213947	60.7446
20210104213947	61.2494
20210104213947	61.2494
20210104213947	61.2494
20210104213947	61.7566
20210104213947	61.7566
20210104213947	61.7566
20210104213947	62.2642
20210104213947	62.2642
20210104213947	62.2642
20210104213947	62.2642
20210104213947	62.772
20210104213947	62.772
20210104213947	62.772
20210104213947	62.772
20210104213948	63.28
20210104213948	63.28
20210104213948	63.915
20210104213948	63.915
20210104213948	63.915
20210104213948	63.915
20210104213948	64.4241
20210104213948	64.4241
20210104213948	64.4241
20210104213948	64.4241
20210104213948	64.9361
20210104213948	64.9361
20210104213948	65.4475
20210104213948	65.4475
20210104213948	65.4475
20210104213948	65.4475
20210104213948	65.9584
20210104213948	65.9584
20210104213948	65.9584
20210104213948	65.9584
20210104213948	66.4685
20210104213948	66.4685
20210104213948	66.4685
20210104213948	67.1053
20210104213948	67.1053
20210104213948	67.1053
20210104213948	67.6137
20210104213948	67.6137
20210104213948	67.6137
20210104213948	67.6137
20210104213948	68.1247
20210104213948	68.1247
20210104213948	68.1247
20210104213948	68.6344
20210104213948	68.6344
20210104213948	68.6344
20210104213948	69.1429
20210104213948	69.1429
20210104213948	69.1429
20210104213948	69.6501
20210104213948	69.6501
20210104213948	69.6501
20210104213948	69.6501
20210104213948	70.2822
20210104213948	70.2822
20210104213948	70.2822
20210104213948	70.7865
20210104213948	70.7865
20210104213948	70.7865
20210104213948	70.7865
20210104213948	71.2924
20210104213949	71.2924
20210104213949	71.2924
20210104213949	71.7968
20210104213949	71.7968
20210104213949	71.7968
20210104213949	72.2994
20210104213949	72.2994
20210104213949	72.2994
20210104213949	72.2994
20210104213949	72.8003
20210104213949	72.8003
20210104213949	73.424
20210104213949	73.424
20210104213949	73.424
20210104213949	73.424
20210104213949	73.921
20210104213949	73.921
20210104213949	73.921
20210104213949	74.4189
20210104213949	74.4189
20210104213949	74.4189
20210104213949	74.9157
20210104213949	74.9157
20210104213949	74.9157
20210104213949	74.9157
20210104213949	75.4104
20210104213949	75.4104
20210104213949	75.4104
20210104213949	75.9031
20210104213949	75.9031
20210104213949	75.9031
20210104213949	76.5162
20210104213949	76.5162
20210104213949	76.5162
20210104213949	76.5162
20210104213949	77.0045
20210104213949	77.0045
20210104213949	77.0045
20210104213949	77.4938
20210104213949	77.4938
20210104213949	77.4938
20210104213949	77.4938
20210104213949	77.9821
20210104213949	77.9821
20210104213949	78.4682
20210104213949	78.4682
20210104213949	78.4682
20210104213949	78.4682
20210104213949	78.9521
20210104213949	78.9521
20210104213949	78.9521
20210104213949	79.5543
20210104213949	79.5543
20210104213949	79.5543
20210104213949	79.5543
20210104213949	80.0338
20210104213949	80.0338
20210104213949	80.0338
20210104213950	80.513
20210104213950	80.513
20210104213950	80.513
20210104213950	80.9917
20210104213950	80.9917
20210104213950	80.9917
20210104213950	80.9917
20210104213950	81.4687
20210104213950	81.4687
20210104213950	81.4687
20210104213950	81.4687
20210104213950	81.9441
20210104213950	81.9441
20210104213950	81.9441
20210104213950	82.5363
20210104213950	82.5363
20210104213950	82.5363
20210104213950	83.0087
20210104213950	83.0087
20210104213950	83.0087
20210104213950	83.0087
20210104213950	83.4817
20210104213950	83.4817
20210104213950	83.9552
20210104213950	83.9552
20210104213950	83.9552
20210104213950	83.9552
20210104213950	84.4277
20210104213950	84.4277
20210104213950	84.4277
20210104213950	84.8995
20210104213950	84.8995
20210104213950	84.8995
20210104213950	85.4884
20210104213950	85.4884
20210104213950	85.4884
20210104213950	85.4884
20210104213950	85.9592
20210104213950	85.9592
20210104213950	85.9592
20210104213950	85.9592
20210104213950	86.4306
20210104213950	86.4306
20210104213950	86.4306
20210104213950	86.9039
20210104213950	86.9039
20210104213950	86.9039
20210104213950	87.3773
20210104213950	87.3773
20210104213950	87.3773
20210104213950	87.8509
20210104213950	87.8509
20210104213951	87.8509
20210104213951	88.4434
20210104213951	88.4434
20210104213951	88.4434
20210104213951	88.4434
20210104213951	88.9182
20210104213951	88.9182
20210104213951	88.9182
20210104213951	89.3947
20210104213951	89.3947
20210104213951	89.3947
20210104213951	89.8744
20210104213951	89.8744
20210104213951	89.8744
20210104213951	89.8744
20210104213951	90.3551
20210104213951	90.3551
20210104213951	90.3551
20210104213951	90.3551
20210104213951	90.8371
20210104213951	90.8371
20210104213951	90.8371
20210104213951	91.4417
20210104213951	91.4417
20210104213951	91.4417
20210104213951	91.9272
20210104213951	91.9272
20210104213951	91.9272
20210104213951	92.4145
20210104213951	92.4145
20210104213951	92.4145
20210104213951	92.9058
20210104213951	92.9058
20210104213951	92.9058
20210104213951	92.9058
20210104213951	93.399
20210104213951	93.399
20210104213951	93.399
20210104213951	93.8941
20210104213951	93.8941
20210104213951	93.8941
20210104213951	94.5159
20210104213951	94.5159
20210104213951	94.5159
20210104213951	94.5159
20210104213951	95.0155
20210104213951	95.0155
20210104213951	95.0155
20210104213951	95.5173
20210104213951	95.5173
20210104213951	95.5173
20210104213951	95.5173
20210104213951	96.0245
20210104213952	96.0245
20210104213952	96.0245
20210104213952	96.5334
20210104213952	96.5334
20210104213952	96.5334
20210104213952	97.0442
20210104213952	97.0442
20210104213952	97.0442
20210104213952	97.6852
20210104213952	97.6852
20210104213952	97.6852
20210104213952	97.6852
20210104213952	98.2001
20210104213952	98.2001
20210104213952	98.717
20210104213952	98.717
20210104213952	98.717
20210104213952	98.717
20210104213952	99.237
20210104213952	99.237
20210104213952	99.237
20210104213952	99.237
20210104213952	99.7593
20210104213952	99.7593
20210104213952	99.7593
20210104213952	100.283
20210104213952	100.283
20210104213952	100.283
20210104213952	100.283
20210104213952	100.941
20210104213952	100.941
20210104213952	100.941
20210104213952	101.469
20210104213952	101.469
20210104213952	101.469
20210104213952	101.999
20210104213952	101.999
20210104213952	101.999
20210104213952	101.999
20210104213952	102.531
20210104213952	102.531
20210104213952	102.531
20210104213952	103.065
20210104213952	103.065
20210104213952	103.065
20210104213952	103.065
20210104213952	103.6
20210104213952	103.6
20210104213952	104.271
20210104213952	104.271
20210104213952	104.271
20210104213952	104.271
20210104213952	104.809
20210104213953	104.809
20210104213953	104.809
20210104213953	105.349
20210104213953	105.349
20210104213953	105.349
20210104213953	105.891
20210104213953	105.891
20210104213953	105.891
20210104213953	105.891
20210104213953	106.435
20210104213953	106.435
20210104213953	106.435
20210104213953	106.98
20210104213953	106.98
20210104213953	106.98
20210104213953	107.662
20210104213953	107.662
20210104213953	107.662
20210104213953	107.662
20210104213953	108.209
20210104213953	108.209
20210104213953	108.756
20210104213953	108.756
20210104213953	108.756
20210104213953	108.756
20210104213953	108.756
20210104213953	109.306
20210104213953	109.306
20210104213953	109.306
20210104213953	109.857
20210104213953	109.857
20210104213953	109.857
20210104213953	110.409
20210104213953	110.409
20210104213953	110.409
20210104213953	110.409
20210104213953	111.1
20210104213953	111.1
20210104213953	111.1
20210104213953	111.653
20210104213953	111.653
20210104213953	111.653
20210104213953	112.207
20210104213953	112.207
20210104213953	112.207
20210104213953	112.761
20210104213953	112.761
20210104213953	112.761
20210104213953	112.761
20210104213953	113.317
20210104213953	113.317
20210104213953	113.317
20210104213953	113.873
20210104213953	113.873
20210104213954	113.873
20210104213954	114.569
20210104213954	114.569
20210104213954	114.569
20210104213954	114.569
20210104213954	115.126
20210104213954	115.126
20210104213954	115.126
20210104213954	115.683
20210104213954	115.683
20210104213954	115.683
20210104213954	116.241
20210104213954	116.241
20210104213954	116.241
20210104213954	116.241
20210104213954	116.8
20210104213954	116.8
20210104213954	116.8
20210104213954	117.36
20210104213954	117.36
20210104213954	117.36
20210104213954	117.36
20210104213954	118.059
20210104213954	118.059
20210104213954	118.059
20210104213954	118.619
20210104213954	118.619
20210104213954	118.619
20210104213954	118.619
20210104213954	119.179
20210104213954	119.179
20210104213954	119.739
20210104213954	119.739
20210104213954	119.739
20210104213954	119.739
20210104213954	120.302
20210104213954	120.302
20210104213954	120.302
20210104213954	120.302
20210104213954	120.865
20210104213954	120.865
20210104213954	120.865
20210104213954	121.568
20210104213954	121.568
20210104213954	121.568
20210104213954	122.131
20210104213955	122.131
20210104213955	122.131
20210104213955	122.694
20210104213955	122.694
20210104213955	122.694
20210104213955	122.694
20210104213955	123.257
20210104213955	123.257
20210104213955	123.257
20210104213955	123.823
20210104213955	123.823
20210104213955	123.823
20210104213955	124.39
20210104213955	124.39
20210104213955	124.39
20210104213955	125.098
20210104213955	125.098
20210104213955	125.098
20210104213955	125.098
20210104213955	125.619
20210104213955	125.619
20210104213955	125.619
20210104213955	125.619
20210104213955	126.064
20210104213955	126.064
20210104213955	126.493
20210104213955	126.493
20210104213955	126.493
20210104213955	126.493
20210104213955	126.908
20210104213955	126.908
20210104213955	126.908
20210104213955	127.31
20210104213955	127.31
20210104213955	127.31
20210104213955	127.31
20210104213955	127.794
20210104213955	127.794
20210104213955	127.794
20210104213955	128.168
20210104213955	128.168
20210104213955	128.168
20210104213956	128.533
20210104213956	128.533
20210104213956	128.533
20210104213956	128.533
20210104213956	128.888
20210104213956	128.888
20210104213956	128.888
20210104213956	129.237
20210104213956	129.237
20210104213956	129.237
20210104213956	129.577
20210104213956	129.577
20210104213956	129.577
20210104213956	129.986
20210104213956	129.986
20210104213956	129.986
20210104213956	129.986
20210104213956	130.306
20210104213956	130.306
20210104213956	130.306
20210104213956	130.62
20210104213956	130.62
20210104213956	130.62
20210104213956	130.62
20210104213956	130.927
20210104213956	130.927
20210104213956	130.927
20210104213956	131.228
20210104213956	131.228
20210104213956	131.228
20210104213956	131.228
20210104213956	131.522
20210104213956	131.522
20210104213956	131.88
20210104213956	131.88
20210104213956	131.88
20210104213956	131.88
20210104213956	132.157
20210104213956	132.157
20210104213956	132.157
20210104213956	132.427
20210104213956	132.427
20210104213956	132.427
20210104213957	132.427
20210104213957	132.689
20210104213957	132.689
20210104213957	132.689
20210104213957	132.944
20210104213957	132.944
20210104213957	132.944
20210104213957	133.192
20210104213957	133.192
20210104213957	133.192
20210104213957	133.491
20210104213957	133.491
20210104213957	133.491
20210104213957	133.491
20210104213957	133.72
20210104213957	133.72
20210104213957	133.72
20210104213957	133.941
20210104213957	133.941
20210104213957	133.941
20210104213957	134.153
20210104213957	134.153
20210104213957	134.153
20210104213957	134.153
20210104213957	134.358
20210104213957	134.358
20210104213957	134.555
20210104213957	134.555
20210104213957	134.555
20210104213957	134.555
20210104213957	134.555
20210104213957	134.788
20210104213957	134.788
20210104213957	134.788
20210104213957	134.965
20210104213957	134.965
20210104213957	134.965
20210104213957	135.133
20210104213957	135.133
20210104213957	135.133
20210104213957	135.291
20210104213957	135.291
20210104213957	135.291
20210104213957	135.291
20210104213957	135.441
20210104213957	135.441
20210104213957	135.441
20210104213957	135.441
20210104213958	135.583
20210104213958	135.583
20210104213958	135.583
20210104213958	135.748
20210104213958	135.748
20210104213958	135.748
20210104213958	135.868
20210104213958	135.868
20210104213958	135.868
20210104213958	135.868
20210104213958	135.98
20210104213958	135.98
20210104213958	135.98
20210104213958	136.081
20210104213958	136.081
20210104213958	136.081
20210104213958	136.173
20210104213958	136.173
20210104213958	136.258
20210104213958	136.258
20210104213958	136.258
20210104213958	136.258
20210104213958	136.258
20210104213958	136.35
20210104213958	136.35
20210104213958	136.35
20210104213958	136.413
20210104213958	136.413
20210104213958	136.413
20210104213958	136.466
20210104213958	136.466
20210104213958	136.466
20210104213958	136.466
20210104213958	136.509
20210104213958	136.509
20210104213958	136.509
20210104213958	136.542
20210104213958	136.542
20210104213958	136.542
20210104213958	136.542
20210104213958	136.572
20210104213958	136.572
20210104213958	136.585
20210104213958	136.585
20210104213958	136.585
20210104213958	136.589
20210104213958	136.589
20210104213958	136.589
20210104213958	136.589
20210104213958	136.589
20210104213959	136.591
20210104213959	136.591
20210104213959	136.593
20210104213959	136.593
20210104213959	136.593
20210104213959	136.593
20210104213959	136.594
20210104213959	136.594
20210104213959	136.594
20210104213959	136.596
20210104213959	136.596
20210104213959	136.596
20210104213959	136.596
20210104213959	136.599
20210104213959	136.599
20210104213959	136.599
20210104213959	136.601
20210104213959	136.601
20210104213959	136.601
20210104213959	136.603
20210104213959	136.603
20210104213959	136.603
20210104213959	136.603
20210104213959	136.605
20210104213959	136.605
20210104213959	136.605
20210104213959	136.605
20210104213959	136.605
20210104213959	136.605
20210104213959	136.607
20210104213959	136.607
20210104213959	136.607
20210104213959	136.609
20210104213959	136.609
20210104213959	136.609
20210104213959	136.609
20210104213959	136.61
20210104213959	136.61
20210104213959	136.611
20210104213959	136.611
20210104213959	136.611
20210104213959	136.611
20210104213959	136.611
20210104213959	136.612
20210104213959	136.612
20210104213959	136.612
20210104213959	136.613
20210104213959	136.613
20210104213959	136.613
20210104213959	136.613
20210104213959	136.614
20210104213959	136.614
20210104213959	136.615
20210104213959	136.615
20210104213959	136.615
20210104213959	136.615
20210104213959	136.616
20210104213959	136.616
20210104213959	136.616
20210104213959	136.616
20210104213959	136.617
20210104213959	136.617
20210104213959	136.617
20210104214000	136.617
20210104214000	136.617
20210104214000	136.617
20210104214000	136.617
20210104214000	136.617
20210104214000	136.617
20210104214000	136.618
20210104214000	136.618
20210104214000	136.618
20210104214000	136.618
20210104214000	136.62
20210104214000	136.62
20210104214000	136.62
20210104214000	136.621
20210104214000	136.621
20210104214000	136.621
20210104214000	136.621
20210104214000	136.621
20210104214000	136.621
20210104214000	136.622
20210104214000	136.622
20210104214000	136.622
20210104214000	136.622
20210104214000	136.622
20210104214000	136.622
20210104214000	136.622
20210104214000	136.622
20210104214000	136.623
20210104214000	136.623
20210104214000	136.623
20210104214000	136.624
20210104214000	136.624
20210104214000	136.624
20210104214000	136.624
20210104214000	136.624
20210104214000	136.624
20210104214000	136.625
20210104214000	136.625
20210104214000	136.625
20210104214000	136.625
20210104214000	136.625
20210104214000	136.625
20210104214000	136.625
20210104214000	136.625
20210104214000	136.625
20210104214000	136.625
20210104214000	136.625
20210104214000	136.625
20210104214000	136.625
20210104214000	136.626
20210104214000	136.626
20210104214000	136.626
20210104214000	136.626
20210104214001	136.626
20210104214001	136.626
20210104214001	136.626
20210104214001	136.626
20210104214001	136.626
20210104214001	136.626
20210104214001	136.626
20210104214001	136.626
20210104214001	136.626
20210104214001	136.626
20210104214001	136.626
20210104214001	136.626
20210104214001	136.626
20210104214001	136.626
20210104214001	136.626
20210104214001	136.626
20210104214001	136.626
20210104214001	136.626
20210104214001	136.626
20210104214001	136.626
20210104214001	136.627
20210104214001	136.627
20210104214001	136.627
20210104214001	136.627
20210104214001	136.627
20210104214001	136.627
20210104214001	136.627
20210104214001	136.626
20210104214001	136.626
20210104214001	136.626
20210104214001	136.626
20210104214001	136.626
20210104214001	136.626
20210104214001	136.625
20210104214001	136.625
20210104214001	136.625
20210104214001	136.626
20210104214001	136.626
20210104214001	136.626
20210104214001	136.626
20210104214001	136.626
20210104214001	136.626
20210104214002	136.626
20210104214002	136.626
20210104214002	136.626
20210104214002	136.626
20210104214002	136.626
20210104214002	136.626
20210104214002	136.626
20210104214002	136.626
20210104214002	136.626
20210104214002	136.626
20210104214002	136.625
20210104214002	136.625
20210104214002	136.625
20210104214002	136.625
20210104214002	136.625
20210104214002	136.625
20210104214002	136.625
20210104214002	136.625
20210104214002	136.626
20210104214002	136.626
20210104214002	136.625
20210104214002	136.625
20210104214002	136.625
20210104214002	136.625
20210104214002	136.625
20210104214002	136.625
20210104214002	136.625
20210104214002	136.625
20210104214002	136.625
20210104214002	136.625
20210104214002	136.625
20210104214002	136.624
20210104214002	136.624
20210104214002	136.624
20210104214002	136.624
20210104214002	136.624
20210104214002	136.624
20210104214002	136.624
20210104214002	136.625
20210104214002	136.625
20210104214002	136.625
20210104214002	136.625
20210104214002	136.625
20210104214002	136.625
20210104214002	136.625
20210104214002	136.625
20210104214002	136.625
20210104214002	136.625
20210104214002	136.624
20210104214002	136.624
20210104214002	136.624
20210104214002	136.624
20210104214002	136.624
20210104214002	136.624
20210104214002	136.624
20210104214002	136.624
20210104214002	136.624
20210104214002	136.624
20210104214002	136.625
20210104214002	136.625
20210104214002	136.625
20210104214002	136.625
20210104214002	136.625
20210104214002	136.625
20210104214003	136.625
20210104214003	136.625
20210104214003	136.625
20210104214003	136.625
20210104214003	136.624
20210104214003	136.624
20210104214003	136.624
20210104214003	136.624
20210104214003	136.624
20210104214003	136.624
20210104214003	136.624
20210104214003	136.624
20210104214003	136.624
20210104214003	136.624
20210104214003	136.624
20210104214003	136.624
20210104214003	136.624
20210104214003	136.624
20210104214003	136.624
20210104214003	136.624
20210104214003	136.624
20210104214003	136.624
20210104214003	136.624
20210104214003	136.624
20210104214003	136.623
20210104214003	136.623
20210104214003	136.623
20210104214003	136.623
20210104214003	136.623
20210104214003	136.623
20210104214003	136.623
20210104214003	136.623
20210104214003	136.623
20210104214003	136.623
20210104214003	136.624
20210104214003	136.624
20210104214003	136.624
20210104214003	136.624
20210104214003	136.624
20210104214003	136.624
20210104214003	136.624
20210104214003	136.624
20210104214003	136.624
20210104214003	136.624
20210104214003	136.624
20210104214003	136.624
20210104214004	136.624
20210104214004	136.624
20210104214004	136.624
20210104214004	136.624
20210104214004	136.624
20210104214004	136.624
20210104214004	136.624
20210104214004	136.624
20210104214004	136.624
20210104214004	136.624
20210104214004	136.624
20210104214004	136.624
20210104214004	136.624
20210104214004	136.624
20210104214004	136.625
20210104214004	136.625
20210104214004	136.625
20210104214004	136.625
20210104214004	136.624
20210104214004	136.624
20210104214004	136.624
20210104214004	136.624
20210104214004	136.624
20210104214004	136.624
20210104214004	136.624
20210104214004	136.624
20210104214004	136.624
20210104214004	136.624
20210104214004	136.624
20210104214004	136.624
20210104214004	136.624
20210104214004	136.624
20210104214004	136.624
20210104214004	136.624
20210104214004	136.625
20210104214004	136.625
20210104214004	136.625
20210104214004	136.625
20210104214004	136.624
20210104214004	136.624
20210104214004	136.624
20210104214004	136.624
20210104214004	136.624
20210104214004	136.624
20210104214004	136.624
20210104214004	136.624
20210104214004	136.624
20210104214004	136.624
20210104214005	136.624
20210104214005	136.624
20210104214005	136.624
20210104214005	136.624
20210104214005	136.624
20210104214005	136.624
20210104214005	136.624
20210104214005	136.624
20210104214005	136.624
20210104214005	136.624
20210104214005	136.624
20210104214005	136.624
20210104214005	136.624
20210104214005	136.624
20210104214005	136.624
20210104214005	136.624
20210104214005	136.624
20210104214005	136.623
20210104214005	136.623
20210104214005	136.623
20210104214005	136.624
20210104214005	136.624
20210104214005	136.624
20210104214005	136.624
20210104214005	136.624
20210104214005	136.624
20210104214005	136.624
20210104214005	136.624
20210104214005	136.624
20210104214005	136.624
20210104214005	136.624
20210104214005	136.624
20210104214005	136.624
20210104214005	136.624
20210104214005	136.624
20210104214005	136.624
20210104214005	136.624
20210104214005	136.623
20210104214005	136.623
20210104214005	136.623
20210104214005	136.624
20210104214005	136.624
20210104214005	136.624
20210104214005	136.624
20210104214005	136.624
20210104214005	136.624
20210104214005	136.624
20210104214006	136.624
20210104214006	136.624
20210104214006	136.624
20210104214006	136.624
20210104214006	136.624
20210104214006	136.624
20210104214006	136.624
20210104214006	136.624
20210104214006	136.624
20210104214006	136.623
20210104214006	136.623
20210104214006	136.623
20210104214006	136.623
20210104214006	136.624
20210104214006	136.624
20210104214006	136.624
20210104214006	136.624
20210104214006	136.624
20210104214006	136.624
20210104214006	136.624
20210104214006	136.624
20210104214006	136.624
20210104214006	136.624
20210104214006	136.624
20210104214006	136.624
20210104214006	136.623
20210104214006	136.623
20210104214006	136.623
20210104214006	136.623
20210104214006	136.623
20210104214006	136.623
20210104214006	136.623
20210104214006	136.623
20210104214006	136.623
20210104214006	136.623
20210104214006	136.623
20210104214006	136.623
20210104214006	136.623
20210104214006	136.623
20210104214006	136.623
20210104214006	136.624
20210104214006	136.624
20210104214006	136.624
20210104214006	136.623
20210104214006	136.623
20210104214006	136.623
20210104214006	136.623
20210104214006	136.623
20210104214006	136.623
20210104214007	136.623
20210104214007	136.623
20210104214007	136.623
20210104214007	136.623
20210104214007	136.622
20210104214007	136.622
20210104214007	136.622
20210104214007	136.623
20210104214007	136.623
20210104214007	136.623
20210104214007	136.623
20210104214007	136.623
20210104214007	136.623
20210104214007	136.623
20210104214007	136.623
20210104214007	136.623
20210104214007	136.623
20210104214007	136.623
20210104214007	136.623
20210104214007	136.623
20210104214007	136.622
20210104214007	136.622
20210104214007	136.622
20210104214007	136.622
20210104214007	136.623
20210104214007	136.623
20210104214007	136.623
20210104214007	136.623
20210104214007	136.623
20210104214007	136.623
20210104214007	136.623
20210104214007	136.624
20210104214007	136.624
20210104214007	136.624
20210104214007	136.624
20210104214007	136.624
20210104214007	136.624
20210104214007	136.624
20210104214007	136.624
20210104214007	136.624
20210104214007	136.624
20210104214007	136.624
20210104214007	136.624
20210104214007	136.624
20210104214007	136.624
20210104214007	136.624
20210104214007	136.624
20210104214007	136.624
20210104214007	136.625
20210104214007	136.625
20210104214008	136.625
20210104214008	136.625
20210104214008	136.625
20210104214008	136.625
20210104214008	136.626
20210104214008	136.626
20210104214008	136.626
20210104214008	136.626
20210104214008	136.626
20210104214008	136.626
20210104214008	136.626
20210104214008	136.626
20210104214008	136.626
20210104214008	136.626
20210104214008	136.626
20210104214008	136.626
20210104214008	136.626
20210104214008	136.626
20210104214008	136.627
20210104214008	136.627
20210104214008	136.627
20210104214008	136.627
20210104214008	136.627
20210104214008	136.627
20210104214008	136.628
20210104214008	136.628
20210104214008	136.628
20210104214008	136.628
20210104214008	136.628
20210104214008	136.628
20210104214008	136.628
20210104214008	136.628
20210104214008	136.628
20210104214008	136.628
20210104214008	136.627
20210104214008	136.627
20210104214008	136.627
20210104214008	136.628
20210104214008	136.628
20210104214008	136.628
20210104214008	136.629
20210104214008	136.629
20210104214008	136.629
20210104214009	136.629
20210104214009	136.63
20210104214009	136.63
20210104214009	136.63
20210104214009	136.63
20210104214009	136.63
20210104214009	136.63
20210104214009	136.63
20210104214009	136.63
20210104214009	136.63
20210104214009	136.63
20210104214009	136.63
20210104214009	136.63
20210104214009	136.63
20210104214009	136.631
20210104214009	136.631
20210104214009	136.631
20210104214009	136.631
20210104214009	136.631
20210104214009	136.631
20210104214009	136.631
20210104214009	136.632
20210104214009	136.632
20210104214009	136.632
20210104214009	136.632
20210104214009	136.632
20210104214009	136.632
20210104214009	136.632
20210104214009	136.632
20210104214009	136.632
20210104214009	136.632
20210104214009	136.632
20210104214009	136.632
20210104214009	136.632
20210104214009	136.632
20210104214009	136.632
20210104214009	136.632
20210104214009	136.632
20210104214009	136.633
20210104214009	136.633
20210104214009	136.633
20210104214009	136.633
20210104214009	136.633
20210104214009	136.633
20210104214009	136.633
20210104214009	136.633
20210104214009	136.633
20210104214009	136.633
20210104214010	136.633
20210104214010	136.633
20210104214010	136.633
20210104214010	136.633
20210104214010	136.633
20210104214010	136.633
20210104214010	136.633
20210104214010	136.633
20210104214010	136.633
20210104214010	136.633
20210104214010	136.634
20210104214010	136.634
20210104214010	136.634
