20210115200052	100
20210115200052	100
20210115200052	100
20210115200052	100
20210115200052	100
20210115200052	100
20210115200052	100
20210115200052	100
20210115200052	100
20210115200052	100
20210115200052	100
20210115200052	100
20210115200052	100
20210115200052	100
20210115200052	100
20210115200052	100
20210115200052	100
20210115200052	100
20210115200052	100
20210115200052	100
20210115200052	100
20210115200052	100
20210115200052	100
20210115200053	100
20210115200053	100
20210115200053	100
20210115200053	100
20210115200053	100
20210115200053	100
20210115200053	100
20210115200053	100
20210115200053	100
20210115200053	100
20210115200053	100
20210115200053	100
20210115200053	100
20210115200053	100
20210115200053	100
20210115200053	100
20210115200053	100
20210115200053	100
20210115200053	100
20210115200053	100
20210115200053	100
20210115200053	100
20210115200053	100
20210115200053	100
20210115200053	100
20210115200053	100
20210115200053	100
20210115200053	100
20210115200053	100
20210115200054	100
20210115200054	100
20210115200054	100
20210115200054	100
20210115200054	100
20210115200054	100
20210115200054	100
20210115200054	100
20210115200054	100
20210115200054	100
20210115200054	100
20210115200054	100
20210115200054	100
20210115200054	100
20210115200054	100
20210115200054	100
20210115200054	100
20210115200054	100
20210115200054	100
20210115200054	100
20210115200054	100
20210115200054	100
20210115200054	100
20210115200054	100
20210115200054	100
20210115200054	100
20210115200054	100
20210115200054	100
20210115200054	100
20210115200054	100
20210115200054	100
20210115200054	100
20210115200054	100
20210115200054	100
20210115200054	100
20210115200054	100
20210115200054	100
20210115200054	100
20210115200054	100
20210115200054	100
20210115200054	100
20210115200054	100
20210115200054	100
20210115200054	100
20210115200054	100
20210115200054	100
20210115200054	100
20210115200054	100
20210115200054	100
20210115200054	100
20210115200054	100
20210115200054	100
20210115200054	100
20210115200054	100
20210115200054	100
20210115200054	100
20210115200054	100
20210115200054	100
20210115200054	100
20210115200054	100
20210115200054	100
20210115200054	100
20210115200054	100
20210115200054	100
20210115200054	100
20210115200054	100
20210115200054	100
20210115200055	100
20210115200055	100
20210115200055	100
20210115200055	100
20210115200055	100
20210115200055	100
20210115200055	100
20210115200055	100
20210115200055	100
20210115200055	100
20210115200055	100
20210115200055	100
20210115200055	100
20210115200055	100
20210115200055	100
20210115200055	100
20210115200055	100
20210115200055	100
20210115200055	100
20210115200055	100
20210115200055	100
20210115200055	100
20210115200055	100
20210115200055	100
20210115200055	100
20210115200055	100
20210115200055	100
20210115200055	100
20210115200055	100
20210115200055	100
20210115200055	100
20210115200055	100
20210115200055	100
20210115200055	100
20210115200055	100
20210115200055	100
20210115200055	100
20210115200055	100
20210115200055	100
20210115200055	100
20210115200055	100
20210115200056	100
20210115200056	100
20210115200056	100
20210115200056	100
20210115200056	100
20210115200056	100
20210115200056	100
20210115200056	100
20210115200056	100
20210115200056	100
20210115200056	100
20210115200056	100
20210115200056	100
20210115200056	100
20210115200056	100
20210115200056	100
20210115200056	100
20210115200056	100
20210115200056	100
20210115200056	100
20210115200056	100
20210115200056	100
20210115200056	100
20210115200056	100
20210115200056	100
20210115200056	100
20210115200056	100
20210115200056	100
20210115200056	100
20210115200056	100
20210115200056	100
20210115200056	100
20210115200056	100
20210115200056	100
20210115200056	100
20210115200056	100
20210115200056	100
20210115200056	100
20210115200056	100
20210115200056	100
20210115200056	100
20210115200056	100
20210115200056	100
20210115200056	100
20210115200056	100
20210115200056	100
20210115200056	100
20210115200057	100
20210115200057	100
20210115200057	100
20210115200057	100
20210115200057	100
20210115200057	100
20210115200057	100
20210115200057	100
20210115200057	100
20210115200057	100
20210115200057	100
20210115200057	100
20210115200057	100
20210115200057	100
20210115200057	100
20210115200057	100
20210115200057	100
20210115200057	100
20210115200057	100
20210115200057	100
20210115200057	100
20210115200058	100
20210115200058	100
20210115200058	100
20210115200058	100
20210115200058	100
20210115200058	100
20210115200058	100
20210115200058	100
20210115200058	100
20210115200058	100
20210115200058	100
20210115200058	100
20210115200058	100
20210115200058	100
20210115200058	100
20210115200058	100
20210115200058	100
20210115200058	100
20210115200058	100
20210115200058	100
20210115200058	100
20210115200058	100
20210115200058	100
20210115200058	100
20210115200058	100
20210115200058	100
20210115200058	100
20210115200058	100
20210115200058	100
20210115200058	100
20210115200058	100
20210115200058	100
20210115200058	100
20210115200058	100
20210115200058	100
20210115200058	100
20210115200059	100
20210115200059	100
20210115200059	100
20210115200059	100
20210115200059	100
20210115200059	100
20210115200059	100
20210115200059	100
20210115200059	100
20210115200059	100
20210115200059	100
20210115200059	100
20210115200059	100
20210115200059	100
20210115200059	100
20210115200059	100
20210115200059	100
20210115200059	100
20210115200059	100
20210115200059	100
20210115200059	100
20210115200059	100
20210115200059	100
20210115200059	100
20210115200059	100
20210115200059	100
20210115200059	100
20210115200059	100
20210115200059	100
20210115200059	100
20210115200059	100
20210115200059	100
20210115200059	100
20210115200059	100
20210115200059	100
20210115200059	100
20210115200059	100
20210115200059	100
20210115200059	100
20210115200059	100
20210115200059	100
20210115200059	100
20210115200059	100
20210115200059	100
20210115200059	100
20210115200059	100
20210115200059	100
20210115200059	100
20210115200059	100
20210115200059	100
20210115200059	100
20210115200059	100
20210115200059	100
20210115200059	100
20210115200059	100
20210115200059	100
20210115200059	100
20210115200100	100
20210115200100	100
20210115200100	100
20210115200100	100
20210115200100	100
20210115200100	100
20210115200100	100
20210115200100	100
20210115200100	100
20210115200100	100
20210115200100	100
20210115200100	100
20210115200100	100
20210115200100	100
20210115200100	100
20210115200100	100
20210115200100	100
20210115200100	100
20210115200100	100
20210115200100	100
20210115200100	100
20210115200100	100
20210115200100	100
20210115200100	100
20210115200100	100
20210115200100	100
20210115200100	100
20210115200100	100
20210115200100	100
20210115200100	100
20210115200100	100
20210115200100	100
20210115200100	100
20210115200100	100
20210115200100	100
20210115200100	100
20210115200100	100
20210115200101	100
20210115200101	100
20210115200101	100
20210115200101	100
20210115200101	100
20210115200101	100
20210115200101	100
20210115200101	100
20210115200101	100
20210115200101	100
20210115200101	100
20210115200101	100
20210115200101	100
20210115200101	100
20210115200101	100
20210115200101	100
20210115200101	100
20210115200101	100
20210115200101	100
20210115200101	100
20210115200101	100
20210115200101	100
20210115200101	100
20210115200101	100
20210115200101	100
20210115200101	100
20210115200101	100
20210115200101	100
20210115200101	100
20210115200101	100
20210115200101	100
20210115200101	100
20210115200101	100
20210115200101	100
20210115200101	100
20210115200101	100
20210115200101	100
20210115200101	100
20210115200101	100
20210115200102	100
20210115200102	100
20210115200102	100
20210115200102	100
20210115200102	100
20210115200102	100
20210115200102	100
20210115200102	100
20210115200102	100
20210115200102	100
20210115200102	100
20210115200102	100
20210115200102	100
20210115200102	100
20210115200102	100
20210115200102	100
20210115200102	100
20210115200102	100
20210115200102	100
20210115200102	100
20210115200102	100
20210115200102	100
20210115200102	100
20210115200102	100
20210115200102	100
20210115200102	100
20210115200102	100
20210115200102	100
20210115200102	100
20210115200102	100
20210115200102	100
20210115200103	100
20210115200103	100
20210115200103	100
20210115200103	100
20210115200103	100
20210115200103	100
20210115200103	100
20210115200103	100
20210115200103	100
20210115200103	100
20210115200103	100
20210115200103	100
20210115200103	100
20210115200103	100
20210115200103	100
20210115200103	100
20210115200103	100
20210115200103	100
20210115200103	100
20210115200103	100
20210115200103	100
20210115200103	100
20210115200103	100
20210115200103	100
20210115200103	100
20210115200103	100
20210115200103	100
20210115200103	100
20210115200103	100
20210115200103	100
20210115200103	100
20210115200103	100
20210115200103	100
20210115200103	100
20210115200103	100
20210115200103	100
20210115200103	100
20210115200103	100
20210115200103	100
20210115200103	100
20210115200103	100
20210115200103	100
20210115200103	100
20210115200103	100
20210115200103	100
20210115200103	100
20210115200103	100
20210115200103	100
20210115200103	100
20210115200103	100
20210115200103	100
20210115200103	100
20210115200103	100
20210115200103	100
20210115200103	100
20210115200103	100
20210115200103	100
20210115200103	100
20210115200104	100
20210115200104	100
20210115200104	100
20210115200104	100
20210115200104	100
20210115200104	100
20210115200104	100
20210115200104	100
20210115200104	100
20210115200104	100
20210115200104	100
20210115200104	100
20210115200104	100
20210115200104	100
20210115200104	100
20210115200104	100
20210115200104	100
20210115200104	100
20210115200104	100
20210115200104	100
20210115200104	100
20210115200104	100
20210115200104	100
20210115200104	100
20210115200104	100
20210115200104	100
20210115200104	100
20210115200104	100
20210115200104	100
20210115200104	100
20210115200104	100
20210115200104	100
20210115200104	100
20210115200104	100
20210115200104	100
20210115200104	100
20210115200104	100
20210115200104	100
20210115200104	100
20210115200104	100
20210115200104	100
20210115200104	100
20210115200104	100
20210115200104	100
20210115200104	100
20210115200104	100
20210115200104	100
20210115200105	100
20210115200105	100
20210115200105	100
20210115200105	100
20210115200105	100
20210115200105	100
20210115200105	100
20210115200105	100
20210115200105	100
20210115200105	100
20210115200105	100
20210115200105	100
20210115200105	100
20210115200105	100
20210115200105	100
20210115200105	100
20210115200105	100
20210115200105	100
20210115200105	100
20210115200105	100
20210115200105	100
20210115200105	100
20210115200105	100
20210115200105	100
20210115200105	100
20210115200105	100
20210115200105	100
20210115200105	100
20210115200105	100
20210115200105	100
20210115200105	100
20210115200105	100
20210115200105	100
20210115200105	100
20210115200105	100
20210115200105	100
20210115200105	100
20210115200105	100
20210115200105	100
20210115200105	100
20210115200105	100
20210115200105	100
20210115200105	100
20210115200105	100
20210115200105	100
20210115200105	100
20210115200105	100
20210115200105	100
20210115200105	100
20210115200105	100
20210115200106	100
20210115200106	100
20210115200106	100
20210115200106	100
20210115200106	100
20210115200106	100
20210115200106	100
20210115200106	100
20210115200106	100
20210115200106	100
20210115200106	100
20210115200106	100
20210115200106	100
20210115200106	100
20210115200106	100
20210115200106	100
20210115200106	100
20210115200106	100
20210115200106	100
20210115200106	100
20210115200106	100
20210115200106	100
20210115200106	100
20210115200106	100
20210115200106	100
20210115200106	100
20210115200106	100
20210115200106	100
20210115200107	100
20210115200107	100
20210115200107	100
20210115200107	100
20210115200107	100
20210115200107	100
20210115200107	100
20210115200107	100
20210115200107	100
20210115200107	100
20210115200107	100
20210115200107	100
20210115200107	100
20210115200107	100
20210115200107	100
20210115200107	100
20210115200107	100
20210115200107	100
20210115200107	100
20210115200107	100
20210115200107	100
20210115200107	100
20210115200107	100
20210115200107	100
20210115200107	100
20210115200107	100
20210115200107	100
20210115200107	100
20210115200107	100
20210115200107	100
20210115200107	100
20210115200107	100
20210115200107	100
20210115200107	100
20210115200107	100
20210115200107	100
20210115200107	100
20210115200108	100
20210115200108	100
20210115200108	100
20210115200108	100
20210115200108	100
20210115200108	100
20210115200108	100
20210115200108	100
20210115200108	100
20210115200108	100
20210115200108	100
20210115200108	100
20210115200108	100
20210115200108	100
20210115200108	100
20210115200108	100
20210115200108	100
20210115200108	100
20210115200109	100
20210115200109	100
20210115200109	100
20210115200109	100
20210115200109	100
20210115200109	100
20210115200109	100
20210115200109	100
20210115200109	100
20210115200109	100
20210115200109	100
20210115200109	100
20210115200109	100
20210115200109	100
20210115200109	100
20210115200109	100
20210115200109	100
20210115200109	100
20210115200109	100
20210115200109	100
20210115200109	100
20210115200109	100
20210115200109	100
20210115200109	100
20210115200109	100
20210115200109	100
20210115200109	100
20210115200109	100
20210115200109	100
20210115200109	100
20210115200109	100
20210115200109	100
20210115200109	100
20210115200109	100
20210115200109	100
20210115200109	100
20210115200109	100
20210115200109	100
20210115200109	100
20210115200109	100
20210115200109	100
20210115200109	100
20210115200109	100
20210115200109	100
20210115200109	100
20210115200109	100
20210115200109	100
20210115200109	100
20210115200109	100
20210115200109	100
20210115200109	100
20210115200109	100
20210115200110	100
20210115200110	100
20210115200110	100
20210115200110	100
20210115200110	100
20210115200110	100
20210115200110	100
20210115200110	100
20210115200110	100
20210115200110	100
20210115200110	100
20210115200110	100
20210115200110	100
20210115200110	100
20210115200110	100
20210115200110	100
20210115200110	100
20210115200110	100
20210115200110	100
20210115200110	100
20210115200110	100
20210115200110	100
20210115200110	100
20210115200110	100
20210115200110	100
20210115200110	100
20210115200110	100
20210115200110	100
20210115200110	100
20210115200110	100
20210115200110	100
20210115200110	100
20210115200110	100
20210115200110	100
20210115200110	100
20210115200110	100
20210115200110	100
20210115200110	100
20210115200110	100
20210115200110	100
20210115200110	100
20210115200110	100
20210115200110	100
20210115200110	100
20210115200110	100
20210115200110	100
20210115200111	100
20210115200111	100
20210115200111	100
20210115200111	100
20210115200111	100
20210115200111	100
20210115200111	100
20210115200111	100
20210115200111	100
20210115200111	100
20210115200111	100
20210115200111	100
20210115200111	100
20210115200111	100
20210115200111	100
20210115200111	100
20210115200111	100
20210115200111	100
20210115200111	100
20210115200111	100
20210115200111	100
20210115200111	100
20210115200111	100
20210115200111	100
20210115200111	100
20210115200111	100
20210115200111	100
20210115200111	100
20210115200111	100
20210115200111	100
20210115200112	100
20210115200112	100
20210115200112	100
20210115200112	100
20210115200112	100
20210115200112	100
20210115200112	100
20210115200112	100
20210115200112	100
20210115200112	100
20210115200112	100
20210115200112	100
20210115200112	100
20210115200112	100
20210115200112	100
20210115200112	100
20210115200112	100
20210115200112	100
20210115200112	100
20210115200112	100
20210115200112	100
20210115200112	100
20210115200112	100
20210115200112	100
20210115200112	100
20210115200112	100
20210115200112	100
20210115200112	100
20210115200112	100
20210115200112	100
20210115200112	100
20210115200112	100
20210115200112	100
20210115200112	100
20210115200112	100
20210115200112	100
20210115200113	100
20210115200113	100
20210115200113	100
20210115200113	100
20210115200113	100
20210115200113	100
20210115200113	100
20210115200113	100
20210115200113	100
20210115200113	100
20210115200113	100
20210115200113	100
20210115200113	100
20210115200113	100
20210115200113	100
20210115200113	100
20210115200113	100
20210115200113	100
20210115200113	100
20210115200113	100
20210115200113	100
20210115200114	100
20210115200114	100
20210115200114	100
20210115200114	100
20210115200114	100
20210115200114	100
20210115200114	100
20210115200114	100
20210115200114	100
20210115200114	100
20210115200114	100
20210115200114	100
20210115200114	100
20210115200114	100
20210115200114	100
20210115200114	100
20210115200114	100
20210115200114	100
20210115200114	100
20210115200114	100
20210115200115	100
20210115200115	100
20210115200115	100
20210115200115	100
20210115200115	100
20210115200115	100
20210115200115	100
20210115200115	100
20210115200115	100
20210115200115	100
20210115200115	100
20210115200115	100
20210115200115	100
20210115200115	100
20210115200115	100
20210115200115	100
20210115200115	100
20210115200115	100
20210115200115	100
20210115200115	100
20210115200115	100
20210115200115	100
20210115200115	100
20210115200115	100
20210115200115	100
20210115200115	100
20210115200115	100
20210115200115	100
20210115200115	100
20210115200115	100
20210115200115	100
20210115200115	100
20210115200115	100
20210115200115	100
20210115200115	100
20210115200115	100
20210115200115	100
20210115200115	100
20210115200115	100
20210115200115	100
20210115200115	100
20210115200115	100
20210115200115	100
20210115200115	100
20210115200115	100
20210115200115	100
20210115200115	100
20210115200115	100
20210115200115	100
20210115200115	100
20210115200115	100
20210115200116	100
20210115200116	100
20210115200116	100
20210115200116	100
20210115200116	100
20210115200116	100
20210115200116	100
20210115200116	100
20210115200116	100
20210115200116	100
20210115200116	100
20210115200116	100
20210115200116	100
20210115200116	100
20210115200116	100
20210115200116	100
20210115200116	100
20210115200116	100
20210115200116	100
20210115200116	100
20210115200116	100
20210115200116	100
20210115200116	100
20210115200116	100
20210115200116	100
20210115200116	100
20210115200116	100
20210115200116	100
20210115200117	100
20210115200117	100
20210115200117	100
20210115200117	100
20210115200117	100
20210115200117	100
20210115200117	100
20210115200117	100
20210115200117	100
20210115200117	100
20210115200117	100
20210115200117	100
20210115200117	100
20210115200117	100
20210115200117	100
20210115200117	100
20210115200117	100
20210115200117	100
20210115200117	100
20210115200117	100
20210115200117	100
20210115200117	100
20210115200117	100
20210115200117	100
20210115200117	100
20210115200117	100
20210115200117	100
20210115200117	100
20210115200118	100
20210115200118	100
20210115200118	100
20210115200118	100
20210115200118	100
20210115200118	100
20210115200118	100
20210115200118	100
20210115200118	100
20210115200118	100
20210115200118	100
20210115200118	100
20210115200118	100
20210115200118	100
20210115200118	100
20210115200118	100
20210115200118	100
20210115200118	100
20210115200118	100
20210115200118	100
20210115200118	100
20210115200118	100
20210115200118	100
20210115200118	100
20210115200118	100
20210115200118	100
20210115200118	100
20210115200118	100
20210115200118	100
20210115200118	100
20210115200118	100
20210115200118	100
20210115200118	100
20210115200118	100
20210115200118	100
20210115200118	100
20210115200118	100
20210115200118	100
20210115200118	100
20210115200118	100
20210115200118	100
20210115200118	100
20210115200118	100
20210115200118	100
20210115200119	100
20210115200119	100
20210115200119	100
20210115200119	100
20210115200119	100
20210115200119	100
20210115200119	100
20210115200119	100
20210115200119	100
20210115200119	100
20210115200119	100
20210115200119	100
20210115200119	100
20210115200119	100
20210115200119	100
20210115200119	100
20210115200119	100
20210115200119	100
20210115200119	100
20210115200119	100
20210115200119	100
20210115200119	100
20210115200119	100
20210115200119	100
20210115200119	100
20210115200119	100
20210115200119	100
20210115200119	100
20210115200119	100
20210115200119	100
20210115200119	100
20210115200119	100
20210115200120	100
20210115200120	100
20210115200120	100
20210115200120	100
20210115200120	100
20210115200120	100
20210115200120	100
20210115200120	100
20210115200120	100
20210115200120	100
20210115200120	100
20210115200120	100
20210115200120	100
20210115200120	100
20210115200120	100
20210115200120	100
20210115200120	100
20210115200120	100
20210115200120	100
20210115200120	100
20210115200120	100
20210115200120	100
20210115200120	100
20210115200120	100
20210115200120	100
20210115200120	100
20210115200120	100
20210115200120	100
20210115200120	100
20210115200120	100
20210115200120	100
20210115200120	100
20210115200120	100
20210115200120	100
20210115200120	100
20210115200120	100
20210115200120	100
20210115200120	100
20210115200120	100
20210115200120	100
20210115200120	100
20210115200120	100
20210115200120	100
20210115200120	100
20210115200120	100
20210115200120	100
20210115200120	100
20210115200120	100
20210115200120	100
20210115200120	100
20210115200120	100
20210115200120	100
20210115200120	100
20210115200120	100
20210115200120	100
20210115200120	100
20210115200120	100
20210115200120	100
20210115200121	100
20210115200121	100
20210115200121	100
20210115200121	100
20210115200121	100
20210115200121	100
20210115200121	100
20210115200121	100
20210115200121	100
20210115200121	100
20210115200121	100
20210115200121	100
20210115200121	100
20210115200121	100
20210115200121	100
20210115200121	100
20210115200121	100
20210115200121	100
20210115200121	100
20210115200121	100
20210115200121	100
20210115200121	100
20210115200121	100
20210115200121	100
20210115200121	100
20210115200121	100
20210115200121	100
20210115200121	100
20210115200121	100
20210115200121	100
20210115200122	100
20210115200122	100
20210115200122	100
20210115200122	100
20210115200122	100
20210115200122	100
20210115200122	100
20210115200122	100
20210115200122	100
20210115200122	100
20210115200122	100
20210115200122	100
20210115200122	100
20210115200122	100
20210115200122	100
20210115200122	100
20210115200122	100
20210115200122	100
20210115200122	100
20210115200122	100
20210115200122	100
20210115200122	100
20210115200122	100
20210115200122	100
20210115200122	100
20210115200122	100
20210115200122	100
20210115200122	100
20210115200123	100
20210115200123	100
20210115200123	100
20210115200123	100
20210115200123	100
20210115200123	100
20210115200123	100
20210115200123	100
20210115200123	100
20210115200123	100
20210115200123	100
20210115200123	100
20210115200123	100
20210115200123	100
20210115200123	100
20210115200123	100
20210115200123	100
20210115200123	100
20210115200123	100
20210115200123	100
20210115200123	100
20210115200123	100
20210115200123	100
20210115200123	100
20210115200123	100
20210115200123	100
20210115200123	100
20210115200123	100
20210115200124	100
20210115200124	100
20210115200124	100
20210115200124	100
20210115200124	100
20210115200124	100
20210115200124	100
20210115200124	100
20210115200124	100
20210115200124	100
20210115200124	100
20210115200124	100
20210115200124	100
20210115200124	100
20210115200124	100
20210115200124	100
20210115200124	100
20210115200124	100
20210115200124	100
20210115200124	100
20210115200124	100
20210115200124	100
20210115200124	100
20210115200124	100
20210115200124	100
20210115200124	100
20210115200124	100
20210115200124	100
20210115200124	100
20210115200124	100
20210115200124	100
20210115200124	100
20210115200124	100
20210115200124	100
20210115200124	100
20210115200124	100
20210115200124	100
20210115200124	100
20210115200124	100
20210115200124	100
20210115200124	100
20210115200124	100
20210115200124	100
20210115200124	100
20210115200124	100
20210115200124	100
20210115200124	100
20210115200124	100
20210115200124	100
20210115200125	100
20210115200125	100
20210115200125	100
20210115200125	100
20210115200125	100
20210115200125	100
20210115200125	100
20210115200125	100
20210115200125	100
20210115200125	100
20210115200125	100
20210115200125	100
20210115200125	100
20210115200125	100
20210115200125	100
20210115200125	100
20210115200125	100
20210115200125	100
20210115200125	100
20210115200125	100
20210115200125	100
20210115200125	100
20210115200125	100
20210115200125	100
20210115200125	100
20210115200125	100
20210115200125	100
20210115200125	100
20210115200125	100
20210115200125	100
20210115200125	100
20210115200125	100
20210115200125	100
20210115200125	100
20210115200125	100
20210115200125	100
20210115200125	100
20210115200125	100
20210115200125	100
20210115200125	100
20210115200125	100
20210115200125	100
20210115200125	100
20210115200125	100
20210115200125	100
20210115200125	100
20210115200125	100
20210115200125	100
20210115200125	100
20210115200125	100
20210115200126	100
20210115200126	100
20210115200126	100
20210115200126	100
20210115200126	100
20210115200126	100
20210115200126	100
20210115200126	100
20210115200126	100
20210115200126	100
20210115200126	100
20210115200126	100
20210115200126	100
20210115200126	100
20210115200126	100
20210115200126	100
20210115200126	100
20210115200126	100
20210115200126	100
20210115200126	100
20210115200126	100
20210115200126	100
20210115200126	100
20210115200126	100
20210115200126	100
20210115200126	100
20210115200126	100
20210115200126	100
20210115200126	100
20210115200126	100
20210115200126	100
20210115200126	100
20210115200127	100
20210115200127	100
20210115200127	100
20210115200127	100
20210115200127	100
20210115200127	100
20210115200127	100
20210115200127	100
20210115200127	100
20210115200127	100
20210115200127	100
20210115200127	100
20210115200127	100
20210115200127	100
20210115200127	100
20210115200127	100
20210115200127	100
20210115200127	100
20210115200127	100
20210115200127	100
20210115200127	100
20210115200127	100
20210115200127	100
20210115200127	100
20210115200127	100
20210115200127	100
20210115200127	100
20210115200127	100
20210115200127	100
20210115200127	100
20210115200127	100
20210115200127	100
20210115200127	100
20210115200127	100
20210115200127	100
20210115200127	100
20210115200127	100
20210115200127	100
20210115200127	100
20210115200127	100
20210115200127	100
20210115200127	100
20210115200127	100
20210115200127	100
20210115200127	100
20210115200127	100
20210115200128	100
20210115200128	100
20210115200128	100
20210115200128	100
20210115200128	100
20210115200128	100
20210115200128	100
20210115200128	100
20210115200128	100
20210115200128	100
20210115200128	100
20210115200128	100
20210115200128	100
20210115200128	100
20210115200128	100
20210115200128	100
20210115200128	100
20210115200128	100
20210115200128	100
20210115200128	100
20210115200128	100
20210115200128	100
20210115200128	100
20210115200128	100
20210115200128	100
20210115200128	100
20210115200129	100
20210115200129	100
20210115200129	100
20210115200129	100
20210115200129	100
20210115200129	100
20210115200129	100
20210115200129	100
20210115200129	100
20210115200129	100
20210115200129	100
20210115200129	100
20210115200129	100
20210115200129	100
20210115200129	100
20210115200129	100
20210115200129	100
20210115200129	100
20210115200129	100
20210115200129	100
20210115200129	100
20210115200129	100
20210115200129	100
20210115200129	100
20210115200129	100
20210115200129	100
20210115200129	100
20210115200129	100
20210115200129	100
20210115200129	100
20210115200129	100
20210115200129	100
20210115200129	100
20210115200129	100
20210115200129	100
20210115200130	100
20210115200130	100
20210115200130	100
20210115200130	100
20210115200130	100
20210115200130	100
20210115200130	100
20210115200130	100
20210115200130	100
20210115200130	100
20210115200130	100
20210115200130	100
20210115200130	100
20210115200130	100
20210115200130	100
20210115200130	100
20210115200130	100
20210115200130	100
20210115200130	100
20210115200130	100
20210115200130	100
20210115200130	100
20210115200130	100
20210115200130	100
20210115200130	100
20210115200130	100
20210115200130	100
20210115200130	100
20210115200130	100
20210115200130	100
20210115200130	100
20210115200130	100
20210115200130	100
20210115200130	100
20210115200130	100
20210115200130	100
20210115200130	100
20210115200130	100
20210115200130	100
20210115200130	100
20210115200130	100
20210115200130	100
20210115200130	100
20210115200130	100
20210115200131	100
20210115200131	100
20210115200131	100
20210115200131	100
20210115200131	100
20210115200131	100
20210115200131	100
20210115200131	100
20210115200131	100
20210115200131	100
20210115200131	100
20210115200131	100
20210115200131	100
20210115200131	100
20210115200131	100
20210115200131	100
20210115200131	100
20210115200131	100
20210115200131	100
20210115200131	100
20210115200131	100
20210115200131	100
20210115200131	100
20210115200131	100
20210115200131	100
20210115200131	100
20210115200131	100
20210115200131	100
20210115200131	100
20210115200131	100
20210115200131	100
20210115200131	100
20210115200131	100
20210115200131	100
20210115200131	100
20210115200131	100
20210115200131	100
20210115200131	100
20210115200131	100
20210115200131	100
20210115200131	100
20210115200131	100
20210115200131	100
20210115200131	100
20210115200131	100
20210115200131	100
20210115200131	100
20210115200131	100
20210115200131	100
20210115200131	100
20210115200131	100
20210115200131	100
20210115200131	100
20210115200131	100
20210115200131	100
20210115200131	100
20210115200131	100
20210115200131	100
20210115200131	100
20210115200131	100
20210115200131	100
20210115200131	100
20210115200131	100
20210115200131	100
20210115200132	100
20210115200132	100
20210115200132	100
20210115200132	100
20210115200132	100
20210115200132	100
20210115200132	100
20210115200132	100
20210115200132	100
20210115200132	100
20210115200132	100
20210115200132	100
20210115200132	100
20210115200132	100
20210115200132	100
20210115200132	100
20210115200132	100
20210115200132	100
20210115200132	100
20210115200132	100
20210115200132	100
20210115200132	100
20210115200132	100
20210115200132	100
20210115200132	100
20210115200133	100
20210115200133	100
20210115200133	100
20210115200133	100
20210115200133	100
20210115200133	100
20210115200133	100
20210115200133	100
20210115200133	100
20210115200133	100
20210115200133	100
20210115200133	100
20210115200133	100
20210115200133	100
20210115200133	100
20210115200133	100
20210115200133	100
20210115200133	100
20210115200133	100
20210115200133	100
20210115200133	100
20210115200133	100
20210115200133	100
20210115200133	100
20210115200133	100
20210115200133	100
20210115200133	100
20210115200133	100
20210115200133	100
20210115200133	100
20210115200133	100
20210115200133	100
20210115200133	100
20210115200133	100
20210115200133	100
20210115200133	100
20210115200133	100
20210115200133	100
20210115200134	100
20210115200134	100
20210115200134	100
20210115200134	100
20210115200134	100
20210115200134	100
20210115200134	100
20210115200134	100
20210115200134	100
20210115200134	100
20210115200134	100
20210115200134	100
20210115200134	100
20210115200134	100
20210115200134	100
20210115200134	100
20210115200134	100
20210115200134	100
20210115200134	100
20210115200134	100
20210115200134	100
20210115200135	100
20210115200135	100
20210115200135	100
20210115200135	100
20210115200135	100
20210115200135	100
20210115200135	100
20210115200135	100
20210115200135	100
20210115200135	100
20210115200135	100
20210115200135	100
20210115200135	100
20210115200135	100
20210115200135	100
20210115200135	100
20210115200135	100
20210115200135	100
20210115200135	100
20210115200135	100
20210115200135	100
20210115200136	100
20210115200136	100
20210115200136	100
20210115200136	100
20210115200136	100
20210115200136	100
20210115200136	100
20210115200136	100
20210115200136	100
20210115200136	100
20210115200136	100
20210115200136	100
20210115200136	100
20210115200136	100
20210115200136	100
20210115200136	100
20210115200136	100
20210115200136	100
20210115200136	100
20210115200136	100
20210115200136	100
20210115200136	100
20210115200136	100
20210115200137	100
20210115200137	100
20210115200137	100
20210115200137	100
20210115200137	100
20210115200137	100
20210115200137	100
20210115200137	100
20210115200137	100
20210115200137	100
20210115200137	100
20210115200137	100
20210115200137	100
20210115200137	100
20210115200137	100
20210115200137	100
20210115200137	100
20210115200137	100
20210115200137	100
20210115200137	100
20210115200137	100
20210115200137	100
20210115200137	100
20210115200137	100
20210115200137	100
20210115200137	100
20210115200137	100
20210115200138	100
20210115200138	100
20210115200138	100
20210115200138	100
20210115200138	100
20210115200138	100
20210115200138	100
20210115200138	100
20210115200138	100
20210115200138	100
20210115200138	100
20210115200138	100
20210115200138	100
20210115200138	100
20210115200138	100
20210115200138	100
20210115200138	100
20210115200138	100
20210115200138	100
20210115200138	100
20210115200138	100
20210115200138	100
20210115200138	100
20210115200139	100
20210115200139	100
20210115200139	100
20210115200139	100
20210115200139	100
20210115200139	100
20210115200139	100
20210115200139	100
20210115200139	100
20210115200139	100
20210115200139	100
20210115200139	100
20210115200139	100
20210115200139	100
20210115200139	100
20210115200139	100
20210115200139	100
20210115200139	100
20210115200139	100
20210115200139	100
20210115200139	100
20210115200139	100
20210115200139	100
20210115200139	100
20210115200139	100
20210115200139	100
20210115200139	100
20210115200139	100
20210115200139	100
20210115200139	100
20210115200139	100
20210115200139	100
20210115200139	100
20210115200139	100
20210115200139	100
20210115200139	100
20210115200139	100
20210115200139	100
20210115200139	100
20210115200139	100
20210115200139	100
20210115200139	100
20210115200139	100
20210115200139	100
20210115200139	100
20210115200139	100
20210115200139	100
20210115200139	100
20210115200139	100
20210115200139	100
20210115200140	100
20210115200140	100
20210115200140	100
20210115200140	100
20210115200140	100
20210115200140	100
20210115200140	100
20210115200140	100
20210115200140	100
20210115200140	100
20210115200140	100
20210115200140	100
20210115200140	100
20210115200140	100
20210115200140	100
20210115200140	100
20210115200140	100
20210115200140	100
20210115200140	100
20210115200140	100
20210115200140	100
20210115200140	100
20210115200140	100
20210115200140	100
20210115200140	100
20210115200140	100
20210115200140	100
20210115200140	100
20210115200140	100
20210115200140	100
20210115200140	100
20210115200140	100
20210115200140	100
20210115200140	100
20210115200140	100
20210115200141	100
20210115200141	100
20210115200141	100
20210115200141	100
20210115200141	100
20210115200141	100
20210115200141	100
20210115200141	100
20210115200141	100
20210115200141	100
20210115200141	100
20210115200141	100
20210115200141	100
20210115200141	100
20210115200141	100
20210115200141	100
20210115200141	100
20210115200141	100
20210115200141	100
20210115200141	100
20210115200141	100
20210115200141	100
20210115200141	100
20210115200141	100
20210115200141	100
20210115200141	100
20210115200141	100
20210115200141	100
20210115200141	100
20210115200141	100
20210115200141	100
20210115200141	100
20210115200141	100
20210115200142	100
20210115200142	100
20210115200142	100
20210115200142	100
20210115200142	100
20210115200142	100
20210115200142	100
20210115200142	100
20210115200142	100
20210115200142	100
20210115200142	100
20210115200142	100
20210115200142	100
20210115200142	100
20210115200142	100
20210115200142	100
20210115200142	100
20210115200142	100
20210115200142	100
20210115200142	100
20210115200142	100
20210115200142	100
20210115200142	100
20210115200142	100
20210115200142	100
20210115200142	100
20210115200142	100
20210115200142	100
20210115200142	100
20210115200142	100
20210115200142	100
20210115200142	100
20210115200142	100
20210115200142	100
20210115200142	100
20210115200142	100
20210115200142	100
20210115200142	100
20210115200142	100
20210115200142	100
20210115200142	100
20210115200142	100
20210115200142	100
20210115200142	100
20210115200142	100
20210115200143	100
20210115200143	100
20210115200143	100
20210115200143	100
20210115200143	100
20210115200143	100
20210115200143	100
20210115200143	100
20210115200143	100
20210115200143	100
20210115200143	100
20210115200143	100
20210115200143	100
20210115200143	100
20210115200143	100
20210115200143	100
20210115200143	100
20210115200143	100
20210115200143	100
20210115200143	100
20210115200143	100
20210115200143	100
20210115200143	100
20210115200143	100
20210115200143	100
20210115200143	100
20210115200143	100
20210115200143	100
20210115200143	100
20210115200143	100
20210115200143	100
20210115200143	100
20210115200143	100
20210115200143	100
20210115200143	100
20210115200143	100
20210115200143	100
20210115200143	100
20210115200143	100
20210115200143	100
20210115200143	100
20210115200143	100
20210115200143	100
20210115200143	100
20210115200143	100
20210115200143	100
20210115200143	100
20210115200143	100
20210115200143	100
20210115200143	100
20210115200143	100
20210115200143	100
20210115200143	100
20210115200143	100
20210115200143	100
20210115200143	100
20210115200143	100
20210115200143	100
20210115200143	100
20210115200143	100
20210115200143	100
20210115200144	100
20210115200144	100
20210115200144	100
20210115200144	100
20210115200144	100
20210115200144	100
20210115200144	100
20210115200144	100
20210115200144	100
20210115200144	100
20210115200144	100
20210115200144	100
20210115200144	100
20210115200144	100
20210115200144	100
20210115200144	100
20210115200144	100
20210115200144	100
20210115200144	100
20210115200144	100
20210115200144	100
20210115200144	100
20210115200144	100
20210115200144	100
20210115200144	100
20210115200145	100
20210115200145	100
20210115200145	100
20210115200145	100
20210115200145	100
20210115200145	100
20210115200145	100
20210115200145	100
20210115200145	100
20210115200145	100
20210115200145	100
20210115200145	100
20210115200145	100
20210115200145	100
20210115200145	100
20210115200145	100
20210115200145	100
20210115200145	100
20210115200145	100
20210115200145	100
20210115200145	100
20210115200145	100
20210115200145	100
20210115200145	100
20210115200145	100
20210115200145	100
20210115200145	100
20210115200145	100
20210115200145	100
20210115200145	100
20210115200145	100
20210115200145	100
20210115200145	100
20210115200145	100
20210115200145	100
20210115200145	100
20210115200145	100
20210115200145	100
20210115200145	100
20210115200145	100
20210115200145	100
20210115200145	100
20210115200146	100
20210115200146	100
20210115200146	100
20210115200146	100
20210115200146	100
20210115200146	100
20210115200146	100
20210115200146	100
20210115200146	100
20210115200146	100
20210115200146	100
20210115200146	100
20210115200146	100
20210115200146	100
20210115200146	100
20210115200146	100
20210115200146	100
20210115200146	100
20210115200146	100
20210115200146	100
20210115200146	100
20210115200146	100
20210115200146	100
20210115200146	100
20210115200146	100
20210115200146	100
20210115200146	100
20210115200146	100
20210115200146	100
20210115200146	100
20210115200147	100
20210115200147	100
20210115200147	100
20210115200147	100
20210115200147	100
20210115200147	100
20210115200147	100
20210115200147	100
20210115200147	100
20210115200147	100
20210115200147	100
20210115200147	100
20210115200147	100
20210115200147	100
20210115200147	100
20210115200147	100
20210115200147	100
20210115200147	100
20210115200147	100
20210115200147	100
20210115200147	100
20210115200147	100
20210115200147	100
20210115200147	100
20210115200147	100
20210115200147	100
20210115200147	100
20210115200147	100
20210115200147	100
20210115200147	100
20210115200147	100
20210115200148	100
20210115200148	100
20210115200148	100
20210115200148	100
20210115200148	100
20210115200148	100
20210115200148	100
20210115200148	100
20210115200148	100
20210115200148	100
20210115200148	100
20210115200148	100
20210115200148	100
20210115200148	100
20210115200148	100
20210115200148	100
20210115200148	100
20210115200148	100
20210115200148	100
20210115200148	100
20210115200149	100
20210115200149	100
20210115200149	100
20210115200149	100
20210115200149	100
20210115200149	100
20210115200149	100
20210115200149	100
20210115200149	100
20210115200149	100
20210115200149	100
20210115200149	100
20210115200149	100
20210115200149	100
20210115200149	100
20210115200149	100
20210115200149	100
20210115200149	100
20210115200149	100
20210115200149	100
20210115200149	100
20210115200149	100
20210115200149	100
20210115200149	100
20210115200149	100
20210115200149	100
20210115200149	100
20210115200149	100
20210115200150	100
20210115200150	100
20210115200150	100
20210115200150	100
20210115200150	100
20210115200150	100
20210115200150	100
20210115200150	100
20210115200150	100
20210115200150	100
20210115200150	100
20210115200150	100
20210115200150	100
20210115200150	100
20210115200150	100
20210115200150	100
20210115200150	100
20210115200150	100
20210115200150	100
20210115200150	100
20210115200150	100
20210115200150	100
20210115200150	100
20210115200150	100
20210115200150	100
20210115200150	100
20210115200150	100
20210115200150	100
20210115200150	100
20210115200150	100
20210115200150	100
20210115200150	100
20210115200150	100
20210115200150	100
20210115200150	100
20210115200150	100
20210115200150	100
20210115200150	100
20210115200150	100
20210115200150	100
20210115200151	100
20210115200151	100
20210115200151	100
20210115200151	100
20210115200151	100
20210115200151	100
20210115200151	100
20210115200151	100
20210115200151	100
20210115200151	100
20210115200151	100
20210115200151	100
20210115200151	100
20210115200151	100
20210115200151	100
20210115200151	100
20210115200151	100
20210115200151	100
20210115200151	100
20210115200151	100
20210115200151	100
20210115200151	100
20210115200151	100
20210115200151	100
20210115200151	100
20210115200151	100
20210115200151	100
20210115200151	100
20210115200151	100
20210115200151	100
20210115200151	100
20210115200151	100
20210115200151	100
20210115200151	100
20210115200151	100
20210115200151	100
20210115200151	100
20210115200151	100
20210115200151	100
20210115200151	100
20210115200151	100
20210115200151	100
20210115200151	100
20210115200151	100
20210115200151	100
20210115200151	100
20210115200151	100
20210115200151	100
20210115200151	100
20210115200151	100
20210115200151	100
20210115200151	100
20210115200151	100
20210115200152	100
20210115200152	100
20210115200152	100
20210115200152	100
20210115200152	100
20210115200152	100
20210115200152	100
20210115200152	100
20210115200152	100
20210115200152	100
20210115200152	100
20210115200152	100
20210115200152	100
20210115200152	100
20210115200152	100
20210115200152	100
20210115200152	100
20210115200152	100
20210115200152	100
20210115200152	100
20210115200152	100
20210115200152	100
20210115200152	100
20210115200152	100
20210115200152	100
20210115200152	100
20210115200152	100
20210115200152	100
20210115200152	100
20210115200152	100
20210115200152	100
20210115200152	100
20210115200152	100
20210115200152	100
20210115200152	100
20210115200152	100
20210115200153	100
20210115200153	100
20210115200153	100
20210115200153	100
20210115200153	100
20210115200153	100
20210115200153	100
20210115200153	100
20210115200153	100
20210115200153	100
20210115200153	100
20210115200153	100
20210115200153	100
20210115200153	100
20210115200153	100
20210115200153	100
20210115200153	100
20210115200153	100
20210115200153	100
20210115200153	100
20210115200153	100
20210115200153	100
20210115200153	100
20210115200153	100
20210115200153	100
20210115200154	100
20210115200154	100
20210115200154	100
20210115200154	100
20210115200154	100
20210115200154	100
20210115200154	100
20210115200154	100
20210115200154	100
20210115200154	100
20210115200154	100
20210115200154	100
20210115200154	100
20210115200154	100
20210115200154	100
20210115200154	100
20210115200154	100
20210115200154	100
20210115200154	100
20210115200154	100
20210115200154	100
20210115200154	100
20210115200154	100
20210115200154	100
20210115200154	100
20210115200154	100
20210115200154	100
20210115200154	100
20210115200155	100
20210115200155	100
20210115200155	100
20210115200155	100
20210115200155	100
20210115200155	100
20210115200155	100
20210115200155	100
20210115200155	100
20210115200155	100
20210115200155	100
20210115200155	100
20210115200155	100
20210115200155	100
20210115200155	100
20210115200155	100
20210115200155	100
20210115200155	100
20210115200155	100
20210115200155	100
20210115200155	100
20210115200155	100
20210115200155	100
20210115200155	100
20210115200155	100
20210115200155	100
20210115200155	100
20210115200155	100
20210115200155	100
20210115200155	100
20210115200155	100
20210115200155	100
20210115200155	100
20210115200155	100
20210115200155	100
20210115200156	100
20210115200156	100
20210115200156	100
20210115200156	100
20210115200156	100
20210115200156	100
20210115200156	100
20210115200156	100
20210115200156	100
20210115200156	100
20210115200156	100
20210115200156	100
20210115200156	100
20210115200156	100
20210115200156	100
20210115200156	100
20210115200156	100
20210115200157	100
20210115200157	100
20210115200157	100
20210115200157	100
20210115200157	100
20210115200157	100
20210115200157	100
20210115200157	100
20210115200157	100
20210115200157	100
20210115200157	100
20210115200157	100
20210115200157	100
20210115200157	100
20210115200157	100
20210115200157	100
20210115200157	100
20210115200157	100
20210115200157	100
20210115200157	100
20210115200157	100
20210115200157	100
20210115200157	100
20210115200157	100
20210115200157	100
20210115200157	100
20210115200157	100
20210115200157	100
20210115200157	100
20210115200157	100
20210115200157	100
20210115200157	100
20210115200157	100
20210115200157	100
20210115200157	100
20210115200157	100
20210115200158	100
20210115200158	100
20210115200158	100
20210115200158	100
20210115200158	100
20210115200158	100
20210115200158	100
20210115200158	100
20210115200158	100
20210115200158	100
20210115200158	100
20210115200158	100
20210115200158	100
20210115200158	100
20210115200158	100
20210115200158	100
20210115200158	100
20210115200158	100
20210115200158	100
20210115200158	100
20210115200158	100
20210115200158	100
20210115200158	100
20210115200158	100
20210115200158	100
20210115200158	100
20210115200158	100
20210115200159	100
20210115200159	100
20210115200159	100
20210115200159	100
20210115200159	100
20210115200159	100
20210115200159	100
20210115200159	100
20210115200159	100
20210115200159	100
20210115200159	100
20210115200159	100
20210115200159	100
20210115200159	100
20210115200159	100
20210115200159	100
20210115200159	100
20210115200159	100
20210115200159	100
20210115200159	100
20210115200159	100
20210115200159	100
20210115200159	100
20210115200159	100
20210115200159	100
20210115200159	100
20210115200159	100
20210115200159	100
20210115200159	100
20210115200159	100
20210115200159	100
20210115200159	100
20210115200159	100
20210115200159	100
20210115200159	100
20210115200159	100
20210115200159	100
20210115200159	100
20210115200159	100
20210115200159	100
20210115200159	100
20210115200159	100
20210115200200	100
20210115200200	100
20210115200200	100
20210115200200	100
20210115200200	100
20210115200200	100
20210115200200	100
20210115200200	100
20210115200200	100
20210115200200	100
20210115200200	100
20210115200200	100
20210115200200	100
20210115200200	100
20210115200200	100
20210115200200	100
20210115200200	100
20210115200200	100
20210115200200	100
20210115200200	100
20210115200200	100
20210115200200	100
20210115200200	100
20210115200200	100
20210115200200	100
20210115200201	100
20210115200201	100
20210115200201	100
20210115200201	100
20210115200201	100
20210115200201	100
20210115200201	100
20210115200201	100
20210115200201	100
20210115200201	100
20210115200201	100
20210115200201	100
20210115200201	100
20210115200201	100
20210115200201	100
20210115200201	100
20210115200201	100
20210115200201	100
20210115200201	100
20210115200201	100
20210115200201	100
20210115200201	100
20210115200201	100
20210115200201	100
20210115200201	100
20210115200201	100
20210115200201	100
20210115200201	100
20210115200201	100
20210115200201	100
20210115200201	100
20210115200201	100
20210115200201	100
20210115200201	100
20210115200201	100
20210115200201	100
20210115200201	100
20210115200201	100
20210115200201	100
20210115200201	100
20210115200201	100
20210115200201	100
20210115200201	100
20210115200201	100
20210115200201	100
20210115200201	100
20210115200201	100
20210115200201	100
20210115200201	100
20210115200201	100
20210115200201	100
20210115200201	100
20210115200201	100
20210115200201	100
20210115200201	100
20210115200202	100
20210115200202	100
20210115200202	100
20210115200202	100
20210115200202	100
20210115200202	100
20210115200202	100
20210115200202	100
20210115200202	100
20210115200202	100
20210115200202	100
20210115200202	100
20210115200202	100
20210115200202	100
20210115200202	100
20210115200202	100
20210115200202	100
20210115200202	100
20210115200202	100
20210115200202	100
20210115200202	100
20210115200202	100
20210115200203	100
20210115200203	100
20210115200203	100
20210115200203	100
20210115200203	100
20210115200203	100
20210115200203	100
20210115200203	100
20210115200203	100
20210115200203	100
20210115200203	100
20210115200203	100
20210115200203	100
20210115200203	100
20210115200203	100
20210115200203	100
20210115200203	100
20210115200203	100
20210115200203	100
20210115200203	100
20210115200203	100
20210115200203	100
20210115200203	100
20210115200203	100
20210115200203	100
20210115200203	100
20210115200203	100
20210115200203	100
20210115200203	100
20210115200203	100
20210115200203	100
20210115200203	100
20210115200203	100
20210115200203	100
20210115200203	100
20210115200203	100
20210115200203	100
20210115200204	100
20210115200204	100
20210115200204	100
20210115200204	100
20210115200204	100
20210115200204	100
20210115200204	100
20210115200204	100
20210115200204	100
20210115200204	100
20210115200204	100
20210115200204	100
20210115200204	100
20210115200204	100
20210115200204	100
20210115200204	100
20210115200204	100
20210115200204	100
20210115200204	100
20210115200204	100
20210115200204	100
20210115200204	100
20210115200204	100
20210115200204	100
20210115200204	100
20210115200204	100
20210115200204	100
20210115200204	100
20210115200204	100
20210115200204	100
20210115200204	100
20210115200204	100
20210115200204	100
20210115200204	100
20210115200204	100
20210115200204	100
20210115200204	100
20210115200204	100
20210115200204	100
20210115200204	100
20210115200204	100
20210115200204	100
20210115200204	100
20210115200204	100
20210115200204	100
20210115200204	100
20210115200205	100
20210115200205	100
20210115200205	100
20210115200205	100
20210115200205	100
20210115200205	100
20210115200205	100
20210115200205	100
20210115200205	100
20210115200205	100
20210115200205	100
20210115200205	100
20210115200205	100
20210115200205	100
20210115200205	100
20210115200205	100
20210115200205	100
20210115200205	100
20210115200205	100
20210115200205	100
20210115200205	100
20210115200205	100
20210115200205	100
20210115200205	100
20210115200205	100
20210115200205	100
20210115200205	100
20210115200205	100
20210115200205	100
20210115200205	100
20210115200205	100
20210115200205	100
20210115200205	100
20210115200205	100
20210115200205	100
20210115200206	100
20210115200206	100
20210115200206	100
20210115200206	100
20210115200206	100
20210115200206	100
20210115200206	100
20210115200206	100
20210115200206	100
20210115200206	100
20210115200206	100
20210115200206	100
20210115200206	100
20210115200206	100
20210115200206	100
20210115200206	100
20210115200206	100
20210115200206	100
20210115200206	100
20210115200206	100
20210115200206	100
20210115200206	100
20210115200206	100
20210115200206	100
20210115200206	100
20210115200206	100
20210115200206	100
20210115200206	100
20210115200206	100
20210115200206	100
20210115200206	100
20210115200206	100
20210115200206	100
20210115200207	100
20210115200207	100
20210115200207	100
20210115200207	100
20210115200207	100
20210115200207	100
20210115200207	100
20210115200207	100
20210115200207	100
20210115200207	100
20210115200207	100
20210115200207	100
20210115200207	100
20210115200207	100
20210115200207	100
20210115200207	100
20210115200207	100
20210115200207	100
20210115200207	100
20210115200207	100
20210115200207	100
20210115200207	100
20210115200207	100
20210115200207	100
20210115200207	100
20210115200207	100
20210115200207	100
20210115200207	100
20210115200207	100
20210115200207	100
20210115200207	100
20210115200207	100
20210115200207	100
20210115200207	100
20210115200207	100
20210115200207	100
20210115200208	100
20210115200208	100
20210115200208	100
20210115200208	100
20210115200208	100
20210115200208	100
20210115200208	100
20210115200208	100
20210115200208	100
20210115200208	100
20210115200208	100
20210115200208	100
20210115200208	100
20210115200208	100
20210115200208	100
20210115200208	100
20210115200208	100
20210115200208	100
20210115200208	100
20210115200208	100
20210115200208	100
20210115200208	100
20210115200208	100
20210115200208	100
20210115200208	100
20210115200208	100
20210115200209	100
20210115200209	100
20210115200209	100
20210115200209	100
20210115200209	100
20210115200209	100
20210115200209	100
20210115200209	100
20210115200209	100
20210115200209	100
20210115200209	100
20210115200209	100
20210115200209	100
20210115200209	100
20210115200209	100
20210115200209	100
20210115200209	100
20210115200209	100
20210115200209	100
20210115200209	100
20210115200209	100
20210115200209	100
20210115200209	100
20210115200209	100
20210115200209	100
20210115200209	100
20210115200209	100
20210115200209	100
20210115200209	100
20210115200209	100
20210115200209	100
20210115200209	100
20210115200209	100
20210115200209	100
20210115200210	100
20210115200210	100
20210115200210	100
20210115200210	100
20210115200210	100
20210115200210	100
20210115200210	100
20210115200210	100
20210115200210	100
20210115200210	100
20210115200210	100
20210115200210	100
20210115200210	100
20210115200210	100
20210115200210	100
20210115200210	100
20210115200210	100
20210115200210	100
20210115200210	100
20210115200210	100
20210115200211	100
20210115200211	100
20210115200211	100
20210115200211	100
20210115200211	100
20210115200211	100
20210115200211	100
20210115200211	100
20210115200211	100
20210115200211	100
20210115200211	100
20210115200211	100
20210115200211	100
20210115200211	100
20210115200211	100
20210115200211	100
20210115200211	100
20210115200211	100
20210115200211	100
20210115200211	100
20210115200211	100
20210115200211	100
20210115200211	100
20210115200211	100
20210115200211	100
20210115200211	100
20210115200211	100
20210115200211	100
20210115200211	100
20210115200211	100
20210115200211	100
20210115200211	100
20210115200211	100
20210115200211	100
20210115200211	100
20210115200211	100
20210115200211	100
20210115200211	100
20210115200211	100
20210115200211	100
20210115200211	100
20210115200211	100
20210115200211	100
20210115200212	100
20210115200212	100
20210115200212	100
20210115200212	100
20210115200212	100
20210115200212	100
20210115200212	100
20210115200212	100
20210115200212	100
20210115200212	100
20210115200212	100
20210115200212	100
20210115200212	100
20210115200212	100
20210115200212	100
20210115200212	100
20210115200212	100
20210115200212	100
20210115200212	100
20210115200212	100
20210115200212	100
20210115200212	100
20210115200212	100
20210115200212	100
20210115200212	100
20210115200212	100
20210115200212	100
20210115200212	100
20210115200212	100
20210115200212	100
20210115200212	100
20210115200212	100
20210115200212	100
20210115200212	100
20210115200212	100
20210115200212	100
20210115200212	100
20210115200212	100
20210115200212	100
20210115200212	100
20210115200212	100
20210115200212	100
20210115200212	100
20210115200212	100
20210115200212	100
20210115200212	100
20210115200212	100
20210115200212	100
20210115200212	100
20210115200212	100
20210115200212	100
20210115200212	100
20210115200212	100
20210115200212	100
20210115200212	100
20210115200212	100
20210115200212	100
20210115200212	100
20210115200213	100
20210115200213	100
20210115200213	100
20210115200213	100
20210115200213	100
20210115200213	100
20210115200213	100
20210115200213	100
20210115200213	100
20210115200213	100
20210115200213	100
20210115200213	100
20210115200213	100
20210115200213	100
20210115200213	100
20210115200213	100
20210115200213	100
20210115200213	100
20210115200213	100
20210115200213	100
20210115200213	100
20210115200213	100
20210115200213	100
20210115200213	100
20210115200213	100
20210115200213	100
20210115200213	100
20210115200213	100
20210115200213	100
20210115200213	100
20210115200213	100
20210115200213	100
20210115200213	100
20210115200213	100
20210115200213	100
20210115200213	100
20210115200213	100
20210115200213	100
20210115200213	100
20210115200213	100
20210115200213	100
20210115200213	100
20210115200213	100
20210115200213	100
20210115200213	100
20210115200213	100
20210115200213	100
20210115200213	100
20210115200213	100
20210115200213	100
20210115200213	100
20210115200213	100
20210115200213	100
20210115200213	100
20210115200213	100
20210115200213	100
20210115200213	100
20210115200213	100
20210115200213	100
20210115200213	100
20210115200213	100
20210115200213	100
20210115200214	100
20210115200214	100
20210115200214	100
20210115200214	100
20210115200214	100
20210115200214	100
20210115200214	100
20210115200214	100
20210115200214	100
20210115200214	100
20210115200214	100
20210115200214	100
20210115200214	100
20210115200214	100
20210115200214	100
20210115200214	100
20210115200214	100
20210115200214	100
20210115200214	100
20210115200214	100
20210115200214	100
20210115200214	100
20210115200214	100
20210115200214	100
20210115200214	100
20210115200214	100
20210115200214	100
20210115200214	100
20210115200214	100
20210115200214	100
20210115200214	100
20210115200214	100
20210115200214	100
20210115200214	100
20210115200214	100
20210115200214	100
20210115200214	100
20210115200214	100
20210115200214	100
20210115200214	100
20210115200214	100
20210115200214	100
20210115200214	100
20210115200214	100
20210115200214	100
20210115200214	100
20210115200214	100
20210115200214	100
20210115200214	100
20210115200215	100
20210115200215	100
20210115200215	100
20210115200215	100
20210115200215	100
20210115200215	100
20210115200215	100
20210115200215	100
20210115200215	100
20210115200215	100
20210115200215	100
20210115200215	100
20210115200215	100
20210115200215	100
20210115200215	100
20210115200215	100
20210115200215	100
20210115200215	100
20210115200215	100
20210115200215	100
20210115200215	100
20210115200215	100
20210115200215	100
20210115200215	100
20210115200215	100
20210115200215	100
20210115200215	100
20210115200215	100
20210115200215	100
20210115200215	100
20210115200215	100
20210115200215	100
20210115200215	100
20210115200215	100
20210115200215	100
20210115200215	100
20210115200215	100
20210115200215	100
20210115200215	100
20210115200215	100
20210115200215	100
20210115200215	100
20210115200215	100
20210115200215	100
20210115200215	100
20210115200215	100
20210115200215	100
20210115200215	100
20210115200215	100
20210115200215	100
20210115200215	100
20210115200215	100
20210115200215	100
20210115200215	100
20210115200215	100
20210115200215	100
20210115200215	100
20210115200215	100
20210115200215	100
20210115200215	100
20210115200215	100
20210115200215	100
20210115200215	100
20210115200215	100
20210115200216	100
20210115200216	100
20210115200216	100
20210115200216	100
20210115200216	100
20210115200216	100
20210115200216	100
20210115200216	100
20210115200216	100
20210115200216	100
20210115200216	100
20210115200216	100
20210115200216	100
20210115200216	100
20210115200216	100
20210115200216	100
20210115200216	100
20210115200216	100
20210115200216	100
20210115200216	100
20210115200216	100
20210115200216	100
20210115200216	100
20210115200216	100
20210115200216	100
20210115200216	100
20210115200216	100
20210115200216	100
20210115200216	100
20210115200216	100
20210115200216	100
20210115200216	100
20210115200216	100
20210115200216	100
20210115200216	100
20210115200217	100
20210115200217	100
20210115200217	100
20210115200217	100
20210115200217	100
20210115200217	100
20210115200217	100
20210115200217	100
20210115200217	100
20210115200217	100
20210115200217	100
20210115200217	100
20210115200217	100
20210115200217	100
20210115200217	100
20210115200217	100
20210115200217	100
20210115200217	100
20210115200217	100
20210115200217	100
20210115200217	100
20210115200217	100
20210115200217	100
20210115200217	100
20210115200217	100
20210115200217	100
20210115200217	100
20210115200217	100
20210115200217	100
20210115200217	100
20210115200217	100
20210115200217	100
20210115200217	100
20210115200217	100
20210115200217	100
20210115200217	100
20210115200217	100
20210115200217	100
20210115200217	100
20210115200217	100
20210115200217	100
20210115200217	100
20210115200217	100
20210115200217	100
20210115200217	100
20210115200217	100
20210115200217	100
20210115200217	100
20210115200217	100
20210115200217	100
20210115200217	100
20210115200217	100
20210115200217	100
20210115200217	100
20210115200218	100
20210115200218	100
20210115200218	100
20210115200218	100
20210115200218	100
20210115200218	100
20210115200218	100
20210115200218	100
20210115200218	100
20210115200218	100
20210115200218	100
20210115200218	100
20210115200218	100
20210115200218	100
20210115200218	100
20210115200218	100
20210115200218	100
20210115200218	100
20210115200218	100
20210115200218	100
20210115200218	100
20210115200218	100
20210115200218	100
20210115200218	100
20210115200218	100
20210115200218	100
20210115200218	100
20210115200218	100
20210115200218	100
20210115200218	100
20210115200218	100
20210115200218	100
20210115200218	100
20210115200218	100
20210115200218	100
20210115200218	100
20210115200218	100
20210115200218	100
20210115200218	100
20210115200218	100
20210115200218	100
20210115200218	100
20210115200218	100
20210115200218	100
20210115200218	100
20210115200218	100
20210115200218	100
20210115200218	100
20210115200218	100
20210115200218	100
20210115200218	100
20210115200218	100
20210115200218	100
20210115200218	100
20210115200218	100
20210115200218	100
20210115200218	100
20210115200218	100
20210115200218	100
20210115200218	100
20210115200218	100
20210115200218	100
20210115200218	100
20210115200218	100
20210115200218	100
20210115200218	100
20210115200218	100
20210115200218	100
20210115200219	100
20210115200219	100
20210115200219	100
20210115200219	100
20210115200219	100
20210115200219	100
20210115200219	100
20210115200219	100
20210115200219	100
20210115200219	100
20210115200219	100
20210115200219	100
20210115200219	100
20210115200219	100
20210115200219	100
20210115200219	100
20210115200219	100
20210115200219	100
20210115200219	100
20210115200219	100
20210115200219	100
20210115200219	100
20210115200219	100
20210115200219	100
20210115200219	100
20210115200219	100
20210115200219	100
20210115200219	100
20210115200219	100
20210115200219	100
20210115200219	100
20210115200219	100
20210115200219	100
20210115200219	100
20210115200219	100
20210115200219	100
20210115200219	100
20210115200219	100
20210115200219	100
20210115200219	100
20210115200219	100
20210115200219	100
20210115200219	100
20210115200219	100
20210115200219	100
20210115200219	100
20210115200219	100
20210115200219	100
20210115200219	100
20210115200219	100
20210115200219	100
20210115200219	100
20210115200219	100
20210115200219	100
20210115200219	100
20210115200219	100
20210115200220	100
20210115200220	100
20210115200220	100
20210115200220	100
20210115200220	100
20210115200220	100
20210115200220	100
20210115200220	100
20210115200220	100
20210115200220	100
20210115200220	100
20210115200220	100
20210115200220	100
20210115200220	100
20210115200220	100
20210115200220	100
20210115200220	100
20210115200220	100
20210115200220	100
20210115200220	100
20210115200220	100
20210115200220	100
20210115200220	100
20210115200220	100
20210115200220	100
20210115200220	100
20210115200220	100
20210115200220	100
20210115200220	100
20210115200220	100
20210115200220	100
20210115200220	100
20210115200220	100
20210115200220	100
20210115200220	100
20210115200220	100
20210115200221	100
20210115200221	100
20210115200221	100
20210115200221	100
20210115200221	100
20210115200221	100
20210115200221	100
20210115200221	100
20210115200221	100
20210115200221	100
20210115200221	100
20210115200221	100
20210115200221	100
20210115200221	100
20210115200221	100
20210115200221	100
20210115200221	100
20210115200221	100
20210115200221	100
20210115200221	100
20210115200221	100
20210115200221	100
20210115200221	100
20210115200221	100
20210115200221	100
20210115200221	100
20210115200221	100
20210115200221	100
20210115200221	100
20210115200221	100
20210115200221	100
20210115200221	100
20210115200221	100
20210115200221	100
20210115200221	100
20210115200221	100
20210115200221	100
20210115200222	100
20210115200222	100
20210115200222	100
20210115200222	100
20210115200222	100
20210115200222	100
20210115200222	100
20210115200222	100
20210115200222	100
20210115200222	100
20210115200222	100
20210115200222	100
20210115200222	100
20210115200222	100
20210115200222	100
20210115200222	100
20210115200222	100
20210115200222	100
20210115200222	100
20210115200222	100
20210115200222	100
20210115200222	100
20210115200222	100
20210115200222	100
20210115200222	100
20210115200222	100
20210115200222	100
20210115200222	100
20210115200222	100
20210115200222	100
20210115200222	100
20210115200222	100
20210115200222	100
20210115200222	100
20210115200222	100
20210115200222	100
20210115200222	100
20210115200222	100
20210115200222	100
20210115200222	100
20210115200222	100
20210115200222	100
20210115200222	100
20210115200222	100
20210115200222	100
20210115200223	100
20210115200223	100
20210115200223	100
20210115200223	100
20210115200223	100
20210115200223	100
20210115200223	100
20210115200223	100
20210115200223	100
20210115200223	100
20210115200223	100
20210115200223	100
20210115200223	100
20210115200223	100
20210115200223	100
20210115200223	100
20210115200223	100
20210115200223	100
20210115200223	100
20210115200223	100
20210115200223	100
20210115200223	100
20210115200223	100
20210115200223	100
20210115200223	100
20210115200223	100
20210115200223	100
20210115200223	100
20210115200223	100
20210115200223	100
20210115200223	100
20210115200223	100
20210115200223	100
20210115200223	100
20210115200223	100
20210115200223	100
20210115200223	100
20210115200223	100
20210115200223	100
20210115200223	100
20210115200223	100
20210115200223	100
20210115200223	100
20210115200223	100
20210115200223	100
20210115200223	100
20210115200223	100
20210115200223	100
20210115200223	100
20210115200223	100
20210115200223	100
20210115200223	100
20210115200223	100
20210115200224	100
20210115200224	100
20210115200224	100
20210115200224	100
20210115200224	100
20210115200224	100
20210115200224	100
20210115200224	100
20210115200224	100
20210115200224	100
20210115200224	100
20210115200224	100
20210115200224	100
20210115200224	100
20210115200224	100
20210115200224	100
20210115200224	100
20210115200224	100
20210115200224	100
20210115200224	100
20210115200224	100
20210115200224	100
20210115200224	100
20210115200224	100
20210115200224	100
20210115200224	100
20210115200224	100
20210115200224	100
20210115200224	100
20210115200224	100
20210115200224	100
20210115200224	100
20210115200224	100
20210115200224	100
20210115200224	100
20210115200224	100
20210115200224	100
20210115200224	100
20210115200224	100
20210115200224	100
20210115200224	100
20210115200224	100
20210115200224	100
20210115200224	100
20210115200224	100
20210115200224	100
20210115200224	100
20210115200224	100
20210115200224	100
20210115200224	100
20210115200224	100
20210115200224	100
20210115200225	100
20210115200225	100
20210115200225	100
20210115200225	100
20210115200225	100
20210115200225	100
20210115200225	100
20210115200225	100
20210115200225	100
20210115200225	100
20210115200225	100
20210115200225	100
20210115200225	100
20210115200225	100
20210115200225	100
20210115200225	100
20210115200225	100
20210115200225	100
20210115200225	100
20210115200225	100
20210115200225	100
20210115200225	100
20210115200225	100
20210115200225	100
20210115200225	100
20210115200225	100
20210115200225	100
20210115200225	100
20210115200225	100
20210115200225	100
20210115200225	100
20210115200225	100
20210115200225	100
20210115200225	100
20210115200225	100
20210115200225	100
20210115200225	100
20210115200226	100
20210115200226	100
20210115200226	100
20210115200226	100
20210115200226	100
20210115200226	100
20210115200226	100
20210115200226	100
20210115200226	100
20210115200226	100
20210115200226	100
20210115200226	100
20210115200226	100
20210115200226	100
20210115200226	100
20210115200226	100
20210115200226	100
20210115200226	100
20210115200226	100
20210115200226	100
20210115200226	100
20210115200226	100
20210115200226	100
20210115200226	100
20210115200226	100
20210115200226	100
20210115200226	100
20210115200226	100
20210115200226	100
20210115200226	100
20210115200226	100
20210115200226	100
20210115200226	100
20210115200226	100
20210115200226	100
20210115200226	100
20210115200226	100
20210115200227	100
20210115200227	100
20210115200227	100
20210115200227	100
20210115200227	100
20210115200227	100
20210115200227	100
20210115200227	100
20210115200227	100
20210115200227	100
20210115200227	100
20210115200227	100
20210115200227	100
20210115200227	100
20210115200227	100
20210115200227	100
20210115200227	100
20210115200227	100
20210115200227	100
20210115200227	100
20210115200227	100
20210115200227	100
20210115200227	100
20210115200227	100
20210115200227	100
20210115200228	100
20210115200228	100
20210115200228	100
20210115200228	100
20210115200228	100
20210115200228	100
20210115200228	100
20210115200228	100
20210115200228	100
20210115200228	100
20210115200228	100
20210115200228	100
20210115200228	100
20210115200228	100
20210115200228	100
20210115200228	100
20210115200228	100
20210115200228	100
20210115200228	100
20210115200228	100
20210115200228	100
20210115200228	100
20210115200228	100
20210115200228	100
20210115200228	100
20210115200228	100
20210115200228	100
20210115200228	100
20210115200228	100
20210115200228	100
20210115200228	100
20210115200228	100
20210115200228	100
20210115200228	100
20210115200228	100
20210115200228	100
20210115200228	100
20210115200228	100
20210115200228	100
20210115200228	100
20210115200228	100
20210115200228	100
20210115200228	100
20210115200228	100
20210115200228	100
20210115200228	100
20210115200229	100
20210115200229	100
20210115200229	100
20210115200229	100
20210115200229	100
20210115200229	100
20210115200229	100
20210115200229	100
20210115200229	100
20210115200229	100
20210115200229	100
20210115200229	100
20210115200229	100
20210115200229	100
20210115200229	100
20210115200229	100
20210115200229	100
20210115200229	100
20210115200229	100
20210115200229	100
20210115200229	100
20210115200229	100
20210115200229	100
20210115200229	100
20210115200229	100
20210115200229	100
20210115200229	100
20210115200229	100
20210115200229	100
20210115200229	100
20210115200230	100
20210115200230	100
20210115200230	100
20210115200230	100
20210115200230	100
20210115200230	100
20210115200230	100
20210115200230	100
20210115200230	100
20210115200230	100
20210115200230	100
20210115200230	100
20210115200230	100
20210115200230	100
20210115200230	100
20210115200230	100
20210115200230	100
20210115200230	100
20210115200230	100
20210115200230	100
20210115200230	100
20210115200230	100
20210115200230	100
20210115200230	100
20210115200230	100
20210115200230	100
20210115200230	100
20210115200230	100
20210115200230	100
20210115200230	100
20210115200230	100
20210115200230	100
20210115200230	100
20210115200230	100
20210115200230	100
20210115200230	100
20210115200230	100
20210115200230	100
20210115200230	100
20210115200230	100
20210115200230	100
20210115200230	100
20210115200230	100
20210115200230	100
20210115200230	100
20210115200230	100
20210115200230	100
20210115200230	100
20210115200230	100
20210115200230	100
20210115200231	100
20210115200231	100
20210115200231	100
20210115200231	100
20210115200231	100
20210115200231	100
20210115200231	100
20210115200231	100
20210115200231	100
20210115200231	100
20210115200231	100
20210115200231	100
20210115200231	100
20210115200231	100
20210115200231	100
20210115200231	100
20210115200231	100
20210115200231	100
20210115200231	100
20210115200231	100
20210115200231	100
20210115200231	100
20210115200231	100
20210115200231	100
20210115200231	100
20210115200231	100
20210115200231	100
20210115200231	100
20210115200231	100
20210115200231	100
20210115200231	100
20210115200231	100
20210115200231	100
20210115200231	100
20210115200231	100
20210115200231	100
20210115200231	100
20210115200231	100
20210115200231	100
20210115200231	100
20210115200231	100
20210115200231	100
20210115200231	100
20210115200231	100
20210115200231	100
20210115200231	100
20210115200231	100
20210115200231	100
20210115200232	100
20210115200232	100
20210115200232	100
20210115200232	100
20210115200232	100
20210115200232	100
20210115200232	100
20210115200232	100
20210115200232	100
20210115200232	100
20210115200232	100
20210115200232	100
20210115200232	100
20210115200232	100
20210115200232	100
20210115200232	100
20210115200232	100
20210115200232	100
20210115200232	100
20210115200232	100
20210115200232	100
20210115200232	100
20210115200232	100
20210115200232	100
20210115200232	100
20210115200232	100
20210115200232	100
20210115200232	100
20210115200232	100
