20210104222753	3
20210104222753	3
20210104222754	3
20210104222754	3
20210104222755	3
20210104222755	3
20210104222756	3
20210104222756	3
20210104222757	3
20210104222757	3
20210104222758	3
20210104222758	3
20210104222759	3
20210104222759	3
20210104222800	3
20210104222800	3
20210104222801	3
20210104222801	3
20210104222802	3
20210104222802	3
20210104222803	3
20210104222803	3
20210104222804	3
20210104222804	3
20210104222805	3
20210104222805	3
20210104222806	3
20210104222806	3
20210104222807	3
20210104222807	3
20210104222808	3
20210104222808	3
20210104222809	3
20210104222809	3
20210104222810	3
20210104222810	3
20210104222811	3
20210104222811	3
20210104222812	3
20210104222812	3
20210104222813	3
20210104222813	3
20210104222814	3
20210104222814	3
20210104222815	3
20210104222815	3
20210104222816	3
20210104222816	3
20210104222817	3
20210104222817	3
20210104222818	3
20210104222818	3
20210104222819	3
20210104222819	3
20210104222820	3
20210104222820	3
20210104222821	3
20210104222821	3
20210104222822	3
20210104222822	3
20210104222823	3
20210104222823	3
20210104222824	3
20210104222824	3
20210104222825	3
20210104222825	3
20210104222826	3
20210104222826	3
20210104222827	3
20210104222827	3
20210104222828	3
20210104222828	3
20210104222829	3
20210104222829	3
20210104222830	3
20210104222830	3
20210104222831	3
20210104222831	3
20210104222832	3
20210104222832	3
20210104222833	3
20210104222833	3
20210104222834	3
20210104222834	3
20210104222835	3
20210104222835	3
20210104222836	3
20210104222836	3
20210104222837	3
20210104222837	3
20210104222838	3
20210104222838	3
20210104222839	3
20210104222839	3
20210104222840	3
20210104222840	3
20210104222841	3
20210104222841	3
20210104222842	3
20210104222842	3
20210104222843	3
20210104222843	3
20210104222844	3
20210104222844	3
20210104222845	3
20210104222845	3
20210104222846	3
20210104222846	3
20210104222847	3
20210104222847	3
20210104222848	3
20210104222848	3
20210104222849	3
20210104222849	3
20210104222850	3
20210104222850	3
20210104222851	3
20210104222851	3
20210104222852	3
20210104222852	3
20210104222853	3
20210104222853	3
20210104222854	3
20210104222854	3
20210104222855	3
20210104222855	3
20210104222856	3
20210104222856	3
20210104222857	3
20210104222857	3
20210104222858	3
20210104222858	3
20210104222859	3
20210104222859	3
20210104222900	3
20210104222900	3
20210104222901	3
20210104222901	3
20210104222902	3
20210104222902	3
20210104222903	3
20210104222903	3
20210104222904	3
20210104222904	3
20210104222905	3
20210104222905	3
20210104222906	3
20210104222906	3
20210104222907	3
20210104222907	3
20210104222908	3
20210104222908	3
20210104222909	3
20210104222909	3
20210104222910	3
20210104222910	3
20210104222911	3
20210104222911	3
20210104222912	3
