20210104223431	3
20210104223431	3
20210104223432	3
20210104223432	3
20210104223433	3
20210104223433	3
20210104223434	3
20210104223434	3
20210104223435	3
20210104223435	3
20210104223436	3
20210104223436	3
20210104223437	3
20210104223437	3
20210104223438	3
20210104223438	3
20210104223439	3
20210104223439	3
20210104223440	3
20210104223440	3
20210104223441	3
20210104223441	3
20210104223442	3
20210104223442	3
20210104223443	3
20210104223443	3
20210104223444	3
20210104223444	3
20210104223445	3
20210104223445	3
20210104223446	3
20210104223446	3
20210104223447	3
20210104223447	3
20210104223448	3
20210104223448	3
20210104223449	3
20210104223449	3
20210104223450	3
20210104223450	3
20210104223451	3
20210104223451	3
20210104223452	3
20210104223452	3
20210104223453	3
20210104223453	3
20210104223454	3
20210104223454	3
20210104223455	3
20210104223455	3
20210104223456	3
20210104223456	3
20210104223457	3
20210104223457	3
20210104223458	3
20210104223458	3
20210104223459	3
20210104223459	3
20210104223500	3
20210104223500	3
20210104223501	3
20210104223501	3
20210104223502	3
20210104223502	3
20210104223503	3
20210104223503	3
20210104223504	3
20210104223504	3
20210104223505	3
20210104223505	3
20210104223506	3
20210104223506	3
20210104223507	3
20210104223507	3
20210104223508	3
20210104223508	3
20210104223509	3
20210104223509	3
20210104223510	3
20210104223510	3
20210104223511	3
20210104223511	3
20210104223512	3
20210104223512	3
20210104223513	3
20210104223513	3
20210104223514	3
20210104223514	3
20210104223515	3
20210104223515	3
20210104223516	3
20210104223516	3
20210104223517	3
20210104223517	3
20210104223518	3
20210104223518	3
20210104223519	3
20210104223519	3
20210104223520	3
20210104223520	3
20210104223521	3
20210104223521	3
20210104223522	3
20210104223522	3
20210104223523	3
20210104223523	3
20210104223524	3
20210104223524	3
20210104223525	3
20210104223525	3
20210104223526	3
20210104223526	3
20210104223527	3
20210104223527	3
20210104223528	3
20210104223528	3
20210104223529	3
20210104223529	3
20210104223530	3
20210104223530	3
20210104223531	3
20210104223531	3
20210104223532	3
20210104223532	3
20210104223533	3
20210104223533	3
20210104223534	3
20210104223534	3
20210104223535	3
20210104223535	3
20210104223536	3
20210104223536	3
20210104223537	3
20210104223537	3
20210104223538	3
20210104223538	3
20210104223539	3
20210104223539	3
20210104223540	3
20210104223540	3
20210104223541	3
