20210111121203	3
20210111121204	3
20210111121204	3
20210111121205	3
20210111121205	3
20210111121206	3
20210111121206	3
20210111121207	3
20210111121207	3
20210111121208	3
20210111121208	3
20210111121209	3
20210111121209	3
20210111121210	3
20210111121210	3
20210111121211	3
20210111121211	3
20210111121212	3
20210111121212	3
20210111121213	3
20210111121213	3
20210111121214	3
20210111121214	3
20210111121215	3
20210111121215	3
20210111121216	3
20210111121216	3
20210111121217	3
20210111121217	3
20210111121218	3
20210111121218	3
20210111121219	3
20210111121219	3
20210111121220	3
20210111121220	3
20210111121221	3
20210111121221	3
20210111121222	3
20210111121222	3
20210111121223	3
20210111121223	3
20210111121224	3
20210111121224	3
20210111121225	3
20210111121225	3
20210111121226	3
20210111121226	3
20210111121227	3
20210111121227	3
20210111121228	3
20210111121228	3
20210111121229	3
20210111121229	3
20210111121230	3
20210111121230	3
20210111121231	3
20210111121231	3
20210111121232	3
20210111121232	3
20210111121233	3
20210111121233	3
20210111121234	3
20210111121234	3
20210111121235	3
20210111121235	3
20210111121236	3
20210111121236	3
20210111121237	3
20210111121237	3
20210111121238	3
20210111121238	3
20210111121239	3
20210111121239	3
20210111121240	3
20210111121240	3
20210111121241	3
20210111121241	3
20210111121242	3
20210111121242	3
20210111121243	3
20210111121243	3
20210111121244	3
20210111121244	3
20210111121245	3
20210111121245	3
20210111121246	3
20210111121246	3
20210111121247	3
20210111121247	3
20210111121248	3
20210111121248	3
20210111121249	3
20210111121249	3
20210111121250	3
20210111121250	3
20210111121251	3
20210111121251	3
20210111121252	3
20210111121252	3
20210111121253	3
20210111121253	3
20210111121254	3
20210111121254	3
20210111121255	3
20210111121255	3
20210111121256	3
20210111121256	3
20210111121257	3
20210111121257	3
20210111121258	3
20210111121258	3
20210111121259	3
20210111121259	3
20210111121300	3
20210111121300	3
20210111121301	3
20210111121301	3
20210111121302	3
20210111121302	3
20210111121303	3
20210111121303	3
20210111121304	3
20210111121304	3
20210111121305	3
20210111121305	3
20210111121306	3
20210111121306	3
20210111121307	3
20210111121307	3
20210111121308	3
20210111121308	3
20210111121309	3
20210111121309	3
20210111121310	3
20210111121310	3
20210111121311	3
20210111121311	3
20210111121312	3
20210111121312	3
20210111121313	3
20210111121313	3
20210111121314	3
20210111121314	3
20210111121315	3
20210111121315	3
20210111121316	3
20210111121316	3
20210111121317	3
20210111121317	3
20210111121318	3
20210111121318	3
20210111121319	3
20210111121319	3
20210111121320	3
20210111121320	3
20210111121321	3
20210111121321	3
20210111121322	3
20210111121322	3
20210111121323	3
20210111121323	3
20210111121324	3
20210111121324	3
20210111121325	3
20210111121325	3
20210111121326	3
20210111121326	3
20210111121327	3
20210111121327	3
20210111121328	3
20210111121328	3
20210111121329	3
20210111121329	3
20210111121330	3
20210111121330	3
20210111121331	3
20210111121331	3
20210111121332	3
20210111121332	3
20210111121333	3
20210111121333	3
20210111121334	3
20210111121334	3
20210111121335	3
20210111121335	3
20210111121336	3
20210111121336	3
20210111121337	3
20210111121337	3
20210111121338	3
20210111121338	3
20210111121339	3
20210111121339	3
20210111121654	3
20210111121655	3
20210111121655	3
20210111121656	3
20210111121656	3
20210111121657	3
20210111121657	3
20210111121658	3
20210111121658	3
20210111121659	3
20210111121659	3
20210111121700	3
20210111121700	3
20210111121701	3
20210111121701	3
20210111121702	3
20210111121702	3
20210111121703	3
20210111121703	3
20210111121704	3
20210111121704	3
20210111121705	3
20210111121705	3
20210111121706	3
20210111121706	3
20210111121707	3
20210111121707	3
20210111121708	3
20210111121708	3
20210111121709	3
20210111121709	3
20210111121710	3
20210111121710	3
20210111121711	3
20210111121711	3
20210111121712	3
20210111121712	3
20210111121713	3
20210111121713	3
20210111121714	3
20210111121714	3
20210111121715	3
20210111121715	3
20210111121716	3
20210111121716	3
20210111121717	3
20210111121717	3
20210111121718	3
20210111121718	3
20210111121719	3
20210111121719	3
20210111121720	3
20210111121720	3
20210111121721	3
20210111121721	3
20210111121722	3
20210111121722	3
20210111121723	3
20210111121723	3
20210111121724	3
20210111121724	3
20210111121725	3
20210111121725	3
20210111121726	3
20210111121726	3
20210111121727	3
20210111121727	3
20210111121728	3
20210111121728	3
20210111121729	3
20210111121729	3
20210111121730	3
20210111121730	3
20210111121731	3
20210111121731	3
20210111121732	3
20210111121732	3
20210111121733	3
20210111121733	3
20210111121734	3
20210111121734	3
20210111121735	3
20210111121735	3
20210111121736	3
20210111121736	3
20210111121737	3
20210111121737	3
20210111121738	3
20210111121738	3
20210111121739	3
20210111121739	3
20210111121740	3
20210111121740	3
20210111121741	3
20210111121741	3
20210111121742	3
20210111121742	3
20210111121743	3
20210111121743	3
20210111121744	3
20210111121744	3
20210111121745	3
20210111121745	3
20210111121746	3
20210111121746	3
20210111121747	3
20210111121747	3
20210111121748	3
20210111121748	3
20210111121749	3
20210111121749	3
20210111121750	3
20210111121750	3
20210111121751	3
20210111121751	3
20210111121752	3
20210111121752	3
20210111121753	3
20210111121753	3
20210111121754	3
20210111121754	3
20210111121755	3
20210111121755	3
20210111121756	3
20210111121756	3
20210111121757	3
20210111121757	3
20210111121758	3
20210111121758	3
20210111121759	3
20210111121759	3
20210111121800	3
20210111121800	3
20210111121801	3
20210111121801	3
20210111121802	3
20210111121802	3
20210111121803	3
20210111121803	3
20210111121804	3
20210111121804	3
20210111121805	3
20210111121805	3
20210111121806	3
20210111121806	3
20210111121807	3
20210111121807	3
20210111121808	3
20210111121808	3
20210111121809	3
20210111121809	3
20210111121810	3
20210111121810	3
20210111121811	3
20210111121811	3
20210111121812	3
20210111121812	3
20210111121813	3
20210111121813	3
20210111121814	3
20210111121814	3
20210111121815	3
20210111121815	3
20210111121816	3
20210111121816	3
20210111121817	3
20210111121817	3
20210111121818	3
20210111121818	3
20210111121819	3
20210111121819	3
20210111121820	3
20210111121820	3
20210111121821	3
20210111121821	3
20210111121822	3
20210111121822	3
20210111121823	3
20210111121823	3
20210111121824	3
20210111121824	3
20210111121825	3
20210111121825	3
20210111121826	3
20210111121826	3
20210111121827	3
20210111121827	3
20210111121828	3
20210111121828	3
20210111121829	3
20210111121829	3
20210111121830	3
20210111121830	3
20210111121831	3
20210111121831	3
20210111121832	3
20210111121832	3
20210111121833	3
20210111121833	3
20210111121834	3
20210111121834	3
20210111121835	3
20210111121835	3
20210111121836	3
20210111121836	3
20210111121837	3
20210111121837	3
20210111121838	3
20210111121838	3
20210111121839	3
20210111121839	3
20210111121840	3
20210111121840	3
20210111121841	3
20210111121841	3
20210111121842	3
20210111121842	3
20210111121843	3
20210111121843	3
20210111121844	3
20210111121844	3
20210111121845	3
20210111121845	3
20210111121846	3
20210111121846	3
20210111121847	3
20210111121847	3
20210111121848	3
20210111121848	3
20210111121849	3
20210111121849	3
20210111121850	3
20210111121850	3
20210111121851	3
20210111121851	3
20210111121852	3
20210111121852	3
20210111121853	3
20210111121853	3
20210111121854	3
20210111121854	3
20210111121855	3
20210111121855	3
20210111121856	3
20210111121856	3
20210111121857	3
20210111121857	3
20210111121858	3
20210111121858	3
20210111121859	3
20210111121859	3
20210111121900	3
20210111121900	3
20210111121901	3
20210111121901	3
20210111121902	3
20210111121902	3
20210111121903	3
20210111121903	3
20210111121904	3
20210111121904	3
20210111121905	3
20210111121905	3
20210111121906	3
20210111121906	3
20210111121907	3
20210111121907	3
20210111121908	3
20210111121908	3
20210111121909	3
20210111121909	3
20210111121910	3
20210111121910	3
20210111121911	3
20210111121911	3
20210111121912	3
20210111121912	3
20210111121913	3
20210111121913	3
20210111121914	3
20210111121914	3
20210111121915	3
20210111121915	3
20210111121916	3
20210111121916	3
20210111121917	3
20210111121917	3
20210111121918	3
20210111121918	3
20210111121919	3
20210111121919	3
20210111121920	3
20210111121920	3
20210111121921	3
20210111121921	3
20210111121922	3
20210111121922	3
20210111121923	3
20210111121923	3
20210111121924	3
20210111121924	3
20210111121925	3
20210111121925	3
20210111121926	3
20210111121926	3
20210111121927	3
20210111121927	3
20210111121928	3
20210111121928	3
20210111121929	3
20210111121929	3
20210111121930	3
20210111121930	3
20210111121931	3
20210111121931	3
20210111121932	3
20210111121932	3
20210111121933	3
20210111121933	3
20210111121934	3
20210111121934	3
20210111121935	3
20210111121935	3
20210111121936	3
20210111121936	3
20210111121937	3
20210111121937	3
20210111121938	3
20210111121938	3
20210111121939	3
20210111121939	3
20210111121940	3
20210111121940	3
20210111121941	3
20210111121941	3
20210111121942	3
20210111121942	3
20210111121943	3
20210111121943	3
20210111121944	3
20210111121944	3
20210111121945	3
20210111121945	3
20210111121946	3
20210111121946	3
20210111121947	3
20210111121947	3
20210111121948	3
20210111121948	3
20210111121949	3
20210111121949	3
20210111121950	3
20210111121950	3
20210111121951	3
20210111121951	3
20210111121952	3
20210111121952	3
20210111121953	3
20210111121953	3
20210111121954	3
20210111121954	3
20210111121955	3
20210111121955	3
20210111121956	3
20210111121956	3
20210111121957	3
20210111121957	3
20210111121958	3
20210111121958	3
20210111121959	3
20210111121959	3
20210111122000	3
20210111122000	3
20210111122001	3
20210111122001	3
20210111122002	3
20210111122002	3
20210111122003	3
20210111122003	3
20210111122004	3
20210111122004	3
20210111122005	3
20210111122005	3
20210111122006	3
20210111122006	3
20210111122007	3
20210111122007	3
20210111122008	3
20210111122008	3
20210111122009	3
20210111122009	3
20210111122010	3
20210111122010	3
20210111122011	3
20210111122011	3
20210111122012	3
20210111122012	3
20210111122013	3
20210111122013	3
20210111122014	3
20210111122014	3
20210111122015	3
20210111122015	3
20210111122016	3
20210111122016	3
20210111122017	3
20210111122017	3
20210111122018	3
20210111122018	3
20210111122019	3
20210111122019	3
20210111122020	3
20210111122020	3
20210111122021	3
20210111122021	3
20210111122022	3
20210111122022	3
20210111122023	3
20210111122023	3
20210111122024	3
