20210122173422	1611308061
20210122173423	1611308063
20210122173424	1611308063
20210122173425	1611308065
20210122173426	1611308065
20210122173426	1611308066
20210122173427	1611308066
20210122173428	1611308067
20210122173428	1611308067
20210122173429	1611308069
20210122173430	1611308069
20210122173431	1611308070
20210122173431	1611308070
20210122173432	1611308072
20210122173433	1611308072
20210122173434	1611308073
20210122173434	1611308073
20210122173435	1611308075
20210122173436	1611308075
20210122173437	1611308076
20210122173438	1611308076
20210122173439	1611308078
20210122173440	1611308078
20210122173440	1611308080
20210122173441	1611308080
20210122173442	1611308081
20210122173443	1611308081
20210122173443	1611308083
20210122173444	1611308083
20210122173445	1611308085
20210122173446	1611308085
20210122173447	1611308086
20210122173448	1611308086
20210122173449	1611308088
20210122173449	1611308088
20210122173450	1611308090
20210122173451	1611308090
20210122173452	1611308092
20210122173453	1611308092
20210122173454	1611308093
20210122173454	1611308093
20210122173455	1611308095
20210122173456	1611308095
20210122173457	1611308097
20210122173458	1611308097
20210122173459	1611308098
20210122173459	1611308098
20210122173500	1611308100
20210122173501	1611308100
20210122173502	1611308101
20210122173502	1611308101
20210122173503	1611308103
20210122173504	1611308103
20210122173505	1611308104
20210122173506	1611308104
20210122173506	1611308106
20210122173507	1611308106
20210122173508	1611308107
20210122173509	1611308107
20210122173509	1611308109
20210122173510	1611308109
20210122173511	1611308110
20210122173512	1611308110
20210122173512	1611308112
20210122173513	1611308112
20210122173514	1611308114
20210122173515	1611308114
20210122173515	1611308115
20210122173516	1611308115
20210122173517	1611308117
20210122173518	1611308117
20210122173519	1611308119
20210122173520	1611308119
20210122173521	1611308121
20210122173522	1611308121
20210122173523	1611308122
20210122173524	1611308122
20210122173524	1611308124
20210122173525	1611308124
20210122173526	1611308126
20210122173527	1611308126
20210122173528	1611308127
20210122173529	1611308127
20210122173530	1611308129
20210122173530	1611308129
20210122173531	1611308131
20210122173532	1611308131
20210122173533	1611308132
20210122173533	1611308132
20210122173534	1611308134
20210122173535	1611308134
20210122173536	1611308135
20210122173536	1611308135
20210122173537	1611308137
20210122173538	1611308137
20210122173539	1611308138
20210122173539	1611308138
20210122173540	1611308140
20210122173541	1611308140
20210122173542	1611308141
20210122173543	1611308141
20210122173544	1611308143
20210122173544	1611308143
20210122173545	1611308145
20210122173546	1611308145
20210122173547	1611308146
20210122173547	1611308146
20210122173548	1611308148
20210122173549	1611308148
20210122173550	1611308149
20210122173551	1611308149
20210122173551	1611308151
20210122173552	1611308151
20210122173553	1611308152
20210122173554	1611308152
20210122173554	1611308154
20210122173555	1611308154
20210122173556	1611308156
20210122173557	1611308156
20210122173558	1611308157
20210122173558	1611308157
20210122173559	1611308159
20210122173600	1611308159
20210122173601	1611308161
20210122173602	1611308161
20210122173602	1611308162
20210122173603	1611308162
20210122173604	1611308164
20210122173605	1611308164
20210122173605	1611308165
20210122173606	1611308165
20210122173607	1611308167
20210122173608	1611308167
20210122173608	1611308168
20210122173609	1611308168
20210122173610	1611308170
20210122173611	1611308170
20210122173612	1611308171
20210122173613	1611308171
20210122173613	1611308173
20210122173614	1611308173
20210122173615	1611308175
20210122173616	1611308175
20210122173616	1611308176
20210122173617	1611308176
20210122173618	1611308178
20210122173619	1611308178
20210122173620	1611308179
20210122173621	1611308179
20210122173622	1611308181
20210122173623	1611308181
20210122173623	1611308183
20210122173624	1611308183
20210122173625	1611308185
20210122173626	1611308185
20210122173626	1611308186
20210122173627	1611308186
20210122173628	1611308188
20210122173629	1611308188
20210122173630	1611308189
20210122173631	1611308189
20210122173631	1611308191
20210122173632	1611308191
20210122173633	1611308192
20210122173633	1611308192
20210122173634	1611308194
20210122173635	1611308194
20210122173636	1611308195
20210122173637	1611308195
20210122173637	1611308197
20210122173638	1611308197
20210122173639	1611308198
20210122173640	1611308198
20210122173640	1611308200
20210122173641	1611308200
20210122173642	1611308202
20210122173643	1611308202
20210122173644	1611308204
20210122173645	1611308204
20210122173646	1611308205
20210122173646	1611308205
20210122173647	1611308207
20210122173648	1611308207
20210122173649	1611308208
20210122173649	1611308208
20210122173650	1611308210
20210122173651	1611308210
20210122173652	1611308211
20210122173652	1611308211
20210122173653	1611308213
20210122173654	1611308213
20210122173655	1611308214
20210122173655	1611308214
20210122173656	1611308216
20210122173657	1611308216
20210122173658	1611308218
20210122173659	1611308218
20210122173700	1611308219
20210122173701	1611308219
20210122173702	1611308221
20210122173703	1611308221
20210122173703	1611308223
20210122173704	1611308223
20210122173705	1611308224
20210122173705	1611308224
20210122173706	1611308226
20210122173707	1611308226
20210122173708	1611308227
20210122173709	1611308227
20210122173710	1611308229
20210122173710	1611308229
20210122173711	1611308231
20210122173712	1611308231
20210122173713	1611308232
20210122173714	1611308232
20210122173714	1611308234
20210122173715	1611308234
20210122173716	1611308236
20210122173717	1611308236
20210122173717	1611308237
20210122173718	1611308237
20210122173719	1611308239
20210122173720	1611308239
20210122173721	1611308240
20210122173721	1611308240
20210122173722	1611308242
20210122173723	1611308242
20210122173723	1611308243
20210122173724	1611308243
20210122173725	1611308245
20210122173726	1611308245
20210122173727	1611308246
20210122173727	1611308246
20210122173728	1611308248
20210122173729	1611308248
20210122173730	1611308249
20210122173731	1611308249
20210122173731	1611308251
20210122173732	1611308251
20210122173733	1611308253
20210122173734	1611308253
20210122173735	1611308254
20210122173735	1611308254
20210122173736	1611308256
20210122173737	1611308256
20210122173738	1611308257
20210122173738	1611308257
20210122173739	1611308259
20210122173740	1611308259
20210122173741	1611308260
20210122173742	1611308260
20210122173742	1611308262
20210122173743	1611308262
20210122173744	1611308263
20210122173745	1611308263
20210122173745	1611308265
20210122173746	1611308265
20210122173747	1611308267
20210122173748	1611308267
20210122173748	1611308268
20210122173749	1611308268
20210122173750	1611308270
20210122173751	1611308270
20210122173751	1611308271
20210122173752	1611308271
20210122173753	1611308273
20210122173754	1611308273
20210122173755	1611308274
20210122173755	1611308274
20210122173756	1611308276
20210122173757	1611308276
20210122173758	1611308277
20210122173759	1611308277
20210122173759	1611308279
20210122173800	1611308279
20210122173801	1611308280
20210122173802	1611308280
20210122173803	1611308282
20210122173803	1611308282
20210122173804	1611308284
20210122173805	1611308284
20210122173806	1611308286
20210122173807	1611308286
20210122173807	1611308287
20210122173808	1611308287
20210122173809	1611308289
20210122173810	1611308289
20210122173811	1611308290
20210122173812	1611308290
20210122173812	1611308292
20210122173813	1611308292
20210122173814	1611308293
20210122173815	1611308293
20210122173815	1611308295
20210122173816	1611308295
20210122173817	1611308297
20210122173818	1611308297
20210122173819	1611308298
20210122173820	1611308298
20210122173820	1611308300
20210122173821	1611308300
20210122173822	1611308302
20210122173823	1611308302
20210122173824	1611308303
20210122173824	1611308303
20210122173825	1611308305
20210122173826	1611308305
20210122173827	1611308306
20210122173827	1611308306
20210122173828	1611308308
20210122173829	1611308308
20210122173830	1611308309
20210122173831	1611308309
20210122173832	1611308311
20210122173832	1611308311
20210122173833	1611308313
20210122173834	1611308313
20210122173835	1611308314
20210122173835	1611308314
20210122173836	1611308316
20210122173837	1611308316
20210122173838	1611308318
20210122173839	1611308318
20210122173840	1611308319
20210122173841	1611308319
20210122173841	1611308321
20210122173842	1611308321
20210122173843	1611308322
20210122173843	1611308322
20210122173844	1611308324
20210122173845	1611308324
20210122173846	1611308325
20210122173847	1611308325
20210122173847	1611308327
20210122173848	1611308327
20210122173849	1611308329
20210122173850	1611308329
20210122173851	1611308330
20210122173852	1611308330
20210122173852	1611308332
20210122173853	1611308332
20210122173854	1611308334
20210122173855	1611308334
20210122173856	1611308335
20210122173856	1611308335
20210122173857	1611308337
20210122173858	1611308337
20210122173859	1611308339
20210122173900	1611308339
20210122173900	1611308340
20210122173901	1611308340
20210122173902	1611308342
20210122173903	1611308342
20210122173903	1611308343
20210122173904	1611308343
20210122173905	1611308345
20210122173906	1611308345
20210122173907	1611308346
20210122173907	1611308346
20210122173908	1611308348
20210122173909	1611308348
20210122173910	1611308349
20210122173911	1611308349
20210122173912	1611308351
20210122173913	1611308351
20210122173914	1611308353
20210122173914	1611308353
20210122173915	1611308355
20210122173916	1611308355
20210122173917	1611308356
20210122173918	1611308356
20210122173919	1611308358
20210122173920	1611308358
20210122173920	1611308360
20210122173921	1611308360
20210122173922	1611308361
20210122173923	1611308361
20210122173924	1611308363
20210122173924	1611308363
20210122173925	1611308365
20210122173926	1611308365
20210122173927	1611308366
20210122173927	1611308366
20210122173928	1611308368
20210122173929	1611308368
20210122173930	1611308369
20210122173931	1611308369
20210122173931	1611308371
20210122173932	1611308371
20210122173933	1611308372
20210122173934	1611308372
20210122173934	1611308374
20210122173935	1611308374
20210122173936	1611308375
20210122173937	1611308375
20210122173937	1611308377
20210122173938	1611308377
20210122173939	1611308378
20210122173940	1611308378
20210122173941	1611308380
20210122173941	1611308380
20210122173942	1611308382
20210122173943	1611308382
20210122173944	1611308383
20210122173944	1611308383
20210122173945	1611308385
20210122173946	1611308385
20210122173947	1611308387
20210122173948	1611308387
20210122173949	1611308388
20210122173950	1611308388
20210122173950	1611308390
20210122173951	1611308390
20210122173952	1611308392
20210122173953	1611308392
20210122173954	1611308393
20210122173955	1611308393
20210122173955	1611308395
20210122173956	1611308395
20210122173957	1611308396
20210122173958	1611308396
20210122173958	1611308398
20210122173959	1611308398
20210122174000	1611308400
20210122174001	1611308400
20210122174002	1611308401
20210122174003	1611308401
20210122174003	1611308403
20210122174004	1611308403
20210122174005	1611308405
20210122174006	1611308405
20210122174007	1611308406
20210122174007	1611308406
20210122174008	1611308408
20210122174009	1611308408
20210122174010	1611308409
20210122174010	1611308409
20210122174011	1611308411
20210122174012	1611308411
20210122174013	1611308413
20210122174014	1611308413
20210122174015	1611308414
20210122174016	1611308414
20210122174016	1611308416
20210122174017	1611308416
20210122174018	1611308417
20210122174019	1611308417
20210122174019	1611308419
20210122174020	1611308419
20210122174021	1611308421
20210122174022	1611308421
20210122174022	1611308422
20210122174023	1611308422
20210122174024	1611308423
20210122174025	1611308423
20210122174025	1611308425
20210122174026	1611308425
20210122174027	1611308427
20210122174028	1611308427
20210122174028	1611308428
20210122174029	1611308428
20210122174030	1611308429
20210122174031	1611308429
20210122174032	1611308431
20210122174033	1611308431
20210122174033	1611308433
20210122174034	1611308433
20210122174035	1611308435
20210122174036	1611308435
20210122174036	1611308436
20210122174037	1611308436
20210122174038	1611308438
20210122174039	1611308438
20210122174040	1611308439
20210122174041	1611308439
20210122174041	1611308441
20210122174042	1611308441
20210122174043	1611308442
20210122174044	1611308442
20210122174044	1611308444
20210122174045	1611308444
20210122174046	1611308446
20210122174047	1611308446
20210122174047	1611308447
20210122174048	1611308447
20210122174049	1611308449
20210122174050	1611308449
20210122174051	1611308450
20210122174052	1611308450
20210122174053	1611308452
20210122174053	1611308452
20210122174054	1611308454
20210122174055	1611308454
20210122174056	1611308455
20210122174057	1611308455
20210122174057	1611308457
20210122174058	1611308457
20210122174059	1611308459
20210122174100	1611308459
20210122174100	1611308460
20210122174101	1611308460
20210122174102	1611308462
20210122174103	1611308462
20210122174104	1611308463
20210122174104	1611308463
20210122174105	1611308465
20210122174106	1611308465
20210122174107	1611308467
20210122174108	1611308467
20210122174109	1611308469
20210122174110	1611308469
20210122174111	1611308470
20210122174112	1611308470
20210122174112	1611308472
20210122174113	1611308472
20210122174114	1611308474
20210122174115	1611308474
20210122174115	1611308475
20210122174116	1611308475
20210122174117	1611308477
20210122174118	1611308477
20210122174119	1611308478
20210122174120	1611308478
20210122174121	1611308480
20210122174121	1611308480
20210122174122	1611308482
20210122174123	1611308482
20210122174124	1611308483
20210122174124	1611308483
20210122174126	1611308485
20210122174126	1611308485
20210122174127	1611308487
20210122174128	1611308487
20210122174128	1611308488
20210122174130	1611308488
20210122174130	1611308490
20210122174131	1611308490
20210122174132	1611308492
20210122174133	1611308492
20210122174133	1611308493
20210122174134	1611308493
20210122174135	1611308495
20210122174136	1611308495
20210122174137	1611308497
