20210115193426	1610710465
20210115193427	1610710467
20210115193428	1610710467
20210115193428	1610710468
20210115193430	1610710468
20210115193431	1610710471
20210115193433	1610710471
20210115193433	1610710473
20210115193435	1610710473
20210115193436	1610710476
20210115193437	1610710476
20210115193439	1610710479
20210115193440	1610710479
20210115193442	1610710482
20210115193444	1610710482
20210115193446	1610710486
20210115193447	1610710486
20210115193449	1610710489
20210115193450	1610710489
20210115193451	1610710491
20210115193453	1610710491
20210115193454	1610710494
20210115193455	1610710494
20210115193456	1610710496
20210115193458	1610710496
20210115193500	1610710500
20210115193501	1610710500
20210115193502	1610710502
