20210123094207	1611366125
20210123094208	1611366127
20210123094209	1611366127
20210123094210	1611366129
20210123094211	1611366129
20210123094212	1611366131
20210123094213	1611366131
20210123094214	1611366133
20210123094215	1611366133
20210123094216	1611366135
20210123094217	1611366135
20210123094218	1611366137
20210123094219	1611366137
20210123094220	1611366139
20210123094220	1611366139
20210123094221	1611366140
20210123094222	1611366140
20210123094223	1611366142
20210123094224	1611366142
20210123094225	1611366144
20210123094226	1611366144
20210123094227	1611366146
20210123094228	1611366146
20210123094229	1611366148
20210123094230	1611366148
20210123094231	1611366150
20210123094232	1611366150
20210123094233	1611366152
20210123094234	1611366152
20210123094235	1611366154
20210123094236	1611366154
20210123094237	1611366156
20210123094238	1611366156
20210123094239	1611366158
20210123094240	1611366158
20210123094241	1611366160
20210123094242	1611366160
20210123094243	1611366162
20210123094244	1611366162
20210123094244	1611366164
20210123094245	1611366164
20210123094246	1611366165
20210123094247	1611366165
20210123094248	1611366167
20210123094249	1611366167
20210123094250	1611366169
20210123094251	1611366169
20210123094252	1611366171
20210123094253	1611366171
20210123094254	1611366173
20210123094255	1611366173
20210123094256	1611366175
20210123094257	1611366175
20210123094258	1611366177
20210123094259	1611366177
20210123094300	1611366179
20210123094300	1611366179
20210123094301	1611366181
20210123094302	1611366181
20210123094303	1611366182
20210123094304	1611366182
20210123094305	1611366184
20210123094306	1611366184
20210123094307	1611366186
20210123094308	1611366186
20210123094309	1611366188
20210123094310	1611366188
20210123094311	1611366190
20210123094312	1611366190
20210123094312	1611366192
20210123094313	1611366192
20210123094314	1611366193
20210123094315	1611366193
20210123094316	1611366195
20210123094317	1611366195
20210123094318	1611366197
20210123094319	1611366197
20210123094320	1611366199
20210123094320	1611366199
20210123094321	1611366200
20210123094322	1611366200
20210123094323	1611366202
20210123094324	1611366202
20210123094325	1611366204
20210123094325	1611366204
20210123094326	1611366205
20210123094327	1611366205
20210123094328	1611366207
20210123094329	1611366207
20210123094330	1611366209
20210123094331	1611366209
20210123094332	1611366211
20210123094333	1611366211
20210123094334	1611366213
20210123094335	1611366213
20210123094336	1611366215
20210123094337	1611366215
20210123094338	1611366217
20210123094339	1611366217
20210123094340	1611366219
20210123094341	1611366219
20210123094342	1611366221
20210123094343	1611366221
20210123094344	1611366223
20210123094344	1611366223
20210123094345	1611366224
20210123094346	1611366224
20210123094347	1611366226
20210123094348	1611366226
20210123094349	1611366228
20210123094350	1611366228
20210123094351	1611366230
20210123094352	1611366230
20210123094353	1611366232
20210123094354	1611366232
20210123094355	1611366234
20210123094356	1611366234
20210123094356	1611366236
20210123094357	1611366236
20210123094358	1611366237
20210123094359	1611366237
20210123094400	1611366239
20210123094401	1611366239
20210123094402	1611366241
20210123094403	1611366241
20210123094404	1611366243
20210123094405	1611366243
20210123094405	1611366245
20210123094406	1611366245
20210123094407	1611366247
20210123094408	1611366247
20210123094409	1611366248
20210123094410	1611366248
20210123094411	1611366250
20210123094412	1611366250
20210123094413	1611366252
20210123094414	1611366252
20210123094415	1611366254
20210123094416	1611366254
20210123094416	1611366256
20210123094417	1611366256
20210123094418	1611366257
20210123094419	1611366257
20210123094420	1611366259
20210123094421	1611366259
20210123094422	1611366261
20210123094423	1611366261
20210123094424	1611366263
20210123094425	1611366263
20210123094426	1611366265
20210123094427	1611366265
20210123094428	1611366267
20210123094429	1611366267
20210123094430	1611366269
20210123094431	1611366269
20210123094432	1611366271
20210123094432	1611366271
20210123094433	1611366273
20210123094434	1611366273
20210123094435	1611366274
20210123094436	1611366274
20210123094437	1611366276
20210123094438	1611366276
20210123094439	1611366278
20210123094440	1611366278
20210123094441	1611366280
20210123094442	1611366280
20210123094443	1611366282
20210123094444	1611366282
20210123094445	1611366284
20210123094446	1611366284
20210123094447	1611366286
20210123094448	1611366286
20210123094449	1611366288
20210123094450	1611366288
20210123094451	1611366290
20210123094452	1611366290
20210123094453	1611366292
20210123094454	1611366292
20210123094454	1611366294
20210123094455	1611366294
20210123094456	1611366295
20210123094457	1611366295
20210123094458	1611366297
20210123094459	1611366297
20210123094500	1611366299
20210123094501	1611366299
20210123094502	1611366301
20210123094504	1611366301
20210123094505	1611366304
20210123094506	1611366304
20210123094507	1611366306
20210123094508	1611366306
20210123094509	1611366308
20210123094510	1611366308
20210123094510	1611366310
20210123094511	1611366310
20210123094512	1611366311
20210123094513	1611366311
20210123094514	1611366313
20210123094515	1611366313
20210123094516	1611366315
20210123094517	1611366315
20210123094518	1611366317
20210123094519	1611366317
20210123094520	1611366319
20210123094521	1611366319
20210123094522	1611366321
20210123094523	1611366321
20210123094524	1611366323
20210123094525	1611366323
20210123094526	1611366325
20210123094527	1611366325
20210123094528	1611366327
20210123094529	1611366327
20210123094529	1611366329
20210123094530	1611366329
20210123094531	1611366330
20210123094532	1611366330
20210123094533	1611366332
20210123094534	1611366332
20210123094535	1611366334
20210123094536	1611366334
20210123094537	1611366336
20210123094538	1611366336
20210123094539	1611366338
20210123094540	1611366338
20210123094540	1611366340
20210123094541	1611366340
20210123094542	1611366341
20210123094543	1611366341
20210123094544	1611366343
20210123094545	1611366343
20210123094546	1611366345
20210123094547	1611366345
20210123094548	1611366347
20210123094549	1611366347
20210123094550	1611366349
20210123094551	1611366349
20210123094552	1611366351
20210123094553	1611366351
20210123094554	1611366353
20210123094555	1611366353
20210123094556	1611366355
20210123094556	1611366355
20210123094557	1611366356
20210123094558	1611366356
20210123094559	1611366358
20210123094600	1611366358
20210123094601	1611366360
20210123094602	1611366360
20210123094603	1611366362
20210123094604	1611366362
20210123094605	1611366364
20210123094606	1611366364
20210123094607	1611366366
20210123094608	1611366366
20210123094608	1611366368
20210123094609	1611366368
20210123094610	1611366369
20210123094611	1611366369
20210123094612	1611366371
20210123094613	1611366371
20210123094614	1611366373
20210123094615	1611366373
20210123094616	1611366375
20210123094617	1611366375
20210123094617	1611366377
20210123094618	1611366377
20210123094619	1611366378
20210123094621	1611366378
20210123094622	1611366381
20210123094623	1611366381
20210123094624	1611366383
20210123094624	1611366383
20210123094625	1611366384
20210123094626	1611366384
20210123094627	1611366386
20210123094628	1611366386
20210123094629	1611366388
20210123094630	1611366388
20210123094631	1611366390
20210123094632	1611366390
20210123094633	1611366392
20210123094634	1611366392
20210123094635	1611366394
20210123094636	1611366394
20210123094637	1611366396
20210123094638	1611366396
20210123094639	1611366398
20210123094640	1611366398
20210123094640	1611366400
20210123094641	1611366400
20210123094642	1611366401
20210123094643	1611366401
20210123094644	1611366403
20210123094645	1611366403
20210123094646	1611366405
20210123094647	1611366405
20210123094648	1611366407
20210123094649	1611366407
20210123094650	1611366409
20210123094651	1611366409
20210123094652	1611366411
20210123094653	1611366411
20210123094653	1611366413
20210123094654	1611366413
20210123094655	1611366414
20210123094656	1611366414
20210123094657	1611366416
20210123094658	1611366416
20210123094659	1611366418
20210123094700	1611366418
20210123094700	1611366420
20210123094701	1611366420
20210123094702	1611366421
20210123094703	1611366421
20210123094704	1611366423
20210123094705	1611366423
20210123094706	1611366426
20210123094707	1611366426
20210123094708	1611366427
20210123094709	1611366427
20210123094710	1611366429
20210123094711	1611366429
20210123094712	1611366431
20210123094713	1611366431
20210123094714	1611366433
20210123094715	1611366433
20210123094716	1611366435
20210123094717	1611366435
20210123094718	1611366437
20210123094719	1611366437
20210123094720	1611366439
20210123094721	1611366439
20210123094722	1611366441
20210123094723	1611366441
20210123094724	1611366443
20210123094725	1611366443
20210123094726	1611366445
20210123094726	1611366445
20210123094727	1611366446
20210123094728	1611366446
20210123094729	1611366448
20210123094730	1611366448
20210123094731	1611366450
20210123094732	1611366450
20210123094733	1611366452
