[  0%] Built target std_msgs_generate_messages_eus
[  0%] Built target geographic_msgs_generate_messages_nodejs
[  0%] Built target geometry_msgs_generate_messages_lisp
[35m[1mScanning dependencies of target FixedwingPositionSubandPub[0m
[  0%] Built target geometry_msgs_generate_messages_cpp
[  0%] Built target actionlib_generate_messages_nodejs
[  0%] Built target rosgraph_msgs_generate_messages_nodejs
[  0%] Built target actionlib_generate_messages_lisp
[  0%] Built target geographic_msgs_generate_messages_lisp
[  0%] Built target actionlib_msgs_generate_messages_cpp
[  0%] Built target std_msgs_generate_messages_nodejs
[  0%] Built target geometry_msgs_generate_messages_py
[  0%] Built target uuid_msgs_generate_messages_lisp
[  0%] Built target fw_msgs_generate_messages_py
[  0%] Built target rosgraph_msgs_generate_messages_eus
[  0%] Built target fw_msgs_generate_messages_cpp
[  0%] Built target roscpp_generate_messages_nodejs
[  0%] Built target mavros_msgs_generate_messages_nodejs
[  0%] Built target std_msgs_generate_messages_lisp
[  0%] Built target geometry_msgs_generate_messages_eus
[  0%] Built target roscpp_generate_messages_py
[  0%] Built target diagnostic_msgs_generate_messages_nodejs
[  5%] [32mBuilding CXX object CMakeFiles/FixedwingPositionSubandPub.dir/include/FixedwingPositionSubAndPub/FixedwingPositionSubAndPub.cpp.o[0m
[ 11%] [32mBuilding CXX object CMakeFiles/FixedwingPositionSubandPub.dir/include/single/PositionControl_VF.cpp.o[0m
[ 11%] Built target std_msgs_generate_messages_cpp
[ 11%] Built target roscpp_generate_messages_lisp
[ 17%] [32mBuilding CXX object CMakeFiles/FixedwingPositionSubandPub.dir/include/single/vf/VF.cpp.o[0m
[ 23%] [32mBuilding CXX object CMakeFiles/FixedwingPositionSubandPub.dir/include/formation/PositionControl_FORMATION.cpp.o[0m
[ 23%] Built target actionlib_generate_messages_cpp
[ 23%] Built target fw_msgs_generate_messages_eus
[ 23%] Built target actionlib_msgs_generate_messages_nodejs
[ 23%] Built target nav_msgs_generate_messages_nodejs
[ 23%] Built target sensor_msgs_generate_messages_nodejs
[ 23%] Built target fw_msgs_generate_messages_nodejs
[ 23%] Built target rosgraph_msgs_generate_messages_lisp
[ 29%] [32mBuilding CXX object CMakeFiles/FixedwingPositionSubandPub.dir/include/formation/formationControl/formationControl.cpp.o[0m
[ 29%] Built target roscpp_generate_messages_eus
[ 29%] Built target std_msgs_generate_messages_py
[ 29%] Built target geometry_msgs_generate_messages_nodejs
[ 29%] Built target rosgraph_msgs_generate_messages_py
[ 29%] Built target actionlib_msgs_generate_messages_eus
[ 29%] Built target rosgraph_msgs_generate_messages_cpp
[ 29%] Built target actionlib_msgs_generate_messages_lisp
[ 29%] Built target actionlib_generate_messages_eus
[ 29%] Built target diagnostic_msgs_generate_messages_cpp
[ 29%] Built target actionlib_msgs_generate_messages_py
[ 29%] Built target actionlib_generate_messages_py
[ 29%] Built target tf2_msgs_generate_messages_cpp
[ 29%] Built target tf2_msgs_generate_messages_py
[ 29%] Built target tf2_msgs_generate_messages_nodejs
[ 29%] Built target roscpp_generate_messages_cpp
[ 29%] Built target geographic_msgs_generate_messages_py
[ 29%] Built target diagnostic_msgs_generate_messages_py
[ 29%] Built target geographic_msgs_generate_messages_cpp
[ 29%] Built target uuid_msgs_generate_messages_eus
[ 29%] Built target diagnostic_msgs_generate_messages_eus
[ 29%] Built target geographic_msgs_generate_messages_eus
[ 29%] Built target uuid_msgs_generate_messages_cpp
[ 29%] Built target fw_msgs_generate_messages_lisp
[ 29%] Built target mavros_msgs_generate_messages_cpp
[ 29%] Built target mavros_msgs_generate_messages_eus
[ 29%] Built target uuid_msgs_generate_messages_nodejs
[ 29%] Built target uuid_msgs_generate_messages_py
[ 29%] Built target sensor_msgs_generate_messages_lisp
[ 29%] Built target mavros_msgs_generate_messages_py
[ 29%] Built target sensor_msgs_generate_messages_cpp
[ 29%] Built target mavros_msgs_generate_messages_lisp
[ 29%] Built target nav_msgs_generate_messages_cpp
[ 29%] Built target sensor_msgs_generate_messages_eus
[ 29%] Built target tf2_msgs_generate_messages_eus
[ 29%] Built target sensor_msgs_generate_messages_py
[ 29%] Built target nav_msgs_generate_messages_eus
[ 29%] Built target nav_msgs_generate_messages_py
[ 29%] Built target tf2_msgs_generate_messages_lisp
[ 29%] Built target diagnostic_msgs_generate_messages_lisp
[ 29%] Built target nav_msgs_generate_messages_lisp
In file included from [01m[K/home/fengxuewei/GitHub/uav_project_1/AutoLanding/AutoLanding/src/modules/fw_pos_control/include/single/PositionControl_VF.hpp:41:0[m[K,
                 from [01m[K/home/fengxuewei/GitHub/uav_project_1/AutoLanding/AutoLanding/src/modules/fw_pos_control/include/single/PositionControl_VF.cpp:1[m[K:
[01m[K/home/fengxuewei/GitHub/uav_project_1/AutoLanding/AutoLanding/src/modules/fw_pos_control/include/single/../positionController_output.hpp:7:37:[m[K [01;35m[Kwarning: [m[Kbackslash-newline at end of file
 #define POSITIONCONTROLLER_ERROR(a) \
                                      
In file included from [01m[K/home/fengxuewei/GitHub/uav_project_1/AutoLanding/AutoLanding/src/modules/fw_pos_control/include/FixedwingPositionSubAndPub/../single/PositionControl_VF.hpp:41:0[m[K,
                 from [01m[K/home/fengxuewei/GitHub/uav_project_1/AutoLanding/AutoLanding/src/modules/fw_pos_control/include/FixedwingPositionSubAndPub/FixedwingPositionSubAndPub.hpp:30[m[K,
                 from [01m[K/home/fengxuewei/GitHub/uav_project_1/AutoLanding/AutoLanding/src/modules/fw_pos_control/include/FixedwingPositionSubAndPub/FixedwingPositionSubAndPub.cpp:1[m[K:
[01m[K/home/fengxuewei/GitHub/uav_project_1/AutoLanding/AutoLanding/src/modules/fw_pos_control/include/FixedwingPositionSubAndPub/../single/../positionController_output.hpp:7:37:[m[K [01;35m[Kwarning: [m[Kbackslash-newline at end of file
 #define POSITIONCONTROLLER_ERROR(a) \
                                      
In file included from [01m[K/home/fengxuewei/GitHub/uav_project_1/AutoLanding/AutoLanding/src/modules/fw_pos_control/include/FixedwingPositionSubAndPub/FixedwingPositionSubAndPub.hpp:32:0[m[K,
                 from [01m[K/home/fengxuewei/GitHub/uav_project_1/AutoLanding/AutoLanding/src/modules/fw_pos_control/include/FixedwingPositionSubAndPub/FixedwingPositionSubAndPub.cpp:1[m[K:
[01m[K/home/fengxuewei/GitHub/uav_project_1/AutoLanding/AutoLanding/src/modules/fw_pos_control/include/FixedwingPositionSubAndPub/../positionController_output.hpp:7:37:[m[K [01;35m[Kwarning: [m[Kbackslash-newline at end of file
 #define POSITIONCONTROLLER_ERROR(a) \
                                      
[ 35%] [32m[1mLinking CXX shared library /home/fengxuewei/GitHub/uav_project_1/AutoLanding/AutoLanding/devel/.private/fw_pos_control/lib/libFixedwingPositionSubandPub.so[0m
[ 88%] Built target FixedwingPositionSubandPub
[35m[1mScanning dependencies of target FixedwingPositionControl[0m
[ 94%] [32mBuilding CXX object CMakeFiles/FixedwingPositionControl.dir/FixedwingPositionControl.cpp.o[0m
In file included from [01m[K/home/fengxuewei/GitHub/uav_project_1/AutoLanding/AutoLanding/src/modules/fw_pos_control/include/FixedwingPositionSubAndPub/../single/PositionControl_VF.hpp:41:0[m[K,
                 from [01m[K/home/fengxuewei/GitHub/uav_project_1/AutoLanding/AutoLanding/src/modules/fw_pos_control/include/FixedwingPositionSubAndPub/FixedwingPositionSubAndPub.hpp:30[m[K,
                 from [01m[K/home/fengxuewei/GitHub/uav_project_1/AutoLanding/AutoLanding/src/modules/fw_pos_control/FixedwingPositionControl.hpp:5[m[K,
                 from [01m[K/home/fengxuewei/GitHub/uav_project_1/AutoLanding/AutoLanding/src/modules/fw_pos_control/FixedwingPositionControl.cpp:1[m[K:
[01m[K/home/fengxuewei/GitHub/uav_project_1/AutoLanding/AutoLanding/src/modules/fw_pos_control/include/FixedwingPositionSubAndPub/../single/../positionController_output.hpp:7:37:[m[K [01;35m[Kwarning: [m[Kbackslash-newline at end of file
 #define POSITIONCONTROLLER_ERROR(a) \
                                      
In file included from [01m[K/home/fengxuewei/GitHub/uav_project_1/AutoLanding/AutoLanding/src/modules/fw_pos_control/include/FixedwingPositionSubAndPub/FixedwingPositionSubAndPub.hpp:32:0[m[K,
                 from [01m[K/home/fengxuewei/GitHub/uav_project_1/AutoLanding/AutoLanding/src/modules/fw_pos_control/FixedwingPositionControl.hpp:5[m[K,
                 from [01m[K/home/fengxuewei/GitHub/uav_project_1/AutoLanding/AutoLanding/src/modules/fw_pos_control/FixedwingPositionControl.cpp:1[m[K:
[01m[K/home/fengxuewei/GitHub/uav_project_1/AutoLanding/AutoLanding/src/modules/fw_pos_control/include/FixedwingPositionSubAndPub/../positionController_output.hpp:7:37:[m[K [01;35m[Kwarning: [m[Kbackslash-newline at end of file
 #define POSITIONCONTROLLER_ERROR(a) \
                                      
[100%] [32m[1mLinking CXX executable /home/fengxuewei/GitHub/uav_project_1/AutoLanding/AutoLanding/devel/.private/fw_pos_control/lib/fw_pos_control/FixedwingPositionControl[0m
[100%] Built target FixedwingPositionControl
