20210106160233	33.5308
20210106160233	33.5308
20210106160233	33.5308
20210106160233	33.5308
20210106160233	33.5308
20210106160233	33.5308
20210106160233	33.5308
20210106160233	33.5308
20210106160233	33.5308
20210106160233	33.5308
20210106160233	33.5308
20210106160234	33.5308
20210106160234	33.5308
20210106160234	33.5308
20210106160234	33.5308
20210106160234	33.5308
20210106160234	33.5308
20210106160234	33.5308
20210106160234	33.5308
20210106160234	33.5308
20210106160234	33.5308
20210106160234	33.5308
20210106160234	33.5308
20210106160234	33.5308
20210106160234	33.5308
20210106160234	33.5308
20210106160234	33.5308
20210106160234	33.5308
20210106160234	33.5308
20210106160234	33.5308
20210106160234	33.5308
20210106160234	33.5308
20210106160234	33.5308
20210106160234	33.5308
20210106160234	33.5308
20210106160234	33.5308
20210106160234	33.5308
20210106160234	33.5308
20210106160234	33.5308
20210106160234	33.5308
20210106160234	33.5308
20210106160234	33.5308
20210106160234	33.5308
20210106160234	33.5308
20210106160234	33.5308
20210106160234	33.5308
20210106160234	33.5308
20210106160234	33.5308
20210106160234	33.5308
20210106160234	34.4787
20210106160234	34.4787
20210106160234	34.4787
20210106160234	34.4787
20210106160234	34.4787
20210106160234	34.4787
20210106160234	34.4787
20210106160234	34.4787
20210106160234	34.4787
20210106160234	34.4787
20210106160234	34.4787
20210106160235	34.4787
20210106160235	34.4787
20210106160235	34.4787
20210106160235	34.4787
20210106160235	34.4787
20210106160235	34.4787
20210106160235	34.4787
20210106160235	34.4787
20210106160235	34.4787
20210106160235	34.4787
20210106160235	34.4787
20210106160235	34.4787
20210106160235	34.4787
20210106160235	34.4787
20210106160235	34.4787
20210106160235	34.4787
20210106160235	34.4787
20210106160235	34.4787
20210106160235	34.4787
20210106160235	34.4787
20210106160235	34.4787
20210106160235	34.4787
20210106160235	34.4787
20210106160235	34.4787
20210106160235	34.4787
20210106160235	34.4787
20210106160235	34.4787
20210106160235	34.4787
20210106160235	34.4787
20210106160235	34.4787
20210106160235	34.4787
20210106160235	34.4787
20210106160236	34.4787
20210106160236	34.4787
20210106160236	34.4787
20210106160236	34.4787
20210106160236	34.4787
20210106160236	34.4787
20210106160236	34.4787
20210106160236	35.1197
20210106160236	35.1197
20210106160236	35.1197
20210106160236	35.1197
20210106160236	35.1197
20210106160236	35.1197
20210106160236	35.1197
20210106160236	35.1197
20210106160236	35.1197
20210106160236	35.1197
20210106160236	35.1197
20210106160236	35.1197
20210106160236	35.1197
20210106160236	35.1197
20210106160236	35.1197
20210106160236	35.1197
20210106160236	35.1197
20210106160236	35.1197
20210106160236	35.1197
20210106160236	35.1197
20210106160236	35.1197
20210106160236	35.1197
20210106160236	35.1197
20210106160236	35.1197
20210106160236	35.1197
20210106160236	35.1197
20210106160236	35.1197
20210106160236	35.1197
20210106160236	35.1197
20210106160236	35.1197
20210106160236	35.1197
20210106160236	35.1197
20210106160236	35.1197
20210106160236	35.1197
20210106160236	35.1197
20210106160237	35.1197
20210106160237	35.1197
20210106160237	35.1197
20210106160237	35.1197
20210106160237	35.1197
20210106160237	35.1197
20210106160237	35.1197
20210106160237	35.1197
20210106160237	35.1197
20210106160237	35.1197
20210106160237	35.1197
20210106160237	35.1197
20210106160237	35.1197
20210106160237	35.1197
20210106160237	35.3518
20210106160237	35.3518
20210106160237	35.3518
20210106160237	35.3518
20210106160237	35.3518
20210106160237	35.3518
20210106160237	35.3518
20210106160237	35.3518
20210106160237	35.3518
20210106160237	35.3518
20210106160237	35.3518
20210106160237	35.3518
20210106160237	35.3518
20210106160237	35.3518
20210106160237	35.3518
20210106160237	35.3518
20210106160237	35.3518
20210106160237	35.3518
20210106160238	35.3518
20210106160238	35.3518
20210106160238	35.3518
20210106160238	35.3518
20210106160238	35.3518
20210106160238	35.3518
20210106160238	35.3518
20210106160238	35.3518
20210106160238	35.3518
20210106160238	35.3518
20210106160238	35.3518
20210106160238	35.3518
20210106160238	35.3518
20210106160238	35.3518
20210106160238	35.3518
20210106160238	35.3518
20210106160238	35.3518
20210106160238	35.3518
20210106160238	35.3518
20210106160238	35.3518
20210106160238	35.3518
20210106160238	35.3518
20210106160238	35.3518
20210106160238	35.3518
20210106160238	35.3518
20210106160238	35.3518
20210106160238	35.3518
20210106160238	35.3518
20210106160238	35.3518
20210106160238	35.3518
20210106160238	35.3518
20210106160238	35.3518
20210106160238	35.3518
20210106160238	35.2559
20210106160238	35.2559
20210106160238	35.2559
20210106160238	35.2559
20210106160238	35.2559
20210106160238	35.2559
20210106160238	35.2559
20210106160238	35.2559
20210106160238	35.2559
20210106160238	35.2559
20210106160238	35.2559
20210106160238	35.2559
20210106160238	35.2559
20210106160238	35.2559
20210106160238	35.2559
20210106160238	35.2559
20210106160238	35.2559
20210106160238	35.2559
20210106160238	35.2559
20210106160239	35.2559
20210106160239	35.2559
20210106160239	35.2559
20210106160239	35.2559
20210106160239	35.2559
20210106160239	35.2559
20210106160239	35.2559
20210106160239	35.2559
20210106160239	35.2559
20210106160239	35.2559
20210106160239	35.2559
20210106160239	35.2559
20210106160239	35.2559
20210106160239	35.2559
20210106160239	35.2559
20210106160239	35.2559
20210106160239	35.2559
20210106160239	35.2559
20210106160239	35.2559
20210106160239	35.2559
20210106160239	35.2559
20210106160239	35.2559
20210106160239	35.2559
20210106160239	35.2559
20210106160239	35.2559
20210106160239	35.2559
20210106160239	35.2559
20210106160239	35.2559
20210106160239	35.2559
20210106160239	35.2559
20210106160239	34.9699
20210106160239	34.9699
20210106160239	34.9699
20210106160239	34.9699
20210106160239	34.9699
20210106160239	34.9699
20210106160239	34.9699
20210106160239	34.9699
20210106160239	34.9699
20210106160239	34.9699
20210106160239	34.9699
20210106160239	34.9699
20210106160240	34.9699
20210106160240	34.9699
20210106160240	34.9699
20210106160240	34.9699
20210106160240	34.9699
20210106160240	34.9699
20210106160240	34.9699
20210106160240	34.9699
20210106160240	34.9699
20210106160240	34.9699
20210106160240	34.9699
20210106160240	34.9699
20210106160240	34.9699
20210106160240	34.9699
20210106160240	34.9699
20210106160240	34.9699
20210106160240	34.9699
20210106160240	34.9699
20210106160240	34.9699
20210106160240	34.9699
20210106160240	34.9699
20210106160240	34.9699
20210106160240	34.9699
20210106160240	34.9699
20210106160240	34.9699
20210106160240	34.9699
20210106160240	34.9699
20210106160240	34.9699
20210106160240	34.9699
20210106160240	34.9699
20210106160240	34.9699
20210106160240	34.9699
20210106160240	34.9699
20210106160240	34.9699
20210106160240	34.9699
20210106160240	34.9699
20210106160240	34.9699
20210106160240	34.9699
20210106160240	34.9699
20210106160240	34.9699
20210106160240	34.9699
20210106160240	34.9699
20210106160241	34.9699
20210106160241	34.9699
20210106160241	34.9699
20210106160241	34.9699
20210106160241	34.9699
20210106160241	34.9699
20210106160241	34.9699
20210106160241	34.9699
20210106160241	34.9699
20210106160241	34.9699
20210106160241	34.9699
20210106160241	34.9699
20210106160241	34.9699
20210106160241	34.9699
20210106160241	34.9699
20210106160241	34.9699
20210106160241	34.9699
20210106160241	34.9699
20210106160241	34.9699
20210106160241	34.9699
20210106160242	34.9699
20210106160242	34.9699
20210106160242	34.9699
20210106160242	34.9699
20210106160242	34.9699
20210106160242	34.9699
20210106160242	34.9699
20210106160242	34.9699
20210106160242	34.9699
20210106160242	34.9699
20210106160242	34.9699
20210106160242	34.9699
20210106160242	34.9699
20210106160242	34.9699
20210106160242	34.9699
20210106160242	34.9699
20210106160242	34.9699
20210106160242	34.9699
20210106160242	34.9699
20210106160242	34.9699
20210106160242	34.9699
20210106160242	34.9699
20210106160242	34.9699
20210106160242	34.9699
20210106160242	34.9699
20210106160242	34.9699
20210106160242	34.9699
20210106160242	34.9699
20210106160242	34.9699
20210106160242	34.9699
20210106160242	34.9699
20210106160242	34.9699
20210106160242	34.9699
20210106160242	34.9699
20210106160242	34.9699
20210106160242	34.9699
20210106160242	34.9699
20210106160242	34.9699
20210106160242	34.9699
20210106160242	34.9699
20210106160242	34.9699
20210106160242	34.9699
20210106160242	34.9699
20210106160242	34.9699
20210106160242	34.9699
20210106160242	34.9699
20210106160242	34.9699
20210106160242	34.9699
20210106160242	34.9699
20210106160242	34.9699
20210106160242	34.9699
20210106160242	34.9699
20210106160242	34.9699
20210106160242	34.9699
20210106160242	34.9699
20210106160242	34.9699
20210106160242	34.9699
20210106160242	34.9699
20210106160242	34.9699
20210106160242	34.9699
20210106160243	34.9699
20210106160243	34.9699
20210106160243	34.9699
20210106160243	34.9699
20210106160243	34.9699
20210106160243	34.9699
20210106160243	34.9699
20210106160243	34.9699
20210106160243	34.9699
20210106160243	34.9699
20210106160243	34.9699
20210106160243	34.9699
20210106160243	34.9699
20210106160243	34.9699
20210106160243	34.9699
20210106160243	34.9699
20210106160243	34.9699
20210106160243	34.9699
20210106160243	34.9699
20210106160243	34.9699
20210106160243	34.9699
20210106160243	34.9699
20210106160243	34.9699
20210106160243	34.9699
20210106160243	34.9699
20210106160243	34.9699
20210106160243	34.9699
20210106160243	34.9699
20210106160243	34.9699
20210106160243	34.9699
20210106160244	34.9699
20210106160244	34.9699
20210106160244	34.9699
20210106160244	34.9699
20210106160244	34.9699
20210106160244	34.9699
20210106160244	34.9699
20210106160244	34.9699
20210106160244	34.9699
20210106160244	34.9699
20210106160244	34.9699
20210106160244	34.9699
20210106160244	34.9699
20210106160244	34.9699
20210106160244	34.9699
20210106160244	34.9699
20210106160244	34.9699
20210106160244	34.9699
20210106160244	34.9699
20210106160244	34.9699
20210106160244	34.9699
20210106160244	34.9699
20210106160244	34.9699
20210106160244	34.9699
20210106160244	34.9699
20210106160244	34.9699
20210106160244	34.9699
20210106160244	34.9699
20210106160244	34.9699
20210106160244	34.9699
20210106160244	34.9699
20210106160244	34.9699
20210106160244	34.9699
20210106160244	34.9699
20210106160244	34.9699
20210106160244	34.9699
20210106160244	34.9699
20210106160244	34.9699
20210106160244	34.9699
20210106160244	34.9699
20210106160244	34.9699
20210106160244	34.9699
20210106160244	34.9699
20210106160244	34.9699
20210106160244	34.9699
20210106160244	34.9699
20210106160245	34.9699
20210106160245	34.9699
20210106160245	34.9699
20210106160245	34.9699
20210106160245	34.9699
20210106160245	34.9699
20210106160245	34.9699
20210106160245	34.9699
20210106160245	34.9699
20210106160245	34.9699
20210106160245	34.9699
20210106160245	34.9699
20210106160245	34.9699
20210106160245	34.9699
20210106160245	34.9699
20210106160245	34.9699
20210106160245	34.9699
20210106160245	34.9699
20210106160245	34.9699
20210106160245	34.9699
20210106160245	34.9699
20210106160245	34.9699
20210106160245	34.9699
20210106160245	34.9699
20210106160245	34.9699
20210106160245	34.9699
20210106160245	34.9699
20210106160245	34.9699
20210106160245	34.9699
20210106160245	34.9699
20210106160245	34.9699
20210106160245	34.9699
20210106160245	34.9699
20210106160245	34.9699
20210106160245	34.9699
20210106160245	34.9699
20210106160245	34.9699
20210106160245	34.9699
20210106160245	34.9699
20210106160245	34.9699
20210106160245	34.9699
20210106160245	34.9699
20210106160245	34.9699
20210106160245	34.9699
20210106160245	34.9699
20210106160245	34.9699
20210106160245	34.9699
20210106160245	34.9699
20210106160245	34.9699
20210106160245	34.9699
20210106160245	34.9699
20210106160245	34.9699
20210106160245	34.9699
20210106160245	34.9699
20210106160245	34.9699
20210106160245	34.9699
20210106160245	34.9699
20210106160245	34.9699
20210106160245	34.9699
20210106160245	34.9699
20210106160245	34.9699
20210106160245	34.9699
20210106160245	34.9699
20210106160245	34.9699
20210106160245	34.9699
20210106160246	34.9699
20210106160246	34.9699
20210106160246	34.9699
20210106160246	34.9699
20210106160246	34.9699
20210106160246	34.9699
20210106160246	34.9699
20210106160246	34.9699
20210106160246	34.9699
20210106160246	34.9699
20210106160246	34.9699
20210106160246	34.9699
20210106160246	34.9699
20210106160246	34.9699
20210106160246	34.9699
20210106160246	34.9699
20210106160246	34.9699
20210106160246	34.9699
20210106160246	34.9699
20210106160246	34.9699
20210106160246	34.9699
20210106160246	34.9699
20210106160246	34.9699
20210106160246	34.9699
20210106160246	34.9699
20210106160246	34.9699
20210106160246	34.9699
20210106160246	34.9699
20210106160246	34.9699
20210106160246	34.9699
20210106160246	34.9699
20210106160246	34.9699
20210106160246	34.9699
20210106160246	34.9699
20210106160246	34.9699
20210106160246	34.9699
20210106160246	34.9699
20210106160247	34.9699
20210106160247	34.9699
20210106160247	34.9699
20210106160247	34.9699
20210106160247	34.9699
20210106160247	34.9699
20210106160247	34.9699
20210106160247	34.9699
20210106160247	34.9699
20210106160247	34.9699
20210106160247	34.9699
20210106160247	34.9699
20210106160247	34.9699
20210106160247	34.9699
20210106160247	34.9699
20210106160247	34.9699
20210106160247	34.9699
20210106160247	34.9699
20210106160247	34.9699
20210106160247	34.9699
20210106160247	34.9699
20210106160247	34.9699
20210106160247	34.9699
20210106160247	34.9699
20210106160247	34.9699
20210106160247	34.9699
20210106160247	34.9699
20210106160247	34.9699
20210106160247	34.9699
20210106160247	34.9699
20210106160247	34.9699
20210106160247	34.9699
20210106160247	34.9699
20210106160247	34.9699
20210106160247	34.9699
20210106160248	34.9699
20210106160248	34.9699
20210106160248	34.9699
20210106160248	34.9699
20210106160248	34.9699
20210106160248	34.9699
20210106160248	34.9699
20210106160248	34.9699
20210106160248	34.9699
20210106160248	34.9699
20210106160248	34.9699
20210106160248	34.9699
20210106160248	34.9699
20210106160248	34.9699
20210106160248	34.9699
20210106160248	34.9699
20210106160248	34.9699
20210106160248	34.9699
20210106160248	34.9699
20210106160248	34.9699
20210106160248	34.9699
20210106160248	34.9699
20210106160248	34.9699
20210106160248	34.9699
20210106160248	34.9699
20210106160248	34.9699
20210106160248	34.9699
20210106160248	34.9699
20210106160248	34.9699
20210106160248	34.9699
20210106160248	34.9699
20210106160248	34.9699
20210106160248	34.9699
20210106160248	34.9699
20210106160248	34.9699
20210106160248	34.9699
20210106160248	34.9699
20210106160248	34.9699
20210106160248	34.9699
20210106160248	34.9699
20210106160248	34.9699
20210106160248	34.9699
20210106160249	34.9699
20210106160249	34.9699
20210106160249	34.9699
20210106160249	34.9699
20210106160249	34.9699
20210106160249	34.9699
20210106160249	34.9699
20210106160249	34.9699
20210106160249	34.9699
20210106160249	34.9699
20210106160249	34.9699
20210106160249	34.9699
20210106160249	34.9699
20210106160249	34.9699
20210106160249	34.9699
20210106160249	34.9699
20210106160249	34.9699
20210106160249	34.9699
20210106160249	34.9699
20210106160249	34.9699
20210106160249	34.9699
20210106160249	34.9699
20210106160249	34.9699
20210106160249	34.9699
20210106160249	34.9699
20210106160249	34.9699
20210106160249	34.9699
20210106160249	34.9699
20210106160250	34.9699
20210106160250	34.9699
20210106160250	34.9699
20210106160250	34.9699
20210106160250	34.9699
20210106160250	34.9699
20210106160250	34.9699
20210106160250	34.9699
20210106160250	34.9699
20210106160250	34.9699
20210106160250	34.9699
20210106160250	34.9699
20210106160250	34.9699
20210106160250	34.9699
20210106160250	34.9699
20210106160250	34.9699
20210106160250	34.9699
20210106160250	34.9699
20210106160250	34.9699
20210106160250	34.9699
20210106160250	34.9699
20210106160250	34.9699
20210106160250	34.9699
20210106160250	34.9699
20210106160250	34.9699
20210106160250	34.9699
20210106160250	34.9699
20210106160250	34.9699
20210106160250	34.9699
20210106160250	34.9699
20210106160250	34.9699
20210106160250	34.9699
20210106160250	34.9699
20210106160250	34.9699
20210106160250	54.3371
20210106160250	54.3371
20210106160250	54.3371
20210106160250	54.3371
20210106160250	54.3371
20210106160251	54.3371
20210106160251	54.3371
20210106160251	54.3371
20210106160251	54.3371
20210106160251	54.3371
20210106160251	54.3371
20210106160251	54.3371
20210106160251	54.3371
20210106160251	54.3371
20210106160251	54.3371
20210106160251	54.3371
20210106160251	54.3371
20210106160251	54.3371
20210106160251	54.3371
20210106160251	54.3371
20210106160251	54.3371
20210106160251	54.3371
20210106160251	54.3371
20210106160251	54.3371
20210106160251	54.3371
20210106160251	54.3371
20210106160251	54.3371
20210106160251	54.3371
20210106160251	54.3371
20210106160251	54.3371
20210106160251	54.3371
20210106160251	54.3371
20210106160251	54.3371
20210106160251	54.3371
20210106160251	54.3371
20210106160251	54.3371
20210106160251	54.3371
20210106160251	54.3371
20210106160252	54.3371
20210106160252	54.3371
20210106160252	54.3371
20210106160252	54.3371
20210106160252	54.3371
20210106160252	54.3371
20210106160252	54.3371
20210106160252	54.3371
20210106160252	54.3371
20210106160252	54.3371
20210106160252	54.3371
20210106160252	54.3371
20210106160252	54.9682
20210106160252	54.9682
20210106160252	54.9682
20210106160252	54.9682
20210106160252	54.9682
20210106160252	54.9682
20210106160252	54.9682
20210106160252	54.9682
20210106160252	54.9682
20210106160252	54.9682
20210106160252	54.9682
20210106160252	54.9682
20210106160252	54.9682
20210106160252	54.9682
20210106160252	54.9682
20210106160252	54.9682
20210106160252	54.9682
20210106160252	54.9682
20210106160252	54.9682
20210106160252	54.9682
20210106160252	54.9682
20210106160252	54.9682
20210106160252	54.9682
20210106160252	54.9682
20210106160252	54.9682
20210106160252	54.9682
20210106160252	54.9682
20210106160252	54.9682
20210106160252	54.9682
20210106160253	54.9682
20210106160253	54.9682
20210106160253	54.9682
20210106160253	54.9682
20210106160253	54.9682
20210106160253	54.9682
20210106160253	54.9682
20210106160253	54.9682
20210106160253	54.9682
20210106160253	54.9682
20210106160253	54.9682
20210106160253	54.9682
20210106160253	54.9682
20210106160253	54.9682
20210106160253	54.9682
20210106160253	54.9682
20210106160253	54.9682
20210106160253	54.9682
20210106160253	54.9682
20210106160253	55.1175
20210106160253	55.1175
20210106160253	55.1175
20210106160253	55.1175
20210106160253	55.1175
20210106160253	55.1175
20210106160253	55.1175
20210106160253	55.1175
20210106160253	55.1175
20210106160253	55.1175
20210106160253	55.1175
20210106160253	55.1175
20210106160253	55.1175
20210106160253	55.1175
20210106160253	55.1175
20210106160253	55.1175
20210106160253	55.1175
20210106160253	55.1175
20210106160253	55.1175
20210106160253	55.1175
20210106160253	55.1175
20210106160253	55.1175
20210106160253	55.1175
20210106160253	55.1175
20210106160253	55.1175
20210106160253	55.1175
20210106160253	55.1175
20210106160254	55.1175
20210106160254	55.1175
20210106160254	55.1175
20210106160254	55.1175
20210106160254	55.1175
20210106160254	55.1175
20210106160254	55.1175
20210106160254	55.1175
20210106160254	55.1175
20210106160254	55.1175
20210106160254	55.1175
20210106160254	55.1175
20210106160254	55.1175
20210106160254	55.1175
20210106160254	55.1175
20210106160254	55.1175
20210106160254	55.1175
20210106160254	55.1175
20210106160254	55.1175
20210106160254	55.1175
20210106160254	55.1175
20210106160254	55.1175
20210106160254	55.1175
20210106160254	55.0552
20210106160254	55.0552
20210106160254	55.0552
20210106160254	55.0552
20210106160254	55.0552
20210106160254	55.0552
20210106160254	55.0552
20210106160254	55.0552
20210106160254	55.0552
20210106160254	55.0552
20210106160254	55.0552
20210106160254	55.0552
20210106160254	55.0552
20210106160254	55.0552
20210106160254	55.0552
20210106160254	55.0552
20210106160254	55.0552
20210106160254	55.0552
20210106160254	55.0552
20210106160254	55.0552
20210106160254	55.0552
20210106160254	55.0552
20210106160254	55.0552
20210106160254	55.0552
20210106160254	55.0552
20210106160254	55.0552
20210106160254	55.0552
20210106160254	55.0552
20210106160255	55.0552
20210106160255	55.0552
20210106160255	55.0552
20210106160255	55.0552
20210106160255	55.0552
20210106160255	55.0552
20210106160255	55.0552
20210106160255	55.0552
20210106160255	55.0552
20210106160255	55.0552
20210106160255	55.0552
20210106160255	55.0552
20210106160255	55.0552
20210106160255	55.0552
20210106160255	55.0552
20210106160255	55.0552
20210106160255	55.0552
20210106160255	55.0552
20210106160255	55.0552
20210106160255	55.0552
20210106160255	55.0552
20210106160255	55.0552
20210106160255	55.0552
20210106160255	54.9069
20210106160255	54.9069
20210106160255	54.9069
20210106160255	54.9069
20210106160255	54.9069
20210106160255	54.9069
20210106160256	54.9069
20210106160256	54.9069
20210106160256	54.9069
20210106160256	54.9069
20210106160256	54.9069
20210106160256	54.9069
20210106160256	54.9069
20210106160256	54.9069
20210106160256	54.9069
20210106160256	54.9069
20210106160256	54.9069
20210106160256	54.9069
20210106160256	54.9069
20210106160256	54.9069
20210106160256	54.9069
20210106160256	54.9069
20210106160256	54.9069
20210106160256	54.9069
20210106160256	54.9069
20210106160256	54.9069
20210106160256	54.9069
20210106160256	54.9069
20210106160256	54.9069
20210106160256	54.9069
20210106160256	54.9069
20210106160256	54.9069
20210106160256	54.9069
20210106160256	54.9069
20210106160256	54.9069
20210106160256	54.9069
20210106160256	54.9069
20210106160256	54.9069
20210106160256	54.9069
20210106160256	54.9069
20210106160256	54.9069
20210106160256	54.9069
20210106160256	54.9069
20210106160256	54.9069
20210106160256	54.9069
20210106160256	54.9069
20210106160256	54.9069
20210106160256	54.9069
20210106160256	54.9069
20210106160256	54.9069
20210106160256	54.9069
20210106160256	54.7367
20210106160256	54.7367
20210106160257	54.7367
20210106160257	54.7367
20210106160257	54.7367
20210106160257	54.7367
20210106160257	54.7367
20210106160257	54.7367
20210106160257	54.7367
20210106160257	54.7367
20210106160257	54.7367
20210106160257	54.7367
20210106160257	54.7367
20210106160257	54.7367
20210106160257	54.7367
20210106160257	54.7367
20210106160257	54.7367
20210106160257	54.7367
20210106160257	54.7367
20210106160257	54.7367
20210106160257	54.7367
20210106160257	54.7367
20210106160257	54.7367
20210106160257	54.7367
20210106160257	54.7367
20210106160257	54.7367
20210106160257	54.7367
20210106160257	54.7367
20210106160257	54.7367
20210106160257	54.7367
20210106160257	54.7367
20210106160257	54.7367
20210106160257	54.7367
20210106160257	54.7367
20210106160257	54.7367
20210106160257	54.7367
20210106160257	54.7367
20210106160257	54.7367
20210106160257	54.7367
20210106160258	54.7367
20210106160258	54.7367
20210106160258	54.7367
20210106160258	54.7367
20210106160258	54.7367
20210106160258	54.7367
20210106160258	54.7367
20210106160258	54.7367
20210106160258	54.7367
20210106160258	54.7367
20210106160258	54.7367
20210106160258	54.5703
20210106160258	54.5703
20210106160258	54.5703
20210106160258	54.5703
20210106160258	54.5703
20210106160258	54.5703
20210106160258	54.5703
20210106160258	54.5703
20210106160258	54.5703
20210106160258	54.5703
20210106160258	54.5703
20210106160258	54.5703
20210106160258	54.5703
20210106160258	54.5703
20210106160258	54.5703
20210106160258	54.5703
20210106160258	54.5703
20210106160258	54.5703
20210106160258	54.5703
20210106160258	54.5703
20210106160258	54.5703
20210106160258	54.5703
20210106160258	54.5703
20210106160258	54.5703
20210106160258	54.5703
20210106160258	54.5703
20210106160258	54.5703
20210106160258	54.5703
20210106160258	54.5703
20210106160258	54.5703
20210106160258	54.5703
20210106160258	54.5703
20210106160259	54.5703
20210106160259	54.5703
20210106160259	54.5703
20210106160259	54.5703
20210106160259	54.5703
20210106160259	54.5703
20210106160259	54.5703
20210106160259	54.5703
20210106160259	54.5703
20210106160259	54.5703
20210106160259	54.5703
20210106160259	54.5703
20210106160259	54.5703
20210106160259	54.5703
20210106160259	54.5703
20210106160259	54.5703
20210106160259	54.5703
20210106160259	54.5703
20210106160259	54.4228
20210106160259	54.4228
20210106160259	54.4228
20210106160259	54.4228
20210106160259	54.4228
20210106160259	54.4228
20210106160259	54.4228
20210106160259	54.4228
20210106160259	54.4228
20210106160259	54.4228
20210106160259	54.4228
20210106160259	54.4228
20210106160259	54.4228
20210106160259	54.4228
20210106160259	54.4228
20210106160259	54.4228
20210106160259	54.4228
20210106160259	54.4228
20210106160259	54.4228
20210106160259	54.4228
20210106160259	54.4228
20210106160259	54.4228
20210106160259	54.4228
20210106160259	54.4228
20210106160259	54.4228
20210106160300	54.4228
20210106160300	54.4228
20210106160300	54.4228
20210106160300	54.4228
20210106160300	54.4228
20210106160300	54.4228
20210106160300	54.4228
20210106160300	54.4228
20210106160300	54.4228
20210106160300	54.4228
20210106160300	54.4228
20210106160300	54.4228
20210106160300	54.4228
20210106160300	54.4228
20210106160300	54.4228
20210106160300	54.4228
20210106160300	54.4228
20210106160300	54.4228
20210106160300	54.4228
20210106160300	54.4228
20210106160300	54.4228
20210106160300	54.4228
20210106160300	54.4228
20210106160300	54.4228
20210106160300	54.2966
20210106160300	54.2966
20210106160301	54.2966
20210106160301	54.2966
20210106160301	54.2966
20210106160301	54.2966
20210106160301	54.2966
20210106160301	54.2966
20210106160301	54.2966
20210106160301	54.2966
20210106160301	54.2966
20210106160301	54.2966
20210106160301	54.2966
20210106160301	54.2966
20210106160301	54.2966
20210106160301	54.2966
20210106160301	54.2966
20210106160301	54.2966
20210106160301	54.2966
20210106160301	54.2966
20210106160301	54.2966
20210106160301	54.2966
20210106160301	54.2966
20210106160301	54.2966
20210106160301	54.2966
20210106160301	54.2966
20210106160301	54.2966
20210106160301	54.2966
20210106160301	54.2966
20210106160301	54.2966
20210106160301	54.2966
20210106160301	54.2966
20210106160301	54.2966
20210106160301	54.2966
20210106160301	54.2966
20210106160301	54.2966
20210106160301	54.2966
20210106160301	54.2966
20210106160301	54.2966
20210106160301	54.2966
20210106160301	54.2966
20210106160301	54.2966
20210106160301	54.2966
20210106160301	54.2966
20210106160301	54.2966
20210106160301	54.2966
20210106160301	54.2966
20210106160301	54.2966
20210106160301	54.2966
20210106160301	54.2966
20210106160302	54.1974
20210106160302	54.1974
20210106160302	54.1974
20210106160302	54.1974
20210106160302	54.1974
20210106160302	54.1974
20210106160302	54.1974
20210106160302	54.1974
20210106160302	54.1974
20210106160302	54.1974
20210106160302	54.1974
20210106160302	54.1974
20210106160302	54.1974
20210106160302	54.1974
20210106160302	54.1974
20210106160302	54.1974
20210106160302	54.1974
20210106160302	54.1974
20210106160302	54.1974
20210106160302	54.1974
20210106160302	54.1974
20210106160302	54.1974
20210106160302	54.1974
20210106160302	54.1974
20210106160302	54.1974
20210106160302	54.1974
20210106160302	54.1974
20210106160302	54.1974
20210106160302	54.1974
20210106160302	54.1974
20210106160302	54.1974
20210106160302	54.1974
20210106160302	54.1974
20210106160302	54.1974
20210106160302	54.1974
20210106160302	54.1974
20210106160302	54.1974
20210106160302	54.1974
20210106160302	54.1974
20210106160302	54.1974
20210106160302	54.1974
20210106160303	54.1974
20210106160303	54.1974
20210106160303	54.1974
20210106160303	54.1974
20210106160303	54.1974
20210106160303	54.1974
20210106160303	54.1974
20210106160303	54.1974
20210106160303	54.1974
20210106160303	54.1974
20210106160303	54.1173
20210106160303	54.1173
20210106160303	54.1173
20210106160303	54.1173
20210106160303	54.1173
20210106160303	54.1173
20210106160303	54.1173
20210106160303	54.1173
20210106160303	54.1173
20210106160303	54.1173
20210106160303	54.1173
20210106160303	54.1173
20210106160303	54.1173
20210106160303	54.1173
20210106160303	54.1173
20210106160303	54.1173
20210106160303	54.1173
20210106160303	54.1173
20210106160303	54.1173
20210106160303	54.1173
20210106160303	54.1173
20210106160303	54.1173
20210106160303	54.1173
20210106160303	54.1173
20210106160303	54.1173
20210106160304	54.1173
20210106160304	54.1173
20210106160304	54.1173
20210106160304	54.1173
20210106160304	54.1173
20210106160304	54.1173
20210106160304	54.1173
20210106160304	54.1173
20210106160304	54.1173
20210106160304	54.1173
20210106160304	54.1173
20210106160304	54.1173
20210106160304	54.1173
20210106160304	54.1173
20210106160304	54.1173
20210106160304	54.1173
20210106160304	54.1173
20210106160304	54.1173
20210106160304	54.1173
20210106160304	54.1173
20210106160304	54.1173
20210106160304	54.1173
20210106160304	54.1173
20210106160304	54.1173
20210106160304	54.0543
20210106160304	54.0543
20210106160304	54.0543
20210106160304	54.0543
20210106160304	54.0543
20210106160304	54.0543
20210106160304	54.0543
20210106160304	54.0543
20210106160304	54.0543
20210106160304	54.0543
20210106160304	54.0543
20210106160304	54.0543
20210106160304	54.0543
20210106160304	54.0543
20210106160304	54.0543
20210106160304	54.0543
20210106160304	54.0543
20210106160304	54.0543
20210106160304	54.0543
20210106160304	54.0543
20210106160304	54.0543
20210106160305	54.0543
20210106160305	54.0543
20210106160305	54.0543
20210106160305	54.0543
20210106160305	54.0543
20210106160305	54.0543
20210106160305	54.0543
20210106160305	54.0543
20210106160305	54.0543
20210106160305	54.0543
20210106160305	54.0543
20210106160305	54.0543
20210106160305	54.0543
20210106160305	54.0543
20210106160305	54.0543
20210106160305	54.0543
20210106160305	54.0543
20210106160305	54.0543
20210106160305	54.0543
20210106160305	54.0543
20210106160305	54.0543
20210106160305	54.0543
20210106160305	54.0543
20210106160305	54.0543
20210106160305	54.0543
20210106160305	54.0543
20210106160305	54.0543
20210106160305	54.0543
20210106160305	54.0543
20210106160305	54.0543
20210106160305	54.0543
20210106160305	54.0543
20210106160305	54.0543
20210106160305	54.0543
20210106160305	54.0543
20210106160305	54.0543
20210106160305	54.0543
20210106160305	54.0543
20210106160305	54.0543
20210106160305	54.0543
20210106160305	54.0543
20210106160305	54.0543
20210106160305	54.0543
20210106160305	54.0543
20210106160305	54.0543
20210106160305	54.0543
20210106160305	54.0543
20210106160305	54.0543
20210106160305	54.0543
20210106160305	54.0543
20210106160305	54.0543
20210106160305	54.0543
20210106160305	54.0543
20210106160305	54.0543
20210106160305	54.0543
20210106160305	54.0543
20210106160305	54.0543
20210106160305	54.0543
20210106160305	54.0543
20210106160305	54.0543
20210106160305	54.0543
20210106160305	54.0543
20210106160305	54.0543
20210106160305	54.0543
20210106160305	54.0543
20210106160305	54.0543
20210106160305	54.0543
20210106160305	54.0543
20210106160305	54.0543
20210106160305	54.0543
20210106160305	54.0543
20210106160305	54.0543
20210106160305	54.0543
20210106160305	54.0543
20210106160305	54.0543
20210106160305	54.0543
20210106160305	54.0543
20210106160305	54.0543
20210106160305	54.0543
20210106160305	54.0543
20210106160305	54.0543
20210106160305	54.0543
20210106160305	54.0543
20210106160305	54.0543
20210106160305	54.0543
20210106160305	54.0543
20210106160305	54.0543
20210106160305	54.0543
20210106160306	54.0543
20210106160306	54.0543
20210106160306	54.0543
20210106160306	54.0543
20210106160306	54.0543
20210106160306	54.0543
20210106160306	54.0543
20210106160306	54.0543
20210106160306	54.0543
20210106160306	54.0543
20210106160306	54.0543
20210106160306	54.0543
20210106160306	54.0543
20210106160306	54.0543
20210106160306	54.0543
20210106160306	54.0543
20210106160306	54.0543
20210106160306	54.0543
20210106160306	54.0543
20210106160306	54.0543
20210106160306	54.0543
20210106160306	54.0543
20210106160306	54.0543
20210106160306	54.0543
20210106160306	54.0543
20210106160306	54.0543
20210106160306	54.0543
20210106160306	54.0543
20210106160306	54.0543
20210106160306	54.0543
20210106160306	54.0543
20210106160306	54.0543
20210106160306	54.0543
20210106160306	54.0543
20210106160306	54.0543
20210106160306	54.0543
20210106160306	54.0543
20210106160306	54.0543
20210106160306	54.0543
20210106160306	54.0543
20210106160306	54.0543
20210106160306	54.0543
20210106160306	54.0543
20210106160306	54.0543
20210106160306	54.0543
20210106160306	54.0543
20210106160306	54.0543
20210106160306	54.0543
20210106160306	54.0543
20210106160306	54.0543
20210106160306	54.0543
20210106160306	54.0543
20210106160306	54.0543
20210106160306	54.0543
20210106160306	54.0543
20210106160306	54.0543
20210106160306	54.0543
20210106160306	54.0543
20210106160306	54.0543
20210106160306	54.0543
20210106160306	54.0543
20210106160306	54.0543
20210106160306	54.0543
20210106160306	54.0543
20210106160306	54.0543
20210106160306	54.0543
20210106160306	54.0543
20210106160306	54.0543
20210106160306	54.0543
20210106160306	54.0543
20210106160306	54.0543
20210106160306	54.0543
20210106160306	54.0543
20210106160306	54.0543
20210106160306	54.0543
20210106160306	54.0543
20210106160306	54.0543
20210106160306	54.0543
20210106160306	54.0543
20210106160306	54.0543
20210106160306	54.0543
20210106160306	54.0543
20210106160306	54.0543
20210106160306	54.0543
20210106160306	54.0543
20210106160306	54.0543
20210106160306	54.0543
