20210115145904	106
20210115145904	106
20210115145905	106
20210115145905	106
20210115145906	106
20210115145906	106
20210115145907	106
20210115145907	106
20210115145908	106
20210115145908	106
20210115145909	106
20210115145909	106
20210115145910	106
20210115145910	106
20210115145911	106
20210115145911	106
20210115145912	106
20210115145912	106
20210115145913	106
20210115145913	106
20210115145914	106
20210115145914	106
20210115145915	106
20210115145915	106
20210115145916	106
20210115145916	106
20210115145917	106
20210115145917	106
20210115145918	106
20210115145918	106
20210115145919	106
20210115145919	106
20210115145920	106
20210115145920	106
20210115145921	106
20210115145921	106
20210115145922	106
20210115145922	106
20210115145923	106
20210115145923	106
20210115145924	106
20210115145924	106
20210115145925	106
20210115145925	106
20210115145926	106
20210115145926	106
20210115145927	106
20210115145927	106
20210115145928	106
20210115145928	106
20210115145929	106
20210115145929	106
20210115145930	106
20210115145930	106
20210115145931	106
20210115145931	106
20210115145932	106
20210115145932	106
20210115145933	106
20210115145933	106
20210115145934	106
20210115145934	106
20210115145935	106
20210115145935	106
20210115145936	106
20210115145936	106
20210115145937	106
20210115145937	106
20210115145938	106
20210115145938	106
20210115145939	106
20210115145939	106
20210115145940	106
20210115145940	106
20210115145941	106
20210115145941	106
20210115145942	106
20210115145942	106
20210115145943	106
20210115145943	106
20210115145944	106
20210115145944	106
20210115145945	106
20210115145945	106
20210115145946	106
20210115145946	106
20210115145947	106
20210115145947	106
20210115145948	106
20210115145948	106
20210115145949	106
20210115145949	106
20210115145950	106
20210115145950	106
20210115145951	106
20210115145951	106
20210115145952	106
20210115145952	106
20210115145953	106
20210115145953	106
20210115145954	106
20210115145954	106
20210115145955	106
20210115145955	106
20210115145956	106
20210115145956	106
20210115145957	106
20210115145957	106
20210115145958	106
20210115145958	106
20210115145959	106
20210115145959	106
20210115150000	106
20210115150000	106
20210115150001	106
20210115150001	106
20210115150002	106
20210115150002	106
20210115150003	106
20210115150003	106
20210115150004	106
20210115150004	106
20210115150005	106
20210115150005	106
20210115150006	106
20210115150006	106
20210115150007	106
20210115150007	106
20210115150008	106
20210115150008	106
20210115150009	106
20210115150009	106
20210115150010	106
20210115150010	106
20210115150011	106
20210115150011	106
20210115150012	106
20210115150012	106
20210115150013	106
20210115150013	106
20210115150014	106
20210115150014	106
20210115150015	106
20210115150015	106
20210115150016	106
20210115150016	106
20210115150017	106
20210115150017	106
20210115150018	106
20210115150018	106
20210115150019	106
20210115150019	106
20210115150020	106
20210115150020	106
20210115150021	106
20210115150021	106
20210115150022	106
20210115150022	106
20210115150023	106
20210115150023	106
20210115150024	106
20210115150024	106
20210115150025	106
20210115150025	106
20210115150026	106
20210115150026	106
20210115150027	106
20210115150027	106
20210115150028	106
20210115150028	106
20210115150029	106
20210115150029	106
20210115150030	106
20210115150030	106
20210115150031	106
20210115150031	106
20210115150032	106
20210115150032	106
20210115150033	106
20210115150033	106
20210115150034	106
20210115150034	106
20210115150035	106
20210115150035	106
20210115150036	106
20210115150036	106
20210115150037	106
20210115150037	106
20210115150038	106
20210115150038	106
20210115150039	106
20210115150039	106
20210115150040	106
20210115150040	106
20210115150041	106
20210115150041	106
20210115150042	106
20210115150042	106
20210115150043	106
20210115150043	106
20210115150044	106
20210115150044	106
20210115150045	106
20210115150045	106
20210115150046	106
20210115150046	106
20210115150047	106
20210115150047	106
20210115150048	106
20210115150048	106
20210115150049	106
20210115150049	106
20210115150050	106
20210115150050	106
20210115150051	106
20210115150051	106
20210115150052	106
20210115150052	106
20210115150053	106
20210115150053	106
20210115150054	106
20210115150054	106
20210115150055	106
20210115150055	106
20210115150056	106
20210115150056	106
20210115150057	106
20210115150057	106
20210115150058	106
20210115150058	106
20210115150059	106
20210115150059	106
20210115150100	106
20210115150100	106
20210115150101	106
20210115150101	106
20210115150102	106
20210115150102	106
20210115150103	106
20210115150103	106
20210115150104	106
20210115150104	106
20210115150105	106
20210115150105	106
20210115150106	106
20210115150106	106
20210115150107	106
20210115150107	106
20210115150108	106
20210115150108	106
20210115150109	106
20210115150109	106
20210115150110	106
20210115150110	106
20210115150111	106
20210115150111	106
20210115150112	106
20210115150112	106
20210115150113	106
20210115150113	106
20210115150114	106
20210115150114	106
20210115150115	106
20210115150115	106
20210115150116	106
20210115150116	106
20210115150117	106
20210115150117	106
20210115150118	106
20210115150118	106
20210115150119	106
20210115150119	106
20210115150120	106
20210115150120	106
20210115150121	106
20210115150121	106
20210115150122	106
20210115150122	106
20210115150123	106
20210115150123	106
20210115150124	106
20210115150124	106
20210115150125	106
20210115150125	106
20210115150126	106
20210115150126	106
20210115150127	106
20210115150127	106
20210115150128	106
20210115150128	106
20210115150129	106
20210115150129	106
20210115150130	106
20210115150130	106
20210115150131	106
20210115150131	106
20210115150132	106
20210115150132	106
20210115150133	106
20210115150133	106
20210115150134	106
20210115150134	106
20210115150135	106
20210115150135	106
20210115150136	106
20210115150136	106
20210115150137	106
20210115150137	106
20210115150138	106
20210115150138	106
20210115150139	106
20210115150139	106
20210115150140	106
20210115150140	106
20210115150141	106
20210115150141	106
20210115150142	106
20210115150142	106
20210115150143	106
20210115150143	106
20210115150144	106
20210115150144	106
20210115150145	106
20210115150145	106
20210115150146	106
20210115150146	106
20210115150147	106
20210115150147	106
20210115150148	106
20210115150148	106
20210115150149	106
20210115150149	106
20210115150150	106
20210115150150	106
20210115150151	106
20210115150151	106
20210115150152	106
20210115150152	106
20210115150153	106
20210115150153	106
20210115150154	106
20210115150154	106
20210115150155	106
20210115150155	106
20210115150156	106
20210115150156	106
20210115150157	106
20210115150157	106
20210115150158	106
20210115150158	106
20210115150159	106
20210115150159	106
20210115150200	106
20210115150200	106
20210115150201	106
20210115150201	106
20210115150202	106
20210115150202	106
20210115150203	106
20210115150203	106
20210115150204	106
20210115150204	106
20210115150205	106
20210115150205	106
20210115150206	106
20210115150206	106
20210115150207	106
20210115150207	106
20210115150208	106
20210115150208	106
20210115150209	106
20210115150209	106
20210115150210	106
20210115150210	106
20210115150211	106
20210115150211	106
20210115150212	106
20210115150212	106
20210115150213	106
20210115150213	106
20210115150214	106
20210115150214	106
20210115150215	106
20210115150215	106
20210115150216	106
20210115150216	106
20210115150217	106
20210115150217	106
20210115150218	106
20210115150218	106
20210115150219	106
20210115150219	106
20210115150220	106
20210115150220	106
20210115150221	106
20210115150221	106
20210115150222	106
20210115150222	106
20210115150223	106
20210115150223	106
20210115150224	106
20210115150224	106
20210115150225	106
20210115150225	106
20210115150226	106
20210115150226	106
20210115150227	106
20210115150227	106
20210115150228	106
20210115150228	106
20210115150229	106
20210115150229	106
20210115150230	106
20210115150230	106
20210115150231	106
20210115150231	106
20210115150232	106
20210115150232	106
20210115150233	106
20210115150233	106
20210115150234	106
20210115150234	106
20210115150235	106
20210115150235	106
20210115150236	106
20210115150236	106
20210115150237	106
20210115150237	106
20210115150238	106
20210115150238	106
20210115150239	106
20210115150239	106
20210115150240	106
20210115150240	106
20210115150241	106
20210115150241	106
20210115150242	106
20210115150242	106
20210115150243	106
20210115150243	106
20210115150244	106
20210115150244	106
20210115150245	106
20210115150245	106
20210115150246	106
20210115150246	106
20210115150247	106
20210115150247	106
20210115150248	106
20210115150248	106
20210115150249	106
20210115150249	106
20210115150250	106
20210115150250	106
20210115150251	106
20210115150251	106
20210115150252	106
20210115150252	106
20210115150253	106
20210115150253	106
20210115150254	106
20210115150254	106
20210115150255	106
20210115150255	106
20210115150256	106
20210115150256	106
20210115150257	106
20210115150257	106
20210115150258	106
20210115150258	106
20210115150259	106
20210115150259	106
20210115150300	106
20210115150300	106
20210115150301	106
20210115150301	106
20210115150302	106
20210115150302	106
20210115150303	106
20210115150303	106
20210115150304	106
20210115150304	106
20210115150305	106
20210115150305	106
20210115150306	106
20210115150306	106
20210115150307	106
20210115150307	106
20210115150308	106
20210115150308	106
20210115150309	106
20210115150309	106
20210115150310	106
20210115150310	106
20210115150311	106
20210115150311	106
20210115150312	106
20210115150312	106
20210115150313	106
20210115150313	106
20210115150314	106
