20210104222753	594
20210104222753	594
20210104222754	594
20210104222754	594
20210104222755	594
20210104222755	594
20210104222756	594
20210104222756	594
20210104222757	594
20210104222757	594
20210104222758	594
20210104222758	594
20210104222759	594
20210104222759	594
20210104222800	594
20210104222800	594
20210104222801	594
20210104222801	594
20210104222802	594
20210104222802	594
20210104222803	594
20210104222803	594
20210104222804	594
20210104222804	594
20210104222805	594
20210104222805	594
20210104222806	594
20210104222806	594
20210104222807	594
20210104222807	594
20210104222808	594
20210104222808	594
20210104222809	594
20210104222809	594
20210104222810	594
20210104222810	594
20210104222811	594
20210104222811	594
20210104222812	594
20210104222812	594
20210104222813	594
20210104222813	594
20210104222814	594
20210104222814	594
20210104222815	594
20210104222815	594
20210104222816	594
20210104222816	594
20210104222817	594
20210104222817	594
20210104222818	594
20210104222818	594
20210104222819	594
20210104222819	594
20210104222820	594
20210104222820	594
20210104222821	594
20210104222821	594
20210104222822	594
20210104222822	594
20210104222823	594
20210104222823	594
20210104222824	594
20210104222824	594
20210104222825	594
20210104222825	594
20210104222826	594
20210104222826	594
20210104222827	594
20210104222827	594
20210104222828	594
20210104222828	594
20210104222829	594
20210104222829	594
20210104222830	594
20210104222830	594
20210104222831	594
20210104222831	594
20210104222832	594
20210104222832	594
20210104222833	594
20210104222833	594
20210104222834	594
20210104222834	594
20210104222835	594
20210104222835	594
20210104222836	594
20210104222836	594
20210104222837	594
20210104222837	594
20210104222838	594
20210104222838	594
20210104222839	594
20210104222839	594
20210104222840	594
20210104222840	594
20210104222841	594
20210104222841	594
20210104222842	594
20210104222842	594
20210104222843	594
20210104222843	594
20210104222844	594
20210104222844	594
20210104222845	594
20210104222845	594
20210104222846	594
20210104222846	594
20210104222847	594
20210104222847	594
20210104222848	594
20210104222848	594
20210104222849	594
20210104222849	594
20210104222850	594
20210104222850	594
20210104222851	594
20210104222851	594
20210104222852	594
20210104222852	594
20210104222853	594
20210104222853	594
20210104222854	594
20210104222854	594
20210104222855	594
20210104222855	594
20210104222856	594
20210104222856	594
20210104222857	594
20210104222857	594
20210104222858	594
20210104222858	594
20210104222859	594
20210104222859	594
20210104222900	594
20210104222900	594
20210104222901	594
20210104222901	594
20210104222902	594
20210104222902	594
20210104222903	594
20210104222903	594
20210104222904	594
20210104222904	594
20210104222905	594
20210104222905	594
20210104222906	594
20210104222906	594
20210104222907	594
20210104222907	594
20210104222908	594
20210104222908	594
20210104222909	594
20210104222909	594
20210104222910	594
20210104222910	594
20210104222911	594
20210104222911	594
20210104222912	594
