20210104211711	-4.41084
20210104211711	-13.9872
20210104211711	-4.41084
20210104211711	-4.41084
20210104211712	-4.41084
20210104211712	-4.41084
20210104211712	-4.41084
20210104211712	-13.9872
20210104211712	-4.41084
20210104211712	-4.41084
20210104211712	-4.41084
20210104211712	-4.41084
20210104211712	-4.41084
20210104211712	-4.41084
20210104211712	-4.41084
20210104211712	-4.41084
20210104211712	-4.41084
20210104211712	-4.41084
20210104211712	-4.41084
20210104211712	-4.41084
20210104211712	-4.41084
20210104211712	-13.9872
20210104211712	-4.41084
20210104211712	-13.9872
20210104211712	-4.41084
20210104211712	-4.41084
20210104211712	-4.41084
20210104211712	-4.41084
20210104211712	-4.41084
20210104211712	-4.41084
20210104211712	-4.41084
20210104211712	-4.41084
20210104211712	-4.41084
20210104211712	-4.41084
20210104211712	-4.41084
20210104211712	-13.9872
20210104211712	-4.41084
20210104211712	-4.41084
20210104211712	-4.41084
20210104211713	-13.9872
20210104211713	-4.41084
20210104211713	-4.41084
20210104211713	-4.41084
20210104211713	-4.41084
20210104211713	-4.41084
20210104211713	-4.41084
20210104211713	-4.41084
20210104211713	-13.9872
20210104211713	2.44197
20210104211713	-8.46931
20210104211713	2.44197
20210104211713	2.44197
20210104211713	2.44197
20210104211713	-8.46931
20210104211713	2.44197
20210104211713	2.44197
20210104211713	2.44197
20210104211713	2.44197
20210104211713	2.44197
20210104211713	2.44197
20210104211713	2.44197
20210104211713	2.44197
20210104211713	2.44197
20210104211713	2.44197
20210104211713	2.44197
20210104211713	2.44197
20210104211713	2.44197
20210104211713	2.44197
20210104211713	2.44197
20210104211713	-8.46931
20210104211713	2.44197
20210104211713	2.44197
20210104211713	2.44197
20210104211714	2.44197
20210104211714	2.44197
20210104211714	2.44197
20210104211714	2.44197
20210104211714	-8.46931
20210104211714	2.44197
20210104211714	2.44197
20210104211714	2.44197
20210104211714	2.44197
20210104211714	2.44197
20210104211714	2.44197
20210104211714	2.44197
20210104211714	-8.46931
20210104211714	2.44197
20210104211714	-8.46931
20210104211714	2.44197
20210104211714	-8.46931
20210104211714	2.44197
20210104211714	2.44197
20210104211714	2.44197
20210104211714	2.44197
20210104211714	2.44197
20210104211714	2.44197
20210104211714	2.44197
20210104211714	2.44197
20210104211714	9.23065
20210104211714	-2.21113
20210104211714	9.23065
20210104211714	9.23065
20210104211714	9.23065
20210104211714	-2.21113
20210104211714	9.23065
20210104211714	-2.21113
20210104211714	9.23065
20210104211714	9.23065
20210104211714	9.23065
20210104211714	-2.21113
20210104211714	9.23065
20210104211714	9.23065
20210104211714	9.23065
20210104211714	9.23065
20210104211714	9.23065
20210104211714	-2.21113
20210104211714	9.23065
20210104211714	-2.21113
20210104211715	9.23065
20210104211715	-2.21113
20210104211715	9.23065
20210104211715	-2.21113
20210104211715	9.23065
20210104211715	9.23065
20210104211715	9.23065
20210104211715	-2.21113
20210104211715	9.23065
20210104211715	9.23065
20210104211715	9.23065
20210104211715	9.23065
20210104211715	9.23065
20210104211715	9.23065
20210104211715	9.23065
20210104211715	-2.21113
20210104211715	9.23065
20210104211715	-2.21113
20210104211715	9.23065
20210104211715	9.23065
20210104211715	9.23065
20210104211715	-2.21113
20210104211715	9.23065
20210104211715	9.23065
20210104211715	9.23065
20210104211715	9.23065
20210104211715	9.23065
20210104211715	9.23065
20210104211715	9.23065
20210104211715	-2.21113
20210104211715	15.9274
20210104211715	4.21354
20210104211715	15.9274
20210104211715	15.9274
20210104211715	15.9274
20210104211715	15.9274
20210104211715	15.9274
20210104211715	4.21354
20210104211715	15.9274
20210104211715	15.9274
20210104211715	15.9274
20210104211715	15.9274
20210104211715	15.9274
20210104211715	15.9274
20210104211715	15.9274
20210104211715	15.9274
20210104211715	15.9274
20210104211715	15.9274
20210104211715	15.9274
20210104211715	15.9274
20210104211715	15.9274
20210104211715	15.9274
20210104211715	15.9274
20210104211716	15.9274
20210104211716	15.9274
20210104211716	15.9274
20210104211716	15.9274
20210104211716	15.9274
20210104211716	15.9274
20210104211716	4.21354
20210104211716	15.9274
20210104211716	15.9274
20210104211716	15.9274
20210104211716	4.21354
20210104211716	15.9274
20210104211716	4.21354
20210104211716	15.9274
20210104211716	4.21354
20210104211716	15.9274
20210104211716	15.9274
20210104211716	15.9274
20210104211716	15.9274
20210104211716	15.9274
20210104211716	15.9274
20210104211716	15.9274
20210104211716	4.21354
20210104211716	15.9274
20210104211716	15.9274
20210104211716	15.9274
20210104211716	15.9274
20210104211716	15.9274
20210104211716	23.1431
20210104211716	23.1431
20210104211716	23.1431
20210104211716	23.1431
20210104211716	11.7797
20210104211716	23.1431
20210104211716	23.1431
20210104211716	23.1431
20210104211716	11.7797
20210104211716	23.1431
20210104211716	11.7797
20210104211716	23.1431
20210104211716	23.1431
20210104211716	23.1431
20210104211716	23.1431
20210104211716	23.1431
20210104211716	23.1431
20210104211716	23.1431
20210104211716	23.1431
20210104211716	23.1431
20210104211717	23.1431
20210104211717	23.1431
20210104211717	23.1431
20210104211717	23.1431
20210104211717	23.1431
20210104211717	23.1431
20210104211717	23.1431
20210104211717	23.1431
20210104211717	11.7797
20210104211717	23.1431
20210104211717	11.7797
20210104211717	23.1431
20210104211717	11.7797
20210104211717	23.1431
20210104211717	23.1431
20210104211717	23.1431
20210104211717	23.1431
20210104211717	23.1431
20210104211717	11.7797
20210104211717	23.1431
20210104211717	23.1431
20210104211717	23.1431
20210104211717	23.1431
20210104211717	23.1431
20210104211717	11.7797
20210104211717	23.1431
20210104211717	23.1431
20210104211717	23.1431
20210104211717	23.1431
20210104211717	30.7713
20210104211717	30.7713
20210104211717	30.7713
20210104211718	30.7713
20210104211718	30.7713
20210104211718	30.7713
20210104211718	30.7713
20210104211718	19.8601
20210104211718	30.7713
20210104211718	19.8601
20210104211718	30.7713
20210104211718	19.8601
20210104211718	30.7713
20210104211718	19.8601
20210104211718	30.7713
20210104211718	30.7713
20210104211718	30.7713
20210104211718	30.7713
20210104211718	30.7713
20210104211718	19.8601
20210104211718	30.7713
20210104211718	30.7713
20210104211718	30.7713
20210104211718	30.7713
20210104211718	30.7713
20210104211718	30.7713
20210104211718	30.7713
20210104211718	30.7713
20210104211718	30.7713
20210104211718	30.7713
20210104211718	30.7713
20210104211718	30.7713
20210104211718	30.7713
20210104211718	30.7713
20210104211718	30.7713
20210104211718	30.7713
20210104211718	30.7713
20210104211718	19.8601
20210104211718	30.7713
20210104211718	19.8601
20210104211718	30.7713
20210104211718	30.7713
20210104211719	30.7713
20210104211719	30.7713
20210104211719	30.7713
20210104211719	30.7713
20210104211719	30.7713
20210104211719	19.8601
20210104211719	30.7713
20210104211719	30.7713
20210104211719	38.221
20210104211719	38.221
20210104211719	38.221
20210104211719	38.221
20210104211719	38.221
20210104211719	38.221
20210104211719	38.221
20210104211719	38.221
20210104211719	38.221
20210104211719	38.221
20210104211719	38.221
20210104211719	38.221
20210104211719	38.221
20210104211719	27.5183
20210104211719	38.221
20210104211719	38.221
20210104211719	38.221
20210104211719	38.221
20210104211719	38.221
20210104211719	38.221
20210104211719	38.221
20210104211719	27.5183
20210104211719	38.221
20210104211719	38.221
20210104211719	38.221
20210104211719	38.221
20210104211719	38.221
20210104211719	38.221
20210104211719	38.221
20210104211719	38.221
20210104211719	38.221
20210104211719	27.5183
20210104211719	38.221
20210104211719	27.5183
20210104211719	38.221
20210104211720	38.221
20210104211720	38.221
20210104211720	27.5183
20210104211720	38.221
20210104211720	27.5183
20210104211720	38.221
20210104211720	38.221
20210104211720	38.221
20210104211720	38.221
20210104211720	38.221
20210104211720	38.221
20210104211720	38.221
20210104211720	27.5183
20210104211720	38.221
20210104211720	27.5183
20210104211720	45.806
20210104211720	45.806
20210104211720	45.806
20210104211720	34.9971
20210104211720	45.806
20210104211720	45.806
20210104211720	45.806
20210104211720	34.9971
20210104211720	45.806
20210104211720	45.806
20210104211720	45.806
20210104211720	45.806
20210104211720	45.806
20210104211720	34.9971
20210104211720	45.806
20210104211720	45.806
20210104211720	45.806
20210104211720	45.806
20210104211720	45.806
20210104211720	45.806
20210104211720	45.806
20210104211720	45.806
20210104211720	45.806
20210104211720	45.806
20210104211720	45.806
20210104211720	34.9971
20210104211720	45.806
20210104211720	34.9971
20210104211720	45.806
20210104211720	34.9971
20210104211720	45.806
20210104211720	34.9971
20210104211720	45.806
20210104211720	45.806
20210104211721	45.806
20210104211721	45.806
20210104211721	45.806
20210104211721	45.806
20210104211721	45.806
20210104211721	34.9971
20210104211721	45.806
20210104211721	45.806
20210104211721	45.806
20210104211721	34.9971
20210104211721	45.806
20210104211721	34.9971
20210104211721	45.806
20210104211721	34.9971
20210104211721	45.806
20210104211721	34.9971
20210104211721	54.0821
20210104211721	54.0821
20210104211721	54.0821
20210104211721	54.0821
20210104211721	54.0821
20210104211721	43.8428
20210104211721	54.0821
20210104211721	54.0821
20210104211721	54.0821
20210104211721	54.0821
20210104211721	54.0821
20210104211721	54.0821
20210104211721	54.0821
20210104211721	43.8428
20210104211721	54.0821
20210104211721	54.0821
20210104211721	54.0821
20210104211721	43.8428
20210104211721	54.0821
20210104211721	54.0821
20210104211721	54.0821
20210104211721	43.8428
20210104211721	54.0821
20210104211722	43.8428
20210104211722	54.0821
20210104211722	54.0821
20210104211722	54.0821
20210104211722	54.0821
20210104211722	54.0821
20210104211722	54.0821
20210104211722	54.0821
20210104211722	43.8428
20210104211722	54.0821
20210104211722	54.0821
20210104211722	54.0821
20210104211722	54.0821
20210104211722	54.0821
20210104211722	54.0821
20210104211722	54.0821
20210104211722	54.0821
20210104211722	54.0821
20210104211722	54.0821
20210104211722	54.0821
20210104211722	54.0821
20210104211722	54.0821
20210104211722	54.0821
20210104211722	54.0821
20210104211722	54.0821
20210104211722	54.0821
20210104211722	54.0821
20210104211722	62.9734
20210104211722	53.5403
20210104211722	62.9734
20210104211722	62.9734
20210104211722	62.9734
20210104211722	53.5403
20210104211722	62.9734
20210104211722	53.5403
20210104211722	62.9734
20210104211722	62.9734
20210104211722	62.9734
20210104211722	62.9734
20210104211722	62.9734
20210104211722	62.9734
20210104211722	62.9734
20210104211722	62.9734
20210104211722	62.9734
20210104211722	62.9734
20210104211722	62.9734
20210104211722	62.9734
20210104211722	62.9734
20210104211722	62.9734
20210104211722	62.9734
20210104211723	62.9734
20210104211723	62.9734
20210104211723	62.9734
20210104211723	62.9734
20210104211723	62.9734
20210104211723	62.9734
20210104211723	62.9734
20210104211723	62.9734
20210104211723	62.9734
20210104211723	62.9734
20210104211723	53.5403
20210104211723	62.9734
20210104211723	62.9734
20210104211723	62.9734
20210104211723	62.9734
20210104211723	62.9734
20210104211723	53.5403
20210104211723	62.9734
20210104211723	62.9734
20210104211723	62.9734
20210104211723	62.9734
20210104211723	62.9734
20210104211723	53.5403
20210104211723	62.9734
20210104211723	62.9734
20210104211723	62.9734
20210104211723	62.9734
20210104211723	70.6027
20210104211723	70.6027
20210104211723	70.6027
20210104211723	70.6027
20210104211723	70.6027
20210104211723	70.6027
20210104211723	70.6027
20210104211723	70.6027
20210104211723	70.6027
20210104211723	60.8866
20210104211723	70.6027
20210104211723	60.8866
20210104211723	70.6027
20210104211723	60.8866
20210104211723	70.6027
20210104211723	70.6027
20210104211724	70.6027
20210104211724	60.8866
20210104211724	70.6027
20210104211724	70.6027
20210104211724	70.6027
20210104211724	70.6027
20210104211724	70.6027
20210104211724	60.8866
20210104211724	70.6027
20210104211724	60.8866
20210104211724	70.6027
20210104211724	70.6027
20210104211724	70.6027
20210104211724	70.6027
20210104211724	70.6027
20210104211724	60.8866
20210104211724	70.6027
20210104211724	70.6027
20210104211724	70.6027
20210104211724	60.8866
20210104211724	70.6027
20210104211724	60.8866
20210104211724	70.6027
20210104211724	70.6027
20210104211724	70.6027
20210104211724	60.8866
20210104211724	70.6027
20210104211724	70.6027
20210104211724	70.6027
20210104211724	60.8866
20210104211724	70.6027
20210104211724	70.6027
20210104211724	70.6027
20210104211724	70.6027
20210104211724	78.6298
20210104211724	68.7774
20210104211724	78.6298
20210104211724	78.6298
20210104211724	78.6298
20210104211724	78.6298
20210104211724	78.6298
20210104211724	78.6298
20210104211724	78.6298
20210104211724	78.6298
20210104211724	78.6298
20210104211724	68.7774
20210104211724	78.6298
20210104211724	78.6298
20210104211724	78.6298
20210104211724	68.7774
20210104211724	78.6298
20210104211725	78.6298
20210104211725	78.6298
20210104211725	68.7774
20210104211725	78.6298
20210104211725	68.7774
20210104211725	78.6298
20210104211725	78.6298
20210104211725	78.6298
20210104211725	78.6298
20210104211725	78.6298
20210104211725	78.6298
20210104211725	78.6298
20210104211725	68.7774
20210104211725	78.6298
20210104211725	78.6298
20210104211725	78.6298
20210104211725	68.7774
20210104211725	78.6298
20210104211725	78.6298
20210104211725	78.6298
20210104211725	78.6298
20210104211725	78.6298
20210104211725	68.7774
20210104211725	78.6298
20210104211725	78.6298
20210104211725	78.6298
20210104211725	78.6298
20210104211725	78.6298
20210104211725	68.7774
20210104211725	78.6298
20210104211725	78.6298
20210104211725	78.6298
20210104211725	78.6298
20210104211725	86.8238
20210104211725	86.8238
20210104211725	86.8238
20210104211725	86.8238
20210104211725	86.8238
20210104211725	77.1076
20210104211725	86.8238
20210104211725	77.1076
20210104211725	86.8238
20210104211725	77.1076
20210104211725	86.8238
20210104211725	86.8238
20210104211725	86.8238
20210104211725	86.8238
20210104211725	86.8238
20210104211725	77.1076
20210104211725	86.8238
20210104211726	77.1076
20210104211726	86.8238
20210104211726	77.1076
20210104211726	86.8238
20210104211726	77.1076
20210104211726	86.8238
20210104211726	86.8238
20210104211726	86.8238
20210104211726	86.8238
20210104211726	86.8238
20210104211726	86.8238
20210104211726	77.1076
20210104211726	86.8238
20210104211726	86.8238
20210104211726	86.8238
20210104211726	86.8238
20210104211726	86.8238
20210104211726	86.8238
20210104211726	77.1076
20210104211726	86.8238
20210104211726	77.1076
20210104211726	86.8238
20210104211726	86.8238
20210104211726	86.8238
20210104211726	86.8238
20210104211726	86.8238
20210104211726	86.8238
20210104211726	86.8238
20210104211726	86.8238
20210104211726	86.8238
20210104211726	86.8238
20210104211726	86.8238
20210104211726	86.8238
20210104211726	95.2742
20210104211726	95.2742
20210104211726	95.2742
20210104211726	86.1382
20210104211726	95.2742
20210104211726	95.2742
20210104211726	95.2742
20210104211726	95.2742
20210104211726	95.2742
20210104211726	95.2742
20210104211726	95.2742
20210104211726	86.1382
20210104211726	95.2742
20210104211727	95.2742
20210104211727	95.2742
20210104211727	95.2742
20210104211727	95.2742
20210104211727	86.1382
20210104211727	95.2742
20210104211727	86.1382
20210104211727	95.2742
20210104211727	95.2742
20210104211727	95.2742
20210104211727	95.2742
20210104211727	95.2742
20210104211727	95.2742
20210104211727	95.2742
20210104211727	95.2742
20210104211727	95.2742
20210104211727	95.2742
20210104211727	95.2742
20210104211727	95.2742
20210104211727	95.2742
20210104211727	95.2742
20210104211727	95.2742
20210104211727	86.1382
20210104211727	95.2742
20210104211727	95.2742
20210104211727	95.2742
20210104211727	86.1382
20210104211727	95.2742
20210104211727	95.2742
20210104211727	95.2742
20210104211727	86.1382
20210104211727	95.2742
20210104211727	95.2742
20210104211727	95.2742
20210104211727	95.2742
20210104211727	95.2742
20210104211727	86.1382
20210104211727	102.793
20210104211727	102.793
20210104211727	102.793
20210104211727	102.793
20210104211727	102.793
20210104211727	93.5069
20210104211728	102.793
20210104211728	102.793
20210104211728	102.793
20210104211728	102.793
20210104211728	102.793
20210104211728	102.793
20210104211728	102.793
20210104211728	102.793
20210104211728	102.793
20210104211728	93.5069
20210104211728	102.793
20210104211728	93.5069
20210104211728	102.793
20210104211728	102.793
20210104211728	102.793
20210104211728	93.5069
20210104211728	102.793
20210104211728	93.5069
20210104211728	102.793
20210104211728	102.793
20210104211728	102.793
20210104211728	93.5069
20210104211728	102.793
20210104211728	93.5069
20210104211728	102.793
20210104211728	93.5069
20210104211728	102.793
20210104211728	93.5069
20210104211728	102.793
20210104211728	93.5069
20210104211728	102.793
20210104211728	102.793
20210104211728	102.793
20210104211728	93.5069
20210104211728	102.793
20210104211728	93.5069
20210104211728	102.793
20210104211728	102.793
20210104211728	102.793
20210104211728	93.5069
20210104211728	102.793
20210104211728	102.793
20210104211728	102.793
20210104211728	102.793
20210104211728	110.819
20210104211728	110.819
20210104211728	110.819
20210104211728	101.103
20210104211728	110.819
20210104211728	110.819
20210104211728	110.819
20210104211728	110.819
20210104211729	110.819
20210104211729	110.819
20210104211729	110.819
20210104211729	110.819
20210104211729	110.819
20210104211729	110.819
20210104211729	110.819
20210104211729	110.819
20210104211729	110.819
20210104211729	101.103
20210104211729	110.819
20210104211729	110.819
20210104211729	110.819
20210104211729	110.819
20210104211729	110.819
20210104211729	110.819
20210104211729	110.819
20210104211729	101.103
20210104211729	110.819
20210104211729	101.103
20210104211729	110.819
20210104211729	110.819
20210104211729	110.819
20210104211729	101.103
20210104211729	110.819
20210104211729	101.103
20210104211729	110.819
20210104211729	101.103
20210104211729	110.819
20210104211729	110.819
20210104211729	110.819
20210104211729	110.819
20210104211729	110.819
20210104211729	110.819
20210104211729	110.819
20210104211729	110.819
20210104211729	110.819
20210104211729	110.819
20210104211729	110.819
20210104211729	101.103
20210104211729	110.819
20210104211730	110.819
20210104211730	119.531
20210104211730	119.531
20210104211730	119.531
20210104211730	119.531
20210104211730	119.531
20210104211730	119.531
20210104211730	119.531
20210104211730	110.548
20210104211730	119.531
20210104211730	119.531
20210104211730	119.531
20210104211730	119.531
20210104211730	119.531
20210104211730	119.531
20210104211730	119.531
20210104211730	119.531
20210104211730	119.531
20210104211730	119.531
20210104211730	119.531
20210104211730	119.531
20210104211730	119.531
20210104211730	110.548
20210104211730	119.531
20210104211730	119.531
20210104211730	119.531
20210104211730	119.531
20210104211730	119.531
20210104211730	119.531
20210104211730	119.531
20210104211730	110.548
20210104211730	119.531
20210104211730	110.548
20210104211730	119.531
20210104211730	119.531
20210104211730	119.531
20210104211730	110.548
20210104211730	119.531
20210104211730	119.531
20210104211730	119.531
20210104211730	110.548
20210104211730	119.531
20210104211730	110.548
20210104211730	119.531
20210104211731	119.531
20210104211731	119.531
20210104211731	119.531
20210104211731	119.531
20210104211731	119.531
20210104211731	119.531
20210104211731	119.531
20210104211731	127.461
20210104211731	127.461
20210104211731	127.461
20210104211731	127.461
20210104211731	127.461
20210104211731	118.636
20210104211731	127.461
20210104211731	127.461
20210104211731	127.461
20210104211731	118.636
20210104211731	127.461
20210104211731	127.461
20210104211731	118.636
20210104211731	127.461
20210104211731	127.461
20210104211731	118.636
20210104211731	127.461
20210104211731	127.461
20210104211731	127.461
20210104211731	118.636
20210104211731	127.461
20210104211731	127.461
20210104211731	127.461
20210104211731	127.461
20210104211731	127.461
20210104211731	127.461
20210104211731	127.461
20210104211731	127.461
20210104211731	127.461
20210104211731	118.636
20210104211731	127.461
20210104211731	127.461
20210104211731	127.461
20210104211731	118.636
20210104211731	127.461
20210104211731	127.461
20210104211731	127.461
20210104211731	127.461
20210104211731	127.461
20210104211731	118.636
20210104211731	127.461
20210104211731	127.461
20210104211731	127.461
20210104211731	118.636
20210104211731	127.461
20210104211731	118.636
20210104211732	127.461
20210104211732	127.461
20210104211732	127.461
20210104211732	127.461
20210104211732	135.092
20210104211732	125.806
20210104211732	135.092
20210104211732	135.092
20210104211732	135.092
20210104211732	135.092
20210104211732	135.092
20210104211732	135.092
20210104211732	135.092
20210104211732	135.092
20210104211732	135.092
20210104211732	135.092
20210104211732	135.092
20210104211732	125.806
20210104211732	135.092
20210104211732	125.806
20210104211732	135.092
20210104211732	135.092
20210104211732	135.092
20210104211732	125.806
20210104211732	135.092
20210104211732	135.092
20210104211732	135.092
20210104211732	125.806
20210104211732	135.092
20210104211732	135.092
20210104211732	135.092
20210104211732	135.092
20210104211732	135.092
20210104211732	125.806
20210104211732	135.092
20210104211732	135.092
20210104211732	135.092
20210104211732	125.806
20210104211732	135.092
20210104211732	135.092
20210104211732	135.092
20210104211732	125.806
20210104211732	135.092
20210104211732	135.092
20210104211732	135.092
20210104211732	135.092
20210104211733	135.092
20210104211733	135.092
20210104211733	135.092
20210104211733	125.806
20210104211733	135.092
20210104211733	125.806
20210104211733	135.092
20210104211733	125.806
20210104211733	144.24
20210104211733	144.24
20210104211733	144.24
20210104211733	144.24
20210104211733	144.24
20210104211733	144.24
20210104211733	144.24
20210104211733	144.24
20210104211733	144.24
20210104211733	144.24
20210104211733	144.24
20210104211733	135.258
20210104211733	144.24
20210104211733	135.258
20210104211733	144.24
20210104211733	144.24
20210104211733	144.24
20210104211733	135.258
20210104211733	144.24
20210104211733	144.24
20210104211733	144.24
20210104211733	144.24
20210104211733	144.24
20210104211733	144.24
20210104211733	144.24
20210104211733	144.24
20210104211733	144.24
20210104211733	144.24
20210104211733	144.24
20210104211733	144.24
20210104211733	144.24
20210104211733	144.24
20210104211733	144.24
20210104211733	144.24
20210104211733	144.24
20210104211733	144.24
20210104211733	144.24
20210104211733	144.24
20210104211733	144.24
20210104211733	135.258
20210104211733	144.24
20210104211733	144.24
20210104211734	144.24
20210104211734	144.24
20210104211734	144.24
20210104211734	144.24
20210104211734	144.24
20210104211734	144.24
20210104211734	144.24
20210104211734	135.258
20210104211734	153.274
20210104211734	145.109
20210104211734	153.274
20210104211734	153.274
20210104211734	153.274
20210104211734	153.274
20210104211734	153.274
20210104211734	153.274
20210104211734	153.274
20210104211734	145.109
20210104211734	153.274
20210104211734	153.274
20210104211734	153.274
20210104211734	145.109
20210104211734	153.274
20210104211734	145.109
20210104211734	153.274
20210104211734	145.109
20210104211734	153.274
20210104211734	145.109
20210104211734	153.274
20210104211734	153.274
20210104211734	153.274
20210104211734	153.274
20210104211734	153.274
20210104211734	153.274
20210104211734	153.274
20210104211734	145.109
20210104211734	153.274
20210104211734	153.274
20210104211734	153.274
20210104211734	153.274
20210104211734	153.274
20210104211734	153.274
20210104211735	153.274
20210104211735	153.274
20210104211735	153.274
20210104211735	153.274
20210104211735	153.274
20210104211735	153.274
20210104211735	153.274
20210104211735	153.274
20210104211735	153.274
20210104211735	153.274
20210104211735	153.274
20210104211735	145.109
20210104211735	153.274
20210104211735	153.274
20210104211735	153.274
20210104211735	145.109
20210104211735	161.258
20210104211735	153.266
20210104211735	161.258
20210104211735	161.258
20210104211735	161.258
20210104211735	153.266
20210104211735	161.258
20210104211735	161.258
20210104211735	161.258
20210104211735	161.258
20210104211735	161.258
20210104211735	161.258
20210104211735	161.258
20210104211735	153.266
20210104211735	161.258
20210104211735	161.258
20210104211735	161.258
20210104211735	161.258
20210104211735	161.258
20210104211735	153.266
20210104211735	161.258
20210104211735	161.258
20210104211735	161.258
20210104211735	161.258
20210104211735	161.258
20210104211735	161.258
20210104211735	161.258
20210104211735	161.258
20210104211735	161.258
20210104211735	161.258
20210104211735	161.258
20210104211735	161.258
20210104211736	161.258
20210104211736	161.258
20210104211736	161.258
20210104211736	161.258
20210104211736	161.258
20210104211736	161.258
20210104211736	161.258
20210104211736	161.258
20210104211736	161.258
20210104211736	161.258
20210104211736	161.258
20210104211736	161.258
20210104211736	161.258
20210104211736	153.266
20210104211736	161.258
20210104211736	153.266
20210104211736	161.258
20210104211736	161.258
20210104211736	167.956
20210104211736	167.956
20210104211736	167.956
20210104211736	167.956
20210104211736	167.956
20210104211736	167.956
20210104211736	167.956
20210104211736	167.956
20210104211736	167.956
20210104211736	167.956
20210104211736	167.956
20210104211736	159.131
20210104211736	167.956
20210104211736	159.131
20210104211736	167.956
20210104211736	167.956
20210104211736	167.956
20210104211736	167.956
20210104211736	167.956
20210104211736	167.956
20210104211736	167.956
20210104211736	167.956
20210104211736	167.956
20210104211736	167.956
20210104211736	167.956
20210104211736	159.131
20210104211736	167.956
20210104211736	159.131
20210104211736	167.956
20210104211736	167.956
20210104211736	167.956
20210104211736	167.956
20210104211736	167.956
20210104211736	167.956
20210104211736	167.956
20210104211736	167.956
20210104211736	167.956
20210104211737	167.956
20210104211737	167.956
20210104211737	167.956
20210104211737	167.956
20210104211737	167.956
20210104211737	167.956
20210104211737	159.131
20210104211737	167.956
20210104211737	167.956
20210104211737	167.956
20210104211737	167.956
20210104211737	167.956
20210104211737	167.956
20210104211737	175.765
20210104211737	175.765
20210104211737	175.765
20210104211737	175.765
20210104211737	175.765
20210104211737	175.765
20210104211737	175.765
20210104211737	166.479
20210104211737	175.765
20210104211737	175.765
20210104211737	175.765
20210104211737	166.479
20210104211737	175.765
20210104211737	175.765
20210104211737	175.765
20210104211737	175.765
20210104211737	175.765
20210104211737	175.765
20210104211737	175.765
20210104211737	175.765
20210104211737	175.765
20210104211737	175.765
20210104211737	175.765
20210104211737	175.765
20210104211737	175.765
20210104211737	175.765
20210104211737	175.765
20210104211737	175.765
20210104211737	175.765
20210104211737	175.765
20210104211737	175.765
20210104211737	175.765
20210104211737	175.765
20210104211737	175.765
20210104211737	175.765
20210104211737	166.479
20210104211737	175.765
20210104211737	175.765
20210104211737	175.765
20210104211737	175.765
20210104211737	175.765
20210104211738	175.765
20210104211738	175.765
20210104211738	166.479
20210104211738	175.765
20210104211738	175.765
20210104211738	175.765
20210104211738	175.765
20210104211738	175.765
20210104211738	175.765
20210104211738	185.481
20210104211738	177.316
20210104211738	185.481
20210104211738	177.316
20210104211738	185.481
20210104211738	185.481
20210104211738	185.481
20210104211738	185.481
20210104211738	185.481
20210104211738	177.316
20210104211738	185.481
20210104211738	177.316
20210104211738	185.481
20210104211738	177.316
20210104211738	185.481
20210104211738	185.481
20210104211738	185.481
20210104211738	185.481
20210104211738	185.481
20210104211738	185.481
20210104211738	185.481
20210104211738	185.481
20210104211738	185.481
20210104211738	185.481
20210104211738	185.481
20210104211738	185.481
20210104211738	185.481
20210104211738	185.481
20210104211738	185.481
20210104211738	185.481
20210104211738	185.481
20210104211738	177.316
20210104211738	185.481
20210104211738	185.481
20210104211738	185.481
20210104211738	185.481
20210104211738	185.481
20210104211738	185.481
20210104211739	185.481
20210104211739	177.316
20210104211739	185.481
20210104211739	185.481
20210104211739	185.481
20210104211739	185.481
20210104211739	185.481
20210104211739	185.481
20210104211739	185.481
20210104211739	185.481
20210104211739	185.481
20210104211739	177.316
20210104211739	194.836
20210104211739	187.382
20210104211739	194.836
20210104211739	194.836
20210104211739	194.836
20210104211739	194.836
20210104211739	194.836
20210104211739	187.382
20210104211739	194.836
20210104211739	187.382
20210104211739	194.836
20210104211739	194.836
20210104211739	194.836
20210104211739	194.836
20210104211739	194.836
20210104211739	187.382
20210104211739	194.836
20210104211739	187.382
20210104211739	194.836
20210104211739	194.836
20210104211739	194.836
20210104211739	187.382
20210104211739	194.836
20210104211739	194.836
20210104211739	194.836
20210104211739	194.836
20210104211739	194.836
20210104211740	194.836
20210104211740	194.836
20210104211740	187.382
20210104211740	194.836
20210104211740	194.836
20210104211740	194.836
20210104211740	187.382
20210104211740	194.836
20210104211740	194.836
20210104211740	194.836
20210104211740	194.836
20210104211740	194.836
20210104211740	187.382
20210104211740	194.836
20210104211740	194.836
20210104211740	194.836
20210104211740	187.382
20210104211740	194.836
20210104211740	194.836
20210104211740	194.836
20210104211740	194.836
20210104211740	194.836
20210104211740	194.836
20210104211740	202.298
20210104211740	202.298
20210104211740	202.298
20210104211740	202.298
20210104211740	202.298
20210104211740	202.298
20210104211740	202.298
20210104211740	202.298
20210104211740	202.298
20210104211740	194.483
20210104211740	202.298
20210104211740	202.298
20210104211740	202.298
20210104211740	202.298
20210104211740	202.298
20210104211740	202.298
20210104211740	202.298
20210104211740	194.483
20210104211740	202.298
20210104211740	194.483
20210104211740	202.298
20210104211741	194.483
20210104211741	202.298
20210104211741	194.483
20210104211741	202.298
20210104211741	194.483
20210104211741	202.298
20210104211741	202.298
20210104211741	202.298
20210104211741	194.483
20210104211741	202.298
20210104211741	202.298
20210104211741	202.298
20210104211741	194.483
20210104211741	202.298
20210104211741	202.298
20210104211741	202.298
20210104211741	202.298
20210104211741	202.298
20210104211741	194.483
20210104211741	202.298
20210104211741	194.483
20210104211741	202.298
20210104211741	194.483
20210104211741	202.298
20210104211741	202.298
20210104211741	202.298
20210104211741	202.298
20210104211741	202.298
20210104211741	202.298
20210104211741	209.32
20210104211741	209.32
20210104211741	209.32
20210104211741	200.985
20210104211741	209.32
20210104211741	209.32
20210104211741	209.32
20210104211741	209.32
20210104211741	209.32
20210104211741	209.32
20210104211741	209.32
20210104211741	200.985
20210104211741	209.32
20210104211741	209.32
20210104211741	209.32
