20210111015213	152
20210111015214	151
20210111015216	150
20210111015217	148
20210111015219	146
20210111015220	144
20210111015222	142
20210111015223	140
20210111015225	138
20210111015227	136
20210111015228	134
20210111015229	132
20210111015231	129
20210111015233	127
20210111015234	125
20210111015235	123
20210111015236	121
20210111015236	119
20210111015237	117
20210111015239	115
20210111015240	113
20210111015242	112
20210111015243	110
20210111015244	109
20210111015244	107
20210111015246	106
20210111015247	105
20210111015248	103
20210111015248	102
20210111015250	101
20210111015251	100
20210111015252	100
20210111015254	99
20210111015255	98
20210111015256	98
20210111015257	97
20210111015258	96
20210111015300	96
20210111015301	95
20210111015303	95
20210111015304	95
20210111015306	94
20210111015307	94
20210111015308	94
20210111015310	93
20210111015311	93
20210111015312	93
20210111015313	93
20210111015314	93
20210111015315	92
20210111015317	92
20210111015318	92
20210111015319	92
20210111015320	92
20210111015322	92
20210111015322	92
20210111015324	92
20210111015325	91
20210111015326	91
20210111015327	91
20210111015329	91
20210111015330	91
20210111015331	91
20210111015332	91
20210111015333	91
20210111015334	91
20210111015336	91
20210111015337	91
20210111015338	91
20210111015339	91
20210111015340	91
20210111015342	91
20210111015342	91
20210111015343	91
20210111015344	90
