20210122173422	357
20210122173423	9
20210122173424	22
20210122173425	33
20210122173426	42
20210122173426	51
20210122173427	62
20210122173428	73
20210122173428	83
20210122173429	92
20210122173430	101
20210122173431	111
20210122173431	122
20210122173432	132
20210122173433	143
20210122173434	154
20210122173434	166
20210122173435	177
20210122173436	187
20210122173437	198
20210122173438	209
20210122173439	222
20210122173440	238
20210122173440	255
20210122173441	272
20210122173442	287
20210122173443	299
20210122173443	307
20210122173444	309
20210122173445	308
20210122173446	318
20210122173447	333
20210122173448	344
20210122173449	350
20210122173449	356
20210122173450	7
20210122173451	20
20210122173452	30
20210122173453	40
20210122173454	49
20210122173454	60
20210122173455	70
20210122173456	80
20210122173457	89
20210122173458	98
20210122173459	108
20210122173459	119
20210122173500	129
20210122173501	140
20210122173502	152
20210122173502	164
20210122173503	175
20210122173504	185
20210122173505	195
20210122173506	206
20210122173506	219
20210122173507	234
20210122173508	251
20210122173509	269
20210122173509	284
20210122173510	297
20210122173511	306
20210122173512	308
20210122173512	307
20210122173513	315
20210122173514	330
20210122173515	342
20210122173515	348
20210122173516	353
20210122173517	5
20210122173518	18
20210122173519	28
20210122173520	37
20210122173521	46
20210122173522	57
20210122173523	68
20210122173524	77
20210122173524	87
20210122173525	96
20210122173526	106
20210122173527	116
20210122173528	127
20210122173529	138
20210122173530	149
20210122173530	161
20210122173531	172
20210122173532	183
20210122173533	193
20210122173533	204
20210122173534	216
20210122173535	231
20210122173536	248
20210122173536	265
20210122173537	281
20210122173538	294
20210122173539	305
20210122173539	309
20210122173540	307
20210122173541	312
20210122173542	327
20210122173543	341
20210122173544	349
20210122173544	354
20210122173545	2
20210122173546	14
20210122173547	27
20210122173547	37
20210122173548	46
20210122173549	56
20210122173550	67
20210122173551	77
20210122173551	87
20210122173552	96
20210122173553	105
20210122173554	116
20210122173554	127
20210122173555	137
20210122173556	149
20210122173557	160
20210122173558	171
20210122173558	182
20210122173559	193
20210122173600	203
20210122173601	215
20210122173602	230
20210122173602	247
20210122173603	265
20210122173604	280
20210122173605	294
20210122173605	305
20210122173606	309
20210122173607	308
20210122173608	312
20210122173608	326
20210122173609	340
20210122173610	348
20210122173611	353
20210122173612	2
20210122173613	13
20210122173613	25
20210122173614	35
20210122173615	45
20210122173616	56
20210122173616	65
20210122173617	75
20210122173618	84
20210122173619	94
20210122173620	103
20210122173621	113
20210122173622	125
20210122173623	135
20210122173623	146
20210122173624	158
20210122173625	170
20210122173626	180
20210122173626	191
20210122173627	201
20210122173628	213
20210122173629	227
20210122173630	244
20210122173631	261
20210122173631	278
20210122173632	291
20210122173633	302
20210122173633	308
20210122173634	308
20210122173635	311
20210122173636	323
20210122173637	337
20210122173637	346
20210122173638	352
20210122173639	0
20210122173640	12
20210122173640	24
20210122173641	34
20210122173642	43
20210122173643	53
20210122173644	63
20210122173645	74
20210122173646	83
20210122173646	93
20210122173647	102
20210122173648	112
20210122173649	123
20210122173649	134
20210122173650	145
20210122173651	157
20210122173652	168
20210122173652	179
20210122173653	189
20210122173654	200
20210122173655	211
20210122173655	225
20210122173656	241
20210122173657	259
20210122173658	275
20210122173659	289
20210122173700	301
20210122173701	307
20210122173702	307
20210122173703	309
20210122173703	321
20210122173704	336
20210122173705	345
20210122173705	351
20210122173706	358
20210122173707	10
20210122173708	22
20210122173709	32
20210122173710	41
20210122173710	51
20210122173711	62
20210122173712	73
20210122173713	82
20210122173714	92
20210122173714	101
20210122173715	110
20210122173716	121
20210122173717	132
20210122173717	143
20210122173718	154
20210122173719	166
20210122173720	177
20210122173721	187
20210122173721	198
20210122173722	209
20210122173723	223
20210122173723	242
20210122173724	263
20210122173725	283
20210122173726	303
20210122173727	326
20210122173727	351
20210122173728	8
20210122173729	17
20210122173730	15
20210122173731	9
20210122173731	6
20210122173732	5
20210122173733	7
20210122173734	7
20210122173735	6
20210122173735	6
20210122173736	6
20210122173737	7
20210122173738	6
20210122173738	7
20210122173739	10
20210122173740	9
20210122173741	7
20210122173742	5
20210122173742	5
20210122173743	5
20210122173744	4
20210122173745	3
20210122173745	3
20210122173746	3
20210122173747	2
20210122173748	2
20210122173748	2
20210122173749	1
20210122173750	2
20210122173751	1
20210122173751	1
20210122173752	1
20210122173753	1
20210122173754	1
20210122173755	1
20210122173755	1
20210122173756	0
20210122173757	1
20210122173758	0
20210122173759	0
20210122173759	1
20210122173800	359
20210122173801	356
20210122173802	356
20210122173803	359
20210122173803	2
20210122173804	2
20210122173805	2
20210122173806	3
20210122173807	4
20210122173807	5
20210122173808	5
20210122173809	5
20210122173810	6
20210122173811	7
20210122173812	6
20210122173812	7
20210122173813	12
20210122173814	22
20210122173815	29
20210122173815	33
20210122173816	38
20210122173817	45
20210122173818	51
20210122173819	54
20210122173820	58
20210122173820	62
20210122173821	66
20210122173822	69
20210122173823	71
20210122173824	74
20210122173824	76
20210122173825	78
20210122173826	79
20210122173827	81
20210122173827	82
20210122173828	83
20210122173829	83
20210122173830	77
20210122173831	75
20210122173832	82
20210122173832	90
20210122173833	96
20210122173834	100
20210122173835	103
20210122173835	107
20210122173836	110
20210122173837	113
20210122173838	115
20210122173839	117
20210122173840	119
20210122173841	117
20210122173841	110
20210122173842	113
20210122173843	121
20210122173843	129
20210122173844	137
20210122173845	143
20210122173846	148
20210122173847	152
20210122173847	155
20210122173848	157
20210122173849	159
20210122173850	161
20210122173851	163
20210122173852	164
20210122173852	165
20210122173853	167
20210122173854	167
20210122173855	168
20210122173856	169
20210122173856	169
20210122173857	170
20210122173858	170
20210122173859	169
20210122173900	162
20210122173900	156
20210122173901	161
20210122173902	170
20210122173903	179
20210122173903	188
20210122173904	196
20210122173905	201
20210122173906	204
20210122173907	207
20210122173907	210
20210122173908	213
20210122173909	215
20210122173910	217
20210122173911	219
20210122173912	221
20210122173913	222
20210122173914	223
20210122173914	224
20210122173915	225
20210122173916	226
20210122173917	227
20210122173918	227
20210122173919	228
20210122173920	228
20210122173920	229
20210122173921	229
20210122173922	229
20210122173923	230
20210122173924	231
20210122173924	230
20210122173925	231
20210122173926	231
20210122173927	231
20210122173927	231
20210122173928	231
20210122173929	232
20210122173930	231
20210122173931	231
20210122173931	232
20210122173932	233
20210122173933	232
20210122173934	231
20210122173934	233
20210122173935	233
20210122173936	232
20210122173937	232
20210122173937	233
20210122173938	233
20210122173939	232
20210122173940	232
20210122173941	232
20210122173941	233
20210122173942	233
20210122173943	232
20210122173944	232
20210122173944	233
20210122173945	233
20210122173946	232
20210122173947	232
20210122173948	233
20210122173949	233
20210122173950	232
20210122173950	232
20210122173951	233
20210122173952	233
20210122173953	233
20210122173954	232
20210122173955	233
20210122173955	233
20210122173956	233
20210122173957	232
20210122173958	232
20210122173958	234
20210122173959	233
20210122174000	232
20210122174001	233
20210122174002	233
20210122174003	233
20210122174003	233
20210122174004	232
20210122174005	233
20210122174006	233
20210122174007	233
20210122174007	233
20210122174008	232
20210122174009	233
20210122174010	234
20210122174010	233
20210122174011	233
20210122174012	233
20210122174013	233
20210122174014	233
20210122174015	233
20210122174016	233
20210122174016	233
20210122174017	234
20210122174018	233
20210122174019	233
20210122174019	233
20210122174020	233
20210122174021	233
20210122174022	233
20210122174022	233
20210122174023	234
20210122174024	233
20210122174025	232
20210122174025	232
20210122174026	233
20210122174027	234
20210122174028	233
20210122174028	233
20210122174029	233
20210122174030	233
20210122174031	233
20210122174032	233
20210122174033	233
20210122174033	233
20210122174034	233
20210122174035	233
20210122174036	233
20210122174036	233
20210122174037	233
20210122174038	233
20210122174039	233
20210122174040	233
20210122174041	233
20210122174041	232
20210122174042	233
20210122174043	233
20210122174044	233
20210122174044	233
20210122174045	232
20210122174046	232
20210122174047	233
20210122174047	233
20210122174048	232
20210122174049	232
20210122174050	233
20210122174051	233
20210122174052	232
20210122174053	232
20210122174053	233
20210122174054	233
20210122174055	232
20210122174056	232
20210122174057	233
20210122174057	233
20210122174058	232
20210122174059	232
20210122174100	233
20210122174100	233
20210122174101	232
20210122174102	232
20210122174103	233
20210122174104	232
20210122174104	232
20210122174105	232
20210122174106	233
20210122174107	232
20210122174108	232
20210122174109	232
20210122174110	233
20210122174111	232
20210122174112	232
20210122174112	232
20210122174113	233
20210122174114	233
20210122174115	232
20210122174115	232
20210122174116	232
20210122174117	233
20210122174118	233
20210122174119	232
20210122174120	232
20210122174121	232
20210122174121	233
20210122174122	232
20210122174123	232
20210122174124	232
20210122174124	233
20210122174126	232
20210122174126	232
20210122174127	232
20210122174128	233
20210122174128	233
20210122174130	232
20210122174130	232
20210122174131	232
20210122174132	233
20210122174133	232
20210122174133	232
20210122174134	232
20210122174135	233
20210122174136	232
20210122174137	232
