20210115193417	1487.93
20210115193417	1487.96
20210115193417	1487.96
20210115193417	1487.99
20210115193417	1487.99
20210115193417	1487.95
20210115193417	1487.95
20210115193417	1488.26
20210115193417	1488.26
20210115193417	1488.4
20210115193417	1488.4
20210115193417	1488.67
20210115193417	1488.67
20210115193417	1488.84
20210115193417	1488.84
20210115193417	1488.92
20210115193417	1488.92
20210115193417	1489
20210115193417	1489
20210115193417	1489.21
20210115193417	1489.21
20210115193417	1489.46
20210115193417	1489.46
20210115193417	1489.48
20210115193417	1489.48
20210115193417	1489.75
20210115193417	1489.75
20210115193417	1490.07
20210115193417	1490.07
20210115193417	1490.35
20210115193417	1490.35
20210115193417	1490.66
20210115193417	1490.66
20210115193417	1490.8
20210115193417	1490.8
20210115193417	1491.11
20210115193417	1491.11
20210115193417	1491.41
20210115193417	1491.41
20210115193417	1491.74
20210115193417	1491.74
20210115193417	1492.13
20210115193417	1492.13
20210115193417	1492.53
20210115193417	1492.53
20210115193417	1493.04
20210115193417	1493.04
20210115193417	1493.38
20210115193417	1493.38
20210115193417	1493.82
20210115193417	1493.82
20210115193417	1494.38
20210115193417	1494.38
20210115193417	1494.91
20210115193417	1494.91
20210115193417	1495.28
20210115193417	1495.28
20210115193417	1495.67
20210115193417	1495.67
20210115193417	1496.27
20210115193417	1496.27
20210115193417	1497.03
20210115193417	1497.03
20210115193417	1497.68
20210115193417	1497.68
20210115193417	1498.28
20210115193417	1498.28
20210115193417	1499.13
20210115193417	1499.13
20210115193417	1499.92
20210115193417	1499.92
20210115193417	1500.6
20210115193417	1500.6
20210115193417	1501.37
20210115193417	1501.37
20210115193417	1501.9
20210115193417	1501.9
20210115193417	1502.61
20210115193417	1502.61
20210115193418	1503.3
20210115193418	1503.3
20210115193418	1504.12
20210115193418	1504.12
20210115193418	1504.67
20210115193418	1504.67
20210115193418	1505.24
20210115193418	1505.24
20210115193418	1506.09
20210115193418	1506.09
20210115193418	1506.88
20210115193418	1506.88
20210115193418	1507.61
20210115193418	1507.61
20210115193418	1508.25
20210115193418	1508.25
20210115193418	1508.93
20210115193418	1508.93
20210115193418	1509.49
20210115193418	1509.49
20210115193418	1510.47
20210115193418	1510.47
20210115193418	1511.46
20210115193418	1511.46
20210115193418	1512.16
20210115193418	1512.16
20210115193418	1513.11
20210115193418	1513.11
20210115193418	1513.99
20210115193418	1513.99
20210115193418	1514.78
20210115193418	1514.78
20210115193418	1515.93
20210115193418	1515.93
20210115193418	1516.93
20210115193418	1516.93
20210115193418	1517.96
20210115193418	1517.96
20210115193418	1518.71
20210115193418	1518.71
20210115193418	1519.66
20210115193418	1519.66
20210115193418	1520.75
20210115193418	1520.75
20210115193418	1521.58
20210115193418	1521.58
20210115193418	1522.55
20210115193418	1522.55
20210115193418	1523.68
20210115193418	1523.68
20210115193418	1524.52
20210115193418	1524.52
20210115193418	1525.39
20210115193418	1525.39
20210115193418	1526.37
20210115193418	1526.37
20210115193418	1527.72
20210115193418	1527.72
20210115193418	1528.9
20210115193418	1528.9
20210115193418	1529.61
20210115193418	1529.61
20210115193418	1530.95
20210115193418	1530.95
20210115193418	1531.84
20210115193418	1531.84
20210115193418	1532.88
20210115193418	1532.88
20210115193418	1534.18
20210115193418	1534.18
20210115193418	1534.95
20210115193418	1534.95
20210115193418	1535.87
20210115193418	1535.87
20210115193418	1536.93
20210115193418	1536.93
20210115193418	1537.63
20210115193418	1537.63
20210115193419	1538.37
20210115193419	1538.37
20210115193419	1539.54
20210115193419	1539.54
20210115193419	1540.65
20210115193419	1540.65
20210115193419	1541.35
20210115193419	1541.35
20210115193419	1542.34
20210115193419	1542.34
20210115193419	1543.5
20210115193419	1543.5
20210115193419	1544.39
20210115193419	1544.39
20210115193419	1545.5
20210115193419	1545.5
20210115193419	1546.2
20210115193419	1546.2
20210115193419	1547.09
20210115193419	1547.09
20210115193419	1547.95
20210115193419	1547.95
20210115193419	1548.84
20210115193419	1548.84
20210115193419	1549.97
20210115193419	1549.97
20210115193419	1550.82
20210115193419	1550.82
20210115193419	1551.71
20210115193419	1551.71
20210115193419	1552.52
20210115193419	1552.52
20210115193419	1553.42
20210115193419	1553.42
20210115193419	1554.28
20210115193419	1554.28
20210115193419	1555.21
20210115193419	1555.21
20210115193419	1555.9
20210115193419	1555.9
20210115193419	1556.77
20210115193419	1556.77
20210115193419	1557.57
20210115193419	1557.57
20210115193419	1558.37
20210115193419	1558.37
20210115193419	1559.08
20210115193419	1559.08
20210115193419	1559.51
20210115193419	1559.51
20210115193419	1560.23
20210115193419	1560.23
20210115193419	1560.82
20210115193419	1560.82
20210115193419	1561.28
20210115193419	1561.28
20210115193419	1561.92
20210115193419	1561.92
20210115193419	1562.57
20210115193419	1562.57
20210115193419	1563.1
20210115193419	1563.1
20210115193419	1563.9
20210115193419	1563.9
20210115193419	1564.5
20210115193419	1564.5
20210115193419	1565.19
20210115193419	1565.19
20210115193419	1565.89
20210115193419	1565.89
20210115193419	1566.3
20210115193419	1566.3
20210115193419	1566.95
20210115193419	1566.95
20210115193419	1567.5
20210115193419	1567.5
20210115193419	1567.98
20210115193419	1567.98
20210115193419	1568.55
20210115193419	1568.55
20210115193420	1569.14
20210115193420	1569.14
20210115193420	1569.54
20210115193420	1569.54
20210115193420	1570.16
20210115193420	1570.16
20210115193420	1570.64
20210115193420	1570.64
20210115193420	1571.05
20210115193420	1571.05
20210115193420	1571.53
20210115193420	1571.53
20210115193420	1572.02
20210115193420	1572.02
20210115193420	1572.61
20210115193420	1572.61
20210115193420	1572.87
20210115193420	1572.87
20210115193420	1573.36
20210115193420	1573.36
20210115193420	1573.85
20210115193420	1573.85
20210115193420	1574.32
20210115193420	1574.32
20210115193420	1574.62
20210115193420	1574.62
20210115193420	1575.16
20210115193420	1575.16
20210115193420	1575.59
20210115193420	1575.59
20210115193420	1575.94
20210115193420	1575.94
20210115193420	1576.39
20210115193420	1576.39
20210115193420	1576.87
20210115193420	1576.87
20210115193420	1575.66
20210115193420	1575.66
20210115193420	1574.55
20210115193420	1574.55
20210115193420	1573.01
20210115193420	1573.01
20210115193420	1571.37
20210115193420	1571.37
20210115193420	1569.3
20210115193420	1569.3
20210115193420	1566.53
20210115193420	1566.53
20210115193420	1564.11
20210115193420	1564.11
20210115193420	1561.82
20210115193420	1561.82
20210115193420	1560.49
20210115193420	1560.49
20210115193421	1559.83
20210115193421	1559.83
20210115193421	1559.81
20210115193421	1559.81
20210115193421	1560.32
20210115193421	1560.32
20210115193421	1561.53
20210115193421	1561.53
20210115193421	1562.03
20210115193421	1562.03
20210115193421	1560.87
20210115193421	1560.87
20210115193421	1558.67
20210115193421	1558.67
20210115193421	1556.28
20210115193421	1556.28
20210115193421	1553.75
20210115193421	1553.75
20210115193421	1552.04
20210115193421	1552.04
20210115193421	1551.17
20210115193421	1551.17
20210115193421	1550.88
20210115193421	1550.88
20210115193421	1551.28
20210115193421	1551.28
20210115193421	1552.61
20210115193421	1552.61
20210115193421	1553.83
20210115193421	1553.83
20210115193421	1555.71
20210115193421	1555.71
20210115193421	1557.8
20210115193421	1557.8
20210115193421	1560.64
20210115193421	1560.64
20210115193421	1562.53
20210115193421	1562.53
20210115193421	1565.47
20210115193421	1565.47
20210115193421	1567.76
20210115193421	1567.76
20210115193421	1569.56
20210115193421	1569.56
20210115193421	1571.6
20210115193421	1571.6
20210115193421	1573.27
20210115193421	1573.27
20210115193421	1574.62
20210115193421	1574.62
20210115193421	1575.53
20210115193421	1575.53
20210115193421	1576.49
20210115193421	1576.49
20210115193422	1576.87
20210115193422	1576.87
20210115193422	1577.25
20210115193422	1577.25
20210115193422	1577.71
20210115193422	1577.71
20210115193422	1577.99
20210115193422	1577.99
20210115193422	1578.42
20210115193422	1578.42
20210115193422	1578.63
20210115193422	1578.63
20210115193422	1578.8
20210115193422	1578.8
20210115193422	1578.93
20210115193422	1578.93
20210115193422	1578.95
20210115193422	1578.95
20210115193422	1578.83
20210115193422	1578.83
20210115193422	1578.85
20210115193422	1578.85
20210115193422	1578.61
20210115193422	1578.61
20210115193422	1578.33
20210115193422	1578.33
20210115193422	1578.3
20210115193422	1578.3
20210115193422	1578.47
20210115193422	1578.47
20210115193422	1579.05
20210115193422	1579.05
20210115193422	1579.79
20210115193422	1579.79
20210115193422	1581.07
20210115193422	1581.07
20210115193422	1582.55
20210115193422	1582.55
20210115193422	1584.5
20210115193422	1584.5
20210115193422	1586.57
20210115193422	1586.57
20210115193422	1588.76
20210115193422	1588.76
20210115193422	1591.08
20210115193422	1591.08
20210115193422	1593.92
20210115193422	1593.92
20210115193422	1596.24
20210115193422	1596.24
20210115193422	1598.49
20210115193422	1598.49
20210115193422	1600.44
20210115193422	1600.44
20210115193422	1601.9
20210115193422	1601.9
20210115193422	1603.55
20210115193422	1603.55
20210115193423	1604.68
20210115193423	1604.68
20210115193423	1605.04
20210115193423	1605.04
20210115193423	1605.52
20210115193423	1605.52
20210115193423	1605.84
20210115193423	1605.84
20210115193423	1604.37
20210115193423	1604.37
20210115193423	1602.87
20210115193423	1602.87
20210115193423	1601.03
20210115193423	1601.03
20210115193423	1600.86
20210115193423	1600.86
20210115193423	1600.88
20210115193423	1600.88
20210115193423	1601.27
20210115193423	1601.27
20210115193423	1601.78
20210115193423	1601.78
20210115193423	1602.3
20210115193423	1602.3
20210115193423	1603.17
20210115193423	1603.17
20210115193423	1604.56
20210115193423	1604.56
20210115193423	1605.81
20210115193423	1605.81
20210115193423	1606.97
20210115193423	1606.97
20210115193423	1608.4
20210115193423	1608.4
20210115193423	1610.02
20210115193423	1610.02
20210115193423	1611.88
20210115193423	1611.88
20210115193423	1614.19
20210115193423	1614.19
20210115193424	1615.65
20210115193424	1615.65
20210115193424	1617.84
20210115193424	1617.84
20210115193424	1619.37
20210115193424	1619.37
20210115193424	1621.74
20210115193424	1621.74
20210115193424	1623.3
20210115193424	1623.3
20210115193424	1625.47
20210115193424	1625.47
20210115193424	1627.23
20210115193424	1627.23
20210115193424	1629.22
20210115193424	1629.22
20210115193424	1631.25
20210115193424	1631.25
20210115193424	1633.81
20210115193424	1633.81
20210115193424	1635.71
20210115193424	1635.71
20210115193424	1638.46
20210115193424	1638.46
20210115193424	1640.64
20210115193424	1640.64
20210115193424	1642.59
20210115193424	1642.59
20210115193424	1645.11
20210115193424	1645.11
20210115193424	1647.56
20210115193424	1647.56
20210115193424	1650.03
20210115193424	1650.03
20210115193424	1652.71
20210115193424	1652.71
20210115193424	1655.78
20210115193424	1655.78
20210115193424	1658.05
20210115193424	1658.05
20210115193424	1659.54
20210115193424	1659.54
20210115193424	1661.44
20210115193424	1661.44
20210115193424	1663.78
20210115193424	1663.78
20210115193424	1665.35
20210115193425	1665.35
20210115193425	1667.74
20210115193425	1667.74
20210115193425	1669.47
20210115193425	1669.47
20210115193425	1672.39
20210115193425	1672.39
20210115193425	1674.62
20210115193425	1674.62
20210115193425	1677.22
20210115193425	1677.22
20210115193425	1680.55
20210115193425	1680.55
20210115193425	1682.99
20210115193425	1682.99
20210115193425	1686.82
20210115193425	1686.82
20210115193425	1690.12
20210115193425	1690.12
20210115193425	1690.27
20210115193425	1690.27
20210115193425	1683.49
20210115193425	1683.49
20210115193425	1679.09
20210115193425	1679.09
20210115193425	1673.25
20210115193425	1673.25
20210115193425	1670.45
20210115193425	1670.45
20210115193425	1666.88
20210115193425	1666.88
20210115193425	1662.01
20210115193426	1662.01
20210115193426	1659.4
20210115193426	1659.4
20210115193426	1657.03
20210115193426	1657.03
20210115193426	1656.38
20210115193426	1656.38
20210115193426	1656.8
20210115193426	1656.8
20210115193426	1658.45
20210115193426	1658.45
20210115193426	1660.99
20210115193426	1660.99
20210115193426	1663.68
20210115193426	1663.68
20210115193426	1667.56
20210115193426	1667.56
20210115193426	1672.04
20210115193426	1672.04
20210115193426	1678.33
20210115193426	1678.33
20210115193426	1684.05
20210115193426	1684.05
20210115193426	1690.04
20210115193426	1690.04
20210115193426	1694.79
20210115193426	1694.79
20210115193426	1700.99
20210115193426	1700.99
20210115193426	1708.08
20210115193426	2000
20210115193426	2000
20210115193426	2000
20210115193426	2000
20210115193426	2000
20210115193426	2000
20210115193426	2000
20210115193426	2000
20210115193426	2000
20210115193426	2000
20210115193426	2000
20210115193426	2000
20210115193426	2000
20210115193426	2000
20210115193426	2000
20210115193426	2000
20210115193426	2000
20210115193426	2000
20210115193426	2000
20210115193426	2000
20210115193426	2000
20210115193426	2000
20210115193426	2000
20210115193426	2000
20210115193426	2000
20210115193426	2000
20210115193426	2000
20210115193427	2000
20210115193427	2000
20210115193427	2000
20210115193427	2000
20210115193427	2000
20210115193427	2000
20210115193427	2000
20210115193427	2000
20210115193427	2000
20210115193427	2000
20210115193427	2000
20210115193427	2000
20210115193427	2000
20210115193427	2000
20210115193427	2000
20210115193427	2000
20210115193427	2000
20210115193427	2000
20210115193427	2000
20210115193427	2000
20210115193427	2000
20210115193427	2000
20210115193427	2000
20210115193427	2000
20210115193427	2000
20210115193427	2000
20210115193427	2000
20210115193427	2000
20210115193427	2000
20210115193427	2000
20210115193427	2000
20210115193427	2000
20210115193427	2000
20210115193427	2000
20210115193427	2000
20210115193427	2000
20210115193427	2000
20210115193427	2000
20210115193427	2000
20210115193427	2000
20210115193427	2000
20210115193427	2000
20210115193427	2000
20210115193427	2000
20210115193427	2000
20210115193427	2000
20210115193427	2000
20210115193427	2000
20210115193427	2000
20210115193427	2000
20210115193427	2000
20210115193427	2000
20210115193427	2000
20210115193427	2000
20210115193427	2000
20210115193427	2000
20210115193427	2000
20210115193427	2000
20210115193427	2000
20210115193427	2000
20210115193427	2000
20210115193428	2000
20210115193428	2000
20210115193428	2000
20210115193428	2000
20210115193428	2000
20210115193428	2000
20210115193428	2000
20210115193428	2000
20210115193428	2000
20210115193428	2000
20210115193428	2000
20210115193428	2000
20210115193428	2000
20210115193428	2000
20210115193428	2000
20210115193428	2000
20210115193428	2000
20210115193428	2000
20210115193428	2000
20210115193428	2000
20210115193428	2000
20210115193428	2000
20210115193428	2000
20210115193428	2000
20210115193428	2000
20210115193428	2000
20210115193428	2000
20210115193428	2000
20210115193428	2000
20210115193428	2000
20210115193428	2000
20210115193428	2000
20210115193428	2000
20210115193428	2000
20210115193428	2000
20210115193428	2000
20210115193428	2000
20210115193428	2000
20210115193428	2000
20210115193428	2000
20210115193428	2000
20210115193428	2000
20210115193428	2000
20210115193428	2000
20210115193428	2000
20210115193428	2000
20210115193428	2000
20210115193428	2000
20210115193428	2000
20210115193428	2000
20210115193428	2000
20210115193428	2000
20210115193428	2000
20210115193428	2000
20210115193428	2000
20210115193428	2000
20210115193429	2000
20210115193429	2000
20210115193429	2000
20210115193429	2000
20210115193429	2000
20210115193429	2000
20210115193429	2000
20210115193429	2000
20210115193429	2000
20210115193429	2000
20210115193429	2000
20210115193429	2000
20210115193429	2000
20210115193429	2000
20210115193429	2000
20210115193429	2000
20210115193429	2000
20210115193429	2000
20210115193429	2000
20210115193429	2000
20210115193429	2000
20210115193429	2000
20210115193429	2000
20210115193429	2000
20210115193429	2000
20210115193429	2000
20210115193429	2000
20210115193429	2000
20210115193429	2000
20210115193429	2000
20210115193429	2000
20210115193429	2000
20210115193429	2000
20210115193429	2000
20210115193429	2000
20210115193429	2000
20210115193429	2000
20210115193429	2000
20210115193429	2000
20210115193430	2000
20210115193430	2000
20210115193430	2000
20210115193430	2000
20210115193430	2000
20210115193430	2000
20210115193430	2000
20210115193430	2000
20210115193430	2000
20210115193430	2000
20210115193430	2000
20210115193430	2000
20210115193430	2000
20210115193430	2000
20210115193430	2000
20210115193430	2000
20210115193430	2000
20210115193430	2000
20210115193430	2000
20210115193430	2000
20210115193430	2000
20210115193430	2000
20210115193430	2000
20210115193430	2000
20210115193430	2000
20210115193430	2000
20210115193430	2000
20210115193430	2000
20210115193430	2000
20210115193430	2000
20210115193430	2000
20210115193430	2000
20210115193430	2000
20210115193430	2000
20210115193430	2000
20210115193430	2000
20210115193430	2000
20210115193430	2000
20210115193430	2000
20210115193430	2000
20210115193430	2000
20210115193430	2000
20210115193430	2000
20210115193430	2000
20210115193430	2000
20210115193430	2000
20210115193430	2000
20210115193430	2000
20210115193431	2000
20210115193431	2000
20210115193431	2000
20210115193431	2000
20210115193431	2000
20210115193431	2000
20210115193431	2000
20210115193431	2000
20210115193431	2000
20210115193431	2000
20210115193431	2000
20210115193431	2000
20210115193431	2000
20210115193431	2000
20210115193431	2000
20210115193431	2000
20210115193431	2000
20210115193431	2000
20210115193431	2000
20210115193431	2000
20210115193431	2000
20210115193431	2000
20210115193431	2000
20210115193431	2000
20210115193431	2000
20210115193432	2000
20210115193432	2000
20210115193432	2000
20210115193432	2000
20210115193432	2000
20210115193432	2000
20210115193432	2000
20210115193432	2000
20210115193432	2000
20210115193432	2000
20210115193432	2000
20210115193432	2000
20210115193432	2000
20210115193432	2000
20210115193432	2000
20210115193432	2000
20210115193432	2000
20210115193432	2000
20210115193432	2000
20210115193432	2000
20210115193432	2000
20210115193432	2000
20210115193432	2000
20210115193432	2000
20210115193432	2000
20210115193432	2000
20210115193432	2000
20210115193432	2000
20210115193432	2000
20210115193432	2000
20210115193432	2000
20210115193433	2000
20210115193433	2000
20210115193433	2000
20210115193433	2000
20210115193433	2000
20210115193433	2000
20210115193433	2000
20210115193433	2000
20210115193433	2000
20210115193433	2000
20210115193433	2000
20210115193433	2000
20210115193433	2000
20210115193433	2000
20210115193433	2000
20210115193433	2000
20210115193433	2000
20210115193433	2000
20210115193433	2000
20210115193433	2000
20210115193433	2000
20210115193433	2000
20210115193433	2000
20210115193433	2000
20210115193433	2000
20210115193433	2000
20210115193433	2000
20210115193433	2000
20210115193433	2000
20210115193433	2000
20210115193433	2000
20210115193433	2000
20210115193433	2000
20210115193433	2000
20210115193433	2000
20210115193433	2000
20210115193433	2000
20210115193433	2000
20210115193433	2000
20210115193433	2000
20210115193433	2000
20210115193433	2000
20210115193433	2000
20210115193433	2000
20210115193433	2000
20210115193433	2000
20210115193433	2000
20210115193433	2000
20210115193433	2000
20210115193433	2000
20210115193433	2000
20210115193433	2000
20210115193433	2000
20210115193433	2000
20210115193433	2000
20210115193433	2000
20210115193433	2000
20210115193434	2000
20210115193434	2000
20210115193434	2000
20210115193434	2000
20210115193434	2000
20210115193434	2000
20210115193434	2000
20210115193434	2000
20210115193434	2000
20210115193434	2000
20210115193434	2000
20210115193434	2000
20210115193434	2000
20210115193434	2000
20210115193434	2000
20210115193434	2000
20210115193434	2000
20210115193434	2000
20210115193434	2000
20210115193434	2000
20210115193434	2000
20210115193434	2000
20210115193434	2000
20210115193434	2000
20210115193434	2000
20210115193434	2000
20210115193434	2000
20210115193434	2000
20210115193434	2000
20210115193434	2000
20210115193434	2000
20210115193434	2000
20210115193434	2000
20210115193434	2000
20210115193434	2000
20210115193434	2000
20210115193434	2000
20210115193434	2000
20210115193434	2000
20210115193434	2000
20210115193434	2000
20210115193434	2000
20210115193435	2000
20210115193435	2000
20210115193435	2000
20210115193435	2000
20210115193435	2000
20210115193435	2000
20210115193435	2000
20210115193435	2000
20210115193435	2000
20210115193435	2000
20210115193435	2000
20210115193435	2000
20210115193435	2000
20210115193435	2000
20210115193435	2000
20210115193435	2000
20210115193435	2000
20210115193435	2000
20210115193435	2000
20210115193435	2000
20210115193435	2000
20210115193435	2000
20210115193435	2000
20210115193435	2000
20210115193435	2000
20210115193435	2000
20210115193435	2000
20210115193435	2000
20210115193435	2000
20210115193435	2000
20210115193435	2000
20210115193435	2000
20210115193435	2000
20210115193435	2000
20210115193435	2000
20210115193435	2000
20210115193435	2000
20210115193435	2000
20210115193435	2000
20210115193435	2000
20210115193435	2000
20210115193435	2000
20210115193436	2000
20210115193436	2000
20210115193436	2000
20210115193436	2000
20210115193436	2000
20210115193436	2000
20210115193436	2000
20210115193436	2000
20210115193436	2000
20210115193436	2000
20210115193436	2000
20210115193436	2000
20210115193436	2000
20210115193436	2000
20210115193436	2000
20210115193436	2000
20210115193436	2000
20210115193436	2000
20210115193436	2000
20210115193436	2000
20210115193436	2000
20210115193436	2000
20210115193436	2000
20210115193436	2000
20210115193436	2000
20210115193436	2000
20210115193436	2000
20210115193436	2000
20210115193436	2000
20210115193436	2000
20210115193436	2000
20210115193436	2000
20210115193436	2000
20210115193436	2000
20210115193436	2000
20210115193436	2000
20210115193436	2000
20210115193437	2000
20210115193437	2000
20210115193437	2000
20210115193437	2000
20210115193437	2000
20210115193437	2000
20210115193437	2000
20210115193437	2000
20210115193437	2000
20210115193437	2000
20210115193437	2000
20210115193437	2000
20210115193437	2000
20210115193437	2000
20210115193437	2000
20210115193437	2000
20210115193437	2000
20210115193437	2000
20210115193437	2000
20210115193437	2000
20210115193437	2000
20210115193437	2000
20210115193437	2000
20210115193437	2000
20210115193437	2000
20210115193437	2000
20210115193437	2000
20210115193437	2000
20210115193437	2000
20210115193438	2000
20210115193438	2000
20210115193438	2000
20210115193438	2000
20210115193438	2000
20210115193438	2000
20210115193438	2000
20210115193438	2000
20210115193438	2000
20210115193438	2000
20210115193438	2000
20210115193438	2000
20210115193438	2000
20210115193438	2000
20210115193438	2000
20210115193438	2000
20210115193438	2000
20210115193438	2000
20210115193438	2000
20210115193438	2000
20210115193438	2000
20210115193438	2000
20210115193438	2000
20210115193438	2000
20210115193438	2000
20210115193438	2000
20210115193438	2000
20210115193438	2000
20210115193438	2000
20210115193438	2000
20210115193438	2000
20210115193438	2000
20210115193438	2000
20210115193438	2000
20210115193438	2000
20210115193438	2000
20210115193438	2000
20210115193438	2000
20210115193438	2000
20210115193438	2000
20210115193438	2000
20210115193438	2000
20210115193438	2000
20210115193438	2000
20210115193439	2000
20210115193439	2000
20210115193439	2000
20210115193439	2000
20210115193439	2000
20210115193439	2000
20210115193439	2000
20210115193439	2000
20210115193439	2000
20210115193439	2000
20210115193439	2000
20210115193439	2000
20210115193439	2000
20210115193439	2000
20210115193439	2000
20210115193439	2000
20210115193439	2000
20210115193439	2000
20210115193439	2000
20210115193439	2000
20210115193439	2000
20210115193439	2000
20210115193439	2000
20210115193439	2000
20210115193439	2000
20210115193440	2000
20210115193440	2000
20210115193440	2000
20210115193440	2000
20210115193440	2000
20210115193440	2000
20210115193440	2000
20210115193440	2000
20210115193440	2000
20210115193440	2000
20210115193440	2000
20210115193440	2000
20210115193440	2000
20210115193440	2000
20210115193440	2000
20210115193440	2000
20210115193440	2000
20210115193440	2000
20210115193440	2000
20210115193440	2000
20210115193440	2000
20210115193440	2000
20210115193440	2000
20210115193440	2000
20210115193440	2000
20210115193440	2000
20210115193440	2000
20210115193440	2000
20210115193440	2000
20210115193440	2000
20210115193440	2000
20210115193441	2000
20210115193441	2000
20210115193441	2000
20210115193441	2000
20210115193441	2000
20210115193441	2000
20210115193441	2000
20210115193441	2000
20210115193441	2000
20210115193441	2000
20210115193441	2000
20210115193441	2000
20210115193441	2000
20210115193441	2000
20210115193441	2000
20210115193441	2000
20210115193441	2000
20210115193441	2000
20210115193441	2000
20210115193441	2000
20210115193441	2000
20210115193441	2000
20210115193441	2000
20210115193441	2000
20210115193441	2000
20210115193441	2000
20210115193441	2000
20210115193441	2000
20210115193441	2000
20210115193441	2000
20210115193442	2000
20210115193442	2000
20210115193442	2000
20210115193442	2000
20210115193442	2000
20210115193442	2000
20210115193442	2000
20210115193442	2000
20210115193442	2000
20210115193442	2000
20210115193442	2000
20210115193442	2000
20210115193442	2000
20210115193442	2000
20210115193442	2000
20210115193442	2000
20210115193442	2000
20210115193442	2000
20210115193442	2000
20210115193442	2000
20210115193442	2000
20210115193442	2000
20210115193442	2000
20210115193442	2000
20210115193442	2000
20210115193442	2000
20210115193443	2000
20210115193443	2000
20210115193443	2000
20210115193443	2000
20210115193443	2000
20210115193443	2000
20210115193443	2000
20210115193443	2000
20210115193443	2000
20210115193443	2000
20210115193443	2000
20210115193443	2000
20210115193443	2000
20210115193443	2000
20210115193443	2000
20210115193443	2000
20210115193443	2000
20210115193443	2000
20210115193443	2000
20210115193443	2000
20210115193443	2000
20210115193443	2000
20210115193444	2000
20210115193444	2000
20210115193444	2000
20210115193444	2000
20210115193444	2000
20210115193444	2000
20210115193444	2000
20210115193444	2000
20210115193444	2000
20210115193444	2000
20210115193444	2000
20210115193444	2000
20210115193444	2000
20210115193444	2000
20210115193444	2000
20210115193444	2000
20210115193444	2000
20210115193444	2000
20210115193444	2000
20210115193444	2000
20210115193444	2000
20210115193444	2000
20210115193444	2000
20210115193444	2000
20210115193444	2000
20210115193444	2000
20210115193444	2000
20210115193444	2000
20210115193444	2000
20210115193445	2000
20210115193445	2000
20210115193445	2000
20210115193445	2000
20210115193445	2000
20210115193445	2000
20210115193445	2000
20210115193445	2000
20210115193445	2000
20210115193445	2000
20210115193445	2000
20210115193445	2000
20210115193445	2000
20210115193445	2000
20210115193445	2000
20210115193445	2000
20210115193445	2000
20210115193445	2000
20210115193445	2000
20210115193445	2000
20210115193445	2000
20210115193445	2000
20210115193446	2000
20210115193446	2000
20210115193446	2000
20210115193446	2000
20210115193446	2000
20210115193446	2000
20210115193446	2000
20210115193446	2000
20210115193446	2000
20210115193446	2000
20210115193446	2000
20210115193446	2000
20210115193446	2000
20210115193446	2000
20210115193446	2000
20210115193446	2000
20210115193446	2000
20210115193446	2000
20210115193446	2000
20210115193446	2000
20210115193446	2000
20210115193446	2000
20210115193446	2000
20210115193446	2000
20210115193446	2000
20210115193446	2000
20210115193446	2000
20210115193446	2000
20210115193446	2000
20210115193446	2000
20210115193446	2000
20210115193446	2000
20210115193446	2000
20210115193446	2000
20210115193446	2000
20210115193446	2000
20210115193446	2000
20210115193446	2000
20210115193447	2000
20210115193447	2000
20210115193447	2000
20210115193447	2000
20210115193447	2000
20210115193447	2000
20210115193447	2000
20210115193447	2000
20210115193447	2000
20210115193447	2000
20210115193447	2000
20210115193447	2000
20210115193447	2000
20210115193447	2000
20210115193447	2000
20210115193447	2000
20210115193447	2000
20210115193447	2000
20210115193447	2000
20210115193447	2000
20210115193447	2000
20210115193447	2000
20210115193447	2000
20210115193447	2000
20210115193447	2000
20210115193447	2000
20210115193447	2000
20210115193447	2000
20210115193447	2000
20210115193447	2000
20210115193447	2000
20210115193447	2000
20210115193448	2000
20210115193448	2000
20210115193448	2000
20210115193448	2000
20210115193448	2000
20210115193448	2000
20210115193448	2000
20210115193448	2000
20210115193448	2000
20210115193448	2000
20210115193448	2000
20210115193448	2000
20210115193448	2000
20210115193448	2000
20210115193448	2000
20210115193448	2000
20210115193448	2000
20210115193448	2000
20210115193448	2000
20210115193448	2000
20210115193448	2000
20210115193448	2000
20210115193448	2000
20210115193448	2000
20210115193448	2000
20210115193448	2000
20210115193448	2000
20210115193448	2000
20210115193448	2000
20210115193448	2000
20210115193448	2000
20210115193448	2000
20210115193448	2000
20210115193448	2000
20210115193448	2000
20210115193448	2000
20210115193448	2000
20210115193448	2000
20210115193448	2000
20210115193448	2000
20210115193448	2000
20210115193448	2000
20210115193448	2000
20210115193448	2000
20210115193449	2000
20210115193449	2000
20210115193449	2000
20210115193449	2000
20210115193449	2000
20210115193449	2000
20210115193449	2000
20210115193449	2000
20210115193449	2000
20210115193449	2000
20210115193449	2000
20210115193449	2000
20210115193449	2000
20210115193449	2000
20210115193449	2000
20210115193449	2000
20210115193449	2000
20210115193449	2000
20210115193449	2000
20210115193449	2000
20210115193449	2000
20210115193449	2000
20210115193449	2000
20210115193449	2000
20210115193449	2000
20210115193449	2000
20210115193449	2000
20210115193449	2000
20210115193449	2000
20210115193449	2000
20210115193449	2000
20210115193449	2000
20210115193449	2000
20210115193449	2000
20210115193449	2000
20210115193449	2000
20210115193449	2000
20210115193449	2000
20210115193449	2000
20210115193450	2000
20210115193450	2000
20210115193450	2000
20210115193450	2000
20210115193450	2000
20210115193450	2000
20210115193450	2000
20210115193450	2000
20210115193450	2000
20210115193450	2000
20210115193450	2000
20210115193450	2000
20210115193450	2000
20210115193450	2000
20210115193450	2000
20210115193450	2000
20210115193450	2000
20210115193450	2000
20210115193450	2000
20210115193450	2000
20210115193450	2000
20210115193450	2000
20210115193450	2000
20210115193450	2000
20210115193450	2000
20210115193450	2000
20210115193450	2000
20210115193450	2000
20210115193450	2000
20210115193450	2000
20210115193450	2000
20210115193450	2000
20210115193450	2000
20210115193450	2000
20210115193450	2000
20210115193450	2000
20210115193450	2000
20210115193450	2000
20210115193450	2000
20210115193450	2000
20210115193450	2000
20210115193451	2000
20210115193451	2000
20210115193451	2000
20210115193451	2000
20210115193451	2000
20210115193451	2000
20210115193451	2000
20210115193451	2000
20210115193451	2000
20210115193451	2000
20210115193451	2000
20210115193451	2000
20210115193451	2000
20210115193451	2000
20210115193451	2000
20210115193451	2000
20210115193451	2000
20210115193451	2000
20210115193451	2000
20210115193451	2000
20210115193451	2000
20210115193451	2000
20210115193451	2000
20210115193451	2000
20210115193451	2000
20210115193451	2000
20210115193451	2000
20210115193451	2000
20210115193451	2000
20210115193451	2000
20210115193451	2000
20210115193451	2000
20210115193451	2000
20210115193451	2000
20210115193451	2000
20210115193451	2000
20210115193451	2000
20210115193451	2000
20210115193451	2000
20210115193451	2000
20210115193451	2000
20210115193451	2000
20210115193451	2000
20210115193451	2000
20210115193452	2000
20210115193452	2000
20210115193452	2000
20210115193452	2000
20210115193452	2000
20210115193452	2000
20210115193452	2000
20210115193452	2000
20210115193452	2000
20210115193452	2000
20210115193452	2000
20210115193452	2000
20210115193452	2000
20210115193452	2000
20210115193452	2000
20210115193452	2000
20210115193452	2000
20210115193452	2000
20210115193452	2000
20210115193452	2000
20210115193452	2000
20210115193452	2000
20210115193452	2000
20210115193452	2000
20210115193452	2000
20210115193452	2000
20210115193452	2000
20210115193452	2000
20210115193453	2000
20210115193453	2000
20210115193453	2000
20210115193453	2000
20210115193453	2000
20210115193453	2000
20210115193453	2000
20210115193453	2000
20210115193453	2000
20210115193453	2000
20210115193453	2000
20210115193453	2000
20210115193453	2000
20210115193453	2000
20210115193453	2000
20210115193453	2000
20210115193453	2000
20210115193453	2000
20210115193453	2000
20210115193453	2000
20210115193453	2000
20210115193453	2000
20210115193453	2000
20210115193453	2000
20210115193453	2000
20210115193453	2000
20210115193453	2000
20210115193453	2000
20210115193453	2000
20210115193453	2000
20210115193453	2000
20210115193453	2000
20210115193453	2000
20210115193453	2000
20210115193453	2000
20210115193453	2000
20210115193453	2000
20210115193453	2000
20210115193453	2000
20210115193453	2000
20210115193453	2000
20210115193453	2000
20210115193453	2000
20210115193453	2000
20210115193453	2000
20210115193453	2000
20210115193453	2000
20210115193453	2000
20210115193453	2000
20210115193453	2000
20210115193454	2000
20210115193454	2000
20210115193454	2000
20210115193454	2000
20210115193454	2000
20210115193454	2000
20210115193454	2000
20210115193454	2000
20210115193454	2000
20210115193454	2000
20210115193454	2000
20210115193454	2000
20210115193454	2000
20210115193454	2000
20210115193454	2000
20210115193454	2000
20210115193454	2000
20210115193454	2000
20210115193454	2000
20210115193454	2000
20210115193454	2000
20210115193454	2000
20210115193454	2000
20210115193454	2000
20210115193454	2000
20210115193454	2000
20210115193454	2000
20210115193454	2000
20210115193454	2000
20210115193454	2000
20210115193454	2000
20210115193454	2000
20210115193454	2000
20210115193454	2000
20210115193454	2000
20210115193454	2000
20210115193454	2000
20210115193454	2000
20210115193454	2000
20210115193454	2000
20210115193454	2000
20210115193454	2000
20210115193454	2000
20210115193455	2000
20210115193455	2000
20210115193455	2000
20210115193455	2000
20210115193455	2000
20210115193455	2000
20210115193455	2000
20210115193455	2000
20210115193455	2000
20210115193455	2000
20210115193455	2000
20210115193455	2000
20210115193455	2000
20210115193455	2000
20210115193455	2000
20210115193455	2000
20210115193455	2000
20210115193455	2000
20210115193455	2000
20210115193455	2000
20210115193455	2000
20210115193455	2000
20210115193455	2000
20210115193455	2000
20210115193455	2000
20210115193455	2000
20210115193455	2000
20210115193455	2000
20210115193455	2000
20210115193456	2000
20210115193456	2000
20210115193456	2000
20210115193456	2000
20210115193456	2000
20210115193456	2000
20210115193456	2000
20210115193456	2000
20210115193456	2000
20210115193456	2000
20210115193456	2000
20210115193456	2000
20210115193456	2000
20210115193456	2000
20210115193456	2000
20210115193456	2000
20210115193456	2000
20210115193456	2000
20210115193456	2000
20210115193456	2000
20210115193456	2000
20210115193456	2000
20210115193456	2000
20210115193456	2000
20210115193456	2000
20210115193456	2000
20210115193456	2000
20210115193456	2000
20210115193456	2000
20210115193456	2000
20210115193456	2000
20210115193456	2000
20210115193456	2000
20210115193456	2000
20210115193456	2000
20210115193456	2000
20210115193456	2000
20210115193456	2000
20210115193456	2000
20210115193456	2000
20210115193456	2000
20210115193456	2000
20210115193456	2000
20210115193456	2000
20210115193456	2000
20210115193457	2000
20210115193457	2000
20210115193457	2000
20210115193457	2000
20210115193457	2000
20210115193457	2000
20210115193457	2000
20210115193457	2000
20210115193457	2000
20210115193457	2000
20210115193457	2000
20210115193457	2000
20210115193457	2000
20210115193457	2000
20210115193457	2000
20210115193457	2000
20210115193457	2000
20210115193457	2000
20210115193457	2000
20210115193457	2000
20210115193457	2000
20210115193457	2000
20210115193457	2000
20210115193457	2000
20210115193457	2000
20210115193457	2000
20210115193457	2000
20210115193458	2000
20210115193458	2000
20210115193458	2000
20210115193458	2000
20210115193458	2000
20210115193458	2000
20210115193458	2000
20210115193458	2000
20210115193458	2000
20210115193458	2000
20210115193458	2000
20210115193458	2000
20210115193458	2000
20210115193458	2000
20210115193458	2000
20210115193458	2000
20210115193458	2000
20210115193458	2000
20210115193458	2000
20210115193458	2000
20210115193458	2000
20210115193458	2000
20210115193458	2000
20210115193459	2000
20210115193459	2000
20210115193459	2000
20210115193459	2000
20210115193459	2000
20210115193459	2000
20210115193459	2000
20210115193459	2000
20210115193459	2000
20210115193459	2000
20210115193459	2000
20210115193459	2000
20210115193459	2000
20210115193459	2000
20210115193459	2000
20210115193459	2000
20210115193459	2000
20210115193459	2000
20210115193459	2000
20210115193459	2000
20210115193459	2000
20210115193459	2000
20210115193459	2000
20210115193459	2000
20210115193459	2000
20210115193459	2000
20210115193459	2000
20210115193459	2000
20210115193459	2000
20210115193459	2000
20210115193500	2000
20210115193500	2000
20210115193500	2000
20210115193500	2000
20210115193500	2000
20210115193500	2000
20210115193500	2000
20210115193500	2000
20210115193500	2000
20210115193500	2000
20210115193500	2000
20210115193500	2000
20210115193500	2000
20210115193500	2000
20210115193500	2000
20210115193500	2000
20210115193500	2000
20210115193500	2000
20210115193500	2000
20210115193500	2000
20210115193500	2000
20210115193500	2000
20210115193500	2000
20210115193500	2000
20210115193500	2000
20210115193500	2000
20210115193500	2000
20210115193500	2000
20210115193500	2000
20210115193500	2000
20210115193500	2000
20210115193500	2000
20210115193500	2000
20210115193500	2000
20210115193500	2000
20210115193500	2000
20210115193500	2000
20210115193500	2000
20210115193500	2000
20210115193500	2000
20210115193500	2000
20210115193500	2000
20210115193500	2000
20210115193501	2000
20210115193501	2000
20210115193501	2000
20210115193501	2000
20210115193501	2000
20210115193501	2000
20210115193501	2000
20210115193501	2000
20210115193501	2000
20210115193501	2000
20210115193501	2000
20210115193501	2000
20210115193501	2000
20210115193501	2000
20210115193501	2000
20210115193501	2000
20210115193501	2000
20210115193501	2000
20210115193501	2000
20210115193501	2000
20210115193501	2000
20210115193501	2000
20210115193501	2000
20210115193501	2000
20210115193501	2000
20210115193501	2000
20210115193501	2000
20210115193501	2000
20210115193501	2000
20210115193501	2000
20210115193501	2000
20210115193501	2000
20210115193501	2000
20210115193501	2000
20210115193501	2000
20210115193501	2000
20210115193501	2000
20210115193501	2000
20210115193501	2000
20210115193501	2000
20210115193501	2000
20210115193501	2000
20210115193501	2000
20210115193501	2000
20210115193501	2000
20210115193501	2000
20210115193501	2000
20210115193501	2000
20210115193501	2000
20210115193501	2000
20210115193501	2000
20210115193501	2000
20210115193501	2000
20210115193501	2000
20210115193501	2000
20210115193501	2000
20210115193502	2000
20210115193502	2000
20210115193502	2000
20210115193502	2000
20210115193502	2000
20210115193502	2000
20210115193502	2000
20210115193502	2000
20210115193502	2000
20210115193502	2000
20210115193502	2000
20210115193502	2000
20210115193502	2000
20210115193502	2000
20210115193502	2000
20210115193502	2000
20210115193502	2000
20210115193502	2000
20210115193502	2000
20210115193502	2000
20210115193502	2000
20210115193502	2000
20210115193502	2000
