20210111114516	33.5655
20210111114516	33.3366
20210111114516	33.3366
20210111114516	33.3242
20210111114516	33.3242
20210111114516	33.3242
20210111114516	33.3114
20210111114516	33.3114
20210111114516	33.3114
20210111114516	33.3114
20210111114516	33.2949
20210111114516	33.2949
20210111114516	33.2949
20210111114516	33.2812
20210111114516	33.2812
20210111114516	33.2812
20210111114516	33.267
20210111114516	33.267
20210111114516	33.267
20210111114516	33.267
20210111114516	33.2523
20210111114516	33.2523
20210111114516	33.2523
20210111114516	33.2371
20210111114516	33.2371
20210111114516	33.2371
20210111114516	33.2211
20210111114516	33.2211
20210111114516	33.2211
20210111114516	33.2211
20210111114516	33.2046
20210111114516	33.2046
20210111114516	33.2046
20210111114516	33.1876
20210111114516	33.1876
20210111114516	33.1876
20210111114516	33.1655
20210111114516	33.1655
20210111114516	33.1655
20210111114516	33.1655
20210111114516	33.1471
20210111114516	33.1471
20210111114516	33.1471
20210111114516	33.1281
20210111114516	33.1281
20210111114516	33.1281
20210111114516	33.1083
20210111114516	33.1083
20210111114516	33.1083
20210111114516	33.1083
20210111114516	33.0828
20210111114516	33.0828
20210111114516	33.0828
20210111114516	33.0671
20210111114516	33.0671
20210111114516	33.0671
20210111114516	33.0402
20210111114516	33.0402
20210111114516	33.0402
20210111114516	33.0402
20210111114516	33.0181
20210111114516	33.0181
20210111114516	33.0181
20210111114516	32.9955
20210111114516	32.9955
20210111114516	32.9955
20210111114516	32.9955
20210111114516	32.9665
20210111114516	32.9665
20210111114516	32.9665
20210111114516	32.9486
20210111114516	32.9486
20210111114516	32.9486
20210111114516	32.9179
20210111114516	32.9179
20210111114516	32.9179
20210111114516	32.9179
20210111114516	32.8925
20210111114516	32.8925
20210111114516	32.8925
20210111114516	32.8664
20210111114516	32.8664
20210111114516	32.8664
20210111114516	32.8396
20210111114516	32.8396
20210111114516	32.8396
20210111114516	32.8396
20210111114516	32.812
20210111114516	32.812
20210111114516	32.812
20210111114516	32.7836
20210111114516	32.7836
20210111114516	32.7836
20210111114517	32.7469
20210111114517	32.7469
20210111114517	32.7469
20210111114517	32.7469
20210111114517	32.7166
20210111114517	32.7166
20210111114517	32.7166
20210111114517	32.6855
20210111114517	32.6855
20210111114517	32.6855
20210111114517	32.6537
20210111114517	32.6537
20210111114517	32.6537
20210111114517	32.6537
20210111114517	32.6211
20210111114517	32.6211
20210111114517	32.6211
20210111114517	32.5878
20210111114517	32.5878
20210111114517	32.5878
20210111114517	32.5539
20210111114517	32.5539
20210111114517	32.5539
20210111114517	32.5539
20210111114517	32.5104
20210111114517	32.5104
20210111114517	32.5104
20210111114517	32.4747
20210111114517	32.4747
20210111114517	32.4747
20210111114517	32.4382
20210111114517	32.4382
20210111114517	32.4382
20210111114517	32.4382
20210111114517	32.401
20210111114517	32.401
20210111114517	32.401
20210111114517	32.3629
20210111114517	32.3629
20210111114517	32.3629
20210111114517	32.3237
20210111114517	32.3237
20210111114517	32.3237
20210111114517	32.3237
20210111114517	32.2738
20210111114517	32.2738
20210111114517	32.2738
20210111114517	32.2332
20210111114517	32.2332
20210111114517	32.2332
20210111114517	32.1916
20210111114517	32.1916
20210111114517	32.1916
20210111114517	32.1916
20210111114517	32.149
20210111114517	32.149
20210111114517	32.149
20210111114517	32.1055
20210111114517	32.1055
20210111114517	32.1055
20210111114517	32.0613
20210111114517	32.0613
20210111114517	32.0613
20210111114517	32.0613
20210111114517	32.0049
20210111114517	32.0049
20210111114517	32.0049
20210111114517	31.959
20210111114517	31.959
20210111114517	31.959
20210111114517	31.9125
20210111114517	31.9125
20210111114517	31.9125
20210111114517	31.9125
20210111114517	31.8651
20210111114517	31.8651
20210111114517	31.8651
20210111114517	31.8168
20210111114517	31.8168
20210111114517	31.8168
20210111114517	31.7678
20210111114517	31.7678
20210111114517	31.7678
20210111114517	31.7678
20210111114517	31.7059
20210111114517	31.7059
20210111114517	31.7059
20210111114517	31.6555
20210111114517	31.6555
20210111114517	31.6555
20210111114517	31.6046
20210111114517	31.6046
20210111114517	31.6046
20210111114517	31.6046
20210111114517	31.5531
20210111114517	31.5531
20210111114517	31.5531
20210111114517	31.5008
20210111114517	31.5008
20210111114517	31.5008
20210111114518	31.4482
20210111114518	31.4482
20210111114518	31.4482
20210111114518	31.4482
20210111114518	31.3812
20210111114518	31.3812
20210111114518	31.3812
20210111114518	31.3267
20210111114518	31.3267
20210111114518	31.3267
20210111114518	31.2719
20210111114518	31.2719
20210111114518	31.2719
20210111114518	31.2719
20210111114518	31.2166
20210111114518	31.2166
20210111114518	31.2166
20210111114518	31.1605
20210111114518	31.1605
20210111114518	31.1605
20210111114518	31.1038
20210111114518	31.1038
20210111114518	31.1038
20210111114518	31.1038
20210111114518	31.032
20210111114518	31.032
20210111114518	31.032
20210111114518	30.9739
20210111114518	30.9739
20210111114518	30.9739
20210111114518	30.9154
20210111114518	30.9154
20210111114518	30.9154
20210111114518	30.9154
20210111114518	30.8563
20210111114518	30.8563
20210111114518	30.8563
20210111114518	30.7963
20210111114518	30.7963
20210111114518	30.7963
20210111114518	30.7357
20210111114518	30.7357
20210111114518	30.7357
20210111114518	30.7357
20210111114518	30.6591
20210111114518	30.6591
20210111114518	30.6591
20210111114518	30.5972
20210111114518	30.5972
20210111114518	30.5972
20210111114518	30.5347
20210111114518	30.5347
20210111114518	30.5347
20210111114518	30.5347
20210111114518	30.4717
20210111114518	30.4717
20210111114518	30.4717
20210111114518	30.3922
20210111114518	30.3922
20210111114518	30.3922
20210111114518	30.3441
20210111114518	30.3441
20210111114518	30.3441
20210111114518	30.3441
20210111114518	30.2633
20210111114518	30.2633
20210111114518	30.2633
20210111114518	30.198
20210111114518	30.198
20210111114518	30.198
20210111114518	30.1325
20210111114518	30.1325
20210111114518	30.1325
20210111114518	30.1325
20210111114518	30.0502
20210111114518	30.0502
20210111114518	30.0502
20210111114518	30.0006
20210111114518	30.0006
20210111114518	30.0006
20210111114518	29.9342
20210111114518	29.9342
20210111114518	29.9342
20210111114518	29.9342
20210111114518	29.8508
20210111114518	29.8508
20210111114518	29.8508
20210111114518	29.7837
20210111114518	29.7837
20210111114518	29.7837
20210111114518	29.7161
20210111114518	29.7161
20210111114518	29.7161
20210111114518	29.7161
20210111114518	29.6481
20210111114518	29.6481
20210111114518	29.6481
20210111114518	29.5797
20210111114518	29.5797
20210111114518	29.5797
20210111114519	29.4951
20210111114519	29.4951
20210111114519	29.4951
20210111114519	29.4951
20210111114519	29.4277
20210111114519	29.4277
20210111114519	29.4277
20210111114519	29.3599
20210111114519	29.3599
20210111114519	29.3599
20210111114519	29.2918
20210111114519	29.2918
20210111114519	29.2918
20210111114519	29.2918
20210111114519	29.2235
20210111114519	29.2235
20210111114519	29.2235
20210111114519	29.1381
20210111114519	29.1381
20210111114519	29.1381
20210111114519	29.0703
20210111114519	29.0703
20210111114519	29.0703
20210111114519	29.0703
20210111114519	29.0028
20210111114519	29.0028
20210111114519	29.0028
20210111114519	28.9353
20210111114519	28.9353
20210111114519	28.9353
20210111114519	28.8677
20210111114519	28.8677
20210111114519	28.8677
20210111114519	28.8677
20210111114519	28.7999
20210111114519	28.7999
20210111114519	28.7999
20210111114519	28.7323
20210111114519	28.7323
20210111114519	28.7323
20210111114519	28.6654
20210111114519	28.6654
20210111114519	28.6654
20210111114519	28.6654
20210111114519	28.5827
20210111114519	28.5827
20210111114519	28.5827
20210111114519	28.5165
20210111114519	28.5165
20210111114519	28.5165
20210111114519	28.4505
20210111114519	28.4505
20210111114519	28.4505
20210111114519	28.4505
20210111114519	28.3845
20210111114519	28.3845
20210111114519	28.3845
20210111114519	28.3187
20210111114519	28.3187
20210111114519	28.3187
20210111114519	28.2378
20210111114519	28.2378
20210111114519	28.2378
20210111114519	28.2378
20210111114519	28.1737
20210111114519	28.1737
20210111114519	28.1737
20210111114519	28.1096
20210111114519	28.1096
20210111114519	28.1096
20210111114519	28.1096
20210111114519	28.1096
20210111114519	28.1096
20210111114519	28.1096
20210111114519	28.1096
20210111114519	28.1096
20210111114519	28.1096
20210111114519	28.1096
20210111114519	28.1096
20210111114519	28.1096
20210111114519	28.0458
20210111114519	28.0458
20210111114519	28.0458
20210111114519	28.0458
20210111114519	27.9665
20210111114519	27.9665
20210111114519	27.9665
20210111114519	27.9031
20210111114519	27.9031
20210111114519	27.9031
20210111114519	27.8561
20210111114519	27.8561
20210111114519	27.8561
20210111114519	27.8561
20210111114519	27.7782
20210111114519	27.7782
20210111114519	27.7782
20210111114519	27.7161
20210111114519	27.7161
20210111114519	27.7161
20210111114520	27.6544
20210111114520	27.6544
20210111114520	27.6544
20210111114520	27.6544
20210111114520	27.5776
20210111114520	27.5776
20210111114520	27.5776
20210111114520	27.5318
20210111114520	27.5318
20210111114520	27.5318
20210111114520	27.4715
20210111114520	27.4715
20210111114520	27.4715
20210111114520	27.4715
20210111114520	27.397
20210111114520	27.397
20210111114520	27.397
20210111114520	27.3377
20210111114520	27.3377
20210111114520	27.3377
20210111114520	27.2787
20210111114520	27.2787
20210111114520	27.2787
20210111114520	27.2787
20210111114520	27.2199
20210111114520	27.2199
20210111114520	27.2199
20210111114520	27.1615
20210111114520	27.1615
20210111114520	27.1615
20210111114520	27.1039
20210111114520	27.1039
20210111114520	27.1039
20210111114520	27.1039
20210111114520	27.033
20210111114520	27.033
20210111114520	27.033
20210111114520	26.9765
20210111114520	26.9765
20210111114520	26.9765
20210111114520	26.9203
20210111114520	26.9203
20210111114520	26.9203
20210111114520	26.9203
20210111114520	26.8505
20210111114520	26.8505
20210111114520	26.8505
20210111114520	26.8089
20210111114520	26.8089
20210111114520	26.8089
20210111114520	26.7541
20210111114520	26.7541
20210111114520	26.7541
20210111114520	26.7541
20210111114520	26.6863
20210111114520	26.6863
20210111114520	26.6863
20210111114520	26.6322
20210111114520	26.6322
20210111114520	26.6322
20210111114520	26.5785
20210111114520	26.5785
20210111114520	26.5785
20210111114520	26.5785
20210111114520	26.525
20210111114520	26.525
20210111114520	26.525
20210111114520	26.4718
20210111114520	26.4718
20210111114520	26.4718
20210111114520	26.4192
20210111114520	26.4192
20210111114520	26.4192
20210111114520	26.4192
20210111114520	26.3539
20210111114520	26.3539
20210111114520	26.3539
20210111114520	26.3018
20210111114520	26.3018
20210111114520	26.3018
20210111114520	26.2496
20210111114520	26.2496
20210111114520	26.2496
20210111114520	26.2496
20210111114520	26.1978
20210111114520	26.1978
20210111114520	26.1978
20210111114520	26.1461
20210111114520	26.1461
20210111114520	26.1461
20210111114520	26.0824
20210111114520	26.0824
20210111114520	26.0824
20210111114520	26.0824
20210111114520	26.032
20210111114520	26.032
20210111114520	26.032
20210111114520	25.9816
20210111114520	25.9816
20210111114520	25.9816
20210111114521	25.9313
20210111114521	25.9313
20210111114521	25.9313
20210111114521	25.9313
20210111114521	25.8811
20210111114521	25.8811
20210111114521	25.8811
20210111114521	25.8309
20210111114521	25.8309
20210111114521	25.8309
20210111114521	25.7813
20210111114521	25.7813
20210111114521	25.7813
20210111114521	25.7813
20210111114521	25.7197
20210111114521	25.7197
20210111114521	25.7197
20210111114521	25.6703
20210111114521	25.6703
20210111114521	25.6703
20210111114521	25.6209
20210111114521	25.6209
20210111114521	25.6209
20210111114521	25.6209
20210111114521	25.5712
20210111114521	25.5712
20210111114521	25.5712
20210111114521	25.5214
20210111114521	25.5214
20210111114521	25.5214
20210111114521	25.4598
20210111114521	25.4598
20210111114521	25.4598
20210111114521	25.4598
20210111114521	25.4108
20210111114521	25.4108
20210111114521	25.4108
20210111114521	25.3617
20210111114521	25.3617
20210111114521	25.3617
20210111114521	25.3124
20210111114521	25.3124
20210111114521	25.3124
20210111114521	25.3124
20210111114521	25.2504
20210111114521	25.2504
20210111114521	25.2504
20210111114521	25.213
20210111114521	25.213
20210111114521	25.213
20210111114521	25.1512
20210111114521	25.1512
20210111114521	25.1512
20210111114521	25.1512
20210111114521	25.102
20210111114521	25.102
20210111114521	25.102
20210111114521	25.0526
20210111114521	25.0526
20210111114521	25.0526
20210111114521	25.0526
20210111114521	25.003
20210111114521	25.003
20210111114521	25.003
20210111114521	24.9533
20210111114521	24.9533
20210111114521	24.9533
20210111114521	24.8906
20210111114521	24.8906
20210111114521	24.8906
20210111114521	24.8906
20210111114521	24.853
20210111114521	24.853
20210111114521	24.853
20210111114521	24.7898
20210111114521	24.7898
20210111114521	24.7898
20210111114521	24.7381
20210111114521	24.7381
20210111114521	24.7381
20210111114521	24.6856
20210111114521	24.6856
20210111114521	24.6856
20210111114521	24.6856
20210111114521	24.6318
20210111114521	24.6318
20210111114521	24.6318
20210111114521	24.5766
20210111114521	24.5766
20210111114521	24.5766
20210111114521	24.5205
20210111114521	24.5205
20210111114521	24.5205
20210111114521	24.5205
20210111114521	24.4486
20210111114521	24.4486
20210111114521	24.4486
20210111114521	24.3891
20210111114521	24.3891
20210111114521	24.3891
20210111114522	24.328
20210111114522	24.328
20210111114522	24.328
20210111114522	24.328
20210111114522	24.2652
20210111114522	24.2652
20210111114522	24.2652
20210111114522	24.2007
20210111114522	24.2007
20210111114522	24.2007
20210111114522	24.1349
20210111114522	24.1349
20210111114522	24.1349
20210111114522	24.1349
20210111114522	24.0507
20210111114522	24.0507
20210111114522	24.0507
20210111114522	23.9814
20210111114522	23.9814
20210111114522	23.9814
20210111114522	23.9101
20210111114522	23.9101
20210111114522	23.9101
20210111114522	23.9101
20210111114522	23.8373
20210111114522	23.8373
20210111114522	23.8373
20210111114522	23.7631
20210111114522	23.7631
20210111114522	23.7631
20210111114522	23.6881
20210111114522	23.6881
20210111114522	23.6881
20210111114522	23.6881
20210111114522	23.5937
20210111114522	23.5937
20210111114522	23.5937
20210111114522	23.5172
20210111114522	23.5172
20210111114522	23.5172
20210111114522	23.5172
20210111114522	23.4399
20210111114522	23.4399
20210111114522	23.4399
20210111114522	23.362
20210111114522	23.362
20210111114522	23.362
20210111114522	23.2836
20210111114522	23.2836
20210111114522	23.2836
20210111114522	23.2836
20210111114522	23.2059
20210111114522	23.2059
20210111114522	23.2059
20210111114522	23.1088
20210111114522	23.1088
20210111114522	23.1088
20210111114522	23.031
20210111114522	23.031
20210111114522	23.031
20210111114522	23.031
20210111114522	22.9533
20210111114522	22.9533
20210111114522	22.9533
20210111114522	22.9533
20210111114522	22.9533
20210111114522	22.9533
20210111114522	22.9533
20210111114522	22.9533
20210111114522	22.9533
20210111114522	22.9533
20210111114522	22.9533
20210111114522	22.9533
20210111114522	22.9533
20210111114522	22.8565
20210111114522	22.8565
20210111114522	22.8565
20210111114522	22.7986
20210111114522	22.7986
20210111114522	22.7986
20210111114522	22.7224
20210111114522	22.7224
20210111114522	22.7224
20210111114522	22.7224
20210111114522	22.6285
20210111114522	22.6285
20210111114522	22.6285
20210111114522	22.5542
20210111114522	22.5542
20210111114522	22.5542
20210111114522	22.4809
20210111114522	22.4809
20210111114522	22.4809
20210111114522	22.4809
20210111114522	22.3908
20210111114522	22.3908
20210111114522	22.3908
20210111114522	22.3378
20210111114522	22.3378
20210111114522	22.3378
20210111114523	22.3378
20210111114523	22.2523
20210111114523	22.2523
20210111114523	22.2523
20210111114523	22.1863
20210111114523	22.1863
20210111114523	22.1863
20210111114523	22.1222
20210111114523	22.1222
20210111114523	22.1222
20210111114523	22.0608
20210111114523	22.0608
20210111114523	22.0608
20210111114523	22.0608
20210111114523	22.0018
20210111114523	22.0018
20210111114523	22.0018
20210111114523	21.932
20210111114523	21.932
20210111114523	21.932
20210111114523	21.8929
20210111114523	21.8929
20210111114523	21.8929
20210111114523	21.8929
20210111114523	21.8318
20210111114523	21.8318
20210111114523	21.8318
20210111114523	21.7866
20210111114523	21.7866
20210111114523	21.7866
20210111114523	21.7449
20210111114523	21.7449
20210111114523	21.7449
20210111114523	21.7449
20210111114523	21.6976
20210111114523	21.6976
20210111114523	21.6976
20210111114523	21.6719
20210111114523	21.6719
20210111114523	21.6719
20210111114523	21.6415
20210111114523	21.6415
20210111114523	21.6415
20210111114523	21.6415
20210111114523	21.6092
20210111114523	21.6092
20210111114523	21.6092
20210111114523	21.5877
20210111114523	21.5877
20210111114523	21.5877
20210111114523	21.5702
20210111114523	21.5702
20210111114523	21.5702
20210111114523	21.5702
20210111114523	21.5538
20210111114523	21.5538
20210111114523	21.5538
20210111114523	21.5469
20210111114523	21.5469
20210111114523	21.5469
20210111114523	21.5416
20210111114523	21.5416
20210111114523	21.5416
20210111114523	21.5416
20210111114523	21.5425
20210111114523	21.5425
20210111114523	21.5425
20210111114523	21.5474
20210111114523	21.5474
20210111114523	21.5474
20210111114523	21.5566
20210111114523	21.5566
20210111114523	21.5566
20210111114523	21.5566
20210111114523	21.5741
20210111114523	21.5741
20210111114523	21.5741
20210111114523	21.5879
20210111114523	21.5879
20210111114523	21.5879
20210111114523	21.6107
20210111114523	21.6107
20210111114523	21.6107
20210111114523	21.6107
20210111114523	21.6463
20210111114523	21.6463
20210111114523	21.6463
20210111114523	21.6798
20210111114523	21.6798
20210111114523	21.6798
20210111114523	21.7176
20210111114523	21.7176
20210111114523	21.7176
20210111114523	21.7176
20210111114523	21.7598
20210111114523	21.7598
20210111114523	21.7598
20210111114523	21.8065
20210111114523	21.8065
20210111114523	21.8065
20210111114524	21.858
20210111114524	21.858
20210111114524	21.858
20210111114524	21.858
20210111114524	21.9293
20210111114524	21.9293
20210111114524	21.9293
20210111114524	21.991
20210111114524	21.991
20210111114524	21.991
20210111114524	22.0564
20210111114524	22.0564
20210111114524	22.0564
20210111114524	22.0564
20210111114524	22.1435
20210111114524	22.1435
20210111114524	22.1435
20210111114524	22.1985
20210111114524	22.1985
20210111114524	22.1985
20210111114524	22.2946
20210111114524	22.2946
20210111114524	22.2946
20210111114524	22.2946
20210111114524	22.3756
20210111114524	22.3756
20210111114524	22.3756
20210111114524	22.4602
20210111114524	22.4602
20210111114524	22.4602
20210111114524	22.5484
20210111114524	22.5484
20210111114524	22.5484
20210111114524	22.5484
20210111114524	22.6633
20210111114524	22.6633
20210111114524	22.6633
20210111114524	22.7346
20210111114524	22.7346
20210111114524	22.7346
20210111114524	22.8325
20210111114524	22.8325
20210111114524	22.8325
20210111114524	22.8325
20210111114524	22.959
20210111114524	22.959
20210111114524	22.959
20210111114524	23.0635
20210111114524	23.0635
20210111114524	23.0635
20210111114524	23.1708
20210111114524	23.1708
20210111114524	23.1708
20210111114524	23.1708
20210111114524	23.2809
20210111114524	23.2809
20210111114524	23.2809
20210111114524	23.3936
20210111114524	23.3936
20210111114524	23.3936
20210111114524	23.5382
20210111114524	23.5382
20210111114524	23.5382
20210111114524	23.5382
20210111114524	23.6565
20210111114524	23.6565
20210111114524	23.6565
20210111114524	23.7772
20210111114524	23.7772
20210111114524	23.7772
20210111114524	23.9002
20210111114524	23.9002
20210111114524	23.9002
20210111114524	23.9002
20210111114524	24.0259
20210111114524	24.0259
20210111114524	24.0259
20210111114524	24.186
20210111114524	24.186
20210111114524	24.186
20210111114524	24.2837
20210111114524	24.2837
20210111114524	24.2837
20210111114524	24.2837
20210111114524	24.4492
20210111114524	24.4492
20210111114524	24.4492
20210111114524	24.584
20210111114524	24.584
20210111114524	24.584
20210111114524	24.7213
20210111114524	24.7213
20210111114524	24.7213
20210111114524	24.7213
20210111114524	24.8607
20210111114524	24.8607
20210111114524	24.8607
20210111114524	25.002
20210111114524	25.002
20210111114524	25.002
20210111114525	25.1454
20210111114525	25.1454
20210111114525	25.1454
20210111114525	25.1454
20210111114525	25.3272
20210111114525	25.3272
20210111114525	25.3272
20210111114525	25.4748
20210111114525	25.4748
20210111114525	25.4748
20210111114525	25.6245
20210111114525	25.6245
20210111114525	25.6245
20210111114525	25.6245
20210111114525	25.776
20210111114525	25.776
20210111114525	25.776
20210111114525	25.9294
20210111114525	25.9294
20210111114525	25.9294
20210111114525	26.0848
20210111114525	26.0848
20210111114525	26.0848
20210111114525	26.0848
20210111114525	26.2817
20210111114525	26.2817
20210111114525	26.2817
20210111114525	26.4415
20210111114525	26.4415
20210111114525	26.4415
20210111114525	26.6035
20210111114525	26.6035
20210111114525	26.6035
20210111114525	26.6035
20210111114525	26.8085
20210111114525	26.8085
20210111114525	26.8085
20210111114525	26.9746
20210111114525	26.9746
20210111114525	26.9746
20210111114525	27.1425
20210111114525	27.1425
20210111114525	27.1425
20210111114525	27.1425
20210111114525	27.3123
20210111114525	27.3123
20210111114525	27.3123
20210111114525	27.4839
20210111114525	27.4839
20210111114525	27.4839
20210111114525	27.6571
20210111114525	27.6571
20210111114525	27.6571
20210111114525	27.6571
20210111114525	27.8321
20210111114525	27.8321
20210111114525	27.8321
20210111114525	28.0092
20210111114525	28.0092
20210111114525	28.0092
20210111114525	28.188
20210111114525	28.188
20210111114525	28.188
20210111114525	28.188
20210111114525	28.4143
20210111114525	28.4143
20210111114525	28.4143
20210111114525	28.5973
20210111114525	28.5973
20210111114525	28.5973
20210111114525	28.7822
20210111114525	28.7822
20210111114525	28.7822
20210111114525	28.7822
20210111114525	29.0167
20210111114525	29.0167
20210111114525	29.0167
20210111114525	29.1596
20210111114525	29.1596
20210111114525	29.1596
20210111114525	29.3529
20210111114525	29.3529
20210111114525	29.3529
20210111114525	29.3529
20210111114525	29.6003
20210111114525	29.6003
20210111114525	29.6003
20210111114525	29.8036
20210111114525	29.8036
20210111114525	29.8036
20210111114525	30.0116
20210111114525	30.0116
20210111114525	30.0116
20210111114525	30.0116
20210111114525	30.2242
20210111114525	30.2242
20210111114525	30.2242
20210111114525	30.4418
20210111114525	30.4418
20210111114525	30.4418
20210111114526	30.6636
20210111114526	30.6636
20210111114526	30.6636
20210111114526	30.6636
20210111114526	30.9449
20210111114526	30.9449
20210111114526	30.9449
20210111114526	31.1717
20210111114526	31.1717
20210111114526	31.1717
20210111114526	31.3991
20210111114526	31.3991
20210111114526	31.3991
20210111114526	31.3991
20210111114526	31.6269
20210111114526	31.6269
20210111114526	31.6269
20210111114526	31.9116
20210111114526	31.9116
20210111114526	31.9116
20210111114526	32.1393
20210111114526	32.1393
20210111114526	32.1393
20210111114526	32.1393
20210111114526	32.3676
20210111114526	32.3676
20210111114526	32.3676
20210111114526	32.5965
20210111114526	32.5965
20210111114526	32.5965
20210111114526	32.8253
20210111114526	32.8253
20210111114526	32.8253
20210111114526	32.8253
20210111114526	33.0546
20210111114526	33.0546
20210111114526	33.0546
20210111114526	33.2844
20210111114526	33.2844
20210111114526	33.2844
20210111114526	33.5721
20210111114526	33.5721
20210111114526	33.5721
20210111114526	33.5721
20210111114526	33.8023
20210111114526	33.8023
20210111114526	33.8023
20210111114526	34.0323
20210111114526	34.0323
20210111114526	34.0323
20210111114526	34.0323
20210111114526	34.2619
20210111114526	34.2619
20210111114526	34.2619
20210111114526	34.4902
20210111114526	34.4902
20210111114526	34.4902
20210111114526	34.7733
20210111114526	34.7733
20210111114526	34.7733
20210111114526	34.9981
20210111114526	34.9981
20210111114526	34.9981
20210111114526	34.9981
20210111114526	35.2207
20210111114526	35.2207
20210111114526	35.2207
20210111114526	35.4411
20210111114526	35.4411
20210111114526	35.4411
20210111114526	35.6598
20210111114526	35.6598
20210111114526	35.6598
20210111114526	35.6598
20210111114526	35.8762
20210111114526	35.8762
20210111114526	35.8762
20210111114526	36.0903
20210111114526	36.0903
20210111114526	36.0903
20210111114526	36.0903
20210111114526	36.3548
20210111114526	36.3548
20210111114526	36.3548
20210111114526	36.5643
20210111114526	36.5643
20210111114526	36.5643
20210111114526	36.7718
20210111114526	36.7718
20210111114526	36.7718
20210111114526	36.9774
20210111114526	36.9774
20210111114526	36.9774
20210111114526	36.9774
20210111114526	37.2313
20210111114526	37.2313
20210111114526	37.2313
20210111114526	37.3817
20210111114526	37.3817
20210111114526	37.3817
20210111114527	37.579
20210111114527	37.579
20210111114527	37.579
20210111114527	37.579
20210111114527	37.8202
20210111114527	37.8202
20210111114527	37.8202
20210111114527	38.008
20210111114527	38.008
20210111114527	38.008
20210111114527	38.1915
20210111114527	38.1915
20210111114527	38.1915
20210111114527	38.1915
20210111114527	38.3692
20210111114527	38.3692
20210111114527	38.3692
20210111114527	38.5404
20210111114527	38.5404
20210111114527	38.5404
20210111114527	38.7054
20210111114527	38.7054
20210111114527	38.7054
20210111114527	38.7054
20210111114527	38.9032
20210111114527	38.9032
20210111114527	38.9032
20210111114527	39.0553
20210111114527	39.0553
20210111114527	39.0553
20210111114527	39.0553
20210111114527	39.204
20210111114527	39.204
20210111114527	39.204
20210111114527	39.3845
20210111114527	39.3845
20210111114527	39.3845
20210111114527	39.4901
20210111114527	39.4901
20210111114527	39.4901
20210111114527	39.4901
20210111114527	39.6624
20210111114527	39.6624
20210111114527	39.6624
20210111114527	39.7977
20210111114527	39.7977
20210111114527	39.7977
20210111114527	39.9308
20210111114527	39.9308
20210111114527	39.9308
20210111114527	40.0622
20210111114527	40.0622
20210111114527	40.0622
20210111114527	40.0622
20210111114527	40.1915
20210111114527	40.1915
20210111114527	40.1915
20210111114527	40.3191
20210111114527	40.3191
20210111114527	40.3191
20210111114527	40.4755
20210111114527	40.4755
20210111114527	40.4755
20210111114527	40.4755
20210111114527	40.5977
20210111114527	40.5977
20210111114527	40.5977
20210111114527	40.7171
20210111114527	40.7171
20210111114527	40.7171
20210111114527	40.8331
20210111114527	40.8331
20210111114527	40.8331
20210111114527	40.8331
20210111114527	40.9452
20210111114527	40.9452
20210111114527	40.9452
20210111114527	41.0529
20210111114527	41.0529
20210111114527	41.0529
20210111114527	41.1557
20210111114527	41.1557
20210111114527	41.1557
20210111114527	41.1557
20210111114527	41.2771
20210111114527	41.2771
20210111114527	41.2771
20210111114527	41.3682
20210111114527	41.3682
20210111114527	41.3682
20210111114527	41.4547
20210111114527	41.4547
20210111114527	41.4547
20210111114527	41.4547
20210111114527	41.5368
20210111114527	41.5368
20210111114527	41.5368
20210111114527	41.6151
20210111114527	41.6151
20210111114527	41.6151
20210111114528	41.6901
20210111114528	41.6901
20210111114528	41.6901
20210111114528	41.6901
20210111114528	41.7802
20210111114528	41.7802
20210111114528	41.7802
20210111114528	41.8501
20210111114528	41.8501
20210111114528	41.8501
20210111114528	41.9184
20210111114528	41.9184
20210111114528	41.9184
20210111114528	41.9184
20210111114528	41.9855
20210111114528	41.9855
20210111114528	41.9855
20210111114528	42.0686
20210111114528	42.0686
20210111114528	42.0686
20210111114528	42.0686
20210111114528	42.1345
20210111114528	42.1345
20210111114528	42.1345
20210111114528	42.1999
20210111114528	42.1999
20210111114528	42.1999
20210111114528	42.265
20210111114528	42.265
20210111114528	42.265
20210111114528	42.3291
20210111114528	42.3291
20210111114528	42.3291
20210111114528	42.3291
20210111114528	42.3924
20210111114528	42.3924
20210111114528	42.3924
20210111114528	42.4547
20210111114528	42.4547
20210111114528	42.4547
20210111114528	42.4547
20210111114528	42.5305
20210111114528	42.5305
20210111114528	42.5305
20210111114528	42.5892
20210111114528	42.5892
20210111114528	42.5892
20210111114528	42.6456
20210111114528	42.6456
20210111114528	42.6456
20210111114528	42.6456
20210111114528	42.6992
20210111114528	42.6992
20210111114528	42.6992
20210111114528	42.7499
20210111114528	42.7499
20210111114528	42.7499
20210111114528	42.7978
20210111114528	42.7978
20210111114528	42.7978
20210111114528	42.7978
20210111114528	42.843
20210111114528	42.843
20210111114528	42.843
20210111114528	42.8962
20210111114528	42.8962
20210111114528	42.8962
20210111114528	42.9365
20210111114528	42.9365
20210111114528	42.9365
20210111114528	42.9365
20210111114528	42.9754
20210111114528	42.9754
20210111114528	42.9754
20210111114528	43.023
20210111114528	43.023
20210111114528	43.023
20210111114528	43.0612
20210111114528	43.0612
20210111114528	43.0612
20210111114528	43.0612
20210111114528	43.0902
20210111114528	43.0902
20210111114528	43.0902
20210111114528	43.1396
20210111114528	43.1396
20210111114528	43.1396
20210111114528	43.1808
20210111114528	43.1808
20210111114528	43.1808
20210111114528	43.1808
20210111114528	43.2229
20210111114528	43.2229
20210111114528	43.2229
20210111114528	43.2666
20210111114528	43.2666
20210111114528	43.2666
20210111114528	43.2666
20210111114528	43.3229
20210111114528	43.3229
20210111114529	43.3229
20210111114529	43.3689
20210111114529	43.3689
20210111114529	43.3689
20210111114529	43.4157
20210111114529	43.4157
20210111114529	43.4157
20210111114529	43.4625
20210111114529	43.4625
20210111114529	43.4625
20210111114529	43.4625
20210111114529	43.5087
20210111114529	43.5087
20210111114529	43.5087
20210111114529	43.5543
20210111114529	43.5543
20210111114529	43.5543
20210111114529	43.5989
20210111114529	43.5989
20210111114529	43.5989
20210111114529	43.5989
20210111114529	43.6425
20210111114529	43.6425
20210111114529	43.6425
20210111114529	43.6952
20210111114529	43.6952
20210111114529	43.6952
20210111114529	43.736
20210111114529	43.736
20210111114529	43.736
20210111114529	43.736
20210111114529	43.7757
20210111114529	43.7757
20210111114529	43.7757
20210111114529	43.8244
20210111114529	43.8244
20210111114529	43.8244
20210111114529	43.8537
20210111114529	43.8537
20210111114529	43.8537
20210111114529	43.8537
20210111114529	43.9027
20210111114529	43.9027
20210111114529	43.9027
20210111114529	43.9426
20210111114529	43.9426
20210111114529	43.9426
20210111114529	43.9426
20210111114529	43.9834
20210111114529	43.9834
20210111114529	43.9834
20210111114529	44.0255
20210111114529	44.0255
20210111114529	44.0255
20210111114529	44.0688
20210111114529	44.0688
20210111114529	44.0688
20210111114529	44.0688
20210111114529	44.1132
20210111114529	44.1132
20210111114529	44.1132
20210111114529	44.1584
20210111114529	44.1584
20210111114529	44.1584
20210111114529	44.2157
20210111114529	44.2157
20210111114529	44.2157
20210111114529	44.2157
20210111114529	44.2619
20210111114529	44.2619
20210111114529	44.2619
20210111114529	44.3079
20210111114529	44.3079
20210111114529	44.3079
20210111114529	44.3536
20210111114529	44.3536
20210111114529	44.3536
20210111114529	44.3536
20210111114529	44.3986
20210111114529	44.3986
20210111114529	44.3986
20210111114529	44.4531
20210111114529	44.4531
20210111114529	44.4531
20210111114529	44.4954
20210111114529	44.4954
20210111114529	44.4954
20210111114529	44.4954
20210111114529	44.5364
20210111114529	44.5364
20210111114529	44.5364
20210111114529	44.5761
20210111114529	44.5761
20210111114529	44.5761
20210111114529	44.6144
20210111114529	44.6144
20210111114529	44.6144
20210111114529	44.6144
20210111114529	44.6519
20210111114529	44.6519
20210111114530	44.6519
20210111114530	44.6889
20210111114530	44.6889
20210111114530	44.6889
20210111114530	44.7351
20210111114530	44.7351
20210111114530	44.7351
20210111114530	44.7351
20210111114530	44.772
20210111114530	44.772
20210111114530	44.772
20210111114530	44.8097
20210111114530	44.8097
20210111114530	44.8097
20210111114530	44.8484
20210111114530	44.8484
20210111114530	44.8484
20210111114530	44.8484
20210111114530	44.8979
20210111114530	44.8979
20210111114530	44.8979
20210111114530	44.9384
20210111114530	44.9384
20210111114530	44.9384
20210111114530	44.9797
20210111114530	44.9797
20210111114530	44.9797
20210111114530	44.9797
20210111114530	45.0215
20210111114530	45.0215
20210111114530	45.0215
20210111114530	45.0635
20210111114530	45.0635
20210111114530	45.0635
20210111114530	45.116
20210111114530	45.116
20210111114530	45.116
20210111114530	45.116
20210111114530	45.1473
20210111114530	45.1473
20210111114530	45.1473
20210111114530	45.1881
20210111114530	45.1881
20210111114530	45.1881
20210111114530	45.2378
20210111114530	45.2378
20210111114530	45.2378
20210111114530	45.2378
20210111114530	45.2765
20210111114530	45.2765
20210111114530	45.2765
20210111114530	45.3145
20210111114530	45.3145
20210111114530	45.3145
20210111114530	45.3605
20210111114530	45.3605
20210111114530	45.3605
20210111114530	45.3605
20210111114530	45.3878
20210111114530	45.3878
20210111114530	45.3878
20210111114530	45.3878
20210111114530	45.3878
20210111114530	45.3878
20210111114530	45.3878
20210111114530	45.3878
20210111114530	45.3878
20210111114530	45.3878
20210111114530	45.3878
20210111114530	45.3878
20210111114530	45.3878
20210111114530	45.4333
20210111114530	45.4333
20210111114530	45.4333
20210111114530	45.47
20210111114530	45.47
20210111114530	45.47
20210111114530	45.5073
20210111114530	45.5073
20210111114530	45.5073
20210111114530	45.5454
20210111114530	45.5454
20210111114530	45.5454
20210111114530	45.5454
20210111114530	45.5948
20210111114530	45.5948
20210111114530	45.5948
20210111114530	45.6257
20210111114530	45.6257
20210111114530	45.6257
20210111114530	45.6684
20210111114530	45.6684
20210111114530	45.6684
20210111114530	45.6684
20210111114530	45.7247
20210111114530	45.7247
20210111114530	45.7247
20210111114530	45.7717
20210111114530	45.7717
20210111114530	45.7717
20210111114531	45.82
20210111114531	45.82
20210111114531	45.82
20210111114531	45.82
20210111114531	45.8823
20210111114531	45.8823
20210111114531	45.8823
20210111114531	45.9332
20210111114531	45.9332
20210111114531	45.9332
20210111114531	45.9716
20210111114531	45.9716
20210111114531	45.9716
20210111114531	45.9716
20210111114531	46.0355
20210111114531	46.0355
20210111114531	46.0355
20210111114531	46.0864
20210111114531	46.0864
20210111114531	46.0864
20210111114531	46.137
20210111114531	46.137
20210111114531	46.137
20210111114531	46.137
20210111114531	46.1869
20210111114531	46.1869
20210111114531	46.1869
20210111114531	46.2486
20210111114531	46.2486
20210111114531	46.2486
20210111114531	46.2854
20210111114531	46.2854
20210111114531	46.2854
20210111114531	46.2854
20210111114531	46.347
20210111114531	46.347
20210111114531	46.347
20210111114531	46.3969
20210111114531	46.3969
20210111114531	46.3969
20210111114531	46.4476
20210111114531	46.4476
20210111114531	46.4476
20210111114531	46.4476
20210111114531	46.4999
20210111114531	46.4999
20210111114531	46.4999
20210111114531	46.5535
20210111114531	46.5535
20210111114531	46.5535
20210111114531	46.609
20210111114531	46.609
20210111114531	46.609
20210111114531	46.609
20210111114531	46.6806
20210111114531	46.6806
20210111114531	46.6806
20210111114531	46.7395
20210111114531	46.7395
20210111114531	46.7395
20210111114531	46.7395
20210111114531	46.7996
20210111114531	46.7996
20210111114531	46.7996
20210111114531	46.8757
20210111114531	46.8757
20210111114531	46.8757
20210111114531	46.9216
20210111114531	46.9216
20210111114531	46.9216
20210111114531	46.9824
20210111114531	46.9824
20210111114531	46.9824
20210111114531	46.9824
20210111114531	47.0574
20210111114531	47.0574
20210111114531	47.0574
20210111114531	47.116
20210111114531	47.116
20210111114531	47.116
20210111114531	47.1728
20210111114531	47.1728
20210111114531	47.1728
20210111114531	47.1728
20210111114531	47.2277
20210111114531	47.2277
20210111114531	47.2277
20210111114531	47.2802
20210111114531	47.2802
20210111114531	47.2802
20210111114531	47.3308
20210111114531	47.3308
20210111114531	47.3308
20210111114531	47.3308
20210111114531	47.3915
20210111114531	47.3915
20210111114531	47.3915
20210111114531	47.4383
20210111114531	47.4383
20210111114531	47.4383
20210111114532	47.4838
20210111114532	47.4838
20210111114532	47.4838
20210111114532	47.4838
20210111114532	47.5286
20210111114532	47.5286
20210111114532	47.5286
20210111114532	47.573
20210111114532	47.573
20210111114532	47.573
20210111114532	47.6181
20210111114532	47.6181
20210111114532	47.6181
20210111114532	47.6181
20210111114532	47.6756
20210111114532	47.6756
20210111114532	47.6756
20210111114532	47.7224
20210111114532	47.7224
20210111114532	47.7224
20210111114532	47.7697
20210111114532	47.7697
20210111114532	47.7697
20210111114532	47.7697
20210111114532	47.8294
20210111114532	47.8294
20210111114532	47.8294
20210111114532	47.8654
20210111114532	47.8654
20210111114532	47.8654
20210111114532	47.9132
20210111114532	47.9132
20210111114532	47.9132
20210111114532	47.9132
20210111114532	47.9723
20210111114532	47.9723
20210111114532	47.9723
20210111114532	48.0185
20210111114532	48.0185
20210111114532	48.0185
20210111114532	48.0635
20210111114532	48.0635
20210111114532	48.0635
20210111114532	48.0635
20210111114532	48.1169
20210111114532	48.1169
20210111114532	48.1169
20210111114532	48.1474
