Determining if the pthread_create exist failed with the following output:
Change Dir: /home/fengxuewei/GitHub/uav_project_1/AutoLanding/AutoLanding/build/msgsSub/CMakeFiles/CMakeTmp

Run Build Command:"/usr/bin/make" "cmTC_80fec/fast"
/usr/bin/make -f CMakeFiles/cmTC_80fec.dir/build.make CMakeFiles/cmTC_80fec.dir/build
make[1]: Entering directory '/home/fengxuewei/GitHub/uav_project_1/AutoLanding/AutoLanding/build/msgsSub/CMakeFiles/CMakeTmp'
Building C object CMakeFiles/cmTC_80fec.dir/CheckSymbolExists.c.o
/usr/bin/cc    -o CMakeFiles/cmTC_80fec.dir/CheckSymbolExists.c.o   -c /home/fengxuewei/GitHub/uav_project_1/AutoLanding/AutoLanding/build/msgsSub/CMakeFiles/CMakeTmp/CheckSymbolExists.c
Linking C executable cmTC_80fec
/usr/bin/cmake -E cmake_link_script CMakeFiles/cmTC_80fec.dir/link.txt --verbose=1
/usr/bin/cc      -rdynamic CMakeFiles/cmTC_80fec.dir/CheckSymbolExists.c.o  -o cmTC_80fec 
CMakeFiles/cmTC_80fec.dir/CheckSymbolExists.c.o: In function `main':
CheckSymbolExists.c:(.text+0x1b): undefined reference to `pthread_create'
collect2: error: ld returned 1 exit status
CMakeFiles/cmTC_80fec.dir/build.make:97: recipe for target 'cmTC_80fec' failed
make[1]: *** [cmTC_80fec] Error 1
make[1]: Leaving directory '/home/fengxuewei/GitHub/uav_project_1/AutoLanding/AutoLanding/build/msgsSub/CMakeFiles/CMakeTmp'
Makefile:126: recipe for target 'cmTC_80fec/fast' failed
make: *** [cmTC_80fec/fast] Error 2

File /home/fengxuewei/GitHub/uav_project_1/AutoLanding/AutoLanding/build/msgsSub/CMakeFiles/CMakeTmp/CheckSymbolExists.c:
/* */
#include <pthread.h>

int main(int argc, char** argv)
{
  (void)argv;
#ifndef pthread_create
  return ((int*)(&pthread_create))[argc];
#else
  (void)argc;
  return 0;
#endif
}

Determining if the function pthread_create exists in the pthreads failed with the following output:
Change Dir: /home/fengxuewei/GitHub/uav_project_1/AutoLanding/AutoLanding/build/msgsSub/CMakeFiles/CMakeTmp

Run Build Command:"/usr/bin/make" "cmTC_e2a46/fast"
/usr/bin/make -f CMakeFiles/cmTC_e2a46.dir/build.make CMakeFiles/cmTC_e2a46.dir/build
make[1]: Entering directory '/home/fengxuewei/GitHub/uav_project_1/AutoLanding/AutoLanding/build/msgsSub/CMakeFiles/CMakeTmp'
Building C object CMakeFiles/cmTC_e2a46.dir/CheckFunctionExists.c.o
/usr/bin/cc   -DCHECK_FUNCTION_EXISTS=pthread_create   -o CMakeFiles/cmTC_e2a46.dir/CheckFunctionExists.c.o   -c /usr/share/cmake-3.10/Modules/CheckFunctionExists.c
Linking C executable cmTC_e2a46
/usr/bin/cmake -E cmake_link_script CMakeFiles/cmTC_e2a46.dir/link.txt --verbose=1
/usr/bin/cc  -DCHECK_FUNCTION_EXISTS=pthread_create    -rdynamic CMakeFiles/cmTC_e2a46.dir/CheckFunctionExists.c.o  -o cmTC_e2a46 -lpthreads 
/usr/bin/ld: cannot find -lpthreads
collect2: error: ld returned 1 exit status
CMakeFiles/cmTC_e2a46.dir/build.make:97: recipe for target 'cmTC_e2a46' failed
make[1]: *** [cmTC_e2a46] Error 1
make[1]: Leaving directory '/home/fengxuewei/GitHub/uav_project_1/AutoLanding/AutoLanding/build/msgsSub/CMakeFiles/CMakeTmp'
Makefile:126: recipe for target 'cmTC_e2a46/fast' failed
make: *** [cmTC_e2a46/fast] Error 2


