20210106155505	1000
20210106155505	1000
20210106155505	1000
20210106155505	1000
20210106155505	1000
20210106155505	1000
20210106155505	1000
20210106155505	1000
20210106155505	1000
20210106155505	1000
20210106155505	1000
20210106155505	1000
20210106155505	1000
20210106155505	1000
20210106155505	1000
20210106155505	1000
20210106155506	1000
20210106155506	1000
20210106155506	1000
20210106155506	1000
20210106155506	1000
20210106155506	1000
20210106155506	1000
20210106155506	1000
20210106155506	1000
20210106155506	1000
20210106155506	1000
20210106155506	1000
20210106155506	1000
20210106155506	1000
20210106155506	1000
20210106155506	1000
20210106155506	1000
20210106155506	1000
20210106155506	1000
20210106155506	1000
20210106155506	1000
20210106155506	1000
20210106155506	1000
20210106155506	1000
20210106155506	1000
20210106155506	1000
20210106155506	1000
20210106155506	1000
20210106155506	1000
20210106155506	1000
20210106155506	1000
20210106155506	1000
20210106155506	1000
20210106155506	1000
20210106155506	1000
20210106155506	1000
20210106155506	1000
20210106155506	1000
20210106155506	1000
20210106155506	1000
20210106155506	1000
20210106155506	1000
20210106155506	1000
20210106155506	1000
20210106155506	1000
20210106155506	1000
20210106155506	1000
20210106155506	1000
20210106155506	1000
20210106155506	1000
20210106155506	1000
20210106155506	1000
20210106155506	1000
20210106155506	1000
20210106155506	1000
20210106155506	1000
20210106155506	1000
20210106155506	1000
20210106155506	1000
20210106155506	1000
20210106155506	1000
20210106155506	1000
20210106155506	1000
20210106155506	1000
20210106155506	1000
20210106155506	1000
20210106155506	1000
20210106155506	1000
20210106155506	1000
20210106155506	1000
20210106155506	1000
20210106155506	1000
20210106155506	1000
20210106155506	1000
20210106155506	2000
20210106155506	2000
20210106155506	2000
20210106155506	2000
20210106155507	2000
20210106155507	2000
20210106155507	2000
20210106155507	2000
20210106155507	2000
20210106155507	2000
20210106155507	2000
20210106155507	2000
20210106155507	2000
20210106155507	2000
20210106155507	2000
20210106155507	2000
20210106155507	2000
20210106155507	2000
20210106155507	2000
20210106155507	2000
20210106155507	2000
20210106155507	2000
20210106155507	2000
20210106155507	2000
20210106155507	2000
20210106155507	2000
20210106155507	2000
20210106155507	2000
20210106155507	2000
20210106155507	2000
20210106155507	2000
20210106155507	2000
20210106155507	2000
20210106155507	2000
20210106155507	2000
20210106155507	2000
20210106155507	2000
20210106155507	2000
20210106155507	2000
20210106155507	2000
20210106155507	2000
20210106155507	2000
20210106155507	2000
20210106155507	2000
20210106155507	2000
20210106155507	2000
20210106155507	2000
20210106155507	2000
20210106155507	2000
20210106155507	2000
20210106155507	2000
20210106155507	2000
20210106155507	2000
20210106155507	2000
20210106155507	2000
20210106155507	2000
20210106155507	2000
20210106155507	2000
20210106155507	2000
20210106155507	2000
20210106155507	2000
20210106155507	2000
20210106155507	2000
20210106155507	2000
20210106155507	2000
20210106155507	2000
20210106155507	2000
20210106155507	2000
20210106155507	2000
20210106155508	2000
20210106155508	2000
20210106155508	2000
20210106155508	2000
20210106155508	1978.6
20210106155508	1977.87
20210106155508	1976.55
20210106155508	1976.55
20210106155508	1976.55
20210106155508	1973.89
20210106155508	1973.89
20210106155508	1973.36
20210106155508	1972.84
20210106155508	1970.58
20210106155508	1929.23
20210106155508	1926.88
20210106155508	1926.88
20210106155508	1926.47
20210106155508	1925.87
20210106155508	1922.74
20210106155508	1922.74
20210106155508	1922.36
20210106155508	1918.55
20210106155508	1918.55
20210106155508	1863.29
20210106155508	1862.8
20210106155508	1858.8
20210106155508	1858.8
20210106155508	1858.81
20210106155508	1858.35
20210106155508	1851.89
20210106155508	1851.89
20210106155508	1851.89
20210106155508	1847.72
20210106155508	1812.01
20210106155508	1806.54
20210106155508	1806.54
20210106155508	1806.06
20210106155508	1799.71
20210106155508	1799.29
20210106155508	1799.29
20210106155508	1799.01
20210106155508	1791.87
20210106155508	1791.87
20210106155508	1695.87
20210106155508	1670.5
20210106155508	1670.5
20210106155508	1670
20210106155508	1669.6
20210106155508	1669.6
20210106155508	1659.25
20210106155508	1658.9
20210106155508	1658.9
20210106155508	1506.61
20210106155508	1537.44
20210106155508	1537.44
20210106155508	1519.84
20210106155508	1519.35
20210106155508	1519.05
20210106155508	1504.38
20210106155509	1504.38
20210106155509	1503.99
20210106155509	1503.99
20210106155509	1488.13
20210106155509	1312.61
20210106155509	1312.24
20210106155509	1287.54
20210106155509	1287.18
20210106155509	1287.19
20210106155509	1286.77
20210106155509	1267.97
20210106155509	1253.16
20210106155509	1252.71
20210106155509	1252.71
20210106155509	1069.71
20210106155509	1045.45
20210106155509	1045.45
20210106155509	1045.04
20210106155509	1045.04
20210106155509	1026.88
20210106155509	1026.4
20210106155509	1008.6
20210106155509	1008.6
20210106155509	1008.27
20210106155509	1000
20210106155509	1000
20210106155509	1000
20210106155509	1000
20210106155509	1000
20210106155509	1000
20210106155509	1000
20210106155509	1000
20210106155509	1000
20210106155509	1000
20210106155509	1000
20210106155509	1000
20210106155509	1000
20210106155509	1000
20210106155509	1000
20210106155509	1000
20210106155509	1000
20210106155509	1000
20210106155509	1000
20210106155509	1000
20210106155509	1000
20210106155509	1000
20210106155509	1000
20210106155509	1000
20210106155509	1000
20210106155509	1000
20210106155509	1000
20210106155509	1000
20210106155509	1000
20210106155509	1000
20210106155509	1000
20210106155509	1000
20210106155509	1000
20210106155509	1000
20210106155509	1000
20210106155510	1000
20210106155510	1000
20210106155510	1000
20210106155510	1000
20210106155510	1000
20210106155510	1000
20210106155510	1000
20210106155510	1000
20210106155510	1000
20210106155510	1000
20210106155510	1000
20210106155510	1000
20210106155510	1000
20210106155510	1000
20210106155510	1000
20210106155510	1000
20210106155510	1000
20210106155510	1000
20210106155510	1000
20210106155510	1000
20210106155510	1000
20210106155510	1000
20210106155510	1000
20210106155510	1000
20210106155510	1000
20210106155510	1000
20210106155510	1000
20210106155510	1000
20210106155510	1000
20210106155510	1000
20210106155510	1000
20210106155510	1000
20210106155510	1000
20210106155510	1000
20210106155510	1000
20210106155510	1000
20210106155510	1000
20210106155510	1000
20210106155510	1000
20210106155510	1000
20210106155510	1000
20210106155510	1000
20210106155510	1000
20210106155510	1000
20210106155510	1000
20210106155510	1000
20210106155510	1000
20210106155510	1000
20210106155510	1000
20210106155510	1000
20210106155510	1000
20210106155510	1000
20210106155510	1000
20210106155510	1000
20210106155510	1000
20210106155510	1000
20210106155510	1000
20210106155510	1000
20210106155510	1000
20210106155510	1000
20210106155510	1000
20210106155510	1000
20210106155510	1000
20210106155510	1000
20210106155510	1000
20210106155510	1000
20210106155510	1000
20210106155510	1000
20210106155510	1000
20210106155511	1000
20210106155511	1000
20210106155511	1000
20210106155511	1000
20210106155511	1000
20210106155511	1000
20210106155511	1000
20210106155511	1000
20210106155511	1000
20210106155511	1000
20210106155511	1000
20210106155511	1000
20210106155511	1000
20210106155511	1000
20210106155511	1000
20210106155511	1000
20210106155511	1000
20210106155511	1000
20210106155511	1000
20210106155511	1000
20210106155511	1000
20210106155511	1000
20210106155511	1000
20210106155511	1000
20210106155511	1000
20210106155511	1000
20210106155511	1000
20210106155511	1000
20210106155511	1000
20210106155511	1000
20210106155511	1000
20210106155511	1000
20210106155511	1000
20210106155511	1000
20210106155511	1000
20210106155511	1000
20210106155511	1000
20210106155511	1000
20210106155511	1000
20210106155511	1000
20210106155511	1000
20210106155511	1000
20210106155511	1000
20210106155511	1000
20210106155511	1000
20210106155511	1000
20210106155511	1000
20210106155511	1000
20210106155511	1000
20210106155511	1000
20210106155511	1000
20210106155511	1000
20210106155511	1000
20210106155511	1000
20210106155511	1000
20210106155511	1000
20210106155511	1000
20210106155511	1000
20210106155511	1000
20210106155511	1000
20210106155511	1000
20210106155511	1000
20210106155511	1000
20210106155511	1000
20210106155511	1000
20210106155511	1000
20210106155511	1000
20210106155511	1000
20210106155511	1000
20210106155511	1000
20210106155512	1000
20210106155512	1000
20210106155512	1000
20210106155512	1000
20210106155512	1000
20210106155512	1000
20210106155512	1000
20210106155512	1000
20210106155512	1000
20210106155512	1000
20210106155512	1000
20210106155512	1000
20210106155512	1000
20210106155512	1000
20210106155512	1000
20210106155512	1000
20210106155512	1000
20210106155512	1000
20210106155512	1000
20210106155512	1000
20210106155512	1000
20210106155512	1000
20210106155512	1000
20210106155512	1000
20210106155512	1000
20210106155512	1000
20210106155512	1000
20210106155512	1000
20210106155512	1000
20210106155512	1000
20210106155512	1000
20210106155512	1000
20210106155512	1000
20210106155512	1000
20210106155512	1000
20210106155512	1000
20210106155512	1000
20210106155512	1000
20210106155512	1000
20210106155512	1000
20210106155512	1000
20210106155512	1000
20210106155512	1000
20210106155512	1000
20210106155512	1000
20210106155512	1000
20210106155512	1000
20210106155512	1000
20210106155512	1000
20210106155512	1000
20210106155512	1000
20210106155512	1000
20210106155512	1000
20210106155512	1000
20210106155512	1000
20210106155512	1000
20210106155512	1000
20210106155512	1000
20210106155512	1000
20210106155512	1000
20210106155512	1000
20210106155512	1000
20210106155512	1000
20210106155512	1000
20210106155512	1000
20210106155512	1000
20210106155512	1000
20210106155513	1000
20210106155513	1000
20210106155513	1000
20210106155513	1000
20210106155513	1000
20210106155513	1000
20210106155513	1000
20210106155513	1000
20210106155513	1000
20210106155513	1000
20210106155513	1000
20210106155513	1000
20210106155513	1000
20210106155513	1000
20210106155513	1000
20210106155513	1000
20210106155513	1000
20210106155513	1000
20210106155513	1000
20210106155513	1000
20210106155513	1000
20210106155513	1000
20210106155513	1000
20210106155513	1000
20210106155513	1000
20210106155513	1000
20210106155513	1000
20210106155513	1000
20210106155513	1000
20210106155514	1000
20210106155514	1000
20210106155514	1000
20210106155514	1000
20210106155514	1000
20210106155514	1000
20210106155514	1000
20210106155514	1000
20210106155514	1000
20210106155514	1000
20210106155514	1000
20210106155514	1000
20210106155514	1000
20210106155514	1000
20210106155514	1000
20210106155514	1000
20210106155514	1000
20210106155514	1000
20210106155514	1000
20210106155514	1000
20210106155514	1000
20210106155514	1000
20210106155514	1000
20210106155514	1000
20210106155514	1000
20210106155514	1000
20210106155514	1000
20210106155515	1000
20210106155515	1000
20210106155515	1000
20210106155515	1000
20210106155515	1000
20210106155515	1000
20210106155515	1000
20210106155515	1000
20210106155515	1000
20210106155515	1000
20210106155515	1000
20210106155515	1000
20210106155515	1000
20210106155515	1000
20210106155515	1000
20210106155515	1000
20210106155515	1000
20210106155515	1000
20210106155515	1000
20210106155515	1000
20210106155515	1000
20210106155515	1000
20210106155515	1000
20210106155515	1000
20210106155515	1000
20210106155515	1000
20210106155515	1000
20210106155515	1000
20210106155515	1000
20210106155515	1000
20210106155515	1000
20210106155515	1000
20210106155515	1000
20210106155515	1000
20210106155515	1000
20210106155515	1000
20210106155515	1000
20210106155515	1000
20210106155515	1000
20210106155515	1000
20210106155515	1000
20210106155515	1000
20210106155515	1000
20210106155515	1000
20210106155515	1000
20210106155515	1000
20210106155515	1000
20210106155515	1000
20210106155515	1000
20210106155515	1000
20210106155515	1000
20210106155515	1000
20210106155515	1000
20210106155515	1000
20210106155515	1000
20210106155515	1000
20210106155515	1000
20210106155515	1000
20210106155515	1000
20210106155515	1000
20210106155515	1000
20210106155515	1000
20210106155516	1000
20210106155516	1000
20210106155516	1000
20210106155516	1000
20210106155516	1000
20210106155516	1000
20210106155516	1000
20210106155516	1000
20210106155516	1000
20210106155516	1000
20210106155516	1000
20210106155516	1000
20210106155516	1000
20210106155516	1000
20210106155516	1000
20210106155516	1000
20210106155516	1000
20210106155516	1000
20210106155516	1000
20210106155516	1000
20210106155516	1000
20210106155516	1000
20210106155516	1000
20210106155516	1000
20210106155516	1000
20210106155516	1000
20210106155516	1000
20210106155516	1000
20210106155516	1000
20210106155516	1000
20210106155516	1000
20210106155516	1000
20210106155516	1000
20210106155516	1000
20210106155516	1000
20210106155516	1000
20210106155516	1000
20210106155516	1000
20210106155516	1000
20210106155516	1000
20210106155516	1000
20210106155516	1000
20210106155516	1000
20210106155516	1000
20210106155516	1000
20210106155516	1000
20210106155516	1000
20210106155516	1000
20210106155517	1000
20210106155517	1000
20210106155517	1000
20210106155517	1000
20210106155517	1000
20210106155517	1000
20210106155517	1000
20210106155517	1000
20210106155517	1000
20210106155517	1000
20210106155517	1000
20210106155517	1000
20210106155517	1000
20210106155517	1000
20210106155517	1000
20210106155517	1000
20210106155517	1000
20210106155517	1000
20210106155517	1000
20210106155517	1000
20210106155517	1000
20210106155517	1000
20210106155517	1000
20210106155517	1000
20210106155517	1000
20210106155517	1000
20210106155517	1000
20210106155517	1000
20210106155517	1000
20210106155517	1000
20210106155517	1000
20210106155517	1000
20210106155517	1000
20210106155517	1000
20210106155517	1000
20210106155517	1000
20210106155517	1000
20210106155517	1000
20210106155517	1000
20210106155517	1000
20210106155517	1000
20210106155517	1000
20210106155517	1000
20210106155517	1000
20210106155517	1000
20210106155517	1000
20210106155517	1000
20210106155517	1000
20210106155517	1000
20210106155517	1000
20210106155517	1000
20210106155517	1000
20210106155517	1000
20210106155517	1000
20210106155518	1000
20210106155518	1000
20210106155518	1000
20210106155518	1000
20210106155518	1000
20210106155518	1000
20210106155518	1000
20210106155518	1000
20210106155518	1000
20210106155518	1000
20210106155518	1000
20210106155518	1000
20210106155518	1000
20210106155518	1000
20210106155518	1000
20210106155518	1000
20210106155518	1000
20210106155518	1000
20210106155518	1000
20210106155518	1000
20210106155518	1000
20210106155518	1000
20210106155518	1000
20210106155518	1000
20210106155518	1000
20210106155518	1000
20210106155518	1000
20210106155518	1000
20210106155518	1000
20210106155518	1000
20210106155518	1000
20210106155519	1000
20210106155519	1000
20210106155519	1000
20210106155519	1000
20210106155519	1000
20210106155519	1000
20210106155519	1000
20210106155519	1000
20210106155519	1000
20210106155519	1000
20210106155519	1000
20210106155519	1000
20210106155519	1000
20210106155519	1000
20210106155519	1000
20210106155519	1000
20210106155519	1000
20210106155519	1000
20210106155519	1000
20210106155519	1000
20210106155519	1000
20210106155519	1000
20210106155519	1000
20210106155519	1000
20210106155519	1000
20210106155519	1000
20210106155519	1000
20210106155519	1000
20210106155519	1000
20210106155519	1000
20210106155519	1000
20210106155519	1000
20210106155519	1000
20210106155519	1000
20210106155519	1000
20210106155519	1000
20210106155519	1000
20210106155519	1000
20210106155519	1000
20210106155519	1000
20210106155519	1000
20210106155520	1000
20210106155520	1000
20210106155520	1000
20210106155520	1000
20210106155520	1000
20210106155520	1000
20210106155520	1000
20210106155520	1000
20210106155520	1000
20210106155520	1000
20210106155520	1000
20210106155520	1000
20210106155520	1000
20210106155520	1000
20210106155520	1000
20210106155520	1000
20210106155520	1000
20210106155520	1000
20210106155520	1000
20210106155520	1000
20210106155520	1000
20210106155520	1000
20210106155520	1000
20210106155520	1000
20210106155520	1000
20210106155520	1000
20210106155520	1000
20210106155520	2000
20210106155520	1000
20210106155520	1000
20210106155520	1000
20210106155520	1000
20210106155520	1000
20210106155520	1000
20210106155520	1000
20210106155520	1000
20210106155520	1000
20210106155520	2000
20210106155520	2000
20210106155520	2000
20210106155520	2000
20210106155520	2000
20210106155520	2000
20210106155520	2000
20210106155520	2000
20210106155520	2000
20210106155520	2000
20210106155520	2000
20210106155520	2000
20210106155520	2000
20210106155520	2000
20210106155520	2000
20210106155520	2000
20210106155521	2000
20210106155521	2000
20210106155521	2000
20210106155521	2000
20210106155521	2000
20210106155521	2000
20210106155521	2000
20210106155521	2000
20210106155521	2000
20210106155521	2000
20210106155521	2000
20210106155521	2000
20210106155521	2000
20210106155521	2000
20210106155521	2000
20210106155521	2000
20210106155521	2000
20210106155521	2000
20210106155521	2000
20210106155521	2000
20210106155521	2000
20210106155521	2000
20210106155521	2000
20210106155521	2000
20210106155521	2000
20210106155521	2000
20210106155521	2000
20210106155521	2000
20210106155521	2000
20210106155521	2000
20210106155522	2000
20210106155522	2000
20210106155522	2000
20210106155522	2000
20210106155522	2000
20210106155522	2000
20210106155522	2000
20210106155522	2000
20210106155522	2000
20210106155522	2000
20210106155522	2000
20210106155522	2000
20210106155522	2000
20210106155522	2000
20210106155522	2000
20210106155522	2000
20210106155522	2000
20210106155522	2000
20210106155522	2000
20210106155522	2000
20210106155522	2000
20210106155522	2000
20210106155522	2000
20210106155522	2000
20210106155522	2000
20210106155522	2000
20210106155522	2000
20210106155522	2000
20210106155522	2000
20210106155522	2000
20210106155522	2000
20210106155522	2000
20210106155522	2000
20210106155523	2000
20210106155523	2000
20210106155523	2000
20210106155523	2000
20210106155523	2000
20210106155523	2000
20210106155523	2000
20210106155523	2000
20210106155523	2000
20210106155523	2000
20210106155523	2000
20210106155523	2000
20210106155523	2000
20210106155523	2000
20210106155523	2000
20210106155523	2000
20210106155523	2000
20210106155523	2000
20210106155523	2000
20210106155523	2000
20210106155523	2000
20210106155523	2000
20210106155523	2000
20210106155523	2000
20210106155523	2000
20210106155523	2000
20210106155523	2000
20210106155523	2000
20210106155523	2000
20210106155523	2000
20210106155523	2000
20210106155523	2000
20210106155523	2000
20210106155523	2000
20210106155523	2000
20210106155523	2000
20210106155523	2000
20210106155523	2000
20210106155523	2000
20210106155523	2000
20210106155523	2000
20210106155523	2000
20210106155523	2000
20210106155523	2000
20210106155523	2000
20210106155523	2000
20210106155523	2000
20210106155523	2000
20210106155523	2000
20210106155523	2000
20210106155524	2000
20210106155524	2000
20210106155524	2000
20210106155524	2000
20210106155524	2000
20210106155524	2000
20210106155524	2000
20210106155524	2000
20210106155524	2000
20210106155524	2000
20210106155524	2000
20210106155524	2000
20210106155524	2000
20210106155524	2000
20210106155524	2000
20210106155524	2000
20210106155524	2000
20210106155524	2000
20210106155524	2000
20210106155524	2000
20210106155524	2000
20210106155524	2000
20210106155524	2000
20210106155524	2000
20210106155524	2000
20210106155524	2000
20210106155524	2000
20210106155524	2000
20210106155524	2000
20210106155524	2000
20210106155524	2000
20210106155524	2000
20210106155525	2000
20210106155525	2000
20210106155525	2000
20210106155525	2000
20210106155525	2000
20210106155525	2000
20210106155525	2000
20210106155525	2000
20210106155525	2000
20210106155525	2000
20210106155525	2000
20210106155525	2000
20210106155525	2000
20210106155525	2000
20210106155525	2000
20210106155525	2000
20210106155525	2000
20210106155525	2000
20210106155525	2000
20210106155525	2000
20210106155525	2000
20210106155525	2000
20210106155525	2000
20210106155525	2000
20210106155525	2000
20210106155525	2000
20210106155526	2000
20210106155526	2000
20210106155526	2000
20210106155526	2000
20210106155526	2000
20210106155526	2000
20210106155526	2000
20210106155526	2000
20210106155526	2000
20210106155526	2000
20210106155526	2000
20210106155526	2000
20210106155526	2000
20210106155526	2000
20210106155526	2000
20210106155526	2000
20210106155526	2000
20210106155526	2000
20210106155526	2000
20210106155526	2000
20210106155526	2000
20210106155526	2000
20210106155526	2000
20210106155526	2000
20210106155526	2000
20210106155526	2000
20210106155526	2000
20210106155526	2000
20210106155526	2000
20210106155526	2000
20210106155526	2000
20210106155526	2000
20210106155526	2000
20210106155526	2000
20210106155526	2000
20210106155526	2000
20210106155526	2000
20210106155526	2000
20210106155526	2000
20210106155526	2000
20210106155526	2000
20210106155526	2000
20210106155526	2000
20210106155527	2000
20210106155527	2000
20210106155527	2000
20210106155527	2000
20210106155527	2000
20210106155527	2000
20210106155527	2000
20210106155527	2000
20210106155527	2000
20210106155527	2000
20210106155527	2000
20210106155527	2000
20210106155527	2000
20210106155527	2000
20210106155527	2000
20210106155527	2000
20210106155527	2000
20210106155527	2000
20210106155527	2000
20210106155527	2000
20210106155527	2000
20210106155527	2000
20210106155527	2000
20210106155527	2000
20210106155527	2000
20210106155527	2000
20210106155527	2000
20210106155527	2000
20210106155527	2000
20210106155527	2000
20210106155527	2000
20210106155527	2000
20210106155527	2000
20210106155527	2000
20210106155527	2000
20210106155527	2000
20210106155527	2000
20210106155527	2000
20210106155527	2000
20210106155527	2000
20210106155527	2000
20210106155527	2000
20210106155527	2000
20210106155527	2000
20210106155527	2000
20210106155527	2000
20210106155527	2000
20210106155527	2000
20210106155527	2000
20210106155527	2000
20210106155528	2000
20210106155528	2000
20210106155528	2000
20210106155528	2000
20210106155528	2000
20210106155528	2000
20210106155528	2000
20210106155528	2000
20210106155528	2000
20210106155528	2000
20210106155528	2000
20210106155528	2000
20210106155528	2000
20210106155528	2000
20210106155528	2000
20210106155528	2000
20210106155528	2000
20210106155528	2000
20210106155528	2000
20210106155528	2000
20210106155528	2000
20210106155528	2000
20210106155528	2000
20210106155529	2000
20210106155529	2000
20210106155529	2000
20210106155529	2000
20210106155529	2000
20210106155529	2000
20210106155529	2000
20210106155529	2000
20210106155529	2000
20210106155529	2000
20210106155529	2000
20210106155529	2000
20210106155529	2000
20210106155529	2000
20210106155529	2000
20210106155529	2000
20210106155529	2000
20210106155529	2000
20210106155529	2000
20210106155529	2000
20210106155529	2000
20210106155529	2000
20210106155529	2000
20210106155529	2000
20210106155529	2000
20210106155529	2000
20210106155529	2000
20210106155529	2000
20210106155529	2000
20210106155529	2000
20210106155529	2000
20210106155529	2000
20210106155529	2000
20210106155529	2000
20210106155529	2000
20210106155529	2000
20210106155529	2000
20210106155529	2000
20210106155529	2000
20210106155529	2000
20210106155529	2000
20210106155529	2000
20210106155529	2000
20210106155529	2000
20210106155529	2000
20210106155529	2000
20210106155530	2000
20210106155530	2000
20210106155530	2000
20210106155530	2000
20210106155530	2000
20210106155530	2000
20210106155530	2000
20210106155530	2000
20210106155530	2000
20210106155530	2000
20210106155530	2000
20210106155530	2000
20210106155530	2000
20210106155530	2000
20210106155530	2000
20210106155530	2000
20210106155530	2000
20210106155530	2000
20210106155530	2000
20210106155530	2000
20210106155530	2000
20210106155530	2000
20210106155530	2000
20210106155530	2000
20210106155530	2000
20210106155530	2000
20210106155530	2000
20210106155530	2000
20210106155530	2000
20210106155530	2000
20210106155530	2000
20210106155530	2000
20210106155530	2000
20210106155530	2000
20210106155531	2000
20210106155531	2000
20210106155531	2000
20210106155531	2000
20210106155531	2000
20210106155531	2000
20210106155531	2000
20210106155531	2000
20210106155531	2000
20210106155531	2000
20210106155531	2000
20210106155531	2000
20210106155531	2000
20210106155531	2000
20210106155531	2000
20210106155531	2000
20210106155531	2000
20210106155531	2000
20210106155531	2000
20210106155532	2000
20210106155532	2000
20210106155532	2000
20210106155532	2000
20210106155532	2000
20210106155532	2000
20210106155532	2000
20210106155532	2000
20210106155532	2000
20210106155532	2000
20210106155532	2000
20210106155532	2000
20210106155532	2000
20210106155532	2000
20210106155532	2000
20210106155532	2000
20210106155532	2000
20210106155532	2000
20210106155532	2000
20210106155532	2000
20210106155532	2000
20210106155532	2000
20210106155532	2000
20210106155532	2000
20210106155532	2000
20210106155532	2000
20210106155532	2000
20210106155532	2000
20210106155532	2000
20210106155532	2000
20210106155532	2000
20210106155532	2000
20210106155532	2000
20210106155532	2000
20210106155532	2000
20210106155532	2000
20210106155532	2000
20210106155532	2000
20210106155532	2000
20210106155533	2000
20210106155533	2000
20210106155533	2000
20210106155533	2000
20210106155533	2000
20210106155533	2000
20210106155533	2000
20210106155533	2000
20210106155533	2000
20210106155533	2000
20210106155533	2000
20210106155533	2000
20210106155533	2000
20210106155533	2000
20210106155533	2000
20210106155533	2000
20210106155533	2000
20210106155533	2000
20210106155533	2000
20210106155533	2000
20210106155533	2000
20210106155533	2000
20210106155533	2000
20210106155533	2000
20210106155533	2000
20210106155533	2000
20210106155533	2000
20210106155533	2000
20210106155533	2000
20210106155533	2000
20210106155533	2000
20210106155533	2000
20210106155533	2000
20210106155533	2000
20210106155533	2000
20210106155533	2000
20210106155533	2000
20210106155533	2000
20210106155533	2000
20210106155533	2000
20210106155533	2000
20210106155533	2000
20210106155533	2000
20210106155533	2000
20210106155533	2000
20210106155534	2000
20210106155534	2000
20210106155534	2000
20210106155534	2000
20210106155534	2000
20210106155534	2000
20210106155534	2000
20210106155534	2000
20210106155534	2000
20210106155534	2000
20210106155534	2000
20210106155534	2000
20210106155534	2000
20210106155534	2000
20210106155534	2000
20210106155534	2000
20210106155534	2000
20210106155534	2000
20210106155534	2000
20210106155534	2000
20210106155534	2000
20210106155534	2000
20210106155534	2000
20210106155534	2000
20210106155534	2000
20210106155534	2000
20210106155534	2000
20210106155534	2000
20210106155534	2000
20210106155534	2000
20210106155534	2000
20210106155534	2000
20210106155534	2000
20210106155534	2000
20210106155534	2000
20210106155534	2000
20210106155534	2000
20210106155534	2000
20210106155534	2000
20210106155534	2000
20210106155534	2000
20210106155534	2000
20210106155534	2000
20210106155534	2000
20210106155534	2000
20210106155534	2000
20210106155534	2000
20210106155534	2000
20210106155534	2000
20210106155534	2000
20210106155534	2000
20210106155534	2000
20210106155534	2000
20210106155534	2000
20210106155534	2000
20210106155534	2000
20210106155534	2000
20210106155534	2000
20210106155534	2000
20210106155534	2000
20210106155535	2000
20210106155535	2000
20210106155535	2000
20210106155535	2000
20210106155535	2000
20210106155535	2000
20210106155535	2000
20210106155535	2000
20210106155535	2000
20210106155535	2000
20210106155535	2000
20210106155535	2000
20210106155535	2000
20210106155535	2000
20210106155535	2000
20210106155535	2000
20210106155535	2000
20210106155535	2000
20210106155535	2000
20210106155535	2000
20210106155535	2000
20210106155535	2000
20210106155535	2000
20210106155535	2000
20210106155535	2000
20210106155535	2000
20210106155535	2000
20210106155535	2000
20210106155535	2000
20210106155535	2000
20210106155535	2000
20210106155535	2000
20210106155535	2000
20210106155535	2000
20210106155535	2000
20210106155535	2000
20210106155535	2000
20210106155536	2000
20210106155536	2000
20210106155536	2000
20210106155536	2000
20210106155536	2000
20210106155536	2000
20210106155536	2000
20210106155536	2000
20210106155536	2000
20210106155536	2000
20210106155536	2000
20210106155536	2000
20210106155536	2000
20210106155536	2000
20210106155536	2000
20210106155536	2000
20210106155536	2000
20210106155536	2000
20210106155536	2000
20210106155536	2000
20210106155536	2000
20210106155536	2000
20210106155536	2000
20210106155536	2000
20210106155536	2000
20210106155536	2000
20210106155536	2000
20210106155536	2000
20210106155536	2000
20210106155536	2000
20210106155536	2000
20210106155536	2000
20210106155536	2000
20210106155537	2000
20210106155537	2000
20210106155537	2000
20210106155537	2000
20210106155537	2000
20210106155537	2000
20210106155537	2000
20210106155537	2000
20210106155537	2000
20210106155537	2000
20210106155537	2000
20210106155537	2000
20210106155537	2000
20210106155537	2000
20210106155537	2000
20210106155537	2000
20210106155537	2000
20210106155537	2000
20210106155537	2000
20210106155537	2000
20210106155537	2000
20210106155537	2000
20210106155537	2000
20210106155537	2000
20210106155537	2000
20210106155537	2000
20210106155537	2000
20210106155537	2000
20210106155537	2000
20210106155537	2000
20210106155538	2000
20210106155538	2000
20210106155538	2000
20210106155538	2000
20210106155538	2000
20210106155538	2000
20210106155538	2000
20210106155538	2000
20210106155538	2000
20210106155538	2000
20210106155538	2000
20210106155538	2000
20210106155538	2000
20210106155538	2000
20210106155538	2000
20210106155538	2000
20210106155538	2000
20210106155538	2000
20210106155538	2000
20210106155538	2000
20210106155538	2000
20210106155538	2000
20210106155538	2000
20210106155538	2000
20210106155538	2000
20210106155538	2000
20210106155538	2000
20210106155538	2000
20210106155538	2000
20210106155538	2000
20210106155538	2000
20210106155538	2000
20210106155538	2000
20210106155538	2000
20210106155538	2000
20210106155538	2000
20210106155538	2000
20210106155538	2000
20210106155538	2000
20210106155538	2000
20210106155538	2000
20210106155538	2000
20210106155538	2000
20210106155538	2000
20210106155538	2000
20210106155538	2000
20210106155538	2000
20210106155538	2000
20210106155538	2000
20210106155538	2000
20210106155538	2000
20210106155538	2000
20210106155539	2000
20210106155539	2000
20210106155539	2000
20210106155539	2000
20210106155539	2000
20210106155539	2000
20210106155539	2000
20210106155539	2000
20210106155539	2000
20210106155539	2000
20210106155539	2000
20210106155539	2000
20210106155539	2000
20210106155539	2000
20210106155539	2000
20210106155539	2000
20210106155539	2000
20210106155539	2000
20210106155539	2000
20210106155539	2000
20210106155539	2000
20210106155539	2000
20210106155539	2000
20210106155539	2000
20210106155539	2000
20210106155539	2000
20210106155539	2000
20210106155539	2000
20210106155539	2000
20210106155539	2000
20210106155539	2000
20210106155539	2000
20210106155539	2000
20210106155539	2000
20210106155539	2000
20210106155539	2000
20210106155539	2000
20210106155539	2000
20210106155539	2000
20210106155539	2000
20210106155539	2000
20210106155539	2000
20210106155539	2000
20210106155539	2000
20210106155539	2000
20210106155539	2000
20210106155539	2000
20210106155539	2000
20210106155539	2000
20210106155539	2000
20210106155539	2000
20210106155539	2000
20210106155539	2000
20210106155539	2000
20210106155539	2000
20210106155539	2000
20210106155539	2000
20210106155540	2000
20210106155540	2000
20210106155540	2000
20210106155540	2000
20210106155540	2000
20210106155540	2000
20210106155540	2000
20210106155540	2000
20210106155540	2000
20210106155540	2000
20210106155540	2000
20210106155540	2000
20210106155540	2000
20210106155540	2000
20210106155540	2000
20210106155540	2000
20210106155540	2000
20210106155540	2000
20210106155540	2000
20210106155540	2000
20210106155540	2000
20210106155540	2000
20210106155540	2000
20210106155540	2000
20210106155540	2000
20210106155540	2000
20210106155540	2000
20210106155540	2000
20210106155540	2000
20210106155540	2000
20210106155540	2000
20210106155540	2000
20210106155540	2000
20210106155540	2000
20210106155540	2000
20210106155540	2000
20210106155540	2000
20210106155540	2000
20210106155540	2000
20210106155540	2000
20210106155540	2000
20210106155540	2000
20210106155540	2000
20210106155540	2000
20210106155540	2000
20210106155540	2000
20210106155540	2000
20210106155540	2000
20210106155540	2000
20210106155541	2000
20210106155541	2000
20210106155541	2000
20210106155541	2000
20210106155541	2000
20210106155541	2000
20210106155541	2000
20210106155541	2000
20210106155541	2000
20210106155541	2000
20210106155541	2000
20210106155541	2000
20210106155541	2000
20210106155541	2000
20210106155541	2000
20210106155541	2000
20210106155541	2000
20210106155541	2000
20210106155541	2000
20210106155541	2000
20210106155541	2000
20210106155541	2000
20210106155541	2000
20210106155541	2000
20210106155541	2000
20210106155541	2000
20210106155541	2000
20210106155541	2000
20210106155541	2000
20210106155541	2000
20210106155541	2000
20210106155541	2000
20210106155541	2000
20210106155541	2000
20210106155541	2000
20210106155541	2000
20210106155541	2000
20210106155541	2000
20210106155541	2000
20210106155541	2000
20210106155541	2000
20210106155541	2000
20210106155541	2000
20210106155541	2000
20210106155541	2000
20210106155542	2000
20210106155542	2000
20210106155542	2000
20210106155542	2000
20210106155542	2000
20210106155542	2000
20210106155542	2000
20210106155542	2000
20210106155542	2000
20210106155542	2000
20210106155542	2000
20210106155542	2000
20210106155542	2000
20210106155542	2000
20210106155542	2000
20210106155542	2000
20210106155542	2000
20210106155542	2000
20210106155542	2000
20210106155542	2000
20210106155542	2000
20210106155542	2000
20210106155542	2000
20210106155542	2000
20210106155542	2000
20210106155542	2000
20210106155542	2000
20210106155542	2000
20210106155542	2000
20210106155542	2000
20210106155542	2000
20210106155542	2000
20210106155542	2000
20210106155542	2000
20210106155542	2000
20210106155542	2000
20210106155542	2000
20210106155542	2000
20210106155542	2000
20210106155542	2000
20210106155542	2000
20210106155542	2000
20210106155542	2000
20210106155542	2000
20210106155542	2000
20210106155542	2000
20210106155542	2000
20210106155542	2000
20210106155543	2000
20210106155543	2000
20210106155543	2000
20210106155543	2000
20210106155543	2000
20210106155543	2000
20210106155543	2000
20210106155543	2000
20210106155543	2000
20210106155543	2000
20210106155543	2000
20210106155543	2000
20210106155543	2000
20210106155543	2000
20210106155543	2000
20210106155543	2000
20210106155543	2000
20210106155543	2000
20210106155543	2000
20210106155543	2000
20210106155543	2000
20210106155543	2000
20210106155543	2000
20210106155543	2000
20210106155543	2000
20210106155543	2000
20210106155543	2000
20210106155543	2000
20210106155543	2000
20210106155543	2000
20210106155543	2000
20210106155543	2000
20210106155544	2000
20210106155544	2000
20210106155544	2000
20210106155544	2000
20210106155544	2000
20210106155544	2000
20210106155544	2000
20210106155544	2000
20210106155544	2000
20210106155544	2000
20210106155544	2000
20210106155544	2000
20210106155544	2000
20210106155544	2000
20210106155544	2000
20210106155544	2000
20210106155544	2000
20210106155544	2000
20210106155544	2000
20210106155544	2000
20210106155544	2000
20210106155544	2000
20210106155544	2000
20210106155544	2000
20210106155544	2000
20210106155544	2000
20210106155544	2000
20210106155544	2000
20210106155544	2000
20210106155544	2000
20210106155544	2000
20210106155544	2000
20210106155544	2000
20210106155544	2000
20210106155544	2000
20210106155544	2000
20210106155544	2000
20210106155545	2000
20210106155545	2000
20210106155545	2000
20210106155545	2000
20210106155545	2000
20210106155545	2000
20210106155545	2000
20210106155545	2000
20210106155545	2000
20210106155545	2000
20210106155545	2000
20210106155545	2000
20210106155545	2000
20210106155545	2000
20210106155545	2000
20210106155545	2000
20210106155545	2000
20210106155545	2000
20210106155545	2000
20210106155545	2000
20210106155545	2000
20210106155545	2000
20210106155545	2000
20210106155545	2000
20210106155545	2000
20210106155545	2000
20210106155545	2000
20210106155545	2000
20210106155545	2000
20210106155545	2000
20210106155545	2000
20210106155545	2000
20210106155545	2000
20210106155545	2000
20210106155545	2000
20210106155545	2000
20210106155545	2000
20210106155545	2000
20210106155545	2000
20210106155545	2000
20210106155545	2000
20210106155545	2000
20210106155545	2000
20210106155545	2000
20210106155545	2000
20210106155545	2000
20210106155545	2000
20210106155545	2000
20210106155545	2000
20210106155545	2000
20210106155545	2000
20210106155545	2000
20210106155545	2000
20210106155545	2000
20210106155545	2000
20210106155545	2000
20210106155545	2000
20210106155545	2000
20210106155545	2000
20210106155545	2000
20210106155545	2000
20210106155545	2000
20210106155545	2000
20210106155545	2000
20210106155545	2000
20210106155545	2000
20210106155545	2000
20210106155546	2000
20210106155546	2000
20210106155546	2000
20210106155546	2000
20210106155546	2000
20210106155546	2000
20210106155546	2000
20210106155546	2000
20210106155546	2000
20210106155546	2000
20210106155546	2000
20210106155546	2000
20210106155546	2000
20210106155546	2000
20210106155546	2000
20210106155546	2000
20210106155546	2000
20210106155546	2000
20210106155546	2000
20210106155546	2000
20210106155546	2000
20210106155546	2000
20210106155546	2000
20210106155546	2000
20210106155546	2000
20210106155546	2000
20210106155546	2000
20210106155546	2000
20210106155546	2000
20210106155546	2000
20210106155546	2000
20210106155546	2000
20210106155546	2000
20210106155546	2000
20210106155546	2000
20210106155546	2000
20210106155546	2000
20210106155546	2000
20210106155546	2000
20210106155546	2000
20210106155546	2000
20210106155546	2000
20210106155546	2000
20210106155546	2000
20210106155546	2000
20210106155546	2000
20210106155546	2000
20210106155546	2000
20210106155546	2000
20210106155546	2000
20210106155547	2000
20210106155547	2000
20210106155547	2000
20210106155547	2000
20210106155547	2000
20210106155547	2000
20210106155547	2000
20210106155547	2000
20210106155547	2000
20210106155547	2000
20210106155547	2000
20210106155547	2000
20210106155547	2000
20210106155547	2000
20210106155547	2000
20210106155547	2000
20210106155547	2000
20210106155547	2000
20210106155547	2000
20210106155547	2000
20210106155547	2000
20210106155547	2000
20210106155547	2000
20210106155547	2000
20210106155547	2000
20210106155547	2000
20210106155547	2000
20210106155547	2000
20210106155547	2000
20210106155547	2000
20210106155547	2000
20210106155547	2000
20210106155547	2000
20210106155547	2000
20210106155547	2000
20210106155547	2000
20210106155547	2000
20210106155547	2000
20210106155547	2000
20210106155547	2000
20210106155548	2000
20210106155548	2000
20210106155548	2000
20210106155548	2000
20210106155548	2000
20210106155548	2000
20210106155548	2000
20210106155548	2000
20210106155548	2000
20210106155548	2000
20210106155548	2000
20210106155548	2000
20210106155548	2000
20210106155548	2000
20210106155548	2000
20210106155548	2000
20210106155548	2000
20210106155548	2000
20210106155548	2000
20210106155548	2000
20210106155548	2000
20210106155548	2000
20210106155548	2000
20210106155548	2000
20210106155548	2000
20210106155548	2000
20210106155548	2000
20210106155548	2000
20210106155548	2000
20210106155548	2000
20210106155548	2000
20210106155548	2000
20210106155548	2000
20210106155548	2000
20210106155548	2000
20210106155548	2000
20210106155548	2000
20210106155548	2000
20210106155548	2000
20210106155548	2000
20210106155548	2000
20210106155548	2000
20210106155548	2000
20210106155548	2000
20210106155548	2000
20210106155548	2000
20210106155548	2000
20210106155548	2000
20210106155548	2000
20210106155548	2000
20210106155549	2000
20210106155549	2000
20210106155549	2000
20210106155549	2000
20210106155549	2000
20210106155549	2000
20210106155549	2000
20210106155549	2000
20210106155549	2000
20210106155549	2000
20210106155549	2000
20210106155549	2000
20210106155549	2000
20210106155549	2000
20210106155549	2000
20210106155549	2000
20210106155549	2000
20210106155549	2000
20210106155549	2000
20210106155549	2000
20210106155549	2000
20210106155549	2000
20210106155549	2000
20210106155549	2000
20210106155549	2000
20210106155549	2000
20210106155549	2000
20210106155549	2000
20210106155549	2000
20210106155549	2000
20210106155549	2000
20210106155549	2000
20210106155549	2000
20210106155549	2000
20210106155549	2000
20210106155549	2000
20210106155549	2000
20210106155549	2000
20210106155549	2000
20210106155549	2000
20210106155550	2000
20210106155550	2000
20210106155550	2000
20210106155550	2000
20210106155550	2000
20210106155550	2000
20210106155550	2000
20210106155550	2000
20210106155550	2000
20210106155550	2000
20210106155550	2000
20210106155550	2000
20210106155550	2000
20210106155550	2000
20210106155550	2000
20210106155550	2000
20210106155550	2000
20210106155550	2000
20210106155550	2000
20210106155550	2000
20210106155550	2000
20210106155550	2000
20210106155550	2000
20210106155550	2000
20210106155550	2000
20210106155550	2000
20210106155550	2000
20210106155550	2000
20210106155550	2000
20210106155550	2000
20210106155550	2000
20210106155550	2000
20210106155550	2000
20210106155550	2000
20210106155550	2000
20210106155550	2000
20210106155550	2000
20210106155550	2000
20210106155550	2000
20210106155550	2000
20210106155551	2000
20210106155551	2000
20210106155551	2000
20210106155551	2000
20210106155551	2000
20210106155551	2000
20210106155551	2000
20210106155551	2000
20210106155551	2000
20210106155551	2000
20210106155551	2000
20210106155551	2000
20210106155551	2000
20210106155551	2000
20210106155551	2000
20210106155551	2000
20210106155551	2000
20210106155551	2000
20210106155551	2000
20210106155551	2000
20210106155551	2000
20210106155551	2000
20210106155551	2000
20210106155551	2000
20210106155551	2000
20210106155551	2000
20210106155551	2000
20210106155551	2000
20210106155551	2000
20210106155551	2000
20210106155551	2000
20210106155551	2000
20210106155551	2000
20210106155551	2000
20210106155551	2000
20210106155551	2000
20210106155551	2000
20210106155551	2000
20210106155552	2000
20210106155552	2000
20210106155552	2000
20210106155552	2000
20210106155552	2000
20210106155552	2000
20210106155552	2000
20210106155552	2000
20210106155552	2000
20210106155552	2000
20210106155552	2000
20210106155552	2000
20210106155552	2000
20210106155552	2000
20210106155552	2000
20210106155552	2000
20210106155552	2000
20210106155552	2000
20210106155552	2000
20210106155553	2000
20210106155553	2000
20210106155553	2000
20210106155553	2000
20210106155553	2000
20210106155553	2000
20210106155553	2000
20210106155553	2000
20210106155553	2000
20210106155553	2000
20210106155553	2000
20210106155553	2000
20210106155553	2000
20210106155553	2000
20210106155553	2000
20210106155553	2000
20210106155553	2000
20210106155553	2000
20210106155553	2000
20210106155553	2000
20210106155553	2000
20210106155553	2000
20210106155553	2000
20210106155553	2000
20210106155553	2000
20210106155553	2000
20210106155554	2000
20210106155554	2000
20210106155554	2000
20210106155554	2000
20210106155554	2000
20210106155554	2000
20210106155554	2000
20210106155554	2000
20210106155554	2000
20210106155554	2000
20210106155554	2000
20210106155554	2000
20210106155554	2000
20210106155554	2000
20210106155554	2000
20210106155554	2000
20210106155554	2000
20210106155554	2000
20210106155554	2000
20210106155554	2000
20210106155554	2000
20210106155554	2000
20210106155554	2000
20210106155554	2000
20210106155554	2000
20210106155554	2000
20210106155554	2000
20210106155554	2000
20210106155554	2000
20210106155554	2000
20210106155554	2000
20210106155554	2000
20210106155554	2000
20210106155554	2000
20210106155554	2000
20210106155554	2000
20210106155554	2000
20210106155554	2000
20210106155554	2000
20210106155554	2000
20210106155554	2000
20210106155554	2000
20210106155554	2000
20210106155555	2000
20210106155555	2000
20210106155555	2000
20210106155555	2000
20210106155555	2000
20210106155555	2000
20210106155555	2000
20210106155555	2000
20210106155555	2000
20210106155555	2000
20210106155555	2000
20210106155555	2000
20210106155555	2000
20210106155555	2000
20210106155555	2000
20210106155555	2000
20210106155555	2000
20210106155555	2000
20210106155555	2000
20210106155555	2000
20210106155555	2000
20210106155555	2000
20210106155555	1000
20210106155555	1000
20210106155555	1000
20210106155555	1000
20210106155555	1000
20210106155555	1000
20210106155555	1000
20210106155555	1000
20210106155555	1000
20210106155555	1000
20210106155555	1000
20210106155555	2000
20210106155555	2000
20210106155555	2000
20210106155555	2000
20210106155555	2000
20210106155555	2000
20210106155555	2000
20210106155556	2000
20210106155556	2000
20210106155556	2000
20210106155556	2000
20210106155556	2000
20210106155556	2000
20210106155556	1000
20210106155556	1000
20210106155556	1000
20210106155556	1000
20210106155556	1000
20210106155556	1000
20210106155556	1000
20210106155556	1000
20210106155556	1000
20210106155556	1000
20210106155556	1000
20210106155556	1000
20210106155556	1000
20210106155556	1000
20210106155556	1000
20210106155556	1000
20210106155556	1000
20210106155556	1000
20210106155556	1000
20210106155556	1000
20210106155556	1000
20210106155556	1000
20210106155556	1000
20210106155556	1000
20210106155556	1000
20210106155556	1000
20210106155556	1000
20210106155556	2000
20210106155557	2000
20210106155557	2000
20210106155557	2000
20210106155557	2000
20210106155557	2000
20210106155557	2000
20210106155557	2000
20210106155557	2000
20210106155557	2000
20210106155557	1000
20210106155557	1000
20210106155557	1000
20210106155557	1000
20210106155557	1000
20210106155557	1000
20210106155557	1000
20210106155557	1000
20210106155557	1000
20210106155557	1000
20210106155557	1000
20210106155557	1000
20210106155557	1000
20210106155557	1000
20210106155557	1000
20210106155557	1000
20210106155557	1000
20210106155557	1000
20210106155557	1000
20210106155557	1000
20210106155557	1000
20210106155557	1000
20210106155557	1000
20210106155557	1000
20210106155557	1000
20210106155557	1000
20210106155557	1000
20210106155557	1000
20210106155557	1000
20210106155557	1000
20210106155557	1000
20210106155558	1000
20210106155558	1000
20210106155558	1000
20210106155558	1000
20210106155558	1000
20210106155558	1000
20210106155558	1000
20210106155558	1000
20210106155558	1000
20210106155558	1000
20210106155558	1000
20210106155558	1000
20210106155558	1000
20210106155558	1000
20210106155558	1000
20210106155558	1000
20210106155558	1000
20210106155558	1000
20210106155558	1000
20210106155558	1000
20210106155558	1000
20210106155558	1000
20210106155558	1000
20210106155558	1000
20210106155558	1000
20210106155558	1000
20210106155558	1000
20210106155558	1000
20210106155558	1000
20210106155558	1000
20210106155558	1000
20210106155558	1000
20210106155558	1000
20210106155558	1000
20210106155558	1000
20210106155558	1000
20210106155558	1000
20210106155558	1000
20210106155558	1000
20210106155558	1000
20210106155558	1000
20210106155558	1000
20210106155558	1000
20210106155559	1000
20210106155559	1000
20210106155559	1000
20210106155559	1000
20210106155559	1000
20210106155559	1000
20210106155559	1000
20210106155559	1000
20210106155559	1000
20210106155559	1000
20210106155559	1000
20210106155559	1000
20210106155559	1000
20210106155559	1000
20210106155559	1000
20210106155559	1000
20210106155559	1000
20210106155559	1000
20210106155559	1000
20210106155559	1000
20210106155559	1000
20210106155559	1000
20210106155559	1000
20210106155559	1000
20210106155559	1000
20210106155559	1000
20210106155559	1000
20210106155559	1000
20210106155559	1000
20210106155559	1000
20210106155559	1000
20210106155559	1000
20210106155559	1000
20210106155559	1000
20210106155559	1000
20210106155559	1000
20210106155559	1000
20210106155559	1000
20210106155559	1000
20210106155600	1000
20210106155600	1000
20210106155600	1000
20210106155600	1000
20210106155600	1000
20210106155600	1000
20210106155600	1000
20210106155600	1000
20210106155600	1000
20210106155600	1000
20210106155600	1000
20210106155600	1000
20210106155600	1000
20210106155600	1000
20210106155600	1000
20210106155600	1000
20210106155600	1000
20210106155600	1000
20210106155600	1000
20210106155600	1000
20210106155600	1000
20210106155600	1000
20210106155600	1000
20210106155600	1000
20210106155600	1000
20210106155600	1000
20210106155600	1000
20210106155600	1000
20210106155600	1000
20210106155600	1000
20210106155600	1000
20210106155600	1000
20210106155600	1000
20210106155600	1000
20210106155600	1000
20210106155600	1000
20210106155600	1000
20210106155600	1000
20210106155600	1000
20210106155600	1000
20210106155601	1000
20210106155601	1000
20210106155601	1000
20210106155601	1000
20210106155601	1000
20210106155601	1000
20210106155601	1000
20210106155601	1000
20210106155601	1000
20210106155601	1000
20210106155601	1000
20210106155601	1000
20210106155601	1000
20210106155601	1000
20210106155601	1000
20210106155601	1000
20210106155601	1000
20210106155601	1000
20210106155601	1000
20210106155601	1000
20210106155601	1000
20210106155601	1000
20210106155601	1000
20210106155601	1000
20210106155601	1000
20210106155601	1000
20210106155601	1000
20210106155601	1000
20210106155601	1000
20210106155601	1000
20210106155601	1000
20210106155601	1000
20210106155601	1000
20210106155601	1000
20210106155601	1000
20210106155601	1000
20210106155601	1000
20210106155601	1000
20210106155601	1000
20210106155601	1000
20210106155601	1000
20210106155601	1000
20210106155601	1000
20210106155601	1000
20210106155601	1000
20210106155601	1000
20210106155601	1000
20210106155601	1000
20210106155601	1000
20210106155601	1000
20210106155601	1000
20210106155601	1000
20210106155601	1000
20210106155602	1000
20210106155602	1000
20210106155602	1000
20210106155602	1000
20210106155602	1000
20210106155602	1000
20210106155602	1000
20210106155602	1000
20210106155602	1000
20210106155602	1000
20210106155602	1000
20210106155602	1000
20210106155602	1000
20210106155602	1000
20210106155602	1000
20210106155602	1000
20210106155602	1000
20210106155602	1000
20210106155602	1000
20210106155602	1000
20210106155602	1000
20210106155602	1000
20210106155602	1000
20210106155602	1000
20210106155602	1000
20210106155602	1000
20210106155602	1000
20210106155602	1000
20210106155602	1000
20210106155602	1000
20210106155602	1000
20210106155602	1000
20210106155602	1000
20210106155602	1000
20210106155602	1000
20210106155602	1000
20210106155602	1000
20210106155602	1000
20210106155602	1000
20210106155602	1000
20210106155602	1000
20210106155602	1000
20210106155602	1000
20210106155602	1000
20210106155602	1000
20210106155602	1000
20210106155602	1000
20210106155602	1000
20210106155602	1000
20210106155602	1000
20210106155602	1000
20210106155602	1000
20210106155602	1000
20210106155602	1000
20210106155602	1000
20210106155602	1000
20210106155602	1000
20210106155602	1000
20210106155602	1000
20210106155602	1000
20210106155602	1000
20210106155602	1000
20210106155602	1000
20210106155602	1000
20210106155602	1000
20210106155602	1000
20210106155602	1000
20210106155602	1000
20210106155602	1000
20210106155602	1000
20210106155602	1000
20210106155602	1000
20210106155602	1000
20210106155602	1000
20210106155602	1000
20210106155602	1000
20210106155602	1000
20210106155602	1000
20210106155602	1000
20210106155602	1000
20210106155602	1000
20210106155602	1000
20210106155602	1000
20210106155602	1000
20210106155603	1000
20210106155603	1000
20210106155603	1000
20210106155603	1000
20210106155603	1000
20210106155603	1000
20210106155603	1000
20210106155603	1000
20210106155603	1000
20210106155603	1000
20210106155603	1000
20210106155603	1000
20210106155603	1000
20210106155603	1000
20210106155603	1000
20210106155603	1000
20210106155603	1000
20210106155603	1000
20210106155603	1000
20210106155603	1000
20210106155603	1000
20210106155603	1000
20210106155603	1000
20210106155603	1000
20210106155604	1000
20210106155604	1000
20210106155604	1000
20210106155604	1000
20210106155604	1000
20210106155604	1000
20210106155604	1000
20210106155604	1000
20210106155604	1000
20210106155604	1000
20210106155604	1000
20210106155604	1000
20210106155604	1000
20210106155604	1000
20210106155604	1000
20210106155604	1000
20210106155604	1000
20210106155604	1000
20210106155604	1000
20210106155604	1000
20210106155604	1000
20210106155604	1000
20210106155604	1000
20210106155604	1000
20210106155604	1000
20210106155604	1000
20210106155604	1000
20210106155604	1000
20210106155604	1000
20210106155604	1000
20210106155604	1000
20210106155604	1000
20210106155604	1000
20210106155604	1000
20210106155604	1000
20210106155604	1000
20210106155604	1000
20210106155604	1000
20210106155604	1000
20210106155604	1000
20210106155604	1000
20210106155604	1000
20210106155604	1000
20210106155605	1000
20210106155605	1000
20210106155605	1000
20210106155605	1000
20210106155605	1000
20210106155605	1000
20210106155605	1000
20210106155605	1000
20210106155605	1000
20210106155605	1000
20210106155605	1000
20210106155605	1000
20210106155605	1000
20210106155605	1000
20210106155605	1000
20210106155605	1000
20210106155605	1000
20210106155605	1000
20210106155605	1000
20210106155605	1000
20210106155605	1000
20210106155605	1000
20210106155605	1000
20210106155605	1000
20210106155605	1000
20210106155605	1000
20210106155605	1000
20210106155605	1000
20210106155605	1000
20210106155605	1000
20210106155605	1000
20210106155605	1000
20210106155605	1000
20210106155605	1000
20210106155605	1000
20210106155605	1000
20210106155605	1000
20210106155605	1000
20210106155606	1000
20210106155606	1000
20210106155606	1000
20210106155606	1000
20210106155606	1000
20210106155606	1000
20210106155606	1000
20210106155606	1000
20210106155606	1000
20210106155606	1000
20210106155606	1000
20210106155606	1000
20210106155606	1000
20210106155606	1000
20210106155606	1000
20210106155606	1000
20210106155606	1000
20210106155606	1000
20210106155606	1000
20210106155606	1000
20210106155606	1000
20210106155606	1000
20210106155606	1000
20210106155606	1000
20210106155606	1000
20210106155606	1000
20210106155606	1000
20210106155606	1000
20210106155607	1000
20210106155607	1000
20210106155607	1000
20210106155607	1000
20210106155607	1000
20210106155607	1000
20210106155607	1000
20210106155607	1000
20210106155607	1000
20210106155607	1000
20210106155607	1000
20210106155607	1000
20210106155607	1000
20210106155607	1000
20210106155607	1000
20210106155607	1000
20210106155607	1000
20210106155607	1000
20210106155607	1000
20210106155607	1000
20210106155607	1000
20210106155607	1000
20210106155607	1000
20210106155607	1000
20210106155607	1000
20210106155607	1000
20210106155607	1000
20210106155607	1000
20210106155607	1000
20210106155607	1000
20210106155607	1000
20210106155607	1000
20210106155608	1000
20210106155608	1000
20210106155608	1000
20210106155608	1000
20210106155608	1000
20210106155608	1000
20210106155608	1000
20210106155608	1000
20210106155608	1000
20210106155608	1000
20210106155608	1000
20210106155608	1000
20210106155608	1000
20210106155608	1000
20210106155608	1000
20210106155608	1000
20210106155608	1000
20210106155608	1000
20210106155608	1000
20210106155608	1000
20210106155608	1000
20210106155608	1000
20210106155608	1000
20210106155608	1000
20210106155608	1000
20210106155608	1000
20210106155608	1000
20210106155608	1000
20210106155608	1000
20210106155608	1000
20210106155608	1000
20210106155608	1000
20210106155608	1000
20210106155608	1000
20210106155608	1000
20210106155608	1000
20210106155608	1000
20210106155608	1000
20210106155608	1000
20210106155608	1000
20210106155608	1000
20210106155608	1000
20210106155608	1000
20210106155608	1000
20210106155608	1000
20210106155608	1000
20210106155608	1000
20210106155608	1000
20210106155608	1000
20210106155608	1000
20210106155608	1000
20210106155608	1000
20210106155608	1000
20210106155608	1000
20210106155609	1000
20210106155609	1000
20210106155609	1000
20210106155609	1000
20210106155609	1000
20210106155609	1000
20210106155609	1000
20210106155609	1000
20210106155609	1000
20210106155609	1000
20210106155609	1000
20210106155609	1000
20210106155609	1000
20210106155609	1000
20210106155609	1000
20210106155609	1000
20210106155609	1000
20210106155609	1000
20210106155609	1000
20210106155609	1000
20210106155609	1000
20210106155609	1000
20210106155609	1000
20210106155609	1000
20210106155609	1000
20210106155609	1000
20210106155609	1000
20210106155609	1000
20210106155609	1000
20210106155609	1000
20210106155609	1000
20210106155609	1000
20210106155609	1000
20210106155609	1000
20210106155609	1000
20210106155609	1000
20210106155609	1000
20210106155609	1000
20210106155609	1000
20210106155609	1000
20210106155609	1000
20210106155609	1000
20210106155609	1000
20210106155609	1000
20210106155609	1000
20210106155609	1000
20210106155609	1000
20210106155609	1000
20210106155609	1000
20210106155609	1000
20210106155609	1000
20210106155609	1000
20210106155609	1000
20210106155609	1000
20210106155610	1000
20210106155610	1000
20210106155610	1000
20210106155610	1000
20210106155610	1000
20210106155610	1000
20210106155610	1000
20210106155610	1000
20210106155610	1000
20210106155610	1000
20210106155610	1000
20210106155610	1000
20210106155610	1000
20210106155610	1000
20210106155610	1000
20210106155610	1000
20210106155610	1000
20210106155610	1000
20210106155610	1000
20210106155610	1000
20210106155610	1000
20210106155610	1000
20210106155610	1000
20210106155610	1000
20210106155610	1000
20210106155610	1000
20210106155610	1000
20210106155610	1000
20210106155610	1000
20210106155610	1000
20210106155610	1000
20210106155610	1000
20210106155610	1000
20210106155610	1000
20210106155610	1000
20210106155610	1000
20210106155610	1000
20210106155611	1000
20210106155611	1000
20210106155611	1000
20210106155611	1000
20210106155611	1000
20210106155611	1000
20210106155611	1000
20210106155611	1000
20210106155611	1000
20210106155611	1000
20210106155611	1000
20210106155611	1000
20210106155611	1000
20210106155611	1000
20210106155611	1000
20210106155611	1000
20210106155611	1000
20210106155611	1000
20210106155611	1000
20210106155611	1000
20210106155611	1000
20210106155611	1000
20210106155611	1000
20210106155611	1000
20210106155611	1000
20210106155611	1000
20210106155611	1000
20210106155611	1000
20210106155611	1000
20210106155611	1000
20210106155611	1000
20210106155611	1000
20210106155611	1000
20210106155611	1000
20210106155611	1000
20210106155611	1000
20210106155611	1000
20210106155611	1000
20210106155611	1000
20210106155611	1000
20210106155611	1000
20210106155611	1000
20210106155611	1000
20210106155611	1000
20210106155611	1000
20210106155611	1000
20210106155611	1000
20210106155611	1000
20210106155611	1000
20210106155611	1000
20210106155611	1000
20210106155611	1000
20210106155611	1000
20210106155611	1000
20210106155611	1000
20210106155611	1000
20210106155611	1000
20210106155612	1000
20210106155612	1000
20210106155612	1000
20210106155612	1000
20210106155612	1000
20210106155612	1000
20210106155612	1000
20210106155612	1000
20210106155612	1000
20210106155612	1000
20210106155612	1000
20210106155612	1000
20210106155612	1000
20210106155612	1000
20210106155612	1000
20210106155612	1000
20210106155612	1000
20210106155612	1000
20210106155612	1000
20210106155612	1000
20210106155612	1000
20210106155612	1000
20210106155612	1000
20210106155612	1000
20210106155612	1000
20210106155612	1000
20210106155612	1000
20210106155612	1000
20210106155612	1000
20210106155612	1000
20210106155612	1000
20210106155612	1000
20210106155612	1000
20210106155612	1000
20210106155613	1000
20210106155613	1000
20210106155613	1000
20210106155613	1000
20210106155613	1000
20210106155613	1000
20210106155613	1000
20210106155613	1000
20210106155613	1000
20210106155613	1000
20210106155613	1000
20210106155613	1000
20210106155613	1000
20210106155613	1000
20210106155613	1000
20210106155613	1000
20210106155613	1000
20210106155613	1000
20210106155613	1000
20210106155613	1000
20210106155613	1000
20210106155613	1000
20210106155613	1000
20210106155613	1000
20210106155613	1000
20210106155613	1000
20210106155613	1000
20210106155613	1000
20210106155613	1000
20210106155613	1000
20210106155613	1000
20210106155613	1000
20210106155613	1000
20210106155613	1000
20210106155613	1000
20210106155613	1000
20210106155613	1000
20210106155613	1000
20210106155614	1000
20210106155614	1000
20210106155614	1000
20210106155614	1000
20210106155614	1000
20210106155614	1000
20210106155614	1000
20210106155614	1000
20210106155614	1000
20210106155614	1000
20210106155614	1000
20210106155614	1000
20210106155614	1000
20210106155614	1000
20210106155614	1000
20210106155614	1000
20210106155614	1000
20210106155614	1000
20210106155614	1000
20210106155614	1000
20210106155614	1000
20210106155614	1000
20210106155614	1000
20210106155614	1000
20210106155614	1000
20210106155614	1000
20210106155614	1000
20210106155614	1000
20210106155614	1000
20210106155614	1000
20210106155614	1000
20210106155614	1000
20210106155614	1000
20210106155614	1000
20210106155614	1000
20210106155614	1000
20210106155614	1000
20210106155614	1000
20210106155614	1000
20210106155614	1000
20210106155614	1000
20210106155614	1000
20210106155614	1000
20210106155614	1000
20210106155614	1000
20210106155614	1000
20210106155615	1000
20210106155615	1000
20210106155615	1000
20210106155615	1000
20210106155615	1000
20210106155615	1000
20210106155615	1000
20210106155615	1000
20210106155615	1000
20210106155615	1000
20210106155615	1000
20210106155615	1000
20210106155615	1000
20210106155615	1000
20210106155615	1000
20210106155615	1000
20210106155615	1000
20210106155615	1000
20210106155615	1000
20210106155615	1000
20210106155615	1000
20210106155615	1000
20210106155615	1000
20210106155615	1000
20210106155615	1000
20210106155615	1000
20210106155615	1000
20210106155615	1000
20210106155615	1000
20210106155615	1000
20210106155615	1000
20210106155615	1000
20210106155615	1000
20210106155615	1000
20210106155615	1000
20210106155615	1000
20210106155615	1000
20210106155615	1000
20210106155615	1000
20210106155615	1000
20210106155615	1000
20210106155615	1000
20210106155615	1000
20210106155615	1000
20210106155615	1000
20210106155615	1000
20210106155615	1000
20210106155615	1000
20210106155615	1000
20210106155615	1000
20210106155615	1000
20210106155615	1000
20210106155616	1000
20210106155616	1000
20210106155616	1000
20210106155616	1000
20210106155616	1000
20210106155616	1000
20210106155616	1000
20210106155616	1000
20210106155616	1000
20210106155616	1000
20210106155616	1000
20210106155616	1000
20210106155616	1000
20210106155616	1000
20210106155616	1000
20210106155616	1000
20210106155616	1000
20210106155616	1000
20210106155616	1000
20210106155616	1000
20210106155616	1000
20210106155616	1000
20210106155616	1000
20210106155616	1000
20210106155616	1000
20210106155617	1000
20210106155617	1000
20210106155617	1000
20210106155617	1000
20210106155617	1000
20210106155617	1000
20210106155617	1000
20210106155617	1000
20210106155617	1000
20210106155617	1000
20210106155617	1000
20210106155617	1000
20210106155617	1000
20210106155617	1000
20210106155617	1000
20210106155617	1000
20210106155617	1000
20210106155617	1000
20210106155617	1000
20210106155617	1000
20210106155617	1000
20210106155617	1000
20210106155617	1000
20210106155617	1000
20210106155617	1000
20210106155617	1000
20210106155617	1000
20210106155617	1000
20210106155617	1000
20210106155618	1000
20210106155618	1000
20210106155618	1000
20210106155618	1000
20210106155618	1000
20210106155618	1000
20210106155618	1000
20210106155618	1000
20210106155618	1000
20210106155618	1000
20210106155618	1000
20210106155618	1000
20210106155618	1000
20210106155618	1000
20210106155618	1000
20210106155618	1000
20210106155618	1000
20210106155618	1000
20210106155618	1000
20210106155618	1000
20210106155618	1000
20210106155618	1000
20210106155618	1000
20210106155618	1000
20210106155618	1000
20210106155618	1000
20210106155618	1000
20210106155618	1000
20210106155618	1000
20210106155618	1000
20210106155618	1000
20210106155618	1000
20210106155618	1000
20210106155618	1000
20210106155618	1000
20210106155618	1000
20210106155618	1000
20210106155618	1000
20210106155618	1000
20210106155618	1000
20210106155618	1000
20210106155618	1000
20210106155618	1000
20210106155618	1000
20210106155618	1000
20210106155618	1000
20210106155618	1000
20210106155618	1000
20210106155618	1000
20210106155618	1000
20210106155618	1000
20210106155619	1000
20210106155619	1000
20210106155619	1000
20210106155619	1000
20210106155619	1000
20210106155619	1000
20210106155619	2000
20210106155619	2000
20210106155619	2000
20210106155619	2000
20210106155619	2000
20210106155619	2000
20210106155619	2000
20210106155619	2000
20210106155619	2000
20210106155619	2000
20210106155619	2000
20210106155619	2000
20210106155619	2000
20210106155619	2000
20210106155619	2000
20210106155619	2000
20210106155619	2000
20210106155619	2000
20210106155619	2000
20210106155619	2000
20210106155619	2000
20210106155619	2000
20210106155619	2000
20210106155619	2000
20210106155619	2000
20210106155619	2000
20210106155619	2000
20210106155619	2000
20210106155619	2000
20210106155619	2000
20210106155619	2000
20210106155619	2000
20210106155619	2000
20210106155619	2000
20210106155620	2000
20210106155620	2000
20210106155620	2000
20210106155620	2000
20210106155620	2000
20210106155620	2000
20210106155620	2000
20210106155620	2000
20210106155620	2000
20210106155620	2000
20210106155620	2000
20210106155620	2000
20210106155620	2000
20210106155620	2000
20210106155620	2000
20210106155620	2000
20210106155620	2000
20210106155620	2000
20210106155620	2000
20210106155620	2000
20210106155620	2000
20210106155620	2000
20210106155620	2000
20210106155620	2000
20210106155620	2000
20210106155620	2000
20210106155620	2000
20210106155620	2000
20210106155620	2000
20210106155620	2000
20210106155620	2000
20210106155620	2000
20210106155620	2000
20210106155620	2000
20210106155620	2000
20210106155620	2000
20210106155620	2000
20210106155620	2000
20210106155620	2000
20210106155620	2000
20210106155620	2000
20210106155620	2000
20210106155620	2000
20210106155620	2000
20210106155620	2000
20210106155620	2000
20210106155620	2000
20210106155620	2000
20210106155620	2000
20210106155620	2000
20210106155620	2000
20210106155620	2000
20210106155620	2000
20210106155620	2000
20210106155620	2000
20210106155620	2000
20210106155620	2000
20210106155620	2000
20210106155620	2000
20210106155620	2000
20210106155620	2000
20210106155620	2000
20210106155620	2000
20210106155620	2000
20210106155620	2000
20210106155621	2000
20210106155621	2000
20210106155621	2000
20210106155621	2000
20210106155621	2000
20210106155621	2000
20210106155621	2000
20210106155621	2000
20210106155621	2000
20210106155621	2000
20210106155621	2000
20210106155621	2000
20210106155621	2000
20210106155621	2000
20210106155621	2000
20210106155621	2000
20210106155621	2000
20210106155621	2000
20210106155621	2000
20210106155621	2000
20210106155621	2000
20210106155621	2000
20210106155621	2000
20210106155621	2000
20210106155621	2000
20210106155621	2000
20210106155621	2000
20210106155621	2000
20210106155622	2000
20210106155622	2000
20210106155622	2000
20210106155622	1999.72
20210106155622	2000
20210106155622	2000
20210106155622	2000
20210106155622	2000
20210106155622	2000
20210106155622	2000
20210106155622	2000
20210106155622	2000
20210106155622	2000
20210106155622	2000
20210106155622	2000
20210106155622	2000
20210106155622	2000
20210106155622	2000
20210106155622	2000
20210106155622	2000
20210106155622	2000
20210106155622	2000
20210106155622	2000
20210106155622	2000
20210106155622	2000
20210106155622	2000
20210106155622	2000
20210106155623	2000
20210106155623	2000
20210106155623	2000
20210106155623	2000
20210106155623	2000
20210106155623	2000
20210106155623	2000
20210106155623	2000
20210106155623	2000
20210106155623	2000
20210106155623	2000
20210106155623	2000
20210106155623	2000
20210106155623	2000
20210106155623	2000
20210106155623	2000
20210106155623	2000
20210106155623	2000
20210106155623	2000
20210106155623	2000
20210106155623	2000
20210106155623	2000
20210106155623	2000
20210106155623	2000
20210106155623	2000
20210106155623	2000
20210106155623	2000
20210106155623	2000
20210106155623	2000
20210106155623	2000
20210106155623	2000
20210106155623	2000
20210106155623	2000
20210106155623	2000
20210106155623	2000
20210106155623	2000
20210106155623	2000
20210106155623	2000
20210106155623	2000
20210106155623	2000
20210106155623	2000
20210106155623	2000
20210106155623	2000
20210106155623	2000
20210106155623	2000
20210106155623	2000
20210106155623	2000
20210106155623	2000
20210106155623	2000
20210106155624	2000
20210106155624	2000
20210106155624	2000
20210106155624	2000
20210106155624	2000
20210106155624	2000
20210106155624	2000
20210106155624	2000
20210106155624	2000
20210106155624	2000
20210106155624	2000
20210106155624	2000
20210106155624	2000
20210106155624	2000
20210106155624	2000
20210106155624	2000
20210106155624	2000
20210106155624	2000
20210106155624	2000
20210106155624	2000
20210106155624	2000
20210106155624	2000
20210106155624	2000
20210106155624	2000
20210106155624	2000
20210106155624	2000
20210106155624	2000
20210106155624	2000
20210106155624	2000
20210106155624	2000
20210106155624	2000
20210106155624	2000
20210106155624	2000
20210106155624	2000
20210106155624	2000
20210106155624	2000
20210106155624	2000
20210106155624	2000
20210106155624	2000
20210106155624	2000
20210106155624	2000
20210106155624	2000
20210106155624	2000
20210106155625	2000
20210106155625	2000
20210106155625	2000
20210106155625	2000
20210106155625	2000
20210106155625	2000
20210106155625	2000
20210106155625	2000
20210106155625	2000
20210106155625	2000
20210106155625	2000
20210106155625	2000
20210106155625	2000
20210106155625	2000
20210106155625	2000
20210106155625	2000
20210106155625	2000
20210106155625	2000
20210106155625	2000
20210106155625	2000
20210106155625	2000
20210106155625	2000
20210106155625	2000
20210106155625	2000
20210106155625	2000
20210106155625	2000
20210106155625	2000
20210106155625	2000
20210106155625	2000
20210106155625	2000
20210106155626	2000
20210106155626	2000
20210106155626	2000
20210106155626	2000
20210106155626	2000
20210106155626	2000
20210106155626	2000
20210106155626	2000
20210106155626	2000
20210106155626	2000
20210106155626	2000
20210106155626	2000
20210106155626	2000
20210106155626	2000
20210106155626	2000
20210106155626	2000
20210106155626	2000
20210106155626	2000
20210106155626	2000
20210106155626	2000
20210106155626	2000
20210106155626	2000
20210106155626	2000
20210106155626	2000
20210106155626	2000
20210106155626	2000
20210106155626	2000
20210106155626	2000
20210106155626	2000
20210106155626	2000
20210106155626	2000
20210106155626	2000
20210106155626	2000
20210106155626	2000
20210106155626	2000
20210106155626	2000
20210106155626	2000
20210106155626	2000
20210106155626	2000
20210106155626	2000
20210106155627	2000
20210106155627	2000
20210106155627	2000
20210106155627	2000
20210106155627	2000
20210106155627	2000
20210106155627	2000
20210106155627	2000
20210106155627	2000
20210106155627	2000
20210106155627	2000
20210106155627	2000
20210106155627	2000
20210106155627	2000
20210106155627	2000
20210106155627	2000
20210106155627	2000
20210106155627	2000
20210106155627	2000
20210106155627	2000
20210106155627	2000
20210106155627	2000
20210106155627	2000
20210106155627	2000
20210106155627	2000
20210106155627	2000
20210106155627	2000
20210106155627	2000
20210106155627	2000
20210106155627	2000
20210106155627	2000
20210106155627	2000
20210106155627	2000
20210106155627	2000
20210106155627	2000
20210106155627	2000
20210106155627	2000
20210106155627	2000
20210106155627	2000
20210106155627	2000
20210106155627	2000
20210106155627	2000
20210106155627	2000
20210106155627	2000
20210106155627	2000
20210106155627	2000
20210106155627	2000
20210106155627	2000
20210106155627	2000
20210106155627	2000
20210106155627	2000
20210106155628	2000
20210106155628	2000
20210106155628	2000
20210106155628	2000
20210106155628	2000
20210106155628	2000
20210106155628	2000
20210106155628	2000
20210106155628	2000
20210106155628	2000
20210106155628	2000
20210106155628	2000
20210106155628	2000
20210106155628	2000
20210106155628	2000
20210106155628	2000
20210106155628	2000
20210106155628	2000
20210106155628	2000
20210106155628	2000
20210106155628	2000
20210106155628	2000
20210106155628	2000
20210106155628	2000
20210106155628	2000
20210106155628	2000
20210106155628	2000
20210106155628	2000
20210106155628	2000
20210106155628	2000
20210106155628	2000
20210106155628	2000
20210106155628	2000
20210106155628	2000
20210106155628	2000
20210106155628	2000
20210106155628	2000
20210106155628	2000
20210106155628	2000
20210106155628	2000
20210106155628	2000
20210106155628	2000
20210106155628	2000
20210106155629	2000
20210106155629	2000
20210106155629	2000
20210106155629	2000
20210106155629	2000
20210106155629	2000
20210106155629	2000
20210106155629	2000
20210106155629	2000
20210106155629	2000
20210106155629	2000
20210106155629	2000
20210106155629	2000
20210106155629	2000
20210106155629	2000
20210106155629	2000
20210106155629	2000
20210106155629	2000
20210106155629	2000
20210106155629	2000
20210106155629	2000
20210106155629	2000
20210106155629	2000
20210106155629	2000
20210106155629	2000
20210106155629	2000
20210106155629	2000
20210106155629	2000
20210106155629	2000
20210106155629	2000
20210106155629	2000
20210106155629	2000
20210106155629	2000
20210106155629	2000
20210106155629	2000
20210106155629	2000
20210106155629	2000
20210106155629	2000
20210106155629	2000
20210106155629	2000
20210106155629	2000
20210106155629	2000
20210106155629	2000
20210106155630	2000
20210106155630	2000
20210106155630	2000
20210106155630	2000
20210106155630	2000
20210106155630	2000
20210106155630	2000
20210106155630	2000
20210106155630	2000
20210106155630	2000
20210106155630	2000
20210106155630	2000
20210106155630	2000
20210106155630	2000
20210106155630	2000
20210106155630	2000
20210106155630	2000
20210106155630	2000
20210106155630	2000
20210106155630	2000
20210106155630	2000
20210106155630	2000
20210106155630	2000
20210106155630	2000
20210106155630	2000
20210106155630	2000
20210106155630	2000
20210106155630	2000
20210106155630	2000
20210106155630	2000
20210106155630	2000
20210106155631	2000
20210106155631	2000
20210106155631	2000
20210106155631	2000
20210106155631	2000
20210106155631	2000
20210106155631	2000
20210106155631	2000
20210106155631	2000
20210106155631	2000
20210106155631	2000
20210106155631	2000
20210106155631	2000
20210106155631	2000
20210106155631	2000
20210106155631	2000
20210106155631	2000
20210106155631	2000
20210106155631	2000
20210106155631	2000
20210106155631	2000
20210106155631	2000
20210106155631	2000
20210106155631	2000
20210106155631	2000
20210106155631	2000
20210106155631	2000
20210106155631	2000
20210106155631	2000
20210106155631	2000
20210106155631	2000
20210106155631	2000
20210106155631	2000
20210106155631	2000
20210106155631	2000
20210106155631	2000
20210106155631	2000
20210106155631	2000
20210106155631	2000
20210106155631	2000
20210106155631	2000
20210106155631	2000
20210106155631	2000
20210106155631	2000
20210106155631	2000
20210106155631	2000
20210106155631	2000
20210106155631	2000
20210106155631	2000
20210106155631	2000
20210106155631	2000
20210106155631	2000
20210106155632	2000
20210106155632	2000
20210106155632	2000
20210106155632	2000
20210106155632	2000
20210106155632	2000
20210106155632	2000
20210106155632	2000
20210106155632	2000
20210106155632	2000
20210106155632	2000
20210106155632	2000
20210106155632	2000
20210106155632	2000
20210106155632	2000
20210106155632	2000
20210106155632	2000
20210106155632	2000
20210106155632	2000
20210106155632	2000
20210106155632	2000
20210106155632	2000
20210106155632	2000
20210106155632	2000
20210106155632	2000
20210106155632	2000
20210106155632	2000
20210106155632	2000
20210106155633	2000
20210106155633	2000
20210106155633	2000
20210106155633	2000
20210106155633	2000
20210106155633	2000
20210106155633	2000
20210106155633	2000
20210106155633	2000
20210106155633	2000
20210106155633	2000
20210106155633	2000
20210106155633	2000
20210106155633	2000
20210106155633	2000
20210106155633	2000
20210106155633	1995.28
20210106155633	1995.1
20210106155633	1995.1
20210106155633	1994.94
20210106155633	1994.94
20210106155633	1994.77
20210106155633	1994.77
20210106155634	1994.58
20210106155634	1994.58
20210106155634	1994.31
20210106155634	1979.6
20210106155634	1979.6
20210106155634	1979.6
20210106155634	1979.34
20210106155634	1979.34
20210106155634	1979.01
20210106155634	1978.74
20210106155634	1978.74
20210106155634	1978.74
20210106155634	1978.34
20210106155634	1970.53
20210106155634	1970.27
20210106155634	1970.27
20210106155634	1969.9
20210106155634	1969.9
20210106155634	1969.58
20210106155634	1969.58
20210106155634	1969.35
20210106155634	1969.35
20210106155634	1968.98
20210106155634	1949.56
20210106155634	1949.23
20210106155634	1948.91
20210106155634	1948.91
20210106155634	1948.91
20210106155634	1948.49
20210106155634	1948.49
20210106155634	1948.11
20210106155634	1948.11
20210106155634	1947.73
20210106155634	1937.01
20210106155634	1936.51
20210106155634	1936.51
20210106155634	1936.17
20210106155634	1936.17
20210106155634	1935.74
20210106155634	1935.74
20210106155634	1935.36
20210106155634	1935.36
20210106155634	1934.87
20210106155634	1907.29
20210106155635	1907.29
20210106155635	1907.29
20210106155635	1906.69
20210106155635	1906.69
20210106155635	1906.3
20210106155635	1906.3
20210106155635	1905.74
20210106155635	1905.74
20210106155635	1905.24
20210106155635	1889.61
20210106155635	1889.11
20210106155635	1889.11
20210106155635	1888.68
20210106155635	1888.68
20210106155635	1888.15
20210106155635	1888.15
20210106155635	1887.53
20210106155635	1887
20210106155635	1887
20210106155635	1847.44
20210106155635	1847.06
20210106155635	1846.47
20210106155635	1846.47
20210106155635	1846.47
20210106155635	1845.76
20210106155635	1845.76
20210106155635	1845.3
20210106155635	1845.3
20210106155635	1844.69
20210106155635	1791.74
20210106155635	1790.97
20210106155635	1790.38
20210106155635	1790.38
20210106155635	1790.38
20210106155635	1789.91
20210106155635	1789.91
20210106155635	1789.23
20210106155635	1788.67
20210106155635	1788.67
20210106155635	1755.91
20210106155635	1755.44
20210106155635	1755.44
20210106155635	1754.7
20210106155635	1754.7
20210106155635	1754.06
20210106155635	1754.06
20210106155635	1753.56
20210106155635	1753.56
20210106155635	1752.78
20210106155635	1666.25
20210106155635	1665.58
20210106155635	1664.97
20210106155635	1664.97
20210106155635	1664.29
20210106155635	1664.29
20210106155635	1663.74
20210106155635	1663.74
20210106155636	1663.74
20210106155636	1663.12
20210106155636	1539.88
20210106155636	1539.21
20210106155636	1538.5
20210106155636	1538.5
20210106155636	1538.5
20210106155636	1537.92
20210106155636	1537.92
20210106155636	1537.26
20210106155636	1537.26
20210106155636	1536.7
20210106155636	1457.53
20210106155636	1456.88
20210106155636	1456.88
20210106155636	1456.23
20210106155636	1455.48
20210106155636	1455.48
20210106155636	1455.48
20210106155636	1454.93
20210106155636	1454.12
20210106155636	1454.12
20210106155636	1256.04
20210106155636	1256.04
20210106155636	1256.04
20210106155636	1255.54
20210106155636	1255.54
20210106155636	1254.72
20210106155636	1254.72
20210106155636	1254.18
20210106155636	1254.18
20210106155636	1253.48
20210106155636	1027.87
20210106155636	1027.26
20210106155636	1027.26
20210106155636	1026.58
20210106155636	1026.58
20210106155636	1025.92
20210106155636	1025.22
20210106155636	1025.22
20210106155636	1025.22
20210106155636	1024.56
20210106155636	1000
20210106155636	1000
20210106155636	1000
20210106155636	1000
20210106155636	1000
20210106155636	1000
20210106155636	1000
20210106155636	1000
20210106155636	1000
20210106155636	1000
20210106155637	1000
20210106155637	1000
20210106155637	1000
20210106155637	1000
20210106155637	1000
20210106155637	1000
20210106155637	1000
20210106155637	1000
20210106155637	1000
20210106155637	1000
20210106155637	1000
20210106155637	1000
20210106155637	1000
20210106155637	1000
20210106155637	1000
20210106155637	1000
20210106155637	1000
20210106155637	1000
20210106155637	1000
20210106155637	1000
20210106155637	1000
20210106155637	1000
20210106155637	1000
20210106155637	1000
20210106155637	1000
20210106155637	1000
20210106155637	1000
20210106155637	1000
20210106155637	1000
20210106155637	1000
20210106155637	1000
20210106155637	1000
20210106155637	1000
20210106155637	1000
20210106155637	1000
20210106155637	1000
20210106155637	1000
20210106155637	1000
20210106155637	1000
20210106155637	1000
20210106155637	1000
20210106155637	1000
20210106155637	1000
20210106155637	1000
20210106155638	1000
20210106155638	1000
20210106155638	1000
20210106155638	1000
20210106155638	1000
20210106155638	1000
20210106155638	1000
20210106155638	1000
20210106155638	1000
20210106155638	1000
20210106155638	1000
20210106155638	1000
20210106155638	1000
20210106155638	1000
20210106155638	1000
20210106155638	1000
20210106155638	1000
20210106155638	1000
20210106155638	1000
20210106155638	1000
20210106155638	1000
20210106155638	1000
20210106155638	1000
20210106155638	1000
20210106155638	1000
20210106155638	1000
20210106155638	1000
20210106155638	1000
20210106155638	1000
20210106155638	1000
20210106155638	1000
20210106155638	1000
20210106155638	1000
20210106155638	1000
20210106155638	1000
20210106155638	1000
20210106155638	1000
20210106155638	1000
20210106155638	1000
20210106155638	1000
20210106155638	1000
20210106155638	1000
20210106155638	1000
20210106155638	1000
20210106155638	1000
20210106155638	1000
20210106155638	1000
20210106155638	1000
20210106155639	1000
20210106155639	1000
20210106155639	1000
20210106155639	1000
20210106155639	1000
20210106155639	1000
20210106155639	1000
20210106155639	1000
20210106155639	1000
20210106155639	1000
20210106155639	1000
20210106155639	1000
20210106155639	1000
20210106155639	1000
20210106155639	1000
20210106155639	1000
20210106155639	1000
20210106155639	1000
20210106155639	1000
20210106155639	1000
