20210111015213	-1.44183
20210111015213	-1.44183
20210111015213	-1.44183
20210111015213	-2.06224
20210111015213	-2.06224
20210111015213	-2.06224
20210111015213	-2.84006
20210111015213	-2.84006
20210111015213	-2.84006
20210111015213	-2.84006
20210111015213	-3.46404
20210111015213	-3.46404
20210111015213	-3.46404
20210111015213	-4.08941
20210111015213	-4.08941
20210111015213	-4.08941
20210111015213	-4.71606
20210111015213	-4.71606
20210111015213	-4.71606
20210111015213	-5.34452
20210111015213	-5.34452
20210111015213	-5.34452
20210111015213	-5.34452
20210111015214	-6.13378
20210111015214	-6.13378
20210111015214	-6.13378
20210111015214	-6.60788
20210111015214	-6.60788
20210111015214	-6.60788
20210111015214	-7.39879
20210111015214	-7.39879
20210111015214	-7.39879
20210111015214	-7.39879
20210111015214	-8.03209
20210111015214	-8.03209
20210111015214	-8.03209
20210111015214	-8.66582
20210111015214	-8.66582
20210111015214	-8.66582
20210111015214	-8.66582
20210111015214	-9.30053
20210111015214	-9.30053
20210111015214	-9.30053
20210111015214	-10.0966
20210111015214	-10.0966
20210111015214	-10.0966
20210111015214	-10.5742
20210111015214	-10.5742
20210111015214	-10.5742
20210111015214	-11.3699
20210111015214	-11.3699
20210111015214	-11.3699
20210111015214	-11.3699
20210111015214	-12.0062
20210111015214	-12.0062
20210111015215	-12.0062
20210111015215	-12.6421
20210111015215	-12.6421
20210111015215	-12.6421
20210111015215	-12.6421
20210111015215	-13.2783
20210111015215	-13.2783
20210111015215	-13.2783
20210111015215	-14.075
20210111015215	-14.075
20210111015215	-14.075
20210111015215	-14.5523
20210111015215	-14.5523
20210111015215	-14.5523
20210111015215	-15.3468
20210111015215	-15.3468
20210111015215	-15.3468
20210111015215	-15.3468
20210111015215	-15.9813
20210111015215	-15.9813
20210111015215	-15.9813
20210111015215	-16.6148
20210111015215	-16.6148
20210111015215	-16.6148
20210111015215	-16.6148
20210111015215	-17.4067
20210111015215	-17.4067
20210111015215	-17.4067
20210111015215	-17.8821
20210111015215	-17.8821
20210111015215	-17.8821
20210111015215	-18.5146
20210111015215	-18.5146
20210111015215	-18.5146
20210111015215	-19.303
20210111015215	-19.303
20210111015215	-19.303
20210111015216	-19.303
20210111015216	-19.9319
20210111015216	-19.9319
20210111015216	-19.9319
20210111015216	-20.559
20210111015216	-20.559
20210111015216	-20.559
20210111015216	-21.1853
20210111015216	-21.1853
20210111015216	-21.1853
20210111015216	-21.1853
20210111015216	-21.8124
20210111015216	-21.8124
20210111015216	-21.8124
20210111015216	-22.4372
20210111015216	-22.4372
20210111015216	-22.4372
20210111015216	-23.215
20210111015216	-23.215
20210111015216	-23.215
20210111015216	-23.215
20210111015216	-23.8345
20210111015216	-23.8345
20210111015216	-23.8345
20210111015216	-24.4518
20210111015216	-24.4518
20210111015216	-24.4518
20210111015216	-24.4518
20210111015216	-25.0674
20210111015216	-25.0674
20210111015216	-25.0674
20210111015217	-25.6826
20210111015217	-25.6826
20210111015217	-25.6826
20210111015217	-26.295
20210111015217	-26.295
20210111015217	-26.295
20210111015217	-26.295
20210111015217	-27.0563
20210111015217	-27.0563
20210111015217	-27.0563
20210111015217	-27.662
20210111015217	-27.662
20210111015217	-27.662
20210111015217	-28.2646
20210111015217	-28.2646
20210111015217	-28.2646
20210111015217	-28.2646
20210111015217	-29.0152
20210111015217	-29.0152
20210111015217	-29.0152
20210111015217	-29.6137
20210111015217	-29.6137
20210111015217	-29.6137
20210111015217	-30.0602
20210111015217	-30.0602
20210111015217	-30.0602
20210111015217	-30.0602
20210111015217	-30.8
20210111015217	-30.8
20210111015218	-30.8
20210111015218	-31.3877
20210111015218	-31.3877
20210111015218	-31.3877
20210111015218	-31.9718
20210111015218	-31.9718
20210111015218	-31.9718
20210111015218	-32.6984
20210111015218	-32.6984
20210111015218	-32.6984
20210111015218	-32.6984
20210111015218	-33.1329
20210111015218	-33.1329
20210111015218	-33.1329
20210111015218	-33.8516
20210111015218	-33.8516
20210111015218	-33.8516
20210111015218	-34.4217
20210111015218	-34.4217
20210111015218	-34.4217
20210111015218	-34.4217
20210111015218	-34.9874
20210111015218	-34.9874
20210111015218	-34.9874
20210111015218	-35.5486
20210111015218	-35.5486
20210111015218	-35.5486
20210111015218	-36.1058
20210111015218	-36.1058
20210111015218	-36.1058
20210111015218	-36.1058
20210111015218	-36.7976
20210111015218	-36.7976
20210111015218	-36.7976
20210111015218	-37.2088
20210111015218	-37.2088
20210111015218	-37.2088
20210111015218	-37.8879
20210111015218	-37.8879
20210111015219	-37.8879
20210111015219	-37.8879
20210111015219	-38.4253
20210111015219	-38.4253
20210111015219	-38.4253
20210111015219	-38.9574
20210111015219	-38.9574
20210111015219	-38.9574
20210111015219	-38.9574
20210111015219	-39.4846
20210111015219	-39.4846
20210111015219	-39.4846
20210111015219	-40.0079
20210111015219	-40.0079
20210111015219	-40.0079
20210111015219	-40.5252
20210111015219	-40.5252
20210111015219	-40.5252
20210111015219	-41.1634
20210111015219	-41.1634
20210111015219	-41.1634
20210111015219	-41.1634
20210111015219	-41.667
20210111015219	-41.667
20210111015219	-41.667
20210111015219	-42.1643
20210111015219	-42.1643
20210111015220	-42.1643
20210111015220	-42.6559
20210111015220	-42.6559
20210111015220	-42.6559
20210111015220	-42.6559
20210111015220	-43.1428
20210111015220	-43.1428
20210111015220	-43.1428
20210111015220	-43.6227
20210111015220	-43.6227
20210111015220	-43.6227
20210111015220	-44.2126
20210111015220	-44.2126
20210111015220	-44.2126
20210111015220	-44.2126
20210111015220	-44.6763
20210111015220	-44.6763
20210111015220	-44.6763
20210111015220	-45.1326
20210111015220	-45.1326
20210111015220	-45.1326
20210111015220	-45.1326
20210111015220	-45.6929
20210111015220	-45.6929
20210111015220	-45.6929
20210111015220	-46.0237
20210111015220	-46.0237
20210111015220	-46.0237
20210111015220	-46.0237
20210111015220	-46.4578
20210111015220	-46.4578
20210111015220	-46.4578
20210111015220	-46.9887
20210111015220	-46.9887
20210111015220	-46.9887
20210111015220	-47.404
20210111015220	-47.404
20210111015220	-47.404
20210111015220	-47.8107
20210111015220	-47.8107
20210111015220	-47.8107
20210111015220	-47.8107
20210111015220	-48.2089
20210111015220	-48.2089
20210111015220	-48.2089
20210111015220	-48.6944
20210111015220	-48.6944
20210111015221	-48.6944
20210111015221	-48.9789
20210111015221	-48.9789
20210111015221	-48.9789
20210111015221	-48.9789
20210111015221	-49.4413
20210111015221	-49.4413
20210111015221	-49.4413
20210111015221	-49.8006
20210111015221	-49.8006
20210111015221	-49.8006
20210111015221	-50.1503
20210111015221	-50.1503
20210111015221	-50.1503
20210111015221	-50.4903
20210111015221	-50.4903
20210111015221	-50.4903
20210111015221	-50.4903
20210111015221	-50.8206
20210111015221	-50.8206
20210111015221	-51.1409
20210111015221	-51.1409
20210111015221	-51.1409
20210111015221	-51.1409
20210111015221	-51.5268
20210111015221	-51.5268
20210111015222	-51.5268
20210111015222	-51.5268
20210111015222	-51.8236
20210111015222	-51.8236
20210111015222	-51.8236
20210111015222	-52.1104
20210111015222	-52.1104
20210111015222	-52.1104
20210111015222	-52.1104
20210111015222	-52.3871
20210111015222	-52.3871
20210111015222	-52.3871
20210111015222	-52.7186
20210111015222	-52.7186
20210111015222	-52.7186
20210111015222	-52.9097
20210111015222	-52.9097
20210111015222	-52.9097
20210111015222	-53.2159
20210111015222	-53.2159
20210111015222	-53.2159
20210111015222	-53.2159
20210111015222	-53.4498
20210111015222	-53.4498
20210111015222	-53.4498
20210111015222	-53.6733
20210111015222	-53.6733
20210111015222	-53.6733
20210111015222	-53.6733
20210111015222	-53.8864
20210111015222	-53.8864
20210111015222	-53.8864
20210111015222	-54.1381
20210111015222	-54.1381
20210111015222	-54.1381
20210111015223	-54.2813
20210111015223	-54.2813
20210111015223	-54.2813
20210111015223	-54.2813
20210111015223	-54.5084
20210111015223	-54.5084
20210111015223	-54.5084
20210111015223	-54.68
20210111015223	-54.68
20210111015223	-54.68
20210111015223	-54.8412
20210111015223	-54.8412
20210111015223	-54.8412
20210111015223	-54.8412
20210111015223	-55.0284
20210111015223	-55.0284
20210111015223	-55.0284
20210111015223	-55.1332
20210111015223	-55.1332
20210111015223	-55.1332
20210111015223	-55.2641
20210111015223	-55.2641
20210111015223	-55.2641
20210111015223	-55.4148
20210111015223	-55.4148
20210111015223	-55.4148
20210111015223	-55.4148
20210111015224	-55.5254
20210111015224	-55.5254
20210111015224	-55.6264
20210111015224	-55.6264
20210111015224	-55.6264
20210111015224	-55.6264
20210111015224	-55.7179
20210111015224	-55.7179
20210111015224	-55.7179
20210111015224	-55.7179
20210111015224	-55.7999
20210111015224	-55.7999
20210111015224	-55.7999
20210111015224	-55.8727
20210111015224	-55.8727
20210111015224	-55.8727
20210111015224	-55.9514
20210111015224	-55.9514
20210111015224	-55.9514
20210111015224	-55.9514
20210111015224	-56.0047
20210111015224	-56.0047
20210111015224	-56.0047
20210111015224	-56.0494
20210111015224	-56.0494
20210111015224	-56.0494
20210111015224	-56.0494
20210111015224	-56.0855
20210111015224	-56.0855
20210111015224	-56.0855
20210111015224	-56.1131
20210111015224	-56.1131
20210111015224	-56.1131
20210111015224	-56.1326
20210111015224	-56.1326
20210111015225	-56.1326
20210111015225	-56.1455
20210111015225	-56.1455
20210111015225	-56.1455
20210111015225	-56.1455
20210111015225	-56.1471
20210111015225	-56.1471
20210111015225	-56.1471
20210111015225	-56.1411
20210111015225	-56.1411
20210111015225	-56.1411
20210111015225	-56.1411
20210111015225	-56.1275
20210111015225	-56.1275
20210111015225	-56.1275
20210111015225	-56.1066
20210111015225	-56.1066
20210111015225	-56.1066
20210111015225	-56.0784
20210111015225	-56.0784
20210111015225	-56.0784
20210111015225	-56.0784
20210111015225	-56.0327
20210111015225	-56.0327
20210111015225	-56.0327
20210111015225	-55.9878
20210111015225	-55.9878
20210111015225	-55.9878
20210111015225	-55.9363
20210111015225	-55.9363
20210111015225	-55.9363
20210111015225	-55.9363
20210111015225	-55.8783
20210111015225	-55.8783
20210111015225	-55.8783
20210111015225	-55.797
20210111015226	-55.797
20210111015226	-55.797
20210111015226	-55.7435
20210111015226	-55.7435
20210111015226	-55.7435
20210111015226	-55.6454
20210111015226	-55.6454
20210111015226	-55.6454
20210111015226	-55.6454
20210111015226	-55.5586
20210111015226	-55.5586
20210111015226	-55.5586
20210111015226	-55.4662
20210111015226	-55.4662
20210111015226	-55.4662
20210111015226	-55.3683
20210111015227	-55.3683
20210111015227	-55.3683
20210111015227	-55.3683
20210111015227	-55.265
20210111015227	-55.265
20210111015227	-55.265
20210111015227	-55.1284
20210111015227	-55.1284
20210111015227	-55.1284
20210111015227	-55.0117
20210111015227	-55.0117
20210111015227	-55.0117
20210111015227	-55.0117
20210111015227	-54.8885
20210111015227	-54.8885
20210111015227	-54.8885
20210111015227	-54.7605
20210111015227	-54.7605
20210111015227	-54.7605
20210111015227	-54.6278
20210111015227	-54.6278
20210111015227	-54.6278
20210111015227	-54.6278
20210111015227	-54.4905
20210111015227	-54.4905
20210111015227	-54.4905
20210111015227	-54.3486
20210111015227	-54.3486
20210111015227	-54.3486
20210111015227	-54.3486
20210111015227	-54.1628
20210111015227	-54.1628
20210111015227	-54.1628
20210111015227	-54.0069
20210111015227	-54.0069
20210111015227	-54.0069
20210111015227	-53.847
20210111015227	-53.847
20210111015227	-53.847
20210111015227	-53.6831
20210111015227	-53.6831
20210111015227	-53.6831
20210111015227	-53.6831
20210111015228	-53.4726
20210111015228	-53.4726
20210111015228	-53.4726
20210111015228	-53.3434
20210111015228	-53.3434
20210111015228	-53.3434
20210111015228	-53.3434
20210111015228	-53.1204
20210111015228	-53.1204
20210111015228	-53.1204
20210111015228	-52.9348
20210111015228	-52.9348
20210111015228	-52.9348
20210111015228	-52.7458
20210111015228	-52.7458
20210111015228	-52.7458
20210111015228	-52.5534
20210111015228	-52.5534
20210111015228	-52.5534
20210111015228	-52.5534
20210111015228	-52.3575
20210111015228	-52.3575
20210111015228	-52.3575
20210111015228	-52.1583
20210111015228	-52.1583
20210111015228	-52.1583
20210111015228	-51.9016
20210111015228	-51.9016
20210111015228	-51.9016
20210111015228	-51.9016
20210111015228	-51.6896
20210111015229	-51.6896
20210111015229	-51.6896
20210111015229	-51.4746
20210111015229	-51.4746
20210111015229	-51.4746
20210111015229	-51.4746
20210111015229	-51.2016
20210111015229	-51.2016
20210111015229	-51.2016
20210111015229	-51.0356
20210111015229	-51.0356
20210111015229	-51.0356
20210111015229	-50.8115
20210111015229	-50.8115
20210111015229	-50.8115
20210111015229	-50.5244
20210111015229	-50.5244
20210111015229	-50.5244
20210111015229	-50.5244
20210111015229	-50.2882
20210111015229	-50.2882
20210111015229	-50.2882
20210111015229	-50.0495
20210111015229	-50.0495
20210111015229	-50.0495
20210111015229	-49.8081
20210111015229	-49.8081
20210111015229	-49.8081
20210111015229	-49.8081
20210111015229	-49.5025
20210111015229	-49.5025
20210111015229	-49.5025
20210111015229	-49.317
20210111015229	-49.317
20210111015229	-49.317
20210111015229	-49.0011
20210111015229	-49.0011
20210111015229	-49.0011
20210111015229	-49.0011
20210111015229	-48.7416
20210111015229	-48.7416
20210111015229	-48.7416
20210111015229	-48.4798
20210111015230	-48.4798
20210111015230	-48.4798
20210111015230	-48.4798
20210111015230	-48.1492
20210111015230	-48.1492
20210111015230	-48.1492
20210111015230	-47.949
20210111015230	-47.949
20210111015230	-47.949
20210111015230	-47.6797
20210111015230	-47.6797
20210111015230	-47.6797
20210111015230	-47.6797
20210111015230	-47.3362
20210111015231	-47.3362
20210111015231	-47.3362
20210111015231	-47.0547
20210111015231	-47.0547
20210111015231	-47.0547
20210111015231	-46.7711
20210111015231	-46.7711
20210111015231	-46.7711
20210111015231	-46.4852
20210111015231	-46.4852
20210111015231	-46.4852
20210111015231	-46.4852
20210111015231	-46.1971
20210111015231	-46.1971
20210111015231	-46.1971
20210111015231	-45.9065
20210111015231	-45.9065
20210111015231	-45.9065
20210111015231	-45.9065
20210111015231	-45.5369
20210111015231	-45.5369
20210111015231	-45.5369
20210111015231	-45.2352
20210111015231	-45.2352
20210111015231	-45.2352
20210111015231	-44.9314
20210111015231	-44.9314
20210111015231	-44.9314
20210111015231	-44.6255
20210111015231	-44.6255
20210111015231	-44.6255
20210111015231	-44.6255
20210111015231	-44.2399
20210111015231	-44.2399
20210111015231	-44.2399
20210111015231	-44.0069
20210111015231	-44.0069
20210111015231	-44.0069
20210111015231	-44.0069
20210111015231	-43.6123
20210111015232	-43.6123
20210111015232	-43.6123
20210111015232	-43.2904
20210111015232	-43.2904
20210111015232	-43.2904
20210111015232	-42.9665
20210111015232	-42.9665
20210111015232	-42.9665
20210111015232	-42.9665
20210111015232	-42.6405
20210111015232	-42.6405
20210111015232	-42.6405
20210111015232	-42.3124
20210111015232	-42.3124
20210111015232	-41.9821
20210111015232	-41.9821
20210111015232	-41.9821
20210111015232	-41.9821
20210111015232	-41.9821
20210111015232	-41.5626
20210111015232	-41.5626
20210111015232	-41.5626
20210111015232	-41.2209
20210111015232	-41.2209
20210111015232	-41.2209
20210111015232	-40.8773
20210111015232	-40.8773
20210111015232	-40.8773
20210111015232	-40.8773
20210111015232	-40.445
20210111015232	-40.445
20210111015232	-40.445
20210111015233	-40.1841
20210111015233	-40.1841
20210111015233	-40.1841
20210111015233	-39.8343
20210111015233	-39.8343
20210111015233	-39.8343
20210111015233	-39.3912
20210111015233	-39.3912
20210111015233	-39.3912
20210111015233	-39.3912
20210111015233	-39.031
20210111015233	-39.031
20210111015233	-39.031
20210111015233	-38.669
20210111015233	-38.669
20210111015233	-38.669
20210111015233	-38.669
20210111015233	-38.305
20210111015233	-38.305
20210111015233	-38.305
20210111015233	-37.9391
20210111015233	-37.9391
20210111015233	-37.9391
20210111015233	-37.5711
20210111015233	-37.5711
20210111015233	-37.5711
20210111015233	-37.1049
20210111015233	-37.1049
20210111015233	-37.1049
20210111015233	-37.1049
20210111015233	-36.7261
20210111015233	-36.7261
20210111015233	-36.7261
20210111015233	-36.3456
20210111015233	-36.3456
20210111015233	-36.3456
20210111015233	-36.3456
20210111015233	-35.8673
20210111015233	-35.8673
20210111015233	-35.8673
20210111015233	-35.5788
20210111015234	-35.5788
20210111015234	-35.5788
20210111015234	-35.1925
20210111015234	-35.1925
20210111015234	-35.1925
20210111015234	-34.7037
20210111015234	-34.7037
20210111015234	-34.7037
20210111015234	-34.7037
20210111015234	-34.307
20210111015234	-34.307
20210111015234	-34.307
20210111015234	-33.9088
20210111015234	-33.9088
20210111015234	-33.9088
20210111015234	-33.9088
20210111015234	-33.5089
20210111015234	-33.5089
20210111015234	-33.5089
20210111015234	-33.1074
20210111015234	-33.1074
20210111015234	-33.1074
20210111015234	-32.7041
20210111015234	-32.7041
20210111015234	-32.7041
20210111015234	-32.1948
20210111015234	-32.1948
20210111015234	-32.1948
20210111015234	-32.1948
20210111015234	-31.7825
20210111015234	-31.7825
20210111015234	-31.7825
20210111015234	-31.3688
20210111015234	-31.3688
20210111015234	-31.3688
20210111015234	-31.3688
20210111015234	-30.9537
20210111015234	-30.9537
20210111015234	-30.9537
20210111015234	-30.5371
20210111015234	-30.5371
20210111015234	-30.5371
20210111015234	-30.1189
20210111015234	-30.1189
20210111015234	-30.1189
20210111015234	-30.1189
20210111015234	-29.5912
20210111015234	-29.5912
20210111015234	-29.5912
20210111015234	-29.1641
20210111015234	-29.1641
20210111015234	-29.1641
20210111015234	-28.7359
20210111015234	-28.7359
20210111015235	-28.7359
20210111015235	-28.1988
20210111015235	-28.1988
20210111015235	-28.1988
20210111015235	-28.1988
20210111015235	-27.8755
20210111015235	-27.8755
20210111015235	-27.8755
20210111015235	-27.4433
20210111015235	-27.4433
20210111015235	-27.4433
20210111015235	-26.898
20210111015235	-26.898
20210111015235	-26.898
20210111015235	-26.898
20210111015235	-26.4568
20210111015235	-26.4568
20210111015235	-26.0146
20210111015235	-26.0146
20210111015235	-26.0146
20210111015235	-26.0146
20210111015235	-25.5715
20210111015235	-25.5715
20210111015235	-25.5715
20210111015235	-25.5715
20210111015235	-25.1273
20210111015235	-25.1273
20210111015235	-25.1273
20210111015235	-24.682
20210111015235	-24.682
20210111015235	-24.682
20210111015235	-24.1213
20210111015235	-24.1213
20210111015235	-24.1213
20210111015235	-24.1213
20210111015235	-23.6687
20210111015236	-23.6687
20210111015236	-23.6687
20210111015236	-23.2155
20210111015236	-23.2155
20210111015236	-23.2155
20210111015236	-22.7615
20210111015236	-22.7615
20210111015236	-22.7615
20210111015236	-22.7615
20210111015236	-22.3067
20210111015236	-22.3067
20210111015236	-22.3067
20210111015236	-21.8511
20210111015236	-21.8511
20210111015236	-21.8511
20210111015236	-21.2777
20210111015236	-21.2777
20210111015236	-21.2777
20210111015236	-21.2777
20210111015236	-20.8152
20210111015236	-20.8152
20210111015236	-20.8152
20210111015236	-20.3521
20210111015236	-20.3521
20210111015236	-20.3521
20210111015236	-19.8886
20210111015236	-19.8886
20210111015236	-19.8886
20210111015236	-19.8886
20210111015236	-19.4245
20210111015236	-19.4245
20210111015236	-19.4245
20210111015236	-18.9597
20210111015236	-18.9597
20210111015236	-18.9597
20210111015236	-18.9597
20210111015236	-18.3778
20210111015236	-18.3778
20210111015236	-18.3778
20210111015236	-17.9115
20210111015236	-17.9115
20210111015236	-17.9115
20210111015236	-17.4446
20210111015236	-17.4446
20210111015236	-17.4446
20210111015236	-16.9802
20210111015236	-16.9802
20210111015236	-16.9802
20210111015236	-16.9802
20210111015236	-16.524
20210111015236	-16.524
20210111015236	-16.524
20210111015236	-16.0661
20210111015236	-16.0661
20210111015236	-16.0661
20210111015236	-15.4915
20210111015236	-15.4915
20210111015236	-15.4915
20210111015236	-15.4915
20210111015236	-15.0301
20210111015236	-15.0301
20210111015236	-15.0301
20210111015236	-14.5674
20210111015236	-14.5674
20210111015236	-14.5674
20210111015236	-14.5674
20210111015236	-13.9928
20210111015236	-13.9928
20210111015236	-13.9928
20210111015236	-13.5379
20210111015236	-13.5379
20210111015236	-13.5379
20210111015236	-13.1953
20210111015236	-13.1953
20210111015236	-13.1953
20210111015236	-12.622
20210111015236	-12.622
20210111015236	-12.622
20210111015236	-12.622
20210111015237	-12.1613
20210111015237	-12.1613
20210111015237	-12.1613
20210111015237	-11.6991
20210111015237	-11.6991
20210111015237	-11.6991
20210111015237	-11.6991
20210111015237	-11.1241
20210111015237	-11.1241
20210111015237	-11.1241
20210111015237	-10.7819
20210111015237	-10.7819
20210111015237	-10.7819
20210111015237	-10.3239
20210111015237	-10.3239
20210111015237	-10.3239
20210111015237	-9.74862
20210111015237	-9.74862
20210111015237	-9.74862
20210111015237	-9.74862
20210111015237	-9.28651
20210111015237	-9.28651
20210111015237	-9.28651
20210111015237	-8.82288
20210111015237	-8.82288
20210111015237	-8.82288
20210111015237	-8.24484
20210111015237	-8.24484
20210111015237	-8.24484
20210111015237	-8.24484
20210111015237	-7.89984
20210111015237	-7.89984
20210111015237	-7.89984
20210111015237	-7.32273
20210111015237	-7.32273
20210111015237	-7.32273
20210111015237	-6.85938
20210111015237	-6.85938
20210111015237	-6.85938
20210111015237	-6.85938
20210111015237	-6.39473
20210111015237	-6.39473
20210111015237	-6.39473
20210111015237	-5.92892
20210111015237	-5.92892
20210111015237	-5.92892
20210111015237	-5.92892
20210111015238	-5.46354
20210111015238	-5.46354
20210111015238	-5.46354
20210111015238	-5.00125
20210111015238	-5.00125
20210111015238	-5.00125
20210111015238	-4.53769
20210111015238	-4.53769
20210111015238	-4.53769
20210111015238	-3.95671
20210111015238	-3.95671
20210111015238	-3.95671
20210111015238	-3.95671
20210111015238	-3.49089
20210111015238	-3.49089
20210111015238	-3.49089
20210111015238	-3.0243
20210111015238	-3.0243
20210111015239	-3.0243
20210111015239	-3.0243
20210111015239	-2.55827
20210111015239	-2.55827
20210111015239	-2.55827
20210111015239	-2.09501
20210111015239	-2.09501
20210111015239	-2.09501
20210111015239	-1.63089
20210111015239	-1.63089
20210111015239	-1.63089
20210111015239	-1.04978
20210111015239	-1.04978
20210111015239	-1.04978
20210111015239	-1.04978
20210111015239	-0.584303
20210111015239	-0.584303
20210111015239	-0.584303
20210111015239	-0.118451
20210111015239	-0.118451
20210111015239	-0.118451
20210111015239	-0.118451
20210111015239	0.346907
20210111015239	0.346907
20210111015239	0.346907
20210111015239	0.810367
20210111015239	0.810367
20210111015239	0.810367
20210111015239	1.3901
20210111015239	1.3901
20210111015239	1.3901
20210111015239	1.85406
20210111015239	1.85406
20210111015239	1.85406
20210111015239	1.85406
20210111015239	2.31805
20210111015239	2.31805
20210111015239	2.31805
20210111015239	2.78192
20210111015239	2.78192
20210111015239	2.78192
20210111015239	2.78192
20210111015239	3.24514
20210111015240	3.24514
20210111015240	3.24514
20210111015240	3.70674
20210111015240	3.70674
20210111015240	3.70674
20210111015240	4.16809
20210111015240	4.16809
20210111015240	4.16809
20210111015240	4.74421
20210111015240	4.74421
20210111015240	4.74421
20210111015240	4.74421
20210111015240	5.20453
20210111015240	5.20453
20210111015240	5.20453
20210111015240	5.66418
20210111015240	5.66418
20210111015240	5.66418
20210111015240	6.12277
20210111015240	6.12277
20210111015240	6.12277
20210111015240	6.12277
20210111015240	6.69385
20210111015240	6.69385
20210111015240	6.69385
20210111015240	7.03586
20210111015240	7.03586
20210111015240	7.03586
20210111015240	7.60473
20210111015240	7.60473
20210111015240	7.60473
20210111015240	7.60473
20210111015240	8.05873
20210111015240	8.05873
20210111015240	8.05873
20210111015240	8.51163
20210111015240	8.51163
20210111015240	8.51163
20210111015240	8.96334
20210111015241	8.96334
20210111015241	8.96334
20210111015241	8.96334
20210111015241	9.41378
20210111015241	9.41378
20210111015241	9.41378
20210111015241	9.9749
20210111015241	9.9749
20210111015241	9.9749
20210111015241	10.4221
20210111015241	10.4221
20210111015241	10.4221
20210111015241	10.4221
20210111015241	10.8678
20210111015241	10.8678
20210111015241	10.8678
20210111015241	11.3119
20210111015241	11.3119
20210111015241	11.3119
20210111015241	11.7545
20210111015241	11.7545
20210111015241	11.7545
20210111015241	11.7545
20210111015241	12.196
20210111015241	12.196
20210111015241	12.196
20210111015241	12.6356
20210111015241	12.6356
20210111015241	12.6356
20210111015241	13.1824
20210111015241	13.1824
20210111015241	13.1824
20210111015241	13.1824
20210111015241	13.6175
20210111015241	13.6175
20210111015241	13.6175
20210111015241	14.0506
20210111015241	14.0506
20210111015241	14.0506
20210111015242	14.4817
20210111015242	14.4817
20210111015242	14.4817
20210111015242	14.4817
20210111015242	14.9111
20210111015242	14.9111
20210111015242	14.9111
20210111015242	15.3382
20210111015242	15.3382
20210111015242	15.3382
20210111015242	15.8686
20210111015242	15.8686
20210111015242	15.8686
20210111015242	15.8686
20210111015242	16.2902
20210111015242	16.2902
20210111015242	16.2902
20210111015242	16.7092
20210111015242	16.7092
20210111015242	16.7092
20210111015242	17.2299
20210111015242	17.2299
20210111015242	17.2299
20210111015242	17.2299
20210111015242	17.5409
20210111015242	17.5409
20210111015242	17.9529
20210111015242	17.9529
20210111015242	17.9529
20210111015242	17.9529
20210111015242	18.4639
20210111015242	18.4639
20210111015242	18.4639
20210111015242	18.4639
20210111015242	18.8692
20210111015242	18.8692
20210111015242	18.8692
20210111015243	19.2714
20210111015243	19.2714
20210111015243	19.2714
20210111015243	19.2714
20210111015243	19.671
20210111015243	19.671
20210111015243	19.671
20210111015243	20.0687
20210111015243	20.0687
20210111015243	20.5609
20210111015243	20.5609
20210111015243	20.5609
20210111015243	20.5609
20210111015243	20.9507
20210111015243	20.9507
20210111015243	20.9507
20210111015243	20.9507
20210111015243	21.3368
20210111015243	21.3368
20210111015243	21.3368
20210111015243	21.7193
20210111015243	21.7193
20210111015243	21.7193
20210111015243	22.0987
20210111015243	22.0987
20210111015243	22.0987
20210111015243	22.0987
20210111015243	22.476
20210111015243	22.476
20210111015243	22.8492
20210111015243	22.8492
20210111015243	22.8492
20210111015243	22.8492
20210111015243	22.8492
20210111015243	23.31
20210111015243	23.31
20210111015243	23.31
20210111015243	23.6741
20210111015243	23.6741
20210111015243	24.0339
20210111015243	24.0339
20210111015243	24.0339
20210111015243	24.0339
20210111015243	24.3902
20210111015244	24.3902
20210111015244	24.3902
20210111015244	24.3902
20210111015244	24.7439
20210111015244	24.7439
20210111015244	24.7439
20210111015244	25.093
20210111015244	25.093
20210111015244	25.093
20210111015244	25.523
20210111015244	25.523
20210111015244	25.523
20210111015244	25.523
20210111015244	25.8618
20210111015244	25.8618
20210111015244	25.8618
20210111015244	26.1959
20210111015244	26.1959
20210111015244	26.1959
20210111015244	26.5259
20210111015244	26.5259
20210111015244	26.5259
20210111015244	26.5259
20210111015244	26.8531
20210111015244	26.8531
20210111015244	26.8531
20210111015244	27.1751
20210111015244	27.1751
20210111015244	27.1751
20210111015244	27.1751
20210111015244	27.5705
20210111015244	27.5705
20210111015244	27.5705
20210111015244	27.8812
20210111015244	27.8812
20210111015244	27.8812
20210111015244	28.1867
20210111015244	28.1867
20210111015244	28.1867
20210111015244	28.4877
20210111015244	28.4877
20210111015244	28.4877
20210111015244	28.4877
20210111015244	28.859
20210111015244	28.859
20210111015244	28.859
20210111015244	29.0778
20210111015244	29.0778
20210111015244	29.0778
20210111015244	29.4355
20210111015244	29.4355
20210111015244	29.4355
20210111015244	29.4355
20210111015244	29.7156
20210111015244	29.7156
20210111015244	29.9902
20210111015244	29.9902
20210111015244	29.9902
20210111015244	29.9902
20210111015244	29.9902
20210111015244	30.3266
20210111015244	30.3266
20210111015244	30.3266
20210111015244	30.5906
20210111015244	30.5906
20210111015244	30.7848
20210111015244	30.7848
20210111015244	30.7848
20210111015244	30.7848
20210111015244	30.7848
20210111015244	31.1014
20210111015244	31.1014
20210111015244	31.1014
20210111015244	31.3482
20210111015244	31.3482
20210111015244	31.3482
20210111015244	31.5892
20210111015244	31.5892
20210111015244	31.5892
20210111015245	31.825
20210111015245	31.825
20210111015245	31.825
20210111015245	31.825
20210111015245	32.113
20210111015245	32.113
20210111015245	32.113
20210111015245	32.2814
20210111015245	32.2814
20210111015245	32.2814
20210111015245	32.5545
20210111015245	32.5545
20210111015245	32.5545
20210111015245	32.5545
20210111015245	32.7662
20210111015245	32.7662
20210111015245	32.7662
20210111015245	32.972
20210111015245	32.972
20210111015245	32.972
20210111015245	33.2217
20210111015245	33.2217
20210111015245	33.2217
20210111015245	33.2217
20210111015245	33.3676
20210111015245	33.3676
20210111015245	33.3676
20210111015245	33.5569
20210111015245	33.5569
20210111015245	33.5569
20210111015245	33.5569
20210111015245	33.7847
20210111015246	33.7847
20210111015246	33.7847
20210111015246	33.96
20210111015246	33.96
20210111015246	33.96
20210111015246	34.1292
20210111015246	34.1292
20210111015246	34.1292
20210111015246	34.3326
20210111015246	34.3326
20210111015246	34.3326
20210111015246	34.3326
20210111015246	34.4506
20210111015246	34.4506
20210111015246	34.4506
20210111015246	34.6024
20210111015246	34.6024
20210111015246	34.6024
20210111015246	34.7835
20210111015246	34.7835
20210111015246	34.7835
20210111015246	34.7835
20210111015246	34.9214
20210111015246	34.9214
20210111015246	34.9214
20210111015246	35.0533
20210111015246	35.0533
20210111015246	35.0533
20210111015246	35.1792
20210111015246	35.1792
20210111015246	35.1792
20210111015246	35.1792
20210111015246	35.2994
20210111015246	35.2994
20210111015246	35.4135
20210111015246	35.4135
20210111015246	35.4135
20210111015246	35.4135
20210111015246	35.5474
20210111015246	35.5474
20210111015246	35.5474
20210111015246	35.5474
20210111015246	35.6476
20210111015246	35.6476
20210111015246	35.6476
20210111015246	35.7417
20210111015246	35.7417
20210111015246	35.7417
20210111015247	35.8509
20210111015247	35.8509
20210111015247	35.8509
20210111015247	35.8509
20210111015247	35.9119
20210111015247	35.9119
20210111015247	35.9119
20210111015247	35.988
20210111015247	35.988
20210111015247	35.988
20210111015247	36.0744
20210111015247	36.0744
20210111015247	36.0744
20210111015247	36.0744
20210111015247	36.1367
20210111015247	36.1367
20210111015247	36.1929
20210111015247	36.1929
20210111015247	36.1929
20210111015247	36.1929
20210111015247	36.2432
20210111015247	36.2432
20210111015247	36.2432
20210111015247	36.2432
20210111015247	36.2876
20210111015247	36.2876
20210111015247	36.2876
20210111015247	36.3346
20210111015247	36.3346
20210111015247	36.3346
20210111015247	36.3654
20210111015247	36.3654
20210111015247	36.3654
20210111015247	36.3654
20210111015247	36.3902
20210111015247	36.3902
20210111015247	36.4091
20210111015247	36.4091
20210111015247	36.4091
20210111015247	36.4091
20210111015247	36.4219
20210111015247	36.4219
20210111015247	36.4219
20210111015247	36.4219
20210111015247	36.4296
20210111015247	36.4296
20210111015247	36.4296
20210111015247	36.4297
20210111015247	36.4297
20210111015247	36.4297
20210111015247	36.4254
20210111015247	36.4254
20210111015247	36.4254
20210111015247	36.4254
20210111015247	36.4183
20210111015247	36.4183
20210111015247	36.4183
20210111015247	36.4049
20210111015247	36.4049
20210111015247	36.4049
20210111015247	36.3852
20210111015247	36.3852
20210111015247	36.3852
20210111015247	36.3852
20210111015248	36.352
20210111015248	36.352
20210111015248	36.352
20210111015248	36.3274
20210111015248	36.3274
20210111015248	36.3274
20210111015248	36.3274
20210111015248	36.2816
20210111015248	36.2816
20210111015248	36.2816
20210111015248	36.2411
20210111015248	36.2411
20210111015248	36.1941
20210111015248	36.1941
20210111015248	36.1941
20210111015248	36.1941
20210111015248	36.1408
20210111015248	36.1408
20210111015248	36.1408
20210111015248	36.1408
20210111015248	36.0812
20210111015248	36.0812
20210111015248	36.0812
20210111015248	36.0154
20210111015248	36.0154
20210111015248	36.0154
20210111015248	35.927
20210111015248	35.927
20210111015248	35.927
20210111015248	35.927
20210111015248	35.8523
20210111015248	35.8523
20210111015248	35.8523
20210111015248	35.7712
20210111015248	35.7712
20210111015248	35.7712
20210111015248	35.6836
20210111015248	35.6836
20210111015248	35.6836
20210111015248	35.6836
20210111015248	35.5652
20210111015248	35.5652
20210111015248	35.5652
20210111015248	35.4894
20210111015248	35.4894
20210111015248	35.4894
20210111015248	35.3577
20210111015248	35.3577
20210111015248	35.3577
20210111015248	35.3577
20210111015248	35.2478
20210111015248	35.2478
20210111015248	35.2478
20210111015248	35.1314
20210111015248	35.1314
20210111015248	35.1314
20210111015248	35.0086
20210111015248	35.0086
20210111015248	35.0086
20210111015248	35.0086
20210111015248	34.8793
20210111015249	34.8793
20210111015249	34.8793
20210111015249	34.7437
20210111015249	34.7437
20210111015249	34.7437
20210111015249	34.5673
20210111015249	34.5673
20210111015249	34.5673
20210111015249	34.5673
20210111015249	34.4212
20210111015249	34.4212
20210111015249	34.4212
20210111015249	34.2686
20210111015249	34.2686
20210111015249	34.2686
20210111015249	34.069
20210111015249	34.069
20210111015249	34.069
20210111015249	34.069
20210111015249	33.9445
20210111015249	33.9445
20210111015249	33.9445
20210111015249	33.773
20210111015249	33.773
20210111015249	33.773
20210111015249	33.5514
20210111015249	33.5514
20210111015249	33.5514
20210111015249	33.5514
20210111015249	33.3689
20210111015249	33.3689
20210111015249	33.3689
20210111015249	33.1801
20210111015249	33.1801
20210111015249	33.1801
20210111015249	33.1801
20210111015249	32.985
20210111015249	32.985
20210111015250	32.985
20210111015250	32.7836
20210111015250	32.7836
20210111015250	32.7836
20210111015250	32.5233
20210111015250	32.5233
20210111015250	32.5233
20210111015250	32.3094
20210111015250	32.3094
20210111015250	32.3094
20210111015250	32.3094
20210111015250	32.0905
20210111015250	32.0905
20210111015250	32.0905
20210111015250	31.8654
20210111015250	31.8654
20210111015250	31.8654
20210111015250	31.8654
20210111015250	31.6341
20210111015250	31.6341
20210111015250	31.6341
20210111015250	31.3967
20210111015250	31.3967
20210111015250	31.3967
20210111015250	31.0916
20210111015250	31.0916
20210111015250	31.0916
20210111015250	31.0916
20210111015250	30.8414
20210111015250	30.8414
20210111015250	30.8414
20210111015250	30.586
20210111015250	30.586
20210111015250	30.586
20210111015250	30.3244
20210111015250	30.3244
20210111015250	30.3244
20210111015250	30.0569
20210111015250	30.0569
20210111015250	30.0569
20210111015250	30.0569
20210111015250	29.7834
20210111015250	29.7834
20210111015250	29.504
20210111015250	29.504
20210111015250	29.504
20210111015250	29.504
20210111015250	29.504
20210111015250	29.1474
20210111015250	29.1474
20210111015251	29.1474
20210111015251	28.8564
20210111015251	28.8564
20210111015251	28.8564
20210111015251	28.5595
20210111015251	28.5595
20210111015251	28.5595
20210111015251	28.2567
20210111015251	28.2567
20210111015251	28.2567
20210111015251	28.2567
20210111015251	27.9481
20210111015251	27.9481
20210111015251	27.9481
20210111015251	27.6338
20210111015251	27.6338
20210111015251	27.6338
20210111015251	27.6338
20210111015251	27.2331
20210111015251	27.2331
20210111015251	27.2331
20210111015251	26.9065
20210111015251	26.9065
20210111015251	26.9065
20210111015251	26.5743
20210111015252	26.5743
20210111015252	26.5743
20210111015252	26.2364
20210111015252	26.2364
20210111015252	26.2364
20210111015252	26.2364
20210111015252	25.8929
20210111015252	25.8929
20210111015252	25.8929
20210111015252	25.5438
20210111015252	25.5438
20210111015252	25.5438
20210111015252	25.0994
20210111015252	25.0994
20210111015252	25.0994
20210111015252	25.0994
20210111015252	24.7374
20210111015252	24.7374
20210111015252	24.7374
20210111015252	24.3699
20210111015252	24.3699
20210111015252	24.3699
20210111015252	23.903
20210111015252	23.903
20210111015252	23.903
20210111015252	23.903
20210111015252	23.6188
20210111015252	23.6188
20210111015252	23.6188
20210111015252	23.2351
20210111015252	23.2351
20210111015252	23.2351
20210111015252	23.2351
20210111015252	22.7476
20210111015252	22.7476
20210111015252	22.7476
20210111015252	22.3513
20210111015252	22.3513
20210111015252	22.3513
20210111015252	21.9497
20210111015252	21.9497
20210111015252	21.9497
20210111015252	21.5429
20210111015252	21.5429
20210111015252	21.5429
20210111015252	21.5429
20210111015253	21.1311
20210111015253	21.1311
20210111015253	21.1311
20210111015253	20.7141
20210111015253	20.7141
20210111015253	20.7141
20210111015253	20.1856
20210111015253	20.1856
20210111015253	20.1856
20210111015253	20.1856
20210111015253	19.757
20210111015253	19.757
20210111015253	19.757
20210111015253	19.3234
20210111015253	19.3234
20210111015253	19.3234
20210111015253	19.3234
20210111015253	18.7745
20210111015253	18.7745
20210111015253	18.7745
20210111015253	18.4415
20210111015253	18.4415
20210111015253	18.4415
20210111015253	17.9933
20210111015253	17.9933
20210111015253	17.9933
20210111015253	17.4253
20210111015253	17.4253
20210111015253	17.4253
20210111015253	17.4253
20210111015253	16.9644
20210111015254	16.9644
20210111015254	16.9644
20210111015254	16.4991
20210111015254	16.4991
20210111015254	16.4991
20210111015254	16.4991
20210111015254	16.0292
20210111015254	16.0292
20210111015254	16.0292
20210111015254	15.5548
20210111015254	15.5548
20210111015254	15.0761
20210111015254	15.0761
20210111015254	15.0761
20210111015254	15.0761
20210111015254	15.0761
20210111015254	14.4705
20210111015254	14.4705
20210111015254	14.4705
20210111015254	13.9801
20210111015254	13.9801
20210111015254	13.9801
20210111015254	13.4856
20210111015254	13.4856
20210111015254	13.4856
20210111015254	12.987
20210111015254	12.987
20210111015254	12.987
20210111015254	12.987
20210111015254	12.4844
20210111015254	12.4844
20210111015254	12.4844
20210111015254	11.9779
20210111015254	11.9779
20210111015254	11.9779
20210111015254	11.3384
20210111015254	11.3384
20210111015254	11.3384
20210111015254	11.3384
20210111015254	10.8217
20210111015254	10.8217
20210111015254	10.8217
20210111015254	10.3013
20210111015254	10.3013
20210111015254	10.3013
20210111015254	10.3013
20210111015254	9.77743
20210111015254	9.77743
20210111015254	9.77743
20210111015254	9.24998
20210111015255	9.24998
20210111015255	9.24998
20210111015255	8.5858
20210111015255	8.5858
20210111015255	8.5858
20210111015255	8.04899
20210111015255	8.04899
20210111015255	8.04899
20210111015255	8.04899
20210111015255	7.50744
20210111015255	7.50744
20210111015255	7.50744
20210111015255	6.96295
20210111015255	6.96295
20210111015255	6.96295
20210111015255	6.2783
20210111015255	6.2783
20210111015255	6.2783
20210111015255	6.2783
20210111015255	5.86537
20210111015255	5.86537
20210111015255	5.86537
20210111015255	5.31236
20210111015255	5.31236
20210111015255	5.31236
20210111015255	4.61551
20210111015255	4.61551
20210111015255	4.61551
20210111015255	4.61551
20210111015255	4.05316
20210111015255	4.05316
20210111015255	4.05316
20210111015255	3.48855
20210111015255	3.48855
20210111015255	3.48855
20210111015255	2.92176
20210111015255	2.92176
20210111015255	2.92176
20210111015255	2.92176
20210111015256	2.35285
20210111015256	2.35285
20210111015256	2.35285
20210111015256	1.78189
20210111015256	1.78189
20210111015256	1.78189
20210111015256	1.06388
20210111015256	1.06388
20210111015256	1.06388
20210111015256	1.06388
20210111015256	0.485727
20210111015256	0.485727
20210111015256	0.485727
20210111015256	-0.0940161
20210111015256	-0.0940161
20210111015256	-0.0940161
20210111015256	-0.675231
20210111015256	-0.675231
20210111015256	-0.675231
20210111015256	-0.675231
20210111015256	-1.25791
20210111015256	-1.25791
20210111015256	-1.25791
20210111015256	-1.84202
20210111015256	-1.84202
20210111015256	-1.84202
20210111015256	-2.5757
20210111015256	-2.5757
20210111015256	-2.5757
20210111015256	-2.5757
20210111015256	-3.16578
20210111015256	-3.16578
20210111015256	-3.16578
20210111015256	-3.75675
20210111015256	-3.75675
20210111015256	-3.75675
20210111015256	-3.75675
20210111015257	-4.49666
20210111015257	-4.49666
20210111015257	-4.49666
20210111015257	-5.0895
20210111015257	-5.0895
20210111015257	-5.0895
20210111015257	-5.6831
20210111015257	-5.6831
20210111015257	-5.6831
20210111015257	-5.6831
20210111015257	-6.27934
20210111015257	-6.27934
20210111015257	-6.27934
20210111015257	-6.87783
20210111015257	-6.87783
20210111015257	-7.47647
20210111015257	-7.47647
20210111015257	-7.47647
20210111015257	-7.47647
20210111015257	-8.07524
20210111015257	-8.07524
20210111015257	-8.07524
20210111015257	-8.07524
20210111015257	-8.67407
20210111015257	-8.67407
20210111015257	-8.67407
20210111015257	-9.42268
20210111015257	-9.42268
20210111015257	-9.42268
20210111015257	-10.0231
20210111015257	-10.0231
20210111015257	-10.0231
20210111015257	-10.0231
20210111015257	-10.6247
20210111015257	-10.6247
20210111015257	-11.2259
20210111015257	-11.2259
20210111015257	-11.2259
20210111015257	-11.2259
20210111015257	-11.8268
20210111015257	-11.8268
20210111015257	-11.8268
20210111015257	-11.8268
20210111015257	-12.5772
20210111015257	-12.5772
20210111015257	-12.5772
20210111015257	-13.0271
20210111015257	-13.0271
20210111015257	-13.0271
20210111015258	-13.7782
20210111015258	-13.7782
20210111015258	-13.7782
20210111015258	-13.7782
20210111015258	-14.3803
20210111015258	-14.3803
20210111015258	-14.3803
20210111015258	-14.9816
20210111015258	-14.9816
20210111015258	-14.9816
20210111015258	-15.5819
20210111015258	-15.5819
20210111015258	-15.5819
20210111015258	-15.5819
20210111015258	-16.1813
20210111015258	-16.1813
20210111015258	-16.1813
20210111015258	-16.7797
20210111015258	-16.7797
20210111015258	-16.7797
20210111015258	-16.7797
20210111015258	-17.5282
20210111015258	-17.5282
20210111015258	-17.5282
20210111015258	-18.1279
20210111015258	-18.1279
20210111015258	-18.7261
20210111015258	-18.7261
20210111015258	-18.7261
20210111015258	-18.7261
20210111015258	-18.7261
20210111015258	-19.3228
20210111015258	-19.3228
20210111015258	-19.3228
20210111015258	-20.0665
20210111015258	-20.0665
20210111015258	-20.0665
20210111015258	-20.6597
20210111015258	-20.6597
20210111015258	-20.6597
20210111015258	-21.2529
20210111015258	-21.2529
20210111015259	-21.2529
20210111015259	-21.2529
20210111015259	-21.8458
20210111015259	-21.8458
20210111015259	-21.8458
20210111015259	-22.4366
20210111015259	-22.4366
20210111015259	-22.4366
20210111015259	-23.0255
20210111015259	-23.0255
20210111015259	-23.0255
20210111015259	-23.0255
20210111015259	-23.7588
20210111015259	-23.7588
20210111015259	-23.7588
20210111015259	-24.1972
20210111015259	-24.1972
20210111015259	-24.1972
20210111015259	-24.9255
20210111015259	-24.9255
20210111015259	-24.9255
20210111015259	-24.9255
20210111015259	-25.5058
20210111015259	-25.5058
20210111015259	-25.5058
20210111015259	-26.084
20210111015259	-26.084
20210111015259	-26.084
20210111015259	-26.084
20210111015259	-26.6558
20210111015259	-26.6558
20210111015300	-26.6558
20210111015300	-27.3534
20210111015300	-27.3534
20210111015300	-27.3534
20210111015300	-27.7713
20210111015300	-27.7713
20210111015300	-27.7713
20210111015300	-28.4666
20210111015300	-28.4666
20210111015300	-28.4666
20210111015300	-28.4666
20210111015300	-29.0214
20210111015300	-29.0214
20210111015300	-29.5747
20210111015300	-29.5747
20210111015300	-29.5747
20210111015300	-29.5747
20210111015300	-30.1233
20210111015300	-30.1233
20210111015300	-30.1233
20210111015300	-30.1233
20210111015300	-30.6612
20210111015300	-30.6612
20210111015300	-30.6612
20210111015300	-31.1983
20210111015300	-31.1983
20210111015300	-31.1983
20210111015300	-31.8682
20210111015300	-31.8682
20210111015300	-31.8682
20210111015300	-31.8682
20210111015300	-32.4026
20210111015300	-32.4026
20210111015300	-32.4026
20210111015300	-32.9354
20210111015300	-32.9354
20210111015300	-32.9354
20210111015300	-32.9354
20210111015300	-33.4638
20210111015300	-33.4638
20210111015300	-33.4638
20210111015300	-33.9829
20210111015300	-33.9829
20210111015301	-33.9829
20210111015301	-34.5007
20210111015301	-34.5007
20210111015301	-34.5007
20210111015301	-35.1458
20210111015301	-35.1458
20210111015301	-35.1458
20210111015301	-35.1458
20210111015301	-35.6598
20210111015301	-35.6598
20210111015301	-35.6598
20210111015301	-36.1717
20210111015301	-36.1717
20210111015301	-36.1717
20210111015301	-36.1717
20210111015301	-36.6791
20210111015301	-36.6791
20210111015301	-36.6791
20210111015301	-37.3027
20210111015301	-37.3027
20210111015301	-37.3027
20210111015301	-37.7992
20210111015301	-37.7992
20210111015301	-37.7992
20210111015301	-38.2934
20210111015301	-38.2934
20210111015301	-38.2934
20210111015301	-38.2934
20210111015301	-38.7851
20210111015301	-38.7851
20210111015301	-38.7851
20210111015301	-39.2739
20210111015301	-39.2739
20210111015302	-39.2739
20210111015302	-39.2739
20210111015302	-39.7583
20210111015302	-39.7583
20210111015302	-39.7583
20210111015302	-40.2356
20210111015302	-40.2356
20210111015302	-40.2356
20210111015302	-40.7099
20210111015302	-40.7099
20210111015302	-40.7099
20210111015302	-40.7099
20210111015302	-41.2983
20210111015302	-41.2983
20210111015302	-41.2983
20210111015302	-41.7651
20210111015302	-41.7651
20210111015302	-41.7651
20210111015302	-42.2281
20210111015302	-42.2281
20210111015302	-42.2281
20210111015302	-42.7996
20210111015302	-42.7996
20210111015302	-42.7996
20210111015302	-42.7996
20210111015302	-43.1379
20210111015302	-43.1379
20210111015303	-43.1379
20210111015303	-43.5855
20210111015303	-43.5855
20210111015303	-43.5855
20210111015303	-43.5855
20210111015303	-44.139
20210111015303	-44.139
20210111015303	-44.139
20210111015303	-44.5768
20210111015303	-44.5768
20210111015303	-44.5768
20210111015303	-45.0099
20210111015303	-45.0099
20210111015303	-45.0099
20210111015303	-45.4376
20210111015303	-45.4376
20210111015303	-45.4376
20210111015303	-45.4376
20210111015303	-45.8586
20210111015303	-45.8586
20210111015303	-45.8586
20210111015303	-46.2746
20210111015303	-46.2746
20210111015303	-46.2746
20210111015303	-46.7871
20210111015304	-46.7871
20210111015304	-46.7871
20210111015304	-46.7871
20210111015304	-47.1909
20210111015304	-47.1909
20210111015304	-47.1909
20210111015304	-47.5891
20210111015304	-47.5891
20210111015304	-47.5891
20210111015304	-47.5891
20210111015304	-47.9812
20210111015304	-47.9812
20210111015304	-47.9812
20210111015304	-48.3669
20210111015304	-48.3669
20210111015304	-48.3669
20210111015304	-48.8402
20210111015304	-48.8402
20210111015304	-48.8402
20210111015304	-48.8402
20210111015304	-49.2117
20210111015304	-49.2117
20210111015304	-49.2117
20210111015304	-49.5767
20210111015304	-49.5767
20210111015304	-49.5767
20210111015304	-49.9349
20210111015304	-49.9349
20210111015304	-49.9349
20210111015304	-49.9349
20210111015304	-50.2864
20210111015304	-50.2864
20210111015304	-50.2864
20210111015304	-50.6312
20210111015304	-50.6312
20210111015304	-50.6312
20210111015304	-50.9688
20210111015305	-50.9688
20210111015305	-50.9688
20210111015305	-50.9688
20210111015305	-51.3804
20210111015305	-51.3804
20210111015305	-51.3804
20210111015305	-51.7013
20210111015305	-51.7013
20210111015305	-51.7013
20210111015305	-52.0145
20210111015305	-52.0145
20210111015305	-52.0145
20210111015305	-52.0145
20210111015305	-52.3202
20210111015305	-52.3202
20210111015305	-52.3202
20210111015305	-52.6192
20210111015305	-52.6192
20210111015305	-52.6192
20210111015305	-52.91
20210111015305	-52.91
20210111015305	-52.91
20210111015305	-52.91
20210111015305	-53.2622
20210111015305	-53.2622
20210111015305	-53.2622
20210111015305	-53.5346
20210111015306	-53.5346
20210111015306	-53.5346
20210111015306	-53.7987
20210111015306	-53.7987
20210111015306	-53.7987
20210111015306	-53.7987
20210111015306	-54.0551
20210111015306	-54.0551
20210111015306	-54.0551
20210111015306	-54.3047
20210111015306	-54.3047
20210111015306	-54.3047
20210111015306	-54.6047
20210111015306	-54.6047
20210111015306	-54.6047
20210111015306	-54.8351
20210111015306	-54.8351
20210111015306	-54.8351
20210111015306	-54.8351
20210111015306	-55.0568
20210111015306	-55.0568
20210111015306	-55.0568
20210111015306	-55.27
20210111015306	-55.27
20210111015306	-55.27
20210111015306	-55.5254
20210111015306	-55.5254
20210111015306	-55.5254
20210111015306	-55.5254
20210111015306	-55.6732
20210111015306	-55.6732
20210111015306	-55.6732
20210111015306	-55.8626
20210111015306	-55.8626
20210111015306	-55.8626
20210111015306	-55.8626
20210111015306	-56.0872
20210111015306	-56.0872
20210111015306	-56.0872
20210111015306	-56.2572
20210111015306	-56.2572
20210111015306	-56.2572
20210111015306	-56.4187
20210111015306	-56.4187
20210111015307	-56.4187
20210111015307	-56.4187
20210111015307	-56.6097
20210111015307	-56.6097
20210111015307	-56.6097
20210111015307	-56.7189
20210111015307	-56.7189
20210111015307	-56.7189
20210111015307	-56.8904
20210111015307	-56.8904
20210111015307	-56.8904
20210111015307	-57.0182
20210111015307	-57.0182
20210111015307	-57.0182
20210111015307	-57.0182
20210111015307	-57.1378
20210111015307	-57.1378
20210111015307	-57.1378
20210111015307	-57.2494
20210111015307	-57.2494
20210111015307	-57.2494
20210111015307	-57.3534
20210111015307	-57.3534
20210111015307	-57.3534
20210111015307	-57.3534
20210111015307	-57.4506
20210111015307	-57.4506
20210111015307	-57.4506
20210111015307	-57.5399
20210111015307	-57.5399
20210111015307	-57.5399
20210111015307	-57.6407
20210111015307	-57.6407
20210111015307	-57.6407
20210111015307	-57.6407
20210111015307	-57.7128
20210111015307	-57.7128
20210111015307	-57.7128
20210111015307	-57.7773
20210111015307	-57.7773
20210111015308	-57.7773
20210111015308	-57.7773
20210111015308	-57.8348
20210111015308	-57.8348
20210111015308	-57.8348
20210111015308	-57.8856
20210111015308	-57.8856
20210111015308	-57.9292
20210111015308	-57.9292
20210111015308	-57.9292
20210111015308	-57.9292
20210111015308	-57.974
20210111015308	-57.974
20210111015308	-57.974
20210111015308	-57.974
20210111015308	-58.0021
20210111015308	-58.0021
20210111015308	-58.0021
20210111015308	-58.0236
20210111015308	-58.0236
20210111015308	-58.0236
20210111015308	-58.0413
20210111015308	-58.0413
20210111015308	-58.0413
20210111015308	-58.0413
20210111015308	-58.0472
20210111015308	-58.0472
20210111015308	-58.0472
20210111015308	-58.0491
20210111015308	-58.0491
20210111015308	-58.0491
20210111015308	-58.0491
20210111015308	-58.0437
20210111015308	-58.0437
20210111015308	-58.0437
20210111015308	-58.0322
20210111015309	-58.0322
20210111015309	-58.0322
20210111015309	-58.0149
20210111015309	-58.0149
20210111015309	-58.0149
20210111015309	-57.9847
20210111015309	-57.9847
20210111015309	-57.9847
20210111015309	-57.9847
20210111015309	-57.9622
20210111015309	-57.9622
20210111015309	-57.9622
20210111015309	-57.9272
20210111015309	-57.9272
20210111015309	-57.9272
20210111015309	-57.9272
20210111015309	-57.8759
20210111015309	-57.8759
20210111015309	-57.8759
20210111015309	-57.8288
20210111015309	-57.8288
20210111015309	-57.8288
20210111015309	-57.7765
20210111015309	-57.7765
20210111015309	-57.7765
20210111015309	-57.7033
20210111015309	-57.7033
20210111015309	-57.7033
20210111015309	-57.7033
20210111015309	-57.6551
20210111015309	-57.6551
20210111015309	-57.6551
20210111015309	-57.5866
20210111015309	-57.5866
20210111015309	-57.5866
20210111015309	-57.4941
20210111015309	-57.4941
20210111015309	-57.4941
20210111015309	-57.4941
20210111015309	-57.4149
20210111015309	-57.4149
20210111015310	-57.4149
20210111015310	-57.331
20210111015310	-57.331
20210111015310	-57.331
20210111015310	-57.2422
20210111015310	-57.2422
20210111015310	-57.2422
20210111015310	-57.2422
20210111015310	-57.1477
20210111015310	-57.1477
20210111015310	-57.1477
20210111015310	-57.049
20210111015310	-57.049
20210111015310	-57.049
20210111015310	-57.049
20210111015310	-56.9195
20210111015310	-56.9195
20210111015310	-56.9195
20210111015310	-56.8113
20210111015310	-56.8113
20210111015310	-56.8113
20210111015310	-56.6991
20210111015310	-56.6991
20210111015310	-56.6991
20210111015310	-56.6991
20210111015310	-56.5823
20210111015310	-56.5823
20210111015310	-56.5823
20210111015310	-56.4601
20210111015310	-56.4601
20210111015310	-56.4601
20210111015310	-56.3342
20210111015310	-56.3342
20210111015310	-56.3342
20210111015310	-56.3342
20210111015310	-56.1715
20210111015310	-56.1715
20210111015310	-56.1715
20210111015310	-56.0373
20210111015310	-56.0373
20210111015310	-56.0373
20210111015310	-55.8995
20210111015310	-55.8995
20210111015310	-55.8995
20210111015310	-55.7574
20210111015310	-55.7574
20210111015311	-55.7574
20210111015311	-55.7574
20210111015311	-55.6098
20210111015311	-55.6098
20210111015311	-55.6098
20210111015311	-55.4589
20210111015311	-55.4589
20210111015311	-55.4589
20210111015311	-55.2656
20210111015311	-55.2656
20210111015311	-55.2656
20210111015311	-55.2656
20210111015311	-55.1074
20210111015311	-55.1074
20210111015311	-55.1074
20210111015311	-54.9458
20210111015311	-54.9458
20210111015311	-54.9458
20210111015311	-54.7803
20210111015311	-54.7803
20210111015311	-54.7803
20210111015311	-54.7803
20210111015311	-54.6096
20210111015311	-54.6096
20210111015311	-54.6096
20210111015311	-54.3921
20210111015311	-54.3921
20210111015311	-54.3921
20210111015311	-54.3921
20210111015311	-54.2147
20210111015311	-54.2147
20210111015311	-54.2147
20210111015311	-54.0342
20210111015311	-54.0342
20210111015311	-54.0342
20210111015311	-53.8508
20210111015311	-53.8508
20210111015311	-53.8508
20210111015311	-53.8508
20210111015311	-53.6637
20210111015312	-53.6637
20210111015312	-53.6637
20210111015312	-53.4232
20210111015312	-53.4232
20210111015312	-53.4232
20210111015312	-53.2767
20210111015312	-53.2767
20210111015312	-53.2767
20210111015312	-53.0291
20210111015312	-53.0291
20210111015312	-53.0291
20210111015312	-53.0291
20210111015312	-52.8279
20210111015312	-52.8279
20210111015312	-52.6239
20210111015312	-52.6239
20210111015312	-52.6239
20210111015312	-52.6239
20210111015312	-52.6239
20210111015312	-52.4163
20210111015312	-52.4163
20210111015312	-52.4163
20210111015312	-52.2037
20210111015312	-52.2037
20210111015312	-52.2037
20210111015312	-51.9885
20210111015312	-51.9885
20210111015312	-51.9885
20210111015312	-51.7158
20210111015312	-51.7158
20210111015312	-51.7158
20210111015312	-51.7158
20210111015312	-51.4947
20210111015312	-51.4947
20210111015312	-51.4947
20210111015312	-51.2708
20210111015312	-51.2708
20210111015312	-51.2708
20210111015312	-51.2708
20210111015312	-50.9856
20210111015312	-50.9856
20210111015313	-50.9856
20210111015313	-50.8112
20210111015313	-50.8112
20210111015313	-50.8112
20210111015313	-50.5173
20210111015313	-50.5173
20210111015313	-50.5173
20210111015313	-50.2794
20210111015313	-50.2794
20210111015313	-50.2794
20210111015313	-50.2794
20210111015313	-50.0389
20210111015313	-50.0389
20210111015313	-50.0389
20210111015313	-49.7958
20210111015313	-49.7958
20210111015313	-49.7958
20210111015313	-49.5501
20210111015313	-49.5501
20210111015313	-49.5501
20210111015313	-49.5501
20210111015313	-49.2393
20210111015313	-49.2393
20210111015313	-48.9876
20210111015313	-48.9876
20210111015313	-48.9876
20210111015313	-48.9876
20210111015313	-48.7373
20210111015313	-48.7373
20210111015313	-48.7373
20210111015313	-48.7373
20210111015313	-48.4879
20210111015313	-48.4879
20210111015313	-48.4879
20210111015313	-48.2352
20210111015313	-48.2352
20210111015313	-48.2352
20210111015313	-47.9791
20210111015313	-47.9791
20210111015313	-47.9791
20210111015313	-47.9791
20210111015313	-47.7197
20210111015313	-47.7197
20210111015313	-47.7197
20210111015313	-47.4571
20210111015313	-47.4571
20210111015313	-47.4571
20210111015313	-47.1282
20210111015313	-47.1282
20210111015314	-47.1282
20210111015314	-47.1282
20210111015314	-46.8656
20210111015314	-46.8656
20210111015314	-46.8656
20210111015314	-46.5993
20210111015314	-46.5993
20210111015314	-46.5993
20210111015314	-46.3294
20210111015314	-46.3294
20210111015314	-46.3294
20210111015314	-46.3294
20210111015314	-46.0561
20210111015314	-46.0561
20210111015314	-46.0561
20210111015314	-45.7095
20210111015314	-45.7095
20210111015314	-45.7095
20210111015314	-45.7095
20210111015314	-45.4312
20210111015314	-45.4312
20210111015314	-45.4312
20210111015314	-45.152
20210111015314	-45.152
20210111015314	-45.152
20210111015314	-44.8692
20210111015314	-44.8692
20210111015314	-44.8692
20210111015314	-44.5827
20210111015314	-44.5827
20210111015314	-44.5827
20210111015314	-44.5827
20210111015315	-44.2926
20210111015315	-44.2926
20210111015315	-44.2926
20210111015315	-43.9991
20210111015315	-43.9991
20210111015315	-43.9991
20210111015315	-43.63
20210111015315	-43.63
20210111015315	-43.63
20210111015315	-43.63
20210111015315	-43.3337
20210111015315	-43.3337
20210111015315	-43.3337
20210111015315	-43.0338
20210111015315	-43.0338
20210111015315	-43.0338
20210111015315	-42.7302
20210111015315	-42.7302
20210111015315	-42.7302
20210111015315	-42.7302
20210111015315	-42.4232
20210111015315	-42.4232
20210111015315	-42.4232
20210111015315	-42.1127
20210111015315	-42.1127
20210111015315	-42.1127
20210111015315	-41.7223
20210111015315	-41.7223
20210111015315	-41.7223
20210111015315	-41.7223
20210111015315	-41.4087
20210111015315	-41.4087
20210111015315	-41.4087
20210111015315	-41.0915
20210111015315	-41.0915
20210111015315	-41.0915
20210111015315	-40.7708
20210111015315	-40.7708
20210111015315	-40.7708
20210111015315	-40.7708
20210111015315	-40.3652
20210111015315	-40.3652
20210111015315	-40.3652
20210111015315	-40.037
20210111015315	-40.037
20210111015315	-40.037
20210111015315	-40.037
20210111015315	-39.7072
20210111015315	-39.7072
20210111015316	-39.7072
20210111015316	-39.3757
20210111015316	-39.3757
20210111015316	-39.3757
20210111015316	-39.0409
20210111015316	-39.0409
20210111015316	-39.0409
20210111015316	-38.7028
20210111015316	-38.7028
20210111015316	-38.7028
20210111015316	-38.7028
20210111015316	-38.3617
20210111015316	-38.3617
20210111015316	-38.0175
20210111015316	-38.0175
20210111015316	-38.0175
20210111015316	-38.0175
20210111015316	-37.5843
20210111015316	-37.5843
20210111015316	-37.5843
20210111015316	-37.5843
20210111015316	-37.2359
20210111015316	-37.2359
20210111015317	-37.2359
20210111015317	-36.8844
20210111015317	-36.8844
20210111015317	-36.8844
20210111015317	-36.8844
20210111015317	-36.53
20210111015317	-36.53
20210111015317	-36.53
20210111015317	-36.083
20210111015317	-36.083
20210111015317	-36.083
20210111015317	-35.8127
20210111015317	-35.8127
20210111015317	-35.8127
20210111015317	-35.36
20210111015317	-35.36
20210111015317	-35.36
20210111015317	-35.36
20210111015317	-34.9961
20210111015317	-34.9961
20210111015317	-34.9961
20210111015317	-34.6296
20210111015317	-34.6296
20210111015317	-34.6296
20210111015317	-34.6296
20210111015317	-34.1679
20210111015317	-34.1679
20210111015317	-34.1679
20210111015318	-33.7957
20210111015318	-33.7957
20210111015318	-33.7957
20210111015318	-33.515
20210111015318	-33.515
20210111015318	-33.515
20210111015318	-33.515
20210111015318	-33.0447
20210111015318	-33.0447
20210111015318	-33.0447
20210111015318	-32.6665
20210111015318	-32.6665
20210111015318	-32.6665
20210111015318	-32.286
20210111015318	-32.286
20210111015318	-32.286
20210111015318	-32.286
20210111015318	-31.9033
20210111015318	-31.9033
20210111015318	-31.9033
20210111015318	-31.5185
20210111015318	-31.5185
20210111015318	-31.5185
20210111015318	-31.0345
20210111015318	-31.0345
20210111015318	-31.0345
20210111015318	-31.0345
20210111015318	-30.6452
20210111015318	-30.6452
20210111015318	-30.6452
20210111015318	-30.254
20210111015318	-30.254
20210111015318	-30.254
20210111015318	-29.8609
20210111015318	-29.8609
20210111015318	-29.8609
20210111015318	-29.466
20210111015318	-29.466
20210111015318	-29.466
20210111015318	-29.466
20210111015318	-29.0692
20210111015318	-29.0692
20210111015318	-29.0692
20210111015318	-28.6707
20210111015318	-28.6707
20210111015318	-28.6707
20210111015318	-28.1703
20210111015318	-28.1703
20210111015318	-28.1703
20210111015318	-28.1703
20210111015318	-27.7682
20210111015319	-27.7682
20210111015319	-27.7682
20210111015319	-27.3644
20210111015319	-27.3644
20210111015319	-27.3644
20210111015319	-27.3644
20210111015319	-26.959
20210111015319	-26.959
20210111015319	-26.959
20210111015319	-26.5521
20210111015319	-26.5521
20210111015319	-26.5521
20210111015319	-26.1437
20210111015319	-26.1437
20210111015319	-26.1437
20210111015319	-26.1437
20210111015319	-25.6309
20210111015319	-25.6309
20210111015319	-25.6309
20210111015319	-25.2187
20210111015319	-25.2187
20210111015319	-24.8053
20210111015319	-24.8053
20210111015319	-24.8053
20210111015319	-24.8053
20210111015319	-24.3905
20210111015319	-24.3905
20210111015319	-24.3905
20210111015319	-24.3905
20210111015319	-23.8703
20210111015319	-23.8703
20210111015319	-23.8703
20210111015319	-23.4527
20210111015319	-23.4527
20210111015319	-23.4527
20210111015319	-23.4527
20210111015319	-23.0332
20210111015319	-23.0332
20210111015319	-23.0332
20210111015319	-22.6117
20210111015319	-22.6117
20210111015319	-22.1892
20210111015319	-22.1892
20210111015319	-22.1892
20210111015319	-22.1892
20210111015319	-22.1892
20210111015319	-21.7657
20210111015319	-21.7657
20210111015319	-21.7657
20210111015319	-21.2349
20210111015319	-21.2349
20210111015319	-21.2349
20210111015320	-20.9158
20210111015320	-20.9158
20210111015320	-20.9158
20210111015320	-20.382
20210111015320	-20.382
20210111015320	-20.382
20210111015320	-20.382
20210111015320	-19.9535
20210111015320	-19.9535
20210111015320	-19.9535
20210111015320	-19.5241
20210111015320	-19.5241
20210111015320	-19.5241
20210111015320	-19.0939
20210111015320	-19.0939
20210111015320	-19.0939
20210111015320	-19.0939
20210111015320	-18.6629
20210111015320	-18.6629
20210111015320	-18.6629
20210111015320	-18.1232
20210111015320	-18.1232
20210111015320	-18.1232
20210111015320	-18.1232
20210111015320	-17.6898
20210111015320	-17.6898
20210111015320	-17.6898
20210111015320	-17.2549
20210111015320	-17.2549
20210111015320	-17.2549
20210111015320	-16.8195
20210111015320	-16.8195
20210111015320	-16.8195
20210111015320	-16.3834
20210111015320	-16.3834
20210111015320	-16.3834
20210111015320	-16.3834
20210111015320	-15.8375
20210111015320	-15.8375
20210111015320	-15.8375
20210111015320	-15.4001
20210111015320	-15.4001
20210111015320	-15.4001
20210111015320	-14.9609
20210111015320	-14.9609
20210111015320	-14.9609
20210111015320	-14.9609
20210111015320	-14.5202
20210111015320	-14.5202
20210111015321	-14.5202
20210111015321	-14.0791
20210111015321	-14.0791
20210111015321	-14.0791
20210111015321	-14.0791
20210111015321	-13.6377
20210111015321	-13.6377
20210111015321	-13.6377
20210111015321	-13.196
20210111015321	-13.196
20210111015321	-13.196
20210111015321	-12.6433
20210111015321	-12.6433
20210111015321	-12.6433
20210111015321	-12.1997
20210111015321	-12.1997
20210111015321	-12.1997
20210111015321	-12.1997
20210111015321	-11.7548
20210111015321	-11.7548
20210111015321	-11.7548
20210111015321	-11.3099
20210111015321	-11.3099
20210111015321	-11.3099
20210111015321	-10.865
20210111015321	-10.865
20210111015321	-10.865
20210111015321	-10.865
20210111015321	-10.4198
20210111015321	-10.4198
20210111015321	-10.4198
20210111015322	-9.97456
20210111015322	-9.97456
20210111015322	-9.97456
20210111015322	-9.4167
20210111015322	-9.4167
20210111015322	-9.4167
20210111015322	-9.4167
20210111015322	-8.96908
20210111015322	-8.96908
20210111015322	-8.96908
20210111015322	-8.52155
20210111015322	-8.52155
20210111015322	-8.52155
20210111015322	-8.07411
20210111015322	-8.07411
20210111015322	-8.07411
20210111015322	-8.07411
20210111015322	-7.62674
20210111015322	-7.62674
20210111015322	-7.62674
20210111015322	-7.06761
20210111015322	-7.06761
20210111015322	-7.06761
20210111015322	-6.61861
20210111015322	-6.61861
20210111015322	-6.61861
20210111015322	-6.61861
20210111015322	-6.16815
20210111015322	-6.16815
20210111015322	-6.16815
20210111015322	-5.71804
20210111015322	-5.71804
20210111015322	-5.71804
20210111015322	-5.15577
20210111015322	-5.15577
20210111015322	-5.15577
20210111015322	-5.15577
20210111015322	-4.70624
20210111015322	-4.70624
20210111015322	-4.70624
20210111015322	-4.25696
20210111015322	-4.25696
20210111015322	-4.25696
20210111015322	-3.80648
20210111015322	-3.80648
20210111015322	-3.80648
20210111015322	-3.80648
20210111015322	-3.35501
20210111015322	-3.35501
20210111015322	-2.90412
20210111015322	-2.90412
20210111015322	-2.90412
20210111015322	-2.90412
20210111015322	-2.90412
20210111015322	-2.45376
20210111015322	-2.45376
20210111015322	-2.45376
20210111015322	-2.00395
20210111015322	-2.00395
20210111015322	-1.55469
20210111015322	-1.55469
20210111015322	-1.55469
20210111015322	-1.55469
20210111015322	-1.55469
20210111015322	-0.992517
20210111015322	-0.992517
20210111015322	-0.992517
20210111015323	-0.541996
20210111015323	-0.541996
20210111015323	-0.541996
20210111015323	-0.092306
20210111015323	-0.092306
20210111015323	-0.092306
20210111015323	0.35657
20210111015323	0.35657
20210111015323	0.35657
20210111015323	0.35657
20210111015323	0.91655
20210111015323	0.91655
20210111015323	0.91655
20210111015323	1.36365
20210111015323	1.36365
20210111015323	1.36365
20210111015323	1.36365
20210111015323	1.81191
20210111015323	1.81191
20210111015323	1.81191
20210111015323	2.26103
20210111015323	2.26103
20210111015323	2.26103
20210111015323	2.70902
20210111015323	2.70902
20210111015323	2.70902
20210111015323	3.26742
20210111015323	3.26742
20210111015323	3.26742
20210111015323	3.26742
20210111015323	3.60161
20210111015323	3.60161
20210111015323	3.60161
20210111015323	4.04621
20210111015323	4.04621
20210111015323	4.04621
20210111015323	4.60221
20210111015323	4.60221
20210111015323	4.60221
20210111015324	4.60221
20210111015324	5.04769
20210111015324	5.04769
20210111015324	5.04769
20210111015324	5.49175
20210111015324	5.49175
20210111015324	5.49175
20210111015324	5.93438
20210111015324	5.93438
20210111015324	5.93438
20210111015324	5.93438
20210111015324	6.37562
20210111015324	6.37562
20210111015324	6.37562
20210111015324	6.92519
20210111015324	6.92519
20210111015324	6.92519
20210111015324	7.36472
20210111015324	7.36472
20210111015324	7.36472
20210111015324	7.36472
20210111015324	7.80404
20210111015324	7.80404
20210111015324	8.24162
20210111015324	8.24162
20210111015324	8.24162
20210111015324	8.24162
20210111015324	8.67751
20210111015324	8.67751
20210111015324	8.67751
20210111015324	8.67751
20210111015324	9.11172
20210111015324	9.11172
20210111015324	9.11172
20210111015324	9.54432
20210111015324	9.54432
20210111015324	9.54432
20210111015324	10.0828
20210111015324	10.0828
20210111015324	10.0828
20210111015324	10.0828
20210111015324	10.5116
20210111015324	10.5116
20210111015324	10.5116
20210111015324	10.9388
20210111015324	10.9388
20210111015324	10.9388
20210111015324	11.3617
20210111015324	11.3617
20210111015324	11.3617
20210111015325	11.3617
20210111015325	11.8791
20210111015325	11.8791
20210111015325	11.8791
20210111015325	12.1889
20210111015325	12.1889
20210111015325	12.1889
20210111015325	12.7041
20210111015325	12.7041
20210111015325	12.7041
20210111015325	12.7041
20210111015325	13.1151
20210111015325	13.1151
20210111015325	13.1151
20210111015325	13.5249
20210111015325	13.5249
20210111015325	13.5249
20210111015325	13.9314
20210111015325	13.9314
20210111015325	13.9314
20210111015325	13.9314
20210111015325	14.3308
20210111015325	14.3308
20210111015325	14.3308
20210111015325	14.7296
20210111015325	14.7296
20210111015325	14.7296
20210111015325	15.2268
20210111015325	15.2268
20210111015325	15.2268
20210111015326	15.2268
20210111015326	15.6234
20210111015326	15.6234
20210111015326	16.0187
20210111015326	16.0187
20210111015326	16.0187
20210111015326	16.0187
20210111015326	16.0187
20210111015326	16.5075
20210111015326	16.5075
20210111015326	16.5075
20210111015326	16.7969
20210111015326	16.7969
20210111015326	16.7969
20210111015326	17.278
20210111015326	17.278
20210111015326	17.278
20210111015326	17.278
20210111015326	17.6615
20210111015326	17.6615
20210111015326	17.6615
20210111015326	18.0438
20210111015326	18.0438
20210111015326	18.0438
20210111015326	18.4245
20210111015326	18.4245
20210111015326	18.4245
20210111015326	18.4245
20210111015326	18.8959
20210111015326	18.8959
20210111015326	18.8959
20210111015326	19.1755
20210111015326	19.1755
20210111015326	19.1755
20210111015326	19.547
20210111015326	19.547
20210111015326	19.547
20210111015326	20.0091
20210111015326	20.0091
20210111015326	20.0091
20210111015326	20.0091
20210111015326	20.3769
20210111015326	20.3769
20210111015326	20.7427
20210111015326	20.7427
20210111015326	20.7427
20210111015326	20.7427
20210111015326	20.7427
20210111015326	21.1056
20210111015327	21.1056
20210111015327	21.1056
20210111015327	21.464
20210111015327	21.464
20210111015327	21.464
20210111015327	21.8205
20210111015327	21.8205
20210111015327	21.8205
20210111015327	21.8205
20210111015327	22.2631
20210111015327	22.2631
20210111015327	22.2631
20210111015327	22.6146
20210111015327	22.6146
20210111015327	22.6146
20210111015327	22.9636
20210111015327	22.9636
20210111015327	22.9636
20210111015327	22.9636
20210111015327	23.3096
20210111015327	23.3096
20210111015327	23.3096
20210111015327	23.7363
20210111015327	23.7363
20210111015327	23.9904
20210111015327	23.9904
20210111015327	23.9904
20210111015327	23.9904
20210111015327	24.4105
20210111015327	24.4105
20210111015327	24.4105
20210111015328	24.4105
20210111015328	24.7435
20210111015328	24.7435
20210111015328	25.0735
20210111015328	25.0735
20210111015328	25.0735
20210111015328	25.0735
20210111015328	25.4003
20210111015328	25.4003
20210111015328	25.4003
20210111015328	25.4003
20210111015328	25.7233
20210111015328	25.7233
20210111015328	25.7233
20210111015328	26.0432
20210111015328	26.0432
20210111015328	26.0432
20210111015328	26.4386
20210111015328	26.4386
20210111015328	26.4386
20210111015328	26.4386
20210111015328	26.7512
20210111015328	26.7512
20210111015328	26.7512
20210111015328	27.0605
20210111015328	27.0605
20210111015328	27.0605
20210111015328	27.0605
20210111015328	27.3663
20210111015328	27.3663
20210111015328	27.3663
20210111015328	27.6683
20210111015328	27.6683
20210111015328	27.6683
20210111015328	27.9669
20210111015328	27.9669
20210111015328	27.9669
20210111015328	28.335
20210111015328	28.335
20210111015328	28.335
20210111015329	28.335
20210111015329	28.6254
20210111015329	28.6254
20210111015329	28.6254
20210111015329	28.9121
20210111015329	28.9121
20210111015329	28.9121
20210111015329	29.195
20210111015329	29.195
20210111015329	29.195
20210111015329	29.195
20210111015329	29.4746
20210111015329	29.4746
20210111015329	29.4746
20210111015329	29.7502
20210111015329	29.7502
20210111015329	29.7502
20210111015329	30.0891
20210111015329	30.0891
20210111015329	30.0891
20210111015329	30.0891
20210111015329	30.3557
20210111015329	30.3557
20210111015329	30.3557
20210111015329	30.6182
20210111015329	30.6182
20210111015329	30.6182
20210111015329	30.8767
20210111015329	30.8767
20210111015329	30.8767
20210111015329	30.8767
20210111015330	31.1318
20210111015330	31.1318
20210111015330	31.1318
20210111015330	31.3825
20210111015330	31.3825
20210111015330	31.3825
20210111015330	31.3825
20210111015330	31.6897
20210111015330	31.6897
20210111015330	31.6897
20210111015330	31.9306
20210111015330	31.9306
20210111015330	31.9306
20210111015330	32.1671
20210111015330	32.1671
20210111015330	32.1671
20210111015330	32.3995
20210111015330	32.3995
20210111015330	32.3995
20210111015330	32.3995
20210111015330	32.6284
20210111015330	32.6284
20210111015330	32.6284
20210111015330	32.908
20210111015330	32.908
20210111015330	32.908
20210111015330	33.1265
20210111015330	33.1265
20210111015330	33.1265
20210111015330	33.1265
20210111015330	33.3404
20210111015330	33.3404
20210111015330	33.3404
20210111015331	33.5496
20210111015331	33.5496
20210111015331	33.5496
20210111015331	33.7544
20210111015331	33.7544
20210111015331	33.7544
20210111015331	33.7544
20210111015331	33.9554
20210111015331	33.9554
20210111015331	33.9554
20210111015331	34.1516
20210111015331	34.1516
20210111015331	34.1516
20210111015331	34.3902
20210111015331	34.3902
20210111015331	34.3902
20210111015331	34.3902
20210111015331	34.5757
20210111015331	34.5757
20210111015331	34.5757
20210111015331	34.7563
20210111015331	34.7563
20210111015331	34.7563
20210111015331	34.7563
20210111015331	34.9326
20210111015331	34.9326
20210111015331	34.9326
20210111015331	35.1049
20210111015331	35.1049
20210111015331	35.1049
20210111015331	35.2723
20210111015331	35.2723
20210111015331	35.2723
20210111015331	35.4747
20210111015331	35.4747
20210111015331	35.4747
20210111015331	35.4747
20210111015331	35.631
20210111015331	35.631
20210111015331	35.631
20210111015331	35.7824
20210111015331	35.7824
20210111015331	35.7824
20210111015331	35.9655
20210111015331	35.9655
20210111015331	35.9655
20210111015331	35.9655
20210111015331	36.0722
20210111015331	36.0722
20210111015331	36.0722
20210111015331	36.2102
20210111015331	36.2102
20210111015331	36.2102
20210111015331	36.3756
20210111015331	36.3756
20210111015331	36.3756
20210111015331	36.3756
20210111015331	36.5023
20210111015331	36.5023
20210111015331	36.5023
20210111015331	36.6241
20210111015331	36.6241
20210111015331	36.6241
20210111015331	36.6241
20210111015332	36.7412
20210111015332	36.7412
20210111015332	36.7412
20210111015332	36.8541
20210111015332	36.8541
20210111015332	36.8541
20210111015332	36.9881
20210111015332	36.9881
20210111015332	36.9881
20210111015332	36.9881
20210111015332	37.0896
20210111015332	37.0896
20210111015332	37.0896
20210111015332	37.1861
20210111015332	37.1861
20210111015332	37.2776
20210111015332	37.2776
20210111015332	37.2776
20210111015332	37.2776
20210111015332	37.2776
20210111015332	37.3854
20210111015332	37.3854
20210111015332	37.3854
20210111015332	37.4666
20210111015332	37.4666
20210111015332	37.4666
20210111015332	37.5242
20210111015332	37.5242
20210111015332	37.5242
20210111015332	37.5242
20210111015332	37.6139
20210111015332	37.6139
20210111015332	37.6139
20210111015332	37.68
20210111015332	37.68
20210111015332	37.68
20210111015332	37.7411
20210111015332	37.7411
20210111015332	37.7411
20210111015332	37.7411
20210111015332	37.7973
20210111015333	37.7973
20210111015333	37.7973
20210111015333	37.8492
20210111015333	37.8492
20210111015333	37.8492
20210111015333	37.9068
20210111015333	37.9068
20210111015333	37.9068
20210111015333	37.9471
20210111015333	37.9471
20210111015333	37.9471
20210111015333	37.9471
20210111015333	37.9823
20210111015333	37.9823
20210111015333	37.9823
20210111015333	38.0124
20210111015333	38.0124
20210111015333	38.0124
20210111015333	38.0124
20210111015333	38.0375
20210111015333	38.0375
20210111015333	38.0375
20210111015333	38.0579
20210111015333	38.0579
20210111015333	38.0579
20210111015333	38.0731
20210111015333	38.0731
20210111015333	38.0731
20210111015333	38.0731
20210111015333	38.0851
20210111015333	38.0851
20210111015333	38.0851
20210111015333	38.089
20210111015333	38.089
20210111015333	38.089
20210111015333	38.0879
20210111015333	38.0879
20210111015333	38.0879
20210111015333	38.0879
20210111015333	38.0818
20210111015333	38.0818
20210111015334	38.0818
20210111015334	38.0706
20210111015334	38.0706
20210111015334	38.0706
20210111015334	38.0543
20210111015334	38.0543
20210111015334	38.0543
20210111015334	38.0543
20210111015334	38.027
20210111015334	38.027
20210111015334	38.027
20210111015334	37.9996
20210111015334	37.9996
20210111015334	37.9996
20210111015334	37.9671
20210111015334	37.9671
20210111015334	37.9671
20210111015334	37.9196
20210111015334	37.9196
20210111015334	37.9196
20210111015334	37.9196
20210111015334	37.8874
20210111015334	37.8874
20210111015334	37.8874
20210111015334	37.8401
20210111015334	37.8401
20210111015334	37.8401
20210111015334	37.7738
20210111015334	37.7738
20210111015334	37.7738
20210111015334	37.7738
20210111015334	37.715
20210111015334	37.715
20210111015334	37.715
20210111015334	37.6512
20210111015334	37.6512
20210111015334	37.6512
20210111015334	37.6512
20210111015334	37.5824
20210111015334	37.5824
20210111015334	37.5824
20210111015334	37.5089
20210111015334	37.5089
20210111015334	37.5089
20210111015334	37.4304
20210111015334	37.4304
20210111015335	37.4304
20210111015335	37.3251
20210111015335	37.3251
20210111015335	37.3251
20210111015335	37.3251
20210111015335	37.2352
20210111015335	37.2352
20210111015335	37.2352
20210111015335	37.1404
20210111015335	37.1404
20210111015335	37.1404
20210111015335	37.0406
20210111015335	37.0406
20210111015335	37.0406
20210111015335	37.0406
20210111015335	36.9354
20210111015335	36.9354
20210111015335	36.9354
20210111015335	36.8253
20210111015335	36.8253
20210111015335	36.8253
20210111015335	36.8253
20210111015335	36.6805
20210111015335	36.6805
20210111015335	36.6805
20210111015335	36.5591
20210111015336	36.5591
20210111015336	36.5591
20210111015336	36.4327
20210111015336	36.4327
20210111015336	36.4327
20210111015336	36.4327
20210111015336	36.2675
20210111015336	36.2675
20210111015336	36.2675
20210111015336	36.1297
20210111015336	36.1297
20210111015336	36.1297
20210111015336	35.9868
20210111015336	35.9868
20210111015336	35.9868
20210111015336	35.8389
20210111015336	35.8389
20210111015336	35.8389
20210111015336	35.8389
20210111015336	35.686
20210111015336	35.686
20210111015336	35.686
20210111015336	35.5281
20210111015336	35.5281
20210111015336	35.5281
20210111015336	35.3652
20210111015336	35.3652
20210111015336	35.3652
20210111015336	35.3652
20210111015336	35.1968
20210111015336	35.1968
20210111015336	35.0233
20210111015336	35.0233
20210111015336	35.0233
20210111015336	35.0233
20210111015336	35.0233
20210111015336	34.7994
20210111015336	34.7994
20210111015336	34.7994
20210111015336	34.6147
20210111015336	34.6147
20210111015336	34.6147
20210111015336	34.4251
20210111015336	34.4251
20210111015336	34.4251
20210111015336	34.2305
20210111015336	34.2305
20210111015336	34.2305
20210111015337	34.2305
20210111015337	34.0307
20210111015337	34.0307
20210111015337	34.0307
20210111015337	33.8259
20210111015337	33.8259
20210111015337	33.8259
20210111015337	33.8259
20210111015337	33.563
20210111015337	33.563
20210111015337	33.563
20210111015337	33.3471
20210111015337	33.3471
20210111015337	33.3471
20210111015337	33.1263
20210111015337	33.1263
20210111015337	33.1263
20210111015337	32.9005
20210111015337	32.9005
20210111015337	32.9005
20210111015337	32.9005
20210111015337	32.6697
20210111015337	32.6697
20210111015337	32.6697
20210111015337	32.434
20210111015337	32.434
20210111015337	32.434
20210111015337	32.434
20210111015337	32.1324
20210111015337	32.1324
20210111015337	32.1324
20210111015337	31.8855
20210111015338	31.8855
20210111015338	31.8855
20210111015338	31.6336
20210111015338	31.6336
20210111015338	31.6336
20210111015338	31.6336
20210111015338	31.3769
20210111015338	31.3769
20210111015338	31.3769
20210111015338	31.1141
20210111015338	31.1141
20210111015338	31.1141
20210111015338	30.7784
20210111015338	30.7784
20210111015338	30.7784
20210111015338	30.5045
20210111015338	30.5045
20210111015338	30.5045
20210111015338	30.5045
20210111015338	30.2258
20210111015338	30.2258
20210111015338	30.2258
20210111015338	29.9423
20210111015338	29.9423
20210111015338	29.9423
20210111015338	29.5812
20210111015338	29.5812
20210111015338	29.5812
20210111015338	29.5812
20210111015338	29.2866
20210111015338	29.2866
20210111015338	29.2866
20210111015338	29.0625
20210111015338	29.0625
20210111015338	29.0625
20210111015338	28.6829
20210111015338	28.6829
20210111015338	28.6829
20210111015338	28.6829
20210111015338	28.3738
20210111015338	28.3738
20210111015338	28.3738
20210111015338	28.0599
20210111015338	28.0599
20210111015338	28.0599
20210111015338	28.0599
20210111015338	27.7411
20210111015338	27.7411
20210111015339	27.7411
20210111015339	27.4174
20210111015339	27.4174
20210111015339	27.4174
20210111015339	27.0889
20210111015339	27.0889
20210111015339	27.0889
20210111015339	26.6716
20210111015339	26.6716
20210111015339	26.6716
20210111015339	26.6716
20210111015339	26.3323
20210111015339	26.3323
20210111015339	26.3323
20210111015339	25.9882
20210111015339	25.9882
20210111015339	25.9882
20210111015339	25.5514
20210111015339	25.5514
20210111015339	25.5514
20210111015339	25.5514
20210111015339	25.2851
20210111015339	25.2851
20210111015339	25.2851
20210111015339	24.9255
20210111015339	24.9255
20210111015339	24.9255
20210111015339	24.9255
20210111015339	24.4696
20210111015339	24.4696
20210111015339	24.4696
20210111015339	24.0996
20210111015339	24.0996
20210111015339	24.0996
20210111015339	23.7251
20210111015339	23.7251
20210111015339	23.7251
20210111015339	23.3459
20210111015339	23.3459
20210111015339	23.3459
20210111015339	23.3459
20210111015339	22.8658
20210111015339	22.8658
20210111015339	22.8658
20210111015339	22.5746
20210111015339	22.5746
20210111015339	22.5746
20210111015339	22.5746
20210111015339	22.0834
20210111015339	22.0834
20210111015339	22.0834
20210111015339	21.6853
20210111015339	21.6853
20210111015339	21.6853
20210111015339	21.2827
20210111015339	21.2827
20210111015339	21.2827
20210111015339	20.8754
20210111015339	20.8754
20210111015339	20.8754
20210111015340	20.8754
20210111015340	20.4636
20210111015340	20.4636
20210111015340	20.4636
20210111015340	20.0472
20210111015340	20.0472
20210111015340	20.0472
20210111015340	20.0472
20210111015340	19.5204
20210111015340	19.5204
20210111015340	19.5204
20210111015340	19.0941
20210111015340	19.0941
20210111015340	19.0941
20210111015340	18.6634
20210111015340	18.6634
20210111015340	18.6634
20210111015340	18.6634
20210111015340	18.2283
20210111015340	18.2283
20210111015340	18.2283
20210111015340	17.7888
20210111015340	17.7888
20210111015340	17.7888
20210111015340	17.344
20210111015340	17.344
20210111015340	17.344
20210111015340	17.344
20210111015340	16.7824
20210111015340	16.7824
20210111015340	16.7824
20210111015340	16.3285
20210111015340	16.3285
20210111015340	16.3285
20210111015340	15.8706
20210111015340	15.8706
20210111015340	15.8706
20210111015340	15.2927
20210111015340	15.2927
20210111015340	15.2927
20210111015340	15.2927
20210111015340	14.943
20210111015340	14.943
20210111015340	14.943
20210111015341	14.4744
20210111015341	14.4744
20210111015341	14.4744
20210111015341	14.4744
20210111015341	13.883
20210111015341	13.883
20210111015341	13.883
20210111015341	13.4056
20210111015341	13.4056
20210111015341	13.4056
20210111015341	12.9244
20210111015341	12.9244
20210111015341	12.9244
20210111015341	12.3177
20210111015341	12.3177
20210111015341	12.3177
20210111015341	12.3177
20210111015341	11.951
20210111015341	11.951
20210111015341	11.951
20210111015341	11.4589
20210111015341	11.4589
20210111015341	11.4589
20210111015341	10.839
20210111015341	10.839
20210111015341	10.839
20210111015341	10.839
20210111015341	10.3392
20210111015341	10.3392
20210111015341	10.3392
20210111015341	9.83622
20210111015342	9.83622
20210111015342	9.83622
20210111015342	9.83622
20210111015342	9.20285
20210111015342	9.20285
20210111015342	9.20285
20210111015342	8.82044
20210111015342	8.82044
20210111015342	8.82044
20210111015342	8.30705
20210111015342	8.30705
20210111015342	8.30705
20210111015342	7.66119
20210111015342	7.66119
20210111015342	7.66119
20210111015342	7.66119
20210111015342	7.1413
20210111015342	7.1413
20210111015342	7.1413
20210111015342	6.61863
20210111015342	6.61863
20210111015342	6.61863
20210111015342	6.61863
20210111015342	5.96149
20210111015342	5.96149
20210111015342	5.96149
20210111015342	5.56526
20210111015342	5.56526
20210111015342	5.56526
20210111015342	5.03467
20210111015342	5.03467
20210111015342	5.03467
20210111015342	5.03467
20210111015342	4.36792
20210111015342	4.36792
20210111015342	4.36792
20210111015342	3.83177
20210111015342	3.83177
20210111015342	3.83177
20210111015342	3.31557
20210111015342	3.31557
20210111015342	3.31557
20210111015342	2.79518
20210111015342	2.79518
20210111015342	2.79518
20210111015342	2.79518
20210111015342	2.27086
20210111015342	2.27086
20210111015342	2.27086
20210111015342	1.74125
20210111015342	1.74125
20210111015342	1.74125
20210111015342	1.07417
20210111015342	1.07417
20210111015342	1.07417
20210111015342	1.07417
20210111015342	0.537201
20210111015342	0.537201
20210111015342	0.537201
20210111015342	-0.00247387
20210111015342	-0.00247387
20210111015342	-0.00247387
20210111015342	-0.00247387
20210111015342	-0.544702
20210111015342	-0.544702
20210111015342	-0.544702
20210111015342	-1.22597
20210111015342	-1.22597
20210111015342	-1.63644
20210111015343	-1.63644
20210111015343	-1.63644
20210111015343	-1.63644
20210111015343	-2.32321
20210111015343	-2.32321
20210111015343	-2.32321
20210111015343	-2.32321
20210111015343	-2.87485
20210111015343	-2.87485
20210111015343	-2.87485
20210111015343	-3.41373
20210111015343	-3.41373
20210111015343	-3.41373
20210111015343	-3.95099
20210111015343	-3.95099
20210111015343	-3.95099
20210111015343	-3.95099
20210111015343	-4.62703
20210111015343	-4.62703
20210111015343	-5.0348
20210111015343	-5.0348
20210111015343	-5.0348
20210111015343	-5.0348
20210111015343	-5.71766
20210111015343	-5.71766
20210111015343	-5.71766
20210111015343	-5.71766
20210111015343	-6.26659
20210111015343	-6.26659
20210111015343	-6.26659
20210111015343	-6.80506
20210111015343	-6.80506
20210111015343	-6.80506
20210111015343	-6.80506
20210111015343	-7.34263
20210111015343	-7.34263
20210111015343	-7.34263
20210111015343	-7.88327
20210111015343	-7.88327
20210111015343	-7.88327
20210111015343	-8.56288
20210111015343	-8.56288
20210111015343	-8.56288
20210111015343	-8.56288
20210111015343	-9.10931
20210111015343	-9.10931
20210111015343	-9.10931
20210111015344	-9.6579
20210111015344	-9.6579
20210111015344	-9.6579
20210111015344	-10.1981
20210111015344	-10.1981
20210111015344	-10.1981
20210111015344	-10.1981
20210111015344	-10.7376
20210111015344	-10.7376
20210111015344	-10.7376
20210111015344	-11.4157
20210111015344	-11.4157
20210111015344	-11.4157
20210111015344	-11.8242
20210111015344	-11.8242
20210111015344	-11.8242
20210111015344	-12.5076
20210111015344	-12.5076
20210111015344	-12.5076
20210111015344	-12.5076
20210111015344	-13.0562
20210111015344	-13.0562
20210111015344	-13.0562
20210111015344	-13.6004
20210111015344	-13.6004
20210111015344	-13.6004
20210111015344	-13.6004
20210111015344	-14.1407
20210111015344	-14.1407
20210111015344	-14.1407
20210111015344	-14.8189
20210111015344	-14.8189
20210111015344	-14.8189
20210111015344	-15.2272
20210111015344	-15.2272
20210111015344	-15.2272
20210111015344	-15.2272
20210111015344	-15.9095
20210111015344	-15.9095
20210111015344	-15.9095
20210111015344	-16.4567
20210111015344	-16.4567
20210111015344	-16.9999
20210111015344	-16.9999
20210111015344	-16.9999
20210111015344	-16.9999
20210111015344	-16.9999
20210111015344	-17.6748
20210111015344	-17.6748
20210111015344	-17.6748
20210111015344	-18.0807
20210111015344	-18.0807
20210111015344	-18.0807
20210111015344	-18.6231
20210111015344	-18.6231
20210111015344	-18.6231
20210111015344	-18.6231
20210111015344	-19.3022
20210111015344	-19.3022
20210111015344	-19.3022
20210111015344	-19.8462
20210111015344	-19.8462
20210111015344	-19.8462
20210111015344	-20.3869
20210111015344	-20.3869
20210111015344	-20.3869
20210111015344	-20.3869
20210111015344	-20.9247
20210111015344	-20.9247
20210111015345	-20.9247
20210111015345	-21.4632
20210111015345	-21.4632
20210111015345	-21.4632
20210111015345	-22.0022
20210111015345	-22.0022
20210111015345	-22.0022
20210111015345	-22.6763
20210111015345	-22.6763
20210111015345	-22.6763
20210111015345	-22.6763
20210111015345	-23.2156
20210111015345	-23.2156
20210111015345	-23.2156
20210111015345	-23.7524
20210111015345	-23.7524
20210111015345	-23.7524
20210111015345	-24.2869
20210111015345	-24.2869
20210111015345	-24.2869
20210111015345	-24.2869
20210111015345	-24.9548
20210111015345	-24.9548
20210111015345	-24.9548
20210111015345	-25.3554
20210111015345	-25.3554
20210111015345	-25.3554
20210111015345	-26.0224
20210111015345	-26.0224
20210111015345	-26.0224
20210111015345	-26.0224
20210111015345	-26.5553
20210111015345	-26.5553
20210111015345	-26.5553
20210111015345	-27.0862
20210111015345	-27.0862
20210111015345	-27.0862
20210111015345	-27.6129
20210111015345	-27.6129
20210111015345	-27.6129
20210111015345	-27.6129
20210111015345	-28.1391
20210111015345	-28.1391
20210111015345	-28.1391
20210111015345	-28.6644
20210111015345	-28.6644
20210111015345	-28.6644
20210111015345	-29.3197
20210111015345	-29.3197
20210111015345	-29.3197
20210111015345	-29.3197
20210111015345	-29.8426
20210111015345	-29.8426
20210111015345	-29.8426
20210111015345	-30.3637
20210111015345	-30.3637
20210111015345	-30.3637
20210111015345	-30.8819
20210111015345	-30.8819
20210111015345	-30.8819
20210111015345	-30.8819
20210111015345	-31.3988
20210111015345	-31.3988
20210111015345	-31.3988
20210111015345	-32.0428
20210111015345	-32.0428
20210111015345	-32.0428
20210111015345	-32.0428
20210111015345	-32.5562
20210111015345	-32.5562
20210111015345	-32.5562
20210111015345	-33.0678
20210111015345	-33.0678
20210111015345	-33.0678
20210111015345	-33.5774
20210111015345	-33.5774
20210111015346	-33.5774
20210111015346	-33.5774
20210111015346	-34.0847
20210111015346	-34.0847
20210111015346	-34.0847
20210111015346	-34.5899
20210111015346	-34.5899
20210111015346	-34.5899
20210111015346	-35.0929
20210111015346	-35.0929
20210111015346	-35.0929
20210111015346	-35.0929
20210111015346	-35.7185
20210111015346	-35.7185
20210111015346	-35.7185
20210111015346	-36.2162
20210111015346	-36.2162
20210111015346	-36.2162
20210111015346	-36.7114
20210111015346	-36.7114
20210111015346	-36.7114
