20210104213926	-2.27091
20210104213926	-2.27091
20210104213926	-2.27091
20210104213926	-2.76811
20210104213926	-2.2805
20210104213926	-2.2805
20210104213926	-2.28844
20210104213926	-2.78822
20210104213926	-2.29662
20210104213926	-2.8084
20210104213926	-2.29662
20210104213926	-2.29662
20210104213926	-2.29662
20210104213926	-2.8286
20210104213926	-2.305
20210104213926	-2.305
20210104213926	-2.31358
20210104213926	-2.31358
20210104213926	-2.32233
20210104213926	-2.32233
20210104213926	-2.32233
20210104213926	-2.32233
20210104213926	-2.33349
20210104213926	-2.89429
20210104213926	-2.33349
20210104213926	-2.33349
20210104213926	-2.34259
20210104213926	-2.91445
20210104213926	-2.35182
20210104213926	-2.93456
20210104213926	-2.35182
20210104213926	-2.35182
20210104213926	-2.36116
20210104213926	-2.36116
20210104213926	-2.36116
20210104213926	-2.95461
20210104213926	-2.37299
20210104213926	-2.97956
20210104213926	-2.38015
20210104213926	-2.99446
20210104213926	-2.38015
20210104213926	-2.38015
20210104213926	-2.39216
20210104213926	-2.39216
20210104213926	-2.39216
20210104213926	-3.01911
20210104213926	-2.37222
20210104213926	-2.27288
20210104213926	-2.27288
20210104213926	-2.27942
20210104213926	-2.27942
20210104213926	-2.27942
20210104213926	-2.28601
20210104213926	-2.28601
20210104213926	-2.28601
20210104213926	-2.29264
20210104213926	-2.29264
20210104213927	-2.75925
20210104213927	-2.30097
20210104213927	-2.77718
20210104213927	-2.30097
20210104213927	-2.30097
20210104213927	-2.30764
20210104213927	-2.79134
20210104213927	-2.30764
20210104213927	-2.30764
20210104213927	-2.31431
20210104213927	-2.31431
20210104213927	-2.32097
20210104213927	-2.32097
20210104213927	-2.32097
20210104213927	-2.32097
20210104213927	-2.3276
20210104213927	-2.3276
20210104213927	-2.3276
20210104213927	-2.83268
20210104213927	-2.33584
20210104213927	-2.33584
20210104213927	-2.34074
20210104213927	-2.85918
20210104213927	-2.34074
20210104213927	-2.85918
20210104213927	-2.34882
20210104213927	-2.34882
20210104213927	-2.34882
20210104213927	-2.34882
20210104213927	-2.35521
20210104213927	-2.88777
20210104213927	-2.3615
20210104213927	-2.90004
20210104213927	-2.3615
20210104213927	-2.90004
20210104213927	-2.36924
20210104213927	-2.36924
20210104213927	-2.36924
20210104213927	-2.915
20210104213927	-2.28152
20210104213927	-2.28152
20210104213927	-2.29051
20210104213927	-2.29051
20210104213927	-2.29051
20210104213927	-2.7784
20210104213927	-2.29431
20210104213927	-2.78542
20210104213927	-2.29431
20210104213927	-2.29431
20210104213927	-2.29794
20210104213928	-2.29794
20210104213928	-2.30139
20210104213928	-2.30139
20210104213928	-2.30139
20210104213928	-2.30139
20210104213928	-2.30464
20210104213928	-2.30464
20210104213928	-2.30464
20210104213928	-2.30464
20210104213928	-2.3077
20210104213928	-2.3077
20210104213928	-2.31056
20210104213928	-2.81508
20210104213928	-2.31056
20210104213928	-2.81508
20210104213928	-2.31381
20210104213928	-2.31381
20210104213928	-2.31381
20210104213928	-2.82095
20210104213928	-2.31615
20210104213928	-2.31615
20210104213928	-2.31828
20210104213928	-2.31828
20210104213928	-2.31828
20210104213928	-2.31828
20210104213928	-2.32018
20210104213928	-2.83243
20210104213928	-2.32018
20210104213928	-2.32018
20210104213928	-2.32186
20210104213928	-2.32186
20210104213928	-2.3233
20210104213928	-2.3233
20210104213928	-2.3233
20210104213928	-2.3233
20210104213928	-2.32475
20210104213928	-2.32475
20210104213928	-2.22444
20210104213928	-2.68335
20210104213928	-2.29966
20210104213928	-2.29966
20210104213929	-2.29799
20210104213929	-2.29799
20210104213929	-2.29799
20210104213929	-2.29799
20210104213929	-2.29554
20210104213929	-2.80482
20210104213929	-2.29554
20210104213929	-2.80482
20210104213929	-2.29387
20210104213929	-2.80204
20210104213929	-2.29387
20210104213929	-2.29141
20210104213929	-2.29141
20210104213929	-2.79795
20210104213929	-2.28794
20210104213929	-2.79216
20210104213929	-2.28794
20210104213929	-2.28794
20210104213929	-2.28485
20210104213929	-2.78698
20210104213929	-2.28485
20210104213929	-2.2815
20210104213929	-2.2815
20210104213929	-2.2815
20210104213929	-2.27791
20210104213929	-2.27791
20210104213929	-2.27791
20210104213929	-2.27791
20210104213929	-2.27408
20210104213929	-2.27408
20210104213929	-2.27001
20210104213929	-2.762
20210104213929	-2.27001
20210104213929	-2.762
20210104213929	-2.26455
20210104213929	-2.26455
20210104213929	-2.26455
20210104213929	-2.26455
20210104213929	-2.25988
20210104213929	-2.25988
20210104213929	-2.25988
20210104213929	-2.25499
20210104213929	-2.25499
20210104213929	-2.73641
20210104213929	-2.24858
20210104213929	-2.24858
20210104213929	-2.24858
20210104213929	-2.24858
20210104213929	-2.23263
20210104213929	-2.23263
20210104213929	-2.31815
20210104213930	-2.89961
20210104213930	-2.31148
20210104213930	-2.31148
20210104213930	-2.30281
20210104213930	-2.30281
20210104213930	-2.30281
20210104213930	-2.88489
20210104213930	-2.2956
20210104213930	-2.2956
20210104213930	-2.2956
20210104213930	-2.85984
20210104213930	-2.28819
20210104213930	-2.28819
20210104213930	-2.28058
20210104213930	-2.84672
20210104213930	-2.28058
20210104213930	-2.84672
20210104213930	-2.2728
20210104213930	-2.2728
20210104213930	-2.2728
20210104213930	-2.81932
20210104213930	-2.26485
20210104213930	-2.26485
20210104213930	-2.25466
20210104213930	-2.25466
20210104213930	-2.25466
20210104213930	-2.25466
20210104213930	-2.24628
20210104213930	-2.78653
20210104213930	-2.23777
20210104213930	-2.23777
20210104213930	-2.23777
20210104213930	-2.23777
20210104213930	-2.22915
20210104213930	-2.22915
20210104213930	-2.22915
20210104213930	-2.22915
20210104213930	-2.22043
20210104213930	-2.73999
20210104213930	-2.22043
20210104213930	-2.21162
20210104213931	-2.21162
20210104213931	-2.21162
20210104213931	-2.20052
20210104213931	-2.7033
20210104213931	-2.20052
20210104213931	-2.7033
20210104213931	-2.19152
20210104213931	-2.66038
20210104213931	-2.18205
20210104213931	-2.70201
20210104213931	-2.18205
20210104213931	-2.18205
20210104213931	-2.16997
20210104213931	-2.16997
20210104213931	-2.16997
20210104213931	-2.67886
20210104213931	-2.16272
20210104213931	-2.16272
20210104213931	-2.16272
20210104213931	-2.64593
20210104213931	-2.15308
20210104213931	-2.64593
20210104213931	-2.14111
20210104213931	-2.62207
20210104213931	-2.14111
20210104213931	-2.62207
20210104213931	-2.13155
20210104213931	-2.6027
20210104213931	-2.13155
20210104213931	-2.58322
20210104213931	-2.12209
20210104213931	-2.58322
20210104213931	-2.11274
20210104213931	-2.11274
20210104213931	-2.11274
20210104213931	-2.11274
20210104213931	-2.10353
20210104213931	-2.10353
20210104213931	-2.10353
20210104213931	-2.52422
20210104213931	-2.09448
20210104213931	-2.09448
20210104213931	-2.08341
20210104213931	-2.08341
20210104213931	-2.08341
20210104213931	-2.49949
20210104213931	-2.07476
20210104213931	-2.07476
20210104213931	-2.06633
20210104213931	-2.45974
20210104213931	-2.06633
20210104213931	-2.45974
20210104213931	-2.05816
20210104213931	-2.05816
20210104213931	-2.05816
20210104213931	-2.43991
20210104213931	-1.93609
20210104213932	-2.25001
20210104213932	-1.94314
20210104213932	-2.25643
20210104213932	-1.94314
20210104213932	-1.94314
20210104213932	-1.93247
20210104213932	-1.93247
20210104213932	-1.93247
20210104213932	-2.2298
20210104213932	-1.9245
20210104213932	-1.9245
20210104213932	-1.91708
20210104213932	-1.91708
20210104213932	-1.91708
20210104213932	-1.91708
20210104213932	-1.91023
20210104213932	-1.91023
20210104213932	-1.91023
20210104213932	-2.16808
20210104213932	-1.90398
20210104213932	-2.14832
20210104213932	-1.90398
20210104213932	-2.129
20210104213932	-1.89837
20210104213932	-1.89837
20210104213932	-1.89229
20210104213932	-1.89229
20210104213932	-1.89229
20210104213932	-2.10555
20210104213932	-1.8882
20210104213932	-2.08735
20210104213932	-1.88484
20210104213932	-1.88484
20210104213932	-1.88484
20210104213932	-1.88484
20210104213932	-1.88223
20210104213932	-1.88223
20210104213932	-1.88223
20210104213932	-1.88223
20210104213932	-1.88041
20210104213932	-1.88041
20210104213932	-1.88041
20210104213932	-2.02036
20210104213932	-1.8794
20210104213932	-1.8794
20210104213932	-1.87905
20210104213932	-2.00155
20210104213932	-1.87905
20210104213932	-1.87905
20210104213932	-1.83886
20210104213932	-1.93652
20210104213932	-1.84042
20210104213933	-1.84042
20210104213933	-1.84042
20210104213933	-1.84042
20210104213933	-1.84017
20210104213933	-1.95695
20210104213933	-1.84017
20210104213933	-1.84017
20210104213933	-1.83916
20210104213933	-1.83916
20210104213933	-1.83712
20210104213933	-1.83712
20210104213933	-1.83712
20210104213933	-1.92824
20210104213933	-1.83309
20210104213933	-1.83309
20210104213933	-1.83309
20210104213933	-1.91214
20210104213933	-1.82864
20210104213933	-1.82864
20210104213933	-1.82307
20210104213933	-1.82307
20210104213933	-1.82307
20210104213933	-1.82307
20210104213933	-1.81635
20210104213933	-1.81635
20210104213933	-1.81635
20210104213933	-1.81635
20210104213933	-1.80846
20210104213933	-1.80846
20210104213933	-1.79937
20210104213933	-1.86299
20210104213933	-1.79937
20210104213933	-1.79937
20210104213933	-1.78629
20210104213933	-1.78629
20210104213933	-1.78629
20210104213933	-1.85483
20210104213933	-1.77441
20210104213933	-1.84956
20210104213933	-1.77441
20210104213933	-1.84545
20210104213933	-1.76123
20210104213933	-1.76123
20210104213933	-1.74675
20210104213933	-1.74675
20210104213933	-1.74675
20210104213933	-1.84252
20210104213933	-1.74975
20210104213933	-1.74975
20210104213933	-1.77922
20210104213933	-1.7607
20210104213933	-1.7607
20210104213933	-1.86479
20210104213933	-1.74438
20210104213933	-1.74438
20210104213934	-1.74438
20210104213934	-1.74438
20210104213934	-1.72669
20210104213934	-1.72669
20210104213934	-1.70764
20210104213934	-1.70764
20210104213934	-1.70764
20210104213934	-1.70764
20210104213934	-1.68717
20210104213934	-1.68717
20210104213934	-1.68717
20210104213934	-1.85884
20210104213934	-1.65959
20210104213934	-1.65959
20210104213934	-1.64195
20210104213934	-1.64195
20210104213934	-1.64195
20210104213934	-1.64195
20210104213934	-1.61071
20210104213934	-1.61071
20210104213934	-1.61071
20210104213934	-1.61071
20210104213934	-1.58405
20210104213934	-1.58405
20210104213934	-1.5558
20210104213934	-1.83236
20210104213934	-1.5558
20210104213934	-1.5558
20210104213934	-1.52602
20210104213934	-1.82294
20210104213934	-1.52602
20210104213934	-1.52602
20210104213934	-1.49472
20210104213934	-1.49472
20210104213934	-1.46195
20210104213934	-1.46195
20210104213934	-1.46195
20210104213934	-1.7998
20210104213934	-1.41895
20210104213934	-1.78243
20210104213934	-1.41895
20210104213934	-1.41895
20210104213934	-1.38643
20210104213934	-1.37676
20210104213934	-1.33889
20210104213934	-1.33889
20210104213934	-1.33889
20210104213934	-1.75404
20210104213934	-1.29958
20210104213935	-1.73558
20210104213935	-1.29958
20210104213935	-1.73558
20210104213935	-1.25887
20210104213935	-1.25887
20210104213935	-1.21676
20210104213935	-1.21676
20210104213935	-1.21676
20210104213935	-1.69441
20210104213935	-1.16219
20210104213935	-1.16219
20210104213935	-1.16219
20210104213935	-1.16219
20210104213935	-1.117
20210104213935	-1.117
20210104213935	-1.117
20210104213935	-1.61568
20210104213935	-1.07049
20210104213935	-1.61568
20210104213935	-1.02268
20210104213935	-1.58857
20210104213935	-1.02268
20210104213935	-1.02268
20210104213935	-0.973559
20210104213935	-0.973559
20210104213935	-0.923162
20210104213935	-0.923162
20210104213935	-0.923162
20210104213935	-0.923162
20210104213935	-0.8584
20210104213935	-0.8584
20210104213935	-0.8584
20210104213935	-1.49128
20210104213935	-0.805199
20210104213935	-1.45858
20210104213935	-0.750778
20210104213935	-1.42461
20210104213935	-0.750778
20210104213935	-1.42461
20210104213935	-0.695165
20210104213935	-0.695165
20210104213935	-0.695165
20210104213936	-1.31308
20210104213936	-0.991496
20210104213936	-1.3095
20210104213936	-0.991496
20210104213936	-0.979988
20210104213936	-0.979988
20210104213936	-0.979988
20210104213936	-0.961179
20210104213936	-0.961179
20210104213936	-0.961179
20210104213936	-1.23712
20210104213936	-0.946449
20210104213936	-0.946449
20210104213936	-0.931966
20210104213936	-0.931966
20210104213936	-0.931966
20210104213936	-0.931966
20210104213936	-0.917719
20210104213936	-0.917719
20210104213936	-0.917719
20210104213936	-1.11888
20210104213936	-0.903715
20210104213936	-0.903715
20210104213936	-0.903715
20210104213936	-0.886534
20210104213936	-0.886534
20210104213936	-1.02287
20210104213936	-0.873033
20210104213936	-0.873033
20210104213936	-0.873033
20210104213936	-0.873033
20210104213936	-0.859733
20210104213936	-0.859733
20210104213936	-0.846622
20210104213936	-0.846622
20210104213936	-0.846622
20210104213936	-0.885691
20210104213936	-0.83369
20210104213936	-0.83369
20210104213936	-0.83369
20210104213936	-0.837763
20210104213936	-0.820932
20210104213936	-0.788777
20210104213936	-0.80521
20210104213936	-0.80521
20210104213936	-0.80521
20210104213936	-0.80521
20210104213936	-0.792801
20210104213936	-0.792801
20210104213936	-0.792801
20210104213936	-0.674833
20210104213936	-0.780532
20210104213936	-0.780532
20210104213936	-0.985267
20210104213936	-0.973144
20210104213936	-0.973144
20210104213937	-0.973144
20210104213937	-0.961071
20210104213937	-0.961071
20210104213937	-0.961071
20210104213937	-0.965142
20210104213937	-0.946099
20210104213937	-0.945161
20210104213937	-0.937176
20210104213937	-0.933298
20210104213937	-0.937176
20210104213937	-0.933298
20210104213937	-0.922398
20210104213937	-0.913723
20210104213937	-0.922398
20210104213937	-0.922398
20210104213937	-0.910656
20210104213937	-0.898233
20210104213937	-0.89898
20210104213937	-0.89898
20210104213937	-0.89898
20210104213937	-0.882887
20210104213937	-0.887327
20210104213937	-0.887327
20210104213937	-0.887327
20210104213937	-0.867627
20210104213937	-0.872848
20210104213937	-0.872848
20210104213937	-0.872848
20210104213937	-0.833772
20210104213937	-0.861328
20210104213937	-0.861328
20210104213937	-0.849859
20210104213937	-0.849859
20210104213937	-0.849859
20210104213937	-0.804185
20210104213937	-0.838438
20210104213937	-0.804185
20210104213937	-0.827063
20210104213937	-0.827063
20210104213937	-0.827063
20210104213937	-0.827063
20210104213937	-0.812839
20210104213937	-0.812839
20210104213937	-0.812839
20210104213937	-0.771322
20210104213937	-0.804336
20210104213937	-0.959762
20210104213937	-0.959762
20210104213937	-0.965695
20210104213937	-0.94646
20210104213937	-0.965695
20210104213937	-0.935845
20210104213937	-0.952223
20210104213937	-0.935845
20210104213938	-0.92525
20210104213938	-0.92525
20210104213938	-0.938791
20210104213938	-0.914675
20210104213938	-0.914675
20210104213938	-0.914675
20210104213938	-0.914675
20210104213938	-0.901445
20210104213938	-0.901445
20210104213938	-0.901445
20210104213938	-0.908662
20210104213938	-0.893517
20210104213938	-0.893517
20210104213938	-0.882961
20210104213938	-0.882961
20210104213938	-0.882961
20210104213938	-0.882961
20210104213938	-0.869789
20210104213938	-0.869789
20210104213938	-0.869789
20210104213938	-0.869789
20210104213938	-0.859271
20210104213938	-0.859271
20210104213938	-0.848768
20210104213938	-0.848768
20210104213938	-0.848768
20210104213938	-0.848768
20210104213938	-0.838225
20210104213938	-0.838225
20210104213938	-0.838225
20210104213938	-0.838225
20210104213938	-0.825049
20210104213938	-0.825049
20210104213938	-0.825049
20210104213938	-0.802465
20210104213938	-0.817157
20210104213938	-0.817157
20210104213938	-0.804024
20210104213938	-0.804024
20210104213938	-0.804024
20210104213938	-0.804024
20210104213938	-0.793536
20210104213939	-0.908347
20210104213939	-0.908347
20210104213939	-0.901638
20210104213939	-0.898813
20210104213939	-0.898813
20210104213939	-0.889268
20210104213939	-0.889268
20210104213939	-0.889268
20210104213939	-0.889268
20210104213939	-0.879712
20210104213939	-0.878167
20210104213939	-0.87017
20210104213939	-0.87017
20210104213939	-0.87017
20210104213939	-0.866437
20210104213939	-0.858259
20210104213939	-0.85179
20210104213939	-0.858259
20210104213939	-0.858259
20210104213939	-0.848743
20210104213939	-0.848743
20210104213939	-0.848743
20210104213939	-0.839237
20210104213939	-0.839237
20210104213939	-0.828386
20210104213939	-0.829729
20210104213939	-0.81668
20210104213939	-0.829729
20210104213939	-0.81668
20210104213939	-0.817812
20210104213939	-0.817812
20210104213939	-0.808292
20210104213939	-0.808292
20210104213939	-0.808292
20210104213939	-0.790267
20210104213939	-0.798783
20210104213939	-0.798783
20210104213939	-0.798783
20210104213939	-0.778541
20210104213939	-0.789285
20210104213939	-0.789285
20210104213939	-0.789285
20210104213939	-0.779794
20210104213939	-0.779794
20210104213939	-0.779794
20210104213939	-0.770292
20210104213939	-0.770292
20210104213939	-0.770292
20210104213939	-0.743366
20210104213939	-0.760741
20210104213939	-0.731558
20210104213939	-0.877637
20210104213939	-0.857684
20210104213939	-0.869156
20210104213939	-0.869156
20210104213939	-0.858576
20210104213940	-0.858576
20210104213940	-0.858576
20210104213940	-0.858576
20210104213940	-0.850128
20210104213940	-0.834561
20210104213940	-0.841694
20210104213940	-0.824291
20210104213940	-0.841694
20210104213940	-0.841694
20210104213940	-0.833252
20210104213940	-0.813998
20210104213940	-0.833252
20210104213940	-0.813998
20210104213940	-0.824765
20210104213940	-0.824765
20210104213940	-0.824765
20210104213940	-0.816293
20210104213940	-0.816293
20210104213940	-0.793279
20210104213940	-0.805722
20210104213940	-0.805722
20210104213940	-0.805722
20210104213940	-0.797278
20210104213940	-0.797278
20210104213940	-0.797278
20210104213940	-0.788845
20210104213940	-0.759616
20210104213940	-0.788845
20210104213940	-0.788845
20210104213940	-0.778296
20210104213940	-0.778296
20210104213940	-0.778296
20210104213940	-0.746634
20210104213940	-0.771924
20210104213940	-0.771924
20210104213940	-0.771924
20210104213940	-0.728305
20210104213940	-0.763438
20210104213940	-0.763438
20210104213940	-0.752846
20210104213940	-0.752846
20210104213940	-0.752846
20210104213941	-0.752846
20210104213941	-0.744383
20210104213941	-0.744383
20210104213941	-0.877653
20210104213941	-0.877653
20210104213941	-0.877653
20210104213941	-0.880913
20210104213941	-0.870555
20210104213941	-0.870555
20210104213941	-0.870555
20210104213941	-0.870555
20210104213941	-0.863388
20210104213941	-0.863388
20210104213941	-0.863388
20210104213941	-0.856243
20210104213941	-0.856243
20210104213941	-0.856243
20210104213941	-0.847342
20210104213941	-0.847342
20210104213941	-0.847342
20210104213941	-0.844407
20210104213941	-0.840244
20210104213941	-0.840244
20210104213941	-0.840244
20210104213941	-0.833165
20210104213941	-0.833165
20210104213941	-0.833165
20210104213941	-0.826104
20210104213941	-0.826104
20210104213941	-0.826104
20210104213941	-0.81862
20210104213941	-0.817207
20210104213941	-0.817207
20210104213941	-0.817207
20210104213941	-0.811869
20210104213941	-0.811869
20210104213941	-0.801231
20210104213941	-0.802997
20210104213941	-0.802997
20210104213941	-0.802997
20210104213941	-0.795917
20210104213941	-0.795917
20210104213941	-0.795917
20210104213941	-0.788853
20210104213941	-0.788853
20210104213941	-0.788853
20210104213941	-0.788853
20210104213941	-0.781802
20210104213941	-0.76419
20210104213941	-0.781802
20210104213941	-0.781802
20210104213941	-0.772944
20210104213942	-0.887812
20210104213942	-0.883511
20210104213942	-0.883511
20210104213942	-0.883511
20210104213942	-0.883511
20210104213942	-0.886973
20210104213942	-0.876384
20210104213942	-0.876384
20210104213942	-0.876384
20210104213942	-0.870718
20210104213942	-0.870718
20210104213942	-0.865085
20210104213942	-0.865085
20210104213942	-0.865085
20210104213942	-0.865085
20210104213942	-0.859484
20210104213942	-0.859484
20210104213942	-0.859484
20210104213942	-0.866837
20210104213942	-0.853869
20210104213942	-0.860111
20210104213942	-0.853869
20210104213942	-0.848244
20210104213942	-0.848244
20210104213942	-0.853352
20210104213942	-0.841259
20210104213942	-0.841259
20210104213942	-0.841259
20210104213942	-0.841259
20210104213942	-0.835709
20210104213942	-0.835709
20210104213942	-0.835709
20210104213942	-0.83019
20210104213942	-0.83019
20210104213942	-0.83152
20210104213942	-0.824701
20210104213942	-0.824701
20210104213942	-0.824701
20210104213942	-0.824836
20210104213942	-0.817819
20210104213942	-0.817819
20210104213942	-0.817819
20210104213942	-0.81369
20210104213942	-0.81369
20210104213942	-0.81369
20210104213942	-0.80685
20210104213942	-0.802936
20210104213942	-0.80685
20210104213942	-0.802936
20210104213942	-0.801414
20210104213942	-0.801414
20210104213942	-0.895465
20210104213943	-0.907587
20210104213943	-0.895465
20210104213943	-0.907587
20210104213943	-0.891389
20210104213943	-0.891389
20210104213943	-0.891389
20210104213943	-0.902786
20210104213943	-0.887344
20210104213943	-0.887344
20210104213943	-0.887344
20210104213943	-0.892021
20210104213943	-0.882292
20210104213943	-0.882292
20210104213943	-0.878314
20210104213943	-0.878314
20210104213943	-0.878314
20210104213943	-0.878314
20210104213943	-0.874392
20210104213943	-0.874392
20210104213943	-0.870526
20210104213943	-0.877988
20210104213943	-0.870526
20210104213943	-0.870526
20210104213943	-0.866715
20210104213943	-0.866715
20210104213943	-0.866715
20210104213943	-0.866715
20210104213943	-0.862942
20210104213943	-0.862942
20210104213943	-0.862942
20210104213943	-0.859169
20210104213943	-0.859169
20210104213943	-0.859169
20210104213943	-0.854535
20210104213943	-0.85868
20210104213943	-0.854535
20210104213943	-0.854535
20210104213943	-0.850894
20210104213943	-0.854238
20210104213943	-0.850894
20210104213943	-0.847311
20210104213943	-0.847311
20210104213943	-0.847311
20210104213943	-0.843787
20210104213943	-0.843787
20210104213943	-0.843787
20210104213943	-0.843787
20210104213943	-0.840322
20210104213943	-0.840322
20210104213944	-0.932077
20210104213944	-0.939182
20210104213944	-0.92978
20210104213944	-0.92978
20210104213944	-0.927027
20210104213944	-0.935961
20210104213944	-0.927027
20210104213944	-0.927027
20210104213944	-0.924919
20210104213944	-0.924919
20210104213944	-0.924919
20210104213944	-0.922897
20210104213944	-0.922897
20210104213944	-0.922897
20210104213944	-0.920964
20210104213944	-0.920964
20210104213944	-0.920964
20210104213944	-0.920964
20210104213944	-0.919119
20210104213944	-0.919119
20210104213944	-0.919119
20210104213944	-0.917302
20210104213944	-0.917302
20210104213944	-0.917302
20210104213944	-0.915158
20210104213944	-0.915158
20210104213944	-0.915158
20210104213944	-0.921991
20210104213944	-0.913542
20210104213944	-0.920076
20210104213944	-0.912015
20210104213944	-0.912015
20210104213944	-0.912015
20210104213944	-0.912015
20210104213944	-0.910575
20210104213944	-0.910575
20210104213944	-0.910575
20210104213944	-0.910575
20210104213944	-0.909221
20210104213944	-0.909221
20210104213944	-0.907587
20210104213944	-0.907587
20210104213944	-0.907587
20210104213944	-0.907587
20210104213944	-0.906369
20210104213944	-0.906369
20210104213944	-0.906369
20210104213944	-0.906369
20210104213944	-0.90524
20210104213944	-0.90524
20210104213944	-1.0191
20210104213944	-1.0191
20210104213944	-1.0191
20210104213944	-1.0191
20210104213944	-1.0191
20210104213944	-1.04787
20210104213944	-1.01959
20210104213944	-1.01959
20210104213944	-1.01997
20210104213945	-1.04862
20210104213945	-1.02071
20210104213945	-1.02071
20210104213945	-1.02071
20210104213945	-1.02071
20210104213945	-1.02142
20210104213945	-1.02142
20210104213945	-1.02142
20210104213945	-1.0513
20210104213945	-1.02224
20210104213945	-1.05275
20210104213945	-1.02318
20210104213945	-1.05436
20210104213945	-1.02318
20210104213945	-1.02318
20210104213945	-1.02422
20210104213945	-1.05612
20210104213945	-1.02422
20210104213945	-1.02422
20210104213945	-1.02538
20210104213945	-1.02538
20210104213945	-1.02538
20210104213945	-1.0601
20210104213945	-1.02662
20210104213945	-1.0601
20210104213945	-1.02829
20210104213945	-1.06285
20210104213945	-1.02829
20210104213945	-1.02829
20210104213945	-1.02972
20210104213945	-1.02972
20210104213945	-1.02972
20210104213945	-1.03124
20210104213945	-1.03124
20210104213945	-1.03124
20210104213945	-1.03283
20210104213945	-1.03283
20210104213945	-1.03283
20210104213945	-1.03283
20210104213945	-1.03448
20210104213945	-1.15507
20210104213945	-1.15857
20210104213945	-1.23691
20210104213945	-1.15857
20210104213945	-1.15857
20210104213945	-1.16144
20210104213945	-1.24147
20210104213945	-1.16144
20210104213945	-1.24147
20210104213945	-1.16437
20210104213945	-1.16437
20210104213945	-1.16437
20210104213945	-1.16734
20210104213945	-1.16734
20210104213945	-1.16734
20210104213945	-1.17036
20210104213945	-1.25585
20210104213945	-1.17036
20210104213945	-1.25585
20210104213945	-1.17342
20210104213945	-1.26085
20210104213946	-1.17342
20210104213946	-1.1765
20210104213946	-1.1765
20210104213946	-1.1765
20210104213946	-1.18037
20210104213946	-1.27241
20210104213946	-1.18037
20210104213946	-1.27241
20210104213946	-1.18348
20210104213946	-1.18348
20210104213946	-1.1866
20210104213946	-1.1866
20210104213946	-1.1866
20210104213946	-1.28303
20210104213946	-1.18973
20210104213946	-1.28844
20210104213946	-1.18973
20210104213946	-1.19285
20210104213946	-1.19285
20210104213946	-1.29393
20210104213946	-1.19285
20210104213946	-1.19595
20210104213946	-1.19595
20210104213946	-1.19595
20210104213946	-1.19979
20210104213946	-1.30647
20210104213946	-1.19979
20210104213946	-1.30647
20210104213946	-1.20283
20210104213946	-1.20283
20210104213946	-1.27895
20210104213946	-1.28231
20210104213946	-1.28231
20210104213946	-1.28231
20210104213946	-1.28648
20210104213946	-1.28648
20210104213946	-1.28648
20210104213946	-1.40657
20210104213946	-1.28895
20210104213946	-1.28895
20210104213946	-1.29222
20210104213946	-1.41637
20210104213946	-1.29222
20210104213947	-1.41637
20210104213947	-1.29624
20210104213947	-1.29624
20210104213947	-1.29624
20210104213947	-1.29624
20210104213947	-1.2994
20210104213947	-1.2994
20210104213947	-1.2994
20210104213947	-1.43469
20210104213947	-1.3025
20210104213947	-1.43469
20210104213947	-1.30554
20210104213947	-1.30554
20210104213947	-1.30554
20210104213947	-1.30554
20210104213947	-1.44597
20210104213947	-1.30851
20210104213947	-1.31211
20210104213947	-1.31211
20210104213947	-1.31211
20210104213947	-1.453
20210104213947	-1.31491
20210104213947	-1.31491
20210104213947	-1.31491
20210104213947	-1.45863
20210104213947	-1.31762
20210104213947	-1.31762
20210104213947	-1.32023
20210104213947	-1.32023
20210104213947	-1.32023
20210104213947	-1.32023
20210104213947	-1.32274
20210104213947	-1.47539
20210104213947	-1.32274
20210104213947	-1.48093
20210104213947	-1.32514
20210104213947	-1.48093
20210104213947	-1.36228
20210104213948	-1.49389
20210104213948	-1.36228
20210104213948	-1.36228
20210104213948	-1.3651
20210104213948	-1.49962
20210104213948	-1.3651
20210104213948	-1.49962
20210104213948	-1.36725
20210104213948	-1.36725
20210104213948	-1.3693
20210104213948	-1.3693
20210104213948	-1.3693
20210104213948	-1.3693
20210104213948	-1.37125
20210104213948	-1.37125
20210104213948	-1.37125
20210104213948	-1.37125
20210104213948	-1.37355
20210104213948	-1.37355
20210104213948	-1.37355
20210104213948	-1.37484
20210104213948	-1.37484
20210104213948	-1.37484
20210104213948	-1.37688
20210104213948	-1.37688
20210104213948	-1.37688
20210104213948	-1.52719
20210104213948	-1.37839
20210104213948	-1.37839
20210104213948	-1.37979
20210104213948	-1.37979
20210104213948	-1.37979
20210104213948	-1.37979
20210104213948	-1.38108
20210104213948	-1.38108
20210104213948	-1.38108
20210104213948	-1.38108
20210104213948	-1.38225
20210104213948	-1.544
20210104213948	-1.38332
20210104213948	-1.54811
20210104213948	-1.38332
20210104213948	-1.38332
20210104213948	-1.38452
20210104213948	-1.38452
20210104213948	-1.38452
20210104213948	-1.38452
20210104213948	-1.38537
20210104213948	-1.55735
20210104213948	-1.41617
20210104213948	-1.41719
20210104213949	-1.41719
20210104213949	-1.41719
20210104213949	-1.41812
20210104213949	-1.56276
20210104213949	-1.41812
20210104213949	-1.41812
20210104213949	-1.41897
20210104213949	-1.41897
20210104213949	-1.41974
20210104213949	-1.41974
20210104213949	-1.41974
20210104213949	-1.41974
20210104213949	-1.42059
20210104213949	-1.42059
20210104213949	-1.42059
20210104213949	-1.57338
20210104213949	-1.42118
20210104213949	-1.42118
20210104213949	-1.42118
20210104213949	-1.57986
20210104213949	-1.42169
20210104213949	-1.42169
20210104213949	-1.4222
20210104213949	-1.4222
20210104213949	-1.42244
20210104213949	-1.42244
20210104213949	-1.42244
20210104213949	-1.5863
20210104213949	-1.42244
20210104213949	-1.59031
20210104213949	-1.42274
20210104213949	-1.59031
20210104213949	-1.42289
20210104213949	-1.59354
20210104213949	-1.42289
20210104213949	-1.42289
20210104213949	-1.42296
20210104213949	-1.42296
20210104213949	-1.42294
20210104213949	-1.42294
20210104213949	-1.42294
20210104213949	-1.42294
20210104213949	-1.42283
20210104213949	-1.42283
20210104213949	-1.42283
20210104213949	-1.42283
20210104213949	-1.42265
20210104213949	-1.60664
20210104213949	-1.45593
20210104213949	-1.4562
20210104213949	-1.4562
20210104213949	-1.4562
20210104213949	-1.45636
20210104213949	-1.61155
20210104213949	-1.45636
20210104213949	-1.45636
20210104213949	-1.45647
20210104213949	-1.45647
20210104213950	-1.45653
20210104213950	-1.45653
20210104213950	-1.45653
20210104213950	-1.45653
20210104213950	-1.45654
20210104213950	-1.62001
20210104213950	-1.45654
20210104213950	-1.45654
20210104213950	-1.4565
20210104213950	-1.62291
20210104213950	-1.45641
20210104213950	-1.45641
20210104213950	-1.45641
20210104213950	-1.45641
20210104213950	-1.45624
20210104213950	-1.45624
20210104213950	-1.45624
20210104213950	-1.62962
20210104213950	-1.45607
20210104213950	-1.45607
20210104213950	-1.45607
20210104213950	-1.45586
20210104213950	-1.45586
20210104213950	-1.45586
20210104213950	-1.45552
20210104213950	-1.45552
20210104213950	-1.45552
20210104213950	-1.64004
20210104213950	-1.45528
20210104213950	-1.64257
20210104213950	-1.45484
20210104213950	-1.45484
20210104213950	-1.45484
20210104213950	-1.45484
20210104213950	-1.45444
20210104213950	-1.65051
20210104213950	-1.45444
20210104213950	-1.45444
20210104213950	-1.45402
20210104213950	-1.65428
20210104213950	-1.50039
20210104213950	-1.50039
20210104213950	-1.50039
20210104213950	-1.50039
20210104213950	-1.50074
20210104213950	-1.50074
20210104213950	-1.50074
20210104213950	-1.50074
20210104213950	-1.50094
20210104213950	-1.50094
20210104213950	-1.5012
20210104213950	-1.67765
20210104213950	-1.5012
20210104213951	-1.67765
20210104213951	-1.50153
20210104213951	-1.50153
20210104213951	-1.50153
20210104213951	-1.68605
20210104213951	-1.50181
20210104213951	-1.50181
20210104213951	-1.5021
20210104213951	-1.5021
20210104213951	-1.5021
20210104213951	-1.5021
20210104213951	-1.50237
20210104213951	-1.69413
20210104213951	-1.50237
20210104213951	-1.50237
20210104213951	-1.50264
20210104213951	-1.50264
20210104213951	-1.50264
20210104213951	-1.50296
20210104213951	-1.50296
20210104213951	-1.50296
20210104213951	-1.50319
20210104213951	-1.70854
20210104213951	-1.50319
20210104213951	-1.50319
20210104213951	-1.50344
20210104213951	-1.71336
20210104213951	-1.50366
20210104213951	-1.50366
20210104213951	-1.50366
20210104213951	-1.50366
20210104213951	-1.50385
20210104213951	-1.72356
20210104213951	-1.50385
20210104213951	-1.50385
20210104213951	-1.50402
20210104213951	-1.55477
20210104213951	-1.55477
20210104213951	-1.55564
20210104213951	-1.55564
20210104213951	-1.55564
20210104213951	-1.55672
20210104213951	-1.7567
20210104213951	-1.55672
20210104213951	-1.7567
20210104213951	-1.55761
20210104213951	-1.76142
20210104213951	-1.5585
20210104213951	-1.5585
20210104213951	-1.5585
20210104213951	-1.5585
20210104213951	-1.55939
20210104213951	-1.55939
20210104213952	-1.55939
20210104213952	-1.55939
20210104213952	-1.56028
20210104213952	-1.77646
20210104213952	-1.56028
20210104213952	-1.78314
20210104213952	-1.56137
20210104213952	-1.56137
20210104213952	-1.56223
20210104213952	-1.78866
20210104213952	-1.56223
20210104213952	-1.56223
20210104213952	-1.56309
20210104213952	-1.7944
20210104213952	-1.56309
20210104213952	-1.56394
20210104213952	-1.56394
20210104213952	-1.80032
20210104213952	-1.56475
20210104213952	-1.56475
20210104213952	-1.56475
20210104213952	-1.56552
20210104213952	-1.56552
20210104213952	-1.56552
20210104213952	-1.56552
20210104213952	-1.56625
20210104213952	-1.56625
20210104213952	-1.81918
20210104213952	-1.56707
20210104213952	-1.82755
20210104213952	-1.56707
20210104213952	-1.82755
20210104213952	-1.56769
20210104213952	-1.57725
20210104213952	-1.57725
20210104213952	-1.57853
20210104213952	-1.57853
20210104213952	-1.57853
20210104213952	-1.58012
20210104213952	-1.79596
20210104213952	-1.58012
20210104213952	-1.79596
20210104213952	-1.58096
20210104213952	-1.58096
20210104213952	-1.58096
20210104213952	-1.80398
20210104213952	-1.5824
20210104213952	-1.80398
20210104213952	-1.5842
20210104213952	-1.5842
20210104213952	-1.5842
20210104213952	-1.5842
20210104213952	-1.58562
20210104213953	-1.58562
20210104213953	-1.58679
20210104213953	-1.81897
20210104213953	-1.58679
20210104213953	-1.81897
20210104213953	-1.58795
20210104213953	-1.58795
20210104213953	-1.58795
20210104213953	-1.82331
20210104213953	-1.58916
20210104213953	-1.82769
20210104213953	-1.59036
20210104213953	-1.59036
20210104213953	-1.59036
20210104213953	-1.83206
20210104213953	-1.59171
20210104213953	-1.59171
20210104213953	-1.59171
20210104213953	-1.59171
20210104213953	-1.59256
20210104213953	-1.84116
20210104213953	-1.59256
20210104213953	-1.59321
20210104213953	-1.59321
20210104213953	-1.59321
20210104213953	-1.59361
20210104213953	-1.59361
20210104213953	-1.59361
20210104213953	-1.59361
20210104213953	-1.58149
20210104213953	-1.58149
20210104213953	-1.58122
20210104213953	-1.58122
20210104213953	-1.58122
20210104213953	-1.78046
20210104213953	-1.58088
20210104213953	-1.78157
20210104213953	-1.58088
20210104213953	-1.78157
20210104213953	-1.58049
20210104213953	-1.78259
20210104213953	-1.58049
20210104213953	-1.58021
20210104213953	-1.58021
20210104213953	-1.58021
20210104213953	-1.57996
20210104213953	-1.57996
20210104213953	-1.57996
20210104213953	-1.57996
20210104213953	-1.57975
20210104213953	-1.57975
20210104213953	-1.57956
20210104213953	-1.57956
20210104213954	-1.57956
20210104213954	-1.57956
20210104213954	-1.57928
20210104213954	-1.57928
20210104213954	-1.57928
20210104213954	-1.78761
20210104213954	-1.57893
20210104213954	-1.78831
20210104213954	-1.5785
20210104213954	-1.78887
20210104213954	-1.5785
20210104213954	-1.5785
20210104213954	-1.57756
20210104213954	-1.57756
20210104213954	-1.57756
20210104213954	-1.57756
20210104213954	-1.57658
20210104213954	-1.57658
20210104213954	-1.57658
20210104213954	-1.78891
20210104213954	-1.5758
20210104213954	-1.5758
20210104213954	-1.57445
20210104213954	-1.78868
20210104213954	-1.57445
20210104213954	-1.57334
20210104213954	-1.57334
20210104213954	-1.78844
20210104213954	-1.5716
20210104213954	-1.57071
20210104213954	-1.57071
20210104213954	-1.57071
20210104213954	-1.57035
20210104213954	-1.57035
20210104213954	-1.57035
20210104213954	-1.74237
20210104213954	-1.5705
20210104213954	-1.74275
20210104213954	-1.5705
20210104213954	-1.57065
20210104213954	-1.57065
20210104213954	-1.57065
20210104213954	-1.57086
20210104213954	-1.57086
20210104213954	-1.57086
20210104213954	-1.74356
20210104213954	-1.57103
20210104213955	-1.57103
20210104213955	-1.57103
20210104213955	-1.57125
20210104213955	-1.7443
20210104213955	-1.57125
20210104213955	-1.57149
20210104213955	-1.74472
20210104213955	-1.57149
20210104213955	-1.74514
20210104213955	-1.57174
20210104213955	-1.57174
20210104213955	-1.57174
20210104213955	-1.572
20210104213955	-1.572
20210104213955	-1.74557
20210104213955	-1.57234
20210104213955	-1.74613
20210104213955	-1.57234
20210104213955	-1.74613
20210104213955	-1.57263
20210104213955	-1.57263
20210104213955	-1.57263
20210104213955	-1.573
20210104213955	-1.573
20210104213955	-1.573
20210104213955	-1.57341
20210104213955	-1.74775
20210104213955	-1.57341
20210104213955	-1.74837
20210104213955	-1.58117
20210104213955	-1.58117
20210104213955	-1.58117
20210104213955	-1.58157
20210104213955	-1.58157
20210104213955	-1.72908
20210104213955	-1.58209
20210104213955	-1.58209
20210104213955	-1.58209
20210104213955	-1.58252
20210104213955	-1.58252
20210104213955	-1.58252
20210104213955	-1.58299
20210104213956	-1.58299
20210104213956	-1.58299
20210104213956	-1.58299
20210104213956	-1.58345
20210104213956	-1.73157
20210104213956	-1.58345
20210104213956	-1.58386
20210104213956	-1.58386
20210104213956	-1.73213
20210104213956	-1.58386
20210104213956	-1.73266
20210104213956	-1.58425
20210104213956	-1.58425
20210104213956	-1.5847
20210104213956	-1.5847
20210104213956	-1.5847
20210104213956	-1.73326
20210104213956	-1.58464
20210104213956	-1.73326
20210104213956	-1.58464
20210104213956	-1.7332
20210104213956	-1.58457
20210104213956	-1.58457
20210104213956	-1.58453
20210104213956	-1.58453
20210104213956	-1.58453
20210104213956	-1.58453
20210104213956	-1.5845
20210104213956	-1.5845
20210104213956	-1.5845
20210104213956	-1.73312
20210104213956	-1.58448
20210104213956	-1.73312
20210104213956	-1.58448
20210104213956	-1.58448
20210104213956	-1.58448
20210104213956	-1.73311
20210104213956	-1.58449
20210104213956	-1.73311
20210104213956	-1.59268
20210104213956	-1.59271
20210104213956	-1.59271
20210104213957	-1.59271
20210104213957	-1.59279
20210104213957	-1.59279
20210104213957	-1.59279
20210104213957	-1.59287
20210104213957	-1.59287
20210104213957	-1.59287
20210104213957	-1.59287
20210104213957	-1.59291
20210104213957	-1.59291
20210104213957	-1.59291
20210104213957	-1.59286
20210104213957	-1.59286
20210104213957	-1.59286
20210104213957	-1.71912
20210104213957	-1.59277
20210104213957	-1.59277
20210104213957	-1.59277
20210104213957	-1.59275
20210104213957	-1.59275
20210104213957	-1.59275
20210104213957	-1.59276
20210104213957	-1.59276
20210104213957	-1.59276
20210104213957	-1.59276
20210104213957	-1.5928
20210104213957	-1.71916
20210104213957	-1.59284
20210104213957	-1.71919
20210104213957	-1.59284
20210104213957	-1.59283
20210104213957	-1.59283
20210104213957	-1.59283
20210104213957	-1.59283
20210104213957	-1.59283
20210104213957	-1.59281
20210104213957	-1.71915
20210104213957	-1.59281
20210104213957	-1.5928
20210104213957	-1.5928
20210104213957	-1.5928
20210104213957	-1.59282
20210104213957	-1.59282
20210104213957	-1.59282
20210104213957	-1.59284
20210104213957	-1.60537
20210104213957	-1.60537
20210104213957	-1.60537
20210104213957	-1.60538
20210104213958	-1.60538
20210104213958	-1.71764
20210104213958	-1.60539
20210104213958	-1.71765
20210104213958	-1.60539
20210104213958	-1.71765
20210104213958	-1.60539
20210104213958	-1.71765
20210104213958	-1.60538
20210104213958	-1.71764
20210104213958	-1.60538
20210104213958	-1.60538
20210104213958	-1.60541
20210104213958	-1.71767
20210104213958	-1.60541
20210104213958	-1.60543
20210104213958	-1.60543
20210104213958	-1.60543
20210104213958	-1.60543
20210104213958	-1.71771
20210104213958	-1.60544
20210104213958	-1.71771
20210104213958	-1.60545
20210104213958	-1.71772
20210104213958	-1.60545
20210104213958	-1.60545
20210104213958	-1.60545
20210104213958	-1.60545
20210104213958	-1.60545
20210104213958	-1.60545
20210104213958	-1.60545
20210104213958	-1.71772
20210104213958	-1.60547
20210104213958	-1.71774
20210104213958	-1.60547
20210104213958	-1.60547
20210104213958	-1.60549
20210104213958	-1.60549
20210104213958	-1.60549
20210104213958	-1.6055
20210104213958	-1.6055
20210104213958	-1.6055
20210104213958	-1.60552
20210104213958	-1.60552
20210104213958	-1.60552
20210104213958	-1.71781
20210104213958	-1.60552
20210104213958	-1.60552
20210104213958	-1.61281
20210104213958	-1.71778
20210104213959	-1.61281
20210104213959	-1.71778
20210104213959	-1.61283
20210104213959	-1.7178
20210104213959	-1.61283
20210104213959	-1.61283
20210104213959	-1.61285
20210104213959	-1.61285
20210104213959	-1.61285
20210104213959	-1.71785
20210104213959	-1.61286
20210104213959	-1.61286
20210104213959	-1.61287
20210104213959	-1.71786
20210104213959	-1.61287
20210104213959	-1.61287
20210104213959	-1.61288
20210104213959	-1.71787
20210104213959	-1.61288
20210104213959	-1.61288
20210104213959	-1.61288
20210104213959	-1.61288
20210104213959	-1.61289
20210104213959	-1.61289
20210104213959	-1.61289
20210104213959	-1.61291
20210104213959	-1.61291
20210104213959	-1.71791
20210104213959	-1.61291
20210104213959	-1.71793
20210104213959	-1.61293
20210104213959	-1.61293
20210104213959	-1.61294
20210104213959	-1.71795
20210104213959	-1.61294
20210104213959	-1.61295
20210104213959	-1.61295
20210104213959	-1.61295
20210104213959	-1.61295
20210104213959	-1.71796
20210104213959	-1.61295
20210104213959	-1.61295
20210104213959	-1.61295
20210104213959	-1.71797
20210104213959	-1.61295
20210104213959	-1.61298
20210104213959	-1.61298
20210104213959	-1.60631
20210104213959	-1.60631
20210104213959	-1.60633
20210104213959	-1.60633
20210104213959	-1.70072
20210104213959	-1.60634
20210104213959	-1.70073
20210104213959	-1.60634
20210104213959	-1.70074
20210104213959	-1.60635
20210104213959	-1.60635
20210104213959	-1.60635
20210104213959	-1.60635
20210104213959	-1.60635
20210104213959	-1.70074
20210104214000	-1.60635
20210104214000	-1.60635
20210104214000	-1.60635
20210104214000	-1.60635
20210104214000	-1.60637
20210104214000	-1.70078
20210104214000	-1.60637
20210104214000	-1.60639
20210104214000	-1.60639
20210104214000	-1.7008
20210104214000	-1.6064
20210104214000	-1.6064
20210104214000	-1.6064
20210104214000	-1.60641
20210104214000	-1.60641
20210104214000	-1.60641
20210104214000	-1.60641
20210104214000	-1.60641
20210104214000	-1.60641
20210104214000	-1.60641
20210104214000	-1.60643
20210104214000	-1.60643
20210104214000	-1.60643
20210104214000	-1.70086
20210104214000	-1.60644
20210104214000	-1.60644
20210104214000	-1.60644
20210104214000	-1.70088
20210104214000	-1.60645
20210104214000	-1.60645
20210104214000	-1.60647
20210104214000	-1.60647
20210104214000	-1.60647
20210104214000	-1.60647
20210104214000	-1.60647
20210104214000	-1.60647
20210104214000	-1.60017
20210104214000	-1.68416
20210104214000	-1.60017
20210104214000	-1.60017
20210104214000	-1.60017
20210104214000	-1.60017
20210104214000	-1.60017
20210104214000	-1.60019
20210104214000	-1.60019
20210104214000	-1.68419
20210104214000	-1.60019
20210104214000	-1.6842
20210104214000	-1.6002
20210104214000	-1.6002
20210104214000	-1.60021
20210104214000	-1.60021
20210104214000	-1.60021
20210104214001	-1.60021
20210104214001	-1.60022
20210104214001	-1.60022
20210104214001	-1.60022
20210104214001	-1.60022
20210104214001	-1.60022
20210104214001	-1.60022
20210104214001	-1.60022
20210104214001	-1.60022
20210104214001	-1.60022
20210104214001	-1.60024
20210104214001	-1.60024
20210104214001	-1.68425
20210104214001	-1.60024
20210104214001	-1.68427
20210104214001	-1.60025
20210104214001	-1.60025
20210104214001	-1.60026
20210104214001	-1.60026
20210104214001	-1.60026
20210104214001	-1.60026
20210104214001	-1.60026
20210104214001	-1.60026
20210104214001	-1.60026
20210104214001	-1.60026
20210104214001	-1.60026
20210104214001	-1.60026
20210104214001	-1.60026
20210104214001	-1.6843
20210104214001	-1.60026
20210104214001	-1.60028
20210104214001	-1.60028
20210104214001	-1.60028
20210104214001	-1.59836
20210104214001	-1.67427
20210104214001	-1.59836
20210104214001	-1.67427
20210104214001	-1.59837
20210104214001	-1.59837
20210104214001	-1.59837
20210104214001	-1.59838
20210104214001	-1.59838
20210104214002	-1.59838
20210104214002	-1.59838
20210104214002	-1.6743
20210104214002	-1.59838
20210104214002	-1.59838
20210104214002	-1.59838
20210104214002	-1.59838
20210104214002	-1.59838
20210104214002	-1.59839
20210104214002	-1.59839
20210104214002	-1.59839
20210104214002	-1.59839
20210104214002	-1.67432
20210104214002	-1.5984
20210104214002	-1.5984
20210104214002	-1.59841
20210104214002	-1.59841
20210104214002	-1.59841
20210104214002	-1.59841
20210104214002	-1.59841
20210104214002	-1.59841
20210104214002	-1.59841
20210104214002	-1.67434
20210104214002	-1.59841
20210104214002	-1.59841
20210104214002	-1.59841
20210104214002	-1.59841
20210104214002	-1.59841
20210104214002	-1.67434
20210104214002	-1.59841
20210104214002	-1.67435
20210104214002	-1.59841
20210104214002	-1.67436
20210104214002	-1.59843
20210104214002	-1.59843
20210104214002	-1.59844
20210104214002	-1.59844
20210104214002	-1.59844
20210104214002	-1.67438
20210104214002	-1.59844
20210104214002	-1.67438
20210104214002	-1.59867
20210104214002	-1.66691
20210104214002	-1.59868
20210104214002	-1.66691
20210104214002	-1.59868
20210104214002	-1.66691
20210104214002	-1.59868
20210104214002	-1.66692
20210104214002	-1.59868
20210104214002	-1.66692
20210104214002	-1.59868
20210104214002	-1.66693
20210104214002	-1.59869
20210104214002	-1.59869
20210104214002	-1.5987
20210104214002	-1.5987
20210104214002	-1.5987
20210104214002	-1.5987
20210104214002	-1.5987
20210104214002	-1.5987
20210104214002	-1.5987
20210104214002	-1.66695
20210104214002	-1.5987
20210104214003	-1.66695
20210104214003	-1.5987
20210104214003	-1.5987
20210104214003	-1.5987
20210104214003	-1.66695
20210104214003	-1.5987
20210104214003	-1.5987
20210104214003	-1.5987
20210104214003	-1.66696
20210104214003	-1.59871
20210104214003	-1.59871
20210104214003	-1.59872
20210104214003	-1.59872
20210104214003	-1.59872
20210104214003	-1.59872
20210104214003	-1.59872
20210104214003	1.34525
20210104214003	1.34525
20210104214003	1.45072
20210104214003	1.34526
20210104214003	1.34526
20210104214003	1.34526
20210104214003	1.34526
20210104214003	1.34526
20210104214003	1.34526
20210104214003	1.34526
20210104214003	1.34526
20210104214003	1.33197
20210104214003	1.33198
20210104214003	1.33198
20210104214003	1.33198
20210104214003	1.33199
20210104214003	1.44962
20210104214003	1.33199
20210104214003	1.332
20210104214003	1.332
20210104214003	1.332
20210104214003	1.332
20210104214003	1.332
20210104214003	1.332
20210104214003	1.44962
20210104214003	1.332
20210104214003	1.332
20210104214003	1.332
20210104214003	1.332
20210104214003	1.44962
20210104214004	1.44962
20210104214004	1.33199
20210104214004	1.44962
20210104214004	1.33201
20210104214004	1.44962
20210104214004	1.33202
20210104214004	1.33202
20210104214004	1.33202
20210104214004	1.44962
20210104214004	1.33202
20210104214004	1.44962
20210104214004	1.33202
20210104214004	1.44962
20210104214004	1.33202
20210104214004	1.33202
20210104214004	1.33202
20210104214004	1.33202
20210104214004	1.33202
20210104214004	1.44962
20210104214004	1.33201
20210104214004	1.44962
20210104214004	1.33201
20210104214004	1.44962
20210104214004	1.33202
20210104214004	1.33202
20210104214004	1.33203
20210104214004	1.33203
20210104214004	1.33203
20210104214004	1.33203
20210104214004	1.33203
20210104214004	1.33203
20210104214004	1.31704
20210104214004	1.45099
20210104214004	1.31704
20210104214004	1.31704
20210104214004	1.31703
20210104214004	1.31703
20210104214004	1.31703
20210104214004	1.31703
20210104214004	1.31703
20210104214004	1.45099
20210104214004	1.31703
20210104214004	1.31703
20210104214004	1.31703
20210104214004	1.45099
20210104214004	1.31704
20210104214004	1.45099
20210104214004	1.31704
20210104214004	1.31705
20210104214005	1.31705
20210104214005	1.31705
20210104214005	1.31705
20210104214005	1.31705
20210104214005	1.31705
20210104214005	1.45099
20210104214005	1.31705
20210104214005	1.31705
20210104214005	1.31705
20210104214005	1.31704
20210104214005	1.31704
20210104214005	1.31704
20210104214005	1.31704
20210104214005	1.31706
20210104214005	1.31706
20210104214005	1.45099
20210104214005	1.31707
20210104214005	1.31707
20210104214005	1.31707
20210104214005	1.31707
20210104214005	1.31708
20210104214005	1.31708
20210104214005	1.31708
20210104214005	1.31709
20210104214005	1.31709
20210104214005	1.31709
20210104214005	1.31709
20210104214005	1.451
20210104214005	1.451
20210104214005	1.451
20210104214005	1.31709
20210104214005	1.31709
20210104214005	1.28448
20210104214005	1.44963
20210104214005	1.28448
20210104214005	1.28448
20210104214005	1.2845
20210104214005	1.2845
20210104214005	1.2845
20210104214005	1.2845
20210104214005	1.28451
20210104214005	1.28451
20210104214005	1.28451
20210104214005	1.44963
20210104214005	1.28451
20210104214005	1.44963
20210104214005	1.28451
20210104214006	1.28451
20210104214006	1.28451
20210104214006	1.28451
20210104214006	1.28451
20210104214006	1.28451
20210104214006	1.28452
20210104214006	1.28452
20210104214006	1.28452
20210104214006	1.28452
20210104214006	1.28453
20210104214006	1.28453
20210104214006	1.28453
20210104214006	1.28453
20210104214006	1.28453
20210104214006	1.28453
20210104214006	1.28453
20210104214006	1.28453
20210104214006	1.28453
20210104214006	1.28453
20210104214006	1.28453
20210104214006	1.44963
20210104214006	1.28453
20210104214006	1.28453
20210104214006	1.28453
20210104214006	1.44963
20210104214006	1.28453
20210104214006	1.28453
20210104214006	1.28453
20210104214006	1.44963
20210104214006	1.28454
20210104214006	1.28454
20210104214006	1.28454
20210104214006	1.44963
20210104214006	1.28455
20210104214006	1.28455
20210104214006	1.22877
20210104214006	1.22877
20210104214006	1.22877
20210104214006	1.44289
20210104214006	1.22877
20210104214006	1.22877
20210104214006	1.22877
20210104214006	1.44289
20210104214006	1.22877
20210104214006	1.22877
20210104214006	1.22877
20210104214006	1.22877
20210104214006	1.22877
20210104214006	1.44289
20210104214007	1.22878
20210104214007	1.44289
20210104214007	1.22878
20210104214007	1.22878
20210104214007	1.22879
20210104214007	1.44289
20210104214007	1.22879
20210104214007	1.22879
20210104214007	1.22879
20210104214007	1.22879
20210104214007	1.22879
20210104214007	1.44289
20210104214007	1.22879
20210104214007	1.22879
20210104214007	1.22879
20210104214007	1.22879
20210104214007	1.22879
20210104214007	1.44289
20210104214007	1.22879
20210104214007	1.44289
20210104214007	1.2288
20210104214007	1.2288
20210104214007	1.2288
20210104214007	1.2288
20210104214007	1.22881
20210104214007	1.22881
20210104214007	1.22881
20210104214007	1.22882
20210104214007	1.22882
20210104214007	1.22882
20210104214007	1.22882
20210104214007	1.4429
20210104214007	1.22882
20210104214007	1.22882
20210104214007	1.22882
20210104214007	1.4429
20210104214007	1.16591
20210104214007	1.43734
20210104214007	1.16591
20210104214007	1.16591
20210104214007	1.16592
20210104214007	1.16592
20210104214007	1.16592
20210104214007	1.16592
20210104214007	1.16593
20210104214007	1.16593
20210104214007	1.16593
20210104214007	1.16594
20210104214007	1.16594
20210104214007	1.16594
20210104214008	1.16595
20210104214008	1.16595
20210104214008	1.16595
20210104214008	1.43734
20210104214008	1.16595
20210104214008	1.43734
20210104214008	1.16595
20210104214008	1.16596
20210104214008	1.16596
20210104214008	1.43734
20210104214008	1.16597
20210104214008	1.16597
20210104214008	1.16597
20210104214008	1.16598
20210104214008	1.16598
20210104214008	1.16598
20210104214008	1.16598
20210104214008	1.16599
20210104214008	1.16599
20210104214008	1.16599
20210104214008	1.16599
20210104214008	1.16599
20210104214008	1.16599
20210104214008	1.43735
20210104214008	1.166
20210104214008	1.166
20210104214008	1.166
20210104214008	1.166
20210104214008	1.166
20210104214008	1.43735
20210104214008	1.16602
20210104214008	1.16602
20210104214008	1.16602
20210104214008	1.16603
20210104214008	1.16603
20210104214008	1.43736
20210104214008	1.09226
20210104214008	1.09226
20210104214008	1.09226
20210104214008	1.4329
20210104214008	1.09228
20210104214008	1.09228
20210104214009	1.09228
20210104214009	1.09229
20210104214009	1.09229
20210104214009	1.09229
20210104214009	1.0923
20210104214009	1.0923
20210104214009	1.0923
20210104214009	1.0923
20210104214009	1.09232
20210104214009	1.09232
20210104214009	1.09232
20210104214009	1.43291
20210104214009	1.09234
20210104214009	1.09234
20210104214009	1.09236
20210104214009	1.09236
20210104214009	1.09236
20210104214009	1.09237
20210104214009	1.09237
20210104214009	1.09237
20210104214009	1.09237
20210104214009	1.09237
20210104214009	1.09238
20210104214009	1.43292
20210104214009	1.09238
20210104214009	1.43292
20210104214009	1.0924
20210104214009	1.43292
20210104214009	1.09241
20210104214009	1.09241
20210104214009	1.09241
20210104214009	1.43293
20210104214009	1.09243
20210104214009	1.43293
20210104214009	1.09244
20210104214009	1.09244
20210104214009	1.09244
20210104214009	1.09244
20210104214009	1.09245
20210104214009	1.09245
20210104214009	1.09245
20210104214009	1.09247
20210104214009	1.09247
20210104214009	1.43293
20210104214009	0.996574
20210104214009	0.996593
20210104214009	0.996593
20210104214009	0.996593
20210104214009	0.996608
20210104214010	0.996608
20210104214010	0.996608
20210104214010	0.996608
20210104214010	0.996622
20210104214010	1.42936
20210104214010	0.996638
20210104214010	0.996638
20210104214010	0.996638
20210104214010	1.42937
20210104214010	0.996657
20210104214010	1.42937
20210104214010	0.996657
20210104214010	1.42937
20210104214010	0.99667
20210104214010	1.42937
20210104214010	0.99667
20210104214010	0.99668
20210104214010	0.99668
20210104214010	1.42937
20210104214010	0.996694
20210104214010	0.996694
20210104214010	0.996694
20210104214010	0.996694
20210104214010	0.9967
20210104214010	1.42938
20210104214010	0.996704
20210104214010	0.996704
20210104214010	0.996704
20210104214010	0.996704
20210104214010	0.99671
20210104214010	1.42938
20210104214010	0.99671
20210104214010	0.996718
20210104214010	0.996718
20210104214010	0.996718
20210104214010	0.996718
20210104214010	0.996727
20210104214010	0.996727
20210104214010	1.42938
20210104214010	0.996739
20210104214010	0.996739
20210104214010	0.996739
20210104214010	1.42938
20210104214010	-0.906055
20210104214010	-0.906055
20210104214010	-0.906055
20210104214010	-0.90611
20210104214010	-0.90611
20210104214010	-0.90611
20210104214010	-0.906152
20210104214010	-0.906152
20210104214010	-0.906152
20210104214010	-0.906178
20210104214010	-0.906178
20210104214010	-0.906178
20210104214010	-0.906189
20210104214010	-0.906189
20210104214010	-0.906189
20210104214010	1.4279
20210104214010	-0.9062
20210104214010	1.4279
20210104214010	-0.9062
20210104214010	-0.906249
20210104214010	-0.906249
20210104214010	-0.906249
20210104214011	-0.906249
20210104214011	1.4279
20210104214011	-0.906283
20210104214011	-0.906283
20210104214011	-0.906299
20210104214011	1.4279
20210104214011	-0.906299
20210104214011	-0.906302
20210104214011	-0.906302
20210104214011	-0.906302
20210104214011	-0.906302
20210104214011	1.4279
20210104214011	-0.906293
20210104214011	-0.906293
20210104214011	-0.906268
20210104214011	1.4279
20210104214011	-0.906268
20210104214011	-0.906349
20210104214011	-0.906349
20210104214011	-0.906349
20210104214011	-0.906349
20210104214011	-0.906412
20210104214011	-0.906412
20210104214011	1.42791
20210104214011	-0.906456
20210104214011	1.42791
20210104214011	-0.906456
20210104214011	1.42791
20210104214011	-0.842539
20210104214011	-0.948427
20210104214011	-0.948427
20210104214011	-0.948442
20210104214011	-0.948442
20210104214011	-0.948442
20210104214011	-0.948446
20210104214011	1.42831
20210104214011	-0.948446
20210104214011	-0.948446
20210104214011	-0.948526
20210104214011	1.42832
20210104214011	-0.948526
20210104214011	-0.948586
20210104214011	-0.948586
20210104214011	1.42832
20210104214011	-0.948631
20210104214011	-0.948631
20210104214011	-0.948631
20210104214011	-0.948631
20210104214011	-0.948661
20210104214011	-0.948661
20210104214011	-0.948661
20210104214011	1.42832
20210104214011	-0.948677
20210104214011	-0.948677
20210104214011	-0.948679
20210104214011	-0.948679
20210104214011	-0.948679
20210104214011	-0.948679
20210104214011	-0.948718
20210104214012	-0.948718
20210104214012	-0.948759
20210104214012	1.42833
20210104214012	-0.948759
20210104214012	1.42833
20210104214012	-0.948784
20210104214012	-0.948784
20210104214012	-0.948784
20210104214012	-0.948784
20210104214012	-0.948798
20210104214012	-0.948798
20210104214012	-0.948798
20210104214012	-0.948797
20210104214012	-0.948797
20210104214012	-0.948797
20210104214012	-0.948782
20210104214012	-0.948782
20210104214012	-0.948782
20210104214012	-0.94882
20210104214012	-0.965964
20210104214012	1.42833
20210104214012	-0.984766
20210104214012	-0.984766
20210104214012	-0.984766
20210104214012	-0.984766
20210104214012	-0.984798
20210104214012	-0.984798
20210104214012	-0.984798
20210104214012	-0.984798
20210104214012	-0.98481
20210104214012	1.42314
20210104214012	-0.98481
20210104214012	1.42314
20210104214012	-0.984817
20210104214012	-0.984817
20210104214012	-0.984811
20210104214012	-0.984811
20210104214012	-0.984811
20210104214012	1.42314
20210104214012	-0.98483
20210104214012	-0.98483
20210104214012	-0.98483
20210104214012	-0.984873
20210104214012	-0.984873
20210104214012	-0.984873
20210104214012	-0.984902
20210104214012	-0.984902
20210104214012	-0.984902
20210104214012	-0.984902
20210104214012	-0.984921
20210104214013	-0.984921
20210104214013	-0.984921
20210104214013	-0.984929
20210104214013	-0.984929
20210104214013	-0.984929
20210104214013	-0.984924
20210104214013	-0.984924
20210104214013	-0.984924
20210104214013	1.42315
20210104214013	-0.984946
20210104214013	-0.984946
20210104214013	-0.984991
20210104214013	-0.984991
20210104214013	-0.984991
20210104214013	-0.984991
20210104214013	-0.985023
20210104214013	-0.985023
20210104214013	-0.985023
20210104214013	1.42316
20210104214013	-1.04125
20210104214013	1.42316
20210104214013	-0.979463
20210104214013	-0.979475
20210104214013	-0.979475
20210104214013	1.4128
20210104214013	-0.979477
20210104214013	-0.979477
20210104214013	-0.979477
20210104214013	-0.979477
20210104214013	-0.979486
20210104214013	-0.979486
20210104214013	-0.979486
20210104214013	-0.979527
20210104214013	-0.979527
20210104214013	-0.979527
20210104214013	-0.979557
20210104214013	1.41281
20210104214013	-0.979557
20210104214013	-0.979574
20210104214013	-0.979574
20210104214013	1.41281
20210104214013	-0.979574
20210104214013	1.41281
20210104214013	-0.979581
20210104214013	-0.979581
20210104214013	-0.979574
20210104214013	-0.979574
20210104214013	-0.979574
20210104214013	1.41281
20210104214013	-0.979567
20210104214013	-0.979567
20210104214013	-0.979567
20210104214013	-0.979586
20210104214013	-0.979586
20210104214013	-0.979586
20210104214013	-0.979593
20210104214013	1.41281
20210104214013	-0.979593
20210104214013	-0.979589
20210104214013	-0.979589
20210104214014	1.41281
20210104214014	-0.979589
20210104214014	-0.979574
20210104214014	-0.979574
20210104214014	-0.979574
20210104214014	-0.979542
20210104214014	1.4128
20210104214014	-0.979542
20210104214014	-0.979542
20210104214014	-0.979507
20210104214014	1.4128
20210104214014	-0.946143
20210104214014	-0.946143
20210104214014	-0.946143
20210104214014	-0.946143
20210104214014	-0.946151
20210104214014	-0.946151
20210104214014	-0.946151
20210104214014	1.40486
20210104214014	-0.946146
20210104214014	-0.946146
20210104214014	-0.946146
20210104214014	-0.946146
20210104214014	-0.946132
20210104214014	1.40486
20210104214014	-0.946106
20210104214014	1.40486
20210104214014	-0.946106
20210104214014	1.40486
20210104214014	-0.946073
20210104214014	-0.946073
20210104214014	-0.946073
20210104214014	-0.946092
20210104214014	-0.946092
20210104214014	1.40486
20210104214014	-0.946103
20210104214014	1.40486
20210104214014	-0.946103
20210104214014	-0.946101
20210104214014	-0.946101
20210104214014	-0.946101
20210104214014	-0.946101
20210104214014	-0.946089
20210104214014	-0.946089
20210104214014	-0.946089
20210104214014	-0.946063
20210104214014	-0.946063
20210104214014	-0.946063
20210104214014	-0.946032
20210104214014	-0.946032
20210104214014	-0.946032
20210104214014	-0.946042
20210104214015	-0.946042
20210104214015	-0.946042
20210104214015	-0.946059
20210104214015	-0.946059
20210104214015	-0.946059
20210104214015	-0.946059
20210104214015	-0.946059
20210104214015	-0.945936
20210104214015	1.40486
20210104214015	-0.960866
20210104214015	-0.960866
20210104214015	1.39826
20210104214015	-0.960866
20210104214015	-0.96086
20210104214015	-0.96086
20210104214015	-0.96086
20210104214015	1.39826
20210104214015	-0.960846
20210104214015	-0.960846
20210104214015	-0.960866
20210104214015	-0.960866
20210104214015	-0.960866
20210104214015	-0.960866
20210104214015	-0.960889
20210104214015	-0.960889
20210104214015	-0.960889
20210104214015	-0.960889
20210104214015	-0.960901
20210104214015	1.39826
20210104214015	-0.960904
20210104214015	-0.960904
20210104214015	-0.960904
20210104214015	1.39826
20210104214015	-0.960896
20210104214015	-0.960896
20210104214015	-0.960896
20210104214015	-0.960896
20210104214015	-0.960881
20210104214015	-0.960881
20210104214015	-0.960881
20210104214015	-0.960887
20210104214015	-0.960887
20210104214015	-0.960887
20210104214015	-0.960912
20210104214015	-0.960912
20210104214015	-0.960912
20210104214015	-0.960928
20210104214015	-0.960928
20210104214015	-0.960928
20210104214016	-0.960928
20210104214016	-0.960934
20210104214016	-0.960934
20210104214016	-0.960934
20210104214016	-0.96093
20210104214016	-0.96093
20210104214016	-0.96093
20210104214016	-0.96093
20210104214016	-0.960918
20210104214016	-0.960918
20210104214016	-1.09686
20210104214016	-1.09686
20210104214016	-1.09686
20210104214016	-1.09686
20210104214016	-1.09688
20210104214016	-1.09688
20210104214016	-1.09688
20210104214016	-1.09689
20210104214016	-1.09689
20210104214016	1.39241
20210104214016	-1.09689
20210104214016	1.39241
20210104214016	-1.09689
20210104214016	-1.09689
20210104214016	-1.09689
20210104214016	-1.09689
20210104214016	-1.09689
20210104214016	1.39241
20210104214016	-1.09688
20210104214016	-1.09688
20210104214016	-1.09688
20210104214016	-1.09688
20210104214016	-1.09688
20210104214016	-1.09688
20210104214016	-1.09691
20210104214016	-1.09691
20210104214016	-1.09691
20210104214016	1.39241
20210104214016	-1.09693
20210104214016	-1.09693
20210104214016	-1.09693
20210104214016	-1.09695
20210104214016	-1.09695
20210104214016	-1.09695
20210104214016	-1.09696
20210104214016	-1.09696
20210104214016	-1.09696
20210104214017	-1.09696
20210104214017	-1.09696
20210104214017	1.39242
20210104214017	-1.09696
20210104214017	-1.09697
20210104214017	-1.09697
20210104214017	1.39242
20210104214017	-1.097
20210104214017	-1.097
20210104214017	-1.097
20210104214017	1.39243
20210104214017	-1.09703
20210104214017	1.39243
20210104214017	-1.20874
20210104214017	-1.20876
20210104214017	-1.20876
20210104214017	1.38935
20210104214017	-1.20877
20210104214017	1.38935
20210104214017	1.38935
20210104214017	-1.20877
20210104214017	1.38935
20210104214017	-1.20877
20210104214017	-1.20877
20210104214017	1.38935
20210104214017	-1.20877
20210104214017	-1.20877
20210104214017	-1.20879
20210104214017	-1.20879
20210104214017	-1.20879
20210104214017	-1.20879
20210104214017	-1.20881
20210104214017	-1.20881
20210104214017	-1.20882
20210104214017	1.38936
20210104214017	-1.20882
20210104214017	-1.20882
20210104214017	-1.20882
20210104214017	-1.20882
20210104214017	-1.20882
20210104214017	-1.20882
20210104214017	-1.20882
20210104214017	-1.20882
20210104214017	-1.20882
20210104214017	-1.20882
20210104214017	-1.20882
20210104214017	1.38935
20210104214017	-1.20884
20210104214017	-1.20884
20210104214017	-1.20884
20210104214017	-1.20884
20210104214017	-1.20886
20210104214017	-1.20886
20210104214017	-1.20886
20210104214017	-1.20887
20210104214017	-1.20887
20210104214017	-1.20887
20210104214017	-1.20888
20210104214018	-1.20888
20210104214018	-1.20888
20210104214018	1.38936
20210104214018	-1.20889
20210104214018	1.38936
20210104214018	-1.29054
20210104214018	-1.29054
20210104214018	-1.29054
20210104214018	-1.29054
20210104214018	-1.29055
20210104214018	-1.29055
20210104214018	-1.29055
20210104214018	1.38626
20210104214018	-1.29057
20210104214018	-1.29057
20210104214018	-1.29057
20210104214018	1.38627
20210104214018	-1.29058
20210104214018	-1.29058
20210104214018	1.38627
20210104214018	-1.29059
20210104214018	-1.29059
20210104214018	1.38627
20210104214018	-1.29059
20210104214018	-1.29059
20210104214018	-1.29059
20210104214018	1.38627
20210104214018	-1.29059
20210104214018	-1.29059
20210104214018	-1.29061
20210104214018	-1.29061
20210104214018	-1.29061
20210104214018	-1.29063
20210104214018	-1.29063
20210104214018	-1.29063
20210104214018	-1.29063
20210104214018	1.38628
20210104214018	1.38628
20210104214018	-1.29064
20210104214018	-1.29065
20210104214018	1.38628
20210104214018	-1.29065
20210104214018	1.38628
20210104214018	-1.29065
20210104214018	-1.29065
20210104214018	-1.29065
20210104214019	-1.29066
20210104214019	-1.29066
20210104214019	-1.29066
20210104214019	-1.29067
20210104214019	1.38629
20210104214019	-1.29067
20210104214019	-1.29068
20210104214019	-1.29068
20210104214019	-1.29068
20210104214019	-1.32546
20210104214019	1.37301
20210104214019	-1.32547
20210104214019	-1.32547
20210104214019	-1.32548
20210104214019	1.37301
20210104214019	-1.32548
20210104214019	-1.32549
20210104214019	-1.32549
20210104214019	-1.32549
20210104214019	-1.32549
20210104214019	-1.32549
20210104214019	-1.32549
20210104214019	1.37301
20210104214019	-1.32549
20210104214019	1.37301
20210104214019	-1.32549
20210104214019	-1.3255
20210104214019	-1.3255
20210104214019	1.37302
20210104214019	-1.3255
20210104214019	1.37302
20210104214019	-1.32551
20210104214019	-1.32551
20210104214019	-1.32552
20210104214019	-1.32552
20210104214019	-1.32552
20210104214019	-1.32552
20210104214019	-1.32552
20210104214019	1.37302
20210104214019	-1.32552
20210104214019	-1.32552
20210104214019	-1.32552
20210104214019	-1.32552
20210104214019	-1.32552
20210104214019	1.37302
20210104214019	-1.32552
20210104214019	-1.32552
20210104214019	-1.32553
20210104214019	-1.32553
20210104214019	-1.32553
20210104214019	-1.32554
20210104214019	-1.32554
20210104214019	1.37302
20210104214019	-1.32554
20210104214019	-1.32554
20210104214019	-1.32554
20210104214019	-1.32554
20210104214019	-1.32555
20210104214019	-1.34829
20210104214019	-1.34829
20210104214019	1.35708
20210104214019	-1.34829
20210104214019	-1.34829
20210104214019	-1.34829
20210104214019	-1.34829
20210104214019	-1.34829
20210104214019	-1.3483
20210104214020	-1.3483
20210104214020	1.35708
20210104214020	-1.3483
20210104214020	-1.34831
20210104214020	-1.34831
20210104214020	1.35708
20210104214020	-1.34831
20210104214020	-1.34831
20210104214020	-1.34831
20210104214020	-1.34831
20210104214020	-1.34831
20210104214020	-1.34831
20210104214020	-1.34831
20210104214020	-1.34831
20210104214020	-1.34831
20210104214020	1.35708
20210104214020	-1.34831
20210104214020	-1.34831
20210104214020	1.35708
20210104214020	-1.34831
20210104214020	-1.34833
20210104214020	1.35708
20210104214020	-1.34833
20210104214020	-1.34834
20210104214020	-1.34834
20210104214020	-1.34834
20210104214020	-1.34835
20210104214020	-1.34835
20210104214020	-1.34835
20210104214020	-1.34835
20210104214020	-1.34835
20210104214020	-1.34835
20210104214020	-1.34835
20210104214020	-1.34836
20210104214020	-1.34836
20210104214020	-1.34836
20210104214020	-1.34836
20210104214020	-1.34836
20210104214020	-1.34836
20210104214020	-1.34836
20210104214020	-1.36898
20210104214020	-1.36898
20210104214020	-1.36898
20210104214020	-1.36899
20210104214020	-1.36899
20210104214020	-1.36899
20210104214020	-1.36899
20210104214020	-1.36899
20210104214021	-1.36899
20210104214021	-1.36899
20210104214021	-1.36899
20210104214021	-1.36899
20210104214021	-1.36899
20210104214021	1.343
20210104214021	-1.369
20210104214021	-1.369
20210104214021	-1.369
20210104214021	-1.369
20210104214021	-1.369
20210104214021	-1.369
20210104214021	-1.369
20210104214021	-1.369
20210104214021	-1.369
20210104214021	-1.36901
20210104214021	-1.36901
20210104214021	-1.36901
20210104214021	-1.36901
20210104214021	-1.36901
20210104214021	-1.36901
20210104214021	-1.36901
20210104214021	-1.36901
20210104214021	1.343
20210104214021	-1.36901
20210104214021	-1.36901
20210104214021	-1.36901
20210104214021	-1.36901
20210104214021	-1.36902
20210104214021	1.343
20210104214021	-1.36902
20210104214021	-1.36902
20210104214021	-1.36902
20210104214021	-1.36902
20210104214021	-1.36903
20210104214021	-1.36903
20210104214021	-1.36903
20210104214021	-1.36903
20210104214021	-1.36904
20210104214021	-1.36904
20210104214021	-1.36904
20210104214021	-1.36904
20210104214021	-1.36904
20210104214021	1.34301
20210104214021	-1.38954
20210104214021	-1.38954
20210104214021	1.32989
20210104214022	1.32989
20210104214022	-1.38955
20210104214022	1.32989
20210104214022	-1.38955
20210104214022	-1.38955
20210104214022	-1.38955
20210104214022	1.32989
20210104214022	-1.38955
20210104214022	1.32989
20210104214022	-1.38956
20210104214022	-1.38956
20210104214022	-1.38956
20210104214022	-1.38956
20210104214022	-1.38956
20210104214022	-1.38956
20210104214022	-1.38957
20210104214022	1.32989
20210104214022	-1.38957
20210104214022	-1.38957
20210104214022	-1.38957
20210104214022	-1.38957
20210104214022	-1.38958
20210104214022	-1.38958
20210104214022	-1.38958
20210104214022	1.32989
20210104214022	-1.38958
20210104214022	-1.38958
20210104214022	-1.38958
20210104214022	1.32989
20210104214022	-1.38958
20210104214022	-1.38958
20210104214022	-1.38959
20210104214022	1.32989
20210104214022	-1.38959
20210104214022	-1.38959
20210104214022	-1.38959
20210104214022	1.32989
20210104214022	-1.38959
20210104214022	1.32989
20210104214022	-1.3896
20210104214022	-1.3896
20210104214022	-1.3896
20210104214022	-1.3896
20210104214022	-1.3896
20210104214022	-1.3896
20210104214022	-1.3896
20210104214022	-1.40881
20210104214022	-1.40881
20210104214022	-1.40882
20210104214022	-1.40882
20210104214022	-1.40882
20210104214022	-1.40883
20210104214022	-1.40883
20210104214022	-1.40883
20210104214022	-1.40883
20210104214022	-1.40883
20210104214022	-1.40883
20210104214022	-1.40883
20210104214022	-1.40883
20210104214022	-1.40883
20210104214022	-1.40883
20210104214023	-1.40884
20210104214023	-1.40884
20210104214023	-1.40884
20210104214023	-1.40884
20210104214023	-1.40884
20210104214023	1.31629
20210104214023	-1.40884
20210104214023	-1.40884
20210104214023	-1.40884
20210104214023	1.31629
20210104214023	-1.40885
20210104214023	-1.40885
20210104214023	-1.40885
20210104214023	1.31629
20210104214023	-1.40885
20210104214023	-1.40885
20210104214023	-1.40885
20210104214023	-1.40886
20210104214023	-1.40886
20210104214023	-1.40886
20210104214023	-1.40886
20210104214023	-1.40886
20210104214023	-1.40886
20210104214023	-1.40886
20210104214023	-1.40886
20210104214023	-1.40886
20210104214023	-1.40886
20210104214023	1.31629
20210104214023	-1.40887
20210104214023	1.31629
20210104214023	-1.40887
20210104214023	1.31629
20210104214023	-1.40887
20210104214023	-1.40887
20210104214023	-1.40887
20210104214023	-1.43485
20210104214023	-1.43485
20210104214023	1.30792
20210104214023	-1.43486
20210104214023	-1.43486
20210104214023	-1.43486
20210104214023	1.30792
20210104214023	-1.43486
20210104214023	1.30792
20210104214023	-1.43486
20210104214023	-1.43486
20210104214023	-1.43487
20210104214023	-1.43487
20210104214023	-1.43487
20210104214023	-1.43487
20210104214023	-1.43487
20210104214023	-1.43487
20210104214023	-1.43487
20210104214023	-1.43488
20210104214023	-1.43488
20210104214023	-1.43488
20210104214023	-1.43488
20210104214023	1.30793
20210104214023	-1.43488
20210104214024	-1.43488
20210104214024	-1.43489
20210104214024	1.30793
20210104214024	-1.43489
20210104214024	1.30793
20210104214024	-1.43489
20210104214024	1.30793
20210104214024	-1.43489
20210104214024	-1.43489
20210104214024	-1.43489
20210104214024	-1.43489
20210104214024	-1.43489
20210104214024	-1.43489
20210104214024	-1.43489
20210104214024	-1.43489
20210104214024	-1.43489
20210104214024	-1.43489
20210104214024	-1.43489
20210104214024	-1.43489
20210104214024	1.30793
20210104214024	1.30793
20210104214024	1.30792
20210104214024	1.30792
20210104214024	-1.43489
20210104214024	1.30792
20210104214024	-1.4349
20210104214024	-1.4349
20210104214024	-1.45248
20210104214024	-1.45248
20210104214024	-1.45248
20210104214024	-1.45248
20210104214024	-1.45249
20210104214024	-1.45249
20210104214024	-1.45249
20210104214024	-1.45249
20210104214024	-1.45249
20210104214024	-1.45249
20210104214024	-1.45249
20210104214024	-1.45249
20210104214024	-1.45249
20210104214024	-1.45249
20210104214024	-1.4525
20210104214024	-1.4525
20210104214024	-1.4525
20210104214024	-1.4525
20210104214024	-1.4525
20210104214024	-1.4525
20210104214024	-1.4525
20210104214024	-1.4525
20210104214024	-1.4525
20210104214024	-1.4525
20210104214024	-1.45251
20210104214024	1.29312
20210104214024	-1.45251
20210104214024	1.29312
20210104214024	-1.45251
20210104214024	-1.45251
20210104214025	-1.45251
20210104214025	-1.45251
20210104214025	-1.45251
20210104214025	-1.45251
20210104214025	-1.45252
20210104214025	-1.45252
20210104214025	-1.45252
20210104214025	-1.45252
20210104214025	-1.45252
20210104214025	1.29313
20210104214025	-1.45252
20210104214025	-1.45252
20210104214025	-1.45252
20210104214025	1.29313
20210104214025	-1.45253
20210104214025	-1.45253
20210104214025	-1.45253
20210104214025	-1.45253
20210104214025	-1.45253
20210104214025	-1.45253
20210104214025	-1.45613
20210104214025	1.2595
20210104214025	-1.45613
20210104214025	-1.45613
20210104214025	-1.45613
20210104214025	-1.45613
20210104214025	-1.45613
20210104214025	-1.45614
20210104214025	-1.45614
20210104214025	1.2595
20210104214025	-1.45614
20210104214025	1.25951
20210104214025	-1.45614
20210104214025	1.25951
20210104214025	-1.45614
20210104214025	1.2595
20210104214025	-1.45614
20210104214025	1.2595
20210104214025	-1.45614
20210104214025	-1.45614
20210104214025	-1.45614
20210104214025	1.2595
20210104214025	-1.45614
20210104214025	-1.45614
20210104214025	-1.45614
20210104214025	-1.45615
20210104214025	-1.45615
20210104214025	1.25951
20210104214025	-1.45615
20210104214025	-1.45615
20210104214025	-1.45615
20210104214025	-1.45615
20210104214025	-1.45615
20210104214025	1.25951
20210104214025	-1.45615
20210104214025	1.25951
20210104214025	-1.45615
20210104214025	-1.45615
20210104214026	-1.45615
20210104214026	-1.45615
20210104214026	-1.45615
20210104214026	-1.45615
20210104214026	-1.45615
20210104214026	1.25951
20210104214026	-1.45615
20210104214026	-1.45615
20210104214026	-1.45615
20210104214026	-1.45615
20210104214026	-1.45615
20210104214026	-1.45615
20210104214026	-1.46023
20210104214026	-1.46023
20210104214026	-1.46023
20210104214026	1.22412
20210104214026	-1.46023
20210104214026	-1.46023
20210104214026	-1.46023
20210104214026	1.22412
20210104214026	-1.46023
20210104214026	1.22412
20210104214026	-1.46023
20210104214026	1.22413
20210104214026	-1.46023
20210104214026	1.22413
20210104214026	-1.46023
20210104214026	-1.46023
20210104214026	-1.46023
20210104214026	1.22413
20210104214026	-1.46024
20210104214026	-1.46024
20210104214026	-1.46024
20210104214026	1.22413
20210104214026	-1.46024
20210104214026	1.22413
20210104214026	-1.46024
20210104214026	-1.46024
20210104214026	-1.46024
20210104214026	1.22414
20210104214026	-1.46024
20210104214026	1.22414
20210104214026	-1.46024
20210104214027	-1.46024
20210104214027	-1.46024
20210104214027	1.22414
20210104214027	-1.46025
20210104214027	1.22414
20210104214027	-1.46025
20210104214027	1.22414
20210104214027	-1.46025
20210104214027	-1.46025
20210104214027	-1.46025
20210104214027	-1.46025
20210104214027	-1.46025
20210104214027	1.22415
20210104214027	-1.46025
20210104214027	-1.46025
20210104214027	-1.46025
20210104214027	-1.46025
20210104214027	-1.46025
20210104214027	-1.46025
20210104214027	-1.46615
20210104214027	-1.46615
20210104214027	-1.46615
20210104214027	1.18797
20210104214027	-1.46615
20210104214027	-1.46615
20210104214027	-1.46615
20210104214027	-1.46616
20210104214027	-1.46616
20210104214027	-1.46616
20210104214027	-1.46616
20210104214027	-1.46616
20210104214027	-1.46616
20210104214027	1.18798
20210104214027	-1.46616
20210104214027	1.18798
20210104214027	-1.46616
20210104214027	-1.46616
20210104214027	-1.46616
20210104214027	1.18798
20210104214027	-1.46616
20210104214027	-1.46617
20210104214027	-1.46617
20210104214027	-1.46617
20210104214027	-1.46617
20210104214027	-1.46617
20210104214027	-1.46617
20210104214027	-1.46617
20210104214027	-1.46617
20210104214027	1.188
20210104214027	-1.46617
20210104214027	1.188
20210104214027	-1.46618
20210104214027	-1.46618
20210104214027	-1.46618
20210104214027	-1.46618
20210104214027	-1.46618
20210104214027	1.188
20210104214027	-1.46618
20210104214028	1.188
20210104214028	-1.46618
20210104214028	-1.46618
20210104214028	-1.46618
20210104214028	1.18801
20210104214028	-1.46618
20210104214028	1.18801
20210104214028	-1.46618
20210104214028	-1.46618
20210104214028	-1.46618
20210104214028	-1.46618
20210104214028	-1.47337
20210104214028	1.15027
20210104214028	-1.47337
20210104214028	1.15027
20210104214028	-1.47337
20210104214028	-1.47337
20210104214028	-1.47337
20210104214028	-1.47337
20210104214028	-1.47337
20210104214028	-1.47337
20210104214028	-1.47337
20210104214028	-1.47337
20210104214028	-1.47337
20210104214028	1.15028
20210104214028	-1.47338
20210104214028	-1.47338
20210104214028	-1.47338
20210104214028	-1.47338
20210104214028	-1.47338
20210104214028	-1.47338
20210104214028	-1.47338
20210104214028	-1.47338
20210104214028	-1.47338
20210104214028	1.15029
20210104214028	-1.47339
20210104214028	-1.47339
20210104214028	-1.47339
20210104214028	-1.47339
20210104214028	-1.47339
20210104214028	-1.47339
20210104214028	-1.47339
20210104214028	-1.47339
20210104214028	-1.47339
20210104214028	1.15031
20210104214028	-1.4734
20210104214028	-1.4734
20210104214028	-1.4734
20210104214028	-1.4734
20210104214028	-1.4734
20210104214028	1.15032
20210104214028	-1.4734
20210104214028	-1.4734
20210104214028	-1.4734
20210104214028	-1.4734
20210104214028	-1.47341
20210104214028	-1.47341
20210104214028	-1.47341
20210104214028	-1.47341
20210104214029	-1.47341
20210104214029	1.15033
20210104214029	-1.48219
20210104214029	1.10672
20210104214029	-1.48219
20210104214029	-1.48219
20210104214029	-1.4822
20210104214029	-1.4822
20210104214029	-1.4822
20210104214029	-1.4822
20210104214029	-1.4822
20210104214029	1.10673
20210104214029	-1.4822
20210104214029	-1.4822
20210104214029	-1.4822
20210104214029	1.10674
20210104214029	-1.48221
20210104214029	1.10675
20210104214029	-1.48221
20210104214029	-1.48221
20210104214029	-1.48221
20210104214029	-1.48221
20210104214029	-1.48221
20210104214029	1.10675
20210104214029	-1.48221
20210104214029	-1.48221
20210104214029	-1.48221
20210104214029	1.10675
20210104214029	-1.48221
20210104214029	-1.48221
20210104214029	-1.48221
20210104214029	-1.48221
20210104214029	-1.48221
20210104214029	-1.48222
20210104214029	-1.48222
20210104214029	-1.48222
20210104214029	-1.48222
20210104214029	1.10677
20210104214029	-1.48222
20210104214029	-1.48222
20210104214029	-1.48222
20210104214029	-1.48222
20210104214029	-1.48222
20210104214029	-1.48222
20210104214029	-1.48222
20210104214029	1.10677
20210104214029	-1.48222
20210104214030	-1.48222
20210104214030	-1.48222
20210104214030	1.10677
20210104214030	-1.48223
20210104214030	-1.49457
20210104214030	-1.49457
20210104214030	-1.49457
20210104214030	-1.49457
20210104214030	-1.49457
20210104214030	-1.49458
20210104214030	-1.49458
20210104214030	-1.49458
20210104214030	1.05586
20210104214030	-1.49458
20210104214030	-1.49458
20210104214030	-1.49458
20210104214030	-1.49458
20210104214030	-1.49458
20210104214030	-1.49458
20210104214030	-1.49458
20210104214030	-1.49458
20210104214030	-1.49458
20210104214030	-1.49458
20210104214030	-1.49458
20210104214030	-1.49458
20210104214030	-1.49458
20210104214030	1.05586
20210104214030	-1.49458
20210104214030	-1.49458
20210104214030	-1.49458
20210104214030	-1.49458
20210104214030	-1.49458
20210104214030	1.05586
20210104214030	-1.49458
20210104214030	1.05586
20210104214030	-1.49458
20210104214030	1.05586
20210104214030	-1.49458
20210104214030	1.05586
20210104214030	-1.49458
20210104214030	-1.49458
20210104214030	-1.49458
20210104214030	-1.49458
20210104214030	-1.49458
20210104214030	1.05586
20210104214030	-1.49458
20210104214030	-1.49458
20210104214030	-1.49458
20210104214031	-1.49458
20210104214031	-1.49458
20210104214031	-1.49458
20210104214031	-1.49458
20210104214031	-1.49458
20210104214031	-1.49458
20210104214031	1.05586
20210104214031	-1.50115
20210104214031	-1.50115
20210104214031	-1.50115
20210104214031	-1.50115
20210104214031	-1.50115
20210104214031	-1.50115
20210104214031	-1.50115
20210104214031	0.96352
20210104214031	-1.50115
20210104214031	0.96352
20210104214031	-1.50115
20210104214031	-1.50115
20210104214031	-1.50115
20210104214031	-1.50115
20210104214031	-1.50115
20210104214031	-1.50115
20210104214031	-1.50115
20210104214031	-1.50115
20210104214031	-1.50115
20210104214031	0.963533
20210104214031	-1.50115
20210104214031	-1.50115
20210104214031	-1.50115
20210104214031	-1.50115
20210104214031	-1.50115
20210104214031	-1.50115
20210104214031	-1.50115
20210104214031	-1.50115
20210104214031	-1.50115
20210104214031	0.963531
20210104214031	-1.50115
20210104214031	-1.50116
20210104214031	-1.50116
20210104214031	0.963535
20210104214031	-1.50116
20210104214031	-1.50116
20210104214031	-1.50116
20210104214031	-1.50116
20210104214031	-1.50116
20210104214031	-1.50116
20210104214031	-1.50116
20210104214031	-1.50116
20210104214031	-1.50116
20210104214031	-1.50116
20210104214031	-1.50116
20210104214031	0.963542
20210104214031	-1.50116
20210104214031	0.963545
20210104214031	-1.50116
20210104214031	-1.50117
20210104214031	-1.50117
20210104214031	-1.50117
20210104214031	-1.50117
20210104214032	-1.50117
20210104214032	-1.50117
20210104214032	-1.50117
20210104214032	-1.50117
20210104214032	-1.50117
20210104214032	-1.50117
20210104214032	-1.50117
20210104214032	-1.50117
20210104214032	-1.50117
20210104214032	-1.50117
20210104214032	-1.50117
20210104214032	-1.50117
20210104214032	-1.50117
20210104214032	-1.50117
20210104214032	0.821577
20210104214032	-1.50117
20210104214032	0.821579
20210104214032	-1.50117
20210104214032	-1.50117
20210104214032	-1.50117
20210104214032	0.821583
20210104214032	-1.50117
20210104214032	0.821591
20210104214032	-1.50117
20210104214032	0.821591
20210104214032	-1.50117
20210104214032	-1.50117
20210104214032	-1.50117
20210104214032	0.821592
20210104214032	-1.50117
20210104214032	-1.50117
20210104214032	-1.50116
20210104214032	-1.50116
20210104214032	-1.50116
20210104214032	-1.50116
20210104214032	0.821588
20210104214032	0.821588
20210104214032	-1.50116
20210104214032	-1.50116
20210104214032	-1.50116
20210104214032	-1.50116
20210104214032	-1.50116
20210104214032	-1.50116
20210104214032	-1.50116
20210104214032	-1.50116
20210104214032	-1.50116
20210104214032	-1.50232
20210104214032	-1.50232
20210104214032	0.654125
20210104214032	-1.50232
20210104214032	-1.50232
20210104214032	-1.50231
20210104214032	-1.50231
20210104214032	-1.50231
20210104214032	-1.50231
20210104214032	-1.50231
20210104214032	0.654128
20210104214032	-1.50231
20210104214033	-1.50231
20210104214033	-1.50231
20210104214033	-1.50231
20210104214033	-1.50231
20210104214033	-1.50231
20210104214033	-1.50231
20210104214033	0.654153
20210104214033	-1.50231
20210104214033	-1.50231
20210104214033	-1.50231
20210104214033	-1.50231
20210104214033	-1.50231
20210104214033	-1.50231
20210104214033	-1.50231
20210104214033	0.65417
20210104214033	-1.50231
20210104214033	0.65417
20210104214033	-1.50231
20210104214033	-1.50231
20210104214033	-1.50231
20210104214033	-1.50231
20210104214033	-1.50231
20210104214033	-1.50231
20210104214033	-1.50231
20210104214033	-1.50231
20210104214033	-1.50231
20210104214033	-1.50231
20210104214033	-1.50231
20210104214033	0.654232
20210104214033	-1.50231
20210104214033	-1.50231
20210104214033	-1.50231
20210104214033	-1.50231
20210104214033	-1.50231
20210104214033	-1.50231
20210104214033	-1.50231
20210104214033	-1.50231
20210104214033	-1.50231
20210104214033	-1.50481
20210104214033	-1.50481
20210104214033	-1.50481
20210104214033	-1.50481
20210104214033	0.45618
20210104214033	-1.50481
20210104214033	0.456195
20210104214033	-1.50481
20210104214033	0.456208
20210104214033	-1.50481
20210104214033	-1.50481
20210104214033	-1.50481
20210104214033	-1.50481
20210104214033	-1.50481
20210104214033	-1.50481
20210104214033	-1.50481
20210104214033	0.456207
20210104214033	-1.50481
20210104214033	-1.50481
20210104214033	-1.50481
20210104214033	0.456208
20210104214033	-1.50481
20210104214033	0.456215
20210104214034	-1.50481
20210104214034	0.456215
20210104214034	-1.50481
20210104214034	-1.50481
20210104214034	-1.50481
20210104214034	0.456227
20210104214034	-1.50482
20210104214034	0.456239
20210104214034	-1.50482
20210104214034	0.456251
20210104214034	-1.50481
20210104214034	-1.50481
20210104214034	-1.50481
20210104214034	-1.50481
20210104214034	-1.50481
20210104214034	-1.50481
20210104214034	-1.50481
20210104214034	0.45628
20210104214034	-1.50481
20210104214034	-1.50481
20210104214034	-1.50481
20210104214034	0.456297
20210104214034	-1.50481
20210104214034	-1.50481
20210104214034	-1.50481
20210104214034	-1.50481
20210104214034	-1.50481
20210104214034	0.45634
20210104214034	-1.50864
20210104214034	-1.50864
20210104214034	-1.50864
20210104214034	-1.50864
20210104214034	-1.50864
20210104214034	0.218479
20210104214034	-1.50864
20210104214034	-1.50864
20210104214034	-1.50864
20210104214034	-1.50864
20210104214034	-1.50864
20210104214034	-1.50864
20210104214034	-1.50864
20210104214034	-1.50864
20210104214034	-1.50864
20210104214034	-1.50864
20210104214034	-1.50864
20210104214034	-1.50864
20210104214034	-1.50865
20210104214034	-1.50865
20210104214034	-1.50865
20210104214034	-1.50865
20210104214034	-1.50865
20210104214034	-1.50865
20210104214034	-1.50865
20210104214034	-1.50865
20210104214034	-1.50865
20210104214034	0.218546
20210104214034	-1.50865
20210104214034	-1.50865
20210104214034	-1.50865
20210104214034	0.218553
20210104214035	-1.50865
20210104214035	-1.50865
20210104214035	-1.50865
20210104214035	-1.50865
20210104214035	-1.50865
20210104214035	-1.50865
20210104214035	-1.50865
20210104214035	0.218579
20210104214035	-1.50865
20210104214035	-1.50865
20210104214035	-1.50865
20210104214035	0.218591
20210104214035	-1.50865
20210104214035	-1.50865
20210104214035	-1.50865
20210104214035	-1.50865
20210104214035	-1.50865
20210104214035	-1.51424
20210104214035	-1.51424
20210104214035	-1.51424
20210104214035	-1.51424
20210104214035	-1.51424
20210104214035	-1.51424
20210104214035	-0.0598228
20210104214035	-1.51424
20210104214035	-0.0598125
20210104214035	-1.51424
20210104214035	-1.51424
20210104214035	-1.51424
20210104214035	-1.51424
20210104214035	-1.51424
20210104214035	-1.51424
20210104214035	-1.51424
20210104214035	-1.51424
20210104214035	-1.51424
