20210115191022	-49.417
20210115191022	-49.417
20210115191022	-49.3779
20210115191022	-49.3779
20210115191022	-49.3779
20210115191022	-49.3338
20210115191022	-49.3338
20210115191022	-49.3338
20210115191022	-49.3338
20210115191022	-49.2842
20210115191022	-49.2842
20210115191022	-49.2842
20210115191022	-49.2293
20210115191022	-49.2293
20210115191022	-49.2293
20210115191022	-49.1531
20210115191023	-49.1531
20210115191023	-49.1531
20210115191023	-49.1531
20210115191023	-49.0861
20210115191023	-49.0861
20210115191023	-49.0861
20210115191023	-49.0143
20210115191023	-49.0143
20210115191023	-49.0143
20210115191023	-49.0143
20210115191023	-48.9376
20210115191023	-48.9376
20210115191023	-48.9376
20210115191023	-48.8556
20210115191023	-48.8556
20210115191023	-48.8556
20210115191023	-48.7683
20210115191023	-48.7683
20210115191023	-48.7683
20210115191023	-48.7683
20210115191023	-48.6518
20210115191023	-48.6518
20210115191024	-48.6518
20210115191024	-48.6518
20210115191024	-48.5528
20210115191024	-48.5528
20210115191024	-48.4486
20210115191024	-48.4486
20210115191024	-48.4486
20210115191024	-48.3391
20210115191024	-48.3391
20210115191024	-48.3391
20210115191024	-48.3391
20210115191024	-48.1952
20210115191024	-48.1952
20210115191024	-48.1952
20210115191024	-48.0745
20210115191024	-48.0745
20210115191024	-48.0745
20210115191024	-47.9487
20210115191024	-47.9487
20210115191024	-47.9487
20210115191024	-47.9487
20210115191024	-47.818
20210115191024	-47.818
20210115191024	-47.818
20210115191024	-47.682
20210115191024	-47.682
20210115191024	-47.682
20210115191024	-47.5407
20210115191024	-47.5407
20210115191024	-47.5407
20210115191024	-47.5407
20210115191025	-47.3945
20210115191025	-47.3945
20210115191025	-47.3945
20210115191025	-47.205
20210115191025	-47.205
20210115191025	-47.205
20210115191025	-47.0479
20210115191025	-47.0479
20210115191025	-47.0479
20210115191025	-47.0479
20210115191025	-46.886
20210115191025	-46.886
20210115191025	-46.886
20210115191025	-46.7189
20210115191025	-46.7189
20210115191025	-46.7189
20210115191025	-46.7189
20210115191025	-46.5468
20210115191025	-46.5468
20210115191025	-46.5468
20210115191025	-46.3699
20210115191025	-46.3699
20210115191025	-46.3699
20210115191025	-46.1422
20210115191025	-46.1422
20210115191025	-46.1422
20210115191025	-46.0021
20210115191025	-46.0021
20210115191025	-46.0021
20210115191025	-46.0021
20210115191025	-45.7626
20210115191025	-45.7626
20210115191025	-45.7626
20210115191025	-45.5649
20210115191025	-45.5649
20210115191025	-45.5649
20210115191025	-45.3617
20210115191025	-45.3617
20210115191025	-45.3617
20210115191025	-45.3617
20210115191025	-45.1013
20210115191025	-45.1013
20210115191025	-45.1013
20210115191025	-44.9416
20210115191025	-44.9416
20210115191025	-44.9416
20210115191026	-44.9416
20210115191026	-44.7246
20210115191026	-44.7246
20210115191026	-44.7246
20210115191026	-44.447
20210115191026	-44.447
20210115191026	-44.447
20210115191026	-44.2188
20210115191026	-44.2188
20210115191026	-44.2188
20210115191026	-44.2188
20210115191026	-43.9852
20210115191026	-43.9852
20210115191026	-43.9852
20210115191026	-43.687
20210115191026	-43.687
20210115191026	-43.687
20210115191026	-43.4435
20210115191026	-43.4435
20210115191026	-43.4435
20210115191026	-43.2579
20210115191026	-43.2579
20210115191026	-43.2579
20210115191026	-43.2579
20210115191027	-42.9428
20210115191027	-42.9428
20210115191027	-42.9428
20210115191027	-42.6848
20210115191027	-42.6848
20210115191027	-42.6848
20210115191027	-42.6848
20210115191027	-42.4216
20210115191027	-42.4216
20210115191027	-42.4216
20210115191027	-42.0864
20210115191027	-42.0864
20210115191027	-42.0864
20210115191027	-41.882
20210115191027	-41.882
20210115191027	-41.882
20210115191027	-41.5357
20210115191027	-41.5357
20210115191027	-41.5357
20210115191027	-41.5357
20210115191027	-41.2538
20210115191027	-41.2538
20210115191027	-41.2538
20210115191027	-40.9662
20210115191027	-40.9662
20210115191027	-40.9662
20210115191027	-40.673
20210115191027	-40.673
20210115191027	-40.673
20210115191027	-40.673
20210115191027	-40.673
20210115191027	-40.3756
20210115191028	-40.3756
20210115191028	-39.9979
20210115191028	-39.9979
20210115191028	-39.9979
20210115191028	-39.9979
20210115191028	-39.6908
20210115191028	-39.6908
20210115191028	-39.6908
20210115191028	-39.6908
20210115191028	-39.3795
20210115191028	-39.3795
20210115191028	-39.0624
20210115191028	-39.0624
20210115191028	-39.0624
20210115191028	-38.7395
20210115191028	-38.7395
20210115191028	-38.7395
20210115191028	-38.7395
20210115191028	-38.4127
20210115191028	-38.4127
20210115191028	-38.4127
20210115191028	-37.9984
20210115191028	-37.9984
20210115191028	-37.9984
20210115191028	-37.9984
20210115191028	-37.7468
20210115191028	-37.7468
20210115191028	-37.7468
20210115191028	-37.3222
20210115191028	-37.3222
20210115191028	-37.3222
20210115191028	-36.9763
20210115191028	-36.9763
20210115191028	-36.9763
20210115191028	-36.6248
20210115191028	-36.6248
20210115191028	-36.6248
20210115191028	-36.6248
20210115191028	-36.18
20210115191028	-36.18
20210115191028	-36.18
20210115191028	-35.8197
20210115191028	-35.8197
20210115191028	-35.8197
20210115191028	-35.8197
20210115191028	-35.547
20210115191028	-35.547
20210115191028	-35.547
20210115191028	-35.0875
20210115191028	-35.0875
20210115191028	-35.0875
20210115191028	-34.714
20210115191028	-34.714
20210115191028	-34.714
20210115191029	-34.714
20210115191029	-34.3354
20210115191029	-34.3354
20210115191029	-34.3354
20210115191029	-33.857
20210115191029	-33.857
20210115191029	-33.857
20210115191029	-33.5671
20210115191029	-33.5671
20210115191029	-33.5671
20210115191029	-33.5671
20210115191029	-33.1773
20210115191029	-33.1773
20210115191029	-33.1773
20210115191029	-32.6849
20210115191029	-32.6849
20210115191029	-32.6849
20210115191029	-32.2847
20210115191029	-32.2847
20210115191029	-32.2847
20210115191029	-31.8789
20210115191029	-31.8789
20210115191029	-31.8789
20210115191029	-31.8789
20210115191029	-31.4698
20210115191029	-31.4698
20210115191029	-31.4698
20210115191029	-31.0572
20210115191029	-31.0572
20210115191029	-31.0572
20210115191029	-31.0572
20210115191029	-30.5367
20210115191029	-30.5367
20210115191029	-30.5367
20210115191029	-30.1166
20210115191029	-30.1166
20210115191030	-30.1166
20210115191030	-29.6914
20210115191030	-29.6914
20210115191030	-29.6914
20210115191030	-29.6914
20210115191030	-29.2614
20210115191030	-29.2614
20210115191030	-29.2614
20210115191030	-28.8283
20210115191030	-28.8283
20210115191030	-28.8283
20210115191030	-28.2826
20210115191030	-28.2826
20210115191030	-28.2826
20210115191030	-28.2826
20210115191030	-27.9528
20210115191030	-27.9528
20210115191030	-27.9528
20210115191030	-27.9528
20210115191030	-27.3993
20210115191030	-27.3993
20210115191030	-26.9512
20210115191030	-26.9512
20210115191030	-26.9512
20210115191030	-26.9512
20210115191030	-26.4985
20210115191030	-26.4985
20210115191030	-26.4985
20210115191030	-25.9289
20210115191030	-25.9289
20210115191030	-25.9289
20210115191030	-25.4703
20210115191030	-25.4703
20210115191030	-25.4703
20210115191030	-25.4703
20210115191030	-25.1245
20210115191030	-25.1245
20210115191030	-25.1245
20210115191030	-24.545
20210115191030	-24.545
20210115191030	-24.545
20210115191030	-24.0758
20210115191030	-24.0758
20210115191030	-24.0758
20210115191030	-24.0758
20210115191030	-23.6019
20210115191030	-23.6019
20210115191030	-23.6019
20210115191030	-23.0064
20210115191030	-23.0064
20210115191030	-23.0064
20210115191030	-22.5277
20210115191030	-22.5277
20210115191030	-22.5277
20210115191030	-22.1672
20210115191030	-22.1672
20210115191030	-22.1672
20210115191030	-22.1672
20210115191030	-21.5638
20210115191031	-21.5638
20210115191031	-21.5638
20210115191031	-21.0761
20210115191031	-21.0761
20210115191031	-21.0761
20210115191031	-21.0761
20210115191031	-20.584
20210115191031	-20.584
20210115191031	-20.584
20210115191031	-20.0903
20210115191031	-20.0903
20210115191031	-20.0903
20210115191031	-19.471
20210115191031	-19.471
20210115191031	-19.471
20210115191031	-18.9737
20210115191031	-18.9737
20210115191031	-18.9737
20210115191031	-18.9737
20210115191031	-18.4748
20210115191031	-18.4748
20210115191031	-18.4748
20210115191031	-17.9722
20210115191031	-17.9722
20210115191031	-17.9722
20210115191031	-17.9722
20210115191031	-17.4662
20210115191031	-17.4662
20210115191031	-17.4662
20210115191031	-16.959
20210115191031	-16.959
20210115191031	-16.959
20210115191031	-16.3234
20210115191031	-16.3234
20210115191031	-16.3234
20210115191031	-16.3234
20210115191031	-15.9412
20210115191031	-15.9412
20210115191031	-15.9412
20210115191031	-15.3027
20210115191031	-15.3027
20210115191031	-15.3027
20210115191031	-14.7879
20210115191031	-14.7879
20210115191031	-14.7879
20210115191031	-14.7879
20210115191031	-14.2699
20210115191031	-14.2699
20210115191031	-14.2699
20210115191031	-14.2699
20210115191031	-13.6215
20210115191031	-13.6215
20210115191031	-13.232
20210115191031	-13.232
20210115191031	-13.232
20210115191031	-12.712
20210115191031	-12.712
20210115191031	-12.712
20210115191031	-12.712
20210115191031	-12.712
20210115191031	-12.0612
20210115191031	-12.0612
20210115191031	-11.5371
20210115191031	-11.5371
20210115191031	-11.5371
20210115191032	-11.0103
20210115191032	-11.0103
20210115191032	-11.0103
20210115191032	-11.0103
20210115191032	-11.0103
20210115191032	-10.4833
20210115191032	-10.4833
20210115191032	-9.95608
20210115191032	-9.95608
20210115191032	-9.95608
20210115191032	-9.42862
20210115191032	-9.42862
20210115191032	-9.42862
20210115191032	-9.42862
20210115191032	-8.76892
20210115191032	-8.76892
20210115191032	-8.76892
20210115191032	-8.23876
20210115191032	-8.23876
20210115191032	-8.23876
20210115191032	-7.70658
20210115191032	-7.70658
20210115191032	-7.70658
20210115191032	-7.70658
20210115191032	-7.70658
20210115191032	-7.17455
20210115191032	-7.17455
20210115191032	-6.64263
20210115191032	-6.64263
20210115191032	-6.64263
20210115191032	-6.64263
20210115191032	-6.11079
20210115191032	-6.11079
20210115191032	-6.11079
20210115191032	-6.11079
20210115191032	-5.44609
20210115191032	-5.44609
20210115191032	-4.91439
20210115191033	-4.91439
20210115191033	-4.91439
20210115191033	-4.91439
20210115191033	-4.38273
20210115191033	-4.38273
20210115191033	-4.38273
20210115191033	-4.38273
20210115191033	-3.71817
20210115191033	-3.71817
20210115191033	-3.19663
20210115191033	-3.19663
20210115191033	-3.19663
20210115191033	-2.80734
20210115191033	-2.80734
20210115191033	-2.80734
20210115191033	-2.80734
20210115191033	-2.15731
20210115191033	-2.15731
20210115191033	-2.15731
20210115191033	-1.63632
20210115191033	-1.63632
20210115191033	-1.63632
20210115191033	-1.11459
20210115191033	-1.11459
20210115191033	-1.11459
20210115191033	-1.11459
20210115191033	-0.592225
20210115191033	-0.592225
20210115191033	-0.592225
20210115191033	0.0533399
20210115191033	0.0533399
20210115191033	0.0533399
20210115191033	0.43829
20210115191033	0.43829
20210115191033	0.43829
20210115191033	0.43829
20210115191033	1.08138
20210115191033	1.08138
20210115191033	1.08138
20210115191033	1.59701
20210115191033	1.59701
20210115191033	1.59701
20210115191033	2.11348
20210115191033	2.11348
20210115191033	2.11348
20210115191033	2.11348
20210115191033	2.63065
20210115191033	2.63065
20210115191033	2.63065
20210115191033	3.14371
20210115191033	3.14371
20210115191033	3.14371
20210115191033	3.78077
20210115191033	3.78077
20210115191033	3.78077
20210115191033	3.78077
20210115191033	4.2916
20210115191033	4.2916
20210115191033	4.2916
20210115191033	4.80328
20210115191033	4.80328
20210115191033	4.80328
20210115191033	4.80328
20210115191033	5.31565
20210115191034	5.31565
20210115191034	5.31565
20210115191034	5.31565
20210115191034	5.82851
20210115191034	5.82851
20210115191034	6.33797
20210115191034	6.33797
20210115191034	6.33797
20210115191034	6.33797
20210115191034	6.97124
20210115191034	6.97124
20210115191034	6.97124
20210115191034	7.47867
20210115191034	7.47867
20210115191034	7.47867
20210115191034	7.98659
20210115191034	7.98659
20210115191034	7.98659
20210115191034	8.4949
20210115191034	8.4949
20210115191034	8.4949
20210115191034	8.4949
20210115191034	9.00342
20210115191034	9.00342
20210115191034	9.00342
20210115191034	9.50956
20210115191034	9.50956
20210115191034	9.50956
20210115191034	10.0135
20210115191034	10.0135
20210115191035	10.0135
20210115191035	10.0135
20210115191035	10.6437
20210115191035	10.6437
20210115191035	10.6437
20210115191035	11.148
20210115191035	11.148
20210115191035	11.148
20210115191035	11.6522
20210115191035	11.6522
20210115191035	11.6522
20210115191035	11.6522
20210115191035	12.1561
20210115191035	12.1561
20210115191035	12.1561
20210115191035	12.7823
20210115191035	12.7823
20210115191035	12.7823
20210115191035	13.2813
20210115191035	13.2813
20210115191035	13.2813
20210115191035	13.2813
20210115191035	13.7801
20210115191035	13.7801
20210115191035	13.7801
20210115191036	14.2785
20210115191036	14.2785
20210115191036	14.2785
20210115191036	14.2785
20210115191036	14.7763
20210115191036	14.7763
20210115191036	14.7763
20210115191036	15.3976
20210115191036	15.3976
20210115191036	15.3976
20210115191036	15.7682
20210115191036	15.7682
20210115191036	15.7682
20210115191036	16.2607
20210115191036	16.2607
20210115191036	16.2607
20210115191036	16.2607
20210115191036	16.8752
20210115191036	16.8752
20210115191036	16.8752
20210115191036	17.3659
20210115191036	17.3659
20210115191036	17.3659
20210115191036	17.8555
20210115191036	17.8555
20210115191036	17.8555
20210115191036	17.8555
20210115191036	18.3439
20210115191036	18.3439
20210115191036	18.3439
20210115191036	18.8305
20210115191036	18.8305
20210115191036	18.8305
20210115191036	18.8305
20210115191036	19.4361
20210115191036	19.4361
20210115191036	19.4361
20210115191036	19.9191
20210115191036	19.9191
20210115191036	19.9191
20210115191036	20.4006
20210115191036	20.4006
20210115191036	20.4006
20210115191036	20.4006
20210115191036	20.8804
20210115191036	20.8804
20210115191036	20.8804
20210115191036	21.3586
20210115191036	21.3586
20210115191036	21.3586
20210115191036	21.8345
20210115191037	21.8345
20210115191037	21.8345
20210115191037	22.4261
20210115191037	22.4261
20210115191037	22.4261
20210115191037	22.4261
20210115191037	22.8972
20210115191037	22.8972
20210115191037	22.8972
20210115191037	23.3665
20210115191037	23.3665
20210115191037	23.3665
20210115191037	23.8336
20210115191037	23.8336
20210115191037	23.8336
20210115191037	23.8336
20210115191037	24.2987
20210115191037	24.2987
20210115191037	24.2987
20210115191037	24.7615
20210115191037	24.7615
20210115191037	24.7615
20210115191037	24.7615
20210115191037	25.2221
20210115191037	25.2221
20210115191037	25.2221
20210115191037	25.7946
20210115191037	25.7946
20210115191037	25.7946
20210115191037	26.2497
20210115191037	26.2497
20210115191037	26.2497
20210115191038	26.2497
20210115191038	26.7024
20210115191038	26.7024
20210115191038	26.7024
20210115191038	27.1525
20210115191038	27.1525
20210115191038	27.1525
20210115191038	27.7121
20210115191038	27.7121
20210115191038	27.7121
20210115191038	28.0461
20210115191038	28.0461
20210115191038	28.0461
20210115191038	28.0461
20210115191038	28.599
20210115191038	28.599
20210115191038	28.599
20210115191038	29.0379
20210115191038	29.0379
20210115191038	29.0379
20210115191038	29.4738
20210115191038	29.4738
20210115191038	29.4738
20210115191038	29.4738
20210115191038	29.9066
20210115191038	29.9066
20210115191038	29.9066
20210115191038	30.4443
20210115191038	30.4443
20210115191038	30.4443
20210115191038	30.8713
20210115191038	30.8713
20210115191038	30.8713
20210115191038	30.8713
20210115191038	31.2948
20210115191038	31.2948
20210115191038	31.2948
20210115191038	31.7149
20210115191038	31.7149
20210115191038	31.7149
20210115191038	32.1314
20210115191038	32.1314
20210115191038	32.1314
20210115191038	32.1314
20210115191038	32.1314
20210115191038	32.6469
20210115191038	32.6469
20210115191039	33.0562
20210115191039	33.0562
20210115191039	33.0562
20210115191039	33.3609
20210115191039	33.3609
20210115191039	33.3609
20210115191039	33.3609
20210115191039	33.8637
20210115191039	33.8637
20210115191039	33.8637
20210115191039	34.2615
20210115191039	34.2615
20210115191039	34.2615
20210115191039	34.6553
20210115191039	34.6553
20210115191039	34.6553
20210115191039	34.6553
20210115191039	35.045
20210115191039	35.045
20210115191039	35.045
20210115191039	35.5279
20210115191039	35.5279
20210115191039	35.5279
20210115191039	35.8151
20210115191040	35.8151
20210115191040	35.8151
20210115191040	35.8151
20210115191040	36.2883
20210115191040	36.2883
20210115191040	36.2883
20210115191040	36.6618
20210115191040	36.6618
20210115191040	36.6618
20210115191040	36.6618
20210115191040	37.0309
20210115191040	37.0309
20210115191040	37.0309
20210115191040	37.3955
20210115191040	37.3955
20210115191040	37.3955
20210115191040	37.7565
20210115191040	37.7565
20210115191040	37.7565
20210115191040	37.7565
20210115191040	38.1138
20210115191040	38.1138
20210115191040	38.1138
20210115191040	38.5535
20210115191040	38.5535
20210115191040	38.5535
20210115191040	38.8999
20210115191040	38.8999
20210115191040	38.8999
20210115191040	39.2413
20210115191040	39.2413
20210115191040	39.2413
20210115191040	39.2413
20210115191040	39.5778
20210115191040	39.5778
20210115191040	39.5778
20210115191040	39.9105
20210115191040	39.9105
20210115191040	39.9105
20210115191040	39.9105
20210115191040	40.2392
20210115191040	40.2392
20210115191040	40.2392
20210115191040	40.6426
20210115191040	40.6426
20210115191041	40.6426
20210115191041	40.9593
20210115191041	40.9593
20210115191041	40.9593
20210115191041	41.2706
20210115191041	41.2706
20210115191041	41.2706
20210115191041	41.2706
20210115191041	41.5766
20210115191041	41.5766
20210115191041	41.5766
20210115191041	41.8783
20210115191041	41.8783
20210115191041	41.8783
20210115191041	42.1756
20210115191041	42.1756
20210115191041	42.1756
20210115191041	42.1756
20210115191041	42.5391
20210115191041	42.5391
20210115191041	42.5391
20210115191041	42.8237
20210115191041	42.8237
20210115191041	42.8237
20210115191041	42.8237
20210115191041	43.1026
20210115191041	43.1026
20210115191041	43.1026
20210115191041	43.1026
20210115191041	43.3758
20210115191041	43.3758
20210115191041	43.6446
20210115191041	43.6446
20210115191041	43.6446
20210115191041	43.6446
20210115191041	43.974
20210115191042	43.974
20210115191042	43.974
20210115191042	44.2308
20210115191042	44.2308
20210115191042	44.2308
20210115191042	44.4818
20210115191042	44.4818
20210115191042	44.4818
20210115191042	44.4818
20210115191042	44.7269
20210115191042	44.7269
20210115191042	44.7269
20210115191042	44.9661
20210115191042	44.9661
20210115191042	44.9661
20210115191042	45.2002
20210115191042	45.2002
20210115191042	45.2002
20210115191042	45.2002
20210115191042	45.4292
20210115191042	45.4292
20210115191042	45.4292
20210115191042	45.7068
20210115191042	45.7068
20210115191042	45.7068
20210115191042	45.9222
20210115191042	45.9222
20210115191042	45.9222
20210115191042	46.1315
20210115191042	46.1315
20210115191042	46.1315
20210115191042	46.1315
20210115191042	46.3348
20210115191042	46.3348
20210115191042	46.3348
20210115191043	46.5819
20210115191043	46.5819
20210115191043	46.5819
20210115191043	46.7734
20210115191043	46.7734
20210115191043	46.7734
20210115191043	46.7734
20210115191043	46.9588
20210115191043	46.9588
20210115191043	46.9588
20210115191043	47.1381
20210115191043	47.1381
20210115191043	47.1381
20210115191043	47.3115
20210115191043	47.3115
20210115191043	47.3115
20210115191043	47.3115
20210115191043	47.4788
20210115191043	47.4788
20210115191043	47.4788
20210115191043	47.6408
20210115191043	47.6408
20210115191043	47.6408
20210115191043	47.6408
20210115191043	47.7974
20210115191043	47.7974
20210115191043	47.7974
20210115191043	47.9847
20210115191043	47.9847
20210115191043	47.9847
20210115191043	48.1279
20210115191043	48.1279
20210115191043	48.1279
20210115191043	48.2652
20210115191043	48.2652
20210115191043	48.2652
20210115191043	48.2652
20210115191044	48.3966
20210115191044	48.3966
20210115191044	48.3966
20210115191044	48.5226
20210115191044	48.5226
20210115191044	48.5226
20210115191044	48.5226
20210115191044	48.6432
20210115191044	48.6432
20210115191044	48.6432
20210115191044	48.7856
20210115191044	48.7856
20210115191044	48.7856
20210115191044	48.8931
20210115191044	48.8931
20210115191044	48.8931
20210115191044	48.9948
20210115191044	48.9948
20210115191044	48.9948
20210115191044	48.9948
20210115191044	49.0907
20210115191044	49.0907
20210115191044	49.0907
20210115191044	49.203
20210115191044	49.203
20210115191044	49.203
20210115191044	49.2866
20210115191044	49.2866
20210115191044	49.2866
20210115191044	49.2866
20210115191044	49.3645
20210115191045	49.3645
20210115191045	49.3645
20210115191045	49.4368
20210115191045	49.4368
20210115191045	49.4368
20210115191045	49.5035
20210115191045	49.5035
20210115191045	49.5035
20210115191045	49.5035
