20210104213925	11.5546
20210104213925	12.0516
20210104213925	12.0516
20210104213926	12.0516
20210104213926	12.6731
20210104213926	12.6731
20210104213926	12.6731
20210104213926	12.6731
20210104213926	13.0462
20210104213926	13.0462
20210104213926	13.0462
20210104213926	13.6676
20210104213926	13.6676
20210104213926	13.6676
20210104213926	14.1643
20210104213926	14.1643
20210104213926	14.1643
20210104213926	14.6606
20210104213926	14.6606
20210104213926	14.6606
20210104213926	14.6606
20210104213926	15.2802
20210104213926	15.2802
20210104213926	15.2802
20210104213926	15.6516
20210104213926	15.6516
20210104213926	15.6516
20210104213926	15.6516
20210104213926	16.2715
20210104213926	16.2715
20210104213926	16.2715
20210104213926	16.7666
20210104213926	16.7666
20210104213926	16.7666
20210104213926	17.261
20210104213926	17.261
20210104213926	17.261
20210104213926	17.261
20210104213926	17.7547
20210104213926	17.7547
20210104213926	17.7547
20210104213926	18.2475
20210104213926	18.2475
20210104213926	18.2475
20210104213926	18.7395
20210104213926	18.7395
20210104213926	18.7395
20210104213926	19.232
20210104213926	19.232
20210104213926	19.232
20210104213926	19.232
20210104213926	19.8461
20210104213926	19.8461
20210104213926	19.8461
20210104213926	20.3362
20210104213926	20.3362
20210104213926	20.3362
20210104213926	20.3362
20210104213926	20.8252
20210104213926	20.8252
20210104213927	20.8252
20210104213927	21.3131
20210104213927	21.3131
20210104213927	21.3131
20210104213927	21.7998
20210104213927	21.7998
20210104213927	21.7998
20210104213927	21.7998
20210104213927	22.2858
20210104213927	22.2858
20210104213927	22.2858
20210104213927	22.8917
20210104213927	22.8917
20210104213927	22.8917
20210104213927	23.3749
20210104213927	23.3749
20210104213927	23.3749
20210104213927	23.8568
20210104213927	23.8568
20210104213927	23.8568
20210104213927	23.8568
20210104213927	24.3373
20210104213927	24.3373
20210104213927	24.3373
20210104213927	24.8163
20210104213927	24.8163
20210104213927	24.8163
20210104213927	24.8163
20210104213927	25.2939
20210104213927	25.2939
20210104213927	25.2939
20210104213927	25.8888
20210104213927	25.8888
20210104213927	25.8888
20210104213927	26.3629
20210104213927	26.3629
20210104213927	26.3629
20210104213927	26.8353
20210104213927	26.8353
20210104213927	26.8353
20210104213927	26.8353
20210104213927	27.3059
20210104213927	27.3059
20210104213927	27.3059
20210104213927	27.7748
20210104213927	27.7748
20210104213927	27.7748
20210104213927	28.2423
20210104213927	28.2423
20210104213927	28.2423
20210104213928	28.2423
20210104213928	28.8243
20210104213928	28.8243
20210104213928	28.8243
20210104213928	29.2876
20210104213928	29.2876
20210104213928	29.2876
20210104213928	29.2876
20210104213928	29.7488
20210104213928	29.7488
20210104213928	29.7488
20210104213928	30.2079
20210104213928	30.2079
20210104213928	30.2079
20210104213928	30.7787
20210104213928	30.7787
20210104213928	30.7787
20210104213928	31.1199
20210104213928	31.1199
20210104213928	31.1199
20210104213928	31.1199
20210104213928	31.6861
20210104213928	31.6861
20210104213928	31.6861
20210104213928	32.1363
20210104213928	32.1363
20210104213928	32.1363
20210104213928	32.1363
20210104213928	32.5841
20210104213928	32.5841
20210104213928	32.5841
20210104213928	33.0293
20210104213928	33.0293
20210104213928	33.0293
20210104213928	33.472
20210104213928	33.472
20210104213928	33.472
20210104213928	33.472
20210104213928	33.9123
20210104213928	33.9123
20210104213928	33.9123
20210104213929	34.4597
20210104213929	34.4597
20210104213929	34.4597
20210104213929	34.8945
20210104213929	34.8945
20210104213929	34.8945
20210104213929	35.3263
20210104213929	35.3263
20210104213929	35.3263
20210104213929	35.3263
20210104213929	35.7553
20210104213929	35.7553
20210104213929	35.7553
20210104213929	36.1813
20210104213929	36.1813
20210104213929	36.1813
20210104213929	36.1813
20210104213929	36.6045
20210104213929	36.6045
20210104213929	36.6045
20210104213929	37.13
20210104213929	37.13
20210104213929	37.13
20210104213929	37.5468
20210104213929	37.5468
20210104213929	37.5468
20210104213929	37.9602
20210104213929	37.9602
20210104213929	37.9602
20210104213929	37.9602
20210104213929	38.3704
20210104213929	38.3704
20210104213929	38.3704
20210104213929	38.7772
20210104213929	38.7772
20210104213929	38.7772
20210104213929	39.1805
20210104213929	39.1805
20210104213929	39.1805
20210104213929	39.1805
20210104213929	39.6796
20210104213929	39.6796
20210104213929	39.6796
20210104213929	40.0748
20210104213929	40.0748
20210104213929	40.0748
20210104213929	40.4664
20210104213929	40.4664
20210104213929	40.4664
20210104213929	40.4664
20210104213929	40.8543
20210104213930	40.8543
20210104213930	40.8543
20210104213930	41.2383
20210104213930	41.2383
20210104213930	41.2383
20210104213930	41.6185
20210104213930	41.6185
20210104213930	41.6185
20210104213930	41.6185
20210104213930	42.0892
20210104213930	42.0892
20210104213930	42.0892
20210104213930	42.4611
20210104213930	42.4611
20210104213930	42.4611
20210104213930	42.8288
20210104213930	42.8288
20210104213930	42.8288
20210104213930	42.8288
20210104213930	43.2824
20210104213930	43.2824
20210104213930	43.5513
20210104213930	43.5513
20210104213930	43.5513
20210104213930	43.5513
20210104213930	43.9061
20210104213930	43.9061
20210104213930	43.9061
20210104213930	43.9061
20210104213930	44.3438
20210104213930	44.3438
20210104213930	44.3438
20210104213930	44.6891
20210104213930	44.6891
20210104213930	44.6891
20210104213930	45.0297
20210104213930	45.0297
20210104213930	45.0297
20210104213930	45.0297
20210104213930	45.3657
20210104213930	45.3657
20210104213931	45.3657
20210104213931	45.697
20210104213931	45.697
20210104213931	45.697
20210104213931	46.0234
20210104213931	46.0234
20210104213931	46.0234
20210104213931	46.4247
20210104213931	46.4247
20210104213931	46.4247
20210104213931	46.7402
20210104213931	46.7402
20210104213931	46.7402
20210104213931	46.7402
20210104213931	46.7402
20210104213931	47.0506
20210104213931	47.0506
20210104213931	47.356
20210104213931	47.356
20210104213931	47.356
20210104213931	47.356
20210104213931	47.6562
20210104213931	47.6562
20210104213931	47.6562
20210104213931	47.9512
20210104213931	47.9512
20210104213931	47.9512
20210104213931	47.9512
20210104213931	48.3127
20210104213931	48.3127
20210104213931	48.3127
20210104213931	48.5961
20210104213931	48.5961
20210104213931	48.5961
20210104213931	48.5961
20210104213931	48.8741
20210104213931	48.8741
20210104213931	48.8741
20210104213931	49.1465
20210104213931	49.1465
20210104213931	49.4134
20210104213931	49.4134
20210104213931	49.4134
20210104213931	49.4134
20210104213931	49.4134
20210104213931	49.6748
20210104213931	49.6748
20210104213931	49.6748
20210104213931	49.9937
20210104213931	49.9937
20210104213931	49.9937
20210104213931	50.2425
20210104213931	50.2425
20210104213931	50.2425
20210104213931	50.4855
20210104213931	50.4855
20210104213931	50.4855
20210104213932	50.4855
20210104213932	50.7227
20210104213932	50.7227
20210104213932	50.7227
20210104213932	50.954
20210104213932	50.954
20210104213932	50.954
20210104213932	50.954
20210104213932	51.1793
20210104213932	51.1793
20210104213932	51.1793
20210104213932	51.4524
20210104213932	51.4524
20210104213932	51.4524
20210104213932	51.6638
20210104213932	51.6638
20210104213932	51.6638
20210104213932	51.6638
20210104213932	51.8689
20210104213932	51.8689
20210104213932	51.8689
20210104213932	52.0679
20210104213932	52.0679
20210104213932	52.2613
20210104213932	52.2613
20210104213932	52.2613
20210104213932	52.2613
20210104213932	52.4494
20210104213932	52.4494
20210104213932	52.4494
20210104213932	52.4494
20210104213932	52.6783
20210104213932	52.6783
20210104213932	52.6783
20210104213932	52.857
20210104213932	52.857
20210104213932	52.857
20210104213932	52.857
20210104213932	53.0322
20210104213932	53.0322
20210104213932	53.2045
20210104213932	53.2045
20210104213932	53.2045
20210104213932	53.2045
20210104213932	53.3745
20210104213932	53.3745
20210104213932	53.3745
20210104213932	53.3745
20210104213932	53.5428
20210104213932	53.5428
20210104213932	53.5428
20210104213932	53.7516
20210104213932	53.7516
20210104213933	53.7516
20210104213933	53.9181
20210104213933	53.9181
20210104213933	53.9181
20210104213933	54.0843
20210104213933	54.0843
20210104213933	54.0843
20210104213933	54.0843
20210104213933	54.2507
20210104213933	54.2507
20210104213933	54.2507
20210104213933	54.4175
20210104213933	54.4175
20210104213933	54.4175
20210104213933	54.5853
20210104213933	54.5853
20210104213933	54.5853
20210104213933	54.5853
20210104213933	54.7968
20210104213933	54.7968
20210104213933	54.7968
20210104213933	54.968
20210104213933	54.968
20210104213933	54.968
20210104213933	55.1413
20210104213933	55.1413
20210104213933	55.1413
20210104213933	55.1413
20210104213933	55.317
20210104213933	55.317
20210104213933	55.4953
20210104213933	55.4953
20210104213933	55.4953
20210104213933	55.4953
20210104213933	55.6767
20210104213933	55.6767
20210104213933	55.6767
20210104213933	55.9083
20210104213933	55.9083
20210104213933	55.9083
20210104213933	55.9083
20210104213933	56.0977
20210104213933	56.0977
20210104213933	56.0977
20210104213933	56.0977
20210104213933	56.2911
20210104213933	56.2911
20210104213933	56.4891
20210104213933	56.4891
20210104213933	56.4891
20210104213933	56.4891
20210104213933	56.6918
20210104213933	56.6918
20210104213933	56.6918
20210104213934	56.6918
20210104213934	56.8994
20210104213934	56.8994
20210104213934	57.1664
20210104213934	57.1664
20210104213934	57.1664
20210104213934	57.1664
20210104213934	57.3862
20210104213934	57.3862
20210104213934	57.3862
20210104213934	57.6117
20210104213934	57.6117
20210104213934	57.6117
20210104213934	57.6117
20210104213934	57.8431
20210104213934	57.8431
20210104213934	57.8431
20210104213934	58.0806
20210104213934	58.0806
20210104213934	58.0806
20210104213934	58.3242
20210104213934	58.3242
20210104213934	58.3242
20210104213934	58.3242
20210104213934	58.6377
20210104213934	58.6377
20210104213934	58.8963
20210104213934	58.8963
20210104213934	58.8963
20210104213934	58.8963
20210104213934	58.8963
20210104213934	59.1616
20210104213934	59.1616
20210104213934	59.4335
20210104213934	59.4335
20210104213934	59.4335
20210104213934	59.4335
20210104213934	59.7121
20210104213934	59.7121
20210104213934	59.7121
20210104213934	59.9974
20210104213934	59.9974
20210104213934	59.9974
20210104213934	59.9974
20210104213934	60.3633
20210104213934	60.3633
20210104213934	60.3633
20210104213934	60.6642
20210104213934	60.6642
20210104213935	60.6642
20210104213935	60.6642
20210104213935	60.9719
20210104213935	60.9719
20210104213935	60.9719
20210104213935	61.2859
20210104213935	61.2859
20210104213935	61.2859
20210104213935	61.6063
20210104213935	61.6063
20210104213935	61.6063
20210104213935	61.9328
20210104213935	61.9328
20210104213935	61.9328
20210104213935	61.9328
20210104213935	62.3497
20210104213935	62.3497
20210104213935	62.3497
20210104213935	62.6907
20210104213935	62.6907
20210104213935	62.6907
20210104213935	63.0384
20210104213935	63.0384
20210104213935	63.0384
20210104213935	63.3918
20210104213935	63.3918
20210104213935	63.3918
20210104213935	63.3918
20210104213935	63.7508
20210104213935	63.7508
20210104213935	63.7508
20210104213935	63.7508
20210104213935	64.1155
20210104213935	64.1155
20210104213935	64.1155
20210104213935	64.5792
20210104213935	64.5792
20210104213935	64.9578
20210104213935	64.9578
20210104213935	64.9578
20210104213935	64.9578
20210104213935	64.9578
20210104213935	65.343
20210104213936	65.343
20210104213936	65.343
20210104213936	65.7337
20210104213936	65.7337
20210104213936	65.7337
20210104213936	66.1296
20210104213936	66.1296
20210104213936	66.1296
20210104213936	66.5307
20210104213936	66.5307
20210104213936	66.5307
20210104213936	66.5307
20210104213936	67.0395
20210104213936	67.0395
20210104213936	67.0395
20210104213936	67.4527
20210104213936	67.4527
20210104213936	67.4527
20210104213936	67.8718
20210104213936	67.8718
20210104213936	67.8718
20210104213936	67.8718
20210104213936	68.2957
20210104213936	68.2957
20210104213936	68.2957
20210104213936	68.7242
20210104213936	68.7242
20210104213936	68.7242
20210104213936	69.1572
20210104213936	69.1572
20210104213936	69.1572
20210104213936	69.1572
20210104213936	69.7046
20210104213936	69.7046
20210104213936	69.7046
20210104213936	70.1482
20210104213936	70.1482
20210104213936	70.1482
20210104213936	70.5985
20210104213936	70.5985
20210104213936	70.5985
20210104213936	71.0525
20210104213936	71.0525
20210104213936	71.0525
20210104213936	71.0525
20210104213936	71.5099
20210104213936	71.5099
20210104213936	71.5099
20210104213936	71.9707
20210104213936	71.9707
20210104213936	71.9707
20210104213936	71.9707
20210104213936	72.5513
20210104213936	72.5513
20210104213936	73.0193
20210104213937	73.0193
20210104213937	73.0193
20210104213937	73.0193
20210104213937	73.0193
20210104213937	73.4937
20210104213937	73.4937
20210104213937	73.4937
20210104213937	73.9707
20210104213937	73.9707
20210104213937	73.9707
20210104213937	74.4503
20210104213937	74.4503
20210104213937	74.4503
20210104213937	75.0531
20210104213937	75.0531
20210104213937	75.0531
20210104213937	75.538
20210104213937	75.538
20210104213937	75.538
20210104213937	75.538
20210104213937	76.025
20210104213937	76.025
20210104213937	76.025
20210104213937	76.518
20210104213937	76.518
20210104213937	76.518
20210104213937	76.518
20210104213937	77.0126
20210104213937	77.0126
20210104213937	77.0126
20210104213937	77.5088
20210104213937	77.5088
20210104213937	77.5088
20210104213937	77.5088
20210104213937	78.0066
20210104213937	78.0066
20210104213937	78.0066
20210104213937	78.6308
20210104213937	78.6308
20210104213937	78.6308
20210104213937	79.1316
20210104213937	79.1316
20210104213937	79.1316
20210104213937	79.6364
20210104213937	79.6364
20210104213937	79.6364
20210104213937	79.6364
20210104213937	80.143
20210104213937	80.143
20210104213937	80.143
20210104213937	80.6504
20210104213937	80.6504
20210104213937	80.6504
20210104213937	81.1585
20210104213937	81.1585
20210104213938	81.1585
20210104213938	81.7944
20210104213938	81.7944
20210104213938	81.7944
20210104213938	82.3036
20210104213938	82.3036
20210104213938	82.3036
20210104213938	82.3036
20210104213938	82.8171
20210104213938	82.8171
20210104213938	82.8171
20210104213938	83.3318
20210104213938	83.3318
20210104213938	83.3318
20210104213938	83.8464
20210104213938	83.8464
20210104213938	83.8464
20210104213938	83.8464
20210104213938	83.8464
20210104213938	84.3608
20210104213938	84.3608
20210104213938	84.3608
20210104213938	85.0034
20210104213938	85.0034
20210104213938	85.0034
20210104213938	85.517
20210104213938	85.517
20210104213938	85.517
20210104213938	86.0322
20210104213938	86.0322
20210104213938	86.0322
20210104213938	86.0322
20210104213938	86.5485
20210104213938	86.5485
20210104213938	87.064
20210104213938	87.064
20210104213938	87.064
20210104213938	87.064
20210104213938	87.5786
20210104213938	87.5786
20210104213938	87.5786
20210104213939	87.5786
20210104213939	88.2206
20210104213939	88.2206
20210104213939	88.2206
20210104213939	88.733
20210104213939	88.733
20210104213939	88.733
20210104213939	89.2467
20210104213939	89.2467
20210104213939	89.2467
20210104213939	89.2467
20210104213939	89.7614
20210104213939	89.7614
20210104213939	89.7614
20210104213939	90.2746
20210104213939	90.2746
20210104213939	90.2746
20210104213939	90.2746
20210104213939	90.7861
20210104213939	90.7861
20210104213939	90.7861
20210104213939	91.4231
20210104213939	91.4231
20210104213939	91.9308
20210104213939	91.9308
20210104213939	91.9308
20210104213939	91.9308
20210104213939	92.4379
20210104213939	92.4379
20210104213939	92.4379
20210104213939	92.4379
20210104213939	92.9462
20210104213939	92.9462
20210104213939	92.9462
20210104213939	93.4524
20210104213939	93.4524
20210104213939	93.4524
20210104213939	93.9564
20210104213939	93.9564
20210104213939	93.9564
20210104213939	93.9564
20210104213939	94.5831
20210104213939	94.5831
20210104213939	94.5831
20210104213939	95.082
20210104213939	95.082
20210104213939	95.082
20210104213939	95.5785
20210104213939	95.5785
20210104213939	95.5785
20210104213939	95.5785
20210104213939	96.0759
20210104213939	96.0759
20210104213939	96.0759
20210104213939	96.5706
20210104213939	96.5706
20210104213940	96.5706
20210104213940	97.0626
20210104213940	97.0626
20210104213940	97.0626
20210104213940	97.0626
20210104213940	97.6737
20210104213940	97.6737
20210104213940	98.1595
20210104213940	98.1595
20210104213940	98.1595
20210104213940	98.1595
20210104213940	98.6423
20210104213940	98.6423
20210104213940	98.6423
20210104213940	99.1266
20210104213940	99.1266
20210104213940	99.1266
20210104213940	99.1266
20210104213940	99.6077
20210104213940	99.6077
20210104213940	99.6077
20210104213940	100.086
20210104213940	100.086
20210104213940	100.086
20210104213940	100.086
20210104213940	100.679
20210104213940	100.679
20210104213940	100.679
20210104213940	101.149
20210104213940	101.149
20210104213940	101.149
20210104213940	101.617
20210104213940	101.617
20210104213940	101.617
20210104213940	101.617
20210104213940	102.086
20210104213940	102.086
20210104213940	102.086
20210104213940	102.552
20210104213940	102.552
20210104213940	102.552
20210104213940	103.014
20210104213940	103.014
20210104213941	103.014
20210104213941	103.014
20210104213941	103.586
20210104213941	103.586
20210104213941	103.586
20210104213941	104.04
20210104213941	104.04
20210104213941	104.04
20210104213941	104.49
20210104213941	104.49
20210104213941	104.49
20210104213941	104.49
20210104213941	104.94
20210104213941	104.94
20210104213941	104.94
20210104213941	105.387
20210104213941	105.387
20210104213941	105.387
20210104213941	105.387
20210104213941	105.83
20210104213941	105.83
20210104213941	105.83
20210104213941	106.378
20210104213941	106.378
20210104213941	106.378
20210104213941	106.812
20210104213941	106.812
20210104213941	106.812
20210104213941	107.243
20210104213941	107.243
20210104213941	107.243
20210104213941	107.243
20210104213941	107.672
20210104213941	107.672
20210104213941	107.672
20210104213941	108.1
20210104213941	108.1
20210104213941	108.1
20210104213941	108.525
20210104213941	108.525
20210104213941	108.525
20210104213941	108.525
20210104213941	109.051
20210104213941	109.051
20210104213941	109.051
20210104213941	109.469
20210104213941	109.469
20210104213941	109.469
20210104213941	109.885
20210104213941	109.885
20210104213941	109.885
20210104213942	109.885
20210104213942	110.3
20210104213942	110.3
20210104213942	110.715
20210104213942	110.715
20210104213942	110.715
20210104213942	110.715
20210104213942	111.128
20210104213942	111.128
20210104213942	111.128
20210104213942	111.128
20210104213942	111.641
20210104213942	111.641
20210104213942	111.641
20210104213942	112.05
20210104213942	112.05
20210104213942	112.05
20210104213942	112.458
20210104213942	112.458
20210104213942	112.458
20210104213942	112.458
20210104213942	112.867
20210104213942	112.867
20210104213942	112.867
20210104213942	113.277
20210104213942	113.277
20210104213942	113.277
20210104213942	113.687
20210104213942	113.687
20210104213942	113.687
20210104213942	113.687
20210104213942	114.2
20210104213942	114.2
20210104213942	114.2
20210104213942	114.61
20210104213942	114.61
20210104213942	114.61
20210104213942	115.022
20210104213942	115.022
20210104213942	115.022
20210104213942	115.022
20210104213942	115.435
20210104213942	115.435
20210104213942	115.435
20210104213942	115.852
20210104213942	115.852
20210104213942	115.852
20210104213942	116.27
20210104213942	116.27
20210104213942	116.27
20210104213942	116.27
20210104213942	116.796
20210104213942	116.796
20210104213943	116.796
20210104213943	117.218
20210104213943	117.218
20210104213943	117.218
20210104213943	117.644
20210104213943	117.644
20210104213943	117.644
20210104213943	117.644
20210104213943	118.073
20210104213943	118.073
20210104213943	118.073
20210104213943	118.507
20210104213943	118.507
20210104213943	118.507
20210104213943	118.945
20210104213943	118.945
20210104213943	118.945
20210104213943	118.945
20210104213943	119.496
20210104213943	119.496
20210104213943	119.496
20210104213943	119.941
20210104213943	119.941
20210104213943	119.941
20210104213943	120.389
20210104213943	120.389
20210104213943	120.389
20210104213943	120.389
20210104213943	120.84
20210104213943	120.84
20210104213943	120.84
20210104213943	121.298
20210104213943	121.298
20210104213943	121.298
20210104213943	121.76
20210104213943	121.76
20210104213943	121.76
20210104213943	121.76
20210104213943	122.342
20210104213943	122.342
20210104213943	122.342
20210104213943	122.812
20210104213943	122.812
20210104213943	122.812
20210104213943	123.286
20210104213943	123.286
20210104213943	123.286
20210104213943	123.286
20210104213944	123.763
20210104213944	123.763
20210104213944	123.763
20210104213944	124.248
20210104213944	124.248
20210104213944	124.248
20210104213944	124.735
20210104213944	124.735
20210104213944	124.735
20210104213944	124.735
20210104213944	125.35
20210104213944	125.35
20210104213944	125.35
20210104213944	125.847
20210104213944	125.847
20210104213944	125.847
20210104213944	126.347
20210104213944	126.347
20210104213944	126.347
20210104213944	126.347
20210104213944	126.85
20210104213944	126.85
20210104213944	126.85
20210104213944	127.359
20210104213944	127.359
20210104213944	127.359
20210104213944	127.872
20210104213944	127.872
20210104213944	127.872
20210104213944	127.872
20210104213944	128.518
20210104213944	128.518
20210104213944	128.518
20210104213944	129.038
20210104213944	129.038
20210104213944	129.038
20210104213944	129.563
20210104213944	129.563
20210104213944	129.563
20210104213944	129.563
20210104213944	130.09
20210104213944	130.09
20210104213944	130.09
20210104213944	130.623
20210104213944	130.623
20210104213944	130.623
20210104213944	131.16
20210104213944	131.16
20210104213944	131.16
20210104213944	131.16
20210104213944	131.835
20210104213944	131.835
20210104213944	131.835
20210104213944	132.379
20210104213944	132.379
20210104213944	132.379
20210104213944	132.925
20210104213944	132.925
20210104213944	132.925
20210104213945	132.925
20210104213945	133.474
20210104213945	133.474
20210104213945	133.474
20210104213945	134.026
20210104213945	134.026
20210104213945	134.026
20210104213945	134.581
20210104213945	134.581
20210104213945	134.581
20210104213945	135.279
20210104213945	135.279
20210104213945	135.279
20210104213945	135.279
20210104213945	135.839
20210104213945	135.839
20210104213945	135.839
20210104213945	136.402
20210104213945	136.402
20210104213945	136.402
20210104213945	136.402
20210104213945	136.966
20210104213945	136.966
20210104213945	136.966
20210104213945	137.534
20210104213945	137.534
20210104213945	137.534
20210104213945	138.104
20210104213945	138.104
20210104213945	138.104
20210104213945	138.104
20210104213945	138.819
20210104213945	138.819
20210104213945	138.819
20210104213945	139.393
20210104213945	139.393
20210104213945	139.393
20210104213945	139.968
20210104213945	139.968
20210104213945	139.968
20210104213945	139.968
20210104213945	140.545
20210104213945	140.545
20210104213945	140.545
20210104213945	141.123
20210104213945	141.123
20210104213945	141.123
20210104213945	141.704
20210104213945	141.704
20210104213945	141.704
20210104213945	141.704
20210104213945	142.432
20210104213945	142.432
20210104213945	142.432
20210104213945	143.014
20210104213945	143.014
20210104213945	143.014
20210104213945	143.598
20210104213945	143.598
20210104213945	143.598
20210104213945	143.598
20210104213946	144.182
20210104213946	144.182
20210104213946	144.182
20210104213946	144.768
20210104213946	144.768
20210104213946	144.768
20210104213946	145.355
20210104213946	145.355
20210104213946	145.355
20210104213946	145.355
20210104213946	146.09
20210104213946	146.09
20210104213946	146.09
20210104213946	146.678
20210104213946	146.678
20210104213946	146.678
20210104213946	147.266
20210104213946	147.266
20210104213946	147.266
20210104213946	147.266
20210104213946	147.854
20210104213946	147.854
20210104213946	147.854
20210104213946	148.443
20210104213946	148.443
20210104213946	148.443
20210104213946	149.032
20210104213946	149.032
20210104213946	149.032
20210104213946	149.032
20210104213946	149.769
20210104213946	149.769
20210104213946	149.769
20210104213946	150.358
20210104213946	150.358
20210104213946	150.358
20210104213946	150.947
20210104213946	150.947
20210104213946	150.947
20210104213946	150.947
20210104213946	151.684
20210104213946	151.684
20210104213946	152.125
20210104213947	152.125
20210104213947	152.125
20210104213947	152.125
20210104213947	152.717
20210104213947	152.717
20210104213947	152.717
20210104213947	152.717
20210104213947	153.455
20210104213947	153.455
20210104213947	153.455
20210104213947	154.045
20210104213947	154.045
20210104213947	154.045
20210104213947	154.635
20210104213947	154.635
20210104213947	154.635
20210104213947	154.635
20210104213947	155.224
20210104213947	155.224
20210104213947	155.224
20210104213947	155.812
20210104213947	155.812
20210104213947	155.812
20210104213947	156.401
20210104213947	156.401
20210104213947	156.401
20210104213947	156.401
20210104213947	157.137
20210104213947	157.137
20210104213947	157.137
20210104213947	157.725
20210104213947	157.725
20210104213947	157.725
20210104213947	158.312
20210104213947	158.312
20210104213947	158.312
20210104213947	158.312
20210104213947	158.899
20210104213947	158.899
20210104213948	158.899
20210104213948	159.485
20210104213948	159.485
20210104213948	159.485
20210104213948	160.071
20210104213948	160.071
20210104213948	160.071
20210104213948	160.071
20210104213948	160.802
20210104213948	160.802
20210104213948	160.802
20210104213948	161.387
20210104213948	161.387
20210104213948	161.387
20210104213948	161.97
20210104213948	161.97
20210104213948	161.97
20210104213948	161.97
20210104213948	162.553
20210104213948	162.553
20210104213948	163.135
20210104213948	163.135
20210104213948	163.135
20210104213948	163.135
20210104213948	163.716
20210104213948	163.716
20210104213948	163.716
20210104213948	163.716
20210104213948	164.442
20210104213948	164.442
20210104213948	164.442
20210104213948	165.022
20210104213948	165.022
20210104213948	165.022
20210104213948	165.602
20210104213948	165.602
20210104213948	165.602
20210104213948	165.602
20210104213948	166.18
20210104213948	166.18
20210104213948	166.18
20210104213948	166.759
20210104213948	166.759
20210104213948	166.759
20210104213948	167.337
20210104213948	167.337
20210104213948	167.337
20210104213948	167.337
20210104213948	168.06
20210104213948	168.06
20210104213949	168.06
20210104213949	168.638
20210104213949	168.638
20210104213949	168.638
20210104213949	169.215
20210104213949	169.215
20210104213949	169.215
20210104213949	169.215
20210104213949	169.793
20210104213949	169.793
20210104213949	169.793
20210104213949	170.37
20210104213949	170.37
20210104213949	170.37
20210104213949	170.947
20210104213949	170.947
20210104213949	170.947
20210104213949	170.947
20210104213949	171.669
20210104213949	171.669
20210104213949	171.669
20210104213949	172.246
20210104213949	172.246
20210104213949	172.246
20210104213949	172.824
20210104213949	172.824
20210104213949	172.824
20210104213949	172.824
20210104213949	173.403
20210104213949	173.403
20210104213949	173.403
20210104213949	173.982
20210104213949	173.982
20210104213949	173.982
20210104213949	174.563
20210104213949	174.563
20210104213949	174.563
20210104213949	174.563
20210104213949	175.292
20210104213949	175.292
20210104213949	175.876
20210104213949	175.876
20210104213949	175.876
20210104213949	175.876
20210104213949	176.462
20210104213949	176.462
20210104213949	176.462
20210104213949	177.048
20210104213949	177.048
20210104213949	177.048
20210104213949	177.048
20210104213949	177.637
20210104213949	177.637
20210104213949	177.637
20210104213949	178.226
20210104213949	178.226
20210104213949	178.226
20210104213949	178.226
20210104213950	178.923
20210104213950	178.923
20210104213950	178.923
20210104213950	179.385
20210104213950	179.385
20210104213950	179.385
20210104213950	179.796
20210104213950	179.796
20210104213950	179.796
20210104213950	179.796
20210104213950	180.208
20210104213950	180.208
20210104213950	180.208
20210104213950	180.583
20210104213950	180.583
20210104213950	180.583
20210104213950	180.946
20210104213950	180.946
20210104213950	180.946
20210104213950	180.946
20210104213950	181.391
20210104213950	181.391
20210104213950	181.391
20210104213950	181.741
20210104213950	181.741
20210104213950	181.741
20210104213950	182.088
20210104213950	182.088
20210104213950	182.088
20210104213950	182.088
20210104213950	182.431
20210104213950	182.431
20210104213950	182.431
20210104213950	182.771
20210104213950	182.771
20210104213950	182.771
20210104213950	183.11
20210104213950	183.11
20210104213950	183.11
20210104213950	183.11
20210104213950	183.532
20210104213950	183.532
20210104213950	183.532
20210104213950	183.857
20210104213950	183.857
20210104213950	183.857
20210104213950	184.177
20210104213950	184.177
20210104213950	184.177
20210104213950	184.177
20210104213950	184.497
20210104213950	184.497
20210104213950	184.497
20210104213951	184.817
20210104213951	184.817
20210104213951	184.817
20210104213951	185.138
20210104213951	185.138
20210104213951	185.138
20210104213951	185.138
20210104213951	185.537
20210104213951	185.537
20210104213951	185.537
20210104213951	185.826
20210104213951	185.826
20210104213951	185.826
20210104213951	186.108
20210104213951	186.108
20210104213951	186.108
20210104213951	186.108
20210104213951	186.387
20210104213951	186.387
20210104213951	186.387
20210104213951	186.636
20210104213951	186.636
20210104213951	186.636
20210104213951	186.636
20210104213951	186.856
20210104213951	186.856
20210104213951	186.856
20210104213951	187.124
20210104213951	187.124
20210104213951	187.124
20210104213951	187.333
20210104213951	187.333
20210104213951	187.333
20210104213951	187.537
20210104213951	187.537
20210104213951	187.537
20210104213951	187.537
20210104213951	187.737
20210104213951	187.737
20210104213951	187.737
20210104213951	187.911
20210104213951	187.911
20210104213951	187.911
20210104213951	188.028
20210104213951	188.028
20210104213951	188.028
20210104213951	188.028
20210104213951	188.162
20210104213951	188.162
20210104213951	188.162
20210104213951	188.259
20210104213951	188.259
20210104213951	188.259
20210104213952	188.346
20210104213952	188.346
20210104213952	188.346
20210104213952	188.346
20210104213952	188.422
20210104213952	188.422
20210104213952	188.489
20210104213952	188.489
20210104213952	188.489
20210104213952	188.489
20210104213952	188.545
20210104213952	188.545
20210104213952	188.545
20210104213952	188.545
20210104213952	188.608
20210104213952	188.608
20210104213952	188.608
20210104213952	188.656
20210104213952	188.656
20210104213952	188.656
20210104213952	188.697
20210104213952	188.697
20210104213952	188.697
20210104213952	188.697
20210104213952	188.735
20210104213952	188.735
20210104213952	188.735
20210104213952	188.772
20210104213952	188.772
20210104213952	188.772
20210104213952	188.808
20210104213952	188.808
20210104213952	188.808
20210104213952	188.808
20210104213952	188.832
20210104213952	188.832
20210104213952	188.837
20210104213952	188.837
20210104213952	188.837
20210104213952	188.837
20210104213952	188.841
20210104213952	188.841
20210104213952	188.841
20210104213952	188.841
20210104213952	188.843
20210104213952	188.843
20210104213952	188.843
20210104213952	188.846
20210104213952	188.846
20210104213952	188.846
20210104213952	188.851
20210104213952	188.851
20210104213952	188.851
20210104213953	188.851
20210104213953	188.861
20210104213953	188.861
20210104213953	188.861
20210104213953	188.878
20210104213953	188.878
20210104213953	188.878
20210104213953	188.896
20210104213953	188.896
20210104213953	188.896
20210104213953	188.896
20210104213953	188.915
20210104213953	188.915
20210104213953	188.915
20210104213953	188.933
20210104213953	188.933
20210104213953	188.936
20210104213953	188.936
20210104213953	188.936
20210104213953	188.936
20210104213953	188.936
20210104213953	188.935
20210104213953	188.935
20210104213953	188.935
20210104213953	188.943
20210104213953	188.943
20210104213953	188.943
20210104213953	188.949
20210104213953	188.949
20210104213953	188.949
20210104213953	188.949
20210104213953	188.952
20210104213953	188.952
20210104213953	188.952
20210104213953	188.951
20210104213953	188.951
20210104213953	188.951
20210104213953	188.946
20210104213953	188.946
20210104213953	188.946
20210104213953	188.946
20210104213953	188.94
20210104213953	188.94
20210104213953	188.94
20210104213953	188.944
20210104213953	188.944
20210104213953	188.944
20210104213953	188.948
20210104213953	188.948
20210104213953	188.948
20210104213953	188.948
20210104213953	188.951
20210104213953	188.951
20210104213954	188.951
20210104213954	188.953
20210104213954	188.953
20210104213954	188.953
20210104213954	188.954
20210104213954	188.954
20210104213954	188.954
20210104213954	188.95
20210104213954	188.95
20210104213954	188.95
20210104213954	188.95
20210104213954	188.955
20210104213954	188.955
20210104213954	188.955
20210104213954	188.959
20210104213954	188.959
20210104213954	188.959
20210104213954	188.961
20210104213954	188.961
20210104213954	188.961
20210104213954	188.961
20210104213954	188.961
20210104213954	188.961
20210104213954	188.961
20210104213954	188.96
20210104213954	188.96
20210104213954	188.96
20210104213954	188.96
20210104213954	188.958
20210104213954	188.958
20210104213954	188.958
20210104213954	188.962
20210104213954	188.962
20210104213954	188.962
20210104213954	188.966
20210104213954	188.966
20210104213954	188.966
20210104213954	188.966
20210104213954	188.97
20210104213954	188.97
20210104213954	188.972
20210104213954	188.972
20210104213954	188.972
20210104213954	188.972
20210104213954	188.974
20210104213954	188.974
20210104213954	188.974
20210104213955	188.975
20210104213955	188.975
20210104213955	188.975
20210104213955	188.975
20210104213955	188.979
20210104213955	188.979
20210104213955	188.979
20210104213955	188.982
20210104213955	188.982
20210104213955	188.982
20210104213955	188.984
20210104213955	188.984
20210104213955	188.984
20210104213955	188.984
20210104213955	188.984
20210104213955	188.984
20210104213955	188.984
20210104213955	188.984
20210104213955	188.984
20210104213955	188.984
20210104213955	188.981
20210104213955	188.981
20210104213955	188.981
20210104213955	188.981
20210104213955	188.982
20210104213955	188.982
20210104213955	188.985
20210104213955	188.985
20210104213955	188.985
20210104213955	188.985
20210104213955	188.986
20210104213955	188.986
20210104213955	188.986
20210104213955	188.986
20210104213955	188.987
20210104213955	188.987
20210104213955	188.987
20210104213955	188.986
20210104213955	188.986
20210104213955	188.986
20210104213955	188.984
20210104213955	188.984
20210104213956	188.984
20210104213956	188.984
20210104213956	188.987
20210104213956	188.987
20210104213956	188.987
20210104213956	188.994
20210104213956	188.994
20210104213956	188.994
20210104213956	188.999
20210104213956	188.999
20210104213956	188.999
20210104213956	188.999
20210104213956	189.004
20210104213956	189.004
20210104213956	189.004
20210104213956	189.007
20210104213956	189.007
20210104213956	189.007
20210104213956	189.007
20210104213956	189.01
20210104213956	189.01
20210104213956	189.01
20210104213956	189.009
20210104213956	189.009
20210104213956	189.009
20210104213956	189.011
20210104213956	189.011
20210104213956	189.011
20210104213956	189.013
20210104213956	189.013
20210104213956	189.013
20210104213956	189.013
20210104213956	189.015
20210104213956	189.015
20210104213956	189.015
20210104213956	189.016
20210104213956	189.016
20210104213956	189.016
20210104213956	189.016
20210104213956	189.015
20210104213956	189.015
20210104213956	189.015
20210104213956	189.016
20210104213957	189.016
20210104213957	189.016
20210104213957	189.02
20210104213957	189.02
20210104213957	189.02
20210104213957	189.02
20210104213957	189.024
20210104213957	189.024
20210104213957	189.024
20210104213957	189.026
20210104213957	189.026
20210104213957	189.026
20210104213957	189.028
20210104213957	189.028
20210104213957	189.028
20210104213957	189.029
20210104213957	189.029
20210104213957	189.029
20210104213957	189.029
20210104213957	189.029
20210104213957	189.029
20210104213957	189.035
20210104213957	189.035
20210104213957	189.035
20210104213957	189.035
20210104213957	189.035
20210104213957	189.042
20210104213957	189.042
20210104213957	189.049
20210104213957	189.049
20210104213957	189.049
20210104213957	189.049
20210104213957	189.054
20210104213957	189.054
20210104213957	189.054
20210104213957	189.065
20210104213957	189.065
20210104213957	189.065
20210104213957	189.065
20210104213957	189.075
20210104213957	189.075
20210104213957	189.092
20210104213957	189.092
20210104213957	189.092
20210104213957	189.092
20210104213957	189.092
20210104213957	189.111
20210104213957	189.111
20210104213958	189.111
20210104213958	189.139
20210104213958	189.139
20210104213958	189.139
20210104213958	189.156
20210104213958	189.156
20210104213958	189.156
20210104213958	189.187
20210104213958	189.187
20210104213958	189.187
20210104213958	189.187
20210104213958	189.21
20210104213958	189.21
20210104213958	189.21
20210104213958	189.235
20210104213958	189.235
20210104213958	189.235
20210104213958	189.264
20210104213958	189.264
20210104213958	189.264
20210104213958	189.264
20210104213958	189.282
20210104213958	189.282
20210104213958	189.282
20210104213958	189.303
20210104213958	189.303
20210104213958	189.303
20210104213958	189.322
20210104213958	189.322
20210104213958	189.322
20210104213958	189.322
20210104213958	189.333
20210104213958	189.333
20210104213958	189.333
20210104213958	189.344
20210104213958	189.344
20210104213958	189.344
20210104213958	189.344
20210104213958	189.353
20210104213958	189.353
20210104213958	189.353
20210104213958	189.361
20210104213958	189.361
20210104213958	189.361
20210104213958	189.369
20210104213958	189.369
20210104213958	189.369
20210104213958	189.38
20210104213958	189.38
20210104213958	189.38
20210104213959	189.38
20210104213959	189.389
20210104213959	189.389
20210104213959	189.389
20210104213959	189.399
20210104213959	189.399
20210104213959	189.399
20210104213959	189.399
20210104213959	189.409
20210104213959	189.409
20210104213959	189.409
20210104213959	189.423
20210104213959	189.423
20210104213959	189.423
20210104213959	189.431
20210104213959	189.431
20210104213959	189.431
20210104213959	189.445
20210104213959	189.445
20210104213959	189.445
20210104213959	189.445
20210104213959	189.457
20210104213959	189.457
20210104213959	189.457
20210104213959	189.468
20210104213959	189.468
20210104213959	189.468
20210104213959	189.48
20210104213959	189.48
20210104213959	189.48
20210104213959	189.48
20210104213959	189.492
20210104213959	189.492
20210104213959	189.492
20210104213959	189.505
20210104213959	189.505
20210104213959	189.505
20210104213959	189.505
20210104213959	189.521
20210104213959	189.521
20210104213959	189.521
20210104213959	189.535
20210104213959	189.535
20210104213959	189.535
20210104213959	189.549
20210104213959	189.549
20210104213959	189.549
20210104213959	189.549
20210104213959	189.564
20210104213959	189.564
20210104213959	189.564
20210104213959	189.564
20210104213959	189.578
20210104213959	189.578
20210104213959	189.588
20210104213959	189.588
20210104213959	189.588
20210104213959	189.588
20210104213959	189.607
20210104213959	189.607
20210104213959	189.607
20210104213959	189.622
20210104214000	189.622
20210104214000	189.622
20210104214000	189.638
20210104214000	189.638
20210104214000	189.638
20210104214000	189.638
20210104214000	189.65
20210104214000	189.65
20210104214000	189.664
20210104214000	189.664
20210104214000	189.664
20210104214000	189.664
20210104214000	189.679
20210104214000	189.679
20210104214000	189.679
20210104214000	189.699
20210104214000	189.699
20210104214000	189.699
20210104214000	189.699
20210104214000	189.717
20210104214000	189.717
20210104214000	189.717
20210104214000	189.735
20210104214000	189.735
20210104214000	189.735
20210104214000	189.735
20210104214000	189.748
20210104214000	189.748
20210104214000	189.748
20210104214000	189.762
20210104214000	189.762
20210104214000	189.762
20210104214000	189.778
20210104214000	189.778
20210104214000	189.778
20210104214000	189.778
20210104214000	189.8
20210104214000	189.8
20210104214000	189.8
20210104214000	189.819
20210104214000	189.819
20210104214000	189.819
20210104214000	189.84
20210104214000	189.84
20210104214000	189.84
20210104214000	189.852
20210104214000	189.852
20210104214000	189.852
20210104214000	189.852
20210104214000	189.867
20210104214000	189.867
20210104214000	189.867
20210104214000	189.888
20210104214000	189.888
20210104214001	189.888
20210104214001	189.907
20210104214001	189.907
20210104214001	189.907
20210104214001	189.907
20210104214001	189.928
20210104214001	189.928
20210104214001	189.928
20210104214001	189.95
20210104214001	189.95
20210104214001	189.95
20210104214001	189.95
20210104214001	189.966
20210104214001	189.966
20210104214001	189.966
20210104214001	189.98
20210104214001	189.98
20210104214001	189.997
20210104214001	189.997
20210104214001	189.997
20210104214001	189.997
20210104214001	189.997
20210104214001	190.022
20210104214001	190.022
20210104214001	190.022
20210104214001	190.044
20210104214001	190.044
20210104214001	190.044
20210104214001	190.067
20210104214001	190.067
20210104214001	190.067
20210104214001	190.067
20210104214001	190.083
20210104214001	190.083
20210104214001	190.083
20210104214001	190.098
20210104214001	190.098
20210104214001	190.115
20210104214001	190.115
20210104214001	190.115
20210104214001	190.115
20210104214001	190.115
20210104214002	190.141
20210104214002	190.141
20210104214002	190.141
20210104214002	190.164
20210104214002	190.164
20210104214002	190.189
20210104214002	190.189
20210104214002	190.189
20210104214002	190.189
20210104214002	190.208
20210104214002	190.208
20210104214002	190.208
20210104214002	190.208
20210104214002	190.208
20210104214002	190.226
20210104214002	190.226
20210104214002	190.244
20210104214002	190.244
20210104214002	190.244
20210104214002	190.244
20210104214002	190.265
20210104214002	190.265
20210104214002	190.265
20210104214002	190.288
20210104214002	190.288
20210104214002	190.288
20210104214002	190.314
20210104214002	190.314
20210104214002	190.314
20210104214002	190.314
20210104214002	190.334
20210104214002	190.334
20210104214002	190.347
20210104214002	190.347
20210104214002	190.347
20210104214002	190.347
20210104214002	190.363
20210104214002	190.363
20210104214002	190.363
20210104214002	190.363
20210104214002	190.389
20210104214002	190.389
20210104214002	190.389
20210104214002	190.413
20210104214002	190.413
20210104214002	190.413
20210104214002	190.441
20210104214002	190.441
20210104214002	190.441
20210104214002	190.468
20210104214002	190.468
20210104214002	190.468
20210104214002	190.468
20210104214002	190.477
20210104214002	190.477
20210104214002	190.477
20210104214002	190.493
20210104214002	190.493
20210104214002	190.493
20210104214002	190.518
20210104214002	190.518
20210104214002	190.518
20210104214002	190.518
20210104214002	190.542
20210104214003	190.542
20210104214003	190.542
20210104214003	190.57
20210104214003	190.57
20210104214003	190.57
20210104214003	190.595
20210104214003	190.595
20210104214003	190.595
20210104214003	190.595
20210104214003	190.605
20210104214003	190.605
20210104214003	190.62
20210104214003	190.62
20210104214003	190.62
20210104214003	190.62
20210104214003	190.62
20210104214003	190.645
20210104214003	190.645
20210104214003	190.645
20210104214003	190.67
20210104214003	190.67
20210104214003	190.67
20210104214003	190.698
20210104214003	190.698
20210104214003	190.698
20210104214003	190.698
20210104214003	190.73
20210104214003	190.73
20210104214003	190.73
20210104214003	190.739
20210104214003	190.739
20210104214003	190.752
20210104214003	190.752
20210104214003	190.752
20210104214003	190.752
20210104214003	190.752
20210104214003	190.776
20210104214003	190.776
20210104214003	190.8
20210104214003	190.8
20210104214003	190.8
20210104214003	190.8
20210104214003	190.829
20210104214003	190.829
20210104214003	190.829
20210104214004	190.861
20210104214004	190.861
20210104214004	190.861
20210104214004	190.861
20210104214004	190.87
20210104214004	190.87
20210104214004	190.87
20210104214004	190.88
20210104214004	190.88
20210104214004	190.88
20210104214004	190.903
20210104214004	190.903
20210104214004	190.903
20210104214004	190.903
20210104214004	190.927
20210104214004	190.927
20210104214004	190.927
20210104214004	190.955
20210104214004	190.955
20210104214004	190.955
20210104214004	190.955
20210104214004	190.988
20210104214004	190.988
20210104214004	190.988
20210104214004	191.001
20210104214004	191.001
20210104214004	191.001
20210104214004	191.011
20210104214004	191.011
20210104214004	191.011
20210104214004	191.011
20210104214004	191.032
20210104214004	191.032
20210104214004	191.032
20210104214004	191.056
20210104214004	191.056
20210104214004	191.056
20210104214004	191.084
20210104214004	191.084
20210104214004	191.084
20210104214004	191.117
20210104214004	191.117
20210104214004	191.117
20210104214004	191.117
20210104214004	191.128
20210104214004	191.128
20210104214004	191.128
20210104214004	191.137
20210104214004	191.137
20210104214005	191.137
20210104214005	191.137
20210104214005	191.157
20210104214005	191.157
20210104214005	191.157
20210104214005	191.18
20210104214005	191.18
20210104214005	191.208
20210104214005	191.208
20210104214005	191.208
20210104214005	191.208
20210104214005	191.208
20210104214005	191.241
20210104214005	191.241
20210104214005	191.241
20210104214005	191.26
20210104214005	191.26
20210104214005	191.26
20210104214005	191.266
20210104214005	191.266
20210104214005	191.266
20210104214005	191.284
20210104214005	191.284
20210104214005	191.284
20210104214005	191.284
20210104214005	191.305
20210104214005	191.305
20210104214005	191.333
20210104214005	191.333
20210104214005	191.333
20210104214005	191.333
20210104214005	191.366
20210104214005	191.366
20210104214005	191.366
20210104214005	191.366
20210104214005	191.393
20210104214005	191.393
20210104214005	191.393
20210104214005	191.396
20210104214005	191.396
20210104214005	191.396
20210104214005	191.396
20210104214005	191.41
20210104214005	191.41
20210104214005	191.41
20210104214005	191.43
20210104214005	191.43
20210104214006	191.43
20210104214006	191.456
20210104214006	191.456
20210104214006	191.456
20210104214006	191.456
20210104214006	191.488
20210104214006	191.488
20210104214006	191.488
20210104214006	191.514
20210104214006	191.514
20210104214006	191.514
20210104214006	191.516
20210104214006	191.516
20210104214006	191.516
20210104214006	191.527
20210104214006	191.527
20210104214006	191.527
20210104214006	191.527
20210104214006	191.545
20210104214006	191.545
20210104214006	191.545
20210104214006	191.57
20210104214006	191.57
20210104214006	191.57
20210104214006	191.57
20210104214006	191.601
20210104214006	191.601
20210104214006	191.601
20210104214006	191.627
20210104214006	191.627
20210104214006	191.626
20210104214006	191.626
20210104214006	191.626
20210104214006	191.626
20210104214006	191.637
20210104214006	191.637
20210104214006	191.637
20210104214006	191.637
20210104214006	191.654
20210104214006	191.654
20210104214006	191.654
20210104214006	191.678
20210104214006	191.678
20210104214006	191.678
20210104214006	191.678
20210104214006	191.71
20210104214006	191.71
20210104214006	191.71
20210104214006	191.745
20210104214007	191.745
20210104214007	191.745
20210104214007	191.742
20210104214007	191.742
20210104214007	191.742
20210104214007	191.749
20210104214007	191.749
20210104214007	191.749
20210104214007	191.749
20210104214007	191.764
20210104214007	191.764
20210104214007	191.764
20210104214007	191.764
20210104214007	191.786
20210104214007	191.786
20210104214007	191.816
20210104214007	191.816
20210104214007	191.816
20210104214007	191.816
20210104214007	191.852
20210104214007	191.852
20210104214007	191.852
20210104214007	191.844
20210104214007	191.844
20210104214007	191.844
20210104214007	191.847
20210104214007	191.847
20210104214007	191.847
20210104214007	191.86
20210104214007	191.86
20210104214007	191.86
20210104214007	191.86
20210104214007	191.881
20210104214007	191.881
20210104214007	191.881
20210104214007	191.881
20210104214007	191.909
20210104214007	191.909
20210104214007	191.909
20210104214007	191.944
20210104214007	191.944
20210104214007	191.944
20210104214007	191.971
20210104214007	191.971
20210104214007	191.971
20210104214007	191.971
20210104214007	192.01
20210104214007	192.01
20210104214007	192.01
20210104214007	192.01
20210104214008	192.049
20210104214008	192.049
20210104214008	192.095
20210104214008	192.095
20210104214008	192.095
20210104214008	192.095
20210104214008	192.146
20210104214008	192.146
20210104214008	192.146
20210104214008	192.203
20210104214008	192.203
20210104214008	192.203
20210104214008	192.248
20210104214008	192.248
20210104214008	192.248
20210104214008	192.248
20210104214008	192.306
20210104214008	192.306
20210104214008	192.306
20210104214008	192.36
20210104214008	192.36
20210104214008	192.36
20210104214008	192.42
20210104214008	192.42
20210104214008	192.42
20210104214008	192.42
20210104214008	192.486
20210104214008	192.486
20210104214008	192.486
20210104214008	192.556
20210104214008	192.556
20210104214008	192.556
20210104214008	192.616
20210104214008	192.616
20210104214008	192.616
20210104214008	192.683
20210104214008	192.683
20210104214008	192.683
20210104214008	192.683
20210104214008	192.743
20210104214008	192.743
20210104214008	192.743
20210104214009	192.809
20210104214009	192.809
20210104214009	192.809
20210104214009	192.809
20210104214009	192.9
20210104214009	192.9
20210104214009	192.9
20210104214009	192.958
20210104214009	192.958
20210104214009	192.958
20210104214009	193.022
20210104214009	193.022
20210104214009	193.022
20210104214009	193.022
20210104214009	193.09
20210104214009	193.09
20210104214009	193.09
20210104214009	193.152
20210104214009	193.152
20210104214009	193.152
20210104214009	193.221
20210104214009	193.221
20210104214009	193.221
20210104214009	193.295
20210104214009	193.295
20210104214009	193.295
20210104214009	193.295
20210104214009	193.375
20210104214009	193.375
20210104214009	193.375
20210104214009	193.449
20210104214009	193.449
20210104214009	193.449
20210104214009	193.449
20210104214009	193.513
20210104214009	193.513
20210104214009	193.572
20210104214009	193.572
20210104214009	193.572
20210104214009	193.639
20210104214009	193.639
20210104214009	193.639
20210104214009	193.639
20210104214009	193.712
20210104214009	193.712
20210104214009	193.712
20210104214009	193.712
20210104214009	193.79
20210104214009	193.79
20210104214009	193.79
20210104214010	193.863
20210104214010	193.863
20210104214010	193.863
20210104214010	193.919
20210104214010	193.919
20210104214010	193.919
20210104214010	193.919
20210104214010	193.974
20210104214010	193.974
20210104214010	193.974
20210104214010	194.037
20210104214010	194.037
20210104214010	194.037
20210104214010	194.037
20210104214010	194.125
20210104214010	194.125
20210104214010	194.125
20210104214010	194.203
20210104214010	194.203
20210104214010	194.203
20210104214010	194.266
20210104214010	194.266
20210104214010	194.266
20210104214010	194.312
20210104214010	194.312
20210104214010	194.312
20210104214010	194.359
20210104214010	194.359
20210104214010	194.359
20210104214010	194.359
20210104214010	194.416
20210104214010	194.416
20210104214010	194.416
20210104214010	194.416
20210104214010	194.48
20210104214010	194.48
20210104214010	194.48
20210104214010	194.552
20210104214010	194.552
20210104214010	194.552
20210104214010	194.63
20210104214010	194.63
20210104214010	194.63
20210104214010	194.666
20210104214010	194.666
20210104214010	194.666
20210104214010	194.666
20210104214010	194.706
20210104214010	194.706
20210104214010	194.706
20210104214010	194.755
20210104214010	194.755
20210104214010	194.755
20210104214010	194.814
20210104214010	194.814
20210104214010	194.814
20210104214010	194.814
20210104214010	194.88
20210104214010	194.88
20210104214010	194.88
20210104214010	194.954
20210104214010	194.954
20210104214010	194.954
20210104214010	194.992
20210104214011	194.992
20210104214011	194.992
20210104214011	194.992
20210104214011	195.023
20210104214011	195.023
20210104214011	195.023
20210104214011	195.064
20210104214011	195.064
20210104214011	195.064
20210104214011	195.064
20210104214011	195.114
20210104214011	195.114
20210104214011	195.114
20210104214011	195.19
20210104214011	195.19
20210104214011	195.19
20210104214011	195.242
20210104214011	195.242
20210104214011	195.242
20210104214011	195.242
20210104214011	195.268
20210104214011	195.268
20210104214011	195.289
20210104214011	195.289
20210104214011	195.289
20210104214011	195.289
20210104214011	195.321
20210104214011	195.321
20210104214011	195.321
20210104214011	195.321
20210104214011	195.377
20210104214011	195.377
20210104214011	195.377
20210104214011	195.417
20210104214011	195.417
20210104214011	195.417
20210104214011	195.495
20210104214011	195.495
20210104214011	195.495
20210104214011	195.495
20210104214011	195.51
20210104214011	195.51
20210104214011	195.51
20210104214011	195.52
20210104214011	195.52
20210104214011	195.52
20210104214011	195.542
20210104214011	195.542
20210104214011	195.542
20210104214011	195.576
20210104214011	195.576
20210104214011	195.576
20210104214011	195.576
20210104214011	195.621
20210104214011	195.621
20210104214011	195.621
20210104214011	195.675
20210104214011	195.675
20210104214011	195.675
20210104214012	195.675
20210104214012	195.695
20210104214012	195.695
20210104214012	195.695
20210104214012	195.694
20210104214012	195.694
20210104214012	195.694
20210104214012	195.707
20210104214012	195.707
20210104214012	195.707
20210104214012	195.707
20210104214012	195.733
20210104214012	195.733
20210104214012	195.733
20210104214012	195.78
20210104214012	195.78
20210104214012	195.78
20210104214012	195.817
20210104214012	195.817
20210104214012	195.817
20210104214012	195.817
20210104214012	195.888
20210104214012	195.888
20210104214012	195.888
20210104214012	195.955
20210104214012	195.955
20210104214012	195.955
20210104214012	196.029
20210104214012	196.029
20210104214012	196.029
20210104214012	196.029
20210104214012	196.111
20210104214012	196.111
20210104214012	196.111
20210104214012	196.2
20210104214012	196.2
20210104214012	196.2
20210104214012	196.294
20210104214012	196.294
20210104214012	196.294
20210104214012	196.42
20210104214012	196.42
20210104214012	196.42
20210104214012	196.42
20210104214012	196.527
20210104214012	196.527
20210104214012	196.527
20210104214012	196.639
20210104214012	196.639
20210104214012	196.639
20210104214013	196.755
20210104214013	196.755
20210104214013	196.755
20210104214013	196.755
20210104214013	196.755
20210104214013	196.875
20210104214013	196.875
20210104214013	196.999
20210104214013	196.999
20210104214013	196.999
20210104214013	196.999
20210104214013	197.16
20210104214013	197.16
20210104214013	197.16
20210104214013	197.292
20210104214013	197.292
20210104214013	197.292
20210104214013	197.427
20210104214013	197.427
20210104214013	197.427
20210104214013	197.565
20210104214013	197.565
20210104214013	197.565
20210104214013	197.565
20210104214013	197.706
20210104214013	197.706
20210104214013	197.706
20210104214013	197.849
20210104214013	197.849
20210104214013	197.849
20210104214013	197.849
20210104214013	198.031
20210104214013	198.031
20210104214013	198.18
20210104214013	198.18
20210104214013	198.18
20210104214013	198.18
20210104214013	198.33
20210104214013	198.33
20210104214013	198.33
20210104214013	198.483
20210104214013	198.483
20210104214013	198.483
20210104214013	198.483
20210104214013	198.638
20210104214013	198.638
20210104214013	198.638
20210104214013	198.795
20210104214013	198.795
20210104214013	198.795
20210104214013	198.795
20210104214013	198.993
20210104214013	198.993
20210104214013	198.993
20210104214013	199.153
20210104214013	199.153
20210104214013	199.153
20210104214013	199.315
20210104214013	199.315
20210104214013	199.315
20210104214013	199.52
20210104214014	199.52
20210104214014	199.52
20210104214014	199.52
20210104214014	199.644
20210104214014	199.644
20210104214014	199.811
20210104214014	199.811
20210104214014	199.811
20210104214014	199.811
20210104214014	199.811
20210104214014	200.021
20210104214014	200.021
20210104214014	200.021
20210104214014	200.191
20210104214014	200.191
20210104214014	200.191
20210104214014	200.362
20210104214014	200.362
20210104214014	200.362
20210104214014	200.534
20210104214014	200.534
20210104214014	200.534
20210104214014	200.534
20210104214014	200.752
20210104214014	200.752
20210104214014	200.752
20210104214014	200.927
20210104214014	200.927
20210104214014	200.927
20210104214014	200.927
20210104214014	201.104
20210104214014	201.104
20210104214014	201.282
20210104214014	201.282
20210104214014	201.282
20210104214014	201.282
20210104214014	201.461
20210104214014	201.461
20210104214014	201.461
20210104214014	201.641
20210104214014	201.641
20210104214014	201.641
20210104214014	201.641
20210104214014	201.868
20210104214014	201.868
20210104214014	201.868
20210104214014	201.868
20210104214014	202.005
20210104214014	202.005
20210104214014	202.235
20210104214014	202.235
20210104214015	202.235
20210104214015	202.235
20210104214015	202.421
20210104214015	202.421
20210104214015	202.421
20210104214015	202.607
20210104214015	202.607
20210104214015	202.607
20210104214015	202.795
20210104214015	202.795
20210104214015	202.795
20210104214015	202.795
20210104214015	203.03
20210104214015	203.03
20210104214015	203.03
20210104214015	203.173
20210104214015	203.173
20210104214015	203.173
20210104214015	203.173
20210104214015	203.412
20210104214015	203.412
20210104214015	203.412
20210104214015	203.604
20210104214015	203.604
20210104214015	203.604
20210104214015	203.797
20210104214015	203.797
20210104214015	203.797
20210104214015	203.797
20210104214015	203.991
20210104214015	203.991
20210104214015	204.187
20210104214015	204.187
20210104214015	204.187
20210104214015	204.384
20210104214015	204.384
20210104214015	204.384
20210104214015	204.384
20210104214015	204.631
20210104214015	204.631
20210104214015	204.631
20210104214015	204.631
20210104214015	204.83
20210104214015	204.83
20210104214015	204.83
20210104214015	205.03
20210104214015	205.03
20210104214015	205.03
20210104214015	205.232
20210104214016	205.232
20210104214016	205.232
20210104214016	205.232
20210104214016	205.485
20210104214016	205.485
20210104214016	205.638
20210104214016	205.638
20210104214016	205.638
20210104214016	205.638
20210104214016	205.894
20210104214016	205.894
20210104214016	205.894
20210104214016	205.894
20210104214016	206.1
20210104214016	206.1
20210104214016	206.1
20210104214016	206.307
20210104214016	206.307
20210104214016	206.307
20210104214016	206.567
20210104214016	206.567
20210104214016	206.567
20210104214016	206.567
20210104214016	206.724
20210104214016	206.724
20210104214016	206.724
20210104214016	206.934
20210104214016	206.934
20210104214016	206.934
20210104214016	207.199
20210104214016	207.199
20210104214016	207.199
20210104214016	207.199
20210104214016	207.412
20210104214016	207.412
20210104214016	207.412
20210104214016	207.625
20210104214016	207.625
20210104214016	207.625
20210104214016	207.625
20210104214016	207.84
20210104214016	207.84
20210104214016	207.84
20210104214016	208.056
20210104214016	208.056
20210104214016	208.056
20210104214016	208.274
20210104214016	208.274
20210104214017	208.274
20210104214017	208.274
20210104214017	208.547
20210104214017	208.547
20210104214017	208.547
20210104214017	208.766
20210104214017	208.766
20210104214017	208.766
20210104214017	208.987
20210104214017	208.987
20210104214017	208.987
20210104214017	208.987
20210104214017	209.265
20210104214017	209.265
20210104214017	209.265
20210104214017	209.488
20210104214017	209.488
20210104214017	209.713
20210104214017	209.713
20210104214017	209.713
20210104214017	209.713
20210104214017	209.938
20210104214017	209.938
20210104214017	209.938
20210104214017	209.938
20210104214017	210.165
20210104214017	210.165
20210104214017	210.165
20210104214017	210.393
20210104214017	210.393
20210104214017	210.393
20210104214017	210.393
20210104214017	210.622
20210104214017	210.622
20210104214017	210.622
20210104214017	210.852
20210104214017	210.852
20210104214017	210.852
20210104214017	211.142
20210104214017	211.142
20210104214017	211.142
20210104214017	211.375
20210104214017	211.375
20210104214017	211.375
20210104214017	211.375
20210104214017	211.609
20210104214017	211.609
20210104214017	211.609
20210104214017	211.844
20210104214017	211.844
20210104214017	211.844
20210104214017	211.844
20210104214017	212.08
20210104214017	212.08
20210104214017	212.08
20210104214017	212.377
20210104214017	212.377
20210104214017	212.377
20210104214018	212.556
20210104214018	212.556
20210104214018	212.556
20210104214018	212.856
20210104214018	212.856
20210104214018	212.856
20210104214018	212.856
20210104214018	213.097
20210104214018	213.097
20210104214018	213.097
20210104214018	213.339
20210104214018	213.339
20210104214018	213.339
20210104214018	213.583
20210104214018	213.583
20210104214018	213.583
20210104214018	213.583
20210104214018	213.828
20210104214018	213.828
20210104214018	213.828
20210104214018	214.074
20210104214018	214.074
20210104214018	214.074
20210104214018	214.074
20210104214018	214.383
20210104214018	214.383
20210104214018	214.632
20210104214018	214.632
20210104214018	214.632
20210104214018	214.632
20210104214018	214.882
20210104214018	214.882
20210104214018	214.882
20210104214018	215.133
20210104214018	215.133
20210104214018	215.133
20210104214018	215.385
20210104214018	215.385
20210104214018	215.385
20210104214018	215.385
20210104214018	215.639
20210104214018	215.639
20210104214018	215.639
20210104214018	215.958
20210104214018	215.958
20210104214019	215.958
20210104214019	215.958
20210104214019	216.214
20210104214019	216.214
20210104214019	216.214
20210104214019	216.471
20210104214019	216.471
20210104214019	216.471
20210104214019	216.471
20210104214019	216.729
20210104214019	216.729
20210104214019	216.729
20210104214019	216.989
20210104214019	216.989
20210104214019	216.989
20210104214019	217.25
20210104214019	217.25
20210104214019	217.25
20210104214019	217.578
20210104214019	217.578
20210104214019	217.578
20210104214019	217.578
20210104214019	217.842
20210104214019	217.842
20210104214019	217.842
20210104214019	218.107
20210104214019	218.107
20210104214019	218.107
20210104214019	218.374
20210104214019	218.374
20210104214019	218.374
20210104214019	218.374
20210104214019	218.641
20210104214019	218.641
20210104214019	218.641
20210104214019	218.91
20210104214019	218.91
20210104214019	218.91
20210104214019	218.91
20210104214019	219.248
20210104214019	219.248
20210104214019	219.248
20210104214019	219.52
20210104214019	219.52
20210104214019	219.52
20210104214019	219.793
20210104214019	219.793
20210104214019	219.793
20210104214019	220.067
20210104214019	220.067
20210104214019	220.067
20210104214019	220.067
20210104214019	220.342
20210104214019	220.342
20210104214019	220.342
20210104214019	220.688
20210104214019	220.688
20210104214019	220.688
20210104214019	220.966
20210104214019	220.966
20210104214019	220.966
20210104214019	220.966
20210104214019	221.246
20210104214019	221.246
20210104214019	221.246
20210104214019	221.527
20210104214019	221.527
20210104214019	221.527
20210104214020	221.527
20210104214020	221.809
20210104214020	221.809
20210104214020	221.809
20210104214020	222.092
20210104214020	222.092
20210104214020	222.092
20210104214020	222.376
20210104214020	222.376
20210104214020	222.376
20210104214020	222.376
20210104214020	222.734
20210104214020	222.734
20210104214020	222.734
20210104214020	223.021
20210104214020	223.021
20210104214020	223.021
20210104214020	223.31
20210104214020	223.31
20210104214020	223.31
20210104214020	223.31
20210104214020	223.599
20210104214020	223.599
20210104214020	223.599
20210104214020	223.89
20210104214020	223.89
20210104214020	223.89
20210104214020	224.256
20210104214020	224.256
20210104214020	224.256
20210104214020	224.256
20210104214020	224.55
20210104214020	224.55
20210104214020	224.55
20210104214020	224.846
20210104214020	224.846
20210104214020	224.846
20210104214020	225.142
20210104214020	225.142
20210104214020	225.142
20210104214020	225.142
20210104214020	225.44
20210104214020	225.44
20210104214020	225.44
20210104214020	225.814
20210104214020	225.814
20210104214020	225.814
20210104214021	226.04
20210104214021	226.04
20210104214021	226.04
20210104214021	226.04
20210104214021	226.417
20210104214021	226.417
20210104214021	226.417
20210104214021	226.721
20210104214021	226.721
20210104214021	226.721
20210104214021	227.026
20210104214021	227.026
20210104214021	227.026
20210104214021	227.332
20210104214021	227.332
20210104214021	227.332
20210104214021	227.332
20210104214021	227.639
20210104214021	227.639
20210104214021	227.639
20210104214021	228.025
20210104214021	228.025
20210104214021	228.025
20210104214021	0
20210104214021	0
20210104214021	0
20210104214021	0
20210104214021	0
20210104214021	0
20210104214021	0
20210104214021	0
20210104214021	0
20210104214021	0
20210104214021	0
20210104214021	0
20210104214021	0
20210104214021	0
20210104214021	0
20210104214021	0
20210104214021	0
20210104214021	0
20210104214021	0
20210104214021	0
20210104214021	0
20210104214021	0
20210104214021	0
20210104214021	0
20210104214022	0
20210104214022	0
20210104214022	0
20210104214022	0
20210104214022	0
20210104214022	0
20210104214022	0
20210104214022	0
20210104214022	0
20210104214022	0
20210104214022	0
20210104214022	0
20210104214022	0
20210104214022	0
20210104214022	0
20210104214022	0
20210104214022	0
20210104214022	0
20210104214022	0
20210104214022	0
20210104214022	0
20210104214022	0
20210104214022	0
20210104214022	0
20210104214022	0
20210104214022	0
20210104214022	0
20210104214022	0
20210104214022	0
20210104214022	0
20210104214022	0
20210104214022	0
20210104214022	0
20210104214022	0
20210104214022	0
20210104214022	0
20210104214022	0
20210104214022	0
20210104214022	0
20210104214022	0
20210104214022	0
20210104214022	0
20210104214022	0
20210104214022	0
20210104214022	0
20210104214022	0
20210104214022	0
20210104214022	0
20210104214022	0
20210104214022	0
20210104214022	0
20210104214022	0
20210104214022	0
20210104214022	0
20210104214022	0
20210104214022	0
20210104214022	0
20210104214022	0
20210104214022	0
20210104214022	0
20210104214022	0
20210104214023	0
20210104214023	0
20210104214023	0
20210104214023	0
20210104214023	0
20210104214023	0
20210104214023	0
20210104214023	0
20210104214023	0
20210104214023	0
20210104214023	0
20210104214023	0
20210104214023	0
20210104214023	0
20210104214023	0
20210104214023	0
20210104214023	0
20210104214023	0
20210104214023	0
20210104214023	0
20210104214023	0
20210104214023	0
20210104214023	0
20210104214023	0
20210104214023	0
20210104214023	0
20210104214023	0
20210104214023	0
20210104214023	0
20210104214023	0
20210104214023	0
20210104214023	0
20210104214023	0
20210104214023	0
20210104214023	0
20210104214023	0
20210104214023	0
20210104214023	0
20210104214023	0
20210104214023	0
20210104214023	0
20210104214023	0
20210104214023	0
20210104214023	0
20210104214023	0
20210104214023	0
20210104214023	0
20210104214023	0
20210104214023	0
20210104214023	0
20210104214023	0
20210104214023	0
20210104214023	0
20210104214023	0
20210104214023	0
20210104214023	0
20210104214023	0
20210104214023	0
20210104214023	0
20210104214024	0
20210104214024	0
20210104214024	0
20210104214024	0
20210104214024	0
20210104214024	0
20210104214024	0
20210104214024	0
20210104214024	0
20210104214024	0
20210104214024	0
20210104214024	0
20210104214024	0
20210104214024	0
20210104214024	0
20210104214024	0
20210104214024	0
20210104214024	0
20210104214024	0
20210104214024	0
20210104214024	0
20210104214024	0
20210104214024	0
20210104214024	0
20210104214024	0
20210104214024	0
20210104214024	0
20210104214024	0
20210104214024	0
20210104214024	0
20210104214024	0
20210104214024	0
20210104214024	0
20210104214024	0
20210104214024	0
20210104214024	0
20210104214024	0
20210104214024	0
20210104214024	0
20210104214024	0
20210104214024	0
20210104214024	0
20210104214024	0
20210104214024	0
20210104214024	0
20210104214024	0
20210104214024	0
20210104214024	0
20210104214024	0
20210104214024	0
20210104214024	0
20210104214024	0
20210104214024	0
20210104214024	0
20210104214024	0
20210104214024	0
20210104214024	0
20210104214024	0
20210104214025	0
20210104214025	0
20210104214025	0
20210104214025	0
20210104214025	0
20210104214025	0
20210104214025	0
20210104214025	0
20210104214025	0
20210104214025	0
20210104214025	0
20210104214025	0
20210104214025	191.626
20210104214025	191.626
20210104214025	191.626
20210104214025	191.615
20210104214025	191.615
20210104214025	191.615
20210104214025	191.541
20210104214025	191.541
20210104214025	191.541
20210104214025	191.541
20210104214025	191.438
20210104214025	191.438
20210104214025	191.301
20210104214025	191.301
20210104214025	191.301
20210104214025	191.301
20210104214025	191.137
20210104214025	191.137
20210104214025	191.137
20210104214025	191.137
20210104214025	190.98
20210104214025	190.98
20210104214025	190.98
20210104214025	190.842
20210104214025	190.842
20210104214025	190.842
20210104214025	190.842
20210104214025	190.695
20210104214025	190.695
20210104214025	190.596
20210104214025	190.596
20210104214025	190.596
20210104214025	190.596
20210104214025	190.511
20210104214025	190.511
20210104214025	190.511
20210104214025	190.439
20210104214025	190.439
20210104214025	190.439
20210104214025	190.439
20210104214025	190.378
20210104214025	190.378
20210104214025	190.378
20210104214025	190.322
20210104214025	190.322
20210104214026	190.322
20210104214026	190.266
20210104214026	190.266
20210104214026	190.266
20210104214026	190.266
20210104214026	190.231
20210104214026	190.231
20210104214026	190.231
20210104214026	190.203
20210104214026	190.203
20210104214026	190.203
20210104214026	190.203
20210104214026	190.183
20210104214026	190.183
20210104214026	190.183
20210104214026	190.169
20210104214026	190.169
20210104214026	190.169
20210104214026	190.149
20210104214026	190.149
20210104214026	190.149
20210104214026	190.139
20210104214026	190.139
20210104214026	190.139
20210104214026	190.134
20210104214026	190.134
20210104214026	190.134
20210104214026	190.134
20210104214026	190.134
20210104214026	190.134
20210104214026	190.134
20210104214026	190.139
20210104214026	190.139
20210104214026	190.139
20210104214026	190.139
20210104214026	190.151
20210104214026	190.151
20210104214026	190.151
20210104214026	190.151
20210104214026	190.151
20210104214026	190.151
20210104214026	190.151
20210104214026	190.157
20210104214027	190.157
20210104214027	190.157
20210104214027	190.167
20210104214027	190.167
20210104214027	190.167
20210104214027	190.18
20210104214027	190.18
20210104214027	190.18
20210104214027	190.18
20210104214027	190.201
20210104214027	190.201
20210104214027	190.201
20210104214027	190.216
20210104214027	190.216
20210104214027	190.216
20210104214027	190.23
20210104214027	190.23
20210104214027	190.23
20210104214027	190.242
20210104214027	190.242
20210104214027	190.242
20210104214027	190.242
20210104214027	190.258
20210104214027	190.258
20210104214027	190.258
20210104214027	190.277
20210104214027	190.277
20210104214027	190.277
20210104214027	190.277
20210104214027	190.299
20210104214027	190.299
20210104214027	190.299
20210104214027	190.324
20210104214027	190.324
20210104214027	190.324
20210104214027	190.342
20210104214027	190.342
20210104214027	190.342
20210104214027	190.342
20210104214027	190.359
20210104214027	190.359
20210104214027	190.376
20210104214027	190.376
20210104214027	190.376
20210104214027	190.376
20210104214027	190.397
20210104214027	190.397
20210104214027	190.397
20210104214027	190.421
20210104214027	190.421
20210104214027	190.421
20210104214027	190.421
20210104214027	190.448
20210104214027	190.448
20210104214027	190.448
20210104214027	190.467
20210104214027	190.467
20210104214027	190.467
20210104214028	190.483
20210104214028	190.483
20210104214028	190.483
20210104214028	190.5
20210104214028	190.5
20210104214028	190.5
20210104214028	190.5
20210104214028	190.52
20210104214028	190.52
20210104214028	190.52
20210104214028	190.545
20210104214028	190.545
20210104214028	190.545
20210104214028	190.545
20210104214028	190.579
20210104214028	190.579
20210104214028	190.579
20210104214028	190.597
20210104214028	190.597
20210104214028	190.597
20210104214028	190.609
20210104214028	190.609
20210104214028	190.609
20210104214028	190.609
20210104214028	190.624
20210104214028	190.624
20210104214028	190.624
20210104214028	190.643
20210104214028	190.643
20210104214028	190.643
20210104214028	190.666
20210104214028	190.666
20210104214028	190.666
20210104214028	190.666
20210104214028	190.693
20210104214028	190.693
20210104214028	190.693
20210104214028	190.716
20210104214028	190.716
20210104214028	190.716
20210104214028	190.725
20210104214028	190.725
20210104214028	190.725
20210104214028	190.737
20210104214028	190.737
20210104214028	190.737
20210104214028	190.737
20210104214028	190.755
20210104214028	190.755
20210104214028	190.755
20210104214028	190.755
20210104214028	190.782
20210104214028	190.782
20210104214028	190.782
20210104214028	190.801
20210104214028	190.801
20210104214028	190.801
20210104214028	190.83
20210104214028	190.83
20210104214029	190.83
20210104214029	190.83
20210104214029	190.834
20210104214029	190.834
20210104214029	190.843
20210104214029	190.843
20210104214029	190.843
20210104214029	190.843
20210104214029	190.857
20210104214029	190.857
20210104214029	190.857
20210104214029	190.876
20210104214029	190.876
20210104214029	190.876
20210104214029	190.876
20210104214029	190.899
20210104214029	190.899
20210104214029	190.899
20210104214029	190.925
20210104214029	190.925
20210104214029	190.925
20210104214029	190.925
20210104214029	190.925
20210104214029	190.925
20210104214029	190.925
20210104214029	190.931
20210104214029	190.931
20210104214029	190.931
20210104214029	190.942
20210104214029	190.942
20210104214029	190.942
20210104214029	190.958
20210104214029	190.958
20210104214029	190.958
20210104214029	190.958
20210104214029	190.978
20210104214029	190.978
20210104214029	190.978
20210104214029	191.003
20210104214029	191.003
20210104214029	191.003
20210104214029	191.006
20210104214029	191.006
20210104214029	191.006
20210104214029	191.006
20210104214029	191.007
20210104214029	191.007
20210104214029	191.007
20210104214030	191.015
20210104214030	191.015
20210104214030	191.015
20210104214030	191.015
20210104214030	191.027
20210104214030	191.027
20210104214030	191.027
20210104214030	191.045
20210104214030	191.045
20210104214030	191.045
20210104214030	191.067
20210104214030	191.067
20210104214030	191.067
20210104214030	191.067
20210104214030	191.065
20210104214030	191.065
20210104214030	191.065
20210104214030	191.063
20210104214030	191.063
20210104214030	191.063
20210104214030	191.066
20210104214030	191.066
20210104214030	191.066
20210104214030	191.066
20210104214030	191.076
20210104214030	191.076
20210104214030	191.076
20210104214030	191.095
20210104214030	191.095
20210104214030	191.095
20210104214030	191.109
20210104214030	191.109
20210104214030	191.109
20210104214030	191.109
20210104214030	191.112
20210104214030	191.112
20210104214030	191.112
20210104214030	191.105
20210104214030	191.105
20210104214030	191.105
20210104214030	191.105
20210104214030	191.105
20210104214030	191.105
20210104214030	191.111
20210104214030	191.111
20210104214030	191.111
20210104214030	191.111
20210104214030	191.122
20210104214031	191.122
20210104214031	191.122
20210104214031	191.142
20210104214031	191.142
20210104214031	191.142
20210104214031	191.135
20210104214031	191.135
20210104214031	191.135
20210104214031	191.135
20210104214031	191.125
20210104214031	191.125
20210104214031	191.125
20210104214031	191.122
20210104214031	191.122
20210104214031	191.122
20210104214031	191.122
20210104214031	191.124
20210104214031	191.124
20210104214031	191.124
20210104214031	191.132
20210104214031	191.132
20210104214031	191.132
20210104214031	191.145
20210104214031	191.145
20210104214031	191.145
20210104214031	191.148
20210104214031	191.148
20210104214031	191.148
20210104214031	191.148
20210104214031	191.135
20210104214031	191.135
20210104214031	191.135
20210104214031	191.127
20210104214031	191.127
20210104214031	191.127
20210104214031	191.126
20210104214031	191.126
20210104214031	191.126
20210104214031	191.126
20210104214031	191.131
20210104214031	191.131
20210104214031	191.131
20210104214031	191.141
20210104214031	191.141
20210104214031	191.141
20210104214031	191.141
20210104214031	191.141
20210104214031	191.141
20210104214031	191.141
20210104214031	191.124
20210104214031	191.124
20210104214031	191.124
20210104214031	191.115
20210104214031	191.115
20210104214031	191.115
20210104214031	191.112
20210104214031	191.112
20210104214031	191.112
20210104214031	191.112
20210104214032	191.114
20210104214032	191.114
20210104214032	191.114
20210104214032	191.122
20210104214032	191.122
20210104214032	191.122
20210104214032	191.128
20210104214032	191.128
20210104214032	191.128
20210104214032	191.128
20210104214032	191.109
20210104214032	191.109
20210104214032	191.097
20210104214032	191.097
20210104214032	191.097
20210104214032	191.097
20210104214032	191.09
20210104214032	191.09
20210104214032	191.09
20210104214032	191.09
20210104214032	191.09
20210104214032	191.09
20210104214032	191.09
20210104214032	191.095
20210104214032	191.095
20210104214032	191.095
20210104214032	191.099
20210104214032	191.099
20210104214032	191.099
20210104214032	191.099
20210104214032	191.078
20210104214032	191.078
20210104214032	191.078
20210104214032	191.064
20210104214032	191.064
20210104214032	191.064
20210104214032	191.056
20210104214032	191.056
20210104214032	191.056
20210104214032	191.056
20210104214032	191.054
20210104214032	191.054
20210104214032	191.054
20210104214032	191.058
20210104214032	191.058
20210104214032	191.058
20210104214032	191.058
20210104214032	191.068
20210104214032	191.068
20210104214032	191.068
20210104214032	191.044
20210104214032	191.044
20210104214032	191.044
20210104214032	191.028
20210104214032	191.028
20210104214032	191.028
20210104214032	191.028
20210104214032	191.018
20210104214033	191.018
20210104214033	191.018
20210104214033	191.014
20210104214033	191.014
20210104214033	191.014
20210104214033	191.015
20210104214033	191.015
20210104214033	191.015
20210104214033	191.024
20210104214033	191.024
20210104214033	191.024
20210104214033	191.024
20210104214033	190.999
20210104214033	190.999
20210104214033	190.999
20210104214033	190.981
20210104214033	190.981
20210104214033	190.981
20210104214033	190.981
20210104214033	190.97
20210104214033	190.97
20210104214033	190.97
20210104214033	190.964
20210104214033	190.964
20210104214033	190.964
20210104214033	190.964
20210104214033	190.964
20210104214033	190.964
20210104214033	190.964
20210104214033	190.971
20210104214033	190.971
20210104214033	190.971
20210104214033	190.954
20210104214033	190.954
20210104214033	190.954
20210104214033	190.935
20210104214033	190.935
20210104214033	190.935
20210104214033	190.922
20210104214033	190.922
20210104214033	190.922
20210104214033	190.922
20210104214033	190.914
20210104214033	190.914
20210104214033	190.914
20210104214033	190.913
20210104214033	190.913
20210104214033	190.913
20210104214033	190.918
20210104214033	190.918
20210104214033	190.918
20210104214033	190.918
20210104214033	190.901
20210104214033	190.901
20210104214033	190.901
20210104214033	190.881
20210104214033	190.881
20210104214033	190.881
20210104214033	190.881
20210104214033	190.868
20210104214033	190.868
20210104214034	190.868
20210104214034	190.861
20210104214034	190.861
20210104214034	190.861
20210104214034	190.858
20210104214034	190.858
20210104214034	190.858
20210104214034	190.858
20210104214034	190.862
20210104214034	190.862
20210104214034	190.862
20210104214034	190.853
20210104214034	190.853
20210104214034	190.853
20210104214034	190.833
20210104214034	190.833
20210104214034	190.833
20210104214034	190.816
20210104214034	190.816
20210104214034	190.816
20210104214034	190.816
20210104214034	190.81
20210104214034	190.81
20210104214034	190.81
20210104214034	190.807
20210104214034	190.807
20210104214034	190.807
20210104214034	190.807
20210104214034	190.809
20210104214034	190.809
20210104214034	190.809
20210104214034	190.8
20210104214034	190.8
20210104214034	190.8
20210104214034	190.78
20210104214034	190.78
20210104214034	190.78
20210104214034	190.78
20210104214034	190.763
20210104214034	190.763
20210104214034	190.763
20210104214034	190.756
20210104214034	190.756
20210104214034	190.753
20210104214034	190.753
20210104214034	190.753
20210104214034	190.753
20210104214034	190.753
20210104214034	190.754
20210104214034	190.754
20210104214034	190.754
20210104214034	190.752
20210104214034	190.752
20210104214034	190.752
20210104214034	190.732
20210104214034	190.732
20210104214034	190.732
20210104214034	190.717
20210104214034	190.717
20210104214034	190.717
20210104214035	190.708
20210104214035	190.708
20210104214035	190.708
20210104214035	190.708
20210104214035	190.703
20210104214035	190.703
20210104214035	190.703
20210104214035	190.704
20210104214035	190.704
20210104214035	190.704
20210104214035	190.704
20210104214035	190.702
20210104214035	190.702
20210104214035	190.702
20210104214035	190.682
20210104214035	190.682
20210104214035	190.682
20210104214035	190.668
20210104214035	190.668
20210104214035	190.668
20210104214035	190.668
20210104214035	190.657
20210104214035	190.657
20210104214035	190.657
20210104214035	190.657
20210104214035	190.654
20210104214035	190.654
20210104214035	190.654
20210104214035	190.655
20210104214035	190.655
20210104214035	190.655
20210104214035	190.66
20210104214035	190.66
20210104214035	190.66
20210104214035	190.64
20210104214035	190.64
20210104214035	190.64
20210104214035	190.623
20210104214035	190.623
20210104214035	190.623
20210104214035	190.623
20210104214035	190.616
20210104214035	190.616
20210104214035	190.616
20210104214035	190.616
20210104214035	190.611
20210104214035	190.611
20210104214035	190.612
20210104214035	190.612
20210104214035	190.612
20210104214035	190.612
20210104214035	190.616
20210104214035	190.616
20210104214035	190.616
20210104214035	190.597
20210104214035	190.597
20210104214035	190.597
20210104214035	190.597
20210104214035	190.582
20210104214035	190.582
20210104214035	190.573
20210104214035	190.573
20210104214035	190.573
20210104214035	190.573
20210104214035	190.568
20210104214035	190.568
20210104214035	190.568
20210104214035	190.568
20210104214035	190.568
20210104214035	190.568
20210104214035	190.568
20210104214035	190.572
20210104214035	190.572
20210104214035	190.572
20210104214036	190.56
20210104214036	190.56
20210104214036	190.56
20210104214036	190.56
20210104214036	190.546
20210104214036	190.546
20210104214036	190.546
20210104214036	190.537
20210104214036	190.537
20210104214036	190.537
20210104214036	190.532
20210104214036	190.532
20210104214036	190.532
20210104214036	190.531
20210104214036	190.531
20210104214036	190.531
20210104214036	190.531
20210104214036	190.535
20210104214036	190.535
20210104214036	190.535
20210104214036	190.523
20210104214036	190.523
20210104214036	190.523
20210104214036	190.509
20210104214036	190.509
20210104214036	190.509
20210104214036	190.509
20210104214036	190.5
20210104214036	190.5
20210104214036	190.5
20210104214036	190.496
20210104214036	190.496
20210104214036	190.496
20210104214036	190.496
20210104214036	190.495
20210104214036	190.495
20210104214036	190.495
20210104214036	190.499
20210104214036	190.499
20210104214036	190.499
20210104214036	190.493
20210104214036	190.493
20210104214036	190.493
20210104214036	190.479
20210104214036	190.479
20210104214036	190.479
20210104214036	190.479
20210104214036	190.468
20210104214036	190.468
20210104214036	190.468
20210104214036	190.465
20210104214036	190.465
20210104214036	190.465
20210104214036	190.464
20210104214036	190.464
20210104214036	190.464
20210104214036	190.464
20210104214036	190.467
20210104214036	190.467
20210104214037	190.467
20210104214037	190.468
20210104214037	190.468
20210104214037	190.468
20210104214037	190.451
20210104214037	190.451
20210104214037	190.451
20210104214037	190.451
20210104214037	190.444
20210104214037	190.444
20210104214037	190.444
20210104214037	190.439
20210104214037	190.439
20210104214037	190.439
20210104214037	190.439
20210104214037	190.437
20210104214037	190.437
20210104214037	190.437
20210104214037	190.44
20210104214037	190.44
20210104214037	190.44
20210104214037	190.44
20210104214037	190.44
20210104214037	190.44
20210104214037	190.427
20210104214037	190.427
20210104214037	190.427
20210104214037	190.427
20210104214037	190.427
20210104214037	190.416
20210104214037	190.416
20210104214037	190.412
20210104214037	190.412
20210104214037	190.412
20210104214037	190.411
20210104214037	190.411
20210104214037	190.411
20210104214037	190.411
20210104214037	190.414
20210104214037	190.414
20210104214037	190.414
20210104214037	190.414
20210104214037	190.414
20210104214037	190.414
20210104214037	190.401
20210104214037	190.401
20210104214037	190.401
20210104214037	190.401
20210104214037	190.391
20210104214037	190.391
20210104214037	190.391
20210104214037	190.388
20210104214037	190.388
20210104214037	190.388
20210104214037	190.388
20210104214037	190.387
20210104214037	190.387
20210104214037	190.387
20210104214037	190.39
20210104214037	190.39
20210104214037	190.39
20210104214037	190.396
20210104214037	190.396
20210104214037	190.396
20210104214037	190.396
20210104214037	190.381
20210104214037	190.381
20210104214037	190.381
20210104214037	190.374
20210104214037	190.374
20210104214037	190.374
20210104214037	190.371
20210104214037	190.371
20210104214038	190.371
20210104214038	190.37
20210104214038	190.37
20210104214038	190.37
20210104214038	190.37
20210104214038	190.373
20210104214038	190.373
20210104214038	190.373
20210104214038	190.379
20210104214038	190.379
20210104214038	190.379
20210104214038	190.367
20210104214038	190.367
20210104214038	190.367
20210104214038	190.367
20210104214038	190.359
20210104214038	190.359
20210104214038	190.359
20210104214038	190.355
20210104214038	190.355
20210104214038	190.355
20210104214038	190.354
20210104214038	190.354
20210104214038	190.354
20210104214038	190.354
20210104214038	190.357
20210104214038	190.357
20210104214038	190.357
20210104214038	190.363
20210104214038	190.363
20210104214038	190.363
20210104214038	190.363
20210104214038	190.356
20210104214038	190.356
20210104214038	190.356
20210104214038	190.356
20210104214038	190.348
20210104214038	190.348
20210104214038	190.343
20210104214038	190.343
20210104214038	190.343
20210104214038	190.343
20210104214038	190.343
20210104214038	190.343
20210104214038	190.343
20210104214038	190.346
