20210115144147	-62.851
20210115144147	-15.5319
20210115144147	-27.3617
20210115144147	-27.3617
20210115144147	-27.3617
20210115144147	-27.3617
20210115144147	-27.3617
20210115144147	-27.3617
20210115144147	-27.3617
20210115144147	-27.3617
20210115144148	-27.3617
20210115144148	-27.3617
20210115144148	-27.3617
20210115144148	-27.3617
20210115144148	-27.3617
20210115144148	-27.3617
20210115144148	-27.3617
20210115144148	-27.7247
20210115144148	-27.5096
20210115144148	-27.5634
20210115144148	-27.5634
20210115144148	-27.5634
20210115144148	-27.5634
20210115144148	-27.5634
20210115144148	-27.5634
20210115144148	-27.5634
20210115144148	-27.5634
20210115144148	-27.734
20210115144148	-27.6329
20210115144148	-27.6581
20210115144148	-27.6581
20210115144148	-27.6581
20210115144148	-27.6581
20210115144148	-27.6581
20210115144148	-27.6581
20210115144148	-27.6581
20210115144148	-27.6581
20210115144148	-27.7467
20210115144148	-27.6942
20210115144148	-27.7073
20210115144148	-27.7073
20210115144148	-27.7073
20210115144148	-27.7073
20210115144148	-27.7073
20210115144148	-27.7073
20210115144148	-27.7073
20210115144148	-27.7073
20210115144148	-27.6002
20210115144148	-27.6637
20210115144148	-27.6478
20210115144148	-27.6478
20210115144148	-27.6478
20210115144148	-27.6478
20210115144148	-27.6478
20210115144148	-27.6478
20210115144148	-27.6478
20210115144148	-27.6478
20210115144148	-27.4085
20210115144148	-27.5503
20210115144148	-27.5149
20210115144148	-27.5149
20210115144148	-27.5149
20210115144148	-27.5149
20210115144148	-27.5149
20210115144148	-27.5149
20210115144148	-27.5149
20210115144148	-27.5149
20210115144148	-27.0365
20210115144148	-27.32
20210115144148	-27.2491
20210115144148	-27.2491
20210115144148	-27.2491
20210115144148	-27.2491
20210115144148	-27.2491
20210115144148	-27.2491
20210115144148	-27.2491
20210115144148	-27.2491
20210115144148	-26.7108
20210115144148	-27.0298
20210115144148	-26.95
20210115144148	-26.95
20210115144148	-26.95
20210115144148	-26.95
20210115144148	-26.95
20210115144148	-26.95
20210115144148	-26.95
20210115144148	-26.95
20210115144148	-26.2265
20210115144148	-26.6553
20210115144148	-26.5481
20210115144148	-26.5481
20210115144148	-26.5481
20210115144148	-26.5481
20210115144148	-26.5481
20210115144148	-26.5481
20210115144148	-26.5481
20210115144148	-26.5481
20210115144148	-25.6522
20210115144148	-26.1831
20210115144148	-26.0504
20210115144148	-26.0504
20210115144148	-26.0504
20210115144148	-26.0504
20210115144148	-26.0504
20210115144148	-26.0504
20210115144148	-26.0504
20210115144148	-26.0504
20210115144148	-25.1712
20210115144148	-25.6922
20210115144148	-25.5619
20210115144148	-25.5619
20210115144149	-25.5619
20210115144149	-25.5619
20210115144149	-25.5619
20210115144149	-25.5619
20210115144149	-25.5619
20210115144149	-25.5619
20210115144149	-24.5449
20210115144149	-25.1476
20210115144149	-24.9969
20210115144149	-24.9969
20210115144149	-24.9969
20210115144149	-24.9969
20210115144149	-24.9969
20210115144149	-24.9969
20210115144149	-24.9969
20210115144149	-24.9969
20210115144149	-23.8121
20210115144149	-24.5142
20210115144149	-24.3387
20210115144149	-24.3387
20210115144149	-24.3387
20210115144149	-24.3387
20210115144149	-24.3387
20210115144149	-24.3387
20210115144149	-24.3387
20210115144149	-24.3387
20210115144149	-23.1375
20210115144149	-23.8493
20210115144149	-23.6713
20210115144149	-23.6713
20210115144149	-23.6713
20210115144149	-23.6713
20210115144149	-23.6713
20210115144149	-23.6713
20210115144149	-23.6713
20210115144149	-23.6713
20210115144149	-22.2417
20210115144149	-23.0889
20210115144149	-22.8771
20210115144149	-22.8771
20210115144149	-22.8771
20210115144149	-22.8771
20210115144149	-22.8771
20210115144149	-22.8771
20210115144149	-22.8771
20210115144149	-22.8771
20210115144149	-21.4582
20210115144149	-22.299
20210115144149	-22.0888
20210115144149	-22.0888
20210115144149	-22.0888
20210115144149	-22.0888
20210115144149	-22.0888
20210115144149	-22.0888
20210115144149	-22.0888
20210115144149	-22.0888
20210115144149	-20.3842
20210115144149	-21.3943
20210115144149	-21.1418
20210115144149	-21.1418
20210115144149	-21.1418
20210115144149	-21.1418
20210115144149	-21.1418
20210115144149	-21.1418
20210115144149	-21.1418
20210115144149	-21.1418
20210115144149	-19.3887
20210115144149	-20.4276
20210115144149	-20.1678
20210115144149	-20.1678
20210115144149	-20.1678
20210115144149	-20.1678
20210115144149	-20.1678
20210115144149	-20.1678
20210115144149	-20.1678
20210115144149	-20.1678
20210115144149	-18.1391
20210115144149	-19.3413
20210115144149	-19.0407
20210115144149	-19.0407
20210115144149	-19.0407
20210115144149	-19.0407
20210115144149	-19.0407
20210115144149	-19.0407
20210115144149	-19.0407
20210115144149	-19.0407
20210115144149	-17.0945
20210115144149	-18.2478
20210115144149	-17.9595
20210115144149	-17.9595
20210115144149	-17.9595
20210115144149	-17.9595
20210115144149	-17.9595
20210115144149	-17.9595
20210115144149	-17.9595
20210115144149	-17.9595
20210115144149	-15.7494
20210115144149	-17.0591
20210115144149	-16.7316
20210115144149	-16.7316
20210115144150	-16.7316
20210115144150	-16.7316
20210115144150	-16.7316
20210115144150	-16.7316
20210115144150	-16.7316
20210115144150	-16.7316
20210115144150	-14.2902
20210115144150	-15.737
20210115144150	-15.3753
20210115144150	-15.3753
20210115144150	-15.3753
20210115144150	-15.3753
20210115144150	-15.3753
20210115144150	-15.3753
20210115144150	-15.3753
20210115144150	-15.3753
20210115144150	-12.9692
20210115144150	-14.395
20210115144150	-14.0386
20210115144150	-14.0386
20210115144150	-14.0386
20210115144150	-14.0386
20210115144150	-14.0386
20210115144150	-14.0386
20210115144150	-14.0386
20210115144150	-14.0386
20210115144150	-14.0386
20210115144150	-14.0386
20210115144150	-14.0386
20210115144150	-14.0386
20210115144150	-14.0386
20210115144150	-14.0386
20210115144150	-14.0386
20210115144150	-14.0386
20210115144150	-14.0386
20210115144150	-14.0386
20210115144150	-11.4095
20210115144150	-12.9675
20210115144150	-12.578
20210115144150	-12.578
20210115144150	-12.578
20210115144150	-12.578
20210115144150	-12.578
20210115144150	-12.578
20210115144150	-12.578
20210115144150	-12.578
20210115144150	-9.24077
20210115144150	-11.2184
20210115144150	-10.724
20210115144150	-10.724
20210115144150	-10.724
20210115144150	-10.724
20210115144150	-10.724
20210115144150	-10.724
20210115144150	-10.724
20210115144150	-10.724
20210115144150	-7.61378
20210115144150	-9.45685
20210115144150	-8.99608
20210115144150	-8.99608
20210115144150	-8.99608
20210115144150	-8.99608
20210115144150	-8.99608
20210115144150	-8.99608
20210115144150	-8.99608
20210115144150	-8.99608
20210115144150	-8.99608
20210115144150	-8.99608
20210115144150	-8.99608
20210115144150	-8.99608
20210115144150	-8.99608
20210115144150	-8.99608
20210115144150	-8.99608
20210115144150	-8.99608
20210115144150	-8.99608
20210115144150	-8.99608
20210115144150	-5.2332
20210115144150	-7.46306
20210115144150	-6.90559
20210115144150	-6.90559
20210115144150	-6.90559
20210115144150	-6.90559
20210115144150	-6.90559
20210115144150	-6.90559
20210115144150	-6.90559
20210115144150	-3.40967
20210115144150	-5.48133
20210115144150	-4.96342
20210115144150	-4.96342
20210115144150	-4.96342
20210115144150	-4.96342
20210115144150	-4.96342
20210115144150	-4.96342
20210115144150	-4.96342
20210115144150	-4.96342
20210115144150	-1.06334
20210115144150	-3.37449
20210115144150	-2.79671
20210115144150	-2.79671
20210115144150	-2.79671
20210115144151	-2.79671
20210115144151	-2.79671
20210115144151	-2.79671
20210115144151	-2.79671
20210115144151	-2.79671
20210115144151	-2.79671
20210115144151	0.810913
20210115144151	-1.32693
20210115144151	-0.792473
20210115144151	-0.792473
20210115144151	-0.792473
20210115144151	-0.792473
20210115144151	-0.792473
20210115144151	-0.792473
20210115144151	-0.792473
20210115144151	3.23506
20210115144151	0.848375
20210115144151	1.44505
20210115144151	1.44505
20210115144151	1.44505
20210115144151	1.44505
20210115144151	1.44505
20210115144151	1.44505
20210115144151	1.44505
20210115144151	1.44505
20210115144151	1.44505
20210115144151	5.06636
20210115144151	2.9204
20210115144151	3.45689
20210115144151	3.45689
20210115144151	3.45689
20210115144151	3.45689
20210115144151	3.45689
20210115144151	3.45689
20210115144151	3.45689
20210115144151	3.45689
20210115144151	7.33724
20210115144151	5.03778
20210115144151	5.61264
20210115144151	5.61264
20210115144151	5.61264
20210115144151	5.61264
20210115144151	5.61264
20210115144151	5.61264
20210115144151	5.61264
20210115144151	5.61264
20210115144151	9.0359
20210115144151	7.0073
20210115144151	7.51445
20210115144151	7.51445
20210115144151	7.51445
20210115144151	7.51445
20210115144151	7.51445
20210115144151	7.51445
20210115144151	7.51445
20210115144151	7.51445
20210115144151	11.3596
20210115144151	9.08098
20210115144151	9.65063
20210115144151	9.65063
20210115144151	9.65063
20210115144151	9.65063
20210115144151	9.65063
20210115144151	9.65063
20210115144151	9.65063
20210115144151	9.65063
20210115144151	13.6194
20210115144151	11.2675
20210115144151	11.8555
20210115144151	11.8555
20210115144151	11.8555
20210115144151	11.8555
20210115144151	11.8555
20210115144151	11.8555
20210115144151	11.8555
20210115144151	11.8555
20210115144151	15.5275
20210115144151	13.3515
20210115144151	13.8955
20210115144151	13.8955
20210115144151	13.8955
20210115144151	13.8955
20210115144151	13.8955
20210115144151	13.8955
20210115144151	13.8955
20210115144151	13.8955
20210115144151	17.4948
20210115144151	15.3619
20210115144151	15.8951
20210115144151	15.8951
20210115144151	15.8951
20210115144151	15.8951
20210115144151	15.8951
20210115144151	15.8951
20210115144151	15.8951
20210115144151	15.8951
20210115144151	19.6721
20210115144151	17.4339
20210115144151	17.9935
20210115144151	17.9935
20210115144152	17.9935
20210115144152	17.9935
20210115144152	17.9935
20210115144152	17.9935
20210115144152	17.9935
20210115144152	17.9935
20210115144152	21.5263
20210115144152	19.4328
20210115144152	19.9562
20210115144152	19.9562
20210115144152	19.9562
20210115144152	19.9562
20210115144152	19.9562
20210115144152	19.9562
20210115144152	19.9562
20210115144152	19.9562
20210115144152	23.1604
20210115144152	21.2616
20210115144152	21.7363
20210115144152	21.7363
20210115144152	21.7363
20210115144152	21.7363
20210115144152	21.7363
20210115144152	21.7363
20210115144152	21.7363
20210115144152	21.7363
20210115144152	25.4735
20210115144152	23.2589
20210115144152	23.8126
20210115144152	23.8126
20210115144152	23.8126
20210115144152	23.8126
20210115144152	23.8126
20210115144152	23.8126
20210115144152	23.8126
20210115144152	23.8126
20210115144152	31.6986
20210115144152	27.0254
20210115144152	28.1937
20210115144152	28.1937
20210115144152	28.1937
20210115144152	28.1937
20210115144152	28.1937
20210115144152	28.1937
20210115144152	28.1937
20210115144152	28.1937
20210115144152	22.6814
20210115144152	25.9479
20210115144152	25.1313
20210115144152	25.1313
20210115144152	25.1313
20210115144152	25.1313
20210115144152	25.1313
20210115144152	25.1313
20210115144152	25.1313
20210115144152	25.1313
20210115144152	3.37954
20210115144152	16.2695
20210115144152	13.047
20210115144152	13.047
20210115144152	13.047
20210115144152	13.047
20210115144152	13.047
20210115144152	13.047
20210115144152	13.047
20210115144152	13.047
20210115144152	17.3506
20210115144152	14.8003
20210115144152	15.4379
20210115144152	15.4379
20210115144152	15.4379
20210115144152	15.4379
20210115144152	15.4379
20210115144152	15.4379
20210115144152	15.4379
20210115144152	15.4379
20210115144152	26.7773
20210115144152	20.0576
20210115144152	21.7375
20210115144152	21.7375
20210115144152	21.7375
20210115144152	21.7375
20210115144152	21.7375
20210115144152	21.7375
20210115144152	21.7375
20210115144152	21.7375
20210115144152	21.7375
20210115144152	32.2193
20210115144152	26.0079
20210115144152	27.5608
20210115144152	27.5608
20210115144152	27.5608
20210115144152	27.5608
20210115144152	27.5608
20210115144152	27.5608
20210115144152	27.5608
20210115144152	28.4884
20210115144152	27.9387
20210115144152	28.0761
20210115144152	28.0761
20210115144153	28.0761
20210115144153	28.0761
20210115144153	28.0761
20210115144153	28.0761
20210115144153	28.0761
20210115144153	28.0761
20210115144153	7.67506
20210115144153	19.7646
20210115144153	16.7422
20210115144153	16.7422
20210115144153	16.7422
20210115144153	16.7422
20210115144153	16.7422
20210115144153	16.7422
20210115144153	16.7422
20210115144153	16.7422
20210115144153	4.64506
20210115144153	11.8137
20210115144153	10.0216
20210115144153	10.0216
20210115144153	10.0216
20210115144153	10.0216
20210115144153	10.0216
20210115144153	10.0216
20210115144153	10.0216
20210115144153	10.0216
20210115144153	21.3543
20210115144153	14.6386
20210115144153	16.3175
20210115144153	16.3175
20210115144153	16.3175
20210115144153	16.3175
20210115144153	16.3175
20210115144153	16.3175
20210115144153	16.3175
20210115144153	16.3175
20210115144153	27.0606
20210115144153	20.6943
20210115144153	22.2859
20210115144153	22.2859
20210115144153	22.2859
20210115144153	22.2859
20210115144153	22.2859
20210115144153	22.2859
20210115144153	22.2859
20210115144153	22.2859
20210115144153	30.5148
20210115144153	25.6384
20210115144153	26.8575
20210115144153	26.8575
20210115144153	26.8575
20210115144153	26.8575
20210115144153	26.8575
20210115144153	26.8575
20210115144153	26.8575
20210115144153	26.8575
20210115144153	26.8575
20210115144153	26.8575
20210115144153	26.8575
20210115144153	26.8575
20210115144153	26.8575
20210115144153	26.8575
20210115144153	26.8575
20210115144153	26.8575
20210115144153	26.8575
20210115144153	26.8575
20210115144153	27.2277
20210115144153	27.0083
20210115144153	27.0632
20210115144153	27.0632
20210115144153	27.0632
20210115144153	27.0632
20210115144153	27.0632
20210115144153	27.0632
20210115144153	27.0632
20210115144153	27.0632
20210115144153	14.6552
20210115144153	22.0081
20210115144153	20.1699
20210115144153	20.1699
20210115144153	20.1699
20210115144153	20.1699
20210115144153	20.1699
20210115144153	20.1699
20210115144153	20.1699
20210115144153	20.1699
20210115144153	15.9771
20210115144153	18.4617
20210115144153	17.8405
20210115144153	17.8405
20210115144153	17.8405
20210115144153	17.8405
20210115144153	17.8405
20210115144153	17.8405
20210115144153	17.8405
20210115144153	17.8405
20210115144153	28.3299
20210115144153	22.114
20210115144153	23.668
20210115144153	23.668
20210115144154	23.668
20210115144154	23.668
20210115144154	23.668
20210115144154	23.668
20210115144154	23.668
20210115144154	23.668
20210115144154	32.3386
20210115144154	27.2004
20210115144154	28.485
20210115144154	28.485
20210115144154	28.485
20210115144154	28.485
20210115144154	28.485
20210115144154	28.485
20210115144154	28.485
20210115144154	28.485
20210115144154	24.3606
20210115144154	26.8047
20210115144154	26.1936
20210115144154	26.1936
20210115144154	26.1936
20210115144154	26.1936
20210115144154	26.1936
20210115144154	26.1936
20210115144154	26.1936
20210115144154	26.1936
20210115144154	3.77674
20210115144154	17.0608
20210115144154	13.7398
20210115144154	13.7398
20210115144154	13.7398
20210115144154	13.7398
20210115144154	13.7398
20210115144154	13.7398
20210115144154	13.7398
20210115144154	13.7398
20210115144154	11.9589
20210115144154	13.0142
20210115144154	12.7504
20210115144154	12.7504
20210115144154	12.7504
20210115144154	12.7504
20210115144154	12.7504
20210115144154	12.7504
20210115144154	12.7504
20210115144154	12.7504
20210115144154	22.4594
20210115144154	16.7059
20210115144154	18.1443
20210115144154	18.1443
20210115144154	18.1443
20210115144154	18.1443
20210115144154	18.1443
20210115144154	18.1443
20210115144154	18.1443
20210115144154	18.1443
20210115144154	26.5057
20210115144154	21.5508
20210115144154	22.7895
20210115144154	22.7895
20210115144154	22.7895
20210115144154	22.7895
20210115144154	22.7895
20210115144154	22.7895
20210115144154	22.7895
20210115144154	22.7895
20210115144154	30.0812
20210115144154	25.7602
20210115144154	26.8404
20210115144154	26.8404
20210115144154	26.8404
20210115144154	26.8404
20210115144154	26.8404
20210115144154	26.8404
20210115144154	26.8404
20210115144154	26.8404
20210115144154	28.44
20210115144154	27.4921
20210115144154	27.7291
20210115144154	27.7291
20210115144154	27.7291
20210115144154	27.7291
20210115144154	27.7291
20210115144154	27.7291
20210115144154	27.7291
20210115144154	27.7291
20210115144154	11.7458
20210115144154	21.2173
20210115144154	18.8495
20210115144154	18.8495
20210115144154	18.8495
20210115144154	18.8495
20210115144154	18.8495
20210115144154	18.8495
20210115144154	18.8495
20210115144154	18.8495
20210115144154	6.75891
20210115144154	13.9237
20210115144154	12.1325
20210115144154	12.1325
20210115144155	12.1325
20210115144155	12.1325
20210115144155	12.1325
20210115144155	12.1325
20210115144155	12.1325
20210115144155	12.1325
20210115144155	19.8124
20210115144155	15.2613
20210115144155	16.3991
20210115144155	16.3991
20210115144155	16.3991
20210115144155	16.3991
20210115144155	16.3991
20210115144155	16.3991
20210115144155	16.3991
20210115144155	16.3991
20210115144155	23.0905
20210115144155	19.1252
20210115144155	20.1166
20210115144155	20.1166
20210115144155	20.1166
20210115144155	20.1166
20210115144155	20.1166
20210115144155	20.1166
20210115144155	20.1166
20210115144155	20.1166
20210115144155	26.7041
20210115144155	22.8004
20210115144155	23.7763
20210115144155	23.7763
20210115144155	23.7763
20210115144155	23.7763
20210115144155	23.7763
20210115144155	23.7763
20210115144155	23.7763
20210115144155	23.7763
20210115144155	29.2572
20210115144155	26.0093
20210115144155	26.8213
20210115144155	26.8213
20210115144155	26.8213
20210115144155	26.8213
20210115144155	26.8213
20210115144155	26.8213
20210115144155	26.8213
20210115144155	26.8213
20210115144155	26.7709
20210115144155	26.8007
20210115144155	26.7933
20210115144155	26.7933
20210115144155	26.7933
20210115144155	26.7933
20210115144155	26.7933
20210115144155	26.7933
20210115144155	26.7933
20210115144155	26.7933
20210115144155	16.0432
20210115144155	22.4136
20210115144155	20.821
20210115144155	20.821
20210115144155	20.821
20210115144155	20.821
20210115144155	20.821
20210115144155	20.821
20210115144155	20.821
20210115144155	20.821
20210115144155	15.2231
20210115144155	18.5404
20210115144155	17.7111
20210115144155	17.7111
20210115144155	17.7111
20210115144155	17.7111
20210115144155	17.7111
20210115144155	17.7111
20210115144155	17.7111
20210115144155	17.7111
20210115144155	23.5647
20210115144155	20.0959
20210115144155	20.9631
20210115144155	20.9631
20210115144155	20.9631
20210115144155	20.9631
20210115144155	20.9631
20210115144155	20.9631
20210115144155	20.9631
20210115144155	20.9631
20210115144155	26.7582
20210115144155	23.3241
20210115144155	24.1826
20210115144155	24.1826
20210115144155	24.1826
20210115144155	24.1826
20210115144155	24.1826
20210115144155	24.1826
20210115144155	24.1826
20210115144155	24.1826
20210115144155	28.6986
20210115144155	26.0225
20210115144155	26.6915
20210115144155	26.6915
20210115144156	26.6915
20210115144156	26.6915
20210115144156	26.6915
20210115144156	26.6915
20210115144156	26.6915
20210115144156	26.6915
20210115144156	25.6927
20210115144156	26.2846
20210115144156	26.1366
20210115144156	26.1366
20210115144156	26.1366
20210115144156	26.1366
20210115144156	26.1366
20210115144156	26.1366
20210115144156	26.1366
20210115144156	26.1366
20210115144156	17.7262
20210115144156	22.7101
20210115144156	21.4641
20210115144156	21.4641
20210115144156	21.4641
20210115144156	21.4641
20210115144156	21.4641
20210115144156	21.4641
20210115144156	21.4641
20210115144156	21.4641
20210115144156	20.1025
20210115144156	20.9094
20210115144156	20.7077
20210115144156	20.7077
20210115144156	20.7077
20210115144156	20.7077
20210115144156	20.7077
20210115144156	20.7077
20210115144156	20.7077
20210115144156	20.7077
20210115144156	26.1734
20210115144156	22.9344
20210115144156	23.7442
20210115144156	23.7442
20210115144156	23.7442
20210115144156	23.7442
20210115144156	23.7442
20210115144156	23.7442
20210115144156	23.7442
20210115144156	23.7442
20210115144156	27.3535
20210115144156	25.2147
20210115144156	25.7494
20210115144156	25.7494
20210115144156	25.7494
20210115144156	25.7494
20210115144156	25.7494
20210115144156	25.7494
20210115144156	25.7494
20210115144156	25.7494
20210115144156	26.0705
20210115144156	25.8802
20210115144156	25.9278
20210115144156	25.9278
20210115144156	25.9278
20210115144156	25.9278
20210115144156	25.9278
20210115144156	25.9278
20210115144156	25.9278
20210115144156	25.9278
20210115144156	20.857
20210115144156	23.8619
20210115144156	23.1107
20210115144156	23.1107
20210115144156	23.1107
20210115144156	23.1107
20210115144156	23.1107
20210115144156	23.1107
20210115144156	23.1107
20210115144156	23.1107
20210115144156	21.1961
20210115144156	22.3307
20210115144156	22.047
20210115144156	22.047
20210115144156	22.047
20210115144156	22.047
20210115144156	22.047
20210115144156	22.047
20210115144156	22.047
20210115144156	22.047
20210115144156	25.812
20210115144156	23.5809
20210115144156	24.1387
20210115144156	24.1387
20210115144156	24.1387
20210115144156	24.1387
20210115144156	24.1387
20210115144156	24.1387
20210115144156	24.1387
20210115144156	24.1387
20210115144156	26.8032
20210115144156	25.2242
20210115144156	25.619
20210115144156	25.619
20210115144157	25.619
20210115144157	25.619
20210115144157	25.619
20210115144157	25.619
20210115144157	25.619
20210115144157	25.619
20210115144157	25.5863
20210115144157	25.6057
20210115144157	25.6008
20210115144157	25.6008
20210115144157	25.6008
20210115144157	25.6008
20210115144157	25.6008
20210115144157	25.6008
20210115144157	25.6008
20210115144157	25.6008
20210115144157	22.1176
20210115144157	24.1818
20210115144157	23.6657
20210115144157	23.6657
20210115144157	23.6657
20210115144157	23.6657
20210115144157	23.6657
20210115144157	23.6657
20210115144157	23.6657
20210115144157	23.6657
20210115144157	22.3858
20210115144157	23.1443
20210115144157	22.9546
20210115144157	22.9546
20210115144157	22.9546
20210115144157	22.9546
20210115144157	22.9546
20210115144157	22.9546
20210115144157	22.9546
20210115144157	22.9546
20210115144157	26.338
20210115144157	24.333
20210115144157	24.8343
20210115144157	24.8343
20210115144157	24.8343
20210115144157	24.8343
20210115144157	24.8343
20210115144157	24.8343
20210115144157	24.8343
20210115144157	24.8343
20210115144157	27.4388
20210115144157	25.8954
20210115144157	26.2812
20210115144157	26.2812
20210115144157	26.2812
20210115144157	26.2812
20210115144157	26.2812
20210115144157	26.2812
20210115144157	26.2812
20210115144157	26.2812
20210115144157	23.6404
20210115144157	25.2053
20210115144157	24.8141
20210115144157	24.8141
20210115144157	24.8141
20210115144157	24.8141
20210115144157	24.8141
20210115144157	24.8141
20210115144157	24.8141
20210115144157	24.8141
20210115144157	19.0057
20210115144157	22.4477
20210115144157	21.5872
20210115144157	21.5872
20210115144157	21.5872
20210115144157	21.5872
20210115144157	21.5872
20210115144157	21.5872
20210115144157	21.5872
20210115144157	21.5872
20210115144157	23.1333
20210115144157	22.2171
20210115144157	22.4461
20210115144157	22.4461
20210115144157	22.4461
20210115144157	22.4461
20210115144157	22.4461
20210115144157	22.4461
20210115144157	22.4461
20210115144157	22.4461
20210115144157	26.8064
20210115144157	24.2226
20210115144157	24.8685
20210115144157	24.8685
20210115144157	24.8685
20210115144157	24.8685
20210115144157	24.8685
20210115144157	24.8685
20210115144157	24.8685
20210115144157	24.8685
20210115144157	27.5743
20210115144157	25.9709
20210115144157	26.3717
20210115144157	26.3717
20210115144158	26.3717
20210115144158	26.3717
20210115144158	26.3717
20210115144158	26.3717
20210115144158	26.3717
20210115144158	26.3717
20210115144158	23.1761
20210115144158	25.0698
20210115144158	24.5964
20210115144158	24.5964
20210115144158	24.5964
20210115144158	24.5964
20210115144158	24.5964
20210115144158	24.5964
20210115144158	24.5964
20210115144158	24.5964
20210115144158	18.5754
20210115144158	22.1434
20210115144158	21.2514
20210115144158	21.2514
20210115144158	21.2514
20210115144158	21.2514
20210115144158	21.2514
20210115144158	21.2514
20210115144158	21.2514
20210115144158	21.2514
20210115144158	23.4463
20210115144158	22.1456
20210115144158	22.4708
20210115144158	22.4708
20210115144158	22.4708
20210115144158	22.4708
20210115144158	22.4708
20210115144158	22.4708
20210115144158	22.4708
20210115144158	22.4708
20210115144158	26.6474
20210115144158	24.1724
20210115144158	24.7911
20210115144158	24.7911
20210115144158	24.7911
20210115144158	24.7911
20210115144158	24.7911
20210115144158	24.7911
20210115144158	24.7911
20210115144158	24.7911
20210115144158	27.9692
20210115144158	26.0859
20210115144158	26.5567
20210115144158	26.5567
20210115144158	26.5567
20210115144158	26.5567
20210115144158	26.5567
20210115144158	26.5567
20210115144158	26.5567
20210115144158	26.5567
20210115144158	26.5567
20210115144158	26.5567
20210115144158	26.5567
20210115144158	26.5567
20210115144158	26.5567
20210115144158	26.5567
20210115144158	26.5567
20210115144158	26.5567
20210115144158	26.5567
20210115144158	26.5567
20210115144158	22.6481
20210115144158	24.9643
20210115144158	24.3853
20210115144158	24.3853
20210115144158	24.3853
20210115144158	24.3853
20210115144158	24.3853
20210115144158	24.3853
20210115144158	24.3853
20210115144158	24.3853
20210115144158	17.4498
20210115144158	21.5597
20210115144158	20.5322
20210115144158	20.5322
20210115144158	20.5322
20210115144158	20.5322
20210115144158	20.5322
20210115144158	20.5322
20210115144158	20.5322
20210115144158	20.5322
20210115144158	22.6423
20210115144158	21.3919
20210115144158	21.7045
20210115144158	21.7045
20210115144158	21.7045
20210115144158	21.7045
20210115144158	21.7045
20210115144158	21.7045
20210115144158	21.7045
20210115144158	21.7045
20210115144158	26.1942
20210115144158	23.5337
20210115144158	24.1988
20210115144158	24.1988
20210115144159	24.1988
20210115144159	24.1988
20210115144159	24.1988
20210115144159	24.1988
20210115144159	24.1988
20210115144159	24.1988
20210115144159	28.056
20210115144159	25.7703
20210115144159	26.3417
20210115144159	26.3417
20210115144159	26.3417
20210115144159	26.3417
20210115144159	26.3417
20210115144159	26.3417
20210115144159	26.3417
20210115144159	26.3417
20210115144159	24.8557
20210115144159	25.7363
20210115144159	25.5161
20210115144159	25.5161
20210115144159	25.5161
20210115144159	25.5161
20210115144159	25.5161
20210115144159	25.5161
20210115144159	25.5161
20210115144159	25.5161
20210115144159	17.344
20210115144159	22.1868
20210115144159	20.9761
20210115144159	20.9761
20210115144159	20.9761
20210115144159	20.9761
20210115144159	20.9761
20210115144159	20.9761
20210115144159	20.9761
20210115144159	20.9761
20210115144159	18.9416
20210115144159	20.1472
20210115144159	19.8458
20210115144159	19.8458
20210115144159	19.8458
20210115144159	19.8458
20210115144159	19.8458
20210115144159	19.8458
20210115144159	19.8458
20210115144159	19.8458
20210115144159	24.0556
20210115144159	21.5609
20210115144159	22.1846
20210115144159	22.1846
20210115144159	22.1846
20210115144159	22.1846
20210115144159	22.1846
20210115144159	22.1846
20210115144159	22.1846
20210115144159	22.1846
20210115144159	27.2651
20210115144159	24.2544
20210115144159	25.0071
20210115144159	25.0071
20210115144159	25.0071
20210115144159	25.0071
20210115144159	25.0071
20210115144159	25.0071
20210115144159	25.0071
20210115144159	25.0071
20210115144159	28.2424
20210115144159	26.3252
20210115144159	26.8045
20210115144159	26.8045
20210115144159	26.8045
20210115144159	26.8045
20210115144159	26.8045
20210115144159	26.8045
20210115144159	26.8045
20210115144159	26.8045
20210115144159	21.3997
20210115144159	24.6025
20210115144159	23.8018
20210115144159	23.8018
20210115144159	23.8018
20210115144159	23.8018
20210115144159	23.8018
20210115144159	23.8018
20210115144159	23.8018
20210115144159	23.8018
20210115144159	13.9477
20210115144159	19.7872
20210115144159	18.3273
20210115144159	18.3273
20210115144159	18.3273
20210115144159	18.3273
20210115144159	18.3273
20210115144159	18.3273
20210115144159	18.3273
20210115144159	18.3273
20210115144159	21.6476
20210115144159	19.68
20210115144159	20.1719
20210115144159	20.1719
20210115144200	20.1719
20210115144200	20.1719
20210115144200	20.1719
20210115144200	20.1719
20210115144200	20.1719
20210115144200	20.1719
20210115144200	25.2366
20210115144200	22.2353
20210115144200	22.9856
20210115144200	22.9856
20210115144200	22.9856
20210115144200	22.9856
20210115144200	22.9856
20210115144200	22.9856
20210115144200	22.9856
20210115144200	22.9856
20210115144200	28.4956
20210115144200	25.2304
20210115144200	26.0467
20210115144200	26.0467
20210115144200	26.0467
20210115144200	26.0467
20210115144200	26.0467
20210115144200	26.0467
20210115144200	26.0467
20210115144200	26.0467
20210115144200	26.6013
20210115144200	26.2726
20210115144200	26.3548
20210115144200	26.3548
20210115144200	26.3548
20210115144200	26.3548
20210115144200	26.3548
20210115144200	26.3548
20210115144200	26.3548
20210115144200	26.3548
20210115144200	17.3112
20210115144200	22.6704
20210115144200	21.3306
20210115144200	21.3306
20210115144200	21.3306
20210115144200	21.3306
20210115144200	21.3306
20210115144200	21.3306
20210115144200	21.3306
20210115144200	21.3306
20210115144200	15.4495
20210115144200	18.9346
20210115144200	18.0633
20210115144200	18.0633
20210115144200	18.0633
20210115144200	18.0633
20210115144200	18.0633
20210115144200	18.0633
20210115144200	18.0633
20210115144200	18.0633
20210115144200	23.9044
20210115144200	20.443
20210115144200	21.3084
20210115144200	21.3084
20210115144200	21.3084
20210115144200	21.3084
20210115144200	21.3084
20210115144200	21.3084
20210115144200	21.3084
20210115144200	21.3084
20210115144200	26.7288
20210115144200	23.5167
20210115144200	24.3197
20210115144200	24.3197
20210115144200	24.3197
20210115144200	24.3197
20210115144200	24.3197
20210115144200	24.3197
20210115144200	24.3197
20210115144200	24.3197
20210115144200	28.2045
20210115144200	25.9024
20210115144200	26.4779
20210115144200	26.4779
20210115144200	26.4779
20210115144200	26.4779
20210115144200	26.4779
20210115144200	26.4779
20210115144200	26.4779
20210115144200	26.4779
20210115144200	22.974
20210115144200	25.0504
20210115144200	24.5313
20210115144200	24.5313
20210115144200	24.5313
20210115144200	24.5313
20210115144200	24.5313
20210115144200	24.5313
20210115144200	24.5313
20210115144200	24.5313
20210115144200	17.855
20210115144200	21.8113
20210115144200	20.8222
20210115144200	20.8222
20210115144201	20.8222
20210115144201	20.8222
20210115144201	20.8222
20210115144201	20.8222
20210115144201	20.8222
20210115144201	20.8222
20210115144201	24.7126
20210115144201	22.4072
20210115144201	22.9835
20210115144201	22.9835
20210115144201	22.9835
20210115144201	22.9835
20210115144201	22.9835
20210115144201	22.9835
20210115144201	22.9835
20210115144201	22.9835
20210115144201	28.7511
20210115144201	25.3333
20210115144201	26.1877
20210115144201	26.1877
20210115144201	26.1877
20210115144201	26.1877
20210115144201	26.1877
20210115144201	26.1877
20210115144201	26.1877
20210115144201	26.1877
20210115144201	26.9915
20210115144201	26.5152
20210115144201	26.6343
20210115144201	26.6343
20210115144201	26.6343
20210115144201	26.6343
20210115144201	26.6343
20210115144201	26.6343
20210115144201	26.6343
20210115144201	26.6343
20210115144201	16.3286
20210115144201	22.4357
20210115144201	20.9089
20210115144201	20.9089
20210115144201	20.9089
20210115144201	20.9089
20210115144201	20.9089
20210115144201	20.9089
20210115144201	20.9089
20210115144201	20.9089
20210115144201	15.3776
20210115144201	18.6554
20210115144201	17.836
20210115144201	17.836
20210115144201	17.836
20210115144201	17.836
20210115144201	17.836
20210115144201	17.836
20210115144201	17.836
20210115144201	17.836
20210115144201	25.3339
20210115144201	20.8907
20210115144201	22.0015
20210115144201	22.0015
20210115144201	22.0015
20210115144201	22.0015
20210115144201	22.0015
20210115144201	22.0015
20210115144201	22.0015
20210115144201	22.0015
20210115144201	27.2766
20210115144201	24.1506
20210115144201	24.9321
20210115144201	24.9321
20210115144201	24.9321
20210115144201	24.9321
20210115144201	24.9321
20210115144201	24.9321
20210115144201	24.9321
20210115144201	24.9321
20210115144201	27.9138
20210115144201	26.1469
20210115144201	26.5886
20210115144201	26.5886
20210115144201	26.5886
20210115144201	26.5886
20210115144201	26.5886
20210115144201	26.5886
20210115144201	26.5886
20210115144201	26.5886
20210115144201	22.9598
20210115144201	25.1102
20210115144201	24.5726
20210115144201	24.5726
20210115144201	24.5726
20210115144201	24.5726
20210115144201	24.5726
20210115144201	24.5726
20210115144201	24.5726
20210115144201	24.5726
20210115144201	17.8512
20210115144201	21.8343
20210115144201	20.8385
20210115144201	20.8385
20210115144202	20.8385
20210115144202	20.8385
20210115144202	20.8385
20210115144202	20.8385
20210115144202	20.8385
20210115144202	20.8385
20210115144202	24.5554
20210115144202	22.3528
20210115144202	22.9035
20210115144202	22.9035
20210115144202	22.9035
20210115144202	22.9035
20210115144202	22.9035
20210115144202	22.9035
20210115144202	22.9035
20210115144202	22.9035
20210115144202	27.5854
20210115144202	24.8109
20210115144202	25.5045
20210115144202	25.5045
20210115144202	25.5045
20210115144202	25.5045
20210115144202	25.5045
20210115144202	25.5045
20210115144202	25.5045
20210115144202	25.5045
20210115144202	27.7199
20210115144202	26.4071
20210115144202	26.7353
20210115144202	26.7353
20210115144202	26.7353
20210115144202	26.7353
20210115144202	26.7353
20210115144202	26.7353
20210115144202	26.7353
20210115144202	26.7353
20210115144202	20.5089
20210115144202	24.1986
20210115144202	23.2762
20210115144202	23.2762
20210115144202	23.2762
20210115144202	23.2762
20210115144202	23.2762
20210115144202	23.2762
20210115144202	23.2762
20210115144202	23.2762
20210115144202	16.8007
20210115144202	20.638
20210115144202	19.6787
20210115144202	19.6787
20210115144202	19.6787
20210115144202	19.6787
20210115144202	19.6787
20210115144202	19.6787
20210115144202	19.6787
20210115144202	19.6787
20210115144202	24.8782
20210115144202	21.797
20210115144202	22.5673
20210115144202	22.5673
20210115144202	22.5673
20210115144202	22.5673
20210115144202	22.5673
20210115144202	22.5673
20210115144202	22.5673
20210115144202	22.5673
20210115144202	26.7987
20210115144202	24.2912
20210115144202	24.9181
20210115144202	24.9181
20210115144202	24.9181
20210115144202	24.9181
20210115144202	24.9181
20210115144202	24.9181
20210115144202	24.9181
20210115144202	24.9181
20210115144202	28.7779
20210115144202	26.4906
20210115144202	27.0624
20210115144202	27.0624
20210115144202	27.0624
20210115144202	27.0624
20210115144202	27.0624
20210115144202	27.0624
20210115144202	27.0624
20210115144202	27.0624
20210115144202	21.8132
20210115144202	24.9238
20210115144202	24.1462
20210115144202	24.1462
20210115144202	24.1462
20210115144202	24.1462
20210115144202	24.1462
20210115144202	24.1462
20210115144202	24.1462
20210115144202	24.1462
20210115144202	14.8196
20210115144202	20.3465
20210115144202	18.9648
20210115144202	18.9648
20210115144203	18.9648
20210115144203	18.9648
20210115144203	18.9648
20210115144203	18.9648
20210115144203	18.9648
20210115144203	18.9648
20210115144203	21.3839
20210115144203	19.9503
20210115144203	20.3087
20210115144203	20.3087
20210115144203	20.3087
20210115144203	20.3087
20210115144203	20.3087
20210115144203	20.3087
20210115144203	20.3087
20210115144203	20.3087
20210115144203	25.1991
20210115144203	22.3011
20210115144203	23.0256
20210115144203	23.0256
20210115144203	23.0256
20210115144203	23.0256
20210115144203	23.0256
20210115144203	23.0256
20210115144203	23.0256
20210115144203	23.0256
20210115144203	28.685
20210115144203	25.3313
20210115144203	26.1697
20210115144203	26.1697
20210115144203	26.1697
20210115144203	26.1697
20210115144203	26.1697
20210115144203	26.1697
20210115144203	26.1697
20210115144203	26.1697
20210115144203	28.4449
20210115144203	27.0966
20210115144203	27.4337
20210115144203	27.4337
20210115144203	27.4337
20210115144203	27.4337
20210115144203	27.4337
20210115144203	27.4337
20210115144203	27.4337
20210115144203	27.4337
20210115144203	13.6742
20210115144203	21.828
20210115144203	19.7895
20210115144203	19.7895
20210115144203	19.7895
20210115144203	19.7895
20210115144203	19.7895
20210115144203	19.7895
20210115144203	19.7895
20210115144203	19.7895
20210115144203	7.31769
20210115144203	14.7084
20210115144203	12.8607
20210115144203	12.8607
20210115144203	12.8607
20210115144203	12.8607
20210115144203	12.8607
20210115144203	12.8607
20210115144203	12.8607
20210115144203	12.8607
20210115144203	17.8627
20210115144203	14.8986
20210115144203	15.6396
20210115144203	15.6396
20210115144203	15.6396
20210115144203	15.6396
20210115144203	15.6396
20210115144203	15.6396
20210115144203	15.6396
20210115144203	15.6396
20210115144203	23.1077
20210115144203	18.6822
20210115144203	19.7886
20210115144203	19.7886
20210115144203	19.7886
20210115144203	19.7886
20210115144203	19.7886
20210115144203	19.7886
20210115144203	19.7886
20210115144203	19.7886
20210115144203	26.0412
20210115144203	22.3359
20210115144203	23.2623
20210115144203	23.2623
20210115144203	23.2623
20210115144203	23.2623
20210115144203	23.2623
20210115144203	23.2623
20210115144203	23.2623
20210115144203	23.2623
20210115144203	26.7465
20210115144203	24.6818
20210115144203	25.1979
20210115144203	25.1979
20210115144204	25.1979
20210115144204	25.1979
20210115144204	25.1979
20210115144204	25.1979
20210115144204	25.1979
20210115144204	25.1979
20210115144204	26.3184
20210115144204	25.6544
20210115144204	25.8204
20210115144204	25.8204
20210115144204	25.8204
20210115144204	25.8204
20210115144204	25.8204
20210115144204	25.8204
20210115144204	25.8204
20210115144204	25.8204
20210115144204	22.5146
20210115144204	24.4736
20210115144204	23.9838
20210115144204	23.9838
20210115144204	23.9838
20210115144204	23.9838
20210115144204	23.9838
20210115144204	23.9838
20210115144204	23.9838
20210115144204	23.9838
20210115144204	22.3734
20210115144204	23.3277
20210115144204	23.0891
20210115144204	23.0891
20210115144204	23.0891
20210115144204	23.0891
20210115144204	23.0891
20210115144204	23.0891
20210115144204	23.0891
20210115144204	23.0891
20210115144204	26.2578
20210115144204	24.3801
20210115144204	24.8495
20210115144204	24.8495
20210115144204	24.8495
20210115144204	24.8495
20210115144204	24.8495
20210115144204	24.8495
20210115144204	24.8495
20210115144204	24.8495
20210115144204	26.2249
20210115144204	25.4099
20210115144204	25.6136
20210115144204	25.6136
20210115144204	25.6136
20210115144204	25.6136
20210115144204	25.6136
20210115144204	25.6136
20210115144204	25.6136
20210115144204	25.6136
20210115144204	22.9164
20210115144204	24.5148
20210115144204	24.1152
20210115144204	24.1152
20210115144204	24.1152
20210115144204	24.1152
20210115144204	24.1152
20210115144204	24.1152
20210115144204	24.1152
20210115144204	24.1152
20210115144204	22.8265
20210115144204	23.5901
20210115144204	23.3992
20210115144204	23.3992
20210115144204	23.3992
20210115144204	23.3992
20210115144204	23.3992
20210115144204	23.3992
20210115144204	23.3992
20210115144204	23.3992
20210115144204	28.0262
20210115144204	25.2843
20210115144204	25.9698
20210115144204	25.9698
20210115144204	25.9698
20210115144204	25.9698
20210115144204	25.9698
20210115144204	25.9698
20210115144204	25.9698
20210115144204	25.9698
20210115144204	25.5004
20210115144204	25.7785
20210115144204	25.709
20210115144204	25.709
20210115144204	25.709
20210115144204	25.709
20210115144204	25.709
20210115144204	25.709
20210115144204	25.709
20210115144204	25.709
20210115144204	16.5049
20210115144204	21.9592
20210115144204	20.5956
20210115144204	20.5956
20210115144205	20.5956
20210115144205	20.5956
20210115144205	20.5956
20210115144205	20.5956
20210115144205	20.5956
20210115144205	20.5956
20210115144205	18.647
20210115144205	19.8017
20210115144205	19.5131
20210115144205	19.5131
20210115144205	19.5131
20210115144205	19.5131
20210115144205	19.5131
20210115144205	19.5131
20210115144205	19.5131
20210115144205	19.5131
20210115144205	27.3617
20210115144205	22.7106
20210115144205	23.8734
20210115144205	23.8734
20210115144205	23.8734
20210115144205	23.8734
20210115144205	23.8734
20210115144205	23.8734
20210115144205	23.8734
20210115144205	23.8734
20210115144205	27.9686
20210115144205	25.5418
20210115144205	26.1485
20210115144205	26.1485
20210115144205	26.1485
20210115144205	26.1485
20210115144205	26.1485
20210115144205	26.1485
20210115144205	26.1485
20210115144205	26.1485
20210115144205	22.6192
20210115144205	24.7106
20210115144205	24.1878
20210115144205	24.1878
20210115144205	24.1878
20210115144205	24.1878
20210115144205	24.1878
20210115144205	24.1878
20210115144205	24.1878
20210115144205	24.1878
20210115144205	17.676
20210115144205	21.5348
20210115144205	20.5701
20210115144205	20.5701
20210115144205	20.5701
20210115144205	20.5701
20210115144205	20.5701
20210115144205	20.5701
20210115144205	20.5701
20210115144205	20.5701
20210115144205	25.5662
20210115144205	22.6056
20210115144205	23.3457
20210115144205	23.3457
20210115144205	23.3457
20210115144205	23.3457
20210115144205	23.3457
20210115144205	23.3457
20210115144205	23.3457
20210115144205	23.3457
20210115144205	30.0523
20210115144205	26.078
20210115144205	27.0716
20210115144205	27.0716
20210115144205	27.0716
20210115144205	27.0716
20210115144205	27.0716
20210115144205	27.0716
20210115144205	27.0716
20210115144205	27.0716
20210115144205	22.6135
20210115144205	25.2553
20210115144205	24.5949
20210115144205	24.5949
20210115144205	24.5949
20210115144205	24.5949
20210115144205	24.5949
20210115144205	24.5949
20210115144205	24.5949
20210115144205	24.5949
20210115144205	10.8104
20210115144205	18.979
20210115144205	16.9369
20210115144205	16.9369
20210115144205	16.9369
20210115144205	16.9369
20210115144205	16.9369
20210115144205	16.9369
20210115144205	16.9369
20210115144205	16.9369
20210115144205	19.8312
20210115144205	18.116
20210115144205	18.5448
20210115144205	18.5448
20210115144206	18.5448
20210115144206	18.5448
20210115144206	18.5448
20210115144206	18.5448
20210115144206	18.5448
20210115144206	18.5448
20210115144206	27.2959
20210115144206	22.1101
20210115144206	23.4065
20210115144206	23.4065
20210115144206	23.4065
20210115144206	23.4065
20210115144206	23.4065
20210115144206	23.4065
20210115144206	23.4065
20210115144206	23.4065
20210115144206	28.9018
20210115144206	25.6454
20210115144206	26.4595
20210115144206	26.4595
20210115144206	26.4595
20210115144206	26.4595
20210115144206	26.4595
20210115144206	26.4595
20210115144206	26.4595
20210115144206	26.4595
20210115144206	21.791
20210115144206	24.5575
20210115144206	23.8659
20210115144206	23.8659
20210115144206	23.8659
20210115144206	23.8659
20210115144206	23.8659
20210115144206	23.8659
20210115144206	23.8659
20210115144206	23.8659
20210115144206	16.5618
20210115144206	20.8902
20210115144206	19.8081
20210115144206	19.8081
20210115144206	19.8081
20210115144206	19.8081
20210115144206	19.8081
20210115144206	19.8081
20210115144206	19.8081
20210115144206	19.8081
20210115144206	26.0137
20210115144206	22.3363
20210115144206	23.2556
20210115144206	23.2556
20210115144206	23.2556
20210115144206	23.2556
20210115144206	23.2556
20210115144206	23.2556
20210115144206	23.2556
20210115144206	23.2556
20210115144206	23.2556
20210115144206	31.8468
20210115144206	26.7557
20210115144206	28.0285
20210115144206	28.0285
20210115144206	28.0285
20210115144206	28.0285
20210115144206	28.0285
20210115144206	28.0285
20210115144206	28.0285
20210115144206	24.8762
20210115144206	26.7442
20210115144206	26.2772
20210115144206	26.2772
20210115144206	26.2772
20210115144206	26.2772
20210115144206	26.2772
20210115144206	26.2772
20210115144206	26.2772
20210115144206	26.2772
20210115144206	1.03598
20210115144206	15.9937
20210115144206	12.2543
20210115144206	12.2543
20210115144206	12.2543
20210115144206	12.2543
20210115144206	12.2543
20210115144206	12.2543
20210115144206	12.2543
20210115144206	12.2543
20210115144206	8.56228
20210115144206	10.7501
20210115144206	10.2032
20210115144206	10.2032
20210115144206	10.2032
20210115144206	10.2032
20210115144206	10.2032
20210115144206	10.2032
20210115144206	10.2032
20210115144206	10.2032
20210115144206	10.2032
20210115144206	20.9279
20210115144206	14.5725
20210115144206	16.1613
20210115144207	16.1613
20210115144207	16.1613
20210115144207	16.1613
20210115144207	16.1613
20210115144207	16.1613
20210115144207	16.1613
20210115144207	16.1613
20210115144207	22.8504
20210115144207	18.8865
20210115144207	19.8775
20210115144207	19.8775
20210115144207	19.8775
20210115144207	19.8775
20210115144207	19.8775
20210115144207	19.8775
20210115144207	19.8775
20210115144207	19.8775
20210115144207	21.006
20210115144207	20.3373
20210115144207	20.5044
20210115144207	20.5044
20210115144207	20.5044
20210115144207	20.5044
20210115144207	20.5044
20210115144207	20.5044
20210115144207	20.5044
20210115144207	20.5044
20210115144207	23.911
20210115144207	21.8923
20210115144207	22.397
20210115144207	22.397
20210115144207	22.397
20210115144207	22.397
20210115144207	22.397
20210115144207	22.397
20210115144207	22.397
20210115144207	29.6669
20210115144207	25.3588
20210115144207	26.4358
20210115144207	26.4358
20210115144207	26.4358
20210115144207	26.4358
20210115144207	26.4358
20210115144207	26.4358
20210115144207	26.4358
20210115144207	26.4358
20210115144207	30.8415
20210115144207	28.2307
20210115144207	28.8834
20210115144207	28.8834
20210115144207	28.8834
20210115144207	28.8834
20210115144207	28.8834
20210115144207	28.8834
20210115144207	28.8834
20210115144207	28.8834
20210115144207	28.8834
20210115144207	6.17693
20210115144207	19.6326
20210115144207	16.2687
20210115144207	16.2687
20210115144207	16.2687
20210115144207	16.2687
20210115144207	16.2687
20210115144207	16.2687
20210115144207	16.2687
20210115144207	-12.5635
20210115144207	4.52224
20210115144207	0.250799
20210115144207	0.250799
20210115144207	0.250799
20210115144207	0.250799
20210115144207	0.250799
20210115144207	0.250799
20210115144207	0.250799
20210115144207	0.250799
20210115144207	0.250799
20210115144207	5.37767
20210115144207	2.33953
20210115144207	3.09906
20210115144207	3.09906
20210115144207	3.09906
20210115144207	3.09906
20210115144207	3.09906
20210115144207	3.09906
20210115144207	3.09906
20210115144207	13.8559
20210115144207	7.48148
20210115144207	9.07508
20210115144207	9.07508
20210115144207	9.07508
20210115144207	9.07508
20210115144207	9.07508
20210115144207	9.07508
20210115144207	9.07508
20210115144207	9.07508
20210115144207	9.07508
20210115144207	18.3782
20210115144207	12.8652
20210115144207	14.2435
20210115144208	14.2435
20210115144208	14.2435
20210115144208	14.2435
20210115144208	14.2435
20210115144208	14.2435
20210115144208	14.2435
20210115144208	14.2435
20210115144208	15.6397
20210115144208	14.8123
20210115144208	15.0191
20210115144208	15.0191
20210115144208	15.0191
20210115144208	15.0191
20210115144208	15.0191
20210115144208	15.0191
20210115144208	15.0191
20210115144208	15.0191
20210115144208	17.0221
20210115144208	15.8352
20210115144208	16.1319
20210115144208	16.1319
20210115144208	16.1319
20210115144208	16.1319
20210115144208	16.1319
20210115144208	16.1319
20210115144208	16.1319
20210115144208	22.2838
20210115144208	18.6382
20210115144208	19.5496
20210115144208	19.5496
20210115144208	19.5496
20210115144208	19.5496
20210115144208	19.5496
20210115144208	19.5496
20210115144208	19.5496
20210115144208	19.5496
20210115144208	19.5496
20210115144208	30.3204
20210115144208	23.9377
20210115144208	25.5334
20210115144208	25.5334
20210115144208	25.5334
20210115144208	25.5334
20210115144208	25.5334
20210115144208	25.5334
20210115144208	25.5334
20210115144208	25.5334
20210115144208	27.7352
20210115144208	26.4304
20210115144208	26.7566
20210115144208	26.7566
20210115144208	26.7566
20210115144208	26.7566
20210115144208	26.7566
20210115144208	26.7566
20210115144208	26.7566
20210115144208	26.7566
20210115144208	14.7689
20210115144208	21.8727
20210115144208	20.0968
20210115144208	20.0968
20210115144208	20.0968
20210115144208	20.0968
20210115144208	20.0968
20210115144208	20.0968
20210115144208	20.0968
20210115144208	20.0968
20210115144208	9.19188
20210115144208	15.654
20210115144208	14.0385
20210115144208	14.0385
20210115144208	14.0385
20210115144208	14.0385
20210115144208	14.0385
20210115144208	14.0385
20210115144208	14.0385
20210115144208	14.0385
20210115144208	21.8737
20210115144208	17.2306
20210115144208	18.3914
20210115144208	18.3914
20210115144208	18.3914
20210115144208	18.3914
20210115144208	18.3914
20210115144208	18.3914
20210115144208	18.3914
20210115144208	18.3914
20210115144208	27.8944
20210115144208	22.263
20210115144208	23.6708
20210115144208	23.6708
20210115144208	23.6708
20210115144208	23.6708
20210115144208	23.6708
20210115144208	23.6708
20210115144208	23.6708
20210115144208	23.6708
20210115144208	25.7054
20210115144208	24.4997
20210115144208	24.8012
20210115144209	24.8012
20210115144209	24.8012
20210115144209	24.8012
20210115144209	24.8012
20210115144209	24.8012
20210115144209	24.8012
20210115144209	24.8012
20210115144209	23.1042
20210115144209	24.1098
20210115144209	23.8584
20210115144209	23.8584
20210115144209	23.8584
20210115144209	23.8584
20210115144209	23.8584
20210115144209	23.8584
20210115144209	23.8584
20210115144209	23.8584
20210115144209	23.6964
20210115144209	23.7924
20210115144209	23.7684
20210115144209	23.7684
20210115144209	23.7684
20210115144209	23.7684
20210115144209	23.7684
20210115144209	23.7684
20210115144209	23.7684
20210115144209	23.7684
20210115144209	30.7789
20210115144209	26.6245
20210115144209	27.6631
20210115144209	27.6631
20210115144209	27.6631
20210115144209	27.6631
20210115144209	27.6631
20210115144209	27.6631
20210115144209	27.6631
20210115144209	27.6631
20210115144209	26.9821
20210115144209	27.3856
20210115144209	27.2847
20210115144209	27.2847
20210115144209	27.2847
20210115144209	27.2847
20210115144209	27.2847
20210115144209	27.2847
20210115144209	27.2847
20210115144209	27.2847
20210115144209	2.33475
20210115144209	17.1199
20210115144209	13.4236
20210115144209	13.4236
20210115144209	13.4236
20210115144209	13.4236
20210115144209	13.4236
20210115144209	13.4236
20210115144209	13.4236
20210115144209	13.4236
20210115144209	-2.11586
20210115144209	7.09273
20210115144209	4.79058
20210115144209	4.79058
20210115144209	4.79058
20210115144209	4.79058
20210115144209	4.79058
20210115144209	4.79058
20210115144209	4.79058
20210115144209	4.79058
20210115144209	10.7973
20210115144209	7.23775
20210115144209	8.12762
20210115144209	8.12762
20210115144209	8.12762
20210115144209	8.12762
20210115144209	8.12762
20210115144209	8.12762
20210115144209	8.12762
20210115144209	8.12762
20210115144209	19.2797
20210115144209	12.671
20210115144209	14.3232
20210115144209	14.3232
20210115144209	14.3232
20210115144209	14.3232
20210115144209	14.3232
20210115144209	14.3232
20210115144209	14.3232
20210115144209	14.3232
20210115144209	19.8095
20210115144209	16.5583
20210115144209	17.3711
20210115144209	17.3711
20210115144209	17.3711
20210115144209	17.3711
20210115144209	17.3711
20210115144209	17.3711
20210115144209	17.3711
20210115144209	17.3711
20210115144209	18.1032
20210115144209	17.6694
20210115144209	17.7778
20210115144210	17.7778
20210115144210	17.7778
20210115144210	17.7778
20210115144210	17.7778
20210115144210	17.7778
20210115144210	17.7778
20210115144210	17.7778
20210115144210	20.7383
20210115144210	18.984
20210115144210	19.4225
20210115144210	19.4225
20210115144210	19.4225
20210115144210	19.4225
20210115144210	19.4225
20210115144210	19.4225
20210115144210	19.4225
20210115144210	19.4225
20210115144210	27.0526
20210115144210	22.5311
20210115144210	23.6615
20210115144210	23.6615
20210115144210	23.6615
20210115144210	23.6615
20210115144210	23.6615
20210115144210	23.6615
20210115144210	23.6615
20210115144210	23.6615
20210115144210	31.9567
20210115144210	27.041
20210115144210	28.2699
20210115144210	28.2699
20210115144210	28.2699
20210115144210	28.2699
20210115144210	28.2699
20210115144210	28.2699
20210115144210	28.2699
20210115144210	28.2699
20210115144210	22.661
20210115144210	25.9848
20210115144210	25.1539
20210115144210	25.1539
20210115144210	25.1539
20210115144210	25.1539
20210115144210	25.1539
20210115144210	25.1539
20210115144210	25.1539
20210115144210	25.1539
20210115144210	-1.26416
20210115144210	14.391
20210115144210	10.4772
20210115144210	10.4772
20210115144210	10.4772
20210115144210	10.4772
20210115144210	10.4772
20210115144210	10.4772
20210115144210	10.4772
20210115144210	10.4772
20210115144210	9.30992
20210115144210	10.0016
20210115144210	9.8287
20210115144210	9.8287
20210115144210	9.8287
20210115144210	9.8287
20210115144210	9.8287
20210115144210	9.8287
20210115144210	9.8287
20210115144210	9.8287
20210115144210	19.0766
20210115144210	13.5964
20210115144210	14.9664
20210115144210	14.9664
20210115144210	14.9664
20210115144210	14.9664
20210115144210	14.9664
20210115144210	14.9664
20210115144210	14.9664
20210115144210	14.9664
20210115144210	23.6556
20210115144210	18.5064
20210115144210	19.7937
20210115144210	19.7937
20210115144210	19.7937
20210115144210	19.7937
20210115144210	19.7937
20210115144210	19.7937
20210115144210	19.7937
20210115144210	19.7937
20210115144210	20.9493
20210115144210	20.2645
20210115144210	20.4357
20210115144210	20.4357
20210115144210	20.4357
20210115144210	20.4357
20210115144210	20.4357
20210115144210	20.4357
20210115144210	20.4357
20210115144210	20.4357
20210115144210	22.2856
20210115144210	21.1894
20210115144210	21.4634
20210115144211	21.4634
20210115144211	21.4634
20210115144211	21.4634
20210115144211	21.4634
20210115144211	21.4634
20210115144211	21.4634
20210115144211	21.4634
20210115144211	26.838
20210115144211	23.6531
20210115144211	24.4493
20210115144211	24.4493
20210115144211	24.4493
20210115144211	24.4493
20210115144211	24.4493
20210115144211	24.4493
20210115144211	24.4493
20210115144211	24.4493
20210115144211	33.3903
20210115144211	28.0919
20210115144211	29.4165
20210115144211	29.4165
20210115144211	29.4165
20210115144211	29.4165
20210115144211	29.4165
20210115144211	29.4165
20210115144211	29.4165
20210115144211	29.4165
20210115144211	23.7224
20210115144211	27.0967
20210115144211	26.2531
20210115144211	26.2531
20210115144211	26.2531
20210115144211	26.2531
20210115144211	26.2531
20210115144211	26.2531
20210115144211	26.2531
20210115144211	26.2531
20210115144211	-15.1447
20210115144211	9.38736
20210115144211	3.25436
20210115144211	3.25436
20210115144211	3.25436
20210115144211	3.25436
20210115144211	3.25436
20210115144211	3.25436
20210115144211	3.25436
20210115144211	3.25436
20210115144211	-3.74896
20210115144211	0.401154
20210115144211	-0.636375
20210115144211	-0.636375
20210115144211	-0.636375
20210115144211	-0.636375
20210115144211	-0.636375
20210115144211	-0.636375
20210115144211	-0.636375
20210115144211	-0.636375
20210115144211	8.32981
20210115144211	3.01651
20210115144211	4.34484
20210115144211	4.34484
20210115144211	4.34484
20210115144211	4.34484
20210115144211	4.34484
20210115144211	4.34484
20210115144211	4.34484
20210115144211	4.34484
20210115144211	14.5977
20210115144211	8.52193
20210115144211	10.0409
20210115144211	10.0409
20210115144211	10.0409
20210115144211	10.0409
20210115144211	10.0409
20210115144211	10.0409
20210115144211	10.0409
20210115144211	10.0409
20210115144211	13.4625
20210115144211	11.4349
20210115144211	11.9418
20210115144211	11.9418
20210115144211	11.9418
20210115144211	11.9418
20210115144211	11.9418
20210115144211	11.9418
20210115144211	11.9418
20210115144211	11.9418
20210115144211	13.2493
20210115144211	12.4745
20210115144211	12.6682
20210115144211	12.6682
20210115144211	12.6682
20210115144211	12.6682
20210115144211	12.6682
20210115144211	12.6682
20210115144211	12.6682
20210115144211	12.6682
20210115144211	17.8413
20210115144211	14.7757
20210115144211	15.5421
20210115144212	15.5421
20210115144212	15.5421
20210115144212	15.5421
20210115144212	15.5421
20210115144212	15.5421
20210115144212	15.5421
20210115144212	15.5421
20210115144212	24.8908
20210115144212	19.3509
20210115144212	20.7358
20210115144212	20.7358
20210115144212	20.7358
20210115144212	20.7358
20210115144212	20.7358
20210115144212	20.7358
20210115144212	20.7358
20210115144212	20.7358
20210115144212	28.8234
20210115144212	24.0308
20210115144212	25.2289
20210115144212	25.2289
20210115144212	25.2289
20210115144212	25.2289
20210115144212	25.2289
20210115144212	25.2289
20210115144212	25.2289
20210115144212	25.2289
20210115144212	24.4733
20210115144212	24.9211
20210115144212	24.8091
20210115144212	24.8091
20210115144212	24.8091
20210115144212	24.8091
20210115144212	24.8091
20210115144212	24.8091
20210115144212	24.8091
20210115144212	24.8091
20210115144212	19.1651
20210115144212	22.5097
20210115144212	21.6735
20210115144212	21.6735
20210115144212	21.6735
20210115144212	21.6735
20210115144212	21.6735
20210115144212	21.6735
20210115144212	21.6735
20210115144212	21.6735
20210115144212	20.3563
20210115144212	21.1369
20210115144212	20.9417
20210115144212	20.9417
20210115144212	20.9417
20210115144212	20.9417
20210115144212	20.9417
20210115144212	20.9417
20210115144212	20.9417
20210115144212	24.8239
20210115144212	22.5233
20210115144212	23.0985
20210115144212	23.0985
20210115144212	23.0985
20210115144212	23.0985
20210115144212	23.0985
20210115144212	23.0985
20210115144212	23.0985
20210115144212	23.0985
20210115144212	23.0985
20210115144212	23.0985
20210115144212	23.0985
20210115144212	23.0985
20210115144212	23.0985
20210115144212	23.0985
20210115144212	23.0985
20210115144212	23.0985
20210115144212	23.0985
20210115144212	23.0985
20210115144212	23.0985
20210115144212	26.9408
20210115144212	24.6639
20210115144212	25.2331
20210115144212	25.2331
20210115144212	25.2331
20210115144212	25.2331
20210115144212	25.2331
20210115144212	25.2331
20210115144212	25.2331
20210115144212	25.2331
20210115144212	24.3759
20210115144212	24.8839
20210115144212	24.7569
20210115144212	24.7569
20210115144212	24.7569
20210115144212	24.7569
20210115144212	24.7569
20210115144212	24.7569
20210115144212	24.7569
20210115144212	24.7569
20210115144212	19.6338
20210115144212	22.6697
20210115144212	21.9107
20210115144213	21.9107
20210115144213	21.9107
20210115144213	21.9107
20210115144213	21.9107
20210115144213	21.9107
20210115144213	21.9107
20210115144213	21.9107
20210115144213	20.1457
20210115144213	21.1916
20210115144213	20.9302
20210115144213	20.9302
20210115144213	20.9302
20210115144213	20.9302
20210115144213	20.9302
20210115144213	20.9302
20210115144213	20.9302
20210115144213	20.9302
20210115144213	25.3539
20210115144213	22.7324
20210115144213	23.3878
20210115144213	23.3878
20210115144213	23.3878
20210115144213	23.3878
20210115144213	23.3878
20210115144213	23.3878
20210115144213	23.3878
20210115144213	23.3878
20210115144213	26.4067
20210115144213	24.6177
20210115144213	25.0649
20210115144213	25.0649
20210115144213	25.0649
20210115144213	25.0649
20210115144213	25.0649
20210115144213	25.0649
20210115144213	25.0649
20210115144213	25.0649
20210115144213	23.9614
20210115144213	24.6153
20210115144213	24.4518
20210115144213	24.4518
20210115144213	24.4518
20210115144213	24.4518
20210115144213	24.4518
20210115144213	24.4518
20210115144213	24.4518
20210115144213	24.4518
20210115144213	20.7032
20210115144213	22.9246
20210115144213	22.3693
20210115144213	22.3693
20210115144213	22.3693
20210115144213	22.3693
20210115144213	22.3693
20210115144213	22.3693
20210115144213	22.3693
20210115144213	22.3693
20210115144213	22.0312
20210115144213	22.2315
20210115144213	22.1814
20210115144213	22.1814
20210115144213	22.1814
20210115144213	22.1814
20210115144213	22.1814
20210115144213	22.1814
20210115144213	22.1814
20210115144213	22.1814
20210115144213	27.3686
20210115144213	24.2947
20210115144213	25.0632
20210115144213	25.0632
20210115144213	25.0632
20210115144213	25.0632
20210115144213	25.0632
20210115144213	25.0632
20210115144213	25.0632
20210115144213	25.0632
20210115144213	24.9279
20210115144213	25.0081
20210115144213	24.988
20210115144213	24.988
20210115144213	24.988
20210115144213	24.988
20210115144213	24.988
20210115144213	24.988
20210115144213	24.988
20210115144213	24.988
20210115144213	20.5936
20210115144213	23.1977
20210115144213	22.5467
20210115144213	22.5467
20210115144213	22.5467
20210115144213	22.5467
20210115144213	22.5467
20210115144213	22.5467
20210115144213	22.5467
20210115144213	22.5467
20210115144213	19.6173
20210115144213	21.3532
20210115144213	20.9193
20210115144214	20.9193
20210115144214	20.9193
20210115144214	20.9193
20210115144214	20.9193
20210115144214	20.9193
20210115144214	20.9193
20210115144214	20.9193
20210115144214	24.1921
20210115144214	22.2527
20210115144214	22.7375
20210115144214	22.7375
20210115144214	22.7375
20210115144214	22.7375
20210115144214	22.7375
20210115144214	22.7375
20210115144214	22.7375
20210115144214	22.7375
20210115144214	26.7151
20210115144214	24.358
20210115144214	24.9473
20210115144214	24.9473
20210115144214	24.9473
20210115144214	24.9473
20210115144214	24.9473
20210115144214	24.9473
20210115144214	24.9473
20210115144214	24.9473
20210115144214	24.9142
20210115144214	24.9338
20210115144214	24.9289
20210115144214	24.9289
20210115144214	24.9289
20210115144214	24.9289
20210115144214	24.9289
20210115144214	24.9289
20210115144214	24.9289
20210115144214	24.9289
20210115144214	21.0331
20210115144214	23.3417
20210115144214	22.7646
20210115144214	22.7646
20210115144214	22.7646
20210115144214	22.7646
20210115144214	22.7646
20210115144214	22.7646
20210115144214	22.7646
20210115144214	22.7646
20210115144214	20.0368
20210115144214	21.6532
20210115144214	21.2491
20210115144214	21.2491
20210115144214	21.2491
20210115144214	21.2491
20210115144214	21.2491
20210115144214	21.2491
20210115144214	21.2491
20210115144214	21.2491
20210115144214	25.3504
20210115144214	22.92
20210115144214	23.5276
20210115144214	23.5276
20210115144214	23.5276
20210115144214	23.5276
20210115144214	23.5276
20210115144214	23.5276
20210115144214	23.5276
20210115144214	23.5276
20210115144214	26.7778
20210115144214	24.8518
20210115144214	25.3333
20210115144214	25.3333
20210115144214	25.3333
20210115144214	25.3333
20210115144214	25.3333
20210115144214	25.3333
20210115144214	25.3333
20210115144214	25.3333
20210115144214	24.1056
20210115144214	24.8331
20210115144214	24.6512
20210115144214	24.6512
20210115144214	24.6512
20210115144214	24.6512
20210115144214	24.6512
20210115144214	24.6512
20210115144214	24.6512
20210115144214	24.6512
20210115144214	19.9553
20210115144214	22.7381
20210115144214	22.0424
20210115144214	22.0424
20210115144214	22.0424
20210115144214	22.0424
20210115144214	22.0424
20210115144214	22.0424
20210115144214	22.0424
20210115144214	22.0424
20210115144214	22.0424
20210115144214	22.0424
20210115144214	22.0424
20210115144215	22.0424
20210115144215	22.0424
20210115144215	22.0424
20210115144215	22.0424
20210115144215	22.0424
20210115144215	22.0424
20210115144215	22.0424
20210115144215	22.3645
20210115144215	22.1736
20210115144215	22.2213
20210115144215	22.2213
20210115144215	22.2213
20210115144215	22.2213
20210115144215	22.2213
20210115144215	22.2213
20210115144215	22.2213
20210115144215	22.2213
20210115144215	22.2213
20210115144215	22.2213
20210115144215	22.2213
20210115144215	22.2213
20210115144215	22.2213
20210115144215	22.2213
20210115144215	22.2213
20210115144215	22.2213
20210115144215	22.2213
20210115144215	26.9149
20210115144215	24.1335
20210115144215	24.8289
20210115144215	24.8289
20210115144215	24.8289
20210115144215	24.8289
20210115144215	24.8289
20210115144215	24.8289
20210115144215	24.8289
20210115144215	24.8289
20210115144215	25.3705
20210115144215	25.0495
20210115144215	25.1298
20210115144215	25.1298
20210115144215	25.1298
20210115144215	25.1298
20210115144215	25.1298
20210115144215	25.1298
20210115144215	25.1298
20210115144215	25.1298
20210115144215	21.1839
20210115144215	23.5222
20210115144215	22.9376
20210115144215	22.9376
20210115144215	22.9376
20210115144215	22.9376
20210115144215	22.9376
20210115144215	22.9376
20210115144215	22.9376
20210115144215	22.9376
20210115144215	22.9376
20210115144215	19.9747
20210115144215	21.7305
20210115144215	21.2916
20210115144215	21.2916
20210115144215	21.2916
20210115144215	21.2916
20210115144215	21.2916
20210115144215	21.2916
20210115144215	21.2916
20210115144215	21.2916
20210115144215	24.8747
20210115144215	22.7513
20210115144215	23.2822
20210115144215	23.2822
20210115144215	23.2822
20210115144215	23.2822
20210115144215	23.2822
20210115144215	23.2822
20210115144215	23.2822
20210115144215	27.0124
20210115144215	24.8019
20210115144215	25.3545
20210115144215	25.3545
20210115144215	25.3545
20210115144215	25.3545
20210115144215	25.3545
20210115144215	25.3545
20210115144215	25.3545
20210115144215	25.3545
20210115144215	23.7199
20210115144215	24.6886
20210115144215	24.4464
20210115144215	24.4464
20210115144215	24.4464
20210115144215	24.4464
20210115144215	24.4464
20210115144215	24.4464
20210115144215	24.4464
20210115144215	24.4464
20210115144215	19.652
20210115144215	22.4931
20210115144215	21.7829
20210115144215	21.7829
20210115144216	21.7829
20210115144216	21.7829
20210115144216	21.7829
20210115144216	21.7829
20210115144216	21.7829
20210115144216	21.7829
20210115144216	21.7829
20210115144216	21.1281
20210115144216	21.5161
20210115144216	21.4191
20210115144216	21.4191
20210115144216	21.4191
20210115144216	21.4191
20210115144216	21.4191
20210115144216	21.4191
20210115144216	21.4191
20210115144216	25.6598
20210115144216	23.1468
20210115144216	23.775
20210115144216	23.775
20210115144216	23.775
20210115144216	23.775
20210115144216	23.775
20210115144216	23.775
20210115144216	23.775
20210115144216	23.775
20210115144216	25.7839
20210115144216	24.5935
20210115144216	24.8911
20210115144216	24.8911
20210115144216	24.8911
20210115144216	24.8911
20210115144216	24.8911
20210115144216	24.8911
20210115144216	24.8911
20210115144216	24.8911
20210115144216	24.0136
20210115144216	24.5336
20210115144216	24.4036
20210115144216	24.4036
20210115144216	24.4036
20210115144216	24.4036
20210115144216	24.4036
20210115144216	24.4036
20210115144216	24.4036
20210115144216	24.4036
20210115144216	21.156
20210115144216	23.0805
20210115144216	22.5994
20210115144216	22.5994
20210115144216	22.5994
20210115144216	22.5994
20210115144216	22.5994
20210115144216	22.5994
20210115144216	22.5994
20210115144216	22.5994
20210115144216	22.5994
20210115144216	22.4054
20210115144216	22.5204
20210115144216	22.4916
20210115144216	22.4916
20210115144216	22.4916
20210115144216	22.4916
20210115144216	22.4916
20210115144216	22.4916
20210115144216	22.4916
20210115144216	27.0545
20210115144216	24.3506
20210115144216	25.0265
20210115144216	25.0265
20210115144216	25.0265
20210115144216	25.0265
20210115144216	25.0265
20210115144216	25.0265
20210115144216	25.0265
20210115144216	25.0265
20210115144216	25.0265
20210115144216	24.695
20210115144216	24.8915
20210115144216	24.8424
20210115144216	24.8424
20210115144216	24.8424
20210115144216	24.8424
20210115144216	24.8424
20210115144216	24.8424
20210115144216	24.8424
20210115144216	24.8424
20210115144216	24.8424
20210115144216	24.8424
20210115144216	24.8424
20210115144216	24.8424
20210115144216	24.8424
20210115144216	24.8424
20210115144216	24.8424
20210115144216	24.8424
20210115144216	24.8424
20210115144216	20.6021
20210115144216	23.1149
20210115144216	22.4867
20210115144216	22.4867
20210115144217	22.4867
20210115144217	22.4867
20210115144217	22.4867
20210115144217	22.4867
20210115144217	22.4867
20210115144217	22.4867
20210115144217	22.4867
20210115144217	20.1335
20210115144217	21.528
20210115144217	21.1794
20210115144217	21.1794
20210115144217	21.1794
20210115144217	21.1794
20210115144217	21.1794
20210115144217	21.1794
20210115144217	21.1794
20210115144217	21.1794
20210115144217	24.6149
20210115144217	22.579
20210115144217	23.088
20210115144217	23.088
20210115144217	23.088
20210115144217	23.088
20210115144217	23.088
20210115144217	23.088
20210115144217	23.088
20210115144217	23.088
20210115144217	26.3682
20210115144217	24.4243
20210115144217	24.9103
20210115144217	24.9103
20210115144217	24.9103
20210115144217	24.9103
20210115144217	24.9103
20210115144217	24.9103
20210115144217	24.9103
20210115144217	24.9103
20210115144217	24.863
20210115144217	24.891
20210115144217	24.884
20210115144217	24.884
20210115144217	24.884
20210115144217	24.884
20210115144217	24.884
20210115144217	24.884
20210115144217	24.884
20210115144217	24.884
20210115144217	21.2264
20210115144217	23.3939
20210115144217	22.852
20210115144217	22.852
20210115144217	22.852
20210115144217	22.852
20210115144217	22.852
20210115144217	22.852
20210115144217	22.852
20210115144217	22.852
20210115144217	19.7037
20210115144217	21.5694
20210115144217	21.1029
20210115144217	21.1029
20210115144217	21.1029
20210115144217	21.1029
20210115144217	21.1029
20210115144217	21.1029
20210115144217	21.1029
20210115144217	21.1029
20210115144217	24.9574
20210115144217	22.6733
20210115144217	23.2443
20210115144217	23.2443
20210115144217	23.2443
20210115144217	23.2443
20210115144217	23.2443
20210115144217	23.2443
20210115144217	23.2443
20210115144217	23.2443
20210115144217	24.9713
20210115144217	23.9479
20210115144217	24.2038
20210115144217	24.2038
20210115144217	24.2038
20210115144217	24.2038
20210115144217	24.2038
20210115144217	24.2038
20210115144217	24.2038
20210115144217	24.2038
20210115144217	24.7102
20210115144217	24.4101
20210115144217	24.4851
20210115144217	24.4851
20210115144217	24.4851
20210115144217	24.4851
20210115144217	24.4851
20210115144217	24.4851
20210115144217	24.4851
20210115144217	24.4851
20210115144217	22.7846
20210115144217	23.7923
20210115144217	23.5404
20210115144218	23.5404
20210115144218	23.5404
20210115144218	23.5404
20210115144218	23.5404
20210115144218	23.5404
20210115144218	23.5404
20210115144218	23.5404
20210115144218	22.3099
20210115144218	23.0391
20210115144218	22.8568
20210115144218	22.8568
20210115144218	22.8568
20210115144218	22.8568
20210115144218	22.8568
20210115144218	22.8568
20210115144218	22.8568
20210115144218	22.8568
20210115144218	22.8568
20210115144218	25.8411
20210115144218	24.0726
20210115144218	24.5147
20210115144218	24.5147
20210115144218	24.5147
20210115144218	24.5147
20210115144218	24.5147
20210115144218	24.5147
20210115144218	24.5147
20210115144218	24.9001
20210115144218	24.6718
20210115144218	24.7289
20210115144218	24.7289
20210115144218	24.7289
20210115144218	24.7289
20210115144218	24.7289
20210115144218	24.7289
20210115144218	24.7289
20210115144218	24.7289
20210115144218	24.7289
20210115144218	22.4976
20210115144218	23.8198
20210115144218	23.4893
20210115144218	23.4893
20210115144218	23.4893
20210115144218	23.4893
20210115144218	23.4893
20210115144218	23.4893
20210115144218	23.4893
20210115144218	23.4893
20210115144218	20.6526
20210115144218	22.3336
20210115144218	21.9133
20210115144218	21.9133
20210115144218	21.9133
20210115144218	21.9133
20210115144218	21.9133
20210115144218	21.9133
20210115144218	21.9133
20210115144218	21.9133
20210115144218	23.7062
20210115144218	22.6438
20210115144218	22.9094
20210115144218	22.9094
20210115144218	22.9094
20210115144218	22.9094
20210115144218	22.9094
20210115144218	22.9094
20210115144218	22.9094
20210115144218	22.9094
20210115144218	26.1131
20210115144218	24.2146
20210115144218	24.6892
20210115144218	24.6892
20210115144218	24.6892
20210115144218	24.6892
20210115144218	24.6892
20210115144218	24.6892
20210115144218	24.6892
20210115144218	24.6892
20210115144218	25.7196
20210115144218	25.109
20210115144218	25.2616
20210115144218	25.2616
20210115144218	25.2616
20210115144218	25.2616
20210115144218	25.2616
20210115144218	25.2616
20210115144218	25.2616
20210115144218	25.2616
20210115144218	21.2779
20210115144218	23.6386
20210115144218	23.0484
20210115144218	23.0484
20210115144218	23.0484
20210115144218	23.0484
20210115144218	23.0484
20210115144218	23.0484
20210115144218	23.0484
20210115144218	23.0484
20210115144218	18.1833
20210115144218	21.0664
20210115144219	20.3456
20210115144219	20.3456
20210115144219	20.3456
20210115144219	20.3456
20210115144219	20.3456
20210115144219	20.3456
20210115144219	20.3456
20210115144219	20.3456
20210115144219	23.0342
20210115144219	21.441
20210115144219	21.8393
20210115144219	21.8393
20210115144219	21.8393
20210115144219	21.8393
20210115144219	21.8393
20210115144219	21.8393
20210115144219	21.8393
20210115144219	21.8393
20210115144219	24.4688
20210115144219	22.9106
20210115144219	23.3001
20210115144219	23.3001
20210115144219	23.3001
20210115144219	23.3001
20210115144219	23.3001
20210115144219	23.3001
20210115144219	23.3001
20210115144219	23.3001
20210115144219	24.823
20210115144219	23.9205
20210115144219	24.1461
20210115144219	24.1461
20210115144219	24.1461
20210115144219	24.1461
20210115144219	24.1461
20210115144219	24.1461
20210115144219	24.1461
20210115144219	24.1461
20210115144219	24.3371
20210115144219	24.2239
20210115144219	24.2522
20210115144219	24.2522
20210115144219	24.2522
20210115144219	24.2522
20210115144219	24.2522
20210115144219	24.2522
20210115144219	24.2522
20210115144219	24.2522
20210115144219	22.3214
20210115144219	23.4656
20210115144219	23.1796
20210115144219	23.1796
20210115144219	23.1796
20210115144219	23.1796
20210115144219	23.1796
20210115144219	23.1796
20210115144219	23.1796
20210115144219	23.1796
20210115144219	24.1888
20210115144219	23.5907
20210115144219	23.7402
20210115144219	23.7402
20210115144219	23.7402
20210115144219	23.7402
20210115144219	23.7402
20210115144219	23.7402
20210115144219	23.7402
20210115144219	23.7402
20210115144219	24.5106
20210115144219	24.0541
20210115144219	24.1682
20210115144219	24.1682
20210115144219	24.1682
20210115144219	24.1682
20210115144219	24.1682
20210115144219	24.1682
20210115144219	24.1682
20210115144219	24.1682
20210115144219	24.1477
20210115144219	24.1599
20210115144219	24.1568
20210115144219	24.1568
20210115144219	24.1568
20210115144219	24.1568
20210115144219	24.1568
20210115144219	24.1568
20210115144219	24.1568
20210115144219	24.1568
20210115144219	24.1568
20210115144219	24.1568
20210115144219	24.1568
20210115144219	24.1568
20210115144219	24.1568
20210115144219	24.1568
20210115144219	24.1568
20210115144219	24.1568
20210115144219	24.1568
20210115144219	24.1568
20210115144219	22.6886
20210115144219	23.5587
20210115144220	23.3412
20210115144220	23.3412
20210115144220	23.3412
20210115144220	23.3412
20210115144220	23.3412
20210115144220	23.3412
20210115144220	23.3412
20210115144220	23.3412
20210115144220	23.0139
20210115144220	23.2078
20210115144220	23.1594
20210115144220	23.1594
20210115144220	23.1594
20210115144220	23.1594
20210115144220	23.1594
20210115144220	23.1594
20210115144220	23.1594
20210115144220	23.1594
20210115144220	25.8752
20210115144220	24.2658
20210115144220	24.6681
20210115144220	24.6681
20210115144220	24.6681
20210115144220	24.6681
20210115144220	24.6681
20210115144220	24.6681
20210115144220	24.6681
20210115144220	24.6681
20210115144220	24.9681
20210115144220	24.7903
20210115144220	24.8348
20210115144220	24.8348
20210115144220	24.8348
20210115144220	24.8348
20210115144220	24.8348
20210115144220	24.8348
20210115144220	24.8348
20210115144220	24.8348
20210115144220	21.9828
20210115144220	23.6729
20210115144220	23.2504
20210115144220	23.2504
20210115144220	23.2504
20210115144220	23.2504
20210115144220	23.2504
20210115144220	23.2504
20210115144220	23.2504
20210115144220	23.2504
20210115144220	20.0054
20210115144220	21.9283
20210115144220	21.4476
20210115144220	21.4476
20210115144220	21.4476
20210115144220	21.4476
20210115144220	21.4476
20210115144220	21.4476
20210115144220	21.4476
20210115144220	21.4476
20210115144220	23.9953
20210115144220	22.4855
20210115144220	22.863
20210115144220	22.863
20210115144220	22.863
20210115144220	22.863
20210115144220	22.863
20210115144220	22.863
20210115144220	22.863
20210115144220	22.863
20210115144220	25.2946
20210115144220	23.8537
20210115144220	24.2139
20210115144220	24.2139
20210115144220	24.2139
20210115144220	24.2139
20210115144220	24.2139
20210115144220	24.2139
20210115144220	24.2139
20210115144220	24.2139
20210115144220	25.7161
20210115144220	24.8259
20210115144220	25.0484
20210115144220	25.0484
20210115144220	25.0484
20210115144220	25.0484
20210115144220	25.0484
20210115144220	25.0484
20210115144220	25.0484
20210115144220	25.0484
20210115144220	22.7092
20210115144220	24.0954
20210115144220	23.7488
20210115144220	23.7488
20210115144220	23.7488
20210115144220	23.7488
20210115144220	23.7488
20210115144220	23.7488
20210115144220	23.7488
20210115144220	23.7488
20210115144220	19.2668
20210115144220	21.9228
20210115144221	21.2588
20210115144221	21.2588
20210115144221	21.2588
20210115144221	21.2588
20210115144221	21.2588
20210115144221	21.2588
20210115144221	21.2588
20210115144221	23.4192
20210115144221	22.139
20210115144221	22.459
20210115144221	22.459
20210115144221	22.459
20210115144221	22.459
20210115144221	22.459
20210115144221	22.459
20210115144221	22.459
20210115144221	22.459
20210115144221	22.459
20210115144221	24.1045
20210115144221	23.1294
20210115144221	23.3732
20210115144221	23.3732
20210115144221	23.3732
20210115144221	23.3732
20210115144221	23.3732
20210115144221	23.3732
20210115144221	23.3732
20210115144221	23.3732
20210115144221	25.5691
20210115144221	24.2678
20210115144221	24.5931
20210115144221	24.5931
20210115144221	24.5931
20210115144221	24.5931
20210115144221	24.5931
20210115144221	24.5931
20210115144221	24.5931
20210115144221	24.5931
20210115144221	23.6829
20210115144221	24.2223
20210115144221	24.0875
20210115144221	24.0875
20210115144221	24.0875
20210115144221	24.0875
20210115144221	24.0875
20210115144221	24.0875
20210115144221	24.0875
20210115144221	24.0875
20210115144221	21.7873
20210115144221	23.1504
20210115144221	22.8096
20210115144221	22.8096
20210115144221	22.8096
20210115144221	22.8096
20210115144221	22.8096
20210115144221	22.8096
20210115144221	22.8096
20210115144221	22.8096
20210115144221	23.9503
20210115144221	23.2743
20210115144221	23.4433
20210115144221	23.4433
20210115144221	23.4433
20210115144221	23.4433
20210115144221	23.4433
20210115144221	23.4433
20210115144221	23.4433
20210115144221	23.4433
20210115144221	25.0713
20210115144221	24.1066
20210115144221	24.3478
20210115144221	24.3478
20210115144221	24.3478
20210115144221	24.3478
20210115144221	24.3478
20210115144221	24.3478
20210115144221	24.3478
20210115144221	24.3478
20210115144221	24.819
20210115144221	24.5398
20210115144221	24.6096
20210115144221	24.6096
20210115144221	24.6096
20210115144221	24.6096
20210115144221	24.6096
20210115144221	24.6096
20210115144221	24.6096
20210115144221	24.6096
20210115144221	20.9112
20210115144221	23.1028
20210115144221	22.5549
20210115144221	22.5549
20210115144221	22.5549
20210115144221	22.5549
20210115144221	22.5549
20210115144221	22.5549
20210115144221	22.5549
20210115144221	22.5549
20210115144221	21.8432
20210115144221	22.265
20210115144222	22.1595
20210115144222	22.1595
20210115144222	22.1595
20210115144222	22.1595
20210115144222	22.1595
20210115144222	22.1595
20210115144222	22.1595
20210115144222	22.1595
20210115144222	22.1595
20210115144222	22.1595
20210115144222	22.1595
20210115144222	22.1595
20210115144222	22.1595
20210115144222	22.1595
20210115144222	22.1595
20210115144222	22.1595
20210115144222	22.1595
20210115144222	22.1595
20210115144222	24.1265
20210115144222	22.9609
20210115144222	23.2523
20210115144222	23.2523
20210115144222	23.2523
20210115144222	23.2523
20210115144222	23.2523
20210115144222	23.2523
20210115144222	23.2523
20210115144222	23.2523
20210115144222	24.9024
20210115144222	23.9246
20210115144222	24.169
20210115144222	24.169
20210115144222	24.169
20210115144222	24.169
20210115144222	24.169
20210115144222	24.169
20210115144222	24.169
20210115144222	24.169
20210115144222	24.4422
20210115144222	24.2803
20210115144222	24.3208
20210115144222	24.3208
20210115144222	24.3208
20210115144222	24.3208
20210115144222	24.3208
20210115144222	24.3208
20210115144222	24.3208
20210115144222	24.3208
20210115144222	21.6707
20210115144222	23.2411
20210115144222	22.8485
20210115144222	22.8485
20210115144222	22.8485
20210115144222	22.8485
20210115144222	22.8485
20210115144222	22.8485
20210115144222	22.8485
20210115144222	22.9811
20210115144222	22.9026
20210115144222	22.9222
20210115144222	22.9222
20210115144222	22.9222
20210115144222	22.9222
20210115144222	22.9222
20210115144222	22.9222
20210115144222	22.9222
20210115144222	22.9222
20210115144222	22.9222
20210115144222	24.1725
20210115144222	23.4316
20210115144222	23.6168
20210115144222	23.6168
20210115144222	23.6168
20210115144222	23.6168
20210115144222	23.6168
20210115144222	23.6168
20210115144222	23.6168
20210115144222	23.6168
20210115144222	25.48
20210115144222	24.3759
20210115144222	24.6519
20210115144222	24.6519
20210115144222	24.6519
20210115144222	24.6519
20210115144222	24.6519
20210115144222	24.6519
20210115144222	24.6519
20210115144222	24.6519
20210115144222	22.3441
20210115144222	23.7117
20210115144222	23.3698
20210115144222	23.3698
20210115144222	23.3698
20210115144222	23.3698
20210115144222	23.3698
20210115144222	23.3698
20210115144222	23.3698
20210115144222	23.3698
20210115144222	20.5885
20210115144222	22.2367
20210115144223	21.8247
20210115144223	21.8247
20210115144223	21.8247
20210115144223	21.8247
20210115144223	21.8247
20210115144223	21.8247
20210115144223	21.8247
20210115144223	21.8247
20210115144223	23.696
20210115144223	22.5871
20210115144223	22.8643
20210115144223	22.8643
20210115144223	22.8643
20210115144223	22.8643
20210115144223	22.8643
20210115144223	22.8643
20210115144223	22.8643
20210115144223	22.8643
20210115144223	24.4769
20210115144223	23.5213
20210115144223	23.7602
20210115144223	23.7602
20210115144223	23.7602
20210115144223	23.7602
20210115144223	23.7602
20210115144223	23.7602
20210115144223	23.7602
20210115144223	23.7602
20210115144223	24.9955
20210115144223	24.2635
20210115144223	24.4465
20210115144223	24.4465
20210115144223	24.4465
20210115144223	24.4465
20210115144223	24.4465
20210115144223	24.4465
20210115144223	24.4465
20210115144223	24.4465
20210115144223	21.6371
20210115144223	23.3019
20210115144223	22.8857
20210115144223	22.8857
20210115144223	22.8857
20210115144223	22.8857
20210115144223	22.8857
20210115144223	22.8857
20210115144223	22.8857
20210115144223	22.8857
20210115144223	21.4448
20210115144223	22.2987
20210115144223	22.0852
20210115144223	22.0852
20210115144223	22.0852
20210115144223	22.0852
20210115144223	22.0852
20210115144223	22.0852
20210115144223	22.0852
20210115144223	22.0852
20210115144223	23.6972
20210115144223	22.7419
20210115144223	22.9807
20210115144223	22.9807
20210115144223	22.9807
20210115144223	22.9807
20210115144223	22.9807
20210115144223	22.9807
20210115144223	22.9807
20210115144223	22.9807
20210115144223	24.7894
20210115144223	23.7176
20210115144223	23.9856
20210115144223	23.9856
20210115144223	23.9856
20210115144223	23.9856
20210115144223	23.9856
20210115144223	23.9856
20210115144223	23.9856
20210115144223	23.9856
20210115144223	24.1309
20210115144223	24.0448
20210115144223	24.0663
20210115144223	24.0663
20210115144223	24.0663
20210115144223	24.0663
20210115144223	24.0663
20210115144223	24.0663
20210115144223	24.0663
20210115144223	24.0663
20210115144223	21.2186
20210115144223	22.9061
20210115144223	22.4843
20210115144223	22.4843
20210115144223	22.4843
20210115144223	22.4843
20210115144223	22.4843
20210115144223	22.4843
20210115144223	22.4843
20210115144223	22.4843
20210115144223	22.7235
20210115144223	22.5817
20210115144224	22.6172
20210115144224	22.6172
20210115144224	22.6172
20210115144224	22.6172
20210115144224	22.6172
20210115144224	22.6172
20210115144224	22.6172
20210115144224	22.6172
20210115144224	23.9849
20210115144224	23.1744
20210115144224	23.377
20210115144224	23.377
20210115144224	23.377
20210115144224	23.377
20210115144224	23.377
20210115144224	23.377
20210115144224	23.377
20210115144224	23.377
20210115144224	25.3793
20210115144224	24.1928
20210115144224	24.4894
20210115144224	24.4894
20210115144224	24.4894
20210115144224	24.4894
20210115144224	24.4894
20210115144224	24.4894
20210115144224	24.4894
20210115144224	24.4894
20210115144224	22.6278
20210115144224	23.7309
20210115144224	23.4552
20210115144224	23.4552
20210115144224	23.4552
20210115144224	23.4552
20210115144224	23.4552
20210115144224	23.4552
20210115144224	23.4552
20210115144224	23.4552
20210115144224	20.0406
20210115144224	22.064
20210115144224	21.5582
20210115144224	21.5582
20210115144224	21.5582
20210115144224	21.5582
20210115144224	21.5582
20210115144224	21.5582
20210115144224	21.5582
20210115144224	21.5582
20210115144224	22.8018
20210115144224	22.0648
20210115144224	22.2491
20210115144224	22.2491
20210115144224	22.2491
20210115144224	22.2491
20210115144224	22.2491
20210115144224	22.2491
20210115144224	22.2491
20210115144224	22.2491
20210115144224	24.2828
20210115144224	23.0776
20210115144224	23.3789
20210115144224	23.3789
20210115144224	23.3789
20210115144224	23.3789
20210115144224	23.3789
20210115144224	23.3789
20210115144224	23.3789
20210115144224	23.3789
20210115144224	29.3203
20210115144224	25.7995
20210115144224	26.6797
20210115144224	26.6797
20210115144224	26.6797
20210115144224	26.6797
20210115144224	26.6797
20210115144224	26.6797
20210115144224	26.6797
20210115144224	26.6797
20210115144224	28.2339
20210115144224	27.3129
20210115144224	27.5432
20210115144224	27.5432
20210115144224	27.5432
20210115144224	27.5432
20210115144224	27.5432
20210115144224	27.5432
20210115144224	27.5432
20210115144224	27.5432
20210115144224	10.9534
20210115144224	20.7843
20210115144224	18.3266
20210115144224	18.3266
20210115144224	18.3266
20210115144224	18.3266
20210115144224	18.3266
20210115144224	18.3266
20210115144224	18.3266
20210115144224	18.3266
20210115144224	18.3266
20210115144224	4.66495
20210115144225	12.7607
20210115144225	10.7368
20210115144225	10.7368
20210115144225	10.7368
20210115144225	10.7368
20210115144225	10.7368
20210115144225	10.7368
20210115144225	10.7368
20210115144225	10.7368
20210115144225	10.7368
20210115144225	10.7368
20210115144225	10.7368
20210115144225	10.7368
20210115144225	10.7368
20210115144225	10.7368
20210115144225	10.7368
20210115144225	10.7368
20210115144225	10.7368
20210115144225	8.26667
20210115144225	9.73045
20210115144225	9.3645
20210115144225	9.3645
20210115144225	9.3645
20210115144225	9.3645
20210115144225	9.3645
20210115144225	9.3645
20210115144225	9.3645
20210115144225	9.3645
20210115144225	7.37919
20210115144225	8.55567
20210115144225	8.26155
20210115144225	8.26155
20210115144225	8.26155
20210115144225	8.26155
20210115144225	8.26155
20210115144225	8.26155
20210115144225	8.26155
20210115144225	8.26155
20210115144225	8.26155
20210115144225	6.22355
20210115144225	7.43125
20210115144225	7.12933
20210115144225	7.12933
20210115144225	7.12933
20210115144225	7.12933
20210115144225	7.12933
20210115144225	7.12933
20210115144225	7.12933
20210115144225	4.33616
20210115144225	5.99137
20210115144225	5.57757
20210115144225	5.57757
20210115144225	5.57757
20210115144225	5.57757
20210115144225	5.57757
20210115144225	5.57757
20210115144225	5.57757
20210115144225	5.57757
20210115144225	1.30927
20210115144225	3.83863
20210115144225	3.20629
20210115144225	3.20629
20210115144225	3.20629
20210115144225	3.20629
20210115144225	3.20629
20210115144225	3.20629
20210115144225	3.20629
20210115144225	3.20629
20210115144225	-1.6118
20210115144225	1.24337
20210115144225	0.529577
20210115144225	0.529577
20210115144225	0.529577
20210115144225	0.529577
20210115144225	0.529577
20210115144225	0.529577
20210115144225	0.529577
20210115144225	0.529577
20210115144225	-4.83692
20210115144225	-1.65677
20210115144225	-2.45181
20210115144225	-2.45181
20210115144225	-2.45181
20210115144225	-2.45181
20210115144225	-2.45181
20210115144225	-2.45181
20210115144225	-2.45181
20210115144225	-2.45181
20210115144225	-8.62781
20210115144225	-4.96796
20210115144225	-5.88292
20210115144225	-5.88292
20210115144225	-5.88292
20210115144225	-5.88292
20210115144225	-5.88292
20210115144225	-5.88292
20210115144225	-5.88292
20210115144225	-5.88292
20210115144225	-11.932
20210115144225	-8.34737
20210115144226	-9.24353
20210115144226	-9.24353
20210115144226	-9.24353
20210115144226	-9.24353
20210115144226	-9.24353
20210115144226	-9.24353
20210115144226	-9.24353
20210115144226	-9.24353
20210115144226	-16.1518
20210115144226	-12.058
20210115144226	-13.0815
20210115144226	-13.0815
20210115144226	-13.0815
20210115144226	-13.0815
20210115144226	-13.0815
20210115144226	-13.0815
20210115144226	-13.0815
20210115144226	-13.0815
20210115144226	-20.4058
20210115144226	-16.0655
20210115144226	-17.1506
20210115144226	-17.1506
20210115144226	-17.1506
20210115144226	-17.1506
20210115144226	-17.1506
20210115144226	-17.1506
20210115144226	-17.1506
20210115144226	-17.1506
20210115144226	-24.1272
20210115144226	-19.9929
20210115144226	-21.0265
20210115144226	-21.0265
20210115144226	-21.0265
20210115144226	-21.0265
20210115144226	-21.0265
20210115144226	-21.0265
20210115144226	-21.0265
20210115144226	-21.0265
20210115144226	-28.2308
20210115144226	-23.9616
20210115144226	-25.0289
20210115144226	-25.0289
20210115144226	-25.0289
20210115144226	-25.0289
20210115144226	-25.0289
20210115144226	-25.0289
20210115144226	-25.0289
20210115144226	-25.0289
20210115144226	-25.0289
20210115144226	-33.1151
20210115144226	-28.3233
20210115144226	-29.5212
20210115144226	-29.5212
20210115144226	-29.5212
20210115144226	-29.5212
20210115144226	-29.5212
20210115144226	-29.5212
20210115144226	-29.5212
20210115144226	-37.246
20210115144226	-32.6683
20210115144226	-33.8127
20210115144226	-33.8127
20210115144226	-33.8127
20210115144226	-33.8127
20210115144226	-33.8127
20210115144226	-33.8127
20210115144226	-33.8127
20210115144226	-33.8127
20210115144226	234.69
20210115144226	75.5773
20210115144226	115.355
20210115144226	115.355
20210115144226	115.355
20210115144226	115.355
20210115144226	115.355
20210115144226	115.355
20210115144226	115.355
20210115144226	115.355
20210115144226	123.088
20210115144226	118.506
20210115144226	119.651
20210115144226	119.651
20210115144226	119.651
20210115144226	119.651
20210115144226	119.651
20210115144226	119.651
20210115144226	119.651
20210115144226	119.651
20210115144226	121.893
20210115144226	120.565
20210115144226	120.897
20210115144226	120.897
20210115144226	120.897
20210115144226	120.897
20210115144226	120.897
20210115144226	120.897
20210115144226	120.897
20210115144226	120.897
20210115144226	192.653
20210115144226	150.131
20210115144227	160.762
20210115144227	160.762
20210115144227	160.762
20210115144227	160.762
20210115144227	160.762
20210115144227	160.762
20210115144227	160.762
20210115144227	160.762
20210115144227	166.898
20210115144227	163.261
20210115144227	164.171
20210115144227	164.171
20210115144227	164.171
20210115144227	164.171
20210115144227	164.171
20210115144227	164.171
20210115144227	164.171
20210115144227	164.171
20210115144227	207.847
20210115144227	181.965
20210115144227	188.435
20210115144227	188.435
20210115144227	188.435
20210115144227	188.435
20210115144227	188.435
20210115144227	188.435
20210115144227	188.435
20210115144227	188.435
20210115144227	188.435
20210115144227	176.9
20210115144227	183.736
20210115144227	182.027
20210115144227	182.027
20210115144227	182.027
20210115144227	182.027
20210115144227	182.027
20210115144227	182.027
20210115144227	182.027
20210115144227	236.391
20210115144227	204.175
20210115144227	212.229
20210115144227	212.229
20210115144227	212.229
20210115144227	212.229
20210115144227	212.229
20210115144227	212.229
20210115144227	212.229
20210115144227	212.229
20210115144227	185.912
20210115144227	201.508
20210115144227	197.609
20210115144227	197.609
20210115144227	197.609
20210115144227	197.609
20210115144227	197.609
20210115144227	197.609
20210115144227	197.609
20210115144227	197.609
20210115144227	197.609
20210115144227	238.404
20210115144227	214.229
20210115144227	220.273
20210115144227	220.273
20210115144227	220.273
20210115144227	220.273
20210115144227	220.273
20210115144227	220.273
20210115144227	220.273
20210115144227	220.273
20210115144227	171.768
20210115144227	200.512
20210115144227	193.326
20210115144227	193.326
20210115144227	193.326
20210115144227	193.326
20210115144227	193.326
20210115144227	193.326
20210115144227	193.326
20210115144227	193.326
20210115144227	245.52
20210115144227	214.59
20210115144227	222.323
20210115144227	222.323
20210115144227	222.323
20210115144227	222.323
20210115144227	222.323
20210115144227	222.323
20210115144227	222.323
20210115144227	222.323
20210115144227	262.382
20210115144227	238.643
20210115144227	244.578
20210115144227	244.578
20210115144227	244.578
20210115144227	244.578
20210115144227	244.578
20210115144227	244.578
20210115144227	244.578
20210115144227	244.578
20210115144227	201.321
20210115144228	226.955
20210115144228	220.546
20210115144228	220.546
20210115144228	220.546
20210115144228	220.546
20210115144228	220.546
20210115144228	220.546
20210115144228	220.546
20210115144228	220.546
20210115144228	133.024
20210115144228	184.889
20210115144228	171.923
20210115144228	171.923
20210115144228	171.923
20210115144228	171.923
20210115144228	171.923
20210115144228	171.923
20210115144228	171.923
20210115144228	171.923
20210115144228	148.894
20210115144228	162.541
20210115144228	159.129
20210115144228	159.129
20210115144228	159.129
20210115144228	159.129
20210115144228	159.129
20210115144228	159.129
20210115144228	159.129
20210115144228	159.129
20210115144228	114.533
20210115144228	140.96
20210115144228	134.354
20210115144228	134.354
20210115144228	134.354
20210115144228	134.354
20210115144228	134.354
20210115144228	134.354
20210115144228	134.354
20210115144228	134.354
20210115144228	134.354
20210115144228	116.015
20210115144228	126.882
20210115144228	124.166
20210115144228	124.166
20210115144228	124.166
20210115144228	124.166
20210115144228	124.166
20210115144228	124.166
20210115144228	124.166
20210115144228	124.166
20210115144228	94.3447
20210115144228	112.016
20210115144228	107.598
20210115144228	107.598
20210115144228	107.598
20210115144228	107.598
20210115144228	107.598
20210115144228	107.598
20210115144228	107.598
20210115144228	107.598
20210115144228	70.0873
20210115144228	92.3161
20210115144228	86.7589
20210115144228	86.7589
20210115144228	86.7589
20210115144228	86.7589
20210115144228	86.7589
20210115144228	86.7589
20210115144228	86.7589
20210115144228	86.7589
20210115144228	51.9563
20210115144228	72.5801
20210115144228	67.4241
20210115144228	67.4241
20210115144228	67.4241
20210115144228	67.4241
20210115144228	67.4241
20210115144228	67.4241
20210115144228	67.4241
20210115144228	67.4241
20210115144228	273.23
20210115144228	151.271
20210115144228	181.761
20210115144228	181.761
20210115144228	181.761
20210115144228	181.761
20210115144228	181.761
20210115144228	181.761
20210115144228	181.761
20210115144228	181.761
20210115144228	264.658
20210115144228	215.534
20210115144228	227.815
20210115144228	227.815
20210115144228	227.815
20210115144228	227.815
20210115144228	227.815
20210115144228	227.815
20210115144228	227.815
20210115144228	227.815
20210115144229	234.359
20210115144229	230.481
20210115144229	231.451
20210115144229	231.451
20210115144229	231.451
20210115144229	231.451
20210115144229	231.451
20210115144229	231.451
20210115144229	231.451
20210115144229	231.451
20210115144229	289.57
20210115144229	255.129
20210115144229	263.739
20210115144229	263.739
20210115144229	263.739
20210115144229	263.739
20210115144229	263.739
20210115144229	263.739
20210115144229	263.739
20210115144229	263.739
20210115144229	252.695
20210115144229	259.24
20210115144229	257.603
20210115144229	257.603
20210115144229	257.603
20210115144229	257.603
20210115144229	257.603
20210115144229	257.603
20210115144229	257.603
20210115144229	257.603
20210115144229	262.454
20210115144229	259.58
20210115144229	260.298
20210115144229	260.298
20210115144229	260.298
20210115144229	260.298
20210115144229	260.298
20210115144229	260.298
20210115144229	260.298
20210115144229	260.298
20210115144229	197.141
20210115144229	234.567
20210115144229	225.211
20210115144229	225.211
20210115144229	225.211
20210115144229	225.211
20210115144229	225.211
20210115144229	225.211
20210115144229	225.211
20210115144229	225.211
20210115144229	225.211
20210115144229	225.211
20210115144229	225.211
20210115144229	225.211
20210115144229	225.211
20210115144229	225.211
20210115144229	225.211
20210115144229	225.211
20210115144229	225.211
20210115144229	155.072
20210115144229	196.636
20210115144229	186.245
20210115144229	186.245
20210115144229	186.245
20210115144229	186.245
20210115144229	186.245
20210115144229	186.245
20210115144229	186.245
20210115144229	186.245
20210115144229	186.245
20210115144229	186.245
20210115144229	186.245
20210115144229	186.245
20210115144229	186.245
20210115144229	186.245
20210115144229	186.245
20210115144229	186.245
20210115144229	186.245
20210115144229	186.245
20210115144229	135.209
20210115144229	165.452
20210115144229	157.891
20210115144229	157.891
20210115144229	157.891
20210115144229	157.891
20210115144229	157.891
20210115144229	157.891
20210115144229	157.891
20210115144229	157.891
20210115144229	150.577
20210115144229	154.912
20210115144229	153.828
20210115144229	153.828
20210115144229	153.828
20210115144229	153.828
20210115144229	153.828
20210115144229	153.828
20210115144229	153.828
20210115144229	153.828
20210115144229	153.828
20210115144230	172.395
20210115144230	161.392
20210115144230	164.143
20210115144230	164.143
20210115144230	164.143
20210115144230	164.143
20210115144230	164.143
20210115144230	164.143
20210115144230	164.143
20210115144230	164.143
20210115144230	267.936
20210115144230	206.429
20210115144230	221.806
20210115144230	221.806
20210115144230	221.806
20210115144230	221.806
20210115144230	221.806
20210115144230	221.806
20210115144230	221.806
20210115144230	273.106
20210115144230	242.706
20210115144230	250.306
20210115144230	250.306
20210115144230	250.306
20210115144230	250.306
20210115144230	250.306
20210115144230	250.306
