20210115191008	0.0704162
20210115191008	0.0710638
20210115191008	0.0710638
20210115191008	0.0722298
20210115191008	0.0721876
20210115191008	0.0728983
20210115191008	0.0728983
20210115191008	0.0740985
20210115191008	0.0740527
20210115191008	0.0748111
20210115191008	0.0748111
20210115191008	0.0754818
20210115191008	0.0754201
20210115191008	0.0760967
20210115191008	0.0760574
20210115191008	0.0766847
20210115191008	0.0766847
20210115191008	0.0773183
20210115191008	0.0772484
20210115191008	0.0779109
20210115191008	0.0779109
20210115191008	0.0785932
20210115191008	0.078531
20210115191008	0.0790767
20210115191008	0.0790119
20210115191008	0.079764
20210115191008	0.079764
20210115191008	0.0803006
20210115191008	0.080215
20210115191008	0.0805679
20210115191008	0.0805679
20210115191008	0.0809133
20210115191008	0.0809133
20210115191008	0.0816254
20210115191008	0.0815364
20210115191008	0.0818964
20210115191008	0.0818964
20210115191008	0.0824773
20210115191008	0.0824049
20210115191008	0.0827943
20210115191009	0.0827943
20210115191009	0.0827913
20210115191009	0.0827109
20210115191009	0.0830504
20210115191009	0.0829678
20210115191009	0.0831451
20210115191009	0.0831451
20210115191009	0.0831451
20210115191009	0.0834685
20210115191009	0.0836452
20210115191009	0.0836452
20210115191009	0.0838035
20210115191009	0.0838035
20210115191009	0.0839642
20210115191009	0.0840805
20210115191009	0.0840805
20210115191009	0.0840805
20210115191009	0.0842888
20210115191009	0.0841998
20210115191009	0.0845216
20210115191009	0.0845216
20210115191009	0.0846038
20210115191009	0.0846038
20210115191009	0.0847975
20210115191009	0.0847975
20210115191009	0.0850012
20210115191009	0.0850012
20210115191009	0.0852777
20210115191009	0.0851809
20210115191009	0.0853751
20210115191009	0.0853751
20210115191009	0.0853369
20210115191009	0.0853369
20210115191009	0.0852787
20210115191009	0.0852787
20210115191009	0.0849546
20210115191009	0.0849546
20210115191009	0.0850172
20210115191009	0.0848986
20210115191009	0.0848367
20210115191009	0.0848367
20210115191009	0.0844829
20210115191010	0.0844829
20210115191010	0.0842934
20210115191010	0.0841968
20210115191010	0.0839754
20210115191010	0.0839754
20210115191010	0.0839064
20210115191010	0.0838121
20210115191010	0.0836993
20210115191010	0.0836993
20210115191010	0.083254
20210115191010	0.083254
20210115191010	0.0830132
20210115191010	0.0830132
20210115191010	0.0827795
20210115191010	0.0827795
20210115191010	0.0825588
20210115191010	0.0824469
20210115191010	0.0823546
20210115191010	0.0823546
20210115191010	0.0817701
20210115191010	0.0817701
20210115191010	0.0814468
20210115191010	0.0813594
20210115191010	0.0811773
20210115191010	0.0811773
20210115191010	0.0807857
20210115191010	0.0807017
20210115191011	0.0803428
20210115191011	0.0803428
20210115191011	0.08012
20210115191011	0.0800191
20210115191011	0.079729
20210115191011	0.0796695
20210115191011	0.0793193
20210115191011	0.0793193
20210115191011	0.0788728
20210115191011	0.0787777
20210115191011	0.0784098
20210115191011	0.0784098
20210115191011	0.0776707
20210115191011	0.0776707
20210115191011	0.0773024
20210115191011	0.0773024
20210115191011	0.0766906
20210115191011	0.0766906
20210115191011	0.0761186
20210115191011	0.0760354
20210115191011	0.0755844
20210115191011	0.0755844
20210115191011	0.0750567
20210115191011	0.0750567
20210115191011	0.0746292
20210115191011	0.0745831
20210115191011	0.0743178
20210115191011	0.0743178
20210115191011	0.07381
20210115191011	0.0737391
20210115191011	0.0731306
20210115191012	0.0731306
20210115191012	0.0724993
20210115191012	0.0724993
20210115191012	0.071966
20210115191012	0.071966
20210115191012	0.0716199
20210115191012	0.0716199
20210115191012	0.0711215
20210115191012	0.0710693
20210115191012	0.0706765
20210115191012	0.0706765
20210115191012	0.070184
20210115191012	0.0701348
20210115191012	0.0696137
20210115191012	0.0695578
20210115191012	0.0690652
20210115191012	0.0690652
20210115191012	0.0686594
20210115191012	0.0686191
20210115191012	0.0681955
20210115191012	0.0681955
20210115191012	0.0677015
20210115191012	0.0677015
20210115191012	0.0673948
20210115191012	0.0673575
20210115191012	0.0668029
20210115191012	0.0668029
20210115191012	0.0660817
20210115191013	0.066048
20210115191013	0.0653607
20210115191013	0.0653607
20210115191013	0.0648746
20210115191013	0.0648746
20210115191013	0.0643538
20210115191013	0.0643538
20210115191013	0.0640213
20210115191013	0.0640213
20210115191013	0.0635085
20210115191013	0.0634774
20210115191013	0.0630303
20210115191013	0.0630303
20210115191013	0.0624415
20210115191013	0.0624415
20210115191013	0.0619724
20210115191013	0.0619514
20210115191013	0.0617556
20210115191013	0.0617556
20210115191013	0.0612519
20210115191013	0.0612519
20210115191013	0.0609791
20210115191013	0.0609791
20210115191013	0.0604514
20210115191013	0.0604316
20210115191013	0.059986
20210115191013	0.0599769
20210115191013	0.0597771
20210115191013	0.0597771
20210115191013	0.0592259
20210115191013	0.0592144
20210115191013	0.0587929
20210115191013	0.0587929
20210115191013	0.0582574
20210115191013	0.0582494
20210115191013	0.0576575
20210115191013	0.0576575
20210115191013	0.0571547
20210115191013	0.0571547
20210115191013	0.0566223
20210115191013	0.0566164
20210115191013	0.0560185
20210115191014	0.0560185
20210115191014	0.055428
20210115191014	0.055428
20210115191014	0.0548914
20210115191014	0.0548889
20210115191014	0.0542971
20210115191014	0.0542971
20210115191014	0.0536464
20210115191014	0.0536451
20210115191014	0.0530865
20210115191014	0.0530865
20210115191014	0.0526819
20210115191014	0.0526822
20210115191014	0.05202
20210115191014	0.0520219
20210115191014	0.0514471
20210115191014	0.0514471
20210115191014	0.0509062
20210115191014	0.0509106
20210115191014	0.0503878
20210115191014	0.0503878
20210115191014	0.0496667
20210115191014	0.0496667
20210115191014	0.0491842
20210115191014	0.0491935
20210115191014	0.0486665
20210115191014	0.0486665
20210115191014	0.0481437
20210115191014	0.048154
20210115191014	0.0477575
20210115191015	0.0477575
20210115191015	0.0469687
20210115191015	0.0469799
20210115191015	0.0467027
20210115191015	0.0461889
20210115191015	0.0461889
20210115191015	0.0461889
20210115191015	0.0454914
20210115191015	0.0451569
20210115191015	0.0451569
20210115191015	0.0451569
20210115191015	0.0445954
20210115191015	0.0445954
20210115191015	0.0443018
20210115191015	0.0443145
20210115191015	0.0438481
20210115191015	0.0438481
20210115191015	0.0432341
20210115191015	0.0432559
20210115191015	0.0427426
20210115191015	0.0427426
20210115191015	0.0421277
20210115191015	0.0421277
20210115191015	0.0417007
20210115191015	0.0417194
20210115191015	0.0411269
20210115191015	0.0411269
20210115191015	0.0408481
20210115191015	0.0408725
20210115191015	0.0403042
20210115191015	0.0403042
20210115191015	0.0400075
20210115191015	0.0400284
20210115191015	0.0398373
20210115191015	0.0398373
20210115191015	0.0397946
20210115191015	0.0397946
20210115191015	0.0393454
20210115191015	0.0393688
20210115191015	0.0392242
20210115191015	0.0392242
20210115191015	0.0389475
20210115191015	0.0389475
20210115191016	0.0385802
20210115191016	0.0386041
20210115191016	0.0383272
20210115191016	0.0383272
20210115191016	0.0380569
20210115191016	0.0380811
20210115191016	0.0378107
20210115191016	0.0378107
20210115191016	0.0375232
20210115191016	0.0375232
20210115191016	0.0371816
20210115191016	0.0371816
20210115191016	0.0369492
20210115191016	0.0369492
20210115191016	0.0367556
20210115191016	0.0367825
20210115191016	0.0365986
20210115191016	0.0365986
20210115191016	0.0362502
20210115191016	0.0362502
20210115191016	0.0361119
20210115191016	0.0361119
20210115191016	0.0361228
20210115191016	0.0361228
20210115191016	0.0358929
20210115191016	0.0359268
20210115191016	0.0358533
20210115191016	0.0358533
20210115191016	0.0356865
20210115191016	0.0356865
20210115191016	0.0356298
20210115191016	0.0356298
20210115191016	0.0355533
20210115191016	0.0355533
20210115191016	0.0353483
20210115191016	0.0352417
20210115191016	0.0352417
20210115191016	0.0352417
20210115191016	0.0351431
20210115191016	0.0351431
20210115191016	0.0351014
20210115191016	0.0351292
20210115191016	0.0350709
20210115191017	0.0350709
20210115191017	0.0351072
20210115191017	0.0351356
20210115191017	0.0352868
20210115191017	0.0352868
20210115191017	0.0352889
20210115191017	0.0352889
20210115191017	0.0354474
20210115191017	0.0354474
20210115191017	0.035519
20210115191017	0.035519
20210115191017	0.0355533
20210115191017	0.0355891
20210115191017	0.0355951
20210115191017	0.0355951
20210115191017	0.0358094
20210115191017	0.0358094
20210115191017	0.0359765
20210115191017	0.0362259
20210115191017	0.0362259
20210115191017	0.0362259
20210115191017	0.0365316
20210115191017	0.0365672
20210115191017	0.0368505
20210115191017	0.0368505
20210115191017	0.0371844
20210115191017	0.0372058
20210115191017	0.0373887
20210115191017	0.0374172
20210115191017	0.0376509
20210115191017	0.0376509
20210115191017	0.0381338
20210115191017	0.0381692
20210115191017	0.0384772
20210115191017	0.0384772
20210115191017	0.0390543
20210115191017	0.0390543
20210115191017	0.03939
20210115191017	0.03939
20210115191017	0.0398504
20210115191017	0.0398504
20210115191017	0.0404416
20210115191017	0.0404416
20210115191017	0.0406662
20210115191017	0.0406662
20210115191017	0.0412299
20210115191017	0.0412588
20210115191017	0.0416714
20210115191017	0.0416997
20210115191017	0.0422831
20210115191017	0.0422831
20210115191017	0.0429668
20210115191017	0.0430019
20210115191017	0.0435663
20210115191017	0.0435663
20210115191017	0.0442
20210115191017	0.0442273
20210115191017	0.0448471
20210115191018	0.0448471
20210115191018	0.045509
20210115191018	0.045509
20210115191018	0.0462944
20210115191018	0.0463267
20210115191018	0.0468879
20210115191018	0.0468879
20210115191018	0.047749
20210115191018	0.047749
20210115191018	0.0483488
20210115191018	0.0483792
20210115191018	0.0492107
20210115191018	0.0492107
20210115191018	0.0497319
20210115191018	0.0497544
20210115191018	0.0504331
20210115191018	0.0504331
20210115191018	0.0510636
20210115191018	0.0510845
20210115191018	0.0516581
20210115191018	0.0516769
20210115191018	0.0525219
20210115191018	0.0525219
20210115191018	0.0530751
20210115191018	0.0530917
20210115191018	0.053687
20210115191018	0.053687
20210115191018	0.0543421
20210115191018	0.0543421
20210115191018	0.0548271
20210115191018	0.0548369
20210115191018	0.0556052
20210115191018	0.0556052
20210115191018	0.0562703
20210115191018	0.0562839
20210115191018	0.0569019
20210115191018	0.0569019
20210115191018	0.0578435
20210115191019	0.0578435
20210115191019	0.0584097
20210115191019	0.0584161
20210115191019	0.0592753
20210115191019	0.0592753
20210115191019	0.0600261
20210115191019	0.0600304
20210115191019	0.0606984
20210115191019	0.0606984
20210115191019	0.061522
20210115191019	0.061522
20210115191019	0.062366
20210115191019	0.062366
20210115191019	0.0632236
20210115191019	0.0632236
20210115191019	0.0641363
20210115191019	0.0641331
20210115191019	0.0648927
20210115191019	0.0648927
20210115191019	0.0655644
20210115191019	0.0655572
20210115191019	0.066314
20210115191019	0.0663041
20210115191019	0.0670963
20210115191019	0.0670963
20210115191019	0.0677476
20210115191019	0.0677347
20210115191019	0.0685805
20210115191020	0.0685805
20210115191020	0.0694706
20210115191020	0.0694706
20210115191020	0.0703294
20210115191020	0.0703294
20210115191020	0.070836
20210115191020	0.070836
20210115191020	0.071653
20210115191020	0.0716236
20210115191020	0.0722211
20210115191020	0.0722211
20210115191020	0.0728977
20210115191020	0.0728977
20210115191020	0.0737651
20210115191020	0.0737651
20210115191020	0.0746231
20210115191020	0.0746231
20210115191020	0.0754426
20210115191020	0.0754102
20210115191020	0.0760261
20210115191020	0.0760261
20210115191020	0.0768091
20210115191020	0.0768091
20210115191020	0.0775434
20210115191020	0.0774947
20210115191020	0.0781552
20210115191020	0.0781552
20210115191020	0.0781552
20210115191020	0.0788413
20210115191020	0.0795059
20210115191020	0.0795059
20210115191020	0.0801675
20210115191020	0.0801675
20210115191020	0.0806806
20210115191021	0.0806806
20210115191021	0.081426
20210115191021	0.081426
20210115191021	0.0821534
20210115191021	0.0820913
20210115191021	0.082522
20210115191021	0.082522
20210115191021	0.0818511
20210115191021	0.0818511
20210115191021	0.0809953
20210115191021	0.0809245
20210115191021	0.0795442
20210115191021	0.0795442
20210115191021	0.0776943
20210115191021	0.0776088
20210115191021	0.0754357
20210115191021	0.0754357
20210115191021	0.0720407
20210115191021	0.0720407
20210115191021	0.0692408
20210115191021	0.0691851
20210115191021	0.0663482
20210115191021	0.0663482
20210115191021	0.0633748
20210115191021	0.0633183
20210115191021	0.060534
20210115191021	0.060534
20210115191021	0.0570774
20210115191021	0.0570419
20210115191021	0.0552241
20210115191021	0.0552241
20210115191021	0.0530223
20210115191021	0.0530223
20210115191021	0.0517616
20210115191021	0.0517367
20210115191021	0.0507977
20210115191021	0.0507977
20210115191021	0.0494825
20210115191021	0.0494699
20210115191021	0.0492404
20210115191021	0.0492324
20210115191021	0.0493036
20210115191021	0.0493036
20210115191021	0.0496643
20210115191021	0.0496606
20210115191021	0.0502256
20210115191021	0.0502256
20210115191022	0.0505038
20210115191022	0.0504991
20210115191022	0.0512837
20210115191022	0.0512837
20210115191022	0.0523875
20210115191022	0.0523875
20210115191022	0.0538848
20210115191022	0.0538831
20210115191022	0.0548994
20210115191022	0.0548994
20210115191022	0.0558784
20210115191022	0.0558784
20210115191022	0.0571811
20210115191022	0.0571775
20210115191022	0.0586299
20210115191022	0.0586299
20210115191022	0.0601679
20210115191022	0.0601609
20210115191022	0.0616028
20210115191022	0.0616028
20210115191022	0.062883
20210115191022	0.062883
20210115191022	0.0644199
20210115191022	0.0644054
20210115191022	0.0658172
20210115191022	0.0658172
20210115191022	0.067106
20210115191022	0.0670744
20210115191022	0.0687163
20210115191022	0.0687163
20210115191022	0.070066
20210115191022	0.0712998
20210115191022	0.0712998
20210115191022	0.0712998
20210115191022	0.0732841
20210115191022	0.0732841
20210115191022	0.0749554
20210115191022	0.0749554
20210115191022	0.0762338
20210115191022	0.0762338
20210115191022	0.0777442
20210115191022	0.0776699
20210115191022	0.0799408
20210115191022	0.0798911
20210115191022	0.0817348
20210115191022	0.0817348
20210115191022	0.0836186
20210115191022	0.0835244
20210115191023	0.0850653
20210115191023	0.0850653
20210115191023	0.0871795
20210115191023	0.0870944
20210115191023	0.0885553
20210115191023	0.0885553
20210115191023	0.0903364
20210115191023	0.0903364
20210115191023	0.0921497
20210115191023	0.0920474
20210115191023	0.093316
20210115191023	0.093316
20210115191023	0.0951069
20210115191023	0.0951069
20210115191023	0.096548
20210115191023	0.096548
20210115191023	0.0975334
20210115191023	0.0975334
20210115191023	0.0988625
20210115191023	0.0987347
20210115191023	0.100071
20210115191023	0.100071
20210115191024	0.101454
20210115191024	0.101318
20210115191024	0.102381
20210115191024	0.102239
20210115191024	0.103093
20210115191024	0.103093
20210115191024	0.104298
20210115191024	0.104148
20210115191024	0.104899
20210115191024	0.104899
20210115191024	0.105453
20210115191024	0.105453
20210115191024	0.106314
20210115191024	0.106151
20210115191024	0.106827
20210115191024	0.106827
20210115191024	0.10768
20210115191024	0.107469
20210115191024	0.108179
20210115191024	0.108179
20210115191024	0.108518
20210115191024	0.108518
20210115191024	0.109297
20210115191024	0.109116
20210115191024	0.109586
20210115191024	0.109586
20210115191024	0.110208
20210115191024	0.109975
20210115191024	0.110677
20210115191024	0.110677
20210115191024	0.111001
20210115191025	0.111001
20210115191025	0.111493
20210115191025	0.111493
20210115191025	0.112041
20210115191025	0.112041
20210115191025	0.112666
20210115191025	0.11241
20210115191025	0.113036
20210115191025	0.113036
20210115191025	0.113229
20210115191025	0.113229
20210115191025	0.113834
20210115191025	0.113619
20210115191025	0.114198
20210115191025	0.114198
20210115191025	0.114775
20210115191025	0.114554
20210115191025	0.115021
20210115191025	0.115021
20210115191025	0.115309
20210115191025	0.115309
20210115191025	0.115814
20210115191025	0.115585
20210115191025	0.116271
20210115191025	0.116271
20210115191025	0.116874
20210115191025	0.116637
20210115191025	0.117245
20210115191025	0.117245
20210115191025	0.117207
20210115191025	0.117207
20210115191025	0.117657
20210115191025	0.117414
20210115191025	0.118041
20210115191025	0.118041
20210115191025	0.118667
20210115191025	0.118355
20210115191025	0.118716
20210115191025	0.118716
20210115191025	0.118731
20210115191025	0.118731
20210115191025	0.119108
20210115191025	0.118915
20210115191025	0.119333
20210115191025	0.119333
20210115191025	0.119775
20210115191026	0.119448
20210115191026	0.119891
20210115191026	0.119891
20210115191026	0.119557
20210115191026	0.119557
20210115191026	0.119679
20210115191026	0.119679
20210115191026	0.119367
20210115191026	0.119367
20210115191026	0.119349
20210115191026	0.119083
20210115191026	0.119168
20210115191026	0.119168
20210115191026	0.118732
20210115191026	0.118732
20210115191026	0.118767
20210115191026	0.118767
20210115191026	0.118498
20210115191026	0.118498
20210115191026	0.118504
20210115191026	0.118241
20210115191026	0.118259
20210115191026	0.118259
20210115191026	0.117848
20210115191027	0.117585
20210115191027	0.117426
20210115191027	0.117426
20210115191027	0.117119
20210115191027	0.117119
20210115191027	0.117119
20210115191027	0.116775
20210115191027	0.116736
20210115191027	0.116736
20210115191027	0.116033
20210115191027	0.116033
20210115191027	0.115935
20210115191027	0.115679
20210115191027	0.115499
20210115191027	0.115499
20210115191027	0.115409
20210115191027	0.115093
20210115191027	0.114991
20210115191027	0.114991
20210115191027	0.114307
20210115191027	0.114307
20210115191027	0.114162
20210115191027	0.113912
20210115191027	0.113759
20210115191027	0.113759
20210115191027	0.113682
20210115191027	0.113372
20210115191027	0.113269
20210115191027	0.113269
20210115191027	0.112605
20210115191027	0.112605
20210115191027	0.112505
20210115191028	0.112261
20210115191028	0.112122
20210115191028	0.112122
20210115191028	0.111966
20210115191028	0.111663
20210115191028	0.111437
20210115191028	0.111437
20210115191028	0.111003
20210115191028	0.110765
20210115191028	0.110706
20210115191028	0.110706
20210115191028	0.110388
20210115191028	0.110388
20210115191028	0.11008
20210115191028	0.109787
20210115191028	0.10955
20210115191028	0.10955
20210115191028	0.108994
20210115191028	0.108822
20210115191028	0.108541
20210115191028	0.108312
20210115191028	0.107962
20210115191028	0.107962
20210115191028	0.107475
20210115191028	0.107194
20210115191028	0.106905
20210115191028	0.106905
20210115191028	0.106297
20210115191028	0.105719
20210115191028	0.105719
20210115191028	0.105719
20210115191028	0.105256
20210115191028	0.105256
20210115191028	0.104678
20210115191028	0.104466
20210115191028	0.104207
20210115191028	0.104207
20210115191028	0.103348
20210115191028	0.103348
20210115191028	0.102977
20210115191028	0.102443
20210115191028	0.102443
20210115191028	0.102443
20210115191028	0.102027
20210115191028	0.101779
20210115191028	0.101307
20210115191028	0.101307
20210115191028	0.100742
20210115191028	0.100547
20210115191028	0.100147
20210115191028	0.0999558
20210115191028	0.0996287
20210115191028	0.0996287
20210115191028	0.0993969
20210115191029	0.0992093
20210115191029	0.098794
20210115191029	0.098794
20210115191029	0.0978244
20210115191029	0.0978244
20210115191029	0.0974448
20210115191029	0.0972667
20210115191029	0.0969208
20210115191029	0.0969208
20210115191029	0.0965019
20210115191029	0.096328
20210115191029	0.0959737
20210115191029	0.0959737
20210115191029	0.0949944
20210115191029	0.0949944
20210115191029	0.0946447
20210115191029	0.0944777
20210115191029	0.0942796
20210115191029	0.0942796
20210115191029	0.0938873
20210115191029	0.0937243
20210115191029	0.0932296
20210115191029	0.0932296
20210115191029	0.0924296
20210115191029	0.0924296
20210115191029	0.0921496
20210115191029	0.0921496
20210115191029	0.0915539
20210115191029	0.0915539
20210115191029	0.0910342
20210115191029	0.0908857
20210115191029	0.0906009
20210115191029	0.0906009
20210115191029	0.0899902
20210115191029	0.0898454
20210115191029	0.0894734
20210115191030	0.0894734
20210115191030	0.0889099
20210115191030	0.0889099
20210115191030	0.0883976
20210115191030	0.088259
20210115191030	0.0879606
20210115191030	0.0879606
20210115191030	0.0873521
20210115191030	0.0873521
20210115191030	0.0870977
20210115191030	0.0869336
20210115191030	0.0865371
20210115191030	0.0865371
20210115191030	0.085992
20210115191030	0.0858648
20210115191030	0.0855031
20210115191030	0.0855031
20210115191030	0.0848196
20210115191030	0.0848196
20210115191030	0.0843678
20210115191030	0.0843678
20210115191030	0.0840433
20210115191030	0.0840433
20210115191030	0.0836604
20210115191030	0.0835444
20210115191030	0.0833057
20210115191030	0.0833057
20210115191030	0.0824612
20210115191030	0.0824612
20210115191030	0.0822918
20210115191030	0.0822918
20210115191030	0.0817111
20210115191030	0.0817111
20210115191030	0.0812651
20210115191030	0.0812651
20210115191030	0.0808905
20210115191030	0.0808905
20210115191030	0.0804287
20210115191030	0.0803267
20210115191030	0.0798573
20210115191030	0.0797578
20210115191030	0.0794422
20210115191030	0.0794422
20210115191030	0.0791475
20210115191030	0.079051
20210115191030	0.0786637
20210115191030	0.0786637
20210115191030	0.0779574
20210115191030	0.0779574
20210115191030	0.0776814
20210115191030	0.0775911
20210115191030	0.0770934
20210115191030	0.0770934
20210115191030	0.076591
20210115191030	0.076591
20210115191030	0.0761946
20210115191030	0.0761946
20210115191030	0.0757303
20210115191030	0.0756462
20210115191031	0.0752056
20210115191031	0.075124
20210115191031	0.0747902
20210115191031	0.0747902
20210115191031	0.0743992
20210115191031	0.0743215
20210115191031	0.0739536
20210115191031	0.0739536
20210115191031	0.0734491
20210115191031	0.0734491
20210115191031	0.0731811
20210115191031	0.0731261
20210115191031	0.0727744
20210115191031	0.0727744
20210115191031	0.0723666
20210115191031	0.0722777
20210115191031	0.0718743
20210115191031	0.0718743
20210115191031	0.07144
20210115191031	0.07144
20210115191031	0.0711249
20210115191031	0.0710599
20210115191031	0.0707752
20210115191031	0.0707752
20210115191031	0.0704251
20210115191031	0.0703625
20210115191031	0.0700151
20210115191031	0.0700151
20210115191031	0.0693354
20210115191031	0.0693354
20210115191031	0.0691937
20210115191031	0.069122
20210115191031	0.0687399
20210115191031	0.0687399
20210115191031	0.06837
20210115191031	0.0683148
20210115191031	0.0680037
20210115191031	0.0680037
20210115191031	0.0675631
20210115191031	0.0675631
20210115191031	0.0673446
20210115191031	0.0672925
20210115191031	0.0669821
20210115191031	0.0669821
20210115191031	0.0669821
20210115191031	0.0665569
20210115191031	0.0663835
20210115191031	0.0663835
20210115191031	0.0659508
20210115191031	0.0659032
20210115191031	0.065651
20210115191031	0.0655937
20210115191031	0.06528
20210115191031	0.06528
20210115191031	0.0649802
20210115191031	0.0649365
20210115191031	0.0646064
20210115191031	0.0646064
20210115191031	0.064131
20210115191031	0.064131
20210115191031	0.063952
20210115191031	0.0639108
20210115191031	0.0635886
20210115191031	0.0635886
20210115191031	0.0632561
20210115191032	0.0632171
20210115191032	0.0630429
20210115191032	0.0630429
20210115191032	0.0626568
20210115191032	0.0626568
20210115191032	0.0624171
20210115191032	0.0623831
20210115191032	0.0622044
20210115191032	0.0622044
20210115191032	0.0618433
20210115191032	0.0618039
20210115191032	0.0615563
20210115191032	0.0615563
20210115191032	0.0611715
20210115191032	0.0611715
20210115191032	0.0610105
20210115191032	0.0609806
20210115191032	0.0607261
20210115191032	0.0607261
20210115191032	0.0607261
20210115191032	0.0604526
20210115191032	0.0602018
20210115191032	0.0602018
20210115191032	0.0597791
20210115191032	0.0597532
20210115191032	0.0597086
20210115191032	0.0596898
20210115191032	0.0595202
20210115191032	0.0595202
20210115191032	0.0594705
20210115191032	0.0594402
20210115191032	0.0593069
20210115191032	0.0593069
20210115191032	0.0589477
20210115191032	0.0589477
20210115191032	0.0589033
20210115191032	0.0588828
20210115191032	0.0586728
20210115191033	0.0586728
20210115191033	0.0585613
20210115191033	0.0585424
20210115191033	0.0584022
20210115191033	0.0584022
20210115191033	0.0580566
20210115191033	0.0580566
20210115191033	0.0579295
20210115191033	0.0579175
20210115191033	0.057838
20210115191033	0.057838
20210115191033	0.0576208
20210115191033	0.0576016
20210115191033	0.057427
20210115191033	0.057427
20210115191033	0.0570959
20210115191033	0.0570959
20210115191033	0.0570019
20210115191033	0.0569887
20210115191033	0.0569058
20210115191033	0.0569058
20210115191033	0.0568358
20210115191033	0.0568237
20210115191033	0.056759
20210115191033	0.056759
20210115191033	0.0564799
20210115191033	0.0564799
20210115191033	0.0563477
20210115191033	0.0563477
20210115191033	0.056177
20210115191033	0.056177
20210115191033	0.055975
20210115191033	0.0559652
20210115191033	0.0559324
20210115191033	0.0559324
20210115191033	0.0557215
20210115191033	0.0557115
20210115191033	0.0556978
20210115191033	0.0556978
20210115191033	0.0555691
20210115191033	0.0555691
20210115191033	0.0553918
20210115191033	0.0553835
20210115191033	0.0551157
20210115191033	0.0551157
20210115191033	0.0547527
20210115191033	0.0547527
20210115191033	0.0545502
20210115191033	0.0545426
20210115191033	0.0544033
20210115191033	0.0544033
20210115191033	0.054196
20210115191033	0.054191
20210115191033	0.0540552
20210115191033	0.0540552
20210115191033	0.0537346
20210115191033	0.0537346
20210115191033	0.0535873
20210115191033	0.0535835
20210115191033	0.0534413
20210115191033	0.0534413
20210115191033	0.0534033
20210115191033	0.0534005
20210115191033	0.0532479
20210115191034	0.0532479
20210115191034	0.0529114
20210115191034	0.0529114
20210115191034	0.0528293
20210115191034	0.0528287
20210115191034	0.0527187
20210115191034	0.0527187
20210115191034	0.052663
20210115191034	0.0526634
20210115191034	0.0524785
20210115191034	0.0524785
20210115191034	0.052202
20210115191034	0.0522038
20210115191034	0.0521583
20210115191034	0.0521611
20210115191034	0.0519989
20210115191034	0.0519989
20210115191034	0.0519989
20210115191034	0.0519359
20210115191034	0.0518568
20210115191034	0.0518568
20210115191034	0.051641
20210115191034	0.051641
20210115191034	0.0515399
20210115191034	0.0515399
20210115191034	0.0515279
20210115191034	0.0515279
20210115191034	0.0513504
20210115191034	0.0513593
20210115191034	0.0513452
20210115191035	0.0513452
20210115191035	0.0511844
20210115191035	0.0511844
20210115191035	0.0511301
20210115191035	0.0511394
20210115191035	0.0511387
20210115191035	0.0511387
20210115191035	0.0510961
20210115191035	0.0511056
20210115191035	0.0510885
20210115191035	0.0510885
20210115191035	0.0509611
20210115191035	0.0509611
20210115191035	0.0509169
20210115191035	0.0509169
20210115191035	0.0509491
20210115191035	0.0509491
20210115191035	0.0509491
20210115191035	0.0509125
20210115191035	0.0509192
20210115191035	0.0509192
20210115191035	0.050875
20210115191035	0.050885
20210115191035	0.0508181
20210115191035	0.050828
20210115191036	0.050707
20210115191036	0.050707
20210115191036	0.050707
20210115191036	0.0506489
20210115191036	0.0505392
20210115191036	0.0505392
20210115191036	0.0503612
20210115191036	0.0503612
20210115191036	0.0503189
20210115191036	0.0503296
20210115191036	0.0503329
20210115191036	0.0503329
20210115191036	0.0502888
20210115191036	0.0503026
20210115191036	0.050245
20210115191036	0.050245
20210115191036	0.0500061
20210115191036	0.0500061
20210115191036	0.0499289
20210115191036	0.049942
20210115191036	0.0499594
20210115191036	0.0499594
20210115191036	0.0499506
20210115191036	0.0499642
20210115191036	0.0499614
20210115191036	0.0499614
20210115191036	0.0497526
20210115191036	0.0497671
20210115191036	0.0498167
20210115191036	0.0498316
20210115191036	0.0497384
20210115191036	0.0497384
20210115191036	0.0497486
20210115191036	0.0497678
20210115191036	0.049827
20210115191036	0.049827
20210115191036	0.0498681
20210115191036	0.0498681
20210115191036	0.0498903
20210115191036	0.0498903
20210115191036	0.0499864
20210115191036	0.0499864
20210115191036	0.0499649
20210115191036	0.0499843
20210115191036	0.0499888
20210115191036	0.0499888
20210115191036	0.0499385
20210115191036	0.0499385
20210115191036	0.0499286
20210115191036	0.0499481
20210115191036	0.0500401
20210115191037	0.0500401
20210115191037	0.050043
20210115191037	0.0500585
20210115191037	0.0500484
20210115191037	0.0500484
20210115191037	0.0498689
20210115191037	0.0498689
20210115191037	0.0498446
20210115191037	0.0498616
20210115191037	0.0498111
20210115191037	0.0498111
20210115191037	0.0498532
20210115191037	0.0498754
20210115191037	0.0498978
20210115191037	0.0498978
20210115191037	0.049807
20210115191037	0.0498205
20210115191037	0.0498889
20210115191037	0.0499122
20210115191037	0.049909
20210115191037	0.049909
20210115191037	0.0499369
20210115191037	0.0499557
20210115191037	0.0499671
20210115191037	0.0499671
20210115191037	0.0499971
20210115191037	0.0499971
20210115191037	0.0501381
20210115191037	0.0501381
20210115191037	0.0501911
20210115191037	0.0501911
20210115191037	0.0502904
20210115191038	0.0503121
20210115191038	0.0503725
20210115191038	0.0503725
20210115191038	0.0504076
20210115191038	0.0504076
20210115191038	0.0505184
20210115191038	0.0505184
20210115191038	0.0506691
20210115191038	0.0506691
20210115191038	0.0507297
20210115191038	0.0507568
20210115191038	0.0508217
20210115191038	0.0508217
20210115191038	0.0507296
20210115191038	0.0507296
20210115191038	0.0507108
20210115191038	0.0507108
20210115191038	0.0507947
20210115191038	0.0507947
20210115191038	0.0508591
20210115191038	0.050886
20210115191038	0.0509301
20210115191038	0.0509301
20210115191038	0.0509002
20210115191038	0.0509217
20210115191038	0.0509382
20210115191038	0.0509382
20210115191038	0.0510941
20210115191038	0.0510941
20210115191038	0.0512064
20210115191038	0.0512293
20210115191038	0.0513519
20210115191038	0.0513519
20210115191038	0.0512673
20210115191038	0.0512673
20210115191038	0.0512508
20210115191038	0.0512508
20210115191038	0.0513157
20210115191038	0.0513157
20210115191038	0.0513639
20210115191038	0.0513869
20210115191038	0.0514171
20210115191038	0.0514171
20210115191038	0.0511979
20210115191038	0.0511979
20210115191038	0.0513023
20210115191038	0.0513303
20210115191039	0.0514028
20210115191039	0.0514028
20210115191039	0.0514028
20210115191039	0.0514747
20210115191039	0.0514391
20210115191039	0.0514391
20210115191039	0.0513363
20210115191039	0.0513363
20210115191039	0.0513218
20210115191039	0.0513439
20210115191039	0.0513878
20210115191039	0.0513878
20210115191039	0.0513657
20210115191039	0.0513941
20210115191039	0.0514446
20210115191039	0.0514446
20210115191039	0.0514355
20210115191039	0.0514524
20210115191039	0.0515003
20210115191039	0.0515003
20210115191039	0.051596
20210115191039	0.051596
20210115191039	0.0516763
20210115191039	0.0517056
20210115191040	0.051783
20210115191040	0.051783
20210115191040	0.0518704
20210115191040	0.0518704
20210115191040	0.0518704
20210115191040	0.0517821
20210115191040	0.0517746
20210115191040	0.0517746
20210115191040	0.0517746
20210115191040	0.0519649
20210115191040	0.0521306
20210115191040	0.0521306
20210115191040	0.0521071
20210115191040	0.0521071
20210115191040	0.0521913
20210115191040	0.0521913
20210115191040	0.0523334
20210115191040	0.0523334
20210115191040	0.0524705
20210115191040	0.052494
20210115191040	0.0526036
20210115191040	0.0526036
20210115191040	0.052668
20210115191040	0.052668
20210115191040	0.0527086
20210115191040	0.0527327
20210115191040	0.0528148
20210115191040	0.0528148
20210115191040	0.0528019
20210115191040	0.0528257
20210115191040	0.052823
20210115191040	0.052823
20210115191040	0.0527353
20210115191040	0.0527586
20210115191040	0.0527251
20210115191040	0.052749
20210115191040	0.0528443
20210115191040	0.0528443
20210115191040	0.0527771
20210115191040	0.0528061
20210115191040	0.052713
20210115191040	0.052713
20210115191040	0.0525903
20210115191040	0.0525903
20210115191040	0.052504
20210115191041	0.052504
20210115191041	0.0525471
20210115191041	0.0525471
20210115191041	0.0525417
20210115191041	0.0525672
20210115191041	0.0526365
20210115191041	0.0526365
20210115191041	0.0525752
20210115191041	0.0525752
20210115191041	0.0525512
20210115191041	0.0525698
20210115191041	0.0526341
20210115191041	0.0526341
20210115191041	0.0527439
20210115191041	0.0527759
20210115191041	0.0528491
20210115191041	0.0528491
20210115191041	0.052912
20210115191041	0.052912
20210115191041	0.0530588
20210115191041	0.0530588
20210115191041	0.0530951
20210115191041	0.0530951
20210115191041	0.053099
20210115191041	0.0531261
20210115191041	0.0532117
20210115191041	0.0532117
20210115191041	0.0533649
20210115191041	0.0533649
20210115191041	0.0533843
20210115191041	0.0534051
20210115191041	0.0534248
20210115191041	0.0534248
20210115191041	0.0534715
20210115191041	0.0535058
20210115191041	0.0534927
20210115191042	0.0534927
20210115191042	0.0535865
20210115191042	0.0535865
20210115191042	0.0536739
20210115191042	0.0536739
20210115191042	0.0538924
20210115191042	0.0538924
20210115191042	0.0538924
20210115191042	0.0540019
20210115191042	0.0541053
20210115191042	0.0541053
20210115191042	0.0541926
20210115191042	0.0542208
20210115191042	0.05434
20210115191042	0.0543754
20210115191042	0.0545825
20210115191042	0.0545825
20210115191042	0.0546241
20210115191042	0.0546514
20210115191042	0.0546628
20210115191042	0.0546628
20210115191042	0.054638
20210115191042	0.0546642
20210115191042	0.0546975
20210115191042	0.0546975
20210115191042	0.0547401
20210115191042	0.0547401
20210115191042	0.0549202
20210115191042	0.054947
20210115191042	0.05505
20210115191042	0.05505
20210115191042	0.0551023
20210115191042	0.0551023
20210115191042	0.0552678
20210115191042	0.0552945
20210115191043	0.0554613
20210115191043	0.0554613
20210115191043	0.0556353
20210115191043	0.0556695
20210115191043	0.0557672
20210115191043	0.0557672
20210115191043	0.0556755
20210115191043	0.055703
20210115191043	0.0557217
20210115191043	0.0557217
20210115191043	0.0558764
20210115191043	0.0558764
20210115191043	0.0560672
20210115191043	0.0560932
20210115191043	0.0561745
20210115191043	0.0561745
20210115191043	0.0562563
20210115191043	0.0562563
20210115191043	0.0562754
20210115191043	0.0562996
20210115191043	0.0563879
20210115191043	0.0563879
20210115191043	0.0565296
20210115191043	0.0565538
20210115191043	0.0566061
20210115191043	0.0566061
20210115191043	0.0567933
20210115191043	0.0567933
20210115191043	0.0569055
20210115191043	0.056931
20210115191043	0.0571297
20210115191043	0.0571297
20210115191043	0.0571297
20210115191043	0.0572225
20210115191043	0.0573491
20210115191043	0.0573491
20210115191043	0.0574832
20210115191044	0.0574832
20210115191044	0.0575381
20210115191044	0.0575622
20210115191044	0.0577126
20210115191044	0.0577126
20210115191044	0.0577639
20210115191044	0.0577938
20210115191044	0.0579513
20210115191044	0.0579513
20210115191044	0.0579869
20210115191044	0.0579869
20210115191044	0.0581618
20210115191044	0.0581845
20210115191044	0.0584369
20210115191044	0.0584369
20210115191044	0.0585915
20210115191044	0.0586134
20210115191044	0.0587994
20210115191044	0.0587994
20210115191044	0.0589033
20210115191044	0.0589033
20210115191044	0.0589797
20210115191044	0.0589797
20210115191044	0.0591113
20210115191044	0.0591113
20210115191044	0.0592829
20210115191044	0.0593079
20210115191044	0.0594469
20210115191044	0.0594469
20210115191044	0.0593999
20210115191044	0.0593999
20210115191045	0.0595213
20210115191045	0.0595407
20210115191045	0.0596204
20210115191045	0.0596204
20210115191045	0.0597857
20210115191045	0.0598111
20210115191045	0.0598757
20210115191045	0.0598757
20210115191045	0.0599469
20210115191045	0.0599681
20210115191045	0.0600645
20210115191045	0.0600798
20210115191045	0.0602262
20210115191045	0.0602262
20210115191045	0.0604442
20210115191045	0.0604693
20210115191045	0.0606065
20210115191045	0.0606065
20210115191045	0.0606818
20210115191045	0.0606818
20210115191045	0.0608794
20210115191045	0.0609008
20210115191045	0.0610671
20210115191045	0.0610671
20210115191045	0.0612435
20210115191045	0.0612716
20210115191045	0.0613711
20210115191045	0.0613711
20210115191045	0.0615523
20210115191045	0.0615523
20210115191045	0.0616704
20210115191045	0.0616704
20210115191045	0.0618943
20210115191045	0.0618943
20210115191045	0.0619974
20210115191045	0.062022
20210115191045	0.0621491
20210115191045	0.0621491
20210115191045	0.0622226
20210115191045	0.0622226
20210115191045	0.0622759
20210115191045	0.0622759
20210115191045	0.0623716
20210115191045	0.0623716
20210115191045	0.0624898
20210115191045	0.0625122
20210115191045	0.062598
20210115191045	0.062598
20210115191045	0.0626465
20210115191045	0.0626601
20210115191045	0.0627362
20210115191045	0.0627577
20210115191045	0.0628484
20210115191046	0.0628484
20210115191046	0.0629982
20210115191046	0.063015
20210115191046	0.063092
20210115191046	0.06297
20210115191046	0.0632603
20210115191046	0.0632603
20210115191046	0.0633545
20210115191046	0.0633545
20210115191046	0.0634925
20210115191046	0.0634925
20210115191046	0.0636592
20210115191046	0.063674
20210115191046	0.0637773
20210115191046	0.0637773
20210115191046	0.0637712
20210115191046	0.0637712
20210115191046	0.0638565
20210115191046	0.0638565
20210115191046	0.0638489
20210115191046	0.0638489
20210115191046	0.0639853
20210115191046	0.0640052
20210115191046	0.0641416
20210115191046	0.0641416
20210115191046	0.0641015
20210115191046	0.0641015
20210115191046	0.0642566
20210115191046	0.0642726
20210115191046	0.0644493
20210115191046	0.0644493
20210115191046	0.0646172
20210115191046	0.0646331
20210115191046	0.0648352
20210115191046	0.0648352
20210115191046	0.0648333
20210115191046	0.0648333
20210115191046	0.0650219
20210115191046	0.0650344
20210115191046	0.0651868
20210115191046	0.0651868
20210115191046	0.0653094
20210115191046	0.0653303
20210115191046	0.0654447
20210115191046	0.0654447
