20210104220058	-2147483648
20210104220059	-2147483648
20210104220100	-2147483648
20210104220102	-2147483648
20210104220103	-2147483648
20210104220104	2008772102
20210104220105	2008772105
20210104220106	1819156113
20210104220107	1819156119
20210104220108	1933719126
20210104220109	1933719132
20210104220110	1948137140
20210104220111	1948137143
20210104220112	1979948147
20210104220113	1979948155
20210104220114	1938794165
20210104220115	1938794171
20210104220116	1976833180
20210104220117	1976833187
20210104220118	1911635196
20210104220119	1911635203
20210104220120	1764165211
20210104220121	1764165218
20210104220122	1826612228
20210104220123	1826612235
20210104220124	2033004244
20210104220125	2033004250
20210104220126	1956939260
20210104220127	1956939267
20210104220128	2065743275
20210104220129	2065743284
20210104220130	1879659293
20210104220131	1879659299
20210104220132	1951073309
20210104220133	1951073316
20210104220134	1668246325
20210104220135	1668246333
20210104220136	1730521342
20210104220137	1730521349
20210104220138	2089865359
20210104220139	2089865366
20210104220140	1858612375
20210104220141	1858612382
20210104220142	1670310391
20210104220143	1670310399
20210104220143	-2147483648
20210104220145	-2147483648
20210104220146	-2147483648
20210104220147	-2147483648
20210104220148	1712201440
20210104220149	1712201447
20210104220150	1801473457
20210104220151	1801473464
20210104220152	-2147483648
20210104220154	-2147483648
20210104220155	-2147483648
20210104220155	-2147483648
20210104220157	-2147483648
20210104220158	-2147483648
20210104220159	1839978520
20210104220200	1839978527
20210104220201	1989576535
20210104220202	1989576542
20210104220203	1988263550
20210104220204	1988263557
20210104220205	1823345565
20210104220206	1823345571
20210104220207	-2147483648
20210104220208	-2147483648
20210104220209	-2147483648
20210104220210	-2147483648
20210104220212	1643288611
20210104220213	1643288617
20210104220214	1941445625
20210104220215	1941445631
20210104220216	2145957640
20210104220217	2145957646
20210104220218	-2147483648
20210104220220	-2147483648
20210104220221	1691280669
20210104220222	1691280675
20210104220223	1684466683
20210104220224	1684466689
20210104220225	1654842697
20210104220226	1654842704
20210104220227	1797550711
20210104220228	1797550717
20210104220229	1699981726
20210104220230	1699981731
20210104220231	-2147483648
20210104220231	-2147483648
20210104220233	-2147483648
20210104220234	-2147483648
20210104220235	1640636767
20210104220236	1640636774
20210104220237	1720650781
20210104220238	1720650787
20210104220239	1883004796
20210104220240	1883004802
20210104220241	2070116809
20210104220242	2070116816
20210104220243	-2147483648
20210104220244	-2147483648
20210104220245	-2147483648
20210104220246	-2147483648
20210104220248	1816391851
20210104220249	1816391857
20210104220250	1832781866
20210104220251	1832781872
20210104220252	1690521879
20210104220253	1690521886
20210104220254	2016733894
20210104220255	2016733899
20210104220257	1875084907
20210104220258	1875084914
20210104220259	1737655922
20210104220300	1737655927
20210104220301	2041040936
20210104220302	2041040942
20210104220303	2036683949
20210104220304	2036683955
20210104220305	1893627964
20210104220306	1893627969
20210104220307	-2147483648
20210104220307	-2147483648
20210104220308	-2147483648
20210104220310	-2147483648
20210104220311	-2147483648
20210104220312	-2147483648
20210104220313	1796476018
20210104220314	1796476024
20210104220315	1997935033
20210104220316	1997935039
20210104220317	-2147483648
20210104220318	-2147483648
20210104220319	-2147483648
20210104220320	-2147483648
20210104220321	-2147483648
20210104220322	-2147483648
20210104220323	2069699088
20210104220324	2069699094
20210104220325	-2147483648
20210104220326	-2147483648
20210104220328	-2147483648
20210104220329	-2147483648
20210104220329	-2147483648
20210104220330	-2147483648
20210104220331	-2147483648
20210104220333	-2147483648
20210104220334	1787878158
20210104220335	1787878165
20210104220336	2007080173
20210104220337	2007080179
20210104220338	-2147483648
20210104220339	-2147483648
20210104220340	-2147483648
20210104220341	-2147483648
20210104220342	-2147483648
20210104220343	-2147483648
20210104220344	-2147483648
20210104220345	-2147483648
20210104220346	-2147483648
20210104220347	-2147483648
20210104220349	-2147483648
20210104220350	-2147483648
20210104220350	-2147483648
20210104220351	-2147483648
20210104220352	-2147483648
20210104220354	-2147483648
20210104220355	1774164299
20210104220356	1774164305
20210104220357	1858967313
20210104220358	1858967319
20210104220359	1840588327
20210104220400	1840588332
20210104220401	1629365340
20210104220402	1629365345
20210104220403	2146544354
20210104220404	2146544360
20210104220405	-2147483648
20210104220407	-2147483648
20210104220408	1756172383
