20210104211711	1759266420
20210104211713	1797863439
20210104211714	1797863448
20210104211715	-2147483648
20210104211716	-2147483648
20210104211717	-2147483648
20210104211719	-2147483648
20210104211720	2109531466
20210104211721	2109531465
20210104211722	-2147483648
20210104211723	-2147483648
20210104211724	-2147483648
20210104211725	-2147483648
20210104211726	-2147483648
20210104211727	-2147483648
20210104211728	1725518518
20210104211729	1725518520
20210104211731	1974056528
20210104211732	1974056540
20210104211733	1881892548
20210104211734	1881892551
20210104211735	-2147483648
20210104211736	-2147483648
20210104211737	-2147483648
20210104211738	-2147483648
20210104211739	2047060595
20210104211740	2047060605
20210104211741	-2147483648
20210104211742	-2147483648
