20210111015204	1000
20210111015204	1000
20210111015204	1000
20210111015204	1000
20210111015204	1000
20210111015204	1000
20210111015204	1000
20210111015204	1000
20210111015204	1000
20210111015204	1000
20210111015204	1000
20210111015204	1000
20210111015204	1000
20210111015204	1000
20210111015204	1000
20210111015204	1000
20210111015204	1000
20210111015204	1000
20210111015204	1000
20210111015204	1000
20210111015204	1000
20210111015204	1000
20210111015204	1000
20210111015204	1000
20210111015204	1000
20210111015204	1000
20210111015204	1000
20210111015204	1000
20210111015204	1000
20210111015204	1000
20210111015204	1000
20210111015204	1000
20210111015204	1000
20210111015204	1000
20210111015204	1000
20210111015204	1000
20210111015204	1000
20210111015204	1000
20210111015204	1000
20210111015204	1000
20210111015204	1000
20210111015204	1000
20210111015204	1000
20210111015204	1000
20210111015204	1000
20210111015204	1000
20210111015204	1000
20210111015204	1000
20210111015204	1000
20210111015204	1000
20210111015204	1000
20210111015204	1000
20210111015204	1000
20210111015204	1000
20210111015204	1000
20210111015204	1000
20210111015205	1000
20210111015205	1000
20210111015205	1000
20210111015205	1000
20210111015205	1000
20210111015205	1000
20210111015205	1000
20210111015205	1000
20210111015205	1000
20210111015205	1000
20210111015205	1000
20210111015205	1000
20210111015205	1000
20210111015205	1000
20210111015205	1000
20210111015205	1000
20210111015205	1000
20210111015205	1000
20210111015205	1000
20210111015205	1000
20210111015205	1000
20210111015205	1000
20210111015205	1000
20210111015205	1000
20210111015205	1000
20210111015205	1000
20210111015205	1000
20210111015205	1000
20210111015205	1000
20210111015205	1000
20210111015205	1000
20210111015205	1000
20210111015205	1000
20210111015205	1000
20210111015205	1000
20210111015205	1000
20210111015205	1000
20210111015206	1000
20210111015206	1000
20210111015206	1000
20210111015206	1000
20210111015206	1000
20210111015206	1000
20210111015206	1000
20210111015206	1000
20210111015206	1000
20210111015206	1000
20210111015206	1000
20210111015206	1000
20210111015206	1000
20210111015206	1000
20210111015206	1000
20210111015206	1000
20210111015206	1000
20210111015206	1000
20210111015206	1000
20210111015206	1000
20210111015206	1000
20210111015206	1000
20210111015206	1000
20210111015206	1000
20210111015206	1000
20210111015206	1000
20210111015206	1000
20210111015206	1000
20210111015206	1000
20210111015206	1000
20210111015207	1000
20210111015207	1000
20210111015207	1000
20210111015207	1000
20210111015207	1000
20210111015207	1000
20210111015207	1000
20210111015207	1000
20210111015207	1000
20210111015207	1000
20210111015207	1000
20210111015207	1000
20210111015207	1000
20210111015207	1000
20210111015207	1000
20210111015207	1000
20210111015207	1000
20210111015207	1000
20210111015207	1000
20210111015207	1000
20210111015207	1000
20210111015207	1000
20210111015207	1000
20210111015207	1000
20210111015207	1000
20210111015207	1000
20210111015207	1000
20210111015207	1000
20210111015207	1000
20210111015207	1000
20210111015207	1000
20210111015207	1000
20210111015207	1000
20210111015207	1000
20210111015207	1000
20210111015207	1000
20210111015207	1000
20210111015207	1000
20210111015207	1000
20210111015207	1000
20210111015207	1000
20210111015207	1000
20210111015207	1000
20210111015208	1000
20210111015208	1000
20210111015208	1000
20210111015208	1000
20210111015208	1000
20210111015208	1000
20210111015208	1000
20210111015208	1000
20210111015208	1000
20210111015208	1000
20210111015208	1000
20210111015208	1000
20210111015208	1000
20210111015208	1000
20210111015208	1000
20210111015208	1000
20210111015208	1000
20210111015208	1000
20210111015208	1000
20210111015208	1000
20210111015208	1000
20210111015208	1000
20210111015208	1000
20210111015208	1000
20210111015208	1000
20210111015208	1000
20210111015208	1000
20210111015208	1000
20210111015208	1000
20210111015208	1000
20210111015208	1000
20210111015208	1000
20210111015208	1000
20210111015208	1000
20210111015208	1000
20210111015208	1000
20210111015208	1000
20210111015208	1000
20210111015208	1000
20210111015208	1000
20210111015208	1000
20210111015208	1000
20210111015208	1000
20210111015208	1000
20210111015208	1000
20210111015208	1000
20210111015208	1000
20210111015208	1000
20210111015208	1000
20210111015208	1000
20210111015208	1000
20210111015208	1000
20210111015208	1000
20210111015209	1000
20210111015209	1000
20210111015209	1000
20210111015209	1000
20210111015209	1000
20210111015209	1000
20210111015209	1000
20210111015209	1000
20210111015209	1000
20210111015209	1000
20210111015209	1000
20210111015209	1000
20210111015209	1000
20210111015209	1000
20210111015209	1000
20210111015209	1000
20210111015209	1000
20210111015209	1000
20210111015209	1000
20210111015209	1000
20210111015209	1000
20210111015209	1000
20210111015209	1000
20210111015209	1000
20210111015209	1000
20210111015209	1000
20210111015209	1000
20210111015209	1000
20210111015209	1000
20210111015209	1000
20210111015209	1000
20210111015209	1000
20210111015209	1000
20210111015209	1000
20210111015209	1000
20210111015209	1000
20210111015209	1000
20210111015209	1000
20210111015209	1000
20210111015209	1000
20210111015209	1000
20210111015209	1000
20210111015209	1000
20210111015209	1000
20210111015209	1000
20210111015209	1000
20210111015209	1000
20210111015209	1000
20210111015209	1000
20210111015209	1000
20210111015209	1000
20210111015209	1000
20210111015209	1000
20210111015209	1000
20210111015209	1000
20210111015209	1000
20210111015209	1000
20210111015209	1000
20210111015209	1000
20210111015210	1000
20210111015210	1000
20210111015210	1000
20210111015210	1000
20210111015210	1000
20210111015210	1000
20210111015210	1000
20210111015210	1000
20210111015210	1000
20210111015210	1000
20210111015210	1000
20210111015210	1000
20210111015210	1000
20210111015210	1000
20210111015210	1000
20210111015210	1000
20210111015210	1000
20210111015210	1000
20210111015210	1000
20210111015210	1000
20210111015210	1000
20210111015210	1000
20210111015210	1000
20210111015210	1000
20210111015210	1000
20210111015210	1000
20210111015210	1000
20210111015210	1000
20210111015210	1000
20210111015210	1000
20210111015210	1000
20210111015210	1000
20210111015210	1000
20210111015210	1000
20210111015210	1000
20210111015210	1000
20210111015210	1000
20210111015210	1000
20210111015210	1000
20210111015210	1000
20210111015210	1000
20210111015210	1000
20210111015210	1000
20210111015210	1000
20210111015210	1000
20210111015210	1000
20210111015210	1000
20210111015210	1000
20210111015210	1000
20210111015210	1000
20210111015210	1000
20210111015210	1000
20210111015211	1000
20210111015211	1000
20210111015211	1000
20210111015211	1000
20210111015211	1000
20210111015211	1000
20210111015211	1000
20210111015211	1000
20210111015211	1000
20210111015211	1000
20210111015211	1000
20210111015211	1000
20210111015211	1000
20210111015211	1000
20210111015211	1000
20210111015211	1000
20210111015211	1000
20210111015211	1000
20210111015211	1000
20210111015211	1000
20210111015211	1000
20210111015211	1000
20210111015211	1000
20210111015211	1000
20210111015211	1000
20210111015211	1000
20210111015211	1000
20210111015211	1000
20210111015211	1000
20210111015211	1000
20210111015211	1000
20210111015211	1000
20210111015211	1000
20210111015211	1000
20210111015211	1000
20210111015212	1000
20210111015212	1000
20210111015212	1000
20210111015212	1000
20210111015212	1000
20210111015212	1000
20210111015212	1000
20210111015212	1000
20210111015212	1000
20210111015212	1000
20210111015212	1000
20210111015212	1000
20210111015212	1000
20210111015212	1000
20210111015212	1000
20210111015212	1000
20210111015212	1000
20210111015212	1000
20210111015212	1000
20210111015212	1000
20210111015212	1000
20210111015212	1000
20210111015212	1000
20210111015212	1000
20210111015212	1000
20210111015212	1000
20210111015212	1000
20210111015212	1000
20210111015212	1000
20210111015212	1000
20210111015212	1000
20210111015212	1000
20210111015212	1000
20210111015212	1000
20210111015212	1000
20210111015212	1000
20210111015212	1000
20210111015212	1000
20210111015212	1000
20210111015212	1000
20210111015212	1000
20210111015212	1000
20210111015212	1000
20210111015212	1000
20210111015212	1000
20210111015212	1000
20210111015212	1000
20210111015212	1000
20210111015212	1000
20210111015212	1000
20210111015212	1000
20210111015213	1000
20210111015213	1000
20210111015213	1000
20210111015213	1000
20210111015213	1000
20210111015213	1000
20210111015213	1000
20210111015213	1000
20210111015213	1000
20210111015213	1000
20210111015213	1000
20210111015213	1000
20210111015213	1000
20210111015213	1000
20210111015213	1000
20210111015213	1000
20210111015213	1000
20210111015213	1000
20210111015213	1000
20210111015213	1000
20210111015213	1000
20210111015213	1000
20210111015213	1000
20210111015213	1000
20210111015213	1000
20210111015213	1000
20210111015213	1000
20210111015213	1000
20210111015213	1000
20210111015213	1000
20210111015214	1000
20210111015214	1000
20210111015214	1000
20210111015214	1000
20210111015214	1000
20210111015214	1000
20210111015214	1000
20210111015214	1000
20210111015214	1000
20210111015214	1000
20210111015214	1000
20210111015214	1000
20210111015214	1000
20210111015214	1000
20210111015214	1000
20210111015214	1000
20210111015214	1000
20210111015214	1000
20210111015214	1000
20210111015214	1000
20210111015214	1000
20210111015214	1000
20210111015214	1000
20210111015214	1000
20210111015214	1000
20210111015214	1000
20210111015214	1000
20210111015214	1000
20210111015214	1000
20210111015214	1000
20210111015214	1000
20210111015215	1000
20210111015215	1000
20210111015215	1000
20210111015215	1000
20210111015215	1000
20210111015215	1000
20210111015215	1000
20210111015215	1000
20210111015215	1000
20210111015215	1000
20210111015215	1000
20210111015215	1000
20210111015215	1000
20210111015215	1000
20210111015215	1000
20210111015215	1000
20210111015215	1000
20210111015215	1000
20210111015215	1000
20210111015215	1000
20210111015215	1000
20210111015215	1000
20210111015215	1000
20210111015215	1000
20210111015215	1000
20210111015215	1000
20210111015215	1000
20210111015215	1000
20210111015215	1000
20210111015215	1000
20210111015215	1000
20210111015215	1000
20210111015215	1000
20210111015215	1000
20210111015215	1000
20210111015215	1000
20210111015215	1000
20210111015215	1000
20210111015216	1000
20210111015216	1000
20210111015216	1000
20210111015216	1000
20210111015216	1000
20210111015216	1000
20210111015216	1000
20210111015216	1000
20210111015216	1000
20210111015216	1000
20210111015216	1000
20210111015216	1000
20210111015216	1000
20210111015216	1000
20210111015216	1000
20210111015216	1000
20210111015216	1000
20210111015216	1000
20210111015216	1000
20210111015216	1000
20210111015216	1000
20210111015216	1000
20210111015216	1000
20210111015216	1000
20210111015216	1000
20210111015216	1000
20210111015216	1000
20210111015216	1000
20210111015216	1000
20210111015216	1000
20210111015217	1000
20210111015217	1000
20210111015217	1000
20210111015217	1000
20210111015217	1000
20210111015217	1000
20210111015217	1000
20210111015217	1000
20210111015217	1000
20210111015217	1000
20210111015217	1000
20210111015217	1000
20210111015217	1000
20210111015217	1000
20210111015217	1000
20210111015217	1000
20210111015217	1000
20210111015217	1000
20210111015217	1000
20210111015217	1000
20210111015217	1000
20210111015217	2000
20210111015217	1000
20210111015217	1000
20210111015217	1000
20210111015217	2000
20210111015217	1000
20210111015217	2000
20210111015217	1000
20210111015217	1000
20210111015218	1000
20210111015218	1000
20210111015218	1000
20210111015218	1000
20210111015218	1000
20210111015218	2000
20210111015218	1000
20210111015218	1000
20210111015218	1000
20210111015218	1000
20210111015218	1000
20210111015218	2000
20210111015218	1000
20210111015218	1000
20210111015218	1000
20210111015218	2000
20210111015218	1000
20210111015218	2000
20210111015218	1000
20210111015218	1000
20210111015218	1000
20210111015218	1000
20210111015218	1000
20210111015218	2000
20210111015218	1000
20210111015218	1000
20210111015218	2000
20210111015218	2000
20210111015218	2000
20210111015218	2000
20210111015218	2000
20210111015218	2000
20210111015218	2000
20210111015218	2000
20210111015218	2000
20210111015218	2000
20210111015218	2000
20210111015218	2000
20210111015218	2000
20210111015219	2000
20210111015219	2000
20210111015219	2000
20210111015219	2000
20210111015219	2000
20210111015219	2000
20210111015219	2000
20210111015219	2000
20210111015219	2000
20210111015219	2000
20210111015219	2000
20210111015219	2000
20210111015219	2000
20210111015219	2000
20210111015219	2000
20210111015219	2000
20210111015219	2000
20210111015219	2000
20210111015219	2000
20210111015219	2000
20210111015219	2000
20210111015219	2000
20210111015219	2000
20210111015219	2000
20210111015219	2000
20210111015219	2000
20210111015220	2000
20210111015220	2000
20210111015220	2000
20210111015220	2000
20210111015220	2000
20210111015220	2000
20210111015220	2000
20210111015220	2000
20210111015220	2000
20210111015220	2000
20210111015220	2000
20210111015220	2000
20210111015220	2000
20210111015220	2000
20210111015220	2000
20210111015220	2000
20210111015220	2000
20210111015220	2000
20210111015220	2000
20210111015220	2000
20210111015220	2000
20210111015220	2000
20210111015220	2000
20210111015220	2000
20210111015220	2000
20210111015220	2000
20210111015220	2000
20210111015220	2000
20210111015220	2000
20210111015220	2000
20210111015220	2000
20210111015220	2000
20210111015220	2000
20210111015220	2000
20210111015220	2000
20210111015220	2000
20210111015220	2000
20210111015220	2000
20210111015220	2000
20210111015220	2000
20210111015220	2000
20210111015220	2000
20210111015220	2000
20210111015220	2000
20210111015220	2000
20210111015220	2000
20210111015220	2000
20210111015220	2000
20210111015221	2000
20210111015221	2000
20210111015221	2000
20210111015221	2000
20210111015221	2000
20210111015221	2000
20210111015221	2000
20210111015221	2000
20210111015221	2000
20210111015221	2000
20210111015221	2000
20210111015221	2000
20210111015221	2000
20210111015221	2000
20210111015221	2000
20210111015221	2000
20210111015221	2000
20210111015221	2000
20210111015221	2000
20210111015221	2000
20210111015221	2000
20210111015221	2000
20210111015221	2000
20210111015221	2000
20210111015221	2000
20210111015221	2000
20210111015222	2000
20210111015222	2000
20210111015222	2000
20210111015222	2000
20210111015222	2000
20210111015222	2000
20210111015222	2000
20210111015222	2000
20210111015222	2000
20210111015222	2000
20210111015222	2000
20210111015222	2000
20210111015222	2000
20210111015222	2000
20210111015222	2000
20210111015222	2000
20210111015222	2000
20210111015222	2000
20210111015222	2000
20210111015222	2000
20210111015222	2000
20210111015222	2000
20210111015222	2000
20210111015222	2000
20210111015222	2000
20210111015222	2000
20210111015222	2000
20210111015222	2000
20210111015222	2000
20210111015222	2000
20210111015222	2000
20210111015222	2000
20210111015222	2000
20210111015222	2000
20210111015222	2000
20210111015223	2000
20210111015223	2000
20210111015223	2000
20210111015223	2000
20210111015223	2000
20210111015223	2000
20210111015223	2000
20210111015223	2000
20210111015223	2000
20210111015223	2000
20210111015223	2000
20210111015223	2000
20210111015223	2000
20210111015223	2000
20210111015223	2000
20210111015223	2000
20210111015223	2000
20210111015223	2000
20210111015223	2000
20210111015223	2000
20210111015223	2000
20210111015223	2000
20210111015223	2000
20210111015223	2000
20210111015223	2000
20210111015223	2000
20210111015223	2000
20210111015224	2000
20210111015224	2000
20210111015224	2000
20210111015224	2000
20210111015224	2000
20210111015224	2000
20210111015224	2000
20210111015224	2000
20210111015224	2000
20210111015224	2000
20210111015224	2000
20210111015224	2000
20210111015224	2000
20210111015224	2000
20210111015224	2000
20210111015224	2000
20210111015224	2000
20210111015224	2000
20210111015224	2000
20210111015224	2000
20210111015224	2000
20210111015224	2000
20210111015224	2000
20210111015224	2000
20210111015224	2000
20210111015224	2000
20210111015224	2000
20210111015224	2000
20210111015224	2000
20210111015224	2000
20210111015224	2000
20210111015224	2000
20210111015224	2000
20210111015224	2000
20210111015225	2000
20210111015225	2000
20210111015225	2000
20210111015225	2000
20210111015225	2000
20210111015225	2000
20210111015225	2000
20210111015225	2000
20210111015225	2000
20210111015225	2000
20210111015225	2000
20210111015225	2000
20210111015225	2000
20210111015225	2000
20210111015225	2000
20210111015225	2000
20210111015225	2000
20210111015225	2000
20210111015225	2000
20210111015225	2000
20210111015225	2000
20210111015225	2000
20210111015225	2000
20210111015225	2000
20210111015225	2000
20210111015225	2000
20210111015225	2000
20210111015225	2000
20210111015225	2000
20210111015225	2000
20210111015225	2000
20210111015225	2000
20210111015225	2000
20210111015225	2000
20210111015225	2000
20210111015225	2000
20210111015225	2000
20210111015226	2000
20210111015226	2000
20210111015226	2000
20210111015226	2000
20210111015226	2000
20210111015226	2000
20210111015226	2000
20210111015226	2000
20210111015226	2000
20210111015226	2000
20210111015226	2000
20210111015226	2000
20210111015226	2000
20210111015226	2000
20210111015226	2000
20210111015227	2000
20210111015227	2000
20210111015227	2000
20210111015227	2000
20210111015227	2000
20210111015227	2000
20210111015227	2000
20210111015227	2000
20210111015227	2000
20210111015227	2000
20210111015227	2000
20210111015227	2000
20210111015227	2000
20210111015227	2000
20210111015227	2000
20210111015227	2000
20210111015227	2000
20210111015227	2000
20210111015227	2000
20210111015227	2000
20210111015227	2000
20210111015227	2000
20210111015227	2000
20210111015227	2000
20210111015227	2000
20210111015227	2000
20210111015227	2000
20210111015227	2000
20210111015227	2000
20210111015227	2000
20210111015227	2000
20210111015227	2000
20210111015227	2000
20210111015227	2000
20210111015227	2000
20210111015227	2000
20210111015227	2000
20210111015227	2000
20210111015227	2000
20210111015227	2000
20210111015227	2000
20210111015227	2000
20210111015227	2000
20210111015228	2000
20210111015228	2000
20210111015228	2000
20210111015228	2000
20210111015228	2000
20210111015228	2000
20210111015228	2000
20210111015228	2000
20210111015228	2000
20210111015228	2000
20210111015228	2000
20210111015228	2000
20210111015228	2000
20210111015228	2000
20210111015228	2000
20210111015228	2000
20210111015228	2000
20210111015228	2000
20210111015228	2000
20210111015228	2000
20210111015228	2000
20210111015228	2000
20210111015228	2000
20210111015228	2000
20210111015228	2000
20210111015228	2000
20210111015228	2000
20210111015228	2000
20210111015228	2000
20210111015228	2000
20210111015228	2000
20210111015229	2000
20210111015229	2000
20210111015229	2000
20210111015229	2000
20210111015229	2000
20210111015229	2000
20210111015229	2000
20210111015229	2000
20210111015229	2000
20210111015229	2000
20210111015229	2000
20210111015229	2000
20210111015229	2000
20210111015229	2000
20210111015229	2000
20210111015229	2000
20210111015229	2000
20210111015229	2000
20210111015229	2000
20210111015229	2000
20210111015229	2000
20210111015229	2000
20210111015229	2000
20210111015229	2000
20210111015229	2000
20210111015229	2000
20210111015229	2000
20210111015229	2000
20210111015229	2000
20210111015229	2000
20210111015229	2000
20210111015229	2000
20210111015229	2000
20210111015229	2000
20210111015229	2000
20210111015229	2000
20210111015229	2000
20210111015229	2000
20210111015229	2000
20210111015229	2000
20210111015229	2000
20210111015229	2000
20210111015229	2000
20210111015230	2000
20210111015230	2000
20210111015230	2000
20210111015230	2000
20210111015230	2000
20210111015230	2000
20210111015230	2000
20210111015230	2000
20210111015230	2000
20210111015230	2000
20210111015230	2000
20210111015230	2000
20210111015230	2000
20210111015230	2000
20210111015230	2000
20210111015231	2000
20210111015231	2000
20210111015231	2000
20210111015231	2000
20210111015231	2000
20210111015231	2000
20210111015231	2000
20210111015231	2000
20210111015231	2000
20210111015231	2000
20210111015231	2000
20210111015231	2000
20210111015231	2000
20210111015231	2000
20210111015231	2000
20210111015231	2000
20210111015231	2000
20210111015231	2000
20210111015231	2000
20210111015231	2000
20210111015231	2000
20210111015231	2000
20210111015231	2000
20210111015231	2000
20210111015231	2000
20210111015231	2000
20210111015231	2000
20210111015231	2000
20210111015231	2000
20210111015231	2000
20210111015231	2000
20210111015231	2000
20210111015231	2000
20210111015231	2000
20210111015231	2000
20210111015231	2000
20210111015231	2000
20210111015231	2000
20210111015231	2000
20210111015231	2000
20210111015232	2000
20210111015232	2000
20210111015232	2000
20210111015232	2000
20210111015232	2000
20210111015232	2000
20210111015232	2000
20210111015232	2000
20210111015232	2000
20210111015232	2000
20210111015232	2000
20210111015232	2000
20210111015232	2000
20210111015232	2000
20210111015232	2000
20210111015232	2000
20210111015232	2000
20210111015232	2000
20210111015232	2000
20210111015232	2000
20210111015232	2000
20210111015232	2000
20210111015232	2000
20210111015232	2000
20210111015232	2000
20210111015232	2000
20210111015232	2000
20210111015232	2000
20210111015232	2000
20210111015232	2000
20210111015232	2000
20210111015232	2000
20210111015233	2000
20210111015233	2000
20210111015233	2000
20210111015233	2000
20210111015233	2000
20210111015233	2000
20210111015233	2000
20210111015233	2000
20210111015233	2000
20210111015233	2000
20210111015233	2000
20210111015233	2000
20210111015233	2000
20210111015233	2000
20210111015233	2000
20210111015233	2000
20210111015233	2000
20210111015233	2000
20210111015233	2000
20210111015233	2000
20210111015233	2000
20210111015233	2000
20210111015233	2000
20210111015233	2000
20210111015233	2000
20210111015233	2000
20210111015233	2000
20210111015233	2000
20210111015233	2000
20210111015233	2000
20210111015233	2000
20210111015233	2000
20210111015233	2000
20210111015233	2000
20210111015233	2000
20210111015233	2000
20210111015233	2000
20210111015233	2000
20210111015233	2000
20210111015233	2000
20210111015233	2000
20210111015234	2000
20210111015234	2000
20210111015234	2000
20210111015234	2000
20210111015234	2000
20210111015234	2000
20210111015234	2000
20210111015234	2000
20210111015234	2000
20210111015234	2000
20210111015234	2000
20210111015234	2000
20210111015234	2000
20210111015234	2000
20210111015234	2000
20210111015234	2000
20210111015234	2000
20210111015234	2000
20210111015234	2000
20210111015234	2000
20210111015234	2000
20210111015234	2000
20210111015234	2000
20210111015234	2000
20210111015234	2000
20210111015234	2000
20210111015234	2000
20210111015234	2000
20210111015234	2000
20210111015234	2000
20210111015234	2000
20210111015234	2000
20210111015234	2000
20210111015234	2000
20210111015234	2000
20210111015234	2000
20210111015234	2000
20210111015234	2000
20210111015234	2000
20210111015234	2000
20210111015234	2000
20210111015234	2000
20210111015234	2000
20210111015234	2000
20210111015234	2000
20210111015234	2000
20210111015234	2000
20210111015234	2000
20210111015234	2000
20210111015234	2000
20210111015234	2000
20210111015234	2000
20210111015234	2000
20210111015234	2000
20210111015235	2000
20210111015235	2000
20210111015235	2000
20210111015235	2000
20210111015235	2000
20210111015235	2000
20210111015235	2000
20210111015235	2000
20210111015235	2000
20210111015235	2000
20210111015235	2000
20210111015235	2000
20210111015235	2000
20210111015235	2000
20210111015235	2000
20210111015235	2000
20210111015235	2000
20210111015235	2000
20210111015235	2000
20210111015235	2000
20210111015235	2000
20210111015235	2000
20210111015235	2000
20210111015235	2000
20210111015235	2000
20210111015235	2000
20210111015235	2000
20210111015235	2000
20210111015235	2000
20210111015235	2000
20210111015235	2000
20210111015235	2000
20210111015235	2000
20210111015235	2000
20210111015235	2000
20210111015235	2000
20210111015236	2000
20210111015236	2000
20210111015236	2000
20210111015236	2000
20210111015236	2000
20210111015236	2000
20210111015236	2000
20210111015236	2000
20210111015236	2000
20210111015236	2000
20210111015236	2000
20210111015236	2000
20210111015236	2000
20210111015236	2000
20210111015236	2000
20210111015236	2000
20210111015236	2000
20210111015236	2000
20210111015236	2000
20210111015236	2000
20210111015236	2000
20210111015236	2000
20210111015236	2000
20210111015236	2000
20210111015236	2000
20210111015236	2000
20210111015236	2000
20210111015236	2000
20210111015236	2000
20210111015236	2000
20210111015236	2000
20210111015236	2000
20210111015236	2000
20210111015236	2000
20210111015236	2000
20210111015236	2000
20210111015236	2000
20210111015236	2000
20210111015236	2000
20210111015236	2000
20210111015236	2000
20210111015236	2000
20210111015236	2000
20210111015236	2000
20210111015236	2000
20210111015236	2000
20210111015236	2000
20210111015236	2000
20210111015236	2000
20210111015236	2000
20210111015236	2000
20210111015236	2000
20210111015236	2000
20210111015236	2000
20210111015236	2000
20210111015236	2000
20210111015236	2000
20210111015236	2000
20210111015236	2000
20210111015236	2000
20210111015236	2000
20210111015236	2000
20210111015236	2000
20210111015236	2000
20210111015236	2000
20210111015236	2000
20210111015236	2000
20210111015236	2000
20210111015236	2000
20210111015236	2000
20210111015236	2000
20210111015236	2000
20210111015236	2000
20210111015236	2000
20210111015236	2000
20210111015236	2000
20210111015236	2000
20210111015236	2000
20210111015236	2000
20210111015237	2000
20210111015237	2000
20210111015237	2000
20210111015237	2000
20210111015237	2000
20210111015237	2000
20210111015237	2000
20210111015237	2000
20210111015237	2000
20210111015237	2000
20210111015237	2000
20210111015237	2000
20210111015237	2000
20210111015237	2000
20210111015237	2000
20210111015237	2000
20210111015237	2000
20210111015237	2000
20210111015237	2000
20210111015237	2000
20210111015237	2000
20210111015237	2000
20210111015237	2000
20210111015237	2000
20210111015237	2000
20210111015237	2000
20210111015237	2000
20210111015237	2000
20210111015237	2000
20210111015237	2000
20210111015237	2000
20210111015237	2000
20210111015237	2000
20210111015237	2000
20210111015237	2000
20210111015237	2000
20210111015237	2000
20210111015237	2000
20210111015237	2000
20210111015237	2000
20210111015237	2000
20210111015237	2000
20210111015237	2000
20210111015237	2000
20210111015237	2000
20210111015237	2000
20210111015237	1979.23
20210111015238	1979.23
20210111015238	1979.23
20210111015238	1979.23
20210111015238	1979.23
20210111015238	1979.23
20210111015238	1979.23
20210111015238	1979.23
20210111015238	1979.23
20210111015238	1979.23
20210111015238	1979.23
20210111015238	1979.23
20210111015238	1979.23
20210111015238	1979.23
20210111015238	1979.23
20210111015238	1979.23
20210111015238	1979.23
20210111015238	1979.23
20210111015238	1979.23
20210111015239	1979.23
20210111015239	1979.23
20210111015239	1979.23
20210111015239	1979.23
20210111015239	1979.23
20210111015239	1979.23
20210111015239	1979.23
20210111015239	1979.23
20210111015239	1979.23
20210111015239	1979.23
20210111015239	1979.23
20210111015239	1979.23
20210111015239	1979.23
20210111015239	1979.23
20210111015239	1979.23
20210111015239	1979.23
20210111015239	1979.23
20210111015239	1979.23
20210111015239	1979.23
20210111015239	1979.23
20210111015239	1979.23
20210111015239	1979.23
20210111015239	1979.23
20210111015239	1979.23
20210111015239	1979.23
20210111015239	1979.23
20210111015239	1979.23
20210111015239	1979.23
20210111015239	1979.23
20210111015239	1979.23
20210111015239	1979.23
20210111015239	1961.74
20210111015239	1961.74
20210111015239	1961.74
20210111015239	1961.74
20210111015239	1961.74
20210111015239	1961.74
20210111015239	1961.74
20210111015239	1961.74
20210111015239	1961.74
20210111015239	1961.74
20210111015239	1961.74
20210111015239	1961.74
20210111015240	1961.74
20210111015240	1961.74
20210111015240	1961.74
20210111015240	1961.74
20210111015240	1961.74
20210111015240	1961.74
20210111015240	1961.74
20210111015240	1961.74
20210111015240	1961.74
20210111015240	1961.74
20210111015240	1961.74
20210111015240	1961.74
20210111015240	1961.74
20210111015240	1961.74
20210111015240	1961.74
20210111015240	1961.74
20210111015240	1961.74
20210111015240	1961.74
20210111015240	1961.74
20210111015240	1961.74
20210111015240	1961.74
20210111015240	1961.74
20210111015240	1961.74
20210111015240	1961.74
20210111015240	1961.74
20210111015240	1961.74
20210111015240	1961.74
20210111015240	1961.74
20210111015240	1961.74
20210111015240	1961.74
20210111015240	1961.74
20210111015240	1961.74
20210111015240	1961.74
20210111015240	1961.74
20210111015240	1961.74
20210111015240	1961.74
20210111015240	1961.74
20210111015240	1961.74
20210111015241	1950.19
20210111015241	1950.19
20210111015241	1950.19
20210111015241	1950.19
20210111015241	1950.19
20210111015241	1950.19
20210111015241	1950.19
20210111015241	1950.19
20210111015241	1950.19
20210111015241	1950.19
20210111015241	1950.19
20210111015241	1950.19
20210111015241	1950.19
20210111015241	1950.19
20210111015241	1950.19
20210111015241	1950.19
20210111015241	1950.19
20210111015241	1950.19
20210111015241	1950.19
20210111015241	1950.19
20210111015241	1950.19
20210111015241	1950.19
20210111015241	1950.19
20210111015241	1950.19
20210111015241	1950.19
20210111015241	1950.19
20210111015241	1950.19
20210111015241	1950.19
20210111015241	1950.19
20210111015241	1950.19
20210111015241	1950.19
20210111015241	1950.19
20210111015241	1950.19
20210111015241	1950.19
20210111015241	1950.19
20210111015241	1950.19
20210111015241	1950.19
20210111015241	1950.19
20210111015241	1950.19
20210111015241	1950.19
20210111015242	1950.19
20210111015242	1950.19
20210111015242	1950.19
20210111015242	1950.19
20210111015242	1950.19
20210111015242	1950.19
20210111015242	1950.19
20210111015242	1950.19
20210111015242	1950.19
20210111015242	1950.19
20210111015242	1938.35
20210111015242	1938.35
20210111015242	1938.35
20210111015242	1938.35
20210111015242	1938.35
20210111015242	1938.35
20210111015242	1938.35
20210111015242	1938.35
20210111015242	1938.35
20210111015242	1938.35
20210111015242	1938.35
20210111015242	1938.35
20210111015242	1938.35
20210111015242	1938.35
20210111015242	1938.35
20210111015242	1938.35
20210111015242	1938.35
20210111015242	1938.35
20210111015242	1938.35
20210111015242	1938.35
20210111015242	1938.35
20210111015242	1938.35
20210111015242	1938.35
20210111015242	1938.35
20210111015242	1938.35
20210111015242	1938.35
20210111015242	1938.35
20210111015243	1938.35
20210111015243	1938.35
20210111015243	1938.35
20210111015243	1938.35
20210111015243	1938.35
20210111015243	1938.35
20210111015243	1938.35
20210111015243	1938.35
20210111015243	1938.35
20210111015243	1938.35
20210111015243	1938.35
20210111015243	1938.35
20210111015243	1938.35
20210111015243	1938.35
20210111015243	1938.35
20210111015243	1938.35
20210111015243	1938.35
20210111015243	1938.35
20210111015243	1938.35
20210111015243	1938.35
20210111015243	1938.35
20210111015243	1938.35
20210111015243	1938.35
20210111015243	1926.89
20210111015243	1926.89
20210111015243	1926.89
20210111015243	1926.89
20210111015243	1926.89
20210111015243	1926.89
20210111015243	1926.89
20210111015243	1926.89
20210111015243	1926.89
20210111015243	1926.89
20210111015243	1926.89
20210111015243	1926.89
20210111015243	1926.89
20210111015243	1926.89
20210111015243	1926.89
20210111015243	1926.89
20210111015243	1926.89
20210111015243	1926.89
20210111015243	1926.89
20210111015243	1926.89
20210111015244	1926.89
20210111015244	1926.89
20210111015244	1926.89
20210111015244	1926.89
20210111015244	1926.89
20210111015244	1926.89
20210111015244	1926.89
20210111015244	1926.89
20210111015244	1926.89
20210111015244	1926.89
20210111015244	1926.89
20210111015244	1926.89
20210111015244	1926.89
20210111015244	1926.89
20210111015244	1926.89
20210111015244	1926.89
20210111015244	1926.89
20210111015244	1926.89
20210111015244	1926.89
20210111015244	1926.89
20210111015244	1926.89
20210111015244	1926.89
20210111015244	1926.89
20210111015244	1926.89
20210111015244	1926.89
20210111015244	1926.89
20210111015244	1926.89
20210111015244	1926.89
20210111015244	1926.89
20210111015244	1926.89
20210111015244	1916.63
20210111015244	1916.63
20210111015244	1916.63
20210111015244	1916.63
20210111015244	1916.63
20210111015244	1916.63
20210111015244	1916.63
20210111015244	1916.63
20210111015244	1916.63
20210111015244	1916.63
20210111015244	1916.63
20210111015244	1916.63
20210111015244	1916.63
20210111015244	1916.63
20210111015244	1916.63
20210111015244	1916.63
20210111015244	1916.63
20210111015244	1916.63
20210111015244	1916.63
20210111015244	1916.63
20210111015244	1916.63
20210111015244	1916.63
20210111015244	1916.63
20210111015244	1916.63
20210111015244	1916.63
20210111015244	1916.63
20210111015244	1916.63
20210111015244	1916.63
20210111015244	1916.63
20210111015244	1916.63
20210111015244	1916.63
20210111015244	1916.63
20210111015244	1916.63
20210111015244	1916.63
20210111015244	1916.63
20210111015244	1916.63
20210111015244	1916.63
20210111015244	1916.63
20210111015244	1916.63
20210111015244	1916.63
20210111015244	1916.63
20210111015244	1916.63
20210111015244	1916.63
20210111015244	1916.63
20210111015244	1916.63
20210111015244	1916.63
20210111015244	1916.63
20210111015244	1916.63
20210111015244	1916.63
20210111015245	1916.63
20210111015245	1909.07
20210111015245	1909.07
20210111015245	1909.07
20210111015245	1909.07
20210111015245	1909.07
20210111015245	1909.07
20210111015245	1909.07
20210111015245	1909.07
20210111015245	1909.07
20210111015245	1909.07
20210111015245	1909.07
20210111015245	1909.07
20210111015245	1909.07
20210111015245	1909.07
20210111015245	1909.07
20210111015245	1909.07
20210111015245	1909.07
20210111015245	1909.07
20210111015245	1909.07
20210111015245	1909.07
20210111015245	1909.07
20210111015245	1909.07
20210111015245	1909.07
20210111015245	1909.07
20210111015245	1909.07
20210111015245	1909.07
20210111015245	1909.07
20210111015245	1909.07
20210111015245	1909.07
20210111015245	1909.07
20210111015245	1909.07
20210111015245	1909.07
20210111015246	1909.07
20210111015246	1909.07
20210111015246	1909.07
20210111015246	1909.07
20210111015246	1909.07
20210111015246	1909.07
20210111015246	1909.07
20210111015246	1909.07
20210111015246	1909.07
20210111015246	1909.07
20210111015246	1909.07
20210111015246	1909.07
20210111015246	1909.07
20210111015246	1909.07
20210111015246	1909.07
20210111015246	1909.07
20210111015246	1909.07
20210111015246	1909.07
20210111015246	1899.08
20210111015246	1899.08
20210111015246	1899.08
20210111015246	1899.08
20210111015246	1899.08
20210111015246	1899.08
20210111015246	1899.08
20210111015246	1899.08
20210111015246	1899.08
20210111015246	1899.08
20210111015246	1899.08
20210111015246	1899.08
20210111015246	1899.08
20210111015246	1899.08
20210111015246	1899.08
20210111015246	1899.08
20210111015246	1899.08
20210111015246	1899.08
20210111015246	1899.08
20210111015246	1899.08
20210111015246	1899.08
20210111015246	1899.08
20210111015246	1899.08
20210111015246	1899.08
20210111015246	1899.08
20210111015246	1899.08
20210111015246	1899.08
20210111015246	1899.08
20210111015246	1899.08
20210111015246	1899.08
20210111015247	1899.08
20210111015247	1899.08
20210111015247	1899.08
20210111015247	1899.08
20210111015247	1899.08
20210111015247	1899.08
20210111015247	1899.08
20210111015247	1899.08
20210111015247	1899.08
20210111015247	1899.08
20210111015247	1899.08
20210111015247	1899.08
20210111015247	1899.08
20210111015247	1899.08
20210111015247	1899.08
20210111015247	1899.08
20210111015247	1899.08
20210111015247	1899.08
20210111015247	1899.08
20210111015247	1899.08
20210111015247	1886.18
20210111015247	1886.18
20210111015247	1886.18
20210111015247	1886.18
20210111015247	1886.18
20210111015247	1886.18
20210111015247	1886.18
20210111015247	1886.18
20210111015247	1886.18
20210111015247	1886.18
20210111015247	1886.18
20210111015247	1886.18
20210111015247	1886.18
20210111015247	1886.18
20210111015247	1886.18
20210111015247	1886.18
20210111015247	1886.18
20210111015247	1886.18
20210111015247	1886.18
20210111015247	1886.18
20210111015247	1886.18
20210111015247	1886.18
20210111015247	1886.18
20210111015247	1886.18
20210111015247	1886.18
20210111015247	1886.18
20210111015247	1886.18
20210111015247	1886.18
20210111015247	1886.18
20210111015247	1886.18
20210111015247	1886.18
20210111015247	1886.18
20210111015247	1886.18
20210111015247	1886.18
20210111015247	1886.18
20210111015247	1886.18
20210111015247	1886.18
20210111015247	1886.18
20210111015247	1886.18
20210111015247	1886.18
20210111015247	1886.18
20210111015247	1886.18
20210111015247	1886.18
20210111015247	1886.18
20210111015248	1886.18
20210111015248	1886.18
20210111015248	1886.18
20210111015248	1886.18
20210111015248	1886.18
20210111015248	1886.18
20210111015248	1868.09
20210111015248	1868.09
20210111015248	1868.09
20210111015248	1868.09
20210111015248	1868.09
20210111015248	1868.09
20210111015248	1868.09
20210111015248	1868.09
20210111015248	1868.09
20210111015248	1868.09
20210111015248	1868.09
20210111015248	1868.09
20210111015248	1868.09
20210111015248	1868.09
20210111015248	1868.09
20210111015248	1868.09
20210111015248	1868.09
20210111015248	1868.09
20210111015248	1868.09
20210111015248	1868.09
20210111015248	1868.09
20210111015248	1868.09
20210111015248	1868.09
20210111015248	1868.09
20210111015248	1868.09
20210111015248	1868.09
20210111015248	1868.09
20210111015248	1868.09
20210111015248	1868.09
20210111015248	1868.09
20210111015248	1868.09
20210111015248	1868.09
20210111015248	1868.09
20210111015248	1868.09
20210111015248	1868.09
20210111015248	1868.09
20210111015248	1868.09
20210111015248	1868.09
20210111015248	1868.09
20210111015248	1868.09
20210111015248	1868.09
20210111015248	1868.09
20210111015248	1868.09
20210111015248	1868.09
20210111015248	1868.09
20210111015248	1868.09
20210111015248	1868.09
20210111015248	1868.09
20210111015248	1868.09
20210111015248	1868.09
20210111015248	1848.26
20210111015248	1848.26
20210111015248	1848.26
20210111015248	1848.26
20210111015248	1848.26
20210111015249	1848.26
20210111015249	1848.26
20210111015249	1848.26
20210111015249	1848.26
20210111015249	1848.26
20210111015249	1848.26
20210111015249	1848.26
20210111015249	1848.26
20210111015249	1848.26
20210111015249	1848.26
20210111015249	1848.26
20210111015249	1848.26
20210111015249	1848.26
20210111015249	1848.26
20210111015249	1848.26
20210111015249	1848.26
20210111015249	1848.26
20210111015249	1848.26
20210111015249	1848.26
20210111015249	1848.26
20210111015249	1848.26
20210111015249	1848.26
20210111015249	1848.26
20210111015249	1848.26
20210111015249	1848.26
20210111015249	1848.26
20210111015249	1848.26
20210111015249	1848.26
20210111015249	1848.26
20210111015249	1848.26
20210111015249	1848.26
20210111015249	1848.26
20210111015249	1848.26
20210111015249	1848.26
20210111015249	1848.26
20210111015249	1848.26
20210111015249	1848.26
20210111015249	1848.26
20210111015250	1848.26
20210111015250	1848.26
20210111015250	1848.26
20210111015250	1848.26
20210111015250	1848.26
20210111015250	1848.26
20210111015250	1848.26
20210111015250	1829.62
20210111015250	1829.62
20210111015250	1829.62
20210111015250	1829.62
20210111015250	1829.62
20210111015250	1829.62
20210111015250	1829.62
20210111015250	1829.62
20210111015250	1829.62
20210111015250	1829.62
20210111015250	1829.62
20210111015250	1829.62
20210111015250	1829.62
20210111015250	1829.62
20210111015250	1829.62
20210111015250	1829.62
20210111015250	1829.62
20210111015250	1829.62
20210111015250	1829.62
20210111015250	1829.62
20210111015250	1829.62
20210111015250	1829.62
20210111015250	1829.62
20210111015250	1829.62
20210111015250	1829.62
20210111015250	1829.62
20210111015250	1829.62
20210111015250	1829.62
20210111015250	1829.62
20210111015250	1829.62
20210111015250	1829.62
20210111015250	1829.62
20210111015250	1829.62
20210111015250	1829.62
20210111015250	1829.62
20210111015250	1829.62
20210111015250	1829.62
20210111015250	1829.62
20210111015250	1829.62
20210111015250	1829.62
20210111015250	1829.62
20210111015250	1829.62
20210111015250	1829.62
20210111015251	1829.62
20210111015251	1829.62
20210111015251	1829.62
20210111015251	1829.62
20210111015251	1829.62
20210111015251	1829.62
20210111015251	1829.62
20210111015251	1816.86
20210111015251	1816.86
20210111015251	1816.86
20210111015251	1816.86
20210111015251	1816.86
20210111015251	1816.86
20210111015251	1816.86
20210111015251	1816.86
20210111015251	1816.86
20210111015251	1816.86
20210111015251	1816.86
20210111015251	1816.86
20210111015251	1816.86
20210111015251	1816.86
20210111015251	1816.86
20210111015251	1816.86
20210111015251	1816.86
20210111015251	1816.86
20210111015252	1816.86
20210111015252	1816.86
20210111015252	1816.86
20210111015252	1816.86
20210111015252	1816.86
20210111015252	1816.86
20210111015252	1816.86
20210111015252	1816.86
20210111015252	1816.86
20210111015252	1816.86
20210111015252	1816.86
20210111015252	1816.86
20210111015252	1816.86
20210111015252	1816.86
20210111015252	1816.86
20210111015252	1816.86
20210111015252	1816.86
20210111015252	1816.86
20210111015252	1816.86
20210111015252	1816.86
20210111015252	1816.86
20210111015252	1816.86
20210111015252	1816.86
20210111015252	1816.86
20210111015252	1816.86
20210111015252	1816.86
20210111015252	1816.86
20210111015252	1816.86
20210111015252	1816.86
20210111015252	1816.86
20210111015252	1816.86
20210111015252	1816.86
20210111015252	1806.91
20210111015252	1806.91
20210111015252	1806.91
20210111015252	1806.91
20210111015252	1806.91
20210111015252	1806.91
20210111015252	1806.91
20210111015252	1806.91
20210111015252	1806.91
20210111015252	1806.91
20210111015252	1806.91
20210111015252	1806.91
20210111015252	1806.91
20210111015252	1806.91
20210111015253	1806.91
20210111015253	1806.91
20210111015253	1806.91
20210111015253	1806.91
20210111015253	1806.91
20210111015253	1806.91
20210111015253	1806.91
20210111015253	1806.91
20210111015253	1806.91
20210111015253	1806.91
20210111015253	1806.91
20210111015253	1806.91
20210111015253	1806.91
20210111015253	1806.91
20210111015253	1806.91
20210111015253	1806.91
20210111015253	1806.91
20210111015253	1806.91
20210111015253	1806.91
20210111015253	1806.91
20210111015253	1806.91
20210111015253	1806.91
20210111015253	1806.91
20210111015253	1806.91
20210111015253	1806.91
20210111015253	1806.91
20210111015253	1806.91
20210111015253	1806.91
20210111015253	1806.91
20210111015253	1806.91
20210111015253	1806.91
20210111015254	1806.91
20210111015254	1806.91
20210111015254	1806.91
20210111015254	1806.91
20210111015254	1806.91
20210111015254	1793.93
20210111015254	1793.93
20210111015254	1793.93
20210111015254	1793.93
20210111015254	1793.93
20210111015254	1793.93
20210111015254	1793.93
20210111015254	1793.93
20210111015254	1793.93
20210111015254	1793.93
20210111015254	1793.93
20210111015254	1793.93
20210111015254	1793.93
20210111015254	1793.93
20210111015254	1793.93
20210111015254	1793.93
20210111015254	1793.93
20210111015254	1793.93
20210111015254	1793.93
20210111015254	1793.93
20210111015254	1793.93
20210111015254	1793.93
20210111015254	1793.93
20210111015254	1793.93
20210111015254	1793.93
20210111015254	1793.93
20210111015254	1793.93
20210111015254	1793.93
20210111015254	1793.93
20210111015254	1793.93
20210111015254	1793.93
20210111015254	1793.93
20210111015254	1793.93
20210111015254	1793.93
20210111015254	1793.93
20210111015254	1793.93
20210111015254	1793.93
20210111015254	1793.93
20210111015254	1793.93
20210111015254	1793.93
20210111015254	1793.93
20210111015254	1793.93
20210111015254	1793.93
20210111015254	1793.93
20210111015254	1793.93
20210111015255	1793.93
20210111015255	1793.93
20210111015255	1793.93
20210111015255	1793.93
20210111015255	1793.93
20210111015255	1783.07
20210111015255	1783.07
20210111015255	1783.07
20210111015255	1783.07
20210111015255	1783.07
20210111015255	1783.07
20210111015255	1783.07
20210111015255	1783.07
20210111015255	1783.07
20210111015255	1783.07
20210111015255	1783.07
20210111015255	1783.07
20210111015255	1783.07
20210111015255	1783.07
20210111015255	1783.07
20210111015255	1783.07
20210111015255	1783.07
20210111015255	1783.07
20210111015255	1783.07
20210111015255	1783.07
20210111015255	1783.07
20210111015255	1783.07
20210111015255	1783.07
20210111015255	1783.07
20210111015255	1783.07
20210111015255	1783.07
20210111015255	1783.07
20210111015255	1783.07
20210111015255	1783.07
20210111015255	1783.07
20210111015255	1783.07
20210111015255	1783.07
20210111015255	1783.07
20210111015255	1783.07
20210111015256	1783.07
20210111015256	1783.07
20210111015256	1783.07
20210111015256	1783.07
20210111015256	1783.07
20210111015256	1783.07
20210111015256	1783.07
20210111015256	1783.07
20210111015256	1783.07
20210111015256	1783.07
20210111015256	1783.07
20210111015256	1783.07
20210111015256	1783.07
20210111015256	1783.07
20210111015256	1783.07
20210111015256	1776.16
20210111015256	1776.16
20210111015256	1776.16
20210111015256	1776.16
20210111015256	1776.16
20210111015256	1776.16
20210111015256	1776.16
20210111015256	1776.16
20210111015256	1776.16
20210111015256	1776.16
20210111015256	1776.16
20210111015256	1776.16
20210111015256	1776.16
20210111015256	1776.16
20210111015256	1776.16
20210111015256	1776.16
20210111015256	1776.16
20210111015256	1776.16
20210111015256	1776.16
20210111015256	1776.16
20210111015256	1776.16
20210111015256	1776.16
20210111015257	1776.16
20210111015257	1776.16
20210111015257	1776.16
20210111015257	1776.16
20210111015257	1776.16
20210111015257	1776.16
20210111015257	1776.16
20210111015257	1776.16
20210111015257	1776.16
20210111015257	1776.16
20210111015257	1776.16
20210111015257	1776.16
20210111015257	1776.16
20210111015257	1776.16
20210111015257	1776.16
20210111015257	1776.16
20210111015257	1776.16
20210111015257	1776.16
20210111015257	1776.16
20210111015257	1776.16
20210111015257	1776.16
20210111015257	1776.16
20210111015257	1776.16
20210111015257	1776.16
20210111015257	1776.16
20210111015257	1776.16
20210111015257	1776.16
20210111015257	1776.16
20210111015257	1776.16
20210111015257	1769.72
20210111015257	1769.72
20210111015257	1769.72
20210111015257	1769.72
20210111015257	1769.72
20210111015257	1769.72
20210111015257	1769.72
20210111015257	1769.72
20210111015257	1769.72
20210111015257	1769.72
20210111015257	1769.72
20210111015257	1769.72
20210111015257	1769.72
20210111015257	1769.72
20210111015257	1769.72
20210111015257	1769.72
20210111015257	1769.72
20210111015257	1769.72
20210111015257	1769.72
20210111015257	1769.72
20210111015258	1769.72
20210111015258	1769.72
20210111015258	1769.72
20210111015258	1769.72
20210111015258	1769.72
20210111015258	1769.72
20210111015258	1769.72
20210111015258	1769.72
20210111015258	1769.72
20210111015258	1769.72
20210111015258	1769.72
20210111015258	1769.72
20210111015258	1769.72
20210111015258	1769.72
20210111015258	1769.72
20210111015258	1769.72
20210111015258	1769.72
20210111015258	1769.72
20210111015258	1769.72
20210111015258	1769.72
20210111015258	1769.72
20210111015258	1769.72
20210111015258	1769.72
20210111015258	1769.72
20210111015258	1769.72
20210111015258	1769.72
20210111015258	1769.72
20210111015258	1769.72
20210111015258	1769.72
20210111015258	1769.72
20210111015258	1760.46
20210111015258	1760.46
20210111015258	1760.46
20210111015258	1760.46
20210111015258	1760.46
20210111015258	1760.46
20210111015258	1760.46
20210111015258	1760.46
20210111015258	1760.46
20210111015258	1760.46
20210111015258	1760.46
20210111015259	1760.46
20210111015259	1760.46
20210111015259	1760.46
20210111015259	1760.46
20210111015259	1760.46
20210111015259	1760.46
20210111015259	1760.46
20210111015259	1760.46
20210111015259	1760.46
20210111015259	1760.46
20210111015259	1760.46
20210111015259	1760.46
20210111015259	1760.46
20210111015259	1760.46
20210111015259	1760.46
20210111015259	1760.46
20210111015259	1760.46
20210111015259	1760.46
20210111015259	1760.46
20210111015259	1760.46
20210111015259	1760.46
20210111015259	1760.46
20210111015259	1760.46
20210111015259	1760.46
20210111015259	1760.46
20210111015259	1760.46
20210111015259	1760.46
20210111015259	1760.46
20210111015259	1760.46
20210111015259	1760.46
20210111015259	1760.46
20210111015259	1760.46
20210111015300	1760.46
20210111015300	1760.46
20210111015300	1760.46
20210111015300	1760.46
20210111015300	1760.46
20210111015300	1760.46
20210111015300	1760.46
20210111015300	1750.22
20210111015300	1750.22
20210111015300	1750.22
20210111015300	1750.22
20210111015300	1750.22
20210111015300	1750.22
20210111015300	1750.22
20210111015300	1750.22
20210111015300	1750.22
20210111015300	1750.22
20210111015300	1750.22
20210111015300	1750.22
20210111015300	1750.22
20210111015300	1750.22
20210111015300	1750.22
20210111015300	1750.22
20210111015300	1750.22
20210111015300	1750.22
20210111015300	1750.22
20210111015300	1750.22
20210111015300	1750.22
20210111015300	1750.22
20210111015300	1750.22
20210111015300	1750.22
20210111015300	1750.22
20210111015300	1750.22
20210111015300	1750.22
20210111015300	1750.22
20210111015300	1750.22
20210111015300	1750.22
20210111015300	1750.22
20210111015300	1750.22
20210111015300	1750.22
20210111015300	1750.22
20210111015300	1750.22
20210111015301	1750.22
20210111015301	1750.22
20210111015301	1750.22
20210111015301	1750.22
20210111015301	1750.22
20210111015301	1750.22
20210111015301	1750.22
20210111015301	1750.22
20210111015301	1750.22
20210111015301	1750.22
20210111015301	1750.22
20210111015301	1750.22
20210111015301	1750.22
20210111015301	1750.22
20210111015301	1750.22
20210111015301	1736.6
20210111015301	1736.6
20210111015301	1736.6
20210111015301	1736.6
20210111015301	1736.6
20210111015301	1736.6
20210111015301	1736.6
20210111015301	1736.6
20210111015301	1736.6
20210111015301	1736.6
20210111015301	1736.6
20210111015301	1736.6
20210111015301	1736.6
20210111015301	1736.6
20210111015301	1736.6
20210111015301	1736.6
20210111015301	1736.6
20210111015301	1736.6
20210111015302	1736.6
20210111015302	1736.6
20210111015302	1736.6
20210111015302	1736.6
20210111015302	1736.6
20210111015302	1736.6
20210111015302	1736.6
20210111015302	1736.6
20210111015302	1736.6
20210111015302	1736.6
20210111015302	1736.6
20210111015302	1736.6
20210111015302	1736.6
20210111015302	1736.6
20210111015302	1736.6
20210111015302	1736.6
20210111015302	1736.6
20210111015302	1736.6
20210111015302	1736.6
20210111015302	1736.6
20210111015302	1736.6
20210111015302	1736.6
20210111015302	1736.6
20210111015302	1736.6
20210111015302	1736.6
20210111015302	1736.6
20210111015302	1736.6
20210111015303	1736.6
20210111015303	1736.6
20210111015303	1736.6
20210111015303	1736.6
20210111015303	1736.6
20210111015303	1723.07
20210111015303	1723.07
20210111015303	1723.07
20210111015303	1723.07
20210111015303	1723.07
20210111015303	1723.07
20210111015303	1723.07
20210111015303	1723.07
20210111015303	1723.07
20210111015303	1723.07
20210111015303	1723.07
20210111015303	1723.07
20210111015303	1723.07
20210111015303	1723.07
20210111015303	1723.07
20210111015303	1723.07
20210111015303	1723.07
20210111015303	1723.07
20210111015303	1723.07
20210111015303	1723.07
20210111015303	1723.07
20210111015304	1723.07
20210111015304	1723.07
20210111015304	1723.07
20210111015304	1723.07
20210111015304	1723.07
20210111015304	1723.07
20210111015304	1723.07
20210111015304	1723.07
20210111015304	1723.07
20210111015304	1723.07
20210111015304	1723.07
20210111015304	1723.07
20210111015304	1723.07
20210111015304	1723.07
20210111015304	1723.07
20210111015304	1723.07
20210111015304	1723.07
20210111015304	1723.07
20210111015304	1723.07
20210111015304	1723.07
20210111015304	1723.07
20210111015304	1723.07
20210111015304	1723.07
20210111015304	1723.07
20210111015304	1723.07
20210111015304	1723.07
20210111015304	1723.07
20210111015304	1723.07
20210111015304	1723.07
20210111015304	1710.51
20210111015304	1710.51
20210111015304	1710.51
20210111015304	1710.51
20210111015304	1710.51
20210111015304	1710.51
20210111015304	1710.51
20210111015305	1710.51
20210111015305	1710.51
20210111015305	1710.51
20210111015305	1710.51
20210111015305	1710.51
20210111015305	1710.51
20210111015305	1710.51
20210111015305	1710.51
20210111015305	1710.51
20210111015305	1710.51
20210111015305	1710.51
20210111015305	1710.51
20210111015305	1710.51
20210111015305	1710.51
20210111015305	1710.51
20210111015305	1710.51
20210111015305	1710.51
20210111015305	1710.51
20210111015305	1710.51
20210111015305	1710.51
20210111015305	1710.51
20210111015305	1710.51
20210111015305	1710.51
20210111015305	1710.51
20210111015305	1710.51
20210111015305	1710.51
20210111015305	1710.51
20210111015306	1710.51
20210111015306	1710.51
20210111015306	1710.51
20210111015306	1710.51
20210111015306	1710.51
20210111015306	1710.51
20210111015306	1710.51
20210111015306	1710.51
20210111015306	1710.51
20210111015306	1710.51
20210111015306	1710.51
20210111015306	1710.51
20210111015306	1710.51
20210111015306	1710.51
20210111015306	1710.51
20210111015306	1710.51
20210111015306	1696.8
20210111015306	1696.8
20210111015306	1696.8
20210111015306	1696.8
20210111015306	1696.8
20210111015306	1696.8
20210111015306	1696.8
20210111015306	1696.8
20210111015306	1696.8
20210111015306	1696.8
20210111015306	1696.8
20210111015306	1696.8
20210111015306	1696.8
20210111015306	1696.8
20210111015306	1696.8
20210111015306	1696.8
20210111015306	1696.8
20210111015306	1696.8
20210111015306	1696.8
20210111015306	1696.8
20210111015306	1696.8
20210111015306	1696.8
20210111015306	1696.8
20210111015306	1696.8
20210111015306	1696.8
20210111015306	1696.8
20210111015306	1696.8
20210111015306	1696.8
20210111015306	1696.8
20210111015307	1696.8
20210111015307	1696.8
20210111015307	1696.8
20210111015307	1696.8
20210111015307	1696.8
20210111015307	1696.8
20210111015307	1696.8
20210111015307	1696.8
20210111015307	1696.8
20210111015307	1696.8
20210111015307	1696.8
20210111015307	1696.8
20210111015307	1696.8
20210111015307	1696.8
20210111015307	1696.8
20210111015307	1696.8
20210111015307	1696.8
20210111015307	1696.8
20210111015307	1696.8
20210111015307	1696.8
20210111015307	1696.8
20210111015307	1688.65
20210111015307	1688.65
20210111015307	1688.65
20210111015307	1688.65
20210111015307	1688.65
20210111015307	1688.65
20210111015307	1688.65
20210111015307	1688.65
20210111015307	1688.65
20210111015307	1688.65
20210111015307	1688.65
20210111015307	1688.65
20210111015307	1688.65
20210111015307	1688.65
20210111015307	1688.65
20210111015307	1688.65
20210111015307	1688.65
20210111015307	1688.65
20210111015308	1688.65
20210111015308	1688.65
20210111015308	1688.65
20210111015308	1688.65
20210111015308	1688.65
20210111015308	1688.65
20210111015308	1688.65
20210111015308	1688.65
20210111015308	1688.65
20210111015308	1688.65
20210111015308	1688.65
20210111015308	1688.65
20210111015308	1688.65
20210111015308	1688.65
20210111015308	1688.65
20210111015308	1688.65
20210111015308	1688.65
20210111015308	1688.65
20210111015308	1688.65
20210111015308	1688.65
20210111015308	1688.65
20210111015308	1688.65
20210111015308	1688.65
20210111015308	1688.65
20210111015308	1688.65
20210111015308	1688.65
20210111015308	1688.65
20210111015308	1688.65
20210111015308	1688.65
20210111015308	1688.65
20210111015308	1688.65
20210111015308	1688.65
20210111015308	1679.21
20210111015308	1679.21
20210111015308	1679.21
20210111015308	1679.21
20210111015308	1679.21
20210111015309	1679.21
20210111015309	1679.21
20210111015309	1679.21
20210111015309	1679.21
20210111015309	1679.21
20210111015309	1679.21
20210111015309	1679.21
20210111015309	1679.21
20210111015309	1679.21
20210111015309	1679.21
20210111015309	1679.21
20210111015309	1679.21
20210111015309	1679.21
20210111015309	1679.21
20210111015309	1679.21
20210111015309	1679.21
20210111015309	1679.21
20210111015309	1679.21
20210111015309	1679.21
20210111015309	1679.21
20210111015309	1679.21
20210111015309	1679.21
20210111015309	1679.21
20210111015309	1679.21
20210111015309	1679.21
20210111015309	1679.21
20210111015309	1679.21
20210111015309	1679.21
20210111015309	1679.21
20210111015309	1679.21
20210111015309	1679.21
20210111015309	1679.21
20210111015309	1679.21
20210111015309	1679.21
20210111015309	1679.21
20210111015309	1679.21
20210111015309	1679.21
20210111015309	1679.21
20210111015309	1679.21
20210111015309	1679.21
20210111015309	1679.21
20210111015310	1679.21
20210111015310	1679.21
20210111015310	1679.21
20210111015310	1679.21
20210111015310	1671.79
20210111015310	1671.79
20210111015310	1671.79
20210111015310	1671.79
20210111015310	1671.79
20210111015310	1671.79
20210111015310	1671.79
20210111015310	1671.79
20210111015310	1671.79
20210111015310	1671.79
20210111015310	1671.79
20210111015310	1671.79
20210111015310	1671.79
20210111015310	1671.79
20210111015310	1671.79
20210111015310	1671.79
20210111015310	1671.79
20210111015310	1671.79
20210111015310	1671.79
20210111015310	1671.79
20210111015310	1671.79
20210111015310	1671.79
20210111015310	1671.79
20210111015310	1671.79
20210111015310	1671.79
20210111015310	1671.79
20210111015310	1671.79
20210111015310	1671.79
20210111015310	1671.79
20210111015310	1671.79
20210111015310	1671.79
20210111015310	1671.79
20210111015310	1671.79
20210111015310	1671.79
20210111015310	1671.79
20210111015310	1671.79
20210111015310	1671.79
20210111015310	1671.79
20210111015310	1671.79
20210111015310	1671.79
20210111015310	1671.79
20210111015310	1671.79
20210111015311	1671.79
20210111015311	1671.79
20210111015311	1671.79
20210111015311	1671.79
20210111015311	1671.79
20210111015311	1671.79
20210111015311	1671.79
20210111015311	1671.79
20210111015311	1666.3
20210111015311	1666.3
20210111015311	1666.3
20210111015311	1666.3
20210111015311	1666.3
20210111015311	1666.3
20210111015311	1666.3
20210111015311	1666.3
20210111015311	1666.3
20210111015311	1666.3
20210111015311	1666.3
20210111015311	1666.3
20210111015311	1666.3
20210111015311	1666.3
20210111015311	1666.3
20210111015311	1666.3
20210111015311	1666.3
20210111015311	1666.3
20210111015311	1666.3
20210111015311	1666.3
20210111015311	1666.3
20210111015311	1666.3
20210111015311	1666.3
20210111015311	1666.3
20210111015311	1666.3
20210111015311	1666.3
20210111015311	1666.3
20210111015311	1666.3
20210111015311	1666.3
20210111015311	1666.3
20210111015311	1666.3
20210111015311	1666.3
20210111015312	1666.3
20210111015312	1666.3
20210111015312	1666.3
20210111015312	1666.3
20210111015312	1666.3
20210111015312	1666.3
20210111015312	1666.3
20210111015312	1666.3
20210111015312	1666.3
20210111015312	1666.3
20210111015312	1666.3
20210111015312	1666.3
20210111015312	1666.3
20210111015312	1666.3
20210111015312	1666.3
20210111015312	1666.3
20210111015312	1666.3
20210111015312	1666.3
20210111015312	1661.65
20210111015312	1661.65
20210111015312	1661.65
20210111015312	1661.65
20210111015312	1661.65
20210111015312	1661.65
20210111015312	1661.65
20210111015312	1661.65
20210111015312	1661.65
20210111015312	1661.65
20210111015312	1661.65
20210111015312	1661.65
20210111015312	1661.65
20210111015312	1661.65
20210111015312	1661.65
20210111015312	1661.65
20210111015312	1661.65
20210111015312	1661.65
20210111015312	1661.65
20210111015312	1661.65
20210111015312	1661.65
20210111015312	1661.65
20210111015312	1661.65
20210111015313	1661.65
20210111015313	1661.65
20210111015313	1661.65
20210111015313	1661.65
20210111015313	1661.65
20210111015313	1661.65
20210111015313	1661.65
20210111015313	1661.65
20210111015313	1661.65
20210111015313	1661.65
20210111015313	1661.65
20210111015313	1661.65
20210111015313	1661.65
20210111015313	1661.65
20210111015313	1661.65
20210111015313	1661.65
20210111015313	1661.65
20210111015313	1661.65
20210111015313	1661.65
20210111015313	1661.65
20210111015313	1661.65
20210111015313	1661.65
20210111015313	1661.65
20210111015313	1661.65
20210111015313	1661.65
20210111015313	1661.65
20210111015313	1661.65
20210111015313	1656.66
20210111015313	1656.66
20210111015313	1656.66
20210111015313	1656.66
20210111015313	1656.66
20210111015313	1656.66
20210111015313	1656.66
20210111015313	1656.66
20210111015313	1656.66
20210111015313	1656.66
20210111015313	1656.66
20210111015313	1656.66
20210111015313	1656.66
20210111015313	1656.66
20210111015313	1656.66
20210111015313	1656.66
20210111015313	1656.66
20210111015313	1656.66
20210111015313	1656.66
20210111015313	1656.66
20210111015313	1656.66
20210111015313	1656.66
20210111015314	1656.66
20210111015314	1656.66
20210111015314	1656.66
20210111015314	1656.66
20210111015314	1656.66
20210111015314	1656.66
20210111015314	1656.66
20210111015314	1656.66
20210111015314	1656.66
20210111015314	1656.66
20210111015314	1656.66
20210111015314	1656.66
20210111015314	1656.66
20210111015314	1656.66
20210111015314	1656.66
20210111015314	1656.66
20210111015314	1656.66
20210111015314	1656.66
20210111015314	1656.66
20210111015314	1656.66
20210111015314	1656.66
20210111015314	1656.66
20210111015314	1656.66
20210111015314	1656.66
20210111015314	1656.66
20210111015314	1656.66
20210111015314	1656.66
20210111015314	1656.66
20210111015314	1645.7
20210111015314	1645.7
20210111015314	1645.7
20210111015315	1645.7
20210111015315	1645.7
20210111015315	1645.7
20210111015315	1645.7
20210111015315	1645.7
20210111015315	1645.7
20210111015315	1645.7
20210111015315	1645.7
20210111015315	1645.7
20210111015315	1645.7
20210111015315	1645.7
20210111015315	1645.7
20210111015315	1645.7
20210111015315	1645.7
20210111015315	1645.7
20210111015315	1645.7
20210111015315	1645.7
20210111015315	1645.7
20210111015315	1645.7
20210111015315	1645.7
20210111015315	1645.7
20210111015315	1645.7
20210111015315	1645.7
20210111015315	1645.7
20210111015315	1645.7
20210111015315	1645.7
20210111015315	1645.7
20210111015315	1645.7
20210111015315	1645.7
20210111015315	1645.7
20210111015315	1645.7
20210111015315	1645.7
20210111015315	1645.7
20210111015315	1645.7
20210111015315	1645.7
20210111015315	1645.7
20210111015315	1645.7
20210111015315	1645.7
20210111015315	1645.7
20210111015315	1645.7
20210111015315	1645.7
20210111015315	1645.7
20210111015315	1645.7
20210111015315	1645.7
20210111015315	1645.7
20210111015315	1645.7
20210111015315	1645.7
20210111015315	1628.35
20210111015315	1628.35
20210111015315	1628.35
20210111015316	1628.35
20210111015316	1628.35
20210111015316	1628.35
20210111015316	1628.35
20210111015316	1628.35
20210111015316	1628.35
20210111015316	1628.35
20210111015316	1628.35
20210111015316	1628.35
20210111015316	1628.35
20210111015316	1628.35
20210111015316	1628.35
20210111015316	1628.35
20210111015316	1628.35
20210111015316	1628.35
20210111015316	1628.35
20210111015316	1628.35
20210111015316	1628.35
20210111015316	1628.35
20210111015316	1628.35
20210111015316	1628.35
20210111015316	1628.35
20210111015317	1628.35
20210111015317	1628.35
20210111015317	1628.35
20210111015317	1628.35
20210111015317	1628.35
20210111015317	1628.35
20210111015317	1628.35
20210111015317	1628.35
20210111015317	1628.35
20210111015317	1628.35
20210111015317	1628.35
20210111015317	1628.35
20210111015317	1628.35
20210111015317	1628.35
20210111015317	1628.35
20210111015317	1628.35
20210111015317	1628.35
20210111015317	1628.35
20210111015317	1628.35
20210111015317	1628.35
20210111015317	1628.35
20210111015317	1628.35
20210111015317	1628.35
20210111015317	1628.35
20210111015317	1628.35
20210111015317	1615.68
20210111015317	1615.68
20210111015317	1615.68
20210111015317	1615.68
20210111015318	1615.68
20210111015318	1615.68
20210111015318	1615.68
20210111015318	1615.68
20210111015318	1615.68
20210111015318	1615.68
20210111015318	1615.68
20210111015318	1615.68
20210111015318	1615.68
20210111015318	1615.68
20210111015318	1615.68
20210111015318	1615.68
20210111015318	1615.68
20210111015318	1615.68
20210111015318	1615.68
20210111015318	1615.68
20210111015318	1615.68
20210111015318	1615.68
20210111015318	1615.68
20210111015318	1615.68
20210111015318	1615.68
20210111015318	1615.68
20210111015318	1615.68
20210111015318	1615.68
20210111015318	1615.68
20210111015318	1615.68
20210111015318	1615.68
20210111015318	1615.68
20210111015318	1615.68
20210111015318	1615.68
20210111015318	1615.68
20210111015318	1615.68
20210111015318	1615.68
20210111015318	1615.68
20210111015318	1615.68
20210111015318	1615.68
20210111015318	1615.68
20210111015318	1615.68
20210111015318	1615.68
20210111015318	1615.68
20210111015318	1615.68
20210111015318	1615.68
20210111015318	1615.68
20210111015318	1615.68
20210111015318	1615.68
20210111015318	1615.68
20210111015318	1606.85
20210111015318	1606.85
20210111015318	1606.85
20210111015318	1606.85
20210111015318	1606.85
20210111015319	1606.85
20210111015319	1606.85
20210111015319	1606.85
20210111015319	1606.85
20210111015319	1606.85
20210111015319	1606.85
20210111015319	1606.85
20210111015319	1606.85
20210111015319	1606.85
20210111015319	1606.85
20210111015319	1606.85
20210111015319	1606.85
20210111015319	1606.85
20210111015319	1606.85
20210111015319	1606.85
20210111015319	1606.85
20210111015319	1606.85
20210111015319	1606.85
20210111015319	1606.85
20210111015319	1606.85
20210111015319	1606.85
20210111015319	1606.85
20210111015319	1606.85
20210111015319	1606.85
20210111015319	1606.85
20210111015319	1606.85
20210111015319	1606.85
20210111015319	1606.85
20210111015319	1606.85
20210111015319	1606.85
20210111015319	1606.85
20210111015319	1606.85
20210111015319	1606.85
20210111015319	1606.85
20210111015319	1606.85
20210111015319	1606.85
20210111015319	1606.85
20210111015319	1606.85
20210111015319	1606.85
20210111015319	1606.85
20210111015319	1606.85
20210111015319	1606.85
20210111015319	1606.85
20210111015319	1599.66
20210111015319	1599.66
20210111015319	1599.66
20210111015319	1599.66
20210111015319	1599.66
20210111015319	1599.66
20210111015319	1599.66
20210111015319	1599.66
20210111015319	1599.66
20210111015320	1599.66
20210111015320	1599.66
20210111015320	1599.66
20210111015320	1599.66
20210111015320	1599.66
20210111015320	1599.66
20210111015320	1599.66
20210111015320	1599.66
20210111015320	1599.66
20210111015320	1599.66
20210111015320	1599.66
20210111015320	1599.66
20210111015320	1599.66
20210111015320	1599.66
20210111015320	1599.66
20210111015320	1599.66
20210111015320	1599.66
20210111015320	1599.66
20210111015320	1599.66
20210111015320	1599.66
20210111015320	1599.66
20210111015320	1599.66
20210111015320	1599.66
20210111015320	1599.66
20210111015320	1599.66
20210111015320	1599.66
20210111015320	1599.66
20210111015320	1599.66
20210111015320	1599.66
20210111015320	1599.66
20210111015320	1599.66
20210111015320	1599.66
20210111015320	1599.66
20210111015320	1599.66
20210111015320	1599.66
20210111015320	1599.66
20210111015320	1599.66
20210111015320	1599.66
20210111015320	1599.66
20210111015320	1599.66
20210111015320	1599.66
20210111015320	1599.66
20210111015320	1599.66
20210111015320	1592.2
20210111015320	1592.2
20210111015320	1592.2
20210111015320	1592.2
20210111015320	1592.2
20210111015320	1592.2
20210111015321	1592.2
20210111015321	1592.2
20210111015321	1592.2
20210111015321	1592.2
20210111015321	1592.2
20210111015321	1592.2
20210111015321	1592.2
20210111015321	1592.2
20210111015321	1592.2
20210111015321	1592.2
20210111015321	1592.2
20210111015321	1592.2
20210111015321	1592.2
20210111015321	1592.2
20210111015321	1592.2
20210111015321	1592.2
20210111015321	1592.2
20210111015321	1592.2
20210111015321	1592.2
20210111015321	1592.2
20210111015321	1592.2
20210111015321	1592.2
20210111015321	1592.2
20210111015321	1592.2
20210111015321	1592.2
20210111015321	1592.2
20210111015321	1592.2
20210111015321	1592.2
20210111015321	1592.2
20210111015321	1592.2
20210111015321	1592.2
20210111015322	1592.2
20210111015322	1592.2
20210111015322	1592.2
20210111015322	1592.2
20210111015322	1592.2
20210111015322	1592.2
20210111015322	1592.2
20210111015322	1592.2
20210111015322	1592.2
20210111015322	1592.2
20210111015322	1592.2
20210111015322	1592.2
20210111015322	1592.2
20210111015322	1588.93
20210111015322	1588.93
20210111015322	1588.93
20210111015322	1588.93
20210111015322	1588.93
20210111015322	1588.93
20210111015322	1588.93
20210111015322	1588.93
20210111015322	1588.93
20210111015322	1588.93
20210111015322	1588.93
20210111015322	1588.93
20210111015322	1588.93
20210111015322	1588.93
20210111015322	1588.93
20210111015322	1588.93
20210111015322	1588.93
20210111015322	1588.93
20210111015322	1588.93
20210111015322	1588.93
20210111015322	1588.93
20210111015322	1588.93
20210111015322	1588.93
20210111015322	1588.93
20210111015322	1588.93
20210111015322	1588.93
20210111015322	1588.93
20210111015322	1588.93
20210111015322	1588.93
20210111015322	1588.93
20210111015322	1588.93
20210111015322	1588.93
20210111015322	1588.93
20210111015322	1588.93
20210111015322	1588.93
20210111015322	1588.93
20210111015322	1588.93
20210111015322	1588.93
20210111015322	1588.93
20210111015322	1588.93
20210111015322	1588.93
20210111015322	1588.93
20210111015322	1588.93
20210111015322	1588.93
20210111015322	1588.93
20210111015322	1588.93
20210111015322	1588.93
20210111015322	1588.93
20210111015322	1588.93
20210111015322	1588.93
20210111015322	1584.61
20210111015322	1584.61
20210111015322	1584.61
20210111015322	1584.61
20210111015323	1584.61
20210111015323	1584.61
20210111015323	1584.61
20210111015323	1584.61
20210111015323	1584.61
20210111015323	1584.61
20210111015323	1584.61
20210111015323	1584.61
20210111015323	1584.61
20210111015323	1584.61
20210111015323	1584.61
20210111015323	1584.61
20210111015323	1584.61
20210111015323	1584.61
20210111015323	1584.61
20210111015323	1584.61
20210111015323	1584.61
20210111015323	1584.61
20210111015323	1584.61
20210111015323	1584.61
20210111015323	1584.61
20210111015323	1584.61
20210111015323	1584.61
20210111015323	1584.61
20210111015323	1584.61
20210111015323	1584.61
20210111015323	1584.61
20210111015323	1584.61
20210111015323	1584.61
20210111015323	1584.61
20210111015323	1584.61
20210111015323	1584.61
20210111015323	1584.61
20210111015323	1584.61
20210111015323	1584.61
20210111015323	1584.61
20210111015323	1584.61
20210111015323	1584.61
20210111015324	1584.61
20210111015324	1584.61
20210111015324	1584.61
20210111015324	1584.61
20210111015324	1584.61
20210111015324	1584.61
20210111015324	1584.61
20210111015324	1579.39
20210111015324	1579.39
20210111015324	1579.39
20210111015324	1579.39
20210111015324	1579.39
20210111015324	1579.39
20210111015324	1579.39
20210111015324	1579.39
20210111015324	1579.39
20210111015324	1579.39
20210111015324	1579.39
20210111015324	1579.39
20210111015324	1579.39
20210111015324	1579.39
20210111015324	1579.39
20210111015324	1579.39
20210111015324	1579.39
20210111015324	1579.39
20210111015324	1579.39
20210111015324	1579.39
20210111015324	1579.39
20210111015324	1579.39
20210111015324	1579.39
20210111015324	1579.39
20210111015324	1579.39
20210111015324	1579.39
20210111015324	1579.39
20210111015324	1579.39
20210111015324	1579.39
20210111015324	1579.39
20210111015324	1579.39
20210111015324	1579.39
20210111015324	1579.39
20210111015324	1579.39
20210111015324	1579.39
20210111015324	1579.39
20210111015324	1579.39
20210111015324	1579.39
20210111015324	1579.39
20210111015324	1579.39
20210111015324	1579.39
20210111015324	1579.39
20210111015324	1579.39
20210111015324	1579.39
20210111015325	1579.39
20210111015325	1579.39
20210111015325	1579.39
20210111015325	1579.39
20210111015325	1579.39
20210111015325	1579.39
20210111015325	1579.39
20210111015325	1576.57
20210111015325	1576.57
20210111015325	1576.57
20210111015325	1576.57
20210111015325	1576.57
20210111015325	1576.57
20210111015325	1576.57
20210111015325	1576.57
20210111015325	1576.57
20210111015325	1576.57
20210111015325	1576.57
20210111015325	1576.57
20210111015325	1576.57
20210111015325	1576.57
20210111015325	1576.57
20210111015325	1576.57
20210111015325	1576.57
20210111015325	1576.57
20210111015325	1576.57
20210111015325	1576.57
20210111015325	1576.57
20210111015325	1576.57
20210111015326	1576.57
20210111015326	1576.57
20210111015326	1576.57
20210111015326	1576.57
20210111015326	1576.57
20210111015326	1576.57
20210111015326	1576.57
20210111015326	1576.57
20210111015326	1576.57
20210111015326	1576.57
20210111015326	1576.57
20210111015326	1576.57
20210111015326	1576.57
20210111015326	1576.57
20210111015326	1576.57
20210111015326	1576.57
20210111015326	1576.57
20210111015326	1576.57
20210111015326	1576.57
20210111015326	1576.57
20210111015326	1576.57
20210111015326	1576.57
20210111015326	1576.57
20210111015326	1576.57
20210111015326	1576.57
20210111015326	1576.57
20210111015326	1576.57
20210111015326	1576.57
20210111015326	1571.31
20210111015326	1571.31
20210111015326	1571.31
20210111015326	1571.31
20210111015326	1571.31
20210111015326	1571.31
20210111015326	1571.31
20210111015326	1571.31
20210111015326	1571.31
20210111015326	1571.31
20210111015326	1571.31
20210111015326	1571.31
20210111015326	1571.31
20210111015326	1571.31
20210111015326	1571.31
20210111015326	1571.31
20210111015326	1571.31
20210111015326	1571.31
20210111015326	1571.31
20210111015326	1571.31
20210111015326	1571.31
20210111015327	1571.31
20210111015327	1571.31
20210111015327	1571.31
20210111015327	1571.31
20210111015327	1571.31
20210111015327	1571.31
20210111015327	1571.31
20210111015327	1571.31
20210111015327	1571.31
20210111015327	1571.31
20210111015327	1571.31
20210111015327	1571.31
20210111015327	1571.31
20210111015327	1571.31
20210111015327	1571.31
20210111015327	1571.31
20210111015327	1571.31
20210111015327	1571.31
20210111015327	1571.31
20210111015327	1571.31
20210111015327	1571.31
20210111015327	1571.31
20210111015327	1571.31
20210111015327	1571.31
20210111015327	1571.31
20210111015327	1571.31
20210111015327	1571.31
20210111015327	1571.31
20210111015327	1571.31
20210111015327	1560.58
20210111015327	1560.58
20210111015328	1560.58
20210111015328	1560.58
20210111015328	1560.58
20210111015328	1560.58
20210111015328	1560.58
20210111015328	1560.58
20210111015328	1560.58
20210111015328	1560.58
20210111015328	1560.58
20210111015328	1560.58
20210111015328	1560.58
20210111015328	1560.58
20210111015328	1560.58
20210111015328	1560.58
20210111015328	1560.58
20210111015328	1560.58
20210111015328	1560.58
20210111015328	1560.58
20210111015328	1560.58
20210111015328	1560.58
20210111015328	1560.58
20210111015328	1560.58
20210111015328	1560.58
20210111015328	1560.58
20210111015328	1560.58
20210111015328	1560.58
20210111015328	1560.58
20210111015328	1560.58
20210111015328	1560.58
20210111015328	1560.58
20210111015328	1560.58
20210111015328	1560.58
20210111015328	1560.58
20210111015328	1560.58
20210111015328	1560.58
20210111015328	1560.58
20210111015328	1560.58
20210111015328	1560.58
20210111015328	1560.58
20210111015328	1560.58
20210111015329	1560.58
20210111015329	1560.58
20210111015329	1560.58
20210111015329	1560.58
20210111015329	1560.58
20210111015329	1560.58
20210111015329	1560.58
20210111015329	1560.58
20210111015329	1549.19
20210111015329	1549.19
20210111015329	1549.19
20210111015329	1549.19
20210111015329	1549.19
20210111015329	1549.19
20210111015329	1549.19
20210111015329	1549.19
20210111015329	1549.19
20210111015329	1549.19
20210111015329	1549.19
20210111015329	1549.19
20210111015329	1549.19
20210111015329	1549.19
20210111015329	1549.19
20210111015329	1549.19
20210111015329	1549.19
20210111015329	1549.19
20210111015329	1549.19
20210111015329	1549.19
20210111015329	1549.19
20210111015329	1549.19
20210111015329	1549.19
20210111015330	1549.19
20210111015330	1549.19
20210111015330	1549.19
20210111015330	1549.19
20210111015330	1549.19
20210111015330	1549.19
20210111015330	1549.19
20210111015330	1549.19
20210111015330	1549.19
20210111015330	1549.19
20210111015330	1549.19
20210111015330	1549.19
20210111015330	1549.19
20210111015330	1549.19
20210111015330	1549.19
20210111015330	1549.19
20210111015330	1549.19
20210111015330	1549.19
20210111015330	1549.19
20210111015330	1549.19
20210111015330	1549.19
20210111015330	1549.19
20210111015330	1549.19
20210111015330	1549.19
20210111015330	1549.19
20210111015330	1549.19
20210111015330	1549.19
20210111015330	1540.08
20210111015330	1540.08
20210111015330	1540.08
20210111015330	1540.08
20210111015330	1540.08
20210111015330	1540.08
20210111015330	1540.08
20210111015331	1540.08
20210111015331	1540.08
20210111015331	1540.08
20210111015331	1540.08
20210111015331	1540.08
20210111015331	1540.08
20210111015331	1540.08
20210111015331	1540.08
20210111015331	1540.08
20210111015331	1540.08
20210111015331	1540.08
20210111015331	1540.08
20210111015331	1540.08
20210111015331	1540.08
20210111015331	1540.08
20210111015331	1540.08
20210111015331	1540.08
20210111015331	1540.08
20210111015331	1540.08
20210111015331	1540.08
20210111015331	1540.08
20210111015331	1540.08
20210111015331	1540.08
20210111015331	1540.08
20210111015331	1540.08
20210111015331	1540.08
20210111015331	1540.08
20210111015331	1540.08
20210111015331	1540.08
20210111015331	1540.08
20210111015331	1540.08
20210111015331	1540.08
20210111015331	1540.08
20210111015331	1540.08
20210111015331	1540.08
20210111015331	1540.08
20210111015331	1540.08
20210111015331	1540.08
20210111015331	1540.08
20210111015331	1540.08
20210111015331	1540.08
20210111015331	1540.08
20210111015331	1540.08
20210111015331	1532.58
20210111015331	1532.58
20210111015331	1532.58
20210111015331	1532.58
20210111015331	1532.58
20210111015331	1532.58
20210111015331	1532.58
20210111015331	1532.58
20210111015331	1532.58
20210111015331	1532.58
20210111015331	1532.58
20210111015331	1532.58
20210111015331	1532.58
20210111015331	1532.58
20210111015331	1532.58
20210111015331	1532.58
20210111015331	1532.58
20210111015331	1532.58
20210111015331	1532.58
20210111015331	1532.58
20210111015331	1532.58
20210111015332	1532.58
20210111015332	1532.58
20210111015332	1532.58
20210111015332	1532.58
20210111015332	1532.58
20210111015332	1532.58
20210111015332	1532.58
20210111015332	1532.58
20210111015332	1532.58
20210111015332	1532.58
20210111015332	1532.58
20210111015332	1532.58
20210111015332	1532.58
20210111015332	1532.58
20210111015332	1532.58
20210111015332	1532.58
20210111015332	1532.58
20210111015332	1532.58
20210111015332	1532.58
20210111015332	1532.58
20210111015332	1532.58
20210111015332	1532.58
20210111015332	1532.58
20210111015332	1532.58
20210111015332	1532.58
20210111015332	1532.58
20210111015332	1532.58
20210111015332	1532.58
20210111015332	1532.58
20210111015332	1531.17
20210111015332	1531.17
20210111015332	1531.17
20210111015332	1531.17
20210111015332	1531.17
20210111015332	1531.17
20210111015332	1531.17
20210111015332	1531.17
20210111015332	1531.17
20210111015332	1531.17
20210111015332	1531.17
20210111015333	1531.17
20210111015333	1531.17
20210111015333	1531.17
20210111015333	1531.17
20210111015333	1531.17
20210111015333	1531.17
20210111015333	1531.17
20210111015333	1531.17
20210111015333	1531.17
20210111015333	1531.17
20210111015333	1531.17
20210111015333	1531.17
20210111015333	1531.17
20210111015333	1531.17
20210111015333	1531.17
20210111015333	1531.17
20210111015333	1531.17
20210111015333	1531.17
20210111015333	1531.17
20210111015333	1531.17
20210111015333	1531.17
20210111015333	1531.17
20210111015333	1531.17
20210111015333	1531.17
20210111015333	1531.17
20210111015333	1531.17
20210111015333	1531.17
20210111015333	1531.17
20210111015333	1531.17
20210111015333	1531.17
20210111015333	1531.17
20210111015333	1531.17
20210111015333	1531.17
20210111015333	1531.17
20210111015333	1531.17
20210111015333	1531.17
20210111015333	1531.17
20210111015333	1531.17
20210111015333	1531.17
20210111015333	1531.46
20210111015333	1531.46
20210111015333	1531.46
20210111015334	1531.46
20210111015334	1531.46
20210111015334	1531.46
20210111015334	1531.46
20210111015334	1531.46
20210111015334	1531.46
20210111015334	1531.46
20210111015334	1531.46
20210111015334	1531.46
20210111015334	1531.46
20210111015334	1531.46
20210111015334	1531.46
20210111015334	1531.46
20210111015334	1531.46
20210111015334	1531.46
20210111015334	1531.46
20210111015334	1531.46
20210111015334	1531.46
20210111015334	1531.46
20210111015334	1531.46
20210111015334	1531.46
20210111015334	1531.46
20210111015334	1531.46
20210111015334	1531.46
20210111015334	1531.46
20210111015334	1531.46
20210111015334	1531.46
20210111015334	1531.46
20210111015334	1531.46
20210111015334	1531.46
20210111015334	1531.46
20210111015334	1531.46
20210111015334	1531.46
20210111015334	1531.46
20210111015334	1531.46
20210111015334	1531.46
20210111015334	1531.46
20210111015334	1531.46
20210111015334	1531.46
20210111015334	1531.46
20210111015334	1531.46
20210111015334	1531.46
20210111015334	1531.46
20210111015334	1531.46
20210111015334	1531.46
20210111015334	1531.46
20210111015335	1531.46
20210111015335	1528.61
20210111015335	1528.61
20210111015335	1528.61
20210111015335	1528.61
20210111015335	1528.61
20210111015335	1528.61
20210111015335	1528.61
20210111015335	1528.61
20210111015335	1528.61
20210111015335	1528.61
20210111015335	1528.61
20210111015335	1528.61
20210111015335	1528.61
20210111015335	1528.61
20210111015335	1528.61
20210111015335	1528.61
20210111015335	1528.61
20210111015335	1528.61
20210111015335	1528.61
20210111015335	1528.61
20210111015335	1528.61
20210111015335	1528.61
20210111015335	1528.61
20210111015335	1528.61
20210111015335	1528.61
20210111015336	1528.61
20210111015336	1528.61
20210111015336	1528.61
20210111015336	1528.61
20210111015336	1528.61
20210111015336	1528.61
20210111015336	1528.61
20210111015336	1528.61
20210111015336	1528.61
20210111015336	1528.61
20210111015336	1528.61
20210111015336	1528.61
20210111015336	1528.61
20210111015336	1528.61
20210111015336	1528.61
20210111015336	1528.61
20210111015336	1528.61
20210111015336	1528.61
20210111015336	1528.61
20210111015336	1528.61
20210111015336	1528.61
20210111015336	1528.61
20210111015336	1528.61
20210111015336	1528.61
20210111015336	1528.61
20210111015336	1526.25
20210111015336	1526.25
20210111015336	1526.25
20210111015336	1526.25
20210111015336	1526.25
20210111015336	1526.25
20210111015336	1526.25
20210111015336	1526.25
20210111015336	1526.25
20210111015336	1526.25
20210111015336	1526.25
20210111015336	1526.25
20210111015336	1526.25
20210111015336	1526.25
20210111015336	1526.25
20210111015336	1526.25
20210111015336	1526.25
20210111015336	1526.25
20210111015336	1526.25
20210111015336	1526.25
20210111015336	1526.25
20210111015336	1526.25
20210111015337	1526.25
20210111015337	1526.25
20210111015337	1526.25
20210111015337	1526.25
20210111015337	1526.25
20210111015337	1526.25
20210111015337	1526.25
20210111015337	1526.25
20210111015337	1526.25
20210111015337	1526.25
20210111015337	1526.25
20210111015337	1526.25
20210111015337	1526.25
20210111015337	1526.25
20210111015337	1526.25
20210111015337	1526.25
20210111015337	1526.25
20210111015337	1526.25
20210111015337	1526.25
20210111015337	1526.25
20210111015337	1526.25
20210111015337	1526.25
20210111015337	1526.25
20210111015337	1526.25
20210111015337	1526.25
20210111015337	1526.25
20210111015337	1526.25
20210111015337	1526.25
20210111015337	1525.04
20210111015337	1525.04
20210111015337	1525.04
20210111015337	1525.04
20210111015337	1525.04
20210111015338	1525.04
20210111015338	1525.04
20210111015338	1525.04
20210111015338	1525.04
20210111015338	1525.04
20210111015338	1525.04
20210111015338	1525.04
20210111015338	1525.04
20210111015338	1525.04
20210111015338	1525.04
20210111015338	1525.04
20210111015338	1525.04
20210111015338	1525.04
20210111015338	1525.04
20210111015338	1525.04
20210111015338	1525.04
20210111015338	1525.04
20210111015338	1525.04
20210111015338	1525.04
20210111015338	1525.04
20210111015338	1525.04
20210111015338	1525.04
20210111015338	1525.04
20210111015338	1525.04
20210111015338	1525.04
20210111015338	1525.04
20210111015338	1525.04
20210111015338	1525.04
20210111015338	1525.04
20210111015338	1525.04
20210111015338	1525.04
20210111015338	1525.04
20210111015338	1525.04
20210111015338	1525.04
20210111015338	1525.04
20210111015338	1525.04
20210111015338	1525.04
20210111015338	1525.04
20210111015338	1525.04
20210111015338	1525.04
20210111015338	1525.04
20210111015338	1525.04
20210111015338	1525.04
20210111015338	1525.04
20210111015338	1525.04
20210111015338	1526.4
20210111015338	1526.4
20210111015338	1526.4
20210111015339	1526.4
20210111015339	1526.4
20210111015339	1526.4
20210111015339	1526.4
20210111015339	1526.4
20210111015339	1526.4
20210111015339	1526.4
20210111015339	1526.4
20210111015339	1526.4
20210111015339	1526.4
20210111015339	1526.4
20210111015339	1526.4
20210111015339	1526.4
20210111015339	1526.4
20210111015339	1526.4
20210111015339	1526.4
20210111015339	1526.4
20210111015339	1526.4
20210111015339	1526.4
20210111015339	1526.4
20210111015339	1526.4
20210111015339	1526.4
20210111015339	1526.4
20210111015339	1526.4
20210111015339	1526.4
20210111015339	1526.4
20210111015339	1526.4
20210111015339	1526.4
20210111015339	1526.4
20210111015339	1526.4
20210111015339	1526.4
20210111015339	1526.4
20210111015339	1526.4
20210111015339	1526.4
20210111015339	1526.4
20210111015339	1526.4
20210111015339	1526.4
20210111015339	1526.4
20210111015339	1526.4
20210111015339	1526.4
20210111015339	1526.4
20210111015339	1526.4
20210111015339	1526.4
20210111015339	1526.4
20210111015339	1526.4
20210111015339	1526.4
20210111015339	1526.4
20210111015339	1528.63
20210111015339	1528.63
20210111015339	1528.63
20210111015339	1528.63
20210111015339	1528.63
20210111015339	1528.63
20210111015339	1528.63
20210111015339	1528.63
20210111015339	1528.63
20210111015339	1528.63
20210111015339	1528.63
20210111015339	1528.63
20210111015339	1528.63
20210111015340	1528.63
20210111015340	1528.63
20210111015340	1528.63
20210111015340	1528.63
20210111015340	1528.63
20210111015340	1528.63
20210111015340	1528.63
20210111015340	1528.63
20210111015340	1528.63
20210111015340	1528.63
20210111015340	1528.63
20210111015340	1528.63
20210111015340	1528.63
20210111015340	1528.63
20210111015340	1528.63
20210111015340	1528.63
20210111015340	1528.63
20210111015340	1528.63
20210111015340	1528.63
20210111015340	1528.63
20210111015340	1528.63
20210111015340	1528.63
20210111015340	1528.63
20210111015340	1528.63
20210111015340	1528.63
20210111015340	1528.63
20210111015340	1528.63
20210111015340	1528.63
20210111015340	1528.63
20210111015340	1528.63
20210111015340	1528.63
20210111015340	1528.63
20210111015340	1528.63
20210111015340	1528.63
20210111015340	1528.63
20210111015340	1528.63
20210111015340	1529.76
20210111015340	1529.76
20210111015340	1529.76
20210111015340	1529.76
20210111015340	1529.76
20210111015340	1529.76
20210111015340	1529.76
20210111015340	1529.76
20210111015341	1529.76
20210111015341	1529.76
20210111015341	1529.76
20210111015341	1529.76
20210111015341	1529.76
20210111015341	1529.76
20210111015341	1529.76
20210111015341	1529.76
20210111015341	1529.76
20210111015341	1529.76
20210111015341	1529.76
20210111015341	1529.76
20210111015341	1529.76
20210111015341	1529.76
20210111015341	1529.76
20210111015341	1529.76
20210111015341	1529.76
20210111015341	1529.76
20210111015341	1529.76
20210111015341	1529.76
20210111015341	1529.76
20210111015341	1529.76
20210111015341	1529.76
20210111015341	1529.76
20210111015341	1529.76
20210111015341	1529.76
20210111015341	1529.76
20210111015341	1529.76
20210111015341	1529.76
20210111015341	1529.76
20210111015341	1529.76
20210111015342	1529.76
20210111015342	1529.76
20210111015342	1529.76
20210111015342	1529.76
20210111015342	1529.76
20210111015342	1529.76
20210111015342	1529.76
20210111015342	1529.76
20210111015342	1529.76
20210111015342	1529.76
20210111015342	1529.76
20210111015342	1529.76
20210111015342	1528.87
20210111015342	1528.87
20210111015342	1528.87
20210111015342	1528.87
20210111015342	1528.87
20210111015342	1528.87
20210111015342	1528.87
20210111015342	1528.87
20210111015342	1528.87
20210111015342	1528.87
20210111015342	1528.87
20210111015342	1528.87
20210111015342	1528.87
20210111015342	1528.87
20210111015342	1528.87
20210111015342	1528.87
20210111015342	1528.87
20210111015342	1528.87
20210111015342	1528.87
20210111015342	1528.87
20210111015342	1528.87
20210111015342	1528.87
20210111015342	1528.87
20210111015342	1528.87
20210111015342	1528.87
20210111015342	1528.87
20210111015342	1528.87
20210111015342	1528.87
20210111015342	1528.87
20210111015342	1528.87
20210111015342	1528.87
20210111015342	1528.87
20210111015342	1528.87
20210111015342	1528.87
20210111015342	1528.87
20210111015342	1528.87
20210111015342	1528.87
20210111015342	1528.87
20210111015342	1528.87
20210111015342	1528.87
20210111015342	1528.87
20210111015342	1528.87
20210111015342	1528.87
20210111015342	1528.87
20210111015342	1528.87
20210111015342	1528.87
20210111015342	1528.87
20210111015342	1528.87
20210111015342	1528.87
20210111015342	1528.87
20210111015342	1529.54
20210111015342	1529.54
20210111015342	1529.54
20210111015342	1529.54
20210111015342	1529.54
20210111015342	1529.54
20210111015343	1529.54
20210111015343	1529.54
20210111015343	1529.54
20210111015343	1529.54
20210111015343	1529.54
20210111015343	1529.54
20210111015343	1529.54
20210111015343	1529.54
20210111015343	1529.54
20210111015343	1529.54
20210111015343	1529.54
20210111015343	1529.54
20210111015343	1529.54
20210111015343	1529.54
20210111015343	1529.54
20210111015343	1529.54
20210111015343	1529.54
20210111015343	1529.54
20210111015343	1529.54
20210111015343	1529.54
20210111015343	1529.54
20210111015343	1529.54
20210111015343	1529.54
20210111015343	1529.54
20210111015343	1529.54
20210111015343	1529.54
20210111015343	1529.54
20210111015343	1529.54
20210111015343	1529.54
20210111015343	1529.54
20210111015343	1529.54
20210111015343	1529.54
20210111015343	1529.54
20210111015343	1529.54
20210111015343	1529.54
20210111015343	1529.54
20210111015343	1529.54
20210111015343	1529.54
20210111015343	1529.54
20210111015343	1529.54
20210111015343	1529.54
20210111015343	1529.54
20210111015343	1529.54
20210111015343	1529.54
20210111015343	1527.97
20210111015343	1527.97
20210111015343	1527.97
20210111015343	1527.97
20210111015344	1527.97
20210111015344	1527.97
20210111015344	1527.97
20210111015344	1527.97
20210111015344	1527.97
20210111015344	1527.97
20210111015344	1527.97
20210111015344	1527.97
20210111015344	1527.97
20210111015344	1527.97
20210111015344	1527.97
20210111015344	1527.97
20210111015344	1527.97
20210111015344	1527.97
20210111015344	1527.97
20210111015344	1527.97
20210111015344	1527.97
20210111015344	1527.97
20210111015344	1527.97
20210111015344	1527.97
20210111015344	1527.97
20210111015344	1527.97
20210111015344	1527.97
20210111015344	1527.97
20210111015344	1527.97
20210111015344	1527.97
20210111015344	1527.97
20210111015344	1527.97
20210111015344	1527.97
20210111015344	1527.97
20210111015344	1527.97
20210111015344	1527.97
20210111015344	1527.97
20210111015344	1527.97
20210111015344	1527.97
20210111015344	1527.97
20210111015344	1527.97
20210111015344	1527.97
20210111015344	1527.97
20210111015344	1527.97
20210111015344	1527.97
20210111015344	1527.97
20210111015344	1527.97
20210111015344	1527.97
20210111015344	1527.97
20210111015344	1527.97
20210111015344	1524.25
20210111015344	1524.25
20210111015344	1524.25
20210111015344	1524.25
20210111015344	1524.25
20210111015344	1524.25
20210111015344	1524.25
20210111015344	1524.25
20210111015344	1524.25
20210111015344	1524.25
20210111015344	1524.25
20210111015344	1524.25
20210111015344	1524.25
20210111015344	1524.25
20210111015344	1524.25
20210111015344	1524.25
20210111015344	1524.25
20210111015344	1524.25
20210111015344	1524.25
20210111015344	1524.25
20210111015344	1524.25
20210111015344	1524.25
20210111015344	1524.25
20210111015345	1524.25
20210111015345	1524.25
20210111015345	1524.25
20210111015345	1524.25
20210111015345	1524.25
20210111015345	1524.25
20210111015345	1524.25
20210111015345	1524.25
20210111015345	1524.25
20210111015345	1524.25
20210111015345	1524.25
20210111015345	1524.25
20210111015345	1524.25
20210111015345	1524.25
20210111015345	1524.25
20210111015345	1524.25
20210111015345	1524.25
20210111015345	1524.25
20210111015345	1524.25
20210111015345	1524.25
20210111015345	1524.25
20210111015345	1524.25
20210111015345	1524.25
20210111015345	1524.25
20210111015345	1524.25
20210111015345	1524.25
20210111015345	1524.25
20210111015345	1524.25
20210111015345	1524.25
20210111015345	1524.25
20210111015345	1524.25
20210111015345	1524.25
20210111015345	1524.25
20210111015345	1524.25
20210111015345	1524.25
20210111015345	1524.25
20210111015345	1524.25
20210111015345	1524.25
20210111015345	1524.25
20210111015345	1524.25
20210111015345	1524.25
20210111015345	1524.25
20210111015345	1524.25
20210111015345	1524.25
20210111015345	1524.25
20210111015345	1524.25
20210111015345	1524.25
20210111015345	1524.25
20210111015345	1524.25
20210111015345	1524.25
20210111015345	1524.25
20210111015345	1524.25
20210111015345	1524.25
20210111015345	1524.25
20210111015345	1524.25
20210111015345	1524.25
20210111015345	1524.25
20210111015345	1524.25
20210111015345	1524.25
20210111015345	1524.25
20210111015345	1524.25
20210111015345	1524.25
20210111015345	1524.25
20210111015345	1524.25
20210111015345	1524.25
20210111015345	1524.25
20210111015345	1524.25
20210111015345	1524.25
20210111015345	1524.25
20210111015345	1524.25
20210111015345	1524.25
20210111015345	1524.25
20210111015345	1524.25
20210111015345	1524.25
20210111015345	1524.25
20210111015346	1524.25
20210111015346	1524.25
20210111015346	1524.25
20210111015346	1524.25
20210111015346	1524.25
20210111015346	1524.25
20210111015346	1524.25
20210111015346	1524.25
20210111015346	1524.25
20210111015346	1524.25
20210111015346	1524.25
20210111015346	1524.25
20210111015346	1524.25
20210111015346	1524.25
20210111015346	1524.25
20210111015346	1524.25
20210111015346	1524.25
20210111015346	1524.25
20210111015346	1524.25
20210111015346	1524.25
20210111015346	1524.25
20210111015346	1524.25
