20210106160226	1000
20210106160226	1000
20210106160226	1000
20210106160226	1000
20210106160226	1000
20210106160226	1000
20210106160226	1000
20210106160226	1000
20210106160226	1000
20210106160226	1000
20210106160226	1000
20210106160226	1000
20210106160226	1000
20210106160226	1000
20210106160226	1000
20210106160226	1000
20210106160226	1000
20210106160226	1000
20210106160226	1000
20210106160226	1000
20210106160226	1000
20210106160226	1000
20210106160226	1000
20210106160226	1000
20210106160226	1000
20210106160226	1000
20210106160226	1000
20210106160226	1000
20210106160226	1000
20210106160226	1000
20210106160226	1000
20210106160226	1000
20210106160226	1000
20210106160226	1000
20210106160226	1000
20210106160226	1000
20210106160226	1000
20210106160226	1000
20210106160226	1000
20210106160226	1000
20210106160226	1000
20210106160226	1000
20210106160226	1000
20210106160226	1000
20210106160226	1000
20210106160226	1000
20210106160226	1000
20210106160226	1000
20210106160226	1000
20210106160226	1000
20210106160226	1000
20210106160226	1000
20210106160226	1000
20210106160226	1000
20210106160226	1000
20210106160226	1000
20210106160226	1000
20210106160226	1000
20210106160226	1000
20210106160226	1000
20210106160226	1000
20210106160226	1000
20210106160226	1000
20210106160226	1000
20210106160226	1000
20210106160226	1000
20210106160226	1000
20210106160226	1000
20210106160226	1000
20210106160226	1000
20210106160226	1000
20210106160226	1000
20210106160226	1000
20210106160226	1000
20210106160226	1000
20210106160226	1000
20210106160226	1000
20210106160226	1000
20210106160226	1000
20210106160226	1000
20210106160226	1000
20210106160226	1000
20210106160226	1000
20210106160226	1000
20210106160226	1000
20210106160226	1000
20210106160226	1000
20210106160226	1000
20210106160226	1000
20210106160226	1000
20210106160227	1000
20210106160227	1000
20210106160227	1000
20210106160227	1000
20210106160227	1000
20210106160227	1000
20210106160227	1000
20210106160227	1000
20210106160227	1000
20210106160227	1000
20210106160227	1000
20210106160227	1000
20210106160227	1000
20210106160227	1000
20210106160227	1000
20210106160227	1000
20210106160227	1000
20210106160227	1000
20210106160227	1000
20210106160227	1000
20210106160227	1000
20210106160227	1000
20210106160227	1000
20210106160227	1000
20210106160227	1000
20210106160227	1000
20210106160227	1000
20210106160227	1000
20210106160227	1000
20210106160227	1000
20210106160227	1000
20210106160227	1000
20210106160227	1000
20210106160227	1000
20210106160227	1000
20210106160227	1000
20210106160227	1000
20210106160227	1000
20210106160227	1000
20210106160227	1000
20210106160227	1000
20210106160227	1000
20210106160227	1000
20210106160227	1000
20210106160227	1000
20210106160227	1000
20210106160227	1000
20210106160227	1000
20210106160227	1000
20210106160227	1000
20210106160227	1000
20210106160227	1000
20210106160227	1000
20210106160228	1000
20210106160228	1000
20210106160228	1000
20210106160228	1000
20210106160228	1000
20210106160228	1000
20210106160228	1000
20210106160228	1000
20210106160228	1000
20210106160228	1000
20210106160228	1000
20210106160228	1000
20210106160228	1000
20210106160228	1000
20210106160228	1000
20210106160228	1000
20210106160228	1000
20210106160228	1000
20210106160228	1000
20210106160228	1000
20210106160228	1000
20210106160228	1000
20210106160228	1000
20210106160228	1000
20210106160228	1000
20210106160228	1000
20210106160228	1000
20210106160228	1000
20210106160228	1000
20210106160228	1000
20210106160228	1000
20210106160228	1000
20210106160228	1000
20210106160228	1000
20210106160228	1000
20210106160228	1000
20210106160228	1000
20210106160228	1000
20210106160228	1000
20210106160228	1000
20210106160228	1000
20210106160228	1000
20210106160228	1000
20210106160228	1000
20210106160228	1000
20210106160228	1000
20210106160228	1000
20210106160228	1000
20210106160228	1000
20210106160228	1000
20210106160228	1000
20210106160228	1000
20210106160228	1000
20210106160228	1000
20210106160228	1000
20210106160228	1000
20210106160228	1000
20210106160229	1000
20210106160229	1000
20210106160229	1000
20210106160229	1000
20210106160229	1000
20210106160229	1000
20210106160229	1000
20210106160229	1000
20210106160229	1000
20210106160229	1000
20210106160229	1000
20210106160229	1000
20210106160229	1000
20210106160229	1000
20210106160229	1000
20210106160229	1000
20210106160229	1000
20210106160229	1000
20210106160229	1000
20210106160229	1000
20210106160229	1000
20210106160229	1000
20210106160229	1000
20210106160229	1000
20210106160229	1000
20210106160229	1000
20210106160229	1000
20210106160229	1000
20210106160229	1000
20210106160229	1000
20210106160229	1000
20210106160229	1000
20210106160229	1000
20210106160229	1000
20210106160229	1000
20210106160229	1000
20210106160229	1000
20210106160229	1000
20210106160229	1000
20210106160229	1000
20210106160229	1000
20210106160229	1000
20210106160229	1000
20210106160229	1000
20210106160229	1000
20210106160229	1000
20210106160229	1000
20210106160229	1000
20210106160229	1000
20210106160229	1000
20210106160229	1000
20210106160229	1000
20210106160229	1000
20210106160229	1000
20210106160229	1000
20210106160229	1000
20210106160229	1000
20210106160229	1000
20210106160229	1000
20210106160229	1000
20210106160230	1000
20210106160230	1000
20210106160230	1000
20210106160230	1000
20210106160230	1000
20210106160230	1000
20210106160230	1000
20210106160230	1000
20210106160230	1000
20210106160230	1000
20210106160230	1000
20210106160230	1000
20210106160230	1000
20210106160230	1000
20210106160230	1000
20210106160230	1000
20210106160230	1000
20210106160230	1000
20210106160230	1000
20210106160230	1000
20210106160230	1000
20210106160230	1000
20210106160230	1000
20210106160230	1000
20210106160230	1000
20210106160230	1000
20210106160230	1000
20210106160230	1000
20210106160230	1000
20210106160230	1000
20210106160230	1000
20210106160230	1000
20210106160230	1000
20210106160230	1000
20210106160230	1000
20210106160230	1000
20210106160230	1000
20210106160230	1000
20210106160230	1000
20210106160230	1000
20210106160230	1000
20210106160230	1000
20210106160230	1000
20210106160230	1000
20210106160230	1000
20210106160230	1000
20210106160230	1000
20210106160230	1000
20210106160230	1000
20210106160230	1000
20210106160230	1000
20210106160231	1000
20210106160231	1000
20210106160231	1000
20210106160231	1000
20210106160231	1000
20210106160231	1000
20210106160231	1000
20210106160231	1000
20210106160231	1000
20210106160231	1000
20210106160231	1000
20210106160231	1000
20210106160231	1000
20210106160231	1000
20210106160231	1000
20210106160231	1000
20210106160231	1000
20210106160231	1000
20210106160231	1000
20210106160231	1000
20210106160231	1000
20210106160231	1000
20210106160231	1000
20210106160231	1000
20210106160231	1000
20210106160231	1000
20210106160231	1000
20210106160231	1000
20210106160231	1000
20210106160231	1000
20210106160231	1000
20210106160231	1000
20210106160231	1000
20210106160231	1000
20210106160231	1000
20210106160231	1000
20210106160231	1000
20210106160231	1000
20210106160231	1000
20210106160231	1000
20210106160231	1000
20210106160231	1000
20210106160231	1000
20210106160231	1000
20210106160231	1000
20210106160231	1000
20210106160231	1000
20210106160231	1000
20210106160231	1000
20210106160232	1000
20210106160232	1000
20210106160232	1000
20210106160232	1000
20210106160232	1000
20210106160232	1000
20210106160232	1000
20210106160232	1000
20210106160232	1000
20210106160232	1000
20210106160232	1000
20210106160232	1000
20210106160232	1000
20210106160232	1000
20210106160232	1000
20210106160232	1000
20210106160232	1000
20210106160232	1000
20210106160232	1000
20210106160232	1000
20210106160232	1000
20210106160232	1000
20210106160232	1000
20210106160232	1000
20210106160232	1000
20210106160232	1000
20210106160232	1000
20210106160232	1000
20210106160232	1000
20210106160232	1000
20210106160232	1000
20210106160232	1000
20210106160232	1000
20210106160232	1000
20210106160232	1000
20210106160232	1000
20210106160232	1000
20210106160232	1000
20210106160232	1000
20210106160232	1000
20210106160232	1000
20210106160232	1000
20210106160232	1000
20210106160232	1000
20210106160232	1000
20210106160232	1000
20210106160232	1000
20210106160232	1000
20210106160232	1000
20210106160232	1000
20210106160232	1000
20210106160232	1000
20210106160232	1000
20210106160232	1000
20210106160232	1000
20210106160232	1000
20210106160232	1000
20210106160232	1000
20210106160232	1000
20210106160232	1000
20210106160232	1000
20210106160232	1000
20210106160232	1000
20210106160232	1000
20210106160233	1000
20210106160233	1000
20210106160233	1000
20210106160233	1000
20210106160233	1000
20210106160233	1000
20210106160233	1000
20210106160233	1000
20210106160233	1000
20210106160233	1000
20210106160233	1000
20210106160233	1000
20210106160233	1000
20210106160233	1000
20210106160233	1000
20210106160233	1000
20210106160233	1000
20210106160233	1000
20210106160233	1000
20210106160233	1000
20210106160233	1000
20210106160233	1000
20210106160233	1000
20210106160233	1000
20210106160233	1000
20210106160233	1000
20210106160233	1000
20210106160233	1000
20210106160233	1000
20210106160233	1000
20210106160233	1000
20210106160233	1000
20210106160233	1000
20210106160233	1000
20210106160233	1000
20210106160233	1000
20210106160233	1000
20210106160233	1000
20210106160233	1000
20210106160233	1000
20210106160233	1000
20210106160233	1000
20210106160233	1000
20210106160233	1000
20210106160233	1000
20210106160233	1000
20210106160233	1000
20210106160233	1000
20210106160233	1000
20210106160233	1000
20210106160233	1000
20210106160233	1000
20210106160233	1000
20210106160233	1000
20210106160233	1000
20210106160233	1000
20210106160233	1000
20210106160233	1000
20210106160233	1000
20210106160233	1000
20210106160233	1000
20210106160233	1000
20210106160233	1000
20210106160233	1000
20210106160233	1000
20210106160233	1000
20210106160233	1000
20210106160233	1000
20210106160233	1000
20210106160233	1000
20210106160233	1000
20210106160233	1000
20210106160233	1000
20210106160233	1000
20210106160233	1000
20210106160233	1000
20210106160234	1000
20210106160234	1000
20210106160234	1000
20210106160234	1000
20210106160234	1000
20210106160234	1000
20210106160234	1000
20210106160234	1000
20210106160234	1000
20210106160234	1000
20210106160234	1000
20210106160234	1000
20210106160234	1000
20210106160234	1000
20210106160234	1000
20210106160234	1000
20210106160234	1000
20210106160234	1000
20210106160234	1000
20210106160234	1000
20210106160234	1000
20210106160234	1000
20210106160234	1000
20210106160234	1000
20210106160234	1000
20210106160234	1000
20210106160234	1000
20210106160234	1000
20210106160234	1000
20210106160234	1000
20210106160234	1000
20210106160234	1000
20210106160234	1000
20210106160234	1000
20210106160234	1000
20210106160234	1000
20210106160234	1000
20210106160234	1000
20210106160234	1000
20210106160234	1000
20210106160234	1000
20210106160234	1000
20210106160234	1000
20210106160234	1000
20210106160234	1000
20210106160234	1000
20210106160234	1000
20210106160234	1000
20210106160234	1000
20210106160235	1000
20210106160235	1000
20210106160235	1000
20210106160235	1000
20210106160235	1000
20210106160235	1000
20210106160235	1000
20210106160235	1000
20210106160235	1000
20210106160235	1000
20210106160235	1000
20210106160235	1000
20210106160235	1000
20210106160235	1000
20210106160235	1000
20210106160235	1000
20210106160235	1000
20210106160235	1000
20210106160235	1000
20210106160235	1000
20210106160235	1000
20210106160235	1000
20210106160235	1000
20210106160235	1000
20210106160235	1000
20210106160235	1000
20210106160235	1000
20210106160235	1000
20210106160235	1000
20210106160235	1000
20210106160235	1000
20210106160236	1000
20210106160236	1000
20210106160236	1000
20210106160236	1000
20210106160236	1000
20210106160236	1000
20210106160236	1000
20210106160236	1000
20210106160236	1000
20210106160236	1000
20210106160236	1000
20210106160236	1000
20210106160236	1000
20210106160236	1000
20210106160236	1000
20210106160236	1000
20210106160236	1000
20210106160236	1000
20210106160236	1000
20210106160236	1000
20210106160236	1000
20210106160236	1000
20210106160236	1000
20210106160236	1000
20210106160236	1000
20210106160236	1000
20210106160236	1000
20210106160236	1000
20210106160236	1000
20210106160236	1000
20210106160236	1000
20210106160236	1000
20210106160236	1000
20210106160236	1000
20210106160236	1000
20210106160236	1000
20210106160236	1000
20210106160236	1000
20210106160236	1000
20210106160236	1000
20210106160236	1000
20210106160236	1000
20210106160237	1000
20210106160237	1000
20210106160237	1000
20210106160237	1000
20210106160237	1000
20210106160237	1000
20210106160237	1000
20210106160237	1000
20210106160237	1000
20210106160237	1000
20210106160237	1000
20210106160237	1000
20210106160237	1000
20210106160237	1000
20210106160237	1000
20210106160237	1000
20210106160237	1000
20210106160237	1000
20210106160237	1000
20210106160237	1000
20210106160237	1000
20210106160237	1000
20210106160237	1000
20210106160237	1000
20210106160237	1000
20210106160237	1000
20210106160237	1000
20210106160237	1000
20210106160237	1000
20210106160237	1000
20210106160237	1000
20210106160237	1000
20210106160237	1000
20210106160238	1000
20210106160238	1000
20210106160238	1000
20210106160238	1000
20210106160238	1000
20210106160238	1000
20210106160238	1000
20210106160238	1000
20210106160238	1000
20210106160238	1000
20210106160238	1000
20210106160238	1000
20210106160238	1000
20210106160238	1000
20210106160238	1000
20210106160238	1000
20210106160238	1000
20210106160238	1000
20210106160238	1000
20210106160238	1000
20210106160238	1000
20210106160238	1000
20210106160238	1000
20210106160238	1694.86
20210106160238	1000
20210106160238	1000
20210106160238	1000
20210106160238	1000
20210106160238	1000
20210106160238	1000
20210106160238	1000
20210106160238	1000
20210106160238	1659.77
20210106160238	1659.77
20210106160238	1000
20210106160238	1000
20210106160238	1000
20210106160238	1000
20210106160238	1000
20210106160238	1000
20210106160238	1000
20210106160238	1000
20210106160238	1000
20210106160238	1000
20210106160238	1000
20210106160238	1000
20210106160238	1000
20210106160238	1000
20210106160238	1000
20210106160238	1000
20210106160238	1000
20210106160238	1000
20210106160239	1000
20210106160239	1000
20210106160239	1659.77
20210106160239	1659.77
20210106160239	1000
20210106160239	1000
20210106160239	1000
20210106160239	1000
20210106160239	1000
20210106160239	1000
20210106160239	1000
20210106160239	1000
20210106160239	1659.77
20210106160239	1659.77
20210106160239	1000
20210106160239	1000
20210106160239	1000
20210106160239	1000
20210106160239	1000
20210106160239	1000
20210106160239	1000
20210106160239	1000
20210106160239	1000
20210106160239	1000
20210106160239	1659.77
20210106160239	1659.77
20210106160239	1000
20210106160239	1000
20210106160239	1000
20210106160239	1000
20210106160239	1809.34
20210106160239	1809.34
20210106160239	1000
20210106160239	1000
20210106160239	1000
20210106160239	1000
20210106160239	1000
20210106160239	1000
20210106160239	1000
20210106160239	1000
20210106160239	1000
20210106160239	1809.34
20210106160240	1000
20210106160240	1000
20210106160240	1000
20210106160240	1000
20210106160240	1000
20210106160240	1000
20210106160240	1809.34
20210106160240	1809.34
20210106160240	1809.34
20210106160240	1000
20210106160240	1000
20210106160240	1000
20210106160240	1000
20210106160240	1000
20210106160240	1809.34
20210106160240	1809.34
20210106160240	1000
20210106160240	1809.34
20210106160240	1000
20210106160240	1000
20210106160240	1000
20210106160240	1000
20210106160240	1000
20210106160240	1000
20210106160240	1000
20210106160240	1000
20210106160240	1000
20210106160240	1000
20210106160240	1809.34
20210106160240	1809.34
20210106160240	1000
20210106160240	1000
20210106160240	1809.34
20210106160240	1809.34
20210106160240	1809.34
20210106160240	1809.34
20210106160240	1809.34
20210106160240	1809.34
20210106160240	1809.34
20210106160240	1809.34
20210106160240	1809.34
20210106160240	1809.34
20210106160241	1809.34
20210106160241	1809.34
20210106160241	1809.34
20210106160241	1809.34
20210106160241	1809.34
20210106160241	1809.34
20210106160241	1809.34
20210106160241	1809.34
20210106160241	1809.34
20210106160241	1809.34
20210106160241	1809.34
20210106160241	1809.34
20210106160241	1809.34
20210106160241	1809.34
20210106160241	1809.34
20210106160241	1809.34
20210106160241	1809.34
20210106160241	1809.34
20210106160241	1809.34
20210106160242	1809.34
20210106160242	1809.34
20210106160242	1809.34
20210106160242	1809.34
20210106160242	1809.34
20210106160242	1809.34
20210106160242	1809.34
20210106160242	1809.34
20210106160242	1809.34
20210106160242	1809.34
20210106160242	1809.34
20210106160242	1809.34
20210106160242	1809.34
20210106160242	1809.34
20210106160242	1809.34
20210106160242	1809.34
20210106160242	1809.34
20210106160242	1809.34
20210106160242	1809.34
20210106160242	1809.34
20210106160242	1809.34
20210106160242	1809.34
20210106160242	1809.34
20210106160242	1809.34
20210106160242	1809.34
20210106160242	1809.34
20210106160242	1809.34
20210106160242	1809.34
20210106160242	1809.34
20210106160242	1809.34
20210106160242	1809.34
20210106160242	1809.34
20210106160242	1809.34
20210106160242	1809.34
20210106160242	1809.34
20210106160242	1809.34
20210106160242	1809.34
20210106160242	1809.34
20210106160242	1809.34
20210106160242	1809.34
20210106160242	1809.34
20210106160242	1809.34
20210106160242	1809.34
20210106160242	1809.34
20210106160242	1809.34
20210106160242	1809.34
20210106160242	1809.34
20210106160242	1809.34
20210106160242	1809.34
20210106160242	1809.34
20210106160242	1809.34
20210106160242	1809.34
20210106160242	1809.34
20210106160242	1809.34
20210106160242	1809.34
20210106160242	1809.34
20210106160242	1809.34
20210106160242	1809.34
20210106160242	1809.34
20210106160242	1809.34
20210106160242	1809.34
20210106160243	1809.34
20210106160243	1809.34
20210106160243	1809.34
20210106160243	1809.34
20210106160243	1809.34
20210106160243	1809.34
20210106160243	1809.34
20210106160243	1809.34
20210106160243	1809.34
20210106160243	1809.34
20210106160243	1809.34
20210106160243	1809.34
20210106160243	1809.34
20210106160243	1809.34
20210106160243	1809.34
20210106160243	1809.34
20210106160243	1809.34
20210106160243	1809.34
20210106160243	1809.34
20210106160243	1809.34
20210106160243	1809.34
20210106160243	1809.34
20210106160243	1809.34
20210106160243	1809.34
20210106160243	1809.34
20210106160243	1809.34
20210106160243	1809.34
20210106160243	1809.34
20210106160243	1809.34
20210106160244	1809.34
20210106160244	1809.34
20210106160244	1809.34
20210106160244	1809.34
20210106160244	1809.34
20210106160244	1809.34
20210106160244	1809.34
20210106160244	1809.34
20210106160244	1809.34
20210106160244	1809.34
20210106160244	1809.34
20210106160244	1809.34
20210106160244	1809.34
20210106160244	1809.34
20210106160244	1809.34
20210106160244	1809.34
20210106160244	1809.34
20210106160244	1809.34
20210106160244	1809.34
20210106160244	1809.34
20210106160244	1809.34
20210106160244	1809.34
20210106160244	1809.34
20210106160244	1809.34
20210106160244	1809.34
20210106160244	1809.34
20210106160244	1809.34
20210106160244	1809.34
20210106160244	1809.34
20210106160244	1809.34
20210106160244	1809.34
20210106160244	1809.34
20210106160244	1809.34
20210106160244	1809.34
20210106160244	1809.34
20210106160244	1809.34
20210106160244	1809.34
20210106160244	1809.34
20210106160244	1809.34
20210106160244	1809.34
20210106160244	1809.34
20210106160244	1809.34
20210106160244	1809.34
20210106160244	1809.34
20210106160244	1809.34
20210106160244	1809.34
20210106160244	1809.34
20210106160245	1809.34
20210106160245	1809.34
20210106160245	1809.34
20210106160245	1809.34
20210106160245	1809.34
20210106160245	1809.34
20210106160245	1809.34
20210106160245	1809.34
20210106160245	1809.34
20210106160245	1809.34
20210106160245	1809.34
20210106160245	1809.34
20210106160245	1809.34
20210106160245	1809.34
20210106160245	1809.34
20210106160245	1809.34
20210106160245	1809.34
20210106160245	1809.34
20210106160245	1809.34
20210106160245	1809.34
20210106160245	1809.34
20210106160245	1809.34
20210106160245	1809.34
20210106160245	1809.34
20210106160245	1809.34
20210106160245	1809.34
20210106160245	1809.34
20210106160245	1809.34
20210106160245	1809.34
20210106160245	1809.34
20210106160245	1809.34
20210106160245	1809.34
20210106160245	1809.34
20210106160245	1809.34
20210106160245	1809.34
20210106160245	1809.34
20210106160245	1809.34
20210106160245	1809.34
20210106160245	1809.34
20210106160245	1809.34
20210106160245	1809.34
20210106160245	1809.34
20210106160245	1809.34
20210106160245	1809.34
20210106160245	1809.34
20210106160245	1809.34
20210106160245	1809.34
20210106160245	1809.34
20210106160245	1809.34
20210106160245	1809.34
20210106160245	1809.34
20210106160245	1809.34
20210106160245	1809.34
20210106160245	1809.34
20210106160245	1809.34
20210106160245	1809.34
20210106160245	1809.34
20210106160245	1809.34
20210106160245	1809.34
20210106160245	1809.34
20210106160245	1809.34
20210106160245	1809.34
20210106160245	1809.34
20210106160245	1809.34
20210106160245	1809.34
20210106160246	1809.34
20210106160246	1809.34
20210106160246	1809.34
20210106160246	1809.34
20210106160246	1809.34
20210106160246	1809.34
20210106160246	1809.34
20210106160246	1809.34
20210106160246	1809.34
20210106160246	1809.34
20210106160246	1809.34
20210106160246	1809.34
20210106160246	1809.34
20210106160246	1809.34
20210106160246	1809.34
20210106160246	1809.34
20210106160246	1809.34
20210106160246	1809.34
20210106160246	1809.34
20210106160246	1809.34
20210106160246	1809.34
20210106160246	1809.34
20210106160246	1809.34
20210106160246	1809.34
20210106160246	1809.34
20210106160246	1809.34
20210106160246	1809.34
20210106160246	1809.34
20210106160246	1809.34
20210106160246	1809.34
20210106160246	1809.34
20210106160246	1809.34
20210106160246	1809.34
20210106160246	1809.34
20210106160246	1809.34
20210106160246	1809.34
20210106160246	1809.34
20210106160247	1809.34
20210106160247	1809.34
20210106160247	1809.34
20210106160247	1809.34
20210106160247	1809.34
20210106160247	1809.34
20210106160247	1809.34
20210106160247	1809.34
20210106160247	1809.34
20210106160247	1809.34
20210106160247	1809.34
20210106160247	1809.34
20210106160247	1809.34
20210106160247	1809.34
20210106160247	1809.34
20210106160247	1809.34
20210106160247	1809.34
20210106160247	1809.34
20210106160247	1809.34
20210106160247	1809.34
20210106160247	1809.34
20210106160247	1809.34
20210106160247	1809.34
20210106160247	1809.34
20210106160247	1809.34
20210106160247	1809.34
20210106160247	1809.34
20210106160247	1809.34
20210106160247	1809.34
20210106160247	1809.34
20210106160247	1809.34
20210106160247	1809.34
20210106160247	1809.34
20210106160247	1809.34
20210106160247	1809.34
20210106160248	1809.34
20210106160248	1809.34
20210106160248	1809.34
20210106160248	1809.34
20210106160248	1809.34
20210106160248	1809.34
20210106160248	1809.34
20210106160248	1809.34
20210106160248	1809.34
20210106160248	1809.34
20210106160248	1809.34
20210106160248	1809.34
20210106160248	1809.34
20210106160248	1809.34
20210106160248	1809.34
20210106160248	1809.34
20210106160248	1809.34
20210106160248	1809.34
20210106160248	1809.34
20210106160248	1809.34
20210106160248	1809.34
20210106160248	1809.34
20210106160248	1809.34
20210106160248	1809.34
20210106160248	1809.34
20210106160248	1809.34
20210106160248	1809.34
20210106160248	1809.34
20210106160248	1809.34
20210106160248	1809.34
20210106160248	1809.34
20210106160248	1809.34
20210106160248	1809.34
20210106160248	1809.34
20210106160248	1809.34
20210106160248	1809.34
20210106160248	1809.34
20210106160248	1809.34
20210106160248	1809.34
20210106160248	1809.34
20210106160248	1809.34
20210106160248	1809.34
20210106160249	1809.34
20210106160249	1809.34
20210106160249	1809.34
20210106160249	1809.34
20210106160249	1809.34
20210106160249	1809.34
20210106160249	1809.34
20210106160249	1809.34
20210106160249	1809.34
20210106160249	1809.34
20210106160249	1809.34
20210106160249	1809.34
20210106160249	1809.34
20210106160249	1809.34
20210106160249	1809.34
20210106160249	1809.34
20210106160249	1809.34
20210106160249	1809.34
20210106160249	1809.34
20210106160249	1809.34
20210106160249	1809.34
20210106160249	1809.34
20210106160249	1809.34
20210106160249	1809.34
20210106160249	1809.34
20210106160249	1809.34
20210106160249	1809.34
20210106160249	1809.34
20210106160250	1809.34
20210106160250	1809.34
20210106160250	1809.34
20210106160250	1809.34
20210106160250	1809.34
20210106160250	1809.34
20210106160250	1809.34
20210106160250	1809.34
20210106160250	1809.34
20210106160250	1809.34
20210106160250	1809.34
20210106160250	1809.34
20210106160250	1809.34
20210106160250	1809.34
20210106160250	1809.34
20210106160250	1809.34
20210106160250	1809.34
20210106160250	1809.34
20210106160250	1809.34
20210106160250	1809.34
20210106160250	1809.34
20210106160250	1809.34
20210106160250	1809.34
20210106160250	1809.34
20210106160250	1809.34
20210106160250	1809.34
20210106160250	1809.34
20210106160250	1809.34
20210106160250	1809.34
20210106160250	1809.34
20210106160250	1809.34
20210106160250	1809.34
20210106160250	1809.34
20210106160250	2000
20210106160250	2000
20210106160250	2000
20210106160250	2000
20210106160250	2000
20210106160250	2000
20210106160251	2000
20210106160251	2000
20210106160251	2000
20210106160251	2000
20210106160251	2000
20210106160251	2000
20210106160251	2000
20210106160251	2000
20210106160251	2000
20210106160251	2000
20210106160251	2000
20210106160251	2000
20210106160251	2000
20210106160251	2000
20210106160251	2000
20210106160251	2000
20210106160251	2000
20210106160251	2000
20210106160251	2000
20210106160251	2000
20210106160251	2000
20210106160251	2000
20210106160251	2000
20210106160251	2000
20210106160251	2000
20210106160251	2000
20210106160251	2000
20210106160251	2000
20210106160251	2000
20210106160251	2000
20210106160251	2000
20210106160251	2000
20210106160251	2000
20210106160252	2000
20210106160252	2000
20210106160252	2000
20210106160252	2000
20210106160252	2000
20210106160252	2000
20210106160252	2000
20210106160252	2000
20210106160252	2000
20210106160252	2000
20210106160252	2000
20210106160252	1990.5
20210106160252	1990.5
20210106160252	1990.5
20210106160252	1990.5
20210106160252	1990.5
20210106160252	1990.5
20210106160252	1990.5
20210106160252	1990.5
20210106160252	1990.5
20210106160252	1990.5
20210106160252	1990.5
20210106160252	1990.5
20210106160252	1990.5
20210106160252	1990.5
20210106160252	1990.5
20210106160252	1990.5
20210106160252	1990.5
20210106160252	1990.5
20210106160252	1990.5
20210106160252	1990.5
20210106160252	1990.5
20210106160252	1990.5
20210106160252	1990.5
20210106160252	1990.5
20210106160252	1990.5
20210106160252	1990.5
20210106160252	1990.5
20210106160252	1990.5
20210106160252	1990.5
20210106160252	1990.5
20210106160253	1990.5
20210106160253	1990.5
20210106160253	1990.5
20210106160253	1990.5
20210106160253	1990.5
20210106160253	1990.5
20210106160253	1990.5
20210106160253	1990.5
20210106160253	1990.5
20210106160253	1990.5
20210106160253	1990.5
20210106160253	1990.5
20210106160253	1990.5
20210106160253	1990.5
20210106160253	1990.5
20210106160253	1990.5
20210106160253	1990.5
20210106160253	1990.5
20210106160253	1990.5
20210106160253	1990.5
20210106160253	1972.25
20210106160253	1972.25
20210106160253	1972.25
20210106160253	1972.25
20210106160253	1972.25
20210106160253	1972.25
20210106160253	1972.25
20210106160253	1972.25
20210106160253	1972.25
20210106160253	1972.25
20210106160253	1972.25
20210106160253	1972.25
20210106160253	1972.25
20210106160253	1972.25
20210106160253	1972.25
20210106160253	1972.25
20210106160253	1972.25
20210106160253	1972.25
20210106160253	1972.25
20210106160253	1972.25
20210106160253	1972.25
20210106160253	1972.25
20210106160253	1972.25
20210106160253	1972.25
20210106160253	1972.25
20210106160253	1972.25
20210106160254	1972.25
20210106160254	1972.25
20210106160254	1972.25
20210106160254	1972.25
20210106160254	1972.25
20210106160254	1972.25
20210106160254	1972.25
20210106160254	1972.25
20210106160254	1972.25
20210106160254	1972.25
20210106160254	1972.25
20210106160254	1972.25
20210106160254	1972.25
20210106160254	1972.25
20210106160254	1972.25
20210106160254	1972.25
20210106160254	1972.25
20210106160254	1972.25
20210106160254	1972.25
20210106160254	1972.25
20210106160254	1972.25
20210106160254	1972.25
20210106160254	1972.25
20210106160254	1955.16
20210106160254	1955.16
20210106160254	1955.16
20210106160254	1955.16
20210106160254	1955.16
20210106160254	1955.16
20210106160254	1955.16
20210106160254	1955.16
20210106160254	1955.16
20210106160254	1955.16
20210106160254	1955.16
20210106160254	1955.16
20210106160254	1955.16
20210106160254	1955.16
20210106160254	1955.16
20210106160254	1955.16
20210106160254	1955.16
20210106160254	1955.16
20210106160254	1955.16
20210106160254	1955.16
20210106160254	1955.16
20210106160254	1955.16
20210106160254	1955.16
20210106160254	1955.16
20210106160254	1955.16
20210106160254	1955.16
20210106160254	1955.16
20210106160254	1955.16
20210106160255	1955.16
20210106160255	1955.16
20210106160255	1955.16
20210106160255	1955.16
20210106160255	1955.16
20210106160255	1955.16
20210106160255	1955.16
20210106160255	1955.16
20210106160255	1955.16
20210106160255	1955.16
20210106160255	1955.16
20210106160255	1955.16
20210106160255	1955.16
20210106160255	1955.16
20210106160255	1955.16
20210106160255	1955.16
20210106160255	1955.16
20210106160255	1955.16
20210106160255	1955.16
20210106160255	1955.16
20210106160255	1955.16
20210106160255	1955.16
20210106160255	1955.16
20210106160255	1937.61
20210106160255	1937.61
20210106160255	1937.61
20210106160255	1937.61
20210106160255	1937.61
20210106160256	1937.61
20210106160256	1937.61
20210106160256	1937.61
20210106160256	1937.61
20210106160256	1937.61
20210106160256	1937.61
20210106160256	1937.61
20210106160256	1937.61
20210106160256	1937.61
20210106160256	1937.61
20210106160256	1937.61
20210106160256	1937.61
20210106160256	1937.61
20210106160256	1937.61
20210106160256	1937.61
20210106160256	1937.61
20210106160256	1937.61
20210106160256	1937.61
20210106160256	1937.61
20210106160256	1937.61
20210106160256	1937.61
20210106160256	1937.61
20210106160256	1937.61
20210106160256	1937.61
20210106160256	1937.61
20210106160256	1937.61
20210106160256	1937.61
20210106160256	1937.61
20210106160256	1937.61
20210106160256	1937.61
20210106160256	1937.61
20210106160256	1937.61
20210106160256	1937.61
20210106160256	1937.61
20210106160256	1937.61
20210106160256	1937.61
20210106160256	1937.61
20210106160256	1937.61
20210106160256	1937.61
20210106160256	1937.61
20210106160256	1937.61
20210106160256	1937.61
20210106160256	1937.61
20210106160256	1937.61
20210106160256	1937.61
20210106160256	1937.61
20210106160256	1937.61
20210106160256	1924.27
20210106160257	1924.27
20210106160257	1924.27
20210106160257	1924.27
20210106160257	1924.27
20210106160257	1924.27
20210106160257	1924.27
20210106160257	1924.27
20210106160257	1924.27
20210106160257	1924.27
20210106160257	1924.27
20210106160257	1924.27
20210106160257	1924.27
20210106160257	1924.27
20210106160257	1924.27
20210106160257	1924.27
20210106160257	1924.27
20210106160257	1924.27
20210106160257	1924.27
20210106160257	1924.27
20210106160257	1924.27
20210106160257	1924.27
20210106160257	1924.27
20210106160257	1924.27
20210106160257	1924.27
20210106160257	1924.27
20210106160257	1924.27
20210106160257	1924.27
20210106160257	1924.27
20210106160257	1924.27
20210106160257	1924.27
20210106160257	1924.27
20210106160257	1924.27
20210106160257	1924.27
20210106160257	1924.27
20210106160257	1924.27
20210106160257	1924.27
20210106160258	1924.27
20210106160258	1924.27
20210106160258	1924.27
20210106160258	1924.27
20210106160258	1924.27
20210106160258	1924.27
20210106160258	1924.27
20210106160258	1924.27
20210106160258	1924.27
20210106160258	1924.27
20210106160258	1924.27
20210106160258	1924.27
20210106160258	1924.27
20210106160258	1913.99
20210106160258	1913.99
20210106160258	1913.99
20210106160258	1913.99
20210106160258	1913.99
20210106160258	1913.99
20210106160258	1913.99
20210106160258	1913.99
20210106160258	1913.99
20210106160258	1913.99
20210106160258	1913.99
20210106160258	1913.99
20210106160258	1913.99
20210106160258	1913.99
20210106160258	1913.99
20210106160258	1913.99
20210106160258	1913.99
20210106160258	1913.99
20210106160258	1913.99
20210106160258	1913.99
20210106160258	1913.99
20210106160258	1913.99
20210106160258	1913.99
20210106160258	1913.99
20210106160258	1913.99
20210106160258	1913.99
20210106160258	1913.99
20210106160258	1913.99
20210106160258	1913.99
20210106160258	1913.99
20210106160258	1913.99
20210106160259	1913.99
20210106160259	1913.99
20210106160259	1913.99
20210106160259	1913.99
20210106160259	1913.99
20210106160259	1913.99
20210106160259	1913.99
20210106160259	1913.99
20210106160259	1913.99
20210106160259	1913.99
20210106160259	1913.99
20210106160259	1913.99
20210106160259	1913.99
20210106160259	1913.99
20210106160259	1913.99
20210106160259	1913.99
20210106160259	1913.99
20210106160259	1913.99
20210106160259	1896.5
20210106160259	1896.5
20210106160259	1896.5
20210106160259	1896.5
20210106160259	1896.5
20210106160259	1896.5
20210106160259	1896.5
20210106160259	1896.5
20210106160259	1896.5
20210106160259	1896.5
20210106160259	1896.5
20210106160259	1896.5
20210106160259	1896.5
20210106160259	1896.5
20210106160259	1896.5
20210106160259	1896.5
20210106160259	1896.5
20210106160259	1896.5
20210106160259	1896.5
20210106160259	1896.5
20210106160259	1896.5
20210106160259	1896.5
20210106160259	1896.5
20210106160259	1896.5
20210106160300	1896.5
20210106160300	1896.5
20210106160300	1896.5
20210106160300	1896.5
20210106160300	1896.5
20210106160300	1896.5
20210106160300	1896.5
20210106160300	1896.5
20210106160300	1896.5
20210106160300	1896.5
20210106160300	1896.5
20210106160300	1896.5
20210106160300	1896.5
20210106160300	1896.5
20210106160300	1896.5
20210106160300	1896.5
20210106160300	1896.5
20210106160300	1896.5
20210106160300	1896.5
20210106160300	1896.5
20210106160300	1896.5
20210106160300	1896.5
20210106160300	1896.5
20210106160300	1896.5
20210106160300	1896.5
20210106160300	1879.9
20210106160300	1879.9
20210106160301	1879.9
20210106160301	1879.9
20210106160301	1879.9
20210106160301	1879.9
20210106160301	1879.9
20210106160301	1879.9
20210106160301	1879.9
20210106160301	1879.9
20210106160301	1879.9
20210106160301	1879.9
20210106160301	1879.9
20210106160301	1879.9
20210106160301	1879.9
20210106160301	1879.9
20210106160301	1879.9
20210106160301	1879.9
20210106160301	1879.9
20210106160301	1879.9
20210106160301	1879.9
20210106160301	1879.9
20210106160301	1879.9
20210106160301	1879.9
20210106160301	1879.9
20210106160301	1879.9
20210106160301	1879.9
20210106160301	1879.9
20210106160301	1879.9
20210106160301	1879.9
20210106160301	1879.9
20210106160301	1879.9
20210106160301	1879.9
20210106160301	1879.9
20210106160301	1879.9
20210106160301	1879.9
20210106160301	1879.9
20210106160301	1879.9
20210106160301	1879.9
20210106160301	1879.9
20210106160301	1879.9
20210106160301	1879.9
20210106160301	1879.9
20210106160301	1879.9
20210106160301	1879.9
20210106160301	1879.9
20210106160301	1879.9
20210106160301	1879.9
20210106160301	1879.9
20210106160301	1879.9
20210106160302	1870.83
20210106160302	1870.83
20210106160302	1870.83
20210106160302	1870.83
20210106160302	1870.83
20210106160302	1870.83
20210106160302	1870.83
20210106160302	1870.83
20210106160302	1870.83
20210106160302	1870.83
20210106160302	1870.83
20210106160302	1870.83
20210106160302	1870.83
20210106160302	1870.83
20210106160302	1870.83
20210106160302	1870.83
20210106160302	1870.83
20210106160302	1870.83
20210106160302	1870.83
20210106160302	1870.83
20210106160302	1870.83
20210106160302	1870.83
20210106160302	1870.83
20210106160302	1870.83
20210106160302	1870.83
20210106160302	1870.83
20210106160302	1870.83
20210106160302	1870.83
20210106160302	1870.83
20210106160302	1870.83
20210106160302	1870.83
20210106160302	1870.83
20210106160302	1870.83
20210106160302	1870.83
20210106160302	1870.83
20210106160302	1870.83
20210106160302	1870.83
20210106160302	1870.83
20210106160302	1870.83
20210106160302	1870.83
20210106160302	1870.83
20210106160303	1870.83
20210106160303	1870.83
20210106160303	1870.83
20210106160303	1870.83
20210106160303	1870.83
20210106160303	1870.83
20210106160303	1870.83
20210106160303	1870.83
20210106160303	1870.83
20210106160303	1864.95
20210106160303	1864.95
20210106160303	1864.95
20210106160303	1864.95
20210106160303	1864.95
20210106160303	1864.95
20210106160303	1864.95
20210106160303	1864.95
20210106160303	1864.95
20210106160303	1864.95
20210106160303	1864.95
20210106160303	1864.95
20210106160303	1864.95
20210106160303	1864.95
20210106160303	1864.95
20210106160303	1864.95
20210106160303	1864.95
20210106160303	1864.95
20210106160303	1864.95
20210106160303	1864.95
20210106160303	1864.95
20210106160303	1864.95
20210106160303	1864.95
20210106160303	1864.95
20210106160303	1864.95
20210106160303	1864.95
20210106160304	1864.95
20210106160304	1864.95
20210106160304	1864.95
20210106160304	1864.95
20210106160304	1864.95
20210106160304	1864.95
20210106160304	1864.95
20210106160304	1864.95
20210106160304	1864.95
20210106160304	1864.95
20210106160304	1864.95
20210106160304	1864.95
20210106160304	1864.95
20210106160304	1864.95
20210106160304	1864.95
20210106160304	1864.95
20210106160304	1864.95
20210106160304	1864.95
20210106160304	1864.95
20210106160304	1864.95
20210106160304	1864.95
20210106160304	1864.95
20210106160304	1864.95
20210106160304	1864.95
20210106160304	1855.81
20210106160304	1855.81
20210106160304	1855.81
20210106160304	1855.81
20210106160304	1855.81
20210106160304	1855.81
20210106160304	1855.81
20210106160304	1855.81
20210106160304	1855.81
20210106160304	1855.81
20210106160304	1855.81
20210106160304	1855.81
20210106160304	1855.81
20210106160304	1855.81
20210106160304	1855.81
20210106160304	1855.81
20210106160304	1855.81
20210106160304	1855.81
20210106160304	1855.81
20210106160304	1855.81
20210106160304	1855.81
20210106160305	1855.81
20210106160305	1855.81
20210106160305	1855.81
20210106160305	1855.81
20210106160305	1855.81
20210106160305	1855.81
20210106160305	1855.81
20210106160305	1855.81
20210106160305	1855.81
20210106160305	1855.81
20210106160305	1855.81
20210106160305	1855.81
20210106160305	1855.81
20210106160305	1855.81
20210106160305	1855.81
20210106160305	1855.81
20210106160305	1855.81
20210106160305	1855.81
20210106160305	1855.81
20210106160305	1855.81
20210106160305	1855.81
20210106160305	1855.81
20210106160305	1855.81
20210106160305	1855.81
20210106160305	1855.81
20210106160305	1855.81
20210106160305	1855.81
20210106160305	1855.81
20210106160305	1855.81
20210106160305	1855.81
20210106160305	1855.81
20210106160305	1855.81
20210106160305	1855.81
20210106160305	1855.81
20210106160305	1855.81
20210106160305	1855.81
20210106160305	1855.81
20210106160305	1855.81
20210106160305	1855.81
20210106160305	1855.81
20210106160305	1855.81
20210106160305	1855.81
20210106160305	1855.81
20210106160305	1855.81
20210106160305	1855.81
20210106160305	1855.81
20210106160305	1855.81
20210106160305	1855.81
20210106160305	1855.81
20210106160305	1855.81
20210106160305	1855.81
20210106160305	1855.81
20210106160305	1855.81
20210106160305	1855.81
20210106160305	1855.81
20210106160305	1855.81
20210106160305	1855.81
20210106160305	1855.81
20210106160305	1855.81
20210106160305	1855.81
20210106160305	1855.81
20210106160305	1855.81
20210106160305	1855.81
20210106160305	1855.81
20210106160305	1855.81
20210106160305	1855.81
20210106160305	1855.81
20210106160305	1855.81
20210106160305	1855.81
20210106160305	1855.81
20210106160305	1855.81
20210106160305	1855.81
20210106160305	1855.81
20210106160305	1855.81
20210106160305	1855.81
20210106160305	1855.81
20210106160305	1855.81
20210106160305	1855.81
20210106160305	1855.81
20210106160305	1855.81
20210106160305	1855.81
20210106160305	1855.81
20210106160305	1855.81
20210106160305	1855.81
20210106160305	1855.81
20210106160305	1855.81
20210106160305	1855.81
20210106160305	1855.81
20210106160306	1855.81
20210106160306	1855.81
20210106160306	1855.81
20210106160306	1855.81
20210106160306	1855.81
20210106160306	1855.81
20210106160306	1855.81
20210106160306	1855.81
20210106160306	1855.81
20210106160306	1855.81
20210106160306	1855.81
20210106160306	1855.81
20210106160306	1855.81
20210106160306	1855.81
20210106160306	1855.81
20210106160306	1855.81
20210106160306	1855.81
20210106160306	1855.81
20210106160306	1855.81
20210106160306	1855.81
20210106160306	1855.81
20210106160306	1855.81
20210106160306	1855.81
20210106160306	1855.81
20210106160306	1855.81
20210106160306	1855.81
20210106160306	1855.81
20210106160306	1855.81
20210106160306	1855.81
20210106160306	1855.81
20210106160306	1855.81
20210106160306	1855.81
20210106160306	1855.81
20210106160306	1855.81
20210106160306	1855.81
20210106160306	1855.81
20210106160306	1855.81
20210106160306	1855.81
20210106160306	1855.81
20210106160306	1855.81
20210106160306	1855.81
20210106160306	1855.81
20210106160306	1855.81
20210106160306	1855.81
20210106160306	1855.81
20210106160306	1855.81
20210106160306	1855.81
20210106160306	1855.81
20210106160306	1855.81
20210106160306	1855.81
20210106160306	1855.81
20210106160306	1855.81
20210106160306	1855.81
20210106160306	1855.81
20210106160306	1855.81
20210106160306	1855.81
20210106160306	1855.81
20210106160306	1855.81
20210106160306	1855.81
20210106160306	1855.81
20210106160306	1855.81
20210106160306	1855.81
20210106160306	1855.81
20210106160306	1855.81
20210106160306	1855.81
20210106160306	1855.81
20210106160306	1855.81
20210106160306	1855.81
20210106160306	1855.81
20210106160306	1855.81
20210106160306	1855.81
20210106160306	1855.81
20210106160306	1855.81
20210106160306	1855.81
20210106160306	1855.81
20210106160306	1855.81
20210106160306	1855.81
20210106160306	1855.81
20210106160306	1855.81
20210106160306	1855.81
20210106160306	1855.81
20210106160306	1855.81
20210106160306	1855.81
20210106160306	1855.81
20210106160306	1855.81
20210106160306	1855.81
