20210111015213	13.9958
20210111015213	12.7436
20210111015213	1.20311
20210111015213	12.179
20210111015213	10.6108
20210111015213	10.6108
20210111015213	-0.365006
20210111015213	10.6108
20210111015213	9.35619
20210111015213	9.35619
20210111015213	-1.61967
20210111015213	9.35619
20210111015213	-3.95501
20210111015213	7.2209
20210111015213	-3.95501
20210111015213	5.96293
20210111015213	-5.21299
20210111015213	5.96293
20210111015213	4.70332
20210111015213	4.70332
20210111015213	-6.47259
20210111015213	4.70332
20210111015214	-8.77032
20210111015214	2.52198
20210111015214	-9.71913
20210111015214	1.57317
20210111015214	-9.71913
20210111015214	1.57317
20210111015214	-11.3002
20210111015214	-0.00790199
20210111015214	-11.3002
20210111015214	-1.27232
20210111015214	-13.277
20210111015214	-1.88207
20210111015214	-3.14851
20210111015214	-3.14851
20210111015214	-14.5434
20210111015214	-3.14851
20210111015214	-4.41609
20210111015214	-4.41609
20210111015214	-4.41609
20210111015214	-4.41609
20210111015214	-6.61769
20210111015214	-6.61769
20210111015214	-18.1014
20210111015214	-7.57218
20210111015214	-19.5741
20210111015214	7.92941
20210111015214	-5.21852
20210111015214	6.33937
20210111015214	6.33937
20210111015214	5.06821
20210111015214	-7.39754
20210111015215	4.22685
20210111015215	-7.39754
20210111015215	2.95368
20210111015215	-8.67072
20210111015215	2.95368
20210111015215	-9.94463
20210111015215	1.67976
20210111015215	1.67976
20210111015215	1.67976
20210111015215	-12.4459
20210111015215	-0.769135
20210111015215	-13.4046
20210111015215	-1.72783
20210111015215	-13.4046
20210111015215	-1.72783
20210111015215	-15.0012
20210111015215	-3.32444
20210111015215	-15.0012
20210111015215	-4.60047
20210111015215	-5.8862
20210111015215	-5.8862
20210111015215	-18.8938
20210111015215	-7.16528
20210111015215	-7.16528
20210111015215	-7.16528
20210111015215	-20.4949
20210111015215	-8.76636
20210111015215	-8.76636
20210111015215	-9.72892
20210111015215	-22.3269
20210111015215	-10.5817
20210111015215	-22.3269
20210111015215	-11.8663
20210111015215	-23.6115
20210111015215	-11.8663
20210111015215	-25.2157
20210111015215	-13.4704
20210111015215	-25.2157
20210111015216	-14.7524
20210111015216	-27.345
20210111015216	-15.5974
20210111015216	-27.345
20210111015216	-16.8807
20210111015216	-29.1804
20210111015216	-17.4328
20210111015216	-3.81466
20210111015216	-3.81466
20210111015216	-15.5859
20210111015216	-5.1036
20210111015216	-18.029
20210111015216	-6.27824
20210111015216	-6.27824
20210111015216	-7.568
20210111015216	-19.3187
20210111015216	-7.568
20210111015216	-20.9287
20210111015216	-9.17801
20210111015216	-20.9287
20210111015216	-10.4642
20210111015216	-11.6371
20210111015216	-11.6371
20210111015216	-12.9246
20210111015216	-12.9246
20210111015216	-24.6405
20210111015216	-12.9246
20210111015216	-25.9284
20210111015216	-14.2126
20210111015216	-14.2126
20210111015217	-16.6683
20210111015217	-16.6683
20210111015217	-16.6683
20210111015217	-29.6271
20210111015217	-17.9603
20210111015217	-29.6271
20210111015217	-17.9603
20210111015217	-31.2395
20210111015217	-19.5728
20210111015217	-31.2395
20210111015217	-19.5728
20210111015217	-33.6146
20210111015217	-22.0111
20210111015217	-34.9035
20210111015217	-23.3001
20210111015217	-34.9035
20210111015217	-23.3001
20210111015217	-24.9127
20210111015217	-24.9127
20210111015217	35.2395
20210111015217	-26.2045
20210111015217	-27.3353
20210111015217	-27.3353
20210111015217	35.2395
20210111015217	-28.3049
20210111015217	34.3496
20210111015217	-16.5689
20210111015217	-29.6568
20210111015217	-18.1824
20210111015217	-18.1824
20210111015218	-19.4709
20210111015218	-21.7506
20210111015218	-21.7506
20210111015218	34.3496
20210111015218	-23.0412
20210111015218	-23.0412
20210111015218	-23.0412
20210111015218	-24.6569
20210111015218	-24.6569
20210111015218	34.3496
20210111015218	-24.6569
20210111015218	-27.1206
20210111015218	-27.1206
20210111015218	34.3496
20210111015218	-28.7404
20210111015218	34.3496
20210111015218	-28.7404
20210111015218	34.3496
20210111015218	-30.0336
20210111015218	-30.0336
20210111015218	-31.3246
20210111015218	34.3496
20210111015218	-32.7891
20210111015218	-32.7891
20210111015218	34.3496
20210111015218	34.3496
20210111015218	34.3496
20210111015218	34.3496
20210111015218	34.3496
20210111015218	34.3496
20210111015218	34.3496
20210111015218	34.3496
20210111015218	34.3496
20210111015218	34.3496
20210111015218	34.3496
20210111015218	34.3496
20210111015218	34.3496
20210111015218	34.3496
20210111015218	34.3496
20210111015219	34.3496
20210111015219	34.3496
20210111015219	34.3496
20210111015219	34.3496
20210111015219	34.3496
20210111015219	34.3496
20210111015219	33.5913
20210111015219	33.5913
20210111015219	33.5913
20210111015219	33.5913
20210111015219	33.5913
20210111015219	33.5913
20210111015219	33.5913
20210111015219	33.5913
20210111015219	33.5913
20210111015219	33.5913
20210111015219	33.5913
20210111015219	33.5913
20210111015219	33.5913
20210111015219	33.5913
20210111015219	33.5913
20210111015219	33.5913
20210111015219	33.5913
20210111015219	33.5913
20210111015219	33.5913
20210111015219	33.5913
20210111015220	33.5913
20210111015220	33.5913
20210111015220	33.5913
20210111015220	33.5913
20210111015220	33.5913
20210111015220	33.5913
20210111015220	33.5913
20210111015220	33.5913
20210111015220	33.5913
20210111015220	33.5913
20210111015220	33.5913
20210111015220	33.5913
20210111015220	33.5913
20210111015220	33.5913
20210111015220	33.5913
20210111015220	33.5913
20210111015220	33.5913
20210111015220	33.5913
20210111015220	33.5913
20210111015220	33.5913
20210111015220	33.5913
20210111015220	33.5913
20210111015220	33.5913
20210111015220	33.5913
20210111015220	33.5913
20210111015220	33.5913
20210111015220	33.5913
20210111015220	33.5913
20210111015220	33.5913
20210111015220	33.5913
20210111015220	33.0324
20210111015220	33.0324
20210111015220	33.0324
20210111015220	33.0324
20210111015220	33.0324
20210111015220	33.0324
20210111015220	33.0324
20210111015220	33.0324
20210111015220	33.0324
20210111015220	33.0324
20210111015220	33.0324
20210111015220	33.0324
20210111015220	33.0324
20210111015220	33.0324
20210111015220	33.0324
20210111015220	33.0324
20210111015220	33.0324
20210111015221	33.0324
20210111015221	33.0324
20210111015221	33.0324
20210111015221	33.0324
20210111015221	33.0324
20210111015221	33.0324
20210111015221	33.0324
20210111015221	33.0324
20210111015221	33.0324
20210111015221	33.0324
20210111015221	33.0324
20210111015221	33.0324
20210111015221	33.0324
20210111015221	33.0324
20210111015221	33.0324
20210111015221	33.0324
20210111015221	33.0324
20210111015221	33.0324
20210111015221	33.0324
20210111015221	33.0324
20210111015221	33.0324
20210111015221	33.0324
20210111015221	33.0324
20210111015221	33.0324
20210111015221	33.0324
20210111015221	33.0324
20210111015221	33.0324
20210111015222	33.0324
20210111015222	33.0324
20210111015222	33.0324
20210111015222	33.0324
20210111015222	33.0324
20210111015222	33.0324
20210111015222	32.5721
20210111015222	32.5721
20210111015222	32.5721
20210111015222	32.5721
20210111015222	32.5721
20210111015222	32.5721
20210111015222	32.5721
20210111015222	32.5721
20210111015222	32.5721
20210111015222	32.5721
20210111015222	32.5721
20210111015222	32.5721
20210111015222	32.5721
20210111015222	32.5721
20210111015222	32.5721
20210111015222	32.5721
20210111015222	32.5721
20210111015222	32.5721
20210111015222	32.5721
20210111015222	32.5721
20210111015222	32.5721
20210111015222	32.5721
20210111015222	32.5721
20210111015222	32.5721
20210111015222	32.5721
20210111015222	32.5721
20210111015222	32.5721
20210111015222	32.5721
20210111015223	32.5721
20210111015223	32.5721
20210111015223	32.5721
20210111015223	32.5721
20210111015223	32.5721
20210111015223	32.5721
20210111015223	32.5721
20210111015223	32.5721
20210111015223	32.5721
20210111015223	32.5721
20210111015223	32.5721
20210111015223	32.5721
20210111015223	32.5721
20210111015223	32.5721
20210111015223	32.5721
20210111015223	32.5721
20210111015223	32.5721
20210111015223	32.5721
20210111015223	32.5721
20210111015223	32.5721
20210111015223	32.5721
20210111015223	32.5721
20210111015223	32.0821
20210111015223	32.0821
20210111015223	32.0821
20210111015223	32.0821
20210111015223	32.0821
20210111015223	32.0821
20210111015224	32.0821
20210111015224	32.0821
20210111015224	32.0821
20210111015224	32.0821
20210111015224	32.0821
20210111015224	32.0821
20210111015224	32.0821
20210111015224	32.0821
20210111015224	32.0821
20210111015224	32.0821
20210111015224	32.0821
20210111015224	32.0821
20210111015224	32.0821
20210111015224	32.0821
20210111015224	32.0821
20210111015224	32.0821
20210111015224	32.0821
20210111015224	32.0821
20210111015224	32.0821
20210111015224	32.0821
20210111015224	32.0821
20210111015224	32.0821
20210111015224	32.0821
20210111015224	32.0821
20210111015224	32.0821
20210111015224	32.0821
20210111015224	32.0821
20210111015224	32.0821
20210111015224	32.0821
20210111015224	32.0821
20210111015224	32.0821
20210111015224	32.0821
20210111015224	32.0821
20210111015224	32.0821
20210111015225	32.0821
20210111015225	32.0821
20210111015225	32.0821
20210111015225	32.0821
20210111015225	32.0821
20210111015225	32.0821
20210111015225	32.0821
20210111015225	32.0821
20210111015225	32.0821
20210111015225	32.0821
20210111015225	31.6622
20210111015225	31.6622
20210111015225	31.6622
20210111015225	31.6622
20210111015225	31.6622
20210111015225	31.6622
20210111015225	31.6622
20210111015225	31.6622
20210111015225	31.6622
20210111015225	31.6622
20210111015225	31.6622
20210111015225	31.6622
20210111015225	31.6622
20210111015225	31.6622
20210111015225	31.6622
20210111015225	31.6622
20210111015225	31.6622
20210111015225	31.6622
20210111015225	31.6622
20210111015225	31.6622
20210111015225	31.6622
20210111015225	31.6622
20210111015225	31.6622
20210111015225	31.6622
20210111015225	31.6622
20210111015225	31.6622
20210111015226	31.6622
20210111015226	31.6622
20210111015226	31.6622
20210111015226	31.6622
20210111015226	31.6622
20210111015226	31.6622
20210111015226	31.6622
20210111015226	31.6622
20210111015226	31.6622
20210111015226	31.6622
20210111015226	31.6622
20210111015226	31.6622
20210111015226	31.6622
20210111015226	31.6622
20210111015226	31.6622
20210111015226	31.6622
20210111015227	31.6622
20210111015227	31.6622
20210111015227	31.6622
20210111015227	31.6622
20210111015227	31.6622
20210111015227	31.6622
20210111015227	31.6622
20210111015227	31.6622
20210111015227	31.3365
20210111015227	31.3365
20210111015227	31.3365
20210111015227	31.3365
20210111015227	31.3365
20210111015227	31.3365
20210111015227	31.3365
20210111015227	31.3365
20210111015227	31.3365
20210111015227	31.3365
20210111015227	31.3365
20210111015227	31.3365
20210111015227	31.3365
20210111015227	31.3365
20210111015227	31.3365
20210111015227	31.3365
20210111015227	31.3365
20210111015227	31.3365
20210111015227	31.3365
20210111015227	31.3365
20210111015227	31.3365
20210111015227	31.3365
20210111015227	31.3365
20210111015227	31.3365
20210111015227	31.3365
20210111015227	31.3365
20210111015227	31.3365
20210111015227	31.3365
20210111015227	31.3365
20210111015227	31.3365
20210111015227	31.3365
20210111015227	31.3365
20210111015227	31.3365
20210111015227	31.3365
20210111015227	31.3365
20210111015228	31.3365
20210111015228	31.3365
20210111015228	31.3365
20210111015228	31.3365
20210111015228	31.3365
20210111015228	31.3365
20210111015228	31.3365
20210111015228	31.3365
20210111015228	31.3365
20210111015228	31.3365
20210111015228	31.3365
20210111015228	31.3365
20210111015228	31.3365
20210111015228	31.3365
20210111015228	31.3365
20210111015228	31.1284
20210111015228	31.1284
20210111015228	31.1284
20210111015228	31.1284
20210111015228	31.1284
20210111015228	31.1284
20210111015228	31.1284
20210111015228	31.1284
20210111015228	31.1284
20210111015228	31.1284
20210111015228	31.1284
20210111015228	31.1284
20210111015228	31.1284
20210111015228	31.1284
20210111015228	31.1284
20210111015228	31.1284
20210111015229	31.1284
20210111015229	31.1284
20210111015229	31.1284
20210111015229	31.1284
20210111015229	31.1284
20210111015229	31.1284
20210111015229	31.1284
20210111015229	31.1284
20210111015229	31.1284
20210111015229	31.1284
20210111015229	31.1284
20210111015229	31.1284
20210111015229	31.1284
20210111015229	31.1284
20210111015229	31.1284
20210111015229	31.1284
20210111015229	31.1284
20210111015229	31.1284
20210111015229	31.1284
20210111015229	31.1284
20210111015229	31.1284
20210111015229	31.1284
20210111015229	31.1284
20210111015229	31.1284
20210111015229	31.1284
20210111015229	31.1284
20210111015229	31.1284
20210111015229	31.1284
20210111015229	31.1284
20210111015229	31.1284
20210111015229	31.1284
20210111015229	31.1284
20210111015229	31.1284
20210111015229	31.1284
20210111015229	30.9599
20210111015229	30.9599
20210111015229	30.9599
20210111015229	30.9599
20210111015229	30.9599
20210111015229	30.9599
20210111015229	30.9599
20210111015229	30.9599
20210111015229	30.9599
20210111015230	30.9599
20210111015230	30.9599
20210111015230	30.9599
20210111015230	30.9599
20210111015230	30.9599
20210111015230	30.9599
20210111015230	30.9599
20210111015230	30.9599
20210111015230	30.9599
20210111015230	30.9599
20210111015230	30.9599
20210111015230	30.9599
20210111015230	30.9599
20210111015230	30.9599
20210111015231	30.9599
20210111015231	30.9599
20210111015231	30.9599
20210111015231	30.9599
20210111015231	30.9599
20210111015231	30.9599
20210111015231	30.9599
20210111015231	30.9599
20210111015231	30.9599
20210111015231	30.9599
20210111015231	30.9599
20210111015231	30.9599
20210111015231	30.9599
20210111015231	30.9599
20210111015231	30.9599
20210111015231	30.9599
20210111015231	30.9599
20210111015231	30.9599
20210111015231	30.9599
20210111015231	30.9599
20210111015231	30.9599
20210111015231	30.9599
20210111015231	30.9599
20210111015231	30.9599
20210111015231	30.9599
20210111015231	30.9599
20210111015231	30.9599
20210111015231	30.7949
20210111015231	30.7949
20210111015231	30.7949
20210111015231	30.7949
20210111015231	30.7949
20210111015231	30.7949
20210111015231	30.7949
20210111015231	30.7949
20210111015231	30.7949
20210111015231	30.7949
20210111015231	30.7949
20210111015231	30.7949
20210111015231	30.7949
20210111015232	30.7949
20210111015232	30.7949
20210111015232	30.7949
20210111015232	30.7949
20210111015232	30.7949
20210111015232	30.7949
20210111015232	30.7949
20210111015232	30.7949
20210111015232	30.7949
20210111015232	30.7949
20210111015232	30.7949
20210111015232	30.7949
20210111015232	30.7949
20210111015232	30.7949
20210111015232	30.7949
20210111015232	30.7949
20210111015232	30.7949
20210111015232	30.7949
20210111015232	30.7949
20210111015232	30.7949
20210111015232	30.7949
20210111015232	30.7949
20210111015232	30.7949
20210111015232	30.7949
20210111015232	30.7949
20210111015232	30.7949
20210111015232	30.7949
20210111015232	30.7949
20210111015232	30.7949
20210111015232	30.7949
20210111015232	30.7949
20210111015232	30.7949
20210111015232	30.7949
20210111015233	30.7949
20210111015233	30.7949
20210111015233	30.7949
20210111015233	30.7949
20210111015233	30.6496
20210111015233	30.6496
20210111015233	30.6496
20210111015233	30.6496
20210111015233	30.6496
20210111015233	30.6496
20210111015233	30.6496
20210111015233	30.6496
20210111015233	30.6496
20210111015233	30.6496
20210111015233	30.6496
20210111015233	30.6496
20210111015233	30.6496
20210111015233	30.6496
20210111015233	30.6496
20210111015233	30.6496
20210111015233	30.6496
20210111015233	30.6496
20210111015233	30.6496
20210111015233	30.6496
20210111015233	30.6496
20210111015233	30.6496
20210111015233	30.6496
20210111015233	30.6496
20210111015233	30.6496
20210111015233	30.6496
20210111015233	30.6496
20210111015233	30.6496
20210111015233	30.6496
20210111015233	30.6496
20210111015233	30.6496
20210111015233	30.6496
20210111015233	30.6496
20210111015233	30.6496
20210111015233	30.6496
20210111015233	30.6496
20210111015234	30.6496
20210111015234	30.6496
20210111015234	30.6496
20210111015234	30.6496
20210111015234	30.6496
20210111015234	30.6496
20210111015234	30.6496
20210111015234	30.6496
20210111015234	30.6496
20210111015234	30.6496
20210111015234	30.6496
20210111015234	30.6496
20210111015234	30.6496
20210111015234	30.6496
20210111015234	30.5532
20210111015234	30.5532
20210111015234	30.5532
20210111015234	30.5532
20210111015234	30.5532
20210111015234	30.5532
20210111015234	30.5532
20210111015234	30.5532
20210111015234	30.5532
20210111015234	30.5532
20210111015234	30.5532
20210111015234	30.5532
20210111015234	30.5532
20210111015234	30.5532
20210111015234	30.5532
20210111015234	30.5532
20210111015234	30.5532
20210111015234	30.5532
20210111015234	30.5532
20210111015234	30.5532
20210111015234	30.5532
20210111015234	30.5532
20210111015234	30.5532
20210111015234	30.5532
20210111015234	30.5532
20210111015234	30.5532
20210111015234	30.5532
20210111015234	30.5532
20210111015234	30.5532
20210111015234	30.5532
20210111015234	30.5532
20210111015234	30.5532
20210111015234	30.5532
20210111015234	30.5532
20210111015234	30.5532
20210111015234	30.5532
20210111015234	30.5532
20210111015234	30.5532
20210111015234	30.5532
20210111015234	30.5532
20210111015235	30.5532
20210111015235	30.5532
20210111015235	30.5532
20210111015235	30.5532
20210111015235	30.5532
20210111015235	30.5532
20210111015235	30.5532
20210111015235	30.5532
20210111015235	30.5532
20210111015235	30.5532
20210111015235	30.4114
20210111015235	30.4114
20210111015235	30.4114
20210111015235	30.4114
20210111015235	30.4114
20210111015235	30.4114
20210111015235	30.4114
20210111015235	30.4114
20210111015235	30.4114
20210111015235	30.4114
20210111015235	30.4114
20210111015235	30.4114
20210111015235	30.4114
20210111015235	30.4114
20210111015235	30.4114
20210111015235	30.4114
20210111015235	30.4114
20210111015235	30.4114
20210111015235	30.4114
20210111015235	30.4114
20210111015235	30.4114
20210111015235	30.4114
20210111015235	30.4114
20210111015235	30.4114
20210111015235	30.4114
20210111015235	30.4114
20210111015236	30.4114
20210111015236	30.4114
20210111015236	30.4114
20210111015236	30.4114
20210111015236	30.4114
20210111015236	30.4114
20210111015236	30.4114
20210111015236	30.4114
20210111015236	30.4114
20210111015236	30.4114
20210111015236	30.4114
20210111015236	30.4114
20210111015236	30.4114
20210111015236	30.4114
20210111015236	30.4114
20210111015236	30.4114
20210111015236	30.4114
20210111015236	30.4114
20210111015236	30.4114
20210111015236	30.4114
20210111015236	30.4114
20210111015236	30.4114
20210111015236	30.4114
20210111015236	30.4114
20210111015236	30.2558
20210111015236	30.2558
20210111015236	30.2558
20210111015236	30.2558
20210111015236	30.2558
20210111015236	30.2558
20210111015236	30.2558
20210111015236	30.2558
20210111015236	30.2558
20210111015236	30.2558
20210111015236	30.2558
20210111015236	30.2558
20210111015236	30.2558
20210111015236	30.2558
20210111015236	30.2558
20210111015236	30.2558
20210111015236	30.2558
20210111015236	30.2558
20210111015236	30.2558
20210111015236	30.2558
20210111015236	30.2558
20210111015236	30.2558
20210111015236	30.2558
20210111015236	30.2558
20210111015236	30.2558
20210111015236	30.2558
20210111015236	30.2558
20210111015236	30.2558
20210111015236	30.2558
20210111015236	30.2558
20210111015236	30.2558
20210111015236	30.2558
20210111015236	30.2558
20210111015236	30.2558
20210111015236	30.2558
20210111015236	30.2558
20210111015236	30.2558
20210111015236	30.2558
20210111015236	30.2558
20210111015236	30.2558
20210111015236	30.2558
20210111015236	30.2558
20210111015236	30.2558
20210111015236	30.2558
20210111015236	30.2558
20210111015236	30.2558
20210111015236	30.2558
20210111015236	30.2558
20210111015236	30.2558
20210111015236	30.2558
20210111015236	30.0081
20210111015236	30.0081
20210111015236	30.0081
20210111015236	30.0081
20210111015236	30.0081
20210111015236	30.0081
20210111015237	30.0081
20210111015237	30.0081
20210111015237	30.0081
20210111015237	30.0081
20210111015237	30.0081
20210111015237	30.0081
20210111015237	30.0081
20210111015237	30.0081
20210111015237	30.0081
20210111015237	30.0081
20210111015237	30.0081
20210111015237	30.0081
20210111015237	30.0081
20210111015237	30.0081
20210111015237	30.0081
20210111015237	30.0081
20210111015237	30.0081
20210111015237	30.0081
20210111015237	30.0081
20210111015237	30.0081
20210111015237	30.0081
20210111015237	30.0081
20210111015237	30.0081
20210111015237	30.0081
20210111015237	30.0081
20210111015237	30.0081
20210111015237	30.0081
20210111015237	30.0081
20210111015237	30.0081
20210111015237	30.0081
20210111015237	30.0081
20210111015237	30.0081
20210111015237	30.0081
20210111015237	30.0081
20210111015237	30.0081
20210111015237	30.0081
20210111015237	30.0081
20210111015237	30.0081
20210111015237	30.0081
20210111015237	30.0081
20210111015237	30.0081
20210111015237	30.0081
20210111015237	30.0081
20210111015237	30.0081
20210111015237	29.6884
20210111015237	29.6884
20210111015238	29.6884
20210111015238	29.6884
20210111015238	29.6884
20210111015238	29.6884
20210111015238	29.6884
20210111015238	29.6884
20210111015238	29.6884
20210111015238	29.6884
20210111015238	29.6884
20210111015238	29.6884
20210111015238	29.6884
20210111015238	29.6884
20210111015238	29.6884
20210111015238	29.6884
20210111015238	29.6884
20210111015238	29.6884
20210111015238	29.6884
20210111015238	29.6884
20210111015239	29.6884
20210111015239	29.6884
20210111015239	29.6884
20210111015239	29.6884
20210111015239	29.6884
20210111015239	29.6884
20210111015239	29.6884
20210111015239	29.6884
20210111015239	29.6884
20210111015239	29.6884
20210111015239	29.6884
20210111015239	29.6884
20210111015239	29.6884
20210111015239	29.6884
20210111015239	29.6884
20210111015239	29.6884
20210111015239	29.6884
20210111015239	29.6884
20210111015239	29.6884
20210111015239	29.6884
20210111015239	29.6884
20210111015239	29.6884
20210111015239	29.6884
20210111015239	29.6884
20210111015239	29.6884
20210111015239	29.6884
20210111015239	29.6884
20210111015239	29.6884
20210111015239	29.6884
20210111015239	29.6884
20210111015239	29.4261
20210111015239	29.4261
20210111015239	29.4261
20210111015239	29.4261
20210111015239	29.4261
20210111015239	29.4261
20210111015239	29.4261
20210111015239	29.4261
20210111015239	29.4261
20210111015239	29.4261
20210111015239	29.4261
20210111015239	29.4261
20210111015239	29.4261
20210111015239	29.4261
20210111015240	29.4261
20210111015240	29.4261
20210111015240	29.4261
20210111015240	29.4261
20210111015240	29.4261
20210111015240	29.4261
20210111015240	29.4261
20210111015240	29.4261
20210111015240	29.4261
20210111015240	29.4261
20210111015240	29.4261
20210111015240	29.4261
20210111015240	29.4261
20210111015240	29.4261
20210111015240	29.4261
20210111015240	29.4261
20210111015240	29.4261
20210111015240	29.4261
20210111015240	29.4261
20210111015240	29.4261
20210111015240	29.4261
20210111015240	29.4261
20210111015240	29.4261
20210111015240	29.4261
20210111015240	29.4261
20210111015240	29.4261
20210111015240	29.4261
20210111015240	29.4261
20210111015240	29.4261
20210111015240	29.4261
20210111015240	29.4261
20210111015240	29.4261
20210111015240	29.4261
20210111015240	29.4261
20210111015240	29.4261
20210111015240	29.4261
20210111015240	29.2529
20210111015240	29.2529
20210111015241	29.2529
20210111015241	29.2529
20210111015241	29.2529
20210111015241	29.2529
20210111015241	29.2529
20210111015241	29.2529
20210111015241	29.2529
20210111015241	29.2529
20210111015241	29.2529
20210111015241	29.2529
20210111015241	29.2529
20210111015241	29.2529
20210111015241	29.2529
20210111015241	29.2529
20210111015241	29.2529
20210111015241	29.2529
20210111015241	29.2529
20210111015241	29.2529
20210111015241	29.2529
20210111015241	29.2529
20210111015241	29.2529
20210111015241	29.2529
20210111015241	29.2529
20210111015241	29.2529
20210111015241	29.2529
20210111015241	29.2529
20210111015241	29.2529
20210111015241	29.2529
20210111015241	29.2529
20210111015241	29.2529
20210111015241	29.2529
20210111015241	29.2529
20210111015241	29.2529
20210111015241	29.2529
20210111015241	29.2529
20210111015241	29.2529
20210111015241	29.2529
20210111015241	29.2529
20210111015241	29.2529
20210111015241	29.2529
20210111015242	29.2529
20210111015242	29.2529
20210111015242	29.2529
20210111015242	29.2529
20210111015242	29.2529
20210111015242	29.2529
20210111015242	29.2529
20210111015242	29.2529
20210111015242	29.0752
20210111015242	29.0752
20210111015242	29.0752
20210111015242	29.0752
20210111015242	29.0752
20210111015242	29.0752
20210111015242	29.0752
20210111015242	29.0752
20210111015242	29.0752
20210111015242	29.0752
20210111015242	29.0752
20210111015242	29.0752
20210111015242	29.0752
20210111015242	29.0752
20210111015242	29.0752
20210111015242	29.0752
20210111015242	29.0752
20210111015242	29.0752
20210111015242	29.0752
20210111015242	29.0752
20210111015242	29.0752
20210111015242	29.0752
20210111015242	29.0752
20210111015242	29.0752
20210111015242	29.0752
20210111015242	29.0752
20210111015242	29.0752
20210111015242	29.0752
20210111015243	29.0752
20210111015243	29.0752
20210111015243	29.0752
20210111015243	29.0752
20210111015243	29.0752
20210111015243	29.0752
20210111015243	29.0752
20210111015243	29.0752
20210111015243	29.0752
20210111015243	29.0752
20210111015243	29.0752
20210111015243	29.0752
20210111015243	29.0752
20210111015243	29.0752
20210111015243	29.0752
20210111015243	29.0752
20210111015243	29.0752
20210111015243	29.0752
20210111015243	29.0752
20210111015243	29.0752
20210111015243	29.0752
20210111015243	29.0752
20210111015243	28.9034
20210111015243	28.9034
20210111015243	28.9034
20210111015243	28.9034
20210111015243	28.9034
20210111015243	28.9034
20210111015243	28.9034
20210111015243	28.9034
20210111015243	28.9034
20210111015243	28.9034
20210111015243	28.9034
20210111015243	28.9034
20210111015243	28.9034
20210111015243	28.9034
20210111015243	28.9034
20210111015243	28.9034
20210111015243	28.9034
20210111015243	28.9034
20210111015243	28.9034
20210111015243	28.9034
20210111015243	28.9034
20210111015243	28.9034
20210111015244	28.9034
20210111015244	28.9034
20210111015244	28.9034
20210111015244	28.9034
20210111015244	28.9034
20210111015244	28.9034
20210111015244	28.9034
20210111015244	28.9034
20210111015244	28.9034
20210111015244	28.9034
20210111015244	28.9034
20210111015244	28.9034
20210111015244	28.9034
20210111015244	28.9034
20210111015244	28.9034
20210111015244	28.9034
20210111015244	28.9034
20210111015244	28.9034
20210111015244	28.9034
20210111015244	28.9034
20210111015244	28.9034
20210111015244	28.9034
20210111015244	28.9034
20210111015244	28.9034
20210111015244	28.9034
20210111015244	28.9034
20210111015244	28.9034
20210111015244	28.9034
20210111015244	28.7495
20210111015244	28.7495
20210111015244	28.7495
20210111015244	28.7495
20210111015244	28.7495
20210111015244	28.7495
20210111015244	28.7495
20210111015244	28.7495
20210111015244	28.7495
20210111015244	28.7495
20210111015244	28.7495
20210111015244	28.7495
20210111015244	28.7495
20210111015244	28.7495
20210111015244	28.7495
20210111015244	28.7495
20210111015244	28.7495
20210111015244	28.7495
20210111015244	28.7495
20210111015244	28.7495
20210111015244	28.7495
20210111015244	28.7495
20210111015244	28.7495
20210111015244	28.7495
20210111015244	28.7495
20210111015244	28.7495
20210111015244	28.7495
20210111015244	28.7495
20210111015244	28.7495
20210111015244	28.7495
20210111015244	28.7495
20210111015244	28.7495
20210111015244	28.7495
20210111015244	28.7495
20210111015244	28.7495
20210111015244	28.7495
20210111015244	28.7495
20210111015244	28.7495
20210111015244	28.7495
20210111015244	28.7495
20210111015244	28.7495
20210111015244	28.7495
20210111015244	28.7495
20210111015244	28.7495
20210111015244	28.7495
20210111015244	28.7495
20210111015244	28.7495
20210111015244	28.7495
20210111015244	28.7495
20210111015244	28.7495
20210111015244	28.6361
20210111015245	28.6361
20210111015245	28.6361
20210111015245	28.6361
20210111015245	28.6361
20210111015245	28.6361
20210111015245	28.6361
20210111015245	28.6361
20210111015245	28.6361
20210111015245	28.6361
20210111015245	28.6361
20210111015245	28.6361
20210111015245	28.6361
20210111015245	28.6361
20210111015245	28.6361
20210111015245	28.6361
20210111015245	28.6361
20210111015245	28.6361
20210111015245	28.6361
20210111015245	28.6361
20210111015245	28.6361
20210111015245	28.6361
20210111015245	28.6361
20210111015245	28.6361
20210111015245	28.6361
20210111015245	28.6361
20210111015245	28.6361
20210111015245	28.6361
20210111015245	28.6361
20210111015245	28.6361
20210111015245	28.6361
20210111015245	28.6361
20210111015245	28.6361
20210111015245	28.6361
20210111015246	28.6361
20210111015246	28.6361
20210111015246	28.6361
20210111015246	28.6361
20210111015246	28.6361
20210111015246	28.6361
20210111015246	28.6361
20210111015246	28.6361
20210111015246	28.6361
20210111015246	28.6361
20210111015246	28.6361
20210111015246	28.6361
20210111015246	28.6361
20210111015246	28.6361
20210111015246	28.6361
20210111015246	28.6361
20210111015246	28.4862
20210111015246	28.4862
20210111015246	28.4862
20210111015246	28.4862
20210111015246	28.4862
20210111015246	28.4862
20210111015246	28.4862
20210111015246	28.4862
20210111015246	28.4862
20210111015246	28.4862
20210111015246	28.4862
20210111015246	28.4862
20210111015246	28.4862
20210111015246	28.4862
20210111015246	28.4862
20210111015246	28.4862
20210111015246	28.4862
20210111015246	28.4862
20210111015246	28.4862
20210111015246	28.4862
20210111015246	28.4862
20210111015246	28.4862
20210111015246	28.4862
20210111015246	28.4862
20210111015246	28.4862
20210111015246	28.4862
20210111015246	28.4862
20210111015246	28.4862
20210111015246	28.4862
20210111015246	28.4862
20210111015246	28.4862
20210111015246	28.4862
20210111015247	28.4862
20210111015247	28.4862
20210111015247	28.4862
20210111015247	28.4862
20210111015247	28.4862
20210111015247	28.4862
20210111015247	28.4862
20210111015247	28.4862
20210111015247	28.4862
20210111015247	28.4862
20210111015247	28.4862
20210111015247	28.4862
20210111015247	28.4862
20210111015247	28.4862
20210111015247	28.4862
20210111015247	28.4862
20210111015247	28.4862
20210111015247	28.4862
20210111015247	28.2928
20210111015247	28.2928
20210111015247	28.2928
20210111015247	28.2928
20210111015247	28.2928
20210111015247	28.2928
20210111015247	28.2928
20210111015247	28.2928
20210111015247	28.2928
20210111015247	28.2928
20210111015247	28.2928
20210111015247	28.2928
20210111015247	28.2928
20210111015247	28.2928
20210111015247	28.2928
20210111015247	28.2928
20210111015247	28.2928
20210111015247	28.2928
20210111015247	28.2928
20210111015247	28.2928
20210111015247	28.2928
20210111015247	28.2928
20210111015247	28.2928
20210111015247	28.2928
20210111015247	28.2928
20210111015247	28.2928
20210111015247	28.2928
20210111015247	28.2928
20210111015247	28.2928
20210111015247	28.2928
20210111015247	28.2928
20210111015247	28.2928
20210111015247	28.2928
20210111015247	28.2928
20210111015247	28.2928
20210111015247	28.2928
20210111015247	28.2928
20210111015247	28.2928
20210111015247	28.2928
20210111015247	28.2928
20210111015247	28.2928
20210111015247	28.2928
20210111015247	28.2928
20210111015247	28.2928
20210111015247	28.2928
20210111015247	28.2928
20210111015248	28.2928
20210111015248	28.2928
20210111015248	28.2928
20210111015248	28.2928
20210111015248	28.0213
20210111015248	28.0213
20210111015248	28.0213
20210111015248	28.0213
20210111015248	28.0213
20210111015248	28.0213
20210111015248	28.0213
20210111015248	28.0213
20210111015248	28.0213
20210111015248	28.0213
20210111015248	28.0213
20210111015248	28.0213
20210111015248	28.0213
20210111015248	28.0213
20210111015248	28.0213
20210111015248	28.0213
20210111015248	28.0213
20210111015248	28.0213
20210111015248	28.0213
20210111015248	28.0213
20210111015248	28.0213
20210111015248	28.0213
20210111015248	28.0213
20210111015248	28.0213
20210111015248	28.0213
20210111015248	28.0213
20210111015248	28.0213
20210111015248	28.0213
20210111015248	28.0213
20210111015248	28.0213
20210111015248	28.0213
20210111015248	28.0213
20210111015248	28.0213
20210111015248	28.0213
20210111015248	28.0213
20210111015248	28.0213
20210111015248	28.0213
20210111015248	28.0213
20210111015248	28.0213
20210111015248	28.0213
20210111015248	28.0213
20210111015248	28.0213
20210111015248	28.0213
20210111015248	28.0213
20210111015248	28.0213
20210111015248	28.0213
20210111015248	28.0213
20210111015248	28.0213
20210111015248	28.0213
20210111015248	28.0213
20210111015248	27.7238
20210111015248	27.7238
20210111015248	27.7238
20210111015248	27.7238
20210111015248	27.7238
20210111015248	27.7238
20210111015249	27.7238
20210111015249	27.7238
20210111015249	27.7238
20210111015249	27.7238
20210111015249	27.7238
20210111015249	27.7238
20210111015249	27.7238
20210111015249	27.7238
20210111015249	27.7238
20210111015249	27.7238
20210111015249	27.7238
20210111015249	27.7238
20210111015249	27.7238
20210111015249	27.7238
20210111015249	27.7238
20210111015249	27.7238
20210111015249	27.7238
20210111015249	27.7238
20210111015249	27.7238
20210111015249	27.7238
20210111015249	27.7238
20210111015249	27.7238
20210111015249	27.7238
20210111015249	27.7238
20210111015249	27.7238
20210111015249	27.7238
20210111015249	27.7238
20210111015249	27.7238
20210111015249	27.7238
20210111015249	27.7238
20210111015249	27.7238
20210111015249	27.7238
20210111015249	27.7238
20210111015249	27.7238
20210111015249	27.7238
20210111015249	27.7238
20210111015249	27.7238
20210111015249	27.7238
20210111015249	27.7238
20210111015250	27.7238
20210111015250	27.7238
20210111015250	27.7238
20210111015250	27.7238
20210111015250	27.7238
20210111015250	27.4444
20210111015250	27.4444
20210111015250	27.4444
20210111015250	27.4444
20210111015250	27.4444
20210111015250	27.4444
20210111015250	27.4444
20210111015250	27.4444
20210111015250	27.4444
20210111015250	27.4444
20210111015250	27.4444
20210111015250	27.4444
20210111015250	27.4444
20210111015250	27.4444
20210111015250	27.4444
20210111015250	27.4444
20210111015250	27.4444
20210111015250	27.4444
20210111015250	27.4444
20210111015250	27.4444
20210111015250	27.4444
20210111015250	27.4444
20210111015250	27.4444
20210111015250	27.4444
20210111015250	27.4444
20210111015250	27.4444
20210111015250	27.4444
20210111015250	27.4444
20210111015250	27.4444
20210111015250	27.4444
20210111015250	27.4444
20210111015250	27.4444
20210111015250	27.4444
20210111015250	27.4444
20210111015250	27.4444
20210111015250	27.4444
20210111015250	27.4444
20210111015250	27.4444
20210111015250	27.4444
20210111015250	27.4444
20210111015250	27.4444
20210111015250	27.4444
20210111015250	27.4444
20210111015250	27.4444
20210111015251	27.4444
20210111015251	27.4444
20210111015251	27.4444
20210111015251	27.4444
20210111015251	27.4444
20210111015251	27.4444
20210111015251	27.2529
20210111015251	27.2529
20210111015251	27.2529
20210111015251	27.2529
20210111015251	27.2529
20210111015251	27.2529
20210111015251	27.2529
20210111015251	27.2529
20210111015251	27.2529
20210111015251	27.2529
20210111015251	27.2529
20210111015251	27.2529
20210111015251	27.2529
20210111015251	27.2529
20210111015251	27.2529
20210111015251	27.2529
20210111015251	27.2529
20210111015251	27.2529
20210111015251	27.2529
20210111015251	27.2529
20210111015252	27.2529
20210111015252	27.2529
20210111015252	27.2529
20210111015252	27.2529
20210111015252	27.2529
20210111015252	27.2529
20210111015252	27.2529
20210111015252	27.2529
20210111015252	27.2529
20210111015252	27.2529
20210111015252	27.2529
20210111015252	27.2529
20210111015252	27.2529
20210111015252	27.2529
20210111015252	27.2529
20210111015252	27.2529
20210111015252	27.2529
20210111015252	27.2529
20210111015252	27.2529
20210111015252	27.2529
20210111015252	27.2529
20210111015252	27.2529
20210111015252	27.2529
20210111015252	27.2529
20210111015252	27.2529
20210111015252	27.2529
20210111015252	27.2529
20210111015252	27.2529
20210111015252	27.2529
20210111015252	27.2529
20210111015252	27.1037
20210111015252	27.1037
20210111015252	27.1037
20210111015252	27.1037
20210111015252	27.1037
20210111015252	27.1037
20210111015252	27.1037
20210111015252	27.1037
20210111015252	27.1037
20210111015252	27.1037
20210111015252	27.1037
20210111015252	27.1037
20210111015252	27.1037
20210111015252	27.1037
20210111015252	27.1037
20210111015252	27.1037
20210111015253	27.1037
20210111015253	27.1037
20210111015253	27.1037
20210111015253	27.1037
20210111015253	27.1037
20210111015253	27.1037
20210111015253	27.1037
20210111015253	27.1037
20210111015253	27.1037
20210111015253	27.1037
20210111015253	27.1037
20210111015253	27.1037
20210111015253	27.1037
20210111015253	27.1037
20210111015253	27.1037
20210111015253	27.1037
20210111015253	27.1037
20210111015253	27.1037
20210111015253	27.1037
20210111015253	27.1037
20210111015253	27.1037
20210111015253	27.1037
20210111015253	27.1037
20210111015253	27.1037
20210111015253	27.1037
20210111015253	27.1037
20210111015253	27.1037
20210111015253	27.1037
20210111015253	27.1037
20210111015253	27.1037
20210111015253	27.1037
20210111015254	27.1037
20210111015254	27.1037
20210111015254	27.1037
20210111015254	26.9089
20210111015254	26.9089
20210111015254	26.9089
20210111015254	26.9089
20210111015254	26.9089
20210111015254	26.9089
20210111015254	26.9089
20210111015254	26.9089
20210111015254	26.9089
20210111015254	26.9089
20210111015254	26.9089
20210111015254	26.9089
20210111015254	26.9089
20210111015254	26.9089
20210111015254	26.9089
20210111015254	26.9089
20210111015254	26.9089
20210111015254	26.9089
20210111015254	26.9089
20210111015254	26.9089
20210111015254	26.9089
20210111015254	26.9089
20210111015254	26.9089
20210111015254	26.9089
20210111015254	26.9089
20210111015254	26.9089
20210111015254	26.9089
20210111015254	26.9089
20210111015254	26.9089
20210111015254	26.9089
20210111015254	26.9089
20210111015254	26.9089
20210111015254	26.9089
20210111015254	26.9089
20210111015254	26.9089
20210111015254	26.9089
20210111015254	26.9089
20210111015254	26.9089
20210111015254	26.9089
20210111015254	26.9089
20210111015254	26.9089
20210111015254	26.9089
20210111015254	26.9089
20210111015254	26.9089
20210111015254	26.9089
20210111015254	26.9089
20210111015255	26.9089
20210111015255	26.9089
20210111015255	26.9089
20210111015255	26.9089
20210111015255	26.7461
20210111015255	26.7461
20210111015255	26.7461
20210111015255	26.7461
20210111015255	26.7461
20210111015255	26.7461
20210111015255	26.7461
20210111015255	26.7461
20210111015255	26.7461
20210111015255	26.7461
20210111015255	26.7461
20210111015255	26.7461
20210111015255	26.7461
20210111015255	26.7461
20210111015255	26.7461
20210111015255	26.7461
20210111015255	26.7461
20210111015255	26.7461
20210111015255	26.7461
20210111015255	26.7461
20210111015255	26.7461
20210111015255	26.7461
20210111015255	26.7461
20210111015255	26.7461
20210111015255	26.7461
20210111015255	26.7461
20210111015255	26.7461
20210111015255	26.7461
20210111015255	26.7461
20210111015255	26.7461
20210111015255	26.7461
20210111015255	26.7461
20210111015255	26.7461
20210111015255	26.7461
20210111015255	26.7461
20210111015255	26.7461
20210111015256	26.7461
20210111015256	26.7461
20210111015256	26.7461
20210111015256	26.7461
20210111015256	26.7461
20210111015256	26.7461
20210111015256	26.7461
20210111015256	26.7461
20210111015256	26.7461
20210111015256	26.7461
20210111015256	26.7461
20210111015256	26.7461
20210111015256	26.7461
20210111015256	26.6424
20210111015256	26.6424
20210111015256	26.6424
20210111015256	26.6424
20210111015256	26.6424
20210111015256	26.6424
20210111015256	26.6424
20210111015256	26.6424
20210111015256	26.6424
20210111015256	26.6424
20210111015256	26.6424
20210111015256	26.6424
20210111015256	26.6424
20210111015256	26.6424
20210111015256	26.6424
20210111015256	26.6424
20210111015256	26.6424
20210111015256	26.6424
20210111015256	26.6424
20210111015256	26.6424
20210111015256	26.6424
20210111015256	26.6424
20210111015256	26.6424
20210111015257	26.6424
20210111015257	26.6424
20210111015257	26.6424
20210111015257	26.6424
20210111015257	26.6424
20210111015257	26.6424
20210111015257	26.6424
20210111015257	26.6424
20210111015257	26.6424
20210111015257	26.6424
20210111015257	26.6424
20210111015257	26.6424
20210111015257	26.6424
20210111015257	26.6424
20210111015257	26.6424
20210111015257	26.6424
20210111015257	26.6424
20210111015257	26.6424
20210111015257	26.6424
20210111015257	26.6424
20210111015257	26.6424
20210111015257	26.6424
20210111015257	26.6424
20210111015257	26.6424
20210111015257	26.6424
20210111015257	26.6424
20210111015257	26.6424
20210111015257	26.6424
20210111015257	26.5459
20210111015257	26.5459
20210111015257	26.5459
20210111015257	26.5459
20210111015257	26.5459
20210111015257	26.5459
20210111015257	26.5459
20210111015257	26.5459
20210111015257	26.5459
20210111015257	26.5459
20210111015257	26.5459
20210111015257	26.5459
20210111015257	26.5459
20210111015257	26.5459
20210111015257	26.5459
20210111015257	26.5459
20210111015257	26.5459
20210111015257	26.5459
20210111015257	26.5459
20210111015257	26.5459
20210111015257	26.5459
20210111015257	26.5459
20210111015258	26.5459
20210111015258	26.5459
20210111015258	26.5459
20210111015258	26.5459
20210111015258	26.5459
20210111015258	26.5459
20210111015258	26.5459
20210111015258	26.5459
20210111015258	26.5459
20210111015258	26.5459
20210111015258	26.5459
20210111015258	26.5459
20210111015258	26.5459
20210111015258	26.5459
20210111015258	26.5459
20210111015258	26.5459
20210111015258	26.5459
20210111015258	26.5459
20210111015258	26.5459
20210111015258	26.5459
20210111015258	26.5459
20210111015258	26.5459
20210111015258	26.5459
20210111015258	26.5459
20210111015258	26.5459
20210111015258	26.5459
20210111015258	26.5459
20210111015258	26.5459
20210111015258	26.4068
20210111015258	26.4068
20210111015258	26.4068
20210111015258	26.4068
20210111015258	26.4068
20210111015258	26.4068
20210111015258	26.4068
20210111015258	26.4068
20210111015258	26.4068
20210111015258	26.4068
20210111015258	26.4068
20210111015258	26.4068
20210111015258	26.4068
20210111015259	26.4068
20210111015259	26.4068
20210111015259	26.4068
20210111015259	26.4068
20210111015259	26.4068
20210111015259	26.4068
20210111015259	26.4068
20210111015259	26.4068
20210111015259	26.4068
20210111015259	26.4068
20210111015259	26.4068
20210111015259	26.4068
20210111015259	26.4068
20210111015259	26.4068
20210111015259	26.4068
20210111015259	26.4068
20210111015259	26.4068
20210111015259	26.4068
20210111015259	26.4068
20210111015259	26.4068
20210111015259	26.4068
20210111015259	26.4068
20210111015259	26.4068
20210111015259	26.4068
20210111015259	26.4068
20210111015259	26.4068
20210111015259	26.4068
20210111015259	26.4068
20210111015259	26.4068
20210111015259	26.4068
20210111015259	26.4068
20210111015259	26.4068
20210111015300	26.4068
20210111015300	26.4068
20210111015300	26.4068
20210111015300	26.4068
20210111015300	26.4068
20210111015300	26.2533
20210111015300	26.2533
20210111015300	26.2533
20210111015300	26.2533
20210111015300	26.2533
20210111015300	26.2533
20210111015300	26.2533
20210111015300	26.2533
20210111015300	26.2533
20210111015300	26.2533
20210111015300	26.2533
20210111015300	26.2533
20210111015300	26.2533
20210111015300	26.2533
20210111015300	26.2533
20210111015300	26.2533
20210111015300	26.2533
20210111015300	26.2533
20210111015300	26.2533
20210111015300	26.2533
20210111015300	26.2533
20210111015300	26.2533
20210111015300	26.2533
20210111015300	26.2533
20210111015300	26.2533
20210111015300	26.2533
20210111015300	26.2533
20210111015300	26.2533
20210111015300	26.2533
20210111015300	26.2533
20210111015300	26.2533
20210111015300	26.2533
20210111015300	26.2533
20210111015300	26.2533
20210111015300	26.2533
20210111015300	26.2533
20210111015300	26.2533
20210111015301	26.2533
20210111015301	26.2533
20210111015301	26.2533
20210111015301	26.2533
20210111015301	26.2533
20210111015301	26.2533
20210111015301	26.2533
20210111015301	26.2533
20210111015301	26.2533
20210111015301	26.2533
20210111015301	26.2533
20210111015301	26.2533
20210111015301	26.2533
20210111015301	26.049
20210111015301	26.049
20210111015301	26.049
20210111015301	26.049
20210111015301	26.049
20210111015301	26.049
20210111015301	26.049
20210111015301	26.049
20210111015301	26.049
20210111015301	26.049
20210111015301	26.049
20210111015301	26.049
20210111015301	26.049
20210111015301	26.049
20210111015301	26.049
20210111015301	26.049
20210111015301	26.049
20210111015301	26.049
20210111015301	26.049
20210111015301	26.049
20210111015302	26.049
20210111015302	26.049
20210111015302	26.049
20210111015302	26.049
20210111015302	26.049
20210111015302	26.049
20210111015302	26.049
20210111015302	26.049
20210111015302	26.049
20210111015302	26.049
20210111015302	26.049
20210111015302	26.049
20210111015302	26.049
20210111015302	26.049
20210111015302	26.049
20210111015302	26.049
20210111015302	26.049
20210111015302	26.049
20210111015302	26.049
20210111015302	26.049
20210111015302	26.049
20210111015302	26.049
20210111015302	26.049
20210111015302	26.049
20210111015302	26.049
20210111015302	26.049
20210111015302	26.049
20210111015303	26.049
20210111015303	26.049
20210111015303	26.049
20210111015303	25.846
20210111015303	25.846
20210111015303	25.846
20210111015303	25.846
20210111015303	25.846
20210111015303	25.846
20210111015303	25.846
20210111015303	25.846
20210111015303	25.846
20210111015303	25.846
20210111015303	25.846
20210111015303	25.846
20210111015303	25.846
20210111015303	25.846
20210111015303	25.846
20210111015303	25.846
20210111015303	25.846
20210111015303	25.846
20210111015303	25.846
20210111015303	25.846
20210111015303	25.846
20210111015303	25.846
20210111015303	25.846
20210111015304	25.846
20210111015304	25.846
20210111015304	25.846
20210111015304	25.846
20210111015304	25.846
20210111015304	25.846
20210111015304	25.846
20210111015304	25.846
20210111015304	25.846
20210111015304	25.846
20210111015304	25.846
20210111015304	25.846
20210111015304	25.846
20210111015304	25.846
20210111015304	25.846
20210111015304	25.846
20210111015304	25.846
20210111015304	25.846
20210111015304	25.846
20210111015304	25.846
20210111015304	25.846
20210111015304	25.846
20210111015304	25.846
20210111015304	25.846
20210111015304	25.846
20210111015304	25.846
20210111015304	25.846
20210111015304	25.6577
20210111015304	25.6577
20210111015304	25.6577
20210111015304	25.6577
20210111015304	25.6577
20210111015304	25.6577
20210111015304	25.6577
20210111015304	25.6577
20210111015304	25.6577
20210111015305	25.6577
20210111015305	25.6577
20210111015305	25.6577
20210111015305	25.6577
20210111015305	25.6577
20210111015305	25.6577
20210111015305	25.6577
20210111015305	25.6577
20210111015305	25.6577
20210111015305	25.6577
20210111015305	25.6577
20210111015305	25.6577
20210111015305	25.6577
20210111015305	25.6577
20210111015305	25.6577
20210111015305	25.6577
20210111015305	25.6577
20210111015305	25.6577
20210111015305	25.6577
20210111015305	25.6577
20210111015305	25.6577
20210111015305	25.6577
20210111015305	25.6577
20210111015305	25.6577
20210111015305	25.6577
20210111015305	25.6577
20210111015305	25.6577
20210111015306	25.6577
20210111015306	25.6577
20210111015306	25.6577
20210111015306	25.6577
20210111015306	25.6577
20210111015306	25.6577
20210111015306	25.6577
20210111015306	25.6577
20210111015306	25.6577
20210111015306	25.6577
20210111015306	25.6577
20210111015306	25.6577
20210111015306	25.6577
20210111015306	25.6577
20210111015306	25.452
20210111015306	25.452
20210111015306	25.452
20210111015306	25.452
20210111015306	25.452
20210111015306	25.452
20210111015306	25.452
20210111015306	25.452
20210111015306	25.452
20210111015306	25.452
20210111015306	25.452
20210111015306	25.452
20210111015306	25.452
20210111015306	25.452
20210111015306	25.452
20210111015306	25.452
20210111015306	25.452
20210111015306	25.452
20210111015306	25.452
20210111015306	25.452
20210111015306	25.452
20210111015306	25.452
20210111015306	25.452
20210111015306	25.452
20210111015306	25.452
20210111015306	25.452
20210111015306	25.452
20210111015306	25.452
20210111015306	25.452
20210111015306	25.452
20210111015306	25.452
20210111015307	25.452
20210111015307	25.452
20210111015307	25.452
20210111015307	25.452
20210111015307	25.452
20210111015307	25.452
20210111015307	25.452
20210111015307	25.452
20210111015307	25.452
20210111015307	25.452
20210111015307	25.452
20210111015307	25.452
20210111015307	25.452
20210111015307	25.452
20210111015307	25.452
20210111015307	25.452
20210111015307	25.452
20210111015307	25.452
20210111015307	25.452
20210111015307	25.3297
20210111015307	25.3297
20210111015307	25.3297
20210111015307	25.3297
20210111015307	25.3297
20210111015307	25.3297
20210111015307	25.3297
20210111015307	25.3297
20210111015307	25.3297
20210111015307	25.3297
20210111015307	25.3297
20210111015307	25.3297
20210111015307	25.3297
20210111015307	25.3297
20210111015307	25.3297
20210111015307	25.3297
20210111015307	25.3297
20210111015307	25.3297
20210111015307	25.3297
20210111015307	25.3297
20210111015308	25.3297
20210111015308	25.3297
20210111015308	25.3297
20210111015308	25.3297
20210111015308	25.3297
20210111015308	25.3297
20210111015308	25.3297
20210111015308	25.3297
20210111015308	25.3297
20210111015308	25.3297
20210111015308	25.3297
20210111015308	25.3297
20210111015308	25.3297
20210111015308	25.3297
20210111015308	25.3297
20210111015308	25.3297
20210111015308	25.3297
20210111015308	25.3297
20210111015308	25.3297
20210111015308	25.3297
20210111015308	25.3297
20210111015308	25.3297
20210111015308	25.3297
20210111015308	25.3297
20210111015308	25.3297
20210111015308	25.3297
20210111015308	25.3297
20210111015308	25.3297
20210111015308	25.3297
20210111015308	25.3297
20210111015308	25.1881
20210111015308	25.1881
20210111015308	25.1881
20210111015308	25.1881
20210111015308	25.1881
20210111015308	25.1881
20210111015309	25.1881
20210111015309	25.1881
20210111015309	25.1881
20210111015309	25.1881
20210111015309	25.1881
20210111015309	25.1881
20210111015309	25.1881
20210111015309	25.1881
20210111015309	25.1881
20210111015309	25.1881
20210111015309	25.1881
20210111015309	25.1881
20210111015309	25.1881
20210111015309	25.1881
20210111015309	25.1881
20210111015309	25.1881
20210111015309	25.1881
20210111015309	25.1881
20210111015309	25.1881
20210111015309	25.1881
20210111015309	25.1881
20210111015309	25.1881
20210111015309	25.1881
20210111015309	25.1881
20210111015309	25.1881
20210111015309	25.1881
20210111015309	25.1881
20210111015309	25.1881
20210111015309	25.1881
20210111015309	25.1881
20210111015309	25.1881
20210111015309	25.1881
20210111015309	25.1881
20210111015309	25.1881
20210111015309	25.1881
20210111015309	25.1881
20210111015309	25.1881
20210111015309	25.1881
20210111015309	25.1881
20210111015309	25.1881
20210111015309	25.1881
20210111015309	25.1881
20210111015310	25.1881
20210111015310	25.1881
20210111015310	25.0768
20210111015310	25.0768
20210111015310	25.0768
20210111015310	25.0768
20210111015310	25.0768
20210111015310	25.0768
20210111015310	25.0768
20210111015310	25.0768
20210111015310	25.0768
20210111015310	25.0768
20210111015310	25.0768
20210111015310	25.0768
20210111015310	25.0768
20210111015310	25.0768
20210111015310	25.0768
20210111015310	25.0768
20210111015310	25.0768
20210111015310	25.0768
20210111015310	25.0768
20210111015310	25.0768
20210111015310	25.0768
20210111015310	25.0768
20210111015310	25.0768
20210111015310	25.0768
20210111015310	25.0768
20210111015310	25.0768
20210111015310	25.0768
20210111015310	25.0768
20210111015310	25.0768
20210111015310	25.0768
20210111015310	25.0768
20210111015310	25.0768
20210111015310	25.0768
20210111015310	25.0768
20210111015310	25.0768
20210111015310	25.0768
20210111015310	25.0768
20210111015310	25.0768
20210111015310	25.0768
20210111015310	25.0768
20210111015310	25.0768
20210111015310	25.0768
20210111015310	25.0768
20210111015310	25.0768
20210111015311	25.0768
20210111015311	25.0768
20210111015311	25.0768
20210111015311	25.0768
20210111015311	25.0768
20210111015311	25.0768
20210111015311	24.9945
20210111015311	24.9945
20210111015311	24.9945
20210111015311	24.9945
20210111015311	24.9945
20210111015311	24.9945
20210111015311	24.9945
20210111015311	24.9945
20210111015311	24.9945
20210111015311	24.9945
20210111015311	24.9945
20210111015311	24.9945
20210111015311	24.9945
20210111015311	24.9945
20210111015311	24.9945
20210111015311	24.9945
20210111015311	24.9945
20210111015311	24.9945
20210111015311	24.9945
20210111015311	24.9945
20210111015311	24.9945
20210111015311	24.9945
20210111015311	24.9945
20210111015311	24.9945
20210111015311	24.9945
20210111015311	24.9945
20210111015311	24.9945
20210111015311	24.9945
20210111015311	24.9945
20210111015311	24.9945
20210111015311	24.9945
20210111015311	24.9945
20210111015311	24.9945
20210111015311	24.9945
20210111015312	24.9945
20210111015312	24.9945
20210111015312	24.9945
20210111015312	24.9945
20210111015312	24.9945
20210111015312	24.9945
20210111015312	24.9945
20210111015312	24.9945
20210111015312	24.9945
20210111015312	24.9945
20210111015312	24.9945
20210111015312	24.9945
20210111015312	24.9945
20210111015312	24.9945
20210111015312	24.9945
20210111015312	24.9945
20210111015312	24.9248
20210111015312	24.9248
20210111015312	24.9248
20210111015312	24.9248
20210111015312	24.9248
20210111015312	24.9248
20210111015312	24.9248
20210111015312	24.9248
20210111015312	24.9248
20210111015312	24.9248
20210111015312	24.9248
20210111015312	24.9248
20210111015312	24.9248
20210111015312	24.9248
20210111015312	24.9248
20210111015312	24.9248
20210111015312	24.9248
20210111015312	24.9248
20210111015312	24.9248
20210111015312	24.9248
20210111015312	24.9248
20210111015312	24.9248
20210111015312	24.9248
20210111015312	24.9248
20210111015313	24.9248
20210111015313	24.9248
20210111015313	24.9248
20210111015313	24.9248
20210111015313	24.9248
20210111015313	24.9248
20210111015313	24.9248
20210111015313	24.9248
20210111015313	24.9248
20210111015313	24.9248
20210111015313	24.9248
20210111015313	24.9248
20210111015313	24.9248
20210111015313	24.9248
20210111015313	24.9248
20210111015313	24.9248
20210111015313	24.9248
20210111015313	24.9248
20210111015313	24.9248
20210111015313	24.9248
20210111015313	24.9248
20210111015313	24.9248
20210111015313	24.9248
20210111015313	24.9248
20210111015313	24.9248
20210111015313	24.9248
20210111015313	24.8498
20210111015313	24.8498
20210111015313	24.8498
20210111015313	24.8498
20210111015313	24.8498
20210111015313	24.8498
20210111015313	24.8498
20210111015313	24.8498
20210111015313	24.8498
20210111015313	24.8498
20210111015313	24.8498
20210111015313	24.8498
20210111015313	24.8498
20210111015313	24.8498
20210111015313	24.8498
20210111015313	24.8498
20210111015313	24.8498
20210111015313	24.8498
20210111015313	24.8498
20210111015313	24.8498
20210111015313	24.8498
20210111015313	24.8498
20210111015313	24.8498
20210111015313	24.8498
20210111015314	24.8498
20210111015314	24.8498
20210111015314	24.8498
20210111015314	24.8498
20210111015314	24.8498
20210111015314	24.8498
20210111015314	24.8498
20210111015314	24.8498
20210111015314	24.8498
20210111015314	24.8498
20210111015314	24.8498
20210111015314	24.8498
20210111015314	24.8498
20210111015314	24.8498
20210111015314	24.8498
20210111015314	24.8498
20210111015314	24.8498
20210111015314	24.8498
20210111015314	24.8498
20210111015314	24.8498
20210111015314	24.8498
20210111015314	24.8498
20210111015314	24.8498
20210111015314	24.8498
20210111015314	24.8498
20210111015314	24.8498
20210111015314	24.6855
20210111015314	24.6855
20210111015314	24.6855
20210111015314	24.6855
20210111015314	24.6855
20210111015315	24.6855
20210111015315	24.6855
20210111015315	24.6855
20210111015315	24.6855
20210111015315	24.6855
20210111015315	24.6855
20210111015315	24.6855
20210111015315	24.6855
20210111015315	24.6855
20210111015315	24.6855
20210111015315	24.6855
20210111015315	24.6855
20210111015315	24.6855
20210111015315	24.6855
20210111015315	24.6855
20210111015315	24.6855
20210111015315	24.6855
20210111015315	24.6855
20210111015315	24.6855
20210111015315	24.6855
20210111015315	24.6855
20210111015315	24.6855
20210111015315	24.6855
20210111015315	24.6855
20210111015315	24.6855
20210111015315	24.6855
20210111015315	24.6855
20210111015315	24.6855
20210111015315	24.6855
20210111015315	24.6855
20210111015315	24.6855
20210111015315	24.6855
20210111015315	24.6855
20210111015315	24.6855
20210111015315	24.6855
20210111015315	24.6855
20210111015315	24.6855
20210111015315	24.6855
20210111015315	24.6855
20210111015315	24.6855
20210111015315	24.6855
20210111015315	24.6855
20210111015315	24.6855
20210111015315	24.6855
20210111015315	24.6855
20210111015315	24.4253
20210111015315	24.4253
20210111015315	24.4253
20210111015315	24.4253
20210111015316	24.4253
20210111015316	24.4253
20210111015316	24.4253
20210111015316	24.4253
20210111015316	24.4253
20210111015316	24.4253
20210111015316	24.4253
20210111015316	24.4253
20210111015316	24.4253
20210111015316	24.4253
20210111015316	24.4253
20210111015316	24.4253
20210111015316	24.4253
20210111015316	24.4253
20210111015316	24.4253
20210111015316	24.4253
20210111015316	24.4253
20210111015316	24.4253
20210111015316	24.4253
20210111015316	24.4253
20210111015316	24.4253
20210111015316	24.4253
20210111015316	24.4253
20210111015317	24.4253
20210111015317	24.4253
20210111015317	24.4253
20210111015317	24.4253
20210111015317	24.4253
20210111015317	24.4253
20210111015317	24.4253
20210111015317	24.4253
20210111015317	24.4253
20210111015317	24.4253
20210111015317	24.4253
20210111015317	24.4253
20210111015317	24.4253
20210111015317	24.4253
20210111015317	24.4253
20210111015317	24.4253
20210111015317	24.4253
20210111015317	24.4253
20210111015317	24.4253
20210111015317	24.4253
20210111015317	24.4253
20210111015317	24.4253
20210111015317	24.4253
20210111015317	24.2352
20210111015317	24.2352
20210111015317	24.2352
20210111015317	24.2352
20210111015317	24.2352
20210111015317	24.2352
20210111015318	24.2352
20210111015318	24.2352
20210111015318	24.2352
20210111015318	24.2352
20210111015318	24.2352
20210111015318	24.2352
20210111015318	24.2352
20210111015318	24.2352
20210111015318	24.2352
20210111015318	24.2352
20210111015318	24.2352
20210111015318	24.2352
20210111015318	24.2352
20210111015318	24.2352
20210111015318	24.2352
20210111015318	24.2352
20210111015318	24.2352
20210111015318	24.2352
20210111015318	24.2352
20210111015318	24.2352
20210111015318	24.2352
20210111015318	24.2352
20210111015318	24.2352
20210111015318	24.2352
20210111015318	24.2352
20210111015318	24.2352
20210111015318	24.2352
20210111015318	24.2352
20210111015318	24.2352
20210111015318	24.2352
20210111015318	24.2352
20210111015318	24.2352
20210111015318	24.2352
20210111015318	24.2352
20210111015318	24.2352
20210111015318	24.2352
20210111015318	24.2352
20210111015318	24.2352
20210111015318	24.2352
20210111015318	24.2352
20210111015318	24.2352
20210111015318	24.2352
20210111015318	24.2352
20210111015318	24.2352
20210111015318	24.1027
20210111015318	24.1027
20210111015318	24.1027
20210111015318	24.1027
20210111015318	24.1027
20210111015318	24.1027
20210111015318	24.1027
20210111015319	24.1027
20210111015319	24.1027
20210111015319	24.1027
20210111015319	24.1027
20210111015319	24.1027
20210111015319	24.1027
20210111015319	24.1027
20210111015319	24.1027
20210111015319	24.1027
20210111015319	24.1027
20210111015319	24.1027
20210111015319	24.1027
20210111015319	24.1027
20210111015319	24.1027
20210111015319	24.1027
20210111015319	24.1027
20210111015319	24.1027
20210111015319	24.1027
20210111015319	24.1027
20210111015319	24.1027
20210111015319	24.1027
20210111015319	24.1027
20210111015319	24.1027
20210111015319	24.1027
20210111015319	24.1027
20210111015319	24.1027
20210111015319	24.1027
20210111015319	24.1027
20210111015319	24.1027
20210111015319	24.1027
20210111015319	24.1027
20210111015319	24.1027
20210111015319	24.1027
20210111015319	24.1027
20210111015319	24.1027
20210111015319	24.1027
20210111015319	24.1027
20210111015319	24.1027
20210111015319	24.1027
20210111015319	24.1027
20210111015319	24.1027
20210111015319	24.1027
20210111015319	23.9949
20210111015319	23.9949
20210111015319	23.9949
20210111015319	23.9949
20210111015319	23.9949
20210111015319	23.9949
20210111015319	23.9949
20210111015319	23.9949
20210111015319	23.9949
20210111015319	23.9949
20210111015320	23.9949
20210111015320	23.9949
20210111015320	23.9949
20210111015320	23.9949
20210111015320	23.9949
20210111015320	23.9949
20210111015320	23.9949
20210111015320	23.9949
20210111015320	23.9949
20210111015320	23.9949
20210111015320	23.9949
20210111015320	23.9949
20210111015320	23.9949
20210111015320	23.9949
20210111015320	23.9949
20210111015320	23.9949
20210111015320	23.9949
20210111015320	23.9949
20210111015320	23.9949
20210111015320	23.9949
20210111015320	23.9949
20210111015320	23.9949
20210111015320	23.9949
20210111015320	23.9949
20210111015320	23.9949
20210111015320	23.9949
20210111015320	23.9949
20210111015320	23.9949
20210111015320	23.9949
20210111015320	23.9949
20210111015320	23.9949
20210111015320	23.9949
20210111015320	23.9949
20210111015320	23.9949
20210111015320	23.9949
20210111015320	23.9949
20210111015320	23.9949
20210111015320	23.9949
20210111015320	23.9949
20210111015320	23.9949
20210111015320	23.9949
20210111015320	23.883
20210111015320	23.883
20210111015320	23.883
20210111015320	23.883
20210111015320	23.883
20210111015320	23.883
20210111015320	23.883
20210111015320	23.883
20210111015321	23.883
20210111015321	23.883
20210111015321	23.883
20210111015321	23.883
20210111015321	23.883
20210111015321	23.883
20210111015321	23.883
20210111015321	23.883
20210111015321	23.883
20210111015321	23.883
20210111015321	23.883
20210111015321	23.883
20210111015321	23.883
20210111015321	23.883
20210111015321	23.883
20210111015321	23.883
20210111015321	23.883
20210111015321	23.883
20210111015321	23.883
20210111015321	23.883
20210111015321	23.883
20210111015321	23.883
20210111015321	23.883
20210111015321	23.883
20210111015321	23.883
20210111015321	23.883
20210111015321	23.883
20210111015321	23.883
20210111015321	23.883
20210111015321	23.883
20210111015322	23.883
20210111015322	23.883
20210111015322	23.883
20210111015322	23.883
20210111015322	23.883
20210111015322	23.883
20210111015322	23.883
20210111015322	23.883
20210111015322	23.883
20210111015322	23.883
20210111015322	23.883
20210111015322	23.883
20210111015322	23.834
20210111015322	23.834
20210111015322	23.834
20210111015322	23.834
20210111015322	23.834
20210111015322	23.834
20210111015322	23.834
20210111015322	23.834
20210111015322	23.834
20210111015322	23.834
20210111015322	23.834
20210111015322	23.834
20210111015322	23.834
20210111015322	23.834
20210111015322	23.834
20210111015322	23.834
20210111015322	23.834
20210111015322	23.834
20210111015322	23.834
20210111015322	23.834
20210111015322	23.834
20210111015322	23.834
20210111015322	23.834
20210111015322	23.834
20210111015322	23.834
20210111015322	23.834
20210111015322	23.834
20210111015322	23.834
20210111015322	23.834
20210111015322	23.834
20210111015322	23.834
20210111015322	23.834
20210111015322	23.834
20210111015322	23.834
20210111015322	23.834
20210111015322	23.834
20210111015322	23.834
20210111015322	23.834
20210111015322	23.834
20210111015322	23.834
20210111015322	23.834
20210111015322	23.834
20210111015322	23.834
20210111015322	23.834
20210111015322	23.834
20210111015322	23.834
20210111015322	23.834
20210111015322	23.834
20210111015322	23.834
20210111015322	23.834
20210111015322	23.7691
20210111015322	23.7691
20210111015322	23.7691
20210111015322	23.7691
20210111015322	23.7691
20210111015322	23.7691
20210111015323	23.7691
20210111015323	23.7691
20210111015323	23.7691
20210111015323	23.7691
20210111015323	23.7691
20210111015323	23.7691
20210111015323	23.7691
20210111015323	23.7691
20210111015323	23.7691
20210111015323	23.7691
20210111015323	23.7691
20210111015323	23.7691
20210111015323	23.7691
20210111015323	23.7691
20210111015323	23.7691
20210111015323	23.7691
20210111015323	23.7691
20210111015323	23.7691
20210111015323	23.7691
20210111015323	23.7691
20210111015323	23.7691
20210111015323	23.7691
20210111015323	23.7691
20210111015323	23.7691
20210111015323	23.7691
20210111015323	23.7691
20210111015323	23.7691
20210111015323	23.7691
20210111015323	23.7691
20210111015323	23.7691
20210111015323	23.7691
20210111015323	23.7691
20210111015323	23.7691
20210111015323	23.7691
20210111015323	23.7691
20210111015323	23.7691
20210111015323	23.7691
20210111015323	23.7691
20210111015324	23.7691
20210111015324	23.7691
20210111015324	23.7691
20210111015324	23.7691
20210111015324	23.7691
20210111015324	23.6909
20210111015324	23.6909
20210111015324	23.6909
20210111015324	23.6909
20210111015324	23.6909
20210111015324	23.6909
20210111015324	23.6909
20210111015324	23.6909
20210111015324	23.6909
20210111015324	23.6909
20210111015324	23.6909
20210111015324	23.6909
20210111015324	23.6909
20210111015324	23.6909
20210111015324	23.6909
20210111015324	23.6909
20210111015324	23.6909
20210111015324	23.6909
20210111015324	23.6909
20210111015324	23.6909
20210111015324	23.6909
20210111015324	23.6909
20210111015324	23.6909
20210111015324	23.6909
20210111015324	23.6909
20210111015324	23.6909
20210111015324	23.6909
20210111015324	23.6909
20210111015324	23.6909
20210111015324	23.6909
20210111015324	23.6909
20210111015324	23.6909
20210111015324	23.6909
20210111015324	23.6909
20210111015324	23.6909
20210111015324	23.6909
20210111015324	23.6909
20210111015324	23.6909
20210111015324	23.6909
20210111015324	23.6909
20210111015324	23.6909
20210111015324	23.6909
20210111015324	23.6909
20210111015324	23.6909
20210111015324	23.6909
20210111015325	23.6909
20210111015325	23.6909
20210111015325	23.6909
20210111015325	23.6909
20210111015325	23.6909
20210111015325	23.6909
20210111015325	23.6485
20210111015325	23.6485
20210111015325	23.6485
20210111015325	23.6485
20210111015325	23.6485
20210111015325	23.6485
20210111015325	23.6485
20210111015325	23.6485
20210111015325	23.6485
20210111015325	23.6485
20210111015325	23.6485
20210111015325	23.6485
20210111015325	23.6485
20210111015325	23.6485
20210111015325	23.6485
20210111015325	23.6485
20210111015325	23.6485
20210111015325	23.6485
20210111015325	23.6485
20210111015325	23.6485
20210111015325	23.6485
20210111015325	23.6485
20210111015325	23.6485
20210111015325	23.6485
20210111015326	23.6485
20210111015326	23.6485
20210111015326	23.6485
20210111015326	23.6485
20210111015326	23.6485
20210111015326	23.6485
20210111015326	23.6485
20210111015326	23.6485
20210111015326	23.6485
20210111015326	23.6485
20210111015326	23.6485
20210111015326	23.6485
20210111015326	23.6485
20210111015326	23.6485
20210111015326	23.6485
20210111015326	23.6485
20210111015326	23.6485
20210111015326	23.6485
20210111015326	23.6485
20210111015326	23.6485
20210111015326	23.6485
20210111015326	23.6485
20210111015326	23.6485
20210111015326	23.6485
20210111015326	23.6485
20210111015326	23.6485
20210111015326	23.5697
20210111015326	23.5697
20210111015326	23.5697
20210111015326	23.5697
20210111015326	23.5697
20210111015326	23.5697
20210111015326	23.5697
20210111015326	23.5697
20210111015326	23.5697
20210111015326	23.5697
20210111015326	23.5697
20210111015326	23.5697
20210111015326	23.5697
20210111015326	23.5697
20210111015326	23.5697
20210111015326	23.5697
20210111015326	23.5697
20210111015326	23.5697
20210111015326	23.5697
20210111015326	23.5697
20210111015326	23.5697
20210111015326	23.5697
20210111015326	23.5697
20210111015327	23.5697
20210111015327	23.5697
20210111015327	23.5697
20210111015327	23.5697
20210111015327	23.5697
20210111015327	23.5697
20210111015327	23.5697
20210111015327	23.5697
20210111015327	23.5697
20210111015327	23.5697
20210111015327	23.5697
20210111015327	23.5697
20210111015327	23.5697
20210111015327	23.5697
20210111015327	23.5697
20210111015327	23.5697
20210111015327	23.5697
20210111015327	23.5697
20210111015327	23.5697
20210111015327	23.5697
20210111015327	23.5697
20210111015327	23.5697
20210111015327	23.5697
20210111015327	23.5697
20210111015327	23.5697
20210111015327	23.5697
20210111015327	23.5697
20210111015327	23.4088
20210111015327	23.4088
20210111015327	23.4088
20210111015327	23.4088
20210111015328	23.4088
20210111015328	23.4088
20210111015328	23.4088
20210111015328	23.4088
20210111015328	23.4088
20210111015328	23.4088
20210111015328	23.4088
20210111015328	23.4088
20210111015328	23.4088
20210111015328	23.4088
20210111015328	23.4088
20210111015328	23.4088
20210111015328	23.4088
20210111015328	23.4088
20210111015328	23.4088
20210111015328	23.4088
20210111015328	23.4088
20210111015328	23.4088
20210111015328	23.4088
20210111015328	23.4088
20210111015328	23.4088
20210111015328	23.4088
20210111015328	23.4088
20210111015328	23.4088
20210111015328	23.4088
20210111015328	23.4088
20210111015328	23.4088
20210111015328	23.4088
20210111015328	23.4088
20210111015328	23.4088
20210111015328	23.4088
20210111015328	23.4088
20210111015328	23.4088
20210111015328	23.4088
20210111015328	23.4088
20210111015328	23.4088
20210111015328	23.4088
20210111015328	23.4088
20210111015328	23.4088
20210111015328	23.4088
20210111015329	23.4088
20210111015329	23.4088
20210111015329	23.4088
20210111015329	23.4088
20210111015329	23.4088
20210111015329	23.4088
20210111015329	23.2379
20210111015329	23.2379
20210111015329	23.2379
20210111015329	23.2379
20210111015329	23.2379
20210111015329	23.2379
20210111015329	23.2379
20210111015329	23.2379
20210111015329	23.2379
20210111015329	23.2379
20210111015329	23.2379
20210111015329	23.2379
20210111015329	23.2379
20210111015329	23.2379
20210111015329	23.2379
20210111015329	23.2379
20210111015329	23.2379
20210111015329	23.2379
20210111015329	23.2379
20210111015329	23.2379
20210111015329	23.2379
20210111015329	23.2379
20210111015329	23.2379
20210111015329	23.2379
20210111015329	23.2379
20210111015330	23.2379
20210111015330	23.2379
20210111015330	23.2379
20210111015330	23.2379
20210111015330	23.2379
20210111015330	23.2379
20210111015330	23.2379
20210111015330	23.2379
20210111015330	23.2379
20210111015330	23.2379
20210111015330	23.2379
20210111015330	23.2379
20210111015330	23.2379
20210111015330	23.2379
20210111015330	23.2379
20210111015330	23.2379
20210111015330	23.2379
20210111015330	23.2379
20210111015330	23.2379
20210111015330	23.2379
20210111015330	23.2379
20210111015330	23.2379
20210111015330	23.2379
20210111015330	23.2379
20210111015330	23.2379
20210111015330	23.1012
20210111015330	23.1012
20210111015330	23.1012
20210111015330	23.1012
20210111015330	23.1012
20210111015330	23.1012
20210111015330	23.1012
20210111015330	23.1012
20210111015331	23.1012
20210111015331	23.1012
20210111015331	23.1012
20210111015331	23.1012
20210111015331	23.1012
20210111015331	23.1012
20210111015331	23.1012
20210111015331	23.1012
20210111015331	23.1012
20210111015331	23.1012
20210111015331	23.1012
20210111015331	23.1012
20210111015331	23.1012
20210111015331	23.1012
20210111015331	23.1012
20210111015331	23.1012
20210111015331	23.1012
20210111015331	23.1012
20210111015331	23.1012
20210111015331	23.1012
20210111015331	23.1012
20210111015331	23.1012
20210111015331	23.1012
20210111015331	23.1012
20210111015331	23.1012
20210111015331	23.1012
20210111015331	23.1012
20210111015331	23.1012
20210111015331	23.1012
20210111015331	23.1012
20210111015331	23.1012
20210111015331	23.1012
20210111015331	23.1012
20210111015331	23.1012
20210111015331	23.1012
20210111015331	23.1012
20210111015331	23.1012
20210111015331	23.1012
20210111015331	23.1012
20210111015331	23.1012
20210111015331	23.1012
20210111015331	23.1012
20210111015331	22.9886
20210111015331	22.9886
20210111015331	22.9886
20210111015331	22.9886
20210111015331	22.9886
20210111015331	22.9886
20210111015331	22.9886
20210111015331	22.9886
20210111015331	22.9886
20210111015331	22.9886
20210111015331	22.9886
20210111015331	22.9886
20210111015331	22.9886
20210111015331	22.9886
20210111015331	22.9886
20210111015331	22.9886
20210111015331	22.9886
20210111015331	22.9886
20210111015331	22.9886
20210111015331	22.9886
20210111015331	22.9886
20210111015331	22.9886
20210111015332	22.9886
20210111015332	22.9886
20210111015332	22.9886
20210111015332	22.9886
20210111015332	22.9886
20210111015332	22.9886
20210111015332	22.9886
20210111015332	22.9886
20210111015332	22.9886
20210111015332	22.9886
20210111015332	22.9886
20210111015332	22.9886
20210111015332	22.9886
20210111015332	22.9886
20210111015332	22.9886
20210111015332	22.9886
20210111015332	22.9886
20210111015332	22.9886
20210111015332	22.9886
20210111015332	22.9886
20210111015332	22.9886
20210111015332	22.9886
20210111015332	22.9886
20210111015332	22.9886
20210111015332	22.9886
20210111015332	22.9886
20210111015332	22.9886
20210111015332	22.9886
20210111015332	22.9675
20210111015332	22.9675
20210111015332	22.9675
20210111015332	22.9675
20210111015332	22.9675
20210111015332	22.9675
20210111015332	22.9675
20210111015332	22.9675
20210111015332	22.9675
20210111015332	22.9675
20210111015332	22.9675
20210111015332	22.9675
20210111015332	22.9675
20210111015333	22.9675
20210111015333	22.9675
20210111015333	22.9675
20210111015333	22.9675
20210111015333	22.9675
20210111015333	22.9675
20210111015333	22.9675
20210111015333	22.9675
20210111015333	22.9675
20210111015333	22.9675
20210111015333	22.9675
20210111015333	22.9675
20210111015333	22.9675
20210111015333	22.9675
20210111015333	22.9675
20210111015333	22.9675
20210111015333	22.9675
20210111015333	22.9675
20210111015333	22.9675
20210111015333	22.9675
20210111015333	22.9675
20210111015333	22.9675
20210111015333	22.9675
20210111015333	22.9675
20210111015333	22.9675
20210111015333	22.9675
20210111015333	22.9675
20210111015333	22.9675
20210111015333	22.9675
20210111015333	22.9675
20210111015333	22.9675
20210111015333	22.9675
20210111015333	22.9675
20210111015333	22.9675
20210111015333	22.9675
20210111015333	22.9675
20210111015333	22.9675
20210111015333	22.972
20210111015333	22.972
20210111015333	22.972
20210111015333	22.972
20210111015333	22.972
20210111015334	22.972
20210111015334	22.972
20210111015334	22.972
20210111015334	22.972
20210111015334	22.972
20210111015334	22.972
20210111015334	22.972
20210111015334	22.972
20210111015334	22.972
20210111015334	22.972
20210111015334	22.972
20210111015334	22.972
20210111015334	22.972
20210111015334	22.972
20210111015334	22.972
20210111015334	22.972
20210111015334	22.972
20210111015334	22.972
20210111015334	22.972
20210111015334	22.972
20210111015334	22.972
20210111015334	22.972
20210111015334	22.972
20210111015334	22.972
20210111015334	22.972
20210111015334	22.972
20210111015334	22.972
20210111015334	22.972
20210111015334	22.972
20210111015334	22.972
20210111015334	22.972
20210111015334	22.972
20210111015334	22.972
20210111015334	22.972
20210111015334	22.972
20210111015334	22.972
20210111015334	22.972
20210111015334	22.972
20210111015334	22.972
20210111015334	22.972
20210111015334	22.972
20210111015334	22.972
20210111015334	22.972
20210111015334	22.972
20210111015334	22.972
20210111015335	22.9292
20210111015335	22.9292
20210111015335	22.9292
20210111015335	22.9292
20210111015335	22.9292
20210111015335	22.9292
20210111015335	22.9292
20210111015335	22.9292
20210111015335	22.9292
20210111015335	22.9292
20210111015335	22.9292
20210111015335	22.9292
20210111015335	22.9292
20210111015335	22.9292
20210111015335	22.9292
20210111015335	22.9292
20210111015335	22.9292
20210111015335	22.9292
20210111015335	22.9292
20210111015335	22.9292
20210111015335	22.9292
20210111015335	22.9292
20210111015335	22.9292
20210111015335	22.9292
20210111015335	22.9292
20210111015335	22.9292
20210111015335	22.9292
20210111015336	22.9292
20210111015336	22.9292
20210111015336	22.9292
20210111015336	22.9292
20210111015336	22.9292
20210111015336	22.9292
20210111015336	22.9292
20210111015336	22.9292
20210111015336	22.9292
20210111015336	22.9292
20210111015336	22.9292
20210111015336	22.9292
20210111015336	22.9292
20210111015336	22.9292
20210111015336	22.9292
20210111015336	22.9292
20210111015336	22.9292
20210111015336	22.9292
20210111015336	22.9292
20210111015336	22.9292
20210111015336	22.9292
20210111015336	22.9292
20210111015336	22.9292
20210111015336	22.8937
20210111015336	22.8937
20210111015336	22.8937
20210111015336	22.8937
20210111015336	22.8937
20210111015336	22.8937
20210111015336	22.8937
20210111015336	22.8937
20210111015336	22.8937
20210111015336	22.8937
20210111015336	22.8937
20210111015336	22.8937
20210111015336	22.8937
20210111015336	22.8937
20210111015336	22.8937
20210111015336	22.8937
20210111015336	22.8937
20210111015336	22.8937
20210111015336	22.8937
20210111015336	22.8937
20210111015336	22.8937
20210111015336	22.8937
20210111015336	22.8937
20210111015336	22.8937
20210111015337	22.8937
20210111015337	22.8937
20210111015337	22.8937
20210111015337	22.8937
20210111015337	22.8937
20210111015337	22.8937
20210111015337	22.8937
20210111015337	22.8937
20210111015337	22.8937
20210111015337	22.8937
20210111015337	22.8937
20210111015337	22.8937
20210111015337	22.8937
20210111015337	22.8937
20210111015337	22.8937
20210111015337	22.8937
20210111015337	22.8937
20210111015337	22.8937
20210111015337	22.8937
20210111015337	22.8937
20210111015337	22.8937
20210111015337	22.8937
20210111015337	22.8937
20210111015337	22.8937
20210111015337	22.8937
20210111015337	22.8937
20210111015337	22.8756
20210111015337	22.8756
20210111015337	22.8756
20210111015337	22.8756
20210111015337	22.8756
20210111015337	22.8756
20210111015337	22.8756
20210111015338	22.8756
20210111015338	22.8756
20210111015338	22.8756
20210111015338	22.8756
20210111015338	22.8756
20210111015338	22.8756
20210111015338	22.8756
20210111015338	22.8756
20210111015338	22.8756
20210111015338	22.8756
20210111015338	22.8756
20210111015338	22.8756
20210111015338	22.8756
20210111015338	22.8756
20210111015338	22.8756
20210111015338	22.8756
20210111015338	22.8756
20210111015338	22.8756
20210111015338	22.8756
20210111015338	22.8756
20210111015338	22.8756
20210111015338	22.8756
20210111015338	22.8756
20210111015338	22.8756
20210111015338	22.8756
20210111015338	22.8756
20210111015338	22.8756
20210111015338	22.8756
20210111015338	22.8756
20210111015338	22.8756
20210111015338	22.8756
20210111015338	22.8756
20210111015338	22.8756
20210111015338	22.8756
20210111015338	22.8756
20210111015338	22.8756
20210111015338	22.8756
20210111015338	22.8756
20210111015338	22.8756
20210111015338	22.8756
20210111015338	22.8756
20210111015338	22.8756
20210111015338	22.8756
20210111015338	22.896
20210111015338	22.896
20210111015338	22.896
20210111015338	22.896
20210111015338	22.896
20210111015339	22.896
20210111015339	22.896
20210111015339	22.896
20210111015339	22.896
20210111015339	22.896
20210111015339	22.896
20210111015339	22.896
20210111015339	22.896
20210111015339	22.896
20210111015339	22.896
20210111015339	22.896
20210111015339	22.896
20210111015339	22.896
20210111015339	22.896
20210111015339	22.896
20210111015339	22.896
20210111015339	22.896
20210111015339	22.896
20210111015339	22.896
20210111015339	22.896
20210111015339	22.896
20210111015339	22.896
20210111015339	22.896
20210111015339	22.896
20210111015339	22.896
20210111015339	22.896
20210111015339	22.896
20210111015339	22.896
20210111015339	22.896
20210111015339	22.896
20210111015339	22.896
20210111015339	22.896
20210111015339	22.896
20210111015339	22.896
20210111015339	22.896
20210111015339	22.896
20210111015339	22.896
20210111015339	22.896
20210111015339	22.896
20210111015339	22.896
20210111015339	22.896
20210111015339	22.896
20210111015339	22.896
20210111015339	22.896
20210111015339	22.896
20210111015339	22.9294
20210111015339	22.9294
20210111015339	22.9294
20210111015339	22.9294
20210111015339	22.9294
20210111015339	22.9294
20210111015339	22.9294
20210111015339	22.9294
20210111015339	22.9294
20210111015339	22.9294
20210111015339	22.9294
20210111015339	22.9294
20210111015339	22.9294
20210111015339	22.9294
20210111015340	22.9294
20210111015340	22.9294
20210111015340	22.9294
20210111015340	22.9294
20210111015340	22.9294
20210111015340	22.9294
20210111015340	22.9294
20210111015340	22.9294
20210111015340	22.9294
20210111015340	22.9294
20210111015340	22.9294
20210111015340	22.9294
20210111015340	22.9294
20210111015340	22.9294
20210111015340	22.9294
20210111015340	22.9294
20210111015340	22.9294
20210111015340	22.9294
20210111015340	22.9294
20210111015340	22.9294
20210111015340	22.9294
20210111015340	22.9294
20210111015340	22.9294
20210111015340	22.9294
20210111015340	22.9294
20210111015340	22.9294
20210111015340	22.9294
20210111015340	22.9294
20210111015340	22.9294
20210111015340	22.9294
20210111015340	22.9294
20210111015340	22.9294
20210111015340	22.9294
20210111015340	22.9294
20210111015340	22.9294
20210111015340	22.9464
20210111015340	22.9464
20210111015340	22.9464
20210111015340	22.9464
20210111015340	22.9464
20210111015340	22.9464
20210111015340	22.9464
20210111015340	22.9464
20210111015340	22.9464
20210111015341	22.9464
20210111015341	22.9464
20210111015341	22.9464
20210111015341	22.9464
20210111015341	22.9464
20210111015341	22.9464
20210111015341	22.9464
20210111015341	22.9464
20210111015341	22.9464
20210111015341	22.9464
20210111015341	22.9464
20210111015341	22.9464
20210111015341	22.9464
20210111015341	22.9464
20210111015341	22.9464
20210111015341	22.9464
20210111015341	22.9464
20210111015341	22.9464
20210111015341	22.9464
20210111015341	22.9464
20210111015341	22.9464
20210111015341	22.9464
20210111015341	22.9464
20210111015341	22.9464
20210111015341	22.9464
20210111015341	22.9464
20210111015341	22.9464
20210111015341	22.9464
20210111015341	22.9464
20210111015341	22.9464
20210111015341	22.9464
20210111015341	22.9464
20210111015342	22.9464
20210111015342	22.9464
20210111015342	22.9464
20210111015342	22.9464
20210111015342	22.9464
20210111015342	22.9464
20210111015342	22.9464
20210111015342	22.9464
20210111015342	22.9464
20210111015342	22.9464
20210111015342	22.9331
20210111015342	22.9331
20210111015342	22.9331
20210111015342	22.9331
20210111015342	22.9331
20210111015342	22.9331
20210111015342	22.9331
20210111015342	22.9331
20210111015342	22.9331
20210111015342	22.9331
20210111015342	22.9331
20210111015342	22.9331
20210111015342	22.9331
20210111015342	22.9331
20210111015342	22.9331
20210111015342	22.9331
20210111015342	22.9331
20210111015342	22.9331
20210111015342	22.9331
20210111015342	22.9331
20210111015342	22.9331
20210111015342	22.9331
20210111015342	22.9331
20210111015342	22.9331
20210111015342	22.9331
20210111015342	22.9331
20210111015342	22.9331
20210111015342	22.9331
20210111015342	22.9331
20210111015342	22.9331
20210111015342	22.9331
20210111015342	22.9331
20210111015342	22.9331
20210111015342	22.9331
20210111015342	22.9331
20210111015342	22.9331
20210111015342	22.9331
20210111015342	22.9331
20210111015342	22.9331
20210111015342	22.9331
20210111015342	22.9331
20210111015342	22.9331
20210111015342	22.9331
20210111015342	22.9331
20210111015342	22.9331
20210111015342	22.9331
20210111015342	22.9331
20210111015342	22.9331
20210111015342	22.9331
20210111015342	22.9331
20210111015342	22.9431
20210111015342	22.9431
20210111015342	22.9431
20210111015342	22.9431
20210111015342	22.9431
20210111015342	22.9431
20210111015342	22.9431
20210111015342	22.9431
20210111015343	22.9431
20210111015343	22.9431
20210111015343	22.9431
20210111015343	22.9431
20210111015343	22.9431
20210111015343	22.9431
20210111015343	22.9431
20210111015343	22.9431
20210111015343	22.9431
20210111015343	22.9431
20210111015343	22.9431
20210111015343	22.9431
20210111015343	22.9431
20210111015343	22.9431
20210111015343	22.9431
20210111015343	22.9431
20210111015343	22.9431
20210111015343	22.9431
20210111015343	22.9431
20210111015343	22.9431
20210111015343	22.9431
20210111015343	22.9431
20210111015343	22.9431
20210111015343	22.9431
20210111015343	22.9431
20210111015343	22.9431
20210111015343	22.9431
20210111015343	22.9431
20210111015343	22.9431
20210111015343	22.9431
20210111015343	22.9431
20210111015343	22.9431
20210111015343	22.9431
20210111015343	22.9431
20210111015343	22.9431
20210111015343	22.9431
20210111015343	22.9431
20210111015343	22.9431
20210111015343	22.9431
20210111015343	22.9431
20210111015343	22.9431
20210111015343	22.9431
20210111015343	22.9195
20210111015343	22.9195
20210111015343	22.9195
20210111015343	22.9195
20210111015343	22.9195
20210111015343	22.9195
20210111015344	22.9195
20210111015344	22.9195
20210111015344	22.9195
20210111015344	22.9195
20210111015344	22.9195
20210111015344	22.9195
20210111015344	22.9195
20210111015344	22.9195
20210111015344	22.9195
20210111015344	22.9195
20210111015344	22.9195
20210111015344	22.9195
20210111015344	22.9195
20210111015344	22.9195
20210111015344	22.9195
20210111015344	22.9195
20210111015344	22.9195
20210111015344	22.9195
20210111015344	22.9195
20210111015344	22.9195
20210111015344	22.9195
20210111015344	22.9195
20210111015344	22.9195
20210111015344	22.9195
20210111015344	22.9195
20210111015344	22.9195
20210111015344	22.9195
20210111015344	22.9195
20210111015344	22.9195
20210111015344	22.9195
20210111015344	22.9195
20210111015344	22.9195
20210111015344	22.9195
20210111015344	22.9195
20210111015344	22.9195
20210111015344	22.9195
20210111015344	22.9195
20210111015344	22.9195
20210111015344	22.9195
20210111015344	22.9195
20210111015344	22.9195
20210111015344	22.9195
20210111015344	22.9195
20210111015344	22.9195
20210111015344	22.8638
20210111015344	22.8638
20210111015344	22.8638
20210111015344	22.8638
20210111015344	22.8638
20210111015344	22.8638
20210111015344	22.8638
20210111015344	22.8638
20210111015344	22.8638
20210111015344	22.8638
20210111015344	22.8638
20210111015344	22.8638
20210111015344	22.8638
20210111015344	22.8638
20210111015344	22.8638
20210111015344	22.8638
20210111015344	22.8638
20210111015344	22.8638
20210111015344	22.8638
20210111015344	22.8638
20210111015344	22.8638
20210111015344	22.8638
20210111015344	22.8638
20210111015344	22.8638
20210111015344	22.8638
20210111015345	22.8638
20210111015345	22.8638
20210111015345	22.8638
20210111015345	22.8638
20210111015345	22.8638
20210111015345	22.8638
20210111015345	22.8638
20210111015345	22.8638
20210111015345	22.8638
20210111015345	22.8638
20210111015345	22.8638
20210111015345	22.8638
20210111015345	22.8638
20210111015345	22.8638
20210111015345	22.8638
20210111015345	22.8638
20210111015345	22.8638
20210111015345	22.8638
20210111015345	22.8638
20210111015345	22.8638
20210111015345	22.8638
20210111015345	22.8638
20210111015345	22.8638
20210111015345	22.8638
20210111015345	22.8638
20210111015345	22.8638
20210111015345	22.8638
20210111015345	22.8638
20210111015345	22.8638
20210111015345	22.8638
20210111015345	22.8638
20210111015345	22.8638
20210111015345	22.8638
20210111015345	22.8638
20210111015345	22.8638
20210111015345	22.8638
20210111015345	22.8638
20210111015345	22.8638
20210111015345	22.8638
20210111015345	22.8638
20210111015345	22.8638
20210111015345	22.8638
20210111015345	22.8638
20210111015345	22.8638
20210111015345	22.8638
20210111015345	22.8638
20210111015345	22.8638
20210111015345	22.8638
20210111015345	22.8638
20210111015345	22.8638
20210111015345	22.8638
20210111015345	22.8638
20210111015345	22.8638
20210111015345	22.8638
20210111015345	22.8638
20210111015345	22.8638
20210111015345	22.8638
20210111015345	22.8638
20210111015345	22.8638
20210111015345	22.8638
20210111015345	22.8638
20210111015345	22.8638
20210111015345	22.8638
20210111015345	22.8638
20210111015345	22.8638
20210111015345	22.8638
20210111015345	22.8638
20210111015345	22.8638
20210111015345	22.8638
20210111015345	22.8638
20210111015345	22.8638
20210111015345	22.8638
20210111015345	22.8638
20210111015345	22.8638
20210111015345	22.8638
20210111015346	22.8638
20210111015346	22.8638
20210111015346	22.8638
20210111015346	22.8638
20210111015346	22.8638
20210111015346	22.8638
20210111015346	22.8638
20210111015346	22.8638
20210111015346	22.8638
20210111015346	22.8638
20210111015346	22.8638
20210111015346	22.8638
20210111015346	22.8638
20210111015346	22.8638
20210111015346	22.8638
20210111015346	22.8638
20210111015346	22.8638
20210111015346	22.8638
20210111015346	22.8638
20210111015346	22.8638
20210111015346	22.8638
20210111015346	22.8638
