[  0%] Built target sensor_msgs_generate_messages_nodejs
[  0%] Built target rosgraph_msgs_generate_messages_py
[ 16%] Built target PUBLICLIB
[ 25%] Built target basic_library
[ 25%] Built target rosgraph_msgs_generate_messages_lisp
[ 25%] Built target rosgraph_msgs_generate_messages_eus
[ 33%] Built target fw_sub_pub
[ 33%] Built target rosgraph_msgs_generate_messages_cpp
[ 33%] Built target roscpp_generate_messages_py
[ 33%] Built target roscpp_generate_messages_lisp
[ 33%] Built target mavros_msgs_generate_messages_cpp
[ 33%] Built target uuid_msgs_generate_messages_cpp
[ 33%] Built target std_msgs_generate_messages_nodejs
[ 33%] Built target std_msgs_generate_messages_py
[ 33%] Built target std_msgs_generate_messages_lisp
[ 33%] Built target uuid_msgs_generate_messages_nodejs
[ 33%] Built target sensor_msgs_generate_messages_cpp
[ 33%] Built target sensor_msgs_generate_messages_eus
[ 41%] Built target LOGGER
[ 41%] Built target geometry_msgs_generate_messages_py
[ 41%] Built target roscpp_generate_messages_nodejs
[ 41%] Built target std_msgs_generate_messages_eus
[ 41%] Built target roscpp_generate_messages_eus
[ 41%] Built target geometry_msgs_generate_messages_eus
[ 41%] Built target std_msgs_generate_messages_cpp
[ 41%] Built target mavros_msgs_generate_messages_nodejs
[ 41%] Built target sensor_msgs_generate_messages_py
[ 41%] Built target mavros_msgs_generate_messages_eus
[ 41%] Built target geometry_msgs_generate_messages_lisp
[ 41%] Built target geometry_msgs_generate_messages_cpp
[ 41%] Built target mavros_msgs_generate_messages_py
[ 41%] Built target geographic_msgs_generate_messages_nodejs
[ 41%] Built target geographic_msgs_generate_messages_cpp
[ 41%] Built target geographic_msgs_generate_messages_eus
[ 41%] Built target rosgraph_msgs_generate_messages_nodejs
[ 41%] Built target geographic_msgs_generate_messages_lisp
[ 41%] Built target uuid_msgs_generate_messages_eus
[ 41%] Built target geographic_msgs_generate_messages_py
[ 41%] Built target mavros_msgs_generate_messages_lisp
[ 41%] Built target uuid_msgs_generate_messages_py
[ 41%] Built target geometry_msgs_generate_messages_nodejs
[ 41%] Built target sensor_msgs_generate_messages_lisp
[ 41%] Built target uuid_msgs_generate_messages_lisp
[ 41%] Built target roscpp_generate_messages_cpp
[ 50%] Built target DisplayInfoFMU
[ 58%] Built target takeoff_mission
[ 66%] Built target OneClickLanding
[35m[1mScanning dependencies of target SendNewWaypoints[0m
[ 75%] Built target GetWaypointList
[ 83%] Built target mode_setting
[ 87%] [32mBuilding CXX object CMakeFiles/SendNewWaypoints.dir/src/AboutWaypoint/SendNewWaypoints.cpp.o[0m
[ 95%] Built target GetHomePosition
[100%] [32m[1mLinking CXX executable /home/fengxuewei/GitHub/uav_project_1/AutoLanding/AutoLanding/devel/.private/basic/lib/basic/SendNewWaypoints[0m
[100%] Built target SendNewWaypoints
