20210115191008	0.159751
20210115191008	0.155654
20210115191008	0.155654
20210115191008	0.155659
20210115191008	0.151437
20210115191008	0.15144
20210115191008	0.15144
20210115191008	0.151445
20210115191008	0.147106
20210115191008	0.14711
20210115191008	0.14711
20210115191008	0.147115
20210115191008	0.141531
20210115191008	0.141535
20210115191008	0.138101
20210115191008	0.138104
20210115191008	0.138104
20210115191008	0.138108
20210115191008	0.132251
20210115191008	0.132255
20210115191008	0.132255
20210115191008	0.132259
20210115191008	0.127574
20210115191008	0.127577
20210115191008	0.122779
20210115191008	0.122783
20210115191008	0.122783
20210115191008	0.122786
20210115191008	0.116634
20210115191008	0.116637
20210115191008	0.116637
20210115191008	0.11287
20210115191008	0.11287
20210115191008	0.112873
20210115191008	0.106457
20210115191008	0.10646
20210115191008	0.10646
20210115191008	0.106463
20210115191008	0.101217
20210115191008	0.10122
20210115191009	0.10122
20210115191009	0.101223
20210115191009	0.0959759
20210115191009	0.0959781
20210115191009	0.0906277
20210115191009	0.0906309
20210115191009	0.0906309
20210115191009	0.0906309
20210115191009	0.0851828
20210115191009	0.0851848
20210115191009	0.0851848
20210115191009	0.0796399
20210115191009	0.0796399
20210115191009	0.0796423
20210115191009	0.0725772
20210115191009	0.0725772
20210115191009	0.0725772
20210115191009	0.0725795
20210115191009	0.0668227
20210115191009	0.0668245
20210115191009	0.0668245
20210115191009	0.0610475
20210115191009	0.0610475
20210115191009	0.0610492
20210115191009	0.0610492
20210115191009	0.0551799
20210115191009	0.0551799
20210115191009	0.0551818
20210115191009	0.0492207
20210115191009	0.0492222
20210115191009	0.0492222
20210115191009	0.0431761
20210115191009	0.0431761
20210115191009	0.0431775
20210115191009	0.0431775
20210115191009	0.0370467
20210115191009	0.0370467
20210115191009	0.0370483
20210115191009	0.029267
20210115191009	0.0292682
20210115191009	0.0292682
20210115191009	0.0230164
20210115191010	0.0230164
20210115191010	0.0230176
20210115191010	0.0166827
20210115191010	0.0166844
20210115191010	0.0166844
20210115191010	0.0166857
20210115191010	0.0102725
20210115191010	0.0102735
20210115191010	0.0102735
20210115191010	0.00378555
20210115191010	0.00378555
20210115191010	0.00378695
20210115191010	0.00378695
20210115191010	-0.00277499
20210115191010	-0.00277499
20210115191010	-0.00277394
20210115191010	-0.0110783
20210115191010	-0.0110775
20210115191010	-0.0110775
20210115191010	-0.0177612
20210115191010	-0.0177612
20210115191010	-0.0177603
20210115191010	-0.0245156
20210115191010	-0.0245149
20210115191010	-0.0245149
20210115191010	-0.024514
20210115191010	-0.0313373
20210115191011	-0.0313368
20210115191011	-0.0313368
20210115191011	-0.0313359
20210115191011	-0.0399583
20210115191011	-0.0399578
20210115191011	-0.0451793
20210115191011	-0.0451787
20210115191011	-0.0451787
20210115191011	-0.0451782
20210115191011	-0.0539582
20210115191011	-0.0539577
20210115191011	-0.0539577
20210115191011	-0.0610415
20210115191011	-0.0610415
20210115191011	-0.0610411
20210115191011	-0.0610411
20210115191011	-0.0681834
20210115191011	-0.0681834
20210115191011	-0.0681831
20210115191011	-0.077192
20210115191011	-0.0771917
20210115191011	-0.0771917
20210115191011	-0.0844598
20210115191011	-0.0844598
20210115191011	-0.0844596
20210115191011	-0.0899457
20210115191011	-0.0899456
20210115191011	-0.0899456
20210115191011	-0.0899455
20210115191011	-0.0991542
20210115191011	-0.0991541
20210115191012	-0.0991541
20210115191012	-0.106583
20210115191012	-0.106583
20210115191012	-0.106583
20210115191012	-0.106583
20210115191012	-0.11406
20210115191012	-0.11406
20210115191012	-0.11406
20210115191012	-0.121584
20210115191012	-0.121584
20210115191012	-0.121584
20210115191012	-0.121585
20210115191012	-0.129155
20210115191012	-0.129155
20210115191012	-0.13868
20210115191012	-0.138681
20210115191012	-0.138681
20210115191012	-0.138681
20210115191012	-0.14635
20210115191012	-0.146351
20210115191012	-0.146351
20210115191012	-0.154072
20210115191012	-0.154072
20210115191012	-0.154072
20210115191012	-0.161832
20210115191012	-0.161832
20210115191012	-0.161832
20210115191012	-0.161833
20210115191013	-0.169632
20210115191013	-0.169632
20210115191013	-0.169632
20210115191013	-0.179434
20210115191013	-0.179434
20210115191013	-0.179435
20210115191013	-0.179435
20210115191013	-0.185344
20210115191013	-0.185344
20210115191013	-0.185344
20210115191013	-0.195235
20210115191013	-0.195236
20210115191013	-0.195236
20210115191013	-0.203222
20210115191013	-0.203222
20210115191013	-0.203223
20210115191013	-0.211239
20210115191013	-0.211239
20210115191013	-0.211239
20210115191013	-0.219285
20210115191013	-0.219285
20210115191013	-0.219286
20210115191013	-0.219286
20210115191013	-0.219287
20210115191013	-0.229382
20210115191013	-0.229383
20210115191013	-0.235461
20210115191013	-0.235462
20210115191013	-0.235462
20210115191013	-0.235463
20210115191013	-0.245628
20210115191013	-0.245629
20210115191013	-0.245629
20210115191013	-0.24563
20210115191013	-0.253831
20210115191013	-0.253832
20210115191013	-0.253832
20210115191013	-0.262057
20210115191013	-0.262057
20210115191013	-0.262058
20210115191013	-0.270303
20210115191013	-0.270304
20210115191014	-0.270304
20210115191014	-0.278573
20210115191014	-0.278573
20210115191014	-0.278574
20210115191014	-0.286863
20210115191014	-0.286864
20210115191014	-0.286864
20210115191014	-0.286866
20210115191014	-0.297255
20210115191014	-0.297256
20210115191014	-0.297256
20210115191014	-0.297258
20210115191014	-0.305627
20210115191014	-0.305629
20210115191014	-0.314015
20210115191014	-0.314016
20210115191014	-0.314016
20210115191014	-0.314018
20210115191014	-0.32242
20210115191014	-0.322422
20210115191014	-0.322422
20210115191014	-0.33295
20210115191014	-0.33295
20210115191014	-0.332951
20210115191014	-0.34139
20210115191014	-0.341392
20210115191014	-0.341392
20210115191014	-0.341394
20210115191014	-0.349848
20210115191014	-0.34985
20210115191015	-0.34985
20210115191015	-0.349852
20210115191015	-0.358379
20210115191015	-0.35838
20210115191015	-0.366918
20210115191015	-0.366918
20210115191015	-0.366918
20210115191015	-0.36692
20210115191015	-0.375468
20210115191015	-0.375468
20210115191015	-0.375468
20210115191015	-0.386165
20210115191015	-0.386165
20210115191015	-0.386167
20210115191015	-0.39259
20210115191015	-0.392592
20210115191015	-0.392592
20210115191015	-0.392595
20210115191015	-0.403312
20210115191015	-0.403314
20210115191015	-0.403314
20210115191015	-0.411952
20210115191015	-0.411952
20210115191015	-0.411954
20210115191015	-0.420593
20210115191015	-0.420595
20210115191015	-0.420595
20210115191015	-0.420597
20210115191015	-0.431401
20210115191015	-0.431404
20210115191015	-0.431404
20210115191015	-0.431406
20210115191015	-0.440053
20210115191015	-0.440056
20210115191015	-0.440056
20210115191015	-0.448708
20210115191015	-0.448708
20210115191015	-0.448711
20210115191015	-0.457365
20210115191015	-0.457367
20210115191015	-0.457367
20210115191015	-0.466085
20210115191015	-0.466085
20210115191016	-0.466087
20210115191016	-0.474799
20210115191016	-0.474802
20210115191016	-0.474802
20210115191016	-0.474805
20210115191016	-0.483514
20210115191016	-0.483516
20210115191016	-0.483516
20210115191016	-0.492226
20210115191016	-0.492226
20210115191016	-0.492229
20210115191016	-0.492229
20210115191016	-0.503113
20210115191016	-0.503113
20210115191016	-0.503115
20210115191016	-0.511816
20210115191016	-0.511819
20210115191016	-0.511819
20210115191016	-0.520579
20210115191016	-0.520579
20210115191016	-0.520582
20210115191016	-0.520582
20210115191016	-0.529332
20210115191016	-0.529332
20210115191016	-0.529336
20210115191016	-0.540258
20210115191016	-0.540261
20210115191016	-0.540261
20210115191016	-0.546811
20210115191016	-0.546811
20210115191016	-0.546814
20210115191016	-0.546814
20210115191016	-0.55554
20210115191016	-0.55554
20210115191016	-0.555544
20210115191016	-0.566437
20210115191016	-0.566437
20210115191016	-0.566437
20210115191016	-0.575207
20210115191016	-0.575207
20210115191016	-0.575211
20210115191016	-0.583961
20210115191016	-0.583964
20210115191017	-0.583964
20210115191017	-0.583969
20210115191017	-0.592704
20210115191017	-0.592708
20210115191017	-0.592708
20210115191017	-0.601432
20210115191017	-0.601432
20210115191017	-0.601437
20210115191017	-0.601437
20210115191017	-0.610145
20210115191017	-0.610145
20210115191017	-0.61015
20210115191017	-0.621009
20210115191017	-0.621013
20210115191017	-0.621013
20210115191017	-0.629738
20210115191017	-0.629738
20210115191017	-0.629742
20210115191017	-0.638446
20210115191017	-0.638446
20210115191017	-0.638446
20210115191017	-0.638451
20210115191017	-0.649296
20210115191017	-0.649299
20210115191017	-0.649299
20210115191017	-0.649305
20210115191017	-0.655795
20210115191017	-0.655798
20210115191017	-0.664432
20210115191017	-0.664438
20210115191017	-0.664438
20210115191017	-0.664442
20210115191017	-0.675202
20210115191017	-0.675206
20210115191017	-0.675206
20210115191017	-0.683845
20210115191017	-0.683845
20210115191017	-0.683849
20210115191017	-0.683849
20210115191017	-0.692457
20210115191017	-0.692457
20210115191017	-0.701038
20210115191017	-0.701038
20210115191017	-0.701042
20210115191017	-0.701042
20210115191017	-0.701049
20210115191017	-0.709593
20210115191017	-0.709598
20210115191017	-0.718112
20210115191017	-0.718118
20210115191017	-0.718118
20210115191017	-0.718124
20210115191017	-0.728725
20210115191017	-0.728731
20210115191017	-0.728731
20210115191017	-0.728736
20210115191017	-0.737246
20210115191017	-0.737252
20210115191018	-0.737252
20210115191018	-0.74573
20210115191018	-0.74573
20210115191018	-0.745736
20210115191018	-0.756272
20210115191018	-0.756277
20210115191018	-0.756277
20210115191018	-0.762577
20210115191018	-0.762577
20210115191018	-0.762582
20210115191018	-0.773022
20210115191018	-0.773029
20210115191018	-0.773029
20210115191018	-0.773035
20210115191018	-0.781344
20210115191018	-0.78135
20210115191018	-0.78135
20210115191018	-0.781356
20210115191018	-0.789677
20210115191018	-0.789682
20210115191018	-0.797957
20210115191018	-0.797965
20210115191018	-0.797965
20210115191018	-0.79797
20210115191018	-0.8062
20210115191018	-0.806206
20210115191018	-0.806206
20210115191018	-0.816437
20210115191018	-0.816437
20210115191018	-0.816442
20210115191018	-0.82254
20210115191018	-0.822548
20210115191018	-0.822548
20210115191018	-0.822555
20210115191018	-0.83266
20210115191018	-0.832666
20210115191018	-0.832666
20210115191018	-0.840752
20210115191019	-0.840752
20210115191019	-0.840758
20210115191019	-0.848783
20210115191019	-0.848792
20210115191019	-0.848792
20210115191019	-0.848799
20210115191019	-0.858756
20210115191019	-0.858762
20210115191019	-0.858762
20210115191019	-0.864704
20210115191019	-0.864704
20210115191019	-0.864711
20210115191019	-0.864711
20210115191019	-0.874541
20210115191019	-0.874541
20210115191019	-0.874548
20210115191019	-0.882346
20210115191019	-0.882352
20210115191019	-0.882352
20210115191019	-0.882359
20210115191019	-0.890147
20210115191019	-0.890154
20210115191019	-0.89788
20210115191019	-0.897887
20210115191019	-0.897887
20210115191019	-0.897895
20210115191019	-0.90556
20210115191019	-0.905567
20210115191020	-0.905567
20210115191020	-0.913179
20210115191020	-0.913179
20210115191020	-0.913187
20210115191020	-0.913187
20210115191020	-0.920733
20210115191020	-0.920733
20210115191020	-0.920742
20210115191020	-0.930079
20210115191020	-0.930086
20210115191020	-0.930086
20210115191020	-0.937491
20210115191020	-0.937491
20210115191020	-0.937499
20210115191020	-0.937499
20210115191020	-0.944841
20210115191020	-0.944841
20210115191020	-0.944849
20210115191020	-0.952119
20210115191020	-0.952127
20210115191020	-0.952127
20210115191020	-0.959196
20210115191020	-0.959196
20210115191020	-0.959204
20210115191020	-0.966211
20210115191020	-0.966218
20210115191020	-0.966218
20210115191020	-0.966218
20210115191020	-0.974911
20210115191020	-0.974917
20210115191020	-0.974917
20210115191020	-0.981811
20210115191020	-0.981811
20210115191020	-0.981817
20210115191021	-0.981817
20210115191021	-0.988653
20210115191021	-0.988653
20210115191021	-0.988661
20210115191021	-0.995428
20210115191021	-0.995434
20210115191021	-0.995434
20210115191021	-1.00203
20210115191021	-1.00203
20210115191021	-1.00203
20210115191021	-1.00855
20210115191021	-1.00855
20210115191021	-1.00855
20210115191021	-1.00856
20210115191021	-1.01661
20210115191021	-1.01661
20210115191021	-1.01661
20210115191021	-1.02298
20210115191021	-1.02298
20210115191021	-1.02298
20210115191021	-1.02928
20210115191021	-1.02928
20210115191021	-1.02928
20210115191021	-1.02929
20210115191021	-1.03705
20210115191021	-1.03706
20210115191021	-1.03706
20210115191021	-1.03706
20210115191021	-1.04315
20210115191021	-1.04315
20210115191021	-1.04315
20210115191021	-1.04769
20210115191021	-1.04769
20210115191021	-1.0477
20210115191021	-1.05521
20210115191021	-1.05521
20210115191021	-1.05521
20210115191021	-1.05521
20210115191021	-1.06117
20210115191021	-1.06118
20210115191021	-1.0671
20210115191021	-1.0671
20210115191021	-1.0671
20210115191021	-1.06711
20210115191021	-1.07299
20210115191021	-1.073
20210115191021	-1.073
20210115191022	-1.073
20210115191022	-1.07878
20210115191022	-1.07879
20210115191022	-1.07879
20210115191022	-1.08598
20210115191022	-1.08598
20210115191022	-1.08599
20210115191022	-1.09171
20210115191022	-1.09171
20210115191022	-1.09171
20210115191022	-1.09741
20210115191022	-1.09741
20210115191022	-1.09742
20210115191022	-1.10308
20210115191022	-1.10309
20210115191022	-1.10309
20210115191022	-1.10309
20210115191022	-1.10873
20210115191022	-1.10874
20210115191022	-1.10874
20210115191022	-1.11566
20210115191022	-1.11566
20210115191022	-1.11567
20210115191022	-1.11981
20210115191022	-1.11981
20210115191022	-1.11981
20210115191022	-1.11982
20210115191022	-1.12669
20210115191022	-1.1267
20210115191022	-1.1267
20210115191022	-1.13219
20210115191022	-1.13219
20210115191022	-1.13219
20210115191022	-1.13219
20210115191022	-1.13766
20210115191022	-1.13766
20210115191022	-1.14311
20210115191022	-1.14311
20210115191022	-1.14311
20210115191022	-1.14311
20210115191022	-1.14312
20210115191022	-1.14981
20210115191022	-1.14981
20210115191022	-1.15382
20210115191022	-1.15382
20210115191022	-1.15382
20210115191022	-1.15382
20210115191022	-1.16049
20210115191023	-1.16049
20210115191023	-1.16049
20210115191023	-1.1605
20210115191023	-1.16582
20210115191023	-1.16582
20210115191023	-1.16582
20210115191023	-1.17114
20210115191023	-1.17114
20210115191023	-1.17114
20210115191023	-1.17645
20210115191023	-1.17645
20210115191023	-1.17645
20210115191023	-1.18168
20210115191023	-1.18168
20210115191023	-1.18168
20210115191023	-1.18168
20210115191023	-1.1882
20210115191023	-1.1882
20210115191023	-1.1882
20210115191023	-1.19342
20210115191023	-1.19342
20210115191023	-1.19342
20210115191024	-1.19342
20210115191024	-1.19864
20210115191024	-1.19864
20210115191024	-1.20384
20210115191024	-1.20384
20210115191024	-1.20384
20210115191024	-1.20385
20210115191024	-1.20905
20210115191024	-1.20905
20210115191024	-1.20905
20210115191024	-1.21417
20210115191024	-1.21417
20210115191024	-1.21417
20210115191024	-1.21929
20210115191024	-1.21929
20210115191024	-1.21929
20210115191024	-1.2193
20210115191024	-1.2257
20210115191024	-1.2257
20210115191024	-1.2257
20210115191024	-1.23082
20210115191024	-1.23082
20210115191024	-1.23082
20210115191024	-1.23594
20210115191024	-1.23594
20210115191024	-1.23594
20210115191024	-1.23594
20210115191024	-1.24232
20210115191024	-1.24232
20210115191024	-1.24232
20210115191024	-1.2461
20210115191025	-1.2461
20210115191025	-1.24611
20210115191025	-1.24611
20210115191025	-1.25115
20210115191025	-1.25115
20210115191025	-1.25115
20210115191025	-1.25746
20210115191025	-1.25746
20210115191025	-1.25746
20210115191025	-1.2625
20210115191025	-1.2625
20210115191025	-1.2625
20210115191025	-1.26754
20210115191025	-1.26755
20210115191025	-1.26755
20210115191025	-1.26755
20210115191025	-1.27258
20210115191025	-1.27259
20210115191025	-1.27259
20210115191025	-1.27881
20210115191025	-1.27881
20210115191025	-1.27882
20210115191025	-1.2838
20210115191025	-1.2838
20210115191025	-1.2838
20210115191025	-1.2838
20210115191025	-1.28878
20210115191025	-1.28878
20210115191025	-1.28878
20210115191025	-1.29376
20210115191025	-1.29376
20210115191025	-1.29376
20210115191025	-1.29874
20210115191025	-1.29874
20210115191025	-1.29874
20210115191025	-1.29874
20210115191025	-1.30495
20210115191025	-1.30495
20210115191025	-1.30495
20210115191025	-1.30987
20210115191025	-1.30987
20210115191025	-1.30987
20210115191025	-1.31356
20210115191025	-1.31356
20210115191025	-1.31356
20210115191025	-1.31356
20210115191026	-1.31971
20210115191026	-1.31971
20210115191026	-1.31971
20210115191026	-1.32463
20210115191026	-1.32463
20210115191026	-1.32463
20210115191026	-1.32463
20210115191026	-1.32955
20210115191026	-1.32955
20210115191026	-1.32955
20210115191026	-1.33447
20210115191026	-1.33447
20210115191026	-1.33447
20210115191026	-1.33935
20210115191026	-1.33935
20210115191026	-1.33935
20210115191026	-1.33935
20210115191026	-1.34545
20210115191026	-1.34545
20210115191026	-1.34545
20210115191026	-1.35033
20210115191026	-1.35033
20210115191026	-1.35033
20210115191026	-1.35033
20210115191027	-1.35521
20210115191027	-1.35521
20210115191027	-1.35521
20210115191027	-1.36009
20210115191027	-1.36009
20210115191027	-1.36009
20210115191027	-1.36496
20210115191027	-1.36496
20210115191027	-1.36496
20210115191027	-1.36981
20210115191027	-1.36981
20210115191027	-1.36981
20210115191027	-1.37465
20210115191027	-1.37465
20210115191027	-1.37465
20210115191027	-1.37465
20210115191027	-1.38071
20210115191027	-1.38071
20210115191027	-1.38071
20210115191027	-1.38555
20210115191027	-1.38555
20210115191027	-1.38555
20210115191027	-1.39039
20210115191027	-1.39039
20210115191027	-1.39039
20210115191027	-1.39039
20210115191027	-1.39644
20210115191027	-1.39644
20210115191027	-1.39644
20210115191027	-1.40005
20210115191027	-1.40005
20210115191027	-1.40005
20210115191028	-1.40486
20210115191028	-1.40486
20210115191028	-1.40486
20210115191028	-1.40486
20210115191028	-1.41088
20210115191028	-1.41088
20210115191028	-1.41088
20210115191028	-1.41088
20210115191028	-1.41569
20210115191028	-1.41569
20210115191028	-1.41569
20210115191028	-1.4205
20210115191028	-1.4205
20210115191028	-1.4205
20210115191028	-1.4265
20210115191028	-1.4265
20210115191028	-1.4265
20210115191028	-1.4265
20210115191028	-1.43008
20210115191028	-1.43008
20210115191028	-1.43487
20210115191028	-1.43487
20210115191028	-1.43487
20210115191028	-1.43487
20210115191028	-1.44084
20210115191028	-1.44084
20210115191028	-1.44084
20210115191028	-1.44084
20210115191028	-1.44562
20210115191028	-1.44562
20210115191028	-1.44562
20210115191028	-1.45039
20210115191028	-1.45039
20210115191028	-1.45039
20210115191028	-1.45517
20210115191028	-1.45517
20210115191028	-1.45517
20210115191028	-1.45993
20210115191028	-1.45993
20210115191028	-1.45993
20210115191028	-1.46469
20210115191028	-1.46469
20210115191028	-1.46469
20210115191028	-1.46469
20210115191028	-1.47064
20210115191028	-1.47064
20210115191028	-1.47064
20210115191028	-1.47064
20210115191028	-1.4754
20210115191028	-1.4754
20210115191028	-1.48015
20210115191028	-1.48015
20210115191028	-1.48015
20210115191028	-1.48015
20210115191029	-1.48489
20210115191029	-1.48489
20210115191029	-1.48489
20210115191029	-1.49082
20210115191029	-1.49082
20210115191029	-1.49082
20210115191029	-1.49556
20210115191029	-1.49556
20210115191029	-1.49556
20210115191029	-1.49556
20210115191029	-1.5003
20210115191029	-1.5003
20210115191029	-1.5003
20210115191029	-1.50503
20210115191029	-1.50503
20210115191029	-1.50503
20210115191029	-1.50976
20210115191029	-1.50976
20210115191029	-1.50976
20210115191029	-1.50976
20210115191029	-1.51448
20210115191029	-1.51448
20210115191029	-1.51448
20210115191029	-1.51919
20210115191029	-1.51919
20210115191029	-1.51919
20210115191029	-1.51919
20210115191029	-1.52508
20210115191029	-1.52508
20210115191029	-1.52508
20210115191029	-1.52979
20210115191029	-1.52979
20210115191029	-1.52979
20210115191029	-1.52979
20210115191029	-1.53449
20210115191029	-1.53449
20210115191030	-1.53449
20210115191030	-1.53919
20210115191030	-1.53919
20210115191030	-1.53919
20210115191030	-1.54388
20210115191030	-1.54388
20210115191030	-1.54388
20210115191030	-1.54858
20210115191030	-1.54858
20210115191030	-1.54858
20210115191030	-1.55446
20210115191030	-1.55446
20210115191030	-1.55446
20210115191030	-1.55446
20210115191030	-1.55915
20210115191030	-1.55915
20210115191030	-1.55915
20210115191030	-1.56383
20210115191030	-1.56383
20210115191030	-1.56383
20210115191030	-1.56383
20210115191030	-1.56851
20210115191030	-1.56851
20210115191030	-1.56851
20210115191030	-1.57319
20210115191030	-1.57319
20210115191030	-1.57319
20210115191030	-1.57905
20210115191030	-1.57905
20210115191030	-1.57905
20210115191030	-1.57905
20210115191030	-1.58256
20210115191030	-1.58256
20210115191030	-1.58841
20210115191030	-1.58841
20210115191030	-1.58841
20210115191030	-1.58841
20210115191030	-1.58841
20210115191030	-1.59308
20210115191030	-1.59308
20210115191030	-1.59774
20210115191030	-1.59774
20210115191030	-1.59774
20210115191030	-1.59774
20210115191030	-1.60239
20210115191030	-1.60239
20210115191030	-1.60239
20210115191030	-1.60824
20210115191030	-1.60824
20210115191030	-1.60824
20210115191030	-1.6129
20210115191030	-1.6129
20210115191030	-1.6129
20210115191030	-1.61756
20210115191030	-1.61756
20210115191030	-1.61756
20210115191030	-1.61756
20210115191030	-1.61756
20210115191030	-1.62221
20210115191031	-1.62221
20210115191031	-1.62686
20210115191031	-1.62686
20210115191031	-1.62686
20210115191031	-1.62686
20210115191031	-1.6315
20210115191031	-1.6315
20210115191031	-1.6315
20210115191031	-1.63733
20210115191031	-1.63733
20210115191031	-1.63733
20210115191031	-1.64082
20210115191031	-1.64082
20210115191031	-1.64082
20210115191031	-1.64082
20210115191031	-1.64663
20210115191031	-1.64663
20210115191031	-1.64663
20210115191031	-1.65127
20210115191031	-1.65127
20210115191031	-1.65127
20210115191031	-1.6559
20210115191031	-1.6559
20210115191031	-1.6559
20210115191031	-1.6559
20210115191031	-1.66052
20210115191031	-1.66052
20210115191031	-1.66052
20210115191031	-1.66517
20210115191031	-1.66517
20210115191031	-1.66517
20210115191031	-1.67098
20210115191031	-1.67098
20210115191031	-1.67098
20210115191031	-1.67098
20210115191031	-1.67561
20210115191031	-1.67561
20210115191031	-1.67561
20210115191031	-1.68023
20210115191031	-1.68023
20210115191031	-1.68023
20210115191031	-1.68485
20210115191031	-1.68485
20210115191031	-1.68485
20210115191031	-1.68485
20210115191031	-1.68946
20210115191031	-1.68946
20210115191031	-1.68946
20210115191031	-1.68946
20210115191031	-1.6941
20210115191031	-1.6941
20210115191031	-1.69989
20210115191031	-1.69989
20210115191031	-1.69989
20210115191031	-1.69989
20210115191031	-1.70451
20210115191031	-1.70451
20210115191031	-1.70451
20210115191031	-1.70912
20210115191031	-1.70912
20210115191031	-1.70912
20210115191031	-1.71372
20210115191031	-1.71372
20210115191031	-1.71372
20210115191031	-1.71372
20210115191032	-1.71832
20210115191032	-1.71832
20210115191032	-1.71832
20210115191032	-1.72295
20210115191032	-1.72295
20210115191032	-1.72295
20210115191032	-1.72757
20210115191032	-1.72757
20210115191032	-1.72757
20210115191032	-1.72757
20210115191032	-1.73333
20210115191032	-1.73333
20210115191032	-1.73333
20210115191032	-1.73793
20210115191032	-1.73793
20210115191032	-1.73793
20210115191032	-1.74252
20210115191032	-1.74252
20210115191032	-1.74252
20210115191032	-1.74252
20210115191032	-1.74825
20210115191032	-1.74825
20210115191032	-1.74825
20210115191032	-1.74825
20210115191032	-1.75282
20210115191032	-1.75282
20210115191032	-1.75624
20210115191032	-1.75624
20210115191032	-1.75624
20210115191032	-1.75624
20210115191032	-1.76194
20210115191032	-1.76194
20210115191032	-1.76194
20210115191032	-1.76639
20210115191032	-1.76639
20210115191032	-1.76639
20210115191032	-1.77084
20210115191032	-1.77084
20210115191033	-1.77084
20210115191033	-1.77084
20210115191033	-1.7753
20210115191033	-1.7753
20210115191033	-1.7753
20210115191033	-1.78087
20210115191033	-1.78087
20210115191033	-1.78087
20210115191033	-1.78422
20210115191033	-1.78422
20210115191033	-1.78422
20210115191033	-1.78422
20210115191033	-1.78979
20210115191033	-1.78979
20210115191033	-1.78979
20210115191033	-1.79416
20210115191033	-1.79416
20210115191033	-1.79416
20210115191033	-1.79855
20210115191033	-1.79855
20210115191033	-1.79855
20210115191033	-1.79855
20210115191033	-1.80294
20210115191033	-1.80294
20210115191033	-1.80294
20210115191033	-1.80733
20210115191033	-1.80733
20210115191033	-1.80733
20210115191033	-1.80733
20210115191033	-1.81284
20210115191033	-1.81284
20210115191033	-1.81284
20210115191033	-1.81724
20210115191033	-1.81724
20210115191033	-1.81724
20210115191033	-1.81724
20210115191033	-1.8216
20210115191033	-1.8216
20210115191033	-1.8216
20210115191033	-1.82596
20210115191033	-1.82596
20210115191033	-1.82596
20210115191033	-1.83033
20210115191033	-1.83033
20210115191033	-1.83033
20210115191033	-1.83471
20210115191033	-1.83471
20210115191033	-1.83471
20210115191033	-1.84019
20210115191033	-1.84019
20210115191033	-1.84019
20210115191033	-1.84018
20210115191033	-1.84457
20210115191033	-1.84457
20210115191033	-1.84457
20210115191033	-1.84894
20210115191033	-1.84894
20210115191033	-1.84894
20210115191033	-1.8533
20210115191033	-1.8533
20210115191033	-1.8533
20210115191033	-1.8533
20210115191033	-1.85768
20210115191033	-1.85768
20210115191034	-1.85768
20210115191034	-1.86206
20210115191034	-1.86206
20210115191034	-1.86206
20210115191034	-1.86644
20210115191034	-1.86644
20210115191034	-1.86644
20210115191034	-1.86644
20210115191034	-1.87192
20210115191034	-1.87192
20210115191034	-1.87192
20210115191034	-1.87192
20210115191034	-1.87629
20210115191034	-1.87629
20210115191034	-1.88066
20210115191034	-1.88066
20210115191034	-1.88066
20210115191034	-1.88066
20210115191034	-1.88503
20210115191034	-1.88503
20210115191034	-1.88503
20210115191034	-1.88941
20210115191034	-1.88941
20210115191034	-1.88941
20210115191034	-1.88941
20210115191034	-1.89379
20210115191034	-1.89379
20210115191034	-1.89379
20210115191034	-1.89927
20210115191034	-1.89927
20210115191035	-1.89927
20210115191035	-1.90364
20210115191035	-1.90364
20210115191035	-1.90364
20210115191035	-1.90802
20210115191035	-1.90802
20210115191035	-1.90802
20210115191035	-1.90802
20210115191035	-1.9124
20210115191035	-1.9124
20210115191035	-1.9124
20210115191035	-1.91677
20210115191035	-1.91677
20210115191035	-1.91677
20210115191035	-1.91677
20210115191035	-1.92115
20210115191035	-1.92115
20210115191035	-1.92115
20210115191035	-1.92662
20210115191035	-1.92662
20210115191035	-1.92662
20210115191035	-1.92662
20210115191035	-1.93101
20210115191035	-1.93101
20210115191035	-1.9354
20210115191036	-1.9354
20210115191036	-1.9354
20210115191036	-1.9354
20210115191036	-1.93979
20210115191036	-1.93979
20210115191036	-1.93979
20210115191036	-1.94418
20210115191036	-1.94418
20210115191036	-1.94418
20210115191036	-1.94856
20210115191036	-1.94856
20210115191036	-1.94856
20210115191036	-1.94856
20210115191036	-1.95404
20210115191036	-1.95404
20210115191036	-1.95404
20210115191036	-1.95845
20210115191036	-1.95845
20210115191036	-1.95845
20210115191036	-1.96285
20210115191036	-1.96285
20210115191036	-1.96285
20210115191036	-1.96285
20210115191036	-1.96724
20210115191036	-1.96724
20210115191036	-1.96724
20210115191036	-1.96724
20210115191036	-1.97164
20210115191036	-1.97164
20210115191036	-1.97603
20210115191036	-1.97603
20210115191036	-1.97603
20210115191036	-1.97603
20210115191036	-1.98152
20210115191036	-1.98152
20210115191036	-1.98152
20210115191036	-1.98593
20210115191036	-1.98593
20210115191036	-1.98593
20210115191036	-1.98593
20210115191036	-1.99034
20210115191036	-1.99034
20210115191036	-1.99034
20210115191036	-1.99584
20210115191036	-1.99584
20210115191036	-1.99584
20210115191036	-1.99914
20210115191036	-1.99914
20210115191036	-1.99914
20210115191036	-2.00463
20210115191036	-2.00463
20210115191037	-2.00463
20210115191037	-2.00463
20210115191037	-2.00902
20210115191037	-2.00902
20210115191037	-2.00902
20210115191037	-2.01345
20210115191037	-2.01345
20210115191037	-2.01345
20210115191037	-2.01787
20210115191037	-2.01787
20210115191037	-2.01787
20210115191037	-2.01787
20210115191037	-2.02339
20210115191037	-2.02339
20210115191037	-2.02339
20210115191037	-2.02339
20210115191037	-2.0267
20210115191037	-2.0267
20210115191037	-2.0322
20210115191037	-2.0322
20210115191037	-2.0322
20210115191037	-2.0322
20210115191037	-2.03659
20210115191037	-2.03659
20210115191037	-2.03659
20210115191037	-2.04103
20210115191037	-2.04103
20210115191037	-2.04103
20210115191037	-2.04103
20210115191037	-2.04546
20210115191037	-2.04546
20210115191037	-2.04546
20210115191038	-2.04987
20210115191038	-2.04987
20210115191038	-2.04987
20210115191038	-2.05428
20210115191038	-2.05428
20210115191038	-2.05428
20210115191038	-2.05428
20210115191038	-2.05868
20210115191038	-2.05868
20210115191038	-2.05868
20210115191038	-2.06417
20210115191038	-2.06417
20210115191038	-2.06417
20210115191038	-2.06861
20210115191038	-2.06861
20210115191038	-2.06861
20210115191038	-2.06861
20210115191038	-2.07303
20210115191038	-2.07303
20210115191038	-2.07303
20210115191038	-2.07855
20210115191038	-2.07855
20210115191038	-2.07855
20210115191038	-2.07855
20210115191038	-2.08295
20210115191038	-2.08295
20210115191038	-2.08295
20210115191038	-2.08735
20210115191038	-2.08735
20210115191038	-2.08735
20210115191038	-2.09173
20210115191038	-2.09173
20210115191038	-2.09173
20210115191038	-2.09622
20210115191038	-2.09622
20210115191038	-2.09622
20210115191038	-2.09622
20210115191038	-2.09622
20210115191038	-2.09622
20210115191038	-2.09622
20210115191038	-2.09622
20210115191038	-2.09622
20210115191038	-2.09622
20210115191038	-2.09622
20210115191038	-2.09622
20210115191038	-2.09622
20210115191038	-2.09622
20210115191039	-2.09622
20210115191039	-2.09622
20210115191039	-2.09622
20210115191039	-2.09622
20210115191039	-2.09622
20210115191039	-2.09622
20210115191039	-2.09622
20210115191039	-2.09622
20210115191039	-2.09622
20210115191039	-2.09622
20210115191039	-2.09622
20210115191039	-2.09622
20210115191039	-2.09622
20210115191039	-2.09622
20210115191039	-2.09622
20210115191039	-2.09622
20210115191039	-2.09622
20210115191039	-2.09622
20210115191039	-2.09622
20210115191039	-2.09622
20210115191039	-2.09622
20210115191039	-2.09622
20210115191039	-2.09622
20210115191039	-2.09622
20210115191040	-2.09622
20210115191040	-2.09622
20210115191040	-2.09622
20210115191040	-2.09622
20210115191040	-2.09622
20210115191040	-2.09622
20210115191040	-2.09622
20210115191040	-2.09622
20210115191040	-2.09622
20210115191040	-2.09622
20210115191040	-2.09622
20210115191040	-2.09622
20210115191040	-2.09622
20210115191040	-2.09622
20210115191040	-2.09622
20210115191040	-2.09622
20210115191040	-2.09622
20210115191040	-2.09622
20210115191040	-2.09622
20210115191040	-2.09622
20210115191040	-2.09622
20210115191040	-2.09622
20210115191040	-2.09622
20210115191040	-2.09622
20210115191040	-2.09622
20210115191040	-2.09622
20210115191040	-2.09622
20210115191040	-2.09622
20210115191040	-2.09622
20210115191040	-2.09622
20210115191040	-2.09622
20210115191040	-2.09622
20210115191040	-2.09622
20210115191040	-2.09622
20210115191040	-2.09622
20210115191040	-2.09622
20210115191040	-2.09622
20210115191040	-2.09622
20210115191040	-2.09622
20210115191040	-2.09622
20210115191040	-2.09622
20210115191040	-2.09622
20210115191040	-2.09622
20210115191040	-2.09622
20210115191040	-2.09622
20210115191041	-2.09622
20210115191041	-2.09622
20210115191041	-2.09622
20210115191041	-2.09622
20210115191041	-2.09622
20210115191041	-2.09622
20210115191041	-2.09622
20210115191041	-2.09622
20210115191041	-2.09622
20210115191041	-2.09622
20210115191041	-2.09622
20210115191041	-2.09622
20210115191041	-2.09622
20210115191041	-2.09622
20210115191041	-2.09622
20210115191041	-2.09622
20210115191041	-2.09622
20210115191041	-2.09622
20210115191041	-2.09622
20210115191041	-2.09622
20210115191041	-2.09622
20210115191041	-2.09622
20210115191041	-2.09622
20210115191041	-2.09622
20210115191041	-2.09622
20210115191041	-2.09622
20210115191041	-2.09622
20210115191041	-2.09622
20210115191041	-2.09622
20210115191041	-2.09622
20210115191041	-2.09622
20210115191041	-2.09622
20210115191041	-2.09622
20210115191041	-2.09622
20210115191041	-2.09622
20210115191041	-2.09622
20210115191042	-2.09622
20210115191042	-2.09622
20210115191042	-2.09622
20210115191042	-2.09622
20210115191042	-2.09622
20210115191042	-2.09622
20210115191042	-2.09622
20210115191042	-2.09622
20210115191042	-2.09622
20210115191042	-2.09622
20210115191042	-2.09622
20210115191042	-2.09622
20210115191042	-2.09622
20210115191042	-2.09622
20210115191042	-2.09622
20210115191042	-2.09622
20210115191042	-2.09622
20210115191042	-2.09622
20210115191042	-2.09622
20210115191042	-2.09622
20210115191042	-2.09622
20210115191042	-2.09622
20210115191042	-2.09622
20210115191042	-2.09622
20210115191042	-2.09622
20210115191042	-2.09622
20210115191042	-2.09622
20210115191042	-2.09622
20210115191042	-2.09622
20210115191042	-2.09622
20210115191042	-2.09622
20210115191042	-2.09622
20210115191042	-2.09622
20210115191042	-2.09622
20210115191042	-2.09622
20210115191043	-2.09622
20210115191043	-2.09622
20210115191043	-2.09622
20210115191043	-2.09622
20210115191043	-2.09622
20210115191043	-2.09622
20210115191043	-2.09622
20210115191043	-2.09622
20210115191043	-2.09622
20210115191043	-2.09622
20210115191043	-2.09622
20210115191043	-2.09622
20210115191043	-2.09622
20210115191043	-2.09622
20210115191043	-2.09622
20210115191043	-2.09622
20210115191043	-2.09622
20210115191043	-2.09622
20210115191043	-2.09622
20210115191043	-2.09622
20210115191043	-2.09622
20210115191043	-2.09622
20210115191043	-2.09622
20210115191043	-2.09622
20210115191043	-2.09622
20210115191043	-2.09622
20210115191043	-2.09622
20210115191043	-2.09622
20210115191043	-2.09622
20210115191043	-2.09622
20210115191043	-2.09622
20210115191043	-2.09622
20210115191043	-2.09622
20210115191043	-2.09622
20210115191043	-2.09622
20210115191043	-2.09622
20210115191043	-2.09622
20210115191044	-2.09622
20210115191044	-2.09622
20210115191044	-2.09622
20210115191044	-2.09622
20210115191044	-2.09622
20210115191044	-2.09622
20210115191044	-2.09622
20210115191044	-2.09622
20210115191044	-2.09622
20210115191044	-2.09622
20210115191044	-2.09622
20210115191044	-2.09622
20210115191044	-2.09622
20210115191044	-2.09622
20210115191044	-2.09622
20210115191044	-2.09622
20210115191044	-2.09622
20210115191044	-2.09622
20210115191044	-2.09622
20210115191044	-2.09622
20210115191044	-2.09622
20210115191044	-2.09622
20210115191044	-2.09622
20210115191044	-2.09622
20210115191044	-2.09622
20210115191044	-2.09622
20210115191044	-2.09622
20210115191044	-2.09622
20210115191044	-2.09622
20210115191044	-2.09622
20210115191044	-2.09622
20210115191045	-2.09622
20210115191045	-2.09622
20210115191045	-2.09622
20210115191045	-2.09622
20210115191045	-2.09622
20210115191045	-2.09622
20210115191045	-2.09622
20210115191045	-2.09622
20210115191045	-2.09622
20210115191045	-2.09622
20210115191045	-2.09622
20210115191045	-2.09622
20210115191045	-2.09622
20210115191045	-2.09622
20210115191045	-2.09622
20210115191045	-2.09622
20210115191045	-2.09622
20210115191045	-2.09622
20210115191045	-2.09622
20210115191045	-2.09622
20210115191045	-2.09622
20210115191045	-2.09622
20210115191045	-2.09622
20210115191045	-2.09622
20210115191045	-2.09622
20210115191045	-2.09622
20210115191045	-2.09622
20210115191045	-2.09622
20210115191045	-2.09622
20210115191045	-2.09622
20210115191045	-2.09622
20210115191045	-2.09622
20210115191045	-2.09622
20210115191045	-2.09622
20210115191045	-2.09622
20210115191045	-2.09622
20210115191045	-2.09622
20210115191045	-2.09622
20210115191045	-2.09622
20210115191045	-2.09622
20210115191045	-2.09622
20210115191045	-2.09622
20210115191045	-2.09622
20210115191045	-2.09622
20210115191045	-2.09622
20210115191045	-2.09622
20210115191045	-2.09622
20210115191045	-2.09622
20210115191045	-2.09622
20210115191045	-2.09622
20210115191045	-2.09622
20210115191045	-2.09622
20210115191045	-2.09622
20210115191046	-2.09622
20210115191046	-2.09622
20210115191046	-2.09622
20210115191046	-2.09622
20210115191046	-2.09622
20210115191046	-2.09622
20210115191046	-2.09622
20210115191046	-2.09622
20210115191046	-2.09622
20210115191046	-2.09622
20210115191046	-2.09622
20210115191046	-2.09622
20210115191046	-2.09622
20210115191046	-2.09622
20210115191046	-2.09622
20210115191046	-2.09622
20210115191046	-2.09622
20210115191046	-2.09622
20210115191046	-2.09622
20210115191046	-2.09622
20210115191046	-2.09622
20210115191046	-2.09622
20210115191046	-2.09622
20210115191046	-2.09622
20210115191046	-2.09622
20210115191046	-2.09622
20210115191046	-2.09622
20210115191046	-2.09622
20210115191046	-2.09622
20210115191046	-2.09622
20210115191046	-2.09622
20210115191046	-2.09622
20210115191046	-2.09622
20210115191046	-2.09622
20210115191046	-2.09622
20210115191046	-2.09622
20210115191046	-2.09622
20210115191046	-2.09622
20210115191046	-2.09622
20210115191046	-2.09622
20210115191046	-2.09622
20210115191046	-2.09622
20210115191046	-2.09622
20210115191046	-2.09622
20210115191046	-2.09622
