20210104223431	8.54559
20210104223431	8.54559
20210104223432	8.54559
20210104223432	8.54559
20210104223433	8.54559
20210104223433	8.54559
20210104223434	8.54559
20210104223434	8.54559
20210104223435	8.54559
20210104223435	8.54559
20210104223436	8.54559
20210104223436	8.54559
20210104223437	8.54559
20210104223437	8.54559
20210104223438	8.54559
20210104223438	8.54559
20210104223439	8.54559
20210104223439	8.54559
20210104223440	8.54559
20210104223440	8.54559
20210104223441	8.54559
20210104223441	8.54559
20210104223442	8.54559
20210104223442	8.54559
20210104223443	8.54559
20210104223443	8.54559
20210104223444	8.54559
20210104223444	8.54559
20210104223445	8.54559
20210104223445	8.54559
20210104223446	8.54559
20210104223446	8.54559
20210104223447	8.54559
20210104223447	8.54559
20210104223448	8.54559
20210104223448	8.54559
20210104223449	8.54559
20210104223449	8.54559
20210104223450	8.54559
20210104223450	8.54559
20210104223451	8.54559
20210104223451	8.54559
20210104223452	8.54559
20210104223452	8.54559
20210104223453	8.54559
20210104223453	8.54559
20210104223454	8.54559
20210104223454	8.54559
20210104223455	8.54559
20210104223455	8.54559
20210104223456	8.54559
20210104223456	8.54559
20210104223457	8.54559
20210104223457	8.54559
20210104223458	8.54559
20210104223458	8.54559
20210104223459	8.54559
20210104223459	8.54559
20210104223500	8.54559
20210104223500	8.54559
20210104223501	8.54559
20210104223501	8.54559
20210104223502	8.54559
20210104223502	8.54559
20210104223503	8.54559
20210104223503	8.54559
20210104223504	8.54559
20210104223504	8.54559
20210104223505	8.54559
20210104223505	8.54559
20210104223506	8.54559
20210104223506	8.54559
20210104223507	8.54559
20210104223507	8.54559
20210104223508	8.54559
20210104223508	8.54559
20210104223509	8.54559
20210104223509	8.54559
20210104223510	8.54559
20210104223510	8.54559
20210104223511	8.54559
20210104223511	8.54559
20210104223512	8.54559
20210104223512	8.54559
20210104223513	8.54559
20210104223513	8.54559
20210104223514	8.54559
20210104223514	8.54559
20210104223515	8.54559
20210104223515	8.54559
20210104223516	8.54559
20210104223516	8.54559
20210104223517	8.54559
20210104223517	8.54559
20210104223518	8.54559
20210104223518	8.54559
20210104223519	8.54559
20210104223519	8.54559
20210104223520	8.54559
20210104223520	8.54559
20210104223521	8.54559
20210104223521	8.54559
20210104223522	8.54559
20210104223522	8.54559
20210104223523	8.54559
20210104223523	8.54559
20210104223524	8.54559
20210104223524	8.54559
20210104223525	8.54559
20210104223525	8.54559
20210104223526	8.54559
20210104223526	8.54559
20210104223527	8.54559
20210104223527	8.54559
20210104223528	8.54559
20210104223528	8.54559
20210104223529	8.54559
20210104223529	8.54559
20210104223530	8.54559
20210104223530	8.54559
20210104223531	8.54559
20210104223531	8.54559
20210104223532	8.54559
20210104223532	8.54559
20210104223533	8.54559
20210104223533	8.54559
20210104223534	8.54559
20210104223534	8.54559
20210104223535	8.54559
20210104223535	8.54559
20210104223536	8.54559
20210104223536	8.54559
20210104223537	8.54559
20210104223537	8.54559
20210104223538	8.54559
20210104223538	8.54559
20210104223539	8.54559
20210104223539	8.54559
20210104223540	8.54559
20210104223540	8.54559
20210104223541	8.54559
