20210115144747	8.54559
20210115144748	8.54559
20210115144748	8.54559
20210115144749	8.54559
20210115144749	8.54559
20210115144750	8.54559
20210115144750	8.54559
20210115144751	8.54559
20210115144751	8.54559
20210115144752	8.54559
20210115144752	8.54559
20210115144753	8.54559
20210115144753	8.54559
20210115144754	8.54559
20210115144754	8.54559
20210115144755	8.54559
20210115144755	8.54559
20210115144756	8.54559
20210115144756	8.54559
20210115144757	8.54559
20210115144757	8.54559
20210115144758	8.54559
20210115144758	8.54559
20210115144759	8.54559
20210115144759	8.54559
20210115144800	8.54559
20210115144800	8.54559
20210115144801	8.54559
20210115144801	8.54559
20210115144802	8.54559
20210115144802	8.54559
20210115144803	8.54559
20210115144803	8.54559
20210115144804	8.54559
20210115144804	8.54559
20210115144805	8.54559
20210115144805	8.54559
20210115144806	8.54559
20210115144806	8.54559
20210115144807	8.54559
20210115144807	8.54559
20210115144808	8.54559
20210115144808	8.54559
20210115144809	8.54559
20210115144809	8.54559
20210115144810	8.54559
20210115144810	8.54559
20210115144811	8.54559
20210115144811	8.54559
20210115144812	8.54559
20210115144812	8.54559
20210115144813	8.54559
20210115144813	8.54559
20210115144814	8.54559
20210115144814	8.54559
20210115144815	8.54559
20210115144815	8.54559
20210115144816	8.54559
20210115144816	8.54559
20210115144817	8.54559
20210115144817	8.54559
20210115144818	8.54559
20210115144818	8.54559
20210115144819	8.54559
20210115144819	8.54559
20210115144820	8.54559
20210115144820	8.54559
20210115144821	8.54559
20210115144821	8.54559
20210115144822	8.54559
20210115144822	8.54559
20210115144823	8.54559
20210115144823	8.54559
20210115144824	8.54559
20210115144824	8.54559
20210115144825	8.54559
20210115144825	8.54559
20210115144826	8.54559
20210115144826	8.54559
20210115144827	8.54559
20210115144827	8.54559
20210115144828	8.54559
20210115144828	8.54559
20210115144829	8.54559
20210115144829	8.54559
20210115144830	8.54559
20210115144830	8.54559
20210115144831	8.54559
20210115144831	8.54559
20210115144832	8.54559
20210115144832	8.54559
20210115144833	8.54559
20210115144833	8.54559
20210115144834	8.54559
20210115144834	8.54559
20210115144835	8.54559
20210115144835	8.54559
20210115144836	8.54559
20210115144836	8.54559
20210115144837	8.54559
20210115144837	8.54559
20210115144838	8.54559
20210115144838	8.54559
20210115144839	8.54559
20210115144839	8.54559
20210115144840	8.54559
20210115144840	8.54559
20210115144841	8.54559
20210115144841	8.54559
20210115144842	8.54559
20210115144842	8.54559
20210115144843	8.54559
20210115144843	8.54559
20210115144844	8.54559
20210115144844	8.54559
20210115144845	8.54559
20210115144845	8.54559
20210115144846	8.54559
20210115144846	8.54559
20210115144847	8.54559
20210115144847	8.54559
20210115144848	8.54559
20210115144848	8.54559
20210115144849	8.54559
20210115144849	8.54559
20210115144850	8.54559
20210115144850	8.54559
20210115144851	8.54559
20210115144851	8.54559
20210115144852	8.54559
20210115144852	8.54559
20210115144853	8.54559
20210115144853	8.54559
20210115144854	8.54559
20210115144854	8.54559
20210115144855	8.54559
20210115144855	8.54559
20210115144856	8.54559
20210115144856	8.54559
20210115144857	8.54559
20210115144857	8.54559
20210115144858	8.54559
20210115144858	8.54559
20210115144859	8.54559
20210115144859	8.54559
20210115144900	8.54559
20210115144900	8.54559
20210115144901	8.54559
20210115144901	8.54559
20210115144902	8.54559
20210115144902	8.54559
20210115144903	8.54559
20210115144903	8.54559
20210115144904	8.54559
20210115144904	8.54559
20210115144905	8.54559
20210115144905	8.54559
20210115144906	8.54559
20210115144906	8.54559
20210115144907	8.54559
20210115144907	8.54559
20210115144908	8.54559
20210115144908	8.54559
20210115144909	8.54559
20210115144909	8.54559
20210115144910	8.54559
20210115144910	8.54559
20210115144911	8.54559
20210115144911	8.54559
20210115144912	8.54559
20210115144912	8.54559
20210115144913	8.54559
20210115144913	8.54559
20210115144914	8.54559
20210115144914	8.54559
20210115144915	8.54559
20210115144915	8.54559
20210115144916	8.54559
20210115144916	8.54559
20210115144917	8.54559
20210115144917	8.54559
20210115144918	8.54559
20210115144918	8.54559
20210115144919	8.54559
20210115144919	8.54559
20210115144920	8.54559
20210115144920	8.54559
20210115144921	8.54559
20210115144921	8.54559
20210115144922	8.54559
20210115144922	8.54559
20210115144923	8.54559
20210115144923	8.54559
20210115144924	8.54559
20210115144924	8.54559
20210115144925	8.54559
20210115144925	8.54559
20210115144926	8.54559
20210115144926	8.54559
20210115144927	8.54559
20210115144927	8.54559
20210115144928	8.54559
20210115144928	8.54559
20210115144929	8.54559
20210115144929	8.54559
20210115144930	8.54559
20210115144930	8.54559
20210115144931	8.54559
20210115144931	8.54559
20210115144932	8.54559
20210115144932	8.54559
20210115144933	8.54559
20210115144933	8.54559
20210115144934	8.54559
20210115144934	8.54559
20210115144935	8.54559
20210115144935	8.54559
20210115144936	8.54559
20210115144936	8.54559
20210115144937	8.54559
20210115144937	8.54559
20210115144938	8.54559
20210115144938	8.54559
20210115144939	8.54559
20210115144939	8.54559
20210115144940	8.54559
20210115144940	8.54559
20210115144941	8.54559
20210115144941	8.54559
20210115144942	8.54559
20210115144942	8.54559
20210115144943	8.54559
20210115144943	8.54559
20210115144944	8.54559
20210115144944	8.54559
20210115144945	8.54559
20210115144945	8.54559
20210115144946	8.54559
20210115144946	8.54559
20210115144947	8.54559
20210115144947	8.54559
20210115144948	8.54559
20210115144948	8.54559
20210115144949	8.54559
20210115144949	8.54559
20210115144950	8.54559
20210115144950	8.54559
20210115144951	8.54559
20210115144951	8.54559
20210115144952	8.54559
20210115144952	8.54559
20210115144953	8.54559
20210115144953	8.54559
20210115144954	8.54559
20210115144954	8.54559
20210115144955	8.54559
20210115144955	8.54559
20210115144956	8.54559
20210115144956	8.54559
20210115144957	8.54559
20210115144957	8.54559
20210115144958	8.54559
20210115144958	8.54559
20210115144959	8.54559
20210115144959	8.54559
20210115145000	8.54559
20210115145000	8.54559
20210115145001	8.54559
20210115145001	8.54559
20210115145002	8.54559
20210115145002	8.54559
20210115145003	8.54559
20210115145003	8.54559
20210115145004	8.54559
20210115145004	8.54559
20210115145005	8.54559
20210115145005	8.54559
20210115145006	8.54559
20210115145006	8.54559
20210115145007	8.54559
20210115145007	8.54559
20210115145008	8.54559
20210115145008	8.54559
20210115145009	8.54559
20210115145009	8.54559
20210115145010	8.54559
20210115145010	8.54559
20210115145011	8.54559
20210115145011	8.54559
20210115145012	8.54559
20210115145012	8.54559
20210115145013	8.54559
20210115145013	8.54559
20210115145014	8.54559
20210115145014	8.54559
20210115145015	8.54559
20210115145015	8.54559
20210115145016	8.54559
20210115145016	8.54559
20210115145017	8.54559
20210115145017	8.54559
20210115145018	8.54559
20210115145018	8.54559
20210115145019	8.54559
20210115145019	8.54559
20210115145020	8.54559
20210115145020	8.54559
20210115145021	8.54559
20210115145021	8.54559
20210115145022	8.54559
20210115145022	8.54559
20210115145023	8.54559
20210115145023	8.54559
20210115145024	8.54559
20210115145024	8.54559
20210115145025	8.54559
20210115145025	8.54559
20210115145026	8.54559
20210115145026	8.54559
20210115145027	8.54559
20210115145027	8.54559
20210115145028	8.54559
20210115145028	8.54559
20210115145029	8.54559
20210115145029	8.54559
20210115145030	8.54559
20210115145030	8.54559
20210115145031	8.54559
20210115145031	8.54559
20210115145032	8.54559
20210115145032	8.54559
20210115145033	8.54559
20210115145033	8.54559
20210115145034	8.54559
20210115145034	8.54559
20210115145035	8.54559
20210115145035	8.54559
20210115145036	8.54559
20210115145036	8.54559
20210115145037	8.54559
20210115145037	8.54559
20210115145038	8.54559
20210115145038	8.54559
20210115145039	8.54559
20210115145039	8.54559
20210115145040	8.54559
20210115145040	8.54559
20210115145041	8.54559
20210115145041	8.54559
20210115145042	8.54559
20210115145042	8.54559
20210115145043	8.54559
20210115145043	8.54559
20210115145044	8.54559
20210115145044	8.54559
20210115145045	8.54559
20210115145045	8.54559
20210115145046	8.54559
20210115145046	8.54559
20210115145047	8.54559
20210115145047	8.54559
20210115145048	8.54559
20210115145048	8.54559
20210115145049	8.54559
20210115145049	8.54559
20210115145050	8.54559
20210115145050	8.54559
20210115145051	8.54559
20210115145051	8.54559
20210115145052	8.54559
20210115145052	8.54559
20210115145053	8.54559
20210115145053	8.54559
20210115145054	8.54559
20210115145054	8.54559
20210115145055	8.54559
20210115145055	8.54559
20210115145056	8.54559
20210115145056	8.54559
20210115145057	8.54559
20210115145057	8.54559
20210115145058	8.54559
20210115145058	8.54559
20210115145059	8.54559
20210115145059	8.54559
20210115145100	8.54559
20210115145100	8.54559
20210115145101	8.54559
20210115145101	8.54559
20210115145102	8.54559
20210115145102	8.54559
20210115145103	8.54559
20210115145103	8.54559
20210115145104	8.54559
20210115145104	8.54559
20210115145105	8.54559
20210115145105	8.54559
20210115145106	8.54559
20210115145106	8.54559
20210115145107	8.54559
20210115145107	8.54559
20210115145108	8.54559
20210115145108	8.54559
20210115145109	8.54559
20210115145109	8.54559
20210115145110	8.54559
20210115145110	8.54559
20210115145111	8.54559
20210115145111	8.54559
20210115145112	8.54559
20210115145112	8.54559
20210115145113	8.54559
20210115145113	8.54559
20210115145114	8.54559
20210115145114	8.54559
20210115145115	8.54559
20210115145115	8.54559
20210115145116	8.54559
20210115145116	8.54559
20210115145117	8.54559
20210115145117	8.54559
20210115145118	8.54559
20210115145118	8.54559
20210115145119	8.54559
20210115145119	8.54559
20210115145120	8.54559
20210115145120	8.54559
20210115145121	8.54559
20210115145121	8.54559
20210115145122	8.54559
20210115145122	8.54559
20210115145123	8.54559
20210115145123	8.54559
20210115145124	8.54559
20210115145124	8.54559
20210115145125	8.54559
20210115145125	8.54559
20210115145126	8.54559
20210115145126	8.54559
20210115145127	8.54559
20210115145127	8.54559
20210115145128	8.54559
20210115145128	8.54559
20210115145129	8.54559
20210115145129	8.54559
20210115145130	8.54559
20210115145130	8.54559
20210115145131	8.54559
20210115145131	8.54559
20210115145132	8.54559
20210115145132	8.54559
20210115145133	8.54559
20210115145133	8.54559
20210115145134	8.54559
20210115145134	8.54559
20210115145135	8.54559
20210115145135	8.54559
20210115145136	8.54559
20210115145136	8.54559
20210115145137	8.54559
20210115145137	8.54559
20210115145138	8.54559
20210115145138	8.54559
20210115145139	8.54559
20210115145139	8.54559
20210115145140	8.54559
20210115145140	8.54559
20210115145141	8.54559
20210115145141	8.54559
20210115145142	8.54559
20210115145142	8.54559
20210115145143	8.54559
20210115145143	8.54559
20210115145144	8.54559
20210115145144	8.54559
20210115145145	8.54559
20210115145145	8.54559
20210115145146	8.54559
20210115145146	8.54559
20210115145147	8.54559
20210115145147	8.54559
