Symlinking /home/fengxuewei/GitHub/uav_project_1/AutoLanding/AutoLanding/devel/share/communication/cmake/communicationConfig-version.cmake
Symlinking /home/fengxuewei/GitHub/uav_project_1/AutoLanding/AutoLanding/devel/share/communication/cmake/communicationConfig.cmake
Symlinking /home/fengxuewei/GitHub/uav_project_1/AutoLanding/AutoLanding/devel/share/communication/cmake/communication-msg-extras.cmake
Symlinking /home/fengxuewei/GitHub/uav_project_1/AutoLanding/AutoLanding/devel/share/communication/cmake/communication-msg-paths.cmake
Symlinking /home/fengxuewei/GitHub/uav_project_1/AutoLanding/AutoLanding/devel/share/roseus/ros/communication/manifest.l
Symlinking /home/fengxuewei/GitHub/uav_project_1/AutoLanding/AutoLanding/devel/share/roseus/ros/communication/msg/QgcCommands.l
Symlinking /home/fengxuewei/GitHub/uav_project_1/AutoLanding/AutoLanding/devel/share/roseus/ros/communication/msg/FormationPositionContoller.l
Symlinking /home/fengxuewei/GitHub/uav_project_1/AutoLanding/AutoLanding/devel/share/roseus/ros/communication/msg/FormationData.l
Symlinking /home/fengxuewei/GitHub/uav_project_1/AutoLanding/AutoLanding/devel/share/roseus/ros/communication/msg/Yaw.l
Symlinking /home/fengxuewei/GitHub/uav_project_1/AutoLanding/AutoLanding/devel/share/roseus/ros/communication/msg/UpdHP.l
Symlinking /home/fengxuewei/GitHub/uav_project_1/AutoLanding/AutoLanding/devel/share/roseus/ros/communication/msg/UDPData.l
Symlinking /home/fengxuewei/GitHub/uav_project_1/AutoLanding/AutoLanding/devel/share/roseus/ros/communication/msg/ACK.l
Symlinking /home/fengxuewei/GitHub/uav_project_1/AutoLanding/AutoLanding/devel/share/roseus/ros/communication/msg/udpDataTypes.l
Symlinking /home/fengxuewei/GitHub/uav_project_1/AutoLanding/AutoLanding/devel/share/roseus/ros/communication/msg/FormationNavigator.l
Symlinking /home/fengxuewei/GitHub/uav_project_1/AutoLanding/AutoLanding/devel/share/common-lisp/ros/communication/msg/udpDataTypes.lisp
Symlinking /home/fengxuewei/GitHub/uav_project_1/AutoLanding/AutoLanding/devel/share/common-lisp/ros/communication/msg/QgcCommands.lisp
Symlinking /home/fengxuewei/GitHub/uav_project_1/AutoLanding/AutoLanding/devel/share/common-lisp/ros/communication/msg/FormationNavigator.lisp
Symlinking /home/fengxuewei/GitHub/uav_project_1/AutoLanding/AutoLanding/devel/share/common-lisp/ros/communication/msg/communication-msg.asd
Symlinking /home/fengxuewei/GitHub/uav_project_1/AutoLanding/AutoLanding/devel/share/common-lisp/ros/communication/msg/_package_Yaw.lisp
Symlinking /home/fengxuewei/GitHub/uav_project_1/AutoLanding/AutoLanding/devel/share/common-lisp/ros/communication/msg/_package_FormationNavigator.lisp
Symlinking /home/fengxuewei/GitHub/uav_project_1/AutoLanding/AutoLanding/devel/share/common-lisp/ros/communication/msg/ACK.lisp
Symlinking /home/fengxuewei/GitHub/uav_project_1/AutoLanding/AutoLanding/devel/share/common-lisp/ros/communication/msg/_package_UpdHP.lisp
Symlinking /home/fengxuewei/GitHub/uav_project_1/AutoLanding/AutoLanding/devel/share/common-lisp/ros/communication/msg/UDPData.lisp
Symlinking /home/fengxuewei/GitHub/uav_project_1/AutoLanding/AutoLanding/devel/share/common-lisp/ros/communication/msg/FormationData.lisp
Symlinking /home/fengxuewei/GitHub/uav_project_1/AutoLanding/AutoLanding/devel/share/common-lisp/ros/communication/msg/_package_udpDataTypes.lisp
Symlinking /home/fengxuewei/GitHub/uav_project_1/AutoLanding/AutoLanding/devel/share/common-lisp/ros/communication/msg/_package.lisp
Symlinking /home/fengxuewei/GitHub/uav_project_1/AutoLanding/AutoLanding/devel/share/common-lisp/ros/communication/msg/_package_UDPData.lisp
Symlinking /home/fengxuewei/GitHub/uav_project_1/AutoLanding/AutoLanding/devel/share/common-lisp/ros/communication/msg/_package_FormationPositionContoller.lisp
Symlinking /home/fengxuewei/GitHub/uav_project_1/AutoLanding/AutoLanding/devel/share/common-lisp/ros/communication/msg/Yaw.lisp
Symlinking /home/fengxuewei/GitHub/uav_project_1/AutoLanding/AutoLanding/devel/share/common-lisp/ros/communication/msg/UpdHP.lisp
Symlinking /home/fengxuewei/GitHub/uav_project_1/AutoLanding/AutoLanding/devel/share/common-lisp/ros/communication/msg/_package_FormationData.lisp
Symlinking /home/fengxuewei/GitHub/uav_project_1/AutoLanding/AutoLanding/devel/share/common-lisp/ros/communication/msg/_package_QgcCommands.lisp
Symlinking /home/fengxuewei/GitHub/uav_project_1/AutoLanding/AutoLanding/devel/share/common-lisp/ros/communication/msg/_package_ACK.lisp
Symlinking /home/fengxuewei/GitHub/uav_project_1/AutoLanding/AutoLanding/devel/share/common-lisp/ros/communication/msg/FormationPositionContoller.lisp
Symlinking /home/fengxuewei/GitHub/uav_project_1/AutoLanding/AutoLanding/devel/share/gennodejs/ros/communication/_index.js
Symlinking /home/fengxuewei/GitHub/uav_project_1/AutoLanding/AutoLanding/devel/share/gennodejs/ros/communication/msg/udpDataTypes.js
Symlinking /home/fengxuewei/GitHub/uav_project_1/AutoLanding/AutoLanding/devel/share/gennodejs/ros/communication/msg/UpdHP.js
Symlinking /home/fengxuewei/GitHub/uav_project_1/AutoLanding/AutoLanding/devel/share/gennodejs/ros/communication/msg/ACK.js
Symlinking /home/fengxuewei/GitHub/uav_project_1/AutoLanding/AutoLanding/devel/share/gennodejs/ros/communication/msg/QgcCommands.js
Symlinking /home/fengxuewei/GitHub/uav_project_1/AutoLanding/AutoLanding/devel/share/gennodejs/ros/communication/msg/UDPData.js
Symlinking /home/fengxuewei/GitHub/uav_project_1/AutoLanding/AutoLanding/devel/share/gennodejs/ros/communication/msg/Yaw.js
Symlinking /home/fengxuewei/GitHub/uav_project_1/AutoLanding/AutoLanding/devel/share/gennodejs/ros/communication/msg/FormationNavigator.js
Symlinking /home/fengxuewei/GitHub/uav_project_1/AutoLanding/AutoLanding/devel/share/gennodejs/ros/communication/msg/FormationPositionContoller.js
Symlinking /home/fengxuewei/GitHub/uav_project_1/AutoLanding/AutoLanding/devel/share/gennodejs/ros/communication/msg/FormationData.js
Symlinking /home/fengxuewei/GitHub/uav_project_1/AutoLanding/AutoLanding/devel/share/gennodejs/ros/communication/msg/_index.js
Symlinking /home/fengxuewei/GitHub/uav_project_1/AutoLanding/AutoLanding/devel/lib/libDataForFormationSubandPub.so
Symlinking /home/fengxuewei/GitHub/uav_project_1/AutoLanding/AutoLanding/devel/lib/python2.7/dist-packages/communication/__init__.py
Symlinking /home/fengxuewei/GitHub/uav_project_1/AutoLanding/AutoLanding/devel/lib/python2.7/dist-packages/communication/msg/_QgcCommands.py
Symlinking /home/fengxuewei/GitHub/uav_project_1/AutoLanding/AutoLanding/devel/lib/python2.7/dist-packages/communication/msg/_UDPData.py
Symlinking /home/fengxuewei/GitHub/uav_project_1/AutoLanding/AutoLanding/devel/lib/python2.7/dist-packages/communication/msg/_FormationPositionContoller.py
Symlinking /home/fengxuewei/GitHub/uav_project_1/AutoLanding/AutoLanding/devel/lib/python2.7/dist-packages/communication/msg/_Yaw.py
Symlinking /home/fengxuewei/GitHub/uav_project_1/AutoLanding/AutoLanding/devel/lib/python2.7/dist-packages/communication/msg/_FormationData.py
Symlinking /home/fengxuewei/GitHub/uav_project_1/AutoLanding/AutoLanding/devel/lib/python2.7/dist-packages/communication/msg/_UpdHP.py
Symlinking /home/fengxuewei/GitHub/uav_project_1/AutoLanding/AutoLanding/devel/lib/python2.7/dist-packages/communication/msg/__init__.py
Symlinking /home/fengxuewei/GitHub/uav_project_1/AutoLanding/AutoLanding/devel/lib/python2.7/dist-packages/communication/msg/_ACK.py
Symlinking /home/fengxuewei/GitHub/uav_project_1/AutoLanding/AutoLanding/devel/lib/python2.7/dist-packages/communication/msg/_FormationNavigator.py
Symlinking /home/fengxuewei/GitHub/uav_project_1/AutoLanding/AutoLanding/devel/lib/python2.7/dist-packages/communication/msg/_udpDataTypes.py
Symlinking /home/fengxuewei/GitHub/uav_project_1/AutoLanding/AutoLanding/devel/lib/communication/UDP_Send_justhome
Symlinking /home/fengxuewei/GitHub/uav_project_1/AutoLanding/AutoLanding/devel/lib/communication/mavlink_uart_truedata
Symlinking /home/fengxuewei/GitHub/uav_project_1/AutoLanding/AutoLanding/devel/lib/communication/UDP_Send
Symlinking /home/fengxuewei/GitHub/uav_project_1/AutoLanding/AutoLanding/devel/lib/communication/sendDataForFormation
Symlinking /home/fengxuewei/GitHub/uav_project_1/AutoLanding/AutoLanding/devel/lib/communication/sendFormationShape
Symlinking /home/fengxuewei/GitHub/uav_project_1/AutoLanding/AutoLanding/devel/lib/communication/UDP_Receive
Symlinking /home/fengxuewei/GitHub/uav_project_1/AutoLanding/AutoLanding/devel/lib/communication/mavlink_uart
Symlinking /home/fengxuewei/GitHub/uav_project_1/AutoLanding/AutoLanding/devel/lib/communication/UDP_Send_fromtxt
Symlinking /home/fengxuewei/GitHub/uav_project_1/AutoLanding/AutoLanding/devel/lib/communication/test_udp_receive
Symlinking /home/fengxuewei/GitHub/uav_project_1/AutoLanding/AutoLanding/devel/lib/communication/UDP_Send_QGCommand
Symlinking /home/fengxuewei/GitHub/uav_project_1/AutoLanding/AutoLanding/devel/lib/communication/UDP_Send_fromtxt_localip
Symlinking /home/fengxuewei/GitHub/uav_project_1/AutoLanding/AutoLanding/devel/lib/communication/setqgcommands
Symlinking /home/fengxuewei/GitHub/uav_project_1/AutoLanding/AutoLanding/devel/lib/communication/test_udp_send
Symlinking /home/fengxuewei/GitHub/uav_project_1/AutoLanding/AutoLanding/devel/lib/pkgconfig/communication.pc
Symlinking /home/fengxuewei/GitHub/uav_project_1/AutoLanding/AutoLanding/devel/include/communication/FormationData.h
Symlinking /home/fengxuewei/GitHub/uav_project_1/AutoLanding/AutoLanding/devel/include/communication/FormationPositionContoller.h
Symlinking /home/fengxuewei/GitHub/uav_project_1/AutoLanding/AutoLanding/devel/include/communication/udpDataTypes.h
Symlinking /home/fengxuewei/GitHub/uav_project_1/AutoLanding/AutoLanding/devel/include/communication/Yaw.h
Symlinking /home/fengxuewei/GitHub/uav_project_1/AutoLanding/AutoLanding/devel/include/communication/FormationNavigator.h
Symlinking /home/fengxuewei/GitHub/uav_project_1/AutoLanding/AutoLanding/devel/include/communication/ACK.h
Symlinking /home/fengxuewei/GitHub/uav_project_1/AutoLanding/AutoLanding/devel/include/communication/UDPData.h
Symlinking /home/fengxuewei/GitHub/uav_project_1/AutoLanding/AutoLanding/devel/include/communication/UpdHP.h
Symlinking /home/fengxuewei/GitHub/uav_project_1/AutoLanding/AutoLanding/devel/include/communication/QgcCommands.h
