[  0%] Built target std_msgs_generate_messages_eus
[  0%] Built target geographic_msgs_generate_messages_cpp
[  0%] Built target geometry_msgs_generate_messages_nodejs
[  0%] Built target mavros_msgs_generate_messages_py
[  0%] Built target geographic_msgs_generate_messages_nodejs
[  0%] Built target geographic_msgs_generate_messages_lisp
[  0%] Built target rosgraph_msgs_generate_messages_nodejs
[  0%] Built target std_msgs_generate_messages_nodejs
[  0%] Built target _communication_generate_messages_check_deps_FormationNavigator
[  0%] Built target geometry_msgs_generate_messages_py
[  0%] Built target std_msgs_generate_messages_py
[  0%] Built target _communication_generate_messages_check_deps_FormationData
[  0%] Built target _communication_generate_messages_check_deps_udpDataTypes
[  0%] Built target _communication_generate_messages_check_deps_UpdHP
[  0%] Built target _communication_generate_messages_check_deps_FormationPositionContoller
[  0%] Built target rosgraph_msgs_generate_messages_lisp
[  0%] Built target std_msgs_generate_messages_cpp
[  0%] Built target _communication_generate_messages_check_deps_ACK
[  0%] Built target _communication_generate_messages_check_deps_UDPData
[  0%] Built target _communication_generate_messages_check_deps_QgcCommands
[  0%] Built target geometry_msgs_generate_messages_cpp
[  0%] Built target mavros_msgs_generate_messages_eus
[  0%] Built target _communication_generate_messages_check_deps_Yaw
[  0%] Built target uuid_msgs_generate_messages_lisp
[  0%] Built target mavros_msgs_generate_messages_nodejs
[  0%] Built target uuid_msgs_generate_messages_py
[  0%] Built target sensor_msgs_generate_messages_lisp
[  0%] Built target mavros_msgs_generate_messages_cpp
[  0%] Built target fw_att_control_generate_messages_nodejs
[  0%] Built target roscpp_generate_messages_lisp
[  0%] Built target geographic_msgs_generate_messages_py
[  0%] Built target fw_att_control_generate_messages_py
[  0%] Built target fw_att_control_generate_messages_eus
[  0%] Built target rosgraph_msgs_generate_messages_eus
[  0%] Built target roscpp_generate_messages_cpp
[  0%] Built target sensor_msgs_generate_messages_nodejs
[  0%] Built target fw_att_control_generate_messages_lisp
[  0%] Built target rosgraph_msgs_generate_messages_py
[  0%] Built target roscpp_generate_messages_eus
[  0%] Built target std_msgs_generate_messages_lisp
[  0%] Built target roscpp_generate_messages_nodejs
[  0%] Built target geometry_msgs_generate_messages_eus
[  0%] Built target rosgraph_msgs_generate_messages_cpp
[  0%] Built target mavros_msgs_generate_messages_lisp
[  2%] Built target DataForFormationSubandPub
[  2%] Built target uuid_msgs_generate_messages_nodejs
[  2%] Built target uuid_msgs_generate_messages_cpp
[  2%] Built target sensor_msgs_generate_messages_cpp
[  2%] Built target sensor_msgs_generate_messages_eus
[  2%] Built target sensor_msgs_generate_messages_py
[  2%] Built target geometry_msgs_generate_messages_lisp
[  2%] Built target fw_att_control_generate_messages_cpp
[  2%] Built target uuid_msgs_generate_messages_eus
[  2%] Built target roscpp_generate_messages_py
[  3%] Built target geographic_msgs_generate_messages_eus
[  4%] Built target myudp_receive_forrc
[  7%] Built target SendLib
[ 18%] Built target communication_generate_messages_cpp
[ 20%] Built target udp
[ 22%] Built target ReceiveLib
[ 34%] Built target communication_generate_messages_py
[ 46%] Built target communication_generate_messages_eus
[ 57%] Built target communication_generate_messages_nodejs
[ 68%] Built target communication_generate_messages_lisp
[ 71%] Built target test_udp_receive
[ 73%] Built target UDP_Send_QGCommand
[ 75%] Built target UDP_Receive
[ 80%] Built target setqgcommands
[ 80%] Built target test_udp_send
[ 83%] Built target UDP_Send_fromtxt_localip
[ 85%] Built target sendDataForFormation
[ 87%] Built target mavlink_uart_truedata
[ 90%] Built target sendFormationShape
[ 92%] Built target UDP_Send_fromtxt
[ 92%] Built target communication_generate_messages
[ 95%] Built target mavlink_uart
[ 98%] Built target UDP_Send_justhome
[100%] Built target UDP_Send
