[  0%] Built target geometry_msgs_generate_messages_nodejs
[  0%] Built target geographic_msgs_generate_messages_nodejs
[  0%] Built target geographic_msgs_generate_messages_lisp
[  0%] Built target std_msgs_generate_messages_eus
[  0%] Built target geographic_msgs_generate_messages_cpp
[  0%] Built target rosgraph_msgs_generate_messages_nodejs
[  0%] Built target mavros_msgs_generate_messages_py
[  0%] Built target std_msgs_generate_messages_nodejs
[  0%] Built target std_msgs_generate_messages_py
[  0%] Built target geometry_msgs_generate_messages_py
[  0%] Built target _communication_generate_messages_check_deps_FormationNavigator
[  0%] Built target _communication_generate_messages_check_deps_UpdHP
[  0%] Built target rosgraph_msgs_generate_messages_lisp
[  0%] Built target _communication_generate_messages_check_deps_FormationPositionContoller
[  0%] Built target _communication_generate_messages_check_deps_FormationData
[  0%] Built target _communication_generate_messages_check_deps_ACK
[  0%] Built target std_msgs_generate_messages_cpp
[  0%] Built target _communication_generate_messages_check_deps_udpDataTypes
[  0%] Built target geometry_msgs_generate_messages_cpp
[  0%] Built target _communication_generate_messages_check_deps_QgcCommands
[  0%] Built target _communication_generate_messages_check_deps_UDPData
[  0%] Built target mavros_msgs_generate_messages_cpp
[  0%] Built target _communication_generate_messages_check_deps_Yaw
[  0%] Built target sensor_msgs_generate_messages_lisp
[  0%] Built target mavros_msgs_generate_messages_eus
[  0%] Built target mavros_msgs_generate_messages_nodejs
[  0%] Built target uuid_msgs_generate_messages_lisp
[  0%] Built target uuid_msgs_generate_messages_py
[  0%] Built target fw_att_control_generate_messages_nodejs
[  0%] Built target geographic_msgs_generate_messages_py
[  0%] Built target fw_att_control_generate_messages_lisp
[  0%] Built target fw_att_control_generate_messages_py
[  0%] Built target roscpp_generate_messages_lisp
[  0%] Built target fw_att_control_generate_messages_eus
[  0%] Built target sensor_msgs_generate_messages_nodejs
[  0%] Built target rosgraph_msgs_generate_messages_eus
[  0%] Built target roscpp_generate_messages_cpp
[  0%] Built target rosgraph_msgs_generate_messages_py
[  0%] Built target roscpp_generate_messages_eus
[  0%] Built target geometry_msgs_generate_messages_eus
[  0%] Built target std_msgs_generate_messages_lisp
[  0%] Built target rosgraph_msgs_generate_messages_cpp
[  0%] Built target uuid_msgs_generate_messages_nodejs
[  0%] Built target uuid_msgs_generate_messages_cpp
[  0%] Built target mavros_msgs_generate_messages_lisp
[  0%] Built target roscpp_generate_messages_nodejs
[  0%] Built target sensor_msgs_generate_messages_eus
[  0%] Built target sensor_msgs_generate_messages_py
[  2%] Built target DataForFormationSubandPub
[  2%] Built target sensor_msgs_generate_messages_cpp
[  2%] Built target geometry_msgs_generate_messages_lisp
[  2%] Built target geographic_msgs_generate_messages_eus
[  4%] Built target myudp_receive_forrc
[  4%] Built target uuid_msgs_generate_messages_eus
[  4%] Built target roscpp_generate_messages_py
[  4%] Built target fw_att_control_generate_messages_cpp
[ 15%] Built target communication_generate_messages_nodejs
[ 18%] Built target ReceiveLib
[ 28%] Built target communication_generate_messages_cpp
[ 40%] Built target communication_generate_messages_py
[ 43%] Built target udp
[ 45%] Built target SendLib
[ 57%] Built target communication_generate_messages_eus
[ 68%] Built target communication_generate_messages_lisp
[ 68%] Built target communication_generate_messages
[ 71%] Built target setqgcommands
[ 73%] Built target sendDataForFormation
[ 75%] Built target test_udp_receive
[ 78%] Built target sendFormationShape
[ 80%] Built target UDP_Receive
[ 84%] Built target UDP_Send_fromtxt_localip
[ 85%] Built target UDP_Send_QGCommand
[ 87%] Built target mavlink_uart_truedata
[ 90%] Built target test_udp_send
[ 92%] Built target UDP_Send_fromtxt
[ 95%] Built target UDP_Send
[ 97%] Built target mavlink_uart
[100%] Built target UDP_Send_justhome
