20210115144747	47.2199
20210115144748	47.2199
20210115144748	47.2199
20210115144749	47.2199
20210115144749	47.2199
20210115144750	47.2199
20210115144750	47.2199
20210115144751	47.2199
20210115144751	47.2199
20210115144752	47.2199
20210115144752	47.2199
20210115144753	47.2199
20210115144753	47.2199
20210115144754	47.2199
20210115144754	47.2199
20210115144755	47.2199
20210115144755	47.2199
20210115144756	47.2199
20210115144756	47.2199
20210115144757	47.2199
20210115144757	47.2199
20210115144758	47.2199
20210115144758	47.2199
20210115144759	47.2199
20210115144759	47.2199
20210115144800	47.2199
20210115144800	47.2199
20210115144801	47.2199
20210115144801	47.2199
20210115144802	47.2199
20210115144802	47.2199
20210115144803	47.2199
20210115144803	47.2199
20210115144804	47.2199
20210115144804	47.2199
20210115144805	47.2199
20210115144805	47.2199
20210115144806	47.2199
20210115144806	47.2199
20210115144807	47.2199
20210115144807	47.2199
20210115144808	47.2199
20210115144808	47.2199
20210115144809	47.2199
20210115144809	47.2199
20210115144810	47.2199
20210115144810	47.2199
20210115144811	47.2199
20210115144811	47.2199
20210115144812	47.2199
20210115144812	47.2199
20210115144813	47.2199
20210115144813	47.2199
20210115144814	47.2199
20210115144814	47.2199
20210115144815	47.2199
20210115144815	47.2199
20210115144816	47.2199
20210115144816	47.2199
20210115144817	47.2199
20210115144817	47.2199
20210115144818	47.2199
20210115144818	47.2199
20210115144819	47.2199
20210115144819	47.2199
20210115144820	47.2199
20210115144820	47.2199
20210115144821	47.2199
20210115144821	47.2199
20210115144822	47.2199
20210115144822	47.2199
20210115144823	47.2199
20210115144823	47.2199
20210115144824	47.2199
20210115144824	47.2199
20210115144825	47.2199
20210115144825	47.2199
20210115144826	47.2199
20210115144826	47.2199
20210115144827	47.2199
20210115144827	47.2199
20210115144828	47.2199
20210115144828	47.2199
20210115144829	47.2199
20210115144829	47.2199
20210115144830	47.2199
20210115144830	47.2199
20210115144831	47.2199
20210115144831	47.2199
20210115144832	47.2199
20210115144832	47.2199
20210115144833	47.2199
20210115144833	47.2199
20210115144834	47.2199
20210115144834	47.2199
20210115144835	47.2199
20210115144835	47.2199
20210115144836	47.2199
20210115144836	47.2199
20210115144837	47.2199
20210115144837	47.2199
20210115144838	47.2199
20210115144838	47.2199
20210115144839	47.2199
20210115144839	47.2199
20210115144840	47.2199
20210115144840	47.2199
20210115144841	47.2199
20210115144841	47.2199
20210115144842	47.2199
20210115144842	47.2199
20210115144843	47.2199
20210115144843	47.2199
20210115144844	47.2199
20210115144844	47.2199
20210115144845	47.2199
20210115144845	47.2199
20210115144846	47.2199
20210115144846	47.2199
20210115144847	47.2199
20210115144847	47.2199
20210115144848	47.2199
20210115144848	47.2199
20210115144849	47.2199
20210115144849	47.2199
20210115144850	47.2199
20210115144850	47.2199
20210115144851	47.2199
20210115144851	47.2199
20210115144852	47.2199
20210115144852	47.2199
20210115144853	47.2199
20210115144853	47.2199
20210115144854	47.2199
20210115144854	47.2199
20210115144855	47.2199
20210115144855	47.2199
20210115144856	47.2199
20210115144856	47.2199
20210115144857	47.2199
20210115144857	47.2199
20210115144858	47.2199
20210115144858	47.2199
20210115144859	47.2199
20210115144859	47.2199
20210115144900	47.2199
20210115144900	47.2199
20210115144901	47.2199
20210115144901	47.2199
20210115144902	47.2199
20210115144902	47.2199
20210115144903	47.2199
20210115144903	47.2199
20210115144904	47.2199
20210115144904	47.2199
20210115144905	47.2199
20210115144905	47.2199
20210115144906	47.2199
20210115144906	47.2199
20210115144907	47.2199
20210115144907	47.2199
20210115144908	47.2199
20210115144908	47.2199
20210115144909	47.2199
20210115144909	47.2199
20210115144910	47.2199
20210115144910	47.2199
20210115144911	47.2199
20210115144911	47.2199
20210115144912	47.2199
20210115144912	47.2199
20210115144913	47.2199
20210115144913	47.2199
20210115144914	47.2199
20210115144914	47.2199
20210115144915	47.2199
20210115144915	47.2199
20210115144916	47.2199
20210115144916	47.2199
20210115144917	47.2199
20210115144917	47.2199
20210115144918	47.2199
20210115144918	47.2199
20210115144919	47.2199
20210115144919	47.2199
20210115144920	47.2199
20210115144920	47.2199
20210115144921	47.2199
20210115144921	47.2199
20210115144922	47.2199
20210115144922	47.2199
20210115144923	47.2199
20210115144923	47.2199
20210115144924	47.2199
20210115144924	47.2199
20210115144925	47.2199
20210115144925	47.2199
20210115144926	47.2199
20210115144926	47.2199
20210115144927	47.2199
20210115144927	47.2199
20210115144928	47.2199
20210115144928	47.2199
20210115144929	47.2199
20210115144929	47.2199
20210115144930	47.2199
20210115144930	47.2199
20210115144931	47.2199
20210115144931	47.2199
20210115144932	47.2199
20210115144932	47.2199
20210115144933	47.2199
20210115144933	47.2199
20210115144934	47.2199
20210115144934	47.2199
20210115144935	47.2199
20210115144935	47.2199
20210115144936	47.2199
20210115144936	47.2199
20210115144937	47.2199
20210115144937	47.2199
20210115144938	47.2199
20210115144938	47.2199
20210115144939	47.2199
20210115144939	47.2199
20210115144940	47.2199
20210115144940	47.2199
20210115144941	47.2199
20210115144941	47.2199
20210115144942	47.2199
20210115144942	47.2199
20210115144943	47.2199
20210115144943	47.2199
20210115144944	47.2199
20210115144944	47.2199
20210115144945	47.2199
20210115144945	47.2199
20210115144946	47.2199
20210115144946	47.2199
20210115144947	47.2199
20210115144947	47.2199
20210115144948	47.2199
20210115144948	47.2199
20210115144949	47.2199
20210115144949	47.2199
20210115144950	47.2199
20210115144950	47.2199
20210115144951	47.2199
20210115144951	47.2199
20210115144952	47.2199
20210115144952	47.2199
20210115144953	47.2199
20210115144953	47.2199
20210115144954	47.2199
20210115144954	47.2199
20210115144955	47.2199
20210115144955	47.2199
20210115144956	47.2199
20210115144956	47.2199
20210115144957	47.2199
20210115144957	47.2199
20210115144958	47.2199
20210115144958	47.2199
20210115144959	47.2199
20210115144959	47.2199
20210115145000	47.2199
20210115145000	47.2199
20210115145001	47.2199
20210115145001	47.2199
20210115145002	47.2199
20210115145002	47.2199
20210115145003	47.2199
20210115145003	47.2199
20210115145004	47.2199
20210115145004	47.2199
20210115145005	47.2199
20210115145005	47.2199
20210115145006	47.2199
20210115145006	47.2199
20210115145007	47.2199
20210115145007	47.2199
20210115145008	47.2199
20210115145008	47.2199
20210115145009	47.2199
20210115145009	47.2199
20210115145010	47.2199
20210115145010	47.2199
20210115145011	47.2199
20210115145011	47.2199
20210115145012	47.2199
20210115145012	47.2199
20210115145013	47.2199
20210115145013	47.2199
20210115145014	47.2199
20210115145014	47.2199
20210115145015	47.2199
20210115145015	47.2199
20210115145016	47.2199
20210115145016	47.2199
20210115145017	47.2199
20210115145017	47.2199
20210115145018	47.2199
20210115145018	47.2199
20210115145019	47.2199
20210115145019	47.2199
20210115145020	47.2199
20210115145020	47.2199
20210115145021	47.2199
20210115145021	47.2199
20210115145022	47.2199
20210115145022	47.2199
20210115145023	47.2199
20210115145023	47.2199
20210115145024	47.2199
20210115145024	47.2199
20210115145025	47.2199
20210115145025	47.2199
20210115145026	47.2199
20210115145026	47.2199
20210115145027	47.2199
20210115145027	47.2199
20210115145028	47.2199
20210115145028	47.2199
20210115145029	47.2199
20210115145029	47.2199
20210115145030	47.2199
20210115145030	47.2199
20210115145031	47.2199
20210115145031	47.2199
20210115145032	47.2199
20210115145032	47.2199
20210115145033	47.2199
20210115145033	47.2199
20210115145034	47.2199
20210115145034	47.2199
20210115145035	47.2199
20210115145035	47.2199
20210115145036	47.2199
20210115145036	47.2199
20210115145037	47.2199
20210115145037	47.2199
20210115145038	47.2199
20210115145038	47.2199
20210115145039	47.2199
20210115145039	47.2199
20210115145040	47.2199
20210115145040	47.2199
20210115145041	47.2199
20210115145041	47.2199
20210115145042	47.2199
20210115145042	47.2199
20210115145043	47.2199
20210115145043	47.2199
20210115145044	47.2199
20210115145044	47.2199
20210115145045	47.2199
20210115145045	47.2199
20210115145046	47.2199
20210115145046	47.2199
20210115145047	47.2199
20210115145047	47.2199
20210115145048	47.2199
20210115145048	47.2199
20210115145049	47.2199
20210115145049	47.2199
20210115145050	47.2199
20210115145050	47.2199
20210115145051	47.2199
20210115145051	47.2199
20210115145052	47.2199
20210115145052	47.2199
20210115145053	47.2199
20210115145053	47.2199
20210115145054	47.2199
20210115145054	47.2199
20210115145055	47.2199
20210115145055	47.2199
20210115145056	47.2199
20210115145056	47.2199
20210115145057	47.2199
20210115145057	47.2199
20210115145058	47.2199
20210115145058	47.2199
20210115145059	47.2199
20210115145059	47.2199
20210115145100	47.2199
20210115145100	47.2199
20210115145101	47.2199
20210115145101	47.2199
20210115145102	47.2199
20210115145102	47.2199
20210115145103	47.2199
20210115145103	47.2199
20210115145104	47.2199
20210115145104	47.2199
20210115145105	47.2199
20210115145105	47.2199
20210115145106	47.2199
20210115145106	47.2199
20210115145107	47.2199
20210115145107	47.2199
20210115145108	47.2199
20210115145108	47.2199
20210115145109	47.2199
20210115145109	47.2199
20210115145110	47.2199
20210115145110	47.2199
20210115145111	47.2199
20210115145111	47.2199
20210115145112	47.2199
20210115145112	47.2199
20210115145113	47.2199
20210115145113	47.2199
20210115145114	47.2199
20210115145114	47.2199
20210115145115	47.2199
20210115145115	47.2199
20210115145116	47.2199
20210115145116	47.2199
20210115145117	47.2199
20210115145117	47.2199
20210115145118	47.2199
20210115145118	47.2199
20210115145119	47.2199
20210115145119	47.2199
20210115145120	47.2199
20210115145120	47.2199
20210115145121	47.2199
20210115145121	47.2199
20210115145122	47.2199
20210115145122	47.2199
20210115145123	47.2199
20210115145123	47.2199
20210115145124	47.2199
20210115145124	47.2199
20210115145125	47.2199
20210115145125	47.2199
20210115145126	47.2199
20210115145126	47.2199
20210115145127	47.2199
20210115145127	47.2199
20210115145128	47.2199
20210115145128	47.2199
20210115145129	47.2199
20210115145129	47.2199
20210115145130	47.2199
20210115145130	47.2199
20210115145131	47.2199
20210115145131	47.2199
20210115145132	47.2199
20210115145132	47.2199
20210115145133	47.2199
20210115145133	47.2199
20210115145134	47.2199
20210115145134	47.2199
20210115145135	47.2199
20210115145135	47.2199
20210115145136	47.2199
20210115145136	47.2199
20210115145137	47.2199
20210115145137	47.2199
20210115145138	47.2199
20210115145138	47.2199
20210115145139	47.2199
20210115145139	47.2199
20210115145140	47.2199
20210115145140	47.2199
20210115145141	47.2199
20210115145141	47.2199
20210115145142	47.2199
20210115145142	47.2199
20210115145143	47.2199
20210115145143	47.2199
20210115145144	47.2199
20210115145144	47.2199
20210115145145	47.2199
20210115145145	47.2199
20210115145146	47.2199
20210115145146	47.2199
20210115145147	47.2199
20210115145147	47.2199
