20210104225230	535.345
20210104225230	535.345
20210104225231	535.345
20210104225231	535.345
20210104225232	535.345
20210104225232	535.345
20210104225233	535.345
20210104225233	535.345
20210104225234	535.345
20210104225234	535.345
20210104225235	535.345
20210104225235	535.345
20210104225236	535.345
20210104225236	535.345
20210104225237	535.345
20210104225237	535.345
20210104225238	535.345
20210104225238	535.345
20210104225239	535.345
20210104225239	535.345
20210104225240	535.345
20210104225240	535.345
20210104225241	535.345
20210104225241	535.345
20210104225242	535.345
20210104225242	535.345
20210104225243	535.345
20210104225243	535.345
20210104225244	535.345
20210104225244	535.345
20210104225245	535.345
20210104225245	535.345
20210104225246	535.345
20210104225246	535.345
20210104225247	535.345
20210104225247	535.345
20210104225248	535.345
20210104225248	535.345
20210104225249	535.345
20210104225249	535.345
20210104225250	535.345
20210104225250	535.345
20210104225251	535.345
20210104225251	535.345
20210104225252	535.345
20210104225252	535.345
20210104225253	535.345
20210104225253	535.345
20210104225254	535.345
20210104225254	535.345
20210104225255	535.345
20210104225255	535.345
20210104225256	535.345
20210104225256	535.345
20210104225257	535.345
20210104225257	535.345
20210104225258	535.345
20210104225258	535.345
20210104225259	535.345
20210104225259	535.345
20210104225300	535.345
20210104225300	535.345
20210104225301	535.345
20210104225301	535.345
20210104225302	535.345
20210104225302	535.345
20210104225303	535.345
20210104225303	535.345
20210104225304	535.345
20210104225304	535.345
20210104225305	535.345
20210104225305	535.345
20210104225306	535.345
20210104225306	535.345
20210104225307	535.345
20210104225307	535.345
20210104225308	535.345
20210104225308	535.345
20210104225309	535.345
20210104225309	535.345
20210104225310	535.345
20210104225310	535.345
20210104225311	535.345
20210104225311	535.345
20210104225312	535.345
20210104225312	535.345
20210104225313	535.345
20210104225313	535.345
20210104225314	535.345
20210104225314	535.345
20210104225315	535.345
20210104225315	535.345
20210104225316	535.345
20210104225316	535.345
20210104225317	535.345
20210104225317	535.345
20210104225318	535.345
20210104225318	535.345
20210104225319	535.345
20210104225319	535.345
20210104225320	535.345
20210104225320	535.345
20210104225321	535.345
20210104225321	535.345
20210104225322	535.345
20210104225322	535.345
20210104225323	535.345
20210104225323	535.345
20210104225324	535.345
20210104225324	535.345
20210104225325	535.345
20210104225325	535.345
20210104225326	535.345
20210104225326	535.345
20210104225327	535.345
20210104225327	535.345
20210104225328	535.345
20210104225328	535.345
20210104225329	535.345
20210104225329	535.345
20210104225330	535.345
20210104225330	535.345
20210104225331	535.345
20210104225331	535.345
20210104225332	535.345
20210104225332	535.345
20210104225333	535.345
20210104225333	535.345
20210104225334	535.345
20210104225334	535.345
20210104225335	535.345
20210104225335	535.345
20210104225336	535.345
20210104225336	535.345
20210104225337	535.345
20210104225337	535.345
20210104225338	535.345
20210104225338	535.345
20210104225339	535.345
20210104225339	535.345
20210104225340	535.345
20210104225340	535.345
20210104225341	535.345
20210104225341	535.345
20210104225342	535.345
20210104225342	535.345
20210104225343	535.345
20210104225343	535.345
20210104225344	535.345
20210104225344	535.345
20210104225345	535.345
20210104225345	535.345
20210104225346	535.345
20210104225346	535.345
20210104225347	535.345
20210104225347	535.345
20210104225348	535.345
20210104225348	535.345
20210104225349	535.345
20210104225349	535.345
20210104225350	535.345
20210104225350	535.345
20210104225351	535.345
20210104225351	535.345
20210104225352	535.345
20210104225352	535.345
20210104225353	535.345
20210104225353	535.345
20210104225354	535.345
20210104225354	535.345
20210104225355	535.345
20210104225355	535.345
20210104225356	535.345
20210104225356	535.345
20210104225357	535.345
20210104225357	535.345
20210104225358	535.345
20210104225358	535.345
20210104225359	535.345
20210104225359	535.345
20210104225400	535.345
20210104225400	535.345
20210104225401	535.345
20210104225401	535.345
20210104225402	535.345
20210104225402	535.345
20210104225403	535.345
20210104225403	535.345
20210104225404	535.345
20210104225404	535.345
20210104225405	535.345
20210104225405	535.345
20210104225406	535.345
20210104225406	535.345
20210104225407	535.345
20210104225407	535.345
20210104225408	535.345
20210104225408	535.345
20210104225409	535.345
20210104225409	535.345
20210104225410	535.345
20210104225410	535.345
20210104225411	535.345
20210104225411	535.345
20210104225412	535.345
20210104225412	535.345
20210104225413	535.345
20210104225413	535.345
20210104225414	535.345
20210104225414	535.345
20210104225415	535.345
20210104225415	535.345
20210104225416	535.345
20210104225416	535.345
20210104225417	535.345
20210104225417	535.345
20210104225418	535.345
20210104225418	535.345
20210104225419	535.345
20210104225419	535.345
20210104225420	535.345
20210104225420	535.345
20210104225421	535.345
20210104225421	535.345
20210104225422	535.345
