20210111015205	40.3621
20210111015205	39.4026
20210111015205	39.4026
20210111015205	39.4026
20210111015205	39.2889
20210111015205	39.2889
20210111015205	39.2889
20210111015205	39.2889
20210111015205	39.1366
20210111015205	39.1366
20210111015205	39.1366
20210111015205	39.1366
20210111015205	39.0058
20210111015205	39.0058
20210111015205	39.0058
20210111015205	38.8697
20210111015205	38.8697
20210111015205	38.8697
20210111015205	38.7284
20210111015205	38.7284
20210111015205	38.7284
20210111015205	38.7284
20210111015205	38.5817
20210111015205	38.5817
20210111015205	38.5817
20210111015205	38.4296
20210111015205	38.4296
20210111015205	38.4296
20210111015205	38.4296
20210111015206	38.2295
20210111015206	38.2295
20210111015206	38.0607
20210111015206	38.0607
20210111015206	38.0607
20210111015206	38.0607
20210111015206	37.8866
20210111015206	37.8866
20210111015206	37.8866
20210111015206	37.7073
20210111015206	37.7073
20210111015206	37.7073
20210111015206	37.5227
20210111015206	37.5227
20210111015206	37.5227
20210111015206	37.2843
20210111015206	37.2843
20210111015206	37.2843
20210111015206	37.2843
20210111015206	37.0846
20210111015206	37.0846
20210111015206	37.0846
20210111015206	36.8769
20210111015206	36.8769
20210111015206	36.8769
20210111015206	36.6642
20210111015206	36.6642
20210111015206	36.6642
20210111015206	36.6642
20210111015206	36.6642
20210111015206	36.4463
20210111015207	36.4463
20210111015207	36.4463
20210111015207	36.2231
20210111015207	36.2231
20210111015207	36.2231
20210111015207	35.9368
20210111015207	35.9368
20210111015207	35.9368
20210111015207	35.9368
20210111015207	35.6988
20210111015207	35.6988
20210111015207	35.453
20210111015207	35.453
20210111015207	35.453
20210111015207	35.453
20210111015207	35.2021
20210111015207	35.2021
20210111015207	35.2021
20210111015207	34.9461
20210111015207	34.9461
20210111015207	34.9461
20210111015207	34.9461
20210111015207	34.6189
20210111015207	34.6189
20210111015207	34.6189
20210111015207	34.4187
20210111015207	34.4187
20210111015207	34.4187
20210111015207	34.0755
20210111015207	34.0755
20210111015207	34.0755
20210111015207	34.0755
20210111015207	33.7919
20210111015207	33.7919
20210111015207	33.7919
20210111015207	33.5033
20210111015207	33.5033
20210111015207	33.5033
20210111015207	33.5033
20210111015207	33.2098
20210111015207	33.2098
20210111015207	32.9111
20210111015208	32.9111
20210111015208	32.9111
20210111015208	32.9111
20210111015208	32.6072
20210111015208	32.6072
20210111015208	32.6072
20210111015208	32.6072
20210111015208	32.2167
20210111015208	32.2167
20210111015208	31.8948
20210111015208	31.8948
20210111015208	31.8948
20210111015208	31.5681
20210111015208	31.5681
20210111015208	31.5681
20210111015208	31.5681
20210111015208	31.2364
20210111015208	31.2364
20210111015208	31.2364
20210111015208	31.2364
20210111015208	30.8996
20210111015208	30.8996
20210111015208	30.8996
20210111015208	30.4715
20210111015208	30.4715
20210111015208	30.4715
20210111015208	30.4715
20210111015208	30.1197
20210111015208	30.1197
20210111015208	30.1197
20210111015208	29.7598
20210111015208	29.7598
20210111015208	29.7598
20210111015208	29.3952
20210111015208	29.3952
20210111015208	29.3952
20210111015208	29.0256
20210111015208	29.0256
20210111015208	29.0256
20210111015208	29.0256
20210111015208	28.6511
20210111015208	28.6511
20210111015208	28.2717
20210111015208	28.2717
20210111015208	28.2717
20210111015208	28.2717
20210111015208	28.2717
20210111015208	27.7902
20210111015208	27.7902
20210111015208	27.7902
20210111015208	27.3993
20210111015208	27.3993
20210111015208	27.3993
20210111015209	27.0033
20210111015209	27.0033
20210111015209	27.0033
20210111015209	26.6059
20210111015209	26.6059
20210111015209	26.6059
20210111015209	26.6059
20210111015209	26.2139
20210111015209	26.2139
20210111015209	26.2139
20210111015209	25.8155
20210111015209	25.8155
20210111015209	25.8155
20210111015209	25.3085
20210111015209	25.3085
20210111015209	25.3085
20210111015209	25.3085
20210111015209	24.8959
20210111015209	24.8959
20210111015209	24.8959
20210111015209	24.4772
20210111015209	24.4772
20210111015209	24.4772
20210111015209	24.0558
20210111015209	24.0558
20210111015209	24.0558
20210111015209	23.5322
20210111015209	23.5322
20210111015209	23.5322
20210111015209	23.5322
20210111015209	23.2128
20210111015209	23.2128
20210111015209	23.2128
20210111015209	22.6719
20210111015209	22.6719
20210111015209	22.6719
20210111015209	22.6719
20210111015209	22.2318
20210111015209	22.2318
20210111015209	22.2318
20210111015209	21.7852
20210111015209	21.7852
20210111015209	21.7852
20210111015209	21.335
20210111015209	21.335
20210111015209	21.335
20210111015209	21.335
20210111015209	20.8861
20210111015209	20.8861
20210111015209	20.8861
20210111015209	20.3152
20210111015209	20.3152
20210111015209	20.3152
20210111015209	19.8509
20210111015209	19.8509
20210111015209	19.8509
20210111015209	19.3802
20210111015209	19.3802
20210111015209	19.3802
20210111015210	19.3802
20210111015210	18.9032
20210111015210	18.9032
20210111015210	18.9032
20210111015210	18.4224
20210111015210	18.4224
20210111015210	18.4224
20210111015210	18.4224
20210111015210	17.9422
20210111015210	17.9422
20210111015210	17.9422
20210111015210	17.3325
20210111015210	17.3325
20210111015210	17.3325
20210111015210	16.8376
20210111015210	16.8376
20210111015210	16.8376
20210111015210	16.3366
20210111015210	16.3366
20210111015210	16.3366
20210111015210	16.3366
20210111015210	15.8302
20210111015210	15.8302
20210111015210	15.8302
20210111015210	15.3212
20210111015210	15.3212
20210111015210	15.3212
20210111015210	15.3212
20210111015210	14.8137
20210111015210	14.8137
20210111015210	14.8137
20210111015210	14.3021
20210111015210	14.3021
20210111015210	14.3021
20210111015210	13.6575
20210111015210	13.6575
20210111015210	13.6575
20210111015210	13.6575
20210111015210	13.1383
20210111015210	13.1383
20210111015210	13.1383
20210111015210	12.6164
20210111015210	12.6164
20210111015210	12.6164
20210111015210	12.6164
20210111015210	12.093
20210111015210	12.093
20210111015210	12.093
20210111015210	11.4388
20210111015210	11.4388
20210111015210	11.4388
20210111015210	11.0446
20210111015211	11.0446
20210111015211	11.0446
20210111015211	11.0446
20210111015211	10.3851
20210111015211	10.3851
20210111015211	9.85544
20210111015211	9.85544
20210111015211	9.85544
20210111015211	9.32416
20210111015211	9.32416
20210111015211	9.32416
20210111015211	9.32416
20210111015211	8.7915
20210111015211	8.7915
20210111015211	8.7915
20210111015211	8.12403
20210111015211	8.12403
20210111015211	8.12403
20210111015211	8.12403
20210111015211	7.72261
20210111015211	7.72261
20210111015211	7.72261
20210111015211	7.05209
20210111015211	7.05209
20210111015211	7.05209
20210111015211	7.05209
20210111015211	6.51448
20210111015211	6.51448
20210111015211	6.51448
20210111015211	5.97591
20210111015211	5.97591
20210111015211	5.97591
20210111015211	5.43622
20210111015211	5.43622
20210111015211	5.43622
20210111015212	4.89512
20210111015212	4.89512
20210111015212	4.89512
20210111015212	4.89512
20210111015212	4.35337
20210111015212	4.35337
20210111015212	4.35337
20210111015212	3.67552
20210111015212	3.67552
20210111015212	3.67552
20210111015212	3.67552
20210111015212	3.13282
20210111015212	3.13282
20210111015212	3.13282
20210111015212	2.58984
20210111015212	2.58984
20210111015212	2.58984
20210111015212	2.58984
20210111015212	2.04595
20210111015212	2.04595
20210111015212	2.04595
20210111015212	1.50004
20210111015212	1.50004
20210111015212	1.50004
20210111015212	0.954215
20210111015212	0.954215
20210111015212	0.954215
20210111015212	0.272211
20210111015212	0.272211
20210111015212	0.272211
20210111015212	-0.273066
20210111015212	-0.273066
20210111015212	-0.273066
20210111015212	-0.273066
20210111015212	-0.817975
20210111015212	-0.817975
20210111015212	-0.817975
20210111015212	-0.817975
20210111015212	-1.36356
20210111015212	-1.36356
20210111015212	-1.36356
20210111015212	-2.04855
20210111015212	-2.04855
20210111015212	-2.04855
20210111015212	-2.45892
20210111015212	-2.45892
20210111015212	-2.45892
20210111015212	-3.14182
20210111015212	-3.14182
20210111015212	-3.14182
20210111015212	-3.68718
20210111015213	-3.68718
20210111015213	-3.68718
20210111015213	-4.23166
20210111015213	-4.23166
20210111015213	-4.23166
20210111015213	-4.23166
20210111015213	-4.23166
20210111015213	-4.77617
20210111015213	-4.77617
20210111015213	-4.77617
20210111015213	-5.45879
20210111015213	-5.45879
20210111015213	-5.45879
20210111015213	-5.86744
20210111015213	-5.86744
20210111015213	-5.86744
20210111015213	-5.86744
20210111015213	-6.54696
20210111015213	-6.54696
20210111015213	-7.08918
20210111015213	-7.08918
20210111015213	-7.08918
20210111015213	-7.08918
20210111015213	-7.63018
20210111015213	-7.63018
20210111015213	-7.63018
20210111015213	-8.17133
20210111015213	-8.17133
20210111015213	-8.17133
20210111015213	-8.17133
20210111015214	-8.7152
20210111015214	-8.7152
20210111015214	-8.7152
20210111015214	-9.25741
20210111015214	-9.25741
20210111015214	-9.25741
20210111015214	-9.93294
20210111015214	-9.93294
20210111015214	-9.93294
20210111015214	-9.93294
20210111015214	-10.4717
20210111015214	-10.4717
20210111015214	-10.4717
20210111015214	-11.0088
20210111015214	-11.0088
20210111015214	-11.0088
20210111015214	-11.5461
20210111015214	-11.5461
20210111015214	-11.5461
20210111015214	-12.2208
20210111015214	-12.2208
20210111015214	-12.2208
20210111015214	-12.2208
20210111015214	-12.6242
20210111015214	-12.6242
20210111015214	-12.6242
20210111015214	-13.2941
20210111015214	-13.2941
20210111015214	-13.2941
20210111015214	-13.828
20210111015214	-13.828
20210111015214	-13.828
20210111015215	-13.828
20210111015215	-14.3601
20210111015215	-14.3601
20210111015215	-14.3601
20210111015215	-15.0259
20210111015215	-15.0259
20210111015215	-15.0259
20210111015215	-15.0259
20210111015215	-15.4265
20210111015215	-15.4265
20210111015215	-15.4265
20210111015215	-15.9588
20210111015215	-15.9588
20210111015215	-15.9588
20210111015215	-16.6213
20210111015215	-16.6213
20210111015215	-16.6213
20210111015215	-17.1491
20210111015215	-17.1491
20210111015215	-17.1491
20210111015215	-17.6748
20210111015215	-17.6748
20210111015215	-17.6748
20210111015215	-17.6748
20210111015215	-18.2003
20210111015215	-18.2003
20210111015215	-18.2003
20210111015215	-18.7284
20210111015215	-18.7284
20210111015215	-18.7284
20210111015215	-18.7284
20210111015215	-19.2541
20210111015215	-19.2541
20210111015215	-19.2541
20210111015215	-19.2541
20210111015215	-19.9083
20210111015215	-19.9083
20210111015216	-19.9083
20210111015216	-20.4293
20210111015216	-20.4293
20210111015216	-20.4293
20210111015216	-20.9483
20210111015216	-20.9483
20210111015216	-20.9483
20210111015216	-20.9483
20210111015216	-21.4671
20210111015216	-21.4671
20210111015216	-21.4671
20210111015216	-22.1192
20210111015216	-22.1192
20210111015216	-22.1192
20210111015216	-22.5085
20210111015216	-22.5085
20210111015216	-22.5085
20210111015216	-23.1546
20210111015216	-23.1546
20210111015216	-23.1546
20210111015216	-23.1546
20210111015216	-23.6689
20210111015216	-23.6689
20210111015216	-24.1811
20210111015216	-24.1811
20210111015216	-24.1811
20210111015216	-24.1811
20210111015216	-24.1811
20210111015216	-24.693
20210111015216	-24.693
20210111015216	-24.693
20210111015217	-25.2077
20210111015217	-25.2077
20210111015217	-25.72
20210111015217	-25.72
20210111015217	-25.72
20210111015217	-25.72
20210111015217	-26.3572
20210111015217	-26.3572
20210111015217	-26.3572
20210111015217	-26.8645
20210111015217	-26.8645
20210111015217	-26.8645
20210111015217	-26.8645
20210111015217	-27.3697
20210111015217	-27.3697
20210111015217	-27.3697
20210111015217	-27.8746
20210111015217	-27.8746
20210111015217	-27.8746
20210111015217	-28.3822
20210111015217	-28.3822
20210111015217	-28.3822
20210111015217	-28.3822
20210111015217	-29.0133
20210111015217	-29.0133
20210111015217	-29.0133
20210111015217	-29.5157
20210111015217	-29.5157
20210111015217	-29.5157
20210111015218	-29.5157
20210111015218	-30.0158
20210111015218	-30.0158
20210111015218	-30.0158
20210111015218	-30.514
20210111015218	-30.514
20210111015218	-30.514
20210111015218	-30.514
20210111015218	-31.012
20210111015218	-31.012
20210111015218	-31.5132
20210111015218	-31.5132
20210111015218	-31.5132
20210111015218	-31.5132
20210111015218	-32.012
20210111015218	-32.012
20210111015218	-32.012
20210111015218	-32.012
20210111015218	-32.6321
20210111015218	-32.6321
20210111015218	-32.6321
20210111015218	-33.1258
20210111015218	-33.1258
20210111015218	-33.1258
20210111015218	-33.6174
20210111015218	-33.6174
20210111015218	-33.6174
20210111015218	-33.6174
20210111015218	-34.1087
20210111015218	-34.1087
20210111015218	-34.1087
20210111015218	-34.7259
20210111015218	-34.7259
20210111015218	-34.7259
20210111015218	-35.0944
20210111015218	-35.0944
20210111015218	-35.0944
20210111015218	-35.7057
20210111015218	-35.7057
20210111015219	-35.7057
20210111015219	-35.7057
20210111015219	-36.1924
20210111015219	-36.1924
20210111015219	-36.1924
20210111015219	-36.6769
20210111015219	-36.6769
20210111015219	-36.6769
20210111015219	-36.6769
20210111015219	-37.1613
20210111015219	-37.1613
20210111015219	-37.7699
20210111015219	-37.7699
20210111015219	-37.7699
20210111015219	-37.7699
20210111015219	-38.1333
20210111015219	-38.1333
20210111015219	-38.1333
20210111015219	-38.7362
20210111015219	-38.7362
20210111015219	-38.7362
20210111015219	-39.2162
20210111015219	-39.2162
20210111015219	-39.2162
20210111015219	-39.2162
20210111015219	-39.6944
20210111015220	-39.6944
20210111015220	-39.6944
20210111015220	-39.6944
20210111015220	-40.2929
20210111015220	-40.2929
20210111015220	-40.7734
20210111015220	-40.7734
20210111015220	-40.7734
20210111015220	-40.7734
20210111015220	-41.1322
20210111015220	-41.1322
20210111015220	-41.1322
20210111015220	-41.1322
20210111015220	-41.7276
20210111015220	-41.7276
20210111015220	-42.2016
20210111015220	-42.2016
20210111015220	-42.2016
20210111015220	-42.2016
20210111015220	-42.6737
20210111015220	-42.6737
20210111015220	-42.6737
20210111015220	-43.1456
20210111015220	-43.1456
20210111015220	-43.1456
20210111015220	-43.6205
20210111015220	-43.6205
20210111015220	-43.6205
20210111015220	-43.6205
20210111015220	-44.0931
20210111015220	-44.0931
20210111015220	-44.0931
20210111015220	-44.6807
20210111015220	-44.6807
20210111015220	-44.6807
20210111015220	-45.1486
20210111015220	-45.1486
20210111015220	-45.1486
20210111015220	-45.1486
20210111015220	-45.6145
20210111015220	-45.6145
20210111015220	-45.6145
20210111015220	-46.0803
20210111015220	-46.0803
20210111015220	-46.0803
20210111015220	-46.6652
20210111015220	-46.6652
20210111015220	-46.6652
20210111015221	-46.6652
20210111015221	-47.0145
20210111015221	-47.0145
20210111015221	-47.0145
20210111015221	-47.594
20210111015221	-47.594
20210111015221	-47.594
20210111015221	-48.0554
20210111015221	-48.0554
20210111015221	-48.0554
20210111015221	-48.0554
20210111015221	-48.515
20210111015221	-48.515
20210111015221	-48.515
20210111015221	-48.515
20210111015221	-48.9745
20210111015221	-48.9745
20210111015221	-49.4369
20210111015221	-49.4369
20210111015221	-49.4369
20210111015221	-49.4369
20210111015221	-49.8971
20210111015221	-49.8971
20210111015221	-49.8971
20210111015221	-50.4693
20210111015221	-50.4693
20210111015222	-50.4693
20210111015222	-50.9248
20210111015222	-50.9248
20210111015222	-50.9248
20210111015222	-50.9248
20210111015222	-51.3785
20210111015222	-51.3785
20210111015222	-51.3785
20210111015222	-51.9431
20210111015222	-51.9431
20210111015222	-51.9431
20210111015222	-51.9431
20210111015222	-52.2806
20210111015222	-52.2806
20210111015222	-52.7291
20210111015222	-52.7291
20210111015222	-52.7291
20210111015222	-52.7291
20210111015222	-53.2842
20210111015222	-53.2842
20210111015222	-53.2842
20210111015222	-53.7229
20210111015222	-53.7229
20210111015222	-53.7229
20210111015222	-53.7229
20210111015222	-54.1607
20210111015222	-54.1607
20210111015222	-54.1607
20210111015222	-54.1607
20210111015222	-54.5975
20210111015222	-54.5975
20210111015222	-54.5975
20210111015222	-55.0335
20210111015222	-55.0335
20210111015222	-55.0335
20210111015223	-55.4686
20210111015223	-55.4686
20210111015223	-55.4686
20210111015223	-55.4686
20210111015223	-56.0081
20210111015223	-56.0081
20210111015223	-56.0081
20210111015223	-56.4357
20210111015223	-56.4357
20210111015223	-56.4357
20210111015223	-56.8629
20210111015223	-56.8629
20210111015223	-56.8629
20210111015223	-57.2895
20210111015223	-57.2895
20210111015223	-57.2895
20210111015223	-57.2895
20210111015223	-57.7156
20210111015223	-57.7156
20210111015223	-57.7156
20210111015223	-58.1412
20210111015223	-58.1412
20210111015223	-58.1412
20210111015223	-58.1412
20210111015223	-58.6704
20210111015223	-58.6704
20210111015223	-58.6704
20210111015224	-59.091
20210111015224	-59.091
20210111015224	-59.091
20210111015224	-59.5112
20210111015224	-59.5112
20210111015224	-59.5112
20210111015224	-59.5112
20210111015224	-59.9311
20210111015224	-59.9311
20210111015224	-59.9311
20210111015224	-60.3505
20210111015224	-60.3505
20210111015224	-60.3505
20210111015224	-60.7695
20210111015224	-60.7695
20210111015224	-60.7695
20210111015224	-61.2912
20210111015224	-61.2912
20210111015224	-61.2912
20210111015224	-61.7067
20210111015224	-61.7067
20210111015224	-61.7067
20210111015224	-61.7067
20210111015224	-62.1217
20210111015224	-62.1217
20210111015224	-62.1217
20210111015224	-62.1217
20210111015224	-62.5362
20210111015224	-62.5362
20210111015224	-62.5362
20210111015224	-63.0536
20210111015224	-63.0536
20210111015224	-63.0536
20210111015224	-63.4669
20210111015225	-63.4669
20210111015225	-63.4669
20210111015225	-63.4669
20210111015225	-63.8785
20210111015225	-63.8785
20210111015225	-64.2887
20210111015225	-64.2887
20210111015225	-64.2887
20210111015225	-64.2887
20210111015225	-64.6983
20210111015225	-64.6983
20210111015225	-64.6983
20210111015225	-65.1075
20210111015225	-65.1075
20210111015225	-65.1075
20210111015225	-65.5161
20210111015225	-65.5161
20210111015225	-65.5161
20210111015225	-65.5161
20210111015225	-65.924
20210111015225	-65.924
20210111015225	-65.924
20210111015225	-66.4327
20210111015225	-66.4327
20210111015225	-66.4327
20210111015225	-66.4327
20210111015225	-66.8385
20210111015225	-66.8385
20210111015225	-66.8385
20210111015225	-67.2437
20210111015225	-67.2437
20210111015225	-67.2437
20210111015225	-67.6483
20210111015225	-67.6483
20210111015225	-67.6483
20210111015225	-67.6483
20210111015225	-68.1531
20210111015226	-68.1531
20210111015226	-68.1531
20210111015226	-68.4554
20210111015226	-68.4554
20210111015226	-68.4554
20210111015226	-68.9585
20210111015226	-68.9585
20210111015226	-68.9585
20210111015226	-69.3605
20210111015226	-69.3605
20210111015226	-69.3605
20210111015226	-69.3605
20210111015226	-69.7616
20210111015226	-69.7616
20210111015226	-69.7616
20210111015227	-70.162
20210111015227	-70.162
20210111015227	-70.162
20210111015227	-70.162
20210111015227	-70.5615
20210111015227	-70.5615
20210111015227	-70.5615
20210111015227	-70.9601
20210111015227	-70.9601
20210111015227	-70.9601
20210111015227	-70.9601
20210111015227	-71.4577
20210111015227	-71.4577
20210111015227	-71.4577
20210111015227	-71.8551
20210111015227	-71.8551
20210111015227	-71.8551
20210111015227	-72.2516
20210111015227	-72.2516
20210111015227	-72.2516
20210111015227	-72.6472
20210111015227	-72.6472
20210111015227	-72.6472
20210111015227	-73.0419
20210111015227	-73.0419
20210111015227	-73.0419
20210111015227	-73.0419
20210111015227	-73.4356
20210111015227	-73.4356
20210111015227	-73.4356
20210111015227	-73.927
20210111015227	-73.927
20210111015227	-73.927
20210111015227	-74.3196
20210111015227	-74.3196
20210111015227	-74.3196
20210111015227	-74.3196
20210111015227	-74.7112
20210111015227	-74.7112
20210111015227	-74.7112
20210111015227	-74.7112
20210111015227	-75.1019
20210111015227	-75.1019
20210111015227	-75.4916
20210111015228	-75.4916
20210111015228	-75.4916
20210111015228	-75.4916
20210111015228	-75.8804
20210111015228	-75.8804
20210111015228	-75.8804
20210111015228	-76.3661
20210111015228	-76.3661
20210111015228	-76.3661
20210111015228	-76.3661
20210111015228	-76.7547
20210111015228	-76.7547
20210111015228	-76.7547
20210111015228	-77.1421
20210111015228	-77.1421
20210111015228	-77.1421
20210111015228	-77.1421
20210111015228	-77.5285
20210111015228	-77.5285
20210111015228	-77.9138
20210111015228	-77.9138
20210111015228	-77.9138
20210111015228	-77.9138
20210111015228	-78.298
20210111015228	-78.298
20210111015228	-78.298
20210111015228	-78.7779
20210111015228	-78.7779
20210111015228	-78.7779
20210111015228	-78.7779
20210111015229	-79.1619
20210111015229	-79.1619
20210111015229	-79.1619
20210111015229	-79.5446
20210111015229	-79.5446
20210111015229	-79.5446
20210111015229	-79.5446
20210111015229	-79.9261
20210111015229	-79.9261
20210111015229	-79.9261
20210111015229	-80.3064
20210111015229	-80.3064
20210111015229	-80.3064
20210111015229	-80.6855
20210111015229	-80.6855
20210111015229	-80.6855
20210111015229	-81.1587
20210111015229	-81.1587
20210111015229	-81.1587
20210111015229	-81.1587
20210111015229	-81.5371
20210111015229	-81.5371
20210111015229	-81.5371
20210111015229	-81.9141
20210111015229	-81.9141
20210111015229	-81.9141
20210111015229	-82.2899
20210111015229	-82.2899
20210111015229	-82.2899
20210111015229	-82.2899
20210111015229	-82.6645
20210111015229	-82.6645
20210111015229	-82.6645
20210111015229	-83.0378
20210111015229	-83.0378
20210111015229	-83.0378
20210111015229	-83.0378
20210111015229	-83.5041
20210111015229	-83.5041
20210111015229	-83.8773
20210111015229	-83.8773
20210111015229	-83.8773
20210111015229	-83.8773
20210111015229	-84.2492
20210111015230	-84.2492
20210111015230	-84.2492
20210111015230	-84.6196
20210111015230	-84.6196
20210111015230	-84.6196
20210111015230	-85.0808
20210111015230	-85.0808
20210111015230	-85.0808
20210111015230	-85.0808
20210111015230	-85.3565
20210111015230	-85.3565
20210111015230	-85.3565
20210111015230	-85.3565
20210111015230	-85.8161
20210111015231	-85.8161
20210111015231	-86.1841
20210111015231	-86.1841
20210111015231	-86.1841
20210111015231	-86.1841
20210111015231	-86.5505
20210111015231	-86.5505
20210111015231	-86.5505
20210111015231	-86.5505
20210111015231	-86.9155
20210111015231	-86.9155
20210111015231	-87.3699
20210111015231	-87.3699
20210111015231	-87.3699
20210111015231	-87.3699
20210111015231	-87.7318
20210111015231	-87.7318
20210111015231	-87.7318
20210111015231	-88.0939
20210111015231	-88.0939
20210111015231	-88.0939
20210111015231	-88.0939
20210111015231	-88.4558
20210111015231	-88.4558
20210111015231	-88.4558
20210111015231	-88.8163
20210111015231	-88.8163
20210111015231	-88.8163
20210111015231	-89.1753
20210111015231	-89.1753
20210111015231	-89.1753
20210111015231	-89.1753
20210111015231	-89.5328
20210111015231	-89.5328
20210111015231	-89.5328
20210111015231	-89.889
20210111015231	-89.889
20210111015231	-89.889
20210111015231	-90.3342
20210111015231	-90.3342
20210111015232	-90.3342
20210111015232	-90.6907
20210111015232	-90.6907
20210111015232	-90.6907
20210111015232	-90.6907
20210111015232	-91.0456
20210111015232	-91.0456
20210111015232	-91.0456
20210111015232	-91.3989
20210111015232	-91.3989
20210111015232	-91.3989
20210111015232	-91.7508
20210111015232	-91.7508
20210111015232	-91.7508
20210111015232	-91.7508
20210111015232	-92.1886
20210111015232	-92.1886
20210111015232	-92.1886
20210111015232	-92.1886
20210111015232	-92.539
20210111015232	-92.539
20210111015232	-92.8894
20210111015232	-92.8894
20210111015232	-92.8894
20210111015232	-92.8894
20210111015232	-93.2383
20210111015232	-93.2383
20210111015232	-93.2383
20210111015232	-93.5856
20210111015232	-93.5856
20210111015232	-93.5856
20210111015232	-93.5856
20210111015233	-93.9313
20210111015233	-93.9313
20210111015233	-93.9313
20210111015233	-94.3615
20210111015233	-94.3615
20210111015233	-94.3615
20210111015233	-94.7056
20210111015233	-94.7056
20210111015233	-94.7056
20210111015233	-95.0495
20210111015233	-95.0495
20210111015233	-95.0495
20210111015233	-95.0495
20210111015233	-95.3919
20210111015233	-95.3919
20210111015233	-95.3919
20210111015233	-95.7327
20210111015233	-95.7327
20210111015233	-95.7327
20210111015233	-95.7327
20210111015233	-96.1567
20210111015233	-96.1567
20210111015233	-96.1567
20210111015233	-96.4101
20210111015233	-96.4101
20210111015233	-96.4101
20210111015233	-96.4101
20210111015233	-96.8323
20210111015233	-96.8323
20210111015233	-96.8323
20210111015233	-97.1706
20210111015233	-97.1706
20210111015233	-97.1706
20210111015233	-97.5072
20210111015233	-97.5072
20210111015233	-97.5072
20210111015233	-97.8423
20210111015233	-97.8423
20210111015233	-97.8423
20210111015233	-98.1759
20210111015233	-98.1759
20210111015234	-98.1759
20210111015234	-98.1759
20210111015234	-98.508
20210111015234	-98.508
20210111015234	-98.508
20210111015234	-98.9228
20210111015234	-98.9228
20210111015234	-98.9228
20210111015234	-99.2549
20210111015234	-99.2549
20210111015234	-99.2549
20210111015234	-99.2549
20210111015234	-99.5853
20210111015234	-99.5853
20210111015234	-99.5853
20210111015234	-99.914
20210111015234	-99.914
20210111015234	-99.914
20210111015234	-99.914
20210111015234	-100.241
20210111015234	-100.241
20210111015234	-100.241
20210111015234	-100.567
20210111015234	-100.567
20210111015234	-100.567
20210111015234	-100.567
20210111015234	-100.974
20210111015234	-100.974
20210111015234	-100.974
20210111015234	-101.299
20210111015234	-101.299
20210111015234	-101.299
20210111015234	-101.623
20210111015234	-101.623
20210111015234	-101.623
20210111015234	-101.945
20210111015234	-101.945
20210111015234	-101.945
20210111015234	-101.945
20210111015234	-102.345
20210111015234	-102.345
20210111015234	-102.345
20210111015234	-102.584
20210111015234	-102.584
20210111015234	-102.584
20210111015234	-102.584
20210111015234	-102.983
20210111015234	-102.983
20210111015234	-102.983
20210111015234	-103.301
20210111015234	-103.301
20210111015234	-103.301
20210111015234	-103.618
20210111015234	-103.618
20210111015235	-103.618
20210111015235	-103.933
20210111015235	-103.933
20210111015235	-103.933
20210111015235	-104.247
20210111015235	-104.247
20210111015235	-104.247
20210111015235	-104.247
20210111015235	-104.559
20210111015235	-104.559
20210111015235	-104.559
20210111015235	-104.949
20210111015235	-104.949
20210111015235	-104.949
20210111015235	-104.949
20210111015235	-105.261
20210111015235	-105.261
20210111015235	-105.261
20210111015235	-105.572
20210111015235	-105.572
20210111015235	-105.572
20210111015235	-105.572
20210111015235	-105.881
20210111015235	-105.881
20210111015235	-106.188
20210111015235	-106.188
20210111015235	-106.188
20210111015235	-106.188
20210111015235	-106.494
20210111015235	-106.494
20210111015235	-106.494
20210111015235	-106.494
20210111015235	-106.876
20210111015235	-106.876
20210111015235	-106.876
20210111015235	-107.181
20210111015236	-107.181
20210111015236	-107.181
20210111015236	-107.484
20210111015236	-107.484
20210111015236	-107.484
20210111015236	-107.484
20210111015236	-107.786
20210111015236	-107.786
20210111015236	-108.086
20210111015236	-108.086
20210111015236	-108.086
20210111015236	-108.086
20210111015236	-108.385
20210111015236	-108.385
20210111015236	-108.385
20210111015236	-108.385
20210111015236	-108.758
20210111015236	-108.758
20210111015236	-109.057
20210111015236	-109.057
20210111015236	-109.057
20210111015236	-109.353
20210111015236	-109.353
20210111015236	-109.353
20210111015236	-109.353
20210111015236	-109.649
20210111015236	-109.649
20210111015236	-109.649
20210111015236	-109.942
20210111015236	-109.942
20210111015236	-109.942
20210111015236	-109.942
20210111015236	-110.235
20210111015236	-110.235
20210111015236	-110.235
20210111015236	-110.598
20210111015236	-110.598
20210111015236	-110.598
20210111015236	-110.887
20210111015236	-110.887
20210111015236	-110.887
20210111015236	-111.175
20210111015236	-111.175
20210111015236	-111.175
20210111015236	-111.175
20210111015236	-111.175
20210111015236	-111.46
20210111015236	-111.46
20210111015236	-111.46
20210111015236	-111.81
20210111015236	-111.81
20210111015236	-111.81
20210111015236	-112.019
20210111015236	-112.019
20210111015236	-112.019
20210111015236	-112.019
20210111015236	-112.366
20210111015236	-112.366
20210111015236	-112.366
20210111015236	-112.643
20210111015236	-112.643
20210111015236	-112.643
20210111015236	-112.92
20210111015236	-112.92
20210111015236	-112.92
20210111015236	-113.194
20210111015236	-113.194
20210111015236	-113.194
20210111015236	-113.531
20210111015236	-113.531
20210111015236	-113.531
20210111015236	-113.531
20210111015236	-113.733
20210111015236	-113.733
20210111015236	-113.733
20210111015236	-114.069
20210111015236	-114.069
20210111015236	-114.069
20210111015236	-114.069
20210111015237	-114.337
20210111015237	-114.337
20210111015237	-114.337
20210111015237	-114.605
20210111015237	-114.605
20210111015237	-114.605
20210111015237	-114.87
20210111015237	-114.87
20210111015237	-114.87
20210111015237	-115.198
20210111015237	-115.198
20210111015237	-115.198
20210111015237	-115.198
20210111015237	-115.395
20210111015237	-115.395
20210111015237	-115.395
20210111015237	-115.395
20210111015237	-115.721
20210111015237	-115.721
20210111015237	-115.982
20210111015237	-115.982
20210111015237	-115.982
20210111015237	-115.982
20210111015237	-116.242
20210111015237	-116.242
20210111015237	-116.242
20210111015237	-116.501
20210111015237	-116.501
20210111015237	-116.501
20210111015237	-116.822
20210111015237	-116.822
20210111015237	-116.822
20210111015237	-116.822
20210111015237	-117.078
20210111015237	-117.078
20210111015237	-117.078
20210111015237	-117.333
20210111015237	-117.333
20210111015237	-117.333
20210111015237	-117.588
20210111015237	-117.588
20210111015237	-117.588
20210111015237	-117.588
20210111015237	-117.842
20210111015237	-117.842
20210111015237	-117.842
20210111015237	-118.095
20210111015238	-118.095
20210111015238	-118.095
20210111015238	-118.095
20210111015238	-118.346
20210111015238	-118.346
20210111015238	-118.346
20210111015238	-118.659
20210111015238	-118.659
20210111015238	-118.659
20210111015238	-118.908
20210111015238	-118.908
20210111015238	-118.908
20210111015238	-119.157
20210111015238	-119.157
20210111015238	-119.157
20210111015238	-119.157
20210111015238	-119.405
20210111015238	-119.405
20210111015239	-119.405
20210111015239	-119.652
20210111015239	-119.652
20210111015239	-119.652
20210111015239	-119.652
20210111015239	-119.898
20210111015239	-119.898
20210111015239	-119.898
20210111015239	-120.142
20210111015239	-120.142
20210111015239	-120.142
20210111015239	-120.447
20210111015239	-120.447
20210111015239	-120.447
20210111015239	-120.447
20210111015239	-120.69
20210111015239	-120.69
20210111015239	-120.932
20210111015239	-120.932
20210111015239	-120.932
20210111015239	-120.932
20210111015239	-120.932
20210111015239	-121.234
20210111015239	-121.234
20210111015239	-121.234
20210111015239	-121.415
20210111015239	-121.415
20210111015239	-121.415
20210111015239	-121.654
20210111015239	-121.654
20210111015239	-121.654
20210111015239	-121.654
20210111015239	-121.953
20210111015239	-121.953
20210111015239	-121.953
20210111015239	-122.191
20210111015239	-122.191
20210111015239	-122.191
20210111015239	-122.429
20210111015239	-122.429
20210111015239	-122.429
20210111015239	-122.665
20210111015239	-122.665
20210111015240	-122.665
20210111015240	-122.665
20210111015240	-122.901
20210111015240	-122.901
20210111015240	-122.901
20210111015240	-123.136
20210111015240	-123.136
20210111015240	-123.136
20210111015240	-123.428
20210111015240	-123.428
20210111015240	-123.428
20210111015240	-123.428
20210111015240	-123.662
20210111015240	-123.662
20210111015240	-123.662
20210111015240	-123.894
20210111015240	-123.894
20210111015240	-123.894
20210111015240	-123.894
20210111015240	-124.125
20210111015240	-124.125
20210111015240	-124.356
20210111015240	-124.356
20210111015240	-124.356
20210111015240	-124.356
20210111015240	-124.585
20210111015240	-124.585
20210111015240	-124.585
20210111015240	-124.871
20210111015240	-124.871
20210111015240	-124.871
20210111015240	-125.098
20210111015240	-125.098
20210111015240	-125.098
20210111015240	-125.098
20210111015240	-125.325
20210111015240	-125.325
20210111015240	-125.325
20210111015241	-125.325
20210111015241	-125.551
20210111015241	-125.551
20210111015241	-125.776
20210111015241	-125.776
20210111015241	-125.776
20210111015241	-125.776
20210111015241	-126
20210111015241	-126
20210111015241	-126
20210111015241	-126
20210111015241	-126.279
20210111015241	-126.279
20210111015241	-126.501
20210111015241	-126.501
20210111015241	-126.501
20210111015241	-126.501
20210111015241	-126.722
20210111015241	-126.722
20210111015241	-126.722
20210111015241	-126.943
20210111015241	-126.943
20210111015241	-126.943
20210111015241	-127.163
20210111015241	-127.163
20210111015241	-127.163
20210111015241	-127.163
20210111015241	-127.382
20210111015241	-127.382
20210111015241	-127.382
20210111015241	-127.654
20210111015241	-127.654
20210111015241	-127.654
20210111015241	-127.654
20210111015241	-127.871
20210111015241	-127.871
20210111015241	-127.871
20210111015241	-128.087
20210111015241	-128.087
20210111015241	-128.087
20210111015242	-128.302
20210111015242	-128.302
20210111015242	-128.302
20210111015242	-128.302
20210111015242	-128.517
20210111015242	-128.517
20210111015242	-128.517
20210111015242	-128.73
20210111015242	-128.73
20210111015242	-128.73
20210111015242	-128.996
20210111015242	-128.996
20210111015242	-128.996
20210111015242	-129.207
20210111015242	-129.207
20210111015242	-129.207
20210111015242	-129.207
20210111015242	-129.418
20210111015242	-129.418
20210111015242	-129.418
20210111015242	-129.418
20210111015242	-129.627
20210111015242	-129.627
20210111015242	-129.627
20210111015242	-129.837
20210111015242	-129.837
20210111015242	-129.837
20210111015242	-130.097
20210111015242	-130.097
20210111015242	-130.097
20210111015242	-130.097
20210111015242	-130.304
20210111015242	-130.304
20210111015242	-130.304
20210111015242	-130.51
20210111015242	-130.51
20210111015242	-130.51
20210111015243	-130.715
20210111015243	-130.715
20210111015243	-130.715
20210111015243	-130.715
20210111015243	-130.919
20210111015243	-130.919
20210111015243	-131.123
20210111015243	-131.123
20210111015243	-131.123
20210111015243	-131.123
20210111015243	-131.326
20210111015243	-131.326
20210111015243	-131.326
20210111015243	-131.578
20210111015243	-131.578
20210111015243	-131.578
20210111015243	-131.779
20210111015243	-131.779
20210111015243	-131.779
20210111015243	-131.779
20210111015243	-131.979
20210111015243	-131.979
20210111015243	-131.979
20210111015243	-131.979
20210111015243	-132.178
20210111015243	-132.178
20210111015243	-132.178
20210111015243	-132.426
20210111015243	-132.426
20210111015243	-132.426
20210111015243	-132.623
20210111015243	-132.623
20210111015243	-132.623
20210111015243	-132.819
20210111015243	-132.819
20210111015243	-132.819
20210111015243	-132.819
20210111015243	-133.015
20210111015243	-133.015
20210111015243	-133.015
20210111015243	-133.209
20210111015243	-133.209
20210111015243	-133.209
20210111015244	-133.403
20210111015244	-133.403
20210111015244	-133.403
20210111015244	-133.596
20210111015244	-133.596
20210111015244	-133.596
20210111015244	-133.596
20210111015244	-133.789
20210111015244	-133.789
20210111015244	-133.789
20210111015244	-134.028
20210111015244	-134.028
20210111015244	-134.028
20210111015244	-134.218
20210111015244	-134.218
20210111015244	-134.218
20210111015244	-134.218
20210111015244	-134.408
20210111015244	-134.408
20210111015244	-134.408
20210111015244	-134.596
20210111015244	-134.596
20210111015244	-134.596
20210111015244	-134.596
20210111015244	-134.832
20210111015244	-134.832
20210111015244	-134.832
20210111015244	-134.973
20210111015244	-134.973
20210111015244	-134.973
20210111015244	-135.206
20210111015244	-135.206
20210111015244	-135.206
20210111015244	-135.206
20210111015244	-135.391
20210111015244	-135.391
20210111015244	-135.575
20210111015244	-135.575
20210111015244	-135.575
20210111015244	-135.575
20210111015244	-135.575
20210111015244	-135.759
20210111015244	-135.759
20210111015244	-135.759
20210111015244	-135.943
20210111015244	-135.943
20210111015244	-136.126
20210111015244	-136.126
20210111015244	-136.126
20210111015244	-136.126
20210111015244	-136.126
20210111015244	-136.352
20210111015244	-136.352
20210111015244	-136.533
20210111015244	-136.533
20210111015244	-136.533
20210111015244	-136.533
20210111015244	-136.712
20210111015244	-136.712
20210111015244	-136.712
20210111015244	-136.712
20210111015244	-136.891
20210111015244	-136.891
20210111015244	-137.069
20210111015244	-137.069
20210111015244	-137.069
20210111015244	-137.291
20210111015244	-137.291
20210111015244	-137.291
20210111015244	-137.291
20210111015244	-137.467
20210111015244	-137.467
20210111015244	-137.467
20210111015244	-137.643
20210111015244	-137.643
20210111015244	-137.643
20210111015244	-137.643
20210111015244	-137.817
20210111015244	-137.817
20210111015244	-137.817
20210111015245	-137.817
20210111015245	-138.034
20210111015245	-138.034
20210111015245	-138.034
20210111015245	-138.207
20210111015245	-138.207
20210111015245	-138.207
20210111015245	-138.336
20210111015245	-138.336
20210111015245	-138.336
20210111015245	-138.551
20210111015245	-138.551
20210111015245	-138.551
20210111015245	-138.721
20210111015245	-138.721
20210111015245	-138.721
20210111015245	-138.721
20210111015245	-138.891
20210111015245	-138.891
20210111015245	-138.891
20210111015245	-139.06
20210111015245	-139.06
20210111015245	-139.06
20210111015245	-139.228
20210111015245	-139.228
20210111015245	-139.228
20210111015245	-139.228
20210111015245	-139.396
20210111015245	-139.396
20210111015245	-139.396
20210111015245	-139.396
20210111015245	-139.605
20210111015246	-139.605
20210111015246	-139.605
20210111015246	-139.77
20210111015246	-139.77
20210111015246	-139.77
20210111015246	-139.935
20210111015246	-139.935
20210111015246	-139.935
20210111015246	-140.099
20210111015246	-140.099
20210111015246	-140.099
20210111015246	-140.263
20210111015246	-140.263
20210111015246	-140.263
20210111015246	-140.263
20210111015246	-140.426
20210111015246	-140.426
20210111015246	-140.426
20210111015246	-140.629
20210111015246	-140.629
20210111015246	-140.629
20210111015246	-140.629
20210111015246	-140.789
20210111015246	-140.789
20210111015246	-140.789
20210111015246	-140.949
20210111015246	-140.949
20210111015246	-140.949
20210111015246	-141.109
20210111015246	-141.109
20210111015246	-141.109
20210111015246	-141.109
20210111015246	-141.308
20210111015246	-141.308
20210111015246	-141.308
20210111015246	-141.426
20210111015246	-141.426
20210111015246	-141.426
20210111015246	-141.623
20210111015246	-141.623
20210111015246	-141.623
20210111015246	-141.623
20210111015246	-141.779
20210111015246	-141.779
20210111015246	-141.779
20210111015246	-141.935
20210111015246	-141.935
20210111015246	-141.935
20210111015247	-142.09
20210111015247	-142.09
20210111015247	-142.09
20210111015247	-142.09
20210111015247	-142.244
20210111015247	-142.244
20210111015247	-142.244
20210111015247	-142.398
20210111015247	-142.398
20210111015247	-142.398
20210111015247	-142.589
20210111015247	-142.589
20210111015247	-142.589
20210111015247	-142.741
20210111015247	-142.741
20210111015247	-142.741
20210111015247	-142.892
20210111015247	-142.892
20210111015247	-142.892
20210111015247	-142.892
20210111015247	-143.042
20210111015247	-143.042
20210111015247	-143.042
20210111015247	-143.191
20210111015247	-143.191
20210111015247	-143.191
20210111015247	-143.377
20210111015247	-143.377
20210111015247	-143.377
20210111015247	-143.377
20210111015247	-143.523
20210111015247	-143.523
20210111015247	-143.523
20210111015247	-143.666
20210111015247	-143.666
20210111015247	-143.666
20210111015247	-143.666
20210111015247	-143.809
20210111015247	-143.809
20210111015247	-143.809
20210111015247	-143.809
20210111015247	-143.987
20210111015247	-143.987
20210111015247	-144.094
20210111015247	-144.094
20210111015247	-144.094
20210111015247	-144.094
20210111015247	-144.235
20210111015247	-144.235
20210111015247	-144.235
20210111015247	-144.41
20210111015247	-144.41
20210111015247	-144.41
20210111015247	-144.41
20210111015247	-144.548
20210111015247	-144.548
20210111015247	-144.548
20210111015247	-144.686
20210111015247	-144.686
20210111015247	-144.686
20210111015247	-144.823
20210111015247	-144.823
20210111015247	-144.823
20210111015247	-144.823
20210111015248	-144.96
20210111015248	-144.96
20210111015248	-144.96
20210111015248	-145.097
20210111015248	-145.097
20210111015248	-145.097
20210111015248	-145.266
20210111015248	-145.266
20210111015248	-145.266
20210111015248	-145.399
20210111015248	-145.399
20210111015248	-145.399
20210111015248	-145.532
20210111015248	-145.532
20210111015248	-145.532
20210111015248	-145.532
20210111015248	-145.664
20210111015248	-145.664
20210111015248	-145.664
20210111015248	-145.664
20210111015248	-145.797
20210111015248	-145.797
20210111015248	-145.929
20210111015248	-145.929
20210111015248	-145.929
20210111015248	-145.929
20210111015248	-146.092
20210111015248	-146.092
20210111015248	-146.092
20210111015248	-146.222
20210111015248	-146.222
20210111015248	-146.222
20210111015248	-146.222
20210111015248	-146.351
20210111015248	-146.351
20210111015248	-146.351
20210111015248	-146.479
20210111015248	-146.479
20210111015248	-146.479
20210111015248	-146.64
20210111015248	-146.64
20210111015248	-146.64
20210111015248	-146.64
20210111015248	-146.736
20210111015248	-146.736
20210111015248	-146.736
20210111015248	-146.895
20210111015248	-146.895
20210111015248	-146.895
20210111015248	-147.021
20210111015248	-147.021
20210111015248	-147.021
20210111015248	-147.021
20210111015248	-147.147
20210111015248	-147.147
20210111015248	-147.147
20210111015248	-147.147
20210111015248	-147.273
20210111015248	-147.273
20210111015248	-147.273
20210111015248	-147.398
20210111015249	-147.398
20210111015249	-147.398
20210111015249	-147.523
20210111015249	-147.523
20210111015249	-147.523
20210111015249	-147.523
20210111015249	-147.677
20210111015249	-147.677
20210111015249	-147.677
20210111015249	-147.8
20210111015249	-147.8
20210111015249	-147.8
20210111015249	-147.923
20210111015249	-147.923
20210111015249	-147.923
20210111015249	-147.923
20210111015249	-148.045
20210111015249	-148.045
20210111015249	-148.166
20210111015249	-148.166
20210111015249	-148.166
20210111015249	-148.166
20210111015249	-148.288
20210111015249	-148.288
20210111015249	-148.288
20210111015249	-148.438
20210111015249	-148.438
20210111015249	-148.438
20210111015249	-148.438
20210111015249	-148.558
20210111015249	-148.558
20210111015249	-148.558
20210111015249	-148.678
20210111015249	-148.678
20210111015249	-148.678
20210111015249	-148.678
20210111015249	-148.797
20210111015249	-148.797
20210111015249	-148.797
20210111015250	-148.916
20210111015250	-148.916
20210111015250	-148.916
20210111015250	-149.034
20210111015250	-149.034
20210111015250	-149.034
20210111015250	-149.181
20210111015250	-149.181
20210111015250	-149.181
20210111015250	-149.297
20210111015250	-149.297
20210111015250	-149.297
20210111015250	-149.297
20210111015250	-149.413
20210111015250	-149.413
20210111015250	-149.413
20210111015250	-149.413
20210111015250	-149.558
20210111015250	-149.558
20210111015250	-149.558
20210111015250	-149.644
20210111015250	-149.644
20210111015250	-149.644
20210111015250	-149.788
20210111015250	-149.788
20210111015250	-149.788
20210111015250	-149.902
20210111015250	-149.902
20210111015250	-149.902
20210111015250	-149.902
20210111015250	-150.015
20210111015250	-150.015
20210111015250	-150.015
20210111015250	-150.128
20210111015250	-150.128
20210111015250	-150.128
20210111015250	-150.241
20210111015250	-150.241
20210111015250	-150.241
20210111015250	-150.353
20210111015250	-150.353
20210111015250	-150.353
20210111015250	-150.353
20210111015250	-150.492
20210111015250	-150.492
20210111015250	-150.492
20210111015250	-150.492
20210111015250	-150.604
20210111015250	-150.604
20210111015251	-150.604
20210111015251	-150.714
20210111015251	-150.714
20210111015251	-150.714
20210111015251	-150.824
20210111015251	-150.824
20210111015251	-150.824
20210111015251	-150.824
20210111015251	-150.934
20210111015251	-150.934
20210111015251	-150.934
20210111015251	-151.044
20210111015251	-151.044
20210111015251	-151.044
20210111015251	-151.153
20210111015251	-151.153
20210111015251	-151.153
20210111015251	-151.153
20210111015251	-151.288
20210111015251	-151.288
20210111015251	-151.288
20210111015251	-151.395
20210111015251	-151.395
20210111015251	-151.395
20210111015251	-151.502
20210111015252	-151.502
20210111015252	-151.502
20210111015252	-151.502
20210111015252	-151.609
20210111015252	-151.609
20210111015252	-151.715
20210111015252	-151.715
20210111015252	-151.715
20210111015252	-151.715
20210111015252	-151.821
20210111015252	-151.821
20210111015252	-151.821
20210111015252	-151.821
20210111015252	-151.952
20210111015252	-151.952
20210111015252	-151.952
20210111015252	-152.057
20210111015252	-152.057
20210111015252	-152.057
20210111015252	-152.161
20210111015252	-152.161
20210111015252	-152.161
20210111015252	-152.161
20210111015252	-152.265
20210111015252	-152.265
20210111015252	-152.394
20210111015252	-152.394
20210111015252	-152.394
20210111015252	-152.394
20210111015252	-152.471
20210111015252	-152.471
20210111015252	-152.471
20210111015252	-152.599
20210111015252	-152.599
20210111015252	-152.599
20210111015252	-152.599
20210111015252	-152.701
20210111015252	-152.701
20210111015252	-152.701
20210111015252	-152.803
20210111015252	-152.803
20210111015252	-152.803
20210111015252	-152.903
20210111015252	-152.903
20210111015252	-152.903
20210111015252	-152.903
20210111015253	-153.004
20210111015253	-153.004
20210111015253	-153.004
20210111015253	-153.104
20210111015253	-153.104
20210111015253	-153.104
20210111015253	-153.229
20210111015253	-153.229
20210111015253	-153.229
20210111015253	-153.229
20210111015253	-153.328
20210111015253	-153.328
20210111015253	-153.328
20210111015253	-153.426
20210111015253	-153.426
20210111015253	-153.426
20210111015253	-153.426
20210111015253	-153.524
20210111015253	-153.524
20210111015253	-153.524
20210111015253	-153.647
20210111015253	-153.647
20210111015253	-153.647
20210111015253	-153.72
20210111015253	-153.72
20210111015253	-153.72
20210111015253	-153.841
20210111015253	-153.841
20210111015253	-153.841
20210111015253	-153.841
20210111015253	-153.937
20210111015254	-153.937
20210111015254	-154.032
20210111015254	-154.032
20210111015254	-154.032
20210111015254	-154.032
20210111015254	-154.032
20210111015254	-154.128
20210111015254	-154.128
20210111015254	-154.246
20210111015254	-154.246
20210111015254	-154.246
20210111015254	-154.246
20210111015254	-154.317
20210111015254	-154.317
20210111015254	-154.317
20210111015254	-154.435
20210111015254	-154.435
20210111015254	-154.435
20210111015254	-154.435
20210111015254	-154.528
20210111015254	-154.528
20210111015254	-154.622
20210111015254	-154.622
20210111015254	-154.622
20210111015254	-154.622
20210111015254	-154.715
20210111015254	-154.715
20210111015254	-154.715
20210111015254	-154.715
20210111015254	-154.807
20210111015254	-154.807
20210111015254	-154.807
20210111015254	-154.922
20210111015254	-154.922
20210111015254	-154.922
20210111015254	-154.922
20210111015254	-155.014
20210111015254	-155.014
20210111015254	-155.014
20210111015254	-155.105
20210111015254	-155.105
20210111015254	-155.105
20210111015254	-155.196
20210111015254	-155.196
20210111015254	-155.196
20210111015254	-155.286
20210111015254	-155.286
20210111015254	-155.286
20210111015254	-155.376
20210111015254	-155.376
20210111015255	-155.376
20210111015255	-155.376
20210111015255	-155.466
20210111015255	-155.466
20210111015255	-155.466
20210111015255	-155.577
20210111015255	-155.577
20210111015255	-155.577
20210111015255	-155.577
20210111015255	-155.666
20210111015255	-155.666
20210111015255	-155.666
20210111015255	-155.754
20210111015255	-155.754
20210111015255	-155.754
20210111015255	-155.754
20210111015255	-155.842
20210111015255	-155.842
20210111015255	-155.93
20210111015255	-155.93
20210111015255	-155.93
20210111015255	-156.017
20210111015255	-156.017
20210111015255	-156.017
20210111015255	-156.017
20210111015255	-156.126
20210111015255	-156.126
20210111015255	-156.126
20210111015255	-156.126
20210111015255	-156.213
20210111015255	-156.213
20210111015255	-156.213
20210111015255	-156.299
20210111015255	-156.299
20210111015255	-156.299
20210111015255	-156.384
20210111015255	-156.384
20210111015255	-156.384
20210111015255	-156.384
20210111015256	-156.47
20210111015256	-156.47
20210111015256	-156.47
20210111015256	-156.576
20210111015256	-156.576
20210111015256	-156.576
20210111015256	-156.576
20210111015256	-156.66
20210111015256	-156.66
20210111015256	-156.66
20210111015256	-156.744
20210111015256	-156.744
20210111015256	-156.744
20210111015256	-156.828
20210111015256	-156.828
20210111015256	-156.828
20210111015256	-156.911
20210111015256	-156.911
20210111015256	-156.911
20210111015256	-156.911
20210111015256	-156.995
20210111015256	-156.995
20210111015256	-156.995
20210111015256	-157.077
20210111015256	-157.077
20210111015256	-157.077
20210111015256	-157.18
20210111015256	-157.18
20210111015256	-157.18
20210111015256	-157.262
20210111015256	-157.262
20210111015256	-157.262
20210111015256	-157.262
20210111015256	-157.344
20210111015256	-157.344
20210111015256	-157.344
20210111015256	-157.425
20210111015257	-157.425
20210111015257	-157.425
20210111015257	-157.425
20210111015257	-157.526
20210111015257	-157.526
20210111015257	-157.526
20210111015257	-157.586
20210111015257	-157.586
20210111015257	-157.586
20210111015257	-157.586
20210111015257	-157.686
20210111015257	-157.686
20210111015257	-157.766
20210111015257	-157.766
20210111015257	-157.766
20210111015257	-157.766
20210111015257	-157.845
20210111015257	-157.845
20210111015257	-157.845
20210111015257	-157.924
20210111015257	-157.924
20210111015257	-157.924
20210111015257	-158.023
20210111015257	-158.023
20210111015257	-158.023
20210111015257	-158.023
20210111015257	-158.101
20210111015257	-158.101
20210111015257	-158.101
20210111015257	-158.101
20210111015257	-158.179
20210111015257	-158.179
20210111015257	-158.257
20210111015257	-158.257
20210111015257	-158.257
20210111015257	-158.257
20210111015257	-158.334
20210111015257	-158.334
20210111015257	-158.334
20210111015257	-158.411
20210111015257	-158.411
20210111015257	-158.411
20210111015257	-158.488
20210111015257	-158.488
20210111015257	-158.488
20210111015257	-158.488
20210111015257	-158.565
20210111015257	-158.565
20210111015257	-158.565
20210111015258	-158.66
20210111015258	-158.66
20210111015258	-158.66
20210111015258	-158.66
20210111015258	-158.736
20210111015258	-158.736
20210111015258	-158.736
20210111015258	-158.812
20210111015258	-158.812
20210111015258	-158.812
20210111015258	-158.887
20210111015258	-158.887
20210111015258	-158.887
20210111015258	-158.981
20210111015258	-158.981
20210111015258	-158.981
20210111015258	-158.981
20210111015258	-159.055
20210111015258	-159.055
20210111015258	-159.055
20210111015258	-159.13
20210111015258	-159.13
20210111015258	-159.13
20210111015258	-159.13
20210111015258	-159.204
20210111015258	-159.204
20210111015258	-159.204
20210111015258	-159.278
20210111015258	-159.278
20210111015258	-159.278
20210111015258	-159.278
20210111015258	-159.351
20210111015258	-159.351
20210111015258	-159.351
20210111015258	-159.424
20210111015258	-159.424
20210111015258	-159.424
20210111015258	-159.497
20210111015258	-159.497
20210111015258	-159.497
20210111015258	-159.497
20210111015258	-159.588
20210111015259	-159.588
20210111015259	-159.66
20210111015259	-159.66
20210111015259	-159.66
20210111015259	-159.66
20210111015259	-159.732
20210111015259	-159.732
20210111015259	-159.732
20210111015259	-159.732
20210111015259	-159.803
20210111015259	-159.803
20210111015259	-159.803
20210111015259	-159.874
20210111015259	-159.874
20210111015259	-159.874
20210111015259	-159.945
20210111015259	-159.945
20210111015259	-159.945
20210111015259	-160.034
20210111015259	-160.034
20210111015259	-160.034
20210111015259	-160.034
20210111015259	-160.104
20210111015259	-160.104
20210111015259	-160.104
20210111015259	-160.174
20210111015259	-160.174
20210111015259	-160.174
20210111015259	-160.174
20210111015259	-160.26
20210111015259	-160.26
20210111015300	-160.26
20210111015300	-160.33
20210111015300	-160.33
20210111015300	-160.33
20210111015300	-160.381
20210111015300	-160.381
20210111015300	-160.381
20210111015300	-160.467
20210111015300	-160.467
20210111015300	-160.467
20210111015300	-160.467
20210111015300	-160.536
20210111015300	-160.536
20210111015300	-160.536
20210111015300	-160.604
20210111015300	-160.604
20210111015300	-160.604
20210111015300	-160.671
20210111015300	-160.671
20210111015300	-160.671
20210111015300	-160.671
20210111015300	-160.736
20210111015300	-160.736
20210111015300	-160.801
20210111015300	-160.801
20210111015300	-160.801
20210111015300	-160.801
20210111015300	-160.801
20210111015300	-160.883
20210111015300	-160.883
20210111015300	-160.883
20210111015300	-160.948
20210111015300	-160.948
20210111015300	-160.948
20210111015300	-161.013
20210111015300	-161.013
20210111015300	-161.013
20210111015300	-161.077
20210111015300	-161.077
20210111015300	-161.077
20210111015300	-161.077
20210111015300	-161.156
20210111015300	-161.156
20210111015301	-161.156
20210111015301	-161.203
20210111015301	-161.203
20210111015301	-161.203
20210111015301	-161.203
20210111015301	-161.282
20210111015301	-161.282
20210111015301	-161.345
20210111015301	-161.345
20210111015301	-161.345
20210111015301	-161.345
20210111015301	-161.408
20210111015301	-161.408
20210111015301	-161.408
20210111015301	-161.47
20210111015301	-161.47
20210111015301	-161.47
20210111015301	-161.47
20210111015301	-161.531
20210111015301	-161.531
20210111015301	-161.531
20210111015301	-161.592
20210111015301	-161.592
20210111015301	-161.592
20210111015301	-161.668
20210111015301	-161.668
20210111015301	-161.668
20210111015301	-161.729
20210111015301	-161.729
20210111015301	-161.729
20210111015301	-161.729
20210111015301	-161.791
20210111015302	-161.791
20210111015302	-161.791
20210111015302	-161.791
20210111015302	-161.851
20210111015302	-161.851
20210111015302	-161.851
20210111015302	-161.911
20210111015302	-161.911
20210111015302	-161.911
20210111015302	-161.97
20210111015302	-161.97
20210111015302	-161.97
20210111015302	-162.045
20210111015302	-162.045
20210111015302	-162.045
20210111015302	-162.045
20210111015302	-162.105
20210111015302	-162.105
20210111015302	-162.105
20210111015302	-162.164
20210111015302	-162.164
20210111015302	-162.164
20210111015302	-162.224
20210111015302	-162.224
20210111015302	-162.224
20210111015302	-162.297
20210111015302	-162.297
20210111015302	-162.297
20210111015303	-162.297
20210111015303	-162.34
20210111015303	-162.34
20210111015303	-162.34
20210111015303	-162.34
20210111015303	-162.413
20210111015303	-162.413
20210111015303	-162.472
20210111015303	-162.472
20210111015303	-162.472
20210111015303	-162.472
20210111015303	-162.53
20210111015303	-162.53
20210111015303	-162.53
20210111015303	-162.53
20210111015303	-162.589
20210111015303	-162.589
20210111015303	-162.589
20210111015303	-162.646
20210111015303	-162.646
20210111015303	-162.703
20210111015303	-162.703
20210111015303	-162.703
20210111015303	-162.703
20210111015303	-162.703
20210111015303	-162.775
20210111015304	-162.775
20210111015304	-162.775
20210111015304	-162.833
20210111015304	-162.833
20210111015304	-162.833
20210111015304	-162.89
20210111015304	-162.89
20210111015304	-162.89
20210111015304	-162.947
20210111015304	-162.947
20210111015304	-162.947
20210111015304	-162.947
20210111015304	-163.017
20210111015304	-163.017
20210111015304	-163.017
20210111015304	-163.059
20210111015304	-163.059
20210111015304	-163.059
20210111015304	-163.129
20210111015304	-163.129
20210111015304	-163.129
20210111015304	-163.185
20210111015304	-163.185
20210111015304	-163.185
20210111015304	-163.185
20210111015304	-163.241
20210111015304	-163.241
20210111015304	-163.241
20210111015304	-163.297
20210111015304	-163.297
20210111015304	-163.297
20210111015304	-163.297
20210111015304	-163.352
20210111015304	-163.352
20210111015304	-163.352
20210111015304	-163.407
20210111015305	-163.407
20210111015305	-163.407
20210111015305	-163.476
20210111015305	-163.476
20210111015305	-163.476
20210111015305	-163.531
20210111015305	-163.531
20210111015305	-163.531
20210111015305	-163.531
20210111015305	-163.586
20210111015305	-163.586
20210111015305	-163.586
20210111015305	-163.586
20210111015305	-163.64
20210111015305	-163.64
20210111015305	-163.695
20210111015305	-163.695
20210111015305	-163.695
20210111015305	-163.695
20210111015305	-163.749
20210111015305	-163.749
20210111015305	-163.749
20210111015305	-163.749
20210111015305	-163.817
20210111015305	-163.817
20210111015305	-163.817
20210111015306	-163.871
20210111015306	-163.871
20210111015306	-163.871
20210111015306	-163.925
20210111015306	-163.925
20210111015306	-163.925
20210111015306	-163.992
20210111015306	-163.992
20210111015306	-163.992
20210111015306	-164.045
20210111015306	-164.045
20210111015306	-164.045
20210111015306	-164.045
20210111015306	-164.085
20210111015306	-164.085
20210111015306	-164.085
20210111015306	-164.085
20210111015306	-164.151
20210111015306	-164.151
20210111015306	-164.204
20210111015306	-164.204
20210111015306	-164.204
20210111015306	-164.204
20210111015306	-164.257
20210111015306	-164.257
20210111015306	-164.257
20210111015306	-164.309
20210111015306	-164.309
20210111015306	-164.309
20210111015306	-164.374
20210111015306	-164.374
20210111015306	-164.374
20210111015306	-164.374
20210111015306	-164.413
20210111015306	-164.413
20210111015306	-164.413
20210111015306	-164.413
20210111015306	-164.478
20210111015306	-164.478
20210111015306	-164.53
20210111015306	-164.53
20210111015306	-164.53
20210111015306	-164.53
20210111015306	-164.582
20210111015306	-164.582
20210111015307	-164.582
20210111015307	-164.582
20210111015307	-164.634
20210111015307	-164.634
20210111015307	-164.698
20210111015307	-164.698
20210111015307	-164.698
20210111015307	-164.736
20210111015307	-164.736
20210111015307	-164.736
20210111015307	-164.736
20210111015307	-164.8
20210111015307	-164.8
20210111015307	-164.8
20210111015307	-164.8
20210111015307	-164.851
20210111015307	-164.851
20210111015307	-164.851
20210111015307	-164.902
20210111015307	-164.902
20210111015307	-164.902
20210111015307	-164.902
20210111015307	-164.953
20210111015307	-164.953
20210111015307	-164.953
20210111015307	-165.003
20210111015307	-165.003
20210111015307	-165.003
20210111015307	-165.054
20210111015307	-165.054
20210111015307	-165.054
20210111015307	-165.054
20210111015307	-165.116
20210111015307	-165.116
20210111015307	-165.166
20210111015307	-165.166
20210111015307	-165.166
20210111015307	-165.166
20210111015307	-165.216
20210111015308	-165.216
20210111015308	-165.216
20210111015308	-165.266
20210111015308	-165.266
20210111015308	-165.266
20210111015308	-165.315
20210111015308	-165.315
20210111015308	-165.315
20210111015308	-165.365
20210111015308	-165.365
20210111015308	-165.365
20210111015308	-165.365
20210111015308	-165.427
20210111015308	-165.427
20210111015308	-165.427
20210111015308	-165.427
20210111015308	-165.476
20210111015308	-165.476
20210111015308	-165.525
20210111015308	-165.525
20210111015308	-165.525
20210111015308	-165.525
20210111015308	-165.525
20210111015308	-165.586
20210111015308	-165.586
20210111015308	-165.586
20210111015308	-165.623
20210111015308	-165.623
20210111015308	-165.623
20210111015308	-165.684
20210111015308	-165.684
20210111015308	-165.684
20210111015308	-165.684
20210111015308	-165.733
20210111015308	-165.733
20210111015308	-165.733
20210111015308	-165.781
20210111015309	-165.781
20210111015309	-165.781
20210111015309	-165.829
20210111015309	-165.829
20210111015309	-165.829
20210111015309	-165.829
20210111015309	-165.877
20210111015309	-165.877
20210111015309	-165.925
20210111015309	-165.925
20210111015309	-165.925
20210111015309	-165.925
20210111015309	-165.973
20210111015309	-165.973
20210111015309	-165.973
20210111015309	-165.973
20210111015309	-166.033
20210111015309	-166.033
20210111015309	-166.033
20210111015309	-166.08
20210111015309	-166.08
20210111015309	-166.08
20210111015309	-166.128
20210111015309	-166.128
20210111015309	-166.128
20210111015309	-166.128
20210111015309	-166.175
20210111015309	-166.175
20210111015309	-166.222
20210111015309	-166.222
20210111015309	-166.222
20210111015309	-166.222
20210111015309	-166.269
20210111015309	-166.269
20210111015309	-166.269
20210111015309	-166.269
20210111015309	-166.328
20210111015309	-166.328
20210111015309	-166.375
20210111015309	-166.375
20210111015309	-166.375
20210111015310	-166.375
20210111015310	-166.422
20210111015310	-166.422
20210111015310	-166.422
20210111015310	-166.468
20210111015310	-166.468
20210111015310	-166.468
20210111015310	-166.468
20210111015310	-166.515
20210111015310	-166.515
20210111015310	-166.515
20210111015310	-166.573
20210111015310	-166.573
20210111015310	-166.573
20210111015310	-166.619
20210111015310	-166.619
20210111015310	-166.619
20210111015310	-166.665
20210111015310	-166.665
20210111015310	-166.665
20210111015310	-166.665
20210111015310	-166.711
20210111015310	-166.711
20210111015310	-166.711
20210111015310	-166.711
20210111015310	-166.756
20210111015310	-166.756
20210111015310	-166.813
20210111015310	-166.813
20210111015310	-166.813
20210111015310	-166.813
20210111015310	-166.847
20210111015310	-166.847
20210111015310	-166.847
20210111015310	-166.903
20210111015310	-166.903
20210111015310	-166.903
20210111015310	-166.948
20210111015310	-166.948
20210111015310	-166.948
20210111015310	-166.948
20210111015310	-166.993
20210111015310	-166.993
20210111015310	-166.993
20210111015310	-166.993
20210111015310	-167.038
20210111015311	-167.038
20210111015311	-167.038
20210111015311	-167.083
20210111015311	-167.083
20210111015311	-167.083
20210111015311	-167.127
20210111015311	-167.127
20210111015311	-167.127
20210111015311	-167.183
20210111015311	-167.183
20210111015311	-167.183
20210111015311	-167.183
20210111015311	-167.227
20210111015311	-167.227
20210111015311	-167.227
20210111015311	-167.271
20210111015311	-167.271
20210111015311	-167.271
20210111015311	-167.271
20210111015311	-167.315
20210111015311	-167.315
20210111015311	-167.315
20210111015311	-167.359
20210111015311	-167.359
20210111015311	-167.359
20210111015311	-167.403
20210111015311	-167.403
20210111015311	-167.403
20210111015311	-167.403
20210111015311	-167.458
20210111015311	-167.458
20210111015311	-167.502
20210111015311	-167.502
20210111015311	-167.502
20210111015311	-167.502
20210111015311	-167.545
20210111015311	-167.545
20210111015311	-167.545
20210111015311	-167.589
20210111015311	-167.589
20210111015312	-167.589
20210111015312	-167.632
20210111015312	-167.632
20210111015312	-167.632
20210111015312	-167.632
20210111015312	-167.675
20210111015312	-167.675
20210111015312	-167.675
20210111015312	-167.675
20210111015312	-167.728
20210111015312	-167.728
20210111015312	-167.728
20210111015312	-167.771
20210111015312	-167.771
20210111015312	-167.814
20210111015312	-167.814
20210111015312	-167.814
20210111015312	-167.814
20210111015312	-167.856
20210111015312	-167.856
20210111015312	-167.856
20210111015312	-167.856
20210111015312	-167.898
20210111015312	-167.898
20210111015312	-167.898
20210111015312	-167.941
20210111015312	-167.941
20210111015312	-167.941
20210111015312	-167.993
20210111015312	-167.993
20210111015312	-167.993
20210111015312	-168.035
20210111015312	-168.035
20210111015312	-168.035
20210111015312	-168.035
20210111015312	-168.077
20210111015312	-168.077
20210111015312	-168.077
20210111015312	-168.119
20210111015312	-168.119
20210111015312	-168.119
20210111015313	-168.119
20210111015313	-168.161
20210111015313	-168.161
20210111015313	-168.161
20210111015313	-168.203
20210111015313	-168.203
20210111015313	-168.203
20210111015313	-168.254
20210111015313	-168.254
20210111015313	-168.254
20210111015313	-168.296
20210111015313	-168.296
20210111015313	-168.296
20210111015313	-168.337
20210111015313	-168.337
20210111015313	-168.337
20210111015313	-168.337
20210111015313	-168.379
20210111015313	-168.379
20210111015313	-168.379
20210111015313	-168.379
20210111015313	-168.42
20210111015313	-168.42
20210111015313	-168.461
20210111015313	-168.461
20210111015313	-168.461
20210111015313	-168.461
20210111015313	-168.512
20210111015313	-168.512
20210111015313	-168.512
20210111015313	-168.512
20210111015313	-168.552
20210111015313	-168.552
20210111015313	-168.552
20210111015313	-168.593
20210111015313	-168.593
20210111015313	-168.593
20210111015313	-168.593
20210111015313	-168.634
20210111015313	-168.634
20210111015313	-168.674
20210111015313	-168.674
20210111015313	-168.674
20210111015313	-168.674
20210111015313	-168.715
20210111015313	-168.715
20210111015313	-168.715
20210111015313	-168.715
20210111015313	-168.765
20210111015314	-168.765
20210111015314	-168.765
20210111015314	-168.803
20210111015314	-168.803
20210111015314	-168.803
20210111015314	-168.842
20210111015314	-168.842
20210111015314	-168.842
20210111015314	-168.881
20210111015314	-168.881
20210111015314	-168.881
20210111015314	-168.881
20210111015314	-168.93
20210111015314	-168.93
20210111015314	-168.93
20210111015314	-168.959
20210111015314	-168.959
20210111015314	-168.959
20210111015314	-168.959
20210111015314	-169.007
20210111015314	-169.007
20210111015314	-169.007
20210111015314	-169.045
20210111015314	-169.045
20210111015314	-169.045
20210111015314	-169.082
20210111015314	-169.082
20210111015314	-169.082
20210111015314	-169.082
20210111015314	-169.12
20210111015314	-169.12
20210111015314	-169.12
20210111015315	-169.167
20210111015315	-169.167
20210111015315	-169.167
20210111015315	-169.196
20210111015315	-169.196
20210111015315	-169.196
20210111015315	-169.196
20210111015315	-169.243
20210111015315	-169.243
20210111015315	-169.28
20210111015315	-169.28
20210111015315	-169.28
20210111015315	-169.28
20210111015315	-169.316
20210111015315	-169.316
20210111015315	-169.316
20210111015315	-169.354
20210111015315	-169.354
20210111015315	-169.354
20210111015315	-169.354
20210111015315	-169.4
20210111015315	-169.4
20210111015315	-169.4
20210111015315	-169.437
20210111015315	-169.437
20210111015315	-169.437
20210111015315	-169.474
20210111015315	-169.474
20210111015315	-169.474
20210111015315	-169.51
20210111015315	-169.51
20210111015315	-169.51
20210111015315	-169.51
20210111015315	-169.546
20210111015315	-169.546
20210111015315	-169.546
20210111015315	-169.582
20210111015315	-169.582
20210111015315	-169.582
20210111015315	-169.618
20210111015315	-169.618
20210111015315	-169.618
20210111015315	-169.618
20210111015315	-169.655
20210111015315	-169.655
20210111015315	-169.655
20210111015315	-169.655
20210111015315	-169.7
20210111015315	-169.7
20210111015316	-169.736
20210111015316	-169.736
20210111015316	-169.736
20210111015316	-169.736
20210111015316	-169.772
20210111015316	-169.772
20210111015316	-169.772
20210111015316	-169.808
20210111015316	-169.808
20210111015316	-169.808
20210111015316	-169.853
20210111015316	-169.853
20210111015316	-169.853
20210111015316	-169.853
20210111015316	-169.889
20210111015316	-169.889
20210111015316	-169.889
20210111015316	-169.924
20210111015316	-169.924
20210111015316	-169.924
20210111015316	-169.924
20210111015316	-169.96
20210111015316	-169.96
20210111015317	-169.96
20210111015317	-169.995
20210111015317	-169.995
20210111015317	-169.995
20210111015317	-170.031
20210111015317	-170.031
20210111015317	-170.031
20210111015317	-170.031
20210111015317	-170.066
20210111015317	-170.066
20210111015317	-170.102
20210111015317	-170.102
20210111015317	-170.102
20210111015317	-170.102
20210111015317	-170.102
20210111015317	-170.146
20210111015317	-170.146
20210111015317	-170.146
20210111015317	-170.181
20210111015317	-170.181
20210111015317	-170.181
20210111015317	-170.216
20210111015317	-170.216
20210111015317	-170.216
20210111015317	-170.252
20210111015317	-170.252
20210111015317	-170.252
20210111015317	-170.252
20210111015318	-170.287
20210111015318	-170.287
20210111015318	-170.322
20210111015318	-170.322
20210111015318	-170.322
20210111015318	-170.322
20210111015318	-170.366
20210111015318	-170.366
20210111015318	-170.366
20210111015318	-170.366
20210111015318	-170.401
20210111015318	-170.401
20210111015318	-170.401
20210111015318	-170.436
20210111015318	-170.436
20210111015318	-170.436
20210111015318	-170.436
20210111015318	-170.47
20210111015318	-170.47
20210111015318	-170.47
20210111015318	-170.514
20210111015318	-170.514
20210111015318	-170.514
20210111015318	-170.54
20210111015318	-170.54
20210111015318	-170.54
20210111015318	-170.54
20210111015318	-170.583
20210111015318	-170.583
20210111015318	-170.617
20210111015318	-170.617
20210111015318	-170.617
20210111015318	-170.617
20210111015318	-170.651
20210111015318	-170.651
20210111015318	-170.651
20210111015318	-170.685
20210111015318	-170.685
20210111015318	-170.685
20210111015318	-170.685
20210111015318	-170.719
20210111015318	-170.719
20210111015318	-170.719
20210111015318	-170.754
20210111015318	-170.754
20210111015318	-170.754
20210111015318	-170.796
20210111015318	-170.796
20210111015318	-170.796
20210111015318	-170.829
20210111015318	-170.829
20210111015319	-170.829
20210111015319	-170.829
20210111015319	-170.863
20210111015319	-170.863
20210111015319	-170.863
20210111015319	-170.863
20210111015319	-170.905
20210111015319	-170.905
20210111015319	-170.905
20210111015319	-170.938
20210111015319	-170.938
20210111015319	-170.938
20210111015319	-170.963
20210111015319	-170.963
20210111015319	-170.963
20210111015319	-171.005
20210111015319	-171.005
20210111015319	-171.005
20210111015319	-171.005
20210111015319	-171.038
20210111015319	-171.038
20210111015319	-171.038
20210111015319	-171.071
20210111015319	-171.071
20210111015319	-171.071
20210111015319	-171.104
20210111015319	-171.104
20210111015319	-171.104
20210111015319	-171.104
20210111015319	-171.137
20210111015319	-171.137
20210111015319	-171.137
20210111015319	-171.17
20210111015319	-171.17
20210111015319	-171.17
20210111015319	-171.211
20210111015319	-171.211
20210111015319	-171.211
20210111015319	-171.211
20210111015319	-171.244
20210111015319	-171.244
20210111015319	-171.244
20210111015319	-171.277
20210111015319	-171.277
20210111015319	-171.277
20210111015319	-171.277
20210111015319	-171.309
20210111015319	-171.309
20210111015319	-171.309
20210111015319	-171.35
20210111015319	-171.35
20210111015319	-171.383
20210111015320	-171.383
20210111015320	-171.383
20210111015320	-171.383
20210111015320	-171.415
20210111015320	-171.415
20210111015320	-171.415
20210111015320	-171.448
20210111015320	-171.448
20210111015320	-171.448
20210111015320	-171.448
20210111015320	-171.481
20210111015320	-171.481
20210111015320	-171.481
20210111015320	-171.481
20210111015320	-171.513
20210111015320	-171.513
20210111015320	-171.513
20210111015320	-171.546
20210111015320	-171.546
20210111015320	-171.546
20210111015320	-171.578
20210111015320	-171.578
20210111015320	-171.578
20210111015320	-171.619
20210111015320	-171.619
20210111015320	-171.619
20210111015320	-171.619
20210111015320	-171.651
20210111015320	-171.651
20210111015320	-171.651
20210111015320	-171.684
20210111015320	-171.684
20210111015320	-171.684
20210111015320	-171.716
20210111015320	-171.716
20210111015320	-171.716
20210111015320	-171.716
20210111015320	-171.748
20210111015320	-171.748
20210111015320	-171.748
20210111015320	-171.789
20210111015320	-171.789
20210111015320	-171.789
20210111015320	-171.821
20210111015320	-171.821
20210111015320	-171.821
20210111015320	-171.821
20210111015320	-171.853
20210111015320	-171.853
20210111015321	-171.853
20210111015321	-171.885
20210111015321	-171.885
20210111015321	-171.885
20210111015321	-171.917
20210111015321	-171.917
20210111015321	-171.917
20210111015321	-171.949
20210111015321	-171.949
20210111015321	-171.949
20210111015321	-171.949
20210111015321	-171.98
20210111015321	-171.98
20210111015321	-171.98
20210111015321	-171.98
20210111015321	-172.02
20210111015321	-172.02
20210111015321	-172.052
20210111015321	-172.052
20210111015321	-172.052
20210111015321	-172.052
20210111015321	-172.084
20210111015321	-172.084
20210111015321	-172.084
20210111015321	-172.116
20210111015321	-172.116
20210111015321	-172.116
20210111015321	-172.116
20210111015321	-172.147
20210111015321	-172.147
20210111015321	-172.179
20210111015322	-172.179
20210111015322	-172.179
20210111015322	-172.179
20210111015322	-172.179
20210111015322	-172.218
20210111015322	-172.218
20210111015322	-172.218
20210111015322	-172.25
20210111015322	-172.25
20210111015322	-172.25
20210111015322	-172.282
20210111015322	-172.282
20210111015322	-172.282
20210111015322	-172.282
20210111015322	-172.313
20210111015322	-172.313
20210111015322	-172.313
20210111015322	-172.345
20210111015322	-172.345
20210111015322	-172.345
20210111015322	-172.376
20210111015322	-172.376
20210111015322	-172.376
20210111015322	-172.415
20210111015322	-172.415
20210111015322	-172.415
20210111015322	-172.447
20210111015322	-172.447
20210111015322	-172.447
20210111015322	-172.447
20210111015322	-172.478
20210111015322	-172.478
20210111015322	-172.478
20210111015322	-172.509
20210111015322	-172.509
20210111015322	-172.509
20210111015322	-172.541
20210111015322	-172.541
20210111015322	-172.541
20210111015322	-172.541
20210111015322	-172.572
20210111015322	-172.572
20210111015322	-172.572
20210111015322	-172.572
20210111015322	-172.611
20210111015322	-172.611
20210111015322	-172.611
20210111015322	-172.642
20210111015322	-172.642
20210111015322	-172.642
20210111015322	-172.673
20210111015322	-172.673
20210111015322	-172.673
20210111015322	-172.673
20210111015322	-172.704
20210111015322	-172.704
20210111015322	-172.736
20210111015322	-172.736
20210111015322	-172.736
20210111015322	-172.736
20210111015322	-172.767
20210111015322	-172.767
20210111015322	-172.767
20210111015322	-172.767
20210111015322	-172.805
20210111015322	-172.805
20210111015322	-172.836
20210111015323	-172.836
20210111015323	-172.836
20210111015323	-172.836
20210111015323	-172.867
20210111015323	-172.867
20210111015323	-172.867
20210111015323	-172.898
20210111015323	-172.898
20210111015323	-172.898
20210111015323	-172.898
20210111015323	-172.937
20210111015323	-172.937
20210111015323	-172.96
20210111015323	-172.96
20210111015323	-172.96
20210111015323	-172.96
20210111015323	-172.96
20210111015323	-172.998
20210111015323	-172.998
20210111015323	-172.998
20210111015323	-173.029
20210111015323	-173.029
20210111015323	-173.029
20210111015323	-173.059
20210111015323	-173.059
20210111015323	-173.059
20210111015323	-173.09
20210111015323	-173.09
20210111015323	-173.09
20210111015323	-173.12
20210111015323	-173.12
20210111015323	-173.12
20210111015323	-173.12
20210111015323	-173.151
20210111015323	-173.151
20210111015323	-173.151
20210111015323	-173.188
20210111015323	-173.188
20210111015324	-173.188
20210111015324	-173.188
20210111015324	-173.219
20210111015324	-173.219
20210111015324	-173.219
20210111015324	-173.249
20210111015324	-173.249
20210111015324	-173.249
20210111015324	-173.249
20210111015324	-173.287
20210111015324	-173.287
20210111015324	-173.287
20210111015324	-173.309
20210111015324	-173.309
20210111015324	-173.309
20210111015324	-173.339
20210111015324	-173.339
20210111015324	-173.339
20210111015324	-173.376
20210111015324	-173.376
20210111015324	-173.376
20210111015324	-173.406
20210111015324	-173.406
20210111015324	-173.406
20210111015324	-173.406
20210111015324	-173.435
20210111015324	-173.435
20210111015324	-173.435
20210111015324	-173.435
20210111015324	-173.465
20210111015324	-173.465
20210111015324	-173.465
20210111015324	-173.494
20210111015324	-173.494
20210111015324	-173.494
20210111015324	-173.531
20210111015324	-173.531
20210111015324	-173.531
20210111015324	-173.56
20210111015324	-173.56
20210111015324	-173.56
20210111015324	-173.589
20210111015324	-173.589
20210111015324	-173.589
20210111015324	-173.619
20210111015324	-173.619
20210111015324	-173.619
20210111015324	-173.619
20210111015324	-173.648
20210111015324	-173.648
20210111015324	-173.648
20210111015325	-173.648
20210111015325	-173.677
20210111015325	-173.677
20210111015325	-173.677
20210111015325	-173.706
20210111015325	-173.706
20210111015325	-173.706
20210111015325	-173.742
20210111015325	-173.742
20210111015325	-173.742
20210111015325	-173.742
20210111015325	-173.772
20210111015325	-173.772
20210111015325	-173.801
20210111015325	-173.801
20210111015325	-173.801
20210111015325	-173.801
20210111015325	-173.83
20210111015325	-173.83
20210111015325	-173.83
20210111015325	-173.83
20210111015325	-173.866
20210111015325	-173.866
20210111015325	-173.866
20210111015325	-173.888
20210111015325	-173.888
20210111015325	-173.888
20210111015325	-173.888
20210111015325	-173.924
20210111015326	-173.924
20210111015326	-173.924
20210111015326	-173.953
20210111015326	-173.953
20210111015326	-173.981
20210111015326	-173.981
20210111015326	-173.981
20210111015326	-173.981
20210111015326	-173.981
20210111015326	-174.017
20210111015326	-174.017
20210111015326	-174.017
20210111015326	-174.038
20210111015326	-174.038
20210111015326	-174.038
20210111015326	-174.073
20210111015326	-174.073
20210111015326	-174.073
20210111015326	-174.102
20210111015326	-174.102
20210111015326	-174.102
20210111015326	-174.102
20210111015326	-174.13
20210111015326	-174.13
20210111015326	-174.13
20210111015326	-174.158
20210111015326	-174.158
20210111015326	-174.158
20210111015326	-174.186
20210111015326	-174.186
20210111015326	-174.186
20210111015326	-174.214
20210111015326	-174.214
20210111015326	-174.214
20210111015326	-174.214
20210111015326	-174.241
20210111015326	-174.241
20210111015326	-174.241
20210111015326	-174.241
20210111015326	-174.276
20210111015326	-174.276
20210111015326	-174.304
20210111015326	-174.304
20210111015326	-174.304
20210111015326	-174.304
20210111015326	-174.331
20210111015326	-174.331
20210111015326	-174.331
20210111015326	-174.331
20210111015326	-174.359
20210111015327	-174.359
20210111015327	-174.359
20210111015327	-174.387
20210111015327	-174.387
20210111015327	-174.387
20210111015327	-174.414
20210111015327	-174.414
20210111015327	-174.414
20210111015327	-174.449
20210111015327	-174.449
20210111015327	-174.449
20210111015327	-174.449
20210111015327	-174.477
20210111015327	-174.477
20210111015327	-174.477
20210111015327	-174.504
20210111015327	-174.504
20210111015327	-174.504
20210111015327	-174.532
20210111015327	-174.532
20210111015327	-174.532
20210111015327	-174.566
20210111015327	-174.566
20210111015327	-174.566
20210111015327	-174.586
20210111015327	-174.586
20210111015327	-174.586
20210111015327	-174.586
20210111015327	-174.62
20210111015327	-174.62
20210111015328	-174.62
20210111015328	-174.62
20210111015328	-174.648
20210111015328	-174.648
20210111015328	-174.648
20210111015328	-174.675
20210111015328	-174.675
20210111015328	-174.675
20210111015328	-174.675
20210111015328	-174.702
20210111015328	-174.702
20210111015328	-174.729
20210111015328	-174.729
20210111015328	-174.729
20210111015328	-174.729
20210111015328	-174.756
20210111015328	-174.756
20210111015328	-174.756
20210111015328	-174.756
20210111015328	-174.79
20210111015328	-174.79
20210111015328	-174.817
20210111015328	-174.817
20210111015328	-174.817
20210111015328	-174.817
20210111015328	-174.844
20210111015328	-174.844
20210111015328	-174.844
20210111015328	-174.844
20210111015328	-174.871
20210111015328	-174.871
20210111015328	-174.871
20210111015328	-174.905
20210111015328	-174.905
20210111015328	-174.925
20210111015328	-174.925
20210111015328	-174.925
20210111015328	-174.925
20210111015328	-174.96
20210111015328	-174.96
20210111015329	-174.96
20210111015329	-174.96
20210111015329	-174.987
20210111015329	-174.987
20210111015329	-174.987
20210111015329	-175.014
20210111015329	-175.014
20210111015329	-175.014
20210111015329	-175.041
20210111015329	-175.041
20210111015329	-175.041
20210111015329	-175.041
20210111015329	-175.068
20210111015329	-175.068
20210111015329	-175.068
20210111015329	-175.095
20210111015329	-175.095
20210111015329	-175.095
20210111015329	-175.095
20210111015329	-175.129
20210111015329	-175.129
20210111015329	-175.129
20210111015329	-175.155
20210111015329	-175.155
20210111015329	-175.155
20210111015329	-175.182
20210111015329	-175.182
20210111015329	-175.182
20210111015329	-175.182
20210111015329	-175.209
20210111015329	-175.209
20210111015329	-175.242
20210111015330	-175.242
20210111015330	-175.242
20210111015330	-175.269
20210111015330	-175.269
20210111015330	-175.269
20210111015330	-175.269
20210111015330	-175.295
20210111015330	-175.295
20210111015330	-175.295
20210111015330	-175.295
20210111015330	-175.322
20210111015330	-175.322
20210111015330	-175.322
20210111015330	-175.348
20210111015330	-175.348
20210111015330	-175.348
20210111015330	-175.348
20210111015330	-175.382
20210111015330	-175.382
20210111015330	-175.402
20210111015330	-175.402
20210111015330	-175.402
20210111015330	-175.429
20210111015330	-175.429
20210111015330	-175.429
20210111015330	-175.429
20210111015330	-175.429
20210111015330	-175.462
20210111015330	-175.462
20210111015330	-175.488
20210111015330	-175.488
20210111015330	-175.488
20210111015330	-175.488
20210111015331	-175.515
20210111015331	-175.515
20210111015331	-175.515
20210111015331	-175.541
20210111015331	-175.541
20210111015331	-175.541
20210111015331	-175.541
20210111015331	-175.568
20210111015331	-175.568
20210111015331	-175.594
20210111015331	-175.594
20210111015331	-175.594
20210111015331	-175.594
20210111015331	-175.627
20210111015331	-175.627
20210111015331	-175.627
20210111015331	-175.627
20210111015331	-175.654
20210111015331	-175.654
20210111015331	-175.654
20210111015331	-175.68
20210111015331	-175.68
20210111015331	-175.68
20210111015331	-175.707
20210111015331	-175.707
20210111015331	-175.707
20210111015331	-175.707
20210111015331	-175.74
20210111015331	-175.74
20210111015331	-175.74
20210111015331	-175.759
20210111015331	-175.759
20210111015331	-175.759
20210111015331	-175.792
20210111015331	-175.792
20210111015331	-175.792
20210111015331	-175.818
20210111015331	-175.818
20210111015331	-175.818
20210111015331	-175.818
20210111015331	-175.844
20210111015331	-175.844
20210111015331	-175.844
20210111015331	-175.877
20210111015331	-175.877
20210111015331	-175.877
20210111015331	-175.877
20210111015331	-175.903
20210111015331	-175.903
20210111015331	-175.903
20210111015331	-175.93
20210111015331	-175.93
20210111015331	-175.93
20210111015331	-175.956
20210111015331	-175.956
20210111015331	-175.956
20210111015331	-175.982
20210111015331	-175.982
20210111015331	-175.982
20210111015331	-175.982
20210111015331	-176.008
20210111015331	-176.008
20210111015331	-176.008
20210111015332	-176.008
20210111015332	-176.034
20210111015332	-176.034
20210111015332	-176.06
20210111015332	-176.06
20210111015332	-176.06
20210111015332	-176.06
20210111015332	-176.086
20210111015332	-176.086
20210111015332	-176.086
20210111015332	-176.119
20210111015332	-176.119
20210111015332	-176.119
20210111015332	-176.119
20210111015332	-176.144
20210111015332	-176.144
20210111015332	-176.144
20210111015332	-176.17
20210111015332	-176.17
20210111015332	-176.17
20210111015332	-176.17
20210111015332	-176.196
20210111015332	-176.196
20210111015332	-176.196
20210111015332	-176.221
20210111015332	-176.221
20210111015332	-176.221
20210111015332	-176.247
20210111015332	-176.247
20210111015332	-176.247
20210111015332	-176.247
20210111015332	-176.279
20210111015332	-176.279
20210111015332	-176.279
20210111015332	-176.305
20210111015332	-176.305
20210111015332	-176.305
20210111015332	-176.331
20210111015332	-176.331
20210111015332	-176.331
20210111015332	-176.356
20210111015332	-176.356
20210111015333	-176.356
20210111015333	-176.356
20210111015333	-176.389
20210111015333	-176.389
20210111015333	-176.389
20210111015333	-176.408
20210111015333	-176.408
20210111015333	-176.408
20210111015333	-176.441
20210111015333	-176.441
20210111015333	-176.441
20210111015333	-176.467
20210111015333	-176.467
20210111015333	-176.467
20210111015333	-176.492
20210111015333	-176.492
20210111015333	-176.492
20210111015333	-176.492
20210111015333	-176.492
20210111015333	-176.518
20210111015333	-176.518
20210111015333	-176.55
20210111015333	-176.55
20210111015333	-176.55
20210111015333	-176.55
20210111015333	-176.57
20210111015333	-176.57
20210111015333	-176.57
20210111015333	-176.602
20210111015333	-176.602
20210111015333	-176.602
20210111015333	-176.627
20210111015333	-176.627
20210111015333	-176.627
20210111015333	-176.627
20210111015333	-176.653
20210111015333	-176.653
20210111015333	-176.653
20210111015333	-176.653
20210111015333	-176.678
20210111015333	-176.678
20210111015334	-176.704
20210111015334	-176.704
20210111015334	-176.704
20210111015334	-176.704
20210111015334	-176.729
20210111015334	-176.729
20210111015334	-176.729
20210111015334	-176.761
20210111015334	-176.761
20210111015334	-176.761
20210111015334	-176.761
20210111015334	-176.786
20210111015334	-176.786
20210111015334	-176.786
20210111015334	-176.812
20210111015334	-176.812
20210111015334	-176.812
20210111015334	-176.837
20210111015334	-176.837
20210111015334	-176.837
20210111015334	-176.862
20210111015334	-176.862
20210111015334	-176.862
20210111015334	-176.862
20210111015334	-176.894
20210111015334	-176.894
20210111015334	-176.894
20210111015334	-176.919
20210111015334	-176.919
20210111015334	-176.919
20210111015334	-176.944
20210111015334	-176.944
20210111015334	-176.944
20210111015334	-176.969
20210111015334	-176.969
20210111015334	-176.969
20210111015334	-176.969
20210111015334	-176.993
20210111015334	-176.993
20210111015334	-176.993
20210111015334	-176.993
20210111015334	-177.025
20210111015334	-177.025
20210111015334	-177.025
20210111015334	-177.043
20210111015334	-177.043
20210111015335	-177.043
20210111015335	-177.074
20210111015335	-177.074
20210111015335	-177.074
20210111015335	-177.074
20210111015335	-177.099
20210111015335	-177.099
20210111015335	-177.099
20210111015335	-177.123
20210111015335	-177.123
20210111015335	-177.123
20210111015335	-177.148
20210111015335	-177.148
20210111015335	-177.148
20210111015335	-177.179
20210111015335	-177.179
20210111015335	-177.179
20210111015335	-177.179
20210111015335	-177.197
20210111015335	-177.197
20210111015335	-177.197
20210111015335	-177.228
20210111015335	-177.228
20210111015335	-177.228
20210111015335	-177.228
20210111015335	-177.252
20210111015336	-177.252
20210111015336	-177.252
20210111015336	-177.277
20210111015336	-177.277
20210111015336	-177.277
20210111015336	-177.277
20210111015336	-177.307
20210111015336	-177.307
20210111015336	-177.326
20210111015336	-177.326
20210111015336	-177.326
20210111015336	-177.326
20210111015336	-177.35
20210111015336	-177.35
20210111015336	-177.35
20210111015336	-177.35
20210111015336	-177.381
20210111015336	-177.381
20210111015336	-177.381
20210111015336	-177.405
20210111015336	-177.405
20210111015336	-177.405
20210111015336	-177.43
20210111015336	-177.43
20210111015336	-177.43
20210111015336	-177.454
20210111015336	-177.454
20210111015336	-177.454
20210111015336	-177.484
20210111015336	-177.484
20210111015336	-177.484
20210111015336	-177.484
20210111015336	-177.502
20210111015336	-177.502
20210111015336	-177.502
20210111015336	-177.532
20210111015336	-177.532
20210111015336	-177.532
20210111015336	-177.556
20210111015336	-177.556
20210111015336	-177.556
20210111015336	-177.556
20210111015336	-177.58
20210111015336	-177.58
20210111015336	-177.58
20210111015336	-177.58
20210111015336	-177.61
20210111015337	-177.61
20210111015337	-177.628
20210111015337	-177.628
20210111015337	-177.628
20210111015337	-177.628
20210111015337	-177.652
20210111015337	-177.652
20210111015337	-177.652
20210111015337	-177.682
20210111015337	-177.682
20210111015337	-177.682
20210111015337	-177.682
20210111015337	-177.707
20210111015337	-177.707
20210111015337	-177.731
20210111015337	-177.731
20210111015337	-177.731
20210111015337	-177.731
20210111015337	-177.731
20210111015337	-177.755
20210111015337	-177.755
20210111015337	-177.755
20210111015337	-177.779
20210111015337	-177.779
20210111015337	-177.803
20210111015337	-177.803
20210111015337	-177.803
20210111015337	-177.803
20210111015337	-177.832
20210111015337	-177.832
20210111015337	-177.832
20210111015337	-177.832
20210111015337	-177.856
20210111015338	-177.856
20210111015338	-177.856
20210111015338	-177.88
20210111015338	-177.88
20210111015338	-177.88
20210111015338	-177.904
20210111015338	-177.904
20210111015338	-177.904
20210111015338	-177.927
20210111015338	-177.927
20210111015338	-177.927
20210111015338	-177.927
20210111015338	-177.951
20210111015338	-177.951
20210111015338	-177.951
20210111015338	-177.98
20210111015338	-177.98
20210111015338	-177.98
20210111015338	-177.98
20210111015338	-178.004
20210111015338	-178.004
20210111015338	-178.004
20210111015338	-178.027
20210111015338	-178.027
20210111015338	-178.027
20210111015338	-178.027
20210111015338	-178.051
20210111015338	-178.051
20210111015338	-178.051
20210111015338	-178.074
20210111015338	-178.074
20210111015338	-178.098
20210111015338	-178.098
20210111015338	-178.098
20210111015338	-178.098
20210111015338	-178.098
20210111015338	-178.128
20210111015338	-178.128
20210111015338	-178.151
20210111015338	-178.151
20210111015338	-178.151
20210111015338	-178.151
20210111015338	-178.175
20210111015338	-178.175
20210111015338	-178.175
20210111015338	-178.199
20210111015338	-178.199
20210111015338	-178.199
20210111015339	-178.199
20210111015339	-178.223
20210111015339	-178.223
20210111015339	-178.223
20210111015339	-178.246
20210111015339	-178.246
20210111015339	-178.246
20210111015339	-178.276
20210111015339	-178.276
20210111015339	-178.276
20210111015339	-178.299
20210111015339	-178.299
20210111015339	-178.299
20210111015339	-178.323
20210111015339	-178.323
20210111015339	-178.323
20210111015339	-178.323
20210111015339	-178.346
20210111015339	-178.346
20210111015339	-178.346
20210111015339	-178.37
20210111015339	-178.37
20210111015339	-178.37
20210111015339	-178.393
20210111015339	-178.393
20210111015339	-178.393
20210111015339	-178.393
20210111015339	-178.422
20210111015339	-178.422
20210111015339	-178.422
20210111015339	-178.422
20210111015339	-178.446
20210111015339	-178.446
20210111015339	-178.446
20210111015339	-178.469
20210111015339	-178.469
20210111015339	-178.469
20210111015339	-178.493
20210111015339	-178.493
20210111015339	-178.493
20210111015339	-178.493
20210111015339	-178.522
20210111015339	-178.522
20210111015339	-178.522
20210111015339	-178.539
20210111015339	-178.539
20210111015339	-178.539
20210111015339	-178.539
20210111015339	-178.568
20210111015339	-178.568
20210111015339	-178.568
20210111015339	-178.591
20210111015339	-178.591
20210111015339	-178.591
20210111015339	-178.615
20210111015339	-178.615
20210111015339	-178.615
20210111015339	-178.615
20210111015339	-178.638
20210111015339	-178.638
20210111015340	-178.638
20210111015340	-178.661
20210111015340	-178.661
20210111015340	-178.684
20210111015340	-178.684
20210111015340	-178.684
20210111015340	-178.684
20210111015340	-178.684
20210111015340	-178.713
20210111015340	-178.713
20210111015340	-178.736
20210111015340	-178.736
20210111015340	-178.736
20210111015340	-178.736
20210111015340	-178.759
20210111015340	-178.759
20210111015340	-178.759
20210111015340	-178.759
20210111015340	-178.782
20210111015340	-178.782
20210111015340	-178.782
20210111015340	-178.81
20210111015340	-178.81
20210111015340	-178.81
20210111015340	-178.828
20210111015340	-178.828
20210111015340	-178.828
20210111015340	-178.828
20210111015340	-178.856
20210111015340	-178.856
20210111015340	-178.879
20210111015340	-178.879
20210111015340	-178.879
20210111015340	-178.879
20210111015340	-178.902
20210111015340	-178.902
20210111015340	-178.902
20210111015340	-178.925
20210111015340	-178.925
20210111015340	-178.925
20210111015340	-178.925
20210111015340	-178.949
20210111015340	-178.949
20210111015340	-178.949
20210111015341	-178.971
20210111015341	-178.971
20210111015341	-178.971
20210111015341	-178.971
20210111015341	-179
20210111015341	-179
20210111015341	-179.023
20210111015341	-179.023
20210111015341	-179.023
20210111015341	-179.023
20210111015341	-179.046
20210111015341	-179.046
20210111015341	-179.046
20210111015341	-179.069
20210111015341	-179.069
20210111015341	-179.069
20210111015341	-179.069
20210111015341	-179.092
20210111015341	-179.092
20210111015341	-179.092
20210111015341	-179.115
20210111015341	-179.115
20210111015341	-179.115
20210111015341	-179.143
20210111015341	-179.143
20210111015341	-179.143
20210111015341	-179.143
20210111015341	-179.166
20210111015341	-179.166
20210111015341	-179.166
20210111015341	-179.189
20210111015342	-179.189
20210111015342	-179.189
20210111015342	-179.189
20210111015342	-179.212
20210111015342	-179.212
20210111015342	-179.212
20210111015342	-179.234
20210111015342	-179.234
20210111015342	-179.257
20210111015342	-179.257
20210111015342	-179.257
20210111015342	-179.257
20210111015342	-179.285
20210111015342	-179.285
20210111015342	-179.285
20210111015342	-179.308
20210111015342	-179.308
20210111015342	-179.308
20210111015342	-179.308
20210111015342	-179.331
20210111015342	-179.331
20210111015342	-179.331
20210111015342	-179.354
20210111015342	-179.354
20210111015342	-179.354
20210111015342	-179.382
20210111015342	-179.382
20210111015342	-179.382
20210111015342	-179.382
20210111015342	-179.405
20210111015342	-179.405
20210111015342	-179.405
20210111015342	-179.405
20210111015342	-179.427
20210111015342	-179.427
20210111015342	-179.427
20210111015342	-179.45
20210111015342	-179.45
20210111015342	-179.473
20210111015342	-179.473
20210111015342	-179.473
20210111015342	-179.473
20210111015342	-179.495
20210111015342	-179.495
20210111015342	-179.495
20210111015342	-179.518
20210111015342	-179.518
20210111015342	-179.518
20210111015342	-179.518
20210111015342	-179.54
20210111015342	-179.54
20210111015342	-179.54
20210111015342	-179.568
20210111015342	-179.568
20210111015342	-179.568
20210111015342	-179.59
20210111015342	-179.59
20210111015342	-179.59
20210111015342	-179.59
20210111015342	-179.613
20210111015342	-179.613
20210111015342	-179.613
20210111015342	-179.635
20210111015342	-179.635
20210111015342	-179.635
20210111015342	-179.635
20210111015342	-179.657
20210111015342	-179.657
20210111015343	-179.657
20210111015343	-179.685
20210111015343	-179.685
20210111015343	-179.685
20210111015343	-179.706
20210111015343	-179.706
20210111015343	-179.706
20210111015343	-179.727
20210111015343	-179.727
20210111015343	-179.727
20210111015343	-179.727
20210111015343	-179.749
20210111015343	-179.749
20210111015343	-179.749
20210111015343	-179.771
20210111015343	-179.771
20210111015343	-179.771
20210111015343	-179.771
20210111015343	-179.793
20210111015343	-179.793
20210111015343	-179.793
20210111015343	-179.82
20210111015343	-179.82
20210111015343	-179.82
20210111015343	-179.841
20210111015343	-179.841
20210111015343	-179.841
20210111015343	-179.841
20210111015343	-179.863
20210111015343	-179.863
20210111015343	-179.863
20210111015343	-179.884
20210111015343	-179.884
20210111015343	-179.884
20210111015343	-179.906
20210111015343	-179.906
20210111015343	-179.906
20210111015343	-179.906
20210111015343	-179.934
20210111015343	-179.934
20210111015343	-179.934
20210111015343	-179.95
20210111015343	-179.95
20210111015343	-179.95
20210111015343	-179.95
20210111015343	-179.978
20210111015343	-179.978
20210111015343	-180
20210111015344	-180
20210111015344	-180
20210111015344	-180
20210111015344	-180.021
20210111015344	-180.021
20210111015344	-180.021
20210111015344	-180.042
20210111015344	-180.042
20210111015344	-180.042
20210111015344	-180.042
20210111015344	-180.062
20210111015344	-180.062
20210111015344	-180.062
20210111015344	-180.088
20210111015344	-180.088
20210111015344	-180.088
20210111015344	-180.109
20210111015344	-180.109
20210111015344	-180.109
20210111015344	-180.109
20210111015344	-180.129
20210111015344	-180.129
20210111015344	-180.129
20210111015344	-180.15
20210111015344	-180.15
20210111015344	-180.15
20210111015344	-180.15
20210111015344	-180.171
20210111015344	-180.171
20210111015344	-180.193
20210111015344	-180.193
20210111015344	-180.193
20210111015344	-180.193
20210111015344	-180.219
20210111015344	-180.219
20210111015344	-180.219
20210111015344	-180.241
20210111015344	-180.241
20210111015344	-180.241
20210111015344	-180.241
20210111015344	-180.262
20210111015344	-180.262
20210111015344	-180.262
20210111015344	-180.283
20210111015344	-180.283
20210111015344	-180.283
20210111015344	-180.283
20210111015344	-180.303
20210111015344	-180.303
20210111015344	-180.324
20210111015344	-180.324
20210111015344	-180.324
20210111015344	-180.324
20210111015344	-180.344
20210111015344	-180.344
20210111015344	-180.344
20210111015344	-180.344
20210111015344	-180.37
20210111015344	-180.37
20210111015344	-180.391
20210111015344	-180.391
20210111015344	-180.391
20210111015344	-180.411
20210111015344	-180.411
20210111015344	-180.411
20210111015344	-180.411
20210111015344	-180.411
20210111015344	-180.431
20210111015344	-180.431
