20210115193418	27.6023
20210115193418	15.0948
20210115193418	15.0948
20210115193418	14.7437
20210115193418	14.7437
20210115193418	14.7437
20210115193418	14.7437
20210115193418	14.2725
20210115193418	14.2725
20210115193418	14.2725
20210115193418	14.2725
20210115193418	13.6788
20210115193418	13.6788
20210115193418	13.2002
20210115193418	13.2002
20210115193418	13.2002
20210115193418	13.2002
20210115193418	12.7184
20210115193418	12.7184
20210115193418	12.7184
20210115193418	12.7184
20210115193418	12.2332
20210115193418	12.2332
20210115193418	11.7421
20210115193418	11.7421
20210115193418	11.7421
20210115193418	11.7421
20210115193418	11.2482
20210115193418	11.2482
20210115193418	11.2482
20210115193418	10.6266
20210115193418	10.6266
20210115193418	10.6266
20210115193418	10.1261
20210115193418	10.1261
20210115193418	10.1261
20210115193418	10.1261
20210115193418	9.62271
20210115193418	9.62271
20210115193418	9.62271
20210115193418	9.11658
20210115193418	9.11658
20210115193418	9.11658
20210115193418	8.60495
20210115193418	8.60495
20210115193418	8.60495
20210115193418	8.09088
20210115193418	8.09088
20210115193418	8.09088
20210115193418	8.09088
20210115193418	7.44485
20210115193418	7.44485
20210115193418	7.44485
20210115193418	6.92532
20210115193418	6.92532
20210115193419	6.92532
20210115193419	6.92532
20210115193419	6.40344
20210115193419	6.40344
20210115193419	5.87924
20210115193419	5.87924
20210115193419	5.87924
20210115193419	5.87924
20210115193419	5.34918
20210115193419	5.34918
20210115193419	5.34918
20210115193419	5.34918
20210115193419	4.81723
20210115193419	4.81723
20210115193419	4.14967
20210115193419	4.14967
20210115193419	4.14967
20210115193419	4.14967
20210115193419	3.61355
20210115193419	3.61355
20210115193419	3.61355
20210115193419	3.61355
20210115193419	3.07559
20210115193419	3.07559
20210115193419	2.53582
20210115193419	2.53582
20210115193419	2.53582
20210115193419	2.53582
20210115193419	1.99099
20210115193419	1.99099
20210115193419	1.99099
20210115193419	1.99099
20210115193419	1.30801
20210115193419	1.30801
20210115193419	1.30801
20210115193419	1.30801
20210115193419	0.760044
20210115193419	0.760044
20210115193419	0.21068
20210115193419	0.21068
20210115193419	0.21068
20210115193419	0.21068
20210115193419	-0.340046
20210115193419	-0.340046
20210115193419	-0.892056
20210115193419	-0.892056
20210115193419	-0.892056
20210115193419	-0.892056
20210115193419	-1.58773
20210115193419	-1.58773
20210115193419	-1.58773
20210115193419	-1.58773
20210115193419	-2.14525
20210115193419	-2.14525
20210115193419	-2.14525
20210115193419	-2.14525
20210115193419	-2.70364
20210115193419	-2.70364
20210115193419	-3.26287
20210115193419	-3.26287
20210115193419	-3.26287
20210115193419	-3.26287
20210115193419	-3.82296
20210115193419	-3.82296
20210115193419	-3.82296
20210115193419	-4.38386
20210115193419	-4.38386
20210115193419	-4.38386
20210115193419	-5.0916
20210115193419	-5.0916
20210115193419	-5.0916
20210115193419	-5.0916
20210115193419	-5.65805
20210115193419	-5.65805
20210115193419	-5.65805
20210115193419	-6.22476
20210115193419	-6.22476
20210115193419	-6.22476
20210115193419	-6.79174
20210115193419	-6.79174
20210115193420	-6.79174
20210115193420	-6.79174
20210115193420	-7.35898
20210115193420	-7.35898
20210115193420	-7.35898
20210115193420	-7.35898
20210115193420	-7.92647
20210115193420	-7.92647
20210115193420	-8.64064
20210115193420	-8.64064
20210115193420	-8.64064
20210115193420	-8.64064
20210115193420	-9.21175
20210115193420	-9.21175
20210115193420	-9.21175
20210115193420	-9.78269
20210115193420	-9.78269
20210115193420	-9.78269
20210115193420	-10.3534
20210115193420	-10.3534
20210115193420	-10.3534
20210115193420	-10.3534
20210115193420	-10.9238
20210115193420	-10.9238
20210115193420	-10.9238
20210115193420	-10.9238
20210115193420	-11.6374
20210115193420	-11.6374
20210115193420	-12.2106
20210115193420	-12.2106
20210115193420	-12.2106
20210115193420	-12.2106
20210115193420	-12.6401
20210115193420	-12.6401
20210115193420	-12.6401
20210115193420	-13.3551
20210115193420	-13.3551
20210115193420	-13.3551
20210115193420	-13.9259
20210115193420	-13.9259
20210115193420	-13.9259
20210115193420	-13.9259
20210115193420	-14.4958
20210115193420	-14.4958
20210115193420	-14.4958
20210115193420	-15.0647
20210115193420	-15.0647
20210115193420	-15.0647
20210115193420	-15.6325
20210115193420	-15.6325
20210115193420	-15.6325
20210115193420	-15.6325
20210115193420	-16.3412
20210115193420	-16.3412
20210115193420	-16.3412
20210115193421	-16.9076
20210115193421	-16.9076
20210115193421	-16.9076
20210115193421	-17.4574
20210115193421	-17.4574
20210115193421	-17.4574
20210115193421	-17.4574
20210115193421	-18.0081
20210115193421	-18.0081
20210115193421	-18.0081
20210115193421	-18.5585
20210115193421	-18.5585
20210115193421	-18.5585
20210115193421	-19.2475
20210115193421	-19.2475
20210115193421	-19.2475
20210115193421	-19.2475
20210115193421	-19.6615
20210115193421	-19.6615
20210115193421	-19.6615
20210115193421	-20.3516
20210115193421	-20.3516
20210115193421	-20.3516
20210115193421	-20.8903
20210115193421	-20.8903
20210115193421	-20.8903
20210115193421	-20.8903
20210115193421	-21.4301
20210115193421	-21.4301
20210115193421	-21.4301
20210115193421	-21.4301
20210115193421	-21.9706
20210115193421	-21.9706
20210115193421	-22.5116
20210115193421	-22.5116
20210115193421	-22.5116
20210115193421	-22.5116
20210115193421	-23.0528
20210115193421	-23.0528
20210115193421	-23.0528
20210115193421	-23.0528
20210115193421	-23.7293
20210115193421	-23.7293
20210115193421	-24.2589
20210115193421	-24.2589
20210115193421	-24.2589
20210115193421	-24.2589
20210115193421	-24.7891
20210115193421	-24.7891
20210115193421	-24.7891
20210115193421	-25.3197
20210115193421	-25.3197
20210115193421	-25.3197
20210115193422	-25.8505
20210115193422	-25.8505
20210115193422	-25.8505
20210115193422	-25.8505
20210115193422	-26.3813
20210115193422	-26.3813
20210115193422	-26.3813
20210115193422	-27.0445
20210115193422	-27.0445
20210115193422	-27.0445
20210115193422	-27.5665
20210115193422	-27.5665
20210115193422	-27.5665
20210115193422	-27.5665
20210115193422	-28.0887
20210115193422	-28.0887
20210115193422	-28.0887
20210115193422	-28.741
20210115193422	-28.741
20210115193422	-28.741
20210115193422	-29.1321
20210115193422	-29.1321
20210115193422	-29.1321
20210115193422	-29.1321
20210115193422	-29.6529
20210115193422	-29.6529
20210115193422	-29.6529
20210115193422	-29.6529
20210115193422	-30.3028
20210115193422	-30.3028
20210115193422	-30.8156
20210115193422	-30.8156
20210115193422	-30.8156
20210115193422	-30.8156
20210115193422	-31.3278
20210115193422	-31.3278
20210115193422	-31.3278
20210115193422	-31.3278
20210115193422	-31.8394
20210115193422	-31.8394
20210115193422	-32.3501
20210115193422	-32.3501
20210115193422	-32.3501
20210115193422	-32.3501
20210115193422	-32.987
20210115193422	-32.987
20210115193422	-32.987
20210115193422	-32.987
20210115193422	-33.4952
20210115193422	-33.4952
20210115193422	-33.9973
20210115193422	-33.9973
20210115193422	-33.9973
20210115193422	-33.9973
20210115193422	-34.4983
20210115193422	-34.4983
20210115193422	-34.4983
20210115193422	-34.4983
20210115193423	-35.1225
20210115193423	-35.1225
20210115193423	-35.4956
20210115193423	-35.4956
20210115193423	-35.4956
20210115193423	-35.4956
20210115193423	-36.1151
20210115193423	-36.1151
20210115193423	-36.1151
20210115193423	-36.1151
20210115193423	-36.6077
20210115193423	-36.6077
20210115193423	-37.0951
20210115193423	-37.0951
20210115193423	-37.0951
20210115193423	-37.0951
20210115193423	-37.5803
20210115193423	-37.5803
20210115193423	-37.5803
20210115193423	-37.5803
20210115193423	-38.0634
20210115193423	-38.0634
20210115193423	-38.5438
20210115193423	-38.5438
20210115193423	-38.5438
20210115193423	-38.5438
20210115193423	-39.0215
20210115193423	-39.0215
20210115193423	-39.0215
20210115193423	-39.6144
20210115193423	-39.6144
20210115193423	-39.6144
20210115193423	-40.0847
20210115193423	-40.0847
20210115193423	-40.0847
20210115193423	-40.0847
20210115193423	-40.5516
20210115193423	-40.5516
20210115193423	-40.5516
20210115193423	-41.0151
20210115193424	-41.0151
20210115193424	-41.0151
20210115193424	-41.4751
20210115193424	-41.4751
20210115193424	-41.4751
20210115193424	-41.4751
20210115193424	-41.9314
20210115193424	-41.9314
20210115193424	-41.9314
20210115193424	-41.9314
20210115193424	-42.4966
20210115193424	-42.4966
20210115193424	-42.944
20210115193424	-42.944
20210115193424	-42.944
20210115193424	-42.944
20210115193424	-43.3875
20210115193424	-43.3875
20210115193424	-43.3875
20210115193424	-43.3875
20210115193424	-43.8269
20210115193424	-43.8269
20210115193424	-44.2622
20210115193424	-44.2622
20210115193424	-44.2622
20210115193424	-44.2622
20210115193424	-44.6933
20210115193424	-44.6933
20210115193424	-44.6933
20210115193424	-45.226
20210115193424	-45.226
20210115193424	-45.226
20210115193424	-45.648
20210115193424	-45.648
20210115193424	-45.648
20210115193424	-45.648
20210115193424	-46.0654
20210115193424	-46.0654
20210115193424	-46.0654
20210115193424	-46.0654
20210115193424	-46.5806
20210115193424	-46.5806
20210115193424	-46.8859
20210115193424	-46.8859
20210115193424	-46.8859
20210115193424	-46.8859
20210115193424	-47.2879
20210115193425	-47.2879
20210115193425	-47.2879
20210115193425	-47.7818
20210115193425	-47.7818
20210115193425	-47.7818
20210115193425	-48.1721
20210115193425	-48.1721
20210115193425	-48.1721
20210115193425	-48.1721
20210115193425	-48.5565
20210115193425	-48.5565
20210115193425	-48.5565
20210115193425	-48.5565
20210115193425	-48.9352
20210115193425	-48.9352
20210115193425	-49.3087
20210115193425	-49.3087
20210115193425	-49.3087
20210115193425	-49.3087
20210115193425	-49.7685
20210115193425	-49.7685
20210115193425	-50.1319
20210115193425	-50.1319
20210115193425	-50.1319
20210115193425	-50.1319
20210115193425	-50.4933
20210115193425	-50.4933
20210115193425	-50.4933
20210115193425	-50.4933
20210115193425	-50.8469
20210115193425	-50.8469
20210115193425	-50.8469
20210115193426	-51.1939
20210115193426	-51.1939
20210115193426	-51.1939
20210115193426	-51.5345
20210115193426	-51.5345
20210115193426	-51.5345
20210115193426	-51.5345
20210115193426	-51.8689
20210115193426	-51.8689
20210115193426	-51.8689
20210115193426	-52.2787
20210115193426	-52.2787
20210115193426	-52.2787
20210115193426	-52.6043
20210115193426	-52.6043
20210115193426	-52.6043
20210115193426	-52.6043
20210115193426	-52.9249
20210115193426	-52.9249
20210115193426	-53.2413
20210115193426	-53.2413
20210115193426	-53.2413
20210115193426	-53.2413
20210115193426	-53.5539
20210115193426	-53.5539
20210115193426	-53.5539
20210115193426	-53.5539
20210115193426	-53.9401
20210115193426	-53.9401
20210115193426	-53.9401
20210115193426	-54.246
20210115193426	-54.246
20210115193426	-54.246
20210115193426	-54.5524
20210115193426	-54.5524
20210115193426	-54.5524
20210115193426	-54.8563
20210115193426	-54.8563
20210115193426	-54.8563
20210115193426	-54.8563
20210115193426	-55.1582
20210115193426	-55.1582
20210115193426	-55.1582
20210115193426	-55.4581
20210115193426	-55.4581
20210115193426	-55.4581
20210115193426	-55.4581
20210115193426	-55.8306
20210115193426	-55.8306
20210115193426	-55.8306
20210115193426	-56.1268
20210115193426	-56.1268
20210115193426	-56.1268
20210115193426	-56.4147
20210115193426	-56.4147
20210115193426	-56.4147
20210115193426	-56.4147
20210115193427	-56.6982
20210115193427	-56.6982
20210115193427	-56.6982
20210115193427	-56.9795
20210115193427	-56.9795
20210115193427	-56.9795
20210115193427	-57.3278
20210115193427	-57.3278
20210115193427	-57.3278
20210115193427	-57.3278
20210115193427	-57.5347
20210115193427	-57.5347
20210115193427	-57.5347
20210115193427	-57.876
20210115193427	-57.876
20210115193427	-57.876
20210115193427	-58.1494
20210115193427	-58.1494
20210115193427	-58.1494
20210115193427	-58.1494
20210115193427	-58.4197
20210115193427	-58.4197
20210115193427	-58.4197
20210115193427	-58.4197
20210115193427	-58.7535
20210115193427	-58.7535
20210115193427	-58.9518
20210115193427	-58.9518
20210115193427	-58.9518
20210115193427	-58.9518
20210115193427	-59.2142
20210115193427	-59.2142
20210115193427	-59.2142
20210115193427	-59.2142
20210115193427	-59.5394
20210115193427	-59.5394
20210115193427	-59.7988
20210115193427	-59.7988
20210115193427	-59.7988
20210115193427	-59.7988
20210115193427	-60.057
20210115193427	-60.057
20210115193427	-60.057
20210115193427	-60.057
20210115193427	-60.3143
20210115193427	-60.3143
20210115193427	-60.5709
20210115193427	-60.5709
20210115193427	-60.5709
20210115193427	-60.5709
20210115193427	-60.8916
20210115193427	-60.8916
20210115193427	-60.8916
20210115193427	-61.1483
20210115193427	-61.1483
20210115193427	-61.1483
20210115193427	-61.4061
20210115193427	-61.4061
20210115193427	-61.4061
20210115193427	-61.4061
20210115193427	-61.6646
20210115193428	-61.6646
20210115193428	-61.6646
20210115193428	-61.6646
20210115193428	-61.9889
20210115193428	-61.9889
20210115193428	-62.1843
20210115193428	-62.1843
20210115193428	-62.1843
20210115193428	-62.1843
20210115193428	-62.5115
20210115193428	-62.5115
20210115193428	-62.5115
20210115193428	-62.7747
20210115193428	-62.7747
20210115193428	-62.7747
20210115193428	-63.0386
20210115193428	-63.0386
20210115193428	-63.0386
20210115193428	-63.0386
20210115193428	-63.3039
20210115193428	-63.3039
20210115193428	-63.3039
20210115193428	-63.3039
20210115193428	-63.5704
20210115193428	-63.5704
20210115193428	-63.9053
20210115193428	-63.9053
20210115193428	-63.9053
20210115193428	-63.9053
20210115193428	-64.1744
20210115193428	-64.1744
20210115193428	-64.1744
20210115193428	-64.1744
20210115193428	-64.4446
20210115193428	-64.4446
20210115193428	-64.7161
20210115193428	-64.7161
20210115193428	-64.7161
20210115193428	-64.7161
20210115193428	-64.9883
20210115193428	-64.9883
20210115193428	-64.9883
20210115193428	-65.2613
20210115193428	-65.2613
20210115193428	-65.2613
20210115193428	-65.5349
20210115193428	-65.5349
20210115193428	-65.5349
20210115193428	-65.5349
20210115193428	-65.8777
20210115193428	-65.8777
20210115193428	-65.8777
20210115193428	-65.8777
20210115193428	-66.1526
20210115193428	-66.1526
20210115193428	-66.4277
20210115193429	-66.4277
20210115193429	-66.4277
20210115193429	-66.4277
20210115193429	-66.7032
20210115193429	-66.7032
20210115193429	-66.7032
20210115193429	-66.979
20210115193429	-66.979
20210115193429	-66.979
20210115193429	-67.3243
20210115193429	-67.3243
20210115193429	-67.3243
20210115193429	-67.5317
20210115193429	-67.5317
20210115193429	-67.5317
20210115193429	-67.5317
20210115193429	-67.8778
20210115193429	-67.8778
20210115193429	-67.8778
20210115193429	-68.1547
20210115193429	-68.1547
20210115193429	-68.1547
20210115193429	-68.1547
20210115193429	-68.4319
20210115193429	-68.4319
20210115193429	-68.4319
20210115193429	-68.7097
20210115193429	-68.7097
20210115193429	-68.7097
20210115193429	-68.9879
20210115193429	-68.9879
20210115193429	-68.9879
20210115193429	-68.9879
20210115193429	-69.3364
20210115193429	-69.3364
20210115193429	-69.3364
20210115193429	-69.6159
20210115193429	-69.6159
20210115193429	-69.6159
20210115193430	-69.8961
20210115193430	-69.8961
20210115193430	-69.8961
20210115193430	-69.8961
20210115193430	-70.1768
20210115193430	-70.1768
20210115193430	-70.1768
20210115193430	-70.4581
20210115193430	-70.4581
20210115193430	-70.4581
20210115193430	-70.7399
20210115193430	-70.7399
20210115193430	-70.7399
20210115193430	-70.7399
20210115193430	-71.0223
20210115193430	-71.0223
20210115193430	-71.0223
20210115193430	-71.0223
20210115193430	-71.3762
20210115193430	-71.3762
20210115193430	-71.66
20210115193430	-71.66
20210115193430	-71.66
20210115193430	-71.66
20210115193430	-71.9444
20210115193430	-71.9444
20210115193430	-71.9444
20210115193430	-71.9444
20210115193430	-72.2293
20210115193430	-72.2293
20210115193430	-72.5149
20210115193430	-72.5149
20210115193430	-72.5149
20210115193430	-72.5149
20210115193430	-72.8011
20210115193430	-72.8011
20210115193430	-72.8011
20210115193430	-73.1598
20210115193430	-73.1598
20210115193430	-73.1598
20210115193430	-73.4479
20210115193430	-73.4479
20210115193430	-73.4479
20210115193430	-73.4479
20210115193430	-73.7366
20210115193430	-73.7366
20210115193430	-73.7366
20210115193430	-74.0259
20210115193430	-74.0259
20210115193431	-74.0259
20210115193431	-74.3881
20210115193431	-74.3881
20210115193431	-74.3881
20210115193431	-74.3881
20210115193431	-74.6058
20210115193431	-74.6058
20210115193431	-74.6058
20210115193431	-74.6058
20210115193431	-74.9692
20210115193431	-74.9692
20210115193431	-75.2607
20210115193431	-75.2607
20210115193431	-75.2607
20210115193431	-75.2607
20210115193431	-75.5527
20210115193431	-75.5527
20210115193431	-75.5527
20210115193431	-75.8453
20210115193431	-75.8453
20210115193431	-75.8453
20210115193431	-76.1384
20210115193431	-76.1384
20210115193431	-76.1384
20210115193432	-76.1384
20210115193432	-76.4321
20210115193432	-76.4321
20210115193432	-76.4321
20210115193432	-76.8001
20210115193432	-76.8001
20210115193432	-76.8001
20210115193432	-77.0953
20210115193432	-77.0953
20210115193432	-77.0953
20210115193432	-77.0953
20210115193432	-77.3914
20210115193432	-77.3914
20210115193432	-77.3914
20210115193432	-77.3914
20210115193432	-77.7624
20210115193432	-77.7624
20210115193432	-78.06
20210115193432	-78.06
20210115193432	-78.06
20210115193432	-78.06
20210115193432	-78.3584
20210115193432	-78.3584
20210115193432	-78.3584
20210115193432	-78.6575
20210115193432	-78.6575
20210115193432	-78.6575
20210115193432	-78.9578
20210115193432	-78.9578
20210115193432	-78.9578
20210115193432	-78.9578
20210115193433	-79.2593
20210115193433	-79.2593
20210115193433	-79.2593
20210115193433	-79.6372
20210115193433	-79.6372
20210115193433	-79.6372
20210115193433	-79.9403
20210115193433	-79.9403
20210115193433	-79.9403
20210115193433	-79.9403
20210115193433	-80.2442
20210115193433	-80.2442
20210115193433	-80.2442
20210115193433	-80.2442
20210115193433	-80.5488
20210115193433	-80.5488
20210115193433	-80.8545
20210115193433	-80.8545
20210115193433	-80.8545
20210115193433	-80.8545
20210115193433	-81.1617
20210115193433	-81.1617
20210115193433	-81.1617
20210115193433	-81.1617
20210115193433	-81.4697
20210115193433	-81.4697
20210115193433	-81.8557
20210115193433	-81.8557
20210115193433	-81.8557
20210115193433	-81.8557
20210115193433	-82.0879
20210115193433	-82.0879
20210115193433	-82.0879
20210115193433	-82.4759
20210115193433	-82.4759
20210115193433	-82.4759
20210115193433	-82.7875
20210115193433	-82.7875
20210115193433	-82.7875
20210115193433	-82.7875
20210115193433	-83.1007
20210115193433	-83.1007
20210115193433	-83.1007
20210115193433	-83.4147
20210115193433	-83.4147
20210115193433	-83.4147
20210115193433	-83.8084
20210115193433	-83.8084
20210115193433	-83.8084
20210115193433	-83.8084
20210115193433	-84.1242
20210115193433	-84.1242
20210115193433	-84.1242
20210115193433	-84.1242
20210115193433	-84.441
20210115193433	-84.441
20210115193433	-84.7592
20210115193434	-84.7592
20210115193434	-84.7592
20210115193434	-84.7592
20210115193434	-85.0795
20210115193434	-85.0795
20210115193434	-85.0795
20210115193434	-85.0795
20210115193434	-85.481
20210115193434	-85.481
20210115193434	-85.7225
20210115193434	-85.7225
20210115193434	-85.7225
20210115193434	-85.7225
20210115193434	-86.0452
20210115193434	-86.0452
20210115193434	-86.0452
20210115193434	-86.4497
20210115193434	-86.4497
20210115193434	-86.4497
20210115193434	-86.7742
20210115193434	-86.7742
20210115193434	-86.7742
20210115193434	-86.7742
20210115193434	-87.1015
20210115193434	-87.1015
20210115193434	-87.1015
20210115193434	-87.1015
20210115193434	-87.5116
20210115193434	-87.5116
20210115193434	-87.7583
20210115193434	-87.7583
20210115193434	-87.7583
20210115193434	-87.7583
20210115193434	-88.0879
20210115193434	-88.0879
20210115193434	-88.0879
20210115193434	-88.5012
20210115193434	-88.5012
20210115193434	-88.5012
20210115193434	-88.8327
20210115193434	-88.8327
20210115193434	-88.8327
20210115193435	-88.8327
20210115193435	-89.1674
20210115193435	-89.1674
20210115193435	-89.1674
20210115193435	-89.5868
20210115193435	-89.5868
20210115193435	-89.5868
20210115193435	-89.839
20210115193435	-89.839
20210115193435	-89.839
20210115193435	-89.839
20210115193435	-90.2604
20210115193435	-90.2604
20210115193435	-90.2604
20210115193435	-90.5985
20210115193435	-90.5985
20210115193435	-90.5985
20210115193435	-90.9374
20210115193435	-90.9374
20210115193435	-90.9374
20210115193435	-90.9374
20210115193435	-91.2773
20210115193435	-91.2773
20210115193435	-91.2773
20210115193435	-91.2773
20210115193435	-91.6182
20210115193435	-91.6182
20210115193435	-91.96
20210115193435	-91.96
20210115193435	-91.96
20210115193435	-91.96
20210115193435	-92.3791
20210115193435	-92.3791
20210115193435	-92.3791
20210115193435	-92.3791
20210115193435	-92.7144
20210115193435	-92.7144
20210115193435	-93.0515
20210115193435	-93.0515
20210115193435	-93.0515
20210115193435	-93.0515
20210115193435	-93.3903
20210115193436	-93.3903
20210115193436	-93.3903
20210115193436	-93.3903
20210115193436	-93.8163
20210115193436	-93.8163
20210115193436	-94.1589
20210115193436	-94.1589
20210115193436	-94.1589
20210115193436	-94.1589
20210115193436	-94.411
20210115193436	-94.411
20210115193436	-94.411
20210115193436	-94.8341
20210115193436	-94.8341
20210115193436	-94.8341
20210115193436	-95.175
20210115193436	-95.175
20210115193436	-95.175
20210115193436	-95.175
20210115193436	-95.518
20210115193436	-95.518
20210115193436	-95.518
20210115193436	-95.9494
20210115193436	-95.9494
20210115193436	-95.9494
20210115193436	-96.2966
20210115193436	-96.2966
20210115193436	-96.2966
20210115193436	-96.2966
20210115193436	-96.6392
20210115193436	-96.6392
20210115193436	-96.6392
20210115193436	-96.6392
20210115193436	-96.9841
20210115193436	-96.9841
20210115193436	-97.3311
20210115193436	-97.3311
20210115193437	-97.3311
20210115193437	-97.3311
20210115193437	-97.6802
20210115193437	-97.6802
20210115193437	-97.6802
20210115193437	-97.6802
20210115193437	-98.1193
20210115193437	-98.1193
20210115193437	-98.4726
20210115193437	-98.4726
20210115193437	-98.4726
20210115193437	-98.4726
20210115193437	-98.8238
20210115193437	-98.8238
20210115193437	-98.8238
20210115193437	-98.8238
20210115193437	-99.1758
20210115193437	-99.1758
20210115193437	-99.5299
20210115193437	-99.5299
20210115193437	-99.5299
20210115193437	-99.5299
20210115193437	-99.886
20210115193437	-99.886
20210115193437	-99.886
20210115193437	-100.244
20210115193437	-100.244
20210115193437	-100.244
20210115193437	-100.694
20210115193438	-100.694
20210115193438	-100.694
20210115193438	-100.694
20210115193438	-100.964
20210115193438	-100.964
20210115193438	-100.964
20210115193438	-101.415
20210115193438	-101.415
20210115193438	-101.415
20210115193438	-101.778
20210115193438	-101.778
20210115193438	-101.778
20210115193438	-101.778
20210115193438	-102.143
20210115193438	-102.143
20210115193438	-102.143
20210115193438	-102.509
20210115193438	-102.509
20210115193438	-102.509
20210115193438	-102.97
20210115193438	-102.97
20210115193438	-102.97
20210115193438	-102.97
20210115193438	-103.246
20210115193438	-103.246
20210115193438	-103.246
20210115193438	-103.709
20210115193438	-103.709
20210115193438	-103.709
20210115193438	-104.08
20210115193438	-104.08
20210115193438	-104.08
20210115193438	-104.08
20210115193438	-104.454
20210115193438	-104.454
20210115193438	-104.829
20210115193438	-104.829
20210115193438	-104.829
20210115193438	-104.829
20210115193438	-105.206
20210115193438	-105.206
20210115193438	-105.206
20210115193438	-105.206
20210115193438	-105.584
20210115193439	-105.584
20210115193439	-105.584
20210115193439	-106.057
20210115193439	-106.057
20210115193439	-106.057
20210115193439	-106.437
20210115193439	-106.437
20210115193439	-106.437
20210115193439	-106.437
20210115193439	-106.819
20210115193439	-106.819
20210115193439	-106.819
20210115193439	-106.819
20210115193439	-107.202
20210115193439	-107.202
20210115193439	-107.587
20210115193439	-107.587
20210115193439	-107.587
20210115193439	-107.587
20210115193439	-107.973
20210115193439	-107.973
20210115193439	-107.973
20210115193439	-107.973
20210115193439	-108.457
20210115193439	-108.457
20210115193440	-108.845
20210115193440	-108.845
20210115193440	-108.845
20210115193440	-108.845
20210115193440	-109.235
20210115193440	-109.235
20210115193440	-109.235
20210115193440	-109.627
20210115193440	-109.627
20210115193440	-109.627
20210115193440	-110.019
20210115193440	-110.019
20210115193440	-110.019
20210115193440	-110.019
20210115193440	-110.413
20210115193440	-110.413
20210115193440	-110.413
20210115193440	-110.907
20210115193440	-110.907
20210115193440	-110.907
20210115193440	-111.304
20210115193440	-111.304
20210115193440	-111.304
20210115193440	-111.304
20210115193440	-111.702
20210115193440	-111.702
20210115193440	-111.702
20210115193440	-112.101
20210115193440	-112.101
20210115193440	-112.101
20210115193440	-112.602
20210115193441	-112.602
20210115193441	-112.602
20210115193441	-112.602
20210115193441	-113.005
20210115193441	-113.005
20210115193441	-113.005
20210115193441	-113.409
20210115193441	-113.409
20210115193441	-113.409
20210115193441	-113.815
20210115193441	-113.815
20210115193441	-113.815
20210115193441	-113.815
20210115193441	-114.221
20210115193441	-114.221
20210115193441	-114.221
20210115193441	-114.221
20210115193441	-114.629
20210115193441	-114.629
20210115193441	-115.037
20210115193441	-115.037
20210115193441	-115.037
20210115193441	-115.037
20210115193441	-115.446
20210115193441	-115.446
20210115193441	-115.446
20210115193441	-115.961
20210115193441	-115.961
20210115193441	-115.961
20210115193441	-116.374
20210115193442	-116.374
20210115193442	-116.374
20210115193442	-116.374
20210115193442	-116.788
20210115193442	-116.788
20210115193442	-116.788
20210115193442	-116.788
20210115193442	-117.202
20210115193442	-117.202
20210115193442	-117.617
20210115193442	-117.617
20210115193442	-117.617
20210115193442	-117.617
20210115193442	-118.032
20210115193442	-118.032
20210115193442	-118.032
20210115193442	-118.032
20210115193442	-118.555
20210115193442	-118.555
20210115193442	-118.975
20210115193442	-118.975
20210115193442	-118.975
20210115193442	-118.975
20210115193442	-119.394
20210115193442	-119.394
20210115193442	-119.394
20210115193443	-119.394
20210115193443	-119.92
20210115193443	-119.92
20210115193443	-120.34
20210115193443	-120.34
20210115193443	-120.34
20210115193443	-120.34
20210115193443	-120.763
20210115193443	-120.763
20210115193443	-120.763
20210115193443	-120.763
20210115193443	-121.189
20210115193443	-121.189
20210115193443	-121.615
20210115193443	-121.615
20210115193443	-121.615
20210115193443	-121.615
20210115193443	-122.041
20210115193443	-122.041
20210115193443	-122.041
20210115193443	-122.574
20210115193443	-122.574
20210115193444	-122.574
20210115193444	-123
20210115193444	-123
20210115193444	-123
20210115193444	-123
20210115193444	-123.427
20210115193444	-123.427
20210115193444	-123.427
20210115193444	-123.858
20210115193444	-123.858
20210115193444	-123.858
20210115193444	-124.29
20210115193444	-124.29
20210115193444	-124.29
20210115193444	-124.29
20210115193444	-124.721
20210115193444	-124.721
20210115193444	-124.721
20210115193444	-124.721
20210115193444	-125.26
20210115193444	-125.26
20210115193444	-125.583
20210115193444	-125.583
20210115193444	-125.583
20210115193444	-125.583
20210115193444	-126.123
20210115193444	-126.123
20210115193444	-126.123
20210115193444	-126.123
20210115193445	-126.559
20210115193445	-126.559
20210115193445	-126.994
20210115193445	-126.994
20210115193445	-126.994
20210115193445	-126.994
20210115193445	-127.43
20210115193445	-127.43
20210115193445	-127.43
20210115193445	-127.865
20210115193445	-127.865
20210115193445	-127.865
20210115193445	-128.301
20210115193445	-128.301
20210115193445	-128.301
20210115193445	-128.301
20210115193445	-128.736
20210115193445	-128.736
20210115193445	-128.736
20210115193445	-129.287
20210115193445	-129.287
20210115193445	-129.287
20210115193446	-129.728
20210115193446	-129.728
20210115193446	-129.728
20210115193446	-129.728
20210115193446	-130.168
20210115193446	-130.168
20210115193446	-130.168
20210115193446	-130.168
20210115193446	-130.608
20210115193446	-130.608
20210115193446	-131.048
20210115193446	-131.048
20210115193446	-131.048
20210115193446	-131.048
20210115193446	-131.488
20210115193446	-131.488
20210115193446	-131.488
20210115193446	-131.488
20210115193446	-132.043
20210115193446	-132.043
20210115193446	-132.488
20210115193446	-132.488
20210115193446	-132.488
20210115193446	-132.488
20210115193446	-132.932
20210115193446	-132.932
20210115193446	-132.932
20210115193446	-132.932
20210115193446	-133.376
20210115193446	-133.376
20210115193446	-133.819
20210115193446	-133.819
20210115193446	-133.819
20210115193446	-133.819
20210115193446	-134.373
20210115193446	-134.373
20210115193446	-134.373
20210115193446	-134.822
20210115193446	-134.822
20210115193447	-134.822
20210115193447	-135.27
20210115193447	-135.27
20210115193447	-135.27
20210115193447	-135.27
20210115193447	-135.718
20210115193447	-135.718
20210115193447	-135.718
20210115193447	-135.718
20210115193447	-136.165
20210115193447	-136.165
20210115193447	-136.611
20210115193447	-136.611
20210115193447	-136.611
20210115193447	-136.611
20210115193447	-137.057
20210115193447	-137.057
20210115193447	-137.057
20210115193447	-137.057
20210115193447	-137.622
20210115193447	-137.622
20210115193447	-138.073
20210115193447	-138.073
20210115193447	-138.073
20210115193447	-138.073
20210115193447	-138.524
20210115193447	-138.524
20210115193447	-138.524
20210115193447	-139.087
20210115193447	-139.087
20210115193447	-139.087
20210115193447	-139.424
20210115193448	-139.424
20210115193448	-139.424
20210115193448	-139.424
20210115193448	-139.872
20210115193448	-139.872
20210115193448	-139.872
20210115193448	-140.44
20210115193448	-140.44
20210115193448	-140.44
20210115193448	-140.894
20210115193448	-140.894
20210115193448	-140.894
20210115193448	-140.894
20210115193448	-141.347
20210115193448	-141.347
20210115193448	-141.347
20210115193448	-141.347
20210115193448	-141.8
20210115193448	-141.8
20210115193448	-142.251
20210115193448	-142.251
20210115193448	-142.251
20210115193448	-142.251
20210115193448	-142.814
20210115193448	-142.814
20210115193448	-142.814
20210115193448	-143.271
20210115193448	-143.271
20210115193448	-143.271
20210115193448	-143.727
20210115193448	-143.727
20210115193448	-143.727
20210115193448	-143.727
20210115193448	-144.182
20210115193448	-144.182
20210115193448	-144.182
20210115193448	-144.635
20210115193448	-144.635
20210115193448	-144.635
20210115193448	-145.088
20210115193448	-145.088
20210115193448	-145.088
20210115193448	-145.088
20210115193449	-145.652
20210115193449	-145.652
20210115193449	-145.652
20210115193449	-146.111
20210115193449	-146.111
20210115193449	-146.111
20210115193449	-146.569
20210115193449	-146.569
20210115193449	-146.569
20210115193449	-146.569
20210115193449	-147.025
20210115193449	-147.025
20210115193449	-147.025
20210115193449	-147.025
20210115193449	-147.479
20210115193449	-147.479
20210115193449	-148.046
20210115193449	-148.046
20210115193449	-148.046
20210115193449	-148.046
20210115193449	-148.385
20210115193449	-148.385
20210115193449	-148.385
20210115193449	-148.385
20210115193449	-148.957
20210115193449	-148.957
20210115193449	-149.415
20210115193449	-149.415
20210115193449	-149.415
20210115193449	-149.415
20210115193449	-149.871
20210115193449	-149.871
20210115193449	-149.871
20210115193449	-149.871
20210115193449	-150.326
20210115193449	-150.326
20210115193449	-150.779
20210115193449	-150.779
20210115193449	-150.779
20210115193450	-150.779
20210115193450	-151.231
20210115193450	-151.231
20210115193450	-151.231
20210115193450	-151.803
20210115193450	-151.803
20210115193450	-151.803
20210115193450	-152.261
20210115193450	-152.261
20210115193450	-152.261
20210115193450	-152.261
20210115193450	-152.717
20210115193450	-152.717
20210115193450	-152.717
20210115193450	-153.171
20210115193450	-153.171
20210115193450	-153.171
20210115193450	-153.624
20210115193450	-153.624
20210115193450	-153.624
20210115193450	-153.624
20210115193450	-154.076
20210115193450	-154.076
20210115193450	-154.076
20210115193450	-154.648
20210115193450	-154.648
20210115193450	-154.648
20210115193450	-155.106
20210115193450	-155.106
20210115193450	-155.106
20210115193450	-155.106
20210115193450	-155.562
20210115193450	-155.562
20210115193450	-155.562
20210115193450	-155.562
20210115193450	-156.13
20210115193450	-156.13
20210115193450	-156.582
20210115193450	-156.582
20210115193450	-156.582
20210115193450	-156.582
20210115193451	-157.033
20210115193451	-157.033
20210115193451	-157.033
20210115193451	-157.033
20210115193451	-157.492
20210115193451	-157.492
20210115193451	-157.948
20210115193451	-157.948
20210115193451	-157.948
20210115193451	-157.948
20210115193451	-158.403
20210115193451	-158.403
20210115193451	-158.403
20210115193451	-158.403
20210115193451	-158.856
20210115193451	-158.856
20210115193451	-159.308
20210115193451	-159.308
20210115193451	-159.308
20210115193451	-159.308
20210115193451	-159.758
20210115193451	-159.758
20210115193451	-159.758
20210115193451	-160.328
20210115193451	-160.328
20210115193451	-160.328
20210115193451	-160.783
20210115193451	-160.783
20210115193451	-160.783
20210115193451	-160.783
20210115193451	-161.237
20210115193451	-161.237
20210115193451	-161.237
20210115193451	-161.688
20210115193451	-161.688
20210115193451	-161.688
20210115193451	-162.139
20210115193451	-162.139
20210115193451	-162.139
20210115193451	-162.139
20210115193451	-162.588
20210115193451	-162.588
20210115193451	-163.155
20210115193451	-163.155
20210115193452	-163.155
20210115193452	-163.155
20210115193452	-163.609
20210115193452	-163.609
20210115193452	-163.609
20210115193452	-163.609
20210115193452	-164.061
20210115193452	-164.061
20210115193452	-164.061
20210115193452	-164.061
20210115193452	-164.624
20210115193452	-164.624
20210115193452	-165.073
20210115193452	-165.073
20210115193452	-165.073
20210115193452	-165.073
20210115193452	-165.408
20210115193452	-165.408
20210115193452	-165.408
20210115193452	-165.973
20210115193452	-165.973
20210115193452	-165.973
20210115193452	-166.424
20210115193452	-166.424
20210115193452	-166.424
20210115193452	-166.424
20210115193452	-166.874
20210115193452	-166.874
20210115193452	-166.874
20210115193453	-167.321
20210115193453	-167.321
20210115193453	-167.321
20210115193453	-167.768
20210115193453	-167.768
20210115193453	-167.768
20210115193453	-167.768
20210115193453	-168.323
20210115193453	-168.323
20210115193453	-168.323
20210115193453	-168.323
20210115193453	-168.775
20210115193453	-168.775
20210115193453	-169.224
20210115193453	-169.224
20210115193453	-169.224
20210115193453	-169.224
20210115193453	-169.672
20210115193453	-169.672
20210115193453	-169.672
20210115193453	-170.117
20210115193453	-170.117
20210115193453	-170.117
20210115193453	-170.561
20210115193453	-170.561
20210115193453	-170.561
20210115193453	-170.561
20210115193453	-171.004
20210115193453	-171.004
20210115193453	-171.004
20210115193453	-171.563
20210115193453	-171.563
20210115193453	-171.563
20210115193453	-172.01
20210115193453	-172.01
20210115193453	-172.01
20210115193453	-172.01
20210115193453	-172.454
20210115193453	-172.454
20210115193453	-172.454
20210115193453	-172.454
20210115193453	-172.897
20210115193453	-172.897
20210115193453	-173.449
20210115193453	-173.449
20210115193453	-173.449
20210115193453	-173.449
20210115193453	-173.888
20210115193453	-173.888
20210115193454	-173.888
20210115193454	-174.333
20210115193454	-174.333
20210115193454	-174.333
20210115193454	-174.776
20210115193454	-174.776
20210115193454	-174.776
20210115193454	-174.776
20210115193454	-175.217
20210115193454	-175.217
20210115193454	-175.217
20210115193454	-175.217
20210115193454	-175.657
20210115193454	-175.657
20210115193454	-176.204
20210115193454	-176.204
20210115193454	-176.204
20210115193454	-176.204
20210115193454	-176.64
20210115193454	-176.64
20210115193454	-176.64
20210115193454	-176.64
20210115193454	-177.082
20210115193454	-177.082
20210115193454	-177.521
20210115193454	-177.521
20210115193454	-177.521
20210115193454	-177.521
20210115193454	-177.959
20210115193454	-177.959
20210115193454	-177.959
20210115193454	-178.505
20210115193454	-178.505
20210115193454	-178.505
20210115193454	-178.939
20210115193454	-178.939
20210115193454	-178.939
20210115193454	-178.939
20210115193454	-179.372
20210115193454	-179.372
20210115193454	-179.372
20210115193454	-179.372
20210115193454	-179.81
20210115193455	-179.81
20210115193455	-180.246
20210115193455	-180.246
20210115193455	-180.246
20210115193455	-180.246
20210115193455	-180.681
20210115193455	-180.681
20210115193455	-180.681
20210115193455	-181.113
20210115193455	-181.113
20210115193455	-181.113
20210115193455	-181.544
20210115193455	-181.544
20210115193455	-181.544
20210115193455	-181.544
20210115193455	-182.081
20210115193455	-182.081
20210115193455	-182.081
20210115193455	-182.081
20210115193455	-182.509
20210115193455	-182.509
20210115193455	-182.936
20210115193455	-182.936
20210115193455	-182.936
20210115193455	-182.936
20210115193455	-183.361
20210115193455	-183.361
20210115193455	-183.361
20210115193455	-183.779
20210115193456	-183.779
20210115193456	-183.779
20210115193456	-184.196
20210115193456	-184.196
20210115193456	-184.196
20210115193456	-184.196
20210115193456	-184.716
20210115193456	-184.716
20210115193456	-184.716
20210115193456	-184.716
20210115193456	-185.132
20210115193456	-185.132
20210115193456	-185.547
20210115193456	-185.547
20210115193456	-185.547
20210115193456	-185.547
20210115193456	-185.962
20210115193456	-185.962
20210115193456	-185.962
20210115193456	-185.962
20210115193456	-186.371
20210115193456	-186.371
20210115193456	-186.781
20210115193456	-186.781
20210115193456	-186.781
20210115193456	-186.781
20210115193456	-187.19
20210115193456	-187.19
20210115193456	-187.19
20210115193456	-187.19
20210115193456	-187.701
20210115193456	-187.701
20210115193456	-188.11
20210115193456	-188.11
20210115193456	-188.11
20210115193456	-188.11
20210115193456	-188.518
20210115193456	-188.518
20210115193456	-188.518
20210115193456	-188.518
20210115193456	-189.023
20210115193456	-189.023
20210115193456	-189.326
20210115193456	-189.326
20210115193456	-189.326
20210115193457	-189.326
20210115193457	-189.73
20210115193457	-189.73
20210115193457	-189.73
20210115193457	-189.73
20210115193457	-190.235
20210115193457	-190.235
20210115193457	-190.639
20210115193457	-190.639
20210115193457	-190.639
20210115193457	-190.639
20210115193457	-191.042
20210115193457	-191.042
20210115193457	-191.042
20210115193457	-191.442
20210115193457	-191.442
20210115193457	-191.442
20210115193457	-191.842
20210115193457	-191.842
20210115193457	-191.842
20210115193457	-191.842
20210115193457	-192.242
20210115193457	-192.242
20210115193457	-192.242
20210115193457	-192.242
20210115193457	-192.742
20210115193457	-192.742
20210115193457	-193.141
20210115193458	-193.141
20210115193458	-193.141
20210115193458	-193.141
20210115193458	-193.54
20210115193458	-193.54
20210115193458	-193.54
20210115193458	-194.037
20210115193458	-194.037
20210115193458	-194.037
20210115193458	-194.335
20210115193458	-194.335
20210115193458	-194.335
20210115193458	-194.335
20210115193458	-194.731
20210115193458	-194.731
20210115193458	-194.731
20210115193458	-194.731
20210115193458	-195.227
20210115193458	-195.227
20210115193458	-195.623
20210115193458	-195.623
20210115193458	-195.623
20210115193459	-195.623
20210115193459	-196.019
20210115193459	-196.019
20210115193459	-196.019
20210115193459	-196.019
20210115193459	-196.512
20210115193459	-196.512
20210115193459	-196.906
20210115193459	-196.906
20210115193459	-196.906
20210115193459	-196.906
20210115193459	-197.201
20210115193459	-197.201
20210115193459	-197.201
20210115193459	-197.201
20210115193459	-197.693
20210115193459	-197.693
20210115193459	-198.085
20210115193459	-198.085
20210115193459	-198.085
20210115193459	-198.085
20210115193459	-198.478
20210115193459	-198.478
20210115193459	-198.478
20210115193459	-198.869
20210115193459	-198.869
20210115193459	-198.869
20210115193459	-199.259
20210115193459	-199.259
20210115193459	-199.259
20210115193500	-199.259
20210115193500	-199.65
20210115193500	-199.65
20210115193500	-199.65
20210115193500	-200.137
20210115193500	-200.137
20210115193500	-200.137
20210115193500	-200.526
20210115193500	-200.526
20210115193500	-200.526
20210115193500	-200.526
20210115193500	-200.914
20210115193500	-200.914
20210115193500	-200.914
20210115193500	-200.914
20210115193500	-201.302
20210115193500	-201.302
20210115193500	-201.786
20210115193500	-201.786
20210115193500	-201.786
20210115193500	-201.786
20210115193500	-202.076
20210115193500	-202.076
20210115193500	-202.076
20210115193500	-202.559
20210115193500	-202.559
20210115193500	-202.559
20210115193500	-202.944
20210115193500	-202.944
20210115193500	-202.944
20210115193500	-202.944
20210115193500	-203.329
20210115193500	-203.329
20210115193500	-203.329
20210115193500	-203.329
20210115193500	-203.81
20210115193500	-203.81
20210115193500	-204.098
20210115193500	-204.098
20210115193500	-204.098
20210115193500	-204.098
20210115193500	-204.481
20210115193500	-204.481
20210115193501	-204.481
20210115193501	-204.959
20210115193501	-204.959
20210115193501	-204.959
20210115193501	-205.34
20210115193501	-205.34
20210115193501	-205.34
20210115193501	-205.34
20210115193501	-205.721
20210115193501	-205.721
20210115193501	-205.721
20210115193501	-205.721
20210115193501	-206.102
20210115193501	-206.102
20210115193501	-206.482
20210115193501	-206.482
20210115193501	-206.482
20210115193501	-206.482
20210115193501	-206.862
20210115193501	-206.862
20210115193501	-206.862
20210115193501	-206.862
20210115193501	-207.335
20210115193501	-207.335
20210115193501	-207.712
20210115193501	-207.712
20210115193501	-207.712
20210115193501	-207.712
20210115193501	-208.089
20210115193501	-208.089
20210115193501	-208.466
20210115193501	-208.466
20210115193501	-208.466
20210115193501	-208.466
20210115193501	-208.843
20210115193501	-208.843
20210115193501	-208.843
20210115193501	-208.843
20210115193501	-209.219
20210115193501	-209.219
20210115193501	-209.219
20210115193501	-209.688
20210115193501	-209.688
20210115193501	-209.688
20210115193501	-210.061
20210115193501	-210.061
20210115193501	-210.061
20210115193501	-210.061
20210115193501	-210.434
20210115193501	-210.434
20210115193501	-210.434
20210115193501	-210.434
20210115193501	-210.901
20210115193501	-210.901
20210115193501	-211.273
20210115193501	-211.273
20210115193501	-211.273
20210115193502	-211.273
20210115193502	-211.551
20210115193502	-211.551
20210115193502	-211.551
20210115193502	-212.014
20210115193502	-212.014
20210115193502	-212.014
20210115193502	-212.383
20210115193502	-212.383
20210115193502	-212.383
20210115193502	-212.383
20210115193502	-212.751
20210115193502	-212.751
20210115193502	-212.751
20210115193502	-212.751
20210115193502	-213.119
20210115193502	-213.119
20210115193502	-213.487
20210115193502	-213.487
20210115193502	-213.487
20210115193502	-213.487
20210115193502	-213.854
20210115193502	-213.854
20210115193502	-213.854
20210115193502	-214.311
20210115193502	-214.311
20210115193502	-214.311
20210115193502	-214.675
20210115193502	-214.675
20210115193502	-214.675
20210115193502	-214.675
20210115193502	-215.038
20210115193502	-215.038
20210115193502	-215.038
20210115193502	-215.403
20210115193502	-215.403
20210115193502	-215.403
20210115193502	-215.766
20210115193502	-215.766
20210115193502	-215.766
20210115193503	-215.766
20210115193503	-216.219
20210115193503	-216.219
20210115193503	-216.219
20210115193503	-216.58
20210115193503	-216.58
20210115193503	-216.58
20210115193503	-216.939
20210115193503	-216.939
20210115193503	-216.939
20210115193503	-216.939
20210115193503	-217.298
20210115193503	-217.298
20210115193503	-217.298
20210115193503	-217.747
20210115193503	-217.747
20210115193503	-217.747
20210115193503	-218.016
20210115193503	-218.016
20210115193503	-218.016
20210115193503	-218.016
20210115193503	-218.372
20210115193503	-218.372
20210115193503	-218.372
20210115193503	-218.817
20210115193503	-218.817
20210115193503	-218.817
20210115193503	-219.171
20210115193503	-219.171
20210115193503	-219.171
20210115193503	-219.171
20210115193503	-219.525
20210115193503	-219.525
20210115193503	-219.525
20210115193503	-219.879
20210115193503	-219.879
20210115193503	-219.879
20210115193503	-220.319
20210115193503	-220.319
20210115193503	-220.319
20210115193503	-220.319
20210115193503	-220.583
20210115193503	-220.583
20210115193503	-220.583
