20210104211656	2000
20210104211656	2000
20210104211656	2000
20210104211656	2000
20210104211656	2000
20210104211656	2000
20210104211656	2000
20210104211656	2000
20210104211656	2000
20210104211656	2000
20210104211656	2000
20210104211656	2000
20210104211657	2000
20210104211657	2000
20210104211657	2000
20210104211657	2000
20210104211657	2000
20210104211657	2000
20210104211657	2000
20210104211657	2000
20210104211657	2000
20210104211657	2000
20210104211657	2000
20210104211657	2000
20210104211657	2000
20210104211657	2000
20210104211657	2000
20210104211657	2000
20210104211657	2000
20210104211657	2000
20210104211657	2000
20210104211657	2000
20210104211657	2000
20210104211657	2000
20210104211657	2000
20210104211657	2000
20210104211657	2000
20210104211657	2000
20210104211657	2000
20210104211657	2000
20210104211657	2000
20210104211657	2000
20210104211657	2000
20210104211657	2000
20210104211657	2000
20210104211657	2000
20210104211657	2000
20210104211657	2000
20210104211657	2000
20210104211657	2000
20210104211657	2000
20210104211657	2000
20210104211657	2000
20210104211657	2000
20210104211657	2000
20210104211657	2000
20210104211657	2000
20210104211657	2000
20210104211657	2000
20210104211657	2000
20210104211657	2000
20210104211658	2000
20210104211658	2000
20210104211658	2000
20210104211658	2000
20210104211658	2000
20210104211658	2000
20210104211658	2000
20210104211658	2000
20210104211658	2000
20210104211658	2000
20210104211658	2000
20210104211658	2000
20210104211658	2000
20210104211658	2000
20210104211658	2000
20210104211658	2000
20210104211658	2000
20210104211658	2000
20210104211658	2000
20210104211658	2000
20210104211658	2000
20210104211658	2000
20210104211658	2000
20210104211658	2000
20210104211658	2000
20210104211658	2000
20210104211658	2000
20210104211658	2000
20210104211658	2000
20210104211658	2000
20210104211658	2000
20210104211658	2000
20210104211658	2000
20210104211658	2000
20210104211658	2000
20210104211658	2000
20210104211658	2000
20210104211658	2000
20210104211658	2000
20210104211658	2000
20210104211658	2000
20210104211658	2000
20210104211658	2000
20210104211658	2000
20210104211658	2000
20210104211658	2000
20210104211658	2000
20210104211658	2000
20210104211658	2000
20210104211658	2000
20210104211658	2000
20210104211658	2000
20210104211658	2000
20210104211658	2000
20210104211658	2000
20210104211659	2000
20210104211659	2000
20210104211659	2000
20210104211659	2000
20210104211659	2000
20210104211659	2000
20210104211659	2000
20210104211659	2000
20210104211659	2000
20210104211659	2000
20210104211659	2000
20210104211659	2000
20210104211659	2000
20210104211659	2000
20210104211659	2000
20210104211659	2000
20210104211659	2000
20210104211659	2000
20210104211659	2000
20210104211659	2000
20210104211659	2000
20210104211659	2000
20210104211659	2000
20210104211659	2000
20210104211659	2000
20210104211659	2000
20210104211659	2000
20210104211659	2000
20210104211659	2000
20210104211659	2000
20210104211659	2000
20210104211659	2000
20210104211659	2000
20210104211659	2000
20210104211659	2000
20210104211659	2000
20210104211659	2000
20210104211659	2000
20210104211659	2000
20210104211659	2000
20210104211659	2000
20210104211659	2000
20210104211659	2000
20210104211659	2000
20210104211659	2000
20210104211659	2000
20210104211659	2000
20210104211659	2000
20210104211659	2000
20210104211659	2000
20210104211659	2000
20210104211659	2000
20210104211700	2000
20210104211700	2000
20210104211700	2000
20210104211700	2000
20210104211700	2000
20210104211700	2000
20210104211700	2000
20210104211700	2000
20210104211700	2000
20210104211700	2000
20210104211700	2000
20210104211700	2000
20210104211700	2000
20210104211700	2000
20210104211700	2000
20210104211700	2000
20210104211700	2000
20210104211700	2000
20210104211700	2000
20210104211700	2000
20210104211700	2000
20210104211700	2000
20210104211700	2000
20210104211700	2000
20210104211700	2000
20210104211700	2000
20210104211700	2000
20210104211700	2000
20210104211700	2000
20210104211700	2000
20210104211700	2000
20210104211700	2000
20210104211700	2000
20210104211700	2000
20210104211700	2000
20210104211700	2000
20210104211700	2000
20210104211700	2000
20210104211700	2000
20210104211700	2000
20210104211700	2000
20210104211700	2000
20210104211700	2000
20210104211700	2000
20210104211700	2000
20210104211700	2000
20210104211700	2000
20210104211700	2000
20210104211700	2000
20210104211700	2000
20210104211701	2000
20210104211701	2000
20210104211701	2000
20210104211701	2000
20210104211701	2000
20210104211701	2000
20210104211701	2000
20210104211701	2000
20210104211701	2000
20210104211701	2000
20210104211701	2000
20210104211701	2000
20210104211701	2000
20210104211701	2000
20210104211701	2000
20210104211701	2000
20210104211701	2000
20210104211701	2000
20210104211701	2000
20210104211701	2000
20210104211701	2000
20210104211701	2000
20210104211701	2000
20210104211701	2000
20210104211701	2000
20210104211701	2000
20210104211701	2000
20210104211701	2000
20210104211701	2000
20210104211701	2000
20210104211701	2000
20210104211701	2000
20210104211701	2000
20210104211701	2000
20210104211701	2000
20210104211701	2000
20210104211701	2000
20210104211701	2000
20210104211701	2000
20210104211701	2000
20210104211701	2000
20210104211701	2000
20210104211701	2000
20210104211701	2000
20210104211702	2000
20210104211702	2000
20210104211702	2000
20210104211702	2000
20210104211702	2000
20210104211702	2000
20210104211702	2000
20210104211702	2000
20210104211702	2000
20210104211702	2000
20210104211702	2000
20210104211702	2000
20210104211702	2000
20210104211702	2000
20210104211702	2000
20210104211702	2000
20210104211702	2000
20210104211702	2000
20210104211702	2000
20210104211702	2000
20210104211702	2000
20210104211702	2000
20210104211702	2000
20210104211702	2000
20210104211702	2000
20210104211702	2000
20210104211702	2000
20210104211702	2000
20210104211702	2000
20210104211702	2000
20210104211702	2000
20210104211702	2000
20210104211702	2000
20210104211702	2000
20210104211702	2000
20210104211702	2000
20210104211702	2000
20210104211702	2000
20210104211702	2000
20210104211702	2000
20210104211702	2000
20210104211702	2000
20210104211702	2000
20210104211702	2000
20210104211702	2000
20210104211702	2000
20210104211702	2000
20210104211702	2000
20210104211702	2000
20210104211702	2000
20210104211702	2000
20210104211702	2000
20210104211703	2000
20210104211703	2000
20210104211703	2000
20210104211703	2000
20210104211703	2000
20210104211703	2000
20210104211703	2000
20210104211703	2000
20210104211703	2000
20210104211703	2000
20210104211703	2000
20210104211703	2000
20210104211703	2000
20210104211703	2000
20210104211703	2000
20210104211703	2000
20210104211703	2000
20210104211703	2000
20210104211703	2000
20210104211703	2000
20210104211703	2000
20210104211703	2000
20210104211703	2000
20210104211703	2000
20210104211703	2000
20210104211703	2000
20210104211703	2000
20210104211703	2000
20210104211703	2000
20210104211703	2000
20210104211703	2000
20210104211703	2000
20210104211703	2000
20210104211703	2000
20210104211703	2000
20210104211703	2000
20210104211703	2000
20210104211703	2000
20210104211703	2000
20210104211703	2000
20210104211703	2000
20210104211703	2000
20210104211703	2000
20210104211703	2000
20210104211703	2000
20210104211703	2000
20210104211703	2000
20210104211703	2000
20210104211703	2000
20210104211703	2000
20210104211703	2000
20210104211703	2000
20210104211704	2000
20210104211704	2000
20210104211704	2000
20210104211704	2000
20210104211704	2000
20210104211704	2000
20210104211704	2000
20210104211704	2000
20210104211704	2000
20210104211704	2000
20210104211704	2000
20210104211704	2000
20210104211704	2000
20210104211704	2000
20210104211704	2000
20210104211704	2000
20210104211704	2000
20210104211704	2000
20210104211704	2000
20210104211704	2000
20210104211704	2000
20210104211704	2000
20210104211704	2000
20210104211704	2000
20210104211704	2000
20210104211704	2000
20210104211704	2000
20210104211704	2000
20210104211704	2000
20210104211704	2000
20210104211704	2000
20210104211704	2000
20210104211704	2000
20210104211704	2000
20210104211704	2000
20210104211704	2000
20210104211704	2000
20210104211704	2000
20210104211704	2000
20210104211704	2000
20210104211704	2000
20210104211704	2000
20210104211704	2000
20210104211704	2000
20210104211704	2000
20210104211704	2000
20210104211705	2000
20210104211705	2000
20210104211705	2000
20210104211705	2000
20210104211705	2000
20210104211705	2000
20210104211705	2000
20210104211705	2000
20210104211705	2000
20210104211705	2000
20210104211705	2000
20210104211705	2000
20210104211705	2000
20210104211705	2000
20210104211705	2000
20210104211705	2000
20210104211705	2000
20210104211705	2000
20210104211705	2000
20210104211705	2000
20210104211705	2000
20210104211705	2000
20210104211705	2000
20210104211705	2000
20210104211705	2000
20210104211705	2000
20210104211705	2000
20210104211705	2000
20210104211705	2000
20210104211705	2000
20210104211705	2000
20210104211705	2000
20210104211705	2000
20210104211705	2000
20210104211705	2000
20210104211705	2000
20210104211705	2000
20210104211705	2000
20210104211705	2000
20210104211705	2000
20210104211705	2000
20210104211705	2000
20210104211705	2000
20210104211705	2000
20210104211705	2000
20210104211705	2000
20210104211705	2000
20210104211705	2000
20210104211705	2000
20210104211705	2000
20210104211705	2000
20210104211706	2000
20210104211706	2000
20210104211706	2000
20210104211706	2000
20210104211706	2000
20210104211706	2000
20210104211706	2000
20210104211706	2000
20210104211706	2000
20210104211706	2000
20210104211706	2000
20210104211706	2000
20210104211706	2000
20210104211706	2000
20210104211706	2000
20210104211706	2000
20210104211706	2000
20210104211706	2000
20210104211706	2000
20210104211706	2000
20210104211706	2000
20210104211706	2000
20210104211706	2000
20210104211706	2000
20210104211706	2000
20210104211706	2000
20210104211706	2000
20210104211706	2000
20210104211706	2000
20210104211706	2000
20210104211706	2000
20210104211706	2000
20210104211706	2000
20210104211706	2000
20210104211706	2000
20210104211706	2000
20210104211706	2000
20210104211706	2000
20210104211706	2000
20210104211706	2000
20210104211706	2000
20210104211706	2000
20210104211706	2000
20210104211706	2000
20210104211706	2000
20210104211706	2000
20210104211706	2000
20210104211706	2000
20210104211706	2000
20210104211706	2000
20210104211706	2000
20210104211706	2000
20210104211706	2000
20210104211706	2000
20210104211706	2000
20210104211706	2000
20210104211706	2000
20210104211706	2000
20210104211706	2000
20210104211707	2000
20210104211707	2000
20210104211707	2000
20210104211707	2000
20210104211707	2000
20210104211707	2000
20210104211707	2000
20210104211707	2000
20210104211707	2000
20210104211707	2000
20210104211707	2000
20210104211707	2000
20210104211707	2000
20210104211707	2000
20210104211707	2000
20210104211707	2000
20210104211707	2000
20210104211707	2000
20210104211707	2000
20210104211707	2000
20210104211707	2000
20210104211707	2000
20210104211707	2000
20210104211707	2000
20210104211707	2000
20210104211707	2000
20210104211707	2000
20210104211707	2000
20210104211707	2000
20210104211707	2000
20210104211707	2000
20210104211707	2000
20210104211707	2000
20210104211707	2000
20210104211707	2000
20210104211707	2000
20210104211707	2000
20210104211707	2000
20210104211707	2000
20210104211707	2000
20210104211707	2000
20210104211707	2000
20210104211707	2000
20210104211707	2000
20210104211707	2000
20210104211707	2000
20210104211707	2000
20210104211707	2000
20210104211707	2000
20210104211707	2000
20210104211707	2000
20210104211707	2000
20210104211707	2000
20210104211707	2000
20210104211707	2000
20210104211707	2000
20210104211707	2000
20210104211707	2000
20210104211707	2000
20210104211707	2000
20210104211707	2000
20210104211707	2000
20210104211708	2000
20210104211708	2000
20210104211708	2000
20210104211708	2000
20210104211708	2000
20210104211708	2000
20210104211708	2000
20210104211708	2000
20210104211708	2000
20210104211708	2000
20210104211708	2000
20210104211708	2000
20210104211708	2000
20210104211708	2000
20210104211708	2000
20210104211708	2000
20210104211708	2000
20210104211708	2000
20210104211708	2000
20210104211708	2000
20210104211708	2000
20210104211708	2000
20210104211708	2000
20210104211708	2000
20210104211708	2000
20210104211708	2000
20210104211708	2000
20210104211708	2000
20210104211708	2000
20210104211708	2000
20210104211708	2000
20210104211708	2000
20210104211708	2000
20210104211708	2000
20210104211708	2000
20210104211708	2000
20210104211708	2000
20210104211708	2000
20210104211708	2000
20210104211708	2000
20210104211708	2000
20210104211708	2000
20210104211708	2000
20210104211708	2000
20210104211708	2000
20210104211708	2000
20210104211708	2000
20210104211709	2000
20210104211709	2000
20210104211709	2000
20210104211709	2000
20210104211709	2000
20210104211709	2000
20210104211709	2000
20210104211709	2000
20210104211709	2000
20210104211709	2000
20210104211709	2000
20210104211709	2000
20210104211709	2000
20210104211709	2000
20210104211709	2000
20210104211709	2000
20210104211709	2000
20210104211709	2000
20210104211709	2000
20210104211709	2000
20210104211709	2000
20210104211709	2000
20210104211709	2000
20210104211709	2000
20210104211709	2000
20210104211709	2000
20210104211709	2000
20210104211709	2000
20210104211709	2000
20210104211709	2000
20210104211709	2000
20210104211709	2000
20210104211709	2000
20210104211709	2000
20210104211709	2000
20210104211709	2000
20210104211709	2000
20210104211709	2000
20210104211709	2000
20210104211709	2000
20210104211709	2000
20210104211709	2000
20210104211709	2000
20210104211709	2000
20210104211709	2000
20210104211709	2000
20210104211709	2000
20210104211709	2000
20210104211709	2000
20210104211710	2000
20210104211710	2000
20210104211710	2000
20210104211710	2000
20210104211710	2000
20210104211710	2000
20210104211710	2000
20210104211710	2000
20210104211710	2000
20210104211710	2000
20210104211710	2000
20210104211710	2000
20210104211710	2000
20210104211710	2000
20210104211710	2000
20210104211710	2000
20210104211710	2000
20210104211710	2000
20210104211710	2000
20210104211710	2000
20210104211710	2000
20210104211710	2000
20210104211710	2000
20210104211710	2000
20210104211710	2000
20210104211710	2000
20210104211710	2000
20210104211710	2000
20210104211710	2000
20210104211710	2000
20210104211710	2000
20210104211710	2000
20210104211710	2000
20210104211710	2000
20210104211710	2000
20210104211710	2000
20210104211710	2000
20210104211710	2000
20210104211710	2000
20210104211710	2000
20210104211710	2000
20210104211710	2000
20210104211710	2000
20210104211710	2000
20210104211710	2000
20210104211710	2000
20210104211710	2000
20210104211710	2000
20210104211710	2000
20210104211710	2000
20210104211710	2000
20210104211710	2000
20210104211710	2000
20210104211710	2000
20210104211710	2000
20210104211710	2000
20210104211710	2000
20210104211710	2000
20210104211710	2000
20210104211710	2000
20210104211711	2000
20210104211711	2000
20210104211711	2000
20210104211711	2000
20210104211711	2000
20210104211711	2000
20210104211711	2000
20210104211711	2000
20210104211711	2000
20210104211711	2000
20210104211711	2000
20210104211711	2000
20210104211711	1996.79
20210104211711	1982.58
20210104211711	1982.58
20210104211711	1982.59
20210104211711	1982.59
20210104211711	1982.69
20210104211711	1982.69
20210104211711	1982.62
20210104211711	1982.62
20210104211711	1934.89
20210104211711	1934.89
20210104211711	1924.86
20210104211711	1924.86
20210104211711	1924.87
20210104211711	1924.87
20210104211711	1924.52
20210104211711	1924.52
20210104211711	1924.53
20210104211711	1924.03
20210104211711	1924.03
20210104211711	1876.29
20210104211711	1867.91
20210104211711	1867.91
20210104211711	1867.92
20210104211711	1867.92
20210104211711	1866.92
20210104211711	1866.92
20210104211711	1866.93
20210104211711	1865.98
20210104211712	1865.98
20210104211712	1833.08
20210104211712	1829.55
20210104211712	1829.55
20210104211712	1829.54
20210104211712	1829.54
20210104211712	1828.35
20210104211712	1828.35
20210104211712	1828.34
20210104211712	1827.03
20210104211712	1779.29
20210104211712	1779.28
20210104211712	1786.38
20210104211712	1786.37
20210104211712	1786.36
20210104211712	1784.44
20210104211712	1784.43
20210104211712	1784.43
20210104211712	1784.43
20210104211712	1782.77
20210104211712	1782.76
20210104211712	1750.93
20210104211712	1749.21
20210104211712	1749.21
20210104211712	1749.2
20210104211712	1749.2
20210104211712	1747.35
20210104211712	1747.35
20210104211712	1747.35
20210104211712	1744.92
20210104211712	1744.91
20210104211712	1713.08
20210104211712	1717.26
20210104211712	1715.74
20210104211712	1715.74
20210104211713	1715.74
20210104211713	1713.1
20210104211713	1713.1
20210104211713	1710.9
20210104211713	1710.9
20210104211713	1710.9
20210104211713	1679.06
20210104211713	1689.5
20210104211713	1689.5
20210104211713	1689.5
20210104211713	1689.49
20210104211713	1687.14
20210104211713	1687.14
20210104211713	1687.14
20210104211713	1684.72
20210104211713	1668.8
20210104211713	1668.8
20210104211713	1668.41
20210104211713	1668.41
20210104211713	1668.41
20210104211713	1665.82
20210104211713	1665.82
20210104211713	1665.82
20210104211713	1665.81
20210104211713	1663.16
20210104211713	1663.16
20210104211713	1631.33
20210104211713	1635.71
20210104211713	1635.71
20210104211713	1635.71
20210104211713	1632.94
20210104211713	1632.94
20210104211713	1632.94
20210104211713	1632.94
20210104211714	1629.39
20210104211714	1629.39
20210104211714	1613.47
20210104211714	1614.42
20210104211714	1614.42
20210104211714	1614.42
20210104211714	1610.73
20210104211714	1610.73
20210104211714	1610.73
20210104211714	1610.73
20210104211714	1607.71
20210104211714	1591.8
20210104211714	1594.56
20210104211714	1594.56
20210104211714	1594.56
20210104211714	1594.56
20210104211714	1594.56
20210104211714	1591.44
20210104211714	1591.44
20210104211714	1591.44
20210104211714	1588.28
20210104211714	1572.36
20210104211714	1572.36
20210104211714	1564.81
20210104211714	1564.81
20210104211714	1564.81
20210104211714	1564.81
20210104211714	1560.72
20210104211714	1560.72
20210104211714	1560.72
20210104211714	1557.39
20210104211714	1557.39
20210104211714	1525.56
20210104211714	1523.99
20210104211714	1523.99
20210104211714	1523.99
20210104211714	1520.57
20210104211714	1520.57
20210104211714	1520.57
20210104211714	1520.57
20210104211714	1517.1
20210104211714	1501.18
20210104211714	1488.59
20210104211714	1488.59
20210104211715	1488.59
20210104211715	1488.59
20210104211715	1488.59
20210104211715	1485.02
20210104211715	1485.02
20210104211715	1485.02
20210104211715	1481.41
20210104211715	1481.41
20210104211715	1465.49
20210104211715	1468.3
20210104211715	1468.3
20210104211715	1468.3
20210104211715	1468.3
20210104211715	1464.62
20210104211715	1464.62
20210104211715	1464.62
20210104211715	1460.9
20210104211715	1460.9
20210104211715	1460.9
20210104211715	1447.46
20210104211715	1447.46
20210104211715	1447.46
20210104211715	1442.74
20210104211715	1442.74
20210104211715	1442.74
20210104211715	1442.74
20210104211715	1438.93
20210104211715	1438.93
20210104211715	1435.12
20210104211715	1437.08
20210104211715	1437.08
20210104211715	1437.08
20210104211715	1437.08
20210104211715	1433.26
20210104211715	1433.26
20210104211715	1433.26
20210104211715	1429.45
20210104211715	1429.45
20210104211715	1429.45
20210104211715	1420.33
20210104211715	1420.33
20210104211715	1420.33
20210104211715	1415.59
20210104211715	1415.59
20210104211715	1415.59
20210104211715	1411.83
20210104211715	1411.83
20210104211715	1427.74
20210104211715	1426.31
20210104211715	1426.32
20210104211715	1426.32
20210104211715	1426.32
20210104211715	1422.61
20210104211715	1422.61
20210104211716	1422.61
20210104211716	1422.61
20210104211716	1418.94
20210104211716	1418.94
20210104211716	1434.85
20210104211716	1432.91
20210104211716	1432.91
20210104211716	1432.91
20210104211716	1432.91
20210104211716	1428.43
20210104211716	1428.44
20210104211716	1428.44
20210104211716	1424.91
20210104211716	1424.91
20210104211716	1440.83
20210104211716	1438.79
20210104211716	1438.79
20210104211716	1438.79
20210104211716	1435.38
20210104211716	1435.38
20210104211716	1435.38
20210104211716	1435.38
20210104211716	1432.03
20210104211716	1463.87
20210104211716	1463.87
20210104211716	1470.92
20210104211716	1470.92
20210104211716	1470.92
20210104211716	1470.92
20210104211716	1466.9
20210104211716	1466.9
20210104211716	1466.9
20210104211716	1466.9
20210104211716	1463.75
20210104211716	1476.59
20210104211716	1475.12
20210104211716	1475.12
20210104211716	1475.12
20210104211716	1472.11
20210104211716	1472.11
20210104211716	1472.11
20210104211716	1469.17
20210104211716	1469.17
20210104211716	1501
20210104211716	1501
20210104211716	1510.88
20210104211716	1510.88
20210104211716	1510.88
20210104211717	1510.88
20210104211717	1507.37
20210104211717	1507.37
20210104211717	1504.62
20210104211717	1504.62
20210104211717	1520.54
20210104211717	1520.54
20210104211717	1524.09
20210104211717	1524.1
20210104211717	1524.1
20210104211717	1521.45
20210104211717	1521.45
20210104211717	1521.45
20210104211717	1521.45
20210104211717	1518.86
20210104211717	1518.86
20210104211717	1518.86
20210104211717	1518.86
20210104211717	1527.26
20210104211717	1527.27
20210104211717	1527.27
20210104211717	1524.14
20210104211717	1524.14
20210104211717	1524.14
20210104211717	1521.66
20210104211717	1521.66
20210104211717	1537.58
20210104211717	1538.81
20210104211717	1538.81
20210104211717	1538.81
20210104211717	1538.81
20210104211717	1536.4
20210104211718	1536.4
20210104211718	1536.4
20210104211718	1534.01
20210104211718	1534.01
20210104211718	1534.01
20210104211718	1538.95
20210104211718	1538.95
20210104211718	1538.95
20210104211718	1538.95
20210104211718	1536.6
20210104211718	1536.6
20210104211718	1536.6
20210104211718	1534.25
20210104211718	1550.17
20210104211718	1550.17
20210104211718	1550.29
20210104211718	1550.29
20210104211718	1550.29
20210104211718	1547.97
20210104211718	1547.97
20210104211718	1547.97
20210104211718	1545.65
20210104211718	1545.65
20210104211718	1545.65
20210104211718	1545.65
20210104211718	1546.43
20210104211718	1546.43
20210104211718	1546.43
20210104211718	1546.43
20210104211718	1544.11
20210104211718	1544.11
20210104211718	1541.77
20210104211718	1541.77
20210104211718	1541.77
20210104211718	1555.33
20210104211718	1543.51
20210104211718	1543.51
20210104211718	1543.5
20210104211718	1541.14
20210104211719	1541.14
20210104211719	1541.14
20210104211719	1541.14
20210104211719	1538.16
20210104211719	1538.16
20210104211719	1538.16
20210104211719	1516.03
20210104211719	1516.03
20210104211719	1516.02
20210104211719	1516.02
20210104211719	1513.61
20210104211719	1513.61
20210104211719	1513.61
20210104211719	1511.16
20210104211719	1511.16
20210104211719	1511.16
20210104211719	1491.52
20210104211719	1491.52
20210104211719	1491.52
20210104211719	1489.03
20210104211719	1489.03
20210104211719	1489.03
20210104211719	1489.03
20210104211719	1486.51
20210104211719	1486.51
20210104211719	1470.6
20210104211719	1443.56
20210104211719	1443.56
20210104211719	1443.56
20210104211719	1440.37
20210104211719	1440.37
20210104211719	1440.37
20210104211719	1440.37
20210104211719	1437.79
20210104211719	1437.79
20210104211719	1437.79
20210104211719	1424.83
20210104211719	1424.83
20210104211719	1424.83
20210104211719	1424.83
20210104211719	1422.22
20210104211719	1422.22
20210104211719	1422.22
20210104211720	1419.6
20210104211720	1419.6
20210104211720	1419.6
20210104211720	1408.79
20210104211720	1408.79
20210104211720	1408.79
20210104211720	1408.79
20210104211720	1405.52
20210104211720	1405.52
20210104211720	1405.52
20210104211720	1402.92
20210104211720	1402.92
20210104211720	1402.92
20210104211720	1401.43
20210104211720	1401.43
20210104211720	1401.43
20210104211720	1398.86
20210104211720	1398.86
20210104211720	1398.86
20210104211720	1398.86
20210104211720	1396.33
20210104211720	1396.33
20210104211720	1393.83
20210104211720	1397.77
20210104211720	1397.77
20210104211720	1397.76
20210104211720	1397.76
20210104211720	1394.7
20210104211720	1394.7
20210104211720	1394.7
20210104211720	1392.3
20210104211720	1392.29
20210104211720	1392.29
20210104211720	1397.03
20210104211720	1397.03
20210104211720	1397.03
20210104211720	1397.03
20210104211720	1394.71
20210104211720	1394.71
20210104211720	1391.9
20210104211720	1391.9
20210104211720	1391.9
20210104211720	1423.73
20210104211720	1426.39
20210104211720	1426.39
20210104211720	1426.39
20210104211720	1424.26
20210104211720	1424.26
20210104211721	1424.26
20210104211721	1424.26
20210104211721	1422.19
20210104211721	1438.11
20210104211721	1438.11
20210104211721	1448.52
20210104211721	1448.52
20210104211721	1448.52
20210104211721	1448.52
20210104211721	1446.58
20210104211721	1446.58
20210104211721	1446.58
20210104211721	1444.7
20210104211721	1444.7
20210104211721	1476.54
20210104211721	1476.54
20210104211721	1487.94
20210104211721	1487.94
20210104211721	1485.79
20210104211721	1485.79
20210104211721	1485.79
20210104211721	1485.79
20210104211721	1484.15
20210104211721	1515.98
20210104211721	1509.27
20210104211721	1509.27
20210104211721	1509.27
20210104211721	1509.27
20210104211721	1507.76
20210104211721	1507.76
20210104211721	1507.76
20210104211721	1507.76
20210104211721	1506.32
20210104211721	1538.15
20210104211721	1538.15
20210104211721	1528.3
20210104211721	1528.3
20210104211721	1528.31
20210104211721	1528.31
20210104211721	1526.68
20210104211722	1526.68
20210104211722	1525.45
20210104211722	1525.45
20210104211722	1525.45
20210104211722	1557.28
20210104211722	1559.75
20210104211722	1559.75
20210104211722	1559.75
20210104211722	1559.75
20210104211722	1558.32
20210104211722	1558.32
20210104211722	1558.32
20210104211722	1557.5
20210104211722	1557.5
20210104211722	1557.5
20210104211722	1554.51
20210104211722	1554.51
20210104211722	1554.51
20210104211722	1553.22
20210104211722	1553.22
20210104211722	1553.22
20210104211722	1553.22
20210104211722	1552.22
20210104211722	1552.21
20210104211722	1552.21
20210104211722	1547.93
20210104211722	1547.93
20210104211722	1547.92
20210104211722	1547.92
20210104211722	1546.94
20210104211722	1546.94
20210104211722	1546.94
20210104211722	1545.71
20210104211722	1545.71
20210104211722	1545.71
20210104211722	1554.21
20210104211722	1554.21
20210104211722	1554.21
20210104211722	1554.21
20210104211722	1552.99
20210104211722	1552.99
20210104211722	1552.98
20210104211722	1552
20210104211722	1552
20210104211722	1536.08
20210104211722	1529.15
20210104211722	1529.15
20210104211722	1529.15
20210104211722	1529.15
20210104211722	1528.13
20210104211723	1528.13
20210104211723	1528.13
20210104211723	1527.1
20210104211723	1527.1
20210104211723	1536.88
20210104211723	1536.88
20210104211723	1536.88
20210104211723	1536.88
20210104211723	1536.88
20210104211723	1535.55
20210104211723	1535.55
20210104211723	1535.55
20210104211723	1534.47
20210104211723	1534.47
20210104211723	1518.55
20210104211723	1522.44
20210104211723	1522.44
20210104211723	1522.44
20210104211723	1521.32
20210104211723	1521.32
20210104211723	1521.32
20210104211723	1521.32
20210104211723	1520.17
20210104211723	1520.17
20210104211723	1520.17
20210104211723	1527.24
20210104211723	1527.24
20210104211723	1527.24
20210104211723	1527.24
20210104211723	1525.77
20210104211723	1525.77
20210104211723	1525.77
20210104211723	1524.57
20210104211723	1524.57
20210104211723	1524.57
20210104211723	1525.66
20210104211723	1525.66
20210104211723	1525.66
20210104211723	1525.66
20210104211723	1524.41
20210104211723	1524.41
20210104211723	1524.41
20210104211724	1523.15
20210104211724	1523.15
20210104211724	1523.15
20210104211724	1506.63
20210104211724	1506.63
20210104211724	1506.64
20210104211724	1505.01
20210104211724	1505.01
20210104211724	1505.01
20210104211724	1505.02
20210104211724	1503.7
20210104211724	1503.7
20210104211724	1503.7
20210104211724	1482.73
20210104211724	1482.73
20210104211724	1482.73
20210104211724	1481.38
20210104211724	1481.38
20210104211724	1481.38
20210104211724	1481.39
20210104211724	1480.02
20210104211724	1480.03
20210104211724	1478.65
20210104211724	1469.56
20210104211724	1469.56
20210104211724	1469.57
20210104211724	1469.57
20210104211724	1467.84
20210104211724	1467.84
20210104211724	1467.84
20210104211724	1466.44
20210104211724	1466.44
20210104211724	1450.53
20210104211724	1444.7
20210104211724	1444.7
20210104211724	1444.7
20210104211724	1443.29
20210104211724	1443.29
20210104211724	1443.29
20210104211724	1441.52
20210104211724	1441.52
20210104211724	1441.52
20210104211724	1441.52
20210104211724	1440.09
20210104211724	1440.09
20210104211724	1440.09
20210104211724	1438.7
20210104211724	1438.69
20210104211724	1438.69
20210104211724	1438.68
20210104211724	1437.31
20210104211725	1437.3
20210104211725	1437.3
20210104211725	1442.69
20210104211725	1442.69
20210104211725	1442.68
20210104211725	1442.68
20210104211725	1441
20210104211725	1441
20210104211725	1441
20210104211725	1440.01
20210104211725	1440.01
20210104211725	1440.01
20210104211725	1447.36
20210104211725	1447.36
20210104211725	1447.36
20210104211725	1447.36
20210104211725	1445.78
20210104211725	1445.78
20210104211725	1445.78
20210104211725	1444.55
20210104211725	1444.55
20210104211725	1460.46
20210104211725	1469.36
20210104211725	1469.36
20210104211725	1469.36
20210104211725	1468.2
20210104211725	1468.2
20210104211725	1468.2
20210104211725	1468.2
20210104211725	1467.07
20210104211725	1467.07
20210104211725	1465.99
20210104211725	1467.41
20210104211725	1467.41
20210104211725	1467.41
20210104211725	1467.41
20210104211725	1466.11
20210104211725	1466.11
20210104211725	1466.11
20210104211725	1465.11
20210104211725	1496.94
20210104211725	1495.99
20210104211725	1512.36
20210104211725	1512.36
20210104211725	1512.36
20210104211725	1512.36
20210104211725	1511.44
20210104211725	1511.44
20210104211725	1511.44
20210104211725	1511.44
20210104211725	1510.55
20210104211726	1526.47
20210104211726	1532.74
20210104211726	1532.74
20210104211726	1532.74
20210104211726	1531.74
20210104211726	1531.74
20210104211726	1531.74
20210104211726	1531.74
20210104211726	1530.98
20210104211726	1530.98
20210104211726	1530.98
20210104211726	1534.72
20210104211726	1534.72
20210104211726	1534.72
20210104211726	1534.01
20210104211726	1534.01
20210104211726	1534.01
20210104211726	1534.01
20210104211726	1533.34
20210104211726	1533.34
20210104211726	1549.25
20210104211726	1558.63
20210104211726	1558.63
20210104211726	1558.63
20210104211726	1558.63
20210104211726	1557.84
20210104211726	1557.84
20210104211726	1557.85
20210104211726	1557.23
20210104211726	1557.24
20210104211726	1557.24
20210104211726	1563.52
20210104211726	1563.52
20210104211726	1563.52
20210104211726	1563.52
20210104211726	1562.93
20210104211726	1562.93
20210104211726	1562.35
20210104211726	1562.35
20210104211726	1562.35
20210104211726	1562.35
20210104211726	1568
20210104211726	1568
20210104211726	1568
20210104211726	1567.28
20210104211726	1567.28
20210104211727	1567.28
20210104211727	1567.28
20210104211727	1566.69
20210104211727	1566.69
20210104211727	1566.69
20210104211727	1570.74
20210104211727	1570.74
20210104211727	1570.74
20210104211727	1570.74
20210104211727	1570.13
20210104211727	1570.13
20210104211727	1569.51
20210104211727	1569.51
20210104211727	1569.51
20210104211727	1569.51
20210104211727	1560.05
20210104211727	1560.05
20210104211727	1560.05
20210104211727	1559.22
20210104211727	1559.22
20210104211727	1559.22
20210104211727	1559.22
20210104211727	1558.53
20210104211727	1558.53
20210104211727	1542.61
20210104211727	1530.57
20210104211727	1530.57
20210104211727	1530.57
20210104211727	1530.57
20210104211727	1529.62
20210104211727	1529.62
20210104211727	1529.62
20210104211727	1529.03
20210104211727	1529.02
20210104211727	1529.02
20210104211727	1503.51
20210104211727	1503.51
20210104211727	1503.52
20210104211727	1503.52
20210104211727	1502.44
20210104211727	1502.44
20210104211727	1502.44
20210104211728	1501.53
20210104211728	1485.62
20210104211728	1485.62
20210104211728	1462.31
20210104211728	1462.31
20210104211728	1462.32
20210104211728	1462.32
20210104211728	1461.34
20210104211728	1461.34
20210104211728	1461.36
20210104211728	1460.32
20210104211728	1444.42
20210104211728	1443.34
20210104211728	1428.18
20210104211728	1428.18
20210104211728	1428.21
20210104211728	1426.81
20210104211728	1426.84
20210104211728	1426.84
20210104211728	1425.71
20210104211728	1425.71
20210104211728	1425.73
20210104211728	1424.56
20210104211728	1417.47
20210104211728	1417.49
20210104211728	1417.51
20210104211728	1417.51
20210104211728	1416.33
20210104211728	1416.33
20210104211728	1416.35
20210104211728	1415.14
20210104211728	1415.15
20210104211728	1399.24
20210104211728	1397.04
20210104211728	1397.05
20210104211728	1397.05
20210104211728	1395.56
20210104211728	1419.96
20210104211728	1419.96
20210104211728	1419.96
20210104211728	1418.42
20210104211728	1418.41
20210104211728	1418.41
20210104211728	1421.75
20210104211728	1421.75
20210104211728	1421.74
20210104211728	1420.25
20210104211728	1420.25
20210104211728	1420.25
20210104211728	1420.24
20210104211728	1418.78
20210104211728	1434.69
20210104211729	1434.69
20210104211729	1444.98
20210104211729	1444.98
20210104211729	1444.97
20210104211729	1443.24
20210104211729	1443.23
20210104211729	1443.23
20210104211729	1443.23
20210104211729	1441.89
20210104211729	1441.89
20210104211729	1441.88
20210104211729	1450.38
20210104211729	1450.38
20210104211729	1450.37
20210104211729	1449.12
20210104211729	1449.11
20210104211729	1449.11
20210104211729	1447.89
20210104211729	1447.89
20210104211729	1479.72
20210104211729	1486.86
20210104211729	1486.86
20210104211729	1486.86
20210104211729	1486.85
20210104211729	1485.46
20210104211729	1485.46
20210104211729	1485.45
20210104211729	1485.45
20210104211729	1484.39
20210104211729	1484.38
20210104211729	1500.3
20210104211729	1510.6
20210104211729	1510.6
20210104211729	1510.6
20210104211729	1509.63
20210104211729	1509.63
20210104211729	1509.63
20210104211729	1509.63
20210104211729	1508.7
20210104211729	1508.7
20210104211729	1524.62
20210104211729	1536.87
20210104211730	1536.87
20210104211730	1536.87
20210104211730	1536.87
20210104211730	1535.82
20210104211730	1535.82
20210104211730	1535.02
20210104211730	1535.02
20210104211730	1535.03
20210104211730	1535.03
20210104211730	1540.83
20210104211730	1540.83
20210104211730	1540.83
20210104211730	1540.83
20210104211730	1540.09
20210104211730	1540.09
20210104211730	1540.09
20210104211730	1539.37
20210104211730	1555.29
20210104211730	1566.08
20210104211730	1566.09
20210104211730	1566.09
20210104211730	1566.09
20210104211730	1566.09
20210104211730	1565.24
20210104211730	1565.24
20210104211730	1565.24
20210104211730	1564.57
20210104211730	1564.57
20210104211730	1564.57
20210104211730	1564.57
20210104211730	1569.16
20210104211730	1569.16
20210104211730	1568.5
20210104211730	1568.5
20210104211730	1568.5
20210104211730	1568.51
20210104211730	1567.68
20210104211730	1567.69
20210104211730	1567.69
20210104211730	1572.18
20210104211730	1572.18
20210104211730	1572.18
20210104211730	1571.35
20210104211730	1571.35
20210104211731	1571.35
20210104211731	1570.68
20210104211731	1570.68
20210104211731	1570.68
20210104211731	1570.68
20210104211731	1570.04
20210104211731	1570.04
20210104211731	1570.04
20210104211731	1569.34
20210104211731	1569.34
20210104211731	1569.34
20210104211731	1568.61
20210104211731	1568.61
20210104211731	1552.7
20210104211731	1552.7
20210104211731	1544.99
20210104211731	1544.99
20210104211731	1544.99
20210104211731	1544.2
20210104211731	1544.2
20210104211731	1544.2
20210104211731	1544.19
20210104211731	1543.38
20210104211731	1543.38
20210104211731	1543.38
20210104211731	1521.33
20210104211731	1521.33
20210104211731	1521.33
20210104211731	1520.44
20210104211731	1520.44
20210104211731	1520.44
20210104211731	1520.44
20210104211731	1519.51
20210104211731	1519.51
20210104211731	1503.59
20210104211731	1482.33
20210104211731	1482.33
20210104211731	1482.33
20210104211731	1482.33
20210104211731	1481.06
20210104211731	1481.06
20210104211731	1481.06
20210104211731	1479.99
20210104211731	1464.08
20210104211731	1462.97
20210104211731	1436.87
20210104211731	1436.87
20210104211731	1436.88
20210104211731	1435.43
20210104211731	1435.45
20210104211731	1435.45
20210104211731	1435.47
20210104211732	1434.57
20210104211732	1434.57
20210104211732	1433.36
20210104211732	1423.65
20210104211732	1423.65
20210104211732	1423.68
20210104211732	1422.09
20210104211732	1422.12
20210104211732	1422.12
20210104211732	1422.12
20210104211732	1420.86
20210104211732	1420.89
20210104211732	1404.98
20210104211732	1397.72
20210104211732	1397.76
20210104211732	1397.76
20210104211732	1397.81
20210104211732	1396.52
20210104211732	1396.52
20210104211732	1396.56
20210104211732	1395.23
20210104211732	1395.27
20210104211732	1393.77
20210104211732	1393.77
20210104211732	1393.81
20210104211732	1393.81
20210104211732	1392.52
20210104211732	1392.56
20210104211732	1392.56
20210104211732	1392.6
20210104211732	1391.3
20210104211732	1391.34
20210104211732	1407.25
20210104211732	1409.2
20210104211732	1409.2
20210104211732	1409.2
20210104211732	1408
20210104211732	1408.03
20210104211732	1408.03
20210104211732	1408.05
20210104211732	1406.86
20210104211732	1422.81
20210104211732	1422.86
20210104211732	1422.88
20210104211732	1422.88
20210104211732	1422.9
20210104211732	1422.9
20210104211733	1421.57
20210104211733	1421.57
20210104211733	1421.57
20210104211733	1420.57
20210104211733	1436.49
20210104211733	1435.56
20210104211733	1433.47
20210104211733	1433.47
20210104211733	1433.49
20210104211733	1433.49
20210104211733	1432.62
20210104211733	1432.62
20210104211733	1432.62
20210104211733	1431.62
20210104211733	1431.63
20210104211733	1447.55
20210104211733	1447.26
20210104211733	1447.26
20210104211733	1447.27
20210104211733	1447.27
20210104211733	1446.43
20210104211733	1446.43
20210104211733	1446.43
20210104211733	1445.82
20210104211733	1477.65
20210104211733	1477.65
20210104211733	1483.62
20210104211733	1483.62
20210104211733	1483.62
20210104211733	1483.13
20210104211733	1483.12
20210104211733	1483.12
20210104211733	1483.12
20210104211733	1482.69
20210104211733	1482.68
20210104211733	1482.68
20210104211733	1494.9
20210104211733	1494.9
20210104211733	1494.89
20210104211733	1494.89
20210104211733	1494.49
20210104211733	1494.47
20210104211733	1494.46
20210104211733	1494.2
20210104211733	1510.11
20210104211733	1510.09
20210104211733	1522.56
20210104211733	1522.56
20210104211733	1522.55
20210104211734	1522.37
20210104211734	1522.36
20210104211734	1522.36
20210104211734	1522.35
20210104211734	1522.21
20210104211734	1522.21
20210104211734	1538.12
20210104211734	1545.83
20210104211734	1545.83
20210104211734	1545.83
20210104211734	1545.72
20210104211734	1545.72
20210104211734	1545.72
20210104211734	1545.72
20210104211734	1545.66
20210104211734	1561.57
20210104211734	1561.57
20210104211734	1573.61
20210104211734	1573.61
20210104211734	1573.61
20210104211734	1573.62
20210104211734	1573.61
20210104211734	1573.61
20210104211734	1573.61
20210104211734	1573.61
20210104211734	1573.61
20210104211734	1573.62
20210104211734	1586.06
20210104211734	1586.06
20210104211734	1586.07
20210104211734	1586.08
20210104211734	1586.09
20210104211734	1586.09
20210104211734	1586.1
20210104211734	1586.12
20210104211734	1586.12
20210104211734	1586.12
20210104211734	1597.62
20210104211734	1597.64
20210104211734	1597.66
20210104211734	1597.67
20210104211734	1597.69
20210104211735	1597.69
20210104211735	1597.71
20210104211735	1597.71
20210104211735	1597.73
20210104211735	1597.73
20210104211735	1603.16
20210104211735	1603.17
20210104211735	1603.17
20210104211735	1603.16
20210104211735	1603.18
20210104211735	1603.18
20210104211735	1603.18
20210104211735	1603.16
20210104211735	1603.17
20210104211735	1609.61
20210104211735	1609.61
20210104211735	1609.63
20210104211735	1609.64
20210104211735	1609.58
20210104211735	1609.59
20210104211735	1609.59
20210104211735	1609.6
20210104211735	1609.52
20210104211735	1609.53
20210104211735	1593.61
20210104211735	1594.71
20210104211735	1594.71
20210104211735	1594.71
20210104211735	1594.71
20210104211735	1594.57
20210104211735	1594.57
20210104211735	1594.57
20210104211735	1594.43
20210104211735	1594.43
20210104211735	1578.52
20210104211735	1581.71
20210104211735	1581.71
20210104211735	1581.71
20210104211735	1581.52
20210104211735	1581.52
20210104211735	1581.52
20210104211735	1581.52
20210104211735	1581.3
20210104211735	1581.3
20210104211735	1581.3
20210104211735	1585.19
20210104211735	1585.19
20210104211735	1585.19
20210104211735	1584.81
20210104211736	1584.81
20210104211736	1584.81
20210104211736	1584.81
20210104211736	1584.47
20210104211736	1552.64
20210104211736	1552.64
20210104211736	1549.49
20210104211736	1549.49
20210104211736	1549.49
20210104211736	1549.49
20210104211736	1549.06
20210104211736	1549.06
20210104211736	1549.06
20210104211736	1548.58
20210104211736	1532.66
20210104211736	1521.18
20210104211736	1521.18
20210104211736	1521.18
20210104211736	1521.18
20210104211736	1520.44
20210104211736	1520.44
20210104211736	1520.44
20210104211736	1520.44
20210104211736	1519.78
20210104211736	1503.87
20210104211736	1503.86
20210104211736	1491.83
20210104211736	1491.83
20210104211736	1491.83
20210104211736	1491.83
20210104211736	1491.83
20210104211736	1491.07
20210104211736	1490.26
20210104211736	1490.26
20210104211736	1490.26
20210104211736	1489.19
20210104211736	1473.27
20210104211736	1452.72
20210104211736	1452.72
20210104211736	1451.8
20210104211736	1451.8
20210104211736	1451.8
20210104211736	1451.8
20210104211736	1450.84
20210104211736	1450.84
20210104211736	1450.84
20210104211736	1428.42
20210104211736	1428.42
20210104211736	1428.43
20210104211736	1427.4
20210104211736	1427.4
20210104211736	1427.4
20210104211736	1427.41
20210104211736	1426.07
20210104211736	1410.16
20210104211737	1393.36
20210104211737	1393.36
20210104211737	1393.38
20210104211737	1393.39
20210104211737	1392.01
20210104211737	1392.01
20210104211737	1392.03
20210104211737	1392.04
20210104211737	1390.92
20210104211737	1390.92
20210104211737	1389.81
20210104211737	1383.5
20210104211737	1383.52
20210104211737	1383.54
20210104211737	1382.43
20210104211737	1382.45
20210104211737	1382.45
20210104211737	1382.48
20210104211737	1381.1
20210104211737	1397.02
20210104211737	1396.24
20210104211737	1391.19
20210104211737	1391.19
20210104211737	1391.22
20210104211737	1391.22
20210104211737	1389.9
20210104211737	1389.94
20210104211737	1389.94
20210104211737	1388.96
20210104211737	1404.87
20210104211737	1404.91
20210104211737	1401.9
20210104211737	1401.93
20210104211737	1401.93
20210104211737	1401.08
20210104211737	1401.08
20210104211737	1401.08
20210104211737	1401.11
20210104211737	1400.26
20210104211737	1400.29
20210104211737	1432.12
20210104211737	1431.62
20210104211737	1431.62
20210104211737	1431.62
20210104211737	1431.64
20210104211737	1430.78
20210104211737	1430.78
20210104211737	1430.78
20210104211737	1430.17
20210104211737	1430.19
20210104211737	1446.11
20210104211737	1445.91
20210104211737	1445.94
20210104211737	1445.96
20210104211738	1445.96
20210104211738	1445.37
20210104211738	1445.4
20210104211738	1445.42
20210104211738	1445.03
20210104211738	1476.89
20210104211738	1477.5
20210104211738	1477.5
20210104211738	1477.52
20210104211738	1477.52
20210104211738	1477.24
20210104211738	1477.24
20210104211738	1477.27
20210104211738	1477.27
20210104211738	1477.13
20210104211738	1477.15
20210104211738	1508.98
20210104211738	1509.56
20210104211738	1509.56
20210104211738	1509.56
20210104211738	1509.58
20210104211738	1509.6
20210104211738	1509.6
20210104211738	1509.62
20210104211738	1509.67
20210104211738	1525.59
20210104211738	1526.35
20210104211738	1526.35
20210104211738	1526.38
20210104211738	1526.41
20210104211738	1526.59
20210104211738	1526.59
20210104211738	1526.65
20210104211738	1526.65
20210104211738	1526.88
20210104211738	1526.88
20210104211738	1526.92
20210104211738	1527.29
20210104211738	1527.31
20210104211738	1527.31
20210104211738	1527.35
20210104211738	1527.68
20210104211738	1527.68
20210104211738	1527.7
20210104211738	1528.04
20210104211738	1528.06
20210104211739	1544.34
20210104211739	1547.17
20210104211739	1547.17
20210104211739	1547.18
20210104211739	1547.18
20210104211739	1547.66
20210104211739	1547.67
20210104211739	1547.67
20210104211739	1548.06
20210104211739	1548.06
20210104211739	1548.06
20210104211739	1555.96
20210104211739	1555.96
20210104211739	1555.95
20210104211739	1556.35
20210104211739	1556.34
20210104211739	1556.34
20210104211739	1556.34
20210104211739	1556.72
20210104211739	1556.7
20210104211739	1540.78
20210104211739	1554.78
20210104211739	1554.78
20210104211739	1554.77
20210104211739	1555.15
20210104211739	1555.14
20210104211739	1555.14
20210104211739	1555.12
20210104211739	1555.48
20210104211739	1555.48
20210104211739	1555.8
20210104211739	1570.76
20210104211739	1570.76
20210104211739	1570.75
20210104211739	1571.08
20210104211739	1571.08
20210104211739	1571.08
20210104211739	1571.07
20210104211739	1571.38
20210104211739	1571.38
20210104211740	1571.38
20210104211740	1578.22
20210104211740	1578.22
20210104211740	1578.22
20210104211740	1578.49
20210104211740	1578.49
20210104211740	1578.49
20210104211740	1578.49
20210104211740	1578.74
20210104211740	1562.82
20210104211740	1577.78
20210104211740	1577.78
20210104211740	1577.79
20210104211740	1577.8
20210104211740	1578.01
20210104211740	1578.02
20210104211740	1578.02
20210104211740	1578.02
20210104211740	1578.22
20210104211740	1578.22
20210104211740	1578.23
20210104211740	1587.09
20210104211740	1587.09
20210104211740	1587.09
20210104211740	1587.29
20210104211740	1587.31
20210104211740	1587.31
20210104211740	1587.33
20210104211740	1587.44
20210104211740	1587.44
20210104211740	1587.46
20210104211740	1599.83
20210104211740	1599.85
20210104211740	1599.85
20210104211740	1599.95
20210104211740	1599.97
20210104211740	1599.97
20210104211740	1599.97
20210104211740	1600.04
20210104211740	1600.07
20210104211740	1584.17
20210104211740	1587.77
20210104211740	1587.77
20210104211740	1587.77
20210104211741	1587.79
20210104211741	1587.79
20210104211741	1587.81
20210104211741	1587.83
20210104211741	1587.8
20210104211741	1587.82
20210104211741	1571.91
20210104211741	1574.85
20210104211741	1574.85
20210104211741	1574.87
20210104211741	1574.87
20210104211741	1574.79
20210104211741	1574.79
20210104211741	1574.81
20210104211741	1574.7
20210104211741	1574.7
20210104211741	1574.71
20210104211741	1579.84
20210104211741	1579.85
20210104211741	1579.85
20210104211741	1579.67
20210104211741	1579.68
20210104211741	1579.68
20210104211741	1579.69
20210104211741	1579.51
20210104211741	1579.51
20210104211741	1563.6
20210104211741	1564.29
20210104211741	1564.29
20210104211741	1564.29
20210104211741	1564.07
20210104211741	1564.07
20210104211741	1564.07
20210104211741	1564.07
20210104211741	1563.83
20210104211741	1563.83
20210104211741	1563.49
20210104211741	1564.59
20210104211741	1564.59
20210104211741	1564.59
20210104211741	1564.29
20210104211741	1564.29
20210104211741	1564.29
20210104211741	1564.29
20210104211742	1563.97
20210104211742	1563.97
20210104211742	1548.05
20210104211742	1548.88
20210104211742	1548.88
20210104211742	1548.88
20210104211742	1548.88
20210104211742	1548.51
20210104211742	1548.5
20210104211742	1548.5
20210104211742	1548.1
20210104211742	1548.1
20210104211742	1532.19
20210104211742	1531.56
20210104211742	1531.56
20210104211742	1531.56
20210104211742	1531.09
20210104211742	1531.09
20210104211742	1531.09
20210104211742	1531.1
20210104211742	1530.59
20210104211742	1530.59
20210104211742	1514.68
20210104211742	1512.84
20210104211742	1512.84
20210104211742	1512.84
20210104211742	1512.27
20210104211742	1512.27
20210104211742	1512.27
20210104211742	1512.27
20210104211742	1511.66
20210104211742	1511.66
20210104211742	1511.66
20210104211742	1502.5
20210104211742	1502.5
20210104211742	1502.5
20210104211742	1502.5
20210104211742	1501.65
20210104211742	1501.65
20210104211742	1501.65
20210104211742	1500.92
20210104211742	1500.92
20210104211742	1485
20210104211742	1469.03
20210104211742	1469.03
20210104211742	1469.03
20210104211742	1468.23
20210104211742	1468.23
20210104211742	1468.23
20210104211742	1468.23
20210104211743	1467.19
20210104211743	1467.19
20210104211743	1467.19
20210104211743	1453.15
20210104211743	1453.15
20210104211743	1453.15
20210104211743	1452.04
20210104211743	1452.04
