20210106155505	1149.86
20210106155505	1149.86
20210106155505	1118.03
20210106155505	1118.03
20210106155505	1118.03
20210106155505	1118.03
20210106155505	1118.03
20210106155505	1118.03
20210106155505	1118.03
20210106155505	1118.03
20210106155505	1118.03
20210106155505	1118.03
20210106155505	1118.03
20210106155505	1102.11
20210106155505	1102.11
20210106155505	1102.11
20210106155506	1102.11
20210106155506	1102.11
20210106155506	1102.11
20210106155506	1102.11
20210106155506	1102.11
20210106155506	1102.11
20210106155506	1102.11
20210106155506	1070.28
20210106155506	1070.28
20210106155506	1070.28
20210106155506	1070.28
20210106155506	1070.28
20210106155506	1070.28
20210106155506	1070.28
20210106155506	1070.28
20210106155506	1070.28
20210106155506	1070.28
20210106155506	1054.37
20210106155506	1054.37
20210106155506	1054.37
20210106155506	1054.37
20210106155506	1054.37
20210106155506	1054.37
20210106155506	1054.37
20210106155506	1054.37
20210106155506	1054.37
20210106155506	1054.37
20210106155506	1022.54
20210106155506	1022.54
20210106155506	1022.54
20210106155506	1022.54
20210106155506	1022.54
20210106155506	1022.54
20210106155506	1022.54
20210106155506	1022.54
20210106155506	1022.54
20210106155506	1022.54
20210106155506	1006.62
20210106155506	1006.62
20210106155506	1006.62
20210106155506	1006.62
20210106155506	1006.62
20210106155506	1006.62
20210106155506	1006.62
20210106155506	1006.62
20210106155506	1006.62
20210106155506	1006.62
20210106155506	1000
20210106155506	1000
20210106155506	1000
20210106155506	1000
20210106155506	1000
20210106155506	1000
20210106155506	1000
20210106155506	1000
20210106155506	1000
20210106155506	1000
20210106155506	1000
20210106155506	1000
20210106155506	1000
20210106155506	1000
20210106155506	1000
20210106155506	1000
20210106155506	1000
20210106155506	1000
20210106155506	1000
20210106155506	1000
20210106155506	1000
20210106155506	1000
20210106155506	1000
20210106155506	1000
20210106155506	1000
20210106155506	1000
20210106155506	1000
20210106155506	1981.52
20210106155506	1981.16
20210106155506	1981.16
20210106155506	1949.33
20210106155507	1944.38
20210106155507	1943.85
20210106155507	1943.85
20210106155507	1943.85
20210106155507	1943.85
20210106155507	1943.4
20210106155507	1943.4
20210106155507	1942.87
20210106155507	1911.04
20210106155507	1911.04
20210106155507	1916.84
20210106155507	1916.08
20210106155507	1916.08
20210106155507	1916.08
20210106155507	1915.56
20210106155507	1915.56
20210106155507	1915.56
20210106155507	1914.82
20210106155507	1914.82
20210106155507	1884.21
20210106155507	1884.21
20210106155507	1884.21
20210106155507	1883.19
20210106155507	1883.19
20210106155507	1882.34
20210106155507	1882.34
20210106155507	1881.41
20210106155507	1881.41
20210106155507	1881.41
20210106155507	1865.49
20210106155507	1865.49
20210106155507	1864.07
20210106155507	1862.8
20210106155507	1862.8
20210106155507	1861.7
20210106155507	1861.7
20210106155507	1861.7
20210106155507	1861.7
20210106155507	1860.83
20210106155507	1829
20210106155507	1829
20210106155507	1832.65
20210106155507	1831.11
20210106155507	1831.11
20210106155507	1829.84
20210106155507	1829.84
20210106155507	1829.84
20210106155507	1828.49
20210106155507	1828.49
20210106155507	1796.66
20210106155507	1796.66
20210106155507	1796.32
20210106155507	1796.32
20210106155507	1796.32
20210106155507	1794.43
20210106155507	1794.43
20210106155507	1794.43
20210106155507	1794.43
20210106155507	1792.83
20210106155507	1761
20210106155507	1761
20210106155507	1761.02
20210106155507	1761.02
20210106155507	1761.02
20210106155507	1759.34
20210106155508	1759.34
20210106155508	1759.34
20210106155508	1759.34
20210106155508	1757.57
20210106155508	1725.74
20210106155508	1725.74
20210106155508	1725.03
20210106155508	1725.03
20210106155508	1725.03
20210106155508	1723.11
20210106155508	1723.11
20210106155508	1723.11
20210106155508	1723.11
20210106155508	1721.11
20210106155508	1689.28
20210106155508	1687.67
20210106155508	1687.67
20210106155508	1687.67
20210106155508	1687.67
20210106155508	1685.56
20210106155508	1685.56
20210106155508	1685.56
20210106155508	1683.38
20210106155508	1683.38
20210106155508	1651.55
20210106155508	1651.55
20210106155508	1649.85
20210106155508	1649.85
20210106155508	1649.85
20210106155508	1649.85
20210106155508	1646.91
20210106155508	1646.91
20210106155508	1646.91
20210106155508	1645.09
20210106155508	1629.18
20210106155508	1627.12
20210106155508	1627.12
20210106155508	1627.12
20210106155508	1624.58
20210106155508	1624.58
20210106155508	1624.58
20210106155508	1624.58
20210106155508	1621.96
20210106155508	1621.96
20210106155508	1590.13
20210106155508	1583.06
20210106155508	1583.06
20210106155508	1583.06
20210106155508	1583.06
20210106155508	1583.06
20210106155508	1580.29
20210106155508	1580.29
20210106155508	1580.29
20210106155508	1545.62
20210106155508	1552.03
20210106155508	1552.03
20210106155508	1548.39
20210106155508	1548.39
20210106155508	1548.39
20210106155508	1545.43
20210106155509	1545.43
20210106155509	1545.43
20210106155509	1545.43
20210106155509	1542.39
20210106155509	1510.56
20210106155509	1510.56
20210106155509	1506.34
20210106155509	1506.34
20210106155509	1506.34
20210106155509	1506.34
20210106155509	1503.14
20210106155509	1500.7
20210106155509	1500.7
20210106155509	1500.7
20210106155509	1468.87
20210106155509	1464.44
20210106155509	1464.44
20210106155509	1464.44
20210106155509	1464.44
20210106155509	1461.06
20210106155509	1461.06
20210106155509	1457.62
20210106155509	1457.62
20210106155509	1457.62
20210106155509	1425.79
20210106155509	1429.22
20210106155509	1429.22
20210106155509	1424.82
20210106155509	1424.82
20210106155509	1422.13
20210106155509	1422.13
20210106155509	1422.13
20210106155509	1418.48
20210106155509	1418.48
20210106155509	1402.56
20210106155509	1403.64
20210106155509	1403.64
20210106155509	1398.99
20210106155509	1398.99
20210106155509	1395.21
20210106155509	1395.21
20210106155509	1395.21
20210106155509	1391.36
20210106155509	1391.36
20210106155509	1359.52
20210106155509	1359.52
20210106155509	1355.9
20210106155509	1355.9
20210106155509	1355.9
20210106155509	1355.9
20210106155509	1351.92
20210106155509	1351.92
20210106155509	1351.92
20210106155509	1346.86
20210106155509	1315.03
20210106155509	1312.51
20210106155509	1312.51
20210106155509	1312.51
20210106155509	1312.51
20210106155510	1308.33
20210106155510	1308.33
20210106155510	1308.33
20210106155510	1304.09
20210106155510	1304.09
20210106155510	1272.26
20210106155510	1272.26
20210106155510	1268.1
20210106155510	1268.1
20210106155510	1268.1
20210106155510	1263.74
20210106155510	1263.74
20210106155510	1263.74
20210106155510	1259.33
20210106155510	1259.33
20210106155510	1243.41
20210106155510	1243.41
20210106155510	1236.28
20210106155510	1236.28
20210106155510	1236.28
20210106155510	1231.73
20210106155510	1231.73
20210106155510	1231.73
20210106155510	1227.13
20210106155510	1227.13
20210106155510	1195.3
20210106155510	1195.3
20210106155510	1186.69
20210106155510	1186.69
20210106155510	1186.69
20210106155510	1186.69
20210106155510	1181.98
20210106155510	1181.98
20210106155510	1181.98
20210106155510	1177.22
20210106155510	1145.39
20210106155510	1145.39
20210106155510	1146.44
20210106155510	1146.44
20210106155510	1146.44
20210106155510	1141.54
20210106155510	1141.54
20210106155510	1141.54
20210106155510	1136.59
20210106155510	1136.59
20210106155510	1120.68
20210106155510	1120.68
20210106155510	1116.59
20210106155510	1116.59
20210106155510	1112.8
20210106155510	1112.8
20210106155510	1112.8
20210106155510	1112.8
20210106155510	1107.71
20210106155510	1107.71
20210106155510	1075.87
20210106155510	1075.87
20210106155510	1061.08
20210106155510	1054.64
20210106155510	1049.41
20210106155510	1049.41
20210106155510	1049.41
20210106155510	1049.41
20210106155510	1044.13
20210106155510	1044.13
20210106155510	1028.22
20210106155510	1028.22
20210106155510	1021.99
20210106155510	1021.99
20210106155511	1021.99
20210106155511	1016.63
20210106155511	1016.63
20210106155511	1016.63
20210106155511	1016.63
20210106155511	1011.23
20210106155511	1000
20210106155511	1000
20210106155511	1000
20210106155511	1000
20210106155511	1000
20210106155511	1000
20210106155511	1000
20210106155511	1000
20210106155511	1000
20210106155511	1000
20210106155511	1000
20210106155511	1000
20210106155511	1000
20210106155511	1000
20210106155511	1000
20210106155511	1000
20210106155511	1000
20210106155511	1000
20210106155511	1000
20210106155511	1000
20210106155511	1000
20210106155511	1000
20210106155511	1000
20210106155511	1000
20210106155511	1000
20210106155511	1000
20210106155511	1000
20210106155511	1000
20210106155511	1000
20210106155511	1000
20210106155511	1000
20210106155511	1000
20210106155511	1000
20210106155511	1000
20210106155511	1000
20210106155511	1000
20210106155511	1000
20210106155511	1000
20210106155511	1000
20210106155511	1000
20210106155511	1000
20210106155511	1000
20210106155511	1000
20210106155511	1000
20210106155511	1000
20210106155511	1000
20210106155511	1000
20210106155511	1000
20210106155511	1000
20210106155511	1000
20210106155511	1000
20210106155511	1000
20210106155511	1000
20210106155511	1000
20210106155511	1000
20210106155511	1000
20210106155511	1000
20210106155511	1000
20210106155511	1000
20210106155511	1000
20210106155511	1000
20210106155511	1000
20210106155511	1000
20210106155511	1000
20210106155512	1000
20210106155512	1000
20210106155512	1000
20210106155512	1000
20210106155512	1000
20210106155512	1000
20210106155512	1000
20210106155512	1000
20210106155512	1000
20210106155512	1000
20210106155512	1000
20210106155512	1000
20210106155512	1000
20210106155512	1000
20210106155512	1000
20210106155512	1000
20210106155512	1000
20210106155512	1000
20210106155512	1000
20210106155512	1000
20210106155512	1000
20210106155512	1000
20210106155512	1000
20210106155512	1000
20210106155512	1000
20210106155512	1000
20210106155512	1000
20210106155512	1000
20210106155512	1000
20210106155512	1000
20210106155512	1000
20210106155512	1000
20210106155512	1000
20210106155512	1000
20210106155512	1000
20210106155512	1000
20210106155512	1000
20210106155512	1000
20210106155512	1000
20210106155512	1000
20210106155512	1000
20210106155512	1000
20210106155512	1000
20210106155512	1000
20210106155512	1000
20210106155512	1000
20210106155512	1000
20210106155512	1000
20210106155512	1000
20210106155512	1000
20210106155512	1000
20210106155512	1000
20210106155512	1000
20210106155512	1000
20210106155512	1000
20210106155512	1000
20210106155512	1000
20210106155512	1000
20210106155512	1000
20210106155512	1000
20210106155512	1000
20210106155512	1000
20210106155512	1000
20210106155512	1000
20210106155512	1000
20210106155512	1000
20210106155512	1000
20210106155513	1000
20210106155513	1000
20210106155513	1000
20210106155513	1000
20210106155513	1000
20210106155513	1000
20210106155513	1000
20210106155513	1000
20210106155513	1000
20210106155513	1000
20210106155513	1000
20210106155513	1000
20210106155513	1000
20210106155513	1000
20210106155513	1000
20210106155513	1000
20210106155513	1000
20210106155513	1000
20210106155513	1000
20210106155513	1000
20210106155513	1000
20210106155513	1000
20210106155513	1000
20210106155513	1000
20210106155513	1000
20210106155513	1000
20210106155513	1000
20210106155513	1000
20210106155513	1000
20210106155514	1000
20210106155514	1000
20210106155514	1000
20210106155514	1000
20210106155514	1000
20210106155514	1000
20210106155514	1000
20210106155514	1000
20210106155514	1000
20210106155514	1000
20210106155514	1000
20210106155514	1000
20210106155514	1000
20210106155514	1000
20210106155514	1000
20210106155514	1000
20210106155514	1000
20210106155514	1000
20210106155514	1000
20210106155514	1000
20210106155514	1000
20210106155514	1000
20210106155514	1000
20210106155514	1000
20210106155514	1000
20210106155514	1000
20210106155514	1000
20210106155515	1000
20210106155515	1000
20210106155515	1000
20210106155515	1000
20210106155515	1000
20210106155515	1000
20210106155515	1000
20210106155515	1000
20210106155515	1000
20210106155515	1000
20210106155515	1000
20210106155515	1000
20210106155515	1000
20210106155515	1000
20210106155515	1000
20210106155515	1000
20210106155515	1000
20210106155515	1000
20210106155515	1000
20210106155515	1000
20210106155515	1000
20210106155515	1000
20210106155515	1000
20210106155515	1000
20210106155515	1000
20210106155515	1000
20210106155515	1000
20210106155515	1000
20210106155515	1000
20210106155515	1000
20210106155515	1000
20210106155515	1000
20210106155515	1000
20210106155515	1000
20210106155515	1000
20210106155515	1000
20210106155515	1000
20210106155515	1000
20210106155515	1000
20210106155515	1000
20210106155515	1000
20210106155515	1000
20210106155515	1000
20210106155515	1000
20210106155515	1000
20210106155515	1000
20210106155515	1000
20210106155515	1000
20210106155515	1000
20210106155515	1000
20210106155515	1000
20210106155515	1000
20210106155515	1000
20210106155515	1000
20210106155515	1000
20210106155515	1000
20210106155515	1000
20210106155515	1000
20210106155515	1000
20210106155515	1000
20210106155515	1000
20210106155515	1000
20210106155516	1000
20210106155516	1000
20210106155516	1000
20210106155516	1000
20210106155516	1000
20210106155516	1000
20210106155516	1000
20210106155516	1000
20210106155516	1000
20210106155516	1000
20210106155516	1000
20210106155516	1000
20210106155516	1000
20210106155516	1000
20210106155516	1000
20210106155516	1000
20210106155516	1000
20210106155516	1000
20210106155516	1000
20210106155516	1000
20210106155516	1000
20210106155516	1000
20210106155516	1000
20210106155516	1000
20210106155516	1000
20210106155516	1000
20210106155516	1000
20210106155516	1000
20210106155516	1000
20210106155516	1000
20210106155516	1000
20210106155516	1000
20210106155516	1000
20210106155516	1000
20210106155516	1000
20210106155516	1000
20210106155516	1000
20210106155516	1000
20210106155516	1000
20210106155516	1000
20210106155516	1000
20210106155516	1000
20210106155516	1000
20210106155516	1000
20210106155516	1000
20210106155516	1000
20210106155516	1000
20210106155516	1000
20210106155517	1000
20210106155517	1000
20210106155517	1000
20210106155517	1000
20210106155517	1000
20210106155517	1000
20210106155517	1000
20210106155517	1000
20210106155517	1000
20210106155517	1000
20210106155517	1000
20210106155517	1000
20210106155517	1000
20210106155517	1000
20210106155517	1000
20210106155517	1000
20210106155517	1000
20210106155517	1000
20210106155517	1000
20210106155517	1000
20210106155517	1000
20210106155517	1000
20210106155517	1000
20210106155517	1000
20210106155517	1000
20210106155517	1000
20210106155517	1000
20210106155517	1000
20210106155517	1000
20210106155517	1000
20210106155517	1000
20210106155517	1000
20210106155517	1000
20210106155517	1000
20210106155517	1000
20210106155517	1000
20210106155517	1000
20210106155517	1000
20210106155517	1000
20210106155517	1000
20210106155517	1000
20210106155517	1000
20210106155517	1000
20210106155517	1000
20210106155517	1000
20210106155517	1000
20210106155517	1000
20210106155517	1000
20210106155517	1000
20210106155517	1000
20210106155517	1000
20210106155517	1000
20210106155517	1000
20210106155517	1000
20210106155518	1000
20210106155518	1000
20210106155518	1000
20210106155518	1000
20210106155518	1000
20210106155518	1000
20210106155518	1000
20210106155518	1000
20210106155518	1000
20210106155518	1000
20210106155518	1000
20210106155518	1000
20210106155518	1000
20210106155518	1000
20210106155518	1000
20210106155518	1000
20210106155518	1000
20210106155518	1000
20210106155518	1000
20210106155518	1000
20210106155518	1000
20210106155518	1000
20210106155518	1000
20210106155518	1000
20210106155518	1000
20210106155518	1000
20210106155518	1000
20210106155518	1000
20210106155518	1000
20210106155518	1000
20210106155518	1000
20210106155519	1000
20210106155519	1000
20210106155519	1000
20210106155519	1000
20210106155519	1000
20210106155519	1000
20210106155519	1000
20210106155519	1000
20210106155519	1000
20210106155519	1000
20210106155519	1000
20210106155519	1000
20210106155519	1000
20210106155519	1000
20210106155519	1000
20210106155519	1000
20210106155519	1000
20210106155519	1000
20210106155519	1000
20210106155519	1000
20210106155519	1000
20210106155519	1000
20210106155519	1000
20210106155519	1000
20210106155519	1000
20210106155519	1000
20210106155519	1000
20210106155519	1000
20210106155519	1000
20210106155519	1000
20210106155519	1000
20210106155519	1000
20210106155519	1000
20210106155519	1000
20210106155519	1000
20210106155519	1000
20210106155519	1000
20210106155519	1000
20210106155519	1000
20210106155519	1000
20210106155519	1000
20210106155520	1000
20210106155520	1000
20210106155520	1000
20210106155520	1000
20210106155520	1000
20210106155520	1000
20210106155520	1000
20210106155520	1000
20210106155520	1000
20210106155520	1000
20210106155520	1000
20210106155520	1000
20210106155520	1000
20210106155520	1000
20210106155520	1000
20210106155520	1000
20210106155520	1000
20210106155520	1000
20210106155520	1000
20210106155520	1000
20210106155520	1000
20210106155520	1000
20210106155520	1000
20210106155520	1000
20210106155520	1000
20210106155520	1000
20210106155520	1000
20210106155520	2000
20210106155520	1000
20210106155520	1000
20210106155520	1000
20210106155520	1000
20210106155520	1000
20210106155520	1000
20210106155520	1000
20210106155520	1000
20210106155520	1000
20210106155520	2000
20210106155520	2000
20210106155520	2000
20210106155520	2000
20210106155520	2000
20210106155520	2000
20210106155520	2000
20210106155520	2000
20210106155520	2000
20210106155520	2000
20210106155520	2000
20210106155520	2000
20210106155520	2000
20210106155520	2000
20210106155520	2000
20210106155520	2000
20210106155521	2000
20210106155521	2000
20210106155521	2000
20210106155521	2000
20210106155521	2000
20210106155521	2000
20210106155521	2000
20210106155521	2000
20210106155521	2000
20210106155521	2000
20210106155521	2000
20210106155521	2000
20210106155521	2000
20210106155521	2000
20210106155521	2000
20210106155521	2000
20210106155521	2000
20210106155521	2000
20210106155521	2000
20210106155521	2000
20210106155521	2000
20210106155521	2000
20210106155521	2000
20210106155521	2000
20210106155521	2000
20210106155521	2000
20210106155521	2000
20210106155521	2000
20210106155521	2000
20210106155521	2000
20210106155522	2000
20210106155522	2000
20210106155522	2000
20210106155522	2000
20210106155522	2000
20210106155522	2000
20210106155522	2000
20210106155522	2000
20210106155522	2000
20210106155522	2000
20210106155522	2000
20210106155522	2000
20210106155522	2000
20210106155522	2000
20210106155522	2000
20210106155522	2000
20210106155522	2000
20210106155522	2000
20210106155522	2000
20210106155522	2000
20210106155522	2000
20210106155522	2000
20210106155522	2000
20210106155522	2000
20210106155522	2000
20210106155522	2000
20210106155522	2000
20210106155522	2000
20210106155522	2000
20210106155522	2000
20210106155522	2000
20210106155522	2000
20210106155522	2000
20210106155523	2000
20210106155523	2000
20210106155523	2000
20210106155523	2000
20210106155523	2000
20210106155523	2000
20210106155523	2000
20210106155523	2000
20210106155523	2000
20210106155523	2000
20210106155523	2000
20210106155523	2000
20210106155523	2000
20210106155523	2000
20210106155523	2000
20210106155523	2000
20210106155523	2000
20210106155523	2000
20210106155523	2000
20210106155523	2000
20210106155523	2000
20210106155523	2000
20210106155523	2000
20210106155523	2000
20210106155523	2000
20210106155523	2000
20210106155523	2000
20210106155523	2000
20210106155523	2000
20210106155523	2000
20210106155523	2000
20210106155523	2000
20210106155523	2000
20210106155523	2000
20210106155523	2000
20210106155523	2000
20210106155523	2000
20210106155523	2000
20210106155523	2000
20210106155523	2000
20210106155523	2000
20210106155523	2000
20210106155523	2000
20210106155523	2000
20210106155523	2000
20210106155523	2000
20210106155523	2000
20210106155523	2000
20210106155523	2000
20210106155523	2000
20210106155524	2000
20210106155524	2000
20210106155524	2000
20210106155524	2000
20210106155524	2000
20210106155524	2000
20210106155524	2000
20210106155524	2000
20210106155524	2000
20210106155524	2000
20210106155524	2000
20210106155524	2000
20210106155524	2000
20210106155524	2000
20210106155524	2000
20210106155524	2000
20210106155524	2000
20210106155524	2000
20210106155524	2000
20210106155524	2000
20210106155524	2000
20210106155524	2000
20210106155524	2000
20210106155524	2000
20210106155524	2000
20210106155524	2000
20210106155524	2000
20210106155524	2000
20210106155524	2000
20210106155524	2000
20210106155524	2000
20210106155524	2000
20210106155525	2000
20210106155525	2000
20210106155525	2000
20210106155525	2000
20210106155525	2000
20210106155525	2000
20210106155525	2000
20210106155525	2000
20210106155525	2000
20210106155525	2000
20210106155525	2000
20210106155525	2000
20210106155525	2000
20210106155525	2000
20210106155525	2000
20210106155525	2000
20210106155525	2000
20210106155525	2000
20210106155525	2000
20210106155525	2000
20210106155525	2000
20210106155525	2000
20210106155525	2000
20210106155525	2000
20210106155525	2000
20210106155525	2000
20210106155526	2000
20210106155526	2000
20210106155526	2000
20210106155526	2000
20210106155526	2000
20210106155526	2000
20210106155526	2000
20210106155526	2000
20210106155526	2000
20210106155526	2000
20210106155526	2000
20210106155526	2000
20210106155526	2000
20210106155526	2000
20210106155526	2000
20210106155526	2000
20210106155526	2000
20210106155526	2000
20210106155526	2000
20210106155526	2000
20210106155526	2000
20210106155526	2000
20210106155526	2000
20210106155526	2000
20210106155526	2000
20210106155526	2000
20210106155526	2000
20210106155526	2000
20210106155526	2000
20210106155526	2000
20210106155526	2000
20210106155526	2000
20210106155526	2000
20210106155526	2000
20210106155526	2000
20210106155526	2000
20210106155526	2000
20210106155526	2000
20210106155526	2000
20210106155526	2000
20210106155526	2000
20210106155526	2000
20210106155526	2000
20210106155527	2000
20210106155527	2000
20210106155527	2000
20210106155527	2000
20210106155527	2000
20210106155527	2000
20210106155527	2000
20210106155527	2000
20210106155527	2000
20210106155527	2000
20210106155527	2000
20210106155527	2000
20210106155527	2000
20210106155527	2000
20210106155527	2000
20210106155527	2000
20210106155527	2000
20210106155527	2000
20210106155527	2000
20210106155527	2000
20210106155527	2000
20210106155527	2000
20210106155527	2000
20210106155527	2000
20210106155527	2000
20210106155527	2000
20210106155527	2000
20210106155527	2000
20210106155527	2000
20210106155527	2000
20210106155527	2000
20210106155527	2000
20210106155527	2000
20210106155527	2000
20210106155527	2000
20210106155527	2000
20210106155527	2000
20210106155527	2000
20210106155527	2000
20210106155527	2000
20210106155527	2000
20210106155527	2000
20210106155527	2000
20210106155527	2000
20210106155527	2000
20210106155527	2000
20210106155527	2000
20210106155527	2000
20210106155527	2000
20210106155527	2000
20210106155528	2000
20210106155528	2000
20210106155528	2000
20210106155528	2000
20210106155528	2000
20210106155528	2000
20210106155528	2000
20210106155528	2000
20210106155528	2000
20210106155528	2000
20210106155528	2000
20210106155528	2000
20210106155528	2000
20210106155528	2000
20210106155528	2000
20210106155528	2000
20210106155528	2000
20210106155528	2000
20210106155528	2000
20210106155528	2000
20210106155528	2000
20210106155528	2000
20210106155528	2000
20210106155529	2000
20210106155529	2000
20210106155529	2000
20210106155529	2000
20210106155529	2000
20210106155529	2000
20210106155529	2000
20210106155529	2000
20210106155529	2000
20210106155529	2000
20210106155529	2000
20210106155529	2000
20210106155529	2000
20210106155529	2000
20210106155529	2000
20210106155529	2000
20210106155529	2000
20210106155529	2000
20210106155529	2000
20210106155529	2000
20210106155529	2000
20210106155529	2000
20210106155529	2000
20210106155529	2000
20210106155529	2000
20210106155529	2000
20210106155529	2000
20210106155529	2000
20210106155529	2000
20210106155529	2000
20210106155529	2000
20210106155529	2000
20210106155529	2000
20210106155529	2000
20210106155529	2000
20210106155529	2000
20210106155529	2000
20210106155529	2000
20210106155529	2000
20210106155529	2000
20210106155529	2000
20210106155529	2000
20210106155529	2000
20210106155529	2000
20210106155529	2000
20210106155529	2000
20210106155530	2000
20210106155530	2000
20210106155530	2000
20210106155530	2000
20210106155530	2000
20210106155530	2000
20210106155530	2000
20210106155530	2000
20210106155530	2000
20210106155530	2000
20210106155530	2000
20210106155530	2000
20210106155530	2000
20210106155530	2000
20210106155530	2000
20210106155530	2000
20210106155530	2000
20210106155530	2000
20210106155530	2000
20210106155530	2000
20210106155530	2000
20210106155530	2000
20210106155530	2000
20210106155530	2000
20210106155530	2000
20210106155530	2000
20210106155530	2000
20210106155530	2000
20210106155530	2000
20210106155530	2000
20210106155530	2000
20210106155530	2000
20210106155530	2000
20210106155530	2000
20210106155531	2000
20210106155531	2000
20210106155531	2000
20210106155531	2000
20210106155531	2000
20210106155531	2000
20210106155531	2000
20210106155531	2000
20210106155531	2000
20210106155531	2000
20210106155531	2000
20210106155531	2000
20210106155531	2000
20210106155531	2000
20210106155531	2000
20210106155531	2000
20210106155531	2000
20210106155531	2000
20210106155531	2000
20210106155532	2000
20210106155532	2000
20210106155532	2000
20210106155532	2000
20210106155532	2000
20210106155532	2000
20210106155532	2000
20210106155532	2000
20210106155532	2000
20210106155532	2000
20210106155532	2000
20210106155532	2000
20210106155532	2000
20210106155532	2000
20210106155532	2000
20210106155532	2000
20210106155532	2000
20210106155532	2000
20210106155532	2000
20210106155532	2000
20210106155532	2000
20210106155532	2000
20210106155532	2000
20210106155532	2000
20210106155532	2000
20210106155532	2000
20210106155532	2000
20210106155532	2000
20210106155532	2000
20210106155532	2000
20210106155532	2000
20210106155532	2000
20210106155532	2000
20210106155532	2000
20210106155532	2000
20210106155532	2000
20210106155532	2000
20210106155532	2000
20210106155532	2000
20210106155533	2000
20210106155533	2000
20210106155533	2000
20210106155533	2000
20210106155533	2000
20210106155533	2000
20210106155533	2000
20210106155533	2000
20210106155533	2000
20210106155533	2000
20210106155533	2000
20210106155533	2000
20210106155533	2000
20210106155533	2000
20210106155533	2000
20210106155533	2000
20210106155533	2000
20210106155533	2000
20210106155533	2000
20210106155533	2000
20210106155533	2000
20210106155533	2000
20210106155533	2000
20210106155533	2000
20210106155533	2000
20210106155533	2000
20210106155533	2000
20210106155533	2000
20210106155533	2000
20210106155533	2000
20210106155533	2000
20210106155533	2000
20210106155533	2000
20210106155533	2000
20210106155533	2000
20210106155533	2000
20210106155533	2000
20210106155533	2000
20210106155533	2000
20210106155533	2000
20210106155533	2000
20210106155533	2000
20210106155533	2000
20210106155533	2000
20210106155533	2000
20210106155534	2000
20210106155534	2000
20210106155534	2000
20210106155534	2000
20210106155534	2000
20210106155534	2000
20210106155534	2000
20210106155534	2000
20210106155534	2000
20210106155534	2000
20210106155534	2000
20210106155534	2000
20210106155534	2000
20210106155534	2000
20210106155534	2000
20210106155534	2000
20210106155534	2000
20210106155534	2000
20210106155534	2000
20210106155534	2000
20210106155534	2000
20210106155534	2000
20210106155534	2000
20210106155534	2000
20210106155534	2000
20210106155534	2000
20210106155534	2000
20210106155534	2000
20210106155534	2000
20210106155534	2000
20210106155534	2000
20210106155534	2000
20210106155534	2000
20210106155534	2000
20210106155534	2000
20210106155534	2000
20210106155534	2000
20210106155534	2000
20210106155534	2000
20210106155534	2000
20210106155534	2000
20210106155534	2000
20210106155534	2000
20210106155534	2000
20210106155534	2000
20210106155534	2000
20210106155534	2000
20210106155534	2000
20210106155534	2000
20210106155534	2000
20210106155534	2000
20210106155534	2000
20210106155534	2000
20210106155534	2000
20210106155534	2000
20210106155534	2000
20210106155534	2000
20210106155534	2000
20210106155534	2000
20210106155534	2000
20210106155535	2000
20210106155535	2000
20210106155535	2000
20210106155535	2000
20210106155535	2000
20210106155535	2000
20210106155535	2000
20210106155535	2000
20210106155535	2000
20210106155535	2000
20210106155535	2000
20210106155535	2000
20210106155535	2000
20210106155535	2000
20210106155535	2000
20210106155535	2000
20210106155535	2000
20210106155535	2000
20210106155535	2000
20210106155535	2000
20210106155535	2000
20210106155535	2000
20210106155535	2000
20210106155535	2000
20210106155535	2000
20210106155535	2000
20210106155535	2000
20210106155535	2000
20210106155535	2000
20210106155535	2000
20210106155535	2000
20210106155535	2000
20210106155535	2000
20210106155535	2000
20210106155535	2000
20210106155535	2000
20210106155535	2000
20210106155536	2000
20210106155536	2000
20210106155536	2000
20210106155536	2000
20210106155536	2000
20210106155536	2000
20210106155536	2000
20210106155536	2000
20210106155536	2000
20210106155536	2000
20210106155536	2000
20210106155536	2000
20210106155536	2000
20210106155536	2000
20210106155536	2000
20210106155536	2000
20210106155536	2000
20210106155536	2000
20210106155536	2000
20210106155536	2000
20210106155536	2000
20210106155536	2000
20210106155536	2000
20210106155536	2000
20210106155536	2000
20210106155536	2000
20210106155536	2000
20210106155536	2000
20210106155536	2000
20210106155536	2000
20210106155536	2000
20210106155536	2000
20210106155536	2000
20210106155537	2000
20210106155537	2000
20210106155537	2000
20210106155537	2000
20210106155537	2000
20210106155537	2000
20210106155537	2000
20210106155537	2000
20210106155537	2000
20210106155537	2000
20210106155537	2000
20210106155537	2000
20210106155537	2000
20210106155537	2000
20210106155537	2000
20210106155537	2000
20210106155537	2000
20210106155537	2000
20210106155537	2000
20210106155537	2000
20210106155537	2000
20210106155537	2000
20210106155537	2000
20210106155537	2000
20210106155537	2000
20210106155537	2000
20210106155537	2000
20210106155537	2000
20210106155537	2000
20210106155537	2000
20210106155538	2000
20210106155538	2000
20210106155538	2000
20210106155538	2000
20210106155538	2000
20210106155538	2000
20210106155538	2000
20210106155538	2000
20210106155538	2000
20210106155538	2000
20210106155538	2000
20210106155538	2000
20210106155538	2000
20210106155538	2000
20210106155538	2000
20210106155538	2000
20210106155538	2000
20210106155538	2000
20210106155538	2000
20210106155538	2000
20210106155538	2000
20210106155538	2000
20210106155538	2000
20210106155538	2000
20210106155538	2000
20210106155538	2000
20210106155538	2000
20210106155538	2000
20210106155538	2000
20210106155538	2000
20210106155538	2000
20210106155538	2000
20210106155538	2000
20210106155538	2000
20210106155538	2000
20210106155538	2000
20210106155538	2000
20210106155538	2000
20210106155538	2000
20210106155538	2000
20210106155538	2000
20210106155538	2000
20210106155538	2000
20210106155538	2000
20210106155538	2000
20210106155538	2000
20210106155538	2000
20210106155538	2000
20210106155538	2000
20210106155538	2000
20210106155538	2000
20210106155538	2000
20210106155539	2000
20210106155539	2000
20210106155539	2000
20210106155539	2000
20210106155539	2000
20210106155539	2000
20210106155539	2000
20210106155539	2000
20210106155539	2000
20210106155539	2000
20210106155539	2000
20210106155539	2000
20210106155539	2000
20210106155539	2000
20210106155539	2000
20210106155539	2000
20210106155539	2000
20210106155539	2000
20210106155539	2000
20210106155539	2000
20210106155539	2000
20210106155539	2000
20210106155539	2000
20210106155539	2000
20210106155539	2000
20210106155539	2000
20210106155539	2000
20210106155539	2000
20210106155539	2000
20210106155539	2000
20210106155539	2000
20210106155539	2000
20210106155539	2000
20210106155539	2000
20210106155539	2000
20210106155539	2000
20210106155539	2000
20210106155539	2000
20210106155539	2000
20210106155539	2000
20210106155539	2000
20210106155539	2000
20210106155539	2000
20210106155539	2000
20210106155539	2000
20210106155539	2000
20210106155539	2000
20210106155539	2000
20210106155539	2000
20210106155539	2000
20210106155539	2000
20210106155539	2000
20210106155539	2000
20210106155539	2000
20210106155539	2000
20210106155539	2000
20210106155539	2000
20210106155540	2000
20210106155540	2000
20210106155540	2000
20210106155540	2000
20210106155540	2000
20210106155540	2000
20210106155540	2000
20210106155540	2000
20210106155540	2000
20210106155540	2000
20210106155540	2000
20210106155540	2000
20210106155540	2000
20210106155540	2000
20210106155540	2000
20210106155540	2000
20210106155540	2000
20210106155540	2000
20210106155540	2000
20210106155540	2000
20210106155540	2000
20210106155540	2000
20210106155540	2000
20210106155540	2000
20210106155540	2000
20210106155540	2000
20210106155540	2000
20210106155540	2000
20210106155540	2000
20210106155540	2000
20210106155540	2000
20210106155540	2000
20210106155540	2000
20210106155540	2000
20210106155540	2000
20210106155540	2000
20210106155540	2000
20210106155540	2000
20210106155540	2000
20210106155540	2000
20210106155540	2000
20210106155540	2000
20210106155540	2000
20210106155540	2000
20210106155540	2000
20210106155540	2000
20210106155540	2000
20210106155540	2000
20210106155540	2000
20210106155541	2000
20210106155541	2000
20210106155541	2000
20210106155541	2000
20210106155541	2000
20210106155541	2000
20210106155541	2000
20210106155541	2000
20210106155541	2000
20210106155541	2000
20210106155541	2000
20210106155541	2000
20210106155541	2000
20210106155541	2000
20210106155541	2000
20210106155541	2000
20210106155541	2000
20210106155541	2000
20210106155541	2000
20210106155541	2000
20210106155541	2000
20210106155541	2000
20210106155541	2000
20210106155541	2000
20210106155541	2000
20210106155541	2000
20210106155541	2000
20210106155541	2000
20210106155541	2000
20210106155541	2000
20210106155541	2000
20210106155541	2000
20210106155541	2000
20210106155541	2000
20210106155541	2000
20210106155541	2000
20210106155541	2000
20210106155541	2000
20210106155541	2000
20210106155541	2000
20210106155541	2000
20210106155541	2000
20210106155541	2000
20210106155541	2000
20210106155541	2000
20210106155542	2000
20210106155542	2000
20210106155542	2000
20210106155542	2000
20210106155542	2000
20210106155542	2000
20210106155542	2000
20210106155542	2000
20210106155542	2000
20210106155542	2000
20210106155542	2000
20210106155542	2000
20210106155542	2000
20210106155542	2000
20210106155542	2000
20210106155542	2000
20210106155542	2000
20210106155542	2000
20210106155542	2000
20210106155542	2000
20210106155542	2000
20210106155542	2000
20210106155542	2000
20210106155542	2000
20210106155542	2000
20210106155542	2000
20210106155542	2000
20210106155542	2000
20210106155542	2000
20210106155542	2000
20210106155542	2000
20210106155542	2000
20210106155542	2000
20210106155542	2000
20210106155542	2000
20210106155542	2000
20210106155542	2000
20210106155542	2000
20210106155542	2000
20210106155542	2000
20210106155542	2000
20210106155542	2000
20210106155542	2000
20210106155542	2000
20210106155542	2000
20210106155542	2000
20210106155542	2000
20210106155542	2000
20210106155543	2000
20210106155543	2000
20210106155543	2000
20210106155543	2000
20210106155543	2000
20210106155543	2000
20210106155543	2000
20210106155543	2000
20210106155543	2000
20210106155543	2000
20210106155543	2000
20210106155543	2000
20210106155543	2000
20210106155543	2000
20210106155543	2000
20210106155543	2000
20210106155543	2000
20210106155543	2000
20210106155543	2000
20210106155543	2000
20210106155543	2000
20210106155543	2000
20210106155543	2000
20210106155543	2000
20210106155543	2000
20210106155543	2000
20210106155543	2000
20210106155543	2000
20210106155543	2000
20210106155543	2000
20210106155543	2000
20210106155543	2000
20210106155544	2000
20210106155544	2000
20210106155544	2000
20210106155544	2000
20210106155544	2000
20210106155544	2000
20210106155544	2000
20210106155544	2000
20210106155544	2000
20210106155544	2000
20210106155544	2000
20210106155544	2000
20210106155544	2000
20210106155544	2000
20210106155544	2000
20210106155544	2000
20210106155544	2000
20210106155544	2000
20210106155544	2000
20210106155544	2000
20210106155544	2000
20210106155544	2000
20210106155544	2000
20210106155544	2000
20210106155544	2000
20210106155544	2000
20210106155544	2000
20210106155544	2000
20210106155544	2000
20210106155544	2000
20210106155544	2000
20210106155544	2000
20210106155544	2000
20210106155544	2000
20210106155544	2000
20210106155544	2000
20210106155544	2000
20210106155545	2000
20210106155545	2000
20210106155545	2000
20210106155545	2000
20210106155545	2000
20210106155545	2000
20210106155545	2000
20210106155545	2000
20210106155545	2000
20210106155545	2000
20210106155545	2000
20210106155545	2000
20210106155545	2000
20210106155545	2000
20210106155545	2000
20210106155545	2000
20210106155545	2000
20210106155545	2000
20210106155545	2000
20210106155545	2000
20210106155545	2000
20210106155545	2000
20210106155545	2000
20210106155545	2000
20210106155545	2000
20210106155545	2000
20210106155545	2000
20210106155545	2000
20210106155545	2000
20210106155545	2000
20210106155545	2000
20210106155545	2000
20210106155545	2000
20210106155545	2000
20210106155545	2000
20210106155545	2000
20210106155545	2000
20210106155545	2000
20210106155545	2000
20210106155545	2000
20210106155545	2000
20210106155545	2000
20210106155545	2000
20210106155545	2000
20210106155545	2000
20210106155545	2000
20210106155545	2000
20210106155545	2000
20210106155545	2000
20210106155545	2000
20210106155545	2000
20210106155545	2000
20210106155545	2000
20210106155545	2000
20210106155545	2000
20210106155545	2000
20210106155545	2000
20210106155545	2000
20210106155545	2000
20210106155545	2000
20210106155545	2000
20210106155545	2000
20210106155545	2000
20210106155545	2000
20210106155545	2000
20210106155545	2000
20210106155545	2000
20210106155546	2000
20210106155546	2000
20210106155546	2000
20210106155546	2000
20210106155546	2000
20210106155546	2000
20210106155546	2000
20210106155546	2000
20210106155546	2000
20210106155546	2000
20210106155546	2000
20210106155546	2000
20210106155546	2000
20210106155546	2000
20210106155546	2000
20210106155546	2000
20210106155546	2000
20210106155546	2000
20210106155546	2000
20210106155546	2000
20210106155546	2000
20210106155546	2000
20210106155546	2000
20210106155546	2000
20210106155546	2000
20210106155546	2000
20210106155546	2000
20210106155546	2000
20210106155546	2000
20210106155546	2000
20210106155546	2000
20210106155546	2000
20210106155546	2000
20210106155546	2000
20210106155546	2000
20210106155546	2000
20210106155546	2000
20210106155546	2000
20210106155546	2000
20210106155546	2000
20210106155546	2000
20210106155546	2000
20210106155546	2000
20210106155546	2000
20210106155546	2000
20210106155546	2000
20210106155546	2000
20210106155546	2000
20210106155546	2000
20210106155546	2000
20210106155547	2000
20210106155547	2000
20210106155547	2000
20210106155547	2000
20210106155547	2000
20210106155547	2000
20210106155547	2000
20210106155547	2000
20210106155547	2000
20210106155547	2000
20210106155547	2000
20210106155547	2000
20210106155547	2000
20210106155547	2000
20210106155547	2000
20210106155547	2000
20210106155547	2000
20210106155547	2000
20210106155547	2000
20210106155547	2000
20210106155547	2000
20210106155547	2000
20210106155547	2000
20210106155547	2000
20210106155547	2000
20210106155547	2000
20210106155547	2000
20210106155547	2000
20210106155547	2000
20210106155547	2000
20210106155547	2000
20210106155547	2000
20210106155547	2000
20210106155547	2000
20210106155547	2000
20210106155547	2000
20210106155547	2000
20210106155547	2000
20210106155547	2000
20210106155547	2000
20210106155548	2000
20210106155548	2000
20210106155548	2000
20210106155548	2000
20210106155548	2000
20210106155548	2000
20210106155548	2000
20210106155548	2000
20210106155548	2000
20210106155548	2000
20210106155548	2000
20210106155548	2000
20210106155548	2000
20210106155548	2000
20210106155548	2000
20210106155548	2000
20210106155548	2000
20210106155548	2000
20210106155548	2000
20210106155548	2000
20210106155548	2000
20210106155548	2000
20210106155548	2000
20210106155548	2000
20210106155548	2000
20210106155548	2000
20210106155548	2000
20210106155548	2000
20210106155548	2000
20210106155548	2000
20210106155548	2000
20210106155548	2000
20210106155548	2000
20210106155548	2000
20210106155548	2000
20210106155548	2000
20210106155548	2000
20210106155548	2000
20210106155548	2000
20210106155548	2000
20210106155548	2000
20210106155548	2000
20210106155548	2000
20210106155548	2000
20210106155548	2000
20210106155548	2000
20210106155548	2000
20210106155548	2000
20210106155548	2000
20210106155548	2000
20210106155549	2000
20210106155549	2000
20210106155549	2000
20210106155549	2000
20210106155549	2000
20210106155549	2000
20210106155549	2000
20210106155549	2000
20210106155549	2000
20210106155549	2000
20210106155549	2000
20210106155549	2000
20210106155549	2000
20210106155549	2000
20210106155549	2000
20210106155549	2000
20210106155549	2000
20210106155549	2000
20210106155549	2000
20210106155549	2000
20210106155549	2000
20210106155549	2000
20210106155549	2000
20210106155549	2000
20210106155549	2000
20210106155549	2000
20210106155549	2000
20210106155549	2000
20210106155549	2000
20210106155549	2000
20210106155549	2000
20210106155549	2000
20210106155549	2000
20210106155549	2000
20210106155549	2000
20210106155549	2000
20210106155549	2000
20210106155549	2000
20210106155549	2000
20210106155549	2000
20210106155550	2000
20210106155550	2000
20210106155550	2000
20210106155550	2000
20210106155550	2000
20210106155550	2000
20210106155550	2000
20210106155550	2000
20210106155550	2000
20210106155550	2000
20210106155550	2000
20210106155550	2000
20210106155550	2000
20210106155550	2000
20210106155550	2000
20210106155550	2000
20210106155550	2000
20210106155550	2000
20210106155550	2000
20210106155550	2000
20210106155550	2000
20210106155550	2000
20210106155550	2000
20210106155550	2000
20210106155550	2000
20210106155550	2000
20210106155550	2000
20210106155550	2000
20210106155550	2000
20210106155550	2000
20210106155550	2000
20210106155550	2000
20210106155550	2000
20210106155550	2000
20210106155550	2000
20210106155550	2000
20210106155550	2000
20210106155550	2000
20210106155550	2000
20210106155550	2000
20210106155551	2000
20210106155551	2000
20210106155551	2000
20210106155551	2000
20210106155551	2000
20210106155551	2000
20210106155551	2000
20210106155551	2000
20210106155551	2000
20210106155551	2000
20210106155551	2000
20210106155551	2000
20210106155551	2000
20210106155551	2000
20210106155551	2000
20210106155551	2000
20210106155551	2000
20210106155551	2000
20210106155551	2000
20210106155551	2000
20210106155551	2000
20210106155551	2000
20210106155551	2000
20210106155551	2000
20210106155551	2000
20210106155551	2000
20210106155551	2000
20210106155551	2000
20210106155551	2000
20210106155551	2000
20210106155551	2000
20210106155551	2000
20210106155551	2000
20210106155551	2000
20210106155551	2000
20210106155551	2000
20210106155551	2000
20210106155551	2000
20210106155552	2000
20210106155552	2000
20210106155552	2000
20210106155552	2000
20210106155552	2000
20210106155552	2000
20210106155552	2000
20210106155552	2000
20210106155552	2000
20210106155552	2000
20210106155552	2000
20210106155552	2000
20210106155552	2000
20210106155552	2000
20210106155552	2000
20210106155552	2000
20210106155552	2000
20210106155552	2000
20210106155552	2000
20210106155553	2000
20210106155553	2000
20210106155553	2000
20210106155553	2000
20210106155553	2000
20210106155553	2000
20210106155553	2000
20210106155553	2000
20210106155553	2000
20210106155553	2000
20210106155553	2000
20210106155553	2000
20210106155553	2000
20210106155553	2000
20210106155553	2000
20210106155553	2000
20210106155553	2000
20210106155553	2000
20210106155553	2000
20210106155553	2000
20210106155553	2000
20210106155553	2000
20210106155553	2000
20210106155553	2000
20210106155553	2000
20210106155553	2000
20210106155554	2000
20210106155554	2000
20210106155554	2000
20210106155554	2000
20210106155554	2000
20210106155554	2000
20210106155554	2000
20210106155554	2000
20210106155554	2000
20210106155554	2000
20210106155554	2000
20210106155554	2000
20210106155554	2000
20210106155554	2000
20210106155554	2000
20210106155554	2000
20210106155554	2000
20210106155554	2000
20210106155554	2000
20210106155554	2000
20210106155554	2000
20210106155554	2000
20210106155554	2000
20210106155554	2000
20210106155554	2000
20210106155554	2000
20210106155554	2000
20210106155554	2000
20210106155554	2000
20210106155554	2000
20210106155554	2000
20210106155554	2000
20210106155554	2000
20210106155554	2000
20210106155554	2000
20210106155554	2000
20210106155554	2000
20210106155554	2000
20210106155554	2000
20210106155554	2000
20210106155554	2000
20210106155554	2000
20210106155554	2000
20210106155555	2000
20210106155555	2000
20210106155555	2000
20210106155555	2000
20210106155555	2000
20210106155555	2000
20210106155555	2000
20210106155555	2000
20210106155555	2000
20210106155555	2000
20210106155555	2000
20210106155555	2000
20210106155555	2000
20210106155555	2000
20210106155555	2000
20210106155555	2000
20210106155555	2000
20210106155555	2000
20210106155555	2000
20210106155555	2000
20210106155555	2000
20210106155555	2000
20210106155555	1000
20210106155555	1000
20210106155555	1000
20210106155555	1000
20210106155555	1000
20210106155555	1000
20210106155555	1000
20210106155555	1000
20210106155555	1000
20210106155555	1000
20210106155555	1000
20210106155555	2000
20210106155555	2000
20210106155555	2000
20210106155555	2000
20210106155555	2000
20210106155555	2000
20210106155555	2000
20210106155556	2000
20210106155556	2000
20210106155556	2000
20210106155556	2000
20210106155556	2000
20210106155556	2000
20210106155556	1000
20210106155556	1000
20210106155556	1000
20210106155556	1000
20210106155556	1000
20210106155556	1000
20210106155556	1000
20210106155556	1000
20210106155556	1000
20210106155556	1000
20210106155556	1000
20210106155556	1000
20210106155556	1000
20210106155556	1000
20210106155556	1000
20210106155556	1000
20210106155556	1000
20210106155556	1000
20210106155556	1000
20210106155556	1000
20210106155556	1000
20210106155556	1000
20210106155556	1000
20210106155556	1000
20210106155556	1000
20210106155556	1000
20210106155556	1000
20210106155556	2000
20210106155557	2000
20210106155557	2000
20210106155557	2000
20210106155557	2000
20210106155557	2000
20210106155557	2000
20210106155557	2000
20210106155557	2000
20210106155557	2000
20210106155557	1000
20210106155557	1000
20210106155557	1000
20210106155557	1000
20210106155557	1000
20210106155557	1000
20210106155557	1000
20210106155557	1000
20210106155557	1000
20210106155557	1000
20210106155557	1000
20210106155557	1000
20210106155557	1000
20210106155557	1000
20210106155557	1000
20210106155557	1000
20210106155557	1000
20210106155557	1000
20210106155557	1000
20210106155557	1000
20210106155557	1000
20210106155557	1000
20210106155557	1000
20210106155557	1000
20210106155557	1000
20210106155557	1000
20210106155557	1000
20210106155557	1000
20210106155557	1000
20210106155557	1000
20210106155558	1000
20210106155558	1000
20210106155558	1000
20210106155558	1000
20210106155558	1000
20210106155558	1000
20210106155558	1000
20210106155558	1000
20210106155558	1000
20210106155558	1000
20210106155558	1000
20210106155558	1000
20210106155558	1000
20210106155558	1000
20210106155558	1000
20210106155558	1000
20210106155558	1000
20210106155558	1000
20210106155558	1000
20210106155558	1000
20210106155558	1000
20210106155558	1000
20210106155558	1000
20210106155558	1000
20210106155558	1000
20210106155558	1000
20210106155558	1000
20210106155558	1000
20210106155558	1000
20210106155558	1000
20210106155558	1000
20210106155558	1000
20210106155558	1000
20210106155558	1000
20210106155558	1000
20210106155558	1000
20210106155558	1000
20210106155558	1000
20210106155558	1000
20210106155558	1000
20210106155558	1000
20210106155558	1000
20210106155558	1000
20210106155558	1000
20210106155559	1000
20210106155559	1000
20210106155559	1000
20210106155559	1000
20210106155559	1000
20210106155559	1000
20210106155559	1000
20210106155559	1000
20210106155559	1000
20210106155559	1000
20210106155559	1000
20210106155559	1000
20210106155559	1000
20210106155559	1000
20210106155559	1000
20210106155559	1000
20210106155559	1000
20210106155559	1000
20210106155559	1000
20210106155559	1000
20210106155559	1000
20210106155559	1000
20210106155559	1000
20210106155559	1000
20210106155559	1000
20210106155559	1000
20210106155559	1000
20210106155559	1000
20210106155559	1000
20210106155559	1000
20210106155559	1000
20210106155559	1000
20210106155559	1000
20210106155559	1000
20210106155559	1000
20210106155559	1000
20210106155559	1000
20210106155559	1000
20210106155559	1000
20210106155600	1000
20210106155600	1000
20210106155600	1000
20210106155600	1000
20210106155600	1000
20210106155600	1000
20210106155600	1000
20210106155600	1000
20210106155600	1000
20210106155600	1000
20210106155600	1000
20210106155600	1000
20210106155600	1000
20210106155600	1000
20210106155600	1000
20210106155600	1000
20210106155600	1000
20210106155600	1000
20210106155600	1000
20210106155600	1000
20210106155600	1000
20210106155600	1000
20210106155600	1000
20210106155600	1000
20210106155600	1000
20210106155600	1000
20210106155600	1000
20210106155600	1000
20210106155600	1000
20210106155600	1000
20210106155600	1000
20210106155600	1000
20210106155600	1000
20210106155600	1000
20210106155600	1000
20210106155600	1000
20210106155600	1000
20210106155600	1000
20210106155600	1000
20210106155600	1000
20210106155601	1000
20210106155601	1000
20210106155601	1000
20210106155601	1000
20210106155601	1000
20210106155601	1000
20210106155601	1000
20210106155601	1000
20210106155601	1000
20210106155601	1000
20210106155601	1000
20210106155601	1000
20210106155601	1000
20210106155601	1000
20210106155601	1000
20210106155601	1000
20210106155601	1000
20210106155601	1000
20210106155601	1000
20210106155601	1000
20210106155601	1000
20210106155601	1000
20210106155601	1000
20210106155601	1000
20210106155601	1000
20210106155601	1000
20210106155601	1000
20210106155601	1000
20210106155601	1000
20210106155601	1000
20210106155601	1000
20210106155601	1000
20210106155601	1000
20210106155601	1000
20210106155601	1000
20210106155601	1000
20210106155601	1000
20210106155601	1000
20210106155601	1000
20210106155601	1000
20210106155601	1000
20210106155601	1000
20210106155601	1000
20210106155601	1000
20210106155601	1000
20210106155601	1000
20210106155601	1000
20210106155601	1000
20210106155601	1000
20210106155601	1000
20210106155601	1000
20210106155601	1000
20210106155601	1000
20210106155602	1000
20210106155602	1000
20210106155602	1000
20210106155602	1000
20210106155602	1000
20210106155602	1000
20210106155602	1000
20210106155602	1000
20210106155602	1000
20210106155602	1000
20210106155602	1000
20210106155602	1000
20210106155602	1000
20210106155602	1000
20210106155602	1000
20210106155602	1000
20210106155602	1000
20210106155602	1000
20210106155602	1000
20210106155602	1000
20210106155602	1000
20210106155602	1000
20210106155602	1000
20210106155602	1000
20210106155602	1000
20210106155602	1000
20210106155602	1000
20210106155602	1000
20210106155602	1000
20210106155602	1000
20210106155602	1000
20210106155602	1000
20210106155602	1000
20210106155602	1000
20210106155602	1000
20210106155602	1000
20210106155602	1000
20210106155602	1000
20210106155602	1000
20210106155602	1000
20210106155602	1000
20210106155602	1000
20210106155602	1000
20210106155602	1000
20210106155602	1000
20210106155602	1000
20210106155602	1000
20210106155602	1000
20210106155602	1000
20210106155602	1000
20210106155602	1000
20210106155602	1000
20210106155602	1000
20210106155602	1000
20210106155602	1000
20210106155602	1000
20210106155602	1000
20210106155602	1000
20210106155602	1000
20210106155602	1000
20210106155602	1000
20210106155602	1000
20210106155602	1000
20210106155602	1000
20210106155602	1000
20210106155602	1000
20210106155602	1000
20210106155602	1000
20210106155602	1000
20210106155602	1000
20210106155602	1000
20210106155602	1000
20210106155602	1000
20210106155602	1000
20210106155602	1000
20210106155602	1000
20210106155602	1000
20210106155602	1000
20210106155602	1000
20210106155602	1000
20210106155602	1000
20210106155602	1000
20210106155602	1000
20210106155602	1000
20210106155603	1000
20210106155603	1000
20210106155603	1000
20210106155603	1000
20210106155603	1000
20210106155603	1000
20210106155603	1000
20210106155603	1000
20210106155603	1000
20210106155603	1000
20210106155603	1000
20210106155603	1000
20210106155603	1000
20210106155603	1000
20210106155603	1000
20210106155603	1000
20210106155603	1000
20210106155603	1000
20210106155603	1000
20210106155603	1000
20210106155603	1000
20210106155603	1000
20210106155603	1000
20210106155603	1000
20210106155604	1000
20210106155604	1000
20210106155604	1000
20210106155604	1000
20210106155604	1000
20210106155604	1000
20210106155604	1000
20210106155604	1000
20210106155604	1000
20210106155604	1000
20210106155604	1000
20210106155604	1000
20210106155604	1000
20210106155604	1000
20210106155604	1000
20210106155604	1000
20210106155604	1000
20210106155604	1000
20210106155604	1000
20210106155604	1000
20210106155604	1000
20210106155604	1000
20210106155604	1000
20210106155604	1000
20210106155604	1000
20210106155604	1000
20210106155604	1000
20210106155604	1000
20210106155604	1000
20210106155604	1000
20210106155604	1000
20210106155604	1000
20210106155604	1000
20210106155604	1000
20210106155604	1000
20210106155604	1000
20210106155604	1000
20210106155604	1000
20210106155604	1000
20210106155604	1000
20210106155604	1000
20210106155604	1000
20210106155604	1000
20210106155605	1000
20210106155605	1000
20210106155605	1000
20210106155605	1000
20210106155605	1000
20210106155605	1000
20210106155605	1000
20210106155605	1000
20210106155605	1000
20210106155605	1000
20210106155605	1000
20210106155605	1000
20210106155605	1000
20210106155605	1000
20210106155605	1000
20210106155605	1000
20210106155605	1000
20210106155605	1000
20210106155605	1000
20210106155605	1000
20210106155605	1000
20210106155605	1000
20210106155605	1000
20210106155605	1000
20210106155605	1000
20210106155605	1000
20210106155605	1000
20210106155605	1000
20210106155605	1000
20210106155605	1000
20210106155605	1000
20210106155605	1000
20210106155605	1000
20210106155605	1000
20210106155605	1000
20210106155605	1000
20210106155605	1000
20210106155605	1000
20210106155606	1000
20210106155606	1000
20210106155606	1000
20210106155606	1000
20210106155606	1000
20210106155606	1000
20210106155606	1000
20210106155606	1000
20210106155606	1000
20210106155606	1000
20210106155606	1000
20210106155606	1000
20210106155606	1000
20210106155606	1000
20210106155606	1000
20210106155606	1000
20210106155606	1000
20210106155606	1000
20210106155606	1000
20210106155606	1000
20210106155606	1000
20210106155606	1000
20210106155606	1000
20210106155606	1000
20210106155606	1000
20210106155606	1000
20210106155606	1000
20210106155606	1000
20210106155607	1000
20210106155607	1000
20210106155607	1000
20210106155607	1000
20210106155607	1000
20210106155607	1000
20210106155607	1000
20210106155607	1000
20210106155607	1000
20210106155607	1000
20210106155607	1000
20210106155607	1000
20210106155607	1000
20210106155607	1000
20210106155607	1000
20210106155607	1000
20210106155607	1000
20210106155607	1000
20210106155607	1000
20210106155607	1000
20210106155607	1000
20210106155607	1000
20210106155607	1000
20210106155607	1000
20210106155607	1000
20210106155607	1000
20210106155607	1000
20210106155607	1000
20210106155607	1000
20210106155607	1000
20210106155607	1000
20210106155607	1000
20210106155608	1000
20210106155608	1000
20210106155608	1000
20210106155608	1000
20210106155608	1000
20210106155608	1000
20210106155608	1000
20210106155608	1000
20210106155608	1000
20210106155608	1000
20210106155608	1000
20210106155608	1000
20210106155608	1000
20210106155608	1000
20210106155608	1000
20210106155608	1000
20210106155608	1000
20210106155608	1000
20210106155608	1000
20210106155608	1000
20210106155608	1000
20210106155608	1000
20210106155608	1000
20210106155608	1000
20210106155608	1000
20210106155608	1000
20210106155608	1000
20210106155608	1000
20210106155608	1000
20210106155608	1000
20210106155608	1000
20210106155608	1000
20210106155608	1000
20210106155608	1000
20210106155608	1000
20210106155608	1000
20210106155608	1000
20210106155608	1000
20210106155608	1000
20210106155608	1000
20210106155608	1000
20210106155608	1000
20210106155608	1000
20210106155608	1000
20210106155608	1000
20210106155608	1000
20210106155608	1000
20210106155608	1000
20210106155608	1000
20210106155608	1000
20210106155608	1000
20210106155608	1000
20210106155608	1000
20210106155608	1000
20210106155609	1000
20210106155609	1000
20210106155609	1000
20210106155609	1000
20210106155609	1000
20210106155609	1000
20210106155609	1000
20210106155609	1000
20210106155609	1000
20210106155609	1000
20210106155609	1000
20210106155609	1000
20210106155609	1000
20210106155609	1000
20210106155609	1000
20210106155609	1000
20210106155609	1000
20210106155609	1000
20210106155609	1000
20210106155609	1000
20210106155609	1000
20210106155609	1000
20210106155609	1000
20210106155609	1000
20210106155609	1000
20210106155609	1000
20210106155609	1000
20210106155609	1000
20210106155609	1000
20210106155609	1000
20210106155609	1000
20210106155609	1000
20210106155609	1000
20210106155609	1000
20210106155609	1000
20210106155609	1000
20210106155609	1000
20210106155609	1000
20210106155609	1000
20210106155609	1000
20210106155609	1000
20210106155609	1000
20210106155609	1000
20210106155609	1000
20210106155609	1000
20210106155609	1000
20210106155609	1000
20210106155609	1000
20210106155609	1000
20210106155609	1000
20210106155609	1000
20210106155609	1000
20210106155609	1000
20210106155609	1000
20210106155610	1000
20210106155610	1000
20210106155610	1000
20210106155610	1000
20210106155610	1000
20210106155610	1000
20210106155610	1000
20210106155610	1000
20210106155610	1000
20210106155610	1000
20210106155610	1000
20210106155610	1000
20210106155610	1000
20210106155610	1000
20210106155610	1000
20210106155610	1000
20210106155610	1000
20210106155610	1000
20210106155610	1000
20210106155610	1000
20210106155610	1000
20210106155610	1000
20210106155610	1000
20210106155610	1000
20210106155610	1000
20210106155610	1000
20210106155610	1000
20210106155610	1000
20210106155610	1000
20210106155610	1000
20210106155610	1000
20210106155610	1000
20210106155610	1000
20210106155610	1000
20210106155610	1000
20210106155610	1000
20210106155610	1000
20210106155611	1000
20210106155611	1000
20210106155611	1000
20210106155611	1000
20210106155611	1000
20210106155611	1000
20210106155611	1000
20210106155611	1000
20210106155611	1000
20210106155611	1000
20210106155611	1000
20210106155611	1000
20210106155611	1000
20210106155611	1000
20210106155611	1000
20210106155611	1000
20210106155611	1000
20210106155611	1000
20210106155611	1000
20210106155611	1000
20210106155611	1000
20210106155611	1000
20210106155611	1000
20210106155611	1000
20210106155611	1000
20210106155611	1000
20210106155611	1000
20210106155611	1000
20210106155611	1000
20210106155611	1000
20210106155611	1000
20210106155611	1000
20210106155611	1000
20210106155611	1000
20210106155611	1000
20210106155611	1000
20210106155611	1000
20210106155611	1000
20210106155611	1000
20210106155611	1000
20210106155611	1000
20210106155611	1000
20210106155611	1000
20210106155611	1000
20210106155611	1000
20210106155611	1000
20210106155611	1000
20210106155611	1000
20210106155611	1000
20210106155611	1000
20210106155611	1000
20210106155611	1000
20210106155611	1000
20210106155611	1000
20210106155611	1000
20210106155611	1000
20210106155611	1000
20210106155612	1000
20210106155612	1000
20210106155612	1000
20210106155612	1000
20210106155612	1000
20210106155612	1000
20210106155612	1000
20210106155612	1000
20210106155612	1000
20210106155612	1000
20210106155612	1000
20210106155612	1000
20210106155612	1000
20210106155612	1000
20210106155612	1000
20210106155612	1000
20210106155612	1000
20210106155612	1000
20210106155612	1000
20210106155612	1000
20210106155612	1000
20210106155612	1000
20210106155612	1000
20210106155612	1000
20210106155612	1000
20210106155612	1000
20210106155612	1000
20210106155612	1000
20210106155612	1000
20210106155612	1000
20210106155612	1000
20210106155612	1000
20210106155612	1000
20210106155612	1000
20210106155613	1000
20210106155613	1000
20210106155613	1000
20210106155613	1000
20210106155613	1000
20210106155613	1000
20210106155613	1000
20210106155613	1000
20210106155613	1000
20210106155613	1000
20210106155613	1000
20210106155613	1000
20210106155613	1000
20210106155613	1000
20210106155613	1000
20210106155613	1000
20210106155613	1000
20210106155613	1000
20210106155613	1000
20210106155613	1000
20210106155613	1000
20210106155613	1000
20210106155613	1000
20210106155613	1000
20210106155613	1000
20210106155613	1000
20210106155613	1000
20210106155613	1000
20210106155613	1000
20210106155613	1000
20210106155613	1000
20210106155613	1000
20210106155613	1000
20210106155613	1000
20210106155613	1000
20210106155613	1000
20210106155613	1000
20210106155613	1000
20210106155614	1000
20210106155614	1000
20210106155614	1000
20210106155614	1000
20210106155614	1000
20210106155614	1000
20210106155614	1000
20210106155614	1000
20210106155614	1000
20210106155614	1000
20210106155614	1000
20210106155614	1000
20210106155614	1000
20210106155614	1000
20210106155614	1000
20210106155614	1000
20210106155614	1000
20210106155614	1000
20210106155614	1000
20210106155614	1000
20210106155614	1000
20210106155614	1000
20210106155614	1000
20210106155614	1000
20210106155614	1000
20210106155614	1000
20210106155614	1000
20210106155614	1000
20210106155614	1000
20210106155614	1000
20210106155614	1000
20210106155614	1000
20210106155614	1000
20210106155614	1000
20210106155614	1000
20210106155614	1000
20210106155614	1000
20210106155614	1000
20210106155614	1000
20210106155614	1000
20210106155614	1000
20210106155614	1000
20210106155614	1000
20210106155614	1000
20210106155614	1000
20210106155614	1000
20210106155615	1000
20210106155615	1000
20210106155615	1000
20210106155615	1000
20210106155615	1000
20210106155615	1000
20210106155615	1000
20210106155615	1000
20210106155615	1000
20210106155615	1000
20210106155615	1000
20210106155615	1000
20210106155615	1000
20210106155615	1000
20210106155615	1000
20210106155615	1000
20210106155615	1000
20210106155615	1000
20210106155615	1000
20210106155615	1000
20210106155615	1000
20210106155615	1000
20210106155615	1000
20210106155615	1000
20210106155615	1000
20210106155615	1000
20210106155615	1000
20210106155615	1000
20210106155615	1000
20210106155615	1000
20210106155615	1000
20210106155615	1000
20210106155615	1000
20210106155615	1000
20210106155615	1000
20210106155615	1000
20210106155615	1000
20210106155615	1000
20210106155615	1000
20210106155615	1000
20210106155615	1000
20210106155615	1000
20210106155615	1000
20210106155615	1000
20210106155615	1000
20210106155615	1000
20210106155615	1000
20210106155615	1000
20210106155615	1000
20210106155615	1000
20210106155615	1000
20210106155615	1000
20210106155616	1000
20210106155616	1000
20210106155616	1000
20210106155616	1000
20210106155616	1000
20210106155616	1000
20210106155616	1000
20210106155616	1000
20210106155616	1000
20210106155616	1000
20210106155616	1000
20210106155616	1000
20210106155616	1000
20210106155616	1000
20210106155616	1000
20210106155616	1000
20210106155616	1000
20210106155616	1000
20210106155616	1000
20210106155616	1000
20210106155616	1000
20210106155616	1000
20210106155616	1000
20210106155616	1000
20210106155616	1000
20210106155617	1000
20210106155617	1000
20210106155617	1000
20210106155617	1000
20210106155617	1000
20210106155617	1000
20210106155617	1000
20210106155617	1000
20210106155617	1000
20210106155617	1000
20210106155617	1000
20210106155617	1000
20210106155617	1000
20210106155617	1000
20210106155617	1000
20210106155617	1000
20210106155617	1000
20210106155617	1000
20210106155617	1000
20210106155617	1000
20210106155617	1000
20210106155617	1000
20210106155617	1000
20210106155617	1000
20210106155617	1000
20210106155617	1000
20210106155617	1000
20210106155617	1000
20210106155617	1000
20210106155618	1000
20210106155618	1000
20210106155618	1000
20210106155618	1000
20210106155618	1000
20210106155618	1000
20210106155618	1000
20210106155618	1000
20210106155618	1000
20210106155618	1000
20210106155618	1000
20210106155618	1000
20210106155618	1000
20210106155618	1000
20210106155618	1000
20210106155618	1000
20210106155618	1000
20210106155618	1000
20210106155618	1000
20210106155618	1000
20210106155618	1000
20210106155618	1000
20210106155618	1000
20210106155618	1000
20210106155618	1000
20210106155618	1000
20210106155618	1000
20210106155618	1000
20210106155618	1000
20210106155618	1000
20210106155618	1000
20210106155618	1000
20210106155618	1000
20210106155618	1000
20210106155618	1000
20210106155618	1000
20210106155618	1000
20210106155618	1000
20210106155618	1000
20210106155618	1000
20210106155618	1000
20210106155618	1000
20210106155618	1000
20210106155618	1000
20210106155618	1000
20210106155618	1000
20210106155618	1000
20210106155618	1000
20210106155618	1000
20210106155618	1000
20210106155618	1000
20210106155619	1000
20210106155619	1000
20210106155619	1000
20210106155619	1000
20210106155619	1000
20210106155619	1000
20210106155619	2000
20210106155619	2000
20210106155619	2000
20210106155619	2000
20210106155619	2000
20210106155619	2000
20210106155619	2000
20210106155619	2000
20210106155619	2000
20210106155619	2000
20210106155619	2000
20210106155619	2000
20210106155619	2000
20210106155619	2000
20210106155619	2000
20210106155619	2000
20210106155619	2000
20210106155619	2000
20210106155619	2000
20210106155619	2000
20210106155619	2000
20210106155619	2000
20210106155619	2000
20210106155619	2000
20210106155619	2000
20210106155619	2000
20210106155619	2000
20210106155619	2000
20210106155619	2000
20210106155619	2000
20210106155619	2000
20210106155619	2000
20210106155619	2000
20210106155619	2000
20210106155620	2000
20210106155620	2000
20210106155620	2000
20210106155620	2000
20210106155620	2000
20210106155620	2000
20210106155620	2000
20210106155620	2000
20210106155620	2000
20210106155620	2000
20210106155620	2000
20210106155620	2000
20210106155620	2000
20210106155620	2000
20210106155620	2000
20210106155620	2000
20210106155620	2000
20210106155620	2000
20210106155620	2000
20210106155620	2000
20210106155620	2000
20210106155620	2000
20210106155620	2000
20210106155620	2000
20210106155620	2000
20210106155620	2000
20210106155620	2000
20210106155620	2000
20210106155620	2000
20210106155620	2000
20210106155620	2000
20210106155620	2000
20210106155620	2000
20210106155620	2000
20210106155620	2000
20210106155620	2000
20210106155620	2000
20210106155620	2000
20210106155620	2000
20210106155620	2000
20210106155620	2000
20210106155620	2000
20210106155620	2000
20210106155620	2000
20210106155620	2000
20210106155620	2000
20210106155620	2000
20210106155620	2000
20210106155620	2000
20210106155620	2000
20210106155620	2000
20210106155620	2000
20210106155620	2000
20210106155620	2000
20210106155620	2000
20210106155620	2000
20210106155620	2000
20210106155620	2000
20210106155620	2000
20210106155620	2000
20210106155620	2000
20210106155620	2000
20210106155620	2000
20210106155620	2000
20210106155620	2000
20210106155621	2000
20210106155621	2000
20210106155621	2000
20210106155621	2000
20210106155621	2000
20210106155621	2000
20210106155621	2000
20210106155621	2000
20210106155621	2000
20210106155621	2000
20210106155621	2000
20210106155621	2000
20210106155621	2000
20210106155621	2000
20210106155621	2000
20210106155621	2000
20210106155621	2000
20210106155621	2000
20210106155621	2000
20210106155621	2000
20210106155621	2000
20210106155621	2000
20210106155621	2000
20210106155621	2000
20210106155621	2000
20210106155621	2000
20210106155621	2000
20210106155621	2000
20210106155622	2000
20210106155622	2000
20210106155622	2000
20210106155622	2000
20210106155622	2000
20210106155622	2000
20210106155622	2000
20210106155622	2000
20210106155622	2000
20210106155622	2000
20210106155622	2000
20210106155622	2000
20210106155622	2000
20210106155622	2000
20210106155622	2000
20210106155622	2000
20210106155622	2000
20210106155622	2000
20210106155622	2000
20210106155622	2000
20210106155622	2000
20210106155622	2000
20210106155622	2000
20210106155622	2000
20210106155622	2000
20210106155622	2000
20210106155622	2000
20210106155623	2000
20210106155623	2000
20210106155623	2000
20210106155623	2000
20210106155623	2000
20210106155623	2000
20210106155623	2000
20210106155623	2000
20210106155623	2000
20210106155623	2000
20210106155623	2000
20210106155623	2000
20210106155623	2000
20210106155623	2000
20210106155623	2000
20210106155623	2000
20210106155623	2000
20210106155623	2000
20210106155623	2000
20210106155623	2000
20210106155623	2000
20210106155623	2000
20210106155623	2000
20210106155623	2000
20210106155623	2000
20210106155623	2000
20210106155623	2000
20210106155623	2000
20210106155623	2000
20210106155623	2000
20210106155623	2000
20210106155623	2000
20210106155623	2000
20210106155623	2000
20210106155623	2000
20210106155623	2000
20210106155623	2000
20210106155623	2000
20210106155623	2000
20210106155623	2000
20210106155623	2000
20210106155623	2000
20210106155623	2000
20210106155623	2000
20210106155623	2000
20210106155623	2000
20210106155623	2000
20210106155623	2000
20210106155623	2000
20210106155624	2000
20210106155624	2000
20210106155624	2000
20210106155624	2000
20210106155624	2000
20210106155624	2000
20210106155624	2000
20210106155624	2000
20210106155624	2000
20210106155624	2000
20210106155624	2000
20210106155624	2000
20210106155624	2000
20210106155624	2000
20210106155624	2000
20210106155624	2000
20210106155624	2000
20210106155624	2000
20210106155624	2000
20210106155624	2000
20210106155624	2000
20210106155624	2000
20210106155624	2000
20210106155624	2000
20210106155624	2000
20210106155624	2000
20210106155624	2000
20210106155624	2000
20210106155624	2000
20210106155624	2000
20210106155624	2000
20210106155624	2000
20210106155624	2000
20210106155624	2000
20210106155624	2000
20210106155624	2000
20210106155624	2000
20210106155624	2000
20210106155624	2000
20210106155624	2000
20210106155624	2000
20210106155624	2000
20210106155624	2000
20210106155625	2000
20210106155625	2000
20210106155625	2000
20210106155625	2000
20210106155625	2000
20210106155625	2000
20210106155625	2000
20210106155625	2000
20210106155625	2000
20210106155625	2000
20210106155625	2000
20210106155625	2000
20210106155625	2000
20210106155625	2000
20210106155625	2000
20210106155625	2000
20210106155625	2000
20210106155625	2000
20210106155625	2000
20210106155625	2000
20210106155625	2000
20210106155625	2000
20210106155625	2000
20210106155625	2000
20210106155625	2000
20210106155625	2000
20210106155625	2000
20210106155625	2000
20210106155625	2000
20210106155625	2000
20210106155626	2000
20210106155626	2000
20210106155626	2000
20210106155626	2000
20210106155626	2000
20210106155626	2000
20210106155626	2000
20210106155626	2000
20210106155626	2000
20210106155626	2000
20210106155626	2000
20210106155626	2000
20210106155626	2000
20210106155626	2000
20210106155626	2000
20210106155626	2000
20210106155626	2000
20210106155626	2000
20210106155626	2000
20210106155626	2000
20210106155626	2000
20210106155626	2000
20210106155626	2000
20210106155626	2000
20210106155626	2000
20210106155626	2000
20210106155626	2000
20210106155626	2000
20210106155626	2000
20210106155626	2000
20210106155626	2000
20210106155626	2000
20210106155626	2000
20210106155626	2000
20210106155626	2000
20210106155626	2000
20210106155626	2000
20210106155626	2000
20210106155626	2000
20210106155626	2000
20210106155627	2000
20210106155627	2000
20210106155627	2000
20210106155627	2000
20210106155627	2000
20210106155627	2000
20210106155627	2000
20210106155627	2000
20210106155627	2000
20210106155627	2000
20210106155627	2000
20210106155627	2000
20210106155627	2000
20210106155627	2000
20210106155627	2000
20210106155627	2000
20210106155627	2000
20210106155627	2000
20210106155627	2000
20210106155627	2000
20210106155627	2000
20210106155627	2000
20210106155627	2000
20210106155627	2000
20210106155627	2000
20210106155627	2000
20210106155627	2000
20210106155627	2000
20210106155627	2000
20210106155627	2000
20210106155627	2000
20210106155627	2000
20210106155627	2000
20210106155627	2000
20210106155627	2000
20210106155627	2000
20210106155627	2000
20210106155627	2000
20210106155627	2000
20210106155627	2000
20210106155627	2000
20210106155627	2000
20210106155627	2000
20210106155627	2000
20210106155627	2000
20210106155627	2000
20210106155627	2000
20210106155627	2000
20210106155627	2000
20210106155627	2000
20210106155627	2000
20210106155628	2000
20210106155628	2000
20210106155628	2000
20210106155628	2000
20210106155628	2000
20210106155628	2000
20210106155628	2000
20210106155628	2000
20210106155628	2000
20210106155628	2000
20210106155628	2000
20210106155628	2000
20210106155628	2000
20210106155628	2000
20210106155628	2000
20210106155628	2000
20210106155628	2000
20210106155628	2000
20210106155628	2000
20210106155628	2000
20210106155628	2000
20210106155628	2000
20210106155628	2000
20210106155628	2000
20210106155628	2000
20210106155628	2000
20210106155628	2000
20210106155628	2000
20210106155628	2000
20210106155628	2000
20210106155628	2000
20210106155628	2000
20210106155628	2000
20210106155628	2000
20210106155628	2000
20210106155628	2000
20210106155628	2000
20210106155628	2000
20210106155628	2000
20210106155628	2000
20210106155628	2000
20210106155628	2000
20210106155628	2000
20210106155629	2000
20210106155629	2000
20210106155629	2000
20210106155629	2000
20210106155629	2000
20210106155629	2000
20210106155629	2000
20210106155629	2000
20210106155629	2000
20210106155629	2000
20210106155629	2000
20210106155629	2000
20210106155629	2000
20210106155629	2000
20210106155629	2000
20210106155629	2000
20210106155629	2000
20210106155629	2000
20210106155629	2000
20210106155629	2000
20210106155629	2000
20210106155629	2000
20210106155629	2000
20210106155629	2000
20210106155629	2000
20210106155629	2000
20210106155629	2000
20210106155629	2000
20210106155629	2000
20210106155629	2000
20210106155629	2000
20210106155629	2000
20210106155629	2000
20210106155629	2000
20210106155629	2000
20210106155629	2000
20210106155629	2000
20210106155629	2000
20210106155629	2000
20210106155629	2000
20210106155629	2000
20210106155629	2000
20210106155629	2000
20210106155630	2000
20210106155630	2000
20210106155630	2000
20210106155630	2000
20210106155630	2000
20210106155630	2000
20210106155630	2000
20210106155630	2000
20210106155630	2000
20210106155630	2000
20210106155630	2000
20210106155630	2000
20210106155630	2000
20210106155630	2000
20210106155630	2000
20210106155630	2000
20210106155630	2000
20210106155630	2000
20210106155630	2000
20210106155630	2000
20210106155630	2000
20210106155630	2000
20210106155630	2000
20210106155630	2000
20210106155630	2000
20210106155630	2000
20210106155630	2000
20210106155630	2000
20210106155630	2000
20210106155630	2000
20210106155630	2000
20210106155631	2000
20210106155631	2000
20210106155631	2000
20210106155631	2000
20210106155631	2000
20210106155631	2000
20210106155631	2000
20210106155631	2000
20210106155631	2000
20210106155631	2000
20210106155631	2000
20210106155631	2000
20210106155631	2000
20210106155631	2000
20210106155631	2000
20210106155631	2000
20210106155631	2000
20210106155631	2000
20210106155631	2000
20210106155631	2000
20210106155631	2000
20210106155631	2000
20210106155631	2000
20210106155631	2000
20210106155631	2000
20210106155631	2000
20210106155631	2000
20210106155631	2000
20210106155631	2000
20210106155631	2000
20210106155631	2000
20210106155631	2000
20210106155631	2000
20210106155631	2000
20210106155631	2000
20210106155631	2000
20210106155631	2000
20210106155631	2000
20210106155631	2000
20210106155631	2000
20210106155631	2000
20210106155631	2000
20210106155631	2000
20210106155631	2000
20210106155631	2000
20210106155631	2000
20210106155631	1979.29
20210106155631	1979.29
20210106155631	1979.29
20210106155631	1979.29
20210106155631	1979.29
20210106155631	1979.29
20210106155632	1979.29
20210106155632	1979.29
20210106155632	1979.29
20210106155632	1979.29
20210106155632	1963.37
20210106155632	1963.37
20210106155632	1963.37
20210106155632	1963.37
20210106155632	1963.37
20210106155632	1963.37
20210106155632	1963.37
20210106155632	1963.37
20210106155632	1963.37
20210106155632	1963.37
20210106155632	1931.54
20210106155632	1931.54
20210106155632	1931.54
20210106155632	1931.54
20210106155632	1931.54
20210106155632	1931.54
20210106155632	1931.54
20210106155632	1931.54
20210106155632	1931.54
20210106155632	1931.54
20210106155632	1899.71
20210106155632	1899.71
20210106155632	1899.71
20210106155632	1899.71
20210106155633	1899.71
20210106155633	1899.71
20210106155633	1899.71
20210106155633	1899.71
20210106155633	1899.71
20210106155633	1899.71
20210106155633	1883.8
20210106155633	1883.8
20210106155633	1883.8
20210106155633	1883.8
20210106155633	1883.8
20210106155633	1883.8
20210106155633	1883.8
20210106155633	1883.8
20210106155633	1883.8
20210106155633	1883.8
20210106155633	1851.96
20210106155633	1851.96
20210106155633	1851.96
20210106155633	1851.96
20210106155633	1851.96
20210106155633	1851.96
20210106155633	1851.96
20210106155634	1851.96
20210106155634	1851.96
20210106155634	1851.96
20210106155634	1820.13
20210106155634	1820.13
20210106155634	1820.13
20210106155634	1820.13
20210106155634	1820.13
20210106155634	1820.13
20210106155634	1820.13
20210106155634	1820.13
20210106155634	1820.13
20210106155634	1820.13
20210106155634	1804.22
20210106155634	1804.22
20210106155634	1804.22
20210106155634	1804.22
20210106155634	1804.22
20210106155634	1804.22
20210106155634	1804.22
20210106155634	1804.22
20210106155634	1804.22
20210106155634	1804.22
20210106155634	1772.39
20210106155634	1772.39
20210106155634	1772.39
20210106155634	1772.39
20210106155634	1772.39
20210106155634	1772.39
20210106155634	1772.39
20210106155634	1772.39
20210106155634	1772.39
20210106155634	1772.39
20210106155634	1756.47
20210106155634	1756.47
20210106155634	1756.47
20210106155634	1756.47
20210106155634	1756.47
20210106155634	1756.47
20210106155634	1756.47
20210106155634	1756.47
20210106155634	1756.47
20210106155634	1756.47
20210106155634	1724.64
20210106155635	1724.64
20210106155635	1724.64
20210106155635	1724.64
20210106155635	1724.64
20210106155635	1724.64
20210106155635	1724.64
20210106155635	1724.64
20210106155635	1724.64
20210106155635	1724.64
20210106155635	1708.72
20210106155635	1708.72
20210106155635	1708.72
20210106155635	1708.72
20210106155635	1708.72
20210106155635	1708.72
20210106155635	1708.72
20210106155635	1708.72
20210106155635	1708.72
20210106155635	1708.72
20210106155635	1676.89
20210106155635	1676.89
20210106155635	1676.89
20210106155635	1676.89
20210106155635	1676.89
20210106155635	1676.89
20210106155635	1676.89
20210106155635	1676.89
20210106155635	1676.89
20210106155635	1676.89
20210106155635	1645.06
20210106155635	1645.06
20210106155635	1645.06
20210106155635	1645.06
20210106155635	1645.06
20210106155635	1645.06
20210106155635	1645.06
20210106155635	1645.06
20210106155635	1645.06
20210106155635	1645.06
20210106155635	1629.15
20210106155635	1629.15
20210106155635	1629.15
20210106155635	1629.15
20210106155635	1629.15
20210106155635	1629.15
20210106155635	1629.15
20210106155635	1629.15
20210106155635	1629.15
20210106155635	1629.15
20210106155635	1597.32
20210106155635	1597.32
20210106155635	1597.32
20210106155635	1597.32
20210106155635	1597.32
20210106155635	1597.32
20210106155635	1597.32
20210106155635	1597.32
20210106155636	1597.32
20210106155636	1597.32
20210106155636	1565.49
20210106155636	1565.49
20210106155636	1565.49
20210106155636	1565.49
20210106155636	1565.49
20210106155636	1565.49
20210106155636	1565.49
20210106155636	1565.49
20210106155636	1565.49
20210106155636	1565.49
20210106155636	1549.57
20210106155636	1549.57
20210106155636	1549.57
20210106155636	1549.57
20210106155636	1549.57
20210106155636	1549.57
20210106155636	1549.57
20210106155636	1549.57
20210106155636	1549.57
20210106155636	1549.57
20210106155636	1517.74
20210106155636	1517.74
20210106155636	1517.74
20210106155636	1517.74
20210106155636	1517.74
20210106155636	1517.74
20210106155636	1517.74
20210106155636	1517.74
20210106155636	1517.74
20210106155636	1517.74
20210106155636	1485.91
20210106155636	1485.91
20210106155636	1485.91
20210106155636	1485.91
20210106155636	1485.91
20210106155636	1485.91
20210106155636	1485.91
20210106155636	1485.91
20210106155636	1485.91
20210106155636	1485.91
20210106155636	1454.08
20210106155636	1454.08
20210106155636	1454.08
20210106155636	1454.08
20210106155636	1454.08
20210106155636	1454.08
20210106155636	1454.08
20210106155636	1454.08
20210106155636	1454.08
20210106155636	1454.08
20210106155637	1438.16
20210106155637	1438.16
20210106155637	1438.16
20210106155637	1438.16
20210106155637	1438.16
20210106155637	1438.16
20210106155637	1438.16
20210106155637	1438.16
20210106155637	1438.16
20210106155637	1438.16
20210106155637	1406.33
20210106155637	1406.33
20210106155637	1406.33
20210106155637	1406.33
20210106155637	1406.33
20210106155637	1406.33
20210106155637	1406.33
20210106155637	1406.33
20210106155637	1406.33
20210106155637	1406.33
20210106155637	1374.5
20210106155637	1374.5
20210106155637	1374.5
20210106155637	1374.5
20210106155637	1374.5
20210106155637	1374.5
20210106155637	1374.5
20210106155637	1374.5
20210106155637	1374.5
20210106155637	1374.5
20210106155637	1342.67
20210106155637	1342.67
20210106155637	1342.67
20210106155637	1342.67
20210106155637	1342.67
20210106155637	1342.67
20210106155637	1342.67
20210106155637	1342.67
20210106155637	1342.67
20210106155637	1342.67
20210106155637	1310.84
20210106155637	1310.84
20210106155637	1310.84
20210106155637	1310.84
20210106155638	1310.84
20210106155638	1310.84
20210106155638	1310.84
20210106155638	1310.84
20210106155638	1310.84
20210106155638	1310.84
20210106155638	1263.09
20210106155638	1263.09
20210106155638	1263.09
20210106155638	1263.09
20210106155638	1263.09
20210106155638	1263.09
20210106155638	1263.09
20210106155638	1263.09
20210106155638	1263.09
20210106155638	1263.09
20210106155638	1231.26
20210106155638	1231.26
20210106155638	1231.26
20210106155638	1231.26
20210106155638	1231.26
20210106155638	1231.26
20210106155638	1231.26
20210106155638	1231.26
20210106155638	1231.26
20210106155638	1231.26
20210106155638	1199.43
20210106155638	1199.43
20210106155638	1199.43
20210106155638	1199.43
20210106155638	1199.43
20210106155638	1199.43
20210106155638	1199.43
20210106155638	1199.43
20210106155638	1199.43
20210106155638	1199.43
20210106155638	1167.6
20210106155638	1167.6
20210106155638	1167.6
20210106155638	1167.6
20210106155638	1167.6
20210106155638	1167.6
20210106155638	1167.6
20210106155638	1167.6
20210106155638	1167.6
20210106155638	1167.6
20210106155638	1119.85
20210106155638	1119.85
20210106155639	1119.85
20210106155639	1119.85
20210106155639	1119.85
20210106155639	1119.85
20210106155639	1119.85
20210106155639	1119.85
20210106155639	1119.85
20210106155639	1119.85
20210106155639	1088.02
20210106155639	1088.02
20210106155639	1088.02
20210106155639	1088.02
20210106155639	1088.02
20210106155639	1088.02
20210106155639	1088.02
20210106155639	1088.02
20210106155639	1088.02
20210106155639	1088.02
20210106155639	1056.19
20210106155639	1056.19
