20210115200040	1000
20210115200040	1000
20210115200040	1000
20210115200040	1000
20210115200040	1000
20210115200040	1000
20210115200040	1000
20210115200040	1000
20210115200040	1000
20210115200040	1000
20210115200040	1000
20210115200040	1000
20210115200040	1000
20210115200040	1000
20210115200040	1000
20210115200040	1000
20210115200040	1000
20210115200040	1000
20210115200040	1000
20210115200040	1000
20210115200040	1000
20210115200040	1000
20210115200040	1000
20210115200040	1000
20210115200040	1000
20210115200040	1000
20210115200040	1000
20210115200040	1000
20210115200040	1000
20210115200040	1000
20210115200040	1000
20210115200040	1000
20210115200040	1000
20210115200040	1000
20210115200040	1000
20210115200040	1000
20210115200040	1000
20210115200040	1000
20210115200040	1000
20210115200040	1000
20210115200040	1000
20210115200040	1000
20210115200040	1000
20210115200040	1000
20210115200040	1000
20210115200040	1000
20210115200040	1000
20210115200040	1000
20210115200040	1000
20210115200040	1000
20210115200040	1000
20210115200040	1000
20210115200040	1000
20210115200040	1000
20210115200040	1000
20210115200040	1000
20210115200040	1000
20210115200040	1000
20210115200040	1000
20210115200041	1000
20210115200041	1000
20210115200041	1000
20210115200041	1000
20210115200041	1000
20210115200041	1000
20210115200041	1000
20210115200041	1000
20210115200041	1000
20210115200041	1000
20210115200041	1000
20210115200041	1000
20210115200041	1000
20210115200041	1000
20210115200041	1000
20210115200041	1000
20210115200041	1000
20210115200041	1000
20210115200041	1000
20210115200041	1000
20210115200041	1000
20210115200041	1000
20210115200041	1000
20210115200041	1000
20210115200041	1000
20210115200041	1000
20210115200041	1000
20210115200041	1000
20210115200041	1000
20210115200041	1000
20210115200041	1000
20210115200041	1000
20210115200042	1000
20210115200042	1000
20210115200042	1000
20210115200042	1000
20210115200042	1000
20210115200042	1000
20210115200042	1000
20210115200042	1000
20210115200042	1000
20210115200042	1000
20210115200042	1000
20210115200042	1000
20210115200042	1000
20210115200042	1000
20210115200042	1000
20210115200042	1000
20210115200042	1000
20210115200042	1000
20210115200042	1000
20210115200042	1000
20210115200042	1000
20210115200042	1000
20210115200042	1000
20210115200042	1000
20210115200042	1000
20210115200042	1000
20210115200042	1000
20210115200042	1000
20210115200042	1000
20210115200042	1000
20210115200042	1000
20210115200042	1000
20210115200042	1000
20210115200043	1000
20210115200043	1000
20210115200043	1000
20210115200043	1000
20210115200043	1000
20210115200043	1000
20210115200043	1000
20210115200043	1000
20210115200043	1000
20210115200043	1000
20210115200043	1000
20210115200043	1000
20210115200043	1000
20210115200043	1000
20210115200043	1000
20210115200043	1000
20210115200043	1000
20210115200043	1000
20210115200043	1000
20210115200043	1000
20210115200043	1000
20210115200043	1000
20210115200043	1000
20210115200043	1000
20210115200043	1000
20210115200043	1000
20210115200043	1000
20210115200043	1000
20210115200043	1000
20210115200043	1000
20210115200043	1000
20210115200044	1000
20210115200044	1000
20210115200044	1000
20210115200044	1000
20210115200044	1000
20210115200044	1000
20210115200044	1000
20210115200044	1000
20210115200044	1000
20210115200044	1000
20210115200044	1000
20210115200044	1000
20210115200044	1000
20210115200044	1000
20210115200044	1000
20210115200044	1000
20210115200044	1000
20210115200044	1000
20210115200044	1000
20210115200044	1000
20210115200044	1000
20210115200044	1000
20210115200044	1000
20210115200044	1000
20210115200044	1000
20210115200044	1000
20210115200044	1000
20210115200044	1000
20210115200044	1000
20210115200044	1000
20210115200044	1000
20210115200044	1000
20210115200044	1000
20210115200044	1000
20210115200044	1000
20210115200044	1000
20210115200044	1000
20210115200044	1000
20210115200044	1000
20210115200044	1000
20210115200044	1000
20210115200044	1000
20210115200044	1000
20210115200044	1000
20210115200044	1000
20210115200044	1000
20210115200044	1000
20210115200044	1000
20210115200044	1000
20210115200044	1000
20210115200044	1000
20210115200044	1000
20210115200044	1000
20210115200045	1000
20210115200045	1000
20210115200045	1000
20210115200045	1000
20210115200045	1000
20210115200045	1000
20210115200045	1000
20210115200045	1000
20210115200045	1000
20210115200045	1000
20210115200045	1000
20210115200045	1000
20210115200045	1000
20210115200045	1000
20210115200045	1000
20210115200045	1000
20210115200045	1000
20210115200045	1000
20210115200045	1000
20210115200045	1000
20210115200045	1000
20210115200045	1000
20210115200045	1000
20210115200045	1000
20210115200045	1000
20210115200045	1000
20210115200045	1000
20210115200045	1000
20210115200045	1000
20210115200045	1000
20210115200046	1000
20210115200046	1000
20210115200046	1000
20210115200046	1000
20210115200046	1000
20210115200046	1000
20210115200046	1000
20210115200046	1000
20210115200046	1000
20210115200046	1000
20210115200046	1000
20210115200046	1000
20210115200046	1000
20210115200046	1000
20210115200046	1000
20210115200046	1000
20210115200046	1000
20210115200046	1000
20210115200046	1000
20210115200046	1000
20210115200046	1000
20210115200046	1000
20210115200046	1000
20210115200046	1000
20210115200046	1000
20210115200046	1000
20210115200046	1000
20210115200046	1000
20210115200046	1000
20210115200046	1000
20210115200046	1000
20210115200046	1000
20210115200046	1000
20210115200046	1000
20210115200046	1000
20210115200046	1000
20210115200046	1000
20210115200046	1000
20210115200047	1000
20210115200047	1000
20210115200047	1000
20210115200047	1000
20210115200047	1000
20210115200047	1000
20210115200047	1000
20210115200047	1000
20210115200047	1000
20210115200047	1000
20210115200047	1000
20210115200047	1000
20210115200047	1000
20210115200047	1000
20210115200047	1000
20210115200047	1000
20210115200047	1000
20210115200047	1000
20210115200047	1000
20210115200047	1000
20210115200047	1000
20210115200047	1000
20210115200047	1000
20210115200047	1000
20210115200047	1000
20210115200047	1000
20210115200047	1000
20210115200047	1000
20210115200047	1000
20210115200047	1000
20210115200048	1000
20210115200048	1000
20210115200048	1000
20210115200048	1000
20210115200048	1000
20210115200048	1000
20210115200048	1000
20210115200048	1000
20210115200048	1000
20210115200048	1000
20210115200048	1000
20210115200048	1000
20210115200048	1000
20210115200048	1000
20210115200048	1000
20210115200048	1000
20210115200048	1000
20210115200048	1000
20210115200048	1000
20210115200048	1000
20210115200048	1000
20210115200048	1000
20210115200048	1000
20210115200048	1000
20210115200048	1000
20210115200048	1000
20210115200048	1000
20210115200048	1000
20210115200048	1000
20210115200048	1000
20210115200048	1000
20210115200048	1000
20210115200048	1000
20210115200048	1000
20210115200049	1000
20210115200049	1000
20210115200049	1000
20210115200049	1000
20210115200049	1000
20210115200049	1000
20210115200049	1000
20210115200049	1000
20210115200049	1000
20210115200049	1000
20210115200049	1000
20210115200049	1000
20210115200049	1000
20210115200049	1000
20210115200049	1000
20210115200049	1000
20210115200049	1000
20210115200049	1000
20210115200049	1000
20210115200049	1000
20210115200049	1000
20210115200049	2000
20210115200049	2000
20210115200049	2000
20210115200049	2000
20210115200049	2000
20210115200049	2000
20210115200049	2000
20210115200049	2000
20210115200049	2000
20210115200049	2000
20210115200049	2000
20210115200049	2000
20210115200049	2000
20210115200049	2000
20210115200050	2000
20210115200050	2000
20210115200050	2000
20210115200050	2000
20210115200050	2000
20210115200050	2000
20210115200050	2000
20210115200050	2000
20210115200050	2000
20210115200050	2000
20210115200050	2000
20210115200050	2000
20210115200050	2000
20210115200050	2000
20210115200050	2000
20210115200050	2000
20210115200050	2000
20210115200050	2000
20210115200050	2000
20210115200050	2000
20210115200050	2000
20210115200050	2000
20210115200050	2000
20210115200050	2000
20210115200050	2000
20210115200050	2000
20210115200050	2000
20210115200050	2000
20210115200050	2000
20210115200050	2000
20210115200050	2000
20210115200050	2000
20210115200050	2000
20210115200050	2000
20210115200050	2000
20210115200050	2000
20210115200050	2000
20210115200050	2000
20210115200050	2000
20210115200050	2000
20210115200051	2000
20210115200051	2000
20210115200051	2000
20210115200051	2000
20210115200051	2000
20210115200051	2000
20210115200051	2000
20210115200051	2000
20210115200051	2000
20210115200051	2000
20210115200051	2000
20210115200051	2000
20210115200051	2000
20210115200051	2000
20210115200051	2000
20210115200051	2000
20210115200051	2000
20210115200051	2000
20210115200051	2000
20210115200051	2000
20210115200051	2000
20210115200051	2000
20210115200051	2000
20210115200051	2000
20210115200051	2000
20210115200052	2000
20210115200052	2000
20210115200052	2000
20210115200052	2000
20210115200052	2000
20210115200052	2000
20210115200052	2000
20210115200052	2000
20210115200052	2000
20210115200052	2000
20210115200052	2000
20210115200052	2000
20210115200052	2000
20210115200052	2000
20210115200052	2000
20210115200052	2000
20210115200052	2000
20210115200052	2000
20210115200052	2000
20210115200052	2000
20210115200052	2000
20210115200052	2000
20210115200052	2000
20210115200052	2000
20210115200052	2000
20210115200052	2000
20210115200052	2000
20210115200052	2000
20210115200052	2000
20210115200052	2000
20210115200052	2000
20210115200052	2000
20210115200053	2000
20210115200053	2000
20210115200053	2000
20210115200053	2000
20210115200053	2000
20210115200053	2000
20210115200053	2000
20210115200053	2000
20210115200053	2000
20210115200053	2000
20210115200053	2000
20210115200053	2000
20210115200053	2000
20210115200053	2000
20210115200053	2000
20210115200053	2000
20210115200053	2000
20210115200053	2000
20210115200053	2000
20210115200053	2000
20210115200053	2000
20210115200053	2000
20210115200053	2000
20210115200053	2000
20210115200053	2000
20210115200053	2000
20210115200053	2000
20210115200053	2000
20210115200053	2000
20210115200054	2000
20210115200054	2000
20210115200054	2000
20210115200054	2000
20210115200054	2000
20210115200054	2000
20210115200054	2000
20210115200054	2000
20210115200054	2000
20210115200054	2000
20210115200054	2000
20210115200054	2000
20210115200054	2000
20210115200054	2000
20210115200054	2000
20210115200054	2000
20210115200054	2000
20210115200054	2000
20210115200054	2000
20210115200054	2000
20210115200054	2000
20210115200054	2000
20210115200054	2000
20210115200054	2000
20210115200054	2000
20210115200054	2000
20210115200054	2000
20210115200054	2000
20210115200054	2000
20210115200054	2000
20210115200054	2000
20210115200054	2000
20210115200054	2000
20210115200054	2000
20210115200054	2000
20210115200054	2000
20210115200054	2000
20210115200054	2000
20210115200054	2000
20210115200054	2000
20210115200054	2000
20210115200054	2000
20210115200054	2000
20210115200054	2000
20210115200054	2000
20210115200054	2000
20210115200054	2000
20210115200054	2000
20210115200054	2000
20210115200054	2000
20210115200054	2000
20210115200054	2000
20210115200054	2000
20210115200054	2000
20210115200054	2000
20210115200054	2000
20210115200054	2000
20210115200054	2000
20210115200054	2000
20210115200054	2000
20210115200054	2000
20210115200054	2000
20210115200054	2000
20210115200054	2000
20210115200054	2000
20210115200054	2000
20210115200054	2000
20210115200055	2000
20210115200055	2000
20210115200055	2000
20210115200055	2000
20210115200055	2000
20210115200055	2000
20210115200055	2000
20210115200055	2000
20210115200055	2000
20210115200055	2000
20210115200055	2000
20210115200055	2000
20210115200055	2000
20210115200055	2000
20210115200055	2000
20210115200055	2000
20210115200055	2000
20210115200055	2000
20210115200055	2000
20210115200055	2000
20210115200055	2000
20210115200055	2000
20210115200055	2000
20210115200055	2000
20210115200055	2000
20210115200055	2000
20210115200055	2000
20210115200055	2000
20210115200055	2000
20210115200055	2000
20210115200055	2000
20210115200055	2000
20210115200055	2000
20210115200055	2000
20210115200055	2000
20210115200055	2000
20210115200055	2000
20210115200055	2000
20210115200055	2000
20210115200055	2000
20210115200055	2000
20210115200056	2000
20210115200056	2000
20210115200056	2000
20210115200056	2000
20210115200056	2000
20210115200056	2000
20210115200056	2000
20210115200056	2000
20210115200056	2000
20210115200056	2000
20210115200056	2000
20210115200056	2000
20210115200056	2000
20210115200056	2000
20210115200056	2000
20210115200056	2000
20210115200056	2000
20210115200056	2000
20210115200056	2000
20210115200056	2000
20210115200056	2000
20210115200056	2000
20210115200056	2000
20210115200056	2000
20210115200056	2000
20210115200056	2000
20210115200056	2000
20210115200056	2000
20210115200056	2000
20210115200056	2000
20210115200056	2000
20210115200056	2000
20210115200056	2000
20210115200056	2000
20210115200056	2000
20210115200056	2000
20210115200056	2000
20210115200056	2000
20210115200056	2000
20210115200056	2000
20210115200056	2000
20210115200056	2000
20210115200056	2000
20210115200056	2000
20210115200056	2000
20210115200056	2000
20210115200056	2000
20210115200057	2000
20210115200057	2000
20210115200057	2000
20210115200057	2000
20210115200057	2000
20210115200057	2000
20210115200057	2000
20210115200057	2000
20210115200057	2000
20210115200057	2000
20210115200057	2000
20210115200057	2000
20210115200057	2000
20210115200057	2000
20210115200057	2000
20210115200057	2000
20210115200057	2000
20210115200057	2000
20210115200057	2000
20210115200057	2000
20210115200057	2000
20210115200058	2000
20210115200058	2000
20210115200058	2000
20210115200058	2000
20210115200058	2000
20210115200058	2000
20210115200058	2000
20210115200058	2000
20210115200058	2000
20210115200058	2000
20210115200058	2000
20210115200058	2000
20210115200058	2000
20210115200058	2000
20210115200058	2000
20210115200058	2000
20210115200058	2000
20210115200058	2000
20210115200058	2000
20210115200058	2000
20210115200058	2000
20210115200058	2000
20210115200058	2000
20210115200058	2000
20210115200058	2000
20210115200058	2000
20210115200058	2000
20210115200058	2000
20210115200058	2000
20210115200058	2000
20210115200058	2000
20210115200058	2000
20210115200058	2000
20210115200058	2000
20210115200058	2000
20210115200058	2000
20210115200059	2000
20210115200059	2000
20210115200059	2000
20210115200059	2000
20210115200059	2000
20210115200059	2000
20210115200059	2000
20210115200059	2000
20210115200059	2000
20210115200059	2000
20210115200059	2000
20210115200059	2000
20210115200059	2000
20210115200059	2000
20210115200059	2000
20210115200059	2000
20210115200059	2000
20210115200059	2000
20210115200059	2000
20210115200059	2000
20210115200059	2000
20210115200059	2000
20210115200059	2000
20210115200059	2000
20210115200059	2000
20210115200059	2000
20210115200059	2000
20210115200059	2000
20210115200059	2000
20210115200059	2000
20210115200059	2000
20210115200059	2000
20210115200059	2000
20210115200059	2000
20210115200059	2000
20210115200059	2000
20210115200059	2000
20210115200059	2000
20210115200059	2000
20210115200059	2000
20210115200059	2000
20210115200059	2000
20210115200059	2000
20210115200059	2000
20210115200059	2000
20210115200059	2000
20210115200059	2000
20210115200059	2000
20210115200059	2000
20210115200059	2000
20210115200059	2000
20210115200059	2000
20210115200059	2000
20210115200059	2000
20210115200059	2000
20210115200059	2000
20210115200059	2000
20210115200100	2000
20210115200100	2000
20210115200100	2000
20210115200100	2000
20210115200100	2000
20210115200100	2000
20210115200100	2000
20210115200100	2000
20210115200100	2000
20210115200100	2000
20210115200100	2000
20210115200100	2000
20210115200100	2000
20210115200100	2000
20210115200100	2000
20210115200100	2000
20210115200100	2000
20210115200100	2000
20210115200100	2000
20210115200100	2000
20210115200100	2000
20210115200100	2000
20210115200100	2000
20210115200100	2000
20210115200100	2000
20210115200100	2000
20210115200100	2000
20210115200100	2000
20210115200100	2000
20210115200100	2000
20210115200100	2000
20210115200100	2000
20210115200100	2000
20210115200100	2000
20210115200100	2000
20210115200100	2000
20210115200100	2000
20210115200101	2000
20210115200101	2000
20210115200101	2000
20210115200101	2000
20210115200101	2000
20210115200101	2000
20210115200101	2000
20210115200101	2000
20210115200101	2000
20210115200101	2000
20210115200101	2000
20210115200101	2000
20210115200101	2000
20210115200101	2000
20210115200101	2000
20210115200101	2000
20210115200101	2000
20210115200101	2000
20210115200101	2000
20210115200101	2000
20210115200101	2000
20210115200101	2000
20210115200101	2000
20210115200101	2000
20210115200101	2000
20210115200101	2000
20210115200101	2000
20210115200101	2000
20210115200101	2000
20210115200101	2000
20210115200101	2000
20210115200101	2000
20210115200101	2000
20210115200101	2000
20210115200101	2000
20210115200101	2000
20210115200101	2000
20210115200101	2000
20210115200101	2000
20210115200102	2000
20210115200102	2000
20210115200102	2000
20210115200102	2000
20210115200102	2000
20210115200102	2000
20210115200102	2000
20210115200102	2000
20210115200102	2000
20210115200102	2000
20210115200102	2000
20210115200102	2000
20210115200102	2000
20210115200102	2000
20210115200102	2000
20210115200102	2000
20210115200102	2000
20210115200102	2000
20210115200102	2000
20210115200102	2000
20210115200102	2000
20210115200102	2000
20210115200102	2000
20210115200102	2000
20210115200102	2000
20210115200102	2000
20210115200102	2000
20210115200102	2000
20210115200102	2000
20210115200102	2000
20210115200103	2000
20210115200103	2000
20210115200103	2000
20210115200103	2000
20210115200103	2000
20210115200103	2000
20210115200103	2000
20210115200103	2000
20210115200103	2000
20210115200103	2000
20210115200103	2000
20210115200103	2000
20210115200103	2000
20210115200103	2000
20210115200103	2000
20210115200103	2000
20210115200103	2000
20210115200103	2000
20210115200103	2000
20210115200103	2000
20210115200103	2000
20210115200103	2000
20210115200103	2000
20210115200103	2000
20210115200103	2000
20210115200103	2000
20210115200103	2000
20210115200103	2000
20210115200103	2000
20210115200103	2000
20210115200103	2000
20210115200103	2000
20210115200103	2000
20210115200103	2000
20210115200103	2000
20210115200103	2000
20210115200103	2000
20210115200103	2000
20210115200103	2000
20210115200103	2000
20210115200103	2000
20210115200103	2000
20210115200103	2000
20210115200103	2000
20210115200103	2000
20210115200103	2000
20210115200103	2000
20210115200103	2000
20210115200103	2000
20210115200103	2000
20210115200103	2000
20210115200103	2000
20210115200103	2000
20210115200103	2000
20210115200103	2000
20210115200103	2000
20210115200103	2000
20210115200103	2000
20210115200104	2000
20210115200104	2000
20210115200104	2000
20210115200104	2000
20210115200104	2000
20210115200104	2000
20210115200104	2000
20210115200104	2000
20210115200104	2000
20210115200104	2000
20210115200104	2000
20210115200104	2000
20210115200104	2000
20210115200104	2000
20210115200104	2000
20210115200104	2000
20210115200104	2000
20210115200104	2000
20210115200104	2000
20210115200104	2000
20210115200104	2000
20210115200104	2000
20210115200104	2000
20210115200104	2000
20210115200104	2000
20210115200104	2000
20210115200104	2000
20210115200104	2000
20210115200104	2000
20210115200104	2000
20210115200104	2000
20210115200104	2000
20210115200104	2000
20210115200104	2000
20210115200104	2000
20210115200104	2000
20210115200104	2000
20210115200104	2000
20210115200104	2000
20210115200104	2000
20210115200104	2000
20210115200104	2000
20210115200104	2000
20210115200104	2000
20210115200104	2000
20210115200104	2000
20210115200104	2000
20210115200104	2000
20210115200105	2000
20210115200105	2000
20210115200105	2000
20210115200105	2000
20210115200105	2000
20210115200105	2000
20210115200105	2000
20210115200105	2000
20210115200105	2000
20210115200105	2000
20210115200105	2000
20210115200105	2000
20210115200105	2000
20210115200105	2000
20210115200105	2000
20210115200105	2000
20210115200105	2000
20210115200105	2000
20210115200105	2000
20210115200105	2000
20210115200105	2000
20210115200105	2000
20210115200105	2000
20210115200105	2000
20210115200105	2000
20210115200105	2000
20210115200105	2000
20210115200105	2000
20210115200105	2000
20210115200105	2000
20210115200105	2000
20210115200105	2000
20210115200105	2000
20210115200105	2000
20210115200105	2000
20210115200105	2000
20210115200105	2000
20210115200105	2000
20210115200105	2000
20210115200105	2000
20210115200105	2000
20210115200105	2000
20210115200105	2000
20210115200105	2000
20210115200105	2000
20210115200105	2000
20210115200105	2000
20210115200105	2000
20210115200105	2000
20210115200105	2000
20210115200106	2000
20210115200106	2000
20210115200106	2000
20210115200106	2000
20210115200106	2000
20210115200106	2000
20210115200106	2000
20210115200106	2000
20210115200106	2000
20210115200106	2000
20210115200106	2000
20210115200106	2000
20210115200106	2000
20210115200106	2000
20210115200106	2000
20210115200106	2000
20210115200106	2000
20210115200106	2000
20210115200106	2000
20210115200106	2000
20210115200106	2000
20210115200106	2000
20210115200106	2000
20210115200106	2000
20210115200106	2000
20210115200106	2000
20210115200106	2000
20210115200106	2000
20210115200107	2000
20210115200107	2000
20210115200107	2000
20210115200107	2000
20210115200107	2000
20210115200107	2000
20210115200107	2000
20210115200107	2000
20210115200107	2000
20210115200107	2000
20210115200107	2000
20210115200107	2000
20210115200107	2000
20210115200107	2000
20210115200107	2000
20210115200107	2000
20210115200107	2000
20210115200107	2000
20210115200107	2000
20210115200107	2000
20210115200107	2000
20210115200107	2000
20210115200107	2000
20210115200107	2000
20210115200107	2000
20210115200107	2000
20210115200107	2000
20210115200107	2000
20210115200107	2000
20210115200107	2000
20210115200107	2000
20210115200107	2000
20210115200107	2000
20210115200107	2000
20210115200107	2000
20210115200107	2000
20210115200107	2000
20210115200108	2000
20210115200108	2000
20210115200108	2000
20210115200108	2000
20210115200108	2000
20210115200108	2000
20210115200108	2000
20210115200108	2000
20210115200108	2000
20210115200108	2000
20210115200108	2000
20210115200108	2000
20210115200108	2000
20210115200108	2000
20210115200108	2000
20210115200108	2000
20210115200108	2000
20210115200109	2000
20210115200109	2000
20210115200109	2000
20210115200109	2000
20210115200109	2000
20210115200109	2000
20210115200109	2000
20210115200109	2000
20210115200109	2000
20210115200109	2000
20210115200109	2000
20210115200109	2000
20210115200109	2000
20210115200109	2000
20210115200109	2000
20210115200109	2000
20210115200109	2000
20210115200109	2000
20210115200109	2000
20210115200109	2000
20210115200109	2000
20210115200109	2000
20210115200109	2000
20210115200109	2000
20210115200109	2000
20210115200109	2000
20210115200109	2000
20210115200109	2000
20210115200109	2000
20210115200109	2000
20210115200109	2000
20210115200109	2000
20210115200109	2000
20210115200109	2000
20210115200109	2000
20210115200109	2000
20210115200109	2000
20210115200109	2000
20210115200109	2000
20210115200109	2000
20210115200109	2000
20210115200109	2000
20210115200109	2000
20210115200109	2000
20210115200109	2000
20210115200109	2000
20210115200109	2000
20210115200109	2000
20210115200109	2000
20210115200109	2000
20210115200109	2000
20210115200109	2000
20210115200109	2000
20210115200110	2000
20210115200110	2000
20210115200110	2000
20210115200110	2000
20210115200110	2000
20210115200110	2000
20210115200110	2000
20210115200110	2000
20210115200110	2000
20210115200110	2000
20210115200110	2000
20210115200110	2000
20210115200110	2000
20210115200110	2000
20210115200110	2000
20210115200110	2000
20210115200110	2000
20210115200110	2000
20210115200110	2000
20210115200110	2000
20210115200110	2000
20210115200110	2000
20210115200110	2000
20210115200110	2000
20210115200110	2000
20210115200110	2000
20210115200110	2000
20210115200110	2000
20210115200110	2000
20210115200110	2000
20210115200110	2000
20210115200110	2000
20210115200110	2000
20210115200110	2000
20210115200110	2000
20210115200110	2000
20210115200110	2000
20210115200110	2000
20210115200110	2000
20210115200110	2000
20210115200110	2000
20210115200110	2000
20210115200110	2000
20210115200110	2000
20210115200110	2000
20210115200110	2000
20210115200111	2000
20210115200111	2000
20210115200111	2000
20210115200111	2000
20210115200111	2000
20210115200111	2000
20210115200111	2000
20210115200111	2000
20210115200111	2000
20210115200111	2000
20210115200111	2000
20210115200111	2000
20210115200111	2000
20210115200111	2000
20210115200111	2000
20210115200111	2000
20210115200111	2000
20210115200111	2000
20210115200111	2000
20210115200111	2000
20210115200111	2000
20210115200111	2000
20210115200111	2000
20210115200111	2000
20210115200111	2000
20210115200111	2000
20210115200111	2000
20210115200111	2000
20210115200111	2000
20210115200112	2000
20210115200112	2000
20210115200112	2000
20210115200112	2000
20210115200112	2000
20210115200112	2000
20210115200112	2000
20210115200112	2000
20210115200112	2000
20210115200112	2000
20210115200112	2000
20210115200112	2000
20210115200112	2000
20210115200112	2000
20210115200112	2000
20210115200112	2000
20210115200112	2000
20210115200112	2000
20210115200112	2000
20210115200112	2000
20210115200112	2000
20210115200112	2000
20210115200112	2000
20210115200112	2000
20210115200112	2000
20210115200112	2000
20210115200112	2000
20210115200112	2000
20210115200112	2000
20210115200112	2000
20210115200112	2000
20210115200112	2000
20210115200112	2000
20210115200112	2000
20210115200112	2000
20210115200112	2000
20210115200112	2000
20210115200113	2000
20210115200113	2000
20210115200113	2000
20210115200113	2000
20210115200113	2000
20210115200113	2000
20210115200113	2000
20210115200113	2000
20210115200113	2000
20210115200113	2000
20210115200113	2000
20210115200113	2000
20210115200113	2000
20210115200113	2000
20210115200113	2000
20210115200113	2000
20210115200113	2000
20210115200113	2000
20210115200113	2000
20210115200113	2000
20210115200113	2000
20210115200114	2000
20210115200114	2000
20210115200114	2000
20210115200114	2000
20210115200114	2000
20210115200114	2000
20210115200114	2000
20210115200114	2000
20210115200114	2000
20210115200114	2000
20210115200114	2000
20210115200114	2000
20210115200114	2000
20210115200114	2000
20210115200114	2000
20210115200114	2000
20210115200114	2000
20210115200114	2000
20210115200114	2000
20210115200114	2000
20210115200115	2000
20210115200115	2000
20210115200115	2000
20210115200115	2000
20210115200115	2000
20210115200115	2000
20210115200115	2000
20210115200115	2000
20210115200115	2000
20210115200115	2000
20210115200115	2000
20210115200115	2000
20210115200115	2000
20210115200115	2000
20210115200115	2000
20210115200115	2000
20210115200115	2000
20210115200115	2000
20210115200115	2000
20210115200115	2000
20210115200115	2000
20210115200115	2000
20210115200115	2000
20210115200115	2000
20210115200115	2000
20210115200115	2000
20210115200115	2000
20210115200115	2000
20210115200115	2000
20210115200115	2000
20210115200115	2000
20210115200115	2000
20210115200115	2000
20210115200115	2000
20210115200115	2000
20210115200115	2000
20210115200115	2000
20210115200115	2000
20210115200115	2000
20210115200115	2000
20210115200115	2000
20210115200115	2000
20210115200115	2000
20210115200115	2000
20210115200115	2000
20210115200115	2000
20210115200115	2000
20210115200115	2000
20210115200115	2000
20210115200115	2000
20210115200115	2000
20210115200116	2000
20210115200116	2000
20210115200116	2000
20210115200116	2000
20210115200116	2000
20210115200116	2000
20210115200116	2000
20210115200116	2000
20210115200116	2000
20210115200116	2000
20210115200116	2000
20210115200116	2000
20210115200116	2000
20210115200116	2000
20210115200116	2000
20210115200116	2000
20210115200116	2000
20210115200116	2000
20210115200116	2000
20210115200116	2000
20210115200116	2000
20210115200116	2000
20210115200116	2000
20210115200116	2000
20210115200116	2000
20210115200116	2000
20210115200116	2000
20210115200117	2000
20210115200117	2000
20210115200117	2000
20210115200117	2000
20210115200117	2000
20210115200117	2000
20210115200117	2000
20210115200117	2000
20210115200117	2000
20210115200117	2000
20210115200117	2000
20210115200117	2000
20210115200117	2000
20210115200117	2000
20210115200117	2000
20210115200117	2000
20210115200117	2000
20210115200117	2000
20210115200117	2000
20210115200117	2000
20210115200117	2000
20210115200117	2000
20210115200117	2000
20210115200117	2000
20210115200117	2000
20210115200117	2000
20210115200117	2000
20210115200117	2000
20210115200117	2000
20210115200118	2000
20210115200118	2000
20210115200118	2000
20210115200118	2000
20210115200118	2000
20210115200118	2000
20210115200118	2000
20210115200118	2000
20210115200118	2000
20210115200118	2000
20210115200118	2000
20210115200118	2000
20210115200118	2000
20210115200118	2000
20210115200118	2000
20210115200118	2000
20210115200118	2000
20210115200118	2000
20210115200118	2000
20210115200118	2000
20210115200118	2000
20210115200118	2000
20210115200118	2000
20210115200118	2000
20210115200118	2000
20210115200118	2000
20210115200118	2000
20210115200118	2000
20210115200118	2000
20210115200118	2000
20210115200118	2000
20210115200118	2000
20210115200118	2000
20210115200118	2000
20210115200118	2000
20210115200118	2000
20210115200118	2000
20210115200118	2000
20210115200118	2000
20210115200118	2000
20210115200118	2000
20210115200118	2000
20210115200118	2000
20210115200118	2000
20210115200118	2000
20210115200119	2000
20210115200119	2000
20210115200119	2000
20210115200119	2000
20210115200119	2000
20210115200119	2000
20210115200119	2000
20210115200119	2000
20210115200119	2000
20210115200119	2000
20210115200119	2000
20210115200119	2000
20210115200119	2000
20210115200119	2000
20210115200119	2000
20210115200119	2000
20210115200119	2000
20210115200119	2000
20210115200119	2000
20210115200119	2000
20210115200119	2000
20210115200119	2000
20210115200119	2000
20210115200119	2000
20210115200119	2000
20210115200119	2000
20210115200119	2000
20210115200119	2000
20210115200119	2000
20210115200119	2000
20210115200119	2000
20210115200120	2000
20210115200120	2000
20210115200120	2000
20210115200120	2000
20210115200120	2000
20210115200120	2000
20210115200120	2000
20210115200120	2000
20210115200120	2000
20210115200120	2000
20210115200120	2000
20210115200120	2000
20210115200120	2000
20210115200120	2000
20210115200120	2000
20210115200120	2000
20210115200120	2000
20210115200120	2000
20210115200120	2000
20210115200120	2000
20210115200120	2000
20210115200120	2000
20210115200120	2000
20210115200120	2000
20210115200120	2000
20210115200120	2000
20210115200120	2000
20210115200120	2000
20210115200120	2000
20210115200120	2000
20210115200120	2000
20210115200120	2000
20210115200120	2000
20210115200120	2000
20210115200120	2000
20210115200120	2000
20210115200120	2000
20210115200120	2000
20210115200120	2000
20210115200120	2000
20210115200120	2000
20210115200120	2000
20210115200120	2000
20210115200120	2000
20210115200120	2000
20210115200120	2000
20210115200120	2000
20210115200120	2000
20210115200120	2000
20210115200120	2000
20210115200120	2000
20210115200120	2000
20210115200120	2000
20210115200120	2000
20210115200120	2000
20210115200120	2000
20210115200120	2000
20210115200120	2000
20210115200121	2000
20210115200121	2000
20210115200121	2000
20210115200121	2000
20210115200121	2000
20210115200121	2000
20210115200121	2000
20210115200121	2000
20210115200121	2000
20210115200121	2000
20210115200121	2000
20210115200121	2000
20210115200121	2000
20210115200121	2000
20210115200121	2000
20210115200121	2000
20210115200121	2000
20210115200121	2000
20210115200121	2000
20210115200121	2000
20210115200121	2000
20210115200121	2000
20210115200121	2000
20210115200121	2000
20210115200121	2000
20210115200121	2000
20210115200121	2000
20210115200121	2000
20210115200121	2000
20210115200122	2000
20210115200122	2000
20210115200122	2000
20210115200122	2000
20210115200122	2000
20210115200122	2000
20210115200122	2000
20210115200122	2000
20210115200122	2000
20210115200122	2000
20210115200122	2000
20210115200122	2000
20210115200122	2000
20210115200122	2000
20210115200122	2000
20210115200122	2000
20210115200122	2000
20210115200122	2000
20210115200122	2000
20210115200122	2000
20210115200122	2000
20210115200122	2000
20210115200122	2000
20210115200122	2000
20210115200122	2000
20210115200122	2000
20210115200122	2000
20210115200122	2000
20210115200123	2000
20210115200123	2000
20210115200123	2000
20210115200123	2000
20210115200123	2000
20210115200123	2000
20210115200123	2000
20210115200123	2000
20210115200123	2000
20210115200123	2000
20210115200123	2000
20210115200123	2000
20210115200123	2000
20210115200123	2000
20210115200123	2000
20210115200123	2000
20210115200123	2000
20210115200123	2000
20210115200123	2000
20210115200123	2000
20210115200123	2000
20210115200123	2000
20210115200123	2000
20210115200123	2000
20210115200123	2000
20210115200123	2000
20210115200123	2000
20210115200123	2000
20210115200123	2000
20210115200124	2000
20210115200124	2000
20210115200124	2000
20210115200124	2000
20210115200124	2000
20210115200124	2000
20210115200124	2000
20210115200124	2000
20210115200124	2000
20210115200124	2000
20210115200124	2000
20210115200124	2000
20210115200124	2000
20210115200124	2000
20210115200124	2000
20210115200124	2000
20210115200124	2000
20210115200124	2000
20210115200124	2000
20210115200124	2000
20210115200124	2000
20210115200124	2000
20210115200124	2000
20210115200124	2000
20210115200124	2000
20210115200124	2000
20210115200124	2000
20210115200124	2000
20210115200124	2000
20210115200124	2000
20210115200124	2000
20210115200124	2000
20210115200124	2000
20210115200124	2000
20210115200124	2000
20210115200124	2000
20210115200124	2000
20210115200124	2000
20210115200124	2000
20210115200124	2000
20210115200124	2000
20210115200124	2000
20210115200124	2000
20210115200124	2000
20210115200124	2000
20210115200124	2000
20210115200124	2000
20210115200124	2000
20210115200124	2000
20210115200125	2000
20210115200125	2000
20210115200125	2000
20210115200125	2000
20210115200125	2000
20210115200125	2000
20210115200125	2000
20210115200125	2000
20210115200125	2000
20210115200125	2000
20210115200125	2000
20210115200125	2000
20210115200125	2000
20210115200125	2000
20210115200125	2000
20210115200125	2000
20210115200125	2000
20210115200125	2000
20210115200125	2000
20210115200125	2000
20210115200125	2000
20210115200125	2000
20210115200125	2000
20210115200125	2000
20210115200125	2000
20210115200125	2000
20210115200125	2000
20210115200125	2000
20210115200125	2000
20210115200125	2000
20210115200125	2000
20210115200125	2000
20210115200125	2000
20210115200125	2000
20210115200125	2000
20210115200125	2000
20210115200125	2000
20210115200125	2000
20210115200125	2000
20210115200125	2000
20210115200125	2000
20210115200125	2000
20210115200125	2000
20210115200125	2000
20210115200125	2000
20210115200125	2000
20210115200125	2000
20210115200125	2000
20210115200125	2000
20210115200125	2000
20210115200126	2000
20210115200126	2000
20210115200126	2000
20210115200126	2000
20210115200126	2000
20210115200126	2000
20210115200126	2000
20210115200126	2000
20210115200126	2000
20210115200126	2000
20210115200126	2000
20210115200126	2000
20210115200126	2000
20210115200126	2000
20210115200126	2000
20210115200126	2000
20210115200126	2000
20210115200126	2000
20210115200126	2000
20210115200126	2000
20210115200126	2000
20210115200126	2000
20210115200126	2000
20210115200126	2000
20210115200126	2000
20210115200126	2000
20210115200126	2000
20210115200126	2000
20210115200126	2000
20210115200126	2000
20210115200126	2000
20210115200126	2000
20210115200127	2000
20210115200127	2000
20210115200127	2000
20210115200127	2000
20210115200127	2000
20210115200127	2000
20210115200127	2000
20210115200127	2000
20210115200127	2000
20210115200127	2000
20210115200127	2000
20210115200127	2000
20210115200127	2000
20210115200127	2000
20210115200127	2000
20210115200127	2000
20210115200127	2000
20210115200127	2000
20210115200127	2000
20210115200127	2000
20210115200127	2000
20210115200127	2000
20210115200127	2000
20210115200127	2000
20210115200127	2000
20210115200127	2000
20210115200127	2000
20210115200127	2000
20210115200127	2000
20210115200127	2000
20210115200127	2000
20210115200127	2000
20210115200127	2000
20210115200127	2000
20210115200127	2000
20210115200127	2000
20210115200127	2000
20210115200127	2000
20210115200127	2000
20210115200127	2000
20210115200127	2000
20210115200127	2000
20210115200127	2000
20210115200127	2000
20210115200127	2000
20210115200127	2000
20210115200128	2000
20210115200128	2000
20210115200128	2000
20210115200128	2000
20210115200128	2000
20210115200128	2000
20210115200128	2000
20210115200128	2000
20210115200128	2000
20210115200128	2000
20210115200128	2000
20210115200128	2000
20210115200128	2000
20210115200128	2000
20210115200128	2000
20210115200128	2000
20210115200128	2000
20210115200128	2000
20210115200128	2000
20210115200128	2000
20210115200128	2000
20210115200128	2000
20210115200128	2000
20210115200128	2000
20210115200128	2000
20210115200128	2000
20210115200129	2000
20210115200129	2000
20210115200129	2000
20210115200129	2000
20210115200129	2000
20210115200129	2000
20210115200129	2000
20210115200129	2000
20210115200129	2000
20210115200129	2000
20210115200129	2000
20210115200129	2000
20210115200129	2000
20210115200129	2000
20210115200129	2000
20210115200129	2000
20210115200129	2000
20210115200129	2000
20210115200129	2000
20210115200129	2000
20210115200129	2000
20210115200129	2000
20210115200129	2000
20210115200129	2000
20210115200129	2000
20210115200129	2000
20210115200129	2000
20210115200129	2000
20210115200129	2000
20210115200129	2000
20210115200129	2000
20210115200129	2000
20210115200129	2000
20210115200129	2000
20210115200130	2000
20210115200130	2000
20210115200130	2000
20210115200130	2000
20210115200130	2000
20210115200130	2000
20210115200130	2000
20210115200130	2000
20210115200130	2000
20210115200130	2000
20210115200130	2000
20210115200130	2000
20210115200130	2000
20210115200130	2000
20210115200130	2000
20210115200130	2000
20210115200130	2000
20210115200130	2000
20210115200130	2000
20210115200130	2000
20210115200130	2000
20210115200130	2000
20210115200130	2000
20210115200130	2000
20210115200130	2000
20210115200130	2000
20210115200130	2000
20210115200130	2000
20210115200130	2000
20210115200130	2000
20210115200130	2000
20210115200130	2000
20210115200130	2000
20210115200130	2000
20210115200130	2000
20210115200130	2000
20210115200130	2000
20210115200130	2000
20210115200130	2000
20210115200130	2000
20210115200130	2000
20210115200130	2000
20210115200130	2000
20210115200130	2000
20210115200130	2000
20210115200131	2000
20210115200131	2000
20210115200131	2000
20210115200131	2000
20210115200131	2000
20210115200131	2000
20210115200131	2000
20210115200131	2000
20210115200131	2000
20210115200131	2000
20210115200131	2000
20210115200131	2000
20210115200131	2000
20210115200131	2000
20210115200131	2000
20210115200131	2000
20210115200131	2000
20210115200131	2000
20210115200131	2000
20210115200131	2000
20210115200131	2000
20210115200131	2000
20210115200131	2000
20210115200131	2000
20210115200131	2000
20210115200131	2000
20210115200131	2000
20210115200131	2000
20210115200131	2000
20210115200131	2000
20210115200131	2000
20210115200131	2000
20210115200131	2000
20210115200131	2000
20210115200131	2000
20210115200131	2000
20210115200131	2000
20210115200131	2000
20210115200131	2000
20210115200131	2000
20210115200131	2000
20210115200131	2000
20210115200131	2000
20210115200131	2000
20210115200131	2000
20210115200131	2000
20210115200131	2000
20210115200131	2000
20210115200131	2000
20210115200131	2000
20210115200131	2000
20210115200131	2000
20210115200131	2000
20210115200131	2000
20210115200131	2000
20210115200131	2000
20210115200131	2000
20210115200131	2000
20210115200131	2000
20210115200131	2000
20210115200131	2000
20210115200131	2000
20210115200131	2000
20210115200131	2000
20210115200132	2000
20210115200132	2000
20210115200132	2000
20210115200132	2000
20210115200132	2000
20210115200132	2000
20210115200132	2000
20210115200132	2000
20210115200132	2000
20210115200132	2000
20210115200132	2000
20210115200132	2000
20210115200132	2000
20210115200132	2000
20210115200132	2000
20210115200132	2000
20210115200132	2000
20210115200132	2000
20210115200132	2000
20210115200132	2000
20210115200132	2000
20210115200132	2000
20210115200132	2000
20210115200132	2000
20210115200132	2000
20210115200133	2000
20210115200133	2000
20210115200133	2000
20210115200133	2000
20210115200133	2000
20210115200133	2000
20210115200133	2000
20210115200133	2000
20210115200133	2000
20210115200133	2000
20210115200133	2000
20210115200133	2000
20210115200133	2000
20210115200133	2000
20210115200133	2000
20210115200133	2000
20210115200133	2000
20210115200133	2000
20210115200133	2000
20210115200133	2000
20210115200133	2000
20210115200133	2000
20210115200133	2000
20210115200133	2000
20210115200133	2000
20210115200133	2000
20210115200133	2000
20210115200133	2000
20210115200133	2000
20210115200133	2000
20210115200133	2000
20210115200133	2000
20210115200133	2000
20210115200133	2000
20210115200133	2000
20210115200133	2000
20210115200133	2000
20210115200133	2000
20210115200134	2000
20210115200134	2000
20210115200134	2000
20210115200134	2000
20210115200134	2000
20210115200134	2000
20210115200134	2000
20210115200134	2000
20210115200134	2000
20210115200134	2000
20210115200134	2000
20210115200134	2000
20210115200134	2000
20210115200134	2000
20210115200134	2000
20210115200134	2000
20210115200134	2000
20210115200134	2000
20210115200134	2000
20210115200134	2000
20210115200134	2000
20210115200135	2000
20210115200135	2000
20210115200135	2000
20210115200135	2000
20210115200135	2000
20210115200135	2000
20210115200135	2000
20210115200135	2000
20210115200135	2000
20210115200135	2000
20210115200135	2000
20210115200135	2000
20210115200135	2000
20210115200135	2000
20210115200135	2000
20210115200135	2000
20210115200135	2000
20210115200135	2000
20210115200135	2000
20210115200135	2000
20210115200135	2000
20210115200136	2000
20210115200136	2000
20210115200136	2000
20210115200136	2000
20210115200136	2000
20210115200136	2000
20210115200136	2000
20210115200136	2000
20210115200136	2000
20210115200136	2000
20210115200136	2000
20210115200136	2000
20210115200136	2000
20210115200136	2000
20210115200136	2000
20210115200136	2000
20210115200136	2000
20210115200136	2000
20210115200136	2000
20210115200136	2000
20210115200136	2000
20210115200136	2000
20210115200137	2000
20210115200137	2000
20210115200137	2000
20210115200137	2000
20210115200137	2000
20210115200137	2000
20210115200137	2000
20210115200137	2000
20210115200137	2000
20210115200137	2000
20210115200137	2000
20210115200137	2000
20210115200137	2000
20210115200137	2000
20210115200137	2000
20210115200137	2000
20210115200137	2000
20210115200137	2000
20210115200137	2000
20210115200137	2000
20210115200137	2000
20210115200137	2000
20210115200137	2000
20210115200137	2000
20210115200137	2000
20210115200137	2000
20210115200137	2000
20210115200137	2000
20210115200138	2000
20210115200138	2000
20210115200138	2000
20210115200138	2000
20210115200138	2000
20210115200138	2000
20210115200138	2000
20210115200138	2000
20210115200138	2000
20210115200138	2000
20210115200138	2000
20210115200138	2000
20210115200138	2000
20210115200138	2000
20210115200138	2000
20210115200138	2000
20210115200138	2000
20210115200138	2000
20210115200138	2000
20210115200138	2000
20210115200138	2000
20210115200138	2000
20210115200138	2000
20210115200139	2000
20210115200139	2000
20210115200139	2000
20210115200139	2000
20210115200139	2000
20210115200139	2000
20210115200139	2000
20210115200139	2000
20210115200139	2000
20210115200139	2000
20210115200139	2000
20210115200139	2000
20210115200139	2000
20210115200139	2000
20210115200139	2000
20210115200139	2000
20210115200139	2000
20210115200139	2000
20210115200139	2000
20210115200139	2000
20210115200139	2000
20210115200139	2000
20210115200139	2000
20210115200139	2000
20210115200139	2000
20210115200139	2000
20210115200139	2000
20210115200139	2000
20210115200139	2000
20210115200139	2000
20210115200139	2000
20210115200139	2000
20210115200139	2000
20210115200139	2000
20210115200139	2000
20210115200139	2000
20210115200139	2000
20210115200139	2000
20210115200139	2000
20210115200139	2000
20210115200139	2000
20210115200139	2000
20210115200139	2000
20210115200139	2000
20210115200139	2000
20210115200139	2000
20210115200139	2000
20210115200139	2000
20210115200139	2000
20210115200139	2000
20210115200139	2000
20210115200140	2000
20210115200140	2000
20210115200140	2000
20210115200140	2000
20210115200140	2000
20210115200140	2000
20210115200140	2000
20210115200140	2000
20210115200140	2000
20210115200140	2000
20210115200140	2000
20210115200140	2000
20210115200140	2000
20210115200140	2000
20210115200140	2000
20210115200140	2000
20210115200140	2000
20210115200140	2000
20210115200140	2000
20210115200140	2000
20210115200140	2000
20210115200140	2000
20210115200140	2000
20210115200140	2000
20210115200140	2000
20210115200140	2000
20210115200140	2000
20210115200140	2000
20210115200140	2000
20210115200140	2000
20210115200140	2000
20210115200140	2000
20210115200140	2000
20210115200140	2000
20210115200141	2000
20210115200141	2000
20210115200141	2000
20210115200141	2000
20210115200141	2000
20210115200141	2000
20210115200141	2000
20210115200141	2000
20210115200141	2000
20210115200141	2000
20210115200141	2000
20210115200141	2000
20210115200141	2000
20210115200141	2000
20210115200141	2000
20210115200141	2000
20210115200141	2000
20210115200141	2000
20210115200141	2000
20210115200141	2000
20210115200141	2000
20210115200141	2000
20210115200141	2000
20210115200141	2000
20210115200141	2000
20210115200141	2000
20210115200141	2000
20210115200141	2000
20210115200141	2000
20210115200141	2000
20210115200141	2000
20210115200141	2000
20210115200141	2000
20210115200142	2000
20210115200142	2000
20210115200142	2000
20210115200142	2000
20210115200142	2000
20210115200142	2000
20210115200142	2000
20210115200142	2000
20210115200142	2000
20210115200142	2000
20210115200142	2000
20210115200142	2000
20210115200142	2000
20210115200142	2000
20210115200142	2000
20210115200142	2000
20210115200142	2000
20210115200142	2000
20210115200142	2000
20210115200142	2000
20210115200142	2000
20210115200142	2000
20210115200142	2000
20210115200142	2000
20210115200142	2000
20210115200142	2000
20210115200142	2000
20210115200142	2000
20210115200142	2000
20210115200142	2000
20210115200142	2000
20210115200142	2000
20210115200142	2000
20210115200142	2000
20210115200142	2000
20210115200142	2000
20210115200142	2000
20210115200142	2000
20210115200142	2000
20210115200142	2000
20210115200142	2000
20210115200142	2000
20210115200142	2000
20210115200142	2000
20210115200142	2000
20210115200143	2000
20210115200143	2000
20210115200143	2000
20210115200143	2000
20210115200143	2000
20210115200143	2000
20210115200143	2000
20210115200143	2000
20210115200143	2000
20210115200143	2000
20210115200143	2000
20210115200143	2000
20210115200143	2000
20210115200143	2000
20210115200143	2000
20210115200143	2000
20210115200143	2000
20210115200143	2000
20210115200143	2000
20210115200143	2000
20210115200143	2000
20210115200143	2000
20210115200143	2000
20210115200143	2000
20210115200143	2000
20210115200143	2000
20210115200143	2000
20210115200143	2000
20210115200143	2000
20210115200143	2000
20210115200143	2000
20210115200143	2000
20210115200143	2000
20210115200143	2000
20210115200143	2000
20210115200143	2000
20210115200143	2000
20210115200143	2000
20210115200143	2000
20210115200143	2000
20210115200143	2000
20210115200143	2000
20210115200143	2000
20210115200143	2000
20210115200143	2000
20210115200143	2000
20210115200143	2000
20210115200143	2000
20210115200143	2000
20210115200143	2000
20210115200143	2000
20210115200143	2000
20210115200143	2000
20210115200143	2000
20210115200143	2000
20210115200143	2000
20210115200143	2000
20210115200143	2000
20210115200143	2000
20210115200143	2000
20210115200143	2000
20210115200144	2000
20210115200144	2000
20210115200144	2000
20210115200144	2000
20210115200144	2000
20210115200144	2000
20210115200144	2000
20210115200144	2000
20210115200144	2000
20210115200144	2000
20210115200144	2000
20210115200144	2000
20210115200144	2000
20210115200144	2000
20210115200144	2000
20210115200144	2000
20210115200144	2000
20210115200144	2000
20210115200144	2000
20210115200144	2000
20210115200144	2000
20210115200144	2000
20210115200144	2000
20210115200144	2000
20210115200144	2000
20210115200145	2000
20210115200145	2000
20210115200145	2000
20210115200145	2000
20210115200145	2000
20210115200145	2000
20210115200145	2000
20210115200145	2000
20210115200145	2000
20210115200145	2000
20210115200145	2000
20210115200145	2000
20210115200145	2000
20210115200145	2000
20210115200145	2000
20210115200145	2000
20210115200145	2000
20210115200145	2000
20210115200145	2000
20210115200145	2000
20210115200145	2000
20210115200145	2000
20210115200145	2000
20210115200145	2000
20210115200145	2000
20210115200145	2000
20210115200145	2000
20210115200145	2000
20210115200145	2000
20210115200145	2000
20210115200145	2000
20210115200145	2000
20210115200145	2000
20210115200145	2000
20210115200145	2000
20210115200145	2000
20210115200145	2000
20210115200145	2000
20210115200145	2000
20210115200145	2000
20210115200145	2000
20210115200145	2000
20210115200146	2000
20210115200146	2000
20210115200146	2000
20210115200146	2000
20210115200146	2000
20210115200146	2000
20210115200146	2000
20210115200146	2000
20210115200146	2000
20210115200146	2000
20210115200146	2000
20210115200146	2000
20210115200146	2000
20210115200146	2000
20210115200146	2000
20210115200146	2000
20210115200146	2000
20210115200146	2000
20210115200146	2000
20210115200146	2000
20210115200146	2000
20210115200146	2000
20210115200146	2000
20210115200146	2000
20210115200146	2000
20210115200146	2000
20210115200146	2000
20210115200146	2000
20210115200146	2000
20210115200146	2000
20210115200147	2000
20210115200147	2000
20210115200147	2000
20210115200147	2000
20210115200147	2000
20210115200147	2000
20210115200147	2000
20210115200147	2000
20210115200147	2000
20210115200147	2000
20210115200147	2000
20210115200147	2000
20210115200147	2000
20210115200147	2000
20210115200147	2000
20210115200147	2000
20210115200147	2000
20210115200147	2000
20210115200147	2000
20210115200147	2000
20210115200147	2000
20210115200147	2000
20210115200147	2000
20210115200147	2000
20210115200147	2000
20210115200147	2000
20210115200147	2000
20210115200147	2000
20210115200147	2000
20210115200147	2000
20210115200148	2000
20210115200148	2000
20210115200148	2000
20210115200148	2000
20210115200148	2000
20210115200148	2000
20210115200148	2000
20210115200148	2000
20210115200148	2000
20210115200148	2000
20210115200148	2000
20210115200148	2000
20210115200148	2000
20210115200148	2000
20210115200148	2000
20210115200148	2000
20210115200148	2000
20210115200148	2000
20210115200148	2000
20210115200148	2000
20210115200148	2000
20210115200148	2000
20210115200149	2000
20210115200149	2000
20210115200149	2000
20210115200149	2000
20210115200149	2000
20210115200149	2000
20210115200149	2000
20210115200149	2000
20210115200149	2000
20210115200149	2000
20210115200149	2000
20210115200149	2000
20210115200149	2000
20210115200149	2000
20210115200149	2000
20210115200149	2000
20210115200149	2000
20210115200149	2000
20210115200149	2000
20210115200149	2000
20210115200149	2000
20210115200149	2000
20210115200149	2000
20210115200149	2000
20210115200149	2000
20210115200149	2000
20210115200149	2000
20210115200150	2000
20210115200150	2000
20210115200150	2000
20210115200150	2000
20210115200150	2000
20210115200150	2000
20210115200150	2000
20210115200150	2000
20210115200150	2000
20210115200150	2000
20210115200150	2000
20210115200150	2000
20210115200150	2000
20210115200150	2000
20210115200150	2000
20210115200150	2000
20210115200150	2000
20210115200150	2000
20210115200150	2000
20210115200150	2000
20210115200150	2000
20210115200150	2000
20210115200150	2000
20210115200150	2000
20210115200150	2000
20210115200150	2000
20210115200150	2000
20210115200150	2000
20210115200150	2000
20210115200150	2000
20210115200150	2000
20210115200150	2000
20210115200150	2000
20210115200150	2000
20210115200150	2000
20210115200150	2000
20210115200150	2000
20210115200150	2000
20210115200150	2000
20210115200151	2000
20210115200151	2000
20210115200151	2000
20210115200151	2000
20210115200151	2000
20210115200151	2000
20210115200151	2000
20210115200151	2000
20210115200151	2000
20210115200151	2000
20210115200151	2000
20210115200151	2000
20210115200151	2000
20210115200151	2000
20210115200151	2000
20210115200151	2000
20210115200151	2000
20210115200151	2000
20210115200151	2000
20210115200151	2000
20210115200151	2000
20210115200151	2000
20210115200151	2000
20210115200151	2000
20210115200151	2000
20210115200151	2000
20210115200151	2000
20210115200151	2000
20210115200151	2000
20210115200151	2000
20210115200151	2000
20210115200151	2000
20210115200151	2000
20210115200151	2000
20210115200151	2000
20210115200151	2000
20210115200151	2000
20210115200151	2000
20210115200151	2000
20210115200151	2000
20210115200151	2000
20210115200151	2000
20210115200151	2000
20210115200151	2000
20210115200151	2000
20210115200151	2000
20210115200151	2000
20210115200151	2000
20210115200151	2000
20210115200151	2000
20210115200151	2000
20210115200151	2000
20210115200151	2000
20210115200151	2000
20210115200152	2000
20210115200152	2000
20210115200152	2000
20210115200152	2000
20210115200152	2000
20210115200152	2000
20210115200152	2000
20210115200152	2000
20210115200152	2000
20210115200152	2000
20210115200152	2000
20210115200152	2000
20210115200152	2000
20210115200152	2000
20210115200152	2000
20210115200152	2000
20210115200152	2000
20210115200152	2000
20210115200152	2000
20210115200152	2000
20210115200152	2000
20210115200152	2000
20210115200152	2000
20210115200152	2000
20210115200152	2000
20210115200152	2000
20210115200152	2000
20210115200152	2000
20210115200152	2000
20210115200152	2000
20210115200152	2000
20210115200152	2000
20210115200152	2000
20210115200152	2000
20210115200152	2000
20210115200152	2000
20210115200153	2000
20210115200153	2000
20210115200153	2000
20210115200153	2000
20210115200153	2000
20210115200153	2000
20210115200153	2000
20210115200153	2000
20210115200153	2000
20210115200153	2000
20210115200153	2000
20210115200153	2000
20210115200153	2000
20210115200153	2000
20210115200153	2000
20210115200153	2000
20210115200153	2000
20210115200153	2000
20210115200153	2000
20210115200153	2000
20210115200153	2000
20210115200153	2000
20210115200153	2000
20210115200153	2000
20210115200153	2000
20210115200154	2000
20210115200154	2000
20210115200154	2000
20210115200154	2000
20210115200154	2000
20210115200154	2000
20210115200154	2000
20210115200154	2000
20210115200154	2000
20210115200154	2000
20210115200154	2000
20210115200154	2000
20210115200154	2000
20210115200154	2000
20210115200154	2000
20210115200154	2000
20210115200154	2000
20210115200154	2000
20210115200154	2000
20210115200154	2000
20210115200154	2000
20210115200154	2000
20210115200154	2000
20210115200154	2000
20210115200154	2000
20210115200154	2000
20210115200154	2000
20210115200154	2000
20210115200155	2000
20210115200155	2000
20210115200155	2000
20210115200155	2000
20210115200155	2000
20210115200155	2000
20210115200155	2000
20210115200155	2000
20210115200155	2000
20210115200155	2000
20210115200155	2000
20210115200155	2000
20210115200155	2000
20210115200155	2000
20210115200155	2000
20210115200155	2000
20210115200155	2000
20210115200155	2000
20210115200155	2000
20210115200155	2000
20210115200155	2000
20210115200155	2000
20210115200155	2000
20210115200155	2000
20210115200155	2000
20210115200155	2000
20210115200155	2000
20210115200155	2000
20210115200155	2000
20210115200155	2000
20210115200155	2000
20210115200155	2000
20210115200155	2000
20210115200155	2000
20210115200155	2000
20210115200156	2000
20210115200156	2000
20210115200156	2000
20210115200156	2000
20210115200156	2000
20210115200156	2000
20210115200156	2000
20210115200156	2000
20210115200156	2000
20210115200156	2000
20210115200156	2000
20210115200156	2000
20210115200156	2000
20210115200156	2000
20210115200156	2000
20210115200156	2000
20210115200156	2000
20210115200157	2000
20210115200157	2000
20210115200157	2000
20210115200157	2000
20210115200157	2000
20210115200157	2000
20210115200157	2000
20210115200157	2000
20210115200157	2000
20210115200157	2000
20210115200157	2000
20210115200157	2000
20210115200157	2000
20210115200157	2000
20210115200157	2000
20210115200157	2000
20210115200157	2000
20210115200157	2000
20210115200157	2000
20210115200157	2000
20210115200157	2000
20210115200157	2000
20210115200157	2000
20210115200157	2000
20210115200157	2000
20210115200157	2000
20210115200157	2000
20210115200157	2000
20210115200157	2000
20210115200157	2000
20210115200157	2000
20210115200157	2000
20210115200157	2000
20210115200157	2000
20210115200157	2000
20210115200157	2000
20210115200158	2000
20210115200158	2000
20210115200158	2000
20210115200158	2000
20210115200158	2000
20210115200158	2000
20210115200158	2000
20210115200158	2000
20210115200158	2000
20210115200158	2000
20210115200158	2000
20210115200158	2000
20210115200158	2000
20210115200158	2000
20210115200158	2000
20210115200158	2000
20210115200158	2000
20210115200158	2000
20210115200158	2000
20210115200158	2000
20210115200158	2000
20210115200158	2000
20210115200158	2000
20210115200158	2000
20210115200158	2000
20210115200158	2000
20210115200158	2000
20210115200159	2000
20210115200159	2000
20210115200159	2000
20210115200159	2000
20210115200159	2000
20210115200159	2000
20210115200159	2000
20210115200159	2000
20210115200159	2000
20210115200159	2000
20210115200159	2000
20210115200159	2000
20210115200159	2000
20210115200159	2000
20210115200159	2000
20210115200159	2000
20210115200159	2000
20210115200159	2000
20210115200159	2000
20210115200159	2000
20210115200159	2000
20210115200159	2000
20210115200159	2000
20210115200159	2000
20210115200159	2000
20210115200159	2000
20210115200159	2000
20210115200159	2000
20210115200159	2000
20210115200159	2000
20210115200159	2000
20210115200159	2000
20210115200159	2000
20210115200159	2000
20210115200159	2000
20210115200159	2000
20210115200159	2000
20210115200159	2000
20210115200159	2000
20210115200159	2000
20210115200159	2000
20210115200159	2000
20210115200200	2000
20210115200200	2000
20210115200200	2000
20210115200200	2000
20210115200200	2000
20210115200200	2000
20210115200200	2000
20210115200200	2000
20210115200200	2000
20210115200200	2000
20210115200200	2000
20210115200200	2000
20210115200200	2000
20210115200200	2000
20210115200200	2000
20210115200200	2000
20210115200200	2000
20210115200200	2000
20210115200200	2000
20210115200200	2000
20210115200200	2000
20210115200200	2000
20210115200200	2000
20210115200200	2000
20210115200200	2000
20210115200201	2000
20210115200201	2000
20210115200201	2000
20210115200201	2000
20210115200201	2000
20210115200201	2000
20210115200201	2000
20210115200201	2000
20210115200201	2000
20210115200201	2000
20210115200201	2000
20210115200201	2000
20210115200201	2000
20210115200201	2000
20210115200201	2000
20210115200201	2000
20210115200201	2000
20210115200201	2000
20210115200201	2000
20210115200201	2000
20210115200201	2000
20210115200201	2000
20210115200201	2000
20210115200201	2000
20210115200201	2000
20210115200201	2000
20210115200201	2000
20210115200201	2000
20210115200201	2000
20210115200201	2000
20210115200201	2000
20210115200201	2000
20210115200201	2000
20210115200201	2000
20210115200201	2000
20210115200201	2000
20210115200201	2000
20210115200201	2000
20210115200201	2000
20210115200201	2000
20210115200201	2000
20210115200201	2000
20210115200201	2000
20210115200201	2000
20210115200201	2000
20210115200201	2000
20210115200201	2000
20210115200201	2000
20210115200201	2000
20210115200201	2000
20210115200201	2000
20210115200201	2000
20210115200201	2000
20210115200201	2000
20210115200201	2000
20210115200202	2000
20210115200202	2000
20210115200202	2000
20210115200202	2000
20210115200202	2000
20210115200202	2000
20210115200202	2000
20210115200202	2000
20210115200202	2000
20210115200202	2000
20210115200202	2000
20210115200202	2000
20210115200202	2000
20210115200202	2000
20210115200202	2000
20210115200202	2000
20210115200202	2000
20210115200202	2000
20210115200202	2000
20210115200202	2000
20210115200202	2000
20210115200202	2000
20210115200203	2000
20210115200203	2000
20210115200203	2000
20210115200203	2000
20210115200203	2000
20210115200203	2000
20210115200203	2000
20210115200203	2000
20210115200203	2000
20210115200203	2000
20210115200203	2000
20210115200203	2000
20210115200203	2000
20210115200203	2000
20210115200203	2000
20210115200203	2000
20210115200203	2000
20210115200203	2000
20210115200203	2000
20210115200203	2000
20210115200203	2000
20210115200203	2000
20210115200203	2000
20210115200203	2000
20210115200203	2000
20210115200203	2000
20210115200203	2000
20210115200203	2000
20210115200203	2000
20210115200203	2000
20210115200203	2000
20210115200203	2000
20210115200203	2000
20210115200203	2000
20210115200203	2000
20210115200203	2000
20210115200203	2000
20210115200204	2000
20210115200204	2000
20210115200204	2000
20210115200204	2000
20210115200204	2000
20210115200204	2000
20210115200204	2000
20210115200204	2000
20210115200204	2000
20210115200204	2000
20210115200204	2000
20210115200204	2000
20210115200204	2000
20210115200204	2000
20210115200204	2000
20210115200204	2000
20210115200204	2000
20210115200204	2000
20210115200204	2000
20210115200204	2000
20210115200204	2000
20210115200204	2000
20210115200204	2000
20210115200204	2000
20210115200204	2000
20210115200204	2000
20210115200204	2000
20210115200204	2000
20210115200204	2000
20210115200204	2000
20210115200204	2000
20210115200204	2000
20210115200204	2000
20210115200204	2000
20210115200204	2000
20210115200204	2000
20210115200204	2000
20210115200204	2000
20210115200204	2000
20210115200204	2000
20210115200204	2000
20210115200204	2000
20210115200204	2000
20210115200204	2000
20210115200204	2000
20210115200205	2000
20210115200205	2000
20210115200205	2000
20210115200205	2000
20210115200205	2000
20210115200205	2000
20210115200205	2000
20210115200205	2000
20210115200205	2000
20210115200205	2000
20210115200205	2000
20210115200205	2000
20210115200205	2000
20210115200205	2000
20210115200205	2000
20210115200205	2000
20210115200205	2000
20210115200205	2000
20210115200205	2000
20210115200205	2000
20210115200205	2000
20210115200205	2000
20210115200205	2000
20210115200205	2000
20210115200205	2000
20210115200205	2000
20210115200205	2000
20210115200205	2000
20210115200205	2000
20210115200205	2000
20210115200205	2000
20210115200205	2000
20210115200205	2000
20210115200205	2000
20210115200205	2000
20210115200205	2000
20210115200206	2000
20210115200206	2000
20210115200206	2000
20210115200206	2000
20210115200206	2000
20210115200206	2000
20210115200206	2000
20210115200206	2000
20210115200206	2000
20210115200206	2000
20210115200206	2000
20210115200206	2000
20210115200206	2000
20210115200206	2000
20210115200206	2000
20210115200206	2000
20210115200206	2000
20210115200206	2000
20210115200206	2000
20210115200206	2000
20210115200206	2000
20210115200206	2000
20210115200206	2000
20210115200206	2000
20210115200206	2000
20210115200206	2000
20210115200206	2000
20210115200206	2000
20210115200206	2000
20210115200206	2000
20210115200206	2000
20210115200206	2000
20210115200207	2000
20210115200207	2000
20210115200207	2000
20210115200207	2000
20210115200207	2000
20210115200207	2000
20210115200207	2000
20210115200207	2000
20210115200207	2000
20210115200207	2000
20210115200207	2000
20210115200207	2000
20210115200207	2000
20210115200207	2000
20210115200207	2000
20210115200207	2000
20210115200207	2000
20210115200207	2000
20210115200207	2000
20210115200207	2000
20210115200207	2000
20210115200207	2000
20210115200207	2000
20210115200207	2000
20210115200207	2000
20210115200207	2000
20210115200207	2000
20210115200207	2000
20210115200207	2000
20210115200207	2000
20210115200207	2000
20210115200207	2000
20210115200207	2000
20210115200207	2000
20210115200207	2000
20210115200207	2000
20210115200207	2000
20210115200208	2000
20210115200208	2000
20210115200208	2000
20210115200208	2000
20210115200208	2000
20210115200208	2000
20210115200208	2000
20210115200208	2000
20210115200208	2000
20210115200208	2000
20210115200208	2000
20210115200208	2000
20210115200208	2000
20210115200208	2000
20210115200208	2000
20210115200208	2000
20210115200208	2000
20210115200208	2000
20210115200208	2000
20210115200208	2000
20210115200208	2000
20210115200208	2000
20210115200208	2000
20210115200208	2000
20210115200208	2000
20210115200208	2000
20210115200209	2000
20210115200209	2000
20210115200209	2000
20210115200209	2000
20210115200209	2000
20210115200209	2000
20210115200209	2000
20210115200209	2000
20210115200209	2000
20210115200209	2000
20210115200209	2000
20210115200209	2000
20210115200209	2000
20210115200209	2000
20210115200209	2000
20210115200209	2000
20210115200209	2000
20210115200209	2000
20210115200209	2000
20210115200209	2000
20210115200209	2000
20210115200209	2000
20210115200209	2000
20210115200209	2000
20210115200209	2000
20210115200209	2000
20210115200209	2000
20210115200209	2000
20210115200209	2000
20210115200209	2000
20210115200209	2000
20210115200209	2000
20210115200209	2000
20210115200209	2000
20210115200209	2000
20210115200210	2000
20210115200210	2000
20210115200210	2000
20210115200210	2000
20210115200210	2000
20210115200210	2000
20210115200210	2000
20210115200210	2000
20210115200210	2000
20210115200210	2000
20210115200210	2000
20210115200210	2000
20210115200210	2000
20210115200210	2000
20210115200210	2000
20210115200210	2000
20210115200210	2000
20210115200210	2000
20210115200210	2000
20210115200210	2000
20210115200211	2000
20210115200211	2000
20210115200211	2000
20210115200211	2000
20210115200211	2000
20210115200211	2000
20210115200211	2000
20210115200211	2000
20210115200211	2000
20210115200211	2000
20210115200211	2000
20210115200211	2000
20210115200211	2000
20210115200211	2000
20210115200211	2000
20210115200211	2000
20210115200211	2000
20210115200211	2000
20210115200211	2000
20210115200211	2000
20210115200211	2000
20210115200211	2000
20210115200211	2000
20210115200211	2000
20210115200211	2000
20210115200211	2000
20210115200211	2000
20210115200211	2000
20210115200211	2000
20210115200211	2000
20210115200211	2000
20210115200211	2000
20210115200211	2000
20210115200211	2000
20210115200211	2000
20210115200211	2000
20210115200211	2000
20210115200211	2000
20210115200211	2000
20210115200211	2000
20210115200211	2000
20210115200211	2000
20210115200212	2000
20210115200212	2000
20210115200212	2000
20210115200212	2000
20210115200212	2000
20210115200212	2000
20210115200212	2000
20210115200212	2000
20210115200212	2000
20210115200212	2000
20210115200212	2000
20210115200212	2000
20210115200212	2000
20210115200212	2000
20210115200212	2000
20210115200212	2000
20210115200212	2000
20210115200212	2000
20210115200212	2000
20210115200212	2000
20210115200212	2000
20210115200212	2000
20210115200212	2000
20210115200212	2000
20210115200212	2000
20210115200212	2000
20210115200212	2000
20210115200212	2000
20210115200212	2000
20210115200212	2000
20210115200212	2000
20210115200212	2000
20210115200212	2000
20210115200212	2000
20210115200212	2000
20210115200212	2000
20210115200212	2000
20210115200212	2000
20210115200212	2000
20210115200212	2000
20210115200212	2000
20210115200212	2000
20210115200212	2000
20210115200212	2000
20210115200212	2000
20210115200212	2000
20210115200212	2000
20210115200212	2000
20210115200212	2000
20210115200212	2000
20210115200212	2000
20210115200212	2000
20210115200212	2000
20210115200212	2000
20210115200212	2000
20210115200212	2000
20210115200212	2000
20210115200212	2000
20210115200213	2000
20210115200213	2000
20210115200213	2000
20210115200213	2000
20210115200213	2000
20210115200213	2000
20210115200213	2000
20210115200213	2000
20210115200213	2000
20210115200213	2000
20210115200213	2000
20210115200213	2000
20210115200213	2000
20210115200213	2000
20210115200213	2000
20210115200213	2000
20210115200213	2000
20210115200213	2000
20210115200213	2000
20210115200213	2000
20210115200213	2000
20210115200213	2000
20210115200213	2000
20210115200213	2000
20210115200213	2000
20210115200213	2000
20210115200213	2000
20210115200213	2000
20210115200213	2000
20210115200213	2000
20210115200213	2000
20210115200213	2000
20210115200213	2000
20210115200213	2000
20210115200213	2000
20210115200213	2000
20210115200213	2000
20210115200213	2000
20210115200213	2000
20210115200213	2000
20210115200213	2000
20210115200213	2000
20210115200213	2000
20210115200213	2000
20210115200213	2000
20210115200213	2000
20210115200213	2000
20210115200213	2000
20210115200213	2000
20210115200213	2000
20210115200213	2000
20210115200213	2000
20210115200213	2000
20210115200213	2000
20210115200213	2000
20210115200213	2000
20210115200213	2000
20210115200213	2000
20210115200213	2000
20210115200213	2000
20210115200213	2000
20210115200213	2000
20210115200214	2000
20210115200214	2000
20210115200214	2000
20210115200214	2000
20210115200214	2000
20210115200214	2000
20210115200214	2000
20210115200214	2000
20210115200214	2000
20210115200214	2000
20210115200214	2000
20210115200214	2000
20210115200214	2000
20210115200214	2000
20210115200214	2000
20210115200214	2000
20210115200214	2000
20210115200214	2000
20210115200214	2000
20210115200214	2000
20210115200214	2000
20210115200214	2000
20210115200214	2000
20210115200214	2000
20210115200214	2000
20210115200214	2000
20210115200214	2000
20210115200214	2000
20210115200214	2000
20210115200214	2000
20210115200214	2000
20210115200214	2000
20210115200214	2000
20210115200214	2000
20210115200214	2000
20210115200214	2000
20210115200214	2000
20210115200214	2000
20210115200214	2000
20210115200214	2000
20210115200214	2000
20210115200214	2000
20210115200214	2000
20210115200214	2000
20210115200214	2000
20210115200214	2000
20210115200214	2000
20210115200214	2000
20210115200214	2000
20210115200215	2000
20210115200215	2000
20210115200215	2000
20210115200215	2000
20210115200215	2000
20210115200215	2000
20210115200215	2000
20210115200215	2000
20210115200215	2000
20210115200215	2000
20210115200215	2000
20210115200215	2000
20210115200215	2000
20210115200215	2000
20210115200215	2000
20210115200215	2000
20210115200215	2000
20210115200215	2000
20210115200215	2000
20210115200215	2000
20210115200215	2000
20210115200215	2000
20210115200215	2000
20210115200215	2000
20210115200215	2000
20210115200215	2000
20210115200215	2000
20210115200215	2000
20210115200215	2000
20210115200215	2000
20210115200215	2000
20210115200215	2000
20210115200215	2000
20210115200215	2000
20210115200215	2000
20210115200215	2000
20210115200215	2000
20210115200215	2000
20210115200215	2000
20210115200215	2000
20210115200215	2000
20210115200215	2000
20210115200215	2000
20210115200215	2000
20210115200215	2000
20210115200215	2000
20210115200215	2000
20210115200215	2000
20210115200215	2000
20210115200215	2000
20210115200215	2000
20210115200215	2000
20210115200215	2000
20210115200215	2000
20210115200215	2000
20210115200215	2000
20210115200215	2000
20210115200215	2000
20210115200215	2000
20210115200215	2000
20210115200215	2000
20210115200215	2000
20210115200215	2000
20210115200215	2000
20210115200215	2000
20210115200216	2000
20210115200216	2000
20210115200216	2000
20210115200216	2000
20210115200216	2000
20210115200216	2000
20210115200216	2000
20210115200216	2000
20210115200216	2000
20210115200216	2000
20210115200216	2000
20210115200216	2000
20210115200216	2000
20210115200216	2000
20210115200216	2000
20210115200216	2000
20210115200216	2000
20210115200216	2000
20210115200216	2000
20210115200216	2000
20210115200216	2000
20210115200216	2000
20210115200216	2000
20210115200216	2000
20210115200216	2000
20210115200216	2000
20210115200216	2000
20210115200216	2000
20210115200216	2000
20210115200216	2000
20210115200216	2000
20210115200216	2000
20210115200216	2000
20210115200216	2000
20210115200217	2000
20210115200217	2000
20210115200217	2000
20210115200217	2000
20210115200217	2000
20210115200217	2000
20210115200217	2000
20210115200217	2000
20210115200217	2000
20210115200217	2000
20210115200217	2000
20210115200217	2000
20210115200217	2000
20210115200217	2000
20210115200217	2000
20210115200217	2000
20210115200217	2000
20210115200217	2000
20210115200217	2000
20210115200217	2000
20210115200217	2000
20210115200217	2000
20210115200217	2000
20210115200217	2000
20210115200217	2000
20210115200217	2000
20210115200217	2000
20210115200217	2000
20210115200217	2000
20210115200217	2000
20210115200217	2000
20210115200217	2000
20210115200217	2000
20210115200217	2000
20210115200217	2000
20210115200217	2000
20210115200217	2000
20210115200217	2000
20210115200217	2000
20210115200217	2000
20210115200217	2000
20210115200217	2000
20210115200217	2000
20210115200217	2000
20210115200217	2000
20210115200217	2000
20210115200217	2000
20210115200217	2000
20210115200217	2000
20210115200217	2000
20210115200217	2000
20210115200217	2000
20210115200217	2000
20210115200217	2000
20210115200218	2000
20210115200218	2000
20210115200218	2000
20210115200218	2000
20210115200218	2000
20210115200218	2000
20210115200218	2000
20210115200218	2000
20210115200218	2000
20210115200218	2000
20210115200218	2000
20210115200218	2000
20210115200218	2000
20210115200218	2000
20210115200218	2000
20210115200218	2000
20210115200218	2000
20210115200218	2000
20210115200218	2000
20210115200218	2000
20210115200218	2000
20210115200218	2000
20210115200218	2000
20210115200218	2000
20210115200218	2000
20210115200218	2000
20210115200218	2000
20210115200218	2000
20210115200218	2000
20210115200218	2000
20210115200218	2000
20210115200218	2000
20210115200218	2000
20210115200218	2000
20210115200218	2000
20210115200218	2000
20210115200218	2000
20210115200218	2000
20210115200218	2000
20210115200218	2000
20210115200218	2000
20210115200218	2000
20210115200218	2000
20210115200218	2000
20210115200218	2000
20210115200218	2000
20210115200218	2000
20210115200218	2000
20210115200218	2000
20210115200218	2000
20210115200218	2000
20210115200218	2000
20210115200218	2000
20210115200218	2000
20210115200218	2000
20210115200218	2000
20210115200218	2000
20210115200218	2000
20210115200218	2000
20210115200218	2000
20210115200218	2000
20210115200218	2000
20210115200218	2000
20210115200218	2000
20210115200218	2000
20210115200218	2000
20210115200218	2000
20210115200218	2000
20210115200219	2000
20210115200219	2000
20210115200219	2000
20210115200219	2000
20210115200219	2000
20210115200219	2000
20210115200219	2000
20210115200219	2000
20210115200219	2000
20210115200219	2000
20210115200219	2000
20210115200219	2000
20210115200219	2000
20210115200219	2000
20210115200219	2000
20210115200219	2000
20210115200219	2000
20210115200219	2000
20210115200219	2000
20210115200219	2000
20210115200219	2000
20210115200219	2000
20210115200219	2000
20210115200219	2000
20210115200219	2000
20210115200219	2000
20210115200219	2000
20210115200219	2000
20210115200219	2000
20210115200219	2000
20210115200219	2000
20210115200219	2000
20210115200219	2000
20210115200219	2000
20210115200219	2000
20210115200219	2000
20210115200219	2000
20210115200219	2000
20210115200219	2000
20210115200219	2000
20210115200219	2000
20210115200219	2000
20210115200219	2000
20210115200219	2000
20210115200219	2000
20210115200219	2000
20210115200219	2000
20210115200219	2000
20210115200219	2000
20210115200219	2000
20210115200219	2000
20210115200219	2000
20210115200219	2000
20210115200219	2000
20210115200219	2000
20210115200219	2000
20210115200220	2000
20210115200220	2000
20210115200220	2000
20210115200220	2000
20210115200220	2000
20210115200220	2000
20210115200220	2000
20210115200220	2000
20210115200220	2000
20210115200220	2000
20210115200220	2000
20210115200220	2000
20210115200220	2000
20210115200220	2000
20210115200220	2000
20210115200220	2000
20210115200220	2000
20210115200220	2000
20210115200220	2000
20210115200220	2000
20210115200220	2000
20210115200220	2000
20210115200220	2000
20210115200220	2000
20210115200220	2000
20210115200220	2000
20210115200220	2000
20210115200220	2000
20210115200220	2000
20210115200220	2000
20210115200220	2000
20210115200220	2000
20210115200220	2000
20210115200220	2000
20210115200220	2000
20210115200220	2000
20210115200221	2000
20210115200221	2000
20210115200221	2000
20210115200221	2000
20210115200221	2000
20210115200221	2000
20210115200221	2000
20210115200221	2000
20210115200221	2000
20210115200221	2000
20210115200221	2000
20210115200221	2000
20210115200221	2000
20210115200221	2000
20210115200221	2000
20210115200221	2000
20210115200221	2000
20210115200221	2000
20210115200221	2000
20210115200221	2000
20210115200221	2000
20210115200221	2000
20210115200221	2000
20210115200221	2000
20210115200221	2000
20210115200221	2000
20210115200221	2000
20210115200221	2000
20210115200221	2000
20210115200221	2000
20210115200221	2000
20210115200221	2000
20210115200221	2000
20210115200221	2000
20210115200221	2000
20210115200221	2000
20210115200221	2000
20210115200221	2000
20210115200222	2000
20210115200222	2000
20210115200222	2000
20210115200222	2000
20210115200222	2000
20210115200222	2000
20210115200222	2000
20210115200222	2000
20210115200222	2000
20210115200222	2000
20210115200222	2000
20210115200222	2000
20210115200222	2000
20210115200222	2000
20210115200222	2000
20210115200222	2000
20210115200222	2000
20210115200222	2000
20210115200222	2000
20210115200222	2000
20210115200222	2000
20210115200222	2000
20210115200222	2000
20210115200222	2000
20210115200222	2000
20210115200222	2000
20210115200222	2000
20210115200222	2000
20210115200222	2000
20210115200222	2000
20210115200222	2000
20210115200222	2000
20210115200222	2000
20210115200222	2000
20210115200222	2000
20210115200222	2000
20210115200222	2000
20210115200222	2000
20210115200222	2000
20210115200222	2000
20210115200222	2000
20210115200222	2000
20210115200222	2000
20210115200222	2000
20210115200223	2000
20210115200223	2000
20210115200223	2000
20210115200223	2000
20210115200223	2000
20210115200223	2000
20210115200223	2000
20210115200223	2000
20210115200223	2000
20210115200223	2000
20210115200223	2000
20210115200223	2000
20210115200223	2000
20210115200223	2000
20210115200223	2000
20210115200223	2000
20210115200223	2000
20210115200223	2000
20210115200223	2000
20210115200223	2000
20210115200223	2000
20210115200223	2000
20210115200223	2000
20210115200223	2000
20210115200223	2000
20210115200223	2000
20210115200223	2000
20210115200223	2000
20210115200223	2000
20210115200223	2000
20210115200223	2000
20210115200223	2000
20210115200223	2000
20210115200223	2000
20210115200223	2000
20210115200223	2000
20210115200223	2000
20210115200223	2000
20210115200223	2000
20210115200223	2000
20210115200223	2000
20210115200223	2000
20210115200223	2000
20210115200223	2000
20210115200223	2000
20210115200223	2000
20210115200223	2000
20210115200223	2000
20210115200223	2000
20210115200223	2000
20210115200223	2000
20210115200223	2000
20210115200223	2000
20210115200224	2000
20210115200224	2000
20210115200224	2000
20210115200224	2000
20210115200224	2000
20210115200224	2000
20210115200224	2000
20210115200224	2000
20210115200224	2000
20210115200224	2000
20210115200224	2000
20210115200224	2000
20210115200224	2000
20210115200224	2000
20210115200224	2000
20210115200224	2000
20210115200224	2000
20210115200224	2000
20210115200224	2000
20210115200224	2000
20210115200224	2000
20210115200224	2000
20210115200224	2000
20210115200224	2000
20210115200224	2000
20210115200224	2000
20210115200224	2000
20210115200224	2000
20210115200224	2000
20210115200224	2000
20210115200224	2000
20210115200224	2000
20210115200224	2000
20210115200224	2000
20210115200224	2000
20210115200224	2000
20210115200224	2000
20210115200224	2000
20210115200224	2000
20210115200224	2000
20210115200224	2000
20210115200224	2000
20210115200224	2000
20210115200224	2000
20210115200224	2000
20210115200224	2000
20210115200224	2000
20210115200224	2000
20210115200224	2000
20210115200224	2000
20210115200224	2000
20210115200224	2000
20210115200225	2000
20210115200225	2000
20210115200225	2000
20210115200225	2000
20210115200225	2000
20210115200225	2000
20210115200225	2000
20210115200225	2000
20210115200225	2000
20210115200225	2000
20210115200225	2000
20210115200225	2000
20210115200225	2000
20210115200225	2000
20210115200225	2000
20210115200225	2000
20210115200225	2000
20210115200225	2000
20210115200225	2000
20210115200225	2000
20210115200225	2000
20210115200225	2000
20210115200225	2000
20210115200225	2000
20210115200225	2000
20210115200225	2000
20210115200225	2000
20210115200225	2000
20210115200225	2000
20210115200225	2000
20210115200225	2000
20210115200225	2000
20210115200225	2000
20210115200225	2000
20210115200225	2000
20210115200225	2000
20210115200225	2000
20210115200226	2000
20210115200226	2000
20210115200226	2000
20210115200226	2000
20210115200226	2000
20210115200226	2000
20210115200226	2000
20210115200226	2000
20210115200226	2000
20210115200226	2000
20210115200226	2000
20210115200226	2000
20210115200226	2000
20210115200226	2000
20210115200226	2000
20210115200226	2000
20210115200226	2000
20210115200226	2000
20210115200226	2000
20210115200226	2000
20210115200226	2000
20210115200226	2000
20210115200226	2000
20210115200226	2000
20210115200226	2000
20210115200226	2000
20210115200226	2000
20210115200226	2000
20210115200226	2000
20210115200226	2000
20210115200226	2000
20210115200226	2000
20210115200226	2000
20210115200226	2000
20210115200226	2000
20210115200226	2000
20210115200227	2000
20210115200227	2000
20210115200227	2000
20210115200227	2000
20210115200227	2000
20210115200227	2000
20210115200227	2000
20210115200227	2000
20210115200227	2000
20210115200227	2000
20210115200227	2000
20210115200227	2000
20210115200227	2000
20210115200227	2000
20210115200227	2000
20210115200227	2000
20210115200227	2000
20210115200227	2000
20210115200227	2000
20210115200227	2000
20210115200227	2000
20210115200227	2000
20210115200227	2000
20210115200227	2000
20210115200227	2000
20210115200227	2000
20210115200228	2000
20210115200228	2000
20210115200228	2000
20210115200228	2000
20210115200228	2000
20210115200228	2000
20210115200228	2000
20210115200228	2000
20210115200228	2000
20210115200228	2000
20210115200228	2000
20210115200228	2000
20210115200228	2000
20210115200228	2000
20210115200228	2000
20210115200228	2000
20210115200228	2000
20210115200228	2000
20210115200228	2000
20210115200228	2000
20210115200228	2000
20210115200228	2000
20210115200228	2000
20210115200228	2000
20210115200228	2000
20210115200228	2000
20210115200228	2000
20210115200228	2000
20210115200228	2000
20210115200228	2000
20210115200228	2000
20210115200228	2000
20210115200228	2000
20210115200228	2000
20210115200228	2000
20210115200228	2000
20210115200228	2000
20210115200228	2000
20210115200228	2000
20210115200228	2000
20210115200228	2000
20210115200228	2000
20210115200228	2000
20210115200228	2000
20210115200228	2000
20210115200228	2000
20210115200229	2000
20210115200229	2000
20210115200229	2000
20210115200229	2000
20210115200229	2000
20210115200229	2000
20210115200229	2000
20210115200229	2000
20210115200229	2000
20210115200229	2000
20210115200229	2000
20210115200229	2000
20210115200229	2000
20210115200229	2000
20210115200229	2000
20210115200229	2000
20210115200229	2000
20210115200229	2000
20210115200229	2000
20210115200229	2000
20210115200229	2000
20210115200229	2000
20210115200229	2000
20210115200229	2000
20210115200229	2000
20210115200229	2000
20210115200229	2000
20210115200229	2000
20210115200229	2000
20210115200229	2000
20210115200230	2000
20210115200230	2000
20210115200230	2000
20210115200230	2000
20210115200230	2000
20210115200230	2000
20210115200230	2000
20210115200230	2000
20210115200230	2000
20210115200230	2000
20210115200230	2000
20210115200230	2000
20210115200230	2000
20210115200230	2000
20210115200230	2000
20210115200230	2000
20210115200230	2000
20210115200230	2000
20210115200230	2000
20210115200230	2000
20210115200230	2000
20210115200230	2000
20210115200230	2000
20210115200230	2000
20210115200230	2000
20210115200230	2000
20210115200230	2000
20210115200230	2000
20210115200230	2000
20210115200230	2000
20210115200230	2000
20210115200230	2000
20210115200230	2000
20210115200230	2000
20210115200230	2000
20210115200230	2000
20210115200230	2000
20210115200230	2000
20210115200230	2000
20210115200230	2000
20210115200230	2000
20210115200230	2000
20210115200230	2000
20210115200230	2000
20210115200230	2000
20210115200230	2000
20210115200230	2000
20210115200230	2000
20210115200230	2000
20210115200230	2000
20210115200231	2000
20210115200231	2000
20210115200231	2000
20210115200231	2000
20210115200231	2000
20210115200231	2000
