20210111015213	535.419
20210111015213	535.419
20210111015213	535.419
20210111015213	535.419
20210111015213	535.419
20210111015213	535.419
20210111015213	535.419
20210111015213	535.419
20210111015213	535.419
20210111015213	535.419
20210111015213	535.419
20210111015213	535.419
20210111015213	535.419
20210111015213	535.419
20210111015213	535.419
20210111015213	535.419
20210111015213	535.419
20210111015213	535.419
20210111015213	535.419
20210111015213	535.419
20210111015213	535.419
20210111015213	535.419
20210111015213	535.419
20210111015213	535.419
20210111015213	535.419
20210111015213	535.419
20210111015213	535.419
20210111015214	535.419
20210111015214	535.419
20210111015214	535.419
20210111015214	535.419
20210111015214	535.419
20210111015214	535.419
20210111015214	535.419
20210111015214	535.419
20210111015214	535.419
20210111015214	535.419
20210111015214	535.419
20210111015214	535.419
20210111015214	535.419
20210111015214	535.419
20210111015214	535.419
20210111015214	535.419
20210111015214	535.419
20210111015214	535.419
20210111015214	535.419
20210111015214	535.419
20210111015214	535.419
20210111015214	535.419
20210111015214	535.419
20210111015214	535.419
20210111015214	535.419
20210111015214	535.419
20210111015214	535.419
20210111015214	535.419
20210111015214	535.419
20210111015214	535.419
20210111015214	535.419
20210111015215	535.419
20210111015215	535.419
20210111015215	535.419
20210111015215	535.419
20210111015215	535.419
20210111015215	535.419
20210111015215	535.419
20210111015215	535.419
20210111015215	535.419
20210111015215	535.419
20210111015215	535.419
20210111015215	535.419
20210111015215	535.419
20210111015215	535.419
20210111015215	535.419
20210111015215	535.419
20210111015215	535.419
20210111015215	535.419
20210111015215	535.419
20210111015215	535.419
20210111015215	535.419
20210111015215	535.419
20210111015215	535.419
20210111015215	535.419
20210111015215	535.419
20210111015215	535.419
20210111015215	535.419
20210111015215	535.419
20210111015215	535.419
20210111015215	535.419
20210111015215	535.419
20210111015215	535.419
20210111015215	535.419
20210111015215	535.419
20210111015215	535.419
20210111015215	535.419
20210111015215	535.419
20210111015216	535.419
20210111015216	535.419
20210111015216	535.419
20210111015216	535.419
20210111015216	535.419
20210111015216	535.419
20210111015216	535.419
20210111015216	535.419
20210111015216	535.419
20210111015216	535.419
20210111015216	535.419
20210111015216	535.419
20210111015216	535.419
20210111015216	535.419
20210111015216	535.419
20210111015216	535.419
20210111015216	535.419
20210111015216	535.419
20210111015216	535.419
20210111015216	535.419
20210111015216	535.419
20210111015216	535.419
20210111015216	535.419
20210111015216	535.419
20210111015216	535.419
20210111015216	535.419
20210111015216	535.419
20210111015216	535.419
20210111015216	535.419
20210111015216	535.419
20210111015217	535.419
20210111015217	535.419
20210111015217	535.419
20210111015217	535.419
20210111015217	535.419
20210111015217	535.419
20210111015217	535.419
20210111015217	535.419
20210111015217	535.419
20210111015217	535.419
20210111015217	535.419
20210111015217	535.419
20210111015217	535.419
20210111015217	535.419
20210111015217	535.419
20210111015217	535.419
20210111015217	535.419
20210111015217	535.419
20210111015217	535.419
20210111015217	535.419
20210111015217	535.419
20210111015217	535.419
20210111015217	535.419
20210111015217	535.419
20210111015217	535.419
20210111015217	535.419
20210111015217	535.419
20210111015217	535.419
20210111015218	535.419
20210111015218	535.419
20210111015218	535.419
20210111015218	535.419
20210111015218	535.419
20210111015218	535.419
20210111015218	535.419
20210111015218	535.419
20210111015218	535.419
20210111015218	535.419
20210111015218	535.419
20210111015218	535.419
20210111015218	535.419
20210111015218	535.419
20210111015218	535.419
20210111015218	535.419
20210111015218	535.419
20210111015218	535.419
20210111015218	535.419
20210111015218	535.419
20210111015218	535.419
20210111015218	535.419
20210111015218	535.419
20210111015218	535.419
20210111015218	535.419
20210111015218	535.419
20210111015218	535.419
20210111015218	535.419
20210111015218	535.419
20210111015218	535.419
20210111015218	535.419
20210111015218	535.419
20210111015218	535.419
20210111015218	535.419
20210111015218	535.419
20210111015218	535.419
20210111015218	535.419
20210111015218	535.419
20210111015218	535.419
20210111015219	535.419
20210111015219	535.419
20210111015219	535.419
20210111015219	535.419
20210111015219	535.419
20210111015219	535.419
20210111015219	535.419
20210111015219	535.419
20210111015219	535.419
20210111015219	535.419
20210111015219	535.419
20210111015219	535.419
20210111015219	535.419
20210111015219	535.419
20210111015219	535.419
20210111015219	535.419
20210111015219	535.419
20210111015219	535.419
20210111015219	535.419
20210111015219	535.419
20210111015219	535.419
20210111015219	535.419
20210111015219	535.419
20210111015219	535.419
20210111015219	535.419
20210111015219	535.419
20210111015220	535.419
20210111015220	535.419
20210111015220	535.419
20210111015220	535.419
20210111015220	535.419
20210111015220	535.419
20210111015220	535.419
20210111015220	535.419
20210111015220	535.419
20210111015220	535.419
20210111015220	535.419
20210111015220	535.419
20210111015220	535.419
20210111015220	535.419
20210111015220	535.419
20210111015220	535.419
20210111015220	535.419
20210111015220	535.419
20210111015220	535.419
20210111015220	535.419
20210111015220	535.419
20210111015220	535.419
20210111015220	535.419
20210111015220	535.419
20210111015220	535.419
20210111015220	535.419
20210111015220	535.419
20210111015220	535.419
20210111015220	535.419
20210111015220	535.419
20210111015220	535.419
20210111015220	535.419
20210111015220	535.419
20210111015220	535.419
20210111015220	535.419
20210111015220	535.419
20210111015220	535.419
20210111015220	535.419
20210111015220	535.419
20210111015220	535.419
20210111015220	535.419
20210111015220	535.419
20210111015220	535.419
20210111015220	535.419
20210111015220	535.419
20210111015220	535.419
20210111015221	535.419
20210111015221	535.419
20210111015221	535.419
20210111015221	535.419
20210111015221	535.419
20210111015221	535.419
20210111015221	535.419
20210111015221	535.419
20210111015221	535.419
20210111015221	535.419
20210111015221	535.419
20210111015221	535.419
20210111015221	535.419
20210111015221	535.419
20210111015221	535.419
20210111015221	535.419
20210111015221	535.419
20210111015221	535.419
20210111015221	535.419
20210111015221	535.419
20210111015221	535.419
20210111015221	535.419
20210111015221	535.419
20210111015221	535.419
20210111015221	535.419
20210111015221	535.419
20210111015222	535.419
20210111015222	535.419
20210111015222	535.419
20210111015222	535.419
20210111015222	535.419
20210111015222	535.419
20210111015222	535.419
20210111015222	535.419
20210111015222	535.419
20210111015222	535.419
20210111015222	535.419
20210111015222	535.419
20210111015222	535.419
20210111015222	535.419
20210111015222	535.419
20210111015222	535.419
20210111015222	535.419
20210111015222	535.419
20210111015222	535.419
20210111015222	535.419
20210111015222	535.419
20210111015222	535.419
20210111015222	535.419
20210111015222	535.419
20210111015222	535.419
20210111015222	535.419
20210111015222	535.419
20210111015222	535.419
20210111015222	535.419
20210111015222	535.419
20210111015222	535.419
20210111015222	535.419
20210111015222	535.419
20210111015222	535.419
20210111015223	535.419
20210111015223	535.419
20210111015223	535.419
20210111015223	535.419
20210111015223	535.419
20210111015223	535.419
20210111015223	535.419
20210111015223	535.419
20210111015223	535.419
20210111015223	535.419
20210111015223	535.419
20210111015223	535.419
20210111015223	535.419
20210111015223	535.419
20210111015223	535.419
20210111015223	535.419
20210111015223	535.419
20210111015223	535.419
20210111015223	535.419
20210111015223	535.419
20210111015223	535.419
20210111015223	535.419
20210111015223	535.419
20210111015223	535.419
20210111015223	535.419
20210111015223	535.419
20210111015224	535.419
20210111015224	535.419
20210111015224	535.419
20210111015224	535.419
20210111015224	535.419
20210111015224	535.419
20210111015224	535.419
20210111015224	535.419
20210111015224	535.419
20210111015224	535.419
20210111015224	535.419
20210111015224	535.419
20210111015224	535.419
20210111015224	535.419
20210111015224	535.419
20210111015224	535.419
20210111015224	535.419
20210111015224	535.419
20210111015224	535.419
20210111015224	535.419
20210111015224	535.419
20210111015224	535.419
20210111015224	535.419
20210111015224	535.419
20210111015224	535.419
20210111015224	535.419
20210111015224	535.419
20210111015224	535.419
20210111015224	535.419
20210111015224	535.419
20210111015224	535.419
20210111015224	535.419
20210111015224	535.419
20210111015224	535.419
20210111015224	535.419
20210111015225	535.419
20210111015225	535.419
20210111015225	535.419
20210111015225	535.419
20210111015225	535.419
20210111015225	535.419
20210111015225	535.419
20210111015225	535.419
20210111015225	535.419
20210111015225	535.419
20210111015225	535.419
20210111015225	535.419
20210111015225	535.419
20210111015225	535.419
20210111015225	535.419
20210111015225	535.419
20210111015225	535.419
20210111015225	535.419
20210111015225	535.419
20210111015225	535.419
20210111015225	535.419
20210111015225	535.419
20210111015225	535.419
20210111015225	535.419
20210111015225	535.419
20210111015225	535.419
20210111015225	535.419
20210111015225	535.419
20210111015225	535.419
20210111015225	535.419
20210111015225	535.419
20210111015225	535.419
20210111015225	535.419
20210111015225	535.419
20210111015225	535.419
20210111015226	535.419
20210111015226	535.419
20210111015226	535.419
20210111015226	535.419
20210111015226	535.419
20210111015226	535.419
20210111015226	535.419
20210111015226	535.419
20210111015226	535.419
20210111015226	535.419
20210111015226	535.419
20210111015226	535.419
20210111015226	535.419
20210111015226	535.419
20210111015226	535.419
20210111015226	535.419
20210111015227	535.419
20210111015227	535.419
20210111015227	535.419
20210111015227	535.419
20210111015227	535.419
20210111015227	535.419
20210111015227	535.419
20210111015227	535.419
20210111015227	535.419
20210111015227	535.419
20210111015227	535.419
20210111015227	535.419
20210111015227	535.419
20210111015227	535.419
20210111015227	535.419
20210111015227	535.419
20210111015227	535.419
20210111015227	535.419
20210111015227	535.419
20210111015227	535.419
20210111015227	535.419
20210111015227	535.419
20210111015227	535.419
20210111015227	535.419
20210111015227	535.419
20210111015227	535.419
20210111015227	535.419
20210111015227	535.419
20210111015227	535.419
20210111015227	535.419
20210111015227	535.419
20210111015227	535.419
20210111015227	535.419
20210111015227	535.419
20210111015227	535.419
20210111015227	535.419
20210111015227	535.419
20210111015227	535.419
20210111015227	535.419
20210111015227	535.419
20210111015227	535.419
20210111015227	535.419
20210111015228	535.419
20210111015228	535.419
20210111015228	535.419
20210111015228	535.419
20210111015228	535.419
20210111015228	535.419
20210111015228	535.419
20210111015228	535.419
20210111015228	535.419
20210111015228	535.419
20210111015228	535.419
20210111015228	535.419
20210111015228	535.419
20210111015228	535.419
20210111015228	535.419
20210111015228	535.419
20210111015228	535.419
20210111015228	535.419
20210111015228	535.419
20210111015228	535.419
20210111015228	535.419
20210111015228	535.419
20210111015228	535.419
20210111015228	535.419
20210111015228	535.419
20210111015228	535.419
20210111015228	535.419
20210111015228	535.419
20210111015228	535.419
20210111015228	535.419
20210111015229	535.419
20210111015229	535.419
20210111015229	535.419
20210111015229	535.419
20210111015229	535.419
20210111015229	535.419
20210111015229	535.419
20210111015229	535.419
20210111015229	535.419
20210111015229	535.419
20210111015229	535.419
20210111015229	535.419
20210111015229	535.419
20210111015229	535.419
20210111015229	535.419
20210111015229	535.419
20210111015229	535.419
20210111015229	535.419
20210111015229	535.419
20210111015229	535.419
20210111015229	535.419
20210111015229	535.419
20210111015229	535.419
20210111015229	535.419
20210111015229	535.419
20210111015229	535.419
20210111015229	535.419
20210111015229	535.419
20210111015229	535.419
20210111015229	535.419
20210111015229	535.419
20210111015229	535.419
20210111015229	535.419
20210111015229	535.419
20210111015229	535.419
20210111015229	535.419
20210111015229	535.419
20210111015229	535.419
20210111015229	535.419
20210111015229	535.419
20210111015229	535.419
20210111015229	535.419
20210111015230	535.419
20210111015230	535.419
20210111015230	535.419
20210111015230	535.419
20210111015230	535.419
20210111015230	535.419
20210111015230	535.419
20210111015230	535.419
20210111015230	535.419
20210111015230	535.419
20210111015230	535.419
20210111015230	535.419
20210111015230	535.419
20210111015230	535.419
20210111015231	535.419
20210111015231	535.419
20210111015231	535.419
20210111015231	535.419
20210111015231	535.419
20210111015231	535.419
20210111015231	535.419
20210111015231	535.419
20210111015231	535.419
20210111015231	535.419
20210111015231	535.419
20210111015231	535.419
20210111015231	535.419
20210111015231	535.419
20210111015231	535.419
20210111015231	535.419
20210111015231	535.419
20210111015231	535.419
20210111015231	535.419
20210111015231	535.419
20210111015231	535.419
20210111015231	535.419
20210111015231	535.419
20210111015231	535.419
20210111015231	535.419
20210111015231	535.419
20210111015231	535.419
20210111015231	535.419
20210111015231	535.419
20210111015231	535.419
20210111015231	535.419
20210111015231	535.419
20210111015231	535.419
20210111015231	535.419
20210111015231	535.419
20210111015231	535.419
20210111015231	535.419
20210111015231	535.419
20210111015231	535.419
20210111015232	535.419
20210111015232	535.419
20210111015232	535.419
20210111015232	535.419
20210111015232	535.419
20210111015232	535.419
20210111015232	535.419
20210111015232	535.419
20210111015232	535.419
20210111015232	535.419
20210111015232	535.419
20210111015232	535.419
20210111015232	535.419
20210111015232	535.419
20210111015232	535.419
20210111015232	535.419
20210111015232	535.419
20210111015232	535.419
20210111015232	535.419
20210111015232	535.419
20210111015232	535.419
20210111015232	535.419
20210111015232	535.419
20210111015232	535.419
20210111015232	535.419
20210111015232	535.419
20210111015232	535.419
20210111015232	535.419
20210111015232	535.419
20210111015232	535.419
20210111015232	535.419
20210111015232	535.419
20210111015233	535.419
20210111015233	535.419
20210111015233	535.419
20210111015233	535.419
20210111015233	535.419
20210111015233	535.419
20210111015233	535.419
20210111015233	535.419
20210111015233	535.419
20210111015233	535.419
20210111015233	535.419
20210111015233	535.419
20210111015233	535.419
20210111015233	535.419
20210111015233	535.419
20210111015233	535.419
20210111015233	535.419
20210111015233	535.419
20210111015233	535.419
20210111015233	535.419
20210111015233	535.419
20210111015233	535.419
20210111015233	535.419
20210111015233	535.419
20210111015233	535.419
20210111015233	535.419
20210111015233	535.419
20210111015233	535.419
20210111015233	535.419
20210111015233	535.419
20210111015233	535.419
20210111015233	535.419
20210111015233	535.419
20210111015233	535.419
20210111015233	535.419
20210111015233	535.419
20210111015233	535.419
20210111015233	535.419
20210111015233	535.419
20210111015233	535.419
20210111015234	535.419
20210111015234	535.419
20210111015234	535.419
20210111015234	535.419
20210111015234	535.419
20210111015234	535.419
20210111015234	535.419
20210111015234	535.419
20210111015234	535.419
20210111015234	535.419
20210111015234	535.419
20210111015234	535.419
20210111015234	535.419
20210111015234	535.419
20210111015234	535.419
20210111015234	535.419
20210111015234	535.419
20210111015234	535.419
20210111015234	535.419
20210111015234	535.419
20210111015234	535.419
20210111015234	535.419
20210111015234	535.419
20210111015234	535.419
20210111015234	535.419
20210111015234	535.419
20210111015234	535.419
20210111015234	535.419
20210111015234	535.419
20210111015234	535.419
20210111015234	535.419
20210111015234	535.419
20210111015234	535.419
20210111015234	535.419
20210111015234	535.419
20210111015234	535.419
20210111015234	535.419
20210111015234	535.419
20210111015234	535.419
20210111015234	535.419
20210111015234	535.419
20210111015234	535.419
20210111015234	535.419
20210111015234	535.419
20210111015234	535.419
20210111015234	535.419
20210111015234	535.419
20210111015234	535.419
20210111015234	535.419
20210111015234	535.419
20210111015234	535.419
20210111015234	535.419
20210111015234	535.419
20210111015235	535.419
20210111015235	535.419
20210111015235	535.419
20210111015235	535.419
20210111015235	535.419
20210111015235	535.419
20210111015235	535.419
20210111015235	535.419
20210111015235	535.419
20210111015235	535.419
20210111015235	535.419
20210111015235	535.419
20210111015235	535.419
20210111015235	535.419
20210111015235	535.419
20210111015235	535.419
20210111015235	535.419
20210111015235	535.419
20210111015235	535.419
20210111015235	535.419
20210111015235	535.419
20210111015235	535.419
20210111015235	535.419
20210111015235	535.419
20210111015235	535.419
20210111015235	535.419
20210111015235	535.419
20210111015235	535.419
20210111015235	535.419
20210111015235	535.419
20210111015235	535.419
20210111015235	535.419
20210111015235	535.419
20210111015235	535.419
20210111015235	535.419
20210111015236	535.419
20210111015236	535.419
20210111015236	535.419
20210111015236	535.419
20210111015236	535.419
20210111015236	535.419
20210111015236	535.419
20210111015236	535.419
20210111015236	535.419
20210111015236	535.419
20210111015236	535.419
20210111015236	535.419
20210111015236	535.419
20210111015236	535.419
20210111015236	535.419
20210111015236	535.419
20210111015236	535.419
20210111015236	535.419
20210111015236	535.419
20210111015236	535.419
20210111015236	535.419
20210111015236	535.419
20210111015236	535.419
20210111015236	535.419
20210111015236	535.419
20210111015236	535.419
20210111015236	535.419
20210111015236	535.419
20210111015236	535.419
20210111015236	535.419
20210111015236	535.419
20210111015236	535.419
20210111015236	535.419
20210111015236	535.419
20210111015236	535.419
20210111015236	535.419
20210111015236	535.419
20210111015236	535.419
20210111015236	535.419
20210111015236	535.419
20210111015236	535.419
20210111015236	535.419
20210111015236	535.419
20210111015236	535.419
20210111015236	535.419
20210111015236	535.419
20210111015236	535.419
20210111015236	535.419
20210111015236	535.419
20210111015236	535.419
20210111015236	535.419
20210111015236	535.419
20210111015236	535.419
20210111015236	535.419
20210111015236	535.419
20210111015236	535.419
20210111015236	535.419
20210111015236	535.419
20210111015236	535.419
20210111015236	535.419
20210111015236	535.419
20210111015236	535.419
20210111015236	535.419
20210111015236	535.419
20210111015236	535.419
20210111015236	535.419
20210111015236	535.419
20210111015236	535.419
20210111015236	535.419
20210111015236	535.419
20210111015236	535.419
20210111015236	535.419
20210111015236	535.419
20210111015236	535.419
20210111015236	535.419
20210111015236	535.419
20210111015236	535.419
20210111015237	535.419
20210111015237	535.419
20210111015237	535.419
20210111015237	535.419
20210111015237	535.419
20210111015237	535.419
20210111015237	535.419
20210111015237	535.419
20210111015237	535.419
20210111015237	535.419
20210111015237	535.419
20210111015237	535.419
20210111015237	535.419
20210111015237	535.419
20210111015237	535.419
20210111015237	535.419
20210111015237	535.419
20210111015237	535.419
20210111015237	535.419
20210111015237	535.419
20210111015237	535.419
20210111015237	535.419
20210111015237	535.419
20210111015237	535.419
20210111015237	535.419
20210111015237	535.419
20210111015237	535.419
20210111015237	535.419
20210111015237	535.419
20210111015237	535.419
20210111015237	535.419
20210111015237	535.419
20210111015237	535.419
20210111015237	535.419
20210111015237	535.419
20210111015237	535.419
20210111015237	535.419
20210111015237	535.419
20210111015237	535.419
20210111015237	535.419
20210111015237	535.419
20210111015237	535.419
20210111015237	535.419
20210111015237	535.419
20210111015237	535.419
20210111015237	535.419
20210111015238	535.419
20210111015238	535.419
20210111015238	535.419
20210111015238	535.419
20210111015238	535.419
20210111015238	535.419
20210111015238	535.419
20210111015238	535.419
20210111015238	535.419
20210111015238	535.419
20210111015238	535.419
20210111015238	535.419
20210111015238	535.419
20210111015238	535.419
20210111015238	535.419
20210111015238	535.419
20210111015238	535.419
20210111015238	535.419
20210111015239	535.419
20210111015239	535.419
20210111015239	535.419
20210111015239	535.419
20210111015239	535.419
20210111015239	535.419
20210111015239	535.419
20210111015239	535.419
20210111015239	535.419
20210111015239	535.419
20210111015239	535.419
20210111015239	535.419
20210111015239	535.419
20210111015239	535.419
20210111015239	535.419
20210111015239	535.419
20210111015239	535.419
20210111015239	535.419
20210111015239	535.419
20210111015239	535.419
20210111015239	535.419
20210111015239	535.419
20210111015239	535.419
20210111015239	535.419
20210111015239	535.419
20210111015239	535.419
20210111015239	535.419
20210111015239	535.419
20210111015239	535.419
20210111015239	535.419
20210111015239	535.419
20210111015239	535.419
20210111015239	535.419
20210111015239	535.419
20210111015239	535.419
20210111015239	535.419
20210111015239	535.419
20210111015239	535.419
20210111015239	535.419
20210111015239	535.419
20210111015239	535.419
20210111015239	535.419
20210111015240	535.419
20210111015240	535.419
20210111015240	535.419
20210111015240	535.419
20210111015240	535.419
20210111015240	535.419
20210111015240	535.419
20210111015240	535.419
20210111015240	535.419
20210111015240	535.419
20210111015240	535.419
20210111015240	535.419
20210111015240	535.419
20210111015240	535.419
20210111015240	535.419
20210111015240	535.419
20210111015240	535.419
20210111015240	535.419
20210111015240	535.419
20210111015240	535.419
20210111015240	535.419
20210111015240	535.419
20210111015240	535.419
20210111015240	535.419
20210111015240	535.419
20210111015240	535.419
20210111015240	535.419
20210111015240	535.419
20210111015240	535.419
20210111015240	535.419
20210111015240	535.419
20210111015240	535.419
20210111015240	535.419
20210111015240	535.419
20210111015240	535.419
20210111015240	535.419
20210111015240	535.419
20210111015240	535.419
20210111015241	535.419
20210111015241	535.419
20210111015241	535.419
20210111015241	535.419
20210111015241	535.419
20210111015241	535.419
20210111015241	535.419
20210111015241	535.419
20210111015241	535.419
20210111015241	535.419
20210111015241	535.419
20210111015241	535.419
20210111015241	535.419
20210111015241	535.419
20210111015241	535.419
20210111015241	535.419
20210111015241	535.419
20210111015241	535.419
20210111015241	535.419
20210111015241	535.419
20210111015241	535.419
20210111015241	535.419
20210111015241	535.419
20210111015241	535.419
20210111015241	535.419
20210111015241	535.419
20210111015241	535.419
20210111015241	535.419
20210111015241	535.419
20210111015241	535.419
20210111015241	535.419
20210111015241	535.419
20210111015241	535.419
20210111015241	535.419
20210111015241	535.419
20210111015241	535.419
20210111015241	535.419
20210111015241	535.419
20210111015241	535.419
20210111015242	535.419
20210111015242	535.419
20210111015242	535.419
20210111015242	535.419
20210111015242	535.419
20210111015242	535.419
20210111015242	535.419
20210111015242	535.419
20210111015242	535.419
20210111015242	535.419
20210111015242	535.419
20210111015242	535.419
20210111015242	535.419
20210111015242	535.419
20210111015242	535.419
20210111015242	535.419
20210111015242	535.419
20210111015242	535.419
20210111015242	535.419
20210111015242	535.419
20210111015242	535.419
20210111015242	535.419
20210111015242	535.419
20210111015242	535.419
20210111015242	535.419
20210111015242	535.419
20210111015242	535.419
20210111015242	535.419
20210111015242	535.419
20210111015242	535.419
20210111015242	535.419
20210111015242	535.419
20210111015242	535.419
20210111015242	535.419
20210111015242	535.419
20210111015242	535.419
20210111015243	535.419
20210111015243	535.419
20210111015243	535.419
20210111015243	535.419
20210111015243	535.419
20210111015243	535.419
20210111015243	535.419
20210111015243	535.419
20210111015243	535.419
20210111015243	535.419
20210111015243	535.419
20210111015243	535.419
20210111015243	535.419
20210111015243	535.419
20210111015243	535.419
20210111015243	535.419
20210111015243	535.419
20210111015243	535.419
20210111015243	535.419
20210111015243	535.419
20210111015243	535.419
20210111015243	535.419
20210111015243	535.419
20210111015243	535.419
20210111015243	535.419
20210111015243	535.419
20210111015243	535.419
20210111015243	535.419
20210111015243	535.419
20210111015243	535.419
20210111015243	535.419
20210111015243	535.419
20210111015243	535.419
20210111015243	535.419
20210111015243	535.419
20210111015243	535.419
20210111015243	535.419
20210111015243	535.419
20210111015243	535.419
20210111015243	535.419
20210111015243	535.419
20210111015243	535.419
20210111015244	535.419
20210111015244	535.419
20210111015244	535.419
20210111015244	535.419
20210111015244	535.419
20210111015244	535.419
20210111015244	535.419
20210111015244	535.419
20210111015244	535.419
20210111015244	535.419
20210111015244	535.419
20210111015244	535.419
20210111015244	535.419
20210111015244	535.419
20210111015244	535.419
20210111015244	535.419
20210111015244	535.419
20210111015244	535.419
20210111015244	535.419
20210111015244	535.419
20210111015244	535.419
20210111015244	535.419
20210111015244	535.419
20210111015244	535.419
20210111015244	535.419
20210111015244	535.419
20210111015244	535.419
20210111015244	535.419
20210111015244	535.419
20210111015244	535.419
20210111015244	535.419
20210111015244	535.419
20210111015244	535.419
20210111015244	535.419
20210111015244	535.419
20210111015244	535.419
20210111015244	535.419
20210111015244	535.419
20210111015244	535.419
20210111015244	535.419
20210111015244	535.419
20210111015244	535.419
20210111015244	535.419
20210111015244	535.419
20210111015244	535.419
20210111015244	535.419
20210111015244	535.419
20210111015244	535.419
20210111015244	535.419
20210111015244	535.419
20210111015244	535.419
20210111015244	535.419
20210111015244	535.419
20210111015244	535.419
20210111015244	535.419
20210111015244	535.419
20210111015244	535.419
20210111015244	535.419
20210111015244	535.419
20210111015244	535.419
20210111015244	535.419
20210111015244	535.419
20210111015244	535.419
20210111015244	535.419
20210111015244	535.419
20210111015244	535.419
20210111015244	535.419
20210111015244	535.419
20210111015244	535.419
20210111015244	535.419
20210111015244	535.419
20210111015244	535.419
20210111015244	535.419
20210111015244	535.419
20210111015244	535.419
20210111015244	535.419
20210111015244	535.419
20210111015244	535.419
20210111015245	535.419
20210111015245	535.419
20210111015245	535.419
20210111015245	535.419
20210111015245	535.419
20210111015245	535.419
20210111015245	535.419
20210111015245	535.419
20210111015245	535.419
20210111015245	535.419
20210111015245	535.419
20210111015245	535.419
20210111015245	535.419
20210111015245	535.419
20210111015245	535.419
20210111015245	535.419
20210111015245	535.419
20210111015245	535.419
20210111015245	535.419
20210111015245	535.419
20210111015245	535.419
20210111015245	535.419
20210111015245	535.419
20210111015245	535.419
20210111015245	535.419
20210111015245	535.419
20210111015245	535.419
20210111015245	535.419
20210111015245	535.419
20210111015245	535.419
20210111015245	535.419
20210111015245	535.419
20210111015246	535.419
20210111015246	535.419
20210111015246	535.419
20210111015246	535.419
20210111015246	535.419
20210111015246	535.419
20210111015246	535.419
20210111015246	535.419
20210111015246	535.419
20210111015246	535.419
20210111015246	535.419
20210111015246	535.419
20210111015246	535.419
20210111015246	535.419
20210111015246	535.419
20210111015246	535.419
20210111015246	535.419
20210111015246	535.419
20210111015246	535.419
20210111015246	535.419
20210111015246	535.419
20210111015246	535.419
20210111015246	535.419
20210111015246	535.419
20210111015246	535.419
20210111015246	535.419
20210111015246	535.419
20210111015246	535.419
20210111015246	535.419
20210111015246	535.419
20210111015246	535.419
20210111015246	535.419
20210111015246	535.419
20210111015246	535.419
20210111015246	535.419
20210111015246	535.419
20210111015246	535.419
20210111015246	535.419
20210111015246	535.419
20210111015246	535.419
20210111015246	535.419
20210111015246	535.419
20210111015246	535.419
20210111015246	535.419
20210111015246	535.419
20210111015246	535.419
20210111015246	535.419
20210111015247	535.419
20210111015247	535.419
20210111015247	535.419
20210111015247	535.419
20210111015247	535.419
20210111015247	535.419
20210111015247	535.419
20210111015247	535.419
20210111015247	535.419
20210111015247	535.419
20210111015247	535.419
20210111015247	535.419
20210111015247	535.419
20210111015247	535.419
20210111015247	535.419
20210111015247	535.419
20210111015247	535.419
20210111015247	535.419
20210111015247	535.419
20210111015247	535.419
20210111015247	535.419
20210111015247	535.419
20210111015247	535.419
20210111015247	535.419
20210111015247	535.419
20210111015247	535.419
20210111015247	535.419
20210111015247	535.419
20210111015247	535.419
20210111015247	535.419
20210111015247	535.419
20210111015247	535.419
20210111015247	535.419
20210111015247	535.419
20210111015247	535.419
20210111015247	535.419
20210111015247	535.419
20210111015247	535.419
20210111015247	535.419
20210111015247	535.419
20210111015247	535.419
20210111015247	535.419
20210111015247	535.419
20210111015247	535.419
20210111015247	535.419
20210111015247	535.419
20210111015247	535.419
20210111015247	535.419
20210111015247	535.419
20210111015247	535.419
20210111015247	535.419
20210111015247	535.419
20210111015247	535.419
20210111015247	535.419
20210111015247	535.419
20210111015247	535.419
20210111015247	535.419
20210111015247	535.419
20210111015247	535.419
20210111015247	535.419
20210111015247	535.419
20210111015247	535.419
20210111015247	535.419
20210111015247	535.419
20210111015248	535.419
20210111015248	535.419
20210111015248	535.419
20210111015248	535.419
20210111015248	535.419
20210111015248	535.419
20210111015248	535.419
20210111015248	535.419
20210111015248	535.419
20210111015248	535.419
20210111015248	535.419
20210111015248	535.419
20210111015248	535.419
20210111015248	535.419
20210111015248	535.419
20210111015248	535.419
20210111015248	535.419
20210111015248	535.419
20210111015248	535.419
20210111015248	535.419
20210111015248	535.419
20210111015248	535.419
20210111015248	535.419
20210111015248	535.419
20210111015248	535.419
20210111015248	535.419
20210111015248	535.419
20210111015248	535.419
20210111015248	535.419
20210111015248	535.419
20210111015248	535.419
20210111015248	535.419
20210111015248	535.419
20210111015248	535.419
20210111015248	535.419
20210111015248	535.419
20210111015248	535.419
20210111015248	535.419
20210111015248	535.419
20210111015248	535.419
20210111015248	535.419
20210111015248	535.419
20210111015248	535.419
20210111015248	535.419
20210111015248	535.419
20210111015248	535.419
20210111015248	535.419
20210111015248	535.419
20210111015248	535.419
20210111015248	535.419
20210111015248	535.419
20210111015248	535.419
20210111015248	535.419
20210111015248	535.419
20210111015248	535.419
20210111015248	535.419
20210111015248	535.419
20210111015248	535.419
20210111015249	535.419
20210111015249	535.419
20210111015249	535.419
20210111015249	535.419
20210111015249	535.419
20210111015249	535.419
20210111015249	535.419
20210111015249	535.419
20210111015249	535.419
20210111015249	535.419
20210111015249	535.419
20210111015249	535.419
20210111015249	535.419
20210111015249	535.419
20210111015249	535.419
20210111015249	535.419
20210111015249	535.419
20210111015249	535.419
20210111015249	535.419
20210111015249	535.419
20210111015249	535.419
20210111015249	535.419
20210111015249	535.419
20210111015249	535.419
20210111015249	535.419
20210111015249	535.419
20210111015249	535.419
20210111015249	535.419
20210111015249	535.419
20210111015249	535.419
20210111015249	535.419
20210111015249	535.419
20210111015249	535.419
20210111015249	535.419
20210111015249	535.419
20210111015249	535.419
20210111015249	535.419
20210111015249	535.419
20210111015249	535.419
20210111015250	535.419
20210111015250	535.419
20210111015250	535.419
20210111015250	535.419
20210111015250	535.419
20210111015250	535.419
20210111015250	535.419
20210111015250	535.419
20210111015250	535.419
20210111015250	535.419
20210111015250	535.419
20210111015250	535.419
20210111015250	535.419
20210111015250	535.419
20210111015250	535.419
20210111015250	535.419
20210111015250	535.419
20210111015250	535.419
20210111015250	535.419
20210111015250	535.419
20210111015250	535.419
20210111015250	535.419
20210111015250	535.419
20210111015250	535.419
20210111015250	535.419
20210111015250	535.419
20210111015250	535.419
20210111015250	535.419
20210111015250	535.419
20210111015250	535.419
20210111015250	535.419
20210111015250	535.419
20210111015250	535.419
20210111015250	535.419
20210111015250	535.419
20210111015250	535.419
20210111015250	535.419
20210111015250	535.419
20210111015250	535.419
20210111015250	535.419
20210111015250	535.419
20210111015250	535.419
20210111015250	535.419
20210111015250	535.419
20210111015250	535.419
20210111015250	535.419
20210111015250	535.419
20210111015250	535.419
20210111015251	535.419
20210111015251	535.419
20210111015251	535.419
20210111015251	535.419
20210111015251	535.419
20210111015251	535.419
20210111015251	535.419
20210111015251	535.419
20210111015251	535.419
20210111015251	535.419
20210111015251	535.419
20210111015251	535.419
20210111015251	535.419
20210111015251	535.419
20210111015251	535.419
20210111015251	535.419
20210111015251	535.419
20210111015251	535.419
20210111015251	535.419
20210111015251	535.419
20210111015251	535.419
20210111015251	535.419
20210111015251	535.419
20210111015251	535.419
20210111015252	535.419
20210111015252	535.419
20210111015252	535.419
20210111015252	535.419
20210111015252	535.419
20210111015252	535.419
20210111015252	535.419
20210111015252	535.419
20210111015252	535.419
20210111015252	535.419
20210111015252	535.419
20210111015252	535.419
20210111015252	535.419
20210111015252	535.419
20210111015252	535.419
20210111015252	535.419
20210111015252	535.419
20210111015252	535.419
20210111015252	535.419
20210111015252	535.419
20210111015252	535.419
20210111015252	535.419
20210111015252	535.419
20210111015252	535.419
20210111015252	535.419
20210111015252	535.419
20210111015252	535.419
20210111015252	535.419
20210111015252	535.419
20210111015252	535.419
20210111015252	535.419
20210111015252	535.419
20210111015252	535.419
20210111015252	535.419
20210111015252	535.419
20210111015252	535.419
20210111015252	535.419
20210111015252	535.419
20210111015252	535.419
20210111015252	535.419
20210111015252	535.419
20210111015252	535.419
20210111015252	535.419
20210111015252	535.419
20210111015252	535.419
20210111015253	535.419
20210111015253	535.419
20210111015253	535.419
20210111015253	535.419
20210111015253	535.419
20210111015253	535.419
20210111015253	535.419
20210111015253	535.419
20210111015253	535.419
20210111015253	535.419
20210111015253	535.419
20210111015253	535.419
20210111015253	535.419
20210111015253	535.419
20210111015253	535.419
20210111015253	535.419
20210111015253	535.419
20210111015253	535.419
20210111015253	535.419
20210111015253	535.419
20210111015253	535.419
20210111015253	535.419
20210111015253	535.419
20210111015253	535.419
20210111015253	535.419
20210111015253	535.419
20210111015253	535.419
20210111015253	535.419
20210111015253	535.419
20210111015253	535.419
20210111015253	535.419
20210111015254	535.419
20210111015254	535.419
20210111015254	535.419
20210111015254	535.419
20210111015254	535.419
20210111015254	535.419
20210111015254	535.419
20210111015254	535.419
20210111015254	535.419
20210111015254	535.419
20210111015254	535.419
20210111015254	535.419
20210111015254	535.419
20210111015254	535.419
20210111015254	535.419
20210111015254	535.419
20210111015254	535.419
20210111015254	535.419
20210111015254	535.419
20210111015254	535.419
20210111015254	535.419
20210111015254	535.419
20210111015254	535.419
20210111015254	535.419
20210111015254	535.419
20210111015254	535.419
20210111015254	535.419
20210111015254	535.419
20210111015254	535.419
20210111015254	535.419
20210111015254	535.419
20210111015254	535.419
20210111015254	535.419
20210111015254	535.419
20210111015254	535.419
20210111015254	535.419
20210111015254	535.419
20210111015254	535.419
20210111015254	535.419
20210111015254	535.419
20210111015254	535.419
20210111015254	535.419
20210111015254	535.419
20210111015254	535.419
20210111015254	535.419
20210111015254	535.419
20210111015254	535.419
20210111015254	535.419
20210111015254	535.419
20210111015255	535.419
20210111015255	535.419
20210111015255	535.419
20210111015255	535.419
20210111015255	535.419
20210111015255	535.419
20210111015255	535.419
20210111015255	535.419
20210111015255	535.419
20210111015255	535.419
20210111015255	535.419
20210111015255	535.419
20210111015255	535.419
20210111015255	535.419
20210111015255	535.419
20210111015255	535.419
20210111015255	535.419
20210111015255	535.419
20210111015255	535.419
20210111015255	535.419
20210111015255	535.419
20210111015255	535.419
20210111015255	535.419
20210111015255	535.419
20210111015255	535.419
20210111015255	535.419
20210111015255	535.419
20210111015255	535.419
20210111015255	535.419
20210111015255	535.419
20210111015255	535.419
20210111015255	535.419
20210111015255	535.419
20210111015255	535.419
20210111015255	535.419
20210111015255	535.419
20210111015255	535.419
20210111015255	535.419
20210111015256	535.419
20210111015256	535.419
20210111015256	535.419
20210111015256	535.419
20210111015256	535.419
20210111015256	535.419
20210111015256	535.419
20210111015256	535.419
20210111015256	535.419
20210111015256	535.419
20210111015256	535.419
20210111015256	535.419
20210111015256	535.419
20210111015256	535.419
20210111015256	535.419
20210111015256	535.419
20210111015256	535.419
20210111015256	535.419
20210111015256	535.419
20210111015256	535.419
20210111015256	535.419
20210111015256	535.419
20210111015256	535.419
20210111015256	535.419
20210111015256	535.419
20210111015256	535.419
20210111015256	535.419
20210111015256	535.419
20210111015256	535.419
20210111015256	535.419
20210111015256	535.419
20210111015256	535.419
20210111015256	535.419
20210111015256	535.419
20210111015256	535.419
20210111015256	535.419
20210111015257	535.419
20210111015257	535.419
20210111015257	535.419
20210111015257	535.419
20210111015257	535.419
20210111015257	535.419
20210111015257	535.419
20210111015257	535.419
20210111015257	535.419
20210111015257	535.419
20210111015257	535.419
20210111015257	535.419
20210111015257	535.419
20210111015257	535.419
20210111015257	535.419
20210111015257	535.419
20210111015257	535.419
20210111015257	535.419
20210111015257	535.419
20210111015257	535.419
20210111015257	535.419
20210111015257	535.419
20210111015257	535.419
20210111015257	535.419
20210111015257	535.419
20210111015257	535.419
20210111015257	535.419
20210111015257	535.419
20210111015257	535.419
20210111015257	535.419
20210111015257	535.419
20210111015257	535.419
20210111015257	535.419
20210111015257	535.419
20210111015257	535.419
20210111015257	535.419
20210111015257	535.419
20210111015257	535.419
20210111015257	535.419
20210111015257	535.419
20210111015257	535.419
20210111015257	535.419
20210111015257	535.419
20210111015257	535.419
20210111015257	535.419
20210111015257	535.419
20210111015257	535.419
20210111015257	535.419
20210111015258	535.419
20210111015258	535.419
20210111015258	535.419
20210111015258	535.419
20210111015258	535.419
20210111015258	535.419
20210111015258	535.419
20210111015258	535.419
20210111015258	535.419
20210111015258	535.419
20210111015258	535.419
20210111015258	535.419
20210111015258	535.419
20210111015258	535.419
20210111015258	535.419
20210111015258	535.419
20210111015258	535.419
20210111015258	535.419
20210111015258	535.419
20210111015258	535.419
20210111015258	535.419
20210111015258	535.419
20210111015258	535.419
20210111015258	535.419
20210111015258	535.419
20210111015258	535.419
20210111015258	535.419
20210111015258	535.419
20210111015258	535.419
20210111015258	535.419
20210111015258	535.419
20210111015258	535.419
20210111015258	535.419
20210111015258	535.419
20210111015258	535.419
20210111015258	535.419
20210111015258	535.419
20210111015258	535.419
20210111015258	535.419
20210111015258	535.419
20210111015258	535.419
20210111015259	535.419
20210111015259	535.419
20210111015259	535.419
20210111015259	535.419
20210111015259	535.419
20210111015259	535.419
20210111015259	535.419
20210111015259	535.419
20210111015259	535.419
20210111015259	535.419
20210111015259	535.419
20210111015259	535.419
20210111015259	535.419
20210111015259	535.419
20210111015259	535.419
20210111015259	535.419
20210111015259	535.419
20210111015259	535.419
20210111015259	535.419
20210111015259	535.419
20210111015259	535.419
20210111015259	535.419
20210111015259	535.419
20210111015259	535.419
20210111015259	535.419
20210111015259	535.419
20210111015259	535.419
20210111015259	535.419
20210111015259	535.419
20210111015259	535.419
20210111015259	535.419
20210111015300	535.419
20210111015300	535.419
20210111015300	535.419
20210111015300	535.419
20210111015300	535.419
20210111015300	535.419
20210111015300	535.419
20210111015300	535.419
20210111015300	535.419
20210111015300	535.419
20210111015300	535.419
20210111015300	535.419
20210111015300	535.419
20210111015300	535.419
20210111015300	535.419
20210111015300	535.419
20210111015300	535.419
20210111015300	535.419
20210111015300	535.419
20210111015300	535.419
20210111015300	535.419
20210111015300	535.419
20210111015300	535.419
20210111015300	535.419
20210111015300	535.419
20210111015300	535.419
20210111015300	535.419
20210111015300	535.419
20210111015300	535.419
20210111015300	535.419
20210111015300	535.419
20210111015300	535.419
20210111015300	535.419
20210111015300	535.419
20210111015300	535.419
20210111015300	535.419
20210111015300	535.419
20210111015300	535.419
20210111015300	535.419
20210111015300	535.419
20210111015300	535.419
20210111015300	535.419
20210111015301	535.419
20210111015301	535.419
20210111015301	535.419
20210111015301	535.419
20210111015301	535.419
20210111015301	535.419
20210111015301	535.419
20210111015301	535.419
20210111015301	535.419
20210111015301	535.419
20210111015301	535.419
20210111015301	535.419
20210111015301	535.419
20210111015301	535.419
20210111015301	535.419
20210111015301	535.419
20210111015301	535.419
20210111015301	535.419
20210111015301	535.419
20210111015301	535.419
20210111015301	535.419
20210111015301	535.419
20210111015301	535.419
20210111015301	535.419
20210111015301	535.419
20210111015301	535.419
20210111015301	535.419
20210111015301	535.419
20210111015301	535.419
20210111015301	535.419
20210111015301	535.419
20210111015301	535.419
20210111015302	535.419
20210111015302	535.419
20210111015302	535.419
20210111015302	535.419
20210111015302	535.419
20210111015302	535.419
20210111015302	535.419
20210111015302	535.419
20210111015302	535.419
20210111015302	535.419
20210111015302	535.419
20210111015302	535.419
20210111015302	535.419
20210111015302	535.419
20210111015302	535.419
20210111015302	535.419
20210111015302	535.419
20210111015302	535.419
20210111015302	535.419
20210111015302	535.419
20210111015302	535.419
20210111015302	535.419
20210111015302	535.419
20210111015302	535.419
20210111015302	535.419
20210111015302	535.419
20210111015302	535.419
20210111015303	535.419
20210111015303	535.419
20210111015303	535.419
20210111015303	535.419
20210111015303	535.419
20210111015303	535.419
20210111015303	535.419
20210111015303	535.419
20210111015303	535.419
20210111015303	535.419
20210111015303	535.419
20210111015303	535.419
20210111015303	535.419
20210111015303	535.419
20210111015303	535.419
20210111015303	535.419
20210111015303	535.419
20210111015303	535.419
20210111015303	535.419
20210111015303	535.419
20210111015303	535.419
20210111015303	535.419
20210111015303	535.419
20210111015303	535.419
20210111015304	535.419
20210111015304	535.419
20210111015304	535.419
20210111015304	535.419
20210111015304	535.419
20210111015304	535.419
20210111015304	535.419
20210111015304	535.419
20210111015304	535.419
20210111015304	535.419
20210111015304	535.419
20210111015304	535.419
20210111015304	535.419
20210111015304	535.419
20210111015304	535.419
20210111015304	535.419
20210111015304	535.419
20210111015304	535.419
20210111015304	535.419
20210111015304	535.419
20210111015304	535.419
20210111015304	535.419
20210111015304	535.419
20210111015304	535.419
20210111015304	535.419
20210111015304	535.419
20210111015304	535.419
20210111015304	535.419
20210111015304	535.419
20210111015304	535.419
20210111015304	535.419
20210111015304	535.419
20210111015304	535.419
20210111015304	535.419
20210111015304	535.419
20210111015304	535.419
20210111015305	535.419
20210111015305	535.419
20210111015305	535.419
20210111015305	535.419
20210111015305	535.419
20210111015305	535.419
20210111015305	535.419
20210111015305	535.419
20210111015305	535.419
20210111015305	535.419
20210111015305	535.419
20210111015305	535.419
20210111015305	535.419
20210111015305	535.419
20210111015305	535.419
20210111015305	535.419
20210111015305	535.419
20210111015305	535.419
20210111015305	535.419
20210111015305	535.419
20210111015305	535.419
20210111015305	535.419
20210111015305	535.419
20210111015305	535.419
20210111015305	535.419
20210111015305	535.419
20210111015305	535.419
20210111015306	535.419
20210111015306	535.419
20210111015306	535.419
20210111015306	535.419
20210111015306	535.419
20210111015306	535.419
20210111015306	535.419
20210111015306	535.419
20210111015306	535.419
20210111015306	535.419
20210111015306	535.419
20210111015306	535.419
20210111015306	535.419
20210111015306	535.419
20210111015306	535.419
20210111015306	535.419
20210111015306	535.419
20210111015306	535.419
20210111015306	535.419
20210111015306	535.419
20210111015306	535.419
20210111015306	535.419
20210111015306	535.419
20210111015306	535.419
20210111015306	535.419
20210111015306	535.419
20210111015306	535.419
20210111015306	535.419
20210111015306	535.419
20210111015306	535.419
20210111015306	535.419
20210111015306	535.419
20210111015306	535.419
20210111015306	535.419
20210111015306	535.419
20210111015306	535.419
20210111015306	535.419
20210111015306	535.419
20210111015306	535.419
20210111015306	535.419
20210111015306	535.419
20210111015306	535.419
20210111015306	535.419
20210111015307	535.419
20210111015307	535.419
20210111015307	535.419
20210111015307	535.419
20210111015307	535.419
20210111015307	535.419
20210111015307	535.419
20210111015307	535.419
20210111015307	535.419
20210111015307	535.419
20210111015307	535.419
20210111015307	535.419
20210111015307	535.419
20210111015307	535.419
20210111015307	535.419
20210111015307	535.419
20210111015307	535.419
20210111015307	535.419
20210111015307	535.419
20210111015307	535.419
20210111015307	535.419
20210111015307	535.419
20210111015307	535.419
20210111015307	535.419
20210111015307	535.419
20210111015307	535.419
20210111015307	535.419
20210111015307	535.419
20210111015307	535.419
20210111015307	535.419
20210111015307	535.419
20210111015307	535.419
20210111015307	535.419
20210111015307	535.419
20210111015307	535.419
20210111015307	535.419
20210111015307	535.419
20210111015307	535.419
20210111015307	535.419
20210111015308	535.419
20210111015308	535.419
20210111015308	535.419
20210111015308	535.419
20210111015308	535.419
20210111015308	535.419
20210111015308	535.419
20210111015308	535.419
20210111015308	535.419
20210111015308	535.419
20210111015308	535.419
20210111015308	535.419
20210111015308	535.419
20210111015308	535.419
20210111015308	535.419
20210111015308	535.419
20210111015308	535.419
20210111015308	535.419
20210111015308	535.419
20210111015308	535.419
20210111015308	535.419
20210111015308	535.419
20210111015308	535.419
20210111015308	535.419
20210111015308	535.419
20210111015308	535.419
20210111015308	535.419
20210111015308	535.419
20210111015308	535.419
20210111015308	535.419
20210111015308	535.419
20210111015308	535.419
20210111015308	535.419
20210111015308	535.419
20210111015308	535.419
20210111015309	535.419
20210111015309	535.419
20210111015309	535.419
20210111015309	535.419
20210111015309	535.419
20210111015309	535.419
20210111015309	535.419
20210111015309	535.419
20210111015309	535.419
20210111015309	535.419
20210111015309	535.419
20210111015309	535.419
20210111015309	535.419
20210111015309	535.419
20210111015309	535.419
20210111015309	535.419
20210111015309	535.419
20210111015309	535.419
20210111015309	535.419
20210111015309	535.419
20210111015309	535.419
20210111015309	535.419
20210111015309	535.419
20210111015309	535.419
20210111015309	535.419
20210111015309	535.419
20210111015309	535.419
20210111015309	535.419
20210111015309	535.419
20210111015309	535.419
20210111015309	535.419
20210111015309	535.419
20210111015309	535.419
20210111015309	535.419
20210111015309	535.419
20210111015309	535.419
20210111015309	535.419
20210111015309	535.419
20210111015309	535.419
20210111015309	535.419
20210111015309	535.419
20210111015310	535.419
20210111015310	535.419
20210111015310	535.419
20210111015310	535.419
20210111015310	535.419
20210111015310	535.419
20210111015310	535.419
20210111015310	535.419
20210111015310	535.419
20210111015310	535.419
20210111015310	535.419
20210111015310	535.419
20210111015310	535.419
20210111015310	535.419
20210111015310	535.419
20210111015310	535.419
20210111015310	535.419
20210111015310	535.419
20210111015310	535.419
20210111015310	535.419
20210111015310	535.419
20210111015310	535.419
20210111015310	535.419
20210111015310	535.419
20210111015310	535.419
20210111015310	535.419
20210111015310	535.419
20210111015310	535.419
20210111015310	535.419
20210111015310	535.419
20210111015310	535.419
20210111015310	535.419
20210111015310	535.419
20210111015310	535.419
20210111015310	535.419
20210111015310	535.419
20210111015310	535.419
20210111015310	535.419
20210111015310	535.419
20210111015310	535.419
20210111015310	535.419
20210111015310	535.419
20210111015310	535.419
20210111015310	535.419
20210111015310	535.419
20210111015311	535.419
20210111015311	535.419
20210111015311	535.419
20210111015311	535.419
20210111015311	535.419
20210111015311	535.419
20210111015311	535.419
20210111015311	535.419
20210111015311	535.419
20210111015311	535.419
20210111015311	535.419
20210111015311	535.419
20210111015311	535.419
20210111015311	535.419
20210111015311	535.419
20210111015311	535.419
20210111015311	535.419
20210111015311	535.419
20210111015311	535.419
20210111015311	535.419
20210111015311	535.419
20210111015311	535.419
20210111015311	535.419
20210111015311	535.419
20210111015311	535.419
20210111015311	535.419
20210111015311	535.419
20210111015311	535.419
20210111015311	535.419
20210111015311	535.419
20210111015311	535.419
20210111015311	535.419
20210111015311	535.419
20210111015311	535.419
20210111015311	535.419
20210111015311	535.419
20210111015311	535.419
20210111015311	535.419
20210111015311	535.419
20210111015312	535.419
20210111015312	535.419
20210111015312	535.419
20210111015312	535.419
20210111015312	535.419
20210111015312	535.419
20210111015312	535.419
20210111015312	535.419
20210111015312	535.419
20210111015312	535.419
20210111015312	535.419
20210111015312	535.419
20210111015312	535.419
20210111015312	535.419
20210111015312	535.419
20210111015312	535.419
20210111015312	535.419
20210111015312	535.419
20210111015312	535.419
20210111015312	535.419
20210111015312	535.419
20210111015312	535.419
20210111015312	535.419
20210111015312	535.419
20210111015312	535.419
20210111015312	535.419
20210111015312	535.419
20210111015312	535.419
20210111015312	535.419
20210111015312	535.419
20210111015312	535.419
20210111015312	535.419
20210111015312	535.419
20210111015312	535.419
20210111015312	535.419
20210111015312	535.419
20210111015312	535.419
20210111015312	535.419
20210111015312	535.419
20210111015312	535.419
20210111015313	535.419
20210111015313	535.419
20210111015313	535.419
20210111015313	535.419
20210111015313	535.419
20210111015313	535.419
20210111015313	535.419
20210111015313	535.419
20210111015313	535.419
20210111015313	535.419
20210111015313	535.419
20210111015313	535.419
20210111015313	535.419
20210111015313	535.419
20210111015313	535.419
20210111015313	535.419
20210111015313	535.419
20210111015313	535.419
20210111015313	535.419
20210111015313	535.419
20210111015313	535.419
20210111015313	535.419
20210111015313	535.419
20210111015313	535.419
20210111015313	535.419
20210111015313	535.419
20210111015313	535.419
20210111015313	535.419
20210111015313	535.419
20210111015313	535.419
20210111015313	535.419
20210111015313	535.419
20210111015313	535.419
20210111015313	535.419
20210111015313	535.419
20210111015313	535.419
20210111015313	535.419
20210111015313	535.419
20210111015313	535.419
20210111015313	535.419
20210111015313	535.419
20210111015313	535.419
20210111015313	535.419
20210111015313	535.419
20210111015313	535.419
20210111015313	535.419
20210111015313	535.419
20210111015313	535.419
20210111015314	535.419
20210111015314	535.419
20210111015314	535.419
20210111015314	535.419
20210111015314	535.419
20210111015314	535.419
20210111015314	535.419
20210111015314	535.419
20210111015314	535.419
20210111015314	535.419
20210111015314	535.419
20210111015314	535.419
20210111015314	535.419
20210111015314	535.419
20210111015314	535.419
20210111015314	535.419
20210111015314	535.419
20210111015314	535.419
20210111015314	535.419
20210111015314	535.419
20210111015314	535.419
20210111015314	535.419
20210111015314	535.419
20210111015314	535.419
20210111015314	535.419
20210111015314	535.419
20210111015314	535.419
20210111015314	535.419
20210111015314	535.419
20210111015314	535.419
20210111015314	535.419
20210111015315	535.419
20210111015315	535.419
20210111015315	535.419
20210111015315	535.419
20210111015315	535.419
20210111015315	535.419
20210111015315	535.419
20210111015315	535.419
20210111015315	535.419
20210111015315	535.419
20210111015315	535.419
20210111015315	535.419
20210111015315	535.419
20210111015315	535.419
20210111015315	535.419
20210111015315	535.419
20210111015315	535.419
20210111015315	535.419
20210111015315	535.419
20210111015315	535.419
20210111015315	535.419
20210111015315	535.419
20210111015315	535.419
20210111015315	535.419
20210111015315	535.419
20210111015315	535.419
20210111015315	535.419
20210111015315	535.419
20210111015315	535.419
20210111015315	535.419
20210111015315	535.419
20210111015315	535.419
20210111015315	535.419
20210111015315	535.419
20210111015315	535.419
20210111015315	535.419
20210111015315	535.419
20210111015315	535.419
20210111015315	535.419
20210111015315	535.419
20210111015315	535.419
20210111015315	535.419
20210111015315	535.419
20210111015315	535.419
20210111015315	535.419
20210111015315	535.419
20210111015315	535.419
20210111015315	535.419
20210111015316	535.419
20210111015316	535.419
20210111015316	535.419
20210111015316	535.419
20210111015316	535.419
20210111015316	535.419
20210111015316	535.419
20210111015316	535.419
20210111015316	535.419
20210111015316	535.419
20210111015316	535.419
20210111015316	535.419
20210111015316	535.419
20210111015316	535.419
20210111015316	535.419
20210111015316	535.419
20210111015316	535.419
20210111015316	535.419
20210111015316	535.419
20210111015316	535.419
20210111015316	535.419
20210111015316	535.419
20210111015316	535.419
20210111015317	535.419
20210111015317	535.419
20210111015317	535.419
20210111015317	535.419
20210111015317	535.419
20210111015317	535.419
20210111015317	535.419
20210111015317	535.419
20210111015317	535.419
20210111015317	535.419
20210111015317	535.419
20210111015317	535.419
20210111015317	535.419
20210111015317	535.419
20210111015317	535.419
20210111015317	535.419
20210111015317	535.419
20210111015317	535.419
20210111015317	535.419
20210111015317	535.419
20210111015317	535.419
20210111015317	535.419
20210111015317	535.419
20210111015317	535.419
20210111015317	535.419
20210111015317	535.419
20210111015317	535.419
20210111015318	535.419
20210111015318	535.419
20210111015318	535.419
20210111015318	535.419
20210111015318	535.419
20210111015318	535.419
20210111015318	535.419
20210111015318	535.419
20210111015318	535.419
20210111015318	535.419
20210111015318	535.419
20210111015318	535.419
20210111015318	535.419
20210111015318	535.419
20210111015318	535.419
20210111015318	535.419
20210111015318	535.419
20210111015318	535.419
20210111015318	535.419
20210111015318	535.419
20210111015318	535.419
20210111015318	535.419
20210111015318	535.419
20210111015318	535.419
20210111015318	535.419
20210111015318	535.419
20210111015318	535.419
20210111015318	535.419
20210111015318	535.419
20210111015318	535.419
20210111015318	535.419
20210111015318	535.419
20210111015318	535.419
20210111015318	535.419
20210111015318	535.419
20210111015318	535.419
20210111015318	535.419
20210111015318	535.419
20210111015318	535.419
20210111015318	535.419
20210111015318	535.419
20210111015318	535.419
20210111015318	535.419
20210111015318	535.419
20210111015318	535.419
20210111015318	535.419
20210111015318	535.419
20210111015318	535.419
20210111015318	535.419
20210111015318	535.419
20210111015319	535.419
20210111015319	535.419
20210111015319	535.419
20210111015319	535.419
20210111015319	535.419
20210111015319	535.419
20210111015319	535.419
20210111015319	535.419
20210111015319	535.419
20210111015319	535.419
20210111015319	535.419
20210111015319	535.419
20210111015319	535.419
20210111015319	535.419
20210111015319	535.419
20210111015319	535.419
20210111015319	535.419
20210111015319	535.419
20210111015319	535.419
20210111015319	535.419
20210111015319	535.419
20210111015319	535.419
20210111015319	535.419
20210111015319	535.419
20210111015319	535.419
20210111015319	535.419
20210111015319	535.419
20210111015319	535.419
20210111015319	535.419
20210111015319	535.419
20210111015319	535.419
20210111015319	535.419
20210111015319	535.419
20210111015319	535.419
20210111015319	535.419
20210111015319	535.419
20210111015319	535.419
20210111015319	535.419
20210111015319	535.419
20210111015319	535.419
20210111015319	535.419
20210111015319	535.419
20210111015319	535.419
20210111015319	535.419
20210111015319	535.419
20210111015319	535.419
20210111015319	535.419
20210111015319	535.419
20210111015319	535.419
20210111015319	535.419
20210111015319	535.419
20210111015320	535.419
20210111015320	535.419
20210111015320	535.419
20210111015320	535.419
20210111015320	535.419
20210111015320	535.419
20210111015320	535.419
20210111015320	535.419
20210111015320	535.419
20210111015320	535.419
20210111015320	535.419
20210111015320	535.419
20210111015320	535.419
20210111015320	535.419
20210111015320	535.419
20210111015320	535.419
20210111015320	535.419
20210111015320	535.419
20210111015320	535.419
20210111015320	535.419
20210111015320	535.419
20210111015320	535.419
20210111015320	535.419
20210111015320	535.419
20210111015320	535.419
20210111015320	535.419
20210111015320	535.419
20210111015320	535.419
20210111015320	535.419
20210111015320	535.419
20210111015320	535.419
20210111015320	535.419
20210111015320	535.419
20210111015320	535.419
20210111015320	535.419
20210111015320	535.419
20210111015320	535.419
20210111015320	535.419
20210111015320	535.419
20210111015320	535.419
20210111015320	535.419
20210111015320	535.419
20210111015320	535.419
20210111015320	535.419
20210111015320	535.419
20210111015320	535.419
20210111015320	535.419
20210111015320	535.419
20210111015321	535.419
20210111015321	535.419
20210111015321	535.419
20210111015321	535.419
20210111015321	535.419
20210111015321	535.419
20210111015321	535.419
20210111015321	535.419
20210111015321	535.419
20210111015321	535.419
20210111015321	535.419
20210111015321	535.419
20210111015321	535.419
20210111015321	535.419
20210111015321	535.419
20210111015321	535.419
20210111015321	535.419
20210111015321	535.419
20210111015321	535.419
20210111015321	535.419
20210111015321	535.419
20210111015321	535.419
20210111015321	535.419
20210111015321	535.419
20210111015321	535.419
20210111015321	535.419
20210111015321	535.419
20210111015321	535.419
20210111015321	535.419
20210111015321	535.419
20210111015321	535.419
20210111015322	535.419
20210111015322	535.419
20210111015322	535.419
20210111015322	535.419
20210111015322	535.419
20210111015322	535.419
20210111015322	535.419
20210111015322	535.419
20210111015322	535.419
20210111015322	535.419
20210111015322	535.419
20210111015322	535.419
20210111015322	535.419
20210111015322	535.419
20210111015322	535.419
20210111015322	535.419
20210111015322	535.419
20210111015322	535.419
20210111015322	535.419
20210111015322	535.419
20210111015322	535.419
20210111015322	535.419
20210111015322	535.419
20210111015322	535.419
20210111015322	535.419
20210111015322	535.419
20210111015322	535.419
20210111015322	535.419
20210111015322	535.419
20210111015322	535.419
20210111015322	535.419
20210111015322	535.419
20210111015322	535.419
20210111015322	535.419
20210111015322	535.419
20210111015322	535.419
20210111015322	535.419
20210111015322	535.419
20210111015322	535.419
20210111015322	535.419
20210111015322	535.419
20210111015322	535.419
20210111015322	535.419
20210111015322	535.419
20210111015322	535.419
20210111015322	535.419
20210111015322	535.419
20210111015322	535.419
20210111015322	535.419
20210111015322	535.419
20210111015322	535.419
20210111015322	535.419
20210111015322	535.419
20210111015322	535.419
20210111015322	535.419
20210111015322	535.419
20210111015322	535.419
20210111015322	535.419
20210111015322	535.419
20210111015322	535.419
20210111015322	535.419
20210111015322	535.419
20210111015322	535.419
20210111015322	535.419
20210111015322	535.419
20210111015323	535.419
20210111015323	535.419
20210111015323	535.419
20210111015323	535.419
20210111015323	535.419
20210111015323	535.419
20210111015323	535.419
20210111015323	535.419
20210111015323	535.419
20210111015323	535.419
20210111015323	535.419
20210111015323	535.419
20210111015323	535.419
20210111015323	535.419
20210111015323	535.419
20210111015323	535.419
20210111015323	535.419
20210111015323	535.419
20210111015323	535.419
20210111015323	535.419
20210111015323	535.419
20210111015323	535.419
20210111015323	535.419
20210111015323	535.419
20210111015323	535.419
20210111015323	535.419
20210111015323	535.419
20210111015323	535.419
20210111015323	535.419
20210111015323	535.419
20210111015323	535.419
20210111015323	535.419
20210111015323	535.419
20210111015323	535.419
20210111015323	535.419
20210111015323	535.419
20210111015323	535.419
20210111015323	535.419
20210111015323	535.419
20210111015324	535.419
20210111015324	535.419
20210111015324	535.419
20210111015324	535.419
20210111015324	535.419
20210111015324	535.419
20210111015324	535.419
20210111015324	535.419
20210111015324	535.419
20210111015324	535.419
20210111015324	535.419
20210111015324	535.419
20210111015324	535.419
20210111015324	535.419
20210111015324	535.419
20210111015324	535.419
20210111015324	535.419
20210111015324	535.419
20210111015324	535.419
20210111015324	535.419
20210111015324	535.419
20210111015324	535.419
20210111015324	535.419
20210111015324	535.419
20210111015324	535.419
20210111015324	535.419
20210111015324	535.419
20210111015324	535.419
20210111015324	535.419
20210111015324	535.419
20210111015324	535.419
20210111015324	535.419
20210111015324	535.419
20210111015324	535.419
20210111015324	535.419
20210111015324	535.419
20210111015324	535.419
20210111015324	535.419
20210111015324	535.419
20210111015324	535.419
20210111015324	535.419
20210111015324	535.419
20210111015324	535.419
20210111015324	535.419
20210111015324	535.419
20210111015324	535.419
20210111015324	535.419
20210111015324	535.419
20210111015324	535.419
20210111015325	535.419
20210111015325	535.419
20210111015325	535.419
20210111015325	535.419
20210111015325	535.419
20210111015325	535.419
20210111015325	535.419
20210111015325	535.419
20210111015325	535.419
20210111015325	535.419
20210111015325	535.419
20210111015325	535.419
20210111015325	535.419
20210111015325	535.419
20210111015325	535.419
20210111015325	535.419
20210111015325	535.419
20210111015325	535.419
20210111015325	535.419
20210111015325	535.419
20210111015325	535.419
20210111015325	535.419
20210111015325	535.419
20210111015325	535.419
20210111015325	535.419
20210111015325	535.419
20210111015325	535.419
20210111015325	535.419
20210111015325	535.419
20210111015326	535.419
20210111015326	535.419
20210111015326	535.419
20210111015326	535.419
20210111015326	535.419
20210111015326	535.419
20210111015326	535.419
20210111015326	535.419
20210111015326	535.419
20210111015326	535.419
20210111015326	535.419
20210111015326	535.419
20210111015326	535.419
20210111015326	535.419
20210111015326	535.419
20210111015326	535.419
20210111015326	535.419
20210111015326	535.419
20210111015326	535.419
20210111015326	535.419
20210111015326	535.419
20210111015326	535.419
20210111015326	535.419
20210111015326	535.419
20210111015326	535.419
20210111015326	535.419
20210111015326	535.419
20210111015326	535.419
20210111015326	535.419
20210111015326	535.419
20210111015326	535.419
20210111015326	535.419
20210111015326	535.419
20210111015326	535.419
20210111015326	535.419
20210111015326	535.419
20210111015326	535.419
20210111015326	535.419
20210111015326	535.419
20210111015326	535.419
20210111015326	535.419
20210111015326	535.419
20210111015326	535.419
20210111015326	535.419
20210111015326	535.419
20210111015326	535.419
20210111015326	535.419
20210111015326	535.419
20210111015327	535.419
20210111015327	535.419
20210111015327	535.419
20210111015327	535.419
20210111015327	535.419
20210111015327	535.419
20210111015327	535.419
20210111015327	535.419
20210111015327	535.419
20210111015327	535.419
20210111015327	535.419
20210111015327	535.419
20210111015327	535.419
20210111015327	535.419
20210111015327	535.419
20210111015327	535.419
20210111015327	535.419
20210111015327	535.419
20210111015327	535.419
20210111015327	535.419
20210111015327	535.419
20210111015327	535.419
20210111015327	535.419
20210111015327	535.419
20210111015327	535.419
20210111015327	535.419
20210111015327	535.419
20210111015327	535.419
20210111015327	535.419
20210111015327	535.419
20210111015328	535.419
20210111015328	535.419
20210111015328	535.419
20210111015328	535.419
20210111015328	535.419
20210111015328	535.419
20210111015328	535.419
20210111015328	535.419
20210111015328	535.419
20210111015328	535.419
20210111015328	535.419
20210111015328	535.419
20210111015328	535.419
20210111015328	535.419
20210111015328	535.419
20210111015328	535.419
20210111015328	535.419
20210111015328	535.419
20210111015328	535.419
20210111015328	535.419
20210111015328	535.419
20210111015328	535.419
20210111015328	535.419
20210111015328	535.419
20210111015328	535.419
20210111015328	535.419
20210111015328	535.419
20210111015328	535.419
20210111015328	535.419
20210111015328	535.419
20210111015328	535.419
20210111015328	535.419
20210111015328	535.419
20210111015328	535.419
20210111015328	535.419
20210111015328	535.419
20210111015328	535.419
20210111015328	535.419
20210111015328	535.419
20210111015328	535.419
20210111015329	535.419
20210111015329	535.419
20210111015329	535.419
20210111015329	535.419
20210111015329	535.419
20210111015329	535.419
20210111015329	535.419
20210111015329	535.419
20210111015329	535.419
20210111015329	535.419
20210111015329	535.419
20210111015329	535.419
20210111015329	535.419
20210111015329	535.419
20210111015329	535.419
20210111015329	535.419
20210111015329	535.419
20210111015329	535.419
20210111015329	535.419
20210111015329	535.419
20210111015329	535.419
20210111015329	535.419
20210111015329	535.419
20210111015329	535.419
20210111015329	535.419
20210111015329	535.419
20210111015329	535.419
20210111015329	535.419
20210111015329	535.419
20210111015329	535.419
20210111015330	535.419
20210111015330	535.419
20210111015330	535.419
20210111015330	535.419
20210111015330	535.419
20210111015330	535.419
20210111015330	535.419
20210111015330	535.419
20210111015330	535.419
20210111015330	535.419
20210111015330	535.419
20210111015330	535.419
20210111015330	535.419
20210111015330	535.419
20210111015330	535.419
20210111015330	535.419
20210111015330	535.419
20210111015330	535.419
20210111015330	535.419
20210111015330	535.419
20210111015330	535.419
20210111015330	535.419
20210111015330	535.419
20210111015330	535.419
20210111015330	535.419
20210111015330	535.419
20210111015330	535.419
20210111015330	535.419
20210111015330	535.419
20210111015330	535.419
20210111015330	535.419
20210111015330	535.419
20210111015331	535.419
20210111015331	535.419
20210111015331	535.419
20210111015331	535.419
20210111015331	535.419
20210111015331	535.419
20210111015331	535.419
20210111015331	535.419
20210111015331	535.419
20210111015331	535.419
20210111015331	535.419
20210111015331	535.419
20210111015331	535.419
20210111015331	535.419
20210111015331	535.419
20210111015331	535.419
20210111015331	535.419
20210111015331	535.419
20210111015331	535.419
20210111015331	535.419
20210111015331	535.419
20210111015331	535.419
20210111015331	535.419
20210111015331	535.419
20210111015331	535.419
20210111015331	535.419
20210111015331	535.419
20210111015331	535.419
20210111015331	535.419
20210111015331	535.419
20210111015331	535.419
20210111015331	535.419
20210111015331	535.419
20210111015331	535.419
20210111015331	535.419
20210111015331	535.419
20210111015331	535.419
20210111015331	535.419
20210111015331	535.419
20210111015331	535.419
20210111015331	535.419
20210111015331	535.419
20210111015331	535.419
20210111015331	535.419
20210111015331	535.419
20210111015331	535.419
20210111015331	535.419
20210111015331	535.419
20210111015331	535.419
20210111015331	535.419
20210111015331	535.419
20210111015331	535.419
20210111015331	535.419
20210111015331	535.419
20210111015331	535.419
20210111015331	535.419
20210111015331	535.419
20210111015331	535.419
20210111015331	535.419
20210111015331	535.419
20210111015331	535.419
20210111015331	535.419
20210111015331	535.419
20210111015332	535.419
20210111015332	535.419
20210111015332	535.419
20210111015332	535.419
20210111015332	535.419
20210111015332	535.419
20210111015332	535.419
20210111015332	535.419
20210111015332	535.419
20210111015332	535.419
20210111015332	535.419
20210111015332	535.419
20210111015332	535.419
20210111015332	535.419
20210111015332	535.419
20210111015332	535.419
20210111015332	535.419
20210111015332	535.419
20210111015332	535.419
20210111015332	535.419
20210111015332	535.419
20210111015332	535.419
20210111015332	535.419
20210111015332	535.419
20210111015332	535.419
20210111015332	535.419
20210111015332	535.419
20210111015332	535.419
20210111015332	535.419
20210111015332	535.419
20210111015332	535.419
20210111015332	535.419
20210111015332	535.419
20210111015332	535.419
20210111015332	535.419
20210111015332	535.419
20210111015332	535.419
20210111015332	535.419
20210111015332	535.419
20210111015332	535.419
20210111015333	535.419
20210111015333	535.419
20210111015333	535.419
20210111015333	535.419
20210111015333	535.419
20210111015333	535.419
20210111015333	535.419
20210111015333	535.419
20210111015333	535.419
20210111015333	535.419
20210111015333	535.419
20210111015333	535.419
20210111015333	535.419
20210111015333	535.419
20210111015333	535.419
20210111015333	535.419
20210111015333	535.419
20210111015333	535.419
20210111015333	535.419
20210111015333	535.419
20210111015333	535.419
20210111015333	535.419
20210111015333	535.419
20210111015333	535.419
20210111015333	535.419
20210111015333	535.419
20210111015333	535.419
20210111015333	535.419
20210111015333	535.419
20210111015333	535.419
20210111015333	535.419
20210111015333	535.419
20210111015333	535.419
20210111015333	535.419
20210111015333	535.419
20210111015333	535.419
20210111015333	535.419
20210111015333	535.419
20210111015333	535.419
20210111015333	535.419
20210111015334	535.419
20210111015334	535.419
20210111015334	535.419
20210111015334	535.419
20210111015334	535.419
20210111015334	535.419
20210111015334	535.419
20210111015334	535.419
20210111015334	535.419
20210111015334	535.419
20210111015334	535.419
20210111015334	535.419
20210111015334	535.419
20210111015334	535.419
20210111015334	535.419
20210111015334	535.419
20210111015334	535.419
20210111015334	535.419
20210111015334	535.419
20210111015334	535.419
20210111015334	535.419
20210111015334	535.419
20210111015334	535.419
20210111015334	535.419
20210111015334	535.419
20210111015334	535.419
20210111015334	535.419
20210111015334	535.419
20210111015334	535.419
20210111015334	535.419
20210111015334	535.419
20210111015334	535.419
20210111015334	535.419
20210111015334	535.419
20210111015334	535.419
20210111015334	535.419
20210111015334	535.419
20210111015334	535.419
20210111015334	535.419
20210111015334	535.419
20210111015334	535.419
20210111015334	535.419
20210111015334	535.419
20210111015334	535.419
20210111015334	535.419
20210111015335	535.419
20210111015335	535.419
20210111015335	535.419
20210111015335	535.419
20210111015335	535.419
20210111015335	535.419
20210111015335	535.419
20210111015335	535.419
20210111015335	535.419
20210111015335	535.419
20210111015335	535.419
20210111015335	535.419
20210111015335	535.419
20210111015335	535.419
20210111015335	535.419
20210111015335	535.419
20210111015335	535.419
20210111015335	535.419
20210111015335	535.419
20210111015335	535.419
20210111015335	535.419
20210111015335	535.419
20210111015335	535.419
20210111015335	535.419
20210111015335	535.419
20210111015335	535.419
20210111015336	535.419
20210111015336	535.419
20210111015336	535.419
20210111015336	535.419
20210111015336	535.419
20210111015336	535.419
20210111015336	535.419
20210111015336	535.419
20210111015336	535.419
20210111015336	535.419
20210111015336	535.419
20210111015336	535.419
20210111015336	535.419
20210111015336	535.419
20210111015336	535.419
20210111015336	535.419
20210111015336	535.419
20210111015336	535.419
20210111015336	535.419
20210111015336	535.419
20210111015336	535.419
20210111015336	535.419
20210111015336	535.419
20210111015336	535.419
20210111015336	535.419
20210111015336	535.419
20210111015336	535.419
20210111015336	535.419
20210111015336	535.419
20210111015336	535.419
20210111015336	535.419
20210111015336	535.419
20210111015336	535.419
20210111015336	535.419
20210111015336	535.419
20210111015336	535.419
20210111015336	535.419
20210111015336	535.419
20210111015336	535.419
20210111015336	535.419
20210111015336	535.419
20210111015336	535.419
20210111015336	535.419
20210111015336	535.419
20210111015336	535.419
20210111015336	535.419
20210111015336	535.419
20210111015337	535.419
20210111015337	535.419
20210111015337	535.419
20210111015337	535.419
20210111015337	535.419
20210111015337	535.419
20210111015337	535.419
20210111015337	535.419
20210111015337	535.419
20210111015337	535.419
20210111015337	535.419
20210111015337	535.419
20210111015337	535.419
20210111015337	535.419
20210111015337	535.419
20210111015337	535.419
20210111015337	535.419
20210111015337	535.419
20210111015337	535.419
20210111015337	535.419
20210111015337	535.419
20210111015337	535.419
20210111015337	535.419
20210111015337	535.419
20210111015337	535.419
20210111015337	535.419
20210111015337	535.419
20210111015337	535.419
20210111015337	535.419
20210111015337	535.419
20210111015337	535.419
20210111015338	535.419
20210111015338	535.419
20210111015338	535.419
20210111015338	535.419
20210111015338	535.419
20210111015338	535.419
20210111015338	535.419
20210111015338	535.419
20210111015338	535.419
20210111015338	535.419
20210111015338	535.419
20210111015338	535.419
20210111015338	535.419
20210111015338	535.419
20210111015338	535.419
20210111015338	535.419
20210111015338	535.419
20210111015338	535.419
20210111015338	535.419
20210111015338	535.419
20210111015338	535.419
20210111015338	535.419
20210111015338	535.419
20210111015338	535.419
20210111015338	535.419
20210111015338	535.419
20210111015338	535.419
20210111015338	535.419
20210111015338	535.419
20210111015338	535.419
20210111015338	535.419
20210111015338	535.419
20210111015338	535.419
20210111015338	535.419
20210111015338	535.419
20210111015338	535.419
20210111015338	535.419
20210111015338	535.419
20210111015338	535.419
20210111015338	535.419
20210111015338	535.419
20210111015338	535.419
20210111015338	535.419
20210111015338	535.419
20210111015338	535.419
20210111015338	535.419
20210111015338	535.419
20210111015339	535.419
20210111015339	535.419
20210111015339	535.419
20210111015339	535.419
20210111015339	535.419
20210111015339	535.419
20210111015339	535.419
20210111015339	535.419
20210111015339	535.419
20210111015339	535.419
20210111015339	535.419
20210111015339	535.419
20210111015339	535.419
20210111015339	535.419
20210111015339	535.419
20210111015339	535.419
20210111015339	535.419
20210111015339	535.419
20210111015339	535.419
20210111015339	535.419
20210111015339	535.419
20210111015339	535.419
20210111015339	535.419
20210111015339	535.419
20210111015339	535.419
20210111015339	535.419
20210111015339	535.419
20210111015339	535.419
20210111015339	535.419
20210111015339	535.419
20210111015339	535.419
20210111015339	535.419
20210111015339	535.419
20210111015339	535.419
20210111015339	535.419
20210111015339	535.419
20210111015339	535.419
20210111015339	535.419
20210111015339	535.419
20210111015339	535.419
20210111015339	535.419
20210111015339	535.419
20210111015339	535.419
20210111015339	535.419
20210111015339	535.419
20210111015339	535.419
20210111015339	535.419
20210111015339	535.419
20210111015339	535.419
20210111015339	535.419
20210111015339	535.419
20210111015339	535.419
20210111015339	535.419
20210111015339	535.419
20210111015339	535.419
20210111015339	535.419
20210111015339	535.419
20210111015339	535.419
20210111015339	535.419
20210111015340	535.419
20210111015340	535.419
20210111015340	535.419
20210111015340	535.419
20210111015340	535.419
20210111015340	535.419
20210111015340	535.419
20210111015340	535.419
20210111015340	535.419
20210111015340	535.419
20210111015340	535.419
20210111015340	535.419
20210111015340	535.419
20210111015340	535.419
20210111015340	535.419
20210111015340	535.419
20210111015340	535.419
20210111015340	535.419
20210111015340	535.419
20210111015340	535.419
20210111015340	535.419
20210111015340	535.419
20210111015340	535.419
20210111015340	535.419
20210111015340	535.419
20210111015340	535.419
20210111015340	535.419
20210111015340	535.419
20210111015340	535.419
20210111015340	535.419
20210111015340	535.419
20210111015340	535.419
20210111015340	535.419
20210111015340	535.419
20210111015340	535.419
20210111015340	535.419
20210111015340	535.419
20210111015340	535.419
20210111015340	535.419
20210111015340	535.419
20210111015340	535.419
20210111015340	535.419
20210111015340	535.419
20210111015341	535.419
20210111015341	535.419
20210111015341	535.419
20210111015341	535.419
20210111015341	535.419
20210111015341	535.419
20210111015341	535.419
20210111015341	535.419
20210111015341	535.419
20210111015341	535.419
20210111015341	535.419
20210111015341	535.419
20210111015341	535.419
20210111015341	535.419
20210111015341	535.419
20210111015341	535.419
20210111015341	535.419
20210111015341	535.419
20210111015341	535.419
20210111015341	535.419
20210111015341	535.419
20210111015341	535.419
20210111015341	535.419
20210111015341	535.419
20210111015341	535.419
20210111015341	535.419
20210111015341	535.419
20210111015341	535.419
20210111015341	535.419
20210111015341	535.419
20210111015341	535.419
20210111015342	535.419
20210111015342	535.419
20210111015342	535.419
20210111015342	535.419
20210111015342	535.419
20210111015342	535.419
20210111015342	535.419
20210111015342	535.419
20210111015342	535.419
20210111015342	535.419
20210111015342	535.419
20210111015342	535.419
20210111015342	535.419
20210111015342	535.419
20210111015342	535.419
20210111015342	535.419
20210111015342	535.419
20210111015342	535.419
20210111015342	535.419
20210111015342	535.419
20210111015342	535.419
20210111015342	535.419
20210111015342	535.419
20210111015342	535.419
20210111015342	535.419
20210111015342	535.419
20210111015342	535.419
20210111015342	535.419
20210111015342	535.419
20210111015342	535.419
20210111015342	535.419
20210111015342	535.419
20210111015342	535.419
20210111015342	535.419
20210111015342	535.419
20210111015342	535.419
20210111015342	535.419
20210111015342	535.419
20210111015342	535.419
20210111015342	535.419
20210111015342	535.419
20210111015342	535.419
20210111015342	535.419
20210111015342	535.419
20210111015342	535.419
20210111015342	535.419
20210111015342	535.419
20210111015342	535.419
20210111015342	535.419
20210111015342	535.419
20210111015342	535.419
20210111015342	535.419
20210111015342	535.419
20210111015342	535.419
20210111015342	535.419
20210111015342	535.419
20210111015342	535.419
20210111015342	535.419
20210111015342	535.419
20210111015342	535.419
20210111015342	535.419
20210111015342	535.419
20210111015342	535.419
20210111015342	535.419
20210111015342	535.419
20210111015342	535.419
20210111015342	535.419
20210111015343	535.419
20210111015343	535.419
20210111015343	535.419
20210111015343	535.419
20210111015343	535.419
20210111015343	535.419
20210111015343	535.419
20210111015343	535.419
20210111015343	535.419
20210111015343	535.419
20210111015343	535.419
20210111015343	535.419
20210111015343	535.419
20210111015343	535.419
20210111015343	535.419
20210111015343	535.419
20210111015343	535.419
20210111015343	535.419
20210111015343	535.419
20210111015343	535.419
20210111015343	535.419
20210111015343	535.419
20210111015343	535.419
20210111015343	535.419
20210111015343	535.419
20210111015343	535.419
20210111015343	535.419
20210111015343	535.419
20210111015343	535.419
20210111015343	535.419
20210111015343	535.419
20210111015343	535.419
20210111015343	535.419
20210111015343	535.419
20210111015343	535.419
20210111015343	535.419
20210111015343	535.419
20210111015343	535.419
20210111015343	535.419
20210111015343	535.419
20210111015343	535.419
20210111015343	535.419
20210111015343	535.419
20210111015343	535.419
20210111015343	535.419
20210111015343	535.419
20210111015344	535.419
20210111015344	535.419
20210111015344	535.419
20210111015344	535.419
20210111015344	535.419
20210111015344	535.419
20210111015344	535.419
20210111015344	535.419
20210111015344	535.419
20210111015344	535.419
20210111015344	535.419
20210111015344	535.419
20210111015344	535.419
20210111015344	535.419
20210111015344	535.419
20210111015344	535.419
20210111015344	535.419
20210111015344	535.419
20210111015344	535.419
20210111015344	535.419
20210111015344	535.419
20210111015344	535.419
20210111015344	535.419
20210111015344	535.419
20210111015344	535.419
20210111015344	535.419
20210111015344	535.419
20210111015344	535.419
20210111015344	535.419
20210111015344	535.419
20210111015344	535.419
20210111015344	535.419
20210111015344	535.419
20210111015344	535.419
20210111015344	535.419
20210111015344	535.419
20210111015344	535.419
20210111015344	535.419
20210111015344	535.419
20210111015344	535.419
20210111015344	535.419
20210111015344	535.419
20210111015344	535.419
20210111015344	535.419
20210111015344	535.419
20210111015344	535.419
20210111015344	535.419
20210111015344	535.419
20210111015344	535.419
20210111015344	535.419
20210111015344	535.419
20210111015344	535.419
20210111015344	535.419
20210111015344	535.419
20210111015344	535.419
20210111015344	535.419
20210111015344	535.419
20210111015344	535.419
20210111015344	535.419
20210111015344	535.419
20210111015344	535.419
20210111015344	535.419
20210111015344	535.419
20210111015344	535.419
20210111015344	535.419
20210111015344	535.419
20210111015344	535.419
20210111015344	535.419
20210111015345	535.419
20210111015345	535.419
20210111015345	535.419
20210111015345	535.419
20210111015345	535.419
20210111015345	535.419
20210111015345	535.419
20210111015345	535.419
20210111015345	535.419
20210111015345	535.419
20210111015345	535.419
20210111015345	535.419
20210111015345	535.419
20210111015345	535.419
20210111015345	535.419
20210111015345	535.419
20210111015345	535.419
20210111015345	535.419
20210111015345	535.419
20210111015345	535.419
20210111015345	535.419
20210111015345	535.419
20210111015345	535.419
20210111015345	535.419
20210111015345	535.419
20210111015345	535.419
20210111015345	535.419
20210111015345	535.419
20210111015345	535.419
20210111015345	535.419
20210111015345	535.419
20210111015345	535.419
20210111015345	535.419
20210111015345	535.419
20210111015345	535.419
20210111015345	535.419
20210111015345	535.419
20210111015345	535.419
20210111015345	535.419
20210111015345	535.419
20210111015345	535.419
20210111015345	535.419
20210111015345	535.419
20210111015345	535.419
20210111015345	535.419
20210111015345	535.419
20210111015345	535.419
20210111015345	535.419
20210111015345	535.419
20210111015345	535.419
20210111015345	535.419
20210111015345	535.419
20210111015345	535.419
20210111015345	535.419
20210111015345	535.419
20210111015345	535.419
20210111015345	535.419
20210111015345	535.419
20210111015345	535.419
20210111015345	535.419
20210111015345	535.419
20210111015345	535.419
20210111015345	535.419
20210111015345	535.419
20210111015345	535.419
20210111015345	535.419
20210111015345	535.419
20210111015345	535.419
20210111015345	535.419
20210111015345	535.419
20210111015345	535.419
20210111015345	535.419
20210111015345	535.419
20210111015345	535.419
20210111015345	535.419
20210111015345	535.419
20210111015346	535.419
20210111015346	535.419
20210111015346	535.419
20210111015346	535.419
20210111015346	535.419
20210111015346	535.419
20210111015346	535.419
20210111015346	535.419
20210111015346	535.419
20210111015346	535.419
20210111015346	535.419
20210111015346	535.419
20210111015346	535.419
20210111015346	535.419
20210111015346	535.419
20210111015346	535.419
20210111015346	535.419
20210111015346	535.419
20210111015346	535.419
20210111015346	535.419
20210111015346	535.419
