20210115191022	535.4
20210115191022	535.4
20210115191022	535.4
20210115191022	535.4
20210115191022	535.4
20210115191022	535.4
20210115191022	535.4
20210115191022	535.4
20210115191022	535.4
20210115191022	535.4
20210115191022	535.4
20210115191022	535.4
20210115191022	535.4
20210115191022	535.4
20210115191022	535.4
20210115191022	535.4
20210115191022	535.4
20210115191022	535.4
20210115191022	535.4
20210115191023	535.4
20210115191023	535.4
20210115191023	535.4
20210115191023	535.4
20210115191023	535.4
20210115191023	535.4
20210115191023	535.4
20210115191023	535.4
20210115191023	535.4
20210115191023	535.4
20210115191023	535.4
20210115191023	535.4
20210115191023	535.4
20210115191023	535.4
20210115191023	535.4
20210115191023	535.4
20210115191023	535.4
20210115191023	535.4
20210115191023	535.4
20210115191023	535.4
20210115191023	535.4
20210115191023	535.4
20210115191024	535.4
20210115191024	535.4
20210115191024	535.4
20210115191024	535.4
20210115191024	535.4
20210115191024	535.4
20210115191024	535.4
20210115191024	535.4
20210115191024	535.4
20210115191024	535.4
20210115191024	535.4
20210115191024	535.4
20210115191024	535.4
20210115191024	535.4
20210115191024	535.4
20210115191024	535.4
20210115191024	535.4
20210115191024	535.4
20210115191024	535.4
20210115191024	535.4
20210115191024	535.4
20210115191024	535.4
20210115191024	535.4
20210115191024	535.4
20210115191024	535.4
20210115191024	535.4
20210115191024	535.4
20210115191024	535.4
20210115191024	535.4
20210115191024	535.4
20210115191025	535.4
20210115191025	535.4
20210115191025	535.4
20210115191025	535.4
20210115191025	535.4
20210115191025	535.4
20210115191025	535.4
20210115191025	535.4
20210115191025	535.4
20210115191025	535.4
20210115191025	535.4
20210115191025	535.4
20210115191025	535.4
20210115191025	535.4
20210115191025	535.4
20210115191025	535.4
20210115191025	535.4
20210115191025	535.4
20210115191025	535.4
20210115191025	535.4
20210115191025	535.4
20210115191025	535.4
20210115191025	535.4
20210115191025	535.4
20210115191025	535.4
20210115191025	535.4
20210115191025	535.4
20210115191025	535.4
20210115191025	535.4
20210115191025	535.4
20210115191025	535.4
20210115191025	535.4
20210115191025	535.4
20210115191025	535.4
20210115191025	535.4
20210115191025	535.4
20210115191025	535.4
20210115191025	535.4
20210115191025	535.4
20210115191025	535.4
20210115191025	535.4
20210115191025	535.4
20210115191025	535.4
20210115191025	535.4
20210115191025	535.4
20210115191026	535.4
20210115191026	535.4
20210115191026	535.4
20210115191026	535.4
20210115191026	535.4
20210115191026	535.4
20210115191026	535.4
20210115191026	535.4
20210115191026	535.4
20210115191026	535.4
20210115191026	535.4
20210115191026	535.4
20210115191026	535.4
20210115191026	535.4
20210115191026	535.4
20210115191026	535.4
20210115191026	535.4
20210115191026	535.4
20210115191026	535.4
20210115191026	535.4
20210115191026	535.4
20210115191026	535.4
20210115191026	535.4
20210115191026	535.4
20210115191027	535.4
20210115191027	535.4
20210115191027	535.4
20210115191027	535.4
20210115191027	535.4
20210115191027	535.4
20210115191027	535.4
20210115191027	535.4
20210115191027	535.4
20210115191027	535.4
20210115191027	535.4
20210115191027	535.4
20210115191027	535.4
20210115191027	535.4
20210115191027	535.4
20210115191027	535.4
20210115191027	535.4
20210115191027	535.4
20210115191027	535.4
20210115191027	535.4
20210115191027	535.4
20210115191027	535.4
20210115191027	535.4
20210115191027	535.4
20210115191027	535.4
20210115191027	535.4
20210115191027	535.4
20210115191027	535.4
20210115191027	535.4
20210115191027	535.4
20210115191027	535.4
20210115191028	535.4
20210115191028	535.4
20210115191028	535.4
20210115191028	535.4
20210115191028	535.4
20210115191028	535.4
20210115191028	535.4
20210115191028	535.4
20210115191028	535.4
20210115191028	535.4
20210115191028	535.4
20210115191028	535.4
20210115191028	535.4
20210115191028	535.4
20210115191028	535.4
20210115191028	535.4
20210115191028	535.4
20210115191028	535.4
20210115191028	535.4
20210115191028	535.4
20210115191028	535.4
20210115191028	535.4
20210115191028	535.4
20210115191028	535.4
20210115191028	535.4
20210115191028	535.4
20210115191028	535.4
20210115191028	535.4
20210115191028	535.4
20210115191028	535.4
20210115191028	535.4
20210115191028	535.4
20210115191028	535.4
20210115191028	535.4
20210115191028	535.4
20210115191028	535.4
20210115191028	535.4
20210115191028	535.4
20210115191028	535.4
20210115191028	535.4
20210115191028	535.4
20210115191028	535.4
20210115191028	535.4
20210115191028	535.4
20210115191028	535.4
20210115191028	535.4
20210115191028	535.4
20210115191028	535.4
20210115191028	535.4
20210115191028	535.4
20210115191028	535.4
20210115191028	535.4
20210115191028	535.4
20210115191029	535.4
20210115191029	535.4
20210115191029	535.4
20210115191029	535.4
20210115191029	535.4
20210115191029	535.4
20210115191029	535.4
20210115191029	535.4
20210115191029	535.4
20210115191029	535.4
20210115191029	535.4
20210115191029	535.4
20210115191029	535.4
20210115191029	535.4
20210115191029	535.4
20210115191029	535.4
20210115191029	535.4
20210115191029	535.4
20210115191029	535.4
20210115191029	535.4
20210115191029	535.4
20210115191029	535.4
20210115191029	535.4
20210115191029	535.4
20210115191029	535.4
20210115191029	535.4
20210115191029	535.4
20210115191029	535.4
20210115191029	535.4
20210115191029	535.4
20210115191029	535.4
20210115191029	535.4
20210115191029	535.4
20210115191029	535.4
20210115191029	535.4
20210115191030	535.4
20210115191030	535.4
20210115191030	535.4
20210115191030	535.4
20210115191030	535.4
20210115191030	535.4
20210115191030	535.4
20210115191030	535.4
20210115191030	535.4
20210115191030	535.4
20210115191030	535.4
20210115191030	535.4
20210115191030	535.4
20210115191030	535.4
20210115191030	535.4
20210115191030	535.4
20210115191030	535.4
20210115191030	535.4
20210115191030	535.4
20210115191030	535.4
20210115191030	535.4
20210115191030	535.4
20210115191030	535.4
20210115191030	535.4
20210115191030	535.4
20210115191030	535.4
20210115191030	535.4
20210115191030	535.4
20210115191030	535.4
20210115191030	535.4
20210115191030	535.4
20210115191030	535.4
20210115191030	535.4
20210115191030	535.4
20210115191030	535.4
20210115191030	535.4
20210115191030	535.4
20210115191030	535.4
20210115191030	535.4
20210115191030	535.4
20210115191030	535.4
20210115191030	535.4
20210115191030	535.4
20210115191030	535.4
20210115191030	535.4
20210115191030	535.4
20210115191030	535.4
20210115191030	535.4
20210115191030	535.4
20210115191030	535.4
20210115191030	535.4
20210115191030	535.4
20210115191030	535.4
20210115191030	535.4
20210115191030	535.4
20210115191030	535.4
20210115191030	535.4
20210115191030	535.4
20210115191031	535.4
20210115191031	535.4
20210115191031	535.4
20210115191031	535.4
20210115191031	535.4
20210115191031	535.4
20210115191031	535.4
20210115191031	535.4
20210115191031	535.4
20210115191031	535.4
20210115191031	535.4
20210115191031	535.4
20210115191031	535.4
20210115191031	535.4
20210115191031	535.4
20210115191031	535.4
20210115191031	535.4
20210115191031	535.4
20210115191031	535.4
20210115191031	535.4
20210115191031	535.4
20210115191031	535.4
20210115191031	535.4
20210115191031	535.4
20210115191031	535.4
20210115191031	535.4
20210115191031	535.4
20210115191031	535.4
20210115191031	535.4
20210115191031	535.4
20210115191031	535.4
20210115191031	535.4
20210115191031	535.4
20210115191031	535.4
20210115191031	535.4
20210115191031	535.4
20210115191031	535.4
20210115191031	535.4
20210115191031	535.4
20210115191031	535.4
20210115191031	535.4
20210115191031	535.4
20210115191031	535.4
20210115191031	535.4
20210115191031	535.4
20210115191031	535.4
20210115191031	535.4
20210115191031	535.4
20210115191031	535.4
20210115191031	535.4
20210115191031	535.4
20210115191031	535.4
20210115191031	535.4
20210115191031	535.4
20210115191031	535.4
20210115191031	535.4
20210115191031	535.4
20210115191031	535.4
20210115191031	535.4
20210115191031	535.4
20210115191031	535.4
20210115191031	535.4
20210115191031	535.4
20210115191031	535.4
20210115191032	535.4
20210115191032	535.4
20210115191032	535.4
20210115191032	535.4
20210115191032	535.4
20210115191032	535.4
20210115191032	535.4
20210115191032	535.4
20210115191032	535.4
20210115191032	535.4
20210115191032	535.4
20210115191032	535.4
20210115191032	535.4
20210115191032	535.4
20210115191032	535.4
20210115191032	535.4
20210115191032	535.4
20210115191032	535.4
20210115191032	535.4
20210115191032	535.4
20210115191032	535.4
20210115191032	535.4
20210115191032	535.4
20210115191032	535.4
20210115191032	535.4
20210115191032	535.4
20210115191032	535.4
20210115191032	535.4
20210115191032	535.4
20210115191032	535.4
20210115191032	535.4
20210115191032	535.4
20210115191032	535.4
20210115191032	535.4
20210115191032	535.4
20210115191032	535.4
20210115191032	535.4
20210115191033	535.4
20210115191033	535.4
20210115191033	535.4
20210115191033	535.4
20210115191033	535.4
20210115191033	535.4
20210115191033	535.4
20210115191033	535.4
20210115191033	535.4
20210115191033	535.4
20210115191033	535.4
20210115191033	535.4
20210115191033	535.4
20210115191033	535.4
20210115191033	535.4
20210115191033	535.4
20210115191033	535.4
20210115191033	535.4
20210115191033	535.4
20210115191033	535.4
20210115191033	535.4
20210115191033	535.4
20210115191033	535.4
20210115191033	535.4
20210115191033	535.4
20210115191033	535.4
20210115191033	535.4
20210115191033	535.4
20210115191033	535.4
20210115191033	535.4
20210115191033	535.4
20210115191033	535.4
20210115191033	535.4
20210115191033	535.4
20210115191033	535.4
20210115191033	535.4
20210115191033	535.4
20210115191033	535.4
20210115191033	535.4
20210115191033	535.4
20210115191033	535.4
20210115191033	535.4
20210115191033	535.4
20210115191033	535.4
20210115191033	535.4
20210115191033	535.4
20210115191033	535.4
20210115191033	535.4
20210115191033	535.4
20210115191033	535.4
20210115191033	535.4
20210115191033	535.4
20210115191033	535.4
20210115191033	535.4
20210115191033	535.4
20210115191033	535.4
20210115191033	535.4
20210115191033	535.4
20210115191033	535.4
20210115191033	535.4
20210115191033	535.4
20210115191033	535.4
20210115191033	535.4
20210115191034	535.4
20210115191034	535.4
20210115191034	535.4
20210115191034	535.4
20210115191034	535.4
20210115191034	535.4
20210115191034	535.4
20210115191034	535.4
20210115191034	535.4
20210115191034	535.4
20210115191034	535.4
20210115191034	535.4
20210115191034	535.4
20210115191034	535.4
20210115191034	535.4
20210115191034	535.4
20210115191034	535.4
20210115191034	535.4
20210115191034	535.4
20210115191034	535.4
20210115191034	535.4
20210115191034	535.4
20210115191034	535.4
20210115191034	535.4
20210115191034	535.4
20210115191034	535.4
20210115191034	535.4
20210115191034	535.4
20210115191034	535.4
20210115191035	535.4
20210115191035	535.4
20210115191035	535.4
20210115191035	535.4
20210115191035	535.4
20210115191035	535.4
20210115191035	535.4
20210115191035	535.4
20210115191035	535.4
20210115191035	535.4
20210115191035	535.4
20210115191035	535.4
20210115191035	535.4
20210115191035	535.4
20210115191035	535.4
20210115191035	535.4
20210115191035	535.4
20210115191035	535.4
20210115191035	535.4
20210115191035	535.4
20210115191035	535.4
20210115191035	535.4
20210115191035	535.4
20210115191035	535.4
20210115191035	535.4
20210115191036	535.4
20210115191036	535.4
20210115191036	535.4
20210115191036	535.4
20210115191036	535.4
20210115191036	535.4
20210115191036	535.4
20210115191036	535.4
20210115191036	535.4
20210115191036	535.4
20210115191036	535.4
20210115191036	535.4
20210115191036	535.4
20210115191036	535.4
20210115191036	535.4
20210115191036	535.4
20210115191036	535.4
20210115191036	535.4
20210115191036	535.4
20210115191036	535.4
20210115191036	535.4
20210115191036	535.4
20210115191036	535.4
20210115191036	535.4
20210115191036	535.4
20210115191036	535.4
20210115191036	535.4
20210115191036	535.4
20210115191036	535.4
20210115191036	535.4
20210115191036	535.4
20210115191036	535.4
20210115191036	535.4
20210115191036	535.4
20210115191036	535.4
20210115191036	535.4
20210115191036	535.4
20210115191036	535.4
20210115191036	535.4
20210115191036	535.4
20210115191036	535.4
20210115191036	535.4
20210115191036	535.4
20210115191036	535.4
20210115191036	535.4
20210115191036	535.4
20210115191036	535.4
20210115191036	535.4
20210115191036	535.4
20210115191036	535.4
20210115191037	535.4
20210115191037	535.4
20210115191037	535.4
20210115191037	535.4
20210115191037	535.4
20210115191037	535.4
20210115191037	535.4
20210115191037	535.4
20210115191037	535.4
20210115191037	535.4
20210115191037	535.4
20210115191037	535.4
20210115191037	535.4
20210115191037	535.4
20210115191037	535.4
20210115191037	535.4
20210115191037	535.4
20210115191037	535.4
20210115191037	535.4
20210115191037	535.4
20210115191037	535.4
20210115191037	535.4
20210115191037	535.4
20210115191037	535.4
20210115191037	535.4
20210115191037	535.4
20210115191037	535.4
20210115191037	535.4
20210115191037	535.4
20210115191037	535.4
20210115191037	535.4
20210115191038	535.4
20210115191038	535.4
20210115191038	535.4
20210115191038	535.4
20210115191038	535.4
20210115191038	535.4
20210115191038	535.4
20210115191038	535.4
20210115191038	535.4
20210115191038	535.4
20210115191038	535.4
20210115191038	535.4
20210115191038	535.4
20210115191038	535.4
20210115191038	535.4
20210115191038	535.4
20210115191038	535.4
20210115191038	535.4
20210115191038	535.4
20210115191038	535.4
20210115191038	535.4
20210115191038	535.4
20210115191038	535.4
20210115191038	535.4
20210115191038	535.4
20210115191038	535.4
20210115191038	535.4
20210115191038	535.4
20210115191038	535.4
20210115191038	535.4
20210115191038	535.4
20210115191038	535.4
20210115191038	535.4
20210115191038	535.4
20210115191038	535.4
20210115191038	535.4
20210115191038	535.4
20210115191038	535.4
20210115191038	535.4
20210115191038	535.4
20210115191038	535.4
20210115191038	535.4
20210115191038	535.4
20210115191038	535.4
20210115191038	535.4
20210115191038	535.4
20210115191039	535.4
20210115191039	535.4
20210115191039	535.4
20210115191039	535.4
20210115191039	535.4
20210115191039	535.4
20210115191039	535.4
20210115191039	535.4
20210115191039	535.4
20210115191039	535.4
20210115191039	535.4
20210115191039	535.4
20210115191039	535.4
20210115191039	535.4
20210115191039	535.4
20210115191039	535.4
20210115191039	535.4
20210115191039	535.4
20210115191039	535.4
20210115191039	535.4
20210115191039	535.4
20210115191039	535.4
20210115191039	535.4
20210115191039	535.4
20210115191040	535.4
20210115191040	535.4
20210115191040	535.4
20210115191040	535.4
20210115191040	535.4
20210115191040	535.4
20210115191040	535.4
20210115191040	535.4
20210115191040	535.4
20210115191040	535.4
20210115191040	535.4
20210115191040	535.4
20210115191040	535.4
20210115191040	535.4
20210115191040	535.4
20210115191040	535.4
20210115191040	535.4
20210115191040	535.4
20210115191040	535.4
20210115191040	535.4
20210115191040	535.4
20210115191040	535.4
20210115191040	535.4
20210115191040	535.4
20210115191040	535.4
20210115191040	535.4
20210115191040	535.4
20210115191040	535.4
20210115191040	535.4
20210115191040	535.4
20210115191040	535.4
20210115191040	535.4
20210115191040	535.4
20210115191040	535.4
20210115191040	535.4
20210115191040	535.4
20210115191040	535.4
20210115191040	535.4
20210115191040	535.4
20210115191040	535.4
20210115191040	535.4
20210115191040	535.4
20210115191040	535.4
20210115191040	535.4
20210115191041	535.4
20210115191041	535.4
20210115191041	535.4
20210115191041	535.4
20210115191041	535.4
20210115191041	535.4
20210115191041	535.4
20210115191041	535.4
20210115191041	535.4
20210115191041	535.4
20210115191041	535.4
20210115191041	535.4
20210115191041	535.4
20210115191041	535.4
20210115191041	535.4
20210115191041	535.4
20210115191041	535.4
20210115191041	535.4
20210115191041	535.4
20210115191041	535.4
20210115191041	535.4
20210115191041	535.4
20210115191041	535.4
20210115191041	535.4
20210115191041	535.4
20210115191041	535.4
20210115191041	535.4
20210115191041	535.4
20210115191041	535.4
20210115191041	535.4
20210115191041	535.4
20210115191041	535.4
20210115191041	535.4
20210115191041	535.4
20210115191041	535.4
20210115191042	535.4
20210115191042	535.4
20210115191042	535.4
20210115191042	535.4
20210115191042	535.4
20210115191042	535.4
20210115191042	535.4
20210115191042	535.4
20210115191042	535.4
20210115191042	535.4
20210115191042	535.4
20210115191042	535.4
20210115191042	535.4
20210115191042	535.4
20210115191042	535.4
20210115191042	535.4
20210115191042	535.4
20210115191042	535.4
20210115191042	535.4
20210115191042	535.4
20210115191042	535.4
20210115191042	535.4
20210115191042	535.4
20210115191042	535.4
20210115191042	535.4
20210115191042	535.4
20210115191042	535.4
20210115191042	535.4
20210115191042	535.4
20210115191042	535.4
20210115191042	535.4
20210115191042	535.4
20210115191042	535.4
20210115191042	535.4
20210115191043	535.4
20210115191043	535.4
20210115191043	535.4
20210115191043	535.4
20210115191043	535.4
20210115191043	535.4
20210115191043	535.4
20210115191043	535.4
20210115191043	535.4
20210115191043	535.4
20210115191043	535.4
20210115191043	535.4
20210115191043	535.4
20210115191043	535.4
20210115191043	535.4
20210115191043	535.4
20210115191043	535.4
20210115191043	535.4
20210115191043	535.4
20210115191043	535.4
20210115191043	535.4
20210115191043	535.4
20210115191043	535.4
20210115191043	535.4
20210115191043	535.4
20210115191043	535.4
20210115191043	535.4
20210115191043	535.4
20210115191043	535.4
20210115191043	535.4
20210115191043	535.4
20210115191043	535.4
20210115191043	535.4
20210115191043	535.4
20210115191043	535.4
20210115191043	535.4
20210115191044	535.4
20210115191044	535.4
20210115191044	535.4
20210115191044	535.4
20210115191044	535.4
20210115191044	535.4
20210115191044	535.4
20210115191044	535.4
20210115191044	535.4
20210115191044	535.4
20210115191044	535.4
20210115191044	535.4
20210115191044	535.4
20210115191044	535.4
20210115191044	535.4
20210115191044	535.4
20210115191044	535.4
20210115191044	535.4
20210115191044	535.4
20210115191044	535.4
20210115191044	535.4
20210115191044	535.4
20210115191044	535.4
20210115191044	535.4
20210115191044	535.4
20210115191044	535.4
20210115191044	535.4
20210115191044	535.4
20210115191044	535.4
20210115191044	535.4
20210115191044	535.4
20210115191045	535.4
20210115191045	535.4
20210115191045	535.4
20210115191045	535.4
20210115191045	535.4
20210115191045	535.4
20210115191045	535.4
20210115191045	535.4
20210115191045	535.4
