20210104211711	535.367
20210104211711	535.367
20210104211711	535.367
20210104211711	535.367
20210104211711	535.367
20210104211711	535.367
20210104211711	535.367
20210104211711	535.367
20210104211711	535.367
20210104211712	535.367
20210104211712	535.367
20210104211712	535.367
20210104211712	535.367
20210104211712	535.367
20210104211712	535.367
20210104211712	535.367
20210104211712	535.367
20210104211712	535.367
20210104211712	535.367
20210104211712	535.367
20210104211712	535.367
20210104211712	535.367
20210104211712	535.367
20210104211712	535.367
20210104211712	535.367
20210104211712	535.367
20210104211712	535.367
20210104211712	535.367
20210104211712	535.367
20210104211712	535.367
20210104211712	535.367
20210104211712	535.367
20210104211712	535.367
20210104211712	535.367
20210104211712	535.367
20210104211712	535.367
20210104211712	535.367
20210104211712	535.367
20210104211712	535.367
20210104211712	535.367
20210104211712	535.367
20210104211712	535.367
20210104211712	535.367
20210104211713	535.367
20210104211713	535.367
20210104211713	535.367
20210104211713	535.367
20210104211713	535.367
20210104211713	535.367
20210104211713	535.367
20210104211713	535.367
20210104211713	535.367
20210104211713	535.367
20210104211713	535.367
20210104211713	535.367
20210104211713	535.367
20210104211713	535.367
20210104211713	535.367
20210104211713	535.367
20210104211713	535.367
20210104211713	535.367
20210104211713	535.367
20210104211713	535.367
20210104211713	535.367
20210104211713	535.367
20210104211713	535.367
20210104211713	535.367
20210104211713	535.367
20210104211713	535.367
20210104211713	535.367
20210104211713	535.367
20210104211713	535.367
20210104211713	535.367
20210104211713	535.367
20210104211713	535.367
20210104211713	535.367
20210104211714	535.367
20210104211714	535.367
20210104211714	535.367
20210104211714	535.367
20210104211714	535.367
20210104211714	535.367
20210104211714	535.367
20210104211714	535.367
20210104211714	535.367
20210104211714	535.367
20210104211714	535.367
20210104211714	535.367
20210104211714	535.367
20210104211714	535.367
20210104211714	535.367
20210104211714	535.367
20210104211714	535.367
20210104211714	535.367
20210104211714	535.367
20210104211714	535.367
20210104211714	535.367
20210104211714	535.367
20210104211714	535.367
20210104211714	535.367
20210104211714	535.367
20210104211714	535.367
20210104211714	535.367
20210104211714	535.367
20210104211714	535.367
20210104211714	535.367
20210104211714	535.367
20210104211714	535.367
20210104211714	535.367
20210104211714	535.367
20210104211714	535.367
20210104211714	535.367
20210104211714	535.367
20210104211714	535.367
20210104211714	535.367
20210104211714	535.367
20210104211714	535.367
20210104211714	535.367
20210104211714	535.367
20210104211714	535.367
20210104211715	535.367
20210104211715	535.367
20210104211715	535.367
20210104211715	535.367
20210104211715	535.367
20210104211715	535.367
20210104211715	535.367
20210104211715	535.367
20210104211715	535.367
20210104211715	535.367
20210104211715	535.367
20210104211715	535.367
20210104211715	535.367
20210104211715	535.367
20210104211715	535.367
20210104211715	535.367
20210104211715	535.367
20210104211715	535.367
20210104211715	535.367
20210104211715	535.367
20210104211715	535.367
20210104211715	535.367
20210104211715	535.367
20210104211715	535.367
20210104211715	535.367
20210104211715	535.367
20210104211715	535.367
20210104211715	535.367
20210104211715	535.367
20210104211715	535.367
20210104211715	535.367
20210104211715	535.367
20210104211715	535.367
20210104211715	535.367
20210104211715	535.367
20210104211715	535.367
20210104211715	535.367
20210104211715	535.367
20210104211715	535.367
20210104211715	535.367
20210104211715	535.367
20210104211715	535.367
20210104211715	535.367
20210104211715	535.367
20210104211715	535.367
20210104211715	535.367
20210104211715	535.367
20210104211715	535.367
20210104211715	535.367
20210104211715	535.367
20210104211715	535.367
20210104211715	535.367
20210104211716	535.367
20210104211716	535.367
20210104211716	535.367
20210104211716	535.367
20210104211716	535.367
20210104211716	535.367
20210104211716	535.367
20210104211716	535.367
20210104211716	535.367
20210104211716	535.367
20210104211716	535.367
20210104211716	535.367
20210104211716	535.367
20210104211716	535.367
20210104211716	535.367
20210104211716	535.367
20210104211716	535.367
20210104211716	535.367
20210104211716	535.367
20210104211716	535.367
20210104211716	535.367
20210104211716	535.367
20210104211716	535.367
20210104211716	535.367
20210104211716	535.367
20210104211716	535.367
20210104211716	535.367
20210104211716	535.367
20210104211716	535.367
20210104211716	535.367
20210104211716	535.367
20210104211716	535.367
20210104211716	535.367
20210104211716	535.367
20210104211716	535.367
20210104211716	535.367
20210104211716	535.367
20210104211716	535.367
20210104211716	535.367
20210104211716	535.367
20210104211716	535.367
20210104211716	535.367
20210104211716	535.367
20210104211716	535.367
20210104211716	535.367
20210104211716	535.367
20210104211716	535.367
20210104211717	535.367
20210104211717	535.367
20210104211717	535.367
20210104211717	535.367
20210104211717	535.367
20210104211717	535.367
20210104211717	535.367
20210104211717	535.367
20210104211717	535.367
20210104211717	535.367
20210104211717	535.367
20210104211717	535.367
20210104211717	535.367
20210104211717	535.367
20210104211717	535.367
20210104211717	535.367
20210104211717	535.367
20210104211717	535.367
20210104211717	535.367
20210104211717	535.367
20210104211717	535.367
20210104211717	535.367
20210104211717	535.367
20210104211717	535.367
20210104211717	535.367
20210104211717	535.367
20210104211717	535.367
20210104211717	535.367
20210104211717	535.367
20210104211717	535.367
20210104211717	535.367
20210104211718	535.367
20210104211718	535.367
20210104211718	535.367
20210104211718	535.367
20210104211718	535.367
20210104211718	535.367
20210104211718	535.367
20210104211718	535.367
20210104211718	535.367
20210104211718	535.367
20210104211718	535.367
20210104211718	535.367
20210104211718	535.367
20210104211718	535.367
20210104211718	535.367
20210104211718	535.367
20210104211718	535.367
20210104211718	535.367
20210104211718	535.367
20210104211718	535.367
20210104211718	535.367
20210104211718	535.367
20210104211718	535.367
20210104211718	535.367
20210104211718	535.367
20210104211718	535.367
20210104211718	535.367
20210104211718	535.367
20210104211718	535.367
20210104211718	535.367
20210104211718	535.367
20210104211718	535.367
20210104211718	535.367
20210104211718	535.367
20210104211718	535.367
20210104211718	535.367
20210104211718	535.367
20210104211718	535.367
20210104211718	535.367
20210104211719	535.367
20210104211719	535.367
20210104211719	535.367
20210104211719	535.367
20210104211719	535.367
20210104211719	535.367
20210104211719	535.367
20210104211719	535.367
20210104211719	535.367
20210104211719	535.367
20210104211719	535.367
20210104211719	535.367
20210104211719	535.367
20210104211719	535.367
20210104211719	535.367
20210104211719	535.367
20210104211719	535.367
20210104211719	535.367
20210104211719	535.367
20210104211719	535.367
20210104211719	535.367
20210104211719	535.367
20210104211719	535.367
20210104211719	535.367
20210104211719	535.367
20210104211719	535.367
20210104211719	535.367
20210104211719	535.367
20210104211719	535.367
20210104211719	535.367
20210104211719	535.367
20210104211719	535.367
20210104211719	535.367
20210104211719	535.367
20210104211719	535.367
20210104211719	535.367
20210104211719	535.367
20210104211719	535.367
20210104211719	535.367
20210104211719	535.367
20210104211719	535.367
20210104211719	535.367
20210104211720	535.367
20210104211720	535.367
20210104211720	535.367
20210104211720	535.367
20210104211720	535.367
20210104211720	535.367
20210104211720	535.367
20210104211720	535.367
20210104211720	535.367
20210104211720	535.367
20210104211720	535.367
20210104211720	535.367
20210104211720	535.367
20210104211720	535.367
20210104211720	535.367
20210104211720	535.367
20210104211720	535.367
20210104211720	535.367
20210104211720	535.367
20210104211720	535.367
20210104211720	535.367
20210104211720	535.367
20210104211720	535.367
20210104211720	535.367
20210104211720	535.367
20210104211720	535.367
20210104211720	535.367
20210104211720	535.367
20210104211720	535.367
20210104211720	535.367
20210104211720	535.367
20210104211720	535.367
20210104211720	535.367
20210104211720	535.367
20210104211720	535.367
20210104211720	535.367
20210104211720	535.367
20210104211720	535.367
20210104211720	535.367
20210104211720	535.367
20210104211720	535.367
20210104211720	535.367
20210104211720	535.367
20210104211720	535.367
20210104211720	535.367
20210104211720	535.367
20210104211720	535.367
20210104211720	535.367
20210104211721	535.367
20210104211721	535.367
20210104211721	535.367
20210104211721	535.367
20210104211721	535.367
20210104211721	535.367
20210104211721	535.367
20210104211721	535.367
20210104211721	535.367
20210104211721	535.367
20210104211721	535.367
20210104211721	535.367
20210104211721	535.367
20210104211721	535.367
20210104211721	535.367
20210104211721	535.367
20210104211721	535.367
20210104211721	535.367
20210104211721	535.367
20210104211721	535.367
20210104211721	535.367
20210104211721	535.367
20210104211721	535.367
20210104211721	535.367
20210104211721	535.367
20210104211721	535.367
20210104211721	535.367
20210104211721	535.367
20210104211721	535.367
20210104211721	535.367
20210104211721	535.367
20210104211721	535.367
20210104211721	535.367
20210104211721	535.367
20210104211721	535.367
20210104211721	535.367
20210104211721	535.367
20210104211721	535.367
20210104211722	535.367
20210104211722	535.367
20210104211722	535.367
20210104211722	535.367
20210104211722	535.367
20210104211722	535.367
20210104211722	535.367
20210104211722	535.367
20210104211722	535.367
20210104211722	535.367
20210104211722	535.367
20210104211722	535.367
20210104211722	535.367
20210104211722	535.367
20210104211722	535.367
20210104211722	535.367
20210104211722	535.367
20210104211722	535.367
20210104211722	535.367
20210104211722	535.367
20210104211722	535.367
20210104211722	535.367
20210104211722	535.367
20210104211722	535.367
20210104211722	535.367
20210104211722	535.367
20210104211722	535.367
20210104211722	535.367
20210104211722	535.367
20210104211722	535.367
20210104211722	535.367
20210104211722	535.367
20210104211722	535.367
20210104211722	535.367
20210104211722	535.367
20210104211722	535.367
20210104211722	535.367
20210104211722	535.367
20210104211722	535.367
20210104211722	535.367
20210104211722	535.367
20210104211722	535.367
20210104211722	535.367
20210104211722	535.367
20210104211722	535.367
20210104211722	535.367
20210104211722	535.367
20210104211722	535.367
20210104211722	535.367
20210104211723	535.367
20210104211723	535.367
20210104211723	535.367
20210104211723	535.367
20210104211723	535.367
20210104211723	535.367
20210104211723	535.367
20210104211723	535.367
20210104211723	535.367
20210104211723	535.367
20210104211723	535.367
20210104211723	535.367
20210104211723	535.367
20210104211723	535.367
20210104211723	535.367
20210104211723	535.367
20210104211723	535.367
20210104211723	535.367
20210104211723	535.367
20210104211723	535.367
20210104211723	535.367
20210104211723	535.367
20210104211723	535.367
20210104211723	535.367
20210104211723	535.367
20210104211723	535.367
20210104211723	535.367
20210104211723	535.367
20210104211723	535.367
20210104211723	535.367
20210104211723	535.367
20210104211723	535.367
20210104211723	535.367
20210104211723	535.367
20210104211723	535.367
20210104211723	535.367
20210104211723	535.367
20210104211723	535.367
20210104211723	535.367
20210104211723	535.367
20210104211723	535.367
20210104211723	535.367
20210104211724	535.367
20210104211724	535.367
20210104211724	535.367
20210104211724	535.367
20210104211724	535.367
20210104211724	535.367
20210104211724	535.367
20210104211724	535.367
20210104211724	535.367
20210104211724	535.367
20210104211724	535.367
20210104211724	535.367
20210104211724	535.367
20210104211724	535.367
20210104211724	535.367
20210104211724	535.367
20210104211724	535.367
20210104211724	535.367
20210104211724	535.367
20210104211724	535.367
20210104211724	535.367
20210104211724	535.367
20210104211724	535.367
20210104211724	535.367
20210104211724	535.367
20210104211724	535.367
20210104211724	535.367
20210104211724	535.367
20210104211724	535.367
20210104211724	535.367
20210104211724	535.367
20210104211724	535.367
20210104211724	535.367
20210104211724	535.367
20210104211724	535.367
20210104211724	535.367
20210104211724	535.367
20210104211724	535.367
20210104211724	535.367
20210104211724	535.367
20210104211724	535.367
20210104211724	535.367
20210104211724	535.367
20210104211724	535.367
20210104211724	535.367
20210104211724	535.367
20210104211724	535.367
20210104211724	535.367
20210104211724	535.367
20210104211724	535.367
20210104211725	535.367
20210104211725	535.367
20210104211725	535.367
20210104211725	535.367
20210104211725	535.367
20210104211725	535.367
20210104211725	535.367
20210104211725	535.367
20210104211725	535.367
20210104211725	535.367
20210104211725	535.367
20210104211725	535.367
20210104211725	535.367
20210104211725	535.367
20210104211725	535.367
20210104211725	535.367
20210104211725	535.367
20210104211725	535.367
20210104211725	535.367
20210104211725	535.367
20210104211725	535.367
20210104211725	535.367
20210104211725	535.367
20210104211725	535.367
20210104211725	535.367
20210104211725	535.367
20210104211725	535.367
20210104211725	535.367
20210104211725	535.367
20210104211725	535.367
20210104211725	535.367
20210104211725	535.367
20210104211725	535.367
20210104211725	535.367
20210104211725	535.367
20210104211725	535.367
20210104211725	535.367
20210104211725	535.367
20210104211725	535.367
20210104211725	535.367
20210104211725	535.367
20210104211725	535.367
20210104211725	535.367
20210104211725	535.367
20210104211725	535.367
20210104211725	535.367
20210104211725	535.367
20210104211725	535.367
20210104211725	535.367
20210104211726	535.367
20210104211726	535.367
20210104211726	535.367
20210104211726	535.367
20210104211726	535.367
20210104211726	535.367
20210104211726	535.367
20210104211726	535.367
20210104211726	535.367
20210104211726	535.367
20210104211726	535.367
20210104211726	535.367
20210104211726	535.367
20210104211726	535.367
20210104211726	535.367
20210104211726	535.367
20210104211726	535.367
20210104211726	535.367
20210104211726	535.367
20210104211726	535.367
20210104211726	535.367
20210104211726	535.367
20210104211726	535.367
20210104211726	535.367
20210104211726	535.367
20210104211726	535.367
20210104211726	535.367
20210104211726	535.367
20210104211726	535.367
20210104211726	535.367
20210104211726	535.367
20210104211726	535.367
20210104211726	535.367
20210104211726	535.367
20210104211726	535.367
20210104211726	535.367
20210104211726	535.367
20210104211726	535.367
20210104211726	535.367
20210104211726	535.367
20210104211726	535.367
20210104211726	535.367
20210104211726	535.367
20210104211726	535.367
20210104211726	535.367
20210104211727	535.367
20210104211727	535.367
20210104211727	535.367
20210104211727	535.367
20210104211727	535.367
20210104211727	535.367
20210104211727	535.367
20210104211727	535.367
20210104211727	535.367
20210104211727	535.367
20210104211727	535.367
20210104211727	535.367
20210104211727	535.367
20210104211727	535.367
20210104211727	535.367
20210104211727	535.367
20210104211727	535.367
20210104211727	535.367
20210104211727	535.367
20210104211727	535.367
20210104211727	535.367
20210104211727	535.367
20210104211727	535.367
20210104211727	535.367
20210104211727	535.367
20210104211727	535.367
20210104211727	535.367
20210104211727	535.367
20210104211727	535.367
20210104211727	535.367
20210104211727	535.367
20210104211727	535.367
20210104211727	535.367
20210104211727	535.367
20210104211727	535.367
20210104211727	535.367
20210104211727	535.367
20210104211727	535.367
20210104211727	535.367
20210104211727	535.367
20210104211727	535.367
20210104211727	535.367
20210104211728	535.367
20210104211728	535.367
20210104211728	535.367
20210104211728	535.367
20210104211728	535.367
20210104211728	535.367
20210104211728	535.367
20210104211728	535.367
20210104211728	535.367
20210104211728	535.367
20210104211728	535.367
20210104211728	535.367
20210104211728	535.367
20210104211728	535.367
20210104211728	535.367
20210104211728	535.367
20210104211728	535.367
20210104211728	535.367
20210104211728	535.367
20210104211728	535.367
20210104211728	535.367
20210104211728	535.367
20210104211728	535.367
20210104211728	535.367
20210104211728	535.367
20210104211728	535.367
20210104211728	535.367
20210104211728	535.367
20210104211728	535.367
20210104211728	535.367
20210104211728	535.367
20210104211728	535.367
20210104211728	535.367
20210104211728	535.367
20210104211728	535.367
20210104211728	535.367
20210104211728	535.367
20210104211728	535.367
20210104211728	535.367
20210104211728	535.367
20210104211728	535.367
20210104211728	535.367
20210104211728	535.367
20210104211728	535.367
20210104211728	535.367
20210104211728	535.367
20210104211728	535.367
20210104211728	535.367
20210104211728	535.367
20210104211728	535.367
20210104211728	535.367
20210104211729	535.367
20210104211729	535.367
20210104211729	535.367
20210104211729	535.367
20210104211729	535.367
20210104211729	535.367
20210104211729	535.367
20210104211729	535.367
20210104211729	535.367
20210104211729	535.367
20210104211729	535.367
20210104211729	535.367
20210104211729	535.367
20210104211729	535.367
20210104211729	535.367
20210104211729	535.367
20210104211729	535.367
20210104211729	535.367
20210104211729	535.367
20210104211729	535.367
20210104211729	535.367
20210104211729	535.367
20210104211729	535.367
20210104211729	535.367
20210104211729	535.367
20210104211729	535.367
20210104211729	535.367
20210104211729	535.367
20210104211729	535.367
20210104211729	535.367
20210104211729	535.367
20210104211729	535.367
20210104211729	535.367
20210104211729	535.367
20210104211729	535.367
20210104211729	535.367
20210104211729	535.367
20210104211729	535.367
20210104211729	535.367
20210104211729	535.367
20210104211730	535.367
20210104211730	535.367
20210104211730	535.367
20210104211730	535.367
20210104211730	535.367
20210104211730	535.367
20210104211730	535.367
20210104211730	535.367
20210104211730	535.367
20210104211730	535.367
20210104211730	535.367
20210104211730	535.367
20210104211730	535.367
20210104211730	535.367
20210104211730	535.367
20210104211730	535.367
20210104211730	535.367
20210104211730	535.367
20210104211730	535.367
20210104211730	535.367
20210104211730	535.367
20210104211730	535.367
20210104211730	535.367
20210104211730	535.367
20210104211730	535.367
20210104211730	535.367
20210104211730	535.367
20210104211730	535.367
20210104211730	535.367
20210104211730	535.367
20210104211730	535.367
20210104211730	535.367
20210104211730	535.367
20210104211730	535.367
20210104211730	535.367
20210104211730	535.367
20210104211730	535.367
20210104211730	535.367
20210104211730	535.367
20210104211730	535.367
20210104211730	535.367
20210104211730	535.367
20210104211730	535.367
20210104211730	535.367
20210104211731	535.367
20210104211731	535.367
20210104211731	535.367
20210104211731	535.367
20210104211731	535.367
20210104211731	535.367
20210104211731	535.367
20210104211731	535.367
20210104211731	535.367
20210104211731	535.367
20210104211731	535.367
20210104211731	535.367
20210104211731	535.367
20210104211731	535.367
20210104211731	535.367
20210104211731	535.367
20210104211731	535.367
20210104211731	535.367
20210104211731	535.367
20210104211731	535.367
20210104211731	535.367
20210104211731	535.367
20210104211731	535.367
20210104211731	535.367
20210104211731	535.367
20210104211731	535.367
20210104211731	535.367
20210104211731	535.367
20210104211731	535.367
20210104211731	535.367
20210104211731	535.367
20210104211731	535.367
20210104211731	535.367
20210104211731	535.367
20210104211731	535.367
20210104211731	535.367
20210104211731	535.367
20210104211731	535.367
20210104211731	535.367
20210104211731	535.367
20210104211731	535.367
20210104211731	535.367
20210104211731	535.367
20210104211731	535.367
20210104211731	535.367
20210104211731	535.367
20210104211731	535.367
20210104211731	535.367
20210104211731	535.367
20210104211731	535.367
20210104211731	535.367
20210104211731	535.367
20210104211732	535.367
20210104211732	535.367
20210104211732	535.367
20210104211732	535.367
20210104211732	535.367
20210104211732	535.367
20210104211732	535.367
20210104211732	535.367
20210104211732	535.367
20210104211732	535.367
20210104211732	535.367
20210104211732	535.367
20210104211732	535.367
20210104211732	535.367
20210104211732	535.367
20210104211732	535.367
20210104211732	535.367
20210104211732	535.367
20210104211732	535.367
20210104211732	535.367
20210104211732	535.367
20210104211732	535.367
20210104211732	535.367
20210104211732	535.367
20210104211732	535.367
20210104211732	535.367
20210104211732	535.367
20210104211732	535.367
20210104211732	535.367
20210104211732	535.367
20210104211732	535.367
20210104211732	535.367
20210104211732	535.367
20210104211732	535.367
20210104211732	535.367
20210104211732	535.367
20210104211732	535.367
20210104211732	535.367
20210104211732	535.367
20210104211732	535.367
20210104211732	535.367
20210104211732	535.367
20210104211732	535.367
20210104211732	535.367
20210104211732	535.367
20210104211733	535.367
20210104211733	535.367
20210104211733	535.367
20210104211733	535.367
20210104211733	535.367
20210104211733	535.367
20210104211733	535.367
20210104211733	535.367
20210104211733	535.367
20210104211733	535.367
20210104211733	535.367
20210104211733	535.367
20210104211733	535.367
20210104211733	535.367
20210104211733	535.367
20210104211733	535.367
20210104211733	535.367
20210104211733	535.367
20210104211733	535.367
20210104211733	535.367
20210104211733	535.367
20210104211733	535.367
20210104211733	535.367
20210104211733	535.367
20210104211733	535.367
20210104211733	535.367
20210104211733	535.367
20210104211733	535.367
20210104211733	535.367
20210104211733	535.367
20210104211733	535.367
20210104211733	535.367
20210104211733	535.367
20210104211733	535.367
20210104211733	535.367
20210104211733	535.367
20210104211733	535.367
20210104211733	535.367
20210104211733	535.367
20210104211733	535.367
20210104211733	535.367
20210104211733	535.367
20210104211733	535.367
20210104211733	535.367
20210104211733	535.367
20210104211733	535.367
20210104211733	535.367
20210104211733	535.367
20210104211733	535.367
20210104211734	535.367
20210104211734	535.367
20210104211734	535.367
20210104211734	535.367
20210104211734	535.367
20210104211734	535.367
20210104211734	535.367
20210104211734	535.367
20210104211734	535.367
20210104211734	535.367
20210104211734	535.367
20210104211734	535.367
20210104211734	535.367
20210104211734	535.367
20210104211734	535.367
20210104211734	535.367
20210104211734	535.367
20210104211734	535.367
20210104211734	535.367
20210104211734	535.367
20210104211734	535.367
20210104211734	535.367
20210104211734	535.367
20210104211734	535.367
20210104211734	535.367
20210104211734	535.367
20210104211734	535.367
20210104211734	535.367
20210104211734	535.367
20210104211734	535.367
20210104211734	535.367
20210104211734	535.367
20210104211734	535.367
20210104211734	535.367
20210104211734	535.367
20210104211734	535.367
20210104211734	535.367
20210104211734	535.367
20210104211734	535.367
20210104211734	535.367
20210104211734	535.367
20210104211735	535.367
20210104211735	535.367
20210104211735	535.367
20210104211735	535.367
20210104211735	535.367
20210104211735	535.367
20210104211735	535.367
20210104211735	535.367
20210104211735	535.367
20210104211735	535.367
20210104211735	535.367
20210104211735	535.367
20210104211735	535.367
20210104211735	535.367
20210104211735	535.367
20210104211735	535.367
20210104211735	535.367
20210104211735	535.367
20210104211735	535.367
20210104211735	535.367
20210104211735	535.367
20210104211735	535.367
20210104211735	535.367
20210104211735	535.367
20210104211735	535.367
20210104211735	535.367
20210104211735	535.367
20210104211735	535.367
20210104211735	535.367
20210104211735	535.367
20210104211735	535.367
20210104211735	535.367
20210104211735	535.367
20210104211735	535.367
20210104211735	535.367
20210104211735	535.367
20210104211735	535.367
20210104211735	535.367
20210104211735	535.367
20210104211735	535.367
20210104211735	535.367
20210104211735	535.367
20210104211735	535.367
20210104211735	535.367
20210104211735	535.367
20210104211735	535.367
20210104211735	535.367
20210104211735	535.367
20210104211736	535.367
20210104211736	535.367
20210104211736	535.367
20210104211736	535.367
20210104211736	535.367
20210104211736	535.367
20210104211736	535.367
20210104211736	535.367
20210104211736	535.367
20210104211736	535.367
20210104211736	535.367
20210104211736	535.367
20210104211736	535.367
20210104211736	535.367
20210104211736	535.367
20210104211736	535.367
20210104211736	535.367
20210104211736	535.367
20210104211736	535.367
20210104211736	535.367
20210104211736	535.367
20210104211736	535.367
20210104211736	535.367
20210104211736	535.367
20210104211736	535.367
20210104211736	535.367
20210104211736	535.367
20210104211736	535.367
20210104211736	535.367
20210104211736	535.367
20210104211736	535.367
20210104211736	535.367
20210104211736	535.367
20210104211736	535.367
20210104211736	535.367
20210104211736	535.367
20210104211736	535.367
20210104211736	535.367
20210104211736	535.367
20210104211736	535.367
20210104211736	535.367
20210104211736	535.367
20210104211736	535.367
20210104211736	535.367
20210104211736	535.367
20210104211736	535.367
20210104211736	535.367
20210104211736	535.367
20210104211736	535.367
20210104211736	535.367
20210104211736	535.367
20210104211736	535.367
20210104211736	535.367
20210104211737	535.367
20210104211737	535.367
20210104211737	535.367
20210104211737	535.367
20210104211737	535.367
20210104211737	535.367
20210104211737	535.367
20210104211737	535.367
20210104211737	535.367
20210104211737	535.367
20210104211737	535.367
20210104211737	535.367
20210104211737	535.367
20210104211737	535.367
20210104211737	535.367
20210104211737	535.367
20210104211737	535.367
20210104211737	535.367
20210104211737	535.367
20210104211737	535.367
20210104211737	535.367
20210104211737	535.367
20210104211737	535.367
20210104211737	535.367
20210104211737	535.367
20210104211737	535.367
20210104211737	535.367
20210104211737	535.367
20210104211737	535.367
20210104211737	535.367
20210104211737	535.367
20210104211737	535.367
20210104211737	535.367
20210104211737	535.367
20210104211737	535.367
20210104211737	535.367
20210104211737	535.367
20210104211737	535.367
20210104211737	535.367
20210104211737	535.367
20210104211737	535.367
20210104211737	535.367
20210104211737	535.367
20210104211737	535.367
20210104211737	535.367
20210104211737	535.367
20210104211737	535.367
20210104211737	535.367
20210104211737	535.367
20210104211737	535.367
20210104211737	535.367
20210104211737	535.367
20210104211737	535.367
20210104211738	535.367
20210104211738	535.367
20210104211738	535.367
20210104211738	535.367
20210104211738	535.367
20210104211738	535.367
20210104211738	535.367
20210104211738	535.367
20210104211738	535.367
20210104211738	535.367
20210104211738	535.367
20210104211738	535.367
20210104211738	535.367
20210104211738	535.367
20210104211738	535.367
20210104211738	535.367
20210104211738	535.367
20210104211738	535.367
20210104211738	535.367
20210104211738	535.367
20210104211738	535.367
20210104211738	535.367
20210104211738	535.367
20210104211738	535.367
20210104211738	535.367
20210104211738	535.367
20210104211738	535.367
20210104211738	535.367
20210104211738	535.367
20210104211738	535.367
20210104211738	535.367
20210104211738	535.367
20210104211738	535.367
20210104211738	535.367
20210104211738	535.367
20210104211738	535.367
20210104211738	535.367
20210104211738	535.367
20210104211738	535.367
20210104211738	535.367
20210104211738	535.367
20210104211738	535.367
20210104211738	535.367
20210104211738	535.367
20210104211738	535.367
20210104211738	535.367
20210104211739	535.367
20210104211739	535.367
20210104211739	535.367
20210104211739	535.367
20210104211739	535.367
20210104211739	535.367
20210104211739	535.367
20210104211739	535.367
20210104211739	535.367
20210104211739	535.367
20210104211739	535.367
20210104211739	535.367
20210104211739	535.367
20210104211739	535.367
20210104211739	535.367
20210104211739	535.367
20210104211739	535.367
20210104211739	535.367
20210104211739	535.367
20210104211739	535.367
20210104211739	535.367
20210104211739	535.367
20210104211739	535.367
20210104211739	535.367
20210104211739	535.367
20210104211739	535.367
20210104211739	535.367
20210104211739	535.367
20210104211739	535.367
20210104211739	535.367
20210104211739	535.367
20210104211739	535.367
20210104211739	535.367
20210104211739	535.367
20210104211739	535.367
20210104211739	535.367
20210104211739	535.367
20210104211739	535.367
20210104211740	535.367
20210104211740	535.367
20210104211740	535.367
20210104211740	535.367
20210104211740	535.367
20210104211740	535.367
20210104211740	535.367
20210104211740	535.367
20210104211740	535.367
20210104211740	535.367
20210104211740	535.367
20210104211740	535.367
20210104211740	535.367
20210104211740	535.367
20210104211740	535.367
20210104211740	535.367
20210104211740	535.367
20210104211740	535.367
20210104211740	535.367
20210104211740	535.367
20210104211740	535.367
20210104211740	535.367
20210104211740	535.367
20210104211740	535.367
20210104211740	535.367
20210104211740	535.367
20210104211740	535.367
20210104211740	535.367
20210104211740	535.367
20210104211740	535.367
20210104211740	535.367
20210104211740	535.367
20210104211740	535.367
20210104211740	535.367
20210104211740	535.367
20210104211740	535.367
20210104211740	535.367
20210104211740	535.367
20210104211740	535.367
20210104211740	535.367
20210104211740	535.367
20210104211740	535.367
20210104211740	535.367
20210104211741	535.367
20210104211741	535.367
20210104211741	535.367
20210104211741	535.367
20210104211741	535.367
20210104211741	535.367
20210104211741	535.367
20210104211741	535.367
20210104211741	535.367
20210104211741	535.367
20210104211741	535.367
20210104211741	535.367
20210104211741	535.367
20210104211741	535.367
20210104211741	535.367
20210104211741	535.367
20210104211741	535.367
20210104211741	535.367
20210104211741	535.367
20210104211741	535.367
20210104211741	535.367
20210104211741	535.367
20210104211741	535.367
20210104211741	535.367
20210104211741	535.367
20210104211741	535.367
20210104211741	535.367
20210104211741	535.367
20210104211741	535.367
20210104211741	535.367
20210104211741	535.367
20210104211741	535.367
20210104211741	535.367
20210104211741	535.367
20210104211741	535.367
20210104211741	535.367
20210104211741	535.367
20210104211741	535.367
20210104211741	535.367
20210104211741	535.367
20210104211741	535.367
20210104211741	535.367
20210104211741	535.367
20210104211742	535.367
20210104211742	535.367
20210104211742	535.367
20210104211742	535.367
20210104211742	535.367
20210104211742	535.367
20210104211742	535.367
20210104211742	535.367
20210104211742	535.367
20210104211742	535.367
20210104211742	535.367
20210104211742	535.367
20210104211742	535.367
20210104211742	535.367
20210104211742	535.367
20210104211742	535.367
20210104211742	535.367
20210104211742	535.367
20210104211742	535.367
20210104211742	535.367
20210104211742	535.367
20210104211742	535.367
20210104211742	535.367
20210104211742	535.367
20210104211742	535.367
20210104211742	535.367
20210104211742	535.367
20210104211742	535.367
20210104211742	535.367
20210104211742	535.367
20210104211742	535.367
20210104211742	535.367
20210104211742	535.367
20210104211742	535.367
20210104211742	535.367
20210104211742	535.367
20210104211742	535.367
20210104211742	535.367
20210104211742	535.367
20210104211742	535.367
20210104211742	535.367
20210104211742	535.367
20210104211742	535.367
20210104211742	535.367
20210104211742	535.367
20210104211742	535.367
20210104211742	535.367
20210104211742	535.367
20210104211742	535.367
20210104211743	535.367
20210104211743	535.367
20210104211743	535.367
20210104211743	535.367
20210104211743	535.367
20210104211743	535.367
20210104211743	535.367
20210104211743	535.367
20210104211743	535.367
20210104211743	535.367
20210104211743	535.367
20210104211743	535.367
20210104211743	535.367
20210104211743	535.367
20210104211743	535.367
20210104211743	535.367
20210104211743	535.367
20210104211743	535.367
20210104211743	535.367
20210104211743	535.367
20210104211743	535.367
20210104211743	535.367
20210104211743	535.367
20210104211743	535.367
20210104211743	535.367
20210104211743	535.367
20210104211743	535.367
20210104211743	535.367
20210104211743	535.367
20210104211743	535.367
20210104211743	535.367
20210104211743	535.367
20210104211743	535.367
20210104211743	535.367
20210104211743	535.367
20210104211743	535.367
20210104211743	535.367
20210104211743	535.367
20210104211743	535.367
20210104211743	535.367
20210104211743	535.367
20210104211743	535.367
20210104211743	535.367
20210104211743	535.367
20210104211744	535.367
20210104211744	535.367
20210104211744	535.367
20210104211744	535.367
20210104211744	535.367
20210104211744	535.367
20210104211744	535.367
20210104211744	535.367
20210104211744	535.367
20210104211744	535.367
20210104211744	535.367
20210104211744	535.367
20210104211744	535.367
20210104211744	535.367
20210104211744	535.367
20210104211744	535.367
20210104211744	535.367
20210104211744	535.367
20210104211744	535.367
20210104211744	535.367
20210104211744	535.367
20210104211744	535.367
20210104211744	535.367
20210104211744	535.367
20210104211744	535.367
20210104211744	535.367
20210104211744	535.367
20210104211744	535.367
20210104211744	535.367
20210104211744	535.367
20210104211744	535.367
20210104211744	535.367
20210104211744	535.367
20210104211744	535.367
20210104211744	535.367
20210104211744	535.367
20210104211744	535.367
20210104211744	535.367
20210104211744	535.367
20210104211744	535.367
20210104211744	535.367
20210104211744	535.367
20210104211744	535.367
20210104211744	535.367
20210104211744	535.367
20210104211744	535.367
20210104211744	535.367
20210104211744	535.367
20210104211744	535.367
20210104211744	535.367
20210104211744	535.367
20210104211744	535.367
20210104211745	535.367
20210104211745	535.367
20210104211745	535.367
20210104211745	535.367
20210104211745	535.367
20210104211745	535.367
20210104211745	535.367
20210104211745	535.367
20210104211745	535.367
20210104211745	535.367
20210104211745	535.367
20210104211745	535.367
20210104211745	535.367
20210104211745	535.367
20210104211745	535.367
20210104211745	535.367
20210104211745	535.367
20210104211745	535.367
20210104211745	535.367
20210104211745	535.367
20210104211745	535.367
20210104211745	535.367
20210104211745	535.367
20210104211745	535.367
20210104211745	535.367
20210104211745	535.367
20210104211745	535.367
20210104211745	535.367
20210104211745	535.367
20210104211745	535.367
20210104211745	535.367
20210104211745	535.367
20210104211745	535.367
20210104211745	535.367
20210104211745	535.367
20210104211745	535.367
20210104211745	535.367
20210104211745	535.367
20210104211745	535.367
20210104211745	535.367
20210104211745	535.367
20210104211745	535.367
20210104211745	535.367
20210104211745	535.367
20210104211745	535.367
20210104211745	535.367
20210104211745	535.367
20210104211745	535.367
20210104211745	535.367
20210104211745	535.367
20210104211745	535.367
20210104211745	535.367
20210104211745	535.367
20210104211745	535.367
20210104211745	535.367
20210104211745	535.367
20210104211745	535.367
20210104211745	535.367
20210104211745	535.367
20210104211745	535.367
20210104211745	535.367
20210104211745	535.367
20210104211745	535.367
20210104211746	535.367
20210104211746	535.367
20210104211746	535.367
20210104211746	535.367
