20210115193418	-0.0088166
20210115193418	-0.0029974
20210115193418	-0.00298939
20210115193418	-0.00298939
20210115193418	0.0047149
20210115193418	0.00472032
20210115193418	0.00472032
20210115193418	0.00472708
20210115193418	0.0142806
20210115193418	0.0142887
20210115193418	0.0142887
20210115193418	0.0218765
20210115193418	0.0218765
20210115193418	0.0218821
20210115193418	0.0218821
20210115193418	0.0294143
20210115193418	0.0294143
20210115193418	0.0294214
20210115193418	0.0368902
20210115193418	0.0368986
20210115193418	0.0368986
20210115193418	0.0443795
20210115193418	0.0443795
20210115193418	0.0443867
20210115193418	0.0518057
20210115193418	0.0518057
20210115193418	0.0518057
20210115193418	0.0518128
20210115193418	0.0609894
20210115193418	0.0609981
20210115193418	0.0609981
20210115193418	0.0682742
20210115193418	0.0682814
20210115193418	0.0682814
20210115193418	0.0754881
20210115193418	0.0754967
20210115193418	0.0754967
20210115193418	0.0755024
20210115193418	0.0826454
20210115193418	0.0826541
20210115193418	0.0898025
20210115193418	0.0898025
20210115193418	0.0898025
20210115193418	0.0898112
20210115193418	0.0968833
20210115193418	0.0968892
20210115193418	0.0968892
20210115193418	0.096898
20210115193418	0.105638
20210115193418	0.105644
20210115193418	0.112556
20210115193418	0.112565
20210115193418	0.112565
20210115193419	0.112572
20210115193419	0.119414
20210115193419	0.119421
20210115193419	0.119421
20210115193419	0.126197
20210115193419	0.126197
20210115193419	0.126206
20210115193419	0.126206
20210115193419	0.132971
20210115193419	0.132971
20210115193419	0.132979
20210115193419	0.132979
20210115193419	0.139669
20210115193419	0.139676
20210115193419	0.14792
20210115193419	0.14792
20210115193419	0.147928
20210115193419	0.147928
20210115193419	0.154444
20210115193419	0.154444
20210115193419	0.15445
20210115193419	0.160884
20210115193419	0.160893
20210115193419	0.160899
20210115193419	0.167258
20210115193419	0.167258
20210115193419	0.167266
20210115193419	0.167266
20210115193419	0.17361
20210115193419	0.17361
20210115193419	0.173618
20210115193419	0.181426
20210115193419	0.181433
20210115193419	0.181441
20210115193419	0.181441
20210115193419	0.187597
20210115193419	0.187606
20210115193419	0.187606
20210115193419	0.193689
20210115193419	0.193689
20210115193419	0.193696
20210115193419	0.193696
20210115193419	0.199702
20210115193419	0.199702
20210115193419	0.205626
20210115193419	0.205626
20210115193419	0.205633
20210115193419	0.205633
20210115193419	0.212982
20210115193419	0.212982
20210115193419	0.212988
20210115193419	0.218766
20210115193419	0.218773
20210115193419	0.218773
20210115193419	0.218782
20210115193419	0.224475
20210115193419	0.224482
20210115193419	0.224482
20210115193419	0.230098
20210115193419	0.230098
20210115193419	0.230105
20210115193419	0.235631
20210115193419	0.235637
20210115193419	0.235637
20210115193419	0.235644
20210115193419	0.241087
20210115193419	0.241096
20210115193419	0.241096
20210115193419	0.247853
20210115193419	0.247853
20210115193419	0.247859
20210115193419	0.247859
20210115193419	0.253169
20210115193419	0.253176
20210115193419	0.253176
20210115193419	0.25839
20210115193419	0.258397
20210115193419	0.258397
20210115193419	0.263531
20210115193419	0.263531
20210115193420	0.263538
20210115193420	0.263538
20210115193420	0.268587
20210115193420	0.268587
20210115193420	0.268596
20210115193420	0.273553
20210115193420	0.273558
20210115193420	0.273558
20210115193420	0.279693
20210115193420	0.279693
20210115193420	0.279699
20210115193420	0.284501
20210115193420	0.284508
20210115193420	0.284508
20210115193420	0.284515
20210115193420	0.289229
20210115193420	0.289237
20210115193420	0.289237
20210115193420	0.293869
20210115193420	0.293869
20210115193420	0.293877
20210115193420	0.298416
20210115193420	0.298423
20210115193420	0.298423
20210115193420	0.298428
20210115193420	0.303988
20210115193420	0.303997
20210115193420	0.303997
20210115193420	0.308379
20210115193420	0.308379
20210115193420	0.308384
20210115193420	0.311607
20210115193420	0.311614
20210115193420	0.311614
20210115193420	0.311621
20210115193420	0.316881
20210115193420	0.316887
20210115193420	0.316887
20210115193420	0.321003
20210115193420	0.321003
20210115193420	0.321007
20210115193420	0.325032
20210115193420	0.325036
20210115193420	0.325036
20210115193420	0.325041
20210115193420	0.328983
20210115193420	0.328986
20210115193420	0.328986
20210115193420	0.332853
20210115193420	0.332853
20210115193420	0.332857
20210115193420	0.337582
20210115193420	0.337585
20210115193420	0.337585
20210115193421	0.33759
20210115193421	0.341288
20210115193421	0.341293
20210115193421	0.341293
20210115193421	0.344909
20210115193421	0.344909
20210115193421	0.344916
20210115193421	0.348467
20210115193421	0.348467
20210115193421	0.348467
20210115193421	0.348478
20210115193421	0.351897
20210115193421	0.35191
20210115193421	0.35191
20210115193421	0.356061
20210115193421	0.356061
20210115193421	0.356067
20210115193421	0.358489
20210115193421	0.358497
20210115193421	0.358497
20210115193421	0.358508
20210115193421	0.362451
20210115193421	0.362458
20210115193421	0.362458
20210115193421	0.365516
20210115193421	0.365516
20210115193421	0.365525
20210115193421	0.368502
20210115193421	0.368502
20210115193421	0.368502
20210115193421	0.368509
20210115193421	0.371395
20210115193421	0.371406
20210115193421	0.371406
20210115193421	0.374215
20210115193421	0.374215
20210115193421	0.374225
20210115193421	0.376941
20210115193421	0.376948
20210115193421	0.376948
20210115193421	0.376956
20210115193421	0.380229
20210115193421	0.380238
20210115193421	0.380238
20210115193421	0.382776
20210115193421	0.382776
20210115193421	0.382784
20210115193421	0.382784
20210115193421	0.385234
20210115193421	0.385234
20210115193421	0.385241
20210115193421	0.387599
20210115193421	0.387606
20210115193421	0.387606
20210115193422	0.389883
20210115193422	0.389883
20210115193422	0.38989
20210115193422	0.38989
20210115193422	0.392081
20210115193422	0.392081
20210115193422	0.392085
20210115193422	0.394694
20210115193422	0.394701
20210115193422	0.394701
20210115193422	0.39672
20210115193422	0.39672
20210115193422	0.396726
20210115193422	0.398653
20210115193422	0.39866
20210115193422	0.39866
20210115193422	0.398665
20210115193422	0.400951
20210115193422	0.400956
20210115193422	0.400956
20210115193422	0.402266
20210115193422	0.402266
20210115193422	0.402271
20210115193422	0.403937
20210115193422	0.403943
20210115193422	0.403943
20210115193422	0.403948
20210115193422	0.40591
20210115193422	0.405916
20210115193422	0.405916
20210115193422	0.407422
20210115193422	0.407422
20210115193422	0.407427
20210115193422	0.40884
20210115193422	0.408846
20210115193422	0.408846
20210115193422	0.408852
20210115193422	0.410178
20210115193422	0.410185
20210115193422	0.410185
20210115193422	0.41143
20210115193422	0.41143
20210115193422	0.411436
20210115193422	0.411436
20210115193422	0.412871
20210115193422	0.412871
20210115193422	0.41288
20210115193422	0.413924
20210115193422	0.413931
20210115193422	0.413931
20210115193422	0.414921
20210115193422	0.414921
20210115193422	0.414929
20210115193422	0.415821
20210115193422	0.415826
20210115193422	0.415826
20210115193422	0.415834
20210115193423	0.41682
20210115193423	0.416828
20210115193423	0.416828
20210115193423	0.417359
20210115193423	0.417359
20210115193423	0.417364
20210115193423	0.418124
20210115193423	0.418132
20210115193423	0.418132
20210115193423	0.418141
20210115193423	0.418615
20210115193423	0.418623
20210115193423	0.418623
20210115193423	0.419021
20210115193423	0.419021
20210115193423	0.419028
20210115193423	0.419293
20210115193423	0.4193
20210115193423	0.4193
20210115193423	0.419309
20210115193423	0.419475
20210115193423	0.419482
20210115193423	0.419482
20210115193423	0.419556
20210115193423	0.419556
20210115193423	0.419563
20210115193423	0.419528
20210115193423	0.419533
20210115193423	0.419533
20210115193423	0.419542
20210115193423	0.419353
20210115193423	0.419359
20210115193423	0.419359
20210115193423	0.419157
20210115193423	0.419157
20210115193423	0.419164
20210115193423	0.418848
20210115193423	0.418856
20210115193423	0.418856
20210115193423	0.418862
20210115193424	0.418438
20210115193424	0.418445
20210115193424	0.418445
20210115193424	0.417918
20210115193424	0.417918
20210115193424	0.417926
20210115193424	0.417286
20210115193424	0.417293
20210115193424	0.417293
20210115193424	0.417298
20210115193424	0.41635
20210115193424	0.416358
20210115193424	0.416358
20210115193424	0.415518
20210115193424	0.415518
20210115193424	0.415525
20210115193424	0.414573
20210115193424	0.414579
20210115193424	0.414579
20210115193424	0.414584
20210115193424	0.413525
20210115193424	0.413533
20210115193424	0.413533
20210115193424	0.412373
20210115193424	0.412373
20210115193424	0.41238
20210115193424	0.41238
20210115193424	0.411115
20210115193424	0.411115
20210115193424	0.411123
20210115193424	0.409386
20210115193424	0.409392
20210115193424	0.409392
20210115193424	0.40792
20210115193424	0.40792
20210115193424	0.407926
20210115193424	0.406341
20210115193424	0.406349
20210115193424	0.406349
20210115193424	0.406355
20210115193424	0.404225
20210115193424	0.404231
20210115193424	0.404231
20210115193424	0.402878
20210115193424	0.402878
20210115193424	0.402884
20210115193424	0.402884
20210115193424	0.40099
20210115193425	0.40099
20210115193425	0.400994
20210115193425	0.398486
20210115193425	0.39849
20210115193425	0.39849
20210115193425	0.396405
20210115193425	0.396405
20210115193425	0.396408
20210115193425	0.394236
20210115193425	0.39424
20210115193425	0.39424
20210115193425	0.394244
20210115193425	0.391995
20210115193425	0.391999
20210115193425	0.391999
20210115193425	0.389684
20210115193425	0.389684
20210115193425	0.389687
20210115193425	0.386699
20210115193425	0.386704
20210115193425	0.386704
20210115193425	0.384203
20210115193425	0.384203
20210115193425	0.384215
20210115193425	0.384215
20210115193425	0.381641
20210115193425	0.38165
20210115193425	0.38165
20210115193425	0.378938
20210115193425	0.378946
20210115193425	0.378946
20210115193425	0.376161
20210115193426	0.376161
20210115193426	0.376166
20210115193426	0.376166
20210115193426	0.37331
20210115193426	0.37331
20210115193426	0.373313
20210115193426	0.370391
20210115193426	0.370394
20210115193426	0.370394
20210115193426	0.370395
20210115193426	0.366666
20210115193426	0.366667
20210115193426	0.366667
20210115193426	0.36365
20210115193426	0.36365
20210115193426	0.36365
20210115193426	0.36365
20210115193426	0.360595
20210115193426	0.360595
20210115193426	0.357511
20210115193426	0.357511
20210115193426	0.35751
20210115193426	0.35751
20210115193426	0.354404
20210115193426	0.354402
20210115193426	0.354402
20210115193426	0.350499
20210115193426	0.350499
20210115193426	0.350499
20210115193426	0.347367
20210115193426	0.347367
20210115193426	0.347364
20210115193426	0.344191
20210115193426	0.344189
20210115193426	0.344187
20210115193426	0.344187
20210115193426	0.341016
20210115193426	0.341014
20210115193426	0.341014
20210115193426	0.337845
20210115193426	0.337845
20210115193426	0.337843
20210115193426	0.337843
20210115193426	0.334681
20210115193426	0.334681
20210115193426	0.33468
20210115193426	0.330739
20210115193426	0.330738
20210115193426	0.330738
20210115193426	0.330738
20210115193426	0.327595
20210115193426	0.327599
20210115193426	0.327599
20210115193426	0.324281
20210115193426	0.324281
20210115193426	0.324294
20210115193427	0.320918
20210115193427	0.32093
20210115193427	0.32093
20210115193427	0.320939
20210115193427	0.317573
20210115193427	0.317585
20210115193427	0.317585
20210115193427	0.313397
20210115193427	0.313397
20210115193427	0.313405
20210115193427	0.313405
20210115193427	0.310898
20210115193427	0.310898
20210115193427	0.310903
20210115193427	0.306722
20210115193427	0.306726
20210115193427	0.306726
20210115193427	0.303402
20210115193427	0.303402
20210115193427	0.303404
20210115193427	0.300084
20210115193427	0.300085
20210115193427	0.300085
20210115193427	0.300085
20210115193427	0.295949
20210115193427	0.295948
20210115193427	0.295948
20210115193427	0.293471
20210115193427	0.293471
20210115193427	0.293468
20210115193427	0.290177
20210115193427	0.290174
20210115193427	0.290174
20210115193427	0.290169
20210115193427	0.286068
20210115193427	0.286064
20210115193427	0.286064
20210115193427	0.282708
20210115193427	0.282708
20210115193427	0.282701
20210115193427	0.279367
20210115193427	0.279362
20210115193427	0.279362
20210115193427	0.279354
20210115193427	0.276036
20210115193427	0.27603
20210115193427	0.27603
20210115193427	0.272722
20210115193427	0.272722
20210115193427	0.272715
20210115193427	0.268613
20210115193427	0.268607
20210115193427	0.2686
20210115193427	0.2686
20210115193427	0.265339
20210115193427	0.265335
20210115193427	0.265335
20210115193427	0.262016
20210115193427	0.262016
20210115193427	0.26201
20210115193427	0.26201
20210115193427	0.25872
20210115193428	0.25872
20210115193428	0.258716
20210115193428	0.254644
20210115193428	0.254642
20210115193428	0.254642
20210115193428	0.252216
20210115193428	0.252216
20210115193428	0.252214
20210115193428	0.248209
20210115193428	0.248207
20210115193428	0.248207
20210115193428	0.248207
20210115193428	0.245031
20210115193428	0.245031
20210115193428	0.245031
20210115193428	0.241808
20210115193428	0.241808
20210115193428	0.241809
20210115193428	0.241809
20210115193428	0.238616
20210115193428	0.238617
20210115193428	0.238617
20210115193428	0.23545
20210115193428	0.235452
20210115193428	0.235452
20210115193428	0.231529
20210115193428	0.231529
20210115193428	0.23153
20210115193428	0.228415
20210115193428	0.228417
20210115193428	0.228417
20210115193428	0.228419
20210115193428	0.225325
20210115193428	0.225328
20210115193428	0.225328
20210115193428	0.222186
20210115193428	0.222186
20210115193428	0.222188
20210115193428	0.222188
20210115193428	0.219069
20210115193428	0.219069
20210115193428	0.21907
20210115193428	0.215969
20210115193428	0.215971
20210115193428	0.21289
20210115193428	0.21289
20210115193428	0.21289
20210115193428	0.212891
20210115193428	0.209062
20210115193428	0.209062
20210115193428	0.209062
20210115193428	0.209063
20210115193428	0.206016
20210115193428	0.206016
20210115193428	0.206016
20210115193428	0.202922
20210115193429	0.202921
20210115193429	0.202921
20210115193429	0.199847
20210115193429	0.199846
20210115193429	0.199846
20210115193429	0.199844
20210115193429	0.196789
20210115193429	0.196788
20210115193429	0.192993
20210115193429	0.192993
20210115193429	0.192991
20210115193429	0.192991
20210115193429	0.190727
20210115193429	0.190727
20210115193429	0.190727
20210115193429	0.190725
20210115193429	0.186978
20210115193429	0.186976
20210115193429	0.186976
20210115193429	0.18396
20210115193429	0.18396
20210115193429	0.183958
20210115193429	0.183958
20210115193429	0.180954
20210115193429	0.180954
20210115193429	0.180951
20210115193429	0.177973
20210115193429	0.177971
20210115193429	0.177971
20210115193429	0.175016
20210115193429	0.175016
20210115193429	0.175013
20210115193429	0.171358
20210115193429	0.171356
20210115193429	0.171356
20210115193429	0.171353
20210115193429	0.168458
20210115193429	0.168456
20210115193429	0.168456
20210115193430	0.165536
20210115193430	0.165536
20210115193430	0.165534
20210115193430	0.16263
20210115193430	0.162628
20210115193430	0.162628
20210115193430	0.162626
20210115193430	0.159752
20210115193430	0.15975
20210115193430	0.15975
20210115193430	0.156904
20210115193430	0.156904
20210115193430	0.156902
20210115193430	0.154085
20210115193430	0.154084
20210115193430	0.154084
20210115193430	0.154083
20210115193430	0.1506
20210115193430	0.150599
20210115193430	0.150599
20210115193430	0.147799
20210115193430	0.147799
20210115193430	0.147798
20210115193430	0.147798
20210115193430	0.145014
20210115193430	0.145014
20210115193430	0.145013
20210115193430	0.142259
20210115193430	0.142258
20210115193430	0.142258
20210115193430	0.139532
20210115193430	0.139532
20210115193430	0.139531
20210115193430	0.139531
20210115193430	0.136832
20210115193430	0.136832
20210115193430	0.136831
20210115193430	0.133495
20210115193430	0.133494
20210115193430	0.133494
20210115193430	0.13082
20210115193430	0.13082
20210115193430	0.13082
20210115193430	0.13082
20210115193430	0.128163
20210115193430	0.128163
20210115193430	0.128162
20210115193430	0.125535
20210115193431	0.125534
20210115193431	0.125534
20210115193431	0.122286
20210115193431	0.122286
20210115193431	0.122285
20210115193431	0.122285
20210115193431	0.120356
20210115193431	0.120356
20210115193431	0.120354
20210115193431	0.117171
20210115193431	0.11717
20210115193431	0.11717
20210115193431	0.114622
20210115193431	0.114622
20210115193431	0.114621
20210115193431	0.114621
20210115193431	0.112074
20210115193431	0.112074
20210115193431	0.112073
20210115193431	0.109555
20210115193431	0.109554
20210115193431	0.109554
20210115193431	0.107062
20210115193431	0.107062
20210115193431	0.10706
20210115193432	0.10706
20210115193432	0.104595
20210115193432	0.104595
20210115193432	0.104593
20210115193432	0.101551
20210115193432	0.101549
20210115193432	0.101549
20210115193432	0.0991221
20210115193432	0.0991221
20210115193432	0.0991197
20210115193432	0.0967028
20210115193432	0.0967008
20210115193432	0.0967008
20210115193432	0.0966987
20210115193432	0.0937174
20210115193432	0.0937153
20210115193432	0.0937153
20210115193432	0.0913595
20210115193432	0.0913595
20210115193432	0.0913579
20210115193432	0.0890312
20210115193432	0.0890287
20210115193432	0.0890287
20210115193432	0.0890267
20210115193432	0.086727
20210115193432	0.086725
20210115193432	0.086725
20210115193432	0.0844322
20210115193432	0.0844322
20210115193432	0.0844302
20210115193433	0.08215
20210115193433	0.0821481
20210115193433	0.0821481
20210115193433	0.0821457
20210115193433	0.0793361
20210115193433	0.0793342
20210115193433	0.0793342
20210115193433	0.0771169
20210115193433	0.0771169
20210115193433	0.0771154
20210115193433	0.0749282
20210115193433	0.0749264
20210115193433	0.0749264
20210115193433	0.0749246
20210115193433	0.0727642
20210115193433	0.0727621
20210115193433	0.0727621
20210115193433	0.0706196
20210115193433	0.0706196
20210115193433	0.0706178
20210115193433	0.0684838
20210115193433	0.0684821
20210115193433	0.0684821
20210115193433	0.0684803
20210115193433	0.0663751
20210115193433	0.0663731
20210115193433	0.0663731
20210115193433	0.0637788
20210115193433	0.0637788
20210115193433	0.0637774
20210115193433	0.0637774
20210115193433	0.0622405
20210115193433	0.0622405
20210115193433	0.0622388
20210115193433	0.0597137
20210115193433	0.0597116
20210115193433	0.0597116
20210115193433	0.0577129
20210115193433	0.0577129
20210115193433	0.0577111
20210115193433	0.0577111
20210115193433	0.0557198
20210115193433	0.0557198
20210115193433	0.0557183
20210115193433	0.0537583
20210115193433	0.053756
20210115193433	0.053756
20210115193433	0.0513441
20210115193433	0.0513441
20210115193433	0.0513426
20210115193433	0.0494454
20210115193433	0.0494431
20210115193433	0.0494431
20210115193433	0.0494412
20210115193433	0.0475717
20210115193433	0.0475697
20210115193433	0.0475697
20210115193433	0.0457213
20210115193434	0.0457213
20210115193434	0.0457192
20210115193434	0.0457192
20210115193434	0.0438847
20210115193434	0.0438847
20210115193434	0.0438821
20210115193434	0.041631
20210115193434	0.0416288
20210115193434	0.0416288
20210115193434	0.0402971
20210115193434	0.0402971
20210115193434	0.0402954
20210115193434	0.0385465
20210115193434	0.0385442
20210115193434	0.0385442
20210115193434	0.038542
20210115193434	0.0363946
20210115193434	0.0363919
20210115193434	0.0363919
20210115193434	0.0347027
20210115193434	0.0347027
20210115193434	0.0347009
20210115193434	0.0330299
20210115193434	0.0330271
20210115193434	0.0330271
20210115193434	0.0330252
20210115193434	0.0309761
20210115193434	0.0309737
20210115193434	0.0309737
20210115193434	0.029763
20210115193434	0.029763
20210115193434	0.0297607
20210115193434	0.0281742
20210115193434	0.0281718
20210115193434	0.0281718
20210115193434	0.028169
20210115193434	0.0262252
20210115193434	0.0262233
20210115193434	0.0262233
20210115193434	0.024697
20210115193434	0.024697
20210115193434	0.0246945
20210115193435	0.0246945
20210115193435	0.0231928
20210115193435	0.0231928
20210115193435	0.02319
20210115193435	0.0213544
20210115193435	0.0213519
20210115193435	0.0213519
20210115193435	0.0202699
20210115193435	0.0202699
20210115193435	0.0202674
20210115193435	0.0202674
20210115193435	0.0184991
20210115193435	0.0184991
20210115193435	0.0184967
20210115193435	0.017116
20210115193435	0.0171135
20210115193435	0.0171135
20210115193435	0.0157589
20210115193435	0.0157589
20210115193435	0.015756
20210115193435	0.0144319
20210115193435	0.0144299
20210115193435	0.0144299
20210115193435	0.0144275
20210115193435	0.0131315
20210115193435	0.0131285
20210115193435	0.0131285
20210115193435	0.0118582
20210115193435	0.0118582
20210115193435	0.0118563
20210115193435	0.0103281
20210115193435	0.0103251
20210115193435	0.0103251
20210115193435	0.0103226
20210115193435	0.00913391
20210115193435	0.00913139
20210115193435	0.00913139
20210115193435	0.0079672
20210115193435	0.0079672
20210115193435	0.00796471
20210115193435	0.00796471
20210115193435	0.00682715
20210115193436	0.00682715
20210115193436	0.0068251
20210115193436	0.00544548
20210115193436	0.00544232
20210115193436	0.00544232
20210115193436	0.00436771
20210115193436	0.00436771
20210115193436	0.00436561
20210115193436	0.0035916
20210115193436	0.00358904
20210115193436	0.00358904
20210115193436	0.00358591
20210115193436	0.00232914
20210115193436	0.00232646
20210115193436	0.00232646
20210115193436	0.00134896
20210115193436	0.00134896
20210115193436	0.00134629
20210115193436	0.000399485
20210115193436	0.000396796
20210115193436	0.000396796
20210115193436	0.000394061
20210115193436	-0.000749724
20210115193436	-0.000752502
20210115193436	-0.000752502
20210115193436	-0.00163803
20210115193436	-0.00163803
20210115193436	-0.00164026
20210115193436	-0.00248118
20210115193436	-0.00248396
20210115193436	-0.00248396
20210115193436	-0.00248673
20210115193436	-0.00330031
20210115193436	-0.00330362
20210115193436	-0.00330362
20210115193436	-0.00409234
20210115193437	-0.00409234
20210115193437	-0.00409457
20210115193437	-0.00409457
20210115193437	-0.0048559
20210115193437	-0.0048559
20210115193437	-0.00485808
20210115193437	-0.00576554
20210115193437	-0.00576891
20210115193437	-0.00576891
20210115193437	-0.00646524
20210115193437	-0.00646524
20210115193437	-0.00646801
20210115193437	-0.00712224
20210115193437	-0.00712444
20210115193437	-0.00712444
20210115193437	-0.00712728
20210115193437	-0.0077492
20210115193437	-0.00775198
20210115193437	-0.00775198
20210115193437	-0.00834745
20210115193437	-0.00834745
20210115193437	-0.00835033
20210115193437	-0.00891403
20210115193437	-0.00891752
20210115193437	-0.00891752
20210115193437	-0.00891987
20210115193437	-0.00945402
20210115193437	-0.00945705
20210115193437	-0.00945705
20210115193437	-0.0100866
20210115193438	-0.0100866
20210115193438	-0.0100895
20210115193438	-0.0100895
20210115193438	-0.0104416
20210115193438	-0.0104416
20210115193438	-0.0104451
20210115193438	-0.0109881
20210115193438	-0.010991
20210115193438	-0.010991
20210115193438	-0.0113946
20210115193438	-0.0113946
20210115193438	-0.0113981
20210115193438	-0.0113981
20210115193438	-0.0117724
20210115193438	-0.0117724
20210115193438	-0.0117753
20210115193438	-0.0121159
20210115193438	-0.0121189
20210115193438	-0.0121189
20210115193438	-0.0125034
20210115193438	-0.0125034
20210115193438	-0.0125059
20210115193438	-0.0127057
20210115193438	-0.0127087
20210115193438	-0.0127087
20210115193438	-0.0127123
20210115193438	-0.0130029
20210115193438	-0.0130059
20210115193438	-0.0130059
20210115193438	-0.0132073
20210115193438	-0.0132073
20210115193438	-0.0132105
20210115193438	-0.013378
20210115193438	-0.0133805
20210115193438	-0.0133805
20210115193438	-0.0135198
20210115193438	-0.0135198
20210115193438	-0.0135229
20210115193438	-0.0135229
20210115193438	-0.0136315
20210115193438	-0.0136346
20210115193438	-0.0136346
20210115193438	-0.0136346
20210115193438	-0.0137086
20210115193439	-0.0137086
20210115193439	-0.013711
20210115193439	-0.0137487
20210115193439	-0.0137525
20210115193439	-0.0137525
20210115193439	-0.013749
20210115193439	-0.013749
20210115193439	-0.0137522
20210115193439	-0.0137138
20210115193439	-0.0137168
20210115193439	-0.0137168
20210115193439	-0.0137207
20210115193439	-0.0136498
20210115193439	-0.0136531
20210115193439	-0.0136531
20210115193439	-0.0135524
20210115193439	-0.0135524
20210115193439	-0.013555
20210115193439	-0.013417
20210115193439	-0.0134208
20210115193439	-0.0134208
20210115193439	-0.013424
20210115193439	-0.0132004
20210115193439	-0.0132035
20210115193439	-0.0132035
20210115193440	-0.0129907
20210115193440	-0.0129907
20210115193440	-0.0129939
20210115193440	-0.0129939
20210115193440	-0.0127492
20210115193440	-0.0127492
20210115193440	-0.0127524
20210115193440	-0.0124726
20210115193440	-0.0124764
20210115193440	-0.0124764
20210115193440	-0.0121658
20210115193440	-0.0121658
20210115193440	-0.012169
20210115193440	-0.012169
20210115193440	-0.0118222
20210115193440	-0.0118222
20210115193440	-0.0118254
20210115193440	-0.0113293
20210115193440	-0.0113331
20210115193440	-0.0113331
20210115193440	-0.010902
20210115193440	-0.010902
20210115193440	-0.0109052
20210115193440	-0.0104384
20210115193440	-0.0104422
20210115193440	-0.0104422
20210115193440	-0.0104453
20210115193440	-0.00994559
20210115193440	-0.00994814
20210115193440	-0.00994814
20210115193440	-0.00928051
20210115193441	-0.00928051
20210115193441	-0.00928384
20210115193441	-0.0087005
20210115193441	-0.0087037
20210115193441	-0.0087037
20210115193441	-0.00870629
20210115193441	-0.00808262
20210115193441	-0.00808655
20210115193441	-0.00808655
20210115193441	-0.00743426
20210115193441	-0.00743426
20210115193441	-0.0074368
20210115193441	-0.00674912
20210115193441	-0.0067523
20210115193441	-0.0067523
20210115193441	-0.00675618
20210115193441	-0.00603618
20210115193441	-0.00603942
20210115193441	-0.00603942
20210115193441	-0.0052895
20210115193441	-0.0052895
20210115193441	-0.00529268
20210115193441	-0.0045077
20210115193441	-0.0045109
20210115193441	-0.0045109
20210115193441	-0.00451417
20210115193441	-0.00346296
20210115193441	-0.00346625
20210115193441	-0.00346625
20210115193441	-0.00259442
20210115193442	-0.00259442
20210115193442	-0.00259706
20210115193442	-0.00259706
20210115193442	-0.00169291
20210115193442	-0.00169291
20210115193442	-0.00169622
20210115193442	-0.00075692
20210115193442	-0.000760816
20210115193442	-0.000760816
20210115193442	0.000207964
20210115193442	0.000204712
20210115193442	0.000204712
20210115193442	0.000204712
20210115193442	0.00120428
20210115193442	0.00120428
20210115193442	0.00120165
20210115193442	0.00252463
20210115193442	0.00252145
20210115193442	0.00252145
20210115193442	0.00361086
20210115193442	0.00361086
20210115193442	0.00360759
20210115193442	0.00473253
20210115193442	0.00472933
20210115193442	0.00472933
20210115193442	0.00472672
20210115193443	0.00617698
20210115193443	0.00617313
20210115193443	0.00617313
20210115193443	0.00736572
20210115193443	0.00736572
20210115193443	0.00736252
20210115193443	0.00736252
20210115193443	0.00859477
20210115193443	0.00859477
20210115193443	0.00859155
20210115193443	0.00987852
20210115193443	0.00987468
20210115193443	0.00987468
20210115193443	0.0111892
20210115193443	0.0111892
20210115193443	0.0111859
20210115193443	0.0125329
20210115193443	0.0125297
20210115193443	0.0125297
20210115193443	0.0125265
20210115193443	0.0142528
20210115193443	0.014249
20210115193444	0.014249
20210115193444	0.0156612
20210115193444	0.0156612
20210115193444	0.015658
20210115193444	0.0171041
20210115193444	0.0171015
20210115193444	0.0171015
20210115193444	0.0170976
20210115193444	0.0185992
20210115193444	0.018596
20210115193444	0.018596
20210115193444	0.0201234
20210115193444	0.0201234
20210115193444	0.0201208
20210115193444	0.0216813
20210115193444	0.0216781
20210115193444	0.0216781
20210115193444	0.0216748
20210115193444	0.0236674
20210115193444	0.0236635
20210115193444	0.0236635
20210115193444	0.0248791
20210115193444	0.0248791
20210115193444	0.0248759
20210115193444	0.0269431
20210115193444	0.0269393
20210115193444	0.0269393
20210115193444	0.0269361
20210115193445	0.028653
20210115193445	0.0286498
20210115193445	0.0286498
20210115193445	0.0303923
20210115193445	0.0303923
20210115193445	0.0303885
20210115193445	0.0303885
20210115193445	0.0321584
20210115193445	0.0321584
20210115193445	0.0321551
20210115193445	0.0339569
20210115193445	0.0339537
20210115193445	0.0339537
20210115193445	0.0357816
20210115193445	0.0357816
20210115193445	0.0357777
20210115193445	0.0376377
20210115193445	0.0376351
20210115193445	0.0376351
20210115193445	0.0376319
20210115193445	0.0400423
20210115193445	0.0400384
20210115193445	0.0400384
20210115193446	0.0420022
20210115193446	0.0420022
20210115193446	0.0419989
20210115193446	0.0439914
20210115193446	0.0439875
20210115193446	0.0439875
20210115193446	0.0439851
20210115193446	0.0460039
20210115193446	0.0460001
20210115193446	0.0460001
20210115193446	0.0480436
20210115193446	0.0480436
20210115193446	0.0480405
20210115193446	0.0501144
20210115193446	0.0501112
20210115193446	0.0501112
20210115193446	0.0501081
20210115193446	0.0527834
20210115193446	0.0527803
20210115193446	0.0527803
20210115193446	0.0549545
20210115193446	0.0549545
20210115193446	0.0549513
20210115193446	0.0571532
20210115193446	0.05715
20210115193446	0.05715
20210115193446	0.0571469
20210115193446	0.0593747
20210115193446	0.0593711
20210115193446	0.0593711
20210115193446	0.0616223
20210115193446	0.0616223
20210115193446	0.0616185
20210115193446	0.0644726
20210115193446	0.0644701
20210115193446	0.0644701
20210115193446	0.064467
20210115193446	0.0668305
20210115193447	0.0668275
20210115193447	0.0668275
20210115193447	0.0692108
20210115193447	0.0692108
20210115193447	0.0692072
20210115193447	0.0692072
20210115193447	0.0716135
20210115193447	0.0716135
20210115193447	0.0716105
20210115193447	0.0740432
20210115193447	0.07404
20210115193447	0.07404
20210115193447	0.076494
20210115193447	0.076494
20210115193447	0.0764903
20210115193447	0.0789725
20210115193447	0.0789694
20210115193447	0.0789694
20210115193447	0.078967
20210115193447	0.0821636
20210115193447	0.0821605
20210115193447	0.0821605
20210115193447	0.084749
20210115193447	0.084749
20210115193447	0.0847455
20210115193447	0.087358
20210115193447	0.0873556
20210115193447	0.0873556
20210115193447	0.087352
20210115193447	0.0906483
20210115193447	0.0906459
20210115193447	0.0906459
20210115193448	0.0926371
20210115193448	0.0926371
20210115193448	0.0926335
20210115193448	0.0926335
20210115193448	0.09531
20210115193448	0.09531
20210115193448	0.0953063
20210115193448	0.0987552
20210115193448	0.0987522
20210115193448	0.0987522
20210115193448	0.101543
20210115193448	0.101543
20210115193448	0.10154
20210115193448	0.10154
20210115193448	0.104351
20210115193448	0.104351
20210115193448	0.104347
20210115193448	0.107179
20210115193448	0.107176
20210115193448	0.107176
20210115193448	0.110026
20210115193448	0.110026
20210115193448	0.110023
20210115193448	0.110023
20210115193448	0.113614
20210115193448	0.113614
20210115193448	0.113611
20210115193448	0.116576
20210115193448	0.116572
20210115193448	0.116572
20210115193448	0.119552
20210115193448	0.119552
20210115193448	0.119549
20210115193448	0.122547
20210115193448	0.122544
20210115193448	0.122544
20210115193448	0.122541
20210115193448	0.125557
20210115193448	0.125554
20210115193448	0.125554
20210115193448	0.128587
20210115193448	0.128587
20210115193448	0.128583
20210115193449	0.132404
20210115193449	0.132401
20210115193449	0.132401
20210115193449	0.132398
20210115193449	0.135556
20210115193449	0.135554
20210115193449	0.135554
20210115193449	0.138722
20210115193449	0.138722
20210115193449	0.13872
20210115193449	0.141906
20210115193449	0.141903
20210115193449	0.141903
20210115193449	0.141901
20210115193449	0.145102
20210115193449	0.145098
20210115193449	0.145098
20210115193449	0.14912
20210115193449	0.14912
20210115193449	0.149118
20210115193449	0.149118
20210115193449	0.151543
20210115193449	0.151543
20210115193449	0.15154
20210115193449	0.155681
20210115193449	0.155678
20210115193449	0.155678
20210115193449	0.159017
20210115193449	0.159017
20210115193449	0.159015
20210115193449	0.159015
20210115193449	0.162366
20210115193449	0.162366
20210115193449	0.162364
20210115193449	0.165732
20210115193449	0.16573
20210115193449	0.16573
20210115193449	0.169111
20210115193449	0.169111
20210115193450	0.169108
20210115193450	0.172508
20210115193450	0.172506
20210115193450	0.172506
20210115193450	0.172503
20210115193450	0.17686
20210115193450	0.176856
20210115193450	0.176856
20210115193450	0.180369
20210115193450	0.180369
20210115193450	0.180365
20210115193450	0.180365
20210115193450	0.183889
20210115193450	0.183889
20210115193450	0.183886
20210115193450	0.187425
20210115193450	0.187423
20210115193450	0.187423
20210115193450	0.190973
20210115193450	0.190973
20210115193450	0.19097
20210115193450	0.194538
20210115193450	0.194536
20210115193450	0.194536
20210115193450	0.194533
20210115193450	0.199101
20210115193450	0.199098
20210115193450	0.199098
20210115193450	0.202777
20210115193450	0.202777
20210115193450	0.202775
20210115193450	0.202775
20210115193450	0.206464
20210115193450	0.206464
20210115193450	0.206462
20210115193450	0.211092
20210115193450	0.21109
20210115193450	0.21109
20210115193450	0.214805
20210115193450	0.214805
20210115193450	0.214803
20210115193450	0.214803
20210115193451	0.218532
20210115193451	0.218532
20210115193451	0.21853
20210115193451	0.222357
20210115193451	0.222354
20210115193451	0.222354
20210115193451	0.226186
20210115193451	0.226186
20210115193451	0.226183
20210115193451	0.230027
20210115193451	0.230023
20210115193451	0.230023
20210115193451	0.230021
20210115193451	0.233874
20210115193451	0.233872
20210115193451	0.233872
20210115193451	0.237734
20210115193451	0.237734
20210115193451	0.237731
20210115193451	0.237731
20210115193451	0.241605
20210115193451	0.241605
20210115193451	0.241602
20210115193451	0.246551
20210115193451	0.246549
20210115193451	0.246549
20210115193451	0.25053
20210115193451	0.25053
20210115193451	0.250527
20210115193451	0.254518
20210115193451	0.254515
20210115193451	0.254515
20210115193451	0.254513
20210115193451	0.258512
20210115193451	0.25851
20210115193451	0.25851
20210115193451	0.262517
20210115193451	0.262517
20210115193451	0.262515
20210115193451	0.266535
20210115193451	0.266532
20210115193451	0.266532
20210115193451	0.271666
20210115193451	0.271666
20210115193452	0.271663
20210115193452	0.271663
20210115193452	0.275795
20210115193452	0.275795
20210115193452	0.275793
20210115193452	0.279933
20210115193452	0.279931
20210115193452	0.279931
20210115193452	0.279928
20210115193452	0.285114
20210115193452	0.285111
20210115193452	0.285111
20210115193452	0.289266
20210115193452	0.289266
20210115193452	0.289264
20210115193452	0.292388
20210115193452	0.292386
20210115193452	0.292386
20210115193452	0.292383
20210115193452	0.297691
20210115193452	0.297689
20210115193452	0.297689
20210115193452	0.301955
20210115193452	0.301955
20210115193452	0.301953
20210115193452	0.301953
20210115193452	0.306226
20210115193452	0.306226
20210115193453	0.306223
20210115193453	0.310504
20210115193453	0.310501
20210115193453	0.310501
20210115193453	0.314786
20210115193453	0.314786
20210115193453	0.314783
20210115193453	0.314783
20210115193453	0.320153
20210115193453	0.320153
20210115193453	0.32015
20210115193453	0.324556
20210115193453	0.324554
20210115193453	0.324554
20210115193453	0.32896
20210115193453	0.32896
20210115193453	0.328958
20210115193453	0.333368
20210115193453	0.333366
20210115193453	0.333366
20210115193453	0.337778
20210115193453	0.337778
20210115193453	0.337775
20210115193453	0.342194
20210115193453	0.342193
20210115193453	0.342193
20210115193453	0.34219
20210115193453	0.34219
20210115193453	0.346613
20210115193453	0.346613
20210115193453	0.34661
20210115193453	0.35225
20210115193453	0.352247
20210115193453	0.352247
20210115193453	0.356777
20210115193453	0.356777
20210115193453	0.356774
20210115193453	0.356774
20210115193453	0.361306
20210115193453	0.361306
20210115193453	0.361303
20210115193453	0.36584
20210115193453	0.365838
20210115193453	0.365838
20210115193453	0.371512
20210115193453	0.371512
20210115193453	0.371509
20210115193453	0.371509
20210115193453	0.376056
20210115193453	0.376056
20210115193454	0.376053
20210115193454	0.380703
20210115193454	0.3807
20210115193454	0.3807
20210115193454	0.385346
20210115193454	0.385346
20210115193454	0.385344
20210115193454	0.389993
20210115193454	0.389991
20210115193454	0.389991
20210115193454	0.389988
20210115193454	0.39464
20210115193454	0.394637
20210115193454	0.394637
20210115193454	0.400454
20210115193454	0.400454
20210115193454	0.400452
20210115193454	0.405113
20210115193454	0.405111
20210115193454	0.405111
20210115193454	0.405109
20210115193454	0.409867
20210115193454	0.409864
20210115193454	0.409864
20210115193454	0.414619
20210115193454	0.414619
20210115193454	0.414617
20210115193454	0.419374
20210115193454	0.419372
20210115193454	0.419372
20210115193454	0.41937
20210115193454	0.42532
20210115193454	0.425317
20210115193454	0.425317
20210115193454	0.430079
20210115193454	0.430079
20210115193454	0.430077
20210115193454	0.434846
20210115193454	0.434843
20210115193454	0.434843
20210115193454	0.434841
20210115193454	0.439711
20210115193454	0.439708
20210115193455	0.439708
20210115193455	0.444574
20210115193455	0.444574
20210115193455	0.444572
20210115193455	0.444572
20210115193455	0.449437
20210115193455	0.449437
20210115193455	0.449435
20210115193455	0.454303
20210115193455	0.454301
20210115193455	0.454301
20210115193455	0.45917
20210115193455	0.45917
20210115193455	0.459168
20210115193455	0.465263
20210115193455	0.465261
20210115193455	0.465261
20210115193455	0.465258
20210115193455	0.47014
20210115193455	0.470137
20210115193455	0.470137
20210115193455	0.475023
20210115193455	0.475023
20210115193455	0.475021
20210115193455	0.479915
20210115193455	0.479913
20210115193455	0.479913
20210115193455	0.479911
20210115193456	0.484732
20210115193456	0.48473
20210115193456	0.48473
20210115193456	0.489565
20210115193456	0.489565
20210115193456	0.489562
20210115193456	0.489562
20210115193456	0.495627
20210115193456	0.495627
20210115193456	0.495625
20210115193456	0.500494
20210115193456	0.500491
20210115193456	0.500491
20210115193456	0.505373
20210115193456	0.505371
20210115193456	0.505371
20210115193456	0.510268
20210115193456	0.510265
20210115193456	0.510265
20210115193456	0.510263
20210115193456	0.51512
20210115193456	0.515118
20210115193456	0.519993
20210115193456	0.519993
20210115193456	0.519993
20210115193456	0.51999
20210115193456	0.524885
20210115193456	0.524884
20210115193456	0.524884
20210115193456	0.524881
20210115193456	0.531025
20210115193456	0.531023
20210115193456	0.531023
20210115193456	0.535954
20210115193456	0.535954
20210115193456	0.535951
20210115193456	0.535951
20210115193456	0.5409
20210115193456	0.5409
20210115193456	0.540898
20210115193456	0.547062
20210115193456	0.54706
20210115193456	0.54706
20210115193456	0.550771
20210115193456	0.550769
20210115193456	0.550769
20210115193457	0.550769
20210115193457	0.555735
20210115193457	0.555735
20210115193457	0.555733
20210115193457	0.561969
20210115193457	0.561967
20210115193457	0.561967
20210115193457	0.566975
20210115193457	0.566975
20210115193457	0.566973
20210115193457	0.566973
20210115193457	0.571998
20210115193457	0.571998
20210115193457	0.571996
20210115193457	0.577014
20210115193457	0.577012
20210115193457	0.577012
20210115193457	0.582047
20210115193457	0.582047
20210115193457	0.582045
20210115193457	0.582045
20210115193457	0.587099
20210115193457	0.587099
20210115193457	0.587097
20210115193457	0.593443
20210115193457	0.593441
20210115193457	0.593441
20210115193458	0.598536
20210115193458	0.598536
20210115193458	0.598534
20210115193458	0.603648
20210115193458	0.603646
20210115193458	0.603646
20210115193458	0.603643
20210115193458	0.610047
20210115193458	0.610045
20210115193458	0.610045
20210115193458	0.613899
20210115193458	0.613899
20210115193458	0.613897
20210115193458	0.613897
20210115193458	0.61905
20210115193458	0.61905
20210115193458	0.619048
20210115193458	0.625516
20210115193458	0.625513
20210115193458	0.625513
20210115193458	0.630703
20210115193458	0.630703
20210115193458	0.630701
20210115193459	0.635909
20210115193459	0.635907
20210115193459	0.635907
20210115193459	0.635905
20210115193459	0.642438
20210115193459	0.642436
20210115193459	0.642436
20210115193459	0.647678
20210115193459	0.647678
20210115193459	0.647676
20210115193459	0.651619
20210115193459	0.651617
20210115193459	0.651617
20210115193459	0.651615
20210115193459	0.658203
20210115193459	0.658201
20210115193459	0.658201
20210115193459	0.663486
20210115193459	0.663486
20210115193459	0.663484
20210115193459	0.663484
20210115193459	0.668782
20210115193459	0.668782
20210115193459	0.66878
20210115193459	0.674102
20210115193459	0.6741
20210115193459	0.6741
20210115193459	0.679433
20210115193459	0.679433
20210115193459	0.679431
20210115193500	0.684779
20210115193500	0.684777
20210115193500	0.684777
20210115193500	0.684775
20210115193500	0.691476
20210115193500	0.691474
20210115193500	0.691474
20210115193500	0.696847
20210115193500	0.696847
20210115193500	0.696845
20210115193500	0.696845
20210115193500	0.702229
20210115193500	0.702229
20210115193500	0.702228
20210115193500	0.707651
20210115193500	0.707649
20210115193500	0.707649
20210115193500	0.714439
20210115193500	0.714439
20210115193500	0.714437
20210115193500	0.714437
20210115193500	0.718518
20210115193500	0.718518
20210115193500	0.718516
20210115193500	0.725333
20210115193500	0.725331
20210115193500	0.725331
20210115193500	0.730794
20210115193500	0.730794
20210115193500	0.730792
20210115193500	0.736267
20210115193500	0.736265
20210115193500	0.736265
20210115193500	0.736263
20210115193500	0.743166
20210115193500	0.743164
20210115193500	0.743164
20210115193500	0.747308
20210115193500	0.747308
20210115193500	0.747307
20210115193500	0.75284
20210115193500	0.75284
20210115193500	0.752839
20210115193501	0.752839
20210115193501	0.759769
20210115193501	0.759767
20210115193501	0.759767
20210115193501	0.765319
20210115193501	0.765319
20210115193501	0.765317
20210115193501	0.765317
20210115193501	0.770877
20210115193501	0.770877
20210115193501	0.770875
20210115193501	0.776475
20210115193501	0.776473
20210115193501	0.776473
20210115193501	0.782078
20210115193501	0.782078
20210115193501	0.782076
20210115193501	0.787689
20210115193501	0.787687
20210115193501	0.787687
20210115193501	0.787685
20210115193501	0.794711
20210115193501	0.794709
20210115193501	0.794709
20210115193501	0.800336
20210115193501	0.800336
20210115193501	0.800334
20210115193501	0.805969
20210115193501	0.805969
20210115193501	0.805969
20210115193501	0.81166
20210115193501	0.81166
20210115193501	0.811658
20210115193501	0.811658
20210115193501	0.817352
20210115193501	0.817352
20210115193501	0.817351
20210115193501	0.823049
20210115193501	0.823049
20210115193501	0.823049
20210115193501	0.823047
20210115193501	0.830177
20210115193501	0.830176
20210115193501	0.830176
20210115193501	0.835883
20210115193501	0.835883
20210115193501	0.835881
20210115193501	0.841596
20210115193501	0.841594
20210115193501	0.841594
20210115193501	0.841593
20210115193501	0.848799
20210115193501	0.848798
20210115193501	0.848798
20210115193501	0.854564
20210115193501	0.854564
20210115193502	0.854563
20210115193502	0.858891
20210115193502	0.858889
20210115193502	0.858889
20210115193502	0.858888
20210115193502	0.866106
20210115193502	0.866104
20210115193502	0.866104
20210115193502	0.871881
20210115193502	0.871881
20210115193502	0.87188
20210115193502	0.87188
20210115193502	0.877662
20210115193502	0.877662
20210115193502	0.87766
20210115193502	0.8835
20210115193502	0.883498
20210115193502	0.883498
20210115193502	0.889338
20210115193502	0.889338
20210115193502	0.889336
20210115193502	0.889336
20210115193502	0.895177
20210115193502	0.895177
20210115193502	0.895175
20210115193502	0.902483
20210115193502	0.902482
20210115193502	0.902482
20210115193502	0.90833
20210115193502	0.90833
20210115193502	0.908328
20210115193502	0.908328
20210115193502	0.914179
20210115193502	0.914179
20210115193502	0.914177
20210115193502	0.920094
20210115193502	0.920092
20210115193502	0.920092
20210115193502	0.926006
20210115193502	0.926006
20210115193502	0.926004
20210115193503	0.926004
20210115193503	0.933396
20210115193503	0.933396
20210115193503	0.933394
20210115193503	0.939311
20210115193503	0.939309
20210115193503	0.939309
20210115193503	0.945226
20210115193503	0.945226
20210115193503	0.945224
20210115193503	0.945224
20210115193503	0.951143
20210115193503	0.951143
20210115193503	0.951142
20210115193503	0.958612
20210115193503	0.958611
20210115193503	0.958611
20210115193503	0.963091
20210115193503	0.963091
20210115193503	0.963089
20210115193503	0.969064
20210115193503	0.969063
20210115193503	0.969063
20210115193503	0.969061
20210115193503	0.976531
20210115193503	0.976529
20210115193503	0.976529
20210115193503	0.982505
20210115193503	0.982505
20210115193503	0.982504
20210115193503	0.988483
20210115193503	0.988481
20210115193503	0.988481
20210115193503	0.988479
20210115193503	0.994516
20210115193503	0.994514
20210115193503	0.994514
20210115193503	1.00206
20210115193503	1.00206
20210115193503	1.00205
20210115193503	1.00658
20210115193503	1.00658
20210115193503	1.00658
