20210106155506	-1.15637
20210106155506	-1.15597
20210106155506	-1.15597
20210106155506	-1.15597
20210106155506	-1.15054
20210106155506	-1.14996
20210106155507	-1.14996
20210106155507	-1.14996
20210106155507	-1.14996
20210106155507	-1.14946
20210106155507	-1.14946
20210106155507	-1.14889
20210106155507	-1.14889
20210106155507	-1.14889
20210106155507	-1.15524
20210106155507	-1.15441
20210106155507	-1.15441
20210106155507	-1.15441
20210106155507	-1.15441
20210106155507	-1.15385
20210106155507	-1.15385
20210106155507	-1.15303
20210106155507	-1.15303
20210106155507	-1.15303
20210106155507	-1.15437
20210106155507	-1.15437
20210106155507	-1.15325
20210106155507	-1.15325
20210106155507	-1.15325
20210106155507	-1.15232
20210106155507	-1.15232
20210106155507	-1.1513
20210106155507	-1.1513
20210106155507	-1.1513
20210106155507	-1.1513
20210106155507	-1.14974
20210106155507	-1.14835
20210106155507	-1.14835
20210106155507	-1.14714
20210106155507	-1.14714
20210106155507	-1.14714
20210106155507	-1.14714
20210106155507	-1.14618
20210106155507	-1.14618
20210106155507	-1.14618
20210106155507	-1.15019
20210106155507	-1.1485
20210106155507	-1.1485
20210106155507	-1.14711
20210106155507	-1.14711
20210106155507	-1.14711
20210106155507	-1.14563
20210106155507	-1.14563
20210106155507	-1.14563
20210106155507	-1.14563
20210106155507	-1.14525
20210106155507	-1.14525
20210106155507	-1.14525
20210106155507	-1.14318
20210106155507	-1.14318
20210106155507	-1.14318
20210106155507	-1.14318
20210106155507	-1.14143
20210106155507	-1.14143
20210106155507	-1.14143
20210106155507	-1.14146
20210106155507	-1.14146
20210106155507	-1.14146
20210106155507	-1.14146
20210106155507	-1.1396
20210106155507	-1.1396
20210106155508	-1.1396
20210106155508	-1.13767
20210106155508	-1.13767
20210106155508	-1.13767
20210106155508	-1.13689
20210106155508	-1.13689
20210106155508	-1.13689
20210106155508	-1.13478
20210106155508	-1.13478
20210106155508	-1.13478
20210106155508	-1.13478
20210106155508	-1.13259
20210106155508	-1.13259
20210106155508	-1.13259
20210106155508	-1.13083
20210106155508	-1.13083
20210106155508	-1.13083
20210106155508	-1.12852
20210106155508	-1.12852
20210106155508	-1.12852
20210106155508	-1.12612
20210106155508	-1.12612
20210106155508	-1.12612
20210106155508	-1.12612
20210106155508	-1.12426
20210106155508	-1.12426
20210106155508	-1.12426
20210106155508	-1.12426
20210106155508	-1.12104
20210106155508	-1.12104
20210106155508	-1.12104
20210106155508	-1.11904
20210106155508	-1.11904
20210106155508	-1.11904
20210106155508	-1.11679
20210106155508	-1.11679
20210106155508	-1.11679
20210106155508	-1.114
20210106155508	-1.114
20210106155508	-1.114
20210106155508	-1.11113
20210106155508	-1.11113
20210106155508	-1.11113
20210106155508	-1.11113
20210106155508	-1.10337
20210106155508	-1.10337
20210106155508	-1.10337
20210106155508	-1.10337
20210106155508	-1.10034
20210106155508	-1.10034
20210106155508	-1.10034
20210106155508	-1.09723
20210106155508	-1.09723
20210106155508	-1.10425
20210106155508	-1.10026
20210106155508	-1.10026
20210106155508	-1.10026
20210106155508	-1.09701
20210106155508	-1.09701
20210106155508	-1.09701
20210106155509	-1.09701
20210106155509	-1.09368
20210106155509	-1.09368
20210106155509	-1.09368
20210106155509	-1.08906
20210106155509	-1.08906
20210106155509	-1.08906
20210106155509	-1.08906
20210106155509	-1.08555
20210106155509	-1.08555
20210106155509	-1.08287
20210106155509	-1.08287
20210106155509	-1.08287
20210106155509	-1.08287
20210106155509	-1.07801
20210106155509	-1.07801
20210106155509	-1.07801
20210106155509	-1.07431
20210106155509	-1.07431
20210106155509	-1.07431
20210106155509	-1.07053
20210106155509	-1.07053
20210106155509	-1.07053
20210106155509	-1.07053
20210106155509	-1.0743
20210106155509	-1.06947
20210106155509	-1.06947
20210106155509	-1.06652
20210106155509	-1.06652
20210106155509	-1.06652
20210106155509	-1.06652
20210106155509	-1.06252
20210106155509	-1.06252
20210106155509	-1.06252
20210106155509	-1.0637
20210106155509	-1.0586
20210106155509	-1.0586
20210106155509	-1.05445
20210106155509	-1.05445
20210106155509	-1.05445
20210106155509	-1.05023
20210106155509	-1.05023
20210106155509	-1.05023
20210106155509	-1.05023
20210106155509	-1.04625
20210106155509	-1.04625
20210106155509	-1.04625
20210106155509	-1.04625
20210106155509	-1.04189
20210106155509	-1.04189
20210106155509	-1.04189
20210106155509	-1.03634
20210106155509	-1.03634
20210106155509	-1.03634
20210106155509	-1.03357
20210106155509	-1.03357
20210106155509	-1.03357
20210106155509	-1.02899
20210106155509	-1.02899
20210106155510	-1.02899
20210106155510	-1.02434
20210106155510	-1.02434
20210106155510	-1.02434
20210106155510	-1.02434
20210106155510	-1.01978
20210106155510	-1.01978
20210106155510	-1.01978
20210106155510	-1.015
20210106155510	-1.015
20210106155510	-1.015
20210106155510	-1.01016
20210106155510	-1.01016
20210106155510	-1.01016
20210106155510	-1.01016
20210106155510	-1.00234
20210106155510	-1.00234
20210106155510	-1.00234
20210106155510	-0.997356
20210106155510	-0.997356
20210106155510	-0.997356
20210106155510	-0.992313
20210106155510	-0.992313
20210106155510	-0.992313
20210106155510	-0.992313
20210106155510	-0.987975
20210106155510	-0.98287
20210106155510	-0.98287
20210106155510	-0.98287
20210106155510	-0.977706
20210106155510	-0.977706
20210106155510	-0.977706
20210106155510	-0.972483
20210106155510	-0.972483
20210106155510	-0.972483
20210106155510	-0.980247
20210106155510	-0.973632
20210106155510	-0.973632
20210106155510	-0.968261
20210106155510	-0.968261
20210106155510	-0.968261
20210106155510	-0.962836
20210106155510	-0.962836
20210106155510	-0.962837
20210106155510	-0.962837
20210106155510	-0.958352
20210106155510	-0.958352
20210106155510	-0.958352
20210106155510	-0.954197
20210106155510	-0.954197
20210106155510	-0.954197
20210106155510	-0.954197
20210106155510	-0.948611
20210106155510	-0.948611
20210106155510	-0.948611
20210106155510	-0.932389
20210106155510	-0.925323
20210106155510	-0.925323
20210106155510	-0.919587
20210106155510	-0.919587
20210106155510	-0.919587
20210106155510	-0.913802
20210106155510	-0.913802
20210106155510	-0.913802
20210106155510	-0.913802
20210106155510	-0.906977
20210106155510	-0.906978
20210106155510	-0.906978
20210106155510	-0.901097
20210106155511	-0.901097
20210106155511	-0.901097
20210106155511	-0.901097
20210106155511	-0.89517
20210106155511	-0.89517
20210106155511	-0.889464
20210106155511	-0.881983
20210106155511	-0.881983
20210106155511	-0.881983
20210106155511	-0.881983
20210106155511	-0.875927
20210106155511	-0.875927
20210106155511	-0.869829
20210106155511	-0.869829
20210106155511	-0.869829
20210106155511	-0.883051
20210106155511	-0.87537
20210106155511	-0.87537
20210106155511	-0.87537
20210106155511	-0.870732
20210106155511	-0.870732
20210106155511	-0.870732
20210106155511	-0.870732
20210106155511	-0.862951
20210106155511	-0.862951
20210106155511	-0.862951
20210106155511	-0.84999
20210106155511	-0.843708
20210106155511	-0.843708
20210106155511	-0.837353
20210106155511	-0.837353
20210106155511	-0.837353
20210106155511	-0.837353
20210106155511	-0.830965
20210106155511	-0.830965
20210106155511	-0.830965
20210106155511	-0.832804
20210106155511	-0.832804
20210106155511	-0.832804
20210106155511	-0.832804
20210106155511	-0.82635
20210106155511	-0.82635
20210106155511	-0.819864
20210106155511	-0.819864
20210106155511	-0.819864
20210106155511	-0.819864
20210106155511	-0.831634
20210106155511	-0.823469
20210106155511	-0.82347
20210106155511	-0.82347
20210106155511	-0.816861
20210106155511	-0.816861
20210106155511	-0.810232
20210106155511	-0.810232
20210106155511	-0.810232
20210106155511	-0.810232
20210106155511	-0.797582
20210106155511	-0.790932
20210106155511	-0.790932
20210106155511	-0.784262
20210106155511	-0.784262
20210106155511	-0.784262
20210106155511	-0.784262
20210106155511	-0.777573
20210106155511	-0.777573
20210106155511	-0.777573
20210106155511	-0.775564
20210106155511	-0.775564
20210106155511	-0.775564
20210106155511	-0.768798
20210106155512	-0.768798
20210106155512	-0.768798
20210106155512	-0.762026
20210106155512	-0.762026
20210106155512	-0.762026
20210106155512	-0.762026
20210106155512	-0.737361
20210106155512	-0.737361
20210106155512	-0.737361
20210106155512	-0.730588
20210106155512	-0.730588
20210106155512	-0.730588
20210106155512	-0.72382
20210106155512	-0.72382
20210106155512	-0.72382
20210106155512	-0.72382
20210106155512	-0.706225
20210106155512	-0.706225
20210106155512	-0.706225
20210106155512	-0.699429
20210106155512	-0.699429
20210106155512	-0.699429
20210106155512	-0.692663
20210106155512	-0.692663
20210106155512	-0.692663
20210106155512	-0.692663
20210106155512	-0.703159
20210106155512	-0.703159
20210106155512	-0.703159
20210106155512	-0.696477
20210106155512	-0.696477
20210106155512	-0.696477
20210106155512	-0.696477
20210106155512	-0.689852
20210106155512	-0.689852
20210106155512	-0.689852
20210106155512	-0.690885
20210106155512	-0.682689
20210106155512	-0.682689
20210106155512	-0.67619
20210106155512	-0.67619
20210106155512	-0.67619
20210106155512	-0.67619
20210106155512	-0.669811
20210106155512	-0.669811
20210106155512	-0.669811
20210106155512	-0.668217
20210106155512	-0.661984
20210106155512	-0.661984
20210106155512	-0.655929
20210106155512	-0.655929
20210106155512	-0.655929
20210106155512	-0.655929
20210106155512	-0.650088
20210106155512	-0.650088
20210106155512	-0.650088
20210106155512	-0.639766
20210106155512	-0.639766
20210106155512	-0.639766
20210106155512	-0.634559
20210106155512	-0.634559
20210106155512	-0.634559
20210106155512	-0.629768
20210106155512	-0.629768
20210106155512	-0.629768
20210106155512	-0.629768
20210106155512	-0.610858
20210106155513	-0.610858
20210106155513	-0.610858
20210106155513	-0.608145
20210106155513	-0.608145
20210106155513	-0.608145
20210106155513	-0.604515
20210106155513	-0.604515
20210106155513	-0.604515
20210106155513	-0.604515
20210106155513	-0.599596
20210106155513	-0.5976
20210106155513	-0.5976
20210106155513	-0.596502
20210106155513	-0.596502
20210106155513	-0.596502
20210106155513	-0.46488
20210106155513	-0.46488
20210106155513	-0.46488
20210106155513	-0.46488
20210106155513	-0.474878
20210106155513	-0.474878
20210106155513	-0.474878
20210106155513	-0.474878
20210106155513	-0.473081
20210106155513	-0.473081
20210106155513	-0.473081
20210106155513	-0.470404
20210106155513	-0.470404
20210106155513	-0.470404
20210106155514	-0.44976
20210106155514	-0.445305
20210106155514	-0.445305
20210106155514	-0.445305
20210106155514	-0.440948
20210106155514	-0.440948
20210106155514	-0.440948
20210106155514	-0.436019
20210106155514	-0.436019
20210106155514	-0.436019
20210106155514	-0.438818
20210106155514	-0.438818
20210106155514	-0.438818
20210106155514	-0.4315
20210106155514	-0.4315
20210106155514	-0.4315
20210106155514	-0.426861
20210106155514	-0.426861
20210106155514	-0.426861
20210106155514	-0.426861
20210106155514	-0.392269
20210106155514	-0.392269
20210106155514	-0.39227
20210106155514	-0.385556
20210106155514	-0.385556
20210106155514	-0.385556
20210106155514	-0.378652
20210106155515	-0.378652
20210106155515	-0.378652
20210106155515	-0.378652
20210106155515	-0.365026
20210106155515	-0.365026
20210106155515	-0.365026
20210106155515	-0.365026
20210106155515	-0.358003
20210106155515	-0.358003
20210106155515	-0.350851
20210106155515	-0.350851
20210106155515	-0.350851
20210106155515	-0.350851
20210106155515	-0.361914
20210106155515	-0.361914
20210106155515	-0.361914
20210106155515	-0.361914
20210106155515	-0.354523
20210106155515	-0.354523
20210106155515	-0.347046
20210106155515	-0.347046
20210106155515	-0.347046
20210106155515	-0.347046
20210106155515	-0.326549
20210106155515	-0.317175
20210106155515	-0.317175
20210106155515	-0.311564
20210106155515	-0.311564
20210106155515	-0.311564
20210106155515	-0.311564
20210106155515	-0.302123
20210106155515	-0.302123
20210106155515	-0.302123
20210106155515	-0.298132
20210106155515	-0.290508
20210106155515	-0.290508
20210106155515	-0.290508
20210106155515	-0.282827
20210106155515	-0.282827
20210106155515	-0.275095
20210106155515	-0.275095
20210106155515	-0.275095
20210106155515	-0.269738
20210106155515	-0.261989
20210106155515	-0.261989
20210106155515	-0.261989
20210106155515	-0.254282
20210106155515	-0.254282
20210106155515	-0.254282
20210106155515	-0.254282
20210106155515	-0.246529
20210106155515	-0.246529
20210106155515	-0.257439
20210106155515	-0.247689
20210106155515	-0.247689
20210106155515	-0.247689
20210106155515	-0.239848
20210106155515	-0.239848
20210106155515	-0.239848
20210106155515	-0.231975
20210106155515	-0.231975
20210106155515	-0.231975
20210106155516	-0.231975
20210106155516	-0.219167
20210106155516	-0.219167
20210106155516	-0.219167
20210106155516	-0.211342
20210106155516	-0.211342
20210106155516	-0.211342
20210106155516	-0.201519
20210106155516	-0.201519
20210106155516	-0.201519
20210106155516	-0.201519
20210106155516	-0.170165
20210106155516	-0.170165
20210106155516	-0.170165
20210106155516	-0.170165
20210106155516	-0.162255
20210106155516	-0.162255
20210106155516	-0.162255
20210106155516	-0.154327
20210106155516	-0.154327
20210106155516	-0.154327
20210106155516	-0.170151
20210106155516	-0.16025
20210106155516	-0.16025
20210106155516	-0.154325
20210106155516	-0.154325
20210106155516	-0.154325
20210106155516	-0.146412
20210106155516	-0.146412
20210106155516	-0.146412
20210106155516	-0.146412
20210106155516	-0.139601
20210106155516	-0.129694
20210106155516	-0.129694
20210106155516	-0.121758
20210106155516	-0.121758
20210106155516	-0.121758
20210106155516	-0.113818
20210106155516	-0.113818
20210106155516	-0.113818
20210106155516	-0.113818
20210106155516	-0.118387
20210106155516	-0.110454
20210106155516	-0.110454
20210106155516	-0.10057
20210106155516	-0.10057
20210106155516	-0.10057
20210106155516	-0.0946388
20210106155517	-0.0946388
20210106155517	-0.0946388
20210106155517	-0.0927624
20210106155517	-0.0828793
20210106155517	-0.0828792
20210106155517	-0.0828792
20210106155517	-0.0749771
20210106155517	-0.0749771
20210106155517	-0.0749771
20210106155517	-0.0749771
20210106155517	-0.067081
20210106155517	-0.067081
20210106155517	-0.067081
20210106155517	-0.0342164
20210106155517	-0.0243734
20210106155517	-0.0243734
20210106155517	-0.0184881
20210106155517	-0.0184881
20210106155517	-0.0184881
20210106155517	-0.0184881
20210106155517	-0.0106498
20210106155517	-0.0106498
20210106155517	-0.0106498
20210106155517	-0.0310422
20210106155517	-0.0212619
20210106155517	-0.0212619
20210106155517	-0.021262
20210106155517	-0.0134541
20210106155517	-0.0134541
20210106155517	-0.00566326
20210106155517	-0.00566326
20210106155517	-0.00566326
20210106155517	-0.00566331
20210106155517	0.00760137
20210106155517	0.00760137
20210106155517	0.00760137
20210106155517	0.0153529
20210106155517	0.0153528
20210106155517	0.0153528
20210106155517	0.0153528
20210106155517	0.0230818
20210106155517	0.0230817
20210106155517	0.0230817
20210106155517	0.0418811
20210106155517	0.041881
20210106155517	0.041881
20210106155517	0.0418808
20210106155517	0.0495529
20210106155517	0.0495529
20210106155517	0.057197
20210106155517	0.057197
20210106155517	0.057197
20210106155517	0.0571969
20210106155517	0.0706388
20210106155518	0.0706388
20210106155518	0.0706385
20210106155518	0.0801355
20210106155518	0.0801352
20210106155518	0.0801352
20210106155518	0.0876938
20210106155518	0.0876938
20210106155518	0.0876938
20210106155518	0.0876934
20210106155518	0.0804479
20210106155518	0.0804479
20210106155518	0.0804476
20210106155518	0.0879342
20210106155518	0.0879342
20210106155518	0.0879338
20210106155518	0.0879338
20210106155518	0.0953812
20210106155518	0.0953812
20210106155518	0.0953807
20210106155518	0.117507
20210106155518	0.117507
20210106155518	0.117507
20210106155518	0.117507
20210106155518	0.124894
20210106155518	0.124893
20210106155518	0.124893
20210106155518	0.132236
20210106155518	0.132235
20210106155518	0.132235
20210106155518	0.137875
20210106155518	0.137875
20210106155519	0.137875
20210106155519	0.145113
20210106155519	0.145112
20210106155519	0.145112
20210106155519	0.145112
20210106155519	0.152303
20210106155519	0.152302
20210106155519	0.152302
20210106155519	0.15339
20210106155519	0.15339
20210106155519	0.15339
20210106155519	0.160525
20210106155519	0.160524
20210106155519	0.160524
20210106155519	0.160524
20210106155519	0.167605
20210106155519	0.167605
20210106155519	0.167605
20210106155519	0.173795
20210106155519	0.173795
20210106155519	0.173794
20210106155519	0.180749
20210106155519	0.180749
20210106155519	0.180749
20210106155519	0.187645
20210106155519	0.187645
20210106155519	0.187644
20210106155519	0.187644
20210106155519	0.205125
20210106155519	0.205125
20210106155519	0.205125
20210106155519	0.205124
20210106155519	0.211951
20210106155519	0.21195
20210106155519	0.21195
20210106155519	0.220393
20210106155519	0.220393
20210106155519	0.220392
20210106155519	0.241394
20210106155519	0.241393
20210106155519	0.241391
20210106155520	0.248011
20210106155520	0.24801
20210106155520	0.24801
20210106155520	0.254565
20210106155520	0.254565
20210106155520	0.254565
20210106155520	0.254564
20210106155520	0.258823
20210106155520	0.258823
20210106155520	0.258821
20210106155520	0.265276
20210106155520	0.265276
20210106155520	0.265274
20210106155520	0.271658
20210106155520	0.271658
20210106155520	0.271657
20210106155520	0.271657
20210106155520	0.274197
20210106155520	0.274197
20210106155520	0.274196
20210106155520	0.280442
20210106155520	0.280442
20210106155520	0.28044
20210106155520	0.286615
20210106155520	0.286615
20210106155520	0.286614
20210106155520	0.260611
20210106155520	0.268259
20210106155520	0.268259
20210106155520	0.268258
20210106155520	0.274328
20210106155520	0.274328
20210106155520	0.274327
20210106155520	0.278829
20210106155520	0.278829
20210106155520	0.278828
20210106155520	0.278828
20210106155520	0.323194
20210106155520	0.323194
20210106155520	0.323192
20210106155520	0.323192
20210106155520	0.329038
20210106155520	0.329036
20210106155520	0.334806
20210106155520	0.334806
20210106155520	0.334805
20210106155520	0.334805
20210106155520	0.341778
20210106155520	0.341777
20210106155520	0.341776
20210106155520	0.348856
20210106155520	0.348856
20210106155520	0.348855
20210106155521	0.348855
20210106155521	0.35443
20210106155521	0.354428
20210106155521	0.354428
20210106155521	0.346573
20210106155521	0.352069
20210106155521	0.352069
20210106155521	0.357487
20210106155521	0.357487
20210106155521	0.357486
20210106155521	0.362827
20210106155521	0.362827
20210106155521	0.362827
20210106155521	0.362826
20210106155521	0.371361
20210106155521	0.37664
20210106155521	0.376639
20210106155521	0.376639
20210106155521	0.381882
20210106155521	0.381881
20210106155521	0.381881
20210106155521	0.387042
20210106155521	0.387041
20210106155521	0.387041
20210106155521	0.377158
20210106155521	0.383496
20210106155521	0.383496
20210106155521	0.383496
20210106155521	0.388478
20210106155521	0.388477
20210106155522	0.388477
20210106155522	0.39338
20210106155522	0.393379
20210106155522	0.393379
20210106155522	0.398513
20210106155522	0.398513
20210106155522	0.398513
20210106155522	0.398513
20210106155522	0.404499
20210106155522	0.404498
20210106155522	0.408026
20210106155522	0.408026
20210106155522	0.408026
20210106155522	0.408026
20210106155522	0.410721
20210106155522	0.410721
20210106155522	0.41072
20210106155522	0.41525
20210106155522	0.41525
20210106155522	0.41525
20210106155522	0.419699
20210106155522	0.419699
20210106155522	0.419699
20210106155522	0.419699
20210106155522	0.431485
20210106155522	0.431485
20210106155522	0.431485
20210106155522	0.435825
20210106155522	0.435825
20210106155522	0.435825
20210106155522	0.435825
20210106155522	0.440079
20210106155522	0.440079
20210106155523	0.440079
20210106155523	0.456672
20210106155523	0.456672
20210106155523	0.456671
20210106155523	0.456671
20210106155523	0.460737
20210106155523	0.460737
20210106155523	0.46472
20210106155523	0.46472
20210106155523	0.464718
20210106155523	0.465564
20210106155523	0.469475
20210106155523	0.469474
20210106155523	0.469474
20210106155523	0.47428
20210106155523	0.47428
20210106155523	0.47428
20210106155523	0.477099
20210106155523	0.477099
20210106155523	0.477099
20210106155523	0.477098
20210106155523	0.471042
20210106155523	0.475635
20210106155523	0.475635
20210106155523	0.479215
20210106155523	0.479214
20210106155523	0.479214
20210106155523	0.48271
20210106155523	0.48271
20210106155523	0.482709
20210106155523	0.482709
20210106155523	0.496563
20210106155523	0.496563
20210106155523	0.496563
20210106155523	0.499081
20210106155523	0.49908
20210106155523	0.49908
20210106155523	0.503169
20210106155523	0.503168
20210106155523	0.503168
20210106155523	0.503168
20210106155523	0.480443
20210106155523	0.483617
20210106155523	0.483617
20210106155523	0.486708
20210106155523	0.486708
20210106155523	0.486707
20210106155523	0.489713
20210106155523	0.489713
20210106155523	0.489713
20210106155524	0.489713
20210106155524	0.520137
20210106155524	0.520137
20210106155524	0.520137
20210106155524	0.52301
20210106155524	0.52301
20210106155524	0.523009
20210106155524	0.523009
20210106155524	0.526478
20210106155524	0.526477
20210106155524	0.526477
20210106155524	0.527522
20210106155524	0.527522
20210106155524	0.527521
20210106155524	0.530114
20210106155524	0.530114
20210106155524	0.530114
20210106155524	0.532621
20210106155524	0.532621
20210106155524	0.532621
20210106155524	0.53262
20210106155524	0.540166
20210106155524	0.540166
20210106155524	0.540165
20210106155524	0.5431
20210106155524	0.543098
20210106155524	0.543098
20210106155524	0.543098
20210106155524	0.544793
20210106155524	0.544791
20210106155524	0.544791
20210106155524	0.541445
20210106155525	0.544161
20210106155525	0.544159
20210106155525	0.546237
20210106155525	0.546237
20210106155525	0.546236
20210106155525	0.546236
20210106155525	0.548226
20210106155525	0.548225
20210106155525	0.548225
20210106155525	0.555327
20210106155525	0.555327
20210106155525	0.555327
20210106155525	0.555326
20210106155525	0.557162
20210106155525	0.557162
20210106155525	0.557162
20210106155525	0.55891
20210106155525	0.55891
20210106155525	0.558908
20210106155525	0.560032
20210106155525	0.562096
20210106155525	0.562095
20210106155525	0.563649
20210106155525	0.563649
20210106155525	0.563647
20210106155525	0.563647
20210106155526	0.565114
20210106155526	0.565114
20210106155526	0.565113
20210106155526	0.560902
20210106155526	0.560902
20210106155526	0.5609
20210106155526	0.561873
20210106155526	0.561872
20210106155526	0.561872
20210106155526	0.561872
20210106155526	0.563092
20210106155526	0.56309
20210106155526	0.56309
20210106155526	0.56667
20210106155526	0.566669
20210106155526	0.566669
20210106155526	0.56769
20210106155526	0.56769
20210106155526	0.567688
20210106155526	0.567688
20210106155526	0.568622
20210106155526	0.568619
20210106155526	0.568619
20210106155526	0.574161
20210106155526	0.575209
20210106155526	0.575207
20210106155526	0.575952
20210106155526	0.575952
20210106155526	0.575949
20210106155526	0.576447
20210106155526	0.576447
20210106155526	0.576447
20210106155526	0.576445
20210106155526	0.563991
20210106155526	0.56471
20210106155526	0.564707
20210106155526	0.564707
20210106155526	0.565184
20210106155526	0.565181
20210106155526	0.565569
20210106155526	0.565567
20210106155526	0.565567
20210106155527	0.565564
20210106155527	0.573223
20210106155527	0.573223
20210106155527	0.573223
20210106155527	0.57322
20210106155527	0.573429
20210106155527	0.573426
20210106155527	0.573546
20210106155527	0.573542
20210106155527	0.573542
20210106155527	0.573539
20210106155527	0.557374
20210106155527	0.557419
20210106155527	0.557419
20210106155527	0.55743
20210106155527	0.55743
20210106155527	0.557426
20210106155527	0.557426
20210106155527	0.55734
20210106155527	0.557336
20210106155527	0.557336
20210106155527	0.56804
20210106155527	0.56804
20210106155527	0.56804
20210106155527	0.568035
20210106155527	0.567753
20210106155527	0.567753
20210106155527	0.567374
20210106155527	0.567374
20210106155527	0.567367
20210106155527	0.567367
20210106155527	0.583385
20210106155527	0.583385
20210106155527	0.583377
20210106155527	0.582879
20210106155527	0.582874
20210106155527	0.582874
20210106155527	0.582265
20210106155527	0.582265
20210106155527	0.582258
20210106155527	0.582258
20210106155527	0.574146
20210106155527	0.573239
20210106155527	0.573232
20210106155527	0.572615
20210106155527	0.572615
20210106155527	0.572608
20210106155527	0.572608
20210106155527	0.57169
20210106155527	0.57169
20210106155527	0.571682
20210106155528	0.568894
20210106155528	0.568894
20210106155528	0.568894
20210106155528	0.567835
20210106155528	0.567827
20210106155528	0.567827
20210106155528	0.567827
20210106155528	0.566657
20210106155528	0.566651
20210106155528	0.566651
20210106155528	0.569021
20210106155528	0.569011
20210106155528	0.569001
20210106155528	0.567625
20210106155528	0.567613
20210106155528	0.567613
20210106155528	0.565733
20210106155528	0.565733
20210106155528	0.565725
20210106155528	0.565725
20210106155528	0.563401
20210106155528	0.563401
20210106155528	0.56339
20210106155529	0.56339
20210106155529	0.561756
20210106155529	0.561746
20210106155529	0.55999
20210106155529	0.55999
20210106155529	0.559978
20210106155529	0.559978
20210106155529	0.507001
20210106155529	0.507001
20210106155529	0.506994
20210106155529	0.506994
20210106155529	0.505018
20210106155529	0.505018
20210106155529	0.502942
20210106155529	0.502936
20210106155529	0.502928
20210106155529	0.502928
20210106155529	0.5301
20210106155529	0.530088
20210106155529	0.530074
20210106155529	0.527827
20210106155529	0.527815
20210106155529	0.527815
20210106155529	0.525446
20210106155529	0.525446
20210106155529	0.525431
20210106155529	0.525431
20210106155529	0.538591
20210106155529	0.53611
20210106155529	0.53611
20210106155529	0.536096
20210106155529	0.533516
20210106155529	0.533497
20210106155529	0.530797
20210106155529	0.530797
20210106155529	0.530778
20210106155529	0.530778
20210106155529	0.529389
20210106155529	0.529389
20210106155529	0.529389
20210106155529	0.526518
20210106155529	0.526498
20210106155529	0.526498
20210106155529	0.526498
20210106155529	0.523516
20210106155529	0.523496
20210106155530	0.523496
20210106155530	0.438339
20210106155530	0.438339
20210106155530	0.438339
20210106155530	0.435148
20210106155530	0.435143
20210106155530	0.435143
20210106155530	0.431843
20210106155530	0.431843
20210106155530	0.431843
20210106155530	0.431839
20210106155530	0.495594
20210106155530	0.495594
20210106155530	0.495594
20210106155530	0.492116
20210106155530	0.492095
20210106155530	0.492095
20210106155530	0.492095
20210106155530	0.488511
20210106155530	0.48849
20210106155530	0.48849
20210106155530	0.472111
20210106155530	0.472111
20210106155530	0.472097
20210106155530	0.467354
20210106155530	0.467335
20210106155530	0.467335
20210106155530	0.467335
20210106155530	0.4644
20210106155530	0.464384
20210106155530	0.464384
20210106155530	0.463062
20210106155530	0.463062
20210106155530	0.463044
20210106155531	0.458977
20210106155531	0.458977
20210106155531	0.458956
20210106155531	0.454771
20210106155531	0.454771
20210106155531	0.454771
20210106155531	0.454756
20210106155531	0.41773
20210106155531	0.41773
20210106155531	0.41773
20210106155531	0.41225
20210106155531	0.412236
20210106155531	0.412236
20210106155531	0.408873
20210106155531	0.408873
20210106155531	0.408863
20210106155531	0.408863
20210106155531	0.385681
20210106155531	0.385673
20210106155532	0.385673
20210106155532	0.385663
20210106155532	0.381039
20210106155532	0.381039
20210106155532	0.381039
20210106155532	0.376321
20210106155532	0.376321
20210106155532	0.376313
20210106155532	0.414551
20210106155532	0.414551
20210106155532	0.414534
20210106155532	0.414534
20210106155532	0.40963
20210106155532	0.40963
20210106155532	0.40963
20210106155532	0.403393
20210106155532	0.403393
20210106155532	0.403377
20210106155532	0.280844
20210106155532	0.280844
20210106155532	0.280844
20210106155532	0.275728
20210106155532	0.275728
20210106155532	0.275737
20210106155532	0.275737
20210106155532	0.27054
20210106155532	0.270545
20210106155532	0.270545
20210106155532	0.360788
20210106155532	0.355496
20210106155532	0.355496
20210106155532	0.350131
20210106155532	0.35012
20210106155532	0.35012
20210106155532	0.35012
20210106155532	0.343313
20210106155532	0.343313
20210106155532	0.343306
20210106155532	0.303412
20210106155533	0.303412
20210106155533	0.303412
20210106155533	0.297821
20210106155533	0.297817
20210106155533	0.297817
20210106155533	0.297817
20210106155533	0.292162
20210106155533	0.292158
20210106155533	0.292158
20210106155533	0.194162
20210106155533	0.194162
20210106155533	0.194172
20210106155533	0.194172
20210106155533	0.186959
20210106155533	0.186959
20210106155533	0.186959
20210106155533	0.182589
20210106155533	0.182598
20210106155533	0.182598
20210106155533	0.138796
20210106155533	0.138796
20210106155533	0.138796
20210106155533	0.132846
20210106155533	0.13286
20210106155533	0.13286
20210106155533	0.126855
20210106155533	0.126855
20210106155533	0.126867
20210106155533	0.126867
20210106155533	0.221773
20210106155533	0.221773
20210106155533	0.221773
20210106155533	0.217188
20210106155533	0.217189
20210106155533	0.217189
20210106155533	0.211038
20210106155533	0.211038
20210106155533	0.211038
20210106155533	0.211039
20210106155533	0.0804929
20210106155533	0.0804929
20210106155533	0.0805017
20210106155533	0.0742342
20210106155533	0.0742342
20210106155533	0.0742412
20210106155534	0.0742412
20210106155534	0.0679462
20210106155534	0.067945
20210106155534	0.067945
20210106155534	0.0461904
20210106155534	0.0461904
20210106155534	0.0461904
20210106155534	0.0383033
20210106155534	0.0382933
20210106155534	0.0382933
20210106155534	0.0319826
20210106155534	0.0319826
20210106155534	0.0319704
20210106155534	0.0319704
20210106155534	0.0384653
20210106155534	0.0321396
20210106155534	0.0321396
20210106155534	0.0321108
20210106155534	0.0257546
20210106155534	0.0257546
20210106155534	0.0193983
20210106155534	0.0193983
20210106155534	0.0193568
20210106155534	0.0193568
20210106155534	-0.00552223
20210106155534	-0.00552223
20210106155534	-0.00558636
20210106155534	-0.00558636
20210106155534	-0.0118712
20210106155534	-0.0119575
20210106155534	-0.0119575
20210106155534	-0.0198516
20210106155534	-0.0199373
20210106155534	-0.0199373
20210106155534	-0.0178405
20210106155534	-0.017927
20210106155534	-0.018019
20210106155534	-0.018019
20210106155534	-0.0243203
20210106155534	-0.0244385
20210106155534	-0.0308142
20210106155534	-0.0308142
20210106155534	-0.0308142
20210106155534	-0.0309188
20210106155534	-0.0243919
20210106155534	-0.0307212
20210106155534	-0.0308456
20210106155534	-0.0308456
20210106155534	-0.037171
20210106155534	-0.037171
20210106155534	-0.0372492
20210106155534	-0.0449925
20210106155534	-0.0450875
20210106155534	-0.0450875
20210106155534	-0.0614816
20210106155534	-0.0614816
20210106155534	-0.0615687
20210106155534	-0.0615687
20210106155534	-0.0677901
20210106155534	-0.0678668
20210106155535	-0.0741248
20210106155535	-0.0741248
20210106155535	-0.0741803
20210106155535	-0.0741803
20210106155535	-0.0514676
20210106155535	-0.0576702
20210106155535	-0.0576702
20210106155535	-0.0653675
20210106155535	-0.0653941
20210106155535	-0.0653941
20210106155535	-0.0653941
20210106155535	-0.0699906
20210106155535	-0.0700041
20210106155535	-0.0700041
20210106155535	-0.0905096
20210106155535	-0.0905096
20210106155535	-0.0905158
20210106155535	-0.0905158
20210106155535	-0.0966567
20210106155535	-0.0966567
20210106155535	-0.102769
20210106155535	-0.102769
20210106155535	-0.102769
20210106155535	-0.102764
20210106155535	0.00985676
20210106155535	0.00224539
20210106155535	0.00224657
20210106155535	-0.00382706
20210106155535	-0.00382706
20210106155535	-0.00382548
20210106155535	-0.00837413
20210106155535	-0.00837413
20210106155535	-0.00837267
20210106155535	-0.00837267
20210106155535	0.0501199
20210106155535	0.0501199
20210106155535	0.0501199
20210106155536	0.0501192
20210106155536	0.0439746
20210106155536	0.0439738
20210106155536	0.0439738
20210106155536	0.0378288
20210106155536	0.0378288
20210106155536	0.0378287
20210106155536	-0.0760745
20210106155536	-0.0760745
20210106155536	-0.0760745
20210106155536	-0.0822317
20210106155536	-0.0822317
20210106155536	-0.0822333
20210106155536	-0.0884013
20210106155536	-0.0884025
20210106155536	-0.0884025
20210106155536	-0.0884057
20210106155536	-0.0716103
20210106155536	-0.0716103
20210106155536	-0.0716103
20210106155536	-0.0716116
20210106155536	-0.0778811
20210106155536	-0.0778827
20210106155536	-0.0841663
20210106155536	-0.0841663
20210106155536	-0.084168
20210106155536	-0.084168
20210106155536	-0.161487
20210106155536	-0.161487
20210106155536	-0.161487
20210106155536	-0.16938
20210106155536	-0.16938
20210106155536	-0.169383
20210106155537	-0.175714
20210106155537	-0.175714
20210106155537	-0.175714
20210106155537	-0.175714
20210106155537	-0.164027
20210106155537	-0.164028
20210106155537	-0.164028
20210106155537	-0.170456
20210106155537	-0.170456
20210106155537	-0.170455
20210106155537	-0.170455
20210106155537	-0.17689
20210106155537	-0.176888
20210106155537	-0.176888
20210106155537	-0.234719
20210106155537	-0.242774
20210106155537	-0.24277
20210106155537	-0.24277
20210106155537	-0.249229
20210106155537	-0.249223
20210106155537	-0.254065
20210106155537	-0.254065
20210106155537	-0.254057
20210106155537	-0.254057
20210106155537	-0.262453
20210106155537	-0.262444
20210106155537	-0.262444
20210106155537	-0.268982
20210106155537	-0.268968
20210106155537	-0.268968
20210106155538	-0.268968
20210106155538	-0.275509
20210106155538	-0.275495
20210106155538	-0.275495
20210106155538	-0.270922
20210106155538	-0.27746
20210106155538	-0.277446
20210106155538	-0.285638
20210106155538	-0.285638
20210106155538	-0.285621
20210106155538	-0.290525
20210106155538	-0.290525
20210106155538	-0.290525
20210106155538	-0.290507
20210106155538	-0.295426
20210106155538	-0.303625
20210106155538	-0.303625
20210106155538	-0.310232
20210106155538	-0.310214
20210106155538	-0.310214
20210106155538	-0.316807
20210106155538	-0.316807
20210106155538	-0.31679
20210106155538	-0.31679
20210106155538	-0.300999
20210106155538	-0.300999
20210106155538	-0.30098
20210106155538	-0.30098
20210106155538	-0.309212
20210106155538	-0.309212
20210106155538	-0.314155
20210106155538	-0.314138
20210106155538	-0.314138
20210106155538	-0.31412
20210106155538	-0.34755
20210106155538	-0.34755
20210106155538	-0.347534
20210106155538	-0.354188
20210106155538	-0.354169
20210106155538	-0.354169
20210106155538	-0.360786
20210106155538	-0.360786
20210106155538	-0.360786
20210106155538	-0.360763
20210106155538	-0.345971
20210106155538	-0.352576
20210106155538	-0.352561
20210106155538	-0.360817
20210106155538	-0.360801
20210106155538	-0.360801
20210106155538	-0.365727
20210106155538	-0.365727
20210106155539	-0.365727
20210106155539	-0.365711
20210106155539	-0.390211
20210106155539	-0.390211
20210106155539	-0.390195
20210106155539	-0.390195
20210106155539	-0.396819
20210106155539	-0.396819
20210106155539	-0.403426
20210106155539	-0.403426
20210106155539	-0.403426
20210106155539	-0.369324
20210106155539	-0.375911
20210106155539	-0.375911
20210106155539	-0.375911
20210106155539	-0.375897
20210106155539	-0.382469
20210106155539	-0.382469
20210106155539	-0.382469
20210106155539	-0.390662
20210106155539	-0.390662
20210106155539	-0.390652
20210106155539	-0.419167
20210106155539	-0.419154
20210106155539	-0.419147
20210106155539	-0.419147
20210106155539	-0.425746
20210106155539	-0.425739
20210106155539	-0.432306
20210106155539	-0.432306
20210106155539	-0.4323
20210106155539	-0.4323
20210106155539	-0.409145
20210106155539	-0.417328
20210106155539	-0.417324
20210106155539	-0.417324
20210106155539	-0.423853
20210106155539	-0.42385
20210106155539	-0.42385
20210106155539	-0.428732
20210106155539	-0.428732
20210106155539	-0.428729
20210106155539	-0.459111
20210106155539	-0.46725
20210106155539	-0.467248
20210106155539	-0.473812
20210106155539	-0.473809
20210106155539	-0.473809
20210106155539	-0.473809
20210106155539	-0.480346
20210106155539	-0.480346
20210106155539	-0.480344
20210106155539	-0.481506
20210106155539	-0.481505
20210106155539	-0.481505
20210106155539	-0.486373
20210106155539	-0.486373
20210106155540	-0.486373
20210106155540	-0.492848
20210106155540	-0.492848
20210106155540	-0.492852
20210106155540	-0.492852
20210106155540	-0.486402
20210106155540	-0.486402
20210106155540	-0.486402
20210106155540	-0.492836
20210106155540	-0.49284
20210106155540	-0.49284
20210106155540	-0.49284
20210106155540	-0.499256
20210106155540	-0.499256
20210106155540	-0.499261
20210106155540	-0.52487
20210106155540	-0.52487
20210106155540	-0.524875
20210106155540	-0.531148
20210106155540	-0.531152
20210106155540	-0.531152
20210106155540	-0.537423
20210106155540	-0.537423
20210106155540	-0.537423
20210106155540	-0.537429
20210106155540	-0.528829
20210106155540	-0.536657
20210106155540	-0.536657
20210106155540	-0.542911
20210106155540	-0.542911
20210106155540	-0.542916
20210106155540	-0.54916
20210106155540	-0.54916
20210106155540	-0.549166
20210106155540	-0.549166
20210106155540	-0.515041
20210106155540	-0.521248
20210106155540	-0.521254
20210106155540	-0.527378
20210106155540	-0.527383
20210106155540	-0.527383
20210106155540	-0.533505
20210106155540	-0.533505
20210106155540	-0.533512
20210106155540	-0.533512
20210106155540	-0.523529
20210106155540	-0.523529
20210106155540	-0.523535
20210106155540	-0.52963
20210106155541	-0.529635
20210106155541	-0.529635
20210106155541	-0.53572
20210106155541	-0.53572
20210106155541	-0.535726
20210106155541	-0.535726
20210106155541	-0.483327
20210106155541	-0.490861
20210106155541	-0.490861
20210106155541	-0.490863
20210106155541	-0.495334
20210106155541	-0.495334
20210106155541	-0.495334
20210106155541	-0.501268
20210106155541	-0.501268
20210106155541	-0.501271
20210106155541	-0.546755
20210106155541	-0.554116
20210106155541	-0.554116
20210106155541	-0.55994
20210106155541	-0.559947
20210106155541	-0.559947
20210106155541	-0.559947
20210106155541	-0.565684
20210106155541	-0.565684
20210106155541	-0.56569
20210106155541	-0.583911
20210106155541	-0.583911
20210106155541	-0.583911
20210106155541	-0.583918
20210106155541	-0.590625
20210106155541	-0.590625
20210106155541	-0.590625
20210106155541	-0.594448
20210106155541	-0.594448
20210106155541	-0.594456
20210106155541	-0.532599
20210106155541	-0.532602
20210106155541	-0.532602
20210106155541	-0.532604
20210106155541	-0.536444
20210106155541	-0.536446
20210106155541	-0.539118
20210106155541	-0.539118
20210106155541	-0.53912
20210106155542	-0.53912
20210106155542	-0.574303
20210106155542	-0.614109
20210106155542	-0.614115
20210106155542	-0.615008
20210106155542	-0.615008
20210106155542	-0.615013
20210106155542	-0.615013
20210106155542	-0.617583
20210106155542	-0.617583
20210106155542	-0.617589
20210106155542	-0.669449
20210106155542	-0.669449
20210106155542	-0.669456
20210106155542	-0.669456
20210106155542	-0.674128
20210106155542	-0.674135
20210106155542	-0.679244
20210106155542	-0.679244
20210106155542	-0.679253
20210106155542	-0.679253
20210106155542	-0.648962
20210106155542	-0.655716
20210106155542	-0.655716
20210106155542	-0.65572
20210106155542	-0.661311
20210106155542	-0.661311
20210106155542	-0.661311
20210106155542	-0.665585
20210106155542	-0.665589
20210106155542	-0.665589
20210106155542	-0.719963
20210106155542	-0.719963
20210106155542	-0.719973
20210106155542	-0.719973
20210106155542	-0.725825
20210106155542	-0.725835
20210106155542	-0.731744
20210106155542	-0.731744
20210106155542	-0.731751
20210106155542	-0.731751
20210106155542	-0.734901
20210106155542	-0.734901
20210106155542	-0.734901
20210106155542	-0.740874
20210106155542	-0.740882
20210106155542	-0.740882
20210106155542	-0.740882
20210106155543	-0.745377
20210106155543	-0.745377
20210106155543	-0.745385
20210106155543	-0.595153
20210106155543	-0.595151
20210106155543	-0.59515
20210106155543	-0.60117
20210106155543	-0.60117
20210106155543	-0.601168
20210106155543	-0.601168
20210106155543	-0.607199
20210106155543	-0.607199
20210106155543	-0.607197
20210106155543	-0.709278
20210106155543	-0.709282
20210106155543	-0.709286
20210106155543	-0.713827
20210106155543	-0.713832
20210106155543	-0.713832
20210106155543	-0.713832
20210106155543	-0.719895
20210106155543	-0.719895
20210106155543	-0.719899
20210106155543	-0.720869
20210106155543	-0.720869
20210106155543	-0.720872
20210106155543	-0.726942
20210106155543	-0.726942
20210106155543	-0.726946
20210106155543	-0.726946
20210106155543	-0.733021
20210106155543	-0.733021
20210106155544	-0.733025
20210106155544	-0.784464
20210106155544	-0.784464
20210106155544	-0.78447
20210106155544	-0.78447
20210106155544	-0.792084
20210106155544	-0.792091
20210106155544	-0.792091
20210106155544	-0.796665
20210106155544	-0.79667
20210106155544	-0.79667
20210106155544	-0.817245
20210106155544	-0.817252
20210106155544	-0.817257
20210106155544	-0.823348
20210106155544	-0.823348
20210106155544	-0.823355
20210106155544	-0.82336
20210106155544	-0.82945
20210106155544	-0.82945
20210106155544	-0.829455
20210106155544	-0.824732
20210106155544	-0.824732
20210106155544	-0.824737
20210106155544	-0.829323
20210106155544	-0.829323
20210106155544	-0.829326
20210106155544	-0.829326
20210106155544	-0.83697
20210106155544	-0.836974
20210106155544	-0.82588
20210106155544	-0.831991
20210106155544	-0.831991
20210106155544	-0.831991
20210106155544	-0.838098
20210106155544	-0.838098
20210106155544	-0.838102
20210106155545	-0.844206
20210106155545	-0.844206
20210106155545	-0.84421
20210106155545	-0.814823
20210106155545	-0.814823
20210106155545	-0.820931
20210106155545	-0.820933
20210106155545	-0.827059
20210106155545	-0.827062
20210106155545	-0.827062
20210106155545	-0.834714
20210106155545	-0.834714
20210106155545	-0.834717
20210106155545	-0.834717
20210106155545	-0.830294
20210106155545	-0.830294
20210106155545	-0.830296
20210106155545	-0.836405
20210106155545	-0.836408
20210106155545	-0.836408
20210106155545	-0.842514
20210106155545	-0.842514
20210106155545	-0.842514
20210106155545	-0.842516
20210106155545	-0.859443
20210106155545	-0.859443
20210106155545	-0.859444
20210106155545	-0.859444
20210106155545	-0.86405
20210106155545	-0.864052
20210106155545	-0.864053
20210106155545	-0.870187
20210106155545	-0.870188
20210106155545	-0.870188
20210106155545	-0.797897
20210106155545	-0.797897
20210106155545	-0.797897
20210106155545	-0.804014
20210106155545	-0.804013
20210106155545	-0.804013
20210106155545	-0.810124
20210106155545	-0.810124
20210106155545	-0.810124
20210106155545	-0.842723
20210106155545	-0.848842
20210106155545	-0.848842
20210106155545	-0.848843
20210106155545	-0.854993
20210106155545	-0.854993
20210106155545	-0.854993
20210106155545	-0.862668
20210106155545	-0.862668
20210106155545	-0.862668
20210106155545	-0.862668
20210106155545	-0.927812
20210106155545	-0.933945
20210106155545	-0.933945
20210106155545	-0.933947
20210106155545	-0.940071
20210106155545	-0.940071
20210106155545	-0.940071
20210106155545	-0.94619
20210106155545	-0.946192
20210106155545	-0.946192
20210106155545	-0.876071
20210106155545	-0.883735
20210106155545	-0.883736
20210106155546	-0.888352
20210106155546	-0.888352
20210106155546	-0.888352
20210106155546	-0.888352
20210106155546	-0.896034
20210106155546	-0.896034
20210106155546	-0.896034
20210106155546	-0.863498
20210106155546	-0.863498
20210106155546	-0.863497
20210106155546	-0.869624
20210106155546	-0.869624
20210106155546	-0.869624
20210106155546	-0.875743
20210106155546	-0.875743
20210106155546	-0.875743
20210106155546	-0.897749
20210106155546	-0.903881
20210106155546	-0.903881
20210106155546	-0.903881
20210106155546	-0.911595
20210106155546	-0.911595
20210106155546	-0.911595
20210106155546	-0.916216
20210106155546	-0.916216
20210106155546	-0.916216
20210106155546	-0.916216
20210106155546	-0.985663
20210106155546	-0.985663
20210106155546	-0.985664
20210106155546	-0.991806
20210106155546	-0.991806
20210106155546	-0.991807
20210106155546	-0.997942
20210106155546	-0.997942
20210106155546	-0.997942
20210106155546	-0.997942
20210106155546	-0.886245
20210106155546	-0.893936
20210106155546	-0.893935
20210106155546	-0.893935
20210106155546	-0.898573
20210106155546	-0.898573
20210106155546	-0.904746
20210106155546	-0.904746
20210106155546	-0.904746
20210106155546	-0.904746
20210106155546	-0.967663
20210106155546	-0.967663
20210106155546	-0.967663
20210106155547	-0.973815
20210106155547	-0.973815
20210106155547	-0.973815
20210106155547	-0.979959
20210106155547	-0.979959
20210106155547	-0.979959
20210106155547	-0.979959
20210106155547	-1.06943
20210106155547	-1.06943
20210106155547	-1.06943
20210106155547	-1.07562
20210106155547	-1.07562
20210106155547	-1.07562
20210106155547	-1.07562
20210106155547	-1.0818
20210106155547	-1.0818
20210106155547	-1.0818
20210106155547	-1.05311
20210106155547	-1.05311
20210106155547	-1.05311
20210106155547	-1.05927
20210106155547	-1.05927
20210106155547	-1.05927
20210106155547	-1.06542
20210106155547	-1.06542
20210106155547	-1.06542
20210106155547	-1.06542
20210106155547	-1.07573
20210106155547	-1.07573
20210106155547	-1.07573
20210106155547	-1.07573
20210106155547	-1.08039
20210106155547	-1.08039
20210106155547	-1.08039
20210106155547	-1.08813
20210106155547	-1.08813
20210106155547	-1.07493
20210106155547	-1.08111
20210106155547	-1.08111
20210106155547	-1.08111
20210106155548	-1.08111
20210106155548	-1.08728
20210106155548	-1.08728
20210106155548	-1.09345
20210106155548	-1.09345
20210106155548	-1.09345
20210106155548	-1.09345
20210106155548	-1.09863
20210106155548	-1.10636
20210106155548	-1.10636
20210106155548	-1.10636
20210106155548	-1.11103
20210106155548	-1.11103
20210106155548	-1.11724
20210106155548	-1.11724
20210106155548	-1.11724
20210106155548	-1.11724
20210106155548	-1.12013
20210106155548	-1.12788
20210106155548	-1.12788
20210106155548	-1.13406
20210106155548	-1.13406
20210106155548	-1.13406
20210106155548	-1.14023
20210106155548	-1.14023
20210106155548	-1.14023
20210106155548	-1.14023
20210106155548	-1.20552
20210106155548	-1.2117
20210106155548	-1.2117
20210106155548	-1.21169
20210106155548	-1.21791
20210106155548	-1.21791
20210106155548	-1.21791
20210106155548	-1.22412
20210106155548	-1.22412
20210106155548	-1.11376
20210106155548	-1.1215
20210106155548	-1.1215
20210106155548	-1.1215
20210106155548	-1.12767
20210106155548	-1.12767
20210106155548	-1.12767
20210106155548	-1.12767
20210106155548	-1.13384
20210106155548	-1.13384
20210106155548	-1.13384
20210106155548	-1.12909
20210106155548	-1.13526
20210106155548	-1.13526
20210106155549	-1.14148
20210106155549	-1.14148
20210106155549	-1.14148
20210106155549	-1.14148
20210106155549	-1.14923
20210106155549	-1.14923
20210106155549	-1.14923
20210106155549	-1.15259
20210106155549	-1.15259
20210106155549	-1.15259
20210106155549	-1.15259
20210106155549	-1.15877
20210106155549	-1.15877
20210106155549	-1.15877
20210106155549	-1.16493
20210106155549	-1.16493
20210106155549	-1.16493
20210106155549	-1.27451
20210106155549	-1.28069
20210106155549	-1.28069
20210106155549	-1.28845
20210106155549	-1.28845
20210106155549	-1.28845
20210106155549	-1.29465
20210106155549	-1.29465
20210106155549	-1.29465
20210106155549	-1.29465
20210106155549	-1.26183
20210106155549	-1.26801
20210106155549	-1.26801
20210106155549	-1.27418
20210106155549	-1.27418
20210106155549	-1.27418
20210106155549	-1.28034
20210106155549	-1.28034
20210106155549	-1.28034
20210106155549	-1.28034
20210106155549	-1.32413
20210106155549	-1.32413
20210106155549	-1.32413
20210106155550	-1.33034
20210106155550	-1.33034
20210106155550	-1.33034
20210106155550	-1.33653
20210106155550	-1.33653
20210106155550	-1.33653
20210106155550	-1.33653
20210106155550	-1.29894
20210106155550	-1.30666
20210106155550	-1.30665
20210106155550	-1.31282
20210106155550	-1.31282
20210106155550	-1.31282
20210106155550	-1.31282
20210106155550	-1.31897
20210106155550	-1.31897
20210106155550	-1.31896
20210106155550	-1.32241
20210106155550	-1.32241
20210106155550	-1.32241
20210106155550	-1.32707
20210106155550	-1.32707
20210106155550	-1.32707
20210106155550	-1.32707
20210106155550	-1.33481
20210106155550	-1.33481
20210106155550	-1.3348
20210106155550	-1.36861
20210106155550	-1.37479
20210106155550	-1.37479
20210106155550	-1.38095
20210106155550	-1.38095
20210106155550	-1.38095
20210106155550	-1.3871
20210106155550	-1.3871
20210106155550	-1.3871
20210106155550	-1.3871
20210106155550	-1.3379
20210106155550	-1.34406
20210106155550	-1.34406
20210106155551	-1.35181
20210106155551	-1.35181
20210106155551	-1.35181
20210106155551	-1.35181
20210106155551	-1.358
20210106155551	-1.358
20210106155551	-1.358
20210106155551	-1.41532
20210106155551	-1.41532
20210106155551	-1.41532
20210106155551	-1.42148
20210106155551	-1.42148
20210106155551	-1.42148
20210106155551	-1.42148
20210106155551	-1.42762
20210106155551	-1.42762
20210106155551	-1.42762
20210106155551	-1.33499
20210106155551	-1.33499
20210106155551	-1.33499
20210106155551	-1.33499
20210106155551	-1.34264
20210106155551	-1.34264
20210106155551	-1.34264
20210106155551	-1.34722
20210106155551	-1.34722
20210106155551	-1.34722
20210106155551	-1.22984
20210106155551	-1.22984
20210106155551	-1.22984
20210106155551	-1.2358
20210106155551	-1.2358
20210106155551	-1.2358
20210106155551	-1.24177
20210106155551	-1.24177
20210106155551	-1.24177
20210106155551	-1.24177
20210106155551	-1.45014
20210106155552	-1.45014
20210106155552	-1.45014
20210106155552	-1.45611
20210106155552	-1.45611
20210106155552	-1.45611
20210106155552	-1.45611
20210106155552	-1.46358
20210106155552	-1.46358
20210106155552	-1.46358
20210106155552	-1.43766
20210106155552	-1.43766
20210106155552	-1.43766
20210106155552	-1.43766
20210106155552	-1.44354
20210106155552	-1.44354
20210106155552	-1.44354
20210106155552	-1.44942
20210106155552	-1.44942
20210106155552	-1.44942
20210106155553	-1.3206
20210106155553	-1.32796
20210106155553	-1.32796
20210106155553	-1.33239
20210106155553	-1.33239
20210106155553	-1.33239
20210106155553	-1.33239
20210106155553	-1.3383
20210106155553	-1.3383
20210106155553	-1.3383
20210106155553	-1.48615
20210106155553	-1.48615
20210106155553	-1.48615
20210106155553	-1.49199
20210106155553	-1.49199
20210106155553	-1.49199
20210106155553	-1.49785
20210106155553	-1.49785
20210106155553	-1.49785
20210106155553	-1.49785
20210106155553	-1.36959
20210106155553	-1.36959
20210106155553	-1.36959
20210106155553	-1.37694
20210106155553	-1.37694
20210106155553	-1.37694
20210106155554	-1.38136
20210106155554	-1.38136
20210106155554	-1.38136
20210106155554	-1.38136
20210106155554	-1.45359
20210106155554	-1.45359
20210106155554	-1.45359
20210106155554	-1.45942
20210106155554	-1.45942
20210106155554	-1.45942
20210106155554	-1.45942
20210106155554	-1.46528
20210106155554	-1.46528
20210106155554	-1.46528
20210106155554	-1.49333
20210106155554	-1.49919
20210106155554	-1.49919
20210106155554	-1.49919
20210106155554	-1.50507
20210106155554	-1.50507
20210106155554	-1.51242
20210106155554	-1.51242
20210106155554	-1.51242
20210106155554	-1.51242
20210106155554	-1.52674
20210106155554	-1.52674
20210106155554	-1.52674
20210106155554	-1.52674
20210106155554	-1.53258
20210106155554	-1.53258
20210106155554	-1.53258
20210106155554	-1.53844
20210106155554	-1.53844
20210106155554	-1.53844
20210106155554	-1.55405
20210106155554	-1.56138
20210106155554	-1.56138
20210106155554	-1.56138
20210106155554	-1.56579
20210106155554	-1.56579
20210106155554	-1.57167
20210106155554	-1.57167
20210106155554	-1.57167
20210106155555	-1.57167
20210106155555	-1.49861
20210106155555	-1.49861
20210106155555	-1.49861
20210106155555	-1.50448
20210106155555	-1.50448
20210106155555	-1.50448
20210106155555	-1.51036
20210106155555	-1.51036
20210106155555	-1.51036
20210106155555	-1.51036
20210106155555	-1.56681
20210106155555	-1.56681
20210106155555	-1.56681
20210106155555	-1.5727
20210106155555	-1.5727
20210106155555	-1.5727
20210106155555	-1.57859
20210106155555	-1.57859
20210106155555	-1.57859
20210106155555	-1.57859
20210106155555	-1.67112
20210106155555	-1.67112
20210106155555	-1.67112
20210106155555	-1.67847
20210106155555	-1.67847
20210106155555	-1.67847
20210106155555	-1.68436
20210106155555	-1.68436
20210106155555	-1.68436
20210106155555	-1.68436
20210106155555	-1.59966
20210106155555	-1.59966
20210106155555	-1.59966
20210106155555	-1.60556
20210106155555	-1.60556
20210106155555	-1.60556
20210106155555	-1.61146
20210106155555	-1.61146
20210106155555	-1.61146
20210106155556	-1.61146
20210106155556	-1.65078
20210106155556	-1.65078
20210106155556	-1.65078
20210106155556	-1.65815
20210106155556	-1.65815
20210106155556	-1.65815
20210106155556	-1.65815
20210106155556	-1.66405
20210106155556	-1.66405
20210106155556	-1.66405
20210106155556	-1.68042
20210106155556	-1.68042
20210106155556	-1.68042
20210106155556	-1.68633
20210106155556	-1.68633
20210106155556	-1.68633
20210106155556	-1.69224
20210106155556	-1.69224
20210106155556	-1.69224
20210106155556	-1.69224
20210106155556	-1.67792
20210106155556	-1.67792
20210106155556	-1.67792
20210106155556	-1.67792
20210106155556	-1.68384
20210106155556	-1.68384
20210106155556	-1.68384
20210106155556	-1.68976
20210106155556	-1.68976
20210106155556	-1.68976
20210106155556	-1.5684
20210106155556	-1.5684
20210106155556	-1.5684
20210106155557	-1.5684
20210106155557	-1.57432
20210106155557	-1.57432
20210106155557	-1.58024
20210106155557	-1.58024
20210106155557	-1.58024
20210106155557	-1.58024
20210106155557	-1.66395
20210106155557	-1.66395
20210106155557	-1.66395
20210106155557	-1.66395
20210106155557	-1.67137
20210106155557	-1.67137
20210106155557	-1.6773
20210106155557	-1.6773
20210106155557	-1.6773
20210106155557	-1.6773
20210106155557	-1.70491
20210106155557	-1.70491
20210106155557	-1.70491
20210106155557	-1.71084
20210106155557	-1.71084
20210106155557	-1.71084
20210106155557	-1.71084
20210106155557	-1.71677
20210106155557	-1.71677
20210106155557	-1.71677
20210106155557	-1.76189
20210106155557	-1.76189
20210106155557	-1.76189
20210106155557	-1.76932
20210106155557	-1.76932
20210106155557	-1.76932
20210106155557	-1.77526
20210106155557	-1.77526
20210106155557	-1.77526
20210106155557	-1.77526
20210106155557	-1.78022
20210106155557	-1.78022
20210106155558	-1.78022
20210106155558	-1.78615
20210106155558	-1.78615
20210106155558	-1.78615
20210106155558	-1.79208
20210106155558	-1.79208
20210106155558	-1.79208
20210106155558	-1.79208
20210106155558	-1.78335
20210106155558	-1.78335
20210106155558	-1.78335
20210106155558	-1.78335
20210106155558	-1.79079
20210106155558	-1.79079
20210106155558	-1.79079
20210106155558	-1.79674
20210106155558	-1.79674
20210106155558	-1.79674
20210106155558	-1.78926
20210106155558	-1.78926
20210106155558	-1.78926
20210106155558	-1.78926
20210106155558	-1.79668
20210106155558	-1.79668
20210106155558	-1.79668
20210106155558	-1.80261
20210106155558	-1.80261
20210106155558	-1.80261
20210106155558	-1.71157
20210106155558	-1.71157
20210106155558	-1.71157
20210106155558	-1.71901
20210106155558	-1.71901
20210106155558	-1.71901
20210106155558	-1.72496
20210106155558	-1.72496
20210106155558	-1.72496
20210106155558	-1.72496
20210106155558	-1.75134
20210106155558	-1.75134
20210106155558	-1.75134
20210106155558	-1.75876
20210106155558	-1.75876
20210106155558	-1.75876
20210106155559	-1.76469
20210106155559	-1.76469
20210106155559	-1.76469
20210106155559	-1.76469
20210106155559	-1.88161
20210106155559	-1.88161
20210106155559	-1.88161
20210106155559	-1.88906
20210106155559	-1.88906
20210106155559	-1.88906
20210106155559	-1.89501
20210106155559	-1.89501
20210106155559	-1.89501
20210106155559	-1.89501
20210106155559	-1.86116
20210106155559	-1.86116
20210106155559	-1.86116
20210106155559	-1.86116
20210106155559	-1.86858
20210106155559	-1.86858
20210106155559	-1.87303
20210106155559	-1.87303
20210106155559	-1.87303
20210106155559	-1.87303
20210106155559	-1.77894
20210106155559	-1.77894
20210106155559	-1.77894
20210106155559	-1.77894
20210106155559	-1.7849
20210106155559	-1.7849
20210106155559	-1.7849
20210106155559	-1.79086
20210106155559	-1.79086
20210106155559	-1.79086
20210106155559	-1.95179
20210106155559	-1.95179
20210106155559	-1.95179
20210106155559	-1.95773
20210106155559	-1.95773
20210106155600	-1.95773
20210106155600	-1.95773
20210106155600	-1.96367
20210106155600	-1.96367
20210106155600	-1.96367
20210106155600	-1.96476
20210106155600	-1.96476
20210106155600	-1.96475
20210106155600	-1.97221
20210106155600	-1.97221
20210106155600	-1.97221
20210106155600	-1.97817
20210106155600	-1.97817
20210106155600	-1.97817
20210106155600	-1.97817
20210106155600	-1.917
20210106155600	-1.917
20210106155600	-1.917
20210106155600	-1.917
20210106155600	-1.92294
20210106155600	-1.92294
20210106155600	-1.92294
20210106155600	-1.93035
20210106155600	-1.93035
20210106155600	-1.93035
20210106155600	-1.93786
20210106155600	-1.93786
20210106155600	-1.93786
20210106155600	-1.94531
20210106155600	-1.94531
20210106155600	-1.94531
20210106155600	-1.94531
20210106155600	-1.95125
20210106155600	-1.95125
20210106155600	-1.95125
20210106155600	-1.96958
20210106155600	-1.96958
20210106155600	-1.96958
20210106155600	-1.97699
20210106155600	-1.97699
20210106155601	-1.97699
20210106155601	-1.98143
20210106155601	-1.98143
20210106155601	-1.98143
20210106155601	-1.98143
20210106155601	-1.84167
20210106155601	-1.84167
20210106155601	-1.84167
20210106155601	-1.84167
20210106155601	-1.84912
20210106155601	-1.84912
20210106155601	-1.84912
20210106155601	-1.85507
20210106155601	-1.85507
20210106155601	-1.85507
20210106155601	-2.04207
20210106155601	-2.04207
20210106155601	-2.04207
20210106155601	-2.04207
20210106155601	-2.048
20210106155601	-2.048
20210106155601	-2.05392
20210106155601	-2.05392
20210106155601	-2.05392
20210106155601	-2.05392
20210106155601	-1.95891
20210106155601	-1.95891
20210106155601	-1.95891
20210106155601	-1.95891
20210106155601	-1.96635
20210106155601	-1.96635
20210106155601	-1.9723
20210106155601	-1.9723
20210106155601	-1.9723
20210106155601	-1.9723
20210106155601	-1.99504
20210106155601	-1.99504
20210106155601	-1.99504
20210106155601	-2.00096
20210106155601	-2.00096
20210106155601	-2.00096
20210106155601	-2.00688
20210106155601	-2.00688
20210106155601	-2.00688
20210106155601	-2.00688
20210106155601	-2.01361
20210106155601	-2.01361
20210106155601	-2.01361
20210106155601	-2.02105
20210106155601	-2.02105
20210106155601	-2.02105
20210106155601	-2.02699
20210106155601	-2.02699
20210106155602	-2.02698
20210106155602	-2.02698
20210106155602	-2.10515
20210106155602	-2.10515
20210106155602	-2.10515
20210106155602	-2.11255
20210106155602	-2.11255
20210106155602	-2.11255
20210106155602	-2.11846
20210106155602	-2.11846
20210106155602	-2.11846
20210106155602	-2.11846
20210106155602	-2.13696
20210106155602	-2.13696
20210106155602	-2.13696
20210106155602	-2.13696
20210106155602	-2.09639
20210106155602	-2.09639
20210106155602	-2.09639
20210106155602	-2.09639
20210106155602	-2.09639
20210106155602	-2.09639
20210106155602	-2.09639
20210106155602	-2.09639
20210106155602	-2.09639
20210106155602	-2.09639
20210106155602	-2.09639
20210106155602	-2.09639
20210106155602	-2.09639
20210106155602	-2.09639
20210106155602	-2.09639
20210106155602	-2.09639
20210106155602	-2.09639
20210106155602	-2.09639
20210106155602	-2.09639
20210106155602	-2.09639
20210106155602	-2.09639
20210106155602	-2.09639
20210106155602	-2.09639
20210106155602	-2.09639
20210106155602	-2.09639
20210106155602	-2.09639
20210106155602	-2.09639
20210106155602	-2.09639
20210106155602	-2.09639
20210106155602	-2.09639
20210106155602	-2.09639
20210106155602	-2.09639
20210106155602	-2.09639
20210106155602	-2.09639
20210106155602	-2.09639
20210106155602	-2.09639
20210106155602	-2.09639
20210106155602	-2.09639
20210106155602	-2.09639
20210106155602	-2.09639
20210106155602	-2.09639
20210106155602	-2.09639
20210106155602	-2.09639
20210106155602	-2.09639
20210106155602	-2.09639
20210106155602	-2.09639
20210106155602	-2.09639
20210106155602	-2.09639
20210106155602	-2.09639
20210106155602	-2.09639
20210106155602	-2.09639
20210106155602	-2.09639
20210106155602	-2.09639
20210106155602	-2.09639
20210106155602	-2.09639
20210106155602	-2.09639
20210106155602	-2.09639
20210106155602	-2.09639
20210106155602	-2.09639
20210106155602	-2.09639
20210106155602	-2.09639
20210106155602	-2.09639
20210106155602	-2.09639
20210106155602	-2.09639
20210106155602	-2.09639
20210106155602	-2.09639
20210106155602	-2.09639
20210106155602	-2.09639
20210106155603	-2.09639
20210106155603	-2.09639
20210106155603	-2.09639
20210106155603	-2.09639
20210106155603	-2.09639
20210106155603	-2.09639
20210106155603	-2.09639
20210106155603	-2.09639
20210106155603	-2.09639
20210106155603	-2.09639
20210106155603	-2.09639
20210106155603	-2.09639
20210106155603	-2.09639
20210106155603	-2.09639
20210106155603	-2.09639
20210106155603	-2.09639
20210106155603	-2.09639
20210106155603	-2.09639
20210106155603	-2.09639
20210106155603	-2.09639
20210106155603	-2.09639
20210106155603	-2.09639
20210106155603	-2.09639
20210106155603	-2.09639
20210106155604	-2.09639
20210106155604	-2.09639
20210106155604	-2.09639
20210106155604	-2.09639
20210106155604	-2.09639
20210106155604	-2.09639
20210106155604	-2.09639
20210106155604	-2.09639
20210106155604	-2.09639
20210106155604	-2.09639
20210106155604	-2.09639
20210106155604	-2.09639
20210106155604	-2.09639
20210106155604	-2.09639
20210106155604	-2.09639
20210106155604	-2.09639
20210106155604	-2.09639
20210106155604	-2.09639
20210106155604	-2.09639
20210106155604	-2.09639
20210106155604	-2.09639
20210106155604	-2.09639
20210106155604	-2.09639
20210106155604	-2.09639
20210106155604	-2.09639
20210106155604	-2.09639
20210106155604	-2.09639
20210106155604	-2.09639
20210106155604	-2.09639
20210106155604	-2.09639
20210106155604	-2.09639
20210106155604	-2.09639
20210106155604	-2.09639
20210106155604	-2.09639
20210106155604	-2.09639
20210106155604	-2.09639
20210106155604	-2.09639
20210106155604	-2.09639
20210106155604	-2.09639
20210106155604	-2.09639
20210106155604	-2.09639
20210106155604	-2.09639
20210106155604	-2.09639
20210106155605	-2.09639
20210106155605	-2.09639
20210106155605	-2.09639
20210106155605	-2.09639
20210106155605	-2.09639
20210106155605	-2.09639
20210106155605	-2.09639
20210106155605	-2.09639
20210106155605	-2.09639
20210106155605	-2.09639
20210106155605	-2.09639
20210106155605	-2.09639
20210106155605	-2.09639
20210106155605	-2.09639
20210106155605	-2.09639
20210106155605	-2.09639
20210106155605	-2.09639
20210106155605	-2.09639
20210106155605	-2.09639
20210106155605	-2.09639
20210106155605	-2.09639
20210106155605	-2.09639
20210106155605	-2.09639
20210106155605	-2.09639
20210106155605	-2.09639
20210106155605	-2.09639
20210106155605	-2.09639
20210106155605	-2.09639
20210106155605	-2.09639
20210106155605	-2.09639
20210106155605	-2.09639
20210106155605	-2.09639
20210106155605	-2.09639
20210106155605	-2.09639
20210106155605	-2.09639
20210106155605	-2.09639
20210106155605	-2.09639
20210106155605	-2.09639
20210106155606	-2.09639
20210106155606	-2.09639
20210106155606	-2.09639
20210106155606	-2.09639
20210106155606	-2.09639
20210106155606	-2.09639
20210106155606	-2.09639
20210106155606	-2.09639
20210106155606	-2.09639
20210106155606	-2.09639
20210106155606	-2.09639
20210106155606	-2.09639
20210106155606	-2.09639
20210106155606	-2.09639
20210106155606	-2.09639
20210106155606	-2.09639
20210106155606	-2.09639
20210106155606	-2.09639
20210106155606	-2.09639
20210106155606	-2.09639
20210106155606	-2.09639
20210106155606	-2.09639
20210106155606	-2.09639
20210106155606	-2.09639
20210106155606	-2.09639
20210106155606	-2.09639
20210106155606	-2.09639
20210106155606	-2.09639
20210106155607	-2.09639
20210106155607	-2.09639
20210106155607	-2.09639
20210106155607	-2.09639
20210106155607	-2.09639
20210106155607	-2.09639
20210106155607	-2.09639
20210106155607	-2.09639
20210106155607	-2.09639
20210106155607	-2.09639
20210106155607	-2.09639
20210106155607	-2.09639
20210106155607	-2.09639
20210106155607	-2.09639
20210106155607	-2.09639
20210106155607	-2.09639
20210106155607	-2.09639
20210106155607	-2.09639
20210106155607	-2.09639
20210106155607	-2.09639
20210106155607	-2.09639
20210106155607	-2.09639
20210106155607	-2.09639
20210106155607	-2.09639
20210106155607	-2.09639
20210106155607	-2.09639
20210106155607	-2.09639
20210106155607	-2.09639
20210106155607	-2.09639
20210106155607	-2.09639
20210106155607	-2.09639
20210106155607	-2.09639
20210106155608	-2.09639
20210106155608	-2.09639
20210106155608	-2.09639
20210106155608	-2.09639
20210106155608	-2.09639
20210106155608	-2.09639
20210106155608	-2.09639
20210106155608	-2.09639
20210106155608	-2.09639
20210106155608	-2.09639
20210106155608	-2.09639
20210106155608	-2.09639
20210106155608	-2.09639
20210106155608	-2.09639
20210106155608	-2.09639
20210106155608	-2.09639
20210106155608	-2.09639
20210106155608	-2.09639
20210106155608	-2.09639
20210106155608	-2.09639
20210106155608	-2.09639
20210106155608	-2.09639
20210106155608	-2.09639
20210106155608	-2.09639
20210106155608	-2.09639
20210106155608	-2.09639
20210106155608	-2.09639
20210106155608	-2.09639
20210106155608	-2.09639
20210106155608	-2.09639
20210106155608	-2.09639
20210106155608	-2.09639
20210106155608	-2.09639
20210106155608	-2.09639
20210106155608	-2.09639
20210106155608	-2.09639
20210106155608	-2.09639
20210106155608	-2.09639
20210106155608	-2.09639
20210106155608	-2.09639
20210106155608	-2.09639
20210106155608	-2.09639
20210106155608	-2.09639
20210106155608	-2.09639
20210106155608	-2.09639
20210106155608	-2.09639
20210106155608	-2.09639
20210106155608	-2.09639
20210106155608	-2.09639
20210106155608	-2.09639
20210106155608	-2.09639
20210106155608	-2.09639
20210106155608	-2.09639
20210106155608	-2.09639
20210106155609	-2.09639
20210106155609	-2.09639
20210106155609	-2.09639
20210106155609	-2.09639
20210106155609	-2.09639
20210106155609	-2.09639
20210106155609	-2.09639
20210106155609	-2.09639
20210106155609	-2.09639
20210106155609	-2.09639
20210106155609	-2.09639
20210106155609	-2.09639
20210106155609	-2.09639
20210106155609	-2.09639
20210106155609	-2.09639
20210106155609	-2.09639
20210106155609	-2.09639
20210106155609	-2.09639
20210106155609	-2.09639
20210106155609	-2.09639
20210106155609	-2.09639
20210106155609	-2.09639
20210106155609	-2.09639
20210106155609	-2.09639
20210106155609	-2.09639
20210106155609	-2.09639
20210106155609	-2.09639
20210106155609	-2.09639
20210106155609	-2.09639
20210106155609	-2.09639
20210106155609	-2.09639
20210106155609	-2.09639
20210106155609	-2.09639
20210106155609	-2.09639
20210106155609	-2.09639
20210106155609	-2.09639
20210106155609	-2.09639
20210106155609	-2.09639
20210106155609	-2.09639
20210106155609	-2.09639
20210106155609	-2.09639
20210106155609	-2.09639
20210106155609	-2.09639
20210106155609	-2.09639
20210106155609	-2.09639
20210106155609	-2.09639
20210106155609	-2.09639
20210106155609	-2.09639
20210106155609	-2.09639
20210106155609	-2.09639
20210106155609	-2.09639
20210106155609	-2.09639
20210106155609	-2.09639
20210106155609	-2.09639
20210106155610	-2.09639
20210106155610	-2.09639
20210106155610	-2.09639
20210106155610	-2.09639
20210106155610	-2.09639
20210106155610	-2.09639
20210106155610	-2.09639
20210106155610	-2.09639
20210106155610	-2.09639
20210106155610	-2.09639
20210106155610	-2.09639
20210106155610	-2.09639
20210106155610	-2.09639
20210106155610	-2.09639
20210106155610	-2.09639
20210106155610	-2.09639
20210106155610	-2.09639
20210106155610	-2.09639
20210106155610	-2.09639
20210106155610	-2.09639
20210106155610	-2.09639
20210106155610	-2.09639
20210106155610	-2.09639
20210106155610	-2.09639
20210106155610	-2.09639
20210106155610	-2.09639
20210106155610	-2.09639
20210106155610	-2.09639
20210106155610	-2.09639
20210106155610	-2.09639
20210106155610	-2.09639
20210106155610	-2.09639
20210106155610	-2.09639
20210106155610	-2.09639
20210106155610	-2.09639
20210106155610	-2.09639
20210106155610	-2.09639
20210106155611	-2.09639
20210106155611	-2.09639
20210106155611	-2.09639
20210106155611	-2.09639
20210106155611	-2.09639
20210106155611	-2.09639
20210106155611	-2.09639
20210106155611	-2.09639
20210106155611	-2.09639
20210106155611	-2.09639
20210106155611	-2.09639
20210106155611	-2.09639
20210106155611	-2.09639
20210106155611	-2.09639
20210106155611	-2.09639
20210106155611	-2.09639
20210106155611	-2.09639
20210106155611	-2.09639
20210106155611	-2.09639
20210106155611	-2.09639
20210106155611	-2.09639
20210106155611	-2.09639
20210106155611	-2.09639
20210106155611	-2.09639
20210106155611	-2.09639
20210106155611	-2.09639
20210106155611	-2.09639
20210106155611	-2.09639
20210106155611	-2.09639
20210106155611	-2.09639
20210106155611	-2.09639
20210106155611	-2.09639
20210106155611	-2.09639
20210106155611	-2.09639
20210106155611	-2.09639
20210106155611	-2.09639
20210106155611	-2.09639
20210106155611	-2.09639
20210106155611	-2.09639
20210106155611	-2.09639
20210106155611	-2.09639
20210106155611	-2.09639
20210106155611	-2.09639
20210106155611	-2.09639
20210106155611	-2.09639
20210106155611	-2.09639
20210106155611	-2.09639
20210106155611	-2.09639
20210106155611	-2.09639
20210106155611	-2.09639
20210106155611	-2.09639
20210106155611	-2.09639
20210106155611	-2.09639
20210106155611	-2.09639
20210106155611	-2.09639
20210106155611	-2.09639
20210106155611	-2.09639
20210106155612	-2.09639
20210106155612	-2.09639
20210106155612	-2.09639
20210106155612	-2.09639
20210106155612	-2.09639
20210106155612	-2.09639
20210106155612	-2.09639
20210106155612	-2.09639
20210106155612	-2.09639
20210106155612	-2.09639
20210106155612	-2.09639
20210106155612	-2.09639
20210106155612	-2.09639
20210106155612	-2.09639
20210106155612	-2.09639
20210106155612	-2.09639
20210106155612	-2.09639
20210106155612	-2.09639
20210106155612	-2.09639
20210106155612	-2.09639
20210106155612	-2.09639
20210106155612	-2.09639
20210106155612	-2.09639
20210106155612	-2.09639
20210106155612	-2.09639
20210106155612	-2.09639
20210106155612	-2.09639
20210106155612	-2.09639
20210106155612	-2.09639
20210106155612	-2.09639
20210106155612	-2.09639
20210106155612	-2.09639
20210106155612	-2.09639
20210106155612	-2.09639
20210106155613	-2.09639
20210106155613	-2.09639
20210106155613	-2.09639
20210106155613	-2.09639
20210106155613	-2.09639
20210106155613	-2.09639
20210106155613	-2.09639
20210106155613	-2.09639
20210106155613	-2.09639
20210106155613	-2.09639
20210106155613	-2.09639
20210106155613	-2.09639
20210106155613	-2.09639
20210106155613	-2.09639
20210106155613	-2.09639
20210106155613	-2.09639
20210106155613	-2.09639
20210106155613	-2.09639
20210106155613	-2.09639
20210106155613	-2.09639
20210106155613	-2.09639
20210106155613	-2.09639
20210106155613	-2.09639
20210106155613	-2.09639
20210106155613	-2.09639
20210106155613	-2.09639
20210106155613	-2.09639
20210106155613	-2.09639
20210106155613	-2.09639
20210106155613	-2.09639
20210106155613	-2.09639
20210106155613	-2.09639
20210106155613	-2.09639
20210106155613	-2.09639
20210106155613	-2.09639
20210106155613	-2.09639
20210106155613	-2.09639
20210106155613	-2.09639
20210106155614	-2.09639
20210106155614	-2.09639
20210106155614	-2.09639
20210106155614	-2.09639
20210106155614	-2.09639
20210106155614	-2.09639
20210106155614	-2.09639
20210106155614	-2.09639
20210106155614	-2.09639
20210106155614	-2.09639
20210106155614	-2.09639
20210106155614	-2.09639
20210106155614	-2.09639
20210106155614	-2.09639
20210106155614	-2.09639
20210106155614	-2.09639
20210106155614	-2.09639
20210106155614	-2.09639
20210106155614	-2.09639
20210106155614	-2.09639
20210106155614	-2.09639
20210106155614	-2.09639
20210106155614	-2.09639
20210106155614	-2.09639
20210106155614	-2.09639
20210106155614	-2.09639
20210106155614	-2.09639
20210106155614	-2.09639
20210106155614	-2.09639
20210106155614	-2.09639
20210106155614	-2.09639
20210106155614	-2.09639
20210106155614	-2.09639
20210106155614	-2.09639
20210106155614	-2.09639
20210106155614	-2.09639
20210106155614	-2.09639
20210106155614	-2.09639
20210106155614	-2.09639
20210106155614	-2.09639
20210106155614	-2.09639
20210106155614	-2.09639
20210106155614	-2.09639
20210106155614	-2.09639
20210106155614	-2.09639
20210106155614	-2.09639
20210106155615	-2.09639
20210106155615	-2.09639
20210106155615	-2.09639
20210106155615	-2.09639
20210106155615	-2.09639
20210106155615	-2.09639
20210106155615	-2.09639
20210106155615	-2.09639
20210106155615	-2.09639
20210106155615	-2.09639
20210106155615	-2.09639
20210106155615	-2.09639
20210106155615	-2.09639
20210106155615	-2.09639
20210106155615	-2.09639
20210106155615	-2.09639
20210106155615	-2.09639
20210106155615	-2.09639
20210106155615	-2.09639
20210106155615	-2.09639
20210106155615	-2.09639
20210106155615	-2.09639
20210106155615	-2.09639
20210106155615	-2.09639
20210106155615	-2.09639
20210106155615	-2.09639
20210106155615	-2.09639
20210106155615	-2.09639
20210106155615	-2.09639
20210106155615	-2.09639
20210106155615	-2.09639
20210106155615	-2.09639
20210106155615	-2.09639
20210106155615	-2.09639
20210106155615	-2.09639
20210106155615	-2.09639
20210106155615	-2.09639
20210106155615	-2.09639
20210106155615	-2.09639
20210106155615	-2.09639
20210106155615	-2.09639
20210106155615	-2.09639
20210106155615	-2.09639
20210106155615	-2.09639
20210106155615	-2.09639
20210106155615	-2.09639
20210106155615	-2.09639
20210106155615	-2.09639
20210106155615	-2.09639
20210106155615	-2.09639
20210106155615	-2.09639
20210106155615	-2.09639
20210106155616	-2.09639
20210106155616	-2.09639
20210106155616	-2.09639
20210106155616	-2.09639
20210106155616	-2.09639
20210106155616	-2.09639
20210106155616	-2.09639
20210106155616	-2.09639
20210106155616	-2.09639
20210106155616	-2.09639
20210106155616	-2.09639
20210106155616	-2.09639
20210106155616	-2.09639
20210106155616	-2.09639
20210106155616	-2.09639
20210106155616	-2.09639
20210106155616	-2.09639
20210106155616	-2.09639
20210106155616	-2.09639
20210106155616	-2.09639
20210106155616	-2.09639
20210106155616	-2.09639
20210106155616	-2.09639
20210106155616	-2.09639
20210106155616	-2.09639
20210106155617	-2.09639
20210106155617	-2.09639
20210106155617	-2.09639
20210106155617	-2.09639
20210106155617	-2.09639
20210106155617	-2.09639
20210106155617	-2.09639
20210106155617	-2.09639
20210106155617	-2.09639
20210106155617	-2.09639
20210106155617	-2.09639
20210106155617	-2.09639
20210106155617	-2.09639
20210106155617	-2.09639
20210106155617	-2.09639
20210106155617	-2.09639
20210106155617	-2.09639
20210106155617	-2.09639
20210106155617	-2.09639
20210106155617	-2.09639
20210106155617	-2.09639
20210106155617	-2.09639
20210106155617	-2.09639
20210106155617	-2.09639
20210106155617	-2.09639
20210106155617	-2.09639
20210106155617	-2.09639
20210106155617	-2.09639
20210106155617	-2.09639
20210106155618	-2.09639
20210106155618	-2.09639
20210106155618	-2.09639
20210106155618	-2.09639
20210106155618	-2.09639
20210106155618	-2.09639
20210106155618	-2.09639
20210106155618	-2.09639
20210106155618	-2.09639
20210106155618	-2.09639
20210106155618	-2.09639
20210106155618	-2.09639
20210106155618	-2.09639
20210106155618	-2.09639
20210106155618	-2.09639
20210106155618	-2.09639
20210106155618	-2.09639
20210106155618	-2.09639
20210106155618	-2.09639
20210106155618	-2.09639
20210106155618	-2.09639
20210106155618	-2.09639
20210106155618	-2.09639
20210106155618	-2.09639
20210106155618	-2.09639
20210106155618	-2.09639
20210106155618	-2.09639
20210106155618	-2.09639
20210106155618	-2.09639
20210106155618	-2.09639
20210106155618	-2.09639
20210106155618	-2.09639
20210106155618	-2.09639
20210106155618	-2.09639
20210106155618	-2.09639
20210106155618	-2.09639
20210106155618	-2.09639
20210106155618	-2.09639
20210106155618	-2.09639
20210106155618	-2.09639
20210106155618	-2.09639
20210106155618	-2.09639
20210106155618	-2.09639
20210106155618	-2.09639
20210106155618	-2.09639
20210106155618	-2.09639
20210106155618	-2.09639
20210106155618	-2.09639
20210106155618	-2.09639
20210106155618	-2.09639
20210106155618	-2.09639
20210106155619	-2.09639
20210106155619	-2.09639
20210106155619	-2.09639
20210106155619	-2.09639
20210106155619	-2.09639
20210106155619	-2.09639
20210106155619	-2.09639
20210106155619	-2.09639
20210106155619	-2.09639
20210106155619	-2.09639
20210106155619	-2.09639
20210106155619	-2.09639
20210106155619	-2.09639
20210106155619	-2.09639
20210106155619	-2.09639
20210106155619	-2.09639
20210106155619	-2.09639
20210106155619	-2.09639
20210106155619	-2.09639
20210106155619	-2.09639
20210106155619	-2.09639
20210106155619	-2.09639
20210106155619	-2.09639
20210106155619	-2.09639
20210106155619	-2.09639
20210106155619	-2.09639
20210106155619	-2.09639
20210106155619	-2.09639
20210106155619	-2.09639
20210106155619	-2.09639
20210106155619	-2.09639
20210106155619	-2.09639
20210106155619	-2.09639
20210106155619	-2.09639
20210106155619	-2.09639
20210106155619	-2.09639
20210106155619	-2.09639
20210106155619	-2.09639
20210106155619	-2.09639
20210106155619	-2.09639
20210106155620	-2.09639
20210106155620	-2.09639
20210106155620	-2.09639
20210106155620	-2.09639
20210106155620	-2.09639
20210106155620	-2.09639
20210106155620	-2.09639
20210106155620	-2.09639
20210106155620	-2.09639
20210106155620	-2.09639
20210106155620	-2.09639
20210106155620	-2.09639
20210106155620	-2.09639
20210106155620	-2.09639
20210106155620	-2.09639
20210106155620	-2.09639
20210106155620	-2.09639
20210106155620	-2.09639
20210106155620	-2.09639
20210106155620	-2.09639
20210106155620	-2.09639
20210106155620	-2.09639
20210106155620	-2.09639
20210106155620	-2.09639
20210106155620	-2.09639
20210106155620	-2.09639
20210106155620	-2.09639
20210106155620	-2.09639
20210106155620	-2.09639
20210106155620	-2.09639
20210106155620	-2.09639
20210106155620	-2.09639
20210106155620	-2.09639
20210106155620	-2.09639
20210106155620	-2.09639
20210106155620	-2.09639
20210106155620	-2.09639
20210106155620	-2.09639
20210106155620	-2.09639
20210106155620	-2.09639
20210106155620	-2.09639
20210106155620	-2.09639
20210106155620	-2.09639
20210106155620	-2.09639
20210106155620	-2.09639
20210106155620	-2.09639
20210106155620	-2.09639
20210106155620	-2.09639
20210106155620	-2.09639
20210106155620	-2.09639
20210106155620	-2.09639
20210106155620	-2.09639
20210106155620	-2.09639
20210106155620	-2.09639
20210106155620	-2.09639
20210106155620	-2.09639
20210106155620	-2.09639
20210106155620	-2.09639
20210106155620	-2.09639
20210106155620	-2.09639
20210106155620	-2.09639
20210106155620	-2.09639
20210106155620	-2.09639
20210106155620	-2.09639
20210106155620	-2.09639
20210106155621	-2.09639
20210106155621	-2.09639
20210106155621	-2.09639
20210106155621	-2.09639
20210106155621	-2.09639
20210106155621	-2.09639
20210106155621	-2.09639
20210106155621	-2.09639
20210106155621	-2.09639
20210106155621	-2.09639
20210106155621	-2.09639
20210106155621	-2.09639
20210106155621	-2.09639
20210106155621	-2.09639
20210106155621	-2.09639
20210106155621	-2.09639
20210106155621	-2.09639
20210106155621	-2.09639
20210106155621	-2.09639
20210106155621	-2.09639
20210106155621	-2.09639
20210106155621	-2.09639
20210106155621	-2.09639
20210106155621	-2.09639
20210106155621	-2.09639
20210106155621	-2.09639
20210106155621	-2.09639
20210106155621	-2.09639
20210106155622	-2.09639
20210106155622	-2.09639
20210106155622	-2.09639
20210106155622	-2.09639
20210106155622	-2.09639
20210106155622	-2.09639
20210106155622	-2.09639
20210106155622	-2.09639
20210106155622	-2.09639
20210106155622	-2.09639
20210106155622	-2.09639
20210106155622	-2.09639
20210106155622	-2.09639
20210106155622	-2.09639
20210106155622	-2.09639
20210106155622	-2.09639
20210106155622	-2.09639
20210106155622	-2.09639
20210106155622	-2.09639
20210106155622	-2.09639
20210106155622	-2.09639
20210106155622	-2.09639
20210106155622	-2.09639
20210106155622	-2.09639
20210106155622	-2.09639
20210106155622	-2.09639
20210106155622	-2.09639
20210106155623	-2.09639
20210106155623	-2.09639
20210106155623	-2.09639
20210106155623	-2.09639
20210106155623	-2.09639
20210106155623	-2.09639
20210106155623	-2.09639
20210106155623	-2.09639
20210106155623	-2.09639
20210106155623	-2.09639
20210106155623	-2.09639
20210106155623	-2.09639
20210106155623	-2.09639
20210106155623	-2.09639
20210106155623	-2.09639
20210106155623	-2.09639
20210106155623	-2.09639
20210106155623	-2.09639
20210106155623	-2.09639
20210106155623	-2.09639
20210106155623	-2.09639
20210106155623	-2.09639
20210106155623	-2.09639
20210106155623	-2.09639
20210106155623	-2.09639
20210106155623	-2.09639
20210106155623	-2.09639
20210106155623	-2.09639
20210106155623	-2.09639
20210106155623	-2.09639
20210106155623	-2.09639
20210106155623	-2.09639
20210106155623	-2.09639
20210106155623	-2.09639
20210106155623	-2.09639
20210106155623	-2.09639
20210106155623	-2.09639
20210106155623	-2.09639
20210106155623	-2.09639
20210106155623	-2.09639
20210106155623	-2.09639
20210106155623	-2.09639
20210106155623	-2.09639
20210106155623	-2.09639
20210106155623	-2.09639
20210106155623	-2.09639
20210106155623	-2.09639
20210106155623	-2.09639
20210106155623	-2.09639
20210106155624	-2.09639
20210106155624	-2.09639
20210106155624	-2.09639
20210106155624	-2.09639
20210106155624	-2.09639
20210106155624	-2.09639
20210106155624	-2.09639
20210106155624	-2.09639
20210106155624	-2.09639
20210106155624	-2.09639
20210106155624	-2.09639
20210106155624	-2.09639
20210106155624	-2.09639
20210106155624	-2.09639
20210106155624	-2.09639
20210106155624	-2.09639
20210106155624	-2.09639
20210106155624	-2.09639
20210106155624	-2.09639
20210106155624	-2.09639
20210106155624	-2.09639
20210106155624	-2.09639
20210106155624	-2.09639
20210106155624	-2.09639
20210106155624	-2.09639
20210106155624	-2.09639
20210106155624	-2.09639
20210106155624	-2.09639
20210106155624	-2.09639
20210106155624	-2.09639
20210106155624	-2.09639
20210106155624	-2.09639
20210106155624	-2.09639
20210106155624	-2.09639
20210106155624	-2.09639
20210106155624	-2.09639
20210106155624	-2.09639
20210106155624	-2.09639
20210106155624	-2.09639
20210106155624	-2.09639
20210106155624	-2.09639
20210106155624	-2.09639
20210106155624	-2.09639
20210106155625	-2.09639
20210106155625	-2.09639
20210106155625	-2.09639
20210106155625	-2.09639
20210106155625	-2.09639
20210106155625	-2.09639
20210106155625	-2.09639
20210106155625	-2.09639
20210106155625	-2.09639
20210106155625	-2.09639
20210106155625	-2.09639
20210106155625	-2.09639
20210106155625	-2.09639
20210106155625	-2.09639
20210106155625	-2.09639
20210106155625	-2.09639
20210106155625	-2.09639
20210106155625	-2.09639
20210106155625	-2.09639
20210106155625	-2.09639
20210106155625	-2.09639
20210106155625	-2.09639
20210106155625	-2.09639
20210106155625	-2.09639
20210106155625	-2.09639
20210106155625	-2.09639
20210106155625	-2.09639
20210106155625	-2.09639
20210106155625	-2.09639
20210106155625	-2.09639
20210106155626	-2.09639
20210106155626	-2.09639
20210106155626	-2.09639
20210106155626	-2.09639
20210106155626	-2.09639
20210106155626	-2.09639
20210106155626	-2.09639
20210106155626	-2.09639
20210106155626	-2.09639
20210106155626	-2.09639
20210106155626	-2.09639
20210106155626	-2.09639
20210106155626	-2.09639
20210106155626	-2.09639
20210106155626	-2.09639
20210106155626	-2.09639
20210106155626	-2.09639
20210106155626	-2.09639
20210106155626	-2.09639
20210106155626	-2.09639
20210106155626	-2.09639
20210106155626	-2.09639
20210106155626	-2.09639
20210106155626	-2.09639
20210106155626	-2.09639
20210106155626	-2.09639
20210106155626	-2.09639
20210106155626	-2.09639
20210106155626	-2.09639
20210106155626	-2.09639
20210106155626	-2.09639
20210106155626	-2.09639
20210106155626	-2.09639
20210106155626	-2.09639
20210106155626	-2.09639
20210106155626	-2.09639
20210106155626	-2.09639
20210106155626	-2.09639
20210106155626	-2.09639
20210106155627	-2.09639
20210106155627	-2.09639
20210106155627	-2.09639
20210106155627	-2.09639
20210106155627	-2.09639
20210106155627	-2.09639
20210106155627	-2.09639
20210106155627	-2.09639
20210106155627	-2.09639
20210106155627	-2.09639
20210106155627	-2.09639
20210106155627	-2.09639
20210106155627	-2.09639
20210106155627	-2.09639
20210106155627	-2.09639
20210106155627	-2.09639
20210106155627	-2.09639
20210106155627	-2.09639
20210106155627	-2.09639
20210106155627	-2.09639
20210106155627	-2.09639
20210106155627	-2.09639
20210106155627	-2.09639
20210106155627	-2.09639
20210106155627	-2.09639
20210106155627	-2.09639
20210106155627	-2.09639
20210106155627	-2.09639
20210106155627	-2.09639
20210106155627	-2.09639
20210106155627	-2.09639
20210106155627	-2.09639
20210106155627	-2.09639
20210106155627	-2.09639
20210106155627	-2.09639
20210106155627	-2.09639
20210106155627	-2.09639
20210106155627	-2.09639
20210106155627	-2.09639
20210106155627	-2.09639
20210106155627	-2.09639
20210106155627	-2.09639
20210106155627	-2.09639
20210106155627	-2.09639
20210106155627	-2.09639
20210106155627	-2.09639
20210106155627	-2.09639
20210106155627	-2.09639
20210106155627	-2.09639
20210106155627	-2.09639
20210106155627	-2.09639
20210106155627	-2.09639
20210106155628	-2.09639
20210106155628	-2.09639
20210106155628	-2.09639
20210106155628	-2.09639
20210106155628	-2.09639
20210106155628	-2.09639
20210106155628	-2.09639
20210106155628	-2.09639
20210106155628	-2.09639
20210106155628	-2.09639
20210106155628	-2.09639
20210106155628	-2.09639
20210106155628	-2.09639
20210106155628	-2.09639
20210106155628	-2.09639
20210106155628	-2.09639
20210106155628	-2.09639
20210106155628	-2.09639
20210106155628	-2.09639
20210106155628	-2.09639
20210106155628	-2.09639
20210106155628	-2.09639
20210106155628	-2.09639
20210106155628	-2.09639
20210106155628	-2.09639
20210106155628	-2.09639
20210106155628	-2.09639
20210106155628	-2.09639
20210106155628	-2.09639
20210106155628	-2.09639
20210106155628	-2.09639
20210106155628	-2.09639
20210106155628	-2.09639
20210106155628	-2.09639
20210106155628	-2.09639
20210106155628	-2.09639
20210106155628	-2.09639
20210106155628	-2.09639
20210106155628	-2.09639
20210106155628	-2.09639
20210106155628	-2.09639
20210106155628	-2.09639
20210106155628	-2.09639
20210106155629	-2.09639
20210106155629	-2.09639
20210106155629	-2.09639
20210106155629	-2.09639
20210106155629	-2.09639
20210106155629	-2.09639
20210106155629	-2.09639
20210106155629	-2.09639
20210106155629	-2.09639
20210106155629	-2.09639
20210106155629	-2.09639
20210106155629	-2.09639
20210106155629	-2.09639
20210106155629	-2.09639
20210106155629	-2.09639
20210106155629	-2.09639
20210106155629	-2.09639
20210106155629	-2.09639
20210106155629	-2.09639
20210106155629	-2.09639
20210106155629	-2.09639
20210106155629	-2.09639
20210106155629	-2.09639
20210106155629	-2.09639
20210106155629	-2.09639
20210106155629	-2.09639
20210106155629	-2.09639
20210106155629	-2.09639
20210106155629	-2.09639
20210106155629	-2.09639
20210106155629	-2.09639
20210106155629	-2.09639
20210106155629	-2.09639
20210106155629	-2.09639
20210106155629	-2.09639
20210106155629	-2.09639
20210106155629	-2.09639
20210106155629	-2.09639
20210106155629	-2.09639
20210106155629	-2.09639
20210106155629	-2.09639
20210106155629	-2.09639
20210106155629	-2.09639
20210106155630	-2.09639
20210106155630	-2.09639
20210106155630	-2.09639
20210106155630	-2.09639
20210106155630	-2.09639
20210106155630	-2.09639
20210106155630	-2.09639
20210106155630	-2.09639
20210106155630	-2.09639
20210106155630	-2.09639
20210106155630	-2.09639
20210106155630	-2.09639
20210106155630	-2.09639
20210106155630	-2.09639
20210106155630	-2.09639
20210106155630	-2.09639
20210106155630	-2.09639
20210106155630	-2.09639
20210106155630	-2.09639
20210106155630	-2.09639
20210106155630	-2.09639
20210106155630	-2.09639
20210106155630	-2.09639
20210106155630	-2.09639
20210106155630	-2.09639
20210106155630	-2.09639
20210106155630	-2.09639
20210106155630	-2.09639
20210106155630	-2.09639
20210106155630	-2.09639
20210106155630	-2.09639
20210106155631	-2.09639
20210106155631	-2.09639
20210106155631	-2.09639
20210106155631	-2.09639
20210106155631	-2.09639
20210106155631	-2.09639
20210106155631	-2.09639
20210106155631	-2.09639
20210106155631	-2.09639
20210106155631	-2.09639
20210106155631	-2.09639
20210106155631	-2.09639
20210106155631	-2.09639
20210106155631	-2.09639
20210106155631	-2.09639
20210106155631	-2.09639
20210106155631	-2.09639
20210106155631	-2.09639
20210106155631	-2.09639
20210106155631	-2.09639
20210106155631	-2.09639
20210106155631	-2.09639
20210106155631	-2.09639
20210106155631	-2.09639
20210106155631	-2.09639
20210106155631	-2.09639
20210106155631	-2.09639
20210106155631	-2.09639
20210106155631	-2.09639
20210106155631	-2.09639
20210106155631	-2.09639
20210106155631	-2.09639
20210106155631	-2.09639
20210106155631	-2.09639
20210106155631	-2.09639
20210106155631	-2.09639
20210106155631	-2.09639
20210106155631	-2.09639
20210106155631	-2.09639
20210106155631	-2.09639
20210106155631	-2.09639
20210106155631	-2.09639
20210106155631	-2.09639
20210106155631	-2.09639
20210106155631	-2.09639
20210106155631	-2.09639
20210106155631	-2.09639
20210106155631	-2.09639
20210106155631	-2.09639
20210106155631	-2.09639
20210106155631	-2.09639
20210106155631	-2.09639
20210106155632	-2.09639
20210106155632	-2.09639
20210106155632	-2.09639
20210106155632	-2.09639
20210106155632	-2.09639
20210106155632	-2.09639
20210106155632	-2.09639
20210106155632	-2.09639
20210106155632	-2.09639
20210106155632	-2.09639
20210106155632	-2.09639
20210106155632	-2.09639
20210106155632	-2.09639
20210106155632	-2.09639
20210106155632	-2.09639
20210106155632	-2.09639
20210106155632	-2.09639
20210106155632	-2.09639
20210106155632	-2.09639
20210106155632	-2.09639
20210106155632	-2.09639
20210106155632	-2.09639
20210106155632	-2.09639
20210106155632	-2.09639
20210106155632	-2.09639
20210106155632	-2.09639
20210106155632	-2.09639
20210106155632	-2.09639
20210106155633	-2.09639
20210106155633	-2.09639
20210106155633	-2.09639
20210106155633	-2.09639
20210106155633	-2.09639
20210106155633	-2.09639
20210106155633	-2.09639
20210106155633	-2.09639
20210106155633	-2.09639
20210106155633	-2.09639
20210106155633	-2.09639
20210106155633	-2.09639
20210106155633	-2.09639
20210106155633	-2.09639
20210106155633	-2.09639
20210106155633	-2.09639
20210106155633	-2.09639
20210106155633	-2.09639
20210106155633	-2.09639
20210106155633	-2.09639
20210106155633	-2.09639
20210106155633	-2.09639
20210106155633	-2.09639
20210106155634	-2.09639
20210106155634	-2.09639
20210106155634	-2.09639
20210106155634	-2.09639
20210106155634	-2.09639
20210106155634	-2.09639
20210106155634	-2.09639
20210106155634	-2.09639
20210106155634	-2.09639
20210106155634	-2.09639
20210106155634	-2.09639
20210106155634	-2.09639
20210106155634	-2.09639
20210106155634	-2.09639
20210106155634	-2.09639
20210106155634	-2.09639
20210106155634	-2.09639
20210106155634	-2.09639
20210106155634	-2.09639
20210106155634	-2.09639
20210106155634	-2.09639
20210106155634	-2.09639
20210106155634	-2.09639
20210106155634	-2.09639
20210106155634	-2.09639
20210106155634	-2.09639
20210106155634	-2.09639
20210106155634	-2.09639
20210106155634	-2.09639
20210106155634	-2.09639
20210106155634	-2.09639
20210106155634	-2.09639
20210106155634	-2.09639
20210106155634	-2.09639
20210106155634	-2.09639
20210106155634	-2.09639
20210106155634	-2.09639
20210106155634	-2.09639
20210106155634	-2.09639
20210106155634	-2.09639
20210106155634	-2.09639
20210106155634	-2.09639
20210106155634	-2.09639
20210106155634	-2.09639
20210106155635	-2.09639
20210106155635	-2.09639
20210106155635	-2.09639
20210106155635	-2.09639
20210106155635	-2.09639
20210106155635	-2.09639
20210106155635	-2.09639
20210106155635	-2.09639
20210106155635	-2.09639
20210106155635	-2.09639
20210106155635	-2.09639
20210106155635	-2.09639
20210106155635	-2.09639
20210106155635	-2.09639
20210106155635	-2.09639
20210106155635	-2.09639
20210106155635	-2.09639
20210106155635	-2.09639
20210106155635	-2.09639
20210106155635	-2.09639
20210106155635	-2.09639
20210106155635	-2.09639
20210106155635	-2.09639
20210106155635	-2.09639
20210106155635	-2.09639
20210106155635	-2.09639
20210106155635	-2.09639
20210106155635	-2.09639
20210106155635	-2.09639
20210106155635	-2.09639
20210106155635	-2.09639
20210106155635	-2.09639
20210106155635	-2.09639
20210106155635	-2.09639
20210106155635	-2.09639
20210106155635	-2.09639
20210106155635	-2.09639
20210106155635	-2.09639
20210106155635	-2.09639
20210106155635	-2.09639
20210106155635	-2.09639
20210106155635	-2.09639
20210106155635	-2.09639
20210106155635	-2.09639
20210106155635	-2.09639
20210106155635	-2.09639
20210106155635	-2.09639
20210106155635	-2.09639
20210106155635	-2.09639
20210106155635	-2.09639
20210106155635	-2.09639
20210106155635	-2.09639
20210106155635	-2.09639
20210106155635	-2.09639
20210106155635	-2.09639
20210106155635	-2.09639
20210106155635	-2.09639
20210106155636	-2.09639
20210106155636	-2.09639
20210106155636	-2.09639
20210106155636	-2.09639
20210106155636	-2.09639
20210106155636	-2.09639
20210106155636	-2.09639
20210106155636	-2.09639
20210106155636	-2.09639
20210106155636	-2.09639
20210106155636	-2.09639
20210106155636	-2.09639
20210106155636	-2.09639
20210106155636	-2.09639
20210106155636	-2.09639
20210106155636	-2.09639
20210106155636	-2.09639
20210106155636	-2.09639
20210106155636	-2.09639
20210106155636	-2.09639
20210106155636	-2.09639
20210106155636	-2.09639
20210106155636	-2.09639
20210106155636	-2.09639
20210106155636	-2.09639
20210106155636	-2.09639
20210106155636	-2.09639
20210106155636	-2.09639
20210106155636	-2.09639
20210106155636	-2.09639
20210106155636	-2.09639
20210106155636	-2.09639
20210106155636	-2.09639
20210106155636	-2.09639
20210106155636	-2.09639
20210106155636	-2.09639
20210106155636	-2.09639
20210106155636	-2.09639
20210106155636	-2.09639
20210106155636	-2.09639
20210106155636	-2.09639
20210106155636	-2.09639
20210106155636	-2.09639
20210106155636	-2.09639
20210106155636	-2.09639
20210106155636	-2.09639
20210106155636	-2.09639
20210106155636	-2.09639
20210106155636	-2.09639
20210106155636	-2.09639
20210106155636	-2.09639
20210106155636	-2.09639
20210106155637	-2.09639
20210106155637	-2.09639
20210106155637	-2.09639
20210106155637	-2.09639
20210106155637	-2.09639
20210106155637	-2.09639
20210106155637	-2.09639
20210106155637	-2.09639
20210106155637	-2.09639
20210106155637	-2.09639
20210106155637	-2.09639
20210106155637	-2.09639
20210106155637	-2.09639
20210106155637	-2.09639
20210106155637	-2.09639
20210106155637	-2.09639
20210106155637	-2.09639
20210106155637	-2.09639
20210106155637	-2.09639
20210106155637	-2.09639
20210106155637	-2.09639
20210106155637	-2.09639
20210106155637	-2.09639
20210106155637	-2.09639
20210106155637	-2.09639
20210106155637	-2.09639
20210106155637	-2.09639
20210106155637	-2.09639
20210106155637	-2.09639
20210106155637	-2.09639
20210106155637	-2.09639
20210106155637	-2.09639
20210106155637	-2.09639
20210106155637	-2.09639
20210106155637	-2.09639
20210106155637	-2.09639
20210106155637	-2.09639
20210106155637	-2.09639
20210106155637	-2.09639
20210106155637	-2.09639
20210106155637	-2.09639
20210106155637	-2.09639
20210106155637	-2.09639
20210106155637	-2.09639
20210106155638	-2.09639
20210106155638	-2.09639
20210106155638	-2.09639
20210106155638	-2.09639
20210106155638	-2.09639
20210106155638	-2.09639
20210106155638	-2.09639
20210106155638	-2.09639
20210106155638	-2.09639
20210106155638	-2.09639
20210106155638	-2.09639
20210106155638	-2.09639
20210106155638	-2.09639
20210106155638	-2.09639
20210106155638	-2.09639
20210106155638	-2.09639
20210106155638	-2.09639
20210106155638	-2.09639
20210106155638	-2.09639
20210106155638	-2.09639
20210106155638	-2.09639
20210106155638	-2.09639
20210106155638	-2.09639
20210106155638	-2.09639
20210106155638	-2.09639
20210106155638	-2.09639
20210106155638	-2.09639
20210106155638	-2.09639
20210106155638	-2.09639
20210106155638	-2.09639
20210106155638	-2.09639
20210106155638	-2.09639
20210106155638	-2.09639
20210106155638	-2.09639
20210106155638	-2.09639
20210106155638	-2.09639
20210106155638	-2.09639
20210106155638	-2.09639
20210106155638	-2.09639
20210106155638	-2.09639
20210106155638	-2.09639
20210106155638	-2.09639
20210106155638	-2.09639
20210106155638	-2.09639
20210106155638	-2.09639
20210106155638	-2.09639
20210106155638	-2.09639
20210106155638	-2.09639
20210106155639	-2.09639
20210106155639	-2.09639
20210106155639	-2.09639
20210106155639	-2.09639
20210106155639	-2.09639
20210106155639	-2.09639
20210106155639	-2.09639
20210106155639	-2.09639
20210106155639	-2.09639
20210106155639	-2.09639
20210106155639	-2.09639
20210106155639	-2.09639
20210106155639	-2.09639
20210106155639	-2.09639
20210106155639	-2.09639
20210106155639	-2.09639
20210106155639	-2.09639
20210106155639	-2.09639
20210106155639	-2.09639
20210106155639	-2.09639
