20210111015213	26.1052
20210111015213	26.1052
20210111015213	26.1052
20210111015213	26.0535
20210111015213	26.0535
20210111015213	26.0535
20210111015213	25.9894
20210111015213	25.9894
20210111015213	25.9894
20210111015213	25.9894
20210111015213	25.9381
20210111015213	25.9381
20210111015213	25.9381
20210111015213	25.887
20210111015213	25.887
20210111015213	25.887
20210111015213	25.8358
20210111015213	25.8358
20210111015213	25.8358
20210111015213	25.7846
20210111015213	25.7846
20210111015213	25.7846
20210111015213	25.7846
20210111015214	25.7207
20210111015214	25.7207
20210111015214	25.7207
20210111015214	25.6824
20210111015214	25.6824
20210111015214	25.6824
20210111015214	25.6185
20210111015214	25.6185
20210111015214	25.6185
20210111015214	25.6185
20210111015214	25.5675
20210111015214	25.5675
20210111015214	25.5675
20210111015214	25.5165
20210111015214	25.5165
20210111015214	25.5165
20210111015214	25.5165
20210111015214	25.4656
20210111015214	25.4656
20210111015214	25.4656
20210111015214	25.4021
20210111015214	25.4021
20210111015214	25.4021
20210111015214	25.3641
20210111015214	25.3641
20210111015214	25.3641
20210111015214	25.3007
20210111015214	25.3007
20210111015214	25.3007
20210111015214	25.3007
20210111015214	25.2499
20210111015214	25.2499
20210111015215	25.2499
20210111015215	25.1992
20210111015215	25.1992
20210111015215	25.1992
20210111015215	25.1992
20210111015215	25.1483
20210111015215	25.1483
20210111015215	25.1483
20210111015215	25.0845
20210111015215	25.0845
20210111015215	25.0845
20210111015215	25.0462
20210111015215	25.0462
20210111015215	25.0462
20210111015215	24.9822
20210111015215	24.9822
20210111015215	24.9822
20210111015215	24.9822
20210111015215	24.9309
20210111015215	24.9309
20210111015215	24.9309
20210111015215	24.8794
20210111015215	24.8794
20210111015215	24.8794
20210111015215	24.8794
20210111015215	24.8149
20210111015215	24.8149
20210111015215	24.8149
20210111015215	24.7761
20210111015215	24.7761
20210111015215	24.7761
20210111015215	24.7245
20210111015215	24.7245
20210111015215	24.7245
20210111015215	24.6599
20210111015215	24.6599
20210111015215	24.6599
20210111015216	24.6599
20210111015216	24.6083
20210111015216	24.6083
20210111015216	24.6083
20210111015216	24.5565
20210111015216	24.5565
20210111015216	24.5565
20210111015216	24.5046
20210111015216	24.5046
20210111015216	24.5046
20210111015216	24.5046
20210111015216	24.4527
20210111015216	24.4527
20210111015216	24.4527
20210111015216	24.4009
20210111015216	24.4009
20210111015216	24.4009
20210111015216	24.3361
20210111015216	24.3361
20210111015216	24.3361
20210111015216	24.3361
20210111015216	24.2844
20210111015216	24.2844
20210111015216	24.2844
20210111015216	24.2326
20210111015216	24.2326
20210111015216	24.2326
20210111015216	24.2326
20210111015216	24.181
20210111015216	24.181
20210111015216	24.181
20210111015217	24.1294
20210111015217	24.1294
20210111015217	24.1294
20210111015217	24.0779
20210111015217	24.0779
20210111015217	24.0779
20210111015217	24.0779
20210111015217	24.0139
20210111015217	24.0139
20210111015217	24.0139
20210111015217	23.9627
20210111015217	23.9627
20210111015217	23.9627
20210111015217	23.9116
20210111015217	23.9116
20210111015217	23.9116
20210111015217	23.9116
20210111015217	23.8479
20210111015217	23.8479
20210111015217	23.8479
20210111015217	23.7973
20210111015217	23.7973
20210111015217	23.7973
20210111015217	23.7593
20210111015217	23.7593
20210111015217	23.7593
20210111015217	23.7593
20210111015217	23.6962
20210111015217	23.6962
20210111015218	23.6962
20210111015218	23.6461
20210111015218	23.6461
20210111015218	23.6461
20210111015218	23.5964
20210111015218	23.5964
20210111015218	23.5964
20210111015218	23.535
20210111015218	23.535
20210111015218	23.535
20210111015218	23.535
20210111015218	23.4985
20210111015218	23.4985
20210111015218	23.4985
20210111015218	23.4382
20210111015218	23.4382
20210111015218	23.4382
20210111015218	23.3903
20210111015218	23.3903
20210111015218	23.3903
20210111015218	23.3903
20210111015218	23.3428
20210111015218	23.3428
20210111015218	23.3428
20210111015218	23.2958
20210111015218	23.2958
20210111015218	23.2958
20210111015218	23.2495
20210111015218	23.2495
20210111015218	23.2495
20210111015218	23.2495
20210111015218	23.1926
20210111015218	23.1926
20210111015218	23.1926
20210111015218	23.1589
20210111015218	23.1589
20210111015218	23.1589
20210111015218	23.1036
20210111015218	23.1036
20210111015219	23.1036
20210111015219	23.1036
20210111015219	23.0602
20210111015219	23.0602
20210111015219	23.0602
20210111015219	23.0177
20210111015219	23.0177
20210111015219	23.0177
20210111015219	23.0177
20210111015219	22.9761
20210111015219	22.9761
20210111015219	22.9761
20210111015219	22.9359
20210111015219	22.9359
20210111015219	22.9359
20210111015219	22.8967
20210111015219	22.8967
20210111015219	22.8967
20210111015219	22.8491
20210111015219	22.8491
20210111015219	22.8491
20210111015219	22.8491
20210111015219	22.8124
20210111015219	22.8124
20210111015219	22.8124
20210111015219	22.7769
20210111015219	22.7769
20210111015220	22.7769
20210111015220	22.7428
20210111015220	22.7428
20210111015220	22.7428
20210111015220	22.7428
20210111015220	22.7103
20210111015220	22.7103
20210111015220	22.7103
20210111015220	22.679
20210111015220	22.679
20210111015220	22.679
20210111015220	22.642
20210111015220	22.642
20210111015220	22.642
20210111015220	22.642
20210111015220	22.614
20210111015220	22.614
20210111015220	22.614
20210111015220	22.5876
20210111015220	22.5876
20210111015220	22.5876
20210111015220	22.5876
20210111015220	22.557
20210111015220	22.557
20210111015220	22.557
20210111015220	22.5402
20210111015220	22.5402
20210111015220	22.5402
20210111015220	22.5402
20210111015220	22.5193
20210111015220	22.5193
20210111015220	22.5193
20210111015220	22.4958
20210111015220	22.4958
20210111015220	22.4958
20210111015220	22.4791
20210111015220	22.4791
20210111015220	22.4791
20210111015220	22.4643
20210111015220	22.4643
20210111015220	22.4643
20210111015220	22.4643
20210111015220	22.4514
20210111015220	22.4514
20210111015220	22.4514
20210111015220	22.4388
20210111015220	22.4388
20210111015221	22.4388
20210111015221	22.4328
20210111015221	22.4328
20210111015221	22.4328
20210111015221	22.4328
20210111015221	22.4255
20210111015221	22.4255
20210111015221	22.4255
20210111015221	22.4221
20210111015221	22.4221
20210111015221	22.4221
20210111015221	22.4209
20210111015221	22.4209
20210111015221	22.4209
20210111015221	22.422
20210111015221	22.422
20210111015221	22.422
20210111015221	22.422
20210111015221	22.4255
20210111015221	22.4255
20210111015221	22.4313
20210111015221	22.4313
20210111015221	22.4313
20210111015221	22.4313
20210111015221	22.4428
20210111015221	22.4428
20210111015222	22.4428
20210111015222	22.4428
20210111015222	22.4555
20210111015222	22.4555
20210111015222	22.4555
20210111015222	22.4706
20210111015222	22.4706
20210111015222	22.4706
20210111015222	22.4706
20210111015222	22.488
20210111015222	22.488
20210111015222	22.488
20210111015222	22.5134
20210111015222	22.5134
20210111015222	22.5134
20210111015222	22.5306
20210111015222	22.5306
20210111015222	22.5306
20210111015222	22.5628
20210111015222	22.5628
20210111015222	22.5628
20210111015222	22.5628
20210111015222	22.592
20210111015222	22.592
20210111015222	22.592
20210111015222	22.6235
20210111015222	22.6235
20210111015222	22.6235
20210111015222	22.6235
20210111015222	22.6575
20210111015222	22.6575
20210111015222	22.6575
20210111015222	22.7036
20210111015222	22.7036
20210111015222	22.7036
20210111015223	22.7331
20210111015223	22.7331
20210111015223	22.7331
20210111015223	22.7331
20210111015223	22.7854
20210111015223	22.7854
20210111015223	22.7854
20210111015223	22.8302
20210111015223	22.8302
20210111015223	22.8302
20210111015223	22.8771
20210111015223	22.8771
20210111015223	22.8771
20210111015223	22.8771
20210111015223	22.9388
20210111015223	22.9388
20210111015223	22.9388
20210111015223	22.9773
20210111015223	22.9773
20210111015223	22.9773
20210111015223	23.0303
20210111015223	23.0303
20210111015223	23.0303
20210111015223	23.0996
20210111015223	23.0996
20210111015223	23.0996
20210111015223	23.0996
20210111015224	23.1575
20210111015224	23.1575
20210111015224	23.217
20210111015224	23.217
20210111015224	23.217
20210111015224	23.217
20210111015224	23.2783
20210111015224	23.2783
20210111015224	23.2783
20210111015224	23.2783
20210111015224	23.3414
20210111015224	23.3414
20210111015224	23.3414
20210111015224	23.4064
20210111015224	23.4064
20210111015224	23.4064
20210111015224	23.4903
20210111015224	23.4903
20210111015224	23.4903
20210111015224	23.4903
20210111015224	23.5593
20210111015224	23.5593
20210111015224	23.5593
20210111015224	23.6302
20210111015224	23.6302
20210111015224	23.6302
20210111015224	23.6302
20210111015224	23.7027
20210111015224	23.7027
20210111015224	23.7027
20210111015224	23.7768
20210111015224	23.7768
20210111015224	23.7768
20210111015224	23.8522
20210111015224	23.8522
20210111015225	23.8522
20210111015225	23.9484
20210111015225	23.9484
20210111015225	23.9484
20210111015225	23.9484
20210111015225	24.0271
20210111015225	24.0271
20210111015225	24.0271
20210111015225	24.1069
20210111015225	24.1069
20210111015225	24.1069
20210111015225	24.1069
20210111015225	24.1878
20210111015225	24.1878
20210111015225	24.1878
20210111015225	24.2697
20210111015225	24.2697
20210111015225	24.2697
20210111015225	24.3526
20210111015225	24.3526
20210111015225	24.3526
20210111015225	24.3526
20210111015225	24.4574
20210111015225	24.4574
20210111015225	24.4574
20210111015225	24.5427
20210111015225	24.5427
20210111015225	24.5427
20210111015225	24.6287
20210111015225	24.6287
20210111015225	24.6287
20210111015225	24.6287
20210111015225	24.7155
20210111015225	24.7155
20210111015225	24.7155
20210111015225	24.825
20210111015226	24.825
20210111015226	24.825
20210111015226	24.8911
20210111015226	24.8911
20210111015226	24.8911
20210111015226	25.0021
20210111015226	25.0021
20210111015226	25.0021
20210111015226	25.0021
20210111015226	25.0916
20210111015226	25.0916
20210111015226	25.0916
20210111015226	25.1817
20210111015226	25.1817
20210111015226	25.1817
20210111015226	25.2722
20210111015227	25.2722
20210111015227	25.2722
20210111015227	25.2722
20210111015227	25.363
20210111015227	25.363
20210111015227	25.363
20210111015227	25.4769
20210111015227	25.4769
20210111015227	25.4769
20210111015227	25.5684
20210111015227	25.5684
20210111015227	25.5684
20210111015227	25.5684
20210111015227	25.66
20210111015227	25.66
20210111015227	25.66
20210111015227	25.7517
20210111015227	25.7517
20210111015227	25.7517
20210111015227	25.8437
20210111015227	25.8437
20210111015227	25.8437
20210111015227	25.8437
20210111015227	25.936
20210111015227	25.936
20210111015227	25.936
20210111015227	26.0285
20210111015227	26.0285
20210111015227	26.0285
20210111015227	26.0285
20210111015227	26.1442
20210111015227	26.1442
20210111015227	26.1442
20210111015227	26.2369
20210111015227	26.2369
20210111015227	26.2369
20210111015227	26.3296
20210111015227	26.3296
20210111015227	26.3296
20210111015227	26.4223
20210111015227	26.4223
20210111015227	26.4223
20210111015227	26.4223
20210111015228	26.538
20210111015228	26.538
20210111015228	26.538
20210111015228	26.6075
20210111015228	26.6075
20210111015228	26.6075
20210111015228	26.6075
20210111015228	26.7231
20210111015228	26.7231
20210111015228	26.7231
20210111015228	26.8155
20210111015228	26.8155
20210111015228	26.8155
20210111015228	26.9075
20210111015228	26.9075
20210111015228	26.9075
20210111015228	26.9993
20210111015228	26.9993
20210111015228	26.9993
20210111015228	26.9993
20210111015228	27.0908
20210111015228	27.0908
20210111015228	27.0908
20210111015228	27.1821
20210111015228	27.1821
20210111015228	27.1821
20210111015228	27.2961
20210111015228	27.2961
20210111015228	27.2961
20210111015228	27.2961
20210111015228	27.387
20210111015229	27.387
20210111015229	27.387
20210111015229	27.4776
20210111015229	27.4776
20210111015229	27.4776
20210111015229	27.4776
20210111015229	27.5902
20210111015229	27.5902
20210111015229	27.5902
20210111015229	27.6573
20210111015229	27.6573
20210111015229	27.6573
20210111015229	27.7463
20210111015229	27.7463
20210111015229	27.7463
20210111015229	27.8572
20210111015229	27.8572
20210111015229	27.8572
20210111015229	27.8572
20210111015229	27.9456
20210111015229	27.9456
20210111015229	27.9456
20210111015229	28.0336
20210111015229	28.0336
20210111015229	28.0336
20210111015229	28.1212
20210111015229	28.1212
20210111015229	28.1212
20210111015229	28.1212
20210111015229	28.2301
20210111015229	28.2301
20210111015229	28.2301
20210111015229	28.2951
20210111015229	28.2951
20210111015229	28.2951
20210111015229	28.4025
20210111015229	28.4025
20210111015229	28.4025
20210111015229	28.4025
20210111015229	28.4881
20210111015229	28.4881
20210111015229	28.4881
20210111015229	28.5733
20210111015230	28.5733
20210111015230	28.5733
20210111015230	28.5733
20210111015230	28.6789
20210111015230	28.6789
20210111015230	28.6789
20210111015230	28.7418
20210111015230	28.7418
20210111015230	28.7418
20210111015230	28.8251
20210111015230	28.8251
20210111015230	28.8251
20210111015230	28.8251
20210111015230	28.9284
20210111015231	28.9284
20210111015231	28.9284
20210111015231	29.0103
20210111015231	29.0103
20210111015231	29.0103
20210111015231	29.0914
20210111015231	29.0914
20210111015231	29.0914
20210111015231	29.1719
20210111015231	29.1719
20210111015231	29.1719
20210111015231	29.1719
20210111015231	29.2519
20210111015231	29.2519
20210111015231	29.2519
20210111015231	29.3312
20210111015231	29.3312
20210111015231	29.3312
20210111015231	29.3312
20210111015231	29.4296
20210111015231	29.4296
20210111015231	29.4296
20210111015231	29.5077
20210111015231	29.5077
20210111015231	29.5077
20210111015231	29.5852
20210111015231	29.5852
20210111015231	29.5852
20210111015231	29.6621
20210111015231	29.6621
20210111015231	29.6621
20210111015231	29.6621
20210111015231	29.7573
20210111015231	29.7573
20210111015231	29.7573
20210111015231	29.8141
20210111015231	29.8141
20210111015231	29.8141
20210111015231	29.8141
20210111015231	29.908
20210111015232	29.908
20210111015232	29.908
20210111015232	29.9825
20210111015232	29.9825
20210111015232	29.9825
20210111015232	30.0562
20210111015232	30.0562
20210111015232	30.0562
20210111015232	30.0562
20210111015232	30.1292
20210111015232	30.1292
20210111015232	30.1292
20210111015232	30.2013
20210111015232	30.2013
20210111015232	30.2727
20210111015232	30.2727
20210111015232	30.2727
20210111015232	30.2727
20210111015232	30.2727
20210111015232	30.3606
20210111015232	30.3606
20210111015232	30.3606
20210111015232	30.4301
20210111015232	30.4301
20210111015232	30.4301
20210111015232	30.4989
20210111015232	30.4989
20210111015232	30.4989
20210111015232	30.4989
20210111015232	30.5838
20210111015232	30.5838
20210111015232	30.5838
20210111015233	30.6343
20210111015233	30.6343
20210111015233	30.6343
20210111015233	30.7009
20210111015233	30.7009
20210111015233	30.7009
20210111015233	30.7836
20210111015233	30.7836
20210111015233	30.7836
20210111015233	30.7836
20210111015233	30.849
20210111015233	30.849
20210111015233	30.849
20210111015233	30.9134
20210111015233	30.9134
20210111015233	30.9134
20210111015233	30.9134
20210111015233	30.977
20210111015233	30.977
20210111015233	30.977
20210111015233	31.04
20210111015233	31.04
20210111015233	31.04
20210111015233	31.1024
20210111015233	31.1024
20210111015233	31.1024
20210111015233	31.1794
20210111015233	31.1794
20210111015233	31.1794
20210111015233	31.1794
20210111015233	31.2403
20210111015233	31.2403
20210111015233	31.2403
20210111015233	31.3004
20210111015233	31.3004
20210111015233	31.3004
20210111015233	31.3004
20210111015233	31.3745
20210111015233	31.3745
20210111015233	31.3745
20210111015233	31.4185
20210111015234	31.4185
20210111015234	31.4185
20210111015234	31.4763
20210111015234	31.4763
20210111015234	31.4763
20210111015234	31.5477
20210111015234	31.5477
20210111015234	31.5477
20210111015234	31.5477
20210111015234	31.6038
20210111015234	31.6038
20210111015234	31.6038
20210111015234	31.6593
20210111015234	31.6593
20210111015234	31.6593
20210111015234	31.6593
20210111015234	31.7142
20210111015234	31.7142
20210111015234	31.7142
20210111015234	31.7683
20210111015234	31.7683
20210111015234	31.7683
20210111015234	31.8219
20210111015234	31.8219
20210111015234	31.8219
20210111015234	31.8881
20210111015234	31.8881
20210111015234	31.8881
20210111015234	31.8881
20210111015234	31.9407
20210111015234	31.9407
20210111015234	31.9407
20210111015234	31.9928
20210111015234	31.9928
20210111015234	31.9928
20210111015234	31.9928
20210111015234	32.0442
20210111015234	32.0442
20210111015234	32.0442
20210111015234	32.0949
20210111015234	32.0949
20210111015234	32.0949
20210111015234	32.1448
20210111015234	32.1448
20210111015234	32.1448
20210111015234	32.1448
20210111015234	32.2065
20210111015234	32.2065
20210111015234	32.2065
20210111015234	32.2554
20210111015234	32.2554
20210111015234	32.2554
20210111015234	32.3035
20210111015234	32.3035
20210111015235	32.3035
20210111015235	32.3627
20210111015235	32.3627
20210111015235	32.3627
20210111015235	32.3627
20210111015235	32.3976
20210111015235	32.3976
20210111015235	32.3976
20210111015235	32.4433
20210111015235	32.4433
20210111015235	32.4433
20210111015235	32.4991
20210111015235	32.4991
20210111015235	32.4991
20210111015235	32.4991
20210111015235	32.5427
20210111015235	32.5427
20210111015235	32.5852
20210111015235	32.5852
20210111015235	32.5852
20210111015235	32.5852
20210111015235	32.6268
20210111015235	32.6268
20210111015235	32.6268
20210111015235	32.6268
20210111015235	32.6676
20210111015235	32.6676
20210111015235	32.6676
20210111015235	32.7075
20210111015235	32.7075
20210111015235	32.7075
20210111015235	32.7564
20210111015235	32.7564
20210111015235	32.7564
20210111015235	32.7564
20210111015235	32.7948
20210111015236	32.7948
20210111015236	32.7948
20210111015236	32.8322
20210111015236	32.8322
20210111015236	32.8322
20210111015236	32.8688
20210111015236	32.8688
20210111015236	32.8688
20210111015236	32.8688
20210111015236	32.9044
20210111015236	32.9044
20210111015236	32.9044
20210111015236	32.9393
20210111015236	32.9393
20210111015236	32.9393
20210111015236	32.9814
20210111015236	32.9814
20210111015236	32.9814
20210111015236	32.9814
20210111015236	33.014
20210111015236	33.014
20210111015236	33.014
20210111015236	33.0457
20210111015236	33.0457
20210111015236	33.0457
20210111015236	33.0767
20210111015236	33.0767
20210111015236	33.0767
20210111015236	33.0767
20210111015236	33.1068
20210111015236	33.1068
20210111015236	33.1068
20210111015236	33.1359
20210111015236	33.1359
20210111015236	33.1359
20210111015236	33.1359
20210111015236	33.1712
20210111015236	33.1712
20210111015236	33.1712
20210111015236	33.1985
20210111015236	33.1985
20210111015236	33.1985
20210111015236	33.2249
20210111015236	33.2249
20210111015236	33.2249
20210111015236	33.2508
20210111015236	33.2508
20210111015236	33.2508
20210111015236	33.2508
20210111015236	33.2766
20210111015236	33.2766
20210111015236	33.2766
20210111015236	33.3015
20210111015236	33.3015
20210111015236	33.3015
20210111015236	33.3314
20210111015236	33.3314
20210111015236	33.3314
20210111015236	33.3314
20210111015236	33.3541
20210111015236	33.3541
20210111015236	33.3541
20210111015236	33.3761
20210111015236	33.3761
20210111015236	33.3761
20210111015236	33.3761
20210111015236	33.4025
20210111015236	33.4025
20210111015236	33.4025
20210111015236	33.4232
20210111015236	33.4232
20210111015236	33.4232
20210111015236	33.4381
20210111015236	33.4381
20210111015236	33.4381
20210111015236	33.4618
20210111015236	33.4618
20210111015236	33.4618
20210111015236	33.4618
20210111015237	33.4798
20210111015237	33.4798
20210111015237	33.4798
20210111015237	33.4969
20210111015237	33.4969
20210111015237	33.4969
20210111015237	33.4969
20210111015237	33.5172
20210111015237	33.5172
20210111015237	33.5172
20210111015237	33.5288
20210111015237	33.5288
20210111015237	33.5288
20210111015237	33.5437
20210111015237	33.5437
20210111015237	33.5437
20210111015237	33.5609
20210111015237	33.5609
20210111015237	33.5609
20210111015237	33.5609
20210111015237	33.5734
20210111015237	33.5734
20210111015237	33.5734
20210111015237	33.5851
20210111015237	33.5851
20210111015237	33.5851
20210111015237	33.5989
20210111015237	33.5989
20210111015237	33.5989
20210111015237	33.5989
20210111015237	33.6068
20210111015237	33.6068
20210111015237	33.6068
20210111015237	33.6189
20210111015237	33.6189
20210111015237	33.6189
20210111015237	33.6277
20210111015237	33.6277
20210111015237	33.6277
20210111015237	33.6277
20210111015237	33.6356
20210111015237	33.6356
20210111015237	33.6356
20210111015237	33.6428
20210111015237	33.6428
20210111015237	33.6428
20210111015237	33.6428
20210111015238	33.6493
20210111015238	33.6493
20210111015238	33.6493
20210111015238	33.6554
20210111015238	33.6554
20210111015238	33.6554
20210111015238	33.6606
20210111015238	33.6606
20210111015238	33.6606
20210111015238	33.666
20210111015238	33.666
20210111015238	33.666
20210111015238	33.666
20210111015238	33.6694
20210111015238	33.6694
20210111015238	33.6694
20210111015238	33.6721
20210111015238	33.6721
20210111015239	33.6721
20210111015239	33.6721
20210111015239	33.6744
20210111015239	33.6744
20210111015239	33.6744
20210111015239	33.6762
20210111015239	33.6762
20210111015239	33.6762
20210111015239	33.6771
20210111015239	33.6771
20210111015239	33.6771
20210111015239	33.6772
20210111015239	33.6772
20210111015239	33.6772
20210111015239	33.6772
20210111015239	33.6765
20210111015239	33.6765
20210111015239	33.6765
20210111015239	33.6755
20210111015239	33.6755
20210111015239	33.6755
20210111015239	33.6755
20210111015239	33.6739
20210111015239	33.6739
20210111015239	33.6739
20210111015239	33.6718
20210111015239	33.6718
20210111015239	33.6718
20210111015239	33.6688
20210111015239	33.6688
20210111015239	33.6688
20210111015239	33.6659
20210111015239	33.6659
20210111015239	33.6659
20210111015239	33.6659
20210111015239	33.6626
20210111015239	33.6626
20210111015239	33.6626
20210111015239	33.6587
20210111015239	33.6587
20210111015239	33.6587
20210111015239	33.6587
20210111015239	33.6542
20210111015240	33.6542
20210111015240	33.6542
20210111015240	33.6493
20210111015240	33.6493
20210111015240	33.6493
20210111015240	33.644
20210111015240	33.644
20210111015240	33.644
20210111015240	33.6368
20210111015240	33.6368
20210111015240	33.6368
20210111015240	33.6368
20210111015240	33.6308
20210111015240	33.6308
20210111015240	33.6308
20210111015240	33.6244
20210111015240	33.6244
20210111015240	33.6244
20210111015240	33.6178
20210111015240	33.6178
20210111015240	33.6178
20210111015240	33.6178
20210111015240	33.6094
20210111015240	33.6094
20210111015240	33.6094
20210111015240	33.6043
20210111015240	33.6043
20210111015240	33.6043
20210111015240	33.5953
20210111015240	33.5953
20210111015240	33.5953
20210111015240	33.5953
20210111015240	33.5878
20210111015240	33.5878
20210111015240	33.5878
20210111015240	33.5798
20210111015240	33.5798
20210111015240	33.5798
20210111015240	33.5715
20210111015241	33.5715
20210111015241	33.5715
20210111015241	33.5715
20210111015241	33.5629
20210111015241	33.5629
20210111015241	33.5629
20210111015241	33.5519
20210111015241	33.5519
20210111015241	33.5519
20210111015241	33.543
20210111015241	33.543
20210111015241	33.543
20210111015241	33.543
20210111015241	33.5338
20210111015241	33.5338
20210111015241	33.5338
20210111015241	33.5241
20210111015241	33.5241
20210111015241	33.5241
20210111015241	33.5143
20210111015241	33.5143
20210111015241	33.5143
20210111015241	33.5143
20210111015241	33.5044
20210111015241	33.5044
20210111015241	33.5044
20210111015241	33.4943
20210111015241	33.4943
20210111015241	33.4943
20210111015241	33.4813
20210111015241	33.4813
20210111015241	33.4813
20210111015241	33.4813
20210111015241	33.4708
20210111015241	33.4708
20210111015241	33.4708
20210111015241	33.46
20210111015241	33.46
20210111015241	33.46
20210111015242	33.4491
20210111015242	33.4491
20210111015242	33.4491
20210111015242	33.4491
20210111015242	33.4383
20210111015242	33.4383
20210111015242	33.4383
20210111015242	33.4273
20210111015242	33.4273
20210111015242	33.4273
20210111015242	33.4136
20210111015242	33.4136
20210111015242	33.4136
20210111015242	33.4136
20210111015242	33.4024
20210111015242	33.4024
20210111015242	33.4024
20210111015242	33.3911
20210111015242	33.3911
20210111015242	33.3911
20210111015242	33.3771
20210111015242	33.3771
20210111015242	33.3771
20210111015242	33.3771
20210111015242	33.3688
20210111015242	33.3688
20210111015242	33.3577
20210111015242	33.3577
20210111015242	33.3577
20210111015242	33.3577
20210111015242	33.3439
20210111015242	33.3439
20210111015242	33.3439
20210111015242	33.3439
20210111015242	33.333
20210111015242	33.333
20210111015242	33.333
20210111015243	33.322
20210111015243	33.322
20210111015243	33.322
20210111015243	33.322
20210111015243	33.3111
20210111015243	33.3111
20210111015243	33.3111
20210111015243	33.3002
20210111015243	33.3002
20210111015243	33.2865
20210111015243	33.2865
20210111015243	33.2865
20210111015243	33.2865
20210111015243	33.2756
20210111015243	33.2756
20210111015243	33.2756
20210111015243	33.2756
20210111015243	33.2649
20210111015243	33.2649
20210111015243	33.2649
20210111015243	33.254
20210111015243	33.254
20210111015243	33.254
20210111015243	33.2435
20210111015243	33.2435
20210111015243	33.2435
20210111015243	33.2435
20210111015243	33.233
20210111015243	33.233
20210111015243	33.2227
20210111015243	33.2227
20210111015243	33.2227
20210111015243	33.2227
20210111015243	33.2227
20210111015243	33.2102
20210111015243	33.2102
20210111015243	33.2102
20210111015243	33.2004
20210111015243	33.2004
20210111015243	33.1906
20210111015243	33.1906
20210111015243	33.1906
20210111015243	33.1906
20210111015243	33.1807
20210111015244	33.1807
20210111015244	33.1807
20210111015244	33.1807
20210111015244	33.1707
20210111015244	33.1707
20210111015244	33.1707
20210111015244	33.1609
20210111015244	33.1609
20210111015244	33.1609
20210111015244	33.1485
20210111015244	33.1485
20210111015244	33.1485
20210111015244	33.1485
20210111015244	33.1386
20210111015244	33.1386
20210111015244	33.1386
20210111015244	33.1287
20210111015244	33.1287
20210111015244	33.1287
20210111015244	33.1188
20210111015244	33.1188
20210111015244	33.1188
20210111015244	33.1188
20210111015244	33.1089
20210111015244	33.1089
20210111015244	33.1089
20210111015244	33.099
20210111015244	33.099
20210111015244	33.099
20210111015244	33.099
20210111015244	33.0864
20210111015244	33.0864
20210111015244	33.0864
20210111015244	33.0762
20210111015244	33.0762
20210111015244	33.0762
20210111015244	33.066
20210111015244	33.066
20210111015244	33.066
20210111015244	33.056
20210111015244	33.056
20210111015244	33.056
20210111015244	33.056
20210111015244	33.0436
20210111015244	33.0436
20210111015244	33.0436
20210111015244	33.0362
20210111015244	33.0362
20210111015244	33.0362
20210111015244	33.024
20210111015244	33.024
20210111015244	33.024
20210111015244	33.024
20210111015244	33.0143
20210111015244	33.0143
20210111015244	33.0046
20210111015244	33.0046
20210111015244	33.0046
20210111015244	33.0046
20210111015244	33.0046
20210111015244	32.9924
20210111015244	32.9924
20210111015244	32.9924
20210111015244	32.9823
20210111015244	32.9823
20210111015244	32.9749
20210111015244	32.9749
20210111015244	32.9749
20210111015244	32.9749
20210111015244	32.9749
20210111015244	32.9627
20210111015244	32.9627
20210111015244	32.9627
20210111015244	32.9529
20210111015244	32.9529
20210111015244	32.9529
20210111015244	32.9431
20210111015244	32.9431
20210111015244	32.9431
20210111015245	32.9334
20210111015245	32.9334
20210111015245	32.9334
20210111015245	32.9334
20210111015245	32.9212
20210111015245	32.9212
20210111015245	32.9212
20210111015245	32.9138
20210111015245	32.9138
20210111015245	32.9138
20210111015245	32.9008
20210111015245	32.9008
20210111015245	32.9008
20210111015245	32.9008
20210111015245	32.8901
20210111015245	32.8901
20210111015245	32.8901
20210111015245	32.8793
20210111015245	32.8793
20210111015245	32.8793
20210111015245	32.8654
20210111015245	32.8654
20210111015245	32.8654
20210111015245	32.8654
20210111015245	32.857
20210111015245	32.857
20210111015245	32.857
20210111015245	32.8455
20210111015245	32.8455
20210111015245	32.8455
20210111015245	32.8455
20210111015245	32.8309
20210111015246	32.8309
20210111015246	32.8309
20210111015246	32.8191
20210111015246	32.8191
20210111015246	32.8191
20210111015246	32.8071
20210111015246	32.8071
20210111015246	32.8071
20210111015246	32.7918
20210111015246	32.7918
20210111015246	32.7918
20210111015246	32.7918
20210111015246	32.7825
20210111015246	32.7825
20210111015246	32.7825
20210111015246	32.7699
20210111015246	32.7699
20210111015246	32.7699
20210111015246	32.7537
20210111015246	32.7537
20210111015246	32.7537
20210111015246	32.7537
20210111015246	32.7401
20210111015246	32.7401
20210111015246	32.7401
20210111015246	32.7263
20210111015246	32.7263
20210111015246	32.7263
20210111015246	32.7123
20210111015246	32.7123
20210111015246	32.7123
20210111015246	32.7123
20210111015246	32.6982
20210111015246	32.6982
20210111015246	32.6837
20210111015246	32.6837
20210111015246	32.6837
20210111015246	32.6837
20210111015246	32.6648
20210111015246	32.6648
20210111015246	32.6648
20210111015246	32.6648
20210111015246	32.6492
20210111015246	32.6492
20210111015246	32.6492
20210111015246	32.6332
20210111015246	32.6332
20210111015246	32.6332
20210111015247	32.6123
20210111015247	32.6123
20210111015247	32.6123
20210111015247	32.6123
20210111015247	32.5994
20210111015247	32.5994
20210111015247	32.5994
20210111015247	32.582
20210111015247	32.582
20210111015247	32.582
20210111015247	32.559
20210111015247	32.559
20210111015247	32.559
20210111015247	32.559
20210111015247	32.5399
20210111015247	32.5399
20210111015247	32.5202
20210111015247	32.5202
20210111015247	32.5202
20210111015247	32.5202
20210111015247	32.4998
20210111015247	32.4998
20210111015247	32.4998
20210111015247	32.4998
20210111015247	32.479
20210111015247	32.479
20210111015247	32.479
20210111015247	32.4521
20210111015247	32.4521
20210111015247	32.4521
20210111015247	32.43
20210111015247	32.43
20210111015247	32.43
20210111015247	32.43
20210111015247	32.4072
20210111015247	32.4072
20210111015247	32.3839
20210111015247	32.3839
20210111015247	32.3839
20210111015247	32.3839
20210111015247	32.3598
20210111015247	32.3598
20210111015247	32.3598
20210111015247	32.3598
20210111015247	32.3288
20210111015247	32.3288
20210111015247	32.3288
20210111015247	32.3098
20210111015247	32.3098
20210111015247	32.3098
20210111015247	32.278
20210111015247	32.278
20210111015247	32.278
20210111015247	32.278
20210111015247	32.2525
20210111015247	32.2525
20210111015247	32.2525
20210111015247	32.2261
20210111015247	32.2261
20210111015247	32.2261
20210111015247	32.1989
20210111015247	32.1989
20210111015247	32.1989
20210111015247	32.1989
20210111015248	32.1637
20210111015248	32.1637
20210111015248	32.1637
20210111015248	32.142
20210111015248	32.142
20210111015248	32.142
20210111015248	32.142
20210111015248	32.1056
20210111015248	32.1056
20210111015248	32.1056
20210111015248	32.076
20210111015248	32.076
20210111015248	32.0455
20210111015248	32.0455
20210111015248	32.0455
20210111015248	32.0455
20210111015248	32.0143
20210111015248	32.0143
20210111015248	32.0143
20210111015248	32.0143
20210111015248	31.9822
20210111015248	31.9822
20210111015248	31.9822
20210111015248	31.9491
20210111015248	31.9491
20210111015248	31.9491
20210111015248	31.907
20210111015248	31.907
20210111015248	31.907
20210111015248	31.907
20210111015248	31.873
20210111015248	31.873
20210111015248	31.873
20210111015248	31.8381
20210111015248	31.8381
20210111015248	31.8381
20210111015248	31.8027
20210111015248	31.8027
20210111015248	31.8027
20210111015248	31.8027
20210111015248	31.7572
20210111015248	31.7572
20210111015248	31.7572
20210111015248	31.7292
20210111015248	31.7292
20210111015248	31.7292
20210111015248	31.6821
20210111015248	31.6821
20210111015248	31.6821
20210111015248	31.6821
20210111015248	31.6442
20210111015248	31.6442
20210111015248	31.6442
20210111015248	31.6054
20210111015248	31.6054
20210111015248	31.6054
20210111015248	31.5657
20210111015248	31.5657
20210111015248	31.5657
20210111015248	31.5657
20210111015248	31.5253
20210111015249	31.5253
20210111015249	31.5253
20210111015249	31.4841
20210111015249	31.4841
20210111015249	31.4841
20210111015249	31.4319
20210111015249	31.4319
20210111015249	31.4319
20210111015249	31.4319
20210111015249	31.3899
20210111015249	31.3899
20210111015249	31.3899
20210111015249	31.3467
20210111015249	31.3467
20210111015249	31.3467
20210111015249	31.2917
20210111015249	31.2917
20210111015249	31.2917
20210111015249	31.2917
20210111015249	31.258
20210111015249	31.258
20210111015249	31.258
20210111015249	31.2124
20210111015249	31.2124
20210111015249	31.2124
20210111015249	31.1548
20210111015249	31.1548
20210111015249	31.1548
20210111015249	31.1548
20210111015249	31.1081
20210111015249	31.1081
20210111015249	31.1081
20210111015249	31.0606
20210111015249	31.0606
20210111015249	31.0606
20210111015249	31.0606
20210111015249	31.0122
20210111015249	31.0122
20210111015250	31.0122
20210111015250	30.9629
20210111015250	30.9629
20210111015250	30.9629
20210111015250	30.9004
20210111015250	30.9004
20210111015250	30.9004
20210111015250	30.8499
20210111015250	30.8499
20210111015250	30.8499
20210111015250	30.8499
20210111015250	30.7991
20210111015250	30.7991
20210111015250	30.7991
20210111015250	30.7475
20210111015250	30.7475
20210111015250	30.7475
20210111015250	30.7475
20210111015250	30.6954
20210111015250	30.6954
20210111015250	30.6954
20210111015250	30.6427
20210111015250	30.6427
20210111015250	30.6427
20210111015250	30.576
20210111015250	30.576
20210111015250	30.576
20210111015250	30.576
20210111015250	30.5222
20210111015250	30.5222
20210111015250	30.5222
20210111015250	30.468
20210111015250	30.468
20210111015250	30.468
20210111015250	30.4131
20210111015250	30.4131
20210111015250	30.4131
20210111015250	30.3576
20210111015250	30.3576
20210111015250	30.3576
20210111015250	30.3576
20210111015250	30.3018
20210111015250	30.3018
20210111015250	30.2456
20210111015250	30.2456
20210111015250	30.2456
20210111015250	30.2456
20210111015250	30.2456
20210111015250	30.1751
20210111015250	30.1751
20210111015251	30.1751
20210111015251	30.1185
20210111015251	30.1185
20210111015251	30.1185
20210111015251	30.0614
20210111015251	30.0614
20210111015251	30.0614
20210111015251	30.004
20210111015251	30.004
20210111015251	30.004
20210111015251	30.004
20210111015251	29.9462
20210111015251	29.9462
20210111015251	29.9462
20210111015251	29.8881
20210111015251	29.8881
20210111015251	29.8881
20210111015251	29.8881
20210111015251	29.8149
20210111015251	29.8149
20210111015251	29.8149
20210111015251	29.7563
20210111015251	29.7563
20210111015251	29.7563
20210111015251	29.6974
20210111015252	29.6974
20210111015252	29.6974
20210111015252	29.6383
20210111015252	29.6383
20210111015252	29.6383
20210111015252	29.6383
20210111015252	29.5787
20210111015252	29.5787
20210111015252	29.5787
20210111015252	29.5189
20210111015252	29.5189
20210111015252	29.5189
20210111015252	29.4441
20210111015252	29.4441
20210111015252	29.4441
20210111015252	29.4441
20210111015252	29.3841
20210111015252	29.3841
20210111015252	29.3841
20210111015252	29.3242
20210111015252	29.3242
20210111015252	29.3242
20210111015252	29.2496
20210111015252	29.2496
20210111015252	29.2496
20210111015252	29.2496
20210111015252	29.2049
20210111015252	29.2049
20210111015252	29.2049
20210111015252	29.1452
20210111015252	29.1452
20210111015252	29.1452
20210111015252	29.1452
20210111015252	29.0709
20210111015252	29.0709
20210111015252	29.0709
20210111015252	29.0111
20210111015252	29.0111
20210111015252	29.0111
20210111015252	28.9513
20210111015252	28.9513
20210111015252	28.9513
20210111015252	28.8915
20210111015252	28.8915
20210111015252	28.8915
20210111015252	28.8915
20210111015253	28.8318
20210111015253	28.8318
20210111015253	28.8318
20210111015253	28.7721
20210111015253	28.7721
20210111015253	28.7721
20210111015253	28.6978
20210111015253	28.6978
20210111015253	28.6978
20210111015253	28.6978
20210111015253	28.6385
20210111015253	28.6385
20210111015253	28.6385
20210111015253	28.5791
20210111015253	28.5791
20210111015253	28.5791
20210111015253	28.5791
20210111015253	28.5051
20210111015253	28.5051
20210111015253	28.5051
20210111015253	28.4609
20210111015253	28.4609
20210111015253	28.4609
20210111015253	28.4021
20210111015253	28.4021
20210111015253	28.4021
20210111015253	28.3288
20210111015253	28.3288
20210111015253	28.3288
20210111015253	28.3288
20210111015253	28.2705
20210111015254	28.2705
20210111015254	28.2705
20210111015254	28.2124
20210111015254	28.2124
20210111015254	28.2124
20210111015254	28.2124
20210111015254	28.1547
20210111015254	28.1547
20210111015254	28.1547
20210111015254	28.0974
20210111015254	28.0974
20210111015254	28.0405
20210111015254	28.0405
20210111015254	28.0405
20210111015254	28.0405
20210111015254	28.0405
20210111015254	27.9697
20210111015254	27.9697
20210111015254	27.9697
20210111015254	27.9136
20210111015254	27.9136
20210111015254	27.9136
20210111015254	27.8581
20210111015254	27.8581
20210111015254	27.8581
20210111015254	27.8032
20210111015254	27.8032
20210111015254	27.8032
20210111015254	27.8032
20210111015254	27.7489
20210111015254	27.7489
20210111015254	27.7489
20210111015254	27.6951
20210111015254	27.6951
20210111015254	27.6951
20210111015254	27.6288
20210111015254	27.6288
20210111015254	27.6288
20210111015254	27.6288
20210111015254	27.5764
20210111015254	27.5764
20210111015254	27.5764
20210111015254	27.5246
20210111015254	27.5246
20210111015254	27.5246
20210111015254	27.5246
20210111015254	27.4732
20210111015254	27.4732
20210111015254	27.4732
20210111015254	27.4222
20210111015255	27.4222
20210111015255	27.4222
20210111015255	27.3591
20210111015255	27.3591
20210111015255	27.3591
20210111015255	27.3093
20210111015255	27.3093
20210111015255	27.3093
20210111015255	27.3093
20210111015255	27.2598
20210111015255	27.2598
20210111015255	27.2598
20210111015255	27.2109
20210111015255	27.2109
20210111015255	27.2109
20210111015255	27.1506
20210111015255	27.1506
20210111015255	27.1506
20210111015255	27.1506
20210111015255	27.1149
20210111015255	27.1149
20210111015255	27.1149
20210111015255	27.0679
20210111015255	27.0679
20210111015255	27.0679
20210111015255	27.0103
20210111015255	27.0103
20210111015255	27.0103
20210111015255	27.0103
20210111015255	26.965
20210111015255	26.965
20210111015255	26.965
20210111015255	26.9203
20210111015255	26.9203
20210111015255	26.9203
20210111015255	26.8762
20210111015255	26.8762
20210111015255	26.8762
20210111015255	26.8762
20210111015256	26.8326
20210111015256	26.8326
20210111015256	26.8326
20210111015256	26.7897
20210111015256	26.7897
20210111015256	26.7897
20210111015256	26.7371
20210111015256	26.7371
20210111015256	26.7371
20210111015256	26.7371
20210111015256	26.6954
20210111015256	26.6954
20210111015256	26.6954
20210111015256	26.6538
20210111015256	26.6538
20210111015256	26.6538
20210111015256	26.6127
20210111015256	26.6127
20210111015256	26.6127
20210111015256	26.6127
20210111015256	26.5718
20210111015256	26.5718
20210111015256	26.5718
20210111015256	26.5313
20210111015256	26.5313
20210111015256	26.5313
20210111015256	26.4813
20210111015256	26.4813
20210111015256	26.4813
20210111015256	26.4813
20210111015256	26.4418
20210111015256	26.4418
20210111015256	26.4418
20210111015256	26.4027
20210111015256	26.4027
20210111015256	26.4027
20210111015256	26.4027
20210111015257	26.3545
20210111015257	26.3545
20210111015257	26.3545
20210111015257	26.3164
20210111015257	26.3164
20210111015257	26.3164
20210111015257	26.2785
20210111015257	26.2785
20210111015257	26.2785
20210111015257	26.2785
20210111015257	26.2413
20210111015257	26.2413
20210111015257	26.2413
20210111015257	26.2049
20210111015257	26.2049
20210111015257	26.1689
20210111015257	26.1689
20210111015257	26.1689
20210111015257	26.1689
20210111015257	26.133
20210111015257	26.133
20210111015257	26.133
20210111015257	26.133
20210111015257	26.0976
20210111015257	26.0976
20210111015257	26.0976
20210111015257	26.0535
20210111015257	26.0535
20210111015257	26.0535
20210111015257	26.0184
20210111015257	26.0184
20210111015257	26.0184
20210111015257	26.0184
20210111015257	25.9836
20210111015257	25.9836
20210111015257	25.949
20210111015257	25.949
20210111015257	25.949
20210111015257	25.949
20210111015257	25.9144
20210111015257	25.9144
20210111015257	25.9144
20210111015257	25.9144
20210111015257	25.8715
20210111015257	25.8715
20210111015257	25.8715
20210111015257	25.8459
20210111015257	25.8459
20210111015257	25.8459
20210111015258	25.8038
20210111015258	25.8038
20210111015258	25.8038
20210111015258	25.8038
20210111015258	25.7704
20210111015258	25.7704
20210111015258	25.7704
20210111015258	25.7371
20210111015258	25.7371
20210111015258	25.7371
20210111015258	25.704
20210111015258	25.704
20210111015258	25.704
20210111015258	25.704
20210111015258	25.671
20210111015258	25.671
20210111015258	25.671
20210111015258	25.638
20210111015258	25.638
20210111015258	25.638
20210111015258	25.638
20210111015258	25.5972
20210111015258	25.5972
20210111015258	25.5972
20210111015258	25.5649
20210111015258	25.5649
20210111015258	25.5323
20210111015258	25.5323
20210111015258	25.5323
20210111015258	25.5323
20210111015258	25.5323
20210111015258	25.4996
20210111015258	25.4996
20210111015258	25.4996
20210111015258	25.4587
20210111015258	25.4587
20210111015258	25.4587
20210111015258	25.4262
20210111015258	25.4262
20210111015258	25.4262
20210111015258	25.394
20210111015258	25.394
20210111015259	25.394
20210111015259	25.394
20210111015259	25.3624
20210111015259	25.3624
20210111015259	25.3624
20210111015259	25.3308
20210111015259	25.3308
20210111015259	25.3308
20210111015259	25.2991
20210111015259	25.2991
20210111015259	25.2991
20210111015259	25.2991
20210111015259	25.2594
20210111015259	25.2594
20210111015259	25.2594
20210111015259	25.2357
20210111015259	25.2357
20210111015259	25.2357
20210111015259	25.1964
20210111015259	25.1964
20210111015259	25.1964
20210111015259	25.1964
20210111015259	25.1653
20210111015259	25.1653
20210111015259	25.1653
20210111015259	25.1345
20210111015259	25.1345
20210111015259	25.1345
20210111015259	25.1345
20210111015259	25.1045
20210111015259	25.1045
20210111015300	25.1045
20210111015300	25.0687
20210111015300	25.0687
20210111015300	25.0687
20210111015300	25.0471
20210111015300	25.0471
20210111015300	25.0471
20210111015300	25.0113
20210111015300	25.0113
20210111015300	25.0113
20210111015300	25.0113
20210111015300	24.9827
20210111015300	24.9827
20210111015300	24.9541
20210111015300	24.9541
20210111015300	24.9541
20210111015300	24.9541
20210111015300	24.926
20210111015300	24.926
20210111015300	24.926
20210111015300	24.926
20210111015300	24.8992
20210111015300	24.8992
20210111015300	24.8992
20210111015300	24.8723
20210111015300	24.8723
20210111015300	24.8723
20210111015300	24.8388
20210111015300	24.8388
20210111015300	24.8388
20210111015300	24.8388
20210111015300	24.8124
20210111015300	24.8124
20210111015300	24.8124
20210111015300	24.7861
20210111015300	24.7861
20210111015300	24.7861
20210111015300	24.7861
20210111015300	24.7606
20210111015300	24.7606
20210111015300	24.7606
20210111015300	24.7365
20210111015300	24.7365
20210111015301	24.7365
20210111015301	24.7126
20210111015301	24.7126
20210111015301	24.7126
20210111015301	24.6831
20210111015301	24.6831
20210111015301	24.6831
20210111015301	24.6831
20210111015301	24.6596
20210111015301	24.6596
20210111015301	24.6596
20210111015301	24.6365
20210111015301	24.6365
20210111015301	24.6365
20210111015301	24.6365
20210111015301	24.614
20210111015301	24.614
20210111015301	24.614
20210111015301	24.5872
20210111015301	24.5872
20210111015301	24.5872
20210111015301	24.5662
20210111015301	24.5662
20210111015301	24.5662
20210111015301	24.5458
20210111015301	24.5458
20210111015301	24.5458
20210111015301	24.5458
20210111015301	24.5258
20210111015301	24.5258
20210111015301	24.5258
20210111015301	24.5061
20210111015301	24.5061
20210111015302	24.5061
20210111015302	24.5061
20210111015302	24.4872
20210111015302	24.4872
20210111015302	24.4872
20210111015302	24.4692
20210111015302	24.4692
20210111015302	24.4692
20210111015302	24.4518
20210111015302	24.4518
20210111015302	24.4518
20210111015302	24.4518
20210111015302	24.4309
20210111015302	24.4309
20210111015302	24.4309
20210111015302	24.4149
20210111015302	24.4149
20210111015302	24.4149
20210111015302	24.3997
20210111015302	24.3997
20210111015302	24.3997
20210111015302	24.382
20210111015302	24.382
20210111015302	24.382
20210111015302	24.382
20210111015302	24.3723
20210111015302	24.3723
20210111015303	24.3723
20210111015303	24.3602
20210111015303	24.3602
20210111015303	24.3602
20210111015303	24.3602
20210111015303	24.3463
20210111015303	24.3463
20210111015303	24.3463
20210111015303	24.3365
20210111015303	24.3365
20210111015303	24.3365
20210111015303	24.3276
20210111015303	24.3276
20210111015303	24.3276
20210111015303	24.3196
20210111015303	24.3196
20210111015303	24.3196
20210111015303	24.3196
20210111015303	24.3132
20210111015303	24.3132
20210111015303	24.3132
20210111015303	24.3079
20210111015303	24.3079
20210111015303	24.3079
20210111015303	24.3029
20210111015304	24.3029
20210111015304	24.3029
20210111015304	24.3029
20210111015304	24.3002
20210111015304	24.3002
20210111015304	24.3002
20210111015304	24.2989
20210111015304	24.2989
20210111015304	24.2989
20210111015304	24.2989
20210111015304	24.299
20210111015304	24.299
20210111015304	24.299
20210111015304	24.3004
20210111015304	24.3004
20210111015304	24.3004
20210111015304	24.3044
20210111015304	24.3044
20210111015304	24.3044
20210111015304	24.3044
20210111015304	24.3095
20210111015304	24.3095
20210111015304	24.3095
20210111015304	24.3161
20210111015304	24.3161
20210111015304	24.3161
20210111015304	24.3242
20210111015304	24.3242
20210111015304	24.3242
20210111015304	24.3242
20210111015304	24.3337
20210111015304	24.3337
20210111015304	24.3337
20210111015304	24.345
20210111015304	24.345
20210111015304	24.345
20210111015304	24.3582
20210111015305	24.3582
20210111015305	24.3582
20210111015305	24.3582
20210111015305	24.3772
20210111015305	24.3772
20210111015305	24.3772
20210111015305	24.3943
20210111015305	24.3943
20210111015305	24.3943
20210111015305	24.4136
20210111015305	24.4136
20210111015305	24.4136
20210111015305	24.4136
20210111015305	24.4345
20210111015305	24.4345
20210111015305	24.4345
20210111015305	24.4573
20210111015305	24.4573
20210111015305	24.4573
20210111015305	24.482
20210111015305	24.482
20210111015305	24.482
20210111015305	24.482
20210111015305	24.5157
20210111015305	24.5157
20210111015305	24.5157
20210111015305	24.5449
20210111015306	24.5449
20210111015306	24.5449
20210111015306	24.5761
20210111015306	24.5761
20210111015306	24.5761
20210111015306	24.5761
20210111015306	24.609
20210111015306	24.609
20210111015306	24.609
20210111015306	24.6435
20210111015306	24.6435
20210111015306	24.6435
20210111015306	24.6892
20210111015306	24.6892
20210111015306	24.6892
20210111015306	24.7283
20210111015306	24.7283
20210111015306	24.7283
20210111015306	24.7283
20210111015306	24.7695
20210111015306	24.7695
20210111015306	24.7695
20210111015306	24.8127
20210111015306	24.8127
20210111015306	24.8127
20210111015306	24.8694
20210111015306	24.8694
20210111015306	24.8694
20210111015306	24.8694
20210111015306	24.9046
20210111015306	24.9046
20210111015306	24.9046
20210111015306	24.9533
20210111015306	24.9533
20210111015306	24.9533
20210111015306	24.9533
20210111015306	25.0165
20210111015306	25.0165
20210111015306	25.0165
20210111015306	25.0691
20210111015306	25.0691
20210111015306	25.0691
20210111015306	25.1235
20210111015306	25.1235
20210111015307	25.1235
20210111015307	25.1235
20210111015307	25.1937
20210111015307	25.1937
20210111015307	25.1937
20210111015307	25.2368
20210111015307	25.2368
20210111015307	25.2368
20210111015307	25.3109
20210111015307	25.3109
20210111015307	25.3109
20210111015307	25.3719
20210111015307	25.3719
20210111015307	25.3719
20210111015307	25.3719
20210111015307	25.4345
20210111015307	25.4345
20210111015307	25.4345
20210111015307	25.4986
20210111015307	25.4986
20210111015307	25.4986
20210111015307	25.5638
20210111015307	25.5638
20210111015307	25.5638
20210111015307	25.5638
20210111015307	25.63
20210111015307	25.63
20210111015307	25.63
20210111015307	25.6976
20210111015307	25.6976
20210111015307	25.6976
20210111015307	25.7838
20210111015307	25.7838
20210111015307	25.7838
20210111015307	25.7838
20210111015307	25.8543
20210111015307	25.8543
20210111015307	25.8543
20210111015307	25.9256
20210111015307	25.9256
20210111015308	25.9256
20210111015308	25.9256
20210111015308	25.998
20210111015308	25.998
20210111015308	25.998
20210111015308	26.0713
20210111015308	26.0713
20210111015308	26.1454
20210111015308	26.1454
20210111015308	26.1454
20210111015308	26.1454
20210111015308	26.2393
20210111015308	26.2393
20210111015308	26.2393
20210111015308	26.2393
20210111015308	26.3153
20210111015308	26.3153
20210111015308	26.3153
20210111015308	26.392
20210111015308	26.392
20210111015308	26.392
20210111015308	26.4887
20210111015308	26.4887
20210111015308	26.4887
20210111015308	26.4887
20210111015308	26.5473
20210111015308	26.5473
20210111015308	26.5473
20210111015308	26.6457
20210111015308	26.6457
20210111015308	26.6457
20210111015308	26.6457
20210111015308	26.7249
20210111015308	26.7249
20210111015308	26.7249
20210111015308	26.8045
20210111015309	26.8045
20210111015309	26.8045
20210111015309	26.8847
20210111015309	26.8847
20210111015309	26.8847
20210111015309	26.9853
20210111015309	26.9853
20210111015309	26.9853
20210111015309	26.9853
20210111015309	27.0459
20210111015309	27.0459
20210111015309	27.0459
20210111015309	27.1271
20210111015309	27.1271
20210111015309	27.1271
20210111015309	27.1271
20210111015309	27.2287
20210111015309	27.2287
20210111015309	27.2287
20210111015309	27.3102
20210111015309	27.3102
20210111015309	27.3102
20210111015309	27.3919
20210111015309	27.3919
20210111015309	27.3919
20210111015309	27.4943
20210111015309	27.4943
20210111015309	27.4943
20210111015309	27.4943
20210111015309	27.5557
20210111015309	27.5557
20210111015309	27.5557
20210111015309	27.6375
20210111015309	27.6375
20210111015309	27.6375
20210111015309	27.7395
20210111015309	27.7395
20210111015309	27.7395
20210111015309	27.7395
20210111015309	27.8211
20210111015309	27.8211
20210111015310	27.8211
20210111015310	27.9026
20210111015310	27.9026
20210111015310	27.9026
20210111015310	27.9841
20210111015310	27.9841
20210111015310	27.9841
20210111015310	27.9841
20210111015310	28.0655
20210111015310	28.0655
20210111015310	28.0655
20210111015310	28.1468
20210111015310	28.1468
20210111015310	28.1468
20210111015310	28.1468
20210111015310	28.2484
20210111015310	28.2484
20210111015310	28.2484
20210111015310	28.3293
20210111015310	28.3293
20210111015310	28.3293
20210111015310	28.4099
20210111015310	28.4099
20210111015310	28.4099
20210111015310	28.4099
20210111015310	28.4904
20210111015310	28.4904
20210111015310	28.4904
20210111015310	28.5707
20210111015310	28.5707
20210111015310	28.5707
20210111015310	28.6506
20210111015310	28.6506
20210111015310	28.6506
20210111015310	28.6506
20210111015310	28.7497
20210111015310	28.7497
20210111015310	28.7497
20210111015310	28.8285
20210111015310	28.8285
20210111015310	28.8285
20210111015310	28.9072
20210111015310	28.9072
20210111015310	28.9072
20210111015310	28.9852
20210111015310	28.9852
20210111015311	28.9852
20210111015311	28.9852
20210111015311	29.0628
20210111015311	29.0628
20210111015311	29.0628
20210111015311	29.1397
20210111015311	29.1397
20210111015311	29.1397
20210111015311	29.2352
20210111015311	29.2352
20210111015311	29.2352
20210111015311	29.2352
20210111015311	29.3111
20210111015311	29.3111
20210111015311	29.3111
20210111015311	29.3863
20210111015311	29.3863
20210111015311	29.3863
20210111015311	29.4607
20210111015311	29.4607
20210111015311	29.4607
20210111015311	29.4607
20210111015311	29.5348
20210111015311	29.5348
20210111015311	29.5348
20210111015311	29.6266
20210111015311	29.6266
20210111015311	29.6266
20210111015311	29.6266
20210111015311	29.6993
20210111015311	29.6993
20210111015311	29.6993
20210111015311	29.7713
20210111015311	29.7713
20210111015311	29.7713
20210111015311	29.8426
20210111015311	29.8426
20210111015311	29.8426
20210111015311	29.8426
20210111015311	29.9131
20210111015312	29.9131
20210111015312	29.9131
20210111015312	29.9999
20210111015312	29.9999
20210111015312	29.9999
20210111015312	30.0514
20210111015312	30.0514
20210111015312	30.0514
20210111015312	30.1362
20210111015312	30.1362
20210111015312	30.1362
20210111015312	30.1362
20210111015312	30.2034
20210111015312	30.2034
20210111015312	30.2698
20210111015312	30.2698
20210111015312	30.2698
20210111015312	30.2698
20210111015312	30.2698
20210111015312	30.3356
20210111015312	30.3356
20210111015312	30.3356
20210111015312	30.4008
20210111015312	30.4008
20210111015312	30.4008
20210111015312	30.4653
20210111015312	30.4653
20210111015312	30.4653
20210111015312	30.5446
20210111015312	30.5446
20210111015312	30.5446
20210111015312	30.5446
20210111015312	30.6072
20210111015312	30.6072
20210111015312	30.6072
20210111015312	30.6687
20210111015312	30.6687
20210111015312	30.6687
20210111015312	30.6687
20210111015312	30.7446
20210111015312	30.7446
20210111015313	30.7446
20210111015313	30.7895
20210111015313	30.7895
20210111015313	30.7895
20210111015313	30.8634
20210111015313	30.8634
20210111015313	30.8634
20210111015313	30.9216
20210111015313	30.9216
20210111015313	30.9216
20210111015313	30.9216
20210111015313	30.979
20210111015313	30.979
20210111015313	30.979
20210111015313	31.0356
20210111015313	31.0356
20210111015313	31.0356
20210111015313	31.0915
20210111015313	31.0915
20210111015313	31.0915
20210111015313	31.0915
20210111015313	31.1602
20210111015313	31.1602
20210111015313	31.2144
20210111015313	31.2144
20210111015313	31.2144
20210111015313	31.2144
20210111015313	31.2686
20210111015313	31.2686
20210111015313	31.2686
20210111015313	31.2686
20210111015313	31.3226
20210111015313	31.3226
20210111015313	31.3226
20210111015313	31.3758
20210111015313	31.3758
20210111015313	31.3758
20210111015313	31.4283
20210111015313	31.4283
20210111015313	31.4283
20210111015313	31.4283
20210111015313	31.4799
20210111015313	31.4799
20210111015313	31.4799
20210111015313	31.5305
20210111015313	31.5305
20210111015313	31.5305
20210111015313	31.5932
20210111015313	31.5932
20210111015314	31.5932
20210111015314	31.5932
20210111015314	31.643
20210111015314	31.643
20210111015314	31.643
20210111015314	31.6919
20210111015314	31.6919
20210111015314	31.6919
20210111015314	31.7401
20210111015314	31.7401
20210111015314	31.7401
20210111015314	31.7401
20210111015314	31.7874
20210111015314	31.7874
20210111015314	31.7874
20210111015314	31.8458
20210111015314	31.8458
20210111015314	31.8458
20210111015314	31.8458
20210111015314	31.8922
20210111015314	31.8922
20210111015314	31.8922
20210111015314	31.9382
20210111015314	31.9382
20210111015314	31.9382
20210111015314	31.9833
20210111015314	31.9833
20210111015314	31.9833
20210111015314	32.0275
20210111015314	32.0275
20210111015314	32.0275
20210111015314	32.0275
20210111015315	32.0708
20210111015315	32.0708
20210111015315	32.0708
20210111015315	32.1133
20210111015315	32.1133
20210111015315	32.1133
20210111015315	32.1656
20210111015315	32.1656
20210111015315	32.1656
20210111015315	32.1656
20210111015315	32.2071
20210111015315	32.2071
20210111015315	32.2071
20210111015315	32.2478
20210111015315	32.2478
20210111015315	32.2478
20210111015315	32.2878
20210111015315	32.2878
20210111015315	32.2878
20210111015315	32.2878
20210111015315	32.327
20210111015315	32.327
20210111015315	32.327
20210111015315	32.3655
20210111015315	32.3655
20210111015315	32.3655
20210111015315	32.4133
20210111015315	32.4133
20210111015315	32.4133
20210111015315	32.4133
20210111015315	32.4511
20210111015315	32.4511
20210111015315	32.4511
20210111015315	32.4881
20210111015315	32.4881
20210111015315	32.4881
20210111015315	32.5242
20210111015315	32.5242
20210111015315	32.5242
20210111015315	32.5242
20210111015315	32.5684
20210111015315	32.5684
20210111015315	32.5684
20210111015315	32.6031
20210111015315	32.6031
20210111015315	32.6031
20210111015315	32.6031
20210111015315	32.6372
20210111015315	32.6372
20210111015316	32.6372
20210111015316	32.6709
20210111015316	32.6709
20210111015316	32.6709
20210111015316	32.7037
20210111015316	32.7037
20210111015316	32.7037
20210111015316	32.7357
20210111015316	32.7357
20210111015316	32.7357
20210111015316	32.7357
20210111015316	32.7671
20210111015316	32.7671
20210111015316	32.798
20210111015316	32.798
20210111015316	32.798
20210111015316	32.798
20210111015316	32.836
20210111015316	32.836
20210111015316	32.836
20210111015316	32.836
20210111015316	32.8661
20210111015316	32.8661
20210111015317	32.8661
20210111015317	32.8957
20210111015317	32.8957
20210111015317	32.8957
20210111015317	32.8957
20210111015317	32.9246
20210111015317	32.9246
20210111015317	32.9246
20210111015317	32.9602
20210111015317	32.9602
20210111015317	32.9602
20210111015317	32.981
20210111015317	32.981
20210111015317	32.981
20210111015317	33.015
20210111015317	33.015
20210111015317	33.015
20210111015317	33.015
20210111015317	33.0417
20210111015317	33.0417
20210111015317	33.0417
20210111015317	33.0679
20210111015317	33.0679
20210111015317	33.0679
20210111015317	33.0679
20210111015317	33.0997
20210111015317	33.0997
20210111015317	33.0997
20210111015318	33.1245
20210111015318	33.1245
20210111015318	33.1245
20210111015318	33.1425
20210111015318	33.1425
20210111015318	33.1425
20210111015318	33.1425
20210111015318	33.1718
20210111015318	33.1718
20210111015318	33.1718
20210111015318	33.1945
20210111015318	33.1945
20210111015318	33.1945
20210111015318	33.2166
20210111015318	33.2166
20210111015318	33.2166
20210111015318	33.2166
20210111015318	33.238
20210111015318	33.238
20210111015318	33.238
20210111015318	33.2592
20210111015318	33.2592
20210111015318	33.2592
20210111015318	33.2846
20210111015318	33.2846
20210111015318	33.2846
20210111015318	33.2846
20210111015318	33.3044
20210111015318	33.3044
20210111015318	33.3044
20210111015318	33.3237
20210111015318	33.3237
20210111015318	33.3237
20210111015318	33.3423
20210111015318	33.3423
20210111015318	33.3423
20210111015318	33.3604
20210111015318	33.3604
20210111015318	33.3604
20210111015318	33.3604
20210111015318	33.3777
20210111015318	33.3777
20210111015318	33.3777
20210111015318	33.3943
20210111015318	33.3943
20210111015318	33.3943
20210111015318	33.4142
20210111015318	33.4142
20210111015318	33.4142
20210111015318	33.4142
20210111015318	33.4297
20210111015319	33.4297
20210111015319	33.4297
20210111015319	33.4443
20210111015319	33.4443
20210111015319	33.4443
20210111015319	33.4443
20210111015319	33.4582
20210111015319	33.4582
20210111015319	33.4582
20210111015319	33.4715
20210111015319	33.4715
20210111015319	33.4715
20210111015319	33.4841
20210111015319	33.4841
20210111015319	33.4841
20210111015319	33.4841
20210111015319	33.4991
20210111015319	33.4991
20210111015319	33.4991
20210111015319	33.5106
20210111015319	33.5106
20210111015319	33.5215
20210111015319	33.5215
20210111015319	33.5215
20210111015319	33.5215
20210111015319	33.5317
20210111015319	33.5317
20210111015319	33.5317
20210111015319	33.5317
20210111015319	33.5435
20210111015319	33.5435
20210111015319	33.5435
20210111015319	33.5522
20210111015319	33.5522
20210111015319	33.5522
20210111015319	33.5522
20210111015319	33.5603
20210111015319	33.5603
20210111015319	33.5603
20210111015319	33.568
20210111015319	33.568
20210111015319	33.575
20210111015319	33.575
20210111015319	33.575
20210111015319	33.575
20210111015319	33.575
20210111015319	33.5814
20210111015319	33.5814
20210111015319	33.5814
20210111015319	33.5885
20210111015319	33.5885
20210111015319	33.5885
20210111015320	33.5923
20210111015320	33.5923
20210111015320	33.5923
20210111015320	33.598
20210111015320	33.598
20210111015320	33.598
20210111015320	33.598
20210111015320	33.6019
20210111015320	33.6019
20210111015320	33.6019
20210111015320	33.6053
20210111015320	33.6053
20210111015320	33.6053
20210111015320	33.6081
20210111015320	33.6081
20210111015320	33.6081
20210111015320	33.6081
20210111015320	33.6102
20210111015320	33.6102
20210111015320	33.6102
20210111015320	33.6119
20210111015320	33.6119
20210111015320	33.6119
20210111015320	33.6119
20210111015320	33.6126
20210111015320	33.6126
20210111015320	33.6126
20210111015320	33.6128
20210111015320	33.6128
20210111015320	33.6128
20210111015320	33.6124
20210111015320	33.6124
20210111015320	33.6124
20210111015320	33.6115
20210111015320	33.6115
20210111015320	33.6115
20210111015320	33.6115
20210111015320	33.6096
20210111015320	33.6096
20210111015320	33.6096
20210111015320	33.6077
20210111015320	33.6077
20210111015320	33.6077
20210111015320	33.6054
20210111015320	33.6054
20210111015320	33.6054
20210111015320	33.6054
20210111015320	33.6028
20210111015320	33.6028
20210111015321	33.6028
20210111015321	33.5997
20210111015321	33.5997
20210111015321	33.5997
20210111015321	33.5997
20210111015321	33.5961
20210111015321	33.5961
20210111015321	33.5961
20210111015321	33.5919
20210111015321	33.5919
20210111015321	33.5919
20210111015321	33.5861
20210111015321	33.5861
20210111015321	33.5861
20210111015321	33.581
20210111015321	33.581
20210111015321	33.581
20210111015321	33.581
20210111015321	33.5757
20210111015321	33.5757
20210111015321	33.5757
20210111015321	33.5701
20210111015321	33.5701
20210111015321	33.5701
20210111015321	33.5641
20210111015321	33.5641
20210111015321	33.5641
20210111015321	33.5641
20210111015321	33.5577
20210111015321	33.5577
20210111015321	33.5577
20210111015322	33.5509
20210111015322	33.5509
20210111015322	33.5509
20210111015322	33.5421
20210111015322	33.5421
20210111015322	33.5421
20210111015322	33.5421
20210111015322	33.5348
20210111015322	33.5348
20210111015322	33.5348
20210111015322	33.5271
20210111015322	33.5271
20210111015322	33.5271
20210111015322	33.5192
20210111015322	33.5192
20210111015322	33.5192
20210111015322	33.5192
20210111015322	33.511
20210111015322	33.511
20210111015322	33.511
20210111015322	33.5004
20210111015322	33.5004
20210111015322	33.5004
20210111015322	33.4917
20210111015322	33.4917
20210111015322	33.4917
20210111015322	33.4917
20210111015322	33.4828
20210111015322	33.4828
20210111015322	33.4828
20210111015322	33.4736
20210111015322	33.4736
20210111015322	33.4736
20210111015322	33.4619
20210111015322	33.4619
20210111015322	33.4619
20210111015322	33.4619
20210111015322	33.4525
20210111015322	33.4525
20210111015322	33.4525
20210111015322	33.4427
20210111015322	33.4427
20210111015322	33.4427
20210111015322	33.4326
20210111015322	33.4326
20210111015322	33.4326
20210111015322	33.4326
20210111015322	33.4223
20210111015322	33.4223
20210111015322	33.4119
20210111015322	33.4119
20210111015322	33.4119
20210111015322	33.4119
20210111015322	33.4119
20210111015322	33.4015
20210111015322	33.4015
20210111015322	33.4015
20210111015322	33.3909
20210111015322	33.3909
20210111015322	33.3802
20210111015322	33.3802
20210111015322	33.3802
20210111015322	33.3802
20210111015322	33.3802
20210111015322	33.3668
20210111015322	33.3668
20210111015322	33.3668
20210111015323	33.356
20210111015323	33.356
20210111015323	33.356
20210111015323	33.3453
20210111015323	33.3453
20210111015323	33.3453
20210111015323	33.3347
20210111015323	33.3347
20210111015323	33.3347
20210111015323	33.3347
20210111015323	33.3215
20210111015323	33.3215
20210111015323	33.3215
20210111015323	33.3111
20210111015323	33.3111
20210111015323	33.3111
20210111015323	33.3111
20210111015323	33.3008
20210111015323	33.3008
20210111015323	33.3008
20210111015323	33.2904
20210111015323	33.2904
20210111015323	33.2904
20210111015323	33.2801
20210111015323	33.2801
20210111015323	33.2801
20210111015323	33.2672
20210111015323	33.2672
20210111015323	33.2672
20210111015323	33.2672
20210111015323	33.2595
20210111015323	33.2595
20210111015323	33.2595
20210111015323	33.2494
20210111015323	33.2494
20210111015323	33.2494
20210111015323	33.2368
20210111015323	33.2368
20210111015323	33.2368
20210111015324	33.2368
20210111015324	33.2266
20210111015324	33.2266
20210111015324	33.2266
20210111015324	33.2166
20210111015324	33.2166
20210111015324	33.2166
20210111015324	33.2068
20210111015324	33.2068
20210111015324	33.2068
20210111015324	33.2068
20210111015324	33.197
20210111015324	33.197
20210111015324	33.197
20210111015324	33.185
20210111015324	33.185
20210111015324	33.185
20210111015324	33.1754
20210111015324	33.1754
20210111015324	33.1754
20210111015324	33.1754
20210111015324	33.166
20210111015324	33.166
20210111015324	33.1569
20210111015324	33.1569
20210111015324	33.1569
20210111015324	33.1569
20210111015324	33.1479
20210111015324	33.1479
20210111015324	33.1479
20210111015324	33.1479
20210111015324	33.1391
20210111015324	33.1391
20210111015324	33.1391
20210111015324	33.1304
20210111015324	33.1304
20210111015324	33.1304
20210111015324	33.1199
20210111015324	33.1199
20210111015324	33.1199
20210111015324	33.1199
20210111015324	33.1117
20210111015324	33.1117
20210111015324	33.1117
20210111015324	33.1036
20210111015324	33.1036
20210111015324	33.1036
20210111015324	33.0957
20210111015324	33.0957
20210111015324	33.0957
20210111015325	33.0957
20210111015325	33.0862
20210111015325	33.0862
20210111015325	33.0862
20210111015325	33.0805
20210111015325	33.0805
20210111015325	33.0805
20210111015325	33.0712
20210111015325	33.0712
20210111015325	33.0712
20210111015325	33.0712
20210111015325	33.0639
20210111015325	33.0639
20210111015325	33.0639
20210111015325	33.0566
20210111015325	33.0566
20210111015325	33.0566
20210111015325	33.0495
20210111015325	33.0495
20210111015325	33.0495
20210111015325	33.0495
20210111015325	33.0427
20210111015325	33.0427
20210111015325	33.0427
20210111015325	33.0361
20210111015325	33.0361
20210111015325	33.0361
20210111015325	33.0282
20210111015325	33.0282
20210111015325	33.0282
20210111015326	33.0282
20210111015326	33.0219
20210111015326	33.0219
20210111015326	33.0158
20210111015326	33.0158
20210111015326	33.0158
20210111015326	33.0158
20210111015326	33.0158
20210111015326	33.0084
20210111015326	33.0084
20210111015326	33.0084
20210111015326	33.0041
20210111015326	33.0041
20210111015326	33.0041
20210111015326	32.9969
20210111015326	32.9969
20210111015326	32.9969
20210111015326	32.9969
20210111015326	32.9913
20210111015326	32.9913
20210111015326	32.9913
20210111015326	32.9856
20210111015326	32.9856
20210111015326	32.9856
20210111015326	32.9799
20210111015326	32.9799
20210111015326	32.9799
20210111015326	32.9799
20210111015326	32.9731
20210111015326	32.9731
20210111015326	32.9731
20210111015326	32.9691
20210111015326	32.9691
20210111015326	32.9691
20210111015326	32.9638
20210111015326	32.9638
20210111015326	32.9638
20210111015326	32.9575
20210111015326	32.9575
20210111015326	32.9575
20210111015326	32.9575
20210111015326	32.9525
20210111015326	32.9525
20210111015326	32.9477
20210111015326	32.9477
20210111015326	32.9477
20210111015326	32.9477
20210111015326	32.9477
20210111015326	32.943
20210111015327	32.943
20210111015327	32.943
20210111015327	32.9384
20210111015327	32.9384
20210111015327	32.9384
20210111015327	32.9338
20210111015327	32.9338
20210111015327	32.9338
20210111015327	32.9338
20210111015327	32.9282
20210111015327	32.9282
20210111015327	32.9282
20210111015327	32.9239
20210111015327	32.9239
20210111015327	32.9239
20210111015327	32.9197
20210111015327	32.9197
20210111015327	32.9197
20210111015327	32.9197
20210111015327	32.9157
20210111015327	32.9157
20210111015327	32.9157
20210111015327	32.9106
20210111015327	32.9106
20210111015327	32.9077
20210111015327	32.9077
20210111015327	32.9077
20210111015327	32.9077
20210111015327	32.903
20210111015327	32.903
20210111015327	32.903
20210111015328	32.903
20210111015328	32.8994
20210111015328	32.8994
20210111015328	32.8959
20210111015328	32.8959
20210111015328	32.8959
20210111015328	32.8959
20210111015328	32.8924
20210111015328	32.8924
20210111015328	32.8924
20210111015328	32.8924
20210111015328	32.8889
20210111015328	32.8889
20210111015328	32.8889
20210111015328	32.8856
20210111015328	32.8856
20210111015328	32.8856
20210111015328	32.8815
20210111015328	32.8815
20210111015328	32.8815
20210111015328	32.8815
20210111015328	32.8782
20210111015328	32.8782
20210111015328	32.8782
20210111015328	32.8751
20210111015328	32.8751
20210111015328	32.8751
20210111015328	32.8751
20210111015328	32.872
20210111015328	32.872
20210111015328	32.872
20210111015328	32.8689
20210111015328	32.8689
20210111015328	32.8689
20210111015328	32.8657
20210111015328	32.8657
20210111015328	32.8657
20210111015328	32.8619
20210111015328	32.8619
20210111015328	32.8619
20210111015329	32.8619
20210111015329	32.859
20210111015329	32.859
20210111015329	32.859
20210111015329	32.856
20210111015329	32.856
20210111015329	32.856
20210111015329	32.853
20210111015329	32.853
20210111015329	32.853
20210111015329	32.853
20210111015329	32.8499
20210111015329	32.8499
20210111015329	32.8499
20210111015329	32.8468
20210111015329	32.8468
20210111015329	32.8468
20210111015329	32.8429
20210111015329	32.8429
20210111015329	32.8429
20210111015329	32.8429
20210111015329	32.8397
20210111015329	32.8397
20210111015329	32.8397
20210111015329	32.8365
20210111015329	32.8365
20210111015329	32.8365
20210111015329	32.8331
20210111015329	32.8331
20210111015329	32.8331
20210111015329	32.8331
20210111015330	32.8295
20210111015330	32.8295
20210111015330	32.8295
20210111015330	32.8257
20210111015330	32.8257
20210111015330	32.8257
20210111015330	32.8257
20210111015330	32.8212
20210111015330	32.8212
20210111015330	32.8212
20210111015330	32.8177
20210111015330	32.8177
20210111015330	32.8177
20210111015330	32.814
20210111015330	32.814
20210111015330	32.814
20210111015330	32.8101
20210111015330	32.8101
20210111015330	32.8101
20210111015330	32.8101
20210111015330	32.8061
20210111015330	32.8061
20210111015330	32.8061
20210111015330	32.8011
20210111015330	32.8011
20210111015330	32.8011
20210111015330	32.7969
20210111015330	32.7969
20210111015330	32.7969
20210111015330	32.7969
20210111015330	32.7926
20210111015330	32.7926
20210111015330	32.7926
20210111015331	32.7881
20210111015331	32.7881
20210111015331	32.7881
20210111015331	32.7834
20210111015331	32.7834
20210111015331	32.7834
20210111015331	32.7834
20210111015331	32.7783
20210111015331	32.7783
20210111015331	32.7783
20210111015331	32.7731
20210111015331	32.7731
20210111015331	32.7731
20210111015331	32.7663
20210111015331	32.7663
20210111015331	32.7663
20210111015331	32.7663
20210111015331	32.7606
20210111015331	32.7606
20210111015331	32.7606
20210111015331	32.7546
20210111015331	32.7546
20210111015331	32.7546
20210111015331	32.7546
20210111015331	32.7485
20210111015331	32.7485
20210111015331	32.7485
20210111015331	32.7419
20210111015331	32.7419
20210111015331	32.7419
20210111015331	32.735
20210111015331	32.735
20210111015331	32.735
20210111015331	32.7262
20210111015331	32.7262
20210111015331	32.7262
20210111015331	32.7262
20210111015331	32.7187
20210111015331	32.7187
20210111015331	32.7187
20210111015331	32.7109
20210111015331	32.7109
20210111015331	32.7109
20210111015331	32.7005
20210111015331	32.7005
20210111015331	32.7005
20210111015331	32.7005
20210111015331	32.694
20210111015331	32.694
20210111015331	32.694
20210111015331	32.6849
20210111015331	32.6849
20210111015331	32.6849
20210111015331	32.6731
20210111015331	32.6731
20210111015331	32.6731
20210111015331	32.6731
20210111015331	32.6632
20210111015331	32.6632
20210111015331	32.6632
20210111015331	32.6529
20210111015331	32.6529
20210111015331	32.6529
20210111015331	32.6529
20210111015332	32.6421
20210111015332	32.6421
20210111015332	32.6421
20210111015332	32.6308
20210111015332	32.6308
20210111015332	32.6308
20210111015332	32.6161
20210111015332	32.6161
20210111015332	32.6161
20210111015332	32.6161
20210111015332	32.6039
20210111015332	32.6039
20210111015332	32.6039
20210111015332	32.5911
20210111015332	32.5911
20210111015332	32.5781
20210111015332	32.5781
20210111015332	32.5781
20210111015332	32.5781
20210111015332	32.5781
20210111015332	32.561
20210111015332	32.561
20210111015332	32.561
20210111015332	32.5468
20210111015332	32.5468
20210111015332	32.5468
20210111015332	32.536
20210111015332	32.536
20210111015332	32.536
20210111015332	32.536
20210111015332	32.5172
20210111015332	32.5172
20210111015332	32.5172
20210111015332	32.5017
20210111015332	32.5017
20210111015332	32.5017
20210111015332	32.4857
20210111015332	32.4857
20210111015332	32.4857
20210111015332	32.4857
20210111015332	32.4692
20210111015333	32.4692
20210111015333	32.4692
20210111015333	32.4523
20210111015333	32.4523
20210111015333	32.4523
20210111015333	32.4308
20210111015333	32.4308
20210111015333	32.4308
20210111015333	32.4131
20210111015333	32.4131
20210111015333	32.4131
20210111015333	32.4131
20210111015333	32.395
20210111015333	32.395
20210111015333	32.395
20210111015333	32.3764
20210111015333	32.3764
20210111015333	32.3764
20210111015333	32.3764
20210111015333	32.3573
20210111015333	32.3573
20210111015333	32.3573
20210111015333	32.3376
20210111015333	32.3376
20210111015333	32.3376
20210111015333	32.3173
20210111015333	32.3173
20210111015333	32.3173
20210111015333	32.3173
20210111015333	32.2915
20210111015333	32.2915
20210111015333	32.2915
20210111015333	32.2703
20210111015333	32.2703
20210111015333	32.2703
20210111015333	32.2486
20210111015333	32.2486
20210111015333	32.2486
20210111015333	32.2486
20210111015333	32.2263
20210111015333	32.2263
20210111015334	32.2263
20210111015334	32.2036
20210111015334	32.2036
20210111015334	32.2036
20210111015334	32.1804
20210111015334	32.1804
20210111015334	32.1804
20210111015334	32.1804
20210111015334	32.1509
20210111015334	32.1509
20210111015334	32.1509
20210111015334	32.1269
20210111015334	32.1269
20210111015334	32.1269
20210111015334	32.1023
20210111015334	32.1023
20210111015334	32.1023
20210111015334	32.0709
20210111015334	32.0709
20210111015334	32.0709
20210111015334	32.0709
20210111015334	32.0517
20210111015334	32.0517
20210111015334	32.0517
20210111015334	32.0258
20210111015334	32.0258
20210111015334	32.0258
20210111015334	31.9928
20210111015334	31.9928
20210111015334	31.9928
20210111015334	31.9928
20210111015334	31.9657
20210111015334	31.9657
20210111015334	31.9657
20210111015334	31.9382
20210111015334	31.9382
20210111015334	31.9382
20210111015334	31.9382
20210111015334	31.9102
20210111015334	31.9102
20210111015334	31.9102
20210111015334	31.8819
20210111015334	31.8819
20210111015334	31.8819
20210111015334	31.8531
20210111015334	31.8531
20210111015335	31.8531
20210111015335	31.8164
20210111015335	31.8164
20210111015335	31.8164
20210111015335	31.8164
20210111015335	31.7865
20210111015335	31.7865
20210111015335	31.7865
20210111015335	31.7563
20210111015335	31.7563
20210111015335	31.7563
20210111015335	31.7256
20210111015335	31.7256
20210111015335	31.7256
20210111015335	31.7256
20210111015335	31.6944
20210111015335	31.6944
20210111015335	31.6944
20210111015335	31.6627
20210111015335	31.6627
20210111015335	31.6627
20210111015335	31.6627
20210111015335	31.6222
20210111015335	31.6222
20210111015335	31.6222
20210111015335	31.589
20210111015336	31.589
20210111015336	31.589
20210111015336	31.5552
20210111015336	31.5552
20210111015336	31.5552
20210111015336	31.5552
20210111015336	31.5119
20210111015336	31.5119
20210111015336	31.5119
20210111015336	31.4768
20210111015336	31.4768
20210111015336	31.4768
20210111015336	31.441
20210111015336	31.441
20210111015336	31.441
20210111015336	31.4047
20210111015336	31.4047
20210111015336	31.4047
20210111015336	31.4047
20210111015336	31.3678
20210111015336	31.3678
20210111015336	31.3678
20210111015336	31.3304
20210111015336	31.3304
20210111015336	31.3304
20210111015336	31.2928
20210111015336	31.2928
20210111015336	31.2928
20210111015336	31.2928
20210111015336	31.255
20210111015336	31.255
20210111015336	31.2168
20210111015336	31.2168
20210111015336	31.2168
20210111015336	31.2168
20210111015336	31.2168
20210111015336	31.1684
20210111015336	31.1684
20210111015336	31.1684
20210111015336	31.1291
20210111015336	31.1291
20210111015336	31.1291
20210111015336	31.0892
20210111015336	31.0892
20210111015336	31.0892
20210111015336	31.049
20210111015336	31.049
20210111015336	31.049
20210111015337	31.049
20210111015337	31.0083
20210111015337	31.0083
20210111015337	31.0083
20210111015337	30.9673
20210111015337	30.9673
20210111015337	30.9673
20210111015337	30.9673
20210111015337	30.9156
20210111015337	30.9156
20210111015337	30.9156
20210111015337	30.8738
20210111015337	30.8738
20210111015337	30.8738
20210111015337	30.8316
20210111015337	30.8316
20210111015337	30.8316
20210111015337	30.7891
20210111015337	30.7891
20210111015337	30.7891
20210111015337	30.7891
20210111015337	30.7463
20210111015337	30.7463
20210111015337	30.7463
20210111015337	30.7029
20210111015337	30.7029
20210111015337	30.7029
20210111015337	30.7029
20210111015337	30.6482
20210111015337	30.6482
20210111015337	30.6482
20210111015337	30.6042
20210111015338	30.6042
20210111015338	30.6042
20210111015338	30.5597
20210111015338	30.5597
20210111015338	30.5597
20210111015338	30.5597
20210111015338	30.5146
20210111015338	30.5146
20210111015338	30.5146
20210111015338	30.4692
20210111015338	30.4692
20210111015338	30.4692
20210111015338	30.4119
20210111015338	30.4119
20210111015338	30.4119
20210111015338	30.3655
20210111015338	30.3655
20210111015338	30.3655
20210111015338	30.3655
20210111015338	30.319
20210111015338	30.319
20210111015338	30.319
20210111015338	30.2721
20210111015338	30.2721
20210111015338	30.2721
20210111015338	30.213
20210111015338	30.213
20210111015338	30.213
20210111015338	30.213
20210111015338	30.1653
20210111015338	30.1653
20210111015338	30.1653
20210111015338	30.1294
20210111015338	30.1294
20210111015338	30.1294
20210111015338	30.0693
20210111015338	30.0693
20210111015338	30.0693
20210111015338	30.0693
20210111015338	30.0214
20210111015338	30.0214
20210111015338	30.0214
20210111015338	29.9733
20210111015338	29.9733
20210111015338	29.9733
20210111015338	29.9733
20210111015338	29.9253
20210111015338	29.9253
20210111015339	29.9253
20210111015339	29.8772
20210111015339	29.8772
20210111015339	29.8772
20210111015339	29.8289
20210111015339	29.8289
20210111015339	29.8289
20210111015339	29.7685
20210111015339	29.7685
20210111015339	29.7685
20210111015339	29.7685
20210111015339	29.72
20210111015339	29.72
20210111015339	29.72
20210111015339	29.6714
20210111015339	29.6714
20210111015339	29.6714
20210111015339	29.6103
20210111015339	29.6103
20210111015339	29.6103
20210111015339	29.6103
20210111015339	29.5736
20210111015339	29.5736
20210111015339	29.5736
20210111015339	29.5248
20210111015339	29.5248
20210111015339	29.5248
20210111015339	29.5248
20210111015339	29.4636
20210111015339	29.4636
20210111015339	29.4636
20210111015339	29.4145
20210111015339	29.4145
20210111015339	29.4145
20210111015339	29.3652
20210111015339	29.3652
20210111015339	29.3652
20210111015339	29.316
20210111015339	29.316
20210111015339	29.316
20210111015339	29.316
20210111015339	29.2547
20210111015339	29.2547
20210111015339	29.2547
20210111015339	29.2181
20210111015339	29.2181
20210111015339	29.2181
20210111015339	29.2181
20210111015339	29.1572
20210111015339	29.1572
20210111015339	29.1572
20210111015339	29.1085
20210111015339	29.1085
20210111015339	29.1085
20210111015339	29.06
20210111015339	29.06
20210111015339	29.06
20210111015339	29.0117
20210111015339	29.0117
20210111015339	29.0117
20210111015340	29.0117
20210111015340	28.9638
20210111015340	28.9638
20210111015340	28.9638
20210111015340	28.9163
20210111015340	28.9163
20210111015340	28.9163
20210111015340	28.9163
20210111015340	28.8573
20210111015340	28.8573
20210111015340	28.8573
20210111015340	28.8103
20210111015340	28.8103
20210111015340	28.8103
20210111015340	28.7638
20210111015340	28.7638
20210111015340	28.7638
20210111015340	28.7638
20210111015340	28.7175
20210111015340	28.7175
20210111015340	28.7175
20210111015340	28.6715
20210111015340	28.6715
20210111015340	28.6715
20210111015340	28.626
20210111015340	28.626
20210111015340	28.626
20210111015340	28.626
20210111015340	28.5696
20210111015340	28.5696
20210111015340	28.5696
20210111015340	28.5248
20210111015340	28.5248
20210111015340	28.5248
20210111015340	28.4804
20210111015340	28.4804
20210111015340	28.4804
20210111015340	28.4255
20210111015340	28.4255
20210111015340	28.4255
20210111015340	28.4255
20210111015340	28.3927
20210111015340	28.3927
20210111015340	28.3927
20210111015341	28.3498
20210111015341	28.3498
20210111015341	28.3498
20210111015341	28.3498
20210111015341	28.2966
20210111015341	28.2966
20210111015341	28.2966
20210111015341	28.2545
20210111015341	28.2545
20210111015341	28.2545
20210111015341	28.2127
20210111015341	28.2127
20210111015341	28.2127
20210111015341	28.1611
20210111015341	28.1611
20210111015341	28.1611
20210111015341	28.1611
20210111015341	28.1306
20210111015341	28.1306
20210111015341	28.1306
20210111015341	28.0906
20210111015341	28.0906
20210111015341	28.0906
20210111015341	28.0414
20210111015341	28.0414
20210111015341	28.0414
20210111015341	28.0414
20210111015341	28.0025
20210111015341	28.0025
20210111015341	28.0025
20210111015341	27.9639
20210111015342	27.9639
20210111015342	27.9639
20210111015342	27.9639
20210111015342	27.9163
20210111015342	27.9163
20210111015342	27.9163
20210111015342	27.8878
20210111015342	27.8878
20210111015342	27.8878
20210111015342	27.8505
20210111015342	27.8505
20210111015342	27.8505
20210111015342	27.8043
20210111015342	27.8043
20210111015342	27.8043
20210111015342	27.8043
20210111015342	27.7676
20210111015342	27.7676
20210111015342	27.7676
20210111015342	27.7313
20210111015342	27.7313
20210111015342	27.7313
20210111015342	27.7313
20210111015342	27.6865
20210111015342	27.6865
20210111015342	27.6865
20210111015342	27.66
20210111015342	27.66
20210111015342	27.66
20210111015342	27.6251
20210111015342	27.6251
20210111015342	27.6251
20210111015342	27.6251
20210111015342	27.5819
20210111015342	27.5819
20210111015342	27.5819
20210111015342	27.548
20210111015342	27.548
20210111015342	27.548
20210111015342	27.5159
20210111015342	27.5159
20210111015342	27.5159
20210111015342	27.4843
20210111015342	27.4843
20210111015342	27.4843
20210111015342	27.4843
20210111015342	27.453
20210111015342	27.453
20210111015342	27.453
20210111015342	27.4223
20210111015342	27.4223
20210111015342	27.4223
20210111015342	27.3847
20210111015342	27.3847
20210111015342	27.3847
20210111015342	27.3847
20210111015342	27.355
20210111015342	27.355
20210111015342	27.355
20210111015342	27.3257
20210111015342	27.3257
20210111015342	27.3257
20210111015342	27.3257
20210111015342	27.2968
20210111015342	27.2968
20210111015342	27.2968
20210111015342	27.2607
20210111015342	27.2607
20210111015342	27.2392
20210111015343	27.2392
20210111015343	27.2392
20210111015343	27.2392
20210111015343	27.2039
20210111015343	27.2039
20210111015343	27.2039
20210111015343	27.2039
20210111015343	27.1758
20210111015343	27.1758
20210111015343	27.1758
20210111015343	27.149
20210111015343	27.149
20210111015343	27.149
20210111015343	27.1225
20210111015343	27.1225
20210111015343	27.1225
20210111015343	27.1225
20210111015343	27.0898
20210111015343	27.0898
20210111015343	27.0704
20210111015343	27.0704
20210111015343	27.0704
20210111015343	27.0704
20210111015343	27.0385
20210111015343	27.0385
20210111015343	27.0385
20210111015343	27.0385
20210111015343	27.0132
20210111015343	27.0132
20210111015343	27.0132
20210111015343	26.9885
20210111015343	26.9885
20210111015343	26.9885
20210111015343	26.9885
20210111015343	26.9638
20210111015343	26.9638
20210111015343	26.9638
20210111015343	26.939
20210111015343	26.939
20210111015343	26.939
20210111015343	26.9082
20210111015343	26.9082
20210111015343	26.9082
20210111015343	26.9082
20210111015343	26.8837
20210111015343	26.8837
20210111015343	26.8837
20210111015344	26.859
20210111015344	26.859
20210111015344	26.859
20210111015344	26.835
20210111015344	26.835
20210111015344	26.835
20210111015344	26.835
20210111015344	26.811
20210111015344	26.811
20210111015344	26.811
20210111015344	26.7814
20210111015344	26.7814
20210111015344	26.7814
20210111015344	26.7638
20210111015344	26.7638
20210111015344	26.7638
20210111015344	26.7347
20210111015344	26.7347
20210111015344	26.7347
20210111015344	26.7347
20210111015344	26.7116
20210111015344	26.7116
20210111015344	26.7116
20210111015344	26.6887
20210111015344	26.6887
20210111015344	26.6887
20210111015344	26.6887
20210111015344	26.6662
20210111015344	26.6662
20210111015344	26.6662
20210111015344	26.6382
20210111015344	26.6382
20210111015344	26.6382
20210111015344	26.6212
20210111015344	26.6212
20210111015344	26.6212
20210111015344	26.6212
20210111015344	26.5929
20210111015344	26.5929
20210111015344	26.5929
20210111015344	26.5702
20210111015344	26.5702
20210111015344	26.5478
20210111015344	26.5478
20210111015344	26.5478
20210111015344	26.5478
20210111015344	26.5478
20210111015344	26.5201
20210111015344	26.5201
20210111015344	26.5201
20210111015344	26.5036
20210111015344	26.5036
20210111015344	26.5036
20210111015344	26.4816
20210111015344	26.4816
20210111015344	26.4816
20210111015344	26.4816
20210111015344	26.4542
20210111015344	26.4542
20210111015344	26.4542
20210111015344	26.4324
20210111015344	26.4324
20210111015344	26.4324
20210111015344	26.4107
20210111015344	26.4107
20210111015344	26.4107
20210111015344	26.4107
20210111015344	26.3892
20210111015344	26.3892
20210111015345	26.3892
20210111015345	26.3676
20210111015345	26.3676
20210111015345	26.3676
20210111015345	26.3459
20210111015345	26.3459
20210111015345	26.3459
20210111015345	26.3189
20210111015345	26.3189
20210111015345	26.3189
20210111015345	26.3189
20210111015345	26.2975
20210111015345	26.2975
20210111015345	26.2975
20210111015345	26.2766
20210111015345	26.2766
20210111015345	26.2766
20210111015345	26.2559
20210111015345	26.2559
20210111015345	26.2559
20210111015345	26.2559
20210111015345	26.2303
20210111015345	26.2303
20210111015345	26.2303
20210111015345	26.215
20210111015345	26.215
20210111015345	26.215
20210111015345	26.1897
20210111015345	26.1897
20210111015345	26.1897
20210111015345	26.1897
20210111015345	26.1695
20210111015345	26.1695
20210111015345	26.1695
20210111015345	26.1496
20210111015345	26.1496
20210111015345	26.1496
20210111015345	26.1299
20210111015345	26.1299
20210111015345	26.1299
20210111015345	26.1299
20210111015345	26.1102
20210111015345	26.1102
20210111015345	26.1102
20210111015345	26.0902
20210111015345	26.0902
20210111015345	26.0902
20210111015345	26.0654
20210111015345	26.0654
20210111015345	26.0654
20210111015345	26.0654
20210111015345	26.0457
20210111015345	26.0457
20210111015345	26.0457
20210111015345	26.0262
20210111015345	26.0262
20210111015345	26.0262
20210111015345	26.0072
20210111015345	26.0072
20210111015345	26.0072
20210111015345	26.0072
20210111015345	25.9883
20210111015345	25.9883
20210111015345	25.9883
20210111015345	25.965
20210111015345	25.965
20210111015345	25.965
20210111015345	25.965
20210111015345	25.9465
20210111015345	25.9465
20210111015345	25.9465
20210111015345	25.9284
20210111015345	25.9284
20210111015345	25.9284
20210111015345	25.9104
20210111015345	25.9104
20210111015346	25.9104
20210111015346	25.9104
20210111015346	25.8929
20210111015346	25.8929
20210111015346	25.8929
20210111015346	25.8754
20210111015346	25.8754
20210111015346	25.8754
20210111015346	25.8581
20210111015346	25.8581
20210111015346	25.8581
20210111015346	25.8581
20210111015346	25.837
20210111015346	25.837
20210111015346	25.837
20210111015346	25.8207
20210111015346	25.8207
20210111015346	25.8207
20210111015346	25.8049
20210111015346	25.8049
20210111015346	25.8049
