20210104213925	32.2976
20210104213925	32.2689
20210104213925	32.2689
20210104213926	32.2689
20210104213926	32.2323
20210104213926	32.2323
20210104213926	32.2323
20210104213926	32.2323
20210104213926	32.2097
20210104213926	32.2097
20210104213926	32.2097
20210104213926	32.1713
20210104213926	32.1713
20210104213926	32.1713
20210104213926	32.14
20210104213926	32.14
20210104213926	32.14
20210104213926	32.1081
20210104213926	32.1081
20210104213926	32.1081
20210104213926	32.1081
20210104213926	32.0678
20210104213926	32.0678
20210104213926	32.0678
20210104213926	32.0432
20210104213926	32.0432
20210104213926	32.0432
20210104213926	32.0432
20210104213926	32.0012
20210104213926	32.0012
20210104213926	32.0012
20210104213926	31.9672
20210104213926	31.9672
20210104213926	31.9672
20210104213926	31.9328
20210104213926	31.9328
20210104213926	31.9328
20210104213926	31.9328
20210104213926	31.8978
20210104213926	31.8978
20210104213926	31.8978
20210104213926	31.8624
20210104213926	31.8624
20210104213926	31.8624
20210104213926	31.8266
20210104213926	31.8266
20210104213926	31.8266
20210104213926	31.7902
20210104213926	31.7902
20210104213926	31.7902
20210104213926	31.7902
20210104213926	31.7441
20210104213926	31.7441
20210104213926	31.7441
20210104213926	31.7066
20210104213926	31.7066
20210104213926	31.7066
20210104213926	31.7066
20210104213926	31.6686
20210104213926	31.6686
20210104213927	31.6686
20210104213927	31.63
20210104213927	31.63
20210104213927	31.63
20210104213927	31.5908
20210104213927	31.5908
20210104213927	31.5908
20210104213927	31.5908
20210104213927	31.5509
20210104213927	31.5509
20210104213927	31.5509
20210104213927	31.5
20210104213927	31.5
20210104213927	31.5
20210104213927	31.4586
20210104213927	31.4586
20210104213927	31.4586
20210104213927	31.4168
20210104213927	31.4168
20210104213927	31.4168
20210104213927	31.4168
20210104213927	31.3746
20210104213927	31.3746
20210104213927	31.3746
20210104213927	31.3321
20210104213927	31.3321
20210104213927	31.3321
20210104213927	31.3321
20210104213927	31.2893
20210104213927	31.2893
20210104213927	31.2893
20210104213927	31.2352
20210104213927	31.2352
20210104213927	31.2352
20210104213927	31.1915
20210104213927	31.1915
20210104213927	31.1915
20210104213927	31.1474
20210104213927	31.1474
20210104213927	31.1474
20210104213927	31.1474
20210104213927	31.1027
20210104213927	31.1027
20210104213927	31.1027
20210104213927	31.0576
20210104213927	31.0576
20210104213927	31.0576
20210104213927	31.012
20210104213927	31.012
20210104213927	31.012
20210104213928	31.012
20210104213928	30.9546
20210104213928	30.9546
20210104213928	30.9546
20210104213928	30.9086
20210104213928	30.9086
20210104213928	30.9086
20210104213928	30.9086
20210104213928	30.8621
20210104213928	30.8621
20210104213928	30.8621
20210104213928	30.8152
20210104213928	30.8152
20210104213928	30.8152
20210104213928	30.7561
20210104213928	30.7561
20210104213928	30.7561
20210104213928	30.7203
20210104213928	30.7203
20210104213928	30.7203
20210104213928	30.7203
20210104213928	30.6602
20210104213928	30.6602
20210104213928	30.6602
20210104213928	30.6118
20210104213928	30.6118
20210104213928	30.6118
20210104213928	30.6118
20210104213928	30.5631
20210104213928	30.5631
20210104213928	30.5631
20210104213928	30.5141
20210104213928	30.5141
20210104213928	30.5141
20210104213928	30.4647
20210104213928	30.4647
20210104213928	30.4647
20210104213928	30.4647
20210104213928	30.4148
20210104213928	30.4148
20210104213928	30.4148
20210104213929	30.3521
20210104213929	30.3521
20210104213929	30.3521
20210104213929	30.3017
20210104213929	30.3017
20210104213929	30.3017
20210104213929	30.2513
20210104213929	30.2513
20210104213929	30.2513
20210104213929	30.2513
20210104213929	30.2007
20210104213929	30.2007
20210104213929	30.2007
20210104213929	30.15
20210104213929	30.15
20210104213929	30.15
20210104213929	30.15
20210104213929	30.0992
20210104213929	30.0992
20210104213929	30.0992
20210104213929	30.0356
20210104213929	30.0356
20210104213929	30.0356
20210104213929	29.9848
20210104213929	29.9848
20210104213929	29.9848
20210104213929	29.9339
20210104213929	29.9339
20210104213929	29.9339
20210104213929	29.9339
20210104213929	29.8828
20210104213929	29.8828
20210104213929	29.8828
20210104213929	29.8319
20210104213929	29.8319
20210104213929	29.8319
20210104213929	29.781
20210104213929	29.781
20210104213929	29.781
20210104213929	29.781
20210104213929	29.7171
20210104213929	29.7171
20210104213929	29.7171
20210104213929	29.666
20210104213929	29.666
20210104213929	29.666
20210104213929	29.6152
20210104213929	29.6152
20210104213929	29.6152
20210104213929	29.6152
20210104213929	29.5646
20210104213930	29.5646
20210104213930	29.5646
20210104213930	29.5139
20210104213930	29.5139
20210104213930	29.5139
20210104213930	29.4633
20210104213930	29.4633
20210104213930	29.4633
20210104213930	29.4633
20210104213930	29.4001
20210104213930	29.4001
20210104213930	29.4001
20210104213930	29.3496
20210104213930	29.3496
20210104213930	29.3496
20210104213930	29.2994
20210104213930	29.2994
20210104213930	29.2994
20210104213930	29.2994
20210104213930	29.237
20210104213930	29.237
20210104213930	29.1997
20210104213930	29.1997
20210104213930	29.1997
20210104213930	29.1997
20210104213930	29.1502
20210104213930	29.1502
20210104213930	29.1502
20210104213930	29.1502
20210104213930	29.0883
20210104213930	29.0883
20210104213930	29.0883
20210104213930	29.0388
20210104213930	29.0388
20210104213930	29.0388
20210104213930	28.9896
20210104213930	28.9896
20210104213930	28.9896
20210104213930	28.9896
20210104213930	28.9405
20210104213930	28.9405
20210104213931	28.9405
20210104213931	28.8916
20210104213931	28.8916
20210104213931	28.8916
20210104213931	28.8427
20210104213931	28.8427
20210104213931	28.8427
20210104213931	28.782
20210104213931	28.782
20210104213931	28.782
20210104213931	28.7339
20210104213931	28.7339
20210104213931	28.7339
20210104213931	28.7339
20210104213931	28.7339
20210104213931	28.6861
20210104213931	28.6861
20210104213931	28.6387
20210104213931	28.6387
20210104213931	28.6387
20210104213931	28.6387
20210104213931	28.5917
20210104213931	28.5917
20210104213931	28.5917
20210104213931	28.5449
20210104213931	28.5449
20210104213931	28.5449
20210104213931	28.5449
20210104213931	28.4867
20210104213931	28.4867
20210104213931	28.4867
20210104213931	28.4403
20210104213931	28.4403
20210104213931	28.4403
20210104213931	28.4403
20210104213931	28.3942
20210104213931	28.3942
20210104213931	28.3942
20210104213931	28.3485
20210104213931	28.3485
20210104213931	28.3032
20210104213931	28.3032
20210104213931	28.3032
20210104213931	28.3032
20210104213931	28.3032
20210104213931	28.258
20210104213931	28.258
20210104213931	28.258
20210104213931	28.2018
20210104213931	28.2018
20210104213931	28.2018
20210104213931	28.1571
20210104213931	28.1571
20210104213931	28.1571
20210104213931	28.1127
20210104213931	28.1127
20210104213931	28.1127
20210104213932	28.1127
20210104213932	28.0687
20210104213932	28.0687
20210104213932	28.0687
20210104213932	28.0253
20210104213932	28.0253
20210104213932	28.0253
20210104213932	28.0253
20210104213932	27.9823
20210104213932	27.9823
20210104213932	27.9823
20210104213932	27.929
20210104213932	27.929
20210104213932	27.929
20210104213932	27.8868
20210104213932	27.8868
20210104213932	27.8868
20210104213932	27.8868
20210104213932	27.8452
20210104213932	27.8452
20210104213932	27.8452
20210104213932	27.8047
20210104213932	27.8047
20210104213932	27.7655
20210104213932	27.7655
20210104213932	27.7655
20210104213932	27.7655
20210104213932	27.7275
20210104213932	27.7275
20210104213932	27.7275
20210104213932	27.7275
20210104213932	27.6815
20210104213932	27.6815
20210104213932	27.6815
20210104213932	27.6461
20210104213932	27.6461
20210104213932	27.6461
20210104213932	27.6461
20210104213932	27.6115
20210104213932	27.6115
20210104213932	27.5775
20210104213932	27.5775
20210104213932	27.5775
20210104213932	27.5775
20210104213932	27.5439
20210104213932	27.5439
20210104213932	27.5439
20210104213932	27.5439
20210104213932	27.5102
20210104213932	27.5102
20210104213932	27.5102
20210104213932	27.4675
20210104213932	27.4675
20210104213933	27.4675
20210104213933	27.4326
20210104213933	27.4326
20210104213933	27.4326
20210104213933	27.3969
20210104213933	27.3969
20210104213933	27.3969
20210104213933	27.3969
20210104213933	27.3601
20210104213933	27.3601
20210104213933	27.3601
20210104213933	27.3221
20210104213933	27.3221
20210104213933	27.3221
20210104213933	27.283
20210104213933	27.283
20210104213933	27.283
20210104213933	27.283
20210104213933	27.2327
20210104213933	27.2327
20210104213933	27.2327
20210104213933	27.1913
20210104213933	27.1913
20210104213933	27.1913
20210104213933	27.1492
20210104213933	27.1492
20210104213933	27.1492
20210104213933	27.1492
20210104213933	27.1064
20210104213933	27.1064
20210104213933	27.0629
20210104213933	27.0629
20210104213933	27.0629
20210104213933	27.0629
20210104213933	27.0191
20210104213933	27.0191
20210104213933	27.0191
20210104213933	26.9638
20210104213933	26.9638
20210104213933	26.9638
20210104213933	26.9638
20210104213933	26.9195
20210104213933	26.9195
20210104213933	26.9195
20210104213933	26.9195
20210104213933	26.8752
20210104213933	26.8752
20210104213933	26.8313
20210104213933	26.8313
20210104213933	26.8313
20210104213933	26.8313
20210104213933	26.7878
20210104213933	26.7878
20210104213933	26.7878
20210104213934	26.7878
20210104213934	26.7446
20210104213934	26.7446
20210104213934	26.6911
20210104213934	26.6911
20210104213934	26.6911
20210104213934	26.6911
20210104213934	26.6487
20210104213934	26.6487
20210104213934	26.6487
20210104213934	26.6068
20210104213934	26.6068
20210104213934	26.6068
20210104213934	26.6068
20210104213934	26.5655
20210104213934	26.5655
20210104213934	26.5655
20210104213934	26.5247
20210104213934	26.5247
20210104213934	26.5247
20210104213934	26.4846
20210104213934	26.4846
20210104213934	26.4846
20210104213934	26.4846
20210104213934	26.4351
20210104213934	26.4351
20210104213934	26.396
20210104213934	26.396
20210104213934	26.396
20210104213934	26.396
20210104213934	26.396
20210104213934	26.3573
20210104213934	26.3573
20210104213934	26.3191
20210104213934	26.3191
20210104213934	26.3191
20210104213934	26.3191
20210104213934	26.2812
20210104213934	26.2812
20210104213934	26.2812
20210104213934	26.2438
20210104213934	26.2438
20210104213934	26.2438
20210104213934	26.2438
20210104213934	26.1974
20210104213934	26.1974
20210104213934	26.1974
20210104213934	26.1602
20210104213934	26.1602
20210104213935	26.1602
20210104213935	26.1602
20210104213935	26.1229
20210104213935	26.1229
20210104213935	26.1229
20210104213935	26.0853
20210104213935	26.0853
20210104213935	26.0853
20210104213935	26.0474
20210104213935	26.0474
20210104213935	26.0474
20210104213935	26.0089
20210104213935	26.0089
20210104213935	26.0089
20210104213935	26.0089
20210104213935	25.9596
20210104213935	25.9596
20210104213935	25.9596
20210104213935	25.9191
20210104213935	25.9191
20210104213935	25.9191
20210104213935	25.8776
20210104213935	25.8776
20210104213935	25.8776
20210104213935	25.835
20210104213935	25.835
20210104213935	25.835
20210104213935	25.835
20210104213935	25.7911
20210104213935	25.7911
20210104213935	25.7911
20210104213935	25.7911
20210104213935	25.7459
20210104213935	25.7459
20210104213935	25.7459
20210104213935	25.6873
20210104213935	25.6873
20210104213935	25.6391
20210104213935	25.6391
20210104213935	25.6391
20210104213935	25.6391
20210104213935	25.6391
20210104213935	25.5896
20210104213936	25.5896
20210104213936	25.5896
20210104213936	25.5389
20210104213936	25.5389
20210104213936	25.5389
20210104213936	25.4871
20210104213936	25.4871
20210104213936	25.4871
20210104213936	25.4341
20210104213936	25.4341
20210104213936	25.4341
20210104213936	25.4341
20210104213936	25.3663
20210104213936	25.3663
20210104213936	25.3663
20210104213936	25.3107
20210104213936	25.3107
20210104213936	25.3107
20210104213936	25.2539
20210104213936	25.2539
20210104213936	25.2539
20210104213936	25.2539
20210104213936	25.1959
20210104213936	25.1959
20210104213936	25.1959
20210104213936	25.1367
20210104213936	25.1367
20210104213936	25.1367
20210104213936	25.0765
20210104213936	25.0765
20210104213936	25.0765
20210104213936	25.0765
20210104213936	24.9995
20210104213936	24.9995
20210104213936	24.9995
20210104213936	24.9365
20210104213936	24.9365
20210104213936	24.9365
20210104213936	24.8722
20210104213936	24.8722
20210104213936	24.8722
20210104213936	24.8065
20210104213936	24.8065
20210104213936	24.8065
20210104213936	24.8065
20210104213936	24.7395
20210104213936	24.7395
20210104213936	24.7395
20210104213936	24.6709
20210104213936	24.6709
20210104213936	24.6709
20210104213936	24.6709
20210104213936	24.5831
20210104213936	24.5831
20210104213936	24.5112
20210104213937	24.5112
20210104213937	24.5112
20210104213937	24.5112
20210104213937	24.5112
20210104213937	24.4378
20210104213937	24.4378
20210104213937	24.4378
20210104213937	24.3628
20210104213937	24.3628
20210104213937	24.3628
20210104213937	24.2866
20210104213937	24.2866
20210104213937	24.2866
20210104213937	24.1894
20210104213937	24.1894
20210104213937	24.1894
20210104213937	24.11
20210104213937	24.11
20210104213937	24.11
20210104213937	24.11
20210104213937	24.0293
20210104213937	24.0293
20210104213937	24.0293
20210104213937	23.9472
20210104213937	23.9472
20210104213937	23.9472
20210104213937	23.9472
20210104213937	23.8638
20210104213937	23.8638
20210104213937	23.8638
20210104213937	23.779
20210104213937	23.779
20210104213937	23.779
20210104213937	23.779
20210104213937	23.6928
20210104213937	23.6928
20210104213937	23.6928
20210104213937	23.5834
20210104213937	23.5834
20210104213937	23.5834
20210104213937	23.4943
20210104213937	23.4943
20210104213937	23.4943
20210104213937	23.4039
20210104213937	23.4039
20210104213937	23.4039
20210104213937	23.4039
20210104213937	23.3121
20210104213937	23.3121
20210104213937	23.3121
20210104213937	23.219
20210104213937	23.219
20210104213937	23.219
20210104213937	23.1244
20210104213937	23.1244
20210104213938	23.1244
20210104213938	23.0044
20210104213938	23.0044
20210104213938	23.0044
20210104213938	22.907
20210104213938	22.907
20210104213938	22.907
20210104213938	22.907
20210104213938	22.8082
20210104213938	22.8082
20210104213938	22.8082
20210104213938	22.7079
20210104213938	22.7079
20210104213938	22.7079
20210104213938	22.6063
20210104213938	22.6063
20210104213938	22.6063
20210104213938	22.6063
20210104213938	22.6063
20210104213938	22.5033
20210104213938	22.5033
20210104213938	22.5033
20210104213938	22.373
20210104213938	22.373
20210104213938	22.373
20210104213938	22.2671
20210104213938	22.2671
20210104213938	22.2671
20210104213938	22.1597
20210104213938	22.1597
20210104213938	22.1597
20210104213938	22.1597
20210104213938	22.0511
20210104213938	22.0511
20210104213938	21.9411
20210104213938	21.9411
20210104213938	21.9411
20210104213938	21.9411
20210104213938	21.8299
20210104213938	21.8299
20210104213938	21.8299
20210104213939	21.8299
20210104213939	21.6893
20210104213939	21.6893
20210104213939	21.6893
20210104213939	21.5756
20210104213939	21.5756
20210104213939	21.5756
20210104213939	21.4606
20210104213939	21.4606
20210104213939	21.4606
20210104213939	21.4606
20210104213939	21.344
20210104213939	21.344
20210104213939	21.344
20210104213939	21.2263
20210104213939	21.2263
20210104213939	21.2263
20210104213939	21.2263
20210104213939	21.1074
20210104213939	21.1074
20210104213939	21.1074
20210104213939	20.9572
20210104213939	20.9572
20210104213939	20.8356
20210104213939	20.8356
20210104213939	20.8356
20210104213939	20.8356
20210104213939	20.7128
20210104213939	20.7128
20210104213939	20.7128
20210104213939	20.7128
20210104213939	20.5887
20210104213939	20.5887
20210104213939	20.5887
20210104213939	20.4636
20210104213939	20.4636
20210104213939	20.4636
20210104213939	20.3375
20210104213939	20.3375
20210104213939	20.3375
20210104213939	20.3375
20210104213939	20.178
20210104213939	20.178
20210104213939	20.178
20210104213939	20.0491
20210104213939	20.0491
20210104213939	20.0491
20210104213939	19.9191
20210104213939	19.9191
20210104213939	19.9191
20210104213939	19.9191
20210104213939	19.7878
20210104213939	19.7878
20210104213939	19.7878
20210104213939	19.6555
20210104213939	19.6555
20210104213940	19.6555
20210104213940	19.5223
20210104213940	19.5223
20210104213940	19.5223
20210104213940	19.5223
20210104213940	19.3545
20210104213940	19.3545
20210104213940	19.2193
20210104213940	19.2193
20210104213940	19.2193
20210104213940	19.2193
20210104213940	19.0831
20210104213940	19.0831
20210104213940	19.0831
20210104213940	18.9459
20210104213940	18.9459
20210104213940	18.9459
20210104213940	18.9459
20210104213940	18.8077
20210104213940	18.8077
20210104213940	18.8077
20210104213940	18.6685
20210104213940	18.6685
20210104213940	18.6685
20210104213940	18.6685
20210104213940	18.4933
20210104213940	18.4933
20210104213940	18.4933
20210104213940	18.3519
20210104213940	18.3519
20210104213940	18.3519
20210104213940	18.2095
20210104213940	18.2095
20210104213940	18.2095
20210104213940	18.2095
20210104213940	18.0655
20210104213940	18.0655
20210104213940	18.0655
20210104213940	17.9209
20210104213940	17.9209
20210104213940	17.9209
20210104213940	17.7754
20210104213940	17.7754
20210104213941	17.7754
20210104213941	17.7754
20210104213941	17.5927
20210104213941	17.5927
20210104213941	17.5927
20210104213941	17.4458
20210104213941	17.4458
20210104213941	17.4458
20210104213941	17.2983
20210104213941	17.2983
20210104213941	17.2983
20210104213941	17.2983
20210104213941	17.1499
20210104213941	17.1499
20210104213941	17.1499
20210104213941	17.0009
20210104213941	17.0009
20210104213941	17.0009
20210104213941	17.0009
20210104213941	16.8512
20210104213941	16.8512
20210104213941	16.8512
20210104213941	16.6631
20210104213941	16.6631
20210104213941	16.6631
20210104213941	16.5116
20210104213941	16.5116
20210104213941	16.5116
20210104213941	16.3588
20210104213941	16.3588
20210104213941	16.3588
20210104213941	16.3588
20210104213941	16.205
20210104213941	16.205
20210104213941	16.205
20210104213941	16.05
20210104213941	16.05
20210104213941	16.05
20210104213941	15.8938
20210104213941	15.8938
20210104213941	15.8938
20210104213941	15.8938
20210104213941	15.6968
20210104213941	15.6968
20210104213941	15.6968
20210104213941	15.5384
20210104213941	15.5384
20210104213941	15.5384
20210104213941	15.3799
20210104213941	15.3799
20210104213941	15.3799
20210104213942	15.3799
20210104213942	15.2219
20210104213942	15.2219
20210104213942	15.0649
20210104213942	15.0649
20210104213942	15.0649
20210104213942	15.0649
20210104213942	14.9098
20210104213942	14.9098
20210104213942	14.9098
20210104213942	14.9098
20210104213942	14.7189
20210104213942	14.7189
20210104213942	14.7189
20210104213942	14.5688
20210104213942	14.5688
20210104213942	14.5688
20210104213942	14.4212
20210104213942	14.4212
20210104213942	14.4212
20210104213942	14.4212
20210104213942	14.2756
20210104213942	14.2756
20210104213942	14.2756
20210104213942	14.132
20210104213942	14.132
20210104213942	14.132
20210104213942	13.9902
20210104213942	13.9902
20210104213942	13.9902
20210104213942	13.9902
20210104213942	13.8153
20210104213942	13.8153
20210104213942	13.8153
20210104213942	13.6771
20210104213942	13.6771
20210104213942	13.6771
20210104213942	13.5404
20210104213942	13.5404
20210104213942	13.5404
20210104213942	13.5404
20210104213942	13.4051
20210104213942	13.4051
20210104213942	13.4051
20210104213942	13.2711
20210104213942	13.2711
20210104213942	13.2711
20210104213942	13.1383
20210104213942	13.1383
20210104213942	13.1383
20210104213942	13.1383
20210104213942	12.9744
20210104213942	12.9744
20210104213943	12.9744
20210104213943	12.845
20210104213943	12.845
20210104213943	12.845
20210104213943	12.7172
20210104213943	12.7172
20210104213943	12.7172
20210104213943	12.7172
20210104213943	12.5911
20210104213943	12.5911
20210104213943	12.5911
20210104213943	12.4667
20210104213943	12.4667
20210104213943	12.4667
20210104213943	12.3441
20210104213943	12.3441
20210104213943	12.3441
20210104213943	12.3441
20210104213943	12.1933
20210104213943	12.1933
20210104213943	12.1933
20210104213943	12.0745
20210104213943	12.0745
20210104213943	12.0745
20210104213943	11.9575
20210104213943	11.9575
20210104213943	11.9575
20210104213943	11.9575
20210104213943	11.8421
20210104213943	11.8421
20210104213943	11.8421
20210104213943	11.7282
20210104213943	11.7282
20210104213943	11.7282
20210104213943	11.6159
20210104213943	11.6159
20210104213943	11.6159
20210104213943	11.6159
20210104213943	11.478
20210104213943	11.478
20210104213943	11.478
20210104213943	11.3694
20210104213943	11.3694
20210104213943	11.3694
20210104213943	11.2624
20210104213943	11.2624
20210104213943	11.2624
20210104213943	11.2624
20210104213944	11.1567
20210104213944	11.1567
20210104213944	11.1567
20210104213944	11.0522
20210104213944	11.0522
20210104213944	11.0522
20210104213944	10.949
20210104213944	10.949
20210104213944	10.949
20210104213944	10.949
20210104213944	10.8218
20210104213944	10.8218
20210104213944	10.8218
20210104213944	10.7216
20210104213944	10.7216
20210104213944	10.7216
20210104213944	10.6223
20210104213944	10.6223
20210104213944	10.6223
20210104213944	10.6223
20210104213944	10.5241
20210104213944	10.5241
20210104213944	10.5241
20210104213944	10.4269
20210104213944	10.4269
20210104213944	10.4269
20210104213944	10.3307
20210104213944	10.3307
20210104213944	10.3307
20210104213944	10.3307
20210104213944	10.2117
20210104213944	10.2117
20210104213944	10.2117
20210104213944	10.1174
20210104213944	10.1174
20210104213944	10.1174
20210104213944	10.0238
20210104213944	10.0238
20210104213944	10.0238
20210104213944	10.0238
20210104213944	9.93079
20210104213944	9.93079
20210104213944	9.93079
20210104213944	9.83845
20210104213944	9.83845
20210104213944	9.83845
20210104213944	9.74686
20210104213944	9.74686
20210104213944	9.74686
20210104213944	9.74686
20210104213944	9.63291
20210104213944	9.63291
20210104213944	9.63291
20210104213944	9.54206
20210104213944	9.54206
20210104213944	9.54206
20210104213944	9.45135
20210104213944	9.45135
20210104213944	9.45135
20210104213945	9.45135
20210104213945	9.36092
20210104213945	9.36092
20210104213945	9.36092
20210104213945	9.27054
20210104213945	9.27054
20210104213945	9.27054
20210104213945	9.18009
20210104213945	9.18009
20210104213945	9.18009
20210104213945	9.06713
20210104213945	9.06713
20210104213945	9.06713
20210104213945	9.06713
20210104213945	8.97682
20210104213945	8.97682
20210104213945	8.97682
20210104213945	8.88672
20210104213945	8.88672
20210104213945	8.88672
20210104213945	8.88672
20210104213945	8.79659
20210104213945	8.79659
20210104213945	8.79659
20210104213945	8.7063
20210104213945	8.7063
20210104213945	8.7063
20210104213945	8.61578
20210104213945	8.61578
20210104213945	8.61578
20210104213945	8.61578
20210104213945	8.50223
20210104213945	8.50223
20210104213945	8.50223
20210104213945	8.411
20210104213945	8.411
20210104213945	8.411
20210104213945	8.31938
20210104213945	8.31938
20210104213945	8.31938
20210104213945	8.31938
20210104213945	8.22747
20210104213945	8.22747
20210104213945	8.22747
20210104213945	8.13496
20210104213945	8.13496
20210104213945	8.13496
20210104213945	8.04188
20210104213945	8.04188
20210104213945	8.04188
20210104213945	8.04188
20210104213945	7.92461
20210104213945	7.92461
20210104213945	7.92461
20210104213945	7.82997
20210104213945	7.82997
20210104213945	7.82997
20210104213945	7.73464
20210104213945	7.73464
20210104213945	7.73464
20210104213945	7.73464
20210104213946	7.63859
20210104213946	7.63859
20210104213946	7.63859
20210104213946	7.54177
20210104213946	7.54177
20210104213946	7.54177
20210104213946	7.44405
20210104213946	7.44405
20210104213946	7.44405
20210104213946	7.44405
20210104213946	7.32081
20210104213946	7.32081
20210104213946	7.32081
20210104213946	7.22134
20210104213946	7.22134
20210104213946	7.22134
20210104213946	7.12091
20210104213946	7.12091
20210104213946	7.12091
20210104213946	7.12091
20210104213946	7.01947
20210104213946	7.01947
20210104213946	7.01947
20210104213946	6.9172
20210104213946	6.9172
20210104213946	6.9172
20210104213946	6.81394
20210104213946	6.81394
20210104213946	6.81394
20210104213946	6.81394
20210104213946	6.68351
20210104213946	6.68351
20210104213946	6.68351
20210104213946	6.57796
20210104213946	6.57796
20210104213946	6.57796
20210104213946	6.47131
20210104213946	6.47131
20210104213946	6.47131
20210104213946	6.47131
20210104213946	6.33644
20210104213946	6.33644
20210104213946	6.25464
20210104213947	6.25464
20210104213947	6.25464
20210104213947	6.25464
20210104213947	6.14446
20210104213947	6.14446
20210104213947	6.14446
20210104213947	6.14446
20210104213947	6.00517
20210104213947	6.00517
20210104213947	6.00517
20210104213947	5.89235
20210104213947	5.89235
20210104213947	5.89235
20210104213947	5.77828
20210104213947	5.77828
20210104213947	5.77828
20210104213947	5.77828
20210104213947	5.66284
20210104213947	5.66284
20210104213947	5.66284
20210104213947	5.54593
20210104213947	5.54593
20210104213947	5.54593
20210104213947	5.4274
20210104213947	5.4274
20210104213947	5.4274
20210104213947	5.4274
20210104213947	5.27725
20210104213947	5.27725
20210104213947	5.27725
20210104213947	5.15553
20210104213947	5.15553
20210104213947	5.15553
20210104213947	5.03256
20210104213947	5.03256
20210104213947	5.03256
20210104213947	5.03256
20210104213947	4.90832
20210104213947	4.90832
20210104213948	4.90832
20210104213948	4.7829
20210104213948	4.7829
20210104213948	4.7829
20210104213948	4.65622
20210104213948	4.65622
20210104213948	4.65622
20210104213948	4.65622
20210104213948	4.49601
20210104213948	4.49601
20210104213948	4.49601
20210104213948	4.36641
20210104213948	4.36641
20210104213948	4.36641
20210104213948	4.23537
20210104213948	4.23537
20210104213948	4.23537
20210104213948	4.23537
20210104213948	4.10286
20210104213948	4.10286
20210104213948	3.9689
20210104213948	3.9689
20210104213948	3.9689
20210104213948	3.9689
20210104213948	3.83344
20210104213948	3.83344
20210104213948	3.83344
20210104213948	3.83344
20210104213948	3.6621
20210104213948	3.6621
20210104213948	3.6621
20210104213948	3.52342
20210104213948	3.52342
20210104213948	3.52342
20210104213948	3.38311
20210104213948	3.38311
20210104213948	3.38311
20210104213948	3.38311
20210104213948	3.24116
20210104213948	3.24116
20210104213948	3.24116
20210104213948	3.09753
20210104213948	3.09753
20210104213948	3.09753
20210104213948	2.9524
20210104213948	2.9524
20210104213948	2.9524
20210104213948	2.9524
20210104213948	2.76903
20210104213948	2.76903
20210104213949	2.76903
20210104213949	2.62083
20210104213949	2.62083
20210104213949	2.62083
20210104213949	2.47134
20210104213949	2.47134
20210104213949	2.47134
20210104213949	2.47134
20210104213949	2.32075
20210104213949	2.32075
20210104213949	2.32075
20210104213949	2.16936
20210104213949	2.16936
20210104213949	2.16936
20210104213949	2.0176
20210104213949	2.0176
20210104213949	2.0176
20210104213949	2.0176
20210104213949	1.82782
20210104213949	1.82782
20210104213949	1.82782
20210104213949	1.67646
20210104213949	1.67646
20210104213949	1.67646
20210104213949	1.52566
20210104213949	1.52566
20210104213949	1.52566
20210104213949	1.52566
20210104213949	1.37559
20210104213949	1.37559
20210104213949	1.37559
20210104213949	1.22644
20210104213949	1.22644
20210104213949	1.22644
20210104213949	1.07827
20210104213949	1.07827
20210104213949	1.07827
20210104213949	1.07827
20210104213949	0.894319
20210104213949	0.894319
20210104213949	0.747922
20210104213949	0.747922
20210104213949	0.747922
20210104213949	0.747922
20210104213949	0.60202
20210104213949	0.60202
20210104213949	0.60202
20210104213949	0.456727
20210104213949	0.456727
20210104213949	0.456727
20210104213949	0.456727
20210104213949	0.311836
20210104213949	0.311836
20210104213949	0.311836
20210104213949	0.167296
20210104213949	0.167296
20210104213949	0.167296
20210104213949	0.167296
20210104213950	0.0293261
20210104213950	0.0293261
20210104213950	0.0293261
20210104213950	0.0055229
20210104213950	0.0055229
20210104213950	0.0055229
20210104213950	0.0196878
20210104213950	0.0196878
20210104213950	0.0196878
20210104213950	0.0196878
20210104213950	0.0233564
20210104213950	0.0233564
20210104213950	0.0233564
20210104213950	0.0530906
20210104213950	0.0530906
20210104213950	0.0530906
20210104213950	0.0845021
20210104213950	0.0845021
20210104213950	0.0845021
20210104213950	0.0845021
20210104213950	0.119328
20210104213950	0.119328
20210104213950	0.119328
20210104213950	0.141115
20210104213950	0.141115
20210104213950	0.141115
20210104213950	0.15737
20210104213950	0.15737
20210104213950	0.15737
20210104213950	0.15737
20210104213950	0.167592
20210104213950	0.167592
20210104213950	0.167592
20210104213950	0.170565
20210104213950	0.170565
20210104213950	0.170565
20210104213950	0.165254
20210104213950	0.165254
20210104213950	0.165254
20210104213950	0.165254
20210104213950	0.145359
20210104213950	0.145359
20210104213950	0.145359
20210104213950	0.129841
20210104213950	0.129841
20210104213950	0.129841
20210104213950	0.10844
20210104213950	0.10844
20210104213950	0.10844
20210104213950	0.10844
20210104213950	0.0778518
20210104213950	0.0778518
20210104213950	0.0778518
20210104213951	0.0398598
20210104213951	0.0398598
20210104213951	0.0398598
20210104213951	-0.00111466
20210104213951	-0.00111466
20210104213951	-0.00111466
20210104213951	-0.00111466
20210104213951	-0.0473444
20210104213951	-0.0473444
20210104213951	-0.0473444
20210104213951	-0.0519196
20210104213951	-0.0519196
20210104213951	-0.0519196
20210104213951	-0.0587599
20210104213951	-0.0587599
20210104213951	-0.0587599
20210104213951	-0.0587599
20210104213951	-0.0756401
20210104213951	-0.0756401
20210104213951	-0.0756401
20210104213951	-0.0787305
20210104213951	-0.0787305
20210104213951	-0.0787305
20210104213951	-0.0787305
20210104213951	-0.0638471
20210104213951	-0.0638471
20210104213951	-0.0638471
20210104213951	-0.0537197
20210104213951	-0.0537197
20210104213951	-0.0537197
20210104213951	-0.053507
20210104213951	-0.053507
20210104213951	-0.053507
20210104213951	-0.061606
20210104213951	-0.061606
20210104213951	-0.061606
20210104213951	-0.061606
20210104213951	-0.0788217
20210104213951	-0.0788217
20210104213951	-0.0788217
20210104213951	-0.083165
20210104213951	-0.083165
20210104213951	-0.083165
20210104213951	-0.0430931
20210104213951	-0.0430931
20210104213951	-0.0430931
20210104213951	-0.0430931
20210104213951	0.0032299
20210104213951	0.0032299
20210104213951	0.0032299
20210104213951	0.0380855
20210104213951	0.0380855
20210104213951	0.0380855
20210104213952	0.0714682
20210104213952	0.0714682
20210104213952	0.0714682
20210104213952	0.0714682
20210104213952	0.103758
20210104213952	0.103758
20210104213952	0.135215
20210104213952	0.135215
20210104213952	0.135215
20210104213952	0.135215
20210104213952	0.166022
20210104213952	0.166022
20210104213952	0.166022
20210104213952	0.166022
20210104213952	0.202455
20210104213952	0.202455
20210104213952	0.202455
20210104213952	0.228419
20210104213952	0.228419
20210104213952	0.228419
20210104213952	0.250091
20210104213952	0.250091
20210104213952	0.250091
20210104213952	0.250091
20210104213952	0.265358
20210104213952	0.265358
20210104213952	0.265358
20210104213952	0.273025
20210104213952	0.273025
20210104213952	0.273025
20210104213952	0.273073
20210104213952	0.273073
20210104213952	0.273073
20210104213952	0.273073
20210104213952	0.289471
20210104213952	0.289471
20210104213952	0.318502
20210104213952	0.318502
20210104213952	0.318502
20210104213952	0.318502
20210104213952	0.343534
20210104213952	0.343534
20210104213952	0.343534
20210104213952	0.343534
20210104213952	0.364959
20210104213952	0.364959
20210104213952	0.364959
20210104213952	0.383311
20210104213952	0.383311
20210104213952	0.383311
20210104213952	0.398673
20210104213952	0.398673
20210104213952	0.398673
20210104213953	0.398673
20210104213953	0.412835
20210104213953	0.412835
20210104213953	0.412835
20210104213953	0.419221
20210104213953	0.419221
20210104213953	0.419221
20210104213953	0.420888
20210104213953	0.420888
20210104213953	0.420888
20210104213953	0.420888
20210104213953	0.417206
20210104213953	0.417206
20210104213953	0.417206
20210104213953	0.407762
20210104213953	0.407762
20210104213953	0.406505
20210104213953	0.406505
20210104213953	0.406505
20210104213953	0.406505
20210104213953	0.406505
20210104213953	0.403595
20210104213953	0.403595
20210104213953	0.403595
20210104213953	0.395303
20210104213953	0.395303
20210104213953	0.395303
20210104213953	0.381698
20210104213953	0.381698
20210104213953	0.381698
20210104213953	0.381698
20210104213953	0.364282
20210104213953	0.364282
20210104213953	0.364282
20210104213953	0.349049
20210104213953	0.349049
20210104213953	0.349049
20210104213953	0.378104
20210104213953	0.378104
20210104213953	0.378104
20210104213953	0.378104
20210104213953	0.438016
20210104213953	0.438016
20210104213953	0.438016
20210104213953	0.480707
20210104213953	0.480707
20210104213953	0.480707
20210104213953	0.518013
20210104213953	0.518013
20210104213953	0.518013
20210104213953	0.518013
20210104213953	0.54991
20210104213953	0.54991
20210104213954	0.54991
20210104213954	0.578218
20210104213954	0.578218
20210104213954	0.578218
20210104213954	0.606182
20210104213954	0.606182
20210104213954	0.606182
20210104213954	0.645721
20210104213954	0.645721
20210104213954	0.645721
20210104213954	0.645721
20210104213954	0.673445
20210104213954	0.673445
20210104213954	0.673445
20210104213954	0.698536
20210104213954	0.698536
20210104213954	0.698536
20210104213954	0.721373
20210104213954	0.721373
20210104213954	0.721373
20210104213954	0.721373
20210104213954	0.742382
20210104213954	0.742382
20210104213954	0.742382
20210104213954	0.761816
20210104213954	0.761816
20210104213954	0.761816
20210104213954	0.761816
20210104213954	0.784444
20210104213954	0.784444
20210104213954	0.784444
20210104213954	0.800528
20210104213954	0.800528
20210104213954	0.800528
20210104213954	0.814857
20210104213954	0.814857
20210104213954	0.814857
20210104213954	0.814857
20210104213954	0.827551
20210104213954	0.827551
20210104213954	0.838325
20210104213954	0.838325
20210104213954	0.838325
20210104213954	0.838325
20210104213954	0.846759
20210104213954	0.846759
20210104213954	0.846759
20210104213955	0.854952
20210104213955	0.854952
20210104213955	0.854952
20210104213955	0.854952
20210104213955	0.866044
20210104213955	0.866044
20210104213955	0.866044
20210104213955	0.878395
20210104213955	0.878395
20210104213955	0.878395
20210104213955	0.887174
20210104213955	0.887174
20210104213955	0.887174
20210104213955	0.892608
20210104213955	0.892608
20210104213955	0.892608
20210104213955	0.892608
20210104213955	0.894976
20210104213955	0.894976
20210104213955	0.894976
20210104213955	0.894352
20210104213955	0.894352
20210104213955	0.894352
20210104213955	0.894352
20210104213955	0.893026
20210104213955	0.893026
20210104213955	0.89565
20210104213955	0.89565
20210104213955	0.89565
20210104213955	0.89565
20210104213955	0.901062
20210104213955	0.901062
20210104213955	0.901062
20210104213955	0.901062
20210104213955	0.905919
20210104213955	0.905919
20210104213955	0.905919
20210104213955	0.907401
20210104213955	0.907401
20210104213955	0.907401
20210104213955	0.903532
20210104213955	0.903532
20210104213956	0.903532
20210104213956	0.903532
20210104213956	0.905467
20210104213956	0.905467
20210104213956	0.905467
20210104213956	0.90461
20210104213956	0.90461
20210104213956	0.90461
20210104213956	0.902466
20210104213956	0.902466
20210104213956	0.902466
20210104213956	0.902466
20210104213956	0.900042
20210104213956	0.900042
20210104213956	0.900042
20210104213956	0.89747
20210104213956	0.89747
20210104213956	0.89747
20210104213956	0.89747
20210104213956	0.893549
20210104213956	0.893549
20210104213956	0.893549
20210104213956	0.896004
20210104213956	0.896004
20210104213956	0.896004
20210104213956	0.896804
20210104213956	0.896804
20210104213956	0.896804
20210104213956	0.895506
20210104213956	0.895506
20210104213956	0.895506
20210104213956	0.895506
20210104213956	0.896591
20210104213956	0.896591
20210104213956	0.896591
20210104213956	0.898305
20210104213956	0.898305
20210104213956	0.898305
20210104213956	0.898305
20210104213956	0.899334
20210104213956	0.899334
20210104213956	0.899334
20210104213956	0.898953
20210104213957	0.898953
20210104213957	0.898953
20210104213957	0.897505
20210104213957	0.897505
20210104213957	0.897505
20210104213957	0.897505
20210104213957	0.895765
20210104213957	0.895765
20210104213957	0.895765
20210104213957	0.894207
20210104213957	0.894207
20210104213957	0.894207
20210104213957	0.892713
20210104213957	0.892713
20210104213957	0.892713
20210104213957	0.890888
20210104213957	0.890888
20210104213957	0.890888
20210104213957	0.890888
20210104213957	0.889411
20210104213957	0.889411
20210104213957	0.887225
20210104213957	0.887225
20210104213957	0.887225
20210104213957	0.887225
20210104213957	0.887225
20210104213957	0.883922
20210104213957	0.883922
20210104213957	0.880817
20210104213957	0.880817
20210104213957	0.880817
20210104213957	0.880817
20210104213957	0.878203
20210104213957	0.878203
20210104213957	0.878203
20210104213957	0.873902
20210104213957	0.873902
20210104213957	0.873902
20210104213957	0.873902
20210104213957	0.870051
20210104213957	0.870051
20210104213957	0.865538
20210104213957	0.865538
20210104213957	0.865538
20210104213957	0.865538
20210104213957	0.865538
20210104213957	0.86259
20210104213957	0.86259
20210104213958	0.86259
20210104213958	0.859347
20210104213958	0.859347
20210104213958	0.859347
20210104213958	0.856955
20210104213958	0.856955
20210104213958	0.856955
20210104213958	0.85219
20210104213958	0.85219
20210104213958	0.85219
20210104213958	0.85219
20210104213958	0.846919
20210104213958	0.846919
20210104213958	0.846919
20210104213958	0.840285
20210104213958	0.840285
20210104213958	0.840285
20210104213958	0.830353
20210104213958	0.830353
20210104213958	0.830353
20210104213958	0.830353
20210104213958	0.827001
20210104213958	0.827001
20210104213958	0.827001
20210104213958	0.825304
20210104213958	0.825304
20210104213958	0.825304
20210104213958	0.821513
20210104213958	0.821513
20210104213958	0.821513
20210104213958	0.821513
20210104213958	0.819142
20210104213958	0.819142
20210104213958	0.819142
20210104213958	0.819774
20210104213958	0.819774
20210104213958	0.819774
20210104213958	0.819774
20210104213958	0.820107
20210104213958	0.820107
20210104213958	0.820107
20210104213958	0.817971
20210104213958	0.817971
20210104213958	0.817971
20210104213958	0.812923
20210104213958	0.812923
20210104213958	0.812923
20210104213958	0.803904
20210104213958	0.803904
20210104213958	0.803904
20210104213959	0.803904
20210104213959	0.796562
20210104213959	0.796562
20210104213959	0.796562
20210104213959	0.78999
20210104213959	0.78999
20210104213959	0.78999
20210104213959	0.78999
20210104213959	0.784298
20210104213959	0.784298
20210104213959	0.784298
20210104213959	0.778232
20210104213959	0.778232
20210104213959	0.778232
20210104213959	0.77465
20210104213959	0.77465
20210104213959	0.77465
20210104213959	0.767874
20210104213959	0.767874
20210104213959	0.767874
20210104213959	0.767874
20210104213959	0.761681
20210104213959	0.761681
20210104213959	0.761681
20210104213959	0.754866
20210104213959	0.754866
20210104213959	0.754866
20210104213959	0.747797
20210104213959	0.747797
20210104213959	0.747797
20210104213959	0.747797
20210104213959	0.741
20210104213959	0.741
20210104213959	0.741
20210104213959	0.734443
20210104213959	0.734443
20210104213959	0.734443
20210104213959	0.734443
20210104213959	0.726286
20210104213959	0.726286
20210104213959	0.726286
20210104213959	0.71983
20210104213959	0.71983
20210104213959	0.71983
20210104213959	0.713124
20210104213959	0.713124
20210104213959	0.713124
20210104213959	0.713124
20210104213959	0.703846
20210104213959	0.703846
20210104213959	0.703846
20210104213959	0.703846
20210104213959	0.696444
20210104213959	0.696444
20210104213959	0.690932
20210104213959	0.690932
20210104213959	0.690932
20210104213959	0.690932
20210104213959	0.681843
20210104213959	0.681843
20210104213959	0.681843
20210104213959	0.674607
20210104214000	0.674607
20210104214000	0.674607
20210104214000	0.667166
20210104214000	0.667166
20210104214000	0.667166
20210104214000	0.667166
20210104214000	0.659006
20210104214000	0.659006
20210104214000	0.650857
20210104214000	0.650857
20210104214000	0.650857
20210104214000	0.650857
20210104214000	0.642871
20210104214000	0.642871
20210104214000	0.642871
20210104214000	0.63306
20210104214000	0.63306
20210104214000	0.63306
20210104214000	0.63306
20210104214000	0.625329
20210104214000	0.625329
20210104214000	0.625329
20210104214000	0.617545
20210104214000	0.617545
20210104214000	0.617545
20210104214000	0.617545
20210104214000	0.608759
20210104214000	0.608759
20210104214000	0.608759
20210104214000	0.600072
20210104214000	0.600072
20210104214000	0.600072
20210104214000	0.591559
20210104214000	0.591559
20210104214000	0.591559
20210104214000	0.591559
20210104214000	0.581129
20210104214000	0.581129
20210104214000	0.581129
20210104214000	0.573006
20210104214000	0.573006
20210104214000	0.573006
20210104214000	0.565002
20210104214000	0.565002
20210104214000	0.565002
20210104214000	0.55609
20210104214000	0.55609
20210104214000	0.55609
20210104214000	0.55609
20210104214000	0.547412
20210104214000	0.547412
20210104214000	0.547412
20210104214000	0.536701
20210104214000	0.536701
20210104214001	0.536701
20210104214001	0.528266
20210104214001	0.528266
20210104214001	0.528266
20210104214001	0.528266
20210104214001	0.519934
20210104214001	0.519934
20210104214001	0.519934
20210104214001	0.511707
20210104214001	0.511707
20210104214001	0.511707
20210104214001	0.511707
20210104214001	0.502661
20210104214001	0.502661
20210104214001	0.502661
20210104214001	0.493595
20210104214001	0.493595
20210104214001	0.484707
20210104214001	0.484707
20210104214001	0.484707
20210104214001	0.484707
20210104214001	0.484707
20210104214001	0.473719
20210104214001	0.473719
20210104214001	0.473719
20210104214001	0.465059
20210104214001	0.465059
20210104214001	0.465059
20210104214001	0.456559
20210104214001	0.456559
20210104214001	0.456559
20210104214001	0.456559
20210104214001	0.44747
20210104214001	0.44747
20210104214001	0.44747
20210104214001	0.438335
20210104214001	0.438335
20210104214001	0.429355
20210104214001	0.429355
20210104214001	0.429355
20210104214001	0.429355
20210104214001	0.429355
20210104214002	0.418387
20210104214002	0.418387
20210104214002	0.418387
20210104214002	0.409748
20210104214002	0.409748
20210104214002	0.401083
20210104214002	0.401083
20210104214002	0.401083
20210104214002	0.401083
20210104214002	0.391795
20210104214002	0.391795
20210104214002	0.391795
20210104214002	0.391795
20210104214002	0.391795
20210104214002	0.379741
20210104214002	0.379741
20210104214002	0.370317
20210104214002	0.370317
20210104214002	0.370317
20210104214002	0.370317
20210104214002	0.360965
20210104214002	0.360965
20210104214002	0.360965
20210104214002	0.351637
20210104214002	0.351637
20210104214002	0.351637
20210104214002	0.342274
20210104214002	0.342274
20210104214002	0.342274
20210104214002	0.342274
20210104214002	0.332628
20210104214002	0.332628
20210104214002	0.322668
20210104214002	0.322668
20210104214002	0.322668
20210104214002	0.322668
20210104214002	0.312918
20210104214002	0.312918
20210104214002	0.312918
20210104214002	0.312918
20210104214002	0.300899
20210104214002	0.300899
20210104214002	0.300899
20210104214002	0.291433
20210104214002	0.291433
20210104214002	0.291433
20210104214002	0.281999
20210104214002	0.281999
20210104214002	0.281999
20210104214002	0.269727
20210104214002	0.269727
20210104214002	0.269727
20210104214002	0.269727
20210104214002	0.262103
20210104214002	0.262103
20210104214002	0.262103
20210104214002	0.25207
20210104214002	0.25207
20210104214002	0.25207
20210104214002	0.239635
20210104214002	0.239635
20210104214002	0.239635
20210104214002	0.239635
20210104214002	0.229862
20210104214003	0.229862
20210104214003	0.229862
20210104214003	0.220165
20210104214003	0.220165
20210104214003	0.220165
20210104214003	0.21045
20210104214003	0.21045
20210104214003	0.21045
20210104214003	0.21045
20210104214003	0.200466
20210104214003	0.200466
20210104214003	0.190589
20210104214003	0.190589
20210104214003	0.190589
20210104214003	0.190589
20210104214003	0.190589
20210104214003	0.178525
20210104214003	0.178525
20210104214003	0.178525
20210104214003	0.168924
20210104214003	0.168924
20210104214003	0.168924
20210104214003	0.159419
20210104214003	0.159419
20210104214003	0.159419
20210104214003	0.159419
20210104214003	0.150028
20210104214003	0.150028
20210104214003	0.150028
20210104214003	0.140508
20210104214003	0.140508
20210104214003	0.131018
20210104214003	0.131018
20210104214003	0.131018
20210104214003	0.131018
20210104214003	0.131018
20210104214003	0.119036
20210104214003	0.119036
20210104214003	0.109281
20210104214003	0.109281
20210104214003	0.109281
20210104214003	0.109281
20210104214003	0.0993908
20210104214003	0.0993908
20210104214003	0.0993908
20210104214004	0.0894513
20210104214004	0.0894513
20210104214004	0.0894513
20210104214004	0.0894513
20210104214004	0.0767974
20210104214004	0.0767974
20210104214004	0.0767974
20210104214004	0.0693081
20210104214004	0.0693081
20210104214004	0.0693081
20210104214004	0.0567875
20210104214004	0.0567875
20210104214004	0.0567875
20210104214004	0.0567875
20210104214004	0.0467233
20210104214004	0.0467233
20210104214004	0.0467233
20210104214004	0.0367071
20210104214004	0.0367071
20210104214004	0.0367071
20210104214004	0.0367071
20210104214004	0.0266727
20210104214004	0.0266727
20210104214004	0.0266727
20210104214004	0.016686
20210104214004	0.016686
20210104214004	0.016686
20210104214004	0.00679417
20210104214004	0.00679417
20210104214004	0.00679417
20210104214004	0.00679417
20210104214004	-0.00534619
20210104214004	-0.00534619
20210104214004	-0.00534619
20210104214004	-0.0150891
20210104214004	-0.0150891
20210104214004	-0.0150891
20210104214004	-0.0247953
20210104214004	-0.0247953
20210104214004	-0.0247953
20210104214004	-0.0343859
20210104214004	-0.0343859
20210104214004	-0.0343859
20210104214004	-0.0343859
20210104214004	-0.0436673
20210104214004	-0.0436673
20210104214004	-0.0436673
20210104214004	-0.0530109
20210104214004	-0.0530109
20210104214005	-0.0530109
20210104214005	-0.0530109
20210104214005	-0.0649169
20210104214005	-0.0649169
20210104214005	-0.0649169
20210104214005	-0.0743602
20210104214005	-0.0743602
20210104214005	-0.0839151
20210104214005	-0.0839151
20210104214005	-0.0839151
20210104214005	-0.0839151
20210104214005	-0.0839151
20210104214005	-0.0935784
20210104214005	-0.0935784
20210104214005	-0.0935784
20210104214005	-0.102993
20210104214005	-0.102993
20210104214005	-0.102993
20210104214005	-0.112288
20210104214005	-0.112288
20210104214005	-0.112288
20210104214005	-0.124125
20210104214005	-0.124125
20210104214005	-0.124125
20210104214005	-0.124125
20210104214005	-0.133633
20210104214005	-0.133633
20210104214005	-0.143089
20210104214005	-0.143089
20210104214005	-0.143089
20210104214005	-0.143089
20210104214005	-0.152562
20210104214005	-0.152562
20210104214005	-0.152562
20210104214005	-0.152562
20210104214005	-0.161919
20210104214005	-0.161919
20210104214005	-0.161919
20210104214005	-0.170741
20210104214005	-0.170741
20210104214005	-0.170741
20210104214005	-0.170741
20210104214005	-0.182168
20210104214005	-0.182168
20210104214005	-0.182168
20210104214005	-0.19147
20210104214005	-0.19147
20210104214006	-0.19147
20210104214006	-0.20064
20210104214006	-0.20064
20210104214006	-0.20064
20210104214006	-0.20064
20210104214006	-0.209771
20210104214006	-0.209771
20210104214006	-0.209771
20210104214006	-0.218662
20210104214006	-0.218662
20210104214006	-0.218662
20210104214006	-0.228747
20210104214006	-0.228747
20210104214006	-0.228747
20210104214006	-0.236923
20210104214006	-0.236923
20210104214006	-0.236923
20210104214006	-0.236923
20210104214006	-0.245279
20210104214006	-0.245279
20210104214006	-0.245279
20210104214006	-0.253869
20210104214006	-0.253869
20210104214006	-0.253869
20210104214006	-0.253869
20210104214006	-0.26254
20210104214006	-0.26254
20210104214006	-0.26254
20210104214006	-0.269276
20210104214006	-0.269276
20210104214006	-0.273665
20210104214006	-0.273665
20210104214006	-0.273665
20210104214006	-0.273665
20210104214006	-0.280239
20210104214006	-0.280239
20210104214006	-0.280239
20210104214006	-0.280239
20210104214006	-0.287334
20210104214006	-0.287334
20210104214006	-0.287334
20210104214006	-0.295381
20210104214006	-0.295381
20210104214006	-0.295381
20210104214006	-0.295381
20210104214006	-0.303212
20210104214006	-0.303212
20210104214006	-0.303212
20210104214006	-0.311679
20210104214007	-0.311679
20210104214007	-0.311679
20210104214007	-0.315588
20210104214007	-0.315588
20210104214007	-0.315588
20210104214007	-0.322355
20210104214007	-0.322355
20210104214007	-0.322355
20210104214007	-0.322355
20210104214007	-0.328346
20210104214007	-0.328346
20210104214007	-0.328346
20210104214007	-0.328346
20210104214007	-0.334659
20210104214007	-0.334659
20210104214007	-0.341055
20210104214007	-0.341055
20210104214007	-0.341055
20210104214007	-0.341055
20210104214007	-0.34757
20210104214007	-0.34757
20210104214007	-0.34757
20210104214007	-0.352686
20210104214007	-0.352686
20210104214007	-0.352686
20210104214007	-0.359431
20210104214007	-0.359431
20210104214007	-0.359431
20210104214007	-0.365064
20210104214007	-0.365064
20210104214007	-0.365064
20210104214007	-0.365064
20210104214007	-0.37089
20210104214007	-0.37089
20210104214007	-0.37089
20210104214007	-0.37089
20210104214007	-0.376968
20210104214007	-0.376968
20210104214007	-0.376968
20210104214007	-0.382915
20210104214007	-0.382915
20210104214007	-0.382915
20210104214007	-0.38815
20210104214007	-0.38815
20210104214007	-0.38815
20210104214007	-0.38815
20210104214007	-0.394653
20210104214007	-0.394653
20210104214007	-0.394653
20210104214007	-0.394653
20210104214008	-0.400004
20210104214008	-0.400004
20210104214008	-0.405536
20210104214008	-0.405536
20210104214008	-0.405536
20210104214008	-0.405536
20210104214008	-0.41116
20210104214008	-0.41116
20210104214008	-0.41116
20210104214008	-0.416936
20210104214008	-0.416936
20210104214008	-0.416936
20210104214008	-0.422284
20210104214008	-0.422284
20210104214008	-0.422284
20210104214008	-0.422284
20210104214008	-0.428959
20210104214008	-0.428959
20210104214008	-0.428959
20210104214008	-0.434539
20210104214008	-0.434539
20210104214008	-0.434539
20210104214008	-0.440282
20210104214008	-0.440282
20210104214008	-0.440282
20210104214008	-0.440282
20210104214008	-0.446054
20210104214008	-0.446054
20210104214008	-0.446054
20210104214008	-0.451742
20210104214008	-0.451742
20210104214008	-0.451742
20210104214008	-0.456908
20210104214008	-0.456908
20210104214008	-0.456908
20210104214008	-0.462812
20210104214008	-0.462812
20210104214008	-0.462812
20210104214008	-0.462812
20210104214008	-0.467664
20210104214008	-0.467664
20210104214008	-0.467664
20210104214009	-0.472576
20210104214009	-0.472576
20210104214009	-0.472576
20210104214009	-0.472576
20210104214009	-0.47892
20210104214009	-0.47892
20210104214009	-0.47892
20210104214009	-0.48282
20210104214009	-0.48282
20210104214009	-0.48282
20210104214009	-0.487386
20210104214009	-0.487386
20210104214009	-0.487386
20210104214009	-0.487386
20210104214009	-0.492363
20210104214009	-0.492363
20210104214009	-0.492363
20210104214009	-0.496493
20210104214009	-0.496493
20210104214009	-0.496493
20210104214009	-0.500595
20210104214009	-0.500595
20210104214009	-0.500595
20210104214009	-0.504746
20210104214009	-0.504746
20210104214009	-0.504746
20210104214009	-0.504746
20210104214009	-0.509092
20210104214009	-0.509092
20210104214009	-0.509092
20210104214009	-0.513201
20210104214009	-0.513201
20210104214009	-0.513201
20210104214009	-0.513201
20210104214009	-0.517095
20210104214009	-0.517095
20210104214009	-0.520381
20210104214009	-0.520381
20210104214009	-0.520381
20210104214009	-0.523746
20210104214009	-0.523746
20210104214009	-0.523746
20210104214009	-0.523746
20210104214009	-0.527224
20210104214009	-0.527224
20210104214009	-0.527224
20210104214009	-0.527224
20210104214009	-0.530612
20210104214009	-0.530612
20210104214009	-0.530612
20210104214010	-0.533653
20210104214010	-0.533653
20210104214010	-0.533653
20210104214010	-0.536417
20210104214010	-0.536417
20210104214010	-0.536417
20210104214010	-0.536417
20210104214010	-0.538777
20210104214010	-0.538777
20210104214010	-0.538777
20210104214010	-0.541273
20210104214010	-0.541273
20210104214010	-0.541273
20210104214010	-0.541273
20210104214010	-0.544521
20210104214010	-0.544521
20210104214010	-0.544521
20210104214010	-0.547279
20210104214010	-0.547279
20210104214010	-0.547279
20210104214010	-0.54941
20210104214010	-0.54941
20210104214010	-0.54941
20210104214010	-0.550851
20210104214010	-0.550851
20210104214010	-0.550851
20210104214010	-0.5523
20210104214010	-0.5523
20210104214010	-0.5523
20210104214010	-0.5523
20210104214010	-0.553899
20210104214010	-0.553899
20210104214010	-0.553899
20210104214010	-0.553899
20210104214010	-0.555715
20210104214010	-0.555715
20210104214010	-0.555715
20210104214010	-0.557634
20210104214010	-0.557634
20210104214010	-0.557634
20210104214010	-0.559563
20210104214010	-0.559563
20210104214010	-0.559563
20210104214010	-0.55969
20210104214010	-0.55969
20210104214010	-0.55969
20210104214010	-0.55969
20210104214010	-0.560166
20210104214010	-0.560166
20210104214010	-0.560166
20210104214010	-0.560911
20210104214010	-0.560911
20210104214010	-0.560911
20210104214010	-0.561923
20210104214010	-0.561923
20210104214010	-0.561923
20210104214010	-0.561923
20210104214010	-0.56307
20210104214010	-0.56307
20210104214010	-0.56307
20210104214010	-0.564393
20210104214010	-0.564393
20210104214010	-0.564393
20210104214010	-0.564306
20210104214011	-0.564306
20210104214011	-0.564306
20210104214011	-0.564306
20210104214011	-0.564023
20210104214011	-0.564023
20210104214011	-0.564023
20210104214011	-0.564018
20210104214011	-0.564018
20210104214011	-0.564018
20210104214011	-0.564018
20210104214011	-0.564203
20210104214011	-0.564203
20210104214011	-0.564203
20210104214011	-0.564563
20210104214011	-0.564563
20210104214011	-0.564563
20210104214011	-0.564835
20210104214011	-0.564835
20210104214011	-0.564835
20210104214011	-0.564835
20210104214011	-0.563445
20210104214011	-0.563445
20210104214011	-0.562335
20210104214011	-0.562335
20210104214011	-0.562335
20210104214011	-0.562335
20210104214011	-0.561363
20210104214011	-0.561363
20210104214011	-0.561363
20210104214011	-0.561363
20210104214011	-0.560259
20210104214011	-0.560259
20210104214011	-0.560259
20210104214011	-0.559826
20210104214011	-0.559826
20210104214011	-0.559826
20210104214011	-0.559434
20210104214011	-0.559434
20210104214011	-0.559434
20210104214011	-0.559434
20210104214011	-0.557857
20210104214011	-0.557857
20210104214011	-0.557857
20210104214011	-0.556138
20210104214011	-0.556138
20210104214011	-0.556138
20210104214011	-0.554706
20210104214011	-0.554706
20210104214011	-0.554706
20210104214011	-0.553673
20210104214011	-0.553673
20210104214011	-0.553673
20210104214011	-0.553673
20210104214011	-0.552982
20210104214011	-0.552982
20210104214011	-0.552982
20210104214011	-0.552463
20210104214011	-0.552463
20210104214011	-0.552463
20210104214012	-0.552463
20210104214012	-0.550449
20210104214012	-0.550449
20210104214012	-0.550449
20210104214012	-0.548341
20210104214012	-0.548341
20210104214012	-0.548341
20210104214012	-0.5465
20210104214012	-0.5465
20210104214012	-0.5465
20210104214012	-0.5465
20210104214012	-0.54491
20210104214012	-0.54491
20210104214012	-0.54491
20210104214012	-0.543383
20210104214012	-0.543383
20210104214012	-0.543383
20210104214012	-0.542725
20210104214012	-0.542725
20210104214012	-0.542725
20210104214012	-0.542725
20210104214012	-0.541536
20210104214012	-0.541536
20210104214012	-0.541536
20210104214012	-0.54047
20210104214012	-0.54047
20210104214012	-0.54047
20210104214012	-0.539667
20210104214012	-0.539667
20210104214012	-0.539667
20210104214012	-0.539667
20210104214012	-0.539214
20210104214012	-0.539214
20210104214012	-0.539214
20210104214012	-0.539071
20210104214012	-0.539071
20210104214012	-0.539071
20210104214012	-0.539016
20210104214012	-0.539016
20210104214012	-0.539016
20210104214012	-0.538605
20210104214012	-0.538605
20210104214012	-0.538605
20210104214012	-0.538605
20210104214012	-0.538048
20210104214012	-0.538048
20210104214012	-0.538048
20210104214012	-0.53761
20210104214012	-0.53761
20210104214012	-0.53761
20210104214013	-0.537182
20210104214013	-0.537182
20210104214013	-0.537182
20210104214013	-0.537182
20210104214013	-0.537182
20210104214013	-0.536977
20210104214013	-0.536977
20210104214013	-0.536946
20210104214013	-0.536946
20210104214013	-0.536946
20210104214013	-0.536946
20210104214013	-0.536915
20210104214013	-0.536915
20210104214013	-0.536915
20210104214013	-0.536399
20210104214013	-0.536399
20210104214013	-0.536399
20210104214013	-0.536192
20210104214013	-0.536192
20210104214013	-0.536192
20210104214013	-0.536183
20210104214013	-0.536183
20210104214013	-0.536183
20210104214013	-0.536183
20210104214013	-0.536302
20210104214013	-0.536302
20210104214013	-0.536302
20210104214013	-0.536458
20210104214013	-0.536458
20210104214013	-0.536458
20210104214013	-0.536458
20210104214013	-0.536673
20210104214013	-0.536673
20210104214013	-0.536318
20210104214013	-0.536318
20210104214013	-0.536318
20210104214013	-0.536318
20210104214013	-0.536091
20210104214013	-0.536091
20210104214013	-0.536091
20210104214013	-0.536013
20210104214013	-0.536013
20210104214013	-0.536013
20210104214013	-0.536013
20210104214013	-0.536068
20210104214013	-0.536068
20210104214013	-0.536068
20210104214013	-0.536367
20210104214013	-0.536367
20210104214013	-0.536367
20210104214013	-0.536367
20210104214013	-0.536911
20210104214013	-0.536911
20210104214013	-0.536911
20210104214013	-0.53662
20210104214013	-0.53662
20210104214013	-0.53662
20210104214013	-0.536512
20210104214013	-0.536512
20210104214013	-0.536512
20210104214013	-0.536382
20210104214014	-0.536382
20210104214014	-0.536382
20210104214014	-0.536382
20210104214014	-0.536404
20210104214014	-0.536404
20210104214014	-0.536553
20210104214014	-0.536553
20210104214014	-0.536553
20210104214014	-0.536553
20210104214014	-0.536553
20210104214014	-0.536799
20210104214014	-0.536799
20210104214014	-0.536799
20210104214014	-0.536245
20210104214014	-0.536245
20210104214014	-0.536245
20210104214014	-0.53591
20210104214014	-0.53591
20210104214014	-0.53591
20210104214014	-0.535541
20210104214014	-0.535541
20210104214014	-0.535541
20210104214014	-0.535541
20210104214014	-0.535014
20210104214014	-0.535014
20210104214014	-0.535014
20210104214014	-0.534572
20210104214014	-0.534572
20210104214014	-0.534572
20210104214014	-0.534572
20210104214014	-0.5342
20210104214014	-0.5342
20210104214014	-0.533398
20210104214014	-0.533398
20210104214014	-0.533398
20210104214014	-0.533398
20210104214014	-0.532589
20210104214014	-0.532589
20210104214014	-0.532589
20210104214014	-0.531939
20210104214014	-0.531939
20210104214014	-0.531939
20210104214014	-0.531939
20210104214014	-0.53128
20210104214014	-0.53128
20210104214014	-0.53128
20210104214014	-0.53128
20210104214014	-0.530988
20210104214014	-0.530988
20210104214014	-0.530558
20210104214014	-0.530558
20210104214015	-0.530558
20210104214015	-0.530558
20210104214015	-0.529939
20210104214015	-0.529939
20210104214015	-0.529939
20210104214015	-0.529308
20210104214015	-0.529308
20210104214015	-0.529308
20210104214015	-0.528765
20210104214015	-0.528765
20210104214015	-0.528765
20210104214015	-0.528765
20210104214015	-0.528062
20210104214015	-0.528062
20210104214015	-0.528062
20210104214015	-0.527614
20210104214015	-0.527614
20210104214015	-0.527614
20210104214015	-0.527614
20210104214015	-0.526982
20210104214015	-0.526982
20210104214015	-0.526982
20210104214015	-0.526271
20210104214015	-0.526271
20210104214015	-0.526271
20210104214015	-0.525213
20210104214015	-0.525213
20210104214015	-0.525213
20210104214015	-0.525213
20210104214015	-0.524168
20210104214015	-0.524168
20210104214015	-0.523289
20210104214015	-0.523289
20210104214015	-0.523289
20210104214015	-0.522541
20210104214015	-0.522541
20210104214015	-0.522541
20210104214015	-0.522541
20210104214015	-0.521642
20210104214015	-0.521642
20210104214015	-0.521642
20210104214015	-0.521642
20210104214015	-0.520823
20210104214015	-0.520823
20210104214015	-0.520823
20210104214015	-0.519818
20210104214015	-0.519818
20210104214015	-0.519818
20210104214015	-0.51906
20210104214016	-0.51906
20210104214016	-0.51906
20210104214016	-0.51906
20210104214016	-0.518169
20210104214016	-0.518169
20210104214016	-0.51765
20210104214016	-0.51765
20210104214016	-0.51765
20210104214016	-0.51765
20210104214016	-0.516849
20210104214016	-0.516849
20210104214016	-0.516849
20210104214016	-0.516849
20210104214016	-0.516202
20210104214016	-0.516202
20210104214016	-0.516202
20210104214016	-0.515041
20210104214016	-0.515041
20210104214016	-0.515041
20210104214016	-0.51359
20210104214016	-0.51359
20210104214016	-0.51359
20210104214016	-0.51359
20210104214016	-0.512658
20210104214016	-0.512658
20210104214016	-0.512658
20210104214016	-0.511473
20210104214016	-0.511473
20210104214016	-0.511473
20210104214016	-0.510329
20210104214016	-0.510329
20210104214016	-0.510329
20210104214016	-0.510329
20210104214016	-0.509349
20210104214016	-0.509349
20210104214016	-0.509349
20210104214016	-0.507906
20210104214016	-0.507906
20210104214016	-0.507906
20210104214016	-0.507906
20210104214016	-0.506567
20210104214016	-0.506567
20210104214016	-0.506567
20210104214016	-0.505191
20210104214016	-0.505191
20210104214016	-0.505191
20210104214016	-0.503572
20210104214016	-0.503572
20210104214017	-0.503572
20210104214017	-0.503572
20210104214017	-0.501476
20210104214017	-0.501476
20210104214017	-0.501476
20210104214017	-0.499857
20210104214017	-0.499857
20210104214017	-0.499857
20210104214017	-0.497623
20210104214017	-0.497623
20210104214017	-0.497623
20210104214017	-0.497623
20210104214017	-0.495153
20210104214017	-0.495153
20210104214017	-0.495153
20210104214017	-0.493246
20210104214017	-0.493246
20210104214017	-0.4914
20210104214017	-0.4914
20210104214017	-0.4914
20210104214017	-0.4914
20210104214017	-0.489509
20210104214017	-0.489509
20210104214017	-0.489509
20210104214017	-0.489509
20210104214017	-0.487872
20210104214017	-0.487872
20210104214017	-0.487872
20210104214017	-0.485948
20210104214017	-0.485948
20210104214017	-0.485948
20210104214017	-0.485948
20210104214017	-0.484331
20210104214017	-0.484331
20210104214017	-0.484331
20210104214017	-0.482763
20210104214017	-0.482763
20210104214017	-0.482763
20210104214017	-0.480837
20210104214017	-0.480837
20210104214017	-0.480837
20210104214017	-0.479286
20210104214017	-0.479286
20210104214017	-0.479286
20210104214017	-0.479286
20210104214017	-0.477873
20210104214017	-0.477873
20210104214017	-0.477873
20210104214017	-0.476085
20210104214017	-0.476085
20210104214017	-0.476085
20210104214017	-0.476085
20210104214017	-0.474126
20210104214017	-0.474126
20210104214017	-0.474126
20210104214017	-0.471577
20210104214017	-0.471577
20210104214017	-0.471577
20210104214018	-0.469961
20210104214018	-0.469961
20210104214018	-0.469961
20210104214018	-0.467453
20210104214018	-0.467453
20210104214018	-0.467453
20210104214018	-0.467453
20210104214018	-0.465665
20210104214018	-0.465665
20210104214018	-0.465665
20210104214018	-0.463483
20210104214018	-0.463483
20210104214018	-0.463483
20210104214018	-0.461277
20210104214018	-0.461277
20210104214018	-0.461277
20210104214018	-0.461277
20210104214018	-0.459201
20210104214018	-0.459201
20210104214018	-0.459201
20210104214018	-0.457176
20210104214018	-0.457176
20210104214018	-0.457176
20210104214018	-0.457176
20210104214018	-0.454602
20210104214018	-0.454602
20210104214018	-0.452625
20210104214018	-0.452625
20210104214018	-0.452625
20210104214018	-0.452625
20210104214018	-0.45059
20210104214018	-0.45059
20210104214018	-0.45059
20210104214018	-0.448442
20210104214018	-0.448442
20210104214018	-0.448442
20210104214018	-0.446447
20210104214018	-0.446447
20210104214018	-0.446447
20210104214018	-0.446447
20210104214018	-0.444418
20210104214018	-0.444418
20210104214018	-0.444418
20210104214018	-0.441964
20210104214018	-0.441964
20210104214019	-0.441964
20210104214019	-0.441964
20210104214019	-0.440117
20210104214019	-0.440117
20210104214019	-0.440117
20210104214019	-0.437969
20210104214019	-0.437969
20210104214019	-0.437969
20210104214019	-0.437969
20210104214019	-0.435442
20210104214019	-0.435442
20210104214019	-0.435442
20210104214019	-0.432973
20210104214019	-0.432973
20210104214019	-0.432973
20210104214019	-0.430669
20210104214019	-0.430669
20210104214019	-0.430669
20210104214019	-0.428076
20210104214019	-0.428076
20210104214019	-0.428076
20210104214019	-0.428076
20210104214019	-0.426228
20210104214019	-0.426228
20210104214019	-0.426228
20210104214019	-0.424385
20210104214019	-0.424385
20210104214019	-0.424385
20210104214019	-0.422243
20210104214019	-0.422243
20210104214019	-0.422243
20210104214019	-0.422243
20210104214019	-0.420095
20210104214019	-0.420095
20210104214019	-0.420095
20210104214019	-0.418052
20210104214019	-0.418052
20210104214019	-0.418052
20210104214019	-0.418052
20210104214019	-0.415648
20210104214019	-0.415648
20210104214019	-0.415648
20210104214019	-0.413876
20210104214019	-0.413876
20210104214019	-0.413876
20210104214019	-0.412016
20210104214019	-0.412016
20210104214019	-0.412016
20210104214019	-0.409818
20210104214019	-0.409818
20210104214019	-0.409818
20210104214019	-0.409818
20210104214019	-0.407771
20210104214019	-0.407771
20210104214019	-0.407771
20210104214019	-0.40527
20210104214019	-0.40527
20210104214019	-0.40527
20210104214019	-0.403306
20210104214019	-0.403306
20210104214019	-0.403306
20210104214019	-0.403306
20210104214019	-0.401469
20210104214019	-0.401469
20210104214019	-0.401469
20210104214019	-0.399634
20210104214019	-0.399634
20210104214019	-0.399634
20210104214020	-0.399634
20210104214020	-0.397632
20210104214020	-0.397632
20210104214020	-0.397632
20210104214020	-0.395718
20210104214020	-0.395718
20210104214020	-0.395718
20210104214020	-0.393814
20210104214020	-0.393814
20210104214020	-0.393814
20210104214020	-0.393814
20210104214020	-0.391457
20210104214020	-0.391457
20210104214020	-0.391457
20210104214020	-0.389922
20210104214020	-0.389922
20210104214020	-0.389922
20210104214020	-0.388432
20210104214020	-0.388432
20210104214020	-0.388432
20210104214020	-0.388432
20210104214020	-0.386634
20210104214020	-0.386634
20210104214020	-0.386634
20210104214020	-0.384929
20210104214020	-0.384929
20210104214020	-0.384929
20210104214020	-0.382736
20210104214020	-0.382736
20210104214020	-0.382736
20210104214020	-0.382736
20210104214020	-0.380959
20210104214020	-0.380959
20210104214020	-0.380959
20210104214020	-0.379189
20210104214020	-0.379189
20210104214020	-0.379189
20210104214020	-0.377251
20210104214020	-0.377251
20210104214020	-0.377251
20210104214020	-0.377251
20210104214020	-0.375122
20210104214020	-0.375122
20210104214020	-0.375122
20210104214020	-0.372548
20210104214020	-0.372548
20210104214020	-0.372548
20210104214021	-0.370973
20210104214021	-0.370973
20210104214021	-0.370973
20210104214021	-0.370973
20210104214021	-0.368431
20210104214021	-0.368431
20210104214021	-0.368431
20210104214021	-0.366618
20210104214021	-0.366618
20210104214021	-0.366618
20210104214021	-0.364894
20210104214021	-0.364894
20210104214021	-0.364894
20210104214021	-0.362853
20210104214021	-0.362853
20210104214021	-0.362853
20210104214021	-0.362853
20210104214021	-0.36057
20210104214021	-0.36057
20210104214021	-0.36057
20210104214021	-0.357777
20210104214021	-0.357777
20210104214021	-0.357777
20210104214021	-0.355641
20210104214021	-0.355641
20210104214021	-0.355641
20210104214021	-0.355641
20210104214021	-0.353538
20210104214021	-0.353538
20210104214021	-0.353538
20210104214021	-0.351688
20210104214021	-0.351688
20210104214021	-0.351688
20210104214021	-0.349111
20210104214021	-0.349111
20210104214021	-0.349111
20210104214021	-0.349111
20210104214021	-0.347448
20210104214021	-0.347448
20210104214021	-0.347448
20210104214021	-0.344752
20210104214021	-0.344752
20210104214021	-0.344752
20210104214021	-0.344752
20210104214021	-0.3428
20210104214021	-0.3428
20210104214021	-0.3428
20210104214022	-0.340814
20210104214022	-0.340814
20210104214022	-0.340814
20210104214022	-0.338949
20210104214022	-0.338949
20210104214022	-0.338949
20210104214022	-0.338949
20210104214022	-0.336317
20210104214022	-0.336317
20210104214022	-0.336317
20210104214022	-0.334711
20210104214022	-0.334711
20210104214022	-0.334711
20210104214022	-0.33256
20210104214022	-0.33256
20210104214022	-0.33256
20210104214022	-0.33256
20210104214022	-0.329982
20210104214022	-0.329982
20210104214022	-0.329982
20210104214022	-0.328068
20210104214022	-0.328068
20210104214022	-0.328068
20210104214022	-0.326335
20210104214022	-0.326335
20210104214022	-0.326335
20210104214022	-0.326335
20210104214022	-0.324656
20210104214022	-0.324656
20210104214022	-0.324656
20210104214022	-0.322737
20210104214022	-0.322737
20210104214022	-0.322737
20210104214022	-0.320943
20210104214022	-0.320943
20210104214022	-0.320943
20210104214022	-0.318856
20210104214022	-0.318856
20210104214022	-0.318856
20210104214022	-0.318856
20210104214022	-0.317402
20210104214022	-0.317402
20210104214022	-0.317402
20210104214022	-0.31619
20210104214022	-0.31619
20210104214022	-0.31619
20210104214022	-0.31508
20210104214022	-0.31508
20210104214022	-0.31508
20210104214022	-0.31508
20210104214022	-0.31371
20210104214022	-0.31371
20210104214022	-0.31371
20210104214022	-0.312496
20210104214022	-0.312496
20210104214022	-0.312496
20210104214022	-0.31101
20210104214022	-0.31101
20210104214022	-0.31101
20210104214022	-0.31101
20210104214022	-0.309829
20210104214023	-0.309829
20210104214023	-0.309829
20210104214023	-0.308675
20210104214023	-0.308675
20210104214023	-0.308675
20210104214023	-0.307224
20210104214023	-0.307224
20210104214023	-0.307224
20210104214023	-0.306198
20210104214023	-0.306198
20210104214023	-0.306198
20210104214023	-0.306198
20210104214023	-0.30497
20210104214023	-0.30497
20210104214023	-0.30497
20210104214023	-0.30497
20210104214023	-0.303569
20210104214023	-0.303569
20210104214023	-0.302358
20210104214023	-0.302358
20210104214023	-0.302358
20210104214023	-0.302358
20210104214023	-0.301058
20210104214023	-0.301058
20210104214023	-0.301058
20210104214023	-0.299955
20210104214023	-0.299955
20210104214023	-0.299955
20210104214023	-0.299955
20210104214023	-0.298877
20210104214023	-0.298877
20210104214023	-0.298877
20210104214023	-0.29762
20210104214023	-0.29762
20210104214023	-0.29762
20210104214023	-0.296565
20210104214023	-0.296565
20210104214023	-0.296565
20210104214023	-0.296565
20210104214023	-0.295532
20210104214023	-0.295532
20210104214023	-0.295532
20210104214023	-0.294612
20210104214023	-0.294612
20210104214023	-0.294612
20210104214023	-0.294612
20210104214023	-0.293769
20210104214023	-0.293769
20210104214023	-0.293769
20210104214023	-0.292362
20210104214023	-0.292362
20210104214023	-0.291422
20210104214023	-0.291422
20210104214023	-0.291422
20210104214023	-0.291422
20210104214023	-0.291422
20210104214023	-0.289817
20210104214023	-0.289817
20210104214023	-0.289817
20210104214024	-0.288632
20210104214024	-0.288632
20210104214024	-0.288632
20210104214024	-0.287468
20210104214024	-0.287468
20210104214024	-0.287468
20210104214024	-0.287468
20210104214024	-0.286336
20210104214024	-0.286336
20210104214024	-0.285022
20210104214024	-0.285022
20210104214024	-0.285022
20210104214024	-0.285022
20210104214024	-0.283354
20210104214024	-0.283354
20210104214024	-0.283354
20210104214024	-0.283354
20210104214024	-0.282081
20210104214024	-0.282081
20210104214024	-0.282081
20210104214024	-0.281074
20210104214024	-0.281074
20210104214024	-0.281074
20210104214024	-0.280208
20210104214024	-0.280208
20210104214024	-0.280208
20210104214024	-0.27944
20210104214024	-0.27944
20210104214024	-0.27944
20210104214024	-0.27944
20210104214024	-0.278629
20210104214024	-0.278629
20210104214024	-0.278629
20210104214024	-0.2778
20210104214024	-0.2778
20210104214024	-0.2778
20210104214024	-0.276951
20210104214024	-0.276951
20210104214024	-0.276951
20210104214024	-0.276951
20210104214024	-0.276148
20210104214024	-0.276148
20210104214024	-0.276148
20210104214024	-0.275481
20210104214024	-0.275481
20210104214024	-0.275481
20210104214024	-0.275008
20210104214024	-0.275008
20210104214024	-0.275008
20210104214024	-0.275008
20210104214024	-0.274592
20210104214024	-0.274592
20210104214024	-0.274592
20210104214024	-0.273944
20210104214024	-0.273944
20210104214024	-0.273944
20210104214024	-0.273254
20210104214024	-0.273254
20210104214025	-0.273254
20210104214025	-0.273254
20210104214025	-0.272797
20210104214025	-0.272797
20210104214025	-0.272797
20210104214025	-0.272382
20210104214025	-0.272382
20210104214025	-0.272382
20210104214025	-0.272382
20210104214025	-0.272035
20210104214025	-0.272035
20210104214025	-0.272035
20210104214025	-0.271423
20210104214025	-0.271423
20210104214025	-0.271423
20210104214025	-0.267501
20210104214025	-0.267501
20210104214025	-0.267501
20210104214025	-0.262073
20210104214025	-0.262073
20210104214025	-0.262073
20210104214025	-0.262073
20210104214025	-0.257449
20210104214025	-0.257449
20210104214025	-0.252781
20210104214025	-0.252781
20210104214025	-0.252781
20210104214025	-0.252781
20210104214025	-0.247945
20210104214025	-0.247945
20210104214025	-0.247945
20210104214025	-0.247945
20210104214025	-0.243181
20210104214025	-0.243181
20210104214025	-0.243181
20210104214025	-0.23869
20210104214025	-0.23869
20210104214025	-0.23869
20210104214025	-0.23869
20210104214025	-0.233543
20210104214025	-0.233543
20210104214025	-0.229793
20210104214025	-0.229793
20210104214025	-0.229793
20210104214025	-0.229793
20210104214025	-0.226329
20210104214025	-0.226329
20210104214025	-0.226329
20210104214025	-0.223032
20210104214025	-0.223032
20210104214025	-0.223032
20210104214025	-0.223032
20210104214025	-0.219978
20210104214025	-0.219978
20210104214025	-0.219978
20210104214025	-0.217062
20210104214025	-0.217062
20210104214026	-0.217062
20210104214026	-0.213351
20210104214026	-0.213351
20210104214026	-0.213351
20210104214026	-0.213351
20210104214026	-0.210453
20210104214026	-0.210453
20210104214026	-0.210453
20210104214026	-0.20765
20210104214026	-0.20765
20210104214026	-0.20765
20210104214026	-0.20765
20210104214026	-0.204999
20210104214026	-0.204999
20210104214026	-0.204999
20210104214026	-0.202391
20210104214026	-0.202391
20210104214026	-0.202391
20210104214026	-0.19911
20210104214026	-0.19911
20210104214026	-0.19911
20210104214026	-0.196558
20210104214026	-0.196558
20210104214026	-0.196558
20210104214026	-0.194175
20210104214026	-0.194175
20210104214026	-0.194175
20210104214026	-0.191881
20210104214026	-0.191881
20210104214026	-0.191881
20210104214026	-0.191881
20210104214026	-0.189788
20210104214026	-0.189788
20210104214026	-0.189788
20210104214026	-0.189788
20210104214026	-0.187299
20210104214026	-0.187299
20210104214026	-0.187299
20210104214026	-0.185687
20210104214026	-0.185687
20210104214026	-0.185687
20210104214026	-0.185687
20210104214026	-0.183054
20210104214027	-0.183054
20210104214027	-0.183054
20210104214027	-0.18089
20210104214027	-0.18089
20210104214027	-0.18089
20210104214027	-0.178587
20210104214027	-0.178587
20210104214027	-0.178587
20210104214027	-0.178587
20210104214027	-0.175941
20210104214027	-0.175941
20210104214027	-0.175941
20210104214027	-0.17438
20210104214027	-0.17438
20210104214027	-0.17438
20210104214027	-0.171573
20210104214027	-0.171573
20210104214027	-0.171573
20210104214027	-0.169196
20210104214027	-0.169196
20210104214027	-0.169196
20210104214027	-0.169196
20210104214027	-0.166984
20210104214027	-0.166984
20210104214027	-0.166984
20210104214027	-0.164943
20210104214027	-0.164943
20210104214027	-0.164943
20210104214027	-0.164943
20210104214027	-0.163046
20210104214027	-0.163046
20210104214027	-0.163046
20210104214027	-0.161243
20210104214027	-0.161243
20210104214027	-0.161243
20210104214027	-0.159248
20210104214027	-0.159248
20210104214027	-0.159248
20210104214027	-0.159248
20210104214027	-0.156511
20210104214027	-0.156511
20210104214027	-0.154576
20210104214027	-0.154576
20210104214027	-0.154576
20210104214027	-0.154576
20210104214027	-0.152889
20210104214027	-0.152889
20210104214027	-0.152889
20210104214027	-0.151291
20210104214027	-0.151291
20210104214027	-0.151291
20210104214027	-0.151291
20210104214027	-0.149915
20210104214027	-0.149915
20210104214027	-0.149915
20210104214027	-0.148396
20210104214027	-0.148396
20210104214027	-0.148396
20210104214028	-0.146455
20210104214028	-0.146455
20210104214028	-0.146455
20210104214028	-0.144888
20210104214028	-0.144888
20210104214028	-0.144888
20210104214028	-0.144888
20210104214028	-0.143436
20210104214028	-0.143436
20210104214028	-0.143436
20210104214028	-0.142107
20210104214028	-0.142107
20210104214028	-0.142107
20210104214028	-0.142107
20210104214028	-0.140681
20210104214028	-0.140681
20210104214028	-0.140681
20210104214028	-0.139929
20210104214028	-0.139929
20210104214028	-0.139929
20210104214028	-0.138546
20210104214028	-0.138546
20210104214028	-0.138546
20210104214028	-0.138546
20210104214028	-0.137546
20210104214028	-0.137546
20210104214028	-0.137546
20210104214028	-0.136818
20210104214028	-0.136818
20210104214028	-0.136818
20210104214028	-0.13619
20210104214028	-0.13619
20210104214028	-0.13619
20210104214028	-0.13619
20210104214028	-0.135829
20210104214028	-0.135829
20210104214028	-0.135829
20210104214028	-0.135793
20210104214028	-0.135793
20210104214028	-0.135793
20210104214028	-0.135757
20210104214028	-0.135757
20210104214028	-0.135757
20210104214028	-0.135942
20210104214028	-0.135942
20210104214028	-0.135942
20210104214028	-0.135942
20210104214028	-0.136396
20210104214028	-0.136396
20210104214028	-0.136396
20210104214028	-0.136396
20210104214028	-0.137307
20210104214028	-0.137307
20210104214028	-0.137307
20210104214028	-0.137849
20210104214028	-0.137849
20210104214028	-0.137849
20210104214028	-0.138514
20210104214028	-0.138514
20210104214029	-0.138514
20210104214029	-0.138514
20210104214029	-0.138639
20210104214029	-0.138639
20210104214029	-0.139003
20210104214029	-0.139003
20210104214029	-0.139003
20210104214029	-0.139003
20210104214029	-0.139538
20210104214029	-0.139538
20210104214029	-0.139538
20210104214029	-0.140102
20210104214029	-0.140102
20210104214029	-0.140102
20210104214029	-0.140102
20210104214029	-0.140761
20210104214029	-0.140761
20210104214029	-0.140761
20210104214029	-0.141529
20210104214029	-0.141529
20210104214029	-0.141529
20210104214029	-0.141529
20210104214029	-0.141789
20210104214029	-0.141789
20210104214029	-0.141789
20210104214029	-0.142224
20210104214029	-0.142224
20210104214029	-0.142224
20210104214029	-0.143025
20210104214029	-0.143025
20210104214029	-0.143025
20210104214029	-0.144007
20210104214029	-0.144007
20210104214029	-0.144007
20210104214029	-0.144007
20210104214029	-0.145249
20210104214029	-0.145249
20210104214029	-0.145249
20210104214029	-0.146534
20210104214029	-0.146534
20210104214029	-0.146534
20210104214029	-0.147607
20210104214029	-0.147607
20210104214029	-0.147607
20210104214029	-0.147607
20210104214029	-0.14843
20210104214029	-0.14843
20210104214029	-0.14843
20210104214030	-0.149606
20210104214030	-0.149606
20210104214030	-0.149606
20210104214030	-0.149606
20210104214030	-0.150947
20210104214030	-0.150947
20210104214030	-0.150947
20210104214030	-0.152319
20210104214030	-0.152319
20210104214030	-0.152319
20210104214030	-0.153744
20210104214030	-0.153744
20210104214030	-0.153744
20210104214030	-0.153744
20210104214030	-0.154743
20210104214030	-0.154743
20210104214030	-0.154743
20210104214030	-0.155594
20210104214030	-0.155594
20210104214030	-0.155594
20210104214030	-0.156435
20210104214030	-0.156435
20210104214030	-0.156435
20210104214030	-0.156435
20210104214030	-0.157369
20210104214030	-0.157369
20210104214030	-0.157369
20210104214030	-0.158533
20210104214030	-0.158533
20210104214030	-0.158533
20210104214030	-0.159439
20210104214030	-0.159439
20210104214030	-0.159439
20210104214030	-0.159439
20210104214030	-0.160392
20210104214030	-0.160392
20210104214030	-0.160392
20210104214030	-0.161027
20210104214030	-0.161027
20210104214030	-0.161027
20210104214030	-0.161764
20210104214030	-0.161764
20210104214030	-0.161764
20210104214030	-0.162498
20210104214030	-0.162498
20210104214030	-0.162498
20210104214030	-0.162498
20210104214030	-0.163493
20210104214031	-0.163493
20210104214031	-0.163493
20210104214031	-0.164873
20210104214031	-0.164873
20210104214031	-0.164873
20210104214031	-0.165258
20210104214031	-0.165258
20210104214031	-0.165258
20210104214031	-0.165258
20210104214031	-0.165617
20210104214031	-0.165617
20210104214031	-0.165617
20210104214031	-0.165935
20210104214031	-0.165935
20210104214031	-0.165935
20210104214031	-0.165935
20210104214031	-0.166464
20210104214031	-0.166464
20210104214031	-0.166464
20210104214031	-0.167185
20210104214031	-0.167185
20210104214031	-0.167185
20210104214031	-0.168077
20210104214031	-0.168077
20210104214031	-0.168077
20210104214031	-0.168956
20210104214031	-0.168956
20210104214031	-0.168956
20210104214031	-0.168956
20210104214031	-0.169205
20210104214031	-0.169205
20210104214031	-0.169205
20210104214031	-0.16949
20210104214031	-0.16949
20210104214031	-0.16949
20210104214031	-0.16966
20210104214031	-0.16966
20210104214031	-0.16966
20210104214031	-0.16966
20210104214031	-0.169999
20210104214031	-0.169999
20210104214031	-0.169999
20210104214031	-0.17034
20210104214031	-0.17034
20210104214031	-0.17034
20210104214031	-0.17032
20210104214031	-0.17032
20210104214031	-0.17032
20210104214031	-0.17032
20210104214031	-0.169771
20210104214031	-0.169771
20210104214031	-0.169771
20210104214031	-0.169379
20210104214031	-0.169379
20210104214031	-0.169379
20210104214031	-0.16911
20210104214031	-0.16911
20210104214031	-0.16911
20210104214031	-0.16911
20210104214032	-0.168953
20210104214032	-0.168953
20210104214032	-0.168953
20210104214032	-0.168858
20210104214032	-0.168858
20210104214032	-0.168858
20210104214032	-0.168785
20210104214032	-0.168785
20210104214032	-0.168785
20210104214032	-0.168785
20210104214032	-0.167933
20210104214032	-0.167933
20210104214032	-0.167189
20210104214032	-0.167189
20210104214032	-0.167189
20210104214032	-0.167189
20210104214032	-0.166597
20210104214032	-0.166597
20210104214032	-0.166597
20210104214032	-0.166597
20210104214032	-0.166156
20210104214032	-0.166156
20210104214032	-0.166156
20210104214032	-0.165631
20210104214032	-0.165631
20210104214032	-0.165631
20210104214032	-0.164879
20210104214032	-0.164879
20210104214032	-0.164879
20210104214032	-0.164879
20210104214032	-0.163568
20210104214032	-0.163568
20210104214032	-0.163568
20210104214032	-0.162535
20210104214032	-0.162535
20210104214032	-0.162535
20210104214032	-0.161589
20210104214032	-0.161589
20210104214032	-0.161589
20210104214032	-0.161589
20210104214032	-0.160731
20210104214032	-0.160731
20210104214032	-0.160731
20210104214032	-0.16006
20210104214032	-0.16006
20210104214032	-0.16006
20210104214032	-0.16006
20210104214032	-0.159665
20210104214032	-0.159665
20210104214032	-0.159665
20210104214032	-0.158166
20210104214032	-0.158166
20210104214032	-0.158166
20210104214032	-0.156763
20210104214032	-0.156763
20210104214032	-0.156763
20210104214032	-0.156763
20210104214032	-0.155443
20210104214033	-0.155443
20210104214033	-0.155443
20210104214033	-0.154016
20210104214033	-0.154016
20210104214033	-0.154016
20210104214033	-0.15331
20210104214033	-0.15331
20210104214033	-0.15331
20210104214033	-0.152212
20210104214033	-0.152212
20210104214033	-0.152212
20210104214033	-0.152212
20210104214033	-0.1502
20210104214033	-0.1502
20210104214033	-0.1502
20210104214033	-0.148392
20210104214033	-0.148392
20210104214033	-0.148392
20210104214033	-0.148392
20210104214033	-0.146871
20210104214033	-0.146871
20210104214033	-0.146871
20210104214033	-0.145696
20210104214033	-0.145696
20210104214033	-0.145696
20210104214033	-0.144958
20210104214033	-0.144958
20210104214033	-0.144958
20210104214033	-0.144958
20210104214033	-0.144615
20210104214033	-0.144615
20210104214033	-0.144615
20210104214033	-0.143745
20210104214033	-0.143745
20210104214033	-0.143745
20210104214033	-0.142902
20210104214033	-0.142902
20210104214033	-0.142902
20210104214033	-0.142353
20210104214033	-0.142353
20210104214033	-0.142353
20210104214033	-0.142353
20210104214033	-0.141981
20210104214033	-0.141981
20210104214033	-0.141981
20210104214033	-0.141931
20210104214033	-0.141931
20210104214033	-0.141931
20210104214033	-0.142199
20210104214033	-0.142199
20210104214033	-0.142199
20210104214033	-0.142199
20210104214033	-0.141681
20210104214033	-0.141681
20210104214033	-0.141681
20210104214033	-0.141024
20210104214033	-0.141024
20210104214033	-0.141024
20210104214033	-0.141024
20210104214033	-0.140616
20210104214033	-0.140616
20210104214034	-0.140616
20210104214034	-0.140488
20210104214034	-0.140488
20210104214034	-0.140488
20210104214034	-0.140634
20210104214034	-0.140634
20210104214034	-0.140634
20210104214034	-0.140634
20210104214034	-0.141026
20210104214034	-0.141026
20210104214034	-0.141026
20210104214034	-0.140906
20210104214034	-0.140906
20210104214034	-0.140906
20210104214034	-0.140403
20210104214034	-0.140403
20210104214034	-0.140403
20210104214034	-0.140176
20210104214034	-0.140176
20210104214034	-0.140176
20210104214034	-0.140176
20210104214034	-0.140236
20210104214034	-0.140236
20210104214034	-0.140236
20210104214034	-0.140643
20210104214034	-0.140643
20210104214034	-0.140643
20210104214034	-0.140643
20210104214034	-0.141158
20210104214034	-0.141158
20210104214034	-0.141158
20210104214034	-0.14111
20210104214034	-0.14111
20210104214034	-0.14111
20210104214034	-0.140577
20210104214034	-0.140577
20210104214034	-0.140577
20210104214034	-0.140577
20210104214034	-0.140498
20210104214034	-0.140498
20210104214034	-0.140498
20210104214034	-0.140675
20210104214034	-0.140675
20210104214034	-0.141083
20210104214034	-0.141083
20210104214034	-0.141083
20210104214034	-0.141083
20210104214034	-0.141083
20210104214034	-0.141952
20210104214034	-0.141952
20210104214034	-0.141952
20210104214034	-0.142683
20210104214034	-0.142683
20210104214034	-0.142683
20210104214034	-0.142812
20210104214034	-0.142812
20210104214034	-0.142812
20210104214034	-0.143272
20210104214034	-0.143272
20210104214034	-0.143272
20210104214035	-0.143924
20210104214035	-0.143924
20210104214035	-0.143924
20210104214035	-0.143924
20210104214035	-0.144754
20210104214035	-0.144754
20210104214035	-0.144754
20210104214035	-0.146183
20210104214035	-0.146183
20210104214035	-0.146183
20210104214035	-0.146183
20210104214035	-0.147357
20210104214035	-0.147357
20210104214035	-0.147357
20210104214035	-0.147884
20210104214035	-0.147884
20210104214035	-0.147884
20210104214035	-0.148671
20210104214035	-0.148671
20210104214035	-0.148671
20210104214035	-0.148671
20210104214035	-0.149872
20210104214035	-0.149872
20210104214035	-0.149872
20210104214035	-0.149872
20210104214035	-0.150745
20210104214035	-0.150745
20210104214035	-0.150745
20210104214035	-0.152352
20210104214035	-0.152352
20210104214035	-0.152352
20210104214035	-0.153659
20210104214035	-0.153659
20210104214035	-0.153659
20210104214035	-0.154053
20210104214035	-0.154053
20210104214035	-0.154053
20210104214035	-0.155014
20210104214035	-0.155014
20210104214035	-0.155014
20210104214035	-0.155014
20210104214035	-0.155717
20210104214035	-0.155717
20210104214035	-0.155717
20210104214035	-0.155717
20210104214035	-0.156891
20210104214035	-0.156891
20210104214035	-0.158015
20210104214035	-0.158015
20210104214035	-0.158015
20210104214035	-0.158015
20210104214035	-0.159376
20210104214035	-0.159376
20210104214035	-0.159376
20210104214035	-0.159839
20210104214035	-0.159839
20210104214035	-0.159839
20210104214035	-0.159839
20210104214035	-0.16043
20210104214035	-0.16043
20210104214035	-0.16138
20210104214035	-0.16138
20210104214035	-0.16138
20210104214035	-0.16138
20210104214035	-0.162558
20210104214035	-0.162558
20210104214035	-0.162558
20210104214035	-0.164247
20210104214035	-0.164247
20210104214035	-0.164247
20210104214035	-0.164247
20210104214035	-0.165677
20210104214035	-0.165677
20210104214035	-0.165677
20210104214036	-0.166482
20210104214036	-0.166482
20210104214036	-0.166482
20210104214036	-0.166482
20210104214036	-0.167183
20210104214036	-0.167183
20210104214036	-0.167183
20210104214036	-0.167931
20210104214036	-0.167931
20210104214036	-0.167931
20210104214036	-0.169044
20210104214036	-0.169044
20210104214036	-0.169044
20210104214036	-0.170901
20210104214036	-0.170901
20210104214036	-0.170901
20210104214036	-0.170901
20210104214036	-0.172541
20210104214036	-0.172541
20210104214036	-0.172541
20210104214036	-0.173541
20210104214036	-0.173541
20210104214036	-0.173541
20210104214036	-0.174464
20210104214036	-0.174464
20210104214036	-0.174464
20210104214036	-0.174464
20210104214036	-0.175634
20210104214036	-0.175634
20210104214036	-0.175634
20210104214036	-0.17695
20210104214036	-0.17695
20210104214036	-0.17695
20210104214036	-0.17695
20210104214036	-0.178642
20210104214036	-0.178642
20210104214036	-0.178642
20210104214036	-0.180203
20210104214036	-0.180203
20210104214036	-0.180203
20210104214036	-0.181385
20210104214036	-0.181385
20210104214036	-0.181385
20210104214036	-0.182223
20210104214036	-0.182223
20210104214036	-0.182223
20210104214036	-0.182223
20210104214036	-0.1835
20210104214036	-0.1835
20210104214036	-0.1835
20210104214036	-0.184358
20210104214036	-0.184358
20210104214036	-0.184358
20210104214036	-0.185882
20210104214036	-0.185882
20210104214036	-0.185882
20210104214036	-0.185882
20210104214036	-0.187213
20210104214036	-0.187213
20210104214037	-0.187213
20210104214037	-0.188364
20210104214037	-0.188364
20210104214037	-0.188364
20210104214037	-0.189207
20210104214037	-0.189207
20210104214037	-0.189207
20210104214037	-0.189207
20210104214037	-0.189896
20210104214037	-0.189896
20210104214037	-0.189896
20210104214037	-0.191073
20210104214037	-0.191073
20210104214037	-0.191073
20210104214037	-0.191073
20210104214037	-0.192719
20210104214037	-0.192719
20210104214037	-0.192719
20210104214037	-0.194268
20210104214037	-0.194268
20210104214037	-0.194268
20210104214037	-0.195766
20210104214037	-0.195766
20210104214037	-0.195766
20210104214037	-0.196651
20210104214037	-0.196651
20210104214037	-0.196651
20210104214037	-0.196651
20210104214037	-0.196651
20210104214037	-0.197944
20210104214037	-0.197944
20210104214037	-0.198891
20210104214037	-0.198891
20210104214037	-0.198891
20210104214037	-0.20061
20210104214037	-0.20061
20210104214037	-0.20061
20210104214037	-0.20061
20210104214037	-0.202129
20210104214037	-0.202129
20210104214037	-0.202129
20210104214037	-0.203626
20210104214037	-0.203626
20210104214037	-0.203626
20210104214037	-0.204558
20210104214037	-0.204558
20210104214037	-0.204558
20210104214037	-0.204558
20210104214037	-0.206185
20210104214037	-0.206185
20210104214037	-0.206185
20210104214037	-0.207304
20210104214037	-0.207304
20210104214037	-0.207304
20210104214037	-0.207304
20210104214037	-0.209534
20210104214037	-0.209534
20210104214037	-0.209534
20210104214037	-0.211495
20210104214037	-0.211495
20210104214037	-0.211495
20210104214037	-0.21353
20210104214037	-0.21353
20210104214037	-0.21353
20210104214037	-0.21353
20210104214037	-0.215132
20210104214037	-0.215132
20210104214037	-0.215132
20210104214037	-0.216503
20210104214037	-0.216503
20210104214037	-0.216503
20210104214037	-0.217494
20210104214037	-0.217494
20210104214038	-0.217494
20210104214038	-0.219309
20210104214038	-0.219309
20210104214038	-0.219309
20210104214038	-0.219309
20210104214038	-0.220927
20210104214038	-0.220927
20210104214038	-0.220927
20210104214038	-0.222692
20210104214038	-0.222692
20210104214038	-0.222692
20210104214038	-0.223699
20210104214038	-0.223699
20210104214038	-0.223699
20210104214038	-0.223699
20210104214038	-0.22496
20210104214038	-0.22496
20210104214038	-0.22496
20210104214038	-0.226301
20210104214038	-0.226301
20210104214038	-0.226301
20210104214038	-0.228073
20210104214038	-0.228073
20210104214038	-0.228073
20210104214038	-0.228073
20210104214038	-0.22961
20210104214038	-0.22961
20210104214038	-0.22961
20210104214038	-0.231343
20210104214038	-0.231343
20210104214038	-0.231343
20210104214038	-0.231343
20210104214038	-0.232542
20210104214038	-0.232542
20210104214038	-0.232542
20210104214038	-0.232542
20210104214038	-0.233616
20210104214038	-0.233616
20210104214038	-0.235114
20210104214038	-0.235114
20210104214038	-0.235114
20210104214038	-0.236612
20210104214038	-0.236612
20210104214038	-0.236612
20210104214038	-0.236612
20210104214038	-0.238345
