20210115143029	-2147483648
20210115143030	-2147483648
20210115143030	-2147483648
20210115143031	-2147483648
20210115143031	-2147483648
20210115143032	-2147483648
20210115143032	-2147483648
20210115143033	-2147483648
20210115143033	-2147483648
20210115143034	-2147483648
20210115143034	-2147483648
20210115143035	-2147483648
20210115143035	-2147483648
20210115143036	-2147483648
20210115143036	-2147483648
20210115143037	-2147483648
20210115143037	-2147483648
20210115143038	-2147483648
20210115143038	-2147483648
20210115143039	-2147483648
20210115143039	-2147483648
20210115143040	-2147483648
20210115143040	-2147483648
20210115143041	-2147483648
