20210106162009	-2147483648
20210106162010	1647145305
20210106162010	1647145323
20210106162011	1647145342
20210106162011	1743004357
20210106162012	1743004364
20210106162012	1744210371
20210106162013	1744210377
20210106162013	1842005383
20210106162014	1842005391
20210106162014	1842060403
20210106162015	1842060415
20210106162015	1841936424
20210106162016	1841936433
20210106162016	1944343442
20210106162017	1944343454
20210106162017	1949380465
20210106162018	1949380474
20210106162018	1949054485
20210106162019	1949054491
20210106162019	1952615502
20210106162020	1952615514
20210106162020	1954695524
20210106162021	1954695532
20210106162021	1957905541
20210106162022	1957905552
20210106162022	1959073562
20210106162023	1959073572
20210106162023	2057843583
20210106162024	2057843592
20210106162024	2059699602
20210106162025	2059699608
20210106162025	2059699613
20210106162026	-2147483648
20210106162026	-2147483648
20210106162027	-2147483648
20210106162027	-2147483648
20210106162028	-2147483648
20210106162028	-2147483648
20210106162029	-2147483648
20210106162029	-2147483648
20210106162030	-2147483648
20210106162030	-2147483648
20210106162031	-2147483648
20210106162031	-2147483648
20210106162032	-2147483648
20210106162032	-2147483648
20210106162033	-2147483648
20210106162033	-2147483648
20210106162034	1667959774
20210106162034	1667959783
20210106162035	1669168793
20210106162035	1669168802
20210106162036	1670949812
20210106162036	1670949819
20210106162037	1673471828
20210106162037	1673471837
20210106162038	1677215850
20210106162038	1677215859
20210106162039	1678077867
20210106162039	1678077874
20210106162040	1677360886
20210106162040	1677360898
20210106162041	1676917908
20210106162041	1676917912
20210106162042	1678948918
20210106162042	1678948923
20210106162043	1678948930
20210106162043	1874052945
20210106162044	1874052955
20210106162044	1875124962
20210106162045	1875124967
20210106162045	1876981973
20210106162046	1876981984
20210106162046	1877400998
20210106162047	1877401013
20210106162047	1880803025
20210106162048	1880803025
20210106162048	1883361035
20210106162049	1883361052
20210106162049	2079021073
20210106162050	2079021090
20210106162050	-2147483648
20210106162051	-2147483648
20210106162051	-2147483648
20210106162052	-2147483648
20210106162052	-2147483648
20210106162053	-2147483648
20210106162053	-2147483648
20210106162054	-2147483648
20210106162054	-2147483648
20210106162055	-2147483648
20210106162055	-2147483648
20210106162056	-2147483648
20210106162056	-2147483648
20210106162057	-2147483648
20210106162057	-2147483648
20210106162058	-2147483648
20210106162058	-2147483648
20210106162059	-2147483648
20210106162059	-2147483648
20210106162100	-2147483648
20210106162100	-2147483648
20210106162101	-2147483648
20210106162101	-2147483648
20210106162102	-2147483648
20210106162102	-2147483648
20210106162103	-2147483648
20210106162103	-2147483648
20210106162104	1692175464
20210106162104	1692175473
20210106162105	1692175485
20210106162105	1892537500
20210106162106	1892537512
20210106162106	1893749526
20210106162107	1893749539
20210106162107	1894391553
20210106162108	1894391563
20210106162108	1899144578
20210106162109	1899144592
20210106162109	1998402603
20210106162110	1998402610
20210106162110	1999984621
20210106162111	1999984631
20210106162111	-2147483648
20210106162112	-2147483648
20210106162112	-2147483648
20210106162113	-2147483648
20210106162113	-2147483648
20210106162114	-2147483648
20210106162114	-2147483648
20210106162115	-2147483648
20210106162115	-2147483648
20210106162116	-2147483648
20210106162116	-2147483648
20210106162117	-2147483648
20210106162117	-2147483648
20210106162118	-2147483648
20210106162118	-2147483648
20210106162119	-2147483648
20210106162119	-2147483648
20210106162120	-2147483648
20210106162120	-2147483648
20210106162121	1706808826
20210106162121	1706808835
20210106162122	1707184845
20210106162122	1707184855
20210106162123	1707777865
20210106162123	1707777873
20210106162124	1708936882
20210106162124	1708936891
20210106162125	1708947900
20210106162125	1708947908
20210106162126	1709867918
20210106162126	1709867928
20210106162127	1710928941
20210106162127	1710928949
20210106162128	1713514960
20210106162128	1713514967
20210106162129	1712876975
20210106162129	1712876983
20210106162130	1712799995
20210106162130	1712800004
20210106162131	1713181012
20210106162131	1713181020
20210106162132	1713614029
20210106162132	1713614041
20210106162133	1715511051
20210106162133	1715511059
20210106162134	1717077071
20210106162134	1717077078
20210106162135	1718372086
20210106162135	1718372093
20210106162136	1718372102
20210106162136	1816189112
20210106162137	1816189120
20210106162137	1820541128
20210106162138	1820541135
20210106162138	1919347145
20210106162139	1919347154
20210106162139	1920549166
20210106162140	1920549173
20210106162140	2119467180
20210106162141	2119467192
20210106162141	2123224201
20210106162142	2123224205
20210106162142	-2147483648
20210106162143	-2147483648
20210106162143	-2147483648
20210106162144	-2147483648
20210106162144	-2147483648
20210106162145	-2147483648
20210106162145	-2147483648
20210106162146	-2147483648
20210106162146	-2147483648
20210106162147	-2147483648
20210106162147	-2147483648
20210106162148	-2147483648
20210106162148	-2147483648
20210106162149	-2147483648
20210106162149	-2147483648
20210106162150	-2147483648
20210106162150	-2147483648
20210106162151	-2147483648
20210106162151	-2147483648
20210106162152	-2147483648
20210106162152	-2147483648
20210106162153	-2147483648
20210106162153	-2147483648
20210106162154	-2147483648
20210106162154	-2147483648
20210106162155	-2147483648
20210106162155	-2147483648
20210106162156	-2147483648
20210106162156	-2147483648
20210106162157	-2147483648
20210106162157	-2147483648
20210106162158	-2147483648
20210106162158	-2147483648
20210106162159	-2147483648
20210106162159	-2147483648
20210106162200	-2147483648
20210106162200	-2147483648
20210106162201	-2147483648
20210106162201	-2147483648
20210106162202	-2147483648
20210106162202	-2147483648
20210106162203	1645970592
20210106162203	1645970599
20210106162204	1648866609
20210106162204	1648866619
20210106162205	1648069627
20210106162205	1648069636
20210106162206	1653538645
20210106162206	1653538653
20210106162207	1653134665
20210106162207	1653134682
20210106162208	1653176698
20210106162208	1653176707
20210106162209	1653176712
20210106162209	1853151719
20210106162210	1853151725
20210106162210	1953587732
20210106162211	1953587745
20210106162211	-2147483648
20210106162212	-2147483648
20210106162212	-2147483648
20210106162213	-2147483648
20210106162213	-2147483648
20210106162214	-2147483648
20210106162214	-2147483648
20210106162215	-2147483648
20210106162215	-2147483648
20210106162216	-2147483648
20210106162216	-2147483648
20210106162217	-2147483648
20210106162217	-2147483648
20210106162218	-2147483648
20210106162218	-2147483648
20210106162219	-2147483648
20210106162219	-2147483648
20210106162220	-2147483648
20210106162220	-2147483648
20210106162221	-2147483648
20210106162221	-2147483648
20210106162222	1643039640
20210106162222	1643039622
20210106162223	1644471608
20210106162223	1644471615
20210106162224	1645019615
20210106162224	1645019606
20210106162225	1645780589
20210106162225	1645780575
20210106162226	1647473561
20210106162226	1647473550
20210106162227	1647473549
20210106162227	1744843553
20210106162228	1744843547
20210106162228	1744982533
20210106162229	1744982514
20210106162229	1745469496
20210106162230	1745469486
20210106162230	1746148495
20210106162231	1746148494
20210106162231	1747125488
20210106162232	1747125471
20210106162232	1748044452
20210106162233	1748044434
20210106162233	1748569425
20210106162234	1748569434
20210106162234	1749256435
20210106162235	1749256426
20210106162235	1749599410
20210106162236	1749599391
20210106162236	1750939374
20210106162237	1750939363
20210106162237	1751416373
20210106162238	1751416373
20210106162238	1752028367
20210106162239	1752028349
20210106162239	1752742328
20210106162240	1752742312
20210106162240	1753178303
20210106162241	1753178312
20210106162241	1753820313
20210106162242	1753820304
20210106162242	1754683287
20210106162243	1754683265
20210106162243	1755321250
20210106162244	1755321243
20210106162244	1756636253
20210106162245	1756636251
20210106162245	1756868242
20210106162246	1756868223
20210106162246	1756897201
20210106162247	1756897187
20210106162247	1757234187
20210106162248	1757234193
20210106162248	1758291192
20210106162249	1758291179
20210106162249	1758859160
20210106162250	1758859138
20210106162250	1759938126
20210106162251	1759938134
20210106162251	1760790137
20210106162252	1760790132
20210106162252	1760919115
20210106162253	1760919093
20210106162253	1761562076
20210106162254	1761562069
20210106162254	1762103079
20210106162255	1762103073
20210106162255	1761967065
20210106162256	1761967052
20210106162256	1763193042
20210106162257	1763193039
20210106162257	1764707041
20210106162258	1764707041
20210106162258	1765247042
20210106162259	1765247033
20210106162259	1765292019
20210106162300	1765292004
20210106162300	1765914007
20210106162301	1765914009
20210106162301	1766545999
20210106162302	1766545978
20210106162302	1767603963
20210106162303	1767603953
20210106162303	1865689960
20210106162304	1865689962
20210106162304	1865903953
20210106162305	1865903934
20210106162305	1867224910
20210106162306	1867224887
20210106162306	1867381874
20210106162307	1867381861
20210106162307	1868457862
20210106162308	1868457860
20210106162308	1869092865
20210106162309	1869092865
20210106162309	1869416858
20210106162310	1869416848
20210106162310	1870861843
20210106162311	1870861848
20210106162311	1968423835
20210106162312	1968423816
20210106162312	1969028792
20210106162313	1969028769
20210106162313	1969166759
20210106162314	1969166751
20210106162314	1969730752
20210106162315	1969730746
20210106162315	2068001735
20210106162316	2068001722
20210106162316	2068464710
20210106162317	2068464696
20210106162317	2068711690
20210106162318	2068711689
20210106162318	2069112679
20210106162319	2069112668
20210106162319	2069725653
20210106162320	2069725639
20210106162320	-2147483648
20210106162321	-2147483648
20210106162321	-2147483648
20210106162322	-2147483648
20210106162322	-2147483648
20210106162323	-2147483648
20210106162323	-2147483648
20210106162324	-2147483648
20210106162324	-2147483648
20210106162325	-2147483648
20210106162325	-2147483648
