20210123182040	1611397239
20210123182041	1611397241
20210123182049	1611397248
20210123182050	1611397249
20210123182051	1611397249
20210123182052	1611397251
20210123182053	1611397251
20210123182054	1611397253
20210123182054	1611397253
20210123182055	1611397255
20210123182056	1611397255
20210123182057	1611397257
20210123182058	1611397257
20210123182059	1611397259
20210123182100	1611397259
20210123182101	1611397260
20210123182102	1611397260
20210123182102	1611397262
20210123182103	1611397262
20210123182104	1611397264
20210123182105	1611397264
20210123182106	1611397266
20210123182107	1611397266
20210123182107	1611397267
20210123182108	1611397267
20210123182109	1611397269
20210123182110	1611397269
20210123182111	1611397271
20210123182112	1611397271
20210123182113	1611397273
20210123182114	1611397273
20210123182115	1611397275
20210123182116	1611397275
20210123182117	1611397276
20210123182118	1611397276
20210123182119	1611397279
20210123182120	1611397279
20210123182121	1611397280
20210123182122	1611397280
20210123182122	1611397282
20210123182123	1611397282
20210123182124	1611397284
20210123182125	1611397284
20210123182126	1611397286
20210123182127	1611397286
20210123182128	1611397288
20210123182129	1611397288
20210123182130	1611397289
20210123182131	1611397289
20210123182132	1611397291
20210123182133	1611397291
20210123182134	1611397293
20210123182135	1611397293
20210123182135	1611397295
20210123182136	1611397295
20210123182137	1611397297
20210123182138	1611397297
20210123182139	1611397299
20210123182140	1611397299
20210123182141	1611397301
20210123182142	1611397301
20210123182143	1611397302
20210123182144	1611397302
20210123182144	1611397304
20210123182145	1611397304
20210123182146	1611397306
20210123182147	1611397306
20210123182148	1611397307
20210123182149	1611397307
20210123182150	1611397309
20210123182151	1611397309
20210123182152	1611397311
20210123182152	1611397311
20210123182153	1611397313
20210123182154	1611397313
20210123182155	1611397315
20210123182156	1611397315
20210123182157	1611397317
20210123182158	1611397317
20210123182159	1611397318
20210123182200	1611397318
20210123182200	1611397320
20210123182201	1611397320
20210123182202	1611397322
20210123182203	1611397322
20210123182204	1611397324
20210123182205	1611397324
20210123182206	1611397325
20210123182207	1611397325
20210123182207	1611397327
20210123182208	1611397327
20210123182209	1611397329
20210123182210	1611397329
20210123182211	1611397331
20210123182212	1611397331
20210123182213	1611397333
20210123182214	1611397333
20210123182215	1611397335
20210123182216	1611397335
20210123182217	1611397337
20210123182218	1611397337
20210123182219	1611397338
20210123182220	1611397338
20210123182221	1611397341
20210123182222	1611397341
20210123182223	1611397342
20210123182224	1611397342
20210123182225	1611397344
20210123182225	1611397344
20210123182226	1611397346
20210123182227	1611397346
20210123182228	1611397348
20210123182229	1611397348
20210123182230	1611397350
20210123182231	1611397350
20210123182232	1611397351
20210123182233	1611397351
20210123182234	1611397353
20210123182235	1611397353
20210123182236	1611397355
20210123182237	1611397355
20210123182238	1611397357
20210123182238	1611397357
20210123182239	1611397359
20210123182240	1611397359
20210123182241	1611397361
20210123182242	1611397361
20210123182243	1611397363
20210123182244	1611397363
20210123182245	1611397365
20210123182246	1611397365
20210123182247	1611397367
20210123182248	1611397367
20210123182249	1611397369
20210123182250	1611397369
20210123182251	1611397371
20210123182252	1611397371
20210123182253	1611397373
20210123182254	1611397373
20210123182255	1611397374
20210123182255	1611397374
20210123182256	1611397376
20210123182257	1611397376
20210123182258	1611397378
20210123182259	1611397378
20210123182300	1611397380
20210123182301	1611397380
20210123182302	1611397381
20210123182303	1611397381
20210123182304	1611397383
20210123182305	1611397383
20210123182306	1611397385
20210123182306	1611397385
20210123182307	1611397387
20210123182308	1611397387
20210123182309	1611397389
20210123182310	1611397389
20210123182311	1611397390
20210123182312	1611397390
20210123182312	1611397392
20210123182313	1611397392
20210123182315	1611397394
20210123182316	1611397394
20210123182316	1611397396
20210123182317	1611397396
20210123182318	1611397398
20210123182319	1611397398
20210123182320	1611397399
20210123182321	1611397399
20210123182322	1611397401
20210123182323	1611397401
20210123182324	1611397403
20210123182325	1611397403
20210123182326	1611397405
20210123182326	1611397405
20210123182328	1611397407
20210123182328	1611397407
20210123182329	1611397409
20210123182330	1611397409
20210123182331	1611397411
20210123182332	1611397411
20210123182333	1611397413
20210123182334	1611397413
20210123182335	1611397414
20210123182336	1611397414
20210123182337	1611397416
20210123182337	1611397416
20210123182338	1611397418
20210123182340	1611397418
20210123182340	1611397420
20210123182341	1611397420
20210123182342	1611397422
20210123182343	1611397422
20210123182344	1611397424
20210123182345	1611397424
20210123182346	1611397426
20210123182347	1611397426
20210123182348	1611397427
20210123182349	1611397427
20210123182350	1611397429
20210123182351	1611397429
20210123182352	1611397431
20210123182352	1611397431
20210123182353	1611397433
20210123182354	1611397433
20210123182355	1611397435
20210123182356	1611397435
20210123182357	1611397436
20210123182358	1611397436
20210123182359	1611397438
20210123182359	1611397438
20210123182400	1611397440
20210123182401	1611397440
20210123182402	1611397442
20210123182403	1611397442
20210123182404	1611397443
20210123182405	1611397443
20210123182406	1611397445
20210123182407	1611397445
20210123182408	1611397447
20210123182409	1611397447
20210123182410	1611397449
20210123182411	1611397449
20210123182412	1611397451
20210123182412	1611397451
20210123182414	1611397453
20210123182414	1611397453
20210123182415	1611397455
20210123182416	1611397455
20210123182417	1611397456
20210123182418	1611397456
20210123182419	1611397458
20210123182420	1611397458
20210123182421	1611397460
20210123182422	1611397460
20210123182422	1611397462
20210123182423	1611397462
20210123182424	1611397464
20210123182425	1611397464
20210123182426	1611397466
20210123182427	1611397466
20210123182428	1611397468
20210123182429	1611397468
20210123182430	1611397470
20210123182431	1611397470
20210123182432	1611397472
20210123182433	1611397472
20210123182434	1611397473
20210123182435	1611397473
20210123182436	1611397475
20210123182436	1611397475
20210123182437	1611397477
20210123182438	1611397477
20210123182439	1611397479
20210123182440	1611397479
20210123182441	1611397481
20210123182442	1611397481
20210123182443	1611397483
20210123182444	1611397483
20210123182445	1611397484
20210123182446	1611397484
20210123182446	1611397486
20210123182447	1611397486
20210123182448	1611397488
20210123182449	1611397488
20210123182450	1611397489
20210123182451	1611397489
20210123182452	1611397491
20210123182453	1611397491
20210123182454	1611397494
20210123182455	1611397494
20210123182455	1611397495
20210123182456	1611397495
20210123182457	1611397497
20210123182458	1611397497
20210123182459	1611397499
20210123182500	1611397499
20210123182501	1611397501
20210123182502	1611397501
20210123182503	1611397503
20210123182504	1611397503
20210123182505	1611397505
20210123182506	1611397505
20210123182507	1611397506
20210123182508	1611397506
20210123182509	1611397508
20210123182510	1611397508
20210123182510	1611397510
20210123182511	1611397510
20210123182512	1611397512
20210123182513	1611397512
20210123182514	1611397513
20210123182515	1611397513
20210123182516	1611397515
20210123182517	1611397515
20210123182518	1611397517
20210123182519	1611397517
20210123182520	1611397519
20210123182521	1611397519
20210123182522	1611397521
20210123182523	1611397521
20210123182524	1611397523
20210123182525	1611397523
20210123182526	1611397525
20210123182527	1611397525
20210123182528	1611397527
20210123182529	1611397527
20210123182530	1611397529
20210123182531	1611397529
20210123182532	1611397532
20210123182533	1611397532
20210123182534	1611397533
20210123182535	1611397533
20210123182536	1611397535
20210123182537	1611397535
20210123182538	1611397537
20210123182538	1611397537
20210123182540	1611397539
20210123182540	1611397539
20210123182541	1611397541
20210123182542	1611397541
20210123182543	1611397543
20210123182544	1611397543
20210123182545	1611397545
20210123182546	1611397545
20210123182547	1611397546
20210123182548	1611397546
20210123182549	1611397548
20210123182549	1611397548
20210123182550	1611397550
20210123182551	1611397550
20210123182552	1611397551
20210123182553	1611397551
20210123182554	1611397554
20210123182555	1611397554
20210123182556	1611397555
20210123182557	1611397555
20210123182557	1611397557
20210123182558	1611397557
