20210104220058	1
20210104220059	2
20210104220100	3
20210104220102	4
20210104220103	5
20210104220104	6
20210104220105	7
20210104220106	8
20210104220107	9
20210104220108	10
20210104220109	11
20210104220110	12
20210104220111	13
20210104220112	14
20210104220113	15
20210104220114	16
20210104220115	17
20210104220116	18
20210104220117	19
20210104220118	20
20210104220119	21
20210104220120	22
20210104220121	23
20210104220122	24
20210104220123	25
20210104220124	26
20210104220125	27
20210104220126	28
20210104220127	29
20210104220128	30
20210104220129	31
20210104220130	32
20210104220131	33
20210104220132	34
20210104220133	35
20210104220134	36
20210104220135	37
20210104220136	38
20210104220137	39
20210104220138	40
20210104220139	41
20210104220140	42
20210104220141	43
20210104220142	44
20210104220143	45
20210104220143	46
20210104220145	47
20210104220146	48
20210104220147	49
20210104220148	50
20210104220149	51
20210104220150	52
20210104220151	53
20210104220152	54
20210104220154	55
20210104220155	56
20210104220155	57
20210104220157	58
20210104220158	59
20210104220159	60
20210104220200	61
20210104220201	62
20210104220202	63
20210104220203	64
20210104220204	65
20210104220205	66
20210104220206	67
20210104220207	68
20210104220208	69
20210104220209	70
20210104220210	71
20210104220212	72
20210104220213	73
20210104220214	74
20210104220215	75
20210104220216	76
20210104220217	77
20210104220218	78
20210104220220	79
20210104220221	80
20210104220222	81
20210104220223	82
20210104220224	83
20210104220225	84
20210104220226	85
20210104220227	86
20210104220228	87
20210104220229	88
20210104220230	89
20210104220231	90
20210104220231	91
20210104220233	92
20210104220234	93
20210104220235	94
20210104220236	95
20210104220237	96
20210104220238	97
20210104220239	98
20210104220240	99
20210104220241	100
20210104220242	101
20210104220243	102
20210104220244	103
20210104220245	104
20210104220246	105
20210104220248	106
20210104220249	107
20210104220250	108
20210104220251	109
20210104220252	110
20210104220253	111
20210104220254	112
20210104220255	113
20210104220257	114
20210104220258	115
20210104220259	116
20210104220300	117
20210104220301	118
20210104220302	119
20210104220303	120
20210104220304	121
20210104220305	122
20210104220306	123
20210104220307	124
20210104220307	125
20210104220308	126
20210104220310	127
20210104220311	128
20210104220312	129
20210104220313	130
20210104220314	131
20210104220315	132
20210104220316	133
20210104220317	134
20210104220318	135
20210104220319	136
20210104220320	137
20210104220321	138
20210104220322	139
20210104220323	140
20210104220324	141
20210104220325	142
20210104220326	143
20210104220328	144
20210104220329	145
20210104220329	146
20210104220330	147
20210104220331	148
20210104220333	149
20210104220334	150
20210104220335	151
20210104220336	152
20210104220337	153
20210104220338	154
20210104220339	155
20210104220340	156
20210104220341	157
20210104220342	158
20210104220343	159
20210104220344	160
20210104220345	161
20210104220346	162
20210104220347	163
20210104220349	164
20210104220350	165
20210104220350	166
20210104220351	167
20210104220352	168
20210104220354	169
20210104220355	170
20210104220356	171
20210104220357	172
20210104220358	173
20210104220359	174
20210104220400	175
20210104220401	176
20210104220402	177
20210104220403	178
20210104220404	179
20210104220405	180
20210104220407	181
20210104220408	182
