20210115200052	1
20210115200053	1
20210115200054	1
20210115200055	1
20210115200056	1
20210115200058	1
20210115200059	1
20210115200100	1
20210115200101	1
20210115200103	1
20210115200104	1
20210115200105	1
20210115200106	1
20210115200107	1
20210115200109	1
20210115200110	1
20210115200112	1
20210115200113	1
20210115200115	1
20210115200116	1
20210115200118	1
20210115200119	1
20210115200120	1
20210115200122	1
20210115200123	1
20210115200124	1
20210115200125	1
20210115200127	1
20210115200128	1
20210115200130	1
20210115200131	1
20210115200132	1
20210115200133	1
20210115200135	1
20210115200137	1
20210115200139	1
20210115200140	1
20210115200142	1
20210115200143	1
20210115200144	1
20210115200145	1
20210115200147	1
20210115200149	1
20210115200150	1
20210115200151	1
20210115200152	1
20210115200154	1
20210115200156	1
20210115200158	1
20210115200159	1
20210115200201	1
20210115200202	1
20210115200203	1
20210115200205	1
20210115200206	1
20210115200207	1
20210115200209	1
20210115200211	1
20210115200212	1
20210115200213	1
20210115200214	1
20210115200215	1
20210115200215	1
20210115200217	1
20210115200218	1
20210115200218	1
20210115200219	1
20210115200220	1
20210115200222	1
20210115200223	1
20210115200224	1
20210115200225	1
20210115200226	1
20210115200228	1
20210115200229	1
20210115200230	1
