20210122163552	50
20210122163552	50
20210122163553	50
20210122163553	50
20210122163553	50
20210122163553	50
20210122163553	50
20210122163553	50
20210122163553	50
20210122163553	50
20210122163553	50
20210122163553	50
20210122163553	50
20210122163553	50
20210122163553	50
20210122163553	50
20210122163553	50
20210122163553	50
20210122163553	50
20210122163553	50
20210122163553	50
20210122163553	50
20210122163553	50
20210122163553	50
20210122163553	50
20210122163553	50
20210122163553	50
20210122163553	50
20210122163553	50
20210122163553	50
20210122163553	50
20210122163553	50
20210122163553	50
20210122163553	50
20210122163553	50
20210122163553	50
20210122163553	50
20210122163553	50
20210122163553	50
20210122163553	50
20210122163553	50
20210122163553	50
20210122163553	50
20210122163553	50
20210122163553	50
20210122163553	50
20210122163553	50
20210122163553	50
20210122163553	50
20210122163553	50
20210122163553	50
20210122163553	50
20210122163553	50
20210122163553	50
20210122163554	50
20210122163554	50
20210122163554	50
20210122163554	50
20210122163554	50
20210122163554	50
20210122163554	50
20210122163554	50
20210122163554	50
20210122163554	50
20210122163554	50
20210122163554	50
20210122163554	50
20210122163554	50
20210122163554	50
20210122163554	50
20210122163554	50
20210122163554	50
20210122163554	50
20210122163554	50
20210122163554	50
20210122163554	50
20210122163554	50
20210122163554	50
20210122163554	50
20210122163554	50
20210122163554	50
20210122163554	50
20210122163555	50
20210122163555	50
20210122163555	50
20210122163555	50
20210122163555	50
20210122163555	50
20210122163555	50
20210122163555	50
20210122163555	50
20210122163555	50
20210122163555	50
20210122163555	50
20210122163555	50
20210122163555	50
20210122163555	50
20210122163555	50
20210122163555	50
20210122163555	50
20210122163555	50
20210122163555	50
20210122163555	50
20210122163555	50
20210122163555	50
20210122163555	50
20210122163556	50
20210122163556	50
20210122163556	50
20210122163556	50
20210122163556	50
20210122163556	50
20210122163556	50
20210122163556	50
20210122163556	50
20210122163556	50
20210122163556	50
20210122163556	50
20210122163556	50
20210122163556	50
20210122163556	50
20210122163556	50
20210122163556	50
20210122163556	50
20210122163557	50
20210122163557	50
20210122163557	50
20210122163557	50
20210122163557	50
20210122163557	50
20210122163557	50
20210122163557	50
20210122163557	50
20210122163557	50
20210122163557	50
20210122163557	50
20210122163557	50
20210122163557	50
20210122163558	50
20210122163558	50
20210122163558	50
20210122163558	50
20210122163558	50
20210122163558	50
20210122163558	50
20210122163558	50
20210122163558	50
20210122163558	50
20210122163558	50
20210122163558	50
20210122163558	50
20210122163558	50
20210122163558	50
20210122163558	50
20210122163558	50
20210122163558	50
20210122163558	50
20210122163558	50
20210122163558	50
20210122163558	50
20210122163558	50
20210122163558	50
20210122163558	50
20210122163558	50
20210122163558	50
20210122163558	50
20210122163559	50
20210122163559	50
20210122163559	50
20210122163559	50
20210122163559	50
20210122163559	50
20210122163559	50
20210122163559	50
20210122163559	50
20210122163559	50
20210122163559	50
20210122163559	50
20210122163559	50
20210122163559	50
20210122163559	50
20210122163559	50
20210122163559	50
20210122163559	50
20210122163600	50
20210122163600	50
20210122163600	50
20210122163600	50
20210122163600	50
20210122163600	50
20210122163600	50
20210122163600	50
20210122163600	50
20210122163600	50
20210122163600	50
20210122163600	50
20210122163600	50
20210122163600	50
20210122163600	50
20210122163600	50
20210122163600	50
20210122163600	50
20210122163600	50
20210122163601	50
20210122163601	50
20210122163601	50
20210122163601	50
20210122163601	50
20210122163601	50
20210122163601	50
20210122163601	50
20210122163601	50
20210122163601	50
20210122163601	50
20210122163601	50
20210122163601	50
20210122163601	50
20210122163601	50
20210122163601	50
20210122163601	50
20210122163601	50
20210122163601	50
20210122163601	50
20210122163601	50
20210122163601	50
20210122163601	50
20210122163602	50
20210122163602	50
20210122163602	50
20210122163602	50
20210122163602	50
20210122163602	50
20210122163602	50
20210122163602	50
20210122163602	50
20210122163602	50
20210122163602	50
20210122163602	50
20210122163602	50
20210122163602	50
20210122163602	50
20210122163602	50
20210122163602	50
20210122163602	50
20210122163602	50
20210122163602	50
20210122163602	50
20210122163602	50
20210122163602	50
20210122163602	50
20210122163602	50
20210122163602	50
20210122163602	50
20210122163602	50
20210122163603	50
20210122163603	50
20210122163603	50
20210122163603	50
20210122163603	50
20210122163603	50
20210122163603	50
20210122163603	50
20210122163603	50
20210122163603	50
20210122163603	50
20210122163603	50
20210122163603	50
20210122163603	50
20210122163603	50
20210122163603	50
20210122163603	50
20210122163603	50
20210122163603	50
20210122163603	50
20210122163603	50
20210122163603	50
20210122163603	50
20210122163603	50
20210122163603	50
20210122163603	50
20210122163603	50
20210122163603	50
20210122163603	50
20210122163604	50
20210122163604	50
20210122163604	50
20210122163604	50
20210122163604	50
20210122163604	50
20210122163604	50
20210122163604	50
20210122163604	50
20210122163604	50
20210122163604	50
20210122163604	50
20210122163604	50
20210122163604	50
20210122163604	50
20210122163604	50
20210122163604	50
20210122163604	50
20210122163604	50
20210122163604	50
20210122163604	50
20210122163604	50
20210122163604	50
20210122163604	50
20210122163604	50
20210122163604	50
20210122163604	50
20210122163604	50
20210122163604	50
20210122163604	50
20210122163604	50
20210122163604	50
20210122163604	50
20210122163604	50
20210122163604	50
20210122163605	50
20210122163605	50
20210122163605	50
20210122163605	50
20210122163605	50
20210122163605	50
20210122163605	50
20210122163605	50
20210122163605	50
20210122163605	50
20210122163605	50
20210122163605	50
20210122163605	50
20210122163605	50
20210122163605	50
20210122163605	50
20210122163605	50
20210122163605	50
20210122163605	50
20210122163605	50
20210122163605	50
20210122163605	50
20210122163605	50
20210122163605	50
20210122163605	50
20210122163605	50
20210122163606	50
20210122163606	50
20210122163606	50
20210122163606	50
20210122163606	50
20210122163606	50
20210122163606	50
20210122163606	50
20210122163606	50
20210122163606	50
20210122163606	50
20210122163606	50
20210122163606	50
20210122163606	50
20210122163606	50
20210122163607	50
20210122163607	50
20210122163607	50
20210122163607	50
20210122163607	50
20210122163607	50
20210122163607	50
20210122163607	50
20210122163607	50
20210122163607	50
20210122163607	50
20210122163607	50
20210122163607	50
20210122163607	50
20210122163608	50
20210122163608	50
20210122163608	50
20210122163608	50
20210122163608	50
20210122163608	50
20210122163608	50
20210122163608	50
20210122163608	50
20210122163608	50
20210122163608	50
20210122163608	50
20210122163608	50
20210122163608	50
20210122163608	50
20210122163608	50
20210122163608	50
20210122163608	50
20210122163608	50
20210122163608	50
20210122163608	50
20210122163609	50
20210122163609	50
20210122163609	50
20210122163609	50
20210122163609	50
20210122163609	50
20210122163609	50
20210122163609	50
20210122163609	50
20210122163609	50
20210122163609	50
20210122163609	50
20210122163609	50
20210122163609	50
20210122163609	50
20210122163609	50
20210122163610	50
20210122163610	50
20210122163610	50
20210122163610	50
20210122163610	50
20210122163610	50
20210122163610	50
20210122163610	50
20210122163610	50
20210122163610	50
20210122163610	50
20210122163610	50
20210122163610	50
20210122163610	50
20210122163610	50
20210122163610	50
20210122163610	50
20210122163610	50
20210122163610	50
20210122163610	50
20210122163610	50
20210122163610	50
20210122163610	50
20210122163610	50
20210122163610	50
20210122163610	50
20210122163610	50
20210122163611	50
20210122163611	50
20210122163611	50
20210122163611	50
20210122163611	50
20210122163611	50
20210122163611	50
20210122163611	50
20210122163611	50
20210122163611	50
20210122163611	50
20210122163611	50
20210122163611	50
20210122163611	50
20210122163611	50
20210122163611	50
20210122163611	50
20210122163611	50
20210122163611	50
20210122163612	50
20210122163612	50
20210122163612	50
20210122163612	50
20210122163612	50
20210122163612	50
20210122163612	50
20210122163612	50
20210122163612	50
20210122163612	50
20210122163612	50
20210122163612	50
20210122163612	50
20210122163612	50
20210122163612	50
20210122163612	50
20210122163612	50
20210122163612	50
20210122163612	50
20210122163612	50
20210122163612	50
20210122163612	50
20210122163612	50
20210122163612	50
20210122163612	50
20210122163612	50
20210122163612	50
20210122163613	50
20210122163613	50
20210122163613	50
20210122163613	50
20210122163613	50
20210122163613	50
20210122163613	50
20210122163613	50
20210122163613	50
20210122163613	50
20210122163613	50
20210122163613	50
20210122163613	50
20210122163613	50
20210122163613	50
20210122163613	50
20210122163613	50
20210122163613	50
20210122163613	50
20210122163613	50
20210122163613	50
20210122163613	50
20210122163613	50
20210122163613	50
20210122163613	50
20210122163613	50
20210122163613	50
20210122163613	50
20210122163613	50
20210122163613	50
20210122163613	50
20210122163613	50
20210122163614	50
20210122163614	50
20210122163614	50
20210122163614	50
20210122163614	50
20210122163614	50
20210122163614	50
20210122163614	50
20210122163614	50
20210122163614	50
20210122163614	50
20210122163614	50
20210122163614	50
20210122163614	50
20210122163614	50
20210122163614	50
20210122163614	50
20210122163614	50
20210122163614	50
20210122163614	50
20210122163614	50
20210122163614	50
20210122163614	50
20210122163614	50
20210122163614	50
20210122163614	50
20210122163615	50
20210122163615	50
20210122163615	50
20210122163615	50
20210122163615	50
20210122163615	50
20210122163615	50
20210122163615	50
20210122163615	50
20210122163615	50
20210122163615	50
20210122163615	50
20210122163615	50
20210122163615	50
20210122163615	50
20210122163615	50
20210122163615	50
20210122163615	50
20210122163615	50
20210122163615	50
20210122163615	50
20210122163615	50
20210122163615	50
20210122163615	50
20210122163615	50
20210122163616	50
20210122163616	50
20210122163616	50
20210122163616	50
20210122163616	50
20210122163616	50
20210122163616	50
20210122163616	50
20210122163616	50
20210122163616	50
20210122163616	50
20210122163616	50
20210122163616	50
20210122163616	50
20210122163616	50
20210122163616	50
20210122163616	50
20210122163616	50
20210122163616	50
20210122163616	50
20210122163616	50
20210122163617	50
20210122163617	50
20210122163617	50
20210122163617	50
20210122163617	50
20210122163617	50
20210122163617	50
20210122163617	50
20210122163617	50
20210122163617	50
20210122163617	50
20210122163617	50
20210122163617	50
20210122163617	50
20210122163617	50
20210122163617	50
20210122163617	50
20210122163617	50
20210122163617	50
20210122163618	50
20210122163618	50
20210122163618	50
20210122163618	50
20210122163618	50
20210122163618	50
20210122163618	50
20210122163618	50
20210122163618	50
20210122163618	50
20210122163618	50
20210122163618	50
20210122163618	50
20210122163618	50
20210122163618	50
20210122163618	50
20210122163618	50
20210122163618	50
20210122163618	50
20210122163618	50
20210122163618	50
20210122163618	50
20210122163618	50
20210122163618	50
20210122163618	50
20210122163618	50
20210122163618	50
20210122163618	50
20210122163619	50
20210122163619	50
20210122163619	50
20210122163619	50
20210122163619	50
20210122163619	50
20210122163619	50
20210122163619	50
20210122163619	50
20210122163619	50
20210122163619	50
20210122163619	50
20210122163619	50
20210122163619	50
20210122163619	50
20210122163619	50
20210122163619	50
20210122163619	50
20210122163619	50
20210122163619	50
20210122163619	50
20210122163619	50
20210122163619	50
20210122163619	50
20210122163619	50
20210122163619	50
20210122163619	50
20210122163619	50
20210122163619	50
20210122163619	50
20210122163620	50
20210122163620	50
20210122163620	50
20210122163620	50
20210122163620	50
20210122163620	50
20210122163620	50
20210122163620	50
20210122163620	50
20210122163620	50
20210122163620	50
20210122163620	50
20210122163620	50
20210122163620	50
20210122163620	50
20210122163620	50
20210122163620	50
20210122163620	50
20210122163620	50
20210122163620	50
20210122163621	50
20210122163621	50
20210122163621	50
20210122163621	50
20210122163621	50
20210122163621	50
20210122163621	50
20210122163621	50
20210122163621	50
20210122163621	50
20210122163621	50
20210122163621	50
20210122163621	50
20210122163621	50
20210122163621	50
20210122163621	50
20210122163621	50
20210122163621	50
20210122163621	50
20210122163621	50
20210122163621	50
20210122163621	50
20210122163621	50
20210122163621	50
20210122163621	50
20210122163621	50
20210122163621	50
20210122163621	50
20210122163621	50
20210122163621	50
20210122163622	50
20210122163622	50
20210122163622	50
20210122163622	50
20210122163622	50
20210122163622	50
20210122163622	50
20210122163622	50
20210122163622	50
20210122163622	50
20210122163622	50
20210122163622	50
20210122163622	50
20210122163622	50
20210122163622	50
20210122163622	50
20210122163622	50
20210122163622	50
20210122163622	50
20210122163622	50
20210122163622	50
20210122163623	50
20210122163623	50
20210122163623	50
20210122163623	50
20210122163623	50
20210122163623	50
20210122163623	50
20210122163623	50
20210122163623	50
20210122163623	50
20210122163623	50
20210122163623	50
20210122163623	50
20210122163623	50
20210122163623	50
20210122163623	50
20210122163623	50
20210122163623	50
20210122163623	50
20210122163623	50
20210122163623	50
20210122163623	50
20210122163623	50
20210122163623	50
20210122163623	50
20210122163623	50
20210122163623	50
20210122163623	50
20210122163624	50
20210122163624	50
20210122163624	50
20210122163624	50
20210122163624	50
20210122163624	50
20210122163624	50
20210122163624	50
20210122163624	50
20210122163624	50
20210122163624	50
20210122163624	50
20210122163624	50
20210122163624	50
20210122163624	50
20210122163624	50
20210122163624	50
20210122163624	50
20210122163624	50
20210122163624	50
20210122163624	50
20210122163624	50
20210122163624	50
20210122163624	50
20210122163624	50
20210122163624	50
20210122163624	50
20210122163624	50
20210122163624	50
20210122163625	50
20210122163625	50
20210122163625	50
20210122163625	50
20210122163625	50
20210122163625	50
20210122163625	50
20210122163625	50
20210122163625	50
20210122163625	50
20210122163625	50
20210122163625	50
20210122163625	50
20210122163625	50
20210122163625	50
20210122163625	50
20210122163625	50
20210122163625	50
20210122163625	50
20210122163625	50
20210122163625	50
20210122163626	50
20210122163626	50
20210122163626	50
20210122163626	50
20210122163626	50
20210122163626	50
20210122163626	50
20210122163626	50
20210122163626	50
20210122163626	50
20210122163626	50
20210122163626	50
20210122163626	50
20210122163626	50
20210122163626	50
20210122163626	50
20210122163626	50
20210122163626	50
20210122163626	50
20210122163626	50
20210122163626	50
20210122163626	50
20210122163627	50
20210122163627	50
20210122163627	50
20210122163627	50
20210122163627	50
20210122163627	50
20210122163627	50
20210122163627	50
20210122163627	50
20210122163627	50
20210122163627	50
20210122163627	50
20210122163627	50
20210122163627	50
20210122163627	50
20210122163627	50
20210122163627	50
20210122163627	50
20210122163627	50
20210122163627	50
20210122163627	50
20210122163627	50
20210122163627	50
20210122163627	50
20210122163627	50
20210122163627	50
20210122163628	50
20210122163628	50
20210122163628	50
20210122163628	50
20210122163628	50
20210122163628	50
20210122163628	50
20210122163628	50
20210122163628	50
20210122163628	50
20210122163628	50
20210122163628	50
20210122163628	50
20210122163628	50
20210122163628	50
20210122163628	50
20210122163628	50
20210122163628	50
20210122163629	50
20210122163629	50
20210122163629	50
20210122163629	50
20210122163629	50
20210122163629	50
20210122163629	50
20210122163629	50
20210122163629	50
20210122163629	50
20210122163629	50
20210122163629	50
20210122163629	50
20210122163629	50
20210122163629	50
20210122163629	50
20210122163629	50
20210122163629	50
20210122163629	50
20210122163629	50
20210122163629	50
20210122163629	50
20210122163629	50
20210122163629	50
20210122163629	50
20210122163629	50
20210122163629	50
20210122163629	50
20210122163629	50
20210122163629	50
20210122163629	50
20210122163629	50
20210122163629	50
20210122163629	50
20210122163629	50
20210122163629	50
20210122163629	50
20210122163629	50
20210122163629	50
20210122163629	50
20210122163629	50
20210122163630	50
20210122163630	50
20210122163630	50
20210122163630	50
20210122163630	50
20210122163630	50
20210122163630	50
20210122163630	50
20210122163630	50
20210122163630	50
20210122163630	50
20210122163630	50
20210122163630	50
20210122163630	50
20210122163630	50
20210122163630	50
20210122163630	50
20210122163630	50
20210122163630	50
20210122163630	50
20210122163631	50
20210122163631	50
20210122163631	50
20210122163631	50
20210122163631	50
20210122163631	50
20210122163631	50
20210122163631	50
20210122163631	50
20210122163631	50
20210122163631	50
20210122163631	50
20210122163631	50
20210122163631	50
20210122163631	50
20210122163631	50
20210122163631	50
20210122163631	50
20210122163631	50
20210122163631	50
20210122163631	50
20210122163631	50
20210122163631	50
20210122163631	50
20210122163631	50
20210122163631	50
20210122163631	50
20210122163631	50
20210122163631	50
20210122163631	50
20210122163632	50
20210122163632	50
20210122163632	50
20210122163632	50
20210122163632	50
20210122163632	50
20210122163632	50
20210122163632	50
20210122163632	50
20210122163632	50
20210122163632	50
20210122163632	50
20210122163632	50
20210122163632	50
20210122163632	50
20210122163632	50
20210122163632	50
20210122163632	50
20210122163632	50
20210122163632	50
20210122163632	50
20210122163632	50
20210122163632	50
20210122163632	50
20210122163632	50
20210122163632	50
20210122163632	50
20210122163632	50
20210122163632	50
20210122163633	50
20210122163633	50
20210122163633	50
20210122163633	50
20210122163633	50
20210122163633	50
20210122163633	50
20210122163633	50
20210122163633	50
20210122163633	50
20210122163633	50
20210122163633	50
20210122163633	50
20210122163633	50
20210122163633	50
20210122163633	50
20210122163633	50
20210122163633	50
20210122163633	50
20210122163633	50
20210122163633	50
20210122163633	50
20210122163633	50
20210122163633	50
20210122163633	50
20210122163633	50
20210122163633	50
20210122163633	50
20210122163633	50
20210122163633	50
20210122163633	50
20210122163634	50
20210122163634	50
20210122163634	50
20210122163634	50
20210122163634	50
20210122163634	50
20210122163634	50
20210122163634	50
20210122163634	50
20210122163634	50
20210122163634	50
20210122163634	50
20210122163634	50
20210122163634	50
20210122163634	50
20210122163634	50
20210122163634	50
20210122163634	50
20210122163634	50
20210122163634	50
20210122163634	50
20210122163634	50
20210122163634	50
20210122163635	50
20210122163635	50
20210122163635	50
20210122163635	50
20210122163635	50
20210122163635	50
20210122163635	50
20210122163635	50
20210122163635	50
20210122163635	50
20210122163635	50
20210122163635	50
20210122163636	50
20210122163636	50
20210122163636	50
20210122163636	50
20210122163636	50
20210122163636	50
20210122163636	50
20210122163636	50
20210122163636	50
20210122163636	50
20210122163636	50
20210122163636	50
20210122163636	50
20210122163636	50
20210122163636	50
20210122163636	50
20210122163636	50
20210122163636	50
20210122163636	50
20210122163636	50
20210122163636	50
20210122163636	50
20210122163636	50
20210122163636	50
20210122163636	50
20210122163636	50
20210122163636	50
20210122163636	50
20210122163636	50
20210122163636	50
20210122163636	50
20210122163636	50
20210122163636	50
20210122163636	50
20210122163636	50
20210122163637	50
20210122163637	50
20210122163637	50
20210122163637	50
20210122163637	50
20210122163637	50
20210122163637	50
20210122163637	50
20210122163637	50
20210122163637	50
20210122163637	50
20210122163637	50
20210122163637	50
20210122163637	50
20210122163637	50
20210122163637	50
20210122163637	50
20210122163637	50
20210122163637	50
20210122163637	50
20210122163637	50
20210122163637	50
20210122163637	50
20210122163637	50
20210122163637	50
20210122163637	50
20210122163638	50
20210122163638	50
20210122163638	50
20210122163638	50
20210122163638	50
20210122163638	50
20210122163638	50
20210122163638	50
20210122163638	50
20210122163638	50
20210122163638	50
20210122163638	50
20210122163638	50
20210122163638	50
20210122163639	50
20210122163639	50
20210122163639	50
20210122163639	50
20210122163639	50
20210122163639	50
20210122163639	50
20210122163639	50
20210122163639	50
20210122163639	50
20210122163639	50
20210122163639	50
20210122163639	50
20210122163639	50
20210122163639	50
20210122163639	50
20210122163639	50
20210122163639	50
20210122163639	50
20210122163639	50
20210122163639	50
20210122163639	50
20210122163640	50
20210122163640	50
20210122163640	50
20210122163640	50
20210122163640	50
20210122163640	50
20210122163640	50
20210122163640	50
20210122163640	50
20210122163640	50
20210122163640	50
20210122163640	50
20210122163640	50
20210122163640	50
20210122163640	50
20210122163640	50
20210122163640	50
20210122163640	50
20210122163640	50
20210122163640	50
20210122163640	50
20210122163640	50
20210122163640	50
20210122163641	50
20210122163641	50
20210122163641	50
20210122163641	50
20210122163641	50
20210122163641	50
20210122163641	50
20210122163641	50
20210122163641	50
20210122163641	50
20210122163641	50
20210122163641	50
20210122163641	50
20210122163641	50
20210122163641	50
20210122163641	50
20210122163641	50
20210122163641	50
20210122163641	50
20210122163641	50
20210122163641	50
20210122163641	50
20210122163641	50
20210122163641	50
20210122163641	50
20210122163641	50
20210122163641	50
20210122163641	50
20210122163641	50
20210122163642	50
20210122163642	50
20210122163642	50
20210122163642	50
20210122163642	50
20210122163642	50
20210122163642	50
20210122163642	50
20210122163642	50
20210122163642	50
20210122163642	50
20210122163642	50
20210122163642	50
20210122163642	50
20210122163642	50
20210122163642	50
20210122163642	50
20210122163642	50
20210122163642	50
20210122163642	50
20210122163642	50
20210122163642	50
20210122163642	50
20210122163642	50
20210122163642	50
20210122163642	50
20210122163642	50
20210122163642	50
20210122163643	50
20210122163643	50
20210122163643	50
20210122163643	50
20210122163643	50
20210122163643	50
20210122163643	50
20210122163643	50
20210122163643	50
20210122163643	50
20210122163643	50
20210122163643	50
20210122163643	50
20210122163643	50
20210122163643	50
20210122163643	50
20210122163643	50
20210122163643	50
20210122163643	50
20210122163643	50
20210122163643	50
20210122163643	50
20210122163643	50
20210122163643	50
20210122163643	50
20210122163643	50
20210122163643	50
20210122163643	50
20210122163643	50
20210122163643	50
20210122163643	50
20210122163643	50
20210122163643	50
20210122163643	50
20210122163643	50
20210122163643	50
20210122163643	50
20210122163643	50
20210122163643	50
20210122163643	50
20210122163644	50
20210122163644	50
20210122163644	50
20210122163644	50
20210122163644	50
20210122163644	50
20210122163644	50
20210122163644	50
20210122163644	50
20210122163644	50
20210122163644	50
20210122163644	50
20210122163644	50
20210122163644	50
20210122163644	50
20210122163644	50
20210122163644	50
20210122163644	50
20210122163644	50
20210122163644	50
20210122163645	50
20210122163645	50
20210122163645	50
20210122163645	50
20210122163645	50
20210122163645	50
20210122163645	50
20210122163645	50
20210122163645	50
20210122163645	50
20210122163645	50
20210122163645	50
20210122163645	50
20210122163645	50
20210122163645	50
20210122163645	50
20210122163645	50
20210122163645	50
20210122163646	50
20210122163646	50
20210122163646	50
20210122163646	50
20210122163646	50
20210122163646	50
20210122163646	50
20210122163646	50
20210122163646	50
20210122163646	50
20210122163646	50
20210122163646	50
20210122163646	50
20210122163646	50
20210122163646	50
20210122163646	50
20210122163646	50
20210122163646	50
20210122163646	50
20210122163646	50
20210122163646	50
20210122163646	50
20210122163646	50
20210122163646	50
20210122163647	50
20210122163647	50
20210122163647	50
20210122163647	50
20210122163647	50
20210122163647	50
20210122163647	50
20210122163647	50
20210122163647	50
20210122163647	50
20210122163647	50
20210122163647	50
20210122163647	50
20210122163647	50
20210122163647	50
20210122163647	50
20210122163647	50
20210122163647	50
20210122163647	50
20210122163647	50
20210122163647	50
20210122163647	50
20210122163647	50
20210122163648	50
20210122163648	50
20210122163648	50
20210122163648	50
20210122163648	50
20210122163648	50
20210122163648	50
20210122163648	50
20210122163648	50
20210122163648	50
20210122163648	50
20210122163648	50
20210122163648	50
20210122163648	50
20210122163648	50
20210122163648	50
20210122163648	50
20210122163648	50
20210122163648	50
20210122163648	50
20210122163648	50
20210122163648	50
20210122163648	50
20210122163648	50
20210122163648	50
20210122163648	50
20210122163648	50
20210122163649	50
20210122163649	50
20210122163649	50
20210122163649	50
20210122163649	50
20210122163649	50
20210122163649	50
20210122163649	50
20210122163649	50
20210122163649	50
20210122163649	50
20210122163649	50
20210122163649	50
20210122163649	50
20210122163649	50
20210122163649	50
20210122163649	50
20210122163649	50
20210122163649	50
20210122163649	50
20210122163649	50
20210122163649	50
20210122163649	50
20210122163649	50
20210122163649	50
20210122163649	50
20210122163650	50
20210122163650	50
20210122163650	50
20210122163650	50
20210122163650	50
20210122163650	50
20210122163650	50
20210122163650	50
20210122163650	50
20210122163650	50
20210122163650	50
20210122163650	50
20210122163650	50
20210122163650	50
20210122163650	50
20210122163650	50
20210122163650	50
20210122163651	50
20210122163651	50
20210122163651	50
20210122163651	50
20210122163651	50
20210122163651	50
20210122163651	50
20210122163651	50
20210122163651	50
20210122163651	50
20210122163651	50
20210122163651	50
20210122163651	50
20210122163651	50
20210122163651	50
20210122163651	50
20210122163651	50
20210122163651	50
20210122163651	50
20210122163651	50
20210122163651	50
20210122163651	50
20210122163651	50
20210122163652	50
20210122163652	50
20210122163652	50
20210122163652	50
20210122163652	50
20210122163652	50
20210122163652	50
20210122163652	50
20210122163652	50
20210122163652	50
20210122163652	50
20210122163652	50
20210122163652	50
20210122163652	50
20210122163652	50
20210122163652	50
20210122163652	50
20210122163652	50
20210122163652	50
20210122163652	50
20210122163652	50
20210122163652	50
20210122163652	50
20210122163652	50
20210122163652	50
20210122163652	50
20210122163652	50
20210122163652	50
20210122163653	50
20210122163653	50
20210122163653	50
20210122163653	50
20210122163653	50
20210122163653	50
20210122163653	50
20210122163653	50
20210122163653	50
20210122163653	50
20210122163653	50
20210122163653	50
20210122163653	50
20210122163653	50
20210122163653	50
20210122163653	50
20210122163653	50
20210122163653	50
20210122163653	50
20210122163653	50
20210122163653	50
20210122163653	50
20210122163653	50
20210122163653	50
20210122163654	50
20210122163654	50
20210122163654	50
20210122163654	50
20210122163654	50
20210122163654	50
20210122163654	50
20210122163654	50
20210122163654	50
20210122163654	50
20210122163654	50
20210122163654	50
20210122163654	50
20210122163654	50
20210122163654	50
20210122163654	50
20210122163654	50
20210122163654	50
20210122163654	50
20210122163654	50
20210122163654	50
20210122163654	50
20210122163654	50
20210122163654	50
20210122163654	50
20210122163654	50
20210122163654	50
20210122163654	50
20210122163654	50
20210122163654	50
20210122163655	50
20210122163655	50
20210122163655	50
20210122163655	50
20210122163655	50
20210122163655	50
20210122163655	50
20210122163655	50
20210122163655	50
20210122163655	50
20210122163655	50
20210122163655	50
20210122163655	50
20210122163655	50
20210122163655	50
20210122163656	50
20210122163656	50
20210122163656	50
20210122163656	50
20210122163656	50
20210122163656	50
20210122163656	50
20210122163656	50
20210122163656	50
20210122163656	50
20210122163656	50
20210122163656	50
20210122163656	50
20210122163656	50
20210122163656	50
20210122163656	50
20210122163656	50
20210122163656	50
20210122163656	50
20210122163656	50
20210122163656	50
20210122163656	50
20210122163656	50
20210122163656	50
20210122163656	50
20210122163656	50
20210122163656	50
20210122163656	50
20210122163656	50
20210122163656	50
20210122163656	50
20210122163656	50
20210122163657	50
20210122163657	50
20210122163657	50
20210122163657	50
20210122163657	50
20210122163657	50
20210122163657	50
20210122163657	50
20210122163657	50
20210122163657	50
20210122163657	50
20210122163657	50
20210122163657	50
20210122163657	50
20210122163657	50
20210122163657	50
20210122163657	50
20210122163657	50
20210122163657	50
20210122163657	50
20210122163657	50
20210122163657	50
20210122163657	50
20210122163657	50
20210122163657	50
20210122163657	50
20210122163657	50
20210122163657	50
20210122163657	50
20210122163658	50
20210122163658	50
20210122163658	50
20210122163658	50
20210122163658	50
20210122163658	50
20210122163658	50
20210122163658	50
20210122163658	50
20210122163658	50
20210122163658	50
20210122163658	50
20210122163658	50
20210122163658	50
20210122163658	50
20210122163658	50
20210122163658	50
20210122163658	50
20210122163658	50
20210122163659	50
20210122163659	50
20210122163659	50
20210122163659	50
20210122163659	50
20210122163659	50
20210122163659	50
20210122163659	50
20210122163659	50
20210122163659	50
20210122163659	50
20210122163659	50
20210122163659	50
20210122163659	50
20210122163659	50
20210122163659	50
20210122163659	50
20210122163659	50
20210122163659	50
20210122163659	50
20210122163659	50
20210122163700	50
20210122163700	50
20210122163700	50
20210122163700	50
20210122163700	50
20210122163700	50
20210122163700	50
20210122163700	50
20210122163700	50
20210122163700	50
20210122163700	50
20210122163700	50
20210122163700	50
20210122163700	50
20210122163700	50
20210122163700	50
20210122163700	50
20210122163700	50
20210122163700	50
20210122163700	50
20210122163701	50
20210122163701	50
20210122163701	50
20210122163701	50
20210122163701	50
20210122163701	50
20210122163701	50
20210122163701	50
20210122163701	50
20210122163701	50
20210122163701	50
20210122163701	50
20210122163701	50
20210122163701	50
20210122163701	50
20210122163701	50
20210122163701	50
20210122163701	50
20210122163701	50
20210122163701	50
20210122163702	50
20210122163702	50
20210122163702	50
20210122163702	50
20210122163702	50
20210122163702	50
20210122163702	50
20210122163702	50
20210122163702	50
20210122163702	50
20210122163702	50
20210122163702	50
20210122163702	50
20210122163702	50
20210122163702	50
20210122163702	50
20210122163702	50
20210122163702	50
20210122163702	50
20210122163702	50
20210122163702	50
20210122163702	50
20210122163702	50
20210122163702	50
20210122163702	50
20210122163702	50
20210122163702	50
20210122163702	50
20210122163702	50
20210122163702	50
20210122163703	50
20210122163703	50
20210122163703	50
20210122163703	50
20210122163703	50
20210122163703	50
20210122163703	50
20210122163703	50
20210122163703	50
20210122163703	50
20210122163703	50
20210122163703	50
20210122163703	50
20210122163703	50
20210122163703	50
20210122163703	50
20210122163703	50
20210122163703	50
20210122163703	50
20210122163703	50
20210122163703	50
20210122163703	50
20210122163703	50
20210122163703	50
20210122163703	50
20210122163703	50
20210122163703	50
20210122163704	50
20210122163704	50
20210122163704	50
20210122163704	50
20210122163704	50
20210122163704	50
20210122163704	50
20210122163704	50
20210122163704	50
20210122163704	50
20210122163704	50
20210122163704	50
20210122163704	50
20210122163704	50
20210122163704	50
20210122163704	50
20210122163704	50
20210122163704	50
20210122163704	50
20210122163704	50
20210122163704	50
20210122163705	50
20210122163705	50
20210122163705	50
20210122163705	50
20210122163705	50
20210122163705	50
20210122163705	50
20210122163705	50
20210122163705	50
20210122163705	50
20210122163705	50
20210122163705	50
20210122163705	50
20210122163705	50
20210122163705	50
20210122163705	50
20210122163705	50
20210122163705	50
20210122163705	50
20210122163705	50
20210122163705	50
20210122163705	50
20210122163705	50
20210122163706	50
20210122163706	50
20210122163706	50
20210122163706	50
20210122163706	50
20210122163706	50
20210122163706	50
20210122163706	50
20210122163706	50
20210122163706	50
20210122163706	50
20210122163706	50
20210122163706	50
20210122163706	50
20210122163706	50
20210122163706	50
20210122163706	50
20210122163706	50
20210122163706	50
20210122163706	50
20210122163706	50
20210122163706	50
20210122163706	50
20210122163706	50
20210122163706	50
20210122163706	50
20210122163706	50
20210122163707	50
20210122163707	50
20210122163707	50
20210122163707	50
20210122163707	50
20210122163707	50
20210122163707	50
20210122163707	50
20210122163707	50
20210122163707	50
20210122163707	50
20210122163707	50
20210122163707	50
20210122163707	50
20210122163708	50
20210122163708	50
20210122163708	50
20210122163708	50
20210122163708	50
20210122163708	50
20210122163708	50
20210122163708	50
20210122163708	50
20210122163708	50
20210122163708	50
20210122163708	50
20210122163708	50
20210122163708	50
20210122163708	50
20210122163708	50
20210122163708	50
20210122163708	50
20210122163708	50
20210122163709	50
20210122163709	50
20210122163709	50
20210122163709	50
20210122163709	50
20210122163709	50
20210122163709	50
20210122163709	50
20210122163710	50
20210122163710	50
20210122163710	50
20210122163710	50
20210122163710	50
20210122163710	50
20210122163710	50
20210122163710	50
20210122163710	50
20210122163710	50
20210122163710	50
20210122163710	50
20210122163710	50
20210122163710	50
20210122163710	50
20210122163710	50
20210122163710	50
20210122163710	50
20210122163710	50
20210122163710	50
20210122163710	50
20210122163710	50
20210122163710	50
20210122163711	50
20210122163711	50
20210122163711	50
20210122163711	50
20210122163711	50
20210122163711	50
20210122163711	50
20210122163711	50
20210122163711	50
20210122163711	50
20210122163711	50
20210122163711	50
20210122163711	50
20210122163711	50
20210122163711	50
20210122163711	50
20210122163711	50
20210122163711	50
20210122163711	50
20210122163711	50
20210122163711	50
20210122163711	50
20210122163711	50
20210122163711	50
20210122163711	50
20210122163711	50
20210122163711	50
20210122163711	50
20210122163711	50
20210122163711	50
20210122163711	50
20210122163711	50
20210122163711	50
20210122163711	50
20210122163711	50
20210122163711	50
20210122163711	50
20210122163711	50
20210122163712	50
20210122163712	50
20210122163712	50
20210122163712	50
20210122163712	50
20210122163712	50
20210122163712	50
20210122163712	50
20210122163712	50
20210122163712	50
20210122163712	50
20210122163712	50
20210122163712	50
20210122163712	50
20210122163712	50
20210122163712	50
20210122163712	50
20210122163712	50
20210122163712	50
20210122163712	50
20210122163712	50
20210122163712	50
20210122163712	50
20210122163712	50
20210122163712	50
20210122163712	50
20210122163712	50
20210122163712	50
20210122163712	50
20210122163712	50
20210122163712	50
20210122163712	50
20210122163712	50
20210122163712	50
20210122163712	50
20210122163713	50
20210122163713	50
20210122163713	50
20210122163713	50
20210122163713	50
20210122163713	50
20210122163713	50
20210122163713	50
20210122163713	50
20210122163713	50
20210122163713	50
20210122163713	50
20210122163713	50
20210122163713	50
20210122163713	50
20210122163713	50
20210122163713	50
20210122163713	50
20210122163713	50
20210122163714	50
20210122163714	50
20210122163714	50
20210122163714	50
20210122163714	50
20210122163714	50
20210122163714	50
20210122163714	50
20210122163714	50
20210122163714	50
20210122163714	50
20210122163714	50
20210122163714	50
20210122163714	50
20210122163714	50
20210122163714	50
20210122163715	50
20210122163715	50
20210122163715	50
20210122163715	50
20210122163715	50
20210122163715	50
20210122163715	50
20210122163715	50
20210122163715	50
20210122163715	50
20210122163715	50
20210122163715	50
20210122163715	50
20210122163715	50
20210122163715	50
20210122163715	50
20210122163715	50
20210122163715	50
20210122163715	50
20210122163715	50
20210122163715	50
20210122163715	50
