20210115200052	0
20210115200053	0
20210115200054	0
20210115200055	0
20210115200056	0
20210115200058	0
20210115200059	0
20210115200100	0
20210115200101	0
20210115200103	0
20210115200104	0
20210115200105	0
20210115200106	0
20210115200107	0
20210115200109	0
20210115200110	0
20210115200112	0
20210115200113	0
20210115200115	0
20210115200116	0
20210115200118	0
20210115200119	0
20210115200120	0
20210115200122	0
20210115200123	0
20210115200124	0
20210115200125	0
20210115200127	0
20210115200128	0
20210115200130	0
20210115200131	0
20210115200132	0
20210115200133	0
20210115200135	0
20210115200137	0
20210115200139	0
20210115200140	0
20210115200142	0
20210115200143	0
20210115200144	0
20210115200145	0
20210115200147	0
20210115200149	0
20210115200150	0
20210115200151	0
20210115200152	0
20210115200154	0
20210115200156	0
20210115200158	0
20210115200159	0
20210115200201	0
20210115200202	0
20210115200203	0
20210115200205	0
20210115200206	0
20210115200207	0
20210115200209	0
20210115200211	0
20210115200212	0
20210115200213	0
20210115200214	0
20210115200215	0
20210115200215	0
20210115200217	0
20210115200218	0
20210115200218	0
20210115200219	0
20210115200220	0
20210115200222	0
20210115200223	0
20210115200224	0
20210115200225	0
20210115200226	0
20210115200228	0
20210115200229	0
20210115200230	0
