20210106155536	0
20210106155537	0
20210106155538	0
20210106155539	0
20210106155540	0
20210106155541	0
20210106155542	0
20210106155544	0
20210106155545	0
20210106155546	0
20210106155547	0
20210106155548	0
20210106155549	0
20210106155550	0
20210106155551	0
20210106155554	0
20210106155555	0
20210106155556	0
20210106155557	0
20210106155559	0
20210106155600	0
20210106155601	0
20210106155602	0
20210106155602	0
20210106155604	0
20210106155605	0
20210106155607	0
20210106155608	0
20210106155609	0
20210106155610	0
20210106155611	0
20210106155612	0
20210106155613	0
20210106155615	0
20210106155616	0
20210106155617	0
