20210115144747	1
20210115144748	2
20210115144748	3
20210115144749	4
20210115144749	5
20210115144750	6
20210115144750	7
20210115144751	8
20210115144751	9
20210115144752	10
20210115144752	11
20210115144753	12
20210115144753	13
20210115144754	14
20210115144754	15
20210115144755	16
20210115144755	17
20210115144756	18
20210115144756	19
20210115144757	20
20210115144757	21
20210115144758	22
20210115144758	23
20210115144759	24
20210115144759	25
20210115144800	26
20210115144800	27
20210115144801	28
20210115144801	29
20210115144802	30
20210115144802	31
20210115144803	32
20210115144803	33
20210115144804	34
20210115144804	35
20210115144805	36
20210115144805	37
20210115144806	38
20210115144806	39
20210115144807	40
20210115144807	41
20210115144808	42
20210115144808	43
20210115144809	44
20210115144809	45
20210115144810	46
20210115144810	47
20210115144811	48
20210115144811	49
20210115144812	50
20210115144812	51
20210115144813	52
20210115144813	53
20210115144814	54
20210115144814	55
20210115144815	56
20210115144815	57
20210115144816	58
20210115144816	59
20210115144817	60
20210115144817	61
20210115144818	62
20210115144818	63
20210115144819	64
20210115144819	65
20210115144820	66
20210115144820	67
20210115144821	68
20210115144821	69
20210115144822	70
20210115144822	71
20210115144823	72
20210115144823	73
20210115144824	74
20210115144824	75
20210115144825	76
20210115144825	77
20210115144826	78
20210115144826	79
20210115144827	80
20210115144827	81
20210115144828	82
20210115144828	83
20210115144829	84
20210115144829	85
20210115144830	86
20210115144830	87
20210115144831	88
20210115144831	89
20210115144832	90
20210115144832	91
20210115144833	92
20210115144833	93
20210115144834	94
20210115144834	95
20210115144835	96
20210115144835	97
20210115144836	98
20210115144836	99
20210115144837	100
20210115144837	101
20210115144838	102
20210115144838	103
20210115144839	104
20210115144839	105
20210115144840	106
20210115144840	107
20210115144841	108
20210115144841	109
20210115144842	110
20210115144842	111
20210115144843	112
20210115144843	113
20210115144844	114
20210115144844	115
20210115144845	116
20210115144845	117
20210115144846	118
20210115144846	119
20210115144847	120
20210115144847	121
20210115144848	122
20210115144848	123
20210115144849	124
20210115144849	125
20210115144850	126
20210115144850	127
20210115144851	128
20210115144851	129
20210115144852	130
20210115144852	131
20210115144853	132
20210115144853	133
20210115144854	134
20210115144854	135
20210115144855	136
20210115144855	137
20210115144856	138
20210115144856	139
20210115144857	140
20210115144857	141
20210115144858	142
20210115144858	143
20210115144859	144
20210115144859	145
20210115144900	146
20210115144900	147
20210115144901	148
20210115144901	149
20210115144902	150
20210115144902	151
20210115144903	152
20210115144903	153
20210115144904	154
20210115144904	155
20210115144905	156
20210115144905	157
20210115144906	158
20210115144906	159
20210115144907	160
20210115144907	161
20210115144908	162
20210115144908	163
20210115144909	164
20210115144909	165
20210115144910	166
20210115144910	167
20210115144911	168
20210115144911	169
20210115144912	170
20210115144912	171
20210115144913	172
20210115144913	173
20210115144914	174
20210115144914	175
20210115144915	176
20210115144915	177
20210115144916	178
20210115144916	179
20210115144917	180
20210115144917	181
20210115144918	182
20210115144918	183
20210115144919	184
20210115144919	185
20210115144920	186
20210115144920	187
20210115144921	188
20210115144921	189
20210115144922	190
20210115144922	191
20210115144923	192
20210115144923	193
20210115144924	194
20210115144924	195
20210115144925	196
20210115144925	197
20210115144926	198
20210115144926	199
20210115144927	200
20210115144927	201
20210115144928	202
20210115144928	203
20210115144929	204
20210115144929	205
20210115144930	206
20210115144930	207
20210115144931	208
20210115144931	209
20210115144932	210
20210115144932	211
20210115144933	212
20210115144933	213
20210115144934	214
20210115144934	215
20210115144935	216
20210115144935	217
20210115144936	218
20210115144936	219
20210115144937	220
20210115144937	221
20210115144938	222
20210115144938	223
20210115144939	224
20210115144939	225
20210115144940	226
20210115144940	227
20210115144941	228
20210115144941	229
20210115144942	230
20210115144942	231
20210115144943	232
20210115144943	233
20210115144944	234
20210115144944	235
20210115144945	236
20210115144945	237
20210115144946	238
20210115144946	239
20210115144947	240
20210115144947	241
20210115144948	242
20210115144948	243
20210115144949	244
20210115144949	245
20210115144950	246
20210115144950	247
20210115144951	248
20210115144951	249
20210115144952	250
20210115144952	251
20210115144953	252
20210115144953	253
20210115144954	254
20210115144954	255
20210115144955	256
20210115144955	257
20210115144956	258
20210115144956	259
20210115144957	260
20210115144957	261
20210115144958	262
20210115144958	263
20210115144959	264
20210115144959	265
20210115145000	266
20210115145000	267
20210115145001	268
20210115145001	269
20210115145002	270
20210115145002	271
20210115145003	272
20210115145003	273
20210115145004	274
20210115145004	275
20210115145005	276
20210115145005	277
20210115145006	278
20210115145006	279
20210115145007	280
20210115145007	281
20210115145008	282
20210115145008	283
20210115145009	284
20210115145009	285
20210115145010	286
20210115145010	287
20210115145011	288
20210115145011	289
20210115145012	290
20210115145012	291
20210115145013	292
20210115145013	293
20210115145014	294
20210115145014	295
20210115145015	296
20210115145015	297
20210115145016	298
20210115145016	299
20210115145017	300
20210115145017	301
20210115145018	302
20210115145018	303
20210115145019	304
20210115145019	305
20210115145020	306
20210115145020	307
20210115145021	308
20210115145021	309
20210115145022	310
20210115145022	311
20210115145023	312
20210115145023	313
20210115145024	314
20210115145024	315
20210115145025	316
20210115145025	317
20210115145026	318
20210115145026	319
20210115145027	320
20210115145027	321
20210115145028	322
20210115145028	323
20210115145029	324
20210115145029	325
20210115145030	326
20210115145030	327
20210115145031	328
20210115145031	329
20210115145032	330
20210115145032	331
20210115145033	332
20210115145033	333
20210115145034	334
20210115145034	335
20210115145035	336
20210115145035	337
20210115145036	338
20210115145036	339
20210115145037	340
20210115145037	341
20210115145038	342
20210115145038	343
20210115145039	344
20210115145039	345
20210115145040	346
20210115145040	347
20210115145041	348
20210115145041	349
20210115145042	350
20210115145042	351
20210115145043	352
20210115145043	353
20210115145044	354
20210115145044	355
20210115145045	356
20210115145045	357
20210115145046	358
20210115145046	359
20210115145047	360
20210115145047	361
20210115145048	362
20210115145048	363
20210115145049	364
20210115145049	365
20210115145050	366
20210115145050	367
20210115145051	368
20210115145051	369
20210115145052	370
20210115145052	371
20210115145053	372
20210115145053	373
20210115145054	374
20210115145054	375
20210115145055	376
20210115145055	377
20210115145056	378
20210115145056	379
20210115145057	380
20210115145057	381
20210115145058	382
20210115145058	383
20210115145059	384
20210115145059	385
20210115145100	386
20210115145100	387
20210115145101	388
20210115145101	389
20210115145102	390
20210115145102	391
20210115145103	392
20210115145103	393
20210115145104	394
20210115145104	395
20210115145105	396
20210115145105	397
20210115145106	398
20210115145106	399
20210115145107	400
20210115145107	401
20210115145108	402
20210115145108	403
20210115145109	404
20210115145109	405
20210115145110	406
20210115145110	407
20210115145111	408
20210115145111	409
20210115145112	410
20210115145112	411
20210115145113	412
20210115145113	413
20210115145114	414
20210115145114	415
20210115145115	416
20210115145115	417
20210115145116	418
20210115145116	419
20210115145117	420
20210115145117	421
20210115145118	422
20210115145118	423
20210115145119	424
20210115145119	425
20210115145120	426
20210115145120	427
20210115145121	428
20210115145121	429
20210115145122	430
20210115145122	431
20210115145123	432
20210115145123	433
20210115145124	434
20210115145124	435
20210115145125	436
20210115145125	437
20210115145126	438
20210115145126	439
20210115145127	440
20210115145127	441
20210115145128	442
20210115145128	443
20210115145129	444
20210115145129	445
20210115145130	446
20210115145130	447
20210115145131	448
20210115145131	449
20210115145132	450
20210115145132	451
20210115145133	452
20210115145133	453
20210115145134	454
20210115145134	455
20210115145135	456
20210115145135	457
20210115145136	458
20210115145136	459
20210115145137	460
20210115145137	461
20210115145138	462
20210115145138	463
20210115145139	464
20210115145139	465
20210115145140	466
20210115145140	467
20210115145141	468
20210115145141	469
20210115145142	470
20210115145142	471
20210115145143	472
20210115145143	473
20210115145144	474
20210115145144	475
20210115145145	476
20210115145145	477
20210115145146	478
20210115145146	479
20210115145147	480
20210115145147	481
